#
# A fatal error has been detected by the Java Runtime Environment:
#
#  SIGSEGV (0xb) at pc=0x00007f80865cce38, pid=10836, tid=140190010029824
#
# JRE version: OpenJDK Runtime Environment (7.0_55-b14) (build 1.7.0_55-b14)
# Java VM: OpenJDK 64-Bit Server VM (24.51-b03 mixed mode linux-amd64 compressed oops)
# Problematic frame:
# C  [libX11.so.6+0x3ae38]  XQueryExtension+0x28
#
# Failed to write core dump. Core dumps have been disabled. To enable core dumping, try "ulimit -c unlimited" before starting Java again
#
# If you would like to submit a bug report, please include
# instructions on how to reproduce the bug and visit:
#   http://icedtea.classpath.org/bugzilla
#

---------------  T H R E A D  ---------------

Current thread (0x00007f8098076800):  VMThread [stack: 0x00007f8087afb000,0x00007f8087bfc000] [id=10847]

siginfo:si_signo=SIGSEGV: si_errno=0, si_code=1 (SEGV_MAPERR), si_addr=0x000000003c00f168

Registers:
RAX=0x00007f807c000b10, RBX=0x000000003c00e800, RCX=0x00007f8087bfa6e8, RDX=0x00007f8087bfa6e4
RSP=0x00007f8087bfa680, RBP=0x00007f80534be600, RSI=0x00007f8053385992, RDI=0x000000003c00e800
R8 =0x00007f8087bfa6ec, R9 =0x0000000000000000, R10=0x00007f80534be3c0, R11=0x00007f80a15401c0
R12=0x00007f8053385992, R13=0x00007f807c000b10, R14=0x00007f8087bfaad8, R15=0x00007f803c027d80
RIP=0x00007f80865cce38, EFLAGS=0x0000000000010202, CSGSFS=0x0000000000000033, ERR=0x0000000000000004
  TRAPNO=0x000000000000000e

Top of Stack: (sp=0x00007f8087bfa680)
0x00007f8087bfa680:   0000000000000000 0000000000000000
0x00007f8087bfa690:   000000770000006e 0000000000000000
0x00007f8087bfa6a0:   000100010000007c 000000003c00e800
0x00007f8087bfa6b0:   00007f80534be600 00007f8053385992
0x00007f8087bfa6c0:   00007f807c000b10 00007f8087bfaad8
0x00007f8087bfa6d0:   00007f803c027d80 00007f80865c0e72
0x00007f8087bfa6e0:   00007f803c027d80 00007f80a1584220
0x00007f8087bfa6f0:   0000000000000000 00007f80534be600
0x00007f8087bfa700:   000000003c00e800 00007f80868da71d
0x00007f8087bfa710:   00007f8053385992 0000001100000000
0x00007f8087bfa720:   00007f8000000005 0000000000000000
0x00007f8087bfa730:   00007f8087bfa7a0 000000003c00e800
0x00007f8087bfa740:   00007f8087bfaa60 00007f8087bfaad8
0x00007f8087bfa750:   00007f80534d7e50 00007f805332e3d9
0x00007f8087bfa760:   00000000ffffffff 00007f803c00ae40
0x00007f8087bfa770:   00007f8087bfa7a0 00007f8053fff9e0
0x00007f8087bfa780:   00007f8087bfaa60 00007f8087bfaad8
0x00007f8087bfa790:   0000000000000000 00007f8053322ae2
0x00007f8087bfa7a0:   00007f8087bfab50 00007f8053385911
0x00007f8087bfa7b0:   00007f8087bfab50 00007f80a1eef058
0x00007f8087bfa7c0:   00007f80a21021a8 00007f80a2102740
0x00007f8087bfa7d0:   00007f80a20dc000 00007f80980094f0
0x00007f8087bfa7e0:   00007f809800a020 00007f809800a530
0x00007f8087bfa7f0:   00007f8098017440 00007f80981b2bf0
0x00007f8087bfa800:   00007f80982d1e60 00007f80982cdd40
0x00007f8087bfa810:   00007f80981f1360 00007f8098201480
0x00007f8087bfa820:   00007f8098208b20 00007f80982085f0
0x00007f8087bfa830:   00007f80982080c0 00007f809820c410
0x00007f8087bfa840:   00007f809820bef0 00007f809820d1c0
0x00007f8087bfa850:   00007f809820b9e0 00007f8098207b90
0x00007f8087bfa860:   00007f8098209fb0 00007f809820a9f0
0x00007f8087bfa870:   00007f809820a4d0 00007f809820af10 

Instructions: (pc=0x00007f80865cce38)
0x00007f80865cce18:   24 e0 48 89 fb 4c 89 6c 24 e8 4c 89 74 24 f0 49
0x00007f80865cce28:   89 f4 4c 89 7c 24 f8 48 89 6c 24 d8 48 83 ec 58
0x00007f80865cce38:   48 8b 87 68 09 00 00 49 89 d7 49 89 ce 4d 89 c5
0x00007f80865cce48:   48 85 c0 74 02 ff 10 ba 08 00 00 00 be 62 00 00 

Register to memory mapping:

RAX=0x00007f807c000b10 is an unknown value
RBX=0x000000003c00e800 is an unknown value
RCX=0x00007f8087bfa6e8 is an unknown value
RDX=0x00007f8087bfa6e4 is an unknown value
RSP=0x00007f8087bfa680 is an unknown value
RBP=0x00007f80534be600: <offset 0x1cf600> in /usr/lib/x86_64-linux-gnu/libGL.so.1 at 0x00007f80532ef000
RSI=0x00007f8053385992: <offset 0x96992> in /usr/lib/x86_64-linux-gnu/libGL.so.1 at 0x00007f80532ef000
RDI=0x000000003c00e800 is an unknown value
R8 =0x00007f8087bfa6ec is an unknown value
R9 =0x0000000000000000 is an unknown value
R10=0x00007f80534be3c0: <offset 0x1cf3c0> in /usr/lib/x86_64-linux-gnu/libGL.so.1 at 0x00007f80532ef000
R11=0x00007f80a15401c0: __cxa_finalize+0 in /lib/x86_64-linux-gnu/libc.so.6 at 0x00007f80a1508000
R12=0x00007f8053385992: <offset 0x96992> in /usr/lib/x86_64-linux-gnu/libGL.so.1 at 0x00007f80532ef000
R13=0x00007f807c000b10 is an unknown value
R14=0x00007f8087bfaad8 is an unknown value
R15=0x00007f803c027d80 is an unknown value


Stack: [0x00007f8087afb000,0x00007f8087bfc000],  sp=0x00007f8087bfa680,  free space=1021k
Native frames: (J=compiled Java code, j=interpreted, Vv=VM code, C=native code)
C  [libX11.so.6+0x3ae38]  XQueryExtension+0x28

VM_Operation (0x00007f80535f76c0): Exit, mode: safepoint, requested by thread 0x00007f809836f800


---------------  P R O C E S S  ---------------

Java Threads: ( => current thread )
  0x00007f803f865800 JavaThread "XToolkt-Shutdown-Thread" [_thread_blocked, id=10868, stack(0x00007f805808c000,0x00007f805818d000)]
  0x00007f803cb2b000 JavaThread "AsynchExecutor-Thread" daemon [_thread_blocked, id=10866, stack(0x00007f8050518000,0x00007f8050619000)]
  0x00007f803c01b800 JavaThread "process reaper" daemon [_thread_blocked, id=10862, stack(0x00007f8084060000,0x00007f8084099000)]
  0x00007f809800b000 JavaThread "DestroyJavaVM" [_thread_blocked, id=10838, stack(0x00007f80a1fd7000,0x00007f80a20d8000)]
  0x00007f809836f800 JavaThread "LWJGL Application" [_thread_blocked, id=10860, stack(0x00007f80534f8000,0x00007f80535f9000)]
  0x00007f80982cd000 JavaThread "AWT-XAWT" daemon [_thread_blocked, id=10856, stack(0x00007f805ad03000,0x00007f805ae04000)]
  0x00007f80982aa800 JavaThread "Java2D Disposer" daemon [_thread_blocked, id=10855, stack(0x00007f805ae04000,0x00007f805af05000)]
  0x00007f80980a7000 JavaThread "Service Thread" daemon [_thread_blocked, id=10853, stack(0x00007f808736c000,0x00007f808746d000)]
  0x00007f80980a5000 JavaThread "C2 CompilerThread1" daemon [_thread_blocked, id=10852, stack(0x00007f808746d000,0x00007f808756e000)]
  0x00007f80980a2000 JavaThread "C2 CompilerThread0" daemon [_thread_blocked, id=10851, stack(0x00007f808756e000,0x00007f808766f000)]
  0x00007f809807c800 JavaThread "Finalizer" daemon [_thread_blocked, id=10849, stack(0x00007f80878f9000,0x00007f80879fa000)]
  0x00007f809807a800 JavaThread "Reference Handler" daemon [_thread_blocked, id=10848, stack(0x00007f80879fa000,0x00007f8087afb000)]

Other Threads:
=>0x00007f8098076800 VMThread [stack: 0x00007f8087afb000,0x00007f8087bfc000] [id=10847]

VM state:at safepoint (shutting down)

VM Mutex/Monitor currently owned by a thread:  ([mutex/lock_event])
[0x00007f80980077a0] Threads_lock - owner thread: 0x00007f8098076800

Heap
 PSYoungGen      total 18432K, used 8708K [0x00000000eba80000, 0x00000000ecf00000, 0x0000000100000000)
  eden space 15872K, 38% used [0x00000000eba80000,0x00000000ec088710,0x00000000eca00000)
  from space 2560K, 98% used [0x00000000eca00000,0x00000000ecc78900,0x00000000ecc80000)
  to   space 2560K, 0% used [0x00000000ecc80000,0x00000000ecc80000,0x00000000ecf00000)
 ParOldGen       total 41472K, used 2155K [0x00000000c3000000, 0x00000000c5880000, 0x00000000eba80000)
  object space 41472K, 5% used [0x00000000c3000000,0x00000000c321ad80,0x00000000c5880000)
 PSPermGen       total 21504K, used 9968K [0x00000000b8a00000, 0x00000000b9f00000, 0x00000000c3000000)
  object space 21504K, 46% used [0x00000000b8a00000,0x00000000b93bc240,0x00000000b9f00000)

Card table byte_map: [0x00007f809ea5f000,0x00007f809ec9b000] byte_map_base: 0x00007f809e49a000

Polling page: 0x00007f80a20fd000

Code Cache  [0x00007f8095000000, 0x00007f8095270000, 0x00007f8098000000)
 total_blobs=595 nmethods=76 adapters=473 free_code_cache=48450Kb largest_free_block=49582464

Compilation events (10 events):
Event: 5.161 Thread 0x00007f80980a2000   72   !         org.lwjgl.opengl.Display::isFullscreen (34 bytes)
Event: 5.162 Thread 0x00007f80980a2000 nmethod 72 0x00007f80950a66d0 code [0x00007f80950a6820, 0x00007f80950a6a98]
Event: 5.260 Thread 0x00007f80980a5000   73             com.badlogic.gdx.scenes.scene2d.Group::hit (118 bytes)
Event: 5.268 Thread 0x00007f80980a5000 nmethod 73 0x00007f80950a7f50 code [0x00007f80950a8100, 0x00007f80950a8638]
Event: 5.378 Thread 0x00007f80980a2000   74             com.badlogic.gdx.backends.lwjgl.LwjglGraphics::getHeight (23 bytes)
Event: 5.380 Thread 0x00007f80980a2000 nmethod 74 0x00007f80950a7990 code [0x00007f80950a7ae0, 0x00007f80950a7dd8]
Event: 5.644 Thread 0x00007f80980a5000   75             com.mygdx.sheep.SheepGame::getTileHeight (17 bytes)
Event: 5.646 Thread 0x00007f80980a5000 nmethod 75 0x00007f80950ac750 code [0x00007f80950ac8e0, 0x00007f80950acc58]
Event: 5.727 Thread 0x00007f80980a2000   76             com.badlogic.gdx.scenes.scene2d.Stage::act (237 bytes)
Event: 5.744 Thread 0x00007f80980a2000 nmethod 76 0x00007f80950b4fd0 code [0x00007f80950b52a0, 0x00007f80950b5de8]

GC Heap History (2 events):
Event: 1.627 GC heap before
{Heap before GC invocations=1 (full 0):
 PSYoungGen      total 18432K, used 15872K [0x00000000eba80000, 0x00000000ecf00000, 0x0000000100000000)
  eden space 15872K, 100% used [0x00000000eba80000,0x00000000eca00000,0x00000000eca00000)
  from space 2560K, 0% used [0x00000000ecc80000,0x00000000ecc80000,0x00000000ecf00000)
  to   space 2560K, 0% used [0x00000000eca00000,0x00000000eca00000,0x00000000ecc80000)
 ParOldGen       total 41472K, used 0K [0x00000000c3000000, 0x00000000c5880000, 0x00000000eba80000)
  object space 41472K, 0% used [0x00000000c3000000,0x00000000c3000000,0x00000000c5880000)
 PSPermGen       total 21504K, used 9315K [0x00000000b8a00000, 0x00000000b9f00000, 0x00000000c3000000)
  object space 21504K, 43% used [0x00000000b8a00000,0x00000000b9318d40,0x00000000b9f00000)
Event: 1.637 GC heap after
Heap after GC invocations=1 (full 0):
 PSYoungGen      total 18432K, used 2530K [0x00000000eba80000, 0x00000000ecf00000, 0x0000000100000000)
  eden space 15872K, 0% used [0x00000000eba80000,0x00000000eba80000,0x00000000eca00000)
  from space 2560K, 98% used [0x00000000eca00000,0x00000000ecc78900,0x00000000ecc80000)
  to   space 2560K, 0% used [0x00000000ecc80000,0x00000000ecc80000,0x00000000ecf00000)
 ParOldGen       total 41472K, used 2155K [0x00000000c3000000, 0x00000000c5880000, 0x00000000eba80000)
  object space 41472K, 5% used [0x00000000c3000000,0x00000000c321ad80,0x00000000c5880000)
 PSPermGen       total 21504K, used 9315K [0x00000000b8a00000, 0x00000000b9f00000, 0x00000000c3000000)
  object space 21504K, 43% used [0x00000000b8a00000,0x00000000b9318d40,0x00000000b9f00000)
}

Deoptimization events (1 events):
Event: 0.238 Thread 0x00007f809800b000 Uncommon trap: reason=class_check action=maybe_recompile pc=0x00007f8095065f48 method=java.util.Properties$LineReader.readLine()I @ 62

Internal exceptions (10 events):
Event: 3.398 Thread 0x00007f809836f800 Threw 0x00000000ebfc2358 at /build/openjdk-7-kBcQ8a/openjdk-7-7u55-2.4.7/build/openjdk/hotspot/src/share/vm/prims/jvm.cpp:1244
Event: 3.398 Thread 0x00007f809836f800 Threw 0x00000000ebfc7de8 at /build/openjdk-7-kBcQ8a/openjdk-7-7u55-2.4.7/build/openjdk/hotspot/src/share/vm/prims/jvm.cpp:1244
Event: 3.427 Thread 0x00007f809836f800 Threw 0x00000000ebfcfd00 at /build/openjdk-7-kBcQ8a/openjdk-7-7u55-2.4.7/build/openjdk/hotspot/src/share/vm/prims/jvm.cpp:1244
Event: 4.744 Thread 0x00007f809836f800 Threw 0x00000000ec02e7e8 at /build/openjdk-7-kBcQ8a/openjdk-7-7u55-2.4.7/build/openjdk/hotspot/src/share/vm/prims/jvm.cpp:1244
Event: 4.745 Thread 0x00007f809836f800 Threw 0x00000000ec034b90 at /build/openjdk-7-kBcQ8a/openjdk-7-7u55-2.4.7/build/openjdk/hotspot/src/share/vm/prims/jvm.cpp:1244
Event: 4.745 Thread 0x00007f809836f800 Threw 0x00000000ec038420 at /build/openjdk-7-kBcQ8a/openjdk-7-7u55-2.4.7/build/openjdk/hotspot/src/share/vm/prims/jvm.cpp:1244
Event: 4.755 Thread 0x00007f809836f800 Threw 0x00000000ec03bec8 at /build/openjdk-7-kBcQ8a/openjdk-7-7u55-2.4.7/build/openjdk/hotspot/src/share/vm/prims/jvm.cpp:1244
Event: 5.927 Thread 0x00007f809836f800 Threw 0x00000000ec04ecd8 at /build/openjdk-7-kBcQ8a/openjdk-7-7u55-2.4.7/build/openjdk/hotspot/src/share/vm/prims/jvm.cpp:1244
Event: 5.934 Thread 0x00007f809836f800 Threw 0x00000000ec0531a0 at /build/openjdk-7-kBcQ8a/openjdk-7-7u55-2.4.7/build/openjdk/hotspot/src/share/vm/prims/jvm.cpp:1244
Event: 5.939 Thread 0x00007f809836f800 Threw 0x00000000ec058540 at /build/openjdk-7-kBcQ8a/openjdk-7-7u55-2.4.7/build/openjdk/hotspot/src/share/vm/prims/jvm.cpp:1244

Events (10 events):
Event: 6.095 loading class 0x00007f80700d4700 done
Event: 6.096 Thread 0x00007f803f865800 Thread added: 0x00007f803f865800
Event: 6.096 loading class 0x00007f809823ff00
Event: 6.096 loading class 0x00007f809821aa10
Event: 6.096 loading class 0x00007f809821aa10 done
Event: 6.096 loading class 0x00007f809821aa40
Event: 6.096 loading class 0x00007f809821aa40 done
Event: 6.096 loading class 0x00007f809823ff00 done
Event: 6.097 Thread 0x00007f809809f800 Thread exited: 0x00007f809809f800
Event: 6.097 Executing VM operation: Exit


Dynamic libraries:
00400000-00401000 r-xp 00000000 08:03 3934148                            /usr/lib/jvm/java-7-openjdk-amd64/jre/bin/java
00600000-00601000 r--p 00000000 08:03 3934148                            /usr/lib/jvm/java-7-openjdk-amd64/jre/bin/java
00601000-00602000 rw-p 00001000 08:03 3934148                            /usr/lib/jvm/java-7-openjdk-amd64/jre/bin/java
01d91000-01fb6000 rw-p 00000000 00:00 0                                  [heap]
b8a00000-b9f00000 rw-p 00000000 00:00 0 
b9f00000-c3000000 rw-p 00000000 00:00 0 
c3000000-c5880000 rw-p 00000000 00:00 0 
c5880000-eba80000 rw-p 00000000 00:00 0 
eba80000-ecf00000 rw-p 00000000 00:00 0 
ecf00000-100000000 rw-p 00000000 00:00 0 
7f8020000000-7f8020401000 rw-p 00000000 00:00 0 
7f8020401000-7f8024000000 ---p 00000000 00:00 0 
7f8028000000-7f80280ae000 rw-p 00000000 00:00 0 
7f80280ae000-7f802c000000 ---p 00000000 00:00 0 
7f802c000000-7f802c310000 rw-p 00000000 00:00 0 
7f802c310000-7f8030000000 ---p 00000000 00:00 0 
7f8030000000-7f8030021000 rw-p 00000000 00:00 0 
7f8030021000-7f8034000000 ---p 00000000 00:00 0 
7f8034000000-7f80340b4000 rw-p 00000000 00:00 0 
7f80340b4000-7f8038000000 ---p 00000000 00:00 0 
7f8038000000-7f8038021000 rw-p 00000000 00:00 0 
7f8038021000-7f803c000000 ---p 00000000 00:00 0 
7f803c000000-7f803fff5000 rw-p 00000000 00:00 0 
7f803fff5000-7f8040000000 ---p 00000000 00:00 0 
7f8040000000-7f8040021000 rw-p 00000000 00:00 0 
7f8040021000-7f8044000000 ---p 00000000 00:00 0 
7f8046ffd000-7f8046ffe000 ---p 00000000 00:00 0 
7f8046ffe000-7f80477fe000 rw-p 00000000 00:00 0 
7f80477fe000-7f80477ff000 ---p 00000000 00:00 0 
7f80477ff000-7f8047fff000 rw-p 00000000 00:00 0 
7f804c000000-7f804c021000 rw-p 00000000 00:00 0 
7f804c021000-7f8050000000 ---p 00000000 00:00 0 
7f8050518000-7f805051b000 ---p 00000000 00:00 0 
7f805051b000-7f8050619000 rw-p 00000000 00:00 0 
7f8050717000-7f8050e17000 rw-s 00006000 00:05 6137                       /dev/ati/card0
7f8050e17000-7f8050e54000 r-xp 00000000 08:03 4201336                    /usr/lib/x86_64-linux-gnu/libatiadlxx.so
7f8050e54000-7f8050f53000 ---p 0003d000 08:03 4201336                    /usr/lib/x86_64-linux-gnu/libatiadlxx.so
7f8050f53000-7f8050f5d000 rw-p 0003c000 08:03 4201336                    /usr/lib/x86_64-linux-gnu/libatiadlxx.so
7f8050f5d000-7f8050f6d000 rw-p 00000000 00:00 0 
7f8050f6d000-7f8050f74000 r-xp 00000000 08:03 4201328                    /usr/lib/x86_64-linux-gnu/libatiuki.so.1.0
7f8050f74000-7f8051074000 ---p 00007000 08:03 4201328                    /usr/lib/x86_64-linux-gnu/libatiuki.so.1.0
7f8051074000-7f8051075000 rw-p 00007000 08:03 4201328                    /usr/lib/x86_64-linux-gnu/libatiuki.so.1.0
7f8051075000-7f8051076000 rw-p 00000000 00:00 0 
7f8051076000-7f8052f6e000 r-xp 00000000 08:03 4201338                    /usr/lib/x86_64-linux-gnu/dri/fglrx_dri.so
7f8052f6e000-7f805306d000 ---p 01ef8000 08:03 4201338                    /usr/lib/x86_64-linux-gnu/dri/fglrx_dri.so
7f805306d000-7f80531cb000 rwxp 01ef7000 08:03 4201338                    /usr/lib/x86_64-linux-gnu/dri/fglrx_dri.so
7f80531cb000-7f80532ef000 rwxp 00000000 00:00 0 
7f80532ef000-7f80533b2000 r-xp 00000000 08:03 4201341                    /usr/lib/x86_64-linux-gnu/fglrx/fglrx-libGL.so.1.2
7f80533b2000-7f80534b1000 ---p 000c3000 08:03 4201341                    /usr/lib/x86_64-linux-gnu/fglrx/fglrx-libGL.so.1.2
7f80534b1000-7f80534d8000 rwxp 000c2000 08:03 4201341                    /usr/lib/x86_64-linux-gnu/fglrx/fglrx-libGL.so.1.2
7f80534d8000-7f80534f8000 rwxp 00000000 00:00 0 
7f80534f8000-7f80534fb000 ---p 00000000 00:00 0 
7f80534fb000-7f80535f9000 rw-p 00000000 00:00 0 
7f80535f9000-7f80535fa000 ---p 00000000 00:00 0 
7f80535fa000-7f8053dfa000 rw-p 00000000 00:00 0 
7f8053dfa000-7f8053e00000 r-xp 00000000 08:03 4200289                    /usr/lib/x86_64-linux-gnu/libogg.so.0.8.0
7f8053e00000-7f8053fff000 ---p 00006000 08:03 4200289                    /usr/lib/x86_64-linux-gnu/libogg.so.0.8.0
7f8053fff000-7f8054000000 rw-p 00005000 08:03 4200289                    /usr/lib/x86_64-linux-gnu/libogg.so.0.8.0
7f8054000000-7f8054021000 rw-p 00000000 00:00 0 
7f8054021000-7f8058000000 ---p 00000000 00:00 0 
7f805800f000-7f805808c000 rw-p 00000000 00:00 0 
7f805808c000-7f805808f000 ---p 00000000 00:00 0 
7f805808f000-7f805818d000 rw-p 00000000 00:00 0 
7f805818d000-7f80581b9000 r-xp 00000000 08:03 4200496                    /usr/lib/x86_64-linux-gnu/libvorbis.so.0.4.5
7f80581b9000-7f80583b8000 ---p 0002c000 08:03 4200496                    /usr/lib/x86_64-linux-gnu/libvorbis.so.0.4.5
7f80583b8000-7f80583b9000 r--p 0002b000 08:03 4200496                    /usr/lib/x86_64-linux-gnu/libvorbis.so.0.4.5
7f80583b9000-7f80583ba000 rw-p 0002c000 08:03 4200496                    /usr/lib/x86_64-linux-gnu/libvorbis.so.0.4.5
7f80583ba000-7f805866d000 r-xp 00000000 08:03 4200498                    /usr/lib/x86_64-linux-gnu/libvorbisenc.so.2.0.8
7f805866d000-7f805886c000 ---p 002b3000 08:03 4200498                    /usr/lib/x86_64-linux-gnu/libvorbisenc.so.2.0.8
7f805886c000-7f8058888000 r--p 002b2000 08:03 4200498                    /usr/lib/x86_64-linux-gnu/libvorbisenc.so.2.0.8
7f8058888000-7f8058889000 rw-p 002ce000 08:03 4200498                    /usr/lib/x86_64-linux-gnu/libvorbisenc.so.2.0.8
7f8058889000-7f80588d4000 r-xp 00000000 08:03 4199700                    /usr/lib/x86_64-linux-gnu/libFLAC.so.8.2.0
7f80588d4000-7f8058ad3000 ---p 0004b000 08:03 4199700                    /usr/lib/x86_64-linux-gnu/libFLAC.so.8.2.0
7f8058ad3000-7f8058ad4000 r--p 0004a000 08:03 4199700                    /usr/lib/x86_64-linux-gnu/libFLAC.so.8.2.0
7f8058ad4000-7f8058ad5000 rw-p 0004b000 08:03 4199700                    /usr/lib/x86_64-linux-gnu/libFLAC.so.8.2.0
7f8058ad5000-7f8058ad9000 r-xp 00000000 08:03 12190707                   /lib/x86_64-linux-gnu/libuuid.so.1.3.0
7f8058ad9000-7f8058cd8000 ---p 00004000 08:03 12190707                   /lib/x86_64-linux-gnu/libuuid.so.1.3.0
7f8058cd8000-7f8058cd9000 r--p 00003000 08:03 12190707                   /lib/x86_64-linux-gnu/libuuid.so.1.3.0
7f8058cd9000-7f8058cda000 rw-p 00004000 08:03 12190707                   /lib/x86_64-linux-gnu/libuuid.so.1.3.0
7f8058cda000-7f8058cde000 r-xp 00000000 08:03 12190559                   /lib/x86_64-linux-gnu/libattr.so.1.1.0
7f8058cde000-7f8058edd000 ---p 00004000 08:03 12190559                   /lib/x86_64-linux-gnu/libattr.so.1.1.0
7f8058edd000-7f8058ede000 r--p 00003000 08:03 12190559                   /lib/x86_64-linux-gnu/libattr.so.1.1.0
7f8058ede000-7f8058edf000 rw-p 00004000 08:03 12190559                   /lib/x86_64-linux-gnu/libattr.so.1.1.0
7f8058edf000-7f8058ee4000 r-xp 00000000 08:03 4199797                    /usr/lib/x86_64-linux-gnu/libasyncns.so.0.3.1
7f8058ee4000-7f80590e3000 ---p 00005000 08:03 4199797                    /usr/lib/x86_64-linux-gnu/libasyncns.so.0.3.1
7f80590e3000-7f80590e4000 rw-p 00004000 08:03 4199797                    /usr/lib/x86_64-linux-gnu/libasyncns.so.0.3.1
7f80590e4000-7f8059145000 r-xp 00000000 08:03 4200411                    /usr/lib/x86_64-linux-gnu/libsndfile.so.1.0.25
7f8059145000-7f8059344000 ---p 00061000 08:03 4200411                    /usr/lib/x86_64-linux-gnu/libsndfile.so.1.0.25
7f8059344000-7f8059346000 r--p 00060000 08:03 4200411                    /usr/lib/x86_64-linux-gnu/libsndfile.so.1.0.25
7f8059346000-7f8059347000 rw-p 00062000 08:03 4200411                    /usr/lib/x86_64-linux-gnu/libsndfile.so.1.0.25
7f8059347000-7f805934b000 rw-p 00000000 00:00 0 
7f805934b000-7f8059354000 r-xp 00000000 08:03 12190709                   /lib/x86_64-linux-gnu/libwrap.so.0.7.6
7f8059354000-7f8059553000 ---p 00009000 08:03 12190709                   /lib/x86_64-linux-gnu/libwrap.so.0.7.6
7f8059553000-7f8059554000 r--p 00008000 08:03 12190709                   /lib/x86_64-linux-gnu/libwrap.so.0.7.6
7f8059554000-7f8059555000 rw-p 00009000 08:03 12190709                   /lib/x86_64-linux-gnu/libwrap.so.0.7.6
7f8059555000-7f8059556000 rw-p 00000000 00:00 0 
7f8059556000-7f805955d000 r-xp 00000000 08:03 4199720                    /usr/lib/x86_64-linux-gnu/libSM.so.6.0.1
7f805955d000-7f805975c000 ---p 00007000 08:03 4199720                    /usr/lib/x86_64-linux-gnu/libSM.so.6.0.1
7f805975c000-7f805975d000 rw-p 00006000 08:03 4199720                    /usr/lib/x86_64-linux-gnu/libSM.so.6.0.1
7f805975d000-7f8059774000 r-xp 00000000 08:03 4199710                    /usr/lib/x86_64-linux-gnu/libICE.so.6.3.0
7f8059774000-7f8059973000 ---p 00017000 08:03 4199710                    /usr/lib/x86_64-linux-gnu/libICE.so.6.3.0
7f8059973000-7f8059975000 rw-p 00016000 08:03 4199710                    /usr/lib/x86_64-linux-gnu/libICE.so.6.3.0
7f8059975000-7f8059978000 rw-p 00000000 00:00 0 
7f8059978000-7f8059979000 r-xp 00000000 08:03 4199726                    /usr/lib/x86_64-linux-gnu/libX11-xcb.so.1.0.0
7f8059979000-7f8059b78000 ---p 00001000 08:03 4199726                    /usr/lib/x86_64-linux-gnu/libX11-xcb.so.1.0.0
7f8059b78000-7f8059b79000 rw-p 00000000 08:03 4199726                    /usr/lib/x86_64-linux-gnu/libX11-xcb.so.1.0.0
7f8059b79000-7f8059b7d000 r-xp 00000000 08:03 12190572                   /lib/x86_64-linux-gnu/libcap.so.2.22
7f8059b7d000-7f8059d7c000 ---p 00004000 08:03 12190572                   /lib/x86_64-linux-gnu/libcap.so.2.22
7f8059d7c000-7f8059d7d000 rw-p 00003000 08:03 12190572                   /lib/x86_64-linux-gnu/libcap.so.2.22
7f8059d7d000-7f8059dde000 r-xp 00000000 08:03 4325923                    /usr/lib/x86_64-linux-gnu/pulseaudio/libpulsecommon-2.0.so
7f8059dde000-7f8059fdd000 ---p 00061000 08:03 4325923                    /usr/lib/x86_64-linux-gnu/pulseaudio/libpulsecommon-2.0.so
7f8059fdd000-7f8059fde000 r--p 00060000 08:03 4325923                    /usr/lib/x86_64-linux-gnu/pulseaudio/libpulsecommon-2.0.so
7f8059fde000-7f8059fe0000 rw-p 00061000 08:03 4325923                    /usr/lib/x86_64-linux-gnu/pulseaudio/libpulsecommon-2.0.so
7f8059fe0000-7f8059fe9000 r-xp 00000000 08:03 12190608                   /lib/x86_64-linux-gnu/libjson.so.0.1.0
7f8059fe9000-7f805a1e8000 ---p 00009000 08:03 12190608                   /lib/x86_64-linux-gnu/libjson.so.0.1.0
7f805a1e8000-7f805a1e9000 r--p 00008000 08:03 12190608                   /lib/x86_64-linux-gnu/libjson.so.0.1.0
7f805a1e9000-7f805a1ea000 rw-p 00009000 08:03 12190608                   /lib/x86_64-linux-gnu/libjson.so.0.1.0
7f805a1ea000-7f805a233000 r-xp 00000000 08:03 4200364                    /usr/lib/x86_64-linux-gnu/libpulse.so.0.14.2
7f805a233000-7f805a432000 ---p 00049000 08:03 4200364                    /usr/lib/x86_64-linux-gnu/libpulse.so.0.14.2
7f805a432000-7f805a433000 r--p 00048000 08:03 4200364                    /usr/lib/x86_64-linux-gnu/libpulse.so.0.14.2
7f805a433000-7f805a434000 rw-p 00049000 08:03 4200364                    /usr/lib/x86_64-linux-gnu/libpulse.so.0.14.2
7f805a68d000-7f805a691000 r-xp 00000000 08:03 4199775                    /usr/lib/x86_64-linux-gnu/libXxf86vm.so.1.0.0
7f805a691000-7f805a891000 ---p 00004000 08:03 4199775                    /usr/lib/x86_64-linux-gnu/libXxf86vm.so.1.0.0
7f805a891000-7f805a892000 r--p 00004000 08:03 4199775                    /usr/lib/x86_64-linux-gnu/libXxf86vm.so.1.0.0
7f805a892000-7f805a893000 rw-p 00005000 08:03 4199775                    /usr/lib/x86_64-linux-gnu/libXxf86vm.so.1.0.0
7f805a893000-7f805a8ff000 r-xp 00000000 08:01 300856                     /media/winDisk/Users/ChobeDucket/Documents/sheep/android/assets/.temp/7b43be9b/liblwjgl64.so
7f805a8ff000-7f805aafe000 ---p 0006c000 08:01 300856                     /media/winDisk/Users/ChobeDucket/Documents/sheep/android/assets/.temp/7b43be9b/liblwjgl64.so
7f805aafe000-7f805ab00000 r--p 0006b000 08:01 300856                     /media/winDisk/Users/ChobeDucket/Documents/sheep/android/assets/.temp/7b43be9b/liblwjgl64.so
7f805ab00000-7f805ab01000 rw-p 0006d000 08:01 300856                     /media/winDisk/Users/ChobeDucket/Documents/sheep/android/assets/.temp/7b43be9b/liblwjgl64.so
7f805ab01000-7f805ab02000 r-xp 00000000 08:03 3934229                    /usr/lib/jvm/java-7-openjdk-amd64/jre/lib/amd64/libjawt.so
7f805ab02000-7f805ad01000 ---p 00001000 08:03 3934229                    /usr/lib/jvm/java-7-openjdk-amd64/jre/lib/amd64/libjawt.so
7f805ad01000-7f805ad02000 r--p 00000000 08:03 3934229                    /usr/lib/jvm/java-7-openjdk-amd64/jre/lib/amd64/libjawt.so
7f805ad02000-7f805ad03000 rw-p 00001000 08:03 3934229                    /usr/lib/jvm/java-7-openjdk-amd64/jre/lib/amd64/libjawt.so
7f805ad03000-7f805ad06000 ---p 00000000 00:00 0 
7f805ad06000-7f805ae04000 rw-p 00000000 00:00 0 
7f805ae04000-7f805ae07000 ---p 00000000 00:00 0 
7f805ae07000-7f805af05000 rw-p 00000000 00:00 0 
7f805af05000-7f805af08000 r-xp 00000000 08:03 12190599                   /lib/x86_64-linux-gnu/libgpg-error.so.0.8.0
7f805af08000-7f805b107000 ---p 00003000 08:03 12190599                   /lib/x86_64-linux-gnu/libgpg-error.so.0.8.0
7f805b107000-7f805b108000 rw-p 00002000 08:03 12190599                   /lib/x86_64-linux-gnu/libgpg-error.so.0.8.0
7f805b108000-7f805b14c000 r-xp 00000000 08:03 12190580                   /lib/x86_64-linux-gnu/libdbus-1.so.3.7.2
7f805b14c000-7f805b34c000 ---p 00044000 08:03 12190580                   /lib/x86_64-linux-gnu/libdbus-1.so.3.7.2
7f805b34c000-7f805b34d000 r--p 00044000 08:03 12190580                   /lib/x86_64-linux-gnu/libdbus-1.so.3.7.2
7f805b34d000-7f805b34e000 rw-p 00045000 08:03 12190580                   /lib/x86_64-linux-gnu/libdbus-1.so.3.7.2
7f805b34e000-7f805b35f000 r-xp 00000000 08:03 4200305                    /usr/lib/x86_64-linux-gnu/libp11-kit.so.0.0.0
7f805b35f000-7f805b55e000 ---p 00011000 08:03 4200305                    /usr/lib/x86_64-linux-gnu/libp11-kit.so.0.0.0
7f805b55e000-7f805b55f000 r--p 00010000 08:03 4200305                    /usr/lib/x86_64-linux-gnu/libp11-kit.so.0.0.0
7f805b55f000-7f805b560000 rw-p 00011000 08:03 4200305                    /usr/lib/x86_64-linux-gnu/libp11-kit.so.0.0.0
7f805b560000-7f805b5da000 r-xp 00000000 08:03 12190595                   /lib/x86_64-linux-gnu/libgcrypt.so.11.7.0
7f805b5da000-7f805b7da000 ---p 0007a000 08:03 12190595                   /lib/x86_64-linux-gnu/libgcrypt.so.11.7.0
7f805b7da000-7f805b7db000 r--p 0007a000 08:03 12190595                   /lib/x86_64-linux-gnu/libgcrypt.so.11.7.0
7f805b7db000-7f805b7de000 rw-p 0007b000 08:03 12190595                   /lib/x86_64-linux-gnu/libgcrypt.so.11.7.0
7f805b7de000-7f805b7ee000 r-xp 00000000 08:03 4200448                    /usr/lib/x86_64-linux-gnu/libtasn1.so.3.1.16
7f805b7ee000-7f805b9ed000 ---p 00010000 08:03 4200448                    /usr/lib/x86_64-linux-gnu/libtasn1.so.3.1.16
7f805b9ed000-7f805b9ee000 r--p 0000f000 08:03 4200448                    /usr/lib/x86_64-linux-gnu/libtasn1.so.3.1.16
7f805b9ee000-7f805b9ef000 rw-p 00010000 08:03 4200448                    /usr/lib/x86_64-linux-gnu/libtasn1.so.3.1.16
7f805b9ef000-7f805b9f2000 r-xp 00000000 08:03 12190610                   /lib/x86_64-linux-gnu/libkeyutils.so.1.4
7f805b9f2000-7f805bbf1000 ---p 00003000 08:03 12190610                   /lib/x86_64-linux-gnu/libkeyutils.so.1.4
7f805bbf1000-7f805bbf2000 r--p 00002000 08:03 12190610                   /lib/x86_64-linux-gnu/libkeyutils.so.1.4
7f805bbf2000-7f805bbf3000 rw-p 00003000 08:03 12190610                   /lib/x86_64-linux-gnu/libkeyutils.so.1.4
7f805bbf3000-7f805bbfb000 r-xp 00000000 08:03 4200208                    /usr/lib/x86_64-linux-gnu/libkrb5support.so.0.1
7f805bbfb000-7f805bdfa000 ---p 00008000 08:03 4200208                    /usr/lib/x86_64-linux-gnu/libkrb5support.so.0.1
7f805bdfa000-7f805bdfb000 r--p 00007000 08:03 4200208                    /usr/lib/x86_64-linux-gnu/libkrb5support.so.0.1
7f805bdfb000-7f805bdfc000 rw-p 00008000 08:03 4200208                    /usr/lib/x86_64-linux-gnu/libkrb5support.so.0.1
7f805bdfc000-7f805bdff000 r-xp 00000000 08:03 12190576                   /lib/x86_64-linux-gnu/libcom_err.so.2.1
7f805bdff000-7f805bffe000 ---p 00003000 08:03 12190576                   /lib/x86_64-linux-gnu/libcom_err.so.2.1
7f805bffe000-7f805bfff000 r--p 00002000 08:03 12190576                   /lib/x86_64-linux-gnu/libcom_err.so.2.1
7f805bfff000-7f805c000000 rw-p 00003000 08:03 12190576                   /lib/x86_64-linux-gnu/libcom_err.so.2.1
7f805c000000-7f805c021000 rw-p 00000000 00:00 0 
7f805c021000-7f8060000000 ---p 00000000 00:00 0 
7f8060074000-7f806009a000 r-xp 00000000 08:03 4200198                    /usr/lib/x86_64-linux-gnu/libk5crypto.so.3.1
7f806009a000-7f806029a000 ---p 00026000 08:03 4200198                    /usr/lib/x86_64-linux-gnu/libk5crypto.so.3.1
7f806029a000-7f806029b000 r--p 00026000 08:03 4200198                    /usr/lib/x86_64-linux-gnu/libk5crypto.so.3.1
7f806029b000-7f806029c000 rw-p 00027000 08:03 4200198                    /usr/lib/x86_64-linux-gnu/libk5crypto.so.3.1
7f806029c000-7f806029d000 rw-p 00000000 00:00 0 
7f806029d000-7f8060366000 r-xp 00000000 08:03 4200206                    /usr/lib/x86_64-linux-gnu/libkrb5.so.3.3
7f8060366000-7f8060565000 ---p 000c9000 08:03 4200206                    /usr/lib/x86_64-linux-gnu/libkrb5.so.3.3
7f8060565000-7f806056f000 r--p 000c8000 08:03 4200206                    /usr/lib/x86_64-linux-gnu/libkrb5.so.3.3
7f806056f000-7f8060571000 rw-p 000d2000 08:03 4200206                    /usr/lib/x86_64-linux-gnu/libkrb5.so.3.3
7f8060571000-7f8060576000 r-xp 00000000 08:03 4199743                    /usr/lib/x86_64-linux-gnu/libXdmcp.so.6.0.0
7f8060576000-7f8060775000 ---p 00005000 08:03 4199743                    /usr/lib/x86_64-linux-gnu/libXdmcp.so.6.0.0
7f8060775000-7f8060776000 rw-p 00004000 08:03 4199743                    /usr/lib/x86_64-linux-gnu/libXdmcp.so.6.0.0
7f8060776000-7f8060778000 r-xp 00000000 08:03 4199732                    /usr/lib/x86_64-linux-gnu/libXau.so.6.0.0
7f8060778000-7f8060978000 ---p 00002000 08:03 4199732                    /usr/lib/x86_64-linux-gnu/libXau.so.6.0.0
7f8060978000-7f8060979000 rw-p 00002000 08:03 4199732                    /usr/lib/x86_64-linux-gnu/libXau.so.6.0.0
7f8060979000-7f8060989000 r-xp 00000000 08:03 4199807                    /usr/lib/x86_64-linux-gnu/libavahi-client.so.3.2.9
7f8060989000-7f8060b88000 ---p 00010000 08:03 4199807                    /usr/lib/x86_64-linux-gnu/libavahi-client.so.3.2.9
7f8060b88000-7f8060b89000 r--p 0000f000 08:03 4199807                    /usr/lib/x86_64-linux-gnu/libavahi-client.so.3.2.9
7f8060b89000-7f8060b8a000 rw-p 00010000 08:03 4199807                    /usr/lib/x86_64-linux-gnu/libavahi-client.so.3.2.9
7f8060b8a000-7f8060b96000 r-xp 00000000 08:03 4199809                    /usr/lib/x86_64-linux-gnu/libavahi-common.so.3.5.3
7f8060b96000-7f8060d95000 ---p 0000c000 08:03 4199809                    /usr/lib/x86_64-linux-gnu/libavahi-common.so.3.5.3
7f8060d95000-7f8060d96000 r--p 0000b000 08:03 4199809                    /usr/lib/x86_64-linux-gnu/libavahi-common.so.3.5.3
7f8060d96000-7f8060d97000 rw-p 0000c000 08:03 4199809                    /usr/lib/x86_64-linux-gnu/libavahi-common.so.3.5.3
7f8060d97000-7f8060e50000 r-xp 00000000 08:03 4200060                    /usr/lib/x86_64-linux-gnu/libgnutls.so.26.22.4
7f8060e50000-7f806104f000 ---p 000b9000 08:03 4200060                    /usr/lib/x86_64-linux-gnu/libgnutls.so.26.22.4
7f806104f000-7f8061055000 r--p 000b8000 08:03 4200060                    /usr/lib/x86_64-linux-gnu/libgnutls.so.26.22.4
7f8061055000-7f8061057000 rw-p 000be000 08:03 4200060                    /usr/lib/x86_64-linux-gnu/libgnutls.so.26.22.4
7f8061057000-7f8061093000 r-xp 00000000 08:03 4200085                    /usr/lib/x86_64-linux-gnu/libgssapi_krb5.so.2.2
7f8061093000-7f8061293000 ---p 0003c000 08:03 4200085                    /usr/lib/x86_64-linux-gnu/libgssapi_krb5.so.2.2
7f8061293000-7f8061294000 r--p 0003c000 08:03 4200085                    /usr/lib/x86_64-linux-gnu/libgssapi_krb5.so.2.2
7f8061294000-7f8061296000 rw-p 0003d000 08:03 4200085                    /usr/lib/x86_64-linux-gnu/libgssapi_krb5.so.2.2
7f8061296000-7f80612d2000 r-xp 00000000 08:03 12190663                   /lib/x86_64-linux-gnu/libpcre.so.3.13.1
7f80612d2000-7f80614d2000 ---p 0003c000 08:03 12190663                   /lib/x86_64-linux-gnu/libpcre.so.3.13.1
7f80614d2000-7f80614d3000 rw-p 0003c000 08:03 12190663                   /lib/x86_64-linux-gnu/libpcre.so.3.13.1
7f80614f4000-7f8061500000 r-xp 00000000 08:03 4199961                    /usr/lib/x86_64-linux-gnu/libffi.so.5.0.10
7f8061500000-7f8061700000 ---p 0000c000 08:03 4199961                    /usr/lib/x86_64-linux-gnu/libffi.so.5.0.10
7f8061700000-7f8061701000 rw-p 0000c000 08:03 4199961                    /usr/lib/x86_64-linux-gnu/libffi.so.5.0.10
7f8061701000-7f8061728000 r-xp 00000000 08:03 12190588                   /lib/x86_64-linux-gnu/libexpat.so.1.6.0
7f8061728000-7f8061928000 ---p 00027000 08:03 12190588                   /lib/x86_64-linux-gnu/libexpat.so.1.6.0
7f8061928000-7f806192a000 r--p 00027000 08:03 12190588                   /lib/x86_64-linux-gnu/libexpat.so.1.6.0
7f806192a000-7f806192b000 rw-p 00029000 08:03 12190588                   /lib/x86_64-linux-gnu/libexpat.so.1.6.0
7f806192b000-7f8061933000 r-xp 00000000 08:03 4200521                    /usr/lib/x86_64-linux-gnu/libxcb-render.so.0.0.0
7f8061933000-7f8061b33000 ---p 00008000 08:03 4200521                    /usr/lib/x86_64-linux-gnu/libxcb-render.so.0.0.0
7f8061b33000-7f8061b34000 r--p 00008000 08:03 4200521                    /usr/lib/x86_64-linux-gnu/libxcb-render.so.0.0.0
7f8061b34000-7f8061b35000 rw-p 00009000 08:03 4200521                    /usr/lib/x86_64-linux-gnu/libxcb-render.so.0.0.0
7f8061b35000-7f8061b37000 r-xp 00000000 08:03 4200525                    /usr/lib/x86_64-linux-gnu/libxcb-shm.so.0.0.0
7f8061b37000-7f8061d36000 ---p 00002000 08:03 4200525                    /usr/lib/x86_64-linux-gnu/libxcb-shm.so.0.0.0
7f8061d36000-7f8061d37000 r--p 00001000 08:03 4200525                    /usr/lib/x86_64-linux-gnu/libxcb-shm.so.0.0.0
7f8061d37000-7f8061d38000 rw-p 00002000 08:03 4200525                    /usr/lib/x86_64-linux-gnu/libxcb-shm.so.0.0.0
7f8061d38000-7f8061db8000 r-xp 00000000 08:03 4200335                    /usr/lib/x86_64-linux-gnu/libpixman-1.so.0.26.0
7f8061db8000-7f8061fb8000 ---p 00080000 08:03 4200335                    /usr/lib/x86_64-linux-gnu/libpixman-1.so.0.26.0
7f8061fb8000-7f8061fbe000 rw-p 00080000 08:03 4200335                    /usr/lib/x86_64-linux-gnu/libpixman-1.so.0.26.0
7f8061fbe000-7f8061fe4000 r-xp 00000000 08:03 12190665                   /lib/x86_64-linux-gnu/libpng12.so.0.49.0
7f8061fe4000-7f80621e3000 ---p 00026000 08:03 12190665                   /lib/x86_64-linux-gnu/libpng12.so.0.49.0
7f80621e3000-7f80621e4000 r--p 00025000 08:03 12190665                   /lib/x86_64-linux-gnu/libpng12.so.0.49.0
7f80621e4000-7f80621e5000 rw-p 00026000 08:03 12190665                   /lib/x86_64-linux-gnu/libpng12.so.0.49.0
7f80621e5000-7f80621f9000 r-xp 00000000 08:03 12192206                   /lib/x86_64-linux-gnu/libresolv-2.19.so
7f80621f9000-7f80623f8000 ---p 00014000 08:03 12192206                   /lib/x86_64-linux-gnu/libresolv-2.19.so
7f80623f8000-7f80623f9000 r--p 00013000 08:03 12192206                   /lib/x86_64-linux-gnu/libresolv-2.19.so
7f80623f9000-7f80623fa000 rw-p 00014000 08:03 12192206                   /lib/x86_64-linux-gnu/libresolv-2.19.so
7f80623fa000-7f80623fc000 rw-p 00000000 00:00 0 
7f80623fc000-7f806241a000 r-xp 00000000 08:03 12190680                   /lib/x86_64-linux-gnu/libselinux.so.1
7f806241a000-7f8062619000 ---p 0001e000 08:03 12190680                   /lib/x86_64-linux-gnu/libselinux.so.1
7f8062619000-7f806261a000 r--p 0001d000 08:03 12190680                   /lib/x86_64-linux-gnu/libselinux.so.1
7f806261a000-7f806261b000 rw-p 0001e000 08:03 12190680                   /lib/x86_64-linux-gnu/libselinux.so.1
7f806261b000-7f806261c000 rw-p 00000000 00:00 0 
7f806261c000-7f806261f000 r-xp 00000000 08:03 4200052                    /usr/lib/x86_64-linux-gnu/libgmodule-2.0.so.0.3200.4
7f806261f000-7f806281e000 ---p 00003000 08:03 4200052                    /usr/lib/x86_64-linux-gnu/libgmodule-2.0.so.0.3200.4
7f806281e000-7f806281f000 r--p 00002000 08:03 4200052                    /usr/lib/x86_64-linux-gnu/libgmodule-2.0.so.0.3200.4
7f806281f000-7f8062820000 rw-p 00003000 08:03 4200052                    /usr/lib/x86_64-linux-gnu/libgmodule-2.0.so.0.3200.4
7f8062820000-7f806282a000 r-xp 00000000 08:03 4199739                    /usr/lib/x86_64-linux-gnu/libXcursor.so.1.0.2
7f806282a000-7f8062a29000 ---p 0000a000 08:03 4199739                    /usr/lib/x86_64-linux-gnu/libXcursor.so.1.0.2
7f8062a29000-7f8062a2a000 rw-p 00009000 08:03 4199739                    /usr/lib/x86_64-linux-gnu/libXcursor.so.1.0.2
7f8062a2a000-7f8062a31000 r-xp 00000000 08:03 4199761                    /usr/lib/x86_64-linux-gnu/libXrandr.so.2.2.0
7f8062a31000-7f8062c31000 ---p 00007000 08:03 4199761                    /usr/lib/x86_64-linux-gnu/libXrandr.so.2.2.0
7f8062c31000-7f8062c32000 rw-p 00007000 08:03 4199761                    /usr/lib/x86_64-linux-gnu/libXrandr.so.2.2.0
7f8062c32000-7f8062c34000 r-xp 00000000 08:03 4199753                    /usr/lib/x86_64-linux-gnu/libXinerama.so.1.0.0
7f8062c34000-7f8062e33000 ---p 00002000 08:03 4199753                    /usr/lib/x86_64-linux-gnu/libXinerama.so.1.0.0
7f8062e33000-7f8062e34000 rw-p 00001000 08:03 4199753                    /usr/lib/x86_64-linux-gnu/libXinerama.so.1.0.0
7f8062e34000-7f8062e39000 r-xp 00000000 08:03 4199747                    /usr/lib/x86_64-linux-gnu/libXfixes.so.3.1.0
7f8062e39000-7f8063038000 ---p 00005000 08:03 4199747                    /usr/lib/x86_64-linux-gnu/libXfixes.so.3.1.0
7f8063038000-7f8063039000 r--p 00004000 08:03 4199747                    /usr/lib/x86_64-linux-gnu/libXfixes.so.3.1.0
7f8063039000-7f806303a000 rw-p 00005000 08:03 4199747                    /usr/lib/x86_64-linux-gnu/libXfixes.so.3.1.0
7f806303a000-7f806303c000 r-xp 00000000 08:03 4199741                    /usr/lib/x86_64-linux-gnu/libXdamage.so.1.1.0
7f806303c000-7f806323b000 ---p 00002000 08:03 4199741                    /usr/lib/x86_64-linux-gnu/libXdamage.so.1.1.0
7f806323b000-7f806323c000 rw-p 00001000 08:03 4199741                    /usr/lib/x86_64-linux-gnu/libXdamage.so.1.1.0
7f806323c000-7f806323e000 r-xp 00000000 08:03 4199737                    /usr/lib/x86_64-linux-gnu/libXcomposite.so.1.0.0
7f806323e000-7f806343d000 ---p 00002000 08:03 4199737                    /usr/lib/x86_64-linux-gnu/libXcomposite.so.1.0.0
7f806343d000-7f806343e000 rw-p 00001000 08:03 4199737                    /usr/lib/x86_64-linux-gnu/libXcomposite.so.1.0.0
7f806343e000-7f806345d000 r-xp 00000000 08:03 4200529                    /usr/lib/x86_64-linux-gnu/libxcb.so.1.1.0
7f806345d000-7f806365c000 ---p 0001f000 08:03 4200529                    /usr/lib/x86_64-linux-gnu/libxcb.so.1.1.0
7f806365c000-7f806365d000 r--p 0001e000 08:03 4200529                    /usr/lib/x86_64-linux-gnu/libxcb.so.1.1.0
7f806365d000-7f806365e000 rw-p 0001f000 08:03 4200529                    /usr/lib/x86_64-linux-gnu/libxcb.so.1.1.0
7f806365e000-7f80636b1000 r-xp 00000000 08:03 4199889                    /usr/lib/x86_64-linux-gnu/libcups.so.2
7f80636b1000-7f80638b0000 ---p 00053000 08:03 4199889                    /usr/lib/x86_64-linux-gnu/libcups.so.2
7f80638b0000-7f80638b5000 r--p 00052000 08:03 4199889                    /usr/lib/x86_64-linux-gnu/libcups.so.2
7f80638b5000-7f80638b6000 rw-p 00057000 08:03 4199889                    /usr/lib/x86_64-linux-gnu/libcups.so.2
7f80638b6000-7f80639ab000 r-xp 00000000 08:03 12190597                   /lib/x86_64-linux-gnu/libglib-2.0.so.0.3200.4
7f80639ab000-7f8063bab000 ---p 000f5000 08:03 12190597                   /lib/x86_64-linux-gnu/libglib-2.0.so.0.3200.4
7f8063bab000-7f8063bac000 r--p 000f5000 08:03 12190597                   /lib/x86_64-linux-gnu/libglib-2.0.so.0.3200.4
7f8063bac000-7f8063bad000 rw-p 000f6000 08:03 12190597                   /lib/x86_64-linux-gnu/libglib-2.0.so.0.3200.4
7f8063bad000-7f8063bae000 rw-p 00000000 00:00 0 
7f8063bae000-7f8063baf000 r-xp 00000000 08:03 4200137                    /usr/lib/x86_64-linux-gnu/libgthread-2.0.so.0.3200.4
7f8063baf000-7f8063dae000 ---p 00001000 08:03 4200137                    /usr/lib/x86_64-linux-gnu/libgthread-2.0.so.0.3200.4
7f8063dae000-7f8063daf000 r--p 00000000 08:03 4200137                    /usr/lib/x86_64-linux-gnu/libgthread-2.0.so.0.3200.4
7f8063daf000-7f8063db0000 rw-p 00001000 08:03 4200137                    /usr/lib/x86_64-linux-gnu/libgthread-2.0.so.0.3200.4
7f8063db0000-7f8063dfe000 r-xp 00000000 08:03 4200068                    /usr/lib/x86_64-linux-gnu/libgobject-2.0.so.0.3200.4
7f8063dfe000-7f8063ffe000 ---p 0004e000 08:03 4200068                    /usr/lib/x86_64-linux-gnu/libgobject-2.0.so.0.3200.4
7f8063ffe000-7f8063fff000 r--p 0004e000 08:03 4200068                    /usr/lib/x86_64-linux-gnu/libgobject-2.0.so.0.3200.4
7f8063fff000-7f8064000000 rw-p 0004f000 08:03 4200068                    /usr/lib/x86_64-linux-gnu/libgobject-2.0.so.0.3200.4
7f8064000000-7f80642d9000 rw-p 00000000 00:00 0 
7f80642d9000-7f8068000000 ---p 00000000 00:00 0 
7f8068000000-7f8068021000 rw-p 00000000 00:00 0 
7f8068021000-7f806c000000 ---p 00000000 00:00 0 
7f806c000000-7f806c021000 rw-p 00000000 00:00 0 
7f806c021000-7f8070000000 ---p 00000000 00:00 0 
7f8070000000-7f8070257000 rw-p 00000000 00:00 0 
7f8070257000-7f8074000000 ---p 00000000 00:00 0 
7f8074000000-7f8074021000 rw-p 00000000 00:00 0 
7f8074021000-7f8078000000 ---p 00000000 00:00 0 
7f8078000000-7f8078021000 rw-p 00000000 00:00 0 
7f8078021000-7f807c000000 ---p 00000000 00:00 0 
7f807c000000-7f807c021000 rw-p 00000000 00:00 0 
7f807c021000-7f8080000000 ---p 00000000 00:00 0 
7f8080000000-7f8080021000 rw-p 00000000 00:00 0 
7f8080021000-7f8084000000 ---p 00000000 00:00 0 
7f8084018000-7f8084060000 rw-p 00000000 00:00 0 
7f8084060000-7f8084063000 ---p 00000000 00:00 0 
7f8084063000-7f8084099000 rw-p 00000000 00:00 0 
7f8084099000-7f80840ce000 r-xp 00000000 08:03 4199999                    /usr/lib/x86_64-linux-gnu/libfontconfig.so.1.5.0
7f80840ce000-7f80842ce000 ---p 00035000 08:03 4199999                    /usr/lib/x86_64-linux-gnu/libfontconfig.so.1.5.0
7f80842ce000-7f80842cf000 r--p 00035000 08:03 4199999                    /usr/lib/x86_64-linux-gnu/libfontconfig.so.1.5.0
7f80842cf000-7f80842d0000 rw-p 00036000 08:03 4199999                    /usr/lib/x86_64-linux-gnu/libfontconfig.so.1.5.0
7f80842d0000-7f8084369000 r-xp 00000000 08:03 4200007                    /usr/lib/x86_64-linux-gnu/libfreetype.so.6.8.1
7f8084369000-7f8084568000 ---p 00099000 08:03 4200007                    /usr/lib/x86_64-linux-gnu/libfreetype.so.6.8.1
7f8084568000-7f808456e000 r--p 00098000 08:03 4200007                    /usr/lib/x86_64-linux-gnu/libfreetype.so.6.8.1
7f808456e000-7f808456f000 rw-p 0009e000 08:03 4200007                    /usr/lib/x86_64-linux-gnu/libfreetype.so.6.8.1
7f808456f000-7f80845b9000 r-xp 00000000 08:03 4200313                    /usr/lib/x86_64-linux-gnu/libpango-1.0.so.0.3000.0
7f80845b9000-7f80847b9000 ---p 0004a000 08:03 4200313                    /usr/lib/x86_64-linux-gnu/libpango-1.0.so.0.3000.0
7f80847b9000-7f80847bb000 r--p 0004a000 08:03 4200313                    /usr/lib/x86_64-linux-gnu/libpango-1.0.so.0.3000.0
7f80847bb000-7f80847bc000 rw-p 0004c000 08:03 4200313                    /usr/lib/x86_64-linux-gnu/libpango-1.0.so.0.3000.0
7f80847bc000-7f80848b0000 r-xp 00000000 08:03 4199843                    /usr/lib/x86_64-linux-gnu/libcairo.so.2.11200.2
7f80848b0000-7f8084aaf000 ---p 000f4000 08:03 4199843                    /usr/lib/x86_64-linux-gnu/libcairo.so.2.11200.2
7f8084aaf000-7f8084ab2000 r--p 000f3000 08:03 4199843                    /usr/lib/x86_64-linux-gnu/libcairo.so.2.11200.2
7f8084ab2000-7f8084ab3000 rw-p 000f6000 08:03 4199843                    /usr/lib/x86_64-linux-gnu/libcairo.so.2.11200.2
7f8084ab3000-7f8084ab5000 rw-p 00000000 00:00 0 
7f8084ab5000-7f8084ad4000 r-xp 00000000 08:03 4200030                    /usr/lib/x86_64-linux-gnu/libgdk_pixbuf-2.0.so.0.2600.1
7f8084ad4000-7f8084cd3000 ---p 0001f000 08:03 4200030                    /usr/lib/x86_64-linux-gnu/libgdk_pixbuf-2.0.so.0.2600.1
7f8084cd3000-7f8084cd4000 r--p 0001e000 08:03 4200030                    /usr/lib/x86_64-linux-gnu/libgdk_pixbuf-2.0.so.0.2600.1
7f8084cd4000-7f8084cd5000 rw-p 0001f000 08:03 4200030                    /usr/lib/x86_64-linux-gnu/libgdk_pixbuf-2.0.so.0.2600.1
7f8084cd5000-7f8084ce1000 r-xp 00000000 08:03 4200315                    /usr/lib/x86_64-linux-gnu/libpangocairo-1.0.so.0.3000.0
7f8084ce1000-7f8084ee0000 ---p 0000c000 08:03 4200315                    /usr/lib/x86_64-linux-gnu/libpangocairo-1.0.so.0.3000.0
7f8084ee0000-7f8084ee1000 r--p 0000b000 08:03 4200315                    /usr/lib/x86_64-linux-gnu/libpangocairo-1.0.so.0.3000.0
7f8084ee1000-7f8084ee2000 rw-p 0000c000 08:03 4200315                    /usr/lib/x86_64-linux-gnu/libpangocairo-1.0.so.0.3000.0
7f8084ee2000-7f8084f0c000 r-xp 00000000 08:03 4200317                    /usr/lib/x86_64-linux-gnu/libpangoft2-1.0.so.0.3000.0
7f8084f0c000-7f808510b000 ---p 0002a000 08:03 4200317                    /usr/lib/x86_64-linux-gnu/libpangoft2-1.0.so.0.3000.0
7f808510b000-7f808510c000 r--p 00029000 08:03 4200317                    /usr/lib/x86_64-linux-gnu/libpangoft2-1.0.so.0.3000.0
7f808510c000-7f808510d000 rw-p 0002a000 08:03 4200317                    /usr/lib/x86_64-linux-gnu/libpangoft2-1.0.so.0.3000.0
7f808510d000-7f8085259000 r-xp 00000000 08:03 4200042                    /usr/lib/x86_64-linux-gnu/libgio-2.0.so.0.3200.4
7f8085259000-7f8085458000 ---p 0014c000 08:03 4200042                    /usr/lib/x86_64-linux-gnu/libgio-2.0.so.0.3200.4
7f8085458000-7f808545c000 r--p 0014b000 08:03 4200042                    /usr/lib/x86_64-linux-gnu/libgio-2.0.so.0.3200.4
7f808545c000-7f808545e000 rw-p 0014f000 08:03 4200042                    /usr/lib/x86_64-linux-gnu/libgio-2.0.so.0.3200.4
7f808545e000-7f8085460000 rw-p 00000000 00:00 0 
7f8085460000-7f8085481000 r-xp 00000000 08:03 4199799                    /usr/lib/x86_64-linux-gnu/libatk-1.0.so.0.20409.1
7f8085481000-7f8085680000 ---p 00021000 08:03 4199799                    /usr/lib/x86_64-linux-gnu/libatk-1.0.so.0.20409.1
7f8085680000-7f8085682000 r--p 00020000 08:03 4199799                    /usr/lib/x86_64-linux-gnu/libatk-1.0.so.0.20409.1
7f8085682000-7f8085683000 rw-p 00022000 08:03 4199799                    /usr/lib/x86_64-linux-gnu/libatk-1.0.so.0.20409.1
7f8085683000-7f8085732000 r-xp 00000000 08:03 4200028                    /usr/lib/x86_64-linux-gnu/libgdk-x11-2.0.so.0.2400.10
7f8085732000-7f8085931000 ---p 000af000 08:03 4200028                    /usr/lib/x86_64-linux-gnu/libgdk-x11-2.0.so.0.2400.10
7f8085931000-7f8085936000 rw-p 000ae000 08:03 4200028                    /usr/lib/x86_64-linux-gnu/libgdk-x11-2.0.so.0.2400.10
7f8085936000-7f8085d68000 r-xp 00000000 08:03 4200141                    /usr/lib/x86_64-linux-gnu/libgtk-x11-2.0.so.0.2400.10
7f8085d68000-7f8085f68000 ---p 00432000 08:03 4200141                    /usr/lib/x86_64-linux-gnu/libgtk-x11-2.0.so.0.2400.10
7f8085f68000-7f8085f73000 rw-p 00432000 08:03 4200141                    /usr/lib/x86_64-linux-gnu/libgtk-x11-2.0.so.0.2400.10
7f8085f73000-7f8085f75000 rw-p 00000000 00:00 0 
7f8085f75000-7f8085f83000 r-xp 00000000 08:03 4199751                    /usr/lib/x86_64-linux-gnu/libXi.so.6.1.0
7f8085f83000-7f8086183000 ---p 0000e000 08:03 4199751                    /usr/lib/x86_64-linux-gnu/libXi.so.6.1.0
7f8086183000-7f8086184000 rw-p 0000e000 08:03 4199751                    /usr/lib/x86_64-linux-gnu/libXi.so.6.1.0
7f8086184000-7f8086189000 r-xp 00000000 08:03 4199769                    /usr/lib/x86_64-linux-gnu/libXtst.so.6.1.0
7f8086189000-7f8086388000 ---p 00005000 08:03 4199769                    /usr/lib/x86_64-linux-gnu/libXtst.so.6.1.0
7f8086388000-7f8086389000 rw-p 00004000 08:03 4199769                    /usr/lib/x86_64-linux-gnu/libXtst.so.6.1.0
7f8086389000-7f8086392000 r-xp 00000000 08:03 4199763                    /usr/lib/x86_64-linux-gnu/libXrender.so.1.3.0
7f8086392000-7f8086591000 ---p 00009000 08:03 4199763                    /usr/lib/x86_64-linux-gnu/libXrender.so.1.3.0
7f8086591000-7f8086592000 rw-p 00008000 08:03 4199763                    /usr/lib/x86_64-linux-gnu/libXrender.so.1.3.0
7f8086592000-7f80866c7000 r-xp 00000000 08:03 4199728                    /usr/lib/x86_64-linux-gnu/libX11.so.6.3.0
7f80866c7000-7f80868c7000 ---p 00135000 08:03 4199728                    /usr/lib/x86_64-linux-gnu/libX11.so.6.3.0
7f80868c7000-7f80868cd000 rw-p 00135000 08:03 4199728                    /usr/lib/x86_64-linux-gnu/libX11.so.6.3.0
7f80868cd000-7f80868de000 r-xp 00000000 08:03 4199745                    /usr/lib/x86_64-linux-gnu/libXext.so.6.4.0
7f80868de000-7f8086ade000 ---p 00011000 08:03 4199745                    /usr/lib/x86_64-linux-gnu/libXext.so.6.4.0
7f8086ade000-7f8086adf000 rw-p 00011000 08:03 4199745                    /usr/lib/x86_64-linux-gnu/libXext.so.6.4.0
7f8086adf000-7f8086ae0000 rw-s 00005000 00:05 6137                       /dev/ati/card0
7f8086ae0000-7f8086af0000 rw-s e0200000 00:05 6137                       /dev/ati/card0
7f8086af0000-7f8086af7000 r--s 00000000 08:03 4206154                    /usr/lib/x86_64-linux-gnu/gconv/gconv-modules.cache
7f8086af7000-7f8086b00000 r--s 000b9000 08:03 3934170                    /usr/lib/jvm/java-7-openjdk-amd64/jre/lib/resources.jar
7f8086b00000-7f8086b53000 r-xp 00000000 08:03 3934319                    /usr/lib/jvm/java-7-openjdk-amd64/jre/lib/amd64/xawt/libmawt.so
7f8086b53000-7f8086d52000 ---p 00053000 08:03 3934319                    /usr/lib/jvm/java-7-openjdk-amd64/jre/lib/amd64/xawt/libmawt.so
7f8086d52000-7f8086d53000 r--p 00052000 08:03 3934319                    /usr/lib/jvm/java-7-openjdk-amd64/jre/lib/amd64/xawt/libmawt.so
7f8086d53000-7f8086d56000 rw-p 00053000 08:03 3934319                    /usr/lib/jvm/java-7-openjdk-amd64/jre/lib/amd64/xawt/libmawt.so
7f8086d56000-7f8086d57000 rw-p 00000000 00:00 0 
7f8086d57000-7f8086df8000 r-xp 00000000 08:03 3934218                    /usr/lib/jvm/java-7-openjdk-amd64/jre/lib/amd64/libawt.so
7f8086df8000-7f8086ff7000 ---p 000a1000 08:03 3934218                    /usr/lib/jvm/java-7-openjdk-amd64/jre/lib/amd64/libawt.so
7f8086ff7000-7f8086ff8000 r--p 000a0000 08:03 3934218                    /usr/lib/jvm/java-7-openjdk-amd64/jre/lib/amd64/libawt.so
7f8086ff8000-7f8087003000 rw-p 000a1000 08:03 3934218                    /usr/lib/jvm/java-7-openjdk-amd64/jre/lib/amd64/libawt.so
7f8087003000-7f8087028000 rw-p 00000000 00:00 0 
7f8087028000-7f808702d000 r--s 0004c000 08:03 3934152                    /usr/lib/jvm/java-7-openjdk-amd64/jre/lib/jsse.jar
7f808702d000-7f808706a000 r-xp 00000000 08:03 10486183                   /tmp/libgdxchobe/5502b6ed/libgdx64.so
7f808706a000-7f8087269000 ---p 0003d000 08:03 10486183                   /tmp/libgdxchobe/5502b6ed/libgdx64.so
7f8087269000-7f808726a000 r--p 0003c000 08:03 10486183                   /tmp/libgdxchobe/5502b6ed/libgdx64.so
7f808726a000-7f808726b000 rw-p 0003d000 08:03 10486183                   /tmp/libgdxchobe/5502b6ed/libgdx64.so
7f808726b000-7f808726c000 ---p 00000000 00:00 0 
7f808726c000-7f808736c000 rw-p 00000000 00:00 0 
7f808736c000-7f808736f000 ---p 00000000 00:00 0 
7f808736f000-7f808746d000 rw-p 00000000 00:00 0 
7f808746d000-7f8087470000 ---p 00000000 00:00 0 
7f8087470000-7f808756e000 rw-p 00000000 00:00 0 
7f808756e000-7f8087571000 ---p 00000000 00:00 0 
7f8087571000-7f808766f000 rw-p 00000000 00:00 0 
7f808766f000-7f8087672000 ---p 00000000 00:00 0 
7f8087672000-7f8087770000 rw-p 00000000 00:00 0 
7f8087770000-7f80878f9000 r--p 00000000 08:03 4067802                    /usr/lib/locale/locale-archive
7f80878f9000-7f80878fc000 ---p 00000000 00:00 0 
7f80878fc000-7f80879fa000 rw-p 00000000 00:00 0 
7f80879fa000-7f80879fd000 ---p 00000000 00:00 0 
7f80879fd000-7f8087afb000 rw-p 00000000 00:00 0 
7f8087afb000-7f8087afc000 ---p 00000000 00:00 0 
7f8087afc000-7f8088000000 rw-p 00000000 00:00 0 
7f8088000000-7f8088021000 rw-p 00000000 00:00 0 
7f8088021000-7f808c000000 ---p 00000000 00:00 0 
7f808c000000-7f808c021000 rw-p 00000000 00:00 0 
7f808c021000-7f8090000000 ---p 00000000 00:00 0 
7f8090000000-7f8090021000 rw-p 00000000 00:00 0 
7f8090021000-7f8094000000 ---p 00000000 00:00 0 
7f8094000000-7f8094001000 r--s 00002000 08:03 10488691                   /home/chobe/.gradle/caches/modules-2/files-2.1/net.java.jinput/jinput-platform/2.0.5/7ff832a6eb9ab6a767f1ade2b548092d0fa64795/jinput-platform-2.0.5-natives-linux.jar
7f8094001000-7f8094002000 r--s 00001000 08:03 10488690                   /home/chobe/.gradle/caches/modules-2/files-2.1/net.java.jutils/jutils/1.0.0/e12fe1fda814bd348c1579329c86943d2cd3c6a6/jutils-1.0.0.jar
7f8094002000-7f8094006000 r--s 0002f000 08:03 10488689                   /home/chobe/.gradle/caches/modules-2/files-2.1/net.java.jinput/jinput/2.0.5/39c7796b469a600f72380316f6b1f11db6c2c7c4/jinput-2.0.5.jar
7f8094006000-7f8094007000 r--s 00080000 08:03 10488688                   /home/chobe/.gradle/caches/modules-2/files-2.1/org.lwjgl.lwjgl/lwjgl-platform/2.9.1/2d12c83fdfbc04ecabf02c7bc8cc54d034f0daac/lwjgl-platform-2.9.1-natives-osx.jar
7f8094007000-7f8094008000 r--s 0008b000 08:03 10488687                   /home/chobe/.gradle/caches/modules-2/files-2.1/org.lwjgl.lwjgl/lwjgl-platform/2.9.1/aa9aae879af8eb378e22cfc64db56ec2ca9a44d1/lwjgl-platform-2.9.1-natives-linux.jar
7f8094008000-7f8094009000 r--s 00095000 08:03 10488686                   /home/chobe/.gradle/caches/modules-2/files-2.1/org.lwjgl.lwjgl/lwjgl-platform/2.9.1/4c517eca808522457dd95ee8fc1fbcdbb602efbe/lwjgl-platform-2.9.1-natives-windows.jar
7f8094009000-7f809400b000 r--s 00017000 08:03 10488685                   /home/chobe/.gradle/caches/modules-2/files-2.1/org.jcraft/jorbis/0.0.17/8872d22b293e8f5d7d56ff92be966e6dc28ebdc6/jorbis-0.0.17.jar
7f809400b000-7f809400c000 r--s 00015000 08:03 10488684                   /home/chobe/.gradle/caches/modules-2/files-2.1/com.badlogicgames.jlayer/jlayer/1.0.1-gdx/7cca83cec5c1b2f011362f4d85aabd71a73b049d/jlayer-1.0.1-gdx.jar
7f809400c000-7f8094010000 r--s 00027000 08:03 10488683                   /home/chobe/.gradle/caches/modules-2/files-2.1/org.lwjgl.lwjgl/lwjgl_util/2.9.1/290d7ba8a1bd9566f5ddf16ad06f09af5ec9b20e/lwjgl_util-2.9.1.jar
7f8094010000-7f809401e000 r--s 000ea000 08:03 10488682                   /home/chobe/.gradle/caches/modules-2/files-2.1/org.lwjgl.lwjgl/lwjgl/2.9.1/f58c5aabcef0e41718a564be9f8e412fff8db847/lwjgl-2.9.1.jar
7f809401e000-7f8094c17000 rw-p 00000000 00:00 0 
7f8094c17000-7f8094dc5000 r--s 01cfc000 08:03 3934153                    /usr/lib/jvm/java-7-openjdk-amd64/jre/lib/rt.jar
7f8094dc5000-7f8095000000 rw-p 00000000 00:00 0 
7f8095000000-7f8095270000 rwxp 00000000 00:00 0 
7f8095270000-7f8098382000 rw-p 00000000 00:00 0 
7f8098382000-7f809c000000 ---p 00000000 00:00 0 
7f809c000000-7f809c002000 rw-s 00002000 00:05 6137                       /dev/ati/card0
7f809c002000-7f809c003000 r--s 00002000 08:03 10488693                   /home/chobe/.gradle/caches/modules-2/files-2.1/net.java.jinput/jinput-platform/2.0.5/53f9c919f34d2ca9de8c51fc4e1e8282029a9232/jinput-platform-2.0.5-natives-osx.jar
7f809c003000-7f809c004000 r--s 00025000 08:03 10488692                   /home/chobe/.gradle/caches/modules-2/files-2.1/net.java.jinput/jinput-platform/2.0.5/385ee093e01f587f30ee1c8a2ee7d408fd732e16/jinput-platform-2.0.5-natives-windows.jar
7f809c004000-7f809c019000 r--s 00153000 08:03 10488660                   /home/chobe/.gradle/caches/modules-2/files-2.1/com.badlogicgames.gdx/gdx/1.1.0/686f5a609c717eb0769d3b954c501a49bf4fe351/gdx-1.1.0.jar
7f809c019000-7f809e4c2000 rw-p 00000000 00:00 0 
7f809e4c2000-7f809e4c3000 ---p 00000000 00:00 0 
7f809e4c3000-7f809e5c3000 rw-p 00000000 00:00 0 
7f809e5c3000-7f809e5c4000 ---p 00000000 00:00 0 
7f809e5c4000-7f809e6c4000 rw-p 00000000 00:00 0 
7f809e6c4000-7f809e6c5000 ---p 00000000 00:00 0 
7f809e6c5000-7f809e7c5000 rw-p 00000000 00:00 0 
7f809e7c5000-7f809e7c6000 ---p 00000000 00:00 0 
7f809e7c6000-7f809e8d1000 rw-p 00000000 00:00 0 
7f809e8d1000-7f809e919000 rw-p 00000000 00:00 0 
7f809e919000-7f809e92e000 rw-p 00000000 00:00 0 
7f809e92e000-7f809ea5f000 rw-p 00000000 00:00 0 
7f809ea5f000-7f809ea6a000 rw-p 00000000 00:00 0 
7f809ea6a000-7f809eab2000 rw-p 00000000 00:00 0 
7f809eab2000-7f809eac7000 rw-p 00000000 00:00 0 
7f809eac7000-7f809ebf7000 rw-p 00000000 00:00 0 
7f809ebf7000-7f809ec02000 rw-p 00000000 00:00 0 
7f809ec02000-7f809ec9a000 rw-p 00000000 00:00 0 
7f809ec9a000-7f809ec9b000 rw-p 00000000 00:00 0 
7f809ec9b000-7f809eca3000 r-xp 00000000 08:03 3934210                    /usr/lib/jvm/java-7-openjdk-amd64/jre/lib/amd64/libzip.so
7f809eca3000-7f809eea2000 ---p 00008000 08:03 3934210                    /usr/lib/jvm/java-7-openjdk-amd64/jre/lib/amd64/libzip.so
7f809eea2000-7f809eea3000 r--p 00007000 08:03 3934210                    /usr/lib/jvm/java-7-openjdk-amd64/jre/lib/amd64/libzip.so
7f809eea3000-7f809eea4000 rw-p 00008000 08:03 3934210                    /usr/lib/jvm/java-7-openjdk-amd64/jre/lib/amd64/libzip.so
7f809eea4000-7f809eeaf000 r-xp 00000000 08:03 12192223                   /lib/x86_64-linux-gnu/libnss_files-2.19.so
7f809eeaf000-7f809f0ae000 ---p 0000b000 08:03 12192223                   /lib/x86_64-linux-gnu/libnss_files-2.19.so
7f809f0ae000-7f809f0af000 r--p 0000a000 08:03 12192223                   /lib/x86_64-linux-gnu/libnss_files-2.19.so
7f809f0af000-7f809f0b0000 rw-p 0000b000 08:03 12192223                   /lib/x86_64-linux-gnu/libnss_files-2.19.so
7f809f0b0000-7f809f0ba000 r-xp 00000000 08:03 12192211                   /lib/x86_64-linux-gnu/libnss_nis-2.19.so
7f809f0ba000-7f809f2b9000 ---p 0000a000 08:03 12192211                   /lib/x86_64-linux-gnu/libnss_nis-2.19.so
7f809f2b9000-7f809f2ba000 r--p 00009000 08:03 12192211                   /lib/x86_64-linux-gnu/libnss_nis-2.19.so
7f809f2ba000-7f809f2bb000 rw-p 0000a000 08:03 12192211                   /lib/x86_64-linux-gnu/libnss_nis-2.19.so
7f809f2bb000-7f809f2d0000 r-xp 00000000 08:03 12192215                   /lib/x86_64-linux-gnu/libnsl-2.19.so
7f809f2d0000-7f809f4cf000 ---p 00015000 08:03 12192215                   /lib/x86_64-linux-gnu/libnsl-2.19.so
7f809f4cf000-7f809f4d0000 r--p 00014000 08:03 12192215                   /lib/x86_64-linux-gnu/libnsl-2.19.so
7f809f4d0000-7f809f4d1000 rw-p 00015000 08:03 12192215                   /lib/x86_64-linux-gnu/libnsl-2.19.so
7f809f4d1000-7f809f4d3000 rw-p 00000000 00:00 0 
7f809f4d3000-7f809f4da000 r-xp 00000000 08:03 12192212                   /lib/x86_64-linux-gnu/libnss_compat-2.19.so
7f809f4da000-7f809f6d9000 ---p 00007000 08:03 12192212                   /lib/x86_64-linux-gnu/libnss_compat-2.19.so
7f809f6d9000-7f809f6da000 r--p 00006000 08:03 12192212                   /lib/x86_64-linux-gnu/libnss_compat-2.19.so
7f809f6da000-7f809f6db000 rw-p 00007000 08:03 12192212                   /lib/x86_64-linux-gnu/libnss_compat-2.19.so
7f809f6db000-7f809f706000 r-xp 00000000 08:03 3934215                    /usr/lib/jvm/java-7-openjdk-amd64/jre/lib/amd64/libjava.so
7f809f706000-7f809f905000 ---p 0002b000 08:03 3934215                    /usr/lib/jvm/java-7-openjdk-amd64/jre/lib/amd64/libjava.so
7f809f905000-7f809f906000 r--p 0002a000 08:03 3934215                    /usr/lib/jvm/java-7-openjdk-amd64/jre/lib/amd64/libjava.so
7f809f906000-7f809f908000 rw-p 0002b000 08:03 3934215                    /usr/lib/jvm/java-7-openjdk-amd64/jre/lib/amd64/libjava.so
7f809f908000-7f809f917000 r-xp 00000000 08:03 3934216                    /usr/lib/jvm/java-7-openjdk-amd64/jre/lib/amd64/libverify.so
7f809f917000-7f809fb16000 ---p 0000f000 08:03 3934216                    /usr/lib/jvm/java-7-openjdk-amd64/jre/lib/amd64/libverify.so
7f809fb16000-7f809fb18000 r--p 0000e000 08:03 3934216                    /usr/lib/jvm/java-7-openjdk-amd64/jre/lib/amd64/libverify.so
7f809fb18000-7f809fb19000 rw-p 00010000 08:03 3934216                    /usr/lib/jvm/java-7-openjdk-amd64/jre/lib/amd64/libverify.so
7f809fb19000-7f809fb20000 r-xp 00000000 08:03 12192213                   /lib/x86_64-linux-gnu/librt-2.19.so
7f809fb20000-7f809fd1f000 ---p 00007000 08:03 12192213                   /lib/x86_64-linux-gnu/librt-2.19.so
7f809fd1f000-7f809fd20000 r--p 00006000 08:03 12192213                   /lib/x86_64-linux-gnu/librt-2.19.so
7f809fd20000-7f809fd21000 rw-p 00007000 08:03 12192213                   /lib/x86_64-linux-gnu/librt-2.19.so
7f809fd21000-7f809fd36000 r-xp 00000000 08:03 12190593                   /lib/x86_64-linux-gnu/libgcc_s.so.1
7f809fd36000-7f809ff36000 ---p 00015000 08:03 12190593                   /lib/x86_64-linux-gnu/libgcc_s.so.1
7f809ff36000-7f809ff37000 rw-p 00015000 08:03 12190593                   /lib/x86_64-linux-gnu/libgcc_s.so.1
7f809ff37000-7f80a0037000 r-xp 00000000 08:03 12192221                   /lib/x86_64-linux-gnu/libm-2.19.so
7f80a0037000-7f80a0236000 ---p 00100000 08:03 12192221                   /lib/x86_64-linux-gnu/libm-2.19.so
7f80a0236000-7f80a0237000 r--p 000ff000 08:03 12192221                   /lib/x86_64-linux-gnu/libm-2.19.so
7f80a0237000-7f80a0238000 rw-p 00100000 08:03 12192221                   /lib/x86_64-linux-gnu/libm-2.19.so
7f80a0238000-7f80a0320000 r-xp 00000000 08:03 4200440                    /usr/lib/x86_64-linux-gnu/libstdc++.so.6.0.17
7f80a0320000-7f80a0520000 ---p 000e8000 08:03 4200440                    /usr/lib/x86_64-linux-gnu/libstdc++.so.6.0.17
7f80a0520000-7f80a0528000 r--p 000e8000 08:03 4200440                    /usr/lib/x86_64-linux-gnu/libstdc++.so.6.0.17
7f80a0528000-7f80a052a000 rw-p 000f0000 08:03 4200440                    /usr/lib/x86_64-linux-gnu/libstdc++.so.6.0.17
7f80a052a000-7f80a053f000 rw-p 00000000 00:00 0 
7f80a053f000-7f80a1008000 r-xp 00000000 08:03 3934204                    /usr/lib/jvm/java-7-openjdk-amd64/jre/lib/amd64/server/libjvm.so
7f80a1008000-7f80a1208000 ---p 00ac9000 08:03 3934204                    /usr/lib/jvm/java-7-openjdk-amd64/jre/lib/amd64/server/libjvm.so
7f80a1208000-7f80a12a0000 r--p 00ac9000 08:03 3934204                    /usr/lib/jvm/java-7-openjdk-amd64/jre/lib/amd64/server/libjvm.so
7f80a12a0000-7f80a12c3000 rw-p 00b61000 08:03 3934204                    /usr/lib/jvm/java-7-openjdk-amd64/jre/lib/amd64/server/libjvm.so
7f80a12c3000-7f80a12f0000 rw-p 00000000 00:00 0 
7f80a12f0000-7f80a1307000 r-xp 00000000 08:03 12192203                   /lib/x86_64-linux-gnu/libz.so.1.2.8
7f80a1307000-7f80a1506000 ---p 00017000 08:03 12192203                   /lib/x86_64-linux-gnu/libz.so.1.2.8
7f80a1506000-7f80a1507000 r--p 00016000 08:03 12192203                   /lib/x86_64-linux-gnu/libz.so.1.2.8
7f80a1507000-7f80a1508000 rw-p 00017000 08:03 12192203                   /lib/x86_64-linux-gnu/libz.so.1.2.8
7f80a1508000-7f80a16a7000 r-xp 00000000 08:03 12192214                   /lib/x86_64-linux-gnu/libc-2.19.so
7f80a16a7000-7f80a18a7000 ---p 0019f000 08:03 12192214                   /lib/x86_64-linux-gnu/libc-2.19.so
7f80a18a7000-7f80a18ab000 r--p 0019f000 08:03 12192214                   /lib/x86_64-linux-gnu/libc-2.19.so
7f80a18ab000-7f80a18ad000 rw-p 001a3000 08:03 12192214                   /lib/x86_64-linux-gnu/libc-2.19.so
7f80a18ad000-7f80a18b1000 rw-p 00000000 00:00 0 
7f80a18b1000-7f80a18b4000 r-xp 00000000 08:03 12192219                   /lib/x86_64-linux-gnu/libdl-2.19.so
7f80a18b4000-7f80a1ab3000 ---p 00003000 08:03 12192219                   /lib/x86_64-linux-gnu/libdl-2.19.so
7f80a1ab3000-7f80a1ab4000 r--p 00002000 08:03 12192219                   /lib/x86_64-linux-gnu/libdl-2.19.so
7f80a1ab4000-7f80a1ab5000 rw-p 00003000 08:03 12192219                   /lib/x86_64-linux-gnu/libdl-2.19.so
7f80a1ab5000-7f80a1ac2000 r-xp 00000000 08:03 3934207                    /usr/lib/jvm/java-7-openjdk-amd64/jre/lib/amd64/jli/libjli.so
7f80a1ac2000-7f80a1cc1000 ---p 0000d000 08:03 3934207                    /usr/lib/jvm/java-7-openjdk-amd64/jre/lib/amd64/jli/libjli.so
7f80a1cc1000-7f80a1cc2000 r--p 0000c000 08:03 3934207                    /usr/lib/jvm/java-7-openjdk-amd64/jre/lib/amd64/jli/libjli.so
7f80a1cc2000-7f80a1cc3000 rw-p 0000d000 08:03 3934207                    /usr/lib/jvm/java-7-openjdk-amd64/jre/lib/amd64/jli/libjli.so
7f80a1cc3000-7f80a1cdb000 r-xp 00000000 08:03 12192218                   /lib/x86_64-linux-gnu/libpthread-2.19.so
7f80a1cdb000-7f80a1eda000 ---p 00018000 08:03 12192218                   /lib/x86_64-linux-gnu/libpthread-2.19.so
7f80a1eda000-7f80a1edb000 r--p 00017000 08:03 12192218                   /lib/x86_64-linux-gnu/libpthread-2.19.so
7f80a1edb000-7f80a1edc000 rw-p 00018000 08:03 12192218                   /lib/x86_64-linux-gnu/libpthread-2.19.so
7f80a1edc000-7f80a1ee0000 rw-p 00000000 00:00 0 
7f80a1ee0000-7f80a1f00000 r-xp 00000000 08:03 12192217                   /lib/x86_64-linux-gnu/ld-2.19.so
7f80a1f00000-7f80a1f01000 r--s 000cd000 08:03 10488678                   /home/chobe/.gradle/caches/modules-2/files-2.1/com.badlogicgames.gdx/gdx-platform/1.1.0/1c7ea4239c2d9adda420c15985fe3885c481fdcf/gdx-platform-1.1.0-natives-desktop.jar
7f80a1f01000-7f80a1f04000 r--s 0001f000 08:03 10488677                   /home/chobe/.gradle/caches/modules-2/files-2.1/com.badlogicgames.gdx/gdx-backend-lwjgl/1.1.0/eafa409559820c1696e165e1280435f1332fc32b/gdx-backend-lwjgl-1.1.0.jar
7f80a1f04000-7f80a1f06000 r--s 00018000 08:01 754491                     /media/winDisk/Users/ChobeDucket/Documents/sheep/core/build/libs/core-1.0.jar
7f80a1f06000-7f80a1f0a000 r--s 0003b000 08:03 3934173                    /usr/lib/jvm/java-7-openjdk-amd64/jre/lib/ext/sunpkcs11.jar
7f80a1f0a000-7f80a1f0b000 r--s 00002000 08:03 3934178                    /usr/lib/jvm/java-7-openjdk-amd64/jre/lib/ext/dnsns.jar
7f80a1f0b000-7f80a1f0e000 r--s 00032000 08:03 3934176                    /usr/lib/jvm/java-7-openjdk-amd64/jre/lib/ext/sunjce_provider.jar
7f80a1f0e000-7f80a1f10000 r--s 0000f000 08:03 3934175                    /usr/lib/jvm/java-7-openjdk-amd64/jre/lib/ext/pulse-java.jar
7f80a1f10000-7f80a1f12000 r--s 00012000 08:03 3934174                    /usr/lib/jvm/java-7-openjdk-amd64/jre/lib/ext/zipfs.jar
7f80a1f12000-7f80a1f16000 r--s 00085000 08:03 3934172                    /usr/lib/jvm/java-7-openjdk-amd64/jre/lib/ext/localedata.jar
7f80a1f16000-7f80a1f17000 r--s 00007000 08:03 5645676                    /usr/share/java/java-atk-wrapper.jar
7f80a1f17000-7f80a1f21000 rw-p 00000000 00:00 0 
7f80a1f21000-7f80a1fd7000 rw-p 00000000 00:00 0 
7f80a1fd7000-7f80a1fda000 ---p 00000000 00:00 0 
7f80a1fda000-7f80a20f4000 rw-p 00000000 00:00 0 
7f80a20f4000-7f80a20fc000 rw-s 00000000 08:03 10490853                   /tmp/hsperfdata_chobe/10836 (deleted)
7f80a20fc000-7f80a20fd000 rw-p 00000000 00:00 0 
7f80a20fd000-7f80a20fe000 ---p 00000000 00:00 0 
7f80a20fe000-7f80a2100000 rw-p 00000000 00:00 0 
7f80a2100000-7f80a2101000 r--p 00020000 08:03 12192217                   /lib/x86_64-linux-gnu/ld-2.19.so
7f80a2101000-7f80a2102000 rw-p 00021000 08:03 12192217                   /lib/x86_64-linux-gnu/ld-2.19.so
7f80a2102000-7f80a2103000 rw-p 00000000 00:00 0 
7fff4dfc0000-7fff4dfe2000 rw-p 00000000 00:00 0                          [stack]
7fff4dfff000-7fff4e000000 r-xp 00000000 00:00 0                          [vdso]
ffffffffff600000-ffffffffff601000 r-xp 00000000 00:00 0                  [vsyscall]

VM Arguments:
jvm_args: -Dfile.encoding=UTF-8 
java_command: com.mygdx.sheep.desktop.DesktopLauncher
Launcher Type: SUN_STANDARD

Environment Variables:
PATH=/usr/local/bin:/usr/bin:/bin:/usr/local/games:/usr/games:/home/chobe/.local/bin:/home/chobe/sdks/adt-bundle-linux-x86_64-20140321/sdk//platform-tools/adb:/home/chobe/sdks/adt-bundle-linux-x86_64-20140321/sdk//platform-tools/
USERNAME=chobe
SHELL=/bin/bash
DISPLAY=:0

Signal Handlers:
SIGSEGV: [libjvm.so+0x8f9750], sa_mask[0]=0x7ffbfeff, sa_flags=0x10000004
SIGBUS: [libjvm.so+0x8f9750], sa_mask[0]=0x7ffbfeff, sa_flags=0x10000004
SIGFPE: [libjvm.so+0x7827c0], sa_mask[0]=0x7ffbfeff, sa_flags=0x10000004
SIGPIPE: [libjvm.so+0x7827c0], sa_mask[0]=0x7ffbfeff, sa_flags=0x10000004
SIGXFSZ: [libjvm.so+0x7827c0], sa_mask[0]=0x7ffbfeff, sa_flags=0x10000004
SIGILL: [libjvm.so+0x7827c0], sa_mask[0]=0x7ffbfeff, sa_flags=0x10000004
SIGUSR1: SIG_DFL, sa_mask[0]=0x00000000, sa_flags=0x00000000
SIGUSR2: [libjvm.so+0x782ab0], sa_mask[0]=0x00000004, sa_flags=0x10000004
SIGHUP: [libjvm.so+0x782c20], sa_mask[0]=0x7ffbfeff, sa_flags=0x10000004
SIGINT: [libjvm.so+0x782c20], sa_mask[0]=0x7ffbfeff, sa_flags=0x10000004
SIGTERM: [libjvm.so+0x782c20], sa_mask[0]=0x7ffbfeff, sa_flags=0x10000004
SIGQUIT: [libjvm.so+0x782c20], sa_mask[0]=0x7ffbfeff, sa_flags=0x10000004


---------------  S Y S T E M  ---------------

OS:7.5

uname:Linux 3.2.0-4-amd64 #1 SMP Debian 3.2.57-3+deb7u1 x86_64
libc:glibc 2.19 NPTL 2.19 
rlimit: STACK 8192k, CORE 0k, NPROC 31105, NOFILE 4096, AS infinity
load average:0.73 0.29 0.15

/proc/meminfo:
MemTotal:        3993672 kB
MemFree:          142420 kB
Buffers:          163436 kB
Cached:          1167680 kB
SwapCached:          144 kB
Active:          2413052 kB
Inactive:        1099040 kB
Active(anon):    1771064 kB
Inactive(anon):   453924 kB
Active(file):     641988 kB
Inactive(file):   645116 kB
Unevictable:           0 kB
Mlocked:               0 kB
SwapTotal:       4120572 kB
SwapFree:        4117756 kB
Dirty:              1400 kB
Writeback:             0 kB
AnonPages:       2180928 kB
Mapped:           260880 kB
Shmem:             44012 kB
Slab:             150728 kB
SReclaimable:     122164 kB
SUnreclaim:        28564 kB
KernelStack:        4552 kB
PageTables:        37792 kB
NFS_Unstable:          0 kB
Bounce:                0 kB
WritebackTmp:          0 kB
CommitLimit:     6117408 kB
Committed_AS:    5354804 kB
VmallocTotal:   34359738367 kB
VmallocUsed:      170488 kB
VmallocChunk:   34359561688 kB
HardwareCorrupted:     0 kB
AnonHugePages:         0 kB
HugePages_Total:       0
HugePages_Free:        0
HugePages_Rsvd:        0
HugePages_Surp:        0
Hugepagesize:       2048 kB
DirectMap4k:      101376 kB
DirectMap2M:     4026368 kB


CPU:total 4 (4 cores per cpu, 1 threads per core) family 6 model 15 stepping 11, cmov, cx8, fxsr, mmx, sse, sse2, sse3, ssse3, tsc

/proc/cpuinfo:
processor	: 0
vendor_id	: GenuineIntel
cpu family	: 6
model		: 15
model name	: Intel(R) Core(TM)2 Quad CPU    Q6600  @ 2.40GHz
stepping	: 11
cpu MHz		: 1596.000
cache size	: 4096 KB
physical id	: 0
siblings	: 4
core id		: 0
cpu cores	: 4
apicid		: 0
initial apicid	: 0
fpu		: yes
fpu_exception	: yes
cpuid level	: 10
wp		: yes
flags		: fpu vme de pse tsc msr pae mce cx8 apic sep mtrr pge mca cmov pat pse36 clflush dts acpi mmx fxsr sse sse2 ss ht tm pbe syscall nx lm constant_tsc arch_perfmon pebs bts rep_good nopl aperfmperf pni dtes64 monitor ds_cpl vmx est tm2 ssse3 cx16 xtpr pdcm lahf_lm dtherm tpr_shadow vnmi flexpriority
bogomips	: 4795.16
clflush size	: 64
cache_alignment	: 64
address sizes	: 36 bits physical, 48 bits virtual
power management:

processor	: 1
vendor_id	: GenuineIntel
cpu family	: 6
model		: 15
model name	: Intel(R) Core(TM)2 Quad CPU    Q6600  @ 2.40GHz
stepping	: 11
cpu MHz		: 1596.000
cache size	: 4096 KB
physical id	: 0
siblings	: 4
core id		: 2
cpu cores	: 4
apicid		: 2
initial apicid	: 2
fpu		: yes
fpu_exception	: yes
cpuid level	: 10
wp		: yes
flags		: fpu vme de pse tsc msr pae mce cx8 apic sep mtrr pge mca cmov pat pse36 clflush dts acpi mmx fxsr sse sse2 ss ht tm pbe syscall nx lm constant_tsc arch_perfmon pebs bts rep_good nopl aperfmperf pni dtes64 monitor ds_cpl vmx est tm2 ssse3 cx16 xtpr pdcm lahf_lm dtherm tpr_shadow vnmi flexpriority
bogomips	: 4795.51
clflush size	: 64
cache_alignment	: 64
address sizes	: 36 bits physical, 48 bits virtual
power management:

processor	: 2
vendor_id	: GenuineIntel
cpu family	: 6
model		: 15
model name	: Intel(R) Core(TM)2 Quad CPU    Q6600  @ 2.40GHz
stepping	: 11
cpu MHz		: 2394.000
cache size	: 4096 KB
physical id	: 0
siblings	: 4
core id		: 1
cpu cores	: 4
apicid		: 1
initial apicid	: 1
fpu		: yes
fpu_exception	: yes
cpuid level	: 10
wp		: yes
flags		: fpu vme de pse tsc msr pae mce cx8 apic sep mtrr pge mca cmov pat pse36 clflush dts acpi mmx fxsr sse sse2 ss ht tm pbe syscall nx lm constant_tsc arch_perfmon pebs bts rep_good nopl aperfmperf pni dtes64 monitor ds_cpl vmx est tm2 ssse3 cx16 xtpr pdcm lahf_lm dtherm tpr_shadow vnmi flexpriority
bogomips	: 4795.49
clflush size	: 64
cache_alignment	: 64
address sizes	: 36 bits physical, 48 bits virtual
power management:

processor	: 3
vendor_id	: GenuineIntel
cpu family	: 6
model		: 15
model name	: Intel(R) Core(TM)2 Quad CPU    Q6600  @ 2.40GHz
stepping	: 11
cpu MHz		: 1596.000
cache size	: 4096 KB
physical id	: 0
siblings	: 4
core id		: 3
cpu cores	: 4
apicid		: 3
initial apicid	: 3
fpu		: yes
fpu_exception	: yes
cpuid level	: 10
wp		: yes
flags		: fpu vme de pse tsc msr pae mce cx8 apic sep mtrr pge mca cmov pat pse36 clflush dts acpi mmx fxsr sse sse2 ss ht tm pbe syscall nx lm constant_tsc arch_perfmon pebs bts rep_good nopl aperfmperf pni dtes64 monitor ds_cpl vmx est tm2 ssse3 cx16 xtpr pdcm lahf_lm dtherm tpr_shadow vnmi flexpriority
bogomips	: 4795.51
clflush size	: 64
cache_alignment	: 64
address sizes	: 36 bits physical, 48 bits virtual
power management:



Memory: 4k page, physical 3993672k(142420k free), swap 4120572k(4117756k free)

vm_info: OpenJDK 64-Bit Server VM (24.51-b03) for linux-amd64 JRE (1.7.0_55-b14), built on May  2 2014 11:33:06 by "buildd" with gcc 4.7.2

time: Wed Jul  2 19:00:13 2014
elapsed time: 6 seconds

