#
# A fatal error has been detected by the Java Runtime Environment:
#
#  SIGSEGV (0xb) at pc=0x00007fc44f896e38, pid=32715, tid=140481752852224
#
# JRE version: OpenJDK Runtime Environment (7.0_55-b14) (build 1.7.0_55-b14)
# Java VM: OpenJDK 64-Bit Server VM (24.51-b03 mixed mode linux-amd64 compressed oops)
# Problematic frame:
# C  [libX11.so.6+0x3ae38]  XQueryExtension+0x28
#
# Failed to write core dump. Core dumps have been disabled. To enable core dumping, try "ulimit -c unlimited" before starting Java again
#
# If you would like to submit a bug report, please include
# instructions on how to reproduce the bug and visit:
#   http://icedtea.classpath.org/bugzilla
#

---------------  T H R E A D  ---------------

Current thread (0x00007fc488076800):  VMThread [stack: 0x00007fc474e9e000,0x00007fc474f9f000] [id=32725]

siginfo:si_signo=SIGSEGV: si_errno=0, si_code=1 (SEGV_MAPERR), si_addr=0x000000002400fb28

Registers:
RAX=0x00007fc468000b10, RBX=0x000000002400f1c0, RCX=0x00007fc474f9d6d8, RDX=0x00007fc474f9d6d4
RSP=0x00007fc474f9d670, RBP=0x00007fc440948600, RSI=0x00007fc44080f992, RDI=0x000000002400f1c0
R8 =0x00007fc474f9d6dc, R9 =0x0000000000000000, R10=0x00007fc4409483c0, R11=0x00007fc48e8dd1c0
R12=0x00007fc44080f992, R13=0x00007fc468000b10, R14=0x00007fc474f9dae0, R15=0x00007fc424027d40
RIP=0x00007fc44f896e38, EFLAGS=0x0000000000010202, CSGSFS=0x0000000000000033, ERR=0x0000000000000004
  TRAPNO=0x000000000000000e

Top of Stack: (sp=0x00007fc474f9d670)
0x00007fc474f9d670:   0000000000000000 0000000000000000
0x00007fc474f9d680:   000000770000006e 0000000000000000
0x00007fc474f9d690:   000100010000007c 000000002400f1c0
0x00007fc474f9d6a0:   00007fc440948600 00007fc44080f992
0x00007fc474f9d6b0:   00007fc468000b10 00007fc474f9dae0
0x00007fc474f9d6c0:   00007fc424027d40 00007fc44f88ae72
0x00007fc474f9d6d0:   00007fc424027d40 00007fc48e921220
0x00007fc474f9d6e0:   0000000000000000 00007fc440948600
0x00007fc474f9d6f0:   000000002400f1c0 00007fc44fba471d
0x00007fc474f9d700:   00007fc44080f992 0000001100000000
0x00007fc474f9d710:   00007fc400000005 0000000000000000
0x00007fc474f9d720:   00007fc474f9d790 000000002400f1c0
0x00007fc474f9d730:   00007fc474f9d9d8 00007fc474f9dae0
0x00007fc474f9d740:   00007fc440961e50 00007fc4407b83d9
0x00007fc474f9d750:   00000000ffffffff 00007fc42400ebe0
0x00007fc474f9d760:   00007fc474f9d790 00007fc4414899e0
0x00007fc474f9d770:   00007fc474f9d9d8 00007fc474f9dae0
0x00007fc474f9d780:   0000000000000000 00007fc4407acae2
0x00007fc474f9d790:   00007fc474f9db50 00007fc44080f911
0x00007fc474f9d7a0:   00007fc474f9db50 00007fc48f28c058
0x00007fc474f9d7b0:   00007fc48f49f1a8 00007fc48f49f740
0x00007fc474f9d7c0:   00007fc48f479000 00007fc4880094f0
0x00007fc474f9d7d0:   00007fc48800a020 00007fc48800a530
0x00007fc474f9d7e0:   00007fc488017440 00007fc4881cb790
0x00007fc474f9d7f0:   00007fc4882f49c0 00007fc4882f08d0
0x00007fc474f9d800:   00007fc488209190 00007fc488219fe0
0x00007fc474f9d810:   00007fc488221680 00007fc488221150
0x00007fc474f9d820:   00007fc488220c20 00007fc488224f70
0x00007fc474f9d830:   00007fc488224a50 00007fc488225d20
0x00007fc474f9d840:   00007fc488224540 00007fc4882206f0
0x00007fc474f9d850:   00007fc488222b10 00007fc488223550
0x00007fc474f9d860:   00007fc488223030 00007fc488223a70 

Instructions: (pc=0x00007fc44f896e38)
0x00007fc44f896e18:   24 e0 48 89 fb 4c 89 6c 24 e8 4c 89 74 24 f0 49
0x00007fc44f896e28:   89 f4 4c 89 7c 24 f8 48 89 6c 24 d8 48 83 ec 58
0x00007fc44f896e38:   48 8b 87 68 09 00 00 49 89 d7 49 89 ce 4d 89 c5
0x00007fc44f896e48:   48 85 c0 74 02 ff 10 ba 08 00 00 00 be 62 00 00 

Register to memory mapping:

RAX=0x00007fc468000b10 is an unknown value
RBX=0x000000002400f1c0 is an unknown value
RCX=0x00007fc474f9d6d8 is an unknown value
RDX=0x00007fc474f9d6d4 is an unknown value
RSP=0x00007fc474f9d670 is an unknown value
RBP=0x00007fc440948600: <offset 0x1cf600> in /usr/lib/x86_64-linux-gnu/libGL.so.1 at 0x00007fc440779000
RSI=0x00007fc44080f992: <offset 0x96992> in /usr/lib/x86_64-linux-gnu/libGL.so.1 at 0x00007fc440779000
RDI=0x000000002400f1c0 is an unknown value
R8 =0x00007fc474f9d6dc is an unknown value
R9 =0x0000000000000000 is an unknown value
R10=0x00007fc4409483c0: <offset 0x1cf3c0> in /usr/lib/x86_64-linux-gnu/libGL.so.1 at 0x00007fc440779000
R11=0x00007fc48e8dd1c0: __cxa_finalize+0 in /lib/x86_64-linux-gnu/libc.so.6 at 0x00007fc48e8a5000
R12=0x00007fc44080f992: <offset 0x96992> in /usr/lib/x86_64-linux-gnu/libGL.so.1 at 0x00007fc440779000
R13=0x00007fc468000b10 is an unknown value
R14=0x00007fc474f9dae0 is an unknown value
R15=0x00007fc424027d40 is an unknown value


Stack: [0x00007fc474e9e000,0x00007fc474f9f000],  sp=0x00007fc474f9d670,  free space=1021k
Native frames: (J=compiled Java code, j=interpreted, Vv=VM code, C=native code)
C  [libX11.so.6+0x3ae38]  XQueryExtension+0x28

VM_Operation (0x00007fc42fffe6c0): Exit, mode: safepoint, requested by thread 0x00007fc488392000


---------------  P R O C E S S  ---------------

Java Threads: ( => current thread )
  0x00007fc408042000 JavaThread "Keep-Alive-Timer" daemon [_thread_blocked, id=32748, stack(0x00007fc42faf7000,0x00007fc42fbf8000)]
  0x00007fc40fe67800 JavaThread "pool-1-thread-3" [_thread_blocked, id=32747, stack(0x00007fc42fbf8000,0x00007fc42fcf9000)]
  0x00007fc40fe69800 JavaThread "pool-1-thread-2" [_thread_blocked, id=32746, stack(0x00007fc434068000,0x00007fc434169000)]
  0x00007fc40fdf7000 JavaThread "pool-1-thread-1" [_thread_blocked, id=32745, stack(0x00007fc434583000,0x00007fc434684000)]
  0x00007fc4253eb000 JavaThread "AsynchExecutor-Thread" daemon [_thread_blocked, id=32744, stack(0x00007fc44031b000,0x00007fc44041c000)]
  0x00007fc424011800 JavaThread "process reaper" daemon [_thread_blocked, id=32740, stack(0x00007fc474070000,0x00007fc4740a9000)]
  0x00007fc48800b000 JavaThread "DestroyJavaVM" [_thread_blocked, id=32720, stack(0x00007fc48f374000,0x00007fc48f475000)]
  0x00007fc488392000 JavaThread "LWJGL Application" [_thread_blocked, id=32738, stack(0x00007fc42feff000,0x00007fc430000000)]
  0x00007fc4882ef800 JavaThread "AWT-XAWT" daemon [_thread_blocked, id=32734, stack(0x00007fc4480fb000,0x00007fc4481fc000)]
  0x00007fc4882cd800 JavaThread "Java2D Disposer" daemon [_thread_blocked, id=32733, stack(0x00007fc4481fc000,0x00007fc4482fd000)]
  0x00007fc4880a7000 JavaThread "Service Thread" daemon [_thread_blocked, id=32731, stack(0x00007fc47470f000,0x00007fc474810000)]
  0x00007fc4880a5000 JavaThread "C2 CompilerThread1" daemon [_thread_blocked, id=32730, stack(0x00007fc474810000,0x00007fc474911000)]
  0x00007fc4880a2000 JavaThread "C2 CompilerThread0" daemon [_thread_blocked, id=32729, stack(0x00007fc474911000,0x00007fc474a12000)]
  0x00007fc48809f800 JavaThread "Signal Dispatcher" daemon [_thread_blocked, id=32728, stack(0x00007fc474a12000,0x00007fc474b13000)]
  0x00007fc48807c800 JavaThread "Finalizer" daemon [_thread_blocked, id=32727, stack(0x00007fc474c9c000,0x00007fc474d9d000)]
  0x00007fc48807a800 JavaThread "Reference Handler" daemon [_thread_blocked, id=32726, stack(0x00007fc474d9d000,0x00007fc474e9e000)]

Other Threads:
=>0x00007fc488076800 VMThread [stack: 0x00007fc474e9e000,0x00007fc474f9f000] [id=32725]

VM state:at safepoint (shutting down)

VM Mutex/Monitor currently owned by a thread:  ([mutex/lock_event])
[0x00007fc4880077a0] Threads_lock - owner thread: 0x00007fc488076800

Heap
 PSYoungGen      total 18432K, used 6337K [0x00000000eba80000, 0x00000000ecf00000, 0x0000000100000000)
  eden space 15872K, 23% used [0x00000000eba80000,0x00000000ebe34ac0,0x00000000eca00000)
  from space 2560K, 99% used [0x00000000ecc80000,0x00000000ecefba50,0x00000000ecf00000)
  to   space 2560K, 0% used [0x00000000eca00000,0x00000000eca00000,0x00000000ecc80000)
 ParOldGen       total 41472K, used 5851K [0x00000000c3000000, 0x00000000c5880000, 0x00000000eba80000)
  object space 41472K, 14% used [0x00000000c3000000,0x00000000c35b6e00,0x00000000c5880000)
 PSPermGen       total 21504K, used 13182K [0x00000000b8a00000, 0x00000000b9f00000, 0x00000000c3000000)
  object space 21504K, 61% used [0x00000000b8a00000,0x00000000b96dfbe0,0x00000000b9f00000)

Card table byte_map: [0x00007fc484dc4000,0x00007fc485000000] byte_map_base: 0x00007fc4847ff000

Polling page: 0x00007fc48f49a000

Code Cache  [0x00007fc485000000, 0x00007fc485270000, 0x00007fc488000000)
 total_blobs=709 nmethods=161 adapters=502 free_code_cache=48264Kb largest_free_block=49404608

Compilation events (10 events):
Event: 13.550 Thread 0x00007fc4880a2000 nmethod 156 0x00007fc4850d6e90 code [0x00007fc4850d7000, 0x00007fc4850d7198]
Event: 13.551 Thread 0x00007fc4880a5000 nmethod 157 0x00007fc4850d9090 code [0x00007fc4850d9200, 0x00007fc4850d9398]
Event: 14.131 Thread 0x00007fc4880a2000  158             com.badlogic.gdx.graphics.g2d.SpriteBatch::switchTexture (32 bytes)
Event: 14.134 Thread 0x00007fc4880a2000 nmethod 158 0x00007fc4850c7210 code [0x00007fc4850c73a0, 0x00007fc4850c7508]
Event: 15.148 Thread 0x00007fc4880a5000  160             com.badlogic.gdx.scenes.scene2d.ui.Widget::validate (93 bytes)
Event: 15.150 Thread 0x00007fc4880a5000 nmethod 160 0x00007fc4850c7c90 code [0x00007fc4850c7e00, 0x00007fc4850c7f28]
Event: 15.165 Thread 0x00007fc4880a2000  161             com.badlogic.gdx.scenes.scene2d.Group::draw (35 bytes)
Event: 15.176 Thread 0x00007fc4880a2000 nmethod 161 0x00007fc4850e0150 code [0x00007fc4850e03a0, 0x00007fc4850e0ab0]
Event: 15.464 Thread 0x00007fc4880a5000  162             com.badlogic.gdx.graphics.g2d.SpriteBatch::setColor (45 bytes)
Event: 15.465 Thread 0x00007fc4880a5000 nmethod 162 0x00007fc4850c5390 code [0x00007fc4850c5500, 0x00007fc4850c5618]

GC Heap History (4 events):
Event: 1.660 GC heap before
{Heap before GC invocations=1 (full 0):
 PSYoungGen      total 18432K, used 15872K [0x00000000eba80000, 0x00000000ecf00000, 0x0000000100000000)
  eden space 15872K, 100% used [0x00000000eba80000,0x00000000eca00000,0x00000000eca00000)
  from space 2560K, 0% used [0x00000000ecc80000,0x00000000ecc80000,0x00000000ecf00000)
  to   space 2560K, 0% used [0x00000000eca00000,0x00000000eca00000,0x00000000ecc80000)
 ParOldGen       total 41472K, used 0K [0x00000000c3000000, 0x00000000c5880000, 0x00000000eba80000)
  object space 41472K, 0% used [0x00000000c3000000,0x00000000c3000000,0x00000000c5880000)
 PSPermGen       total 21504K, used 9261K [0x00000000b8a00000, 0x00000000b9f00000, 0x00000000c3000000)
  object space 21504K, 43% used [0x00000000b8a00000,0x00000000b930b7d8,0x00000000b9f00000)
Event: 1.671 GC heap after
Heap after GC invocations=1 (full 0):
 PSYoungGen      total 18432K, used 2558K [0x00000000eba80000, 0x00000000ecf00000, 0x0000000100000000)
  eden space 15872K, 0% used [0x00000000eba80000,0x00000000eba80000,0x00000000eca00000)
  from space 2560K, 99% used [0x00000000eca00000,0x00000000ecc7fa20,0x00000000ecc80000)
  to   space 2560K, 0% used [0x00000000ecc80000,0x00000000ecc80000,0x00000000ecf00000)
 ParOldGen       total 41472K, used 2369K [0x00000000c3000000, 0x00000000c5880000, 0x00000000eba80000)
  object space 41472K, 5% used [0x00000000c3000000,0x00000000c3250728,0x00000000c5880000)
 PSPermGen       total 21504K, used 9261K [0x00000000b8a00000, 0x00000000b9f00000, 0x00000000c3000000)
  object space 21504K, 43% used [0x00000000b8a00000,0x00000000b930b7d8,0x00000000b9f00000)
}
Event: 7.079 GC heap before
{Heap before GC invocations=2 (full 0):
 PSYoungGen      total 18432K, used 18430K [0x00000000eba80000, 0x00000000ecf00000, 0x0000000100000000)
  eden space 15872K, 100% used [0x00000000eba80000,0x00000000eca00000,0x00000000eca00000)
  from space 2560K, 99% used [0x00000000eca00000,0x00000000ecc7fa20,0x00000000ecc80000)
  to   space 2560K, 0% used [0x00000000ecc80000,0x00000000ecc80000,0x00000000ecf00000)
 ParOldGen       total 41472K, used 2369K [0x00000000c3000000, 0x00000000c5880000, 0x00000000eba80000)
  object space 41472K, 5% used [0x00000000c3000000,0x00000000c3250728,0x00000000c5880000)
 PSPermGen       total 21504K, used 13057K [0x00000000b8a00000, 0x00000000b9f00000, 0x00000000c3000000)
  object space 21504K, 60% used [0x00000000b8a00000,0x00000000b96c06e8,0x00000000b9f00000)
Event: 7.091 GC heap after
Heap after GC invocations=2 (full 0):
 PSYoungGen      total 18432K, used 2542K [0x00000000eba80000, 0x00000000ecf00000, 0x0000000100000000)
  eden space 15872K, 0% used [0x00000000eba80000,0x00000000eba80000,0x00000000eca00000)
  from space 2560K, 99% used [0x00000000ecc80000,0x00000000ecefba50,0x00000000ecf00000)
  to   space 2560K, 0% used [0x00000000eca00000,0x00000000eca00000,0x00000000ecc80000)
 ParOldGen       total 41472K, used 5851K [0x00000000c3000000, 0x00000000c5880000, 0x00000000eba80000)
  object space 41472K, 14% used [0x00000000c3000000,0x00000000c35b6e00,0x00000000c5880000)
 PSPermGen       total 21504K, used 13057K [0x00000000b8a00000, 0x00000000b9f00000, 0x00000000c3000000)
  object space 21504K, 60% used [0x00000000b8a00000,0x00000000b96c06e8,0x00000000b9f00000)
}

Deoptimization events (9 events):
Event: 0.213 Thread 0x00007fc48800b000 Uncommon trap: reason=class_check action=maybe_recompile pc=0x00007fc485064f74 method=java.util.Properties$LineReader.readLine()I @ 62
Event: 5.578 Thread 0x00007fc40fdf7000 Uncommon trap: reason=unreached action=reinterpret pc=0x00007fc4850a81f4 method=java.lang.Integer.parseInt(Ljava/lang/String;I)I @ 1
Event: 5.874 Thread 0x00007fc40fe67800 Uncommon trap: reason=class_check action=maybe_recompile pc=0x00007fc485064f74 method=java.util.Properties$LineReader.readLine()I @ 62
Event: 5.874 Thread 0x00007fc40fe67800 Uncommon trap: reason=class_check action=maybe_recompile pc=0x00007fc485064f74 method=java.util.Properties$LineReader.readLine()I @ 62
Event: 5.878 Thread 0x00007fc40fe67800 Uncommon trap: reason=class_check action=maybe_recompile pc=0x00007fc485064f74 method=java.util.Properties$LineReader.readLine()I @ 62
Event: 9.234 Thread 0x00007fc488392000 Uncommon trap: reason=bimorphic action=maybe_recompile pc=0x00007fc4850bfaec method=com.badlogic.gdx.scenes.scene2d.ui.WidgetGroup.validate()V @ 114
Event: 9.234 Thread 0x00007fc488392000 Uncommon trap: reason=bimorphic action=maybe_recompile pc=0x00007fc4850bfaec method=com.badlogic.gdx.scenes.scene2d.ui.WidgetGroup.validate()V @ 114
Event: 9.234 Thread 0x00007fc488392000 Uncommon trap: reason=bimorphic action=maybe_recompile pc=0x00007fc4850bfaec method=com.badlogic.gdx.scenes.scene2d.ui.WidgetGroup.validate()V @ 114
Event: 9.235 Thread 0x00007fc488392000 Uncommon trap: reason=bimorphic action=maybe_recompile pc=0x00007fc4850bfaec method=com.badlogic.gdx.scenes.scene2d.ui.WidgetGroup.validate()V @ 114

Internal exceptions (10 events):
Event: 12.850 Thread 0x00007fc488392000 Threw 0x00000000ebcc0c98 at /build/openjdk-7-kBcQ8a/openjdk-7-7u55-2.4.7/build/openjdk/hotspot/src/share/vm/prims/jvm.cpp:1244
Event: 14.399 Thread 0x00007fc40fe69800 Threw 0x00000000ebd6b7c0 at /build/openjdk-7-kBcQ8a/openjdk-7-7u55-2.4.7/build/openjdk/hotspot/src/share/vm/prims/jvm.cpp:1244
Event: 14.400 Thread 0x00007fc40fe69800 Threw 0x00000000ebd6d170 at /build/openjdk-7-kBcQ8a/openjdk-7-7u55-2.4.7/build/openjdk/hotspot/src/share/vm/prims/jvm.cpp:1244
Event: 14.401 Thread 0x00007fc40fe69800 Threw 0x00000000ebd6e358 at /build/openjdk-7-kBcQ8a/openjdk-7-7u55-2.4.7/build/openjdk/hotspot/src/share/vm/prims/jvm.cpp:1244
Event: 14.401 Thread 0x00007fc40fe69800 Threw 0x00000000ebd6fc58 at /build/openjdk-7-kBcQ8a/openjdk-7-7u55-2.4.7/build/openjdk/hotspot/src/share/vm/prims/jvm.cpp:1244
Event: 14.401 Thread 0x00007fc40fe69800 Threw 0x00000000ebd70a98 at /build/openjdk-7-kBcQ8a/openjdk-7-7u55-2.4.7/build/openjdk/hotspot/src/share/vm/prims/jvm.cpp:1244
Event: 14.401 Thread 0x00007fc40fe69800 Threw 0x00000000ebd72398 at /build/openjdk-7-kBcQ8a/openjdk-7-7u55-2.4.7/build/openjdk/hotspot/src/share/vm/prims/jvm.cpp:1244
Event: 15.797 Thread 0x00007fc488392000 Threw 0x00000000ebddd8f0 at /build/openjdk-7-kBcQ8a/openjdk-7-7u55-2.4.7/build/openjdk/hotspot/src/share/vm/prims/jvm.cpp:1244
Event: 15.806 Thread 0x00007fc488392000 Threw 0x00000000ebde1db8 at /build/openjdk-7-kBcQ8a/openjdk-7-7u55-2.4.7/build/openjdk/hotspot/src/share/vm/prims/jvm.cpp:1244
Event: 15.811 Thread 0x00007fc488392000 Threw 0x00000000ebde7158 at /build/openjdk-7-kBcQ8a/openjdk-7-7u55-2.4.7/build/openjdk/hotspot/src/share/vm/prims/jvm.cpp:1244

Events (10 events):
Event: 15.974 loading class 0x00007fc45c134e30 done
Event: 15.975 Thread 0x00007fc40fdf8000 Thread added: 0x00007fc40fdf8000
Event: 15.975 loading class 0x00007fc488258ab0
Event: 15.975 loading class 0x00007fc45809ade0
Event: 15.975 loading class 0x00007fc45809ade0 done
Event: 15.975 loading class 0x00007fc45809ae10
Event: 15.975 loading class 0x00007fc45809ae10 done
Event: 15.975 loading class 0x00007fc488258ab0 done
Event: 15.976 Thread 0x00007fc40fdf8000 Thread exited: 0x00007fc40fdf8000
Event: 15.977 Executing VM operation: Exit


Dynamic libraries:
00400000-00401000 r-xp 00000000 08:03 3934148                            /usr/lib/jvm/java-7-openjdk-amd64/jre/bin/java
00600000-00601000 r--p 00000000 08:03 3934148                            /usr/lib/jvm/java-7-openjdk-amd64/jre/bin/java
00601000-00602000 rw-p 00001000 08:03 3934148                            /usr/lib/jvm/java-7-openjdk-amd64/jre/bin/java
00691000-008b6000 rw-p 00000000 00:00 0                                  [heap]
b8a00000-b9f00000 rw-p 00000000 00:00 0 
b9f00000-c3000000 rw-p 00000000 00:00 0 
c3000000-c5880000 rw-p 00000000 00:00 0 
c5880000-eba80000 rw-p 00000000 00:00 0 
eba80000-ecf00000 rw-p 00000000 00:00 0 
ecf00000-100000000 rw-p 00000000 00:00 0 
7fc3f4000000-7fc3f4021000 rw-p 00000000 00:00 0 
7fc3f4021000-7fc3f8000000 ---p 00000000 00:00 0 
7fc3fc000000-7fc3fc021000 rw-p 00000000 00:00 0 
7fc3fc021000-7fc400000000 ---p 00000000 00:00 0 
7fc400000000-7fc400043000 rw-p 00000000 00:00 0 
7fc400043000-7fc404000000 ---p 00000000 00:00 0 
7fc404000000-7fc4078e9000 rw-p 00000000 00:00 0 
7fc4078e9000-7fc408000000 ---p 00000000 00:00 0 
7fc408000000-7fc40804f000 rw-p 00000000 00:00 0 
7fc40804f000-7fc40c000000 ---p 00000000 00:00 0 
7fc40c000000-7fc40ffb0000 rw-p 00000000 00:00 0 
7fc40ffb0000-7fc410000000 ---p 00000000 00:00 0 
7fc414000000-7fc4140ae000 rw-p 00000000 00:00 0 
7fc4140ae000-7fc418000000 ---p 00000000 00:00 0 
7fc418000000-7fc4187d8000 rw-p 00000000 00:00 0 
7fc4187d8000-7fc41c000000 ---p 00000000 00:00 0 
7fc41c000000-7fc41c021000 rw-p 00000000 00:00 0 
7fc41c021000-7fc420000000 ---p 00000000 00:00 0 
7fc420000000-7fc4200b4000 rw-p 00000000 00:00 0 
7fc4200b4000-7fc424000000 ---p 00000000 00:00 0 
7fc424000000-7fc427f6c000 rw-p 00000000 00:00 0 
7fc427f6c000-7fc428000000 ---p 00000000 00:00 0 
7fc428000000-7fc428021000 rw-p 00000000 00:00 0 
7fc428021000-7fc42c000000 ---p 00000000 00:00 0 
7fc42faf7000-7fc42fafa000 ---p 00000000 00:00 0 
7fc42fafa000-7fc42fbf8000 rw-p 00000000 00:00 0 
7fc42fbf8000-7fc42fbfb000 ---p 00000000 00:00 0 
7fc42fbfb000-7fc42fcf9000 rw-p 00000000 00:00 0 
7fc42fcf9000-7fc42fcfe000 r-xp 00000000 08:03 12192225                   /lib/x86_64-linux-gnu/libnss_dns-2.19.so
7fc42fcfe000-7fc42fefd000 ---p 00005000 08:03 12192225                   /lib/x86_64-linux-gnu/libnss_dns-2.19.so
7fc42fefd000-7fc42fefe000 r--p 00004000 08:03 12192225                   /lib/x86_64-linux-gnu/libnss_dns-2.19.so
7fc42fefe000-7fc42feff000 rw-p 00005000 08:03 12192225                   /lib/x86_64-linux-gnu/libnss_dns-2.19.so
7fc42feff000-7fc42ff02000 ---p 00000000 00:00 0 
7fc42ff02000-7fc430000000 rw-p 00000000 00:00 0 
7fc430000000-7fc430021000 rw-p 00000000 00:00 0 
7fc430021000-7fc434000000 ---p 00000000 00:00 0 
7fc434068000-7fc43406b000 ---p 00000000 00:00 0 
7fc43406b000-7fc434169000 rw-p 00000000 00:00 0 
7fc434169000-7fc43416b000 r-xp 00000000 08:03 12058696                   /lib/libnss_mdns4_minimal.so.2
7fc43416b000-7fc43436a000 ---p 00002000 08:03 12058696                   /lib/libnss_mdns4_minimal.so.2
7fc43436a000-7fc43436b000 rw-p 00001000 08:03 12058696                   /lib/libnss_mdns4_minimal.so.2
7fc43436b000-7fc434382000 r-xp 00000000 08:03 3934214                    /usr/lib/jvm/java-7-openjdk-amd64/jre/lib/amd64/libnet.so
7fc434382000-7fc434581000 ---p 00017000 08:03 3934214                    /usr/lib/jvm/java-7-openjdk-amd64/jre/lib/amd64/libnet.so
7fc434581000-7fc434582000 r--p 00016000 08:03 3934214                    /usr/lib/jvm/java-7-openjdk-amd64/jre/lib/amd64/libnet.so
7fc434582000-7fc434583000 rw-p 00017000 08:03 3934214                    /usr/lib/jvm/java-7-openjdk-amd64/jre/lib/amd64/libnet.so
7fc434583000-7fc434586000 ---p 00000000 00:00 0 
7fc434586000-7fc434684000 rw-p 00000000 00:00 0 
7fc434684000-7fc434685000 ---p 00000000 00:00 0 
7fc434685000-7fc434e85000 rw-p 00000000 00:00 0 
7fc434e85000-7fc434e86000 ---p 00000000 00:00 0 
7fc434e86000-7fc435686000 rw-p 00000000 00:00 0 
7fc435686000-7fc435d86000 rw-s 00006000 00:05 7289                       /dev/ati/card0
7fc435d86000-7fc437c7e000 r-xp 00000000 08:03 4201338                    /usr/lib/x86_64-linux-gnu/dri/fglrx_dri.so
7fc437c7e000-7fc437d7d000 ---p 01ef8000 08:03 4201338                    /usr/lib/x86_64-linux-gnu/dri/fglrx_dri.so
7fc437d7d000-7fc437edb000 rwxp 01ef7000 08:03 4201338                    /usr/lib/x86_64-linux-gnu/dri/fglrx_dri.so
7fc437edb000-7fc437fff000 rwxp 00000000 00:00 0 
7fc43c000000-7fc43c021000 rw-p 00000000 00:00 0 
7fc43c021000-7fc440000000 ---p 00000000 00:00 0 
7fc44031b000-7fc44031e000 ---p 00000000 00:00 0 
7fc44031e000-7fc44041c000 rw-p 00000000 00:00 0 
7fc44051a000-7fc440557000 r-xp 00000000 08:03 4201336                    /usr/lib/x86_64-linux-gnu/libatiadlxx.so
7fc440557000-7fc440656000 ---p 0003d000 08:03 4201336                    /usr/lib/x86_64-linux-gnu/libatiadlxx.so
7fc440656000-7fc440660000 rw-p 0003c000 08:03 4201336                    /usr/lib/x86_64-linux-gnu/libatiadlxx.so
7fc440660000-7fc440670000 rw-p 00000000 00:00 0 
7fc440670000-7fc440677000 r-xp 00000000 08:03 4201328                    /usr/lib/x86_64-linux-gnu/libatiuki.so.1.0
7fc440677000-7fc440777000 ---p 00007000 08:03 4201328                    /usr/lib/x86_64-linux-gnu/libatiuki.so.1.0
7fc440777000-7fc440778000 rw-p 00007000 08:03 4201328                    /usr/lib/x86_64-linux-gnu/libatiuki.so.1.0
7fc440778000-7fc440779000 rw-p 00000000 00:00 0 
7fc440779000-7fc44083c000 r-xp 00000000 08:03 4201341                    /usr/lib/x86_64-linux-gnu/fglrx/fglrx-libGL.so.1.2
7fc44083c000-7fc44093b000 ---p 000c3000 08:03 4201341                    /usr/lib/x86_64-linux-gnu/fglrx/fglrx-libGL.so.1.2
7fc44093b000-7fc440962000 rwxp 000c2000 08:03 4201341                    /usr/lib/x86_64-linux-gnu/fglrx/fglrx-libGL.so.1.2
7fc440962000-7fc440982000 rwxp 00000000 00:00 0 
7fc440982000-7fc440985000 ---p 00000000 00:00 0 
7fc440985000-7fc440a83000 rw-p 00000000 00:00 0 
7fc440a83000-7fc440a84000 ---p 00000000 00:00 0 
7fc440a84000-7fc441284000 rw-p 00000000 00:00 0 
7fc441284000-7fc44128a000 r-xp 00000000 08:03 4200289                    /usr/lib/x86_64-linux-gnu/libogg.so.0.8.0
7fc44128a000-7fc441489000 ---p 00006000 08:03 4200289                    /usr/lib/x86_64-linux-gnu/libogg.so.0.8.0
7fc441489000-7fc44148a000 rw-p 00005000 08:03 4200289                    /usr/lib/x86_64-linux-gnu/libogg.so.0.8.0
7fc44148a000-7fc4414b6000 r-xp 00000000 08:03 4200496                    /usr/lib/x86_64-linux-gnu/libvorbis.so.0.4.5
7fc4414b6000-7fc4416b5000 ---p 0002c000 08:03 4200496                    /usr/lib/x86_64-linux-gnu/libvorbis.so.0.4.5
7fc4416b5000-7fc4416b6000 r--p 0002b000 08:03 4200496                    /usr/lib/x86_64-linux-gnu/libvorbis.so.0.4.5
7fc4416b6000-7fc4416b7000 rw-p 0002c000 08:03 4200496                    /usr/lib/x86_64-linux-gnu/libvorbis.so.0.4.5
7fc4416b7000-7fc44196a000 r-xp 00000000 08:03 4200498                    /usr/lib/x86_64-linux-gnu/libvorbisenc.so.2.0.8
7fc44196a000-7fc441b69000 ---p 002b3000 08:03 4200498                    /usr/lib/x86_64-linux-gnu/libvorbisenc.so.2.0.8
7fc441b69000-7fc441b85000 r--p 002b2000 08:03 4200498                    /usr/lib/x86_64-linux-gnu/libvorbisenc.so.2.0.8
7fc441b85000-7fc441b86000 rw-p 002ce000 08:03 4200498                    /usr/lib/x86_64-linux-gnu/libvorbisenc.so.2.0.8
7fc441b86000-7fc441bd1000 r-xp 00000000 08:03 4199700                    /usr/lib/x86_64-linux-gnu/libFLAC.so.8.2.0
7fc441bd1000-7fc441dd0000 ---p 0004b000 08:03 4199700                    /usr/lib/x86_64-linux-gnu/libFLAC.so.8.2.0
7fc441dd0000-7fc441dd1000 r--p 0004a000 08:03 4199700                    /usr/lib/x86_64-linux-gnu/libFLAC.so.8.2.0
7fc441dd1000-7fc441dd2000 rw-p 0004b000 08:03 4199700                    /usr/lib/x86_64-linux-gnu/libFLAC.so.8.2.0
7fc441dd2000-7fc441dd6000 r-xp 00000000 08:03 12190707                   /lib/x86_64-linux-gnu/libuuid.so.1.3.0
7fc441dd6000-7fc441fd5000 ---p 00004000 08:03 12190707                   /lib/x86_64-linux-gnu/libuuid.so.1.3.0
7fc441fd5000-7fc441fd6000 r--p 00003000 08:03 12190707                   /lib/x86_64-linux-gnu/libuuid.so.1.3.0
7fc441fd6000-7fc441fd7000 rw-p 00004000 08:03 12190707                   /lib/x86_64-linux-gnu/libuuid.so.1.3.0
7fc441fd7000-7fc441fdb000 r-xp 00000000 08:03 12190559                   /lib/x86_64-linux-gnu/libattr.so.1.1.0
7fc441fdb000-7fc4421da000 ---p 00004000 08:03 12190559                   /lib/x86_64-linux-gnu/libattr.so.1.1.0
7fc4421da000-7fc4421db000 r--p 00003000 08:03 12190559                   /lib/x86_64-linux-gnu/libattr.so.1.1.0
7fc4421db000-7fc4421dc000 rw-p 00004000 08:03 12190559                   /lib/x86_64-linux-gnu/libattr.so.1.1.0
7fc4421dc000-7fc4421e1000 r-xp 00000000 08:03 4199797                    /usr/lib/x86_64-linux-gnu/libasyncns.so.0.3.1
7fc4421e1000-7fc4423e0000 ---p 00005000 08:03 4199797                    /usr/lib/x86_64-linux-gnu/libasyncns.so.0.3.1
7fc4423e0000-7fc4423e1000 rw-p 00004000 08:03 4199797                    /usr/lib/x86_64-linux-gnu/libasyncns.so.0.3.1
7fc4423e1000-7fc442442000 r-xp 00000000 08:03 4200411                    /usr/lib/x86_64-linux-gnu/libsndfile.so.1.0.25
7fc442442000-7fc442641000 ---p 00061000 08:03 4200411                    /usr/lib/x86_64-linux-gnu/libsndfile.so.1.0.25
7fc442641000-7fc442643000 r--p 00060000 08:03 4200411                    /usr/lib/x86_64-linux-gnu/libsndfile.so.1.0.25
7fc442643000-7fc442644000 rw-p 00062000 08:03 4200411                    /usr/lib/x86_64-linux-gnu/libsndfile.so.1.0.25
7fc442644000-7fc442648000 rw-p 00000000 00:00 0 
7fc442648000-7fc442651000 r-xp 00000000 08:03 12190709                   /lib/x86_64-linux-gnu/libwrap.so.0.7.6
7fc442651000-7fc442850000 ---p 00009000 08:03 12190709                   /lib/x86_64-linux-gnu/libwrap.so.0.7.6
7fc442850000-7fc442851000 r--p 00008000 08:03 12190709                   /lib/x86_64-linux-gnu/libwrap.so.0.7.6
7fc442851000-7fc442852000 rw-p 00009000 08:03 12190709                   /lib/x86_64-linux-gnu/libwrap.so.0.7.6
7fc442852000-7fc442853000 rw-p 00000000 00:00 0 
7fc442853000-7fc44285a000 r-xp 00000000 08:03 4199720                    /usr/lib/x86_64-linux-gnu/libSM.so.6.0.1
7fc44285a000-7fc442a59000 ---p 00007000 08:03 4199720                    /usr/lib/x86_64-linux-gnu/libSM.so.6.0.1
7fc442a59000-7fc442a5a000 rw-p 00006000 08:03 4199720                    /usr/lib/x86_64-linux-gnu/libSM.so.6.0.1
7fc442a5a000-7fc442a71000 r-xp 00000000 08:03 4199710                    /usr/lib/x86_64-linux-gnu/libICE.so.6.3.0
7fc442a71000-7fc442c70000 ---p 00017000 08:03 4199710                    /usr/lib/x86_64-linux-gnu/libICE.so.6.3.0
7fc442c70000-7fc442c72000 rw-p 00016000 08:03 4199710                    /usr/lib/x86_64-linux-gnu/libICE.so.6.3.0
7fc442c72000-7fc442c75000 rw-p 00000000 00:00 0 
7fc442c75000-7fc442c76000 r-xp 00000000 08:03 4199726                    /usr/lib/x86_64-linux-gnu/libX11-xcb.so.1.0.0
7fc442c76000-7fc442e75000 ---p 00001000 08:03 4199726                    /usr/lib/x86_64-linux-gnu/libX11-xcb.so.1.0.0
7fc442e75000-7fc442e76000 rw-p 00000000 08:03 4199726                    /usr/lib/x86_64-linux-gnu/libX11-xcb.so.1.0.0
7fc442e76000-7fc442e7a000 r-xp 00000000 08:03 12190572                   /lib/x86_64-linux-gnu/libcap.so.2.22
7fc442e7a000-7fc443079000 ---p 00004000 08:03 12190572                   /lib/x86_64-linux-gnu/libcap.so.2.22
7fc443079000-7fc44307a000 rw-p 00003000 08:03 12190572                   /lib/x86_64-linux-gnu/libcap.so.2.22
7fc44307a000-7fc4430db000 r-xp 00000000 08:03 4325923                    /usr/lib/x86_64-linux-gnu/pulseaudio/libpulsecommon-2.0.so
7fc4430db000-7fc4432da000 ---p 00061000 08:03 4325923                    /usr/lib/x86_64-linux-gnu/pulseaudio/libpulsecommon-2.0.so
7fc4432da000-7fc4432db000 r--p 00060000 08:03 4325923                    /usr/lib/x86_64-linux-gnu/pulseaudio/libpulsecommon-2.0.so
7fc4432db000-7fc4432dd000 rw-p 00061000 08:03 4325923                    /usr/lib/x86_64-linux-gnu/pulseaudio/libpulsecommon-2.0.so
7fc4432dd000-7fc4432e6000 r-xp 00000000 08:03 12190608                   /lib/x86_64-linux-gnu/libjson.so.0.1.0
7fc4432e6000-7fc4434e5000 ---p 00009000 08:03 12190608                   /lib/x86_64-linux-gnu/libjson.so.0.1.0
7fc4434e5000-7fc4434e6000 r--p 00008000 08:03 12190608                   /lib/x86_64-linux-gnu/libjson.so.0.1.0
7fc4434e6000-7fc4434e7000 rw-p 00009000 08:03 12190608                   /lib/x86_64-linux-gnu/libjson.so.0.1.0
7fc4434e7000-7fc443530000 r-xp 00000000 08:03 4200364                    /usr/lib/x86_64-linux-gnu/libpulse.so.0.14.2
7fc443530000-7fc44372f000 ---p 00049000 08:03 4200364                    /usr/lib/x86_64-linux-gnu/libpulse.so.0.14.2
7fc44372f000-7fc443730000 r--p 00048000 08:03 4200364                    /usr/lib/x86_64-linux-gnu/libpulse.so.0.14.2
7fc443730000-7fc443731000 rw-p 00049000 08:03 4200364                    /usr/lib/x86_64-linux-gnu/libpulse.so.0.14.2
7fc44398a000-7fc44398e000 r-xp 00000000 08:03 4199775                    /usr/lib/x86_64-linux-gnu/libXxf86vm.so.1.0.0
7fc44398e000-7fc443b8e000 ---p 00004000 08:03 4199775                    /usr/lib/x86_64-linux-gnu/libXxf86vm.so.1.0.0
7fc443b8e000-7fc443b8f000 r--p 00004000 08:03 4199775                    /usr/lib/x86_64-linux-gnu/libXxf86vm.so.1.0.0
7fc443b8f000-7fc443b90000 rw-p 00005000 08:03 4199775                    /usr/lib/x86_64-linux-gnu/libXxf86vm.so.1.0.0
7fc443b90000-7fc443bfc000 r-xp 00000000 08:01 301131                     /media/winDisk/Users/ChobeDucket/Documents/sheep/android/assets/.temp/7b43be9b/liblwjgl64.so
7fc443bfc000-7fc443dfb000 ---p 0006c000 08:01 301131                     /media/winDisk/Users/ChobeDucket/Documents/sheep/android/assets/.temp/7b43be9b/liblwjgl64.so
7fc443dfb000-7fc443dfd000 r--p 0006b000 08:01 301131                     /media/winDisk/Users/ChobeDucket/Documents/sheep/android/assets/.temp/7b43be9b/liblwjgl64.so
7fc443dfd000-7fc443dfe000 rw-p 0006d000 08:01 301131                     /media/winDisk/Users/ChobeDucket/Documents/sheep/android/assets/.temp/7b43be9b/liblwjgl64.so
7fc443dfe000-7fc443dff000 r-xp 00000000 08:03 3934229                    /usr/lib/jvm/java-7-openjdk-amd64/jre/lib/amd64/libjawt.so
7fc443dff000-7fc443ffe000 ---p 00001000 08:03 3934229                    /usr/lib/jvm/java-7-openjdk-amd64/jre/lib/amd64/libjawt.so
7fc443ffe000-7fc443fff000 r--p 00000000 08:03 3934229                    /usr/lib/jvm/java-7-openjdk-amd64/jre/lib/amd64/libjawt.so
7fc443fff000-7fc444000000 rw-p 00001000 08:03 3934229                    /usr/lib/jvm/java-7-openjdk-amd64/jre/lib/amd64/libjawt.so
7fc444000000-7fc444021000 rw-p 00000000 00:00 0 
7fc444021000-7fc448000000 ---p 00000000 00:00 0 
7fc44807e000-7fc4480fb000 rw-p 00000000 00:00 0 
7fc4480fb000-7fc4480fe000 ---p 00000000 00:00 0 
7fc4480fe000-7fc4481fc000 rw-p 00000000 00:00 0 
7fc4481fc000-7fc4481ff000 ---p 00000000 00:00 0 
7fc4481ff000-7fc4482fd000 rw-p 00000000 00:00 0 
7fc4482fd000-7fc448300000 r-xp 00000000 08:03 12190599                   /lib/x86_64-linux-gnu/libgpg-error.so.0.8.0
7fc448300000-7fc4484ff000 ---p 00003000 08:03 12190599                   /lib/x86_64-linux-gnu/libgpg-error.so.0.8.0
7fc4484ff000-7fc448500000 rw-p 00002000 08:03 12190599                   /lib/x86_64-linux-gnu/libgpg-error.so.0.8.0
7fc448500000-7fc448544000 r-xp 00000000 08:03 12190580                   /lib/x86_64-linux-gnu/libdbus-1.so.3.7.2
7fc448544000-7fc448744000 ---p 00044000 08:03 12190580                   /lib/x86_64-linux-gnu/libdbus-1.so.3.7.2
7fc448744000-7fc448745000 r--p 00044000 08:03 12190580                   /lib/x86_64-linux-gnu/libdbus-1.so.3.7.2
7fc448745000-7fc448746000 rw-p 00045000 08:03 12190580                   /lib/x86_64-linux-gnu/libdbus-1.so.3.7.2
7fc448746000-7fc448757000 r-xp 00000000 08:03 4200305                    /usr/lib/x86_64-linux-gnu/libp11-kit.so.0.0.0
7fc448757000-7fc448956000 ---p 00011000 08:03 4200305                    /usr/lib/x86_64-linux-gnu/libp11-kit.so.0.0.0
7fc448956000-7fc448957000 r--p 00010000 08:03 4200305                    /usr/lib/x86_64-linux-gnu/libp11-kit.so.0.0.0
7fc448957000-7fc448958000 rw-p 00011000 08:03 4200305                    /usr/lib/x86_64-linux-gnu/libp11-kit.so.0.0.0
7fc448958000-7fc4489d2000 r-xp 00000000 08:03 12190595                   /lib/x86_64-linux-gnu/libgcrypt.so.11.7.0
7fc4489d2000-7fc448bd2000 ---p 0007a000 08:03 12190595                   /lib/x86_64-linux-gnu/libgcrypt.so.11.7.0
7fc448bd2000-7fc448bd3000 r--p 0007a000 08:03 12190595                   /lib/x86_64-linux-gnu/libgcrypt.so.11.7.0
7fc448bd3000-7fc448bd6000 rw-p 0007b000 08:03 12190595                   /lib/x86_64-linux-gnu/libgcrypt.so.11.7.0
7fc448bd6000-7fc448be6000 r-xp 00000000 08:03 4200448                    /usr/lib/x86_64-linux-gnu/libtasn1.so.3.1.16
7fc448be6000-7fc448de5000 ---p 00010000 08:03 4200448                    /usr/lib/x86_64-linux-gnu/libtasn1.so.3.1.16
7fc448de5000-7fc448de6000 r--p 0000f000 08:03 4200448                    /usr/lib/x86_64-linux-gnu/libtasn1.so.3.1.16
7fc448de6000-7fc448de7000 rw-p 00010000 08:03 4200448                    /usr/lib/x86_64-linux-gnu/libtasn1.so.3.1.16
7fc448de7000-7fc448dea000 r-xp 00000000 08:03 12190610                   /lib/x86_64-linux-gnu/libkeyutils.so.1.4
7fc448dea000-7fc448fe9000 ---p 00003000 08:03 12190610                   /lib/x86_64-linux-gnu/libkeyutils.so.1.4
7fc448fe9000-7fc448fea000 r--p 00002000 08:03 12190610                   /lib/x86_64-linux-gnu/libkeyutils.so.1.4
7fc448fea000-7fc448feb000 rw-p 00003000 08:03 12190610                   /lib/x86_64-linux-gnu/libkeyutils.so.1.4
7fc448feb000-7fc448ff3000 r-xp 00000000 08:03 4200208                    /usr/lib/x86_64-linux-gnu/libkrb5support.so.0.1
7fc448ff3000-7fc4491f2000 ---p 00008000 08:03 4200208                    /usr/lib/x86_64-linux-gnu/libkrb5support.so.0.1
7fc4491f2000-7fc4491f3000 r--p 00007000 08:03 4200208                    /usr/lib/x86_64-linux-gnu/libkrb5support.so.0.1
7fc4491f3000-7fc4491f4000 rw-p 00008000 08:03 4200208                    /usr/lib/x86_64-linux-gnu/libkrb5support.so.0.1
7fc4491f4000-7fc4491f7000 r-xp 00000000 08:03 12190576                   /lib/x86_64-linux-gnu/libcom_err.so.2.1
7fc4491f7000-7fc4493f6000 ---p 00003000 08:03 12190576                   /lib/x86_64-linux-gnu/libcom_err.so.2.1
7fc4493f6000-7fc4493f7000 r--p 00002000 08:03 12190576                   /lib/x86_64-linux-gnu/libcom_err.so.2.1
7fc4493f7000-7fc4493f8000 rw-p 00003000 08:03 12190576                   /lib/x86_64-linux-gnu/libcom_err.so.2.1
7fc4493f8000-7fc44941e000 r-xp 00000000 08:03 4200198                    /usr/lib/x86_64-linux-gnu/libk5crypto.so.3.1
7fc44941e000-7fc44961e000 ---p 00026000 08:03 4200198                    /usr/lib/x86_64-linux-gnu/libk5crypto.so.3.1
7fc44961e000-7fc44961f000 r--p 00026000 08:03 4200198                    /usr/lib/x86_64-linux-gnu/libk5crypto.so.3.1
7fc44961f000-7fc449620000 rw-p 00027000 08:03 4200198                    /usr/lib/x86_64-linux-gnu/libk5crypto.so.3.1
7fc449620000-7fc449621000 rw-p 00000000 00:00 0 
7fc449621000-7fc4496ea000 r-xp 00000000 08:03 4200206                    /usr/lib/x86_64-linux-gnu/libkrb5.so.3.3
7fc4496ea000-7fc4498e9000 ---p 000c9000 08:03 4200206                    /usr/lib/x86_64-linux-gnu/libkrb5.so.3.3
7fc4498e9000-7fc4498f3000 r--p 000c8000 08:03 4200206                    /usr/lib/x86_64-linux-gnu/libkrb5.so.3.3
7fc4498f3000-7fc4498f5000 rw-p 000d2000 08:03 4200206                    /usr/lib/x86_64-linux-gnu/libkrb5.so.3.3
7fc4498f5000-7fc4498fa000 r-xp 00000000 08:03 4199743                    /usr/lib/x86_64-linux-gnu/libXdmcp.so.6.0.0
7fc4498fa000-7fc449af9000 ---p 00005000 08:03 4199743                    /usr/lib/x86_64-linux-gnu/libXdmcp.so.6.0.0
7fc449af9000-7fc449afa000 rw-p 00004000 08:03 4199743                    /usr/lib/x86_64-linux-gnu/libXdmcp.so.6.0.0
7fc449afa000-7fc449afc000 r-xp 00000000 08:03 4199732                    /usr/lib/x86_64-linux-gnu/libXau.so.6.0.0
7fc449afc000-7fc449cfc000 ---p 00002000 08:03 4199732                    /usr/lib/x86_64-linux-gnu/libXau.so.6.0.0
7fc449cfc000-7fc449cfd000 rw-p 00002000 08:03 4199732                    /usr/lib/x86_64-linux-gnu/libXau.so.6.0.0
7fc449cfd000-7fc449d0d000 r-xp 00000000 08:03 4199807                    /usr/lib/x86_64-linux-gnu/libavahi-client.so.3.2.9
7fc449d0d000-7fc449f0c000 ---p 00010000 08:03 4199807                    /usr/lib/x86_64-linux-gnu/libavahi-client.so.3.2.9
7fc449f0c000-7fc449f0d000 r--p 0000f000 08:03 4199807                    /usr/lib/x86_64-linux-gnu/libavahi-client.so.3.2.9
7fc449f0d000-7fc449f0e000 rw-p 00010000 08:03 4199807                    /usr/lib/x86_64-linux-gnu/libavahi-client.so.3.2.9
7fc449f0e000-7fc449f1a000 r-xp 00000000 08:03 4199809                    /usr/lib/x86_64-linux-gnu/libavahi-common.so.3.5.3
7fc449f1a000-7fc44a119000 ---p 0000c000 08:03 4199809                    /usr/lib/x86_64-linux-gnu/libavahi-common.so.3.5.3
7fc44a119000-7fc44a11a000 r--p 0000b000 08:03 4199809                    /usr/lib/x86_64-linux-gnu/libavahi-common.so.3.5.3
7fc44a11a000-7fc44a11b000 rw-p 0000c000 08:03 4199809                    /usr/lib/x86_64-linux-gnu/libavahi-common.so.3.5.3
7fc44a11b000-7fc44a1d4000 r-xp 00000000 08:03 4200060                    /usr/lib/x86_64-linux-gnu/libgnutls.so.26.22.4
7fc44a1d4000-7fc44a3d3000 ---p 000b9000 08:03 4200060                    /usr/lib/x86_64-linux-gnu/libgnutls.so.26.22.4
7fc44a3d3000-7fc44a3d9000 r--p 000b8000 08:03 4200060                    /usr/lib/x86_64-linux-gnu/libgnutls.so.26.22.4
7fc44a3d9000-7fc44a3db000 rw-p 000be000 08:03 4200060                    /usr/lib/x86_64-linux-gnu/libgnutls.so.26.22.4
7fc44a3db000-7fc44a417000 r-xp 00000000 08:03 4200085                    /usr/lib/x86_64-linux-gnu/libgssapi_krb5.so.2.2
7fc44a417000-7fc44a617000 ---p 0003c000 08:03 4200085                    /usr/lib/x86_64-linux-gnu/libgssapi_krb5.so.2.2
7fc44a617000-7fc44a618000 r--p 0003c000 08:03 4200085                    /usr/lib/x86_64-linux-gnu/libgssapi_krb5.so.2.2
7fc44a618000-7fc44a61a000 rw-p 0003d000 08:03 4200085                    /usr/lib/x86_64-linux-gnu/libgssapi_krb5.so.2.2
7fc44a61a000-7fc44a656000 r-xp 00000000 08:03 12190663                   /lib/x86_64-linux-gnu/libpcre.so.3.13.1
7fc44a656000-7fc44a856000 ---p 0003c000 08:03 12190663                   /lib/x86_64-linux-gnu/libpcre.so.3.13.1
7fc44a856000-7fc44a857000 rw-p 0003c000 08:03 12190663                   /lib/x86_64-linux-gnu/libpcre.so.3.13.1
7fc44a857000-7fc44a863000 r-xp 00000000 08:03 4199961                    /usr/lib/x86_64-linux-gnu/libffi.so.5.0.10
7fc44a863000-7fc44aa63000 ---p 0000c000 08:03 4199961                    /usr/lib/x86_64-linux-gnu/libffi.so.5.0.10
7fc44aa63000-7fc44aa64000 rw-p 0000c000 08:03 4199961                    /usr/lib/x86_64-linux-gnu/libffi.so.5.0.10
7fc44aa64000-7fc44aa8b000 r-xp 00000000 08:03 12190588                   /lib/x86_64-linux-gnu/libexpat.so.1.6.0
7fc44aa8b000-7fc44ac8b000 ---p 00027000 08:03 12190588                   /lib/x86_64-linux-gnu/libexpat.so.1.6.0
7fc44ac8b000-7fc44ac8d000 r--p 00027000 08:03 12190588                   /lib/x86_64-linux-gnu/libexpat.so.1.6.0
7fc44ac8d000-7fc44ac8e000 rw-p 00029000 08:03 12190588                   /lib/x86_64-linux-gnu/libexpat.so.1.6.0
7fc44ac8e000-7fc44ac96000 r-xp 00000000 08:03 4200521                    /usr/lib/x86_64-linux-gnu/libxcb-render.so.0.0.0
7fc44ac96000-7fc44ae96000 ---p 00008000 08:03 4200521                    /usr/lib/x86_64-linux-gnu/libxcb-render.so.0.0.0
7fc44ae96000-7fc44ae97000 r--p 00008000 08:03 4200521                    /usr/lib/x86_64-linux-gnu/libxcb-render.so.0.0.0
7fc44ae97000-7fc44ae98000 rw-p 00009000 08:03 4200521                    /usr/lib/x86_64-linux-gnu/libxcb-render.so.0.0.0
7fc44ae98000-7fc44ae9a000 r-xp 00000000 08:03 4200525                    /usr/lib/x86_64-linux-gnu/libxcb-shm.so.0.0.0
7fc44ae9a000-7fc44b099000 ---p 00002000 08:03 4200525                    /usr/lib/x86_64-linux-gnu/libxcb-shm.so.0.0.0
7fc44b099000-7fc44b09a000 r--p 00001000 08:03 4200525                    /usr/lib/x86_64-linux-gnu/libxcb-shm.so.0.0.0
7fc44b09a000-7fc44b09b000 rw-p 00002000 08:03 4200525                    /usr/lib/x86_64-linux-gnu/libxcb-shm.so.0.0.0
7fc44b09b000-7fc44b11b000 r-xp 00000000 08:03 4200335                    /usr/lib/x86_64-linux-gnu/libpixman-1.so.0.26.0
7fc44b11b000-7fc44b31b000 ---p 00080000 08:03 4200335                    /usr/lib/x86_64-linux-gnu/libpixman-1.so.0.26.0
7fc44b31b000-7fc44b321000 rw-p 00080000 08:03 4200335                    /usr/lib/x86_64-linux-gnu/libpixman-1.so.0.26.0
7fc44b321000-7fc44b347000 r-xp 00000000 08:03 12190665                   /lib/x86_64-linux-gnu/libpng12.so.0.49.0
7fc44b347000-7fc44b546000 ---p 00026000 08:03 12190665                   /lib/x86_64-linux-gnu/libpng12.so.0.49.0
7fc44b546000-7fc44b547000 r--p 00025000 08:03 12190665                   /lib/x86_64-linux-gnu/libpng12.so.0.49.0
7fc44b547000-7fc44b548000 rw-p 00026000 08:03 12190665                   /lib/x86_64-linux-gnu/libpng12.so.0.49.0
7fc44b548000-7fc44b55c000 r-xp 00000000 08:03 12192206                   /lib/x86_64-linux-gnu/libresolv-2.19.so
7fc44b55c000-7fc44b75b000 ---p 00014000 08:03 12192206                   /lib/x86_64-linux-gnu/libresolv-2.19.so
7fc44b75b000-7fc44b75c000 r--p 00013000 08:03 12192206                   /lib/x86_64-linux-gnu/libresolv-2.19.so
7fc44b75c000-7fc44b75d000 rw-p 00014000 08:03 12192206                   /lib/x86_64-linux-gnu/libresolv-2.19.so
7fc44b75d000-7fc44b75f000 rw-p 00000000 00:00 0 
7fc44b75f000-7fc44b77d000 r-xp 00000000 08:03 12190680                   /lib/x86_64-linux-gnu/libselinux.so.1
7fc44b77d000-7fc44b97c000 ---p 0001e000 08:03 12190680                   /lib/x86_64-linux-gnu/libselinux.so.1
7fc44b97c000-7fc44b97d000 r--p 0001d000 08:03 12190680                   /lib/x86_64-linux-gnu/libselinux.so.1
7fc44b97d000-7fc44b97e000 rw-p 0001e000 08:03 12190680                   /lib/x86_64-linux-gnu/libselinux.so.1
7fc44b97e000-7fc44b97f000 rw-p 00000000 00:00 0 
7fc44b97f000-7fc44b982000 r-xp 00000000 08:03 4200052                    /usr/lib/x86_64-linux-gnu/libgmodule-2.0.so.0.3200.4
7fc44b982000-7fc44bb81000 ---p 00003000 08:03 4200052                    /usr/lib/x86_64-linux-gnu/libgmodule-2.0.so.0.3200.4
7fc44bb81000-7fc44bb82000 r--p 00002000 08:03 4200052                    /usr/lib/x86_64-linux-gnu/libgmodule-2.0.so.0.3200.4
7fc44bb82000-7fc44bb83000 rw-p 00003000 08:03 4200052                    /usr/lib/x86_64-linux-gnu/libgmodule-2.0.so.0.3200.4
7fc44bb83000-7fc44bb8d000 r-xp 00000000 08:03 4199739                    /usr/lib/x86_64-linux-gnu/libXcursor.so.1.0.2
7fc44bb8d000-7fc44bd8c000 ---p 0000a000 08:03 4199739                    /usr/lib/x86_64-linux-gnu/libXcursor.so.1.0.2
7fc44bd8c000-7fc44bd8d000 rw-p 00009000 08:03 4199739                    /usr/lib/x86_64-linux-gnu/libXcursor.so.1.0.2
7fc44bd8d000-7fc44bd94000 r-xp 00000000 08:03 4199761                    /usr/lib/x86_64-linux-gnu/libXrandr.so.2.2.0
7fc44bd94000-7fc44bf94000 ---p 00007000 08:03 4199761                    /usr/lib/x86_64-linux-gnu/libXrandr.so.2.2.0
7fc44bf94000-7fc44bf95000 rw-p 00007000 08:03 4199761                    /usr/lib/x86_64-linux-gnu/libXrandr.so.2.2.0
7fc44bf95000-7fc44bf97000 r-xp 00000000 08:03 4199753                    /usr/lib/x86_64-linux-gnu/libXinerama.so.1.0.0
7fc44bf97000-7fc44c196000 ---p 00002000 08:03 4199753                    /usr/lib/x86_64-linux-gnu/libXinerama.so.1.0.0
7fc44c196000-7fc44c197000 rw-p 00001000 08:03 4199753                    /usr/lib/x86_64-linux-gnu/libXinerama.so.1.0.0
7fc44c197000-7fc44c19c000 r-xp 00000000 08:03 4199747                    /usr/lib/x86_64-linux-gnu/libXfixes.so.3.1.0
7fc44c19c000-7fc44c39b000 ---p 00005000 08:03 4199747                    /usr/lib/x86_64-linux-gnu/libXfixes.so.3.1.0
7fc44c39b000-7fc44c39c000 r--p 00004000 08:03 4199747                    /usr/lib/x86_64-linux-gnu/libXfixes.so.3.1.0
7fc44c39c000-7fc44c39d000 rw-p 00005000 08:03 4199747                    /usr/lib/x86_64-linux-gnu/libXfixes.so.3.1.0
7fc44c39d000-7fc44c39f000 r-xp 00000000 08:03 4199741                    /usr/lib/x86_64-linux-gnu/libXdamage.so.1.1.0
7fc44c39f000-7fc44c59e000 ---p 00002000 08:03 4199741                    /usr/lib/x86_64-linux-gnu/libXdamage.so.1.1.0
7fc44c59e000-7fc44c59f000 rw-p 00001000 08:03 4199741                    /usr/lib/x86_64-linux-gnu/libXdamage.so.1.1.0
7fc44c59f000-7fc44c5a1000 r-xp 00000000 08:03 4199737                    /usr/lib/x86_64-linux-gnu/libXcomposite.so.1.0.0
7fc44c5a1000-7fc44c7a0000 ---p 00002000 08:03 4199737                    /usr/lib/x86_64-linux-gnu/libXcomposite.so.1.0.0
7fc44c7a0000-7fc44c7a1000 rw-p 00001000 08:03 4199737                    /usr/lib/x86_64-linux-gnu/libXcomposite.so.1.0.0
7fc44c7a1000-7fc44c7c0000 r-xp 00000000 08:03 4200529                    /usr/lib/x86_64-linux-gnu/libxcb.so.1.1.0
7fc44c7c0000-7fc44c9bf000 ---p 0001f000 08:03 4200529                    /usr/lib/x86_64-linux-gnu/libxcb.so.1.1.0
7fc44c9bf000-7fc44c9c0000 r--p 0001e000 08:03 4200529                    /usr/lib/x86_64-linux-gnu/libxcb.so.1.1.0
7fc44c9c0000-7fc44c9c1000 rw-p 0001f000 08:03 4200529                    /usr/lib/x86_64-linux-gnu/libxcb.so.1.1.0
7fc44c9c1000-7fc44ca14000 r-xp 00000000 08:03 4199889                    /usr/lib/x86_64-linux-gnu/libcups.so.2
7fc44ca14000-7fc44cc13000 ---p 00053000 08:03 4199889                    /usr/lib/x86_64-linux-gnu/libcups.so.2
7fc44cc13000-7fc44cc18000 r--p 00052000 08:03 4199889                    /usr/lib/x86_64-linux-gnu/libcups.so.2
7fc44cc18000-7fc44cc19000 rw-p 00057000 08:03 4199889                    /usr/lib/x86_64-linux-gnu/libcups.so.2
7fc44cc19000-7fc44cd0e000 r-xp 00000000 08:03 12190597                   /lib/x86_64-linux-gnu/libglib-2.0.so.0.3200.4
7fc44cd0e000-7fc44cf0e000 ---p 000f5000 08:03 12190597                   /lib/x86_64-linux-gnu/libglib-2.0.so.0.3200.4
7fc44cf0e000-7fc44cf0f000 r--p 000f5000 08:03 12190597                   /lib/x86_64-linux-gnu/libglib-2.0.so.0.3200.4
7fc44cf0f000-7fc44cf10000 rw-p 000f6000 08:03 12190597                   /lib/x86_64-linux-gnu/libglib-2.0.so.0.3200.4
7fc44cf10000-7fc44cf11000 rw-p 00000000 00:00 0 
7fc44cf11000-7fc44cf12000 r-xp 00000000 08:03 4200137                    /usr/lib/x86_64-linux-gnu/libgthread-2.0.so.0.3200.4
7fc44cf12000-7fc44d111000 ---p 00001000 08:03 4200137                    /usr/lib/x86_64-linux-gnu/libgthread-2.0.so.0.3200.4
7fc44d111000-7fc44d112000 r--p 00000000 08:03 4200137                    /usr/lib/x86_64-linux-gnu/libgthread-2.0.so.0.3200.4
7fc44d112000-7fc44d113000 rw-p 00001000 08:03 4200137                    /usr/lib/x86_64-linux-gnu/libgthread-2.0.so.0.3200.4
7fc44d113000-7fc44d161000 r-xp 00000000 08:03 4200068                    /usr/lib/x86_64-linux-gnu/libgobject-2.0.so.0.3200.4
7fc44d161000-7fc44d361000 ---p 0004e000 08:03 4200068                    /usr/lib/x86_64-linux-gnu/libgobject-2.0.so.0.3200.4
7fc44d361000-7fc44d362000 r--p 0004e000 08:03 4200068                    /usr/lib/x86_64-linux-gnu/libgobject-2.0.so.0.3200.4
7fc44d362000-7fc44d363000 rw-p 0004f000 08:03 4200068                    /usr/lib/x86_64-linux-gnu/libgobject-2.0.so.0.3200.4
7fc44d363000-7fc44d398000 r-xp 00000000 08:03 4199999                    /usr/lib/x86_64-linux-gnu/libfontconfig.so.1.5.0
7fc44d398000-7fc44d598000 ---p 00035000 08:03 4199999                    /usr/lib/x86_64-linux-gnu/libfontconfig.so.1.5.0
7fc44d598000-7fc44d599000 r--p 00035000 08:03 4199999                    /usr/lib/x86_64-linux-gnu/libfontconfig.so.1.5.0
7fc44d599000-7fc44d59a000 rw-p 00036000 08:03 4199999                    /usr/lib/x86_64-linux-gnu/libfontconfig.so.1.5.0
7fc44d59a000-7fc44d633000 r-xp 00000000 08:03 4200007                    /usr/lib/x86_64-linux-gnu/libfreetype.so.6.8.1
7fc44d633000-7fc44d832000 ---p 00099000 08:03 4200007                    /usr/lib/x86_64-linux-gnu/libfreetype.so.6.8.1
7fc44d832000-7fc44d838000 r--p 00098000 08:03 4200007                    /usr/lib/x86_64-linux-gnu/libfreetype.so.6.8.1
7fc44d838000-7fc44d839000 rw-p 0009e000 08:03 4200007                    /usr/lib/x86_64-linux-gnu/libfreetype.so.6.8.1
7fc44d839000-7fc44d883000 r-xp 00000000 08:03 4200313                    /usr/lib/x86_64-linux-gnu/libpango-1.0.so.0.3000.0
7fc44d883000-7fc44da83000 ---p 0004a000 08:03 4200313                    /usr/lib/x86_64-linux-gnu/libpango-1.0.so.0.3000.0
7fc44da83000-7fc44da85000 r--p 0004a000 08:03 4200313                    /usr/lib/x86_64-linux-gnu/libpango-1.0.so.0.3000.0
7fc44da85000-7fc44da86000 rw-p 0004c000 08:03 4200313                    /usr/lib/x86_64-linux-gnu/libpango-1.0.so.0.3000.0
7fc44da86000-7fc44db7a000 r-xp 00000000 08:03 4199843                    /usr/lib/x86_64-linux-gnu/libcairo.so.2.11200.2
7fc44db7a000-7fc44dd79000 ---p 000f4000 08:03 4199843                    /usr/lib/x86_64-linux-gnu/libcairo.so.2.11200.2
7fc44dd79000-7fc44dd7c000 r--p 000f3000 08:03 4199843                    /usr/lib/x86_64-linux-gnu/libcairo.so.2.11200.2
7fc44dd7c000-7fc44dd7d000 rw-p 000f6000 08:03 4199843                    /usr/lib/x86_64-linux-gnu/libcairo.so.2.11200.2
7fc44dd7d000-7fc44dd7f000 rw-p 00000000 00:00 0 
7fc44dd7f000-7fc44dd9e000 r-xp 00000000 08:03 4200030                    /usr/lib/x86_64-linux-gnu/libgdk_pixbuf-2.0.so.0.2600.1
7fc44dd9e000-7fc44df9d000 ---p 0001f000 08:03 4200030                    /usr/lib/x86_64-linux-gnu/libgdk_pixbuf-2.0.so.0.2600.1
7fc44df9d000-7fc44df9e000 r--p 0001e000 08:03 4200030                    /usr/lib/x86_64-linux-gnu/libgdk_pixbuf-2.0.so.0.2600.1
7fc44df9e000-7fc44df9f000 rw-p 0001f000 08:03 4200030                    /usr/lib/x86_64-linux-gnu/libgdk_pixbuf-2.0.so.0.2600.1
7fc44df9f000-7fc44dfab000 r-xp 00000000 08:03 4200315                    /usr/lib/x86_64-linux-gnu/libpangocairo-1.0.so.0.3000.0
7fc44dfab000-7fc44e1aa000 ---p 0000c000 08:03 4200315                    /usr/lib/x86_64-linux-gnu/libpangocairo-1.0.so.0.3000.0
7fc44e1aa000-7fc44e1ab000 r--p 0000b000 08:03 4200315                    /usr/lib/x86_64-linux-gnu/libpangocairo-1.0.so.0.3000.0
7fc44e1ab000-7fc44e1ac000 rw-p 0000c000 08:03 4200315                    /usr/lib/x86_64-linux-gnu/libpangocairo-1.0.so.0.3000.0
7fc44e1ac000-7fc44e1d6000 r-xp 00000000 08:03 4200317                    /usr/lib/x86_64-linux-gnu/libpangoft2-1.0.so.0.3000.0
7fc44e1d6000-7fc44e3d5000 ---p 0002a000 08:03 4200317                    /usr/lib/x86_64-linux-gnu/libpangoft2-1.0.so.0.3000.0
7fc44e3d5000-7fc44e3d6000 r--p 00029000 08:03 4200317                    /usr/lib/x86_64-linux-gnu/libpangoft2-1.0.so.0.3000.0
7fc44e3d6000-7fc44e3d7000 rw-p 0002a000 08:03 4200317                    /usr/lib/x86_64-linux-gnu/libpangoft2-1.0.so.0.3000.0
7fc44e3d7000-7fc44e523000 r-xp 00000000 08:03 4200042                    /usr/lib/x86_64-linux-gnu/libgio-2.0.so.0.3200.4
7fc44e523000-7fc44e722000 ---p 0014c000 08:03 4200042                    /usr/lib/x86_64-linux-gnu/libgio-2.0.so.0.3200.4
7fc44e722000-7fc44e726000 r--p 0014b000 08:03 4200042                    /usr/lib/x86_64-linux-gnu/libgio-2.0.so.0.3200.4
7fc44e726000-7fc44e728000 rw-p 0014f000 08:03 4200042                    /usr/lib/x86_64-linux-gnu/libgio-2.0.so.0.3200.4
7fc44e728000-7fc44e72a000 rw-p 00000000 00:00 0 
7fc44e72a000-7fc44e74b000 r-xp 00000000 08:03 4199799                    /usr/lib/x86_64-linux-gnu/libatk-1.0.so.0.20409.1
7fc44e74b000-7fc44e94a000 ---p 00021000 08:03 4199799                    /usr/lib/x86_64-linux-gnu/libatk-1.0.so.0.20409.1
7fc44e94a000-7fc44e94c000 r--p 00020000 08:03 4199799                    /usr/lib/x86_64-linux-gnu/libatk-1.0.so.0.20409.1
7fc44e94c000-7fc44e94d000 rw-p 00022000 08:03 4199799                    /usr/lib/x86_64-linux-gnu/libatk-1.0.so.0.20409.1
7fc44e94d000-7fc44e9fc000 r-xp 00000000 08:03 4200028                    /usr/lib/x86_64-linux-gnu/libgdk-x11-2.0.so.0.2400.10
7fc44e9fc000-7fc44ebfb000 ---p 000af000 08:03 4200028                    /usr/lib/x86_64-linux-gnu/libgdk-x11-2.0.so.0.2400.10
7fc44ebfb000-7fc44ec00000 rw-p 000ae000 08:03 4200028                    /usr/lib/x86_64-linux-gnu/libgdk-x11-2.0.so.0.2400.10
7fc44ec00000-7fc44f032000 r-xp 00000000 08:03 4200141                    /usr/lib/x86_64-linux-gnu/libgtk-x11-2.0.so.0.2400.10
7fc44f032000-7fc44f232000 ---p 00432000 08:03 4200141                    /usr/lib/x86_64-linux-gnu/libgtk-x11-2.0.so.0.2400.10
7fc44f232000-7fc44f23d000 rw-p 00432000 08:03 4200141                    /usr/lib/x86_64-linux-gnu/libgtk-x11-2.0.so.0.2400.10
7fc44f23d000-7fc44f23f000 rw-p 00000000 00:00 0 
7fc44f23f000-7fc44f24d000 r-xp 00000000 08:03 4199751                    /usr/lib/x86_64-linux-gnu/libXi.so.6.1.0
7fc44f24d000-7fc44f44d000 ---p 0000e000 08:03 4199751                    /usr/lib/x86_64-linux-gnu/libXi.so.6.1.0
7fc44f44d000-7fc44f44e000 rw-p 0000e000 08:03 4199751                    /usr/lib/x86_64-linux-gnu/libXi.so.6.1.0
7fc44f44e000-7fc44f453000 r-xp 00000000 08:03 4199769                    /usr/lib/x86_64-linux-gnu/libXtst.so.6.1.0
7fc44f453000-7fc44f652000 ---p 00005000 08:03 4199769                    /usr/lib/x86_64-linux-gnu/libXtst.so.6.1.0
7fc44f652000-7fc44f653000 rw-p 00004000 08:03 4199769                    /usr/lib/x86_64-linux-gnu/libXtst.so.6.1.0
7fc44f653000-7fc44f65c000 r-xp 00000000 08:03 4199763                    /usr/lib/x86_64-linux-gnu/libXrender.so.1.3.0
7fc44f65c000-7fc44f85b000 ---p 00009000 08:03 4199763                    /usr/lib/x86_64-linux-gnu/libXrender.so.1.3.0
7fc44f85b000-7fc44f85c000 rw-p 00008000 08:03 4199763                    /usr/lib/x86_64-linux-gnu/libXrender.so.1.3.0
7fc44f85c000-7fc44f991000 r-xp 00000000 08:03 4199728                    /usr/lib/x86_64-linux-gnu/libX11.so.6.3.0
7fc44f991000-7fc44fb91000 ---p 00135000 08:03 4199728                    /usr/lib/x86_64-linux-gnu/libX11.so.6.3.0
7fc44fb91000-7fc44fb97000 rw-p 00135000 08:03 4199728                    /usr/lib/x86_64-linux-gnu/libX11.so.6.3.0
7fc44fb97000-7fc44fba8000 r-xp 00000000 08:03 4199745                    /usr/lib/x86_64-linux-gnu/libXext.so.6.4.0
7fc44fba8000-7fc44fda8000 ---p 00011000 08:03 4199745                    /usr/lib/x86_64-linux-gnu/libXext.so.6.4.0
7fc44fda8000-7fc44fda9000 rw-p 00011000 08:03 4199745                    /usr/lib/x86_64-linux-gnu/libXext.so.6.4.0
7fc44fda9000-7fc44fdfc000 r-xp 00000000 08:03 3934319                    /usr/lib/jvm/java-7-openjdk-amd64/jre/lib/amd64/xawt/libmawt.so
7fc44fdfc000-7fc44fffb000 ---p 00053000 08:03 3934319                    /usr/lib/jvm/java-7-openjdk-amd64/jre/lib/amd64/xawt/libmawt.so
7fc44fffb000-7fc44fffc000 r--p 00052000 08:03 3934319                    /usr/lib/jvm/java-7-openjdk-amd64/jre/lib/amd64/xawt/libmawt.so
7fc44fffc000-7fc44ffff000 rw-p 00053000 08:03 3934319                    /usr/lib/jvm/java-7-openjdk-amd64/jre/lib/amd64/xawt/libmawt.so
7fc44ffff000-7fc450000000 rw-p 00000000 00:00 0 
7fc450000000-7fc450021000 rw-p 00000000 00:00 0 
7fc450021000-7fc454000000 ---p 00000000 00:00 0 
7fc454000000-7fc454021000 rw-p 00000000 00:00 0 
7fc454021000-7fc458000000 ---p 00000000 00:00 0 
7fc458000000-7fc458577000 rw-p 00000000 00:00 0 
7fc458577000-7fc45c000000 ---p 00000000 00:00 0 
7fc45c000000-7fc45c355000 rw-p 00000000 00:00 0 
7fc45c355000-7fc460000000 ---p 00000000 00:00 0 
7fc460000000-7fc460021000 rw-p 00000000 00:00 0 
7fc460021000-7fc464000000 ---p 00000000 00:00 0 
7fc464000000-7fc464021000 rw-p 00000000 00:00 0 
7fc464021000-7fc468000000 ---p 00000000 00:00 0 
7fc468000000-7fc468021000 rw-p 00000000 00:00 0 
7fc468021000-7fc46c000000 ---p 00000000 00:00 0 
7fc46c000000-7fc46c021000 rw-p 00000000 00:00 0 
7fc46c021000-7fc470000000 ---p 00000000 00:00 0 
7fc470000000-7fc470021000 rw-p 00000000 00:00 0 
7fc470021000-7fc474000000 ---p 00000000 00:00 0 
7fc474028000-7fc474070000 rw-p 00000000 00:00 0 
7fc474070000-7fc474073000 ---p 00000000 00:00 0 
7fc474073000-7fc4740a9000 rw-p 00000000 00:00 0 
7fc4740a9000-7fc4740b2000 r--s 000b9000 08:03 3934170                    /usr/lib/jvm/java-7-openjdk-amd64/jre/lib/resources.jar
7fc4740b2000-7fc474153000 r-xp 00000000 08:03 3934218                    /usr/lib/jvm/java-7-openjdk-amd64/jre/lib/amd64/libawt.so
7fc474153000-7fc474352000 ---p 000a1000 08:03 3934218                    /usr/lib/jvm/java-7-openjdk-amd64/jre/lib/amd64/libawt.so
7fc474352000-7fc474353000 r--p 000a0000 08:03 3934218                    /usr/lib/jvm/java-7-openjdk-amd64/jre/lib/amd64/libawt.so
7fc474353000-7fc47435e000 rw-p 000a1000 08:03 3934218                    /usr/lib/jvm/java-7-openjdk-amd64/jre/lib/amd64/libawt.so
7fc47435e000-7fc474383000 rw-p 00000000 00:00 0 
7fc474383000-7fc4743c0000 r-xp 00000000 08:03 10486182                   /tmp/libgdxchobe/5502b6ed/libgdx64.so
7fc4743c0000-7fc4745bf000 ---p 0003d000 08:03 10486182                   /tmp/libgdxchobe/5502b6ed/libgdx64.so
7fc4745bf000-7fc4745c0000 r--p 0003c000 08:03 10486182                   /tmp/libgdxchobe/5502b6ed/libgdx64.so
7fc4745c0000-7fc4745c1000 rw-p 0003d000 08:03 10486182                   /tmp/libgdxchobe/5502b6ed/libgdx64.so
7fc4745c1000-7fc4745c2000 r--s 00002000 08:03 10488693                   /home/chobe/.gradle/caches/modules-2/files-2.1/net.java.jinput/jinput-platform/2.0.5/53f9c919f34d2ca9de8c51fc4e1e8282029a9232/jinput-platform-2.0.5-natives-osx.jar
7fc4745c2000-7fc4745c3000 r--s 00025000 08:03 10488692                   /home/chobe/.gradle/caches/modules-2/files-2.1/net.java.jinput/jinput-platform/2.0.5/385ee093e01f587f30ee1c8a2ee7d408fd732e16/jinput-platform-2.0.5-natives-windows.jar
7fc4745c3000-7fc4745c4000 r--s 00002000 08:03 10488691                   /home/chobe/.gradle/caches/modules-2/files-2.1/net.java.jinput/jinput-platform/2.0.5/7ff832a6eb9ab6a767f1ade2b548092d0fa64795/jinput-platform-2.0.5-natives-linux.jar
7fc4745c4000-7fc4745c5000 r--s 00001000 08:03 10488690                   /home/chobe/.gradle/caches/modules-2/files-2.1/net.java.jutils/jutils/1.0.0/e12fe1fda814bd348c1579329c86943d2cd3c6a6/jutils-1.0.0.jar
7fc4745c5000-7fc4745c9000 r--s 0002f000 08:03 10488689                   /home/chobe/.gradle/caches/modules-2/files-2.1/net.java.jinput/jinput/2.0.5/39c7796b469a600f72380316f6b1f11db6c2c7c4/jinput-2.0.5.jar
7fc4745c9000-7fc4745ca000 r--s 00080000 08:03 10488688                   /home/chobe/.gradle/caches/modules-2/files-2.1/org.lwjgl.lwjgl/lwjgl-platform/2.9.1/2d12c83fdfbc04ecabf02c7bc8cc54d034f0daac/lwjgl-platform-2.9.1-natives-osx.jar
7fc4745ca000-7fc4745cb000 r--s 0008b000 08:03 10488687                   /home/chobe/.gradle/caches/modules-2/files-2.1/org.lwjgl.lwjgl/lwjgl-platform/2.9.1/aa9aae879af8eb378e22cfc64db56ec2ca9a44d1/lwjgl-platform-2.9.1-natives-linux.jar
7fc4745cb000-7fc4745cc000 r--s 00095000 08:03 10488686                   /home/chobe/.gradle/caches/modules-2/files-2.1/org.lwjgl.lwjgl/lwjgl-platform/2.9.1/4c517eca808522457dd95ee8fc1fbcdbb602efbe/lwjgl-platform-2.9.1-natives-windows.jar
7fc4745cc000-7fc4745ce000 r--s 00017000 08:03 10488685                   /home/chobe/.gradle/caches/modules-2/files-2.1/org.jcraft/jorbis/0.0.17/8872d22b293e8f5d7d56ff92be966e6dc28ebdc6/jorbis-0.0.17.jar
7fc4745ce000-7fc4745cf000 r--s 00015000 08:03 10488684                   /home/chobe/.gradle/caches/modules-2/files-2.1/com.badlogicgames.jlayer/jlayer/1.0.1-gdx/7cca83cec5c1b2f011362f4d85aabd71a73b049d/jlayer-1.0.1-gdx.jar
7fc4745cf000-7fc4745d3000 r--s 00027000 08:03 10488683                   /home/chobe/.gradle/caches/modules-2/files-2.1/org.lwjgl.lwjgl/lwjgl_util/2.9.1/290d7ba8a1bd9566f5ddf16ad06f09af5ec9b20e/lwjgl_util-2.9.1.jar
7fc4745d3000-7fc4745e1000 r--s 000ea000 08:03 10488682                   /home/chobe/.gradle/caches/modules-2/files-2.1/org.lwjgl.lwjgl/lwjgl/2.9.1/f58c5aabcef0e41718a564be9f8e412fff8db847/lwjgl-2.9.1.jar
7fc4745e1000-7fc4745f6000 r--s 00153000 08:03 10488660                   /home/chobe/.gradle/caches/modules-2/files-2.1/com.badlogicgames.gdx/gdx/1.1.0/686f5a609c717eb0769d3b954c501a49bf4fe351/gdx-1.1.0.jar
7fc4745f6000-7fc4745f7000 r--s 000cd000 08:03 10488678                   /home/chobe/.gradle/caches/modules-2/files-2.1/com.badlogicgames.gdx/gdx-platform/1.1.0/1c7ea4239c2d9adda420c15985fe3885c481fdcf/gdx-platform-1.1.0-natives-desktop.jar
7fc4745f7000-7fc4745fa000 r--s 0001f000 08:03 10488677                   /home/chobe/.gradle/caches/modules-2/files-2.1/com.badlogicgames.gdx/gdx-backend-lwjgl/1.1.0/eafa409559820c1696e165e1280435f1332fc32b/gdx-backend-lwjgl-1.1.0.jar
7fc4745fa000-7fc4745fd000 r--s 00021000 08:01 772750                     /media/winDisk/Users/ChobeDucket/Documents/sheep/core/build/libs/core-1.0.jar
7fc4745fd000-7fc474601000 r--s 0003b000 08:03 3934173                    /usr/lib/jvm/java-7-openjdk-amd64/jre/lib/ext/sunpkcs11.jar
7fc474601000-7fc474602000 r--s 00002000 08:03 3934178                    /usr/lib/jvm/java-7-openjdk-amd64/jre/lib/ext/dnsns.jar
7fc474602000-7fc474605000 r--s 00032000 08:03 3934176                    /usr/lib/jvm/java-7-openjdk-amd64/jre/lib/ext/sunjce_provider.jar
7fc474605000-7fc474607000 r--s 0000f000 08:03 3934175                    /usr/lib/jvm/java-7-openjdk-amd64/jre/lib/ext/pulse-java.jar
7fc474607000-7fc474609000 r--s 00012000 08:03 3934174                    /usr/lib/jvm/java-7-openjdk-amd64/jre/lib/ext/zipfs.jar
7fc474609000-7fc47460d000 r--s 00085000 08:03 3934172                    /usr/lib/jvm/java-7-openjdk-amd64/jre/lib/ext/localedata.jar
7fc47460d000-7fc47460e000 r--s 00007000 08:03 5645676                    /usr/share/java/java-atk-wrapper.jar
7fc47460e000-7fc47460f000 ---p 00000000 00:00 0 
7fc47460f000-7fc47470f000 rw-p 00000000 00:00 0 
7fc47470f000-7fc474712000 ---p 00000000 00:00 0 
7fc474712000-7fc474810000 rw-p 00000000 00:00 0 
7fc474810000-7fc474813000 ---p 00000000 00:00 0 
7fc474813000-7fc474911000 rw-p 00000000 00:00 0 
7fc474911000-7fc474914000 ---p 00000000 00:00 0 
7fc474914000-7fc474a12000 rw-p 00000000 00:00 0 
7fc474a12000-7fc474a15000 ---p 00000000 00:00 0 
7fc474a15000-7fc474b13000 rw-p 00000000 00:00 0 
7fc474b13000-7fc474c9c000 r--p 00000000 08:03 4067802                    /usr/lib/locale/locale-archive
7fc474c9c000-7fc474c9f000 ---p 00000000 00:00 0 
7fc474c9f000-7fc474d9d000 rw-p 00000000 00:00 0 
7fc474d9d000-7fc474da0000 ---p 00000000 00:00 0 
7fc474da0000-7fc474e9e000 rw-p 00000000 00:00 0 
7fc474e9e000-7fc474e9f000 ---p 00000000 00:00 0 
7fc474e9f000-7fc478000000 rw-p 00000000 00:00 0 
7fc478000000-7fc478021000 rw-p 00000000 00:00 0 
7fc478021000-7fc47c000000 ---p 00000000 00:00 0 
7fc47c000000-7fc47c021000 rw-p 00000000 00:00 0 
7fc47c021000-7fc480000000 ---p 00000000 00:00 0 
7fc480000000-7fc480021000 rw-p 00000000 00:00 0 
7fc480021000-7fc484000000 ---p 00000000 00:00 0 
7fc484016000-7fc484021000 r--s 00203000 08:03 3934232                    /usr/lib/jvm/java-7-openjdk-amd64/jre/lib/charsets.jar
7fc484021000-7fc48436d000 rw-p 00000000 00:00 0 
7fc48436d000-7fc48451b000 r--s 01cfc000 08:03 3934153                    /usr/lib/jvm/java-7-openjdk-amd64/jre/lib/rt.jar
7fc48451b000-7fc484827000 rw-p 00000000 00:00 0 
7fc484827000-7fc484828000 ---p 00000000 00:00 0 
7fc484828000-7fc484928000 rw-p 00000000 00:00 0 
7fc484928000-7fc484929000 ---p 00000000 00:00 0 
7fc484929000-7fc484a29000 rw-p 00000000 00:00 0 
7fc484a29000-7fc484a2a000 ---p 00000000 00:00 0 
7fc484a2a000-7fc484b2a000 rw-p 00000000 00:00 0 
7fc484b2a000-7fc484b2b000 ---p 00000000 00:00 0 
7fc484b2b000-7fc484c36000 rw-p 00000000 00:00 0 
7fc484c36000-7fc484c7e000 rw-p 00000000 00:00 0 
7fc484c7e000-7fc484c93000 rw-p 00000000 00:00 0 
7fc484c93000-7fc484dc4000 rw-p 00000000 00:00 0 
7fc484dc4000-7fc484dcf000 rw-p 00000000 00:00 0 
7fc484dcf000-7fc484e17000 rw-p 00000000 00:00 0 
7fc484e17000-7fc484e2c000 rw-p 00000000 00:00 0 
7fc484e2c000-7fc484f5c000 rw-p 00000000 00:00 0 
7fc484f5c000-7fc484f67000 rw-p 00000000 00:00 0 
7fc484f67000-7fc484fff000 rw-p 00000000 00:00 0 
7fc484fff000-7fc485000000 rw-p 00000000 00:00 0 
7fc485000000-7fc485270000 rwxp 00000000 00:00 0 
7fc485270000-7fc4883a4000 rw-p 00000000 00:00 0 
7fc4883a4000-7fc48c000000 ---p 00000000 00:00 0 
7fc48c000000-7fc48c010000 rw-s e0200000 00:05 7289                       /dev/ati/card0
7fc48c010000-7fc48c038000 rw-p 00000000 00:00 0 
7fc48c038000-7fc48c040000 r-xp 00000000 08:03 3934210                    /usr/lib/jvm/java-7-openjdk-amd64/jre/lib/amd64/libzip.so
7fc48c040000-7fc48c23f000 ---p 00008000 08:03 3934210                    /usr/lib/jvm/java-7-openjdk-amd64/jre/lib/amd64/libzip.so
7fc48c23f000-7fc48c240000 r--p 00007000 08:03 3934210                    /usr/lib/jvm/java-7-openjdk-amd64/jre/lib/amd64/libzip.so
7fc48c240000-7fc48c241000 rw-p 00008000 08:03 3934210                    /usr/lib/jvm/java-7-openjdk-amd64/jre/lib/amd64/libzip.so
7fc48c241000-7fc48c24c000 r-xp 00000000 08:03 12192223                   /lib/x86_64-linux-gnu/libnss_files-2.19.so
7fc48c24c000-7fc48c44b000 ---p 0000b000 08:03 12192223                   /lib/x86_64-linux-gnu/libnss_files-2.19.so
7fc48c44b000-7fc48c44c000 r--p 0000a000 08:03 12192223                   /lib/x86_64-linux-gnu/libnss_files-2.19.so
7fc48c44c000-7fc48c44d000 rw-p 0000b000 08:03 12192223                   /lib/x86_64-linux-gnu/libnss_files-2.19.so
7fc48c44d000-7fc48c457000 r-xp 00000000 08:03 12192211                   /lib/x86_64-linux-gnu/libnss_nis-2.19.so
7fc48c457000-7fc48c656000 ---p 0000a000 08:03 12192211                   /lib/x86_64-linux-gnu/libnss_nis-2.19.so
7fc48c656000-7fc48c657000 r--p 00009000 08:03 12192211                   /lib/x86_64-linux-gnu/libnss_nis-2.19.so
7fc48c657000-7fc48c658000 rw-p 0000a000 08:03 12192211                   /lib/x86_64-linux-gnu/libnss_nis-2.19.so
7fc48c658000-7fc48c66d000 r-xp 00000000 08:03 12192215                   /lib/x86_64-linux-gnu/libnsl-2.19.so
7fc48c66d000-7fc48c86c000 ---p 00015000 08:03 12192215                   /lib/x86_64-linux-gnu/libnsl-2.19.so
7fc48c86c000-7fc48c86d000 r--p 00014000 08:03 12192215                   /lib/x86_64-linux-gnu/libnsl-2.19.so
7fc48c86d000-7fc48c86e000 rw-p 00015000 08:03 12192215                   /lib/x86_64-linux-gnu/libnsl-2.19.so
7fc48c86e000-7fc48c870000 rw-p 00000000 00:00 0 
7fc48c870000-7fc48c877000 r-xp 00000000 08:03 12192212                   /lib/x86_64-linux-gnu/libnss_compat-2.19.so
7fc48c877000-7fc48ca76000 ---p 00007000 08:03 12192212                   /lib/x86_64-linux-gnu/libnss_compat-2.19.so
7fc48ca76000-7fc48ca77000 r--p 00006000 08:03 12192212                   /lib/x86_64-linux-gnu/libnss_compat-2.19.so
7fc48ca77000-7fc48ca78000 rw-p 00007000 08:03 12192212                   /lib/x86_64-linux-gnu/libnss_compat-2.19.so
7fc48ca78000-7fc48caa3000 r-xp 00000000 08:03 3934215                    /usr/lib/jvm/java-7-openjdk-amd64/jre/lib/amd64/libjava.so
7fc48caa3000-7fc48cca2000 ---p 0002b000 08:03 3934215                    /usr/lib/jvm/java-7-openjdk-amd64/jre/lib/amd64/libjava.so
7fc48cca2000-7fc48cca3000 r--p 0002a000 08:03 3934215                    /usr/lib/jvm/java-7-openjdk-amd64/jre/lib/amd64/libjava.so
7fc48cca3000-7fc48cca5000 rw-p 0002b000 08:03 3934215                    /usr/lib/jvm/java-7-openjdk-amd64/jre/lib/amd64/libjava.so
7fc48cca5000-7fc48ccb4000 r-xp 00000000 08:03 3934216                    /usr/lib/jvm/java-7-openjdk-amd64/jre/lib/amd64/libverify.so
7fc48ccb4000-7fc48ceb3000 ---p 0000f000 08:03 3934216                    /usr/lib/jvm/java-7-openjdk-amd64/jre/lib/amd64/libverify.so
7fc48ceb3000-7fc48ceb5000 r--p 0000e000 08:03 3934216                    /usr/lib/jvm/java-7-openjdk-amd64/jre/lib/amd64/libverify.so
7fc48ceb5000-7fc48ceb6000 rw-p 00010000 08:03 3934216                    /usr/lib/jvm/java-7-openjdk-amd64/jre/lib/amd64/libverify.so
7fc48ceb6000-7fc48cebd000 r-xp 00000000 08:03 12192213                   /lib/x86_64-linux-gnu/librt-2.19.so
7fc48cebd000-7fc48d0bc000 ---p 00007000 08:03 12192213                   /lib/x86_64-linux-gnu/librt-2.19.so
7fc48d0bc000-7fc48d0bd000 r--p 00006000 08:03 12192213                   /lib/x86_64-linux-gnu/librt-2.19.so
7fc48d0bd000-7fc48d0be000 rw-p 00007000 08:03 12192213                   /lib/x86_64-linux-gnu/librt-2.19.so
7fc48d0be000-7fc48d0d3000 r-xp 00000000 08:03 12190593                   /lib/x86_64-linux-gnu/libgcc_s.so.1
7fc48d0d3000-7fc48d2d3000 ---p 00015000 08:03 12190593                   /lib/x86_64-linux-gnu/libgcc_s.so.1
7fc48d2d3000-7fc48d2d4000 rw-p 00015000 08:03 12190593                   /lib/x86_64-linux-gnu/libgcc_s.so.1
7fc48d2d4000-7fc48d3d4000 r-xp 00000000 08:03 12192221                   /lib/x86_64-linux-gnu/libm-2.19.so
7fc48d3d4000-7fc48d5d3000 ---p 00100000 08:03 12192221                   /lib/x86_64-linux-gnu/libm-2.19.so
7fc48d5d3000-7fc48d5d4000 r--p 000ff000 08:03 12192221                   /lib/x86_64-linux-gnu/libm-2.19.so
7fc48d5d4000-7fc48d5d5000 rw-p 00100000 08:03 12192221                   /lib/x86_64-linux-gnu/libm-2.19.so
7fc48d5d5000-7fc48d6bd000 r-xp 00000000 08:03 4200440                    /usr/lib/x86_64-linux-gnu/libstdc++.so.6.0.17
7fc48d6bd000-7fc48d8bd000 ---p 000e8000 08:03 4200440                    /usr/lib/x86_64-linux-gnu/libstdc++.so.6.0.17
7fc48d8bd000-7fc48d8c5000 r--p 000e8000 08:03 4200440                    /usr/lib/x86_64-linux-gnu/libstdc++.so.6.0.17
7fc48d8c5000-7fc48d8c7000 rw-p 000f0000 08:03 4200440                    /usr/lib/x86_64-linux-gnu/libstdc++.so.6.0.17
7fc48d8c7000-7fc48d8dc000 rw-p 00000000 00:00 0 
7fc48d8dc000-7fc48e3a5000 r-xp 00000000 08:03 3934204                    /usr/lib/jvm/java-7-openjdk-amd64/jre/lib/amd64/server/libjvm.so
7fc48e3a5000-7fc48e5a5000 ---p 00ac9000 08:03 3934204                    /usr/lib/jvm/java-7-openjdk-amd64/jre/lib/amd64/server/libjvm.so
7fc48e5a5000-7fc48e63d000 r--p 00ac9000 08:03 3934204                    /usr/lib/jvm/java-7-openjdk-amd64/jre/lib/amd64/server/libjvm.so
7fc48e63d000-7fc48e660000 rw-p 00b61000 08:03 3934204                    /usr/lib/jvm/java-7-openjdk-amd64/jre/lib/amd64/server/libjvm.so
7fc48e660000-7fc48e68d000 rw-p 00000000 00:00 0 
7fc48e68d000-7fc48e6a4000 r-xp 00000000 08:03 12192203                   /lib/x86_64-linux-gnu/libz.so.1.2.8
7fc48e6a4000-7fc48e8a3000 ---p 00017000 08:03 12192203                   /lib/x86_64-linux-gnu/libz.so.1.2.8
7fc48e8a3000-7fc48e8a4000 r--p 00016000 08:03 12192203                   /lib/x86_64-linux-gnu/libz.so.1.2.8
7fc48e8a4000-7fc48e8a5000 rw-p 00017000 08:03 12192203                   /lib/x86_64-linux-gnu/libz.so.1.2.8
7fc48e8a5000-7fc48ea44000 r-xp 00000000 08:03 12192214                   /lib/x86_64-linux-gnu/libc-2.19.so
7fc48ea44000-7fc48ec44000 ---p 0019f000 08:03 12192214                   /lib/x86_64-linux-gnu/libc-2.19.so
7fc48ec44000-7fc48ec48000 r--p 0019f000 08:03 12192214                   /lib/x86_64-linux-gnu/libc-2.19.so
7fc48ec48000-7fc48ec4a000 rw-p 001a3000 08:03 12192214                   /lib/x86_64-linux-gnu/libc-2.19.so
7fc48ec4a000-7fc48ec4e000 rw-p 00000000 00:00 0 
7fc48ec4e000-7fc48ec51000 r-xp 00000000 08:03 12192219                   /lib/x86_64-linux-gnu/libdl-2.19.so
7fc48ec51000-7fc48ee50000 ---p 00003000 08:03 12192219                   /lib/x86_64-linux-gnu/libdl-2.19.so
7fc48ee50000-7fc48ee51000 r--p 00002000 08:03 12192219                   /lib/x86_64-linux-gnu/libdl-2.19.so
7fc48ee51000-7fc48ee52000 rw-p 00003000 08:03 12192219                   /lib/x86_64-linux-gnu/libdl-2.19.so
7fc48ee52000-7fc48ee5f000 r-xp 00000000 08:03 3934207                    /usr/lib/jvm/java-7-openjdk-amd64/jre/lib/amd64/jli/libjli.so
7fc48ee5f000-7fc48f05e000 ---p 0000d000 08:03 3934207                    /usr/lib/jvm/java-7-openjdk-amd64/jre/lib/amd64/jli/libjli.so
7fc48f05e000-7fc48f05f000 r--p 0000c000 08:03 3934207                    /usr/lib/jvm/java-7-openjdk-amd64/jre/lib/amd64/jli/libjli.so
7fc48f05f000-7fc48f060000 rw-p 0000d000 08:03 3934207                    /usr/lib/jvm/java-7-openjdk-amd64/jre/lib/amd64/jli/libjli.so
7fc48f060000-7fc48f078000 r-xp 00000000 08:03 12192218                   /lib/x86_64-linux-gnu/libpthread-2.19.so
7fc48f078000-7fc48f277000 ---p 00018000 08:03 12192218                   /lib/x86_64-linux-gnu/libpthread-2.19.so
7fc48f277000-7fc48f278000 r--p 00017000 08:03 12192218                   /lib/x86_64-linux-gnu/libpthread-2.19.so
7fc48f278000-7fc48f279000 rw-p 00018000 08:03 12192218                   /lib/x86_64-linux-gnu/libpthread-2.19.so
7fc48f279000-7fc48f27d000 rw-p 00000000 00:00 0 
7fc48f27d000-7fc48f29d000 r-xp 00000000 08:03 12192217                   /lib/x86_64-linux-gnu/ld-2.19.so
7fc48f2a5000-7fc48f2a6000 rw-s 00005000 00:05 7289                       /dev/ati/card0
7fc48f2a6000-7fc48f2a8000 rw-s 00002000 00:05 7289                       /dev/ati/card0
7fc48f2a8000-7fc48f2af000 r--s 00000000 08:03 4206154                    /usr/lib/x86_64-linux-gnu/gconv/gconv-modules.cache
7fc48f2af000-7fc48f2b4000 r--s 0004c000 08:03 3934152                    /usr/lib/jvm/java-7-openjdk-amd64/jre/lib/jsse.jar
7fc48f2b4000-7fc48f2be000 rw-p 00000000 00:00 0 
7fc48f2be000-7fc48f374000 rw-p 00000000 00:00 0 
7fc48f374000-7fc48f377000 ---p 00000000 00:00 0 
7fc48f377000-7fc48f491000 rw-p 00000000 00:00 0 
7fc48f491000-7fc48f499000 rw-s 00000000 08:03 10490934                   /tmp/hsperfdata_chobe/32715 (deleted)
7fc48f499000-7fc48f49a000 rw-p 00000000 00:00 0 
7fc48f49a000-7fc48f49b000 ---p 00000000 00:00 0 
7fc48f49b000-7fc48f49d000 rw-p 00000000 00:00 0 
7fc48f49d000-7fc48f49e000 r--p 00020000 08:03 12192217                   /lib/x86_64-linux-gnu/ld-2.19.so
7fc48f49e000-7fc48f49f000 rw-p 00021000 08:03 12192217                   /lib/x86_64-linux-gnu/ld-2.19.so
7fc48f49f000-7fc48f4a0000 rw-p 00000000 00:00 0 
7fffa71b4000-7fffa71d6000 rw-p 00000000 00:00 0                          [stack]
7fffa71ff000-7fffa7200000 r-xp 00000000 00:00 0                          [vdso]
ffffffffff600000-ffffffffff601000 r-xp 00000000 00:00 0                  [vsyscall]

VM Arguments:
jvm_args: -Dfile.encoding=UTF-8 
java_command: com.mygdx.sheep.desktop.DesktopLauncher
Launcher Type: SUN_STANDARD

Environment Variables:
PATH=/usr/local/bin:/usr/bin:/bin:/usr/local/games:/usr/games:/home/chobe/.local/bin:/home/chobe/sdks/adt-bundle-linux-x86_64-20140321/sdk//platform-tools/adb:/home/chobe/sdks/adt-bundle-linux-x86_64-20140321/sdk//platform-tools/
USERNAME=chobe
SHELL=/bin/bash
DISPLAY=:0

Signal Handlers:
SIGSEGV: [libjvm.so+0x8f9750], sa_mask[0]=0x7ffbfeff, sa_flags=0x10000004
SIGBUS: [libjvm.so+0x8f9750], sa_mask[0]=0x7ffbfeff, sa_flags=0x10000004
SIGFPE: [libjvm.so+0x7827c0], sa_mask[0]=0x7ffbfeff, sa_flags=0x10000004
SIGPIPE: [libjvm.so+0x7827c0], sa_mask[0]=0x7ffbfeff, sa_flags=0x10000004
SIGXFSZ: [libjvm.so+0x7827c0], sa_mask[0]=0x7ffbfeff, sa_flags=0x10000004
SIGILL: [libjvm.so+0x7827c0], sa_mask[0]=0x7ffbfeff, sa_flags=0x10000004
SIGUSR1: SIG_DFL, sa_mask[0]=0x00000000, sa_flags=0x00000000
SIGUSR2: [libjvm.so+0x782ab0], sa_mask[0]=0x00000004, sa_flags=0x10000004
SIGHUP: [libjvm.so+0x782c20], sa_mask[0]=0x7ffbfeff, sa_flags=0x10000004
SIGINT: [libjvm.so+0x782c20], sa_mask[0]=0x7ffbfeff, sa_flags=0x10000004
SIGTERM: [libjvm.so+0x782c20], sa_mask[0]=0x7ffbfeff, sa_flags=0x10000004
SIGQUIT: [libjvm.so+0x782c20], sa_mask[0]=0x7ffbfeff, sa_flags=0x10000004


---------------  S Y S T E M  ---------------

OS:7.5

uname:Linux 3.2.0-4-amd64 #1 SMP Debian 3.2.57-3+deb7u1 x86_64
libc:glibc 2.19 NPTL 2.19 
rlimit: STACK 8192k, CORE 0k, NPROC 31105, NOFILE 4096, AS infinity
load average:0.98 0.60 0.54

/proc/meminfo:
MemTotal:        3993672 kB
MemFree:         1234544 kB
Buffers:          128392 kB
Cached:           688596 kB
SwapCached:       238780 kB
Active:          1740588 kB
Inactive:         710112 kB
Active(anon):    1404496 kB
Inactive(anon):   251824 kB
Active(file):     336092 kB
Inactive(file):   458288 kB
Unevictable:           0 kB
Mlocked:               0 kB
SwapTotal:       4120572 kB
SwapFree:        3480100 kB
Dirty:              1792 kB
Writeback:             0 kB
AnonPages:       1619016 kB
Mapped:           178868 kB
Shmem:             22608 kB
Slab:              81240 kB
SReclaimable:      52736 kB
SUnreclaim:        28504 kB
KernelStack:        3696 kB
PageTables:        29164 kB
NFS_Unstable:          0 kB
Bounce:                0 kB
WritebackTmp:          0 kB
CommitLimit:     6117408 kB
Committed_AS:    3886124 kB
VmallocTotal:   34359738367 kB
VmallocUsed:      170472 kB
VmallocChunk:   34359561712 kB
HardwareCorrupted:     0 kB
AnonHugePages:         0 kB
HugePages_Total:       0
HugePages_Free:        0
HugePages_Rsvd:        0
HugePages_Surp:        0
Hugepagesize:       2048 kB
DirectMap4k:     1205248 kB
DirectMap2M:     2922496 kB


CPU:total 4 (4 cores per cpu, 1 threads per core) family 6 model 15 stepping 11, cmov, cx8, fxsr, mmx, sse, sse2, sse3, ssse3, tsc

/proc/cpuinfo:
processor	: 0
vendor_id	: GenuineIntel
cpu family	: 6
model		: 15
model name	: Intel(R) Core(TM)2 Quad CPU    Q6600  @ 2.40GHz
stepping	: 11
cpu MHz		: 1596.000
cache size	: 4096 KB
physical id	: 0
siblings	: 4
core id		: 0
cpu cores	: 4
apicid		: 0
initial apicid	: 0
fpu		: yes
fpu_exception	: yes
cpuid level	: 10
wp		: yes
flags		: fpu vme de pse tsc msr pae mce cx8 apic sep mtrr pge mca cmov pat pse36 clflush dts acpi mmx fxsr sse sse2 ss ht tm pbe syscall nx lm constant_tsc arch_perfmon pebs bts rep_good nopl aperfmperf pni dtes64 monitor ds_cpl vmx est tm2 ssse3 cx16 xtpr pdcm lahf_lm dtherm tpr_shadow vnmi flexpriority
bogomips	: 4795.82
clflush size	: 64
cache_alignment	: 64
address sizes	: 36 bits physical, 48 bits virtual
power management:

processor	: 1
vendor_id	: GenuineIntel
cpu family	: 6
model		: 15
model name	: Intel(R) Core(TM)2 Quad CPU    Q6600  @ 2.40GHz
stepping	: 11
cpu MHz		: 1596.000
cache size	: 4096 KB
physical id	: 0
siblings	: 4
core id		: 2
cpu cores	: 4
apicid		: 2
initial apicid	: 2
fpu		: yes
fpu_exception	: yes
cpuid level	: 10
wp		: yes
flags		: fpu vme de pse tsc msr pae mce cx8 apic sep mtrr pge mca cmov pat pse36 clflush dts acpi mmx fxsr sse sse2 ss ht tm pbe syscall nx lm constant_tsc arch_perfmon pebs bts rep_good nopl aperfmperf pni dtes64 monitor ds_cpl vmx est tm2 ssse3 cx16 xtpr pdcm lahf_lm dtherm tpr_shadow vnmi flexpriority
bogomips	: 4795.58
clflush size	: 64
cache_alignment	: 64
address sizes	: 36 bits physical, 48 bits virtual
power management:

processor	: 2
vendor_id	: GenuineIntel
cpu family	: 6
model		: 15
model name	: Intel(R) Core(TM)2 Quad CPU    Q6600  @ 2.40GHz
stepping	: 11
cpu MHz		: 1596.000
cache size	: 4096 KB
physical id	: 0
siblings	: 4
core id		: 1
cpu cores	: 4
apicid		: 1
initial apicid	: 1
fpu		: yes
fpu_exception	: yes
cpuid level	: 10
wp		: yes
flags		: fpu vme de pse tsc msr pae mce cx8 apic sep mtrr pge mca cmov pat pse36 clflush dts acpi mmx fxsr sse sse2 ss ht tm pbe syscall nx lm constant_tsc arch_perfmon pebs bts rep_good nopl aperfmperf pni dtes64 monitor ds_cpl vmx est tm2 ssse3 cx16 xtpr pdcm lahf_lm dtherm tpr_shadow vnmi flexpriority
bogomips	: 4795.56
clflush size	: 64
cache_alignment	: 64
address sizes	: 36 bits physical, 48 bits virtual
power management:

processor	: 3
vendor_id	: GenuineIntel
cpu family	: 6
model		: 15
model name	: Intel(R) Core(TM)2 Quad CPU    Q6600  @ 2.40GHz
stepping	: 11
cpu MHz		: 2394.000
cache size	: 4096 KB
physical id	: 0
siblings	: 4
core id		: 3
cpu cores	: 4
apicid		: 3
initial apicid	: 3
fpu		: yes
fpu_exception	: yes
cpuid level	: 10
wp		: yes
flags		: fpu vme de pse tsc msr pae mce cx8 apic sep mtrr pge mca cmov pat pse36 clflush dts acpi mmx fxsr sse sse2 ss ht tm pbe syscall nx lm constant_tsc arch_perfmon pebs bts rep_good nopl aperfmperf pni dtes64 monitor ds_cpl vmx est tm2 ssse3 cx16 xtpr pdcm lahf_lm dtherm tpr_shadow vnmi flexpriority
bogomips	: 4795.57
clflush size	: 64
cache_alignment	: 64
address sizes	: 36 bits physical, 48 bits virtual
power management:



Memory: 4k page, physical 3993672k(1234544k free), swap 4120572k(3480100k free)

vm_info: OpenJDK 64-Bit Server VM (24.51-b03) for linux-amd64 JRE (1.7.0_55-b14), built on May  2 2014 11:33:06 by "buildd" with gcc 4.7.2

time: Tue Jul  8 00:03:56 2014
elapsed time: 16 seconds

