#
# A fatal error has been detected by the Java Runtime Environment:
#
#  SIGSEGV (0xb) at pc=0x00007f75df387e38, pid=27462, tid=140144631895808
#
# JRE version: OpenJDK Runtime Environment (7.0_55-b14) (build 1.7.0_55-b14)
# Java VM: OpenJDK 64-Bit Server VM (24.51-b03 mixed mode linux-amd64 compressed oops)
# Problematic frame:
# C  [libX11.so.6+0x3ae38]  XQueryExtension+0x28
#
# Failed to write core dump. Core dumps have been disabled. To enable core dumping, try "ulimit -c unlimited" before starting Java again
#
# If you would like to submit a bug report, please include
# instructions on how to reproduce the bug and visit:
#   http://icedtea.classpath.org/bugzilla
#

---------------  T H R E A D  ---------------

Current thread is native thread

siginfo:si_signo=SIGSEGV: si_errno=0, si_code=1 (SEGV_MAPERR), si_addr=0xffffffff8c00be48

Registers:
RAX=0x0000000002534610, RBX=0xffffffff8c00b4e0, RCX=0x00007fff6d6b1588, RDX=0x00007fff6d6b1584
RSP=0x00007fff6d6b1520, RBP=0x00007f75ac2fd600, RSI=0x00007f75ac1c4992, RDI=0xffffffff8c00b4e0
R8 =0x00007fff6d6b158c, R9 =0x0000000000000000, R10=0x00007f75ac2fd3c0, R11=0x00007f75f646c1c0
R12=0x00007f75ac1c4992, R13=0x0000000002534610, R14=0x00007fff6d6b1990, R15=0x00007f758c002140
RIP=0x00007f75df387e38, EFLAGS=0x0000000000010202, CSGSFS=0x0000000000000033, ERR=0x0000000000000005
  TRAPNO=0x000000000000000e

Top of Stack: (sp=0x00007fff6d6b1520)
0x00007fff6d6b1520:   00007f75f6442ae0 00007f75f70089f8
0x00007fff6d6b1530:   0001000100010001 0001000100010001
0x00007fff6d6b1540:   0001000100010001 ffffffff8c00b4e0
0x00007fff6d6b1550:   00007f75ac2fd600 00007f75ac1c4992
0x00007fff6d6b1560:   0000000002534610 00007fff6d6b1990
0x00007fff6d6b1570:   00007f758c002140 00007f75df37be72
0x00007fff6d6b1580:   00007f758c002140 00007f75f64b0220
0x00007fff6d6b1590:   0000000000000000 00007f75ac2fd600
0x00007fff6d6b15a0:   ffffffff8c00b4e0 00007f75df69571d
0x00007fff6d6b15b0:   00007f75ac1c4992 0000001100000000
0x00007fff6d6b15c0:   00007f7500000005 0000000000000000
0x00007fff6d6b15d0:   00007fff6d6b1640 ffffffff8c00b4e0
0x00007fff6d6b15e0:   00007fff6d6b1888 00007fff6d6b1990
0x00007fff6d6b15f0:   00007f75ac316e50 00007f75ac16d3d9
0x00007fff6d6b1600:   00000000ffffffff 00007f758c003bf0
0x00007fff6d6b1610:   00007fff6d6b1640 00007f75acf3f9e0
0x00007fff6d6b1620:   00007fff6d6b1888 00007fff6d6b1990
0x00007fff6d6b1630:   0000000000000000 00007f75ac161ae2
0x00007fff6d6b1640:   00007fff6d6b1a00 00007f75ac1c4911
0x00007fff6d6b1650:   00007fff6d6b1a00 00007f75f6e1b058
0x00007fff6d6b1660:   00007f75f702e1a8 00007f75f702e740
0x00007fff6d6b1670:   00007f75f7008000 00007f75f00094f0
0x00007fff6d6b1680:   00007f75f000a020 00007f75f000a530
0x00007fff6d6b1690:   00007f75f0017440 00007f75f01b34b0
0x00007fff6d6b16a0:   00007f75f02ca740 00007f75f02c6600
0x00007fff6d6b16b0:   00007f75f01f0ec0 00007f75f0201d10
0x00007fff6d6b16c0:   00007f75f02093b0 00007f75f0208e80
0x00007fff6d6b16d0:   00007f75f0208950 00007f75f020cca0
0x00007fff6d6b16e0:   00007f75f020c780 00007f75f020da50
0x00007fff6d6b16f0:   00007f75f020c270 00007f75f0208420
0x00007fff6d6b1700:   00007f75f020a840 00007f75f020b280
0x00007fff6d6b1710:   00007f75f020ad60 00007f75f020b7a0 

Instructions: (pc=0x00007f75df387e38)
0x00007f75df387e18:   24 e0 48 89 fb 4c 89 6c 24 e8 4c 89 74 24 f0 49
0x00007f75df387e28:   89 f4 4c 89 7c 24 f8 48 89 6c 24 d8 48 83 ec 58
0x00007f75df387e38:   48 8b 87 68 09 00 00 49 89 d7 49 89 ce 4d 89 c5
0x00007f75df387e48:   48 85 c0 74 02 ff 10 ba 08 00 00 00 be 62 00 00 

Register to memory mapping:

RAX=0x0000000002534610 is an unknown value
RBX=0xffffffff8c00b4e0 is an unknown value
RCX=0x00007fff6d6b1588 is an unknown value
RDX=0x00007fff6d6b1584 is an unknown value
RSP=0x00007fff6d6b1520 is an unknown value
RBP=0x00007f75ac2fd600: <offset 0x1cf600> in /usr/lib/x86_64-linux-gnu/libGL.so.1 at 0x00007f75ac12e000
RSI=0x00007f75ac1c4992: <offset 0x96992> in /usr/lib/x86_64-linux-gnu/libGL.so.1 at 0x00007f75ac12e000
RDI=0xffffffff8c00b4e0 is an unknown value
R8 =0x00007fff6d6b158c is an unknown value
R9 =0x0000000000000000 is an unknown value
R10=0x00007f75ac2fd3c0: <offset 0x1cf3c0> in /usr/lib/x86_64-linux-gnu/libGL.so.1 at 0x00007f75ac12e000
R11=0x00007f75f646c1c0: __cxa_finalize+0 in /lib/x86_64-linux-gnu/libc.so.6 at 0x00007f75f6434000
R12=0x00007f75ac1c4992: <offset 0x96992> in /usr/lib/x86_64-linux-gnu/libGL.so.1 at 0x00007f75ac12e000
R13=0x0000000002534610 is an unknown value
R14=0x00007fff6d6b1990 is an unknown value
R15=0x00007f758c002140 is an unknown value


Stack: [0x00007fff6d5b5000,0x00007fff6d6b5000],  sp=0x00007fff6d6b1520,  free space=1009k
Native frames: (J=compiled Java code, j=interpreted, Vv=VM code, C=native code)
C  [libX11.so.6+0x3ae38]  XQueryExtension+0x28


---------------  P R O C E S S  ---------------

VM state:at safepoint (shutting down)

VM Mutex/Monitor currently owned by a thread:  ([mutex/lock_event])
[0x00007f75f00077a0] Threads_lock - owner thread: 0x00007f75f0076800

Heap
 PSYoungGen      total 18432K, used 2638K [0x00000000eba80000, 0x00000000ecf00000, 0x0000000100000000)
  eden space 15872K, 0% used [0x00000000eba80000,0x00000000eba9b0b0,0x00000000eca00000)
  from space 2560K, 98% used [0x00000000ecc80000,0x00000000ecef8900,0x00000000ecf00000)
  to   space 2560K, 0% used [0x00000000eca00000,0x00000000eca00000,0x00000000ecc80000)
 ParOldGen       total 41472K, used 5758K [0x00000000c3000000, 0x00000000c5880000, 0x00000000eba80000)
  object space 41472K, 13% used [0x00000000c3000000,0x00000000c359fb68,0x00000000c5880000)
 PSPermGen       total 21504K, used 13086K [0x00000000b8a00000, 0x00000000b9f00000, 0x00000000c3000000)
  object space 21504K, 60% used [0x00000000b8a00000,0x00000000b96c7a88,0x00000000b9f00000)

Card table byte_map: [0x00007f75ec7a4000,0x00007f75ec9e0000] byte_map_base: 0x00007f75ec1df000

Polling page: 0x00007f75f7029000

Code Cache  [0x00007f75ec9e0000, 0x00007f75ecc50000, 0x00007f75ef9e0000)
 total_blobs=654 nmethods=107 adapters=502 free_code_cache=48396Kb largest_free_block=49531328

Compilation events (10 events):
Event: 6.618 Thread 0x00007f75f00a2000  102             com.badlogic.gdx.backends.lwjgl.LwjglGL20::glVertexAttribPointer (229 bytes)
Event: 6.618 Thread 0x00007f75f00a5000  103             org.lwjgl.opengl.GLChecks::ensureArrayVBOdisabled (27 bytes)
Event: 6.620 Thread 0x00007f75f00a5000 nmethod 103 0x00007f75eca8f410 code [0x00007f75eca8f560, 0x00007f75eca8f638]
Event: 6.621 Thread 0x00007f75f00a5000  105             com.badlogic.gdx.graphics.glutils.IndexArray::getNumIndices (8 bytes)
Event: 6.622 Thread 0x00007f75f00a5000 nmethod 105 0x00007f75eca9af10 code [0x00007f75eca9b040, 0x00007f75eca9b0b8]
Event: 6.635 Thread 0x00007f75f00a2000 nmethod 102 0x00007f75ecaa1950 code [0x00007f75ecaa1b80, 0x00007f75ecaa2640]
Event: 6.684 Thread 0x00007f75f00a5000  106             com.badlogic.gdx.utils.Array::get (54 bytes)
Event: 6.685 Thread 0x00007f75f00a5000 nmethod 106 0x00007f75eca9ac50 code [0x00007f75eca9ada0, 0x00007f75eca9ae58]
Event: 6.958 Thread 0x00007f75f00a2000  107             com.badlogic.gdx.scenes.scene2d.Actor::isVisible (5 bytes)
Event: 6.958 Thread 0x00007f75f00a2000 nmethod 107 0x00007f75eca9aa50 code [0x00007f75eca9ab80, 0x00007f75eca9abd8]

GC Heap History (4 events):
Event: 1.679 GC heap before
{Heap before GC invocations=1 (full 0):
 PSYoungGen      total 18432K, used 15872K [0x00000000eba80000, 0x00000000ecf00000, 0x0000000100000000)
  eden space 15872K, 100% used [0x00000000eba80000,0x00000000eca00000,0x00000000eca00000)
  from space 2560K, 0% used [0x00000000ecc80000,0x00000000ecc80000,0x00000000ecf00000)
  to   space 2560K, 0% used [0x00000000eca00000,0x00000000eca00000,0x00000000ecc80000)
 ParOldGen       total 41472K, used 0K [0x00000000c3000000, 0x00000000c5880000, 0x00000000eba80000)
  object space 41472K, 0% used [0x00000000c3000000,0x00000000c3000000,0x00000000c5880000)
 PSPermGen       total 21504K, used 9252K [0x00000000b8a00000, 0x00000000b9f00000, 0x00000000c3000000)
  object space 21504K, 43% used [0x00000000b8a00000,0x00000000b9309268,0x00000000b9f00000)
Event: 1.688 GC heap after
Heap after GC invocations=1 (full 0):
 PSYoungGen      total 18432K, used 2540K [0x00000000eba80000, 0x00000000ecf00000, 0x0000000100000000)
  eden space 15872K, 0% used [0x00000000eba80000,0x00000000eba80000,0x00000000eca00000)
  from space 2560K, 99% used [0x00000000eca00000,0x00000000ecc7b2b0,0x00000000ecc80000)
  to   space 2560K, 0% used [0x00000000ecc80000,0x00000000ecc80000,0x00000000ecf00000)
 ParOldGen       total 41472K, used 2419K [0x00000000c3000000, 0x00000000c5880000, 0x00000000eba80000)
  object space 41472K, 5% used [0x00000000c3000000,0x00000000c325ccb0,0x00000000c5880000)
 PSPermGen       total 21504K, used 9252K [0x00000000b8a00000, 0x00000000b9f00000, 0x00000000c3000000)
  object space 21504K, 43% used [0x00000000b8a00000,0x00000000b9309268,0x00000000b9f00000)
}
Event: 67.137 GC heap before
{Heap before GC invocations=2 (full 0):
 PSYoungGen      total 18432K, used 18412K [0x00000000eba80000, 0x00000000ecf00000, 0x0000000100000000)
  eden space 15872K, 100% used [0x00000000eba80000,0x00000000eca00000,0x00000000eca00000)
  from space 2560K, 99% used [0x00000000eca00000,0x00000000ecc7b2b0,0x00000000ecc80000)
  to   space 2560K, 0% used [0x00000000ecc80000,0x00000000ecc80000,0x00000000ecf00000)
 ParOldGen       total 41472K, used 2419K [0x00000000c3000000, 0x00000000c5880000, 0x00000000eba80000)
  object space 41472K, 5% used [0x00000000c3000000,0x00000000c325ccb0,0x00000000c5880000)
 PSPermGen       total 21504K, used 13086K [0x00000000b8a00000, 0x00000000b9f00000, 0x00000000c3000000)
  object space 21504K, 60% used [0x00000000b8a00000,0x00000000b96c7a88,0x00000000b9f00000)
Event: 67.151 GC heap after
Heap after GC invocations=2 (full 0):
 PSYoungGen      total 18432K, used 2530K [0x00000000eba80000, 0x00000000ecf00000, 0x0000000100000000)
  eden space 15872K, 0% used [0x00000000eba80000,0x00000000eba80000,0x00000000eca00000)
  from space 2560K, 98% used [0x00000000ecc80000,0x00000000ecef8900,0x00000000ecf00000)
  to   space 2560K, 0% used [0x00000000eca00000,0x00000000eca00000,0x00000000ecc80000)
 ParOldGen       total 41472K, used 5758K [0x00000000c3000000, 0x00000000c5880000, 0x00000000eba80000)
  object space 41472K, 13% used [0x00000000c3000000,0x00000000c359fb68,0x00000000c5880000)
 PSPermGen       total 21504K, used 13086K [0x00000000b8a00000, 0x00000000b9f00000, 0x00000000c3000000)
  object space 21504K, 60% used [0x00000000b8a00000,0x00000000b96c7a88,0x00000000b9f00000)
}

Deoptimization events (6 events):
Event: 0.226 Thread 0x00007f75f000b000 Uncommon trap: reason=class_check action=maybe_recompile pc=0x00007f75eca45280 method=java.util.Properties$LineReader.readLine()I @ 62
Event: 5.422 Thread 0x00007f7583dcb800 Uncommon trap: reason=unreached action=reinterpret pc=0x00007f75eca847f4 method=java.lang.Integer.parseInt(Ljava/lang/String;I)I @ 1
Event: 5.710 Thread 0x00007f75763f1000 Uncommon trap: reason=class_check action=maybe_recompile pc=0x00007f75eca45280 method=java.util.Properties$LineReader.readLine()I @ 62
Event: 5.710 Thread 0x00007f75763f1000 Uncommon trap: reason=class_check action=maybe_recompile pc=0x00007f75eca45280 method=java.util.Properties$LineReader.readLine()I @ 62
Event: 5.714 Thread 0x00007f75763f1000 Uncommon trap: reason=class_check action=maybe_recompile pc=0x00007f75eca45280 method=java.util.Properties$LineReader.readLine()I @ 62
Event: 7.003 Thread 0x00007f75763f1000 Uncommon trap: reason=unreached action=reinterpret pc=0x00007f75eca8dc3c method=java.lang.AbstractStringBuilder.append(Ljava/lang/String;)Ljava/lang/AbstractStringBuilder; @ 1

Internal exceptions (10 events):
Event: 5.711 Thread 0x00007f75763f1000 Threw 0x00000000ec62c6d8 at /build/openjdk-7-kBcQ8a/openjdk-7-7u55-2.4.7/build/openjdk/hotspot/src/share/vm/prims/jvm.cpp:1244
Event: 5.711 Thread 0x00007f75763f1000 Threw 0x00000000ec62f6e0 at /build/openjdk-7-kBcQ8a/openjdk-7-7u55-2.4.7/build/openjdk/hotspot/src/share/vm/prims/jvm.cpp:1244
Event: 5.711 Thread 0x00007f75763f1000 Threw 0x00000000ec634c30 at /build/openjdk-7-kBcQ8a/openjdk-7-7u55-2.4.7/build/openjdk/hotspot/src/share/vm/prims/jvm.cpp:1244
Event: 5.711 Thread 0x00007f75763f1000 Threw 0x00000000ec637cf8 at /build/openjdk-7-kBcQ8a/openjdk-7-7u55-2.4.7/build/openjdk/hotspot/src/share/vm/prims/jvm.cpp:1244
Event: 6.151 Thread 0x00007f75f0367800 Threw 0x00000000ec90a868 at /build/openjdk-7-kBcQ8a/openjdk-7-7u55-2.4.7/build/openjdk/hotspot/src/share/vm/prims/jvm.cpp:1244
Event: 6.950 Thread 0x00007f75f0367800 Threw 0x00000000ec94f278 at /build/openjdk-7-kBcQ8a/openjdk-7-7u55-2.4.7/build/openjdk/hotspot/src/share/vm/prims/jvm.cpp:1244
Event: 7.003 Thread 0x00007f75763f1000 Threw 0x00000000ec97ac08 at /build/openjdk-7-kBcQ8a/openjdk-7-7u55-2.4.7/build/openjdk/hotspot/src/share/vm/interpreter/linkResolver.cpp:883
Event: 7.003 Thread 0x00007f75763f1000 Implicit null exception at 0x00007f75eca8d8e5 to 0x00007f75eca8dc29
Event: 7.036 Thread 0x00007f75f0367800 Threw 0x00000000ec956438 at /build/openjdk-7-kBcQ8a/openjdk-7-7u55-2.4.7/build/openjdk/hotspot/src/share/vm/interpreter/linkResolver.cpp:883
Event: 67.037 Thread 0x00007f75f0367800 Threw 0x00000000ec9d7ea8 at /build/openjdk-7-kBcQ8a/openjdk-7-7u55-2.4.7/build/openjdk/hotspot/src/share/vm/prims/jvm.cpp:1244

Events (10 events):
Event: 67.155 Executing VM operation: RevokeBias done
Event: 67.155 Executing VM operation: RevokeBias
Event: 67.155 Executing VM operation: RevokeBias done
Event: 67.155 Executing VM operation: BulkRevokeBias
Event: 67.155 Executing VM operation: BulkRevokeBias done
Event: 67.191 Executing VM operation: RevokeBias
Event: 67.191 Executing VM operation: RevokeBias done
Event: 67.191 Thread 0x00007f75f0367800 Thread exited: 0x00007f75f0367800
Event: 67.192 Thread 0x00007f75f00d9000 Thread exited: 0x00007f75f00d9000
Event: 67.192 Thread 0x00007f75f000b000 Thread exited: 0x00007f75f000b000


Dynamic libraries:
00400000-00401000 r-xp 00000000 08:03 3934148                            /usr/lib/jvm/java-7-openjdk-amd64/jre/bin/java
00600000-00601000 r--p 00000000 08:03 3934148                            /usr/lib/jvm/java-7-openjdk-amd64/jre/bin/java
00601000-00602000 rw-p 00001000 08:03 3934148                            /usr/lib/jvm/java-7-openjdk-amd64/jre/bin/java
02532000-02757000 rw-p 00000000 00:00 0                                  [heap]
b8a00000-b9f00000 rw-p 00000000 00:00 0 
b9f00000-c3000000 rw-p 00000000 00:00 0 
c3000000-c5880000 rw-p 00000000 00:00 0 
c5880000-eba80000 rw-p 00000000 00:00 0 
eba80000-ecf00000 rw-p 00000000 00:00 0 
ecf00000-100000000 rw-p 00000000 00:00 0 
7f7568000000-7f7568059000 rw-p 00000000 00:00 0 
7f7568059000-7f756c000000 ---p 00000000 00:00 0 
7f756c000000-7f756c021000 rw-p 00000000 00:00 0 
7f756c021000-7f7570000000 ---p 00000000 00:00 0 
7f7570000000-7f757004f000 rw-p 00000000 00:00 0 
7f757004f000-7f7574000000 ---p 00000000 00:00 0 
7f7574000000-7f757772e000 rw-p 00000000 00:00 0 
7f757772e000-7f7578000000 ---p 00000000 00:00 0 
7f757b0dc000-7f757b0df000 ---p 00000000 00:00 0 
7f757b0df000-7f757b1dd000 rw-p 00000000 00:00 0 
7f757b1dd000-7f757b3dd000 rw-s d5002000 00:05 7289                       /dev/ati/card0
7f757b3dd000-7f757b5de000 rw-s d419b000 00:05 7289                       /dev/ati/card0
7f757b5de000-7f757b7de000 rw-s d2ed9000 00:05 7289                       /dev/ati/card0
7f757b7de000-7f757b7e1000 ---p 00000000 00:00 0 
7f757b7e1000-7f757b8df000 rw-p 00000000 00:00 0 
7f757b8df000-7f757b8e4000 r-xp 00000000 08:03 12192225                   /lib/x86_64-linux-gnu/libnss_dns-2.19.so
7f757b8e4000-7f757bae3000 ---p 00005000 08:03 12192225                   /lib/x86_64-linux-gnu/libnss_dns-2.19.so
7f757bae3000-7f757bae4000 r--p 00004000 08:03 12192225                   /lib/x86_64-linux-gnu/libnss_dns-2.19.so
7f757bae4000-7f757bae5000 rw-p 00005000 08:03 12192225                   /lib/x86_64-linux-gnu/libnss_dns-2.19.so
7f757bae5000-7f757bae7000 r-xp 00000000 08:03 12058696                   /lib/libnss_mdns4_minimal.so.2
7f757bae7000-7f757bce6000 ---p 00002000 08:03 12058696                   /lib/libnss_mdns4_minimal.so.2
7f757bce6000-7f757bce7000 rw-p 00001000 08:03 12058696                   /lib/libnss_mdns4_minimal.so.2
7f757bce7000-7f757bcfe000 r-xp 00000000 08:03 3934214                    /usr/lib/jvm/java-7-openjdk-amd64/jre/lib/amd64/libnet.so
7f757bcfe000-7f757befd000 ---p 00017000 08:03 3934214                    /usr/lib/jvm/java-7-openjdk-amd64/jre/lib/amd64/libnet.so
7f757befd000-7f757befe000 r--p 00016000 08:03 3934214                    /usr/lib/jvm/java-7-openjdk-amd64/jre/lib/amd64/libnet.so
7f757befe000-7f757beff000 rw-p 00017000 08:03 3934214                    /usr/lib/jvm/java-7-openjdk-amd64/jre/lib/amd64/libnet.so
7f757beff000-7f757bf02000 ---p 00000000 00:00 0 
7f757bf02000-7f757c000000 rw-p 00000000 00:00 0 
7f757c000000-7f757c7d6000 rw-p 00000000 00:00 0 
7f757c7d6000-7f7580000000 ---p 00000000 00:00 0 
7f7580000000-7f7583f19000 rw-p 00000000 00:00 0 
7f7583f19000-7f7584000000 ---p 00000000 00:00 0 
7f7584000000-7f75840b4000 rw-p 00000000 00:00 0 
7f75840b4000-7f7588000000 ---p 00000000 00:00 0 
7f7588000000-7f75880ae000 rw-p 00000000 00:00 0 
7f75880ae000-7f758c000000 ---p 00000000 00:00 0 
7f758c000000-7f758ff05000 rw-p 00000000 00:00 0 
7f758ff05000-7f7590000000 ---p 00000000 00:00 0 
7f7590000000-7f7590021000 rw-p 00000000 00:00 0 
7f7590021000-7f7594000000 ---p 00000000 00:00 0 
7f7594000000-7f7594021000 rw-p 00000000 00:00 0 
7f7594021000-7f7598000000 ---p 00000000 00:00 0 
7f75980b9000-7f75982b9000 rw-s d389b000 00:05 7289                       /dev/ati/card0
7f75982b9000-7f75983b9000 rw-s 081d3000 00:05 7289                       /dev/ati/card0
7f75983b9000-7f75983bc000 ---p 00000000 00:00 0 
7f75983bc000-7f75984ba000 rw-p 00000000 00:00 0 
7f75984ba000-7f75984bb000 ---p 00000000 00:00 0 
7f75984bb000-7f7598cbb000 rw-p 00000000 00:00 0 
7f7598cbb000-7f7598cbc000 ---p 00000000 00:00 0 
7f7598cbc000-7f75994bc000 rw-p 00000000 00:00 0 
7f75994bc000-7f7599530000 rw-p 00000000 00:00 0 
7f7599530000-7f7599c30000 rw-s 00006000 00:05 7289                       /dev/ati/card0
7f7599c30000-7f7599c6d000 r-xp 00000000 08:03 4201336                    /usr/lib/x86_64-linux-gnu/libatiadlxx.so
7f7599c6d000-7f7599d6c000 ---p 0003d000 08:03 4201336                    /usr/lib/x86_64-linux-gnu/libatiadlxx.so
7f7599d6c000-7f7599d76000 rw-p 0003c000 08:03 4201336                    /usr/lib/x86_64-linux-gnu/libatiadlxx.so
7f7599d76000-7f7599d86000 rw-p 00000000 00:00 0 
7f7599d86000-7f759bc7e000 r-xp 00000000 08:03 4201338                    /usr/lib/x86_64-linux-gnu/dri/fglrx_dri.so
7f759bc7e000-7f759bd7d000 ---p 01ef8000 08:03 4201338                    /usr/lib/x86_64-linux-gnu/dri/fglrx_dri.so
7f759bd7d000-7f759bedb000 rwxp 01ef7000 08:03 4201338                    /usr/lib/x86_64-linux-gnu/dri/fglrx_dri.so
7f759bedb000-7f759bfff000 rwxp 00000000 00:00 0 
7f75a0000000-7f75a0021000 rw-p 00000000 00:00 0 
7f75a0021000-7f75a4000000 ---p 00000000 00:00 0 
7f75a4000000-7f75a4021000 rw-p 00000000 00:00 0 
7f75a4021000-7f75a8000000 ---p 00000000 00:00 0 
7f75a8000000-7f75a8021000 rw-p 00000000 00:00 0 
7f75a8021000-7f75ac000000 ---p 00000000 00:00 0 
7f75ac025000-7f75ac02c000 r-xp 00000000 08:03 4201328                    /usr/lib/x86_64-linux-gnu/libatiuki.so.1.0
7f75ac02c000-7f75ac12c000 ---p 00007000 08:03 4201328                    /usr/lib/x86_64-linux-gnu/libatiuki.so.1.0
7f75ac12c000-7f75ac12d000 rw-p 00007000 08:03 4201328                    /usr/lib/x86_64-linux-gnu/libatiuki.so.1.0
7f75ac12d000-7f75ac12e000 rw-p 00000000 00:00 0 
7f75ac12e000-7f75ac1f1000 r-xp 00000000 08:03 4201341                    /usr/lib/x86_64-linux-gnu/fglrx/fglrx-libGL.so.1.2
7f75ac1f1000-7f75ac2f0000 ---p 000c3000 08:03 4201341                    /usr/lib/x86_64-linux-gnu/fglrx/fglrx-libGL.so.1.2
7f75ac2f0000-7f75ac317000 rwxp 000c2000 08:03 4201341                    /usr/lib/x86_64-linux-gnu/fglrx/fglrx-libGL.so.1.2
7f75ac317000-7f75ac337000 rwxp 00000000 00:00 0 
7f75ac337000-7f75ac33a000 ---p 00000000 00:00 0 
7f75ac33a000-7f75ac438000 rw-p 00000000 00:00 0 
7f75ac438000-7f75ac439000 ---p 00000000 00:00 0 
7f75ac439000-7f75ac539000 rw-p 00000000 00:00 0 
7f75ac539000-7f75ac53a000 ---p 00000000 00:00 0 
7f75ac53a000-7f75acd3a000 rw-p 00000000 00:00 0 
7f75acd3a000-7f75acd40000 r-xp 00000000 08:03 4200289                    /usr/lib/x86_64-linux-gnu/libogg.so.0.8.0
7f75acd40000-7f75acf3f000 ---p 00006000 08:03 4200289                    /usr/lib/x86_64-linux-gnu/libogg.so.0.8.0
7f75acf3f000-7f75acf40000 rw-p 00005000 08:03 4200289                    /usr/lib/x86_64-linux-gnu/libogg.so.0.8.0
7f75acf40000-7f75acf6c000 r-xp 00000000 08:03 4200496                    /usr/lib/x86_64-linux-gnu/libvorbis.so.0.4.5
7f75acf6c000-7f75ad16b000 ---p 0002c000 08:03 4200496                    /usr/lib/x86_64-linux-gnu/libvorbis.so.0.4.5
7f75ad16b000-7f75ad16c000 r--p 0002b000 08:03 4200496                    /usr/lib/x86_64-linux-gnu/libvorbis.so.0.4.5
7f75ad16c000-7f75ad16d000 rw-p 0002c000 08:03 4200496                    /usr/lib/x86_64-linux-gnu/libvorbis.so.0.4.5
7f75ad16d000-7f75ad420000 r-xp 00000000 08:03 4200498                    /usr/lib/x86_64-linux-gnu/libvorbisenc.so.2.0.8
7f75ad420000-7f75ad61f000 ---p 002b3000 08:03 4200498                    /usr/lib/x86_64-linux-gnu/libvorbisenc.so.2.0.8
7f75ad61f000-7f75ad63b000 r--p 002b2000 08:03 4200498                    /usr/lib/x86_64-linux-gnu/libvorbisenc.so.2.0.8
7f75ad63b000-7f75ad63c000 rw-p 002ce000 08:03 4200498                    /usr/lib/x86_64-linux-gnu/libvorbisenc.so.2.0.8
7f75ad63c000-7f75ad687000 r-xp 00000000 08:03 4199700                    /usr/lib/x86_64-linux-gnu/libFLAC.so.8.2.0
7f75ad687000-7f75ad886000 ---p 0004b000 08:03 4199700                    /usr/lib/x86_64-linux-gnu/libFLAC.so.8.2.0
7f75ad886000-7f75ad887000 r--p 0004a000 08:03 4199700                    /usr/lib/x86_64-linux-gnu/libFLAC.so.8.2.0
7f75ad887000-7f75ad888000 rw-p 0004b000 08:03 4199700                    /usr/lib/x86_64-linux-gnu/libFLAC.so.8.2.0
7f75ad888000-7f75ad88c000 r-xp 00000000 08:03 12190707                   /lib/x86_64-linux-gnu/libuuid.so.1.3.0
7f75ad88c000-7f75ada8b000 ---p 00004000 08:03 12190707                   /lib/x86_64-linux-gnu/libuuid.so.1.3.0
7f75ada8b000-7f75ada8c000 r--p 00003000 08:03 12190707                   /lib/x86_64-linux-gnu/libuuid.so.1.3.0
7f75ada8c000-7f75ada8d000 rw-p 00004000 08:03 12190707                   /lib/x86_64-linux-gnu/libuuid.so.1.3.0
7f75ada8d000-7f75ada91000 r-xp 00000000 08:03 12190559                   /lib/x86_64-linux-gnu/libattr.so.1.1.0
7f75ada91000-7f75adc90000 ---p 00004000 08:03 12190559                   /lib/x86_64-linux-gnu/libattr.so.1.1.0
7f75adc90000-7f75adc91000 r--p 00003000 08:03 12190559                   /lib/x86_64-linux-gnu/libattr.so.1.1.0
7f75adc91000-7f75adc92000 rw-p 00004000 08:03 12190559                   /lib/x86_64-linux-gnu/libattr.so.1.1.0
7f75adc92000-7f75adc97000 r-xp 00000000 08:03 4199797                    /usr/lib/x86_64-linux-gnu/libasyncns.so.0.3.1
7f75adc97000-7f75ade96000 ---p 00005000 08:03 4199797                    /usr/lib/x86_64-linux-gnu/libasyncns.so.0.3.1
7f75ade96000-7f75ade97000 rw-p 00004000 08:03 4199797                    /usr/lib/x86_64-linux-gnu/libasyncns.so.0.3.1
7f75ade97000-7f75adef8000 r-xp 00000000 08:03 4200411                    /usr/lib/x86_64-linux-gnu/libsndfile.so.1.0.25
7f75adef8000-7f75ae0f7000 ---p 00061000 08:03 4200411                    /usr/lib/x86_64-linux-gnu/libsndfile.so.1.0.25
7f75ae0f7000-7f75ae0f9000 r--p 00060000 08:03 4200411                    /usr/lib/x86_64-linux-gnu/libsndfile.so.1.0.25
7f75ae0f9000-7f75ae0fa000 rw-p 00062000 08:03 4200411                    /usr/lib/x86_64-linux-gnu/libsndfile.so.1.0.25
7f75ae0fa000-7f75ae0fe000 rw-p 00000000 00:00 0 
7f75ae0fe000-7f75ae107000 r-xp 00000000 08:03 12190709                   /lib/x86_64-linux-gnu/libwrap.so.0.7.6
7f75ae107000-7f75ae306000 ---p 00009000 08:03 12190709                   /lib/x86_64-linux-gnu/libwrap.so.0.7.6
7f75ae306000-7f75ae307000 r--p 00008000 08:03 12190709                   /lib/x86_64-linux-gnu/libwrap.so.0.7.6
7f75ae307000-7f75ae308000 rw-p 00009000 08:03 12190709                   /lib/x86_64-linux-gnu/libwrap.so.0.7.6
7f75ae308000-7f75ae309000 rw-p 00000000 00:00 0 
7f75ae309000-7f75ae310000 r-xp 00000000 08:03 4199720                    /usr/lib/x86_64-linux-gnu/libSM.so.6.0.1
7f75ae310000-7f75ae50f000 ---p 00007000 08:03 4199720                    /usr/lib/x86_64-linux-gnu/libSM.so.6.0.1
7f75ae50f000-7f75ae510000 rw-p 00006000 08:03 4199720                    /usr/lib/x86_64-linux-gnu/libSM.so.6.0.1
7f75ae510000-7f75ae527000 r-xp 00000000 08:03 4199710                    /usr/lib/x86_64-linux-gnu/libICE.so.6.3.0
7f75ae527000-7f75ae726000 ---p 00017000 08:03 4199710                    /usr/lib/x86_64-linux-gnu/libICE.so.6.3.0
7f75ae726000-7f75ae728000 rw-p 00016000 08:03 4199710                    /usr/lib/x86_64-linux-gnu/libICE.so.6.3.0
7f75ae728000-7f75ae72b000 rw-p 00000000 00:00 0 
7f75ae72b000-7f75ae72c000 r-xp 00000000 08:03 4199726                    /usr/lib/x86_64-linux-gnu/libX11-xcb.so.1.0.0
7f75ae72c000-7f75ae92b000 ---p 00001000 08:03 4199726                    /usr/lib/x86_64-linux-gnu/libX11-xcb.so.1.0.0
7f75ae92b000-7f75ae92c000 rw-p 00000000 08:03 4199726                    /usr/lib/x86_64-linux-gnu/libX11-xcb.so.1.0.0
7f75ae92c000-7f75ae930000 r-xp 00000000 08:03 12190572                   /lib/x86_64-linux-gnu/libcap.so.2.22
7f75ae930000-7f75aeb2f000 ---p 00004000 08:03 12190572                   /lib/x86_64-linux-gnu/libcap.so.2.22
7f75aeb2f000-7f75aeb30000 rw-p 00003000 08:03 12190572                   /lib/x86_64-linux-gnu/libcap.so.2.22
7f75aeb30000-7f75aeb91000 r-xp 00000000 08:03 4325923                    /usr/lib/x86_64-linux-gnu/pulseaudio/libpulsecommon-2.0.so
7f75aeb91000-7f75aed90000 ---p 00061000 08:03 4325923                    /usr/lib/x86_64-linux-gnu/pulseaudio/libpulsecommon-2.0.so
7f75aed90000-7f75aed91000 r--p 00060000 08:03 4325923                    /usr/lib/x86_64-linux-gnu/pulseaudio/libpulsecommon-2.0.so
7f75aed91000-7f75aed93000 rw-p 00061000 08:03 4325923                    /usr/lib/x86_64-linux-gnu/pulseaudio/libpulsecommon-2.0.so
7f75aed93000-7f75aed9c000 r-xp 00000000 08:03 12190608                   /lib/x86_64-linux-gnu/libjson.so.0.1.0
7f75aed9c000-7f75aef9b000 ---p 00009000 08:03 12190608                   /lib/x86_64-linux-gnu/libjson.so.0.1.0
7f75aef9b000-7f75aef9c000 r--p 00008000 08:03 12190608                   /lib/x86_64-linux-gnu/libjson.so.0.1.0
7f75aef9c000-7f75aef9d000 rw-p 00009000 08:03 12190608                   /lib/x86_64-linux-gnu/libjson.so.0.1.0
7f75aef9d000-7f75aefe6000 r-xp 00000000 08:03 4200364                    /usr/lib/x86_64-linux-gnu/libpulse.so.0.14.2
7f75aefe6000-7f75af1e5000 ---p 00049000 08:03 4200364                    /usr/lib/x86_64-linux-gnu/libpulse.so.0.14.2
7f75af1e5000-7f75af1e6000 r--p 00048000 08:03 4200364                    /usr/lib/x86_64-linux-gnu/libpulse.so.0.14.2
7f75af1e6000-7f75af1e7000 rw-p 00049000 08:03 4200364                    /usr/lib/x86_64-linux-gnu/libpulse.so.0.14.2
7f75af440000-7f75af444000 r-xp 00000000 08:03 4199775                    /usr/lib/x86_64-linux-gnu/libXxf86vm.so.1.0.0
7f75af444000-7f75af644000 ---p 00004000 08:03 4199775                    /usr/lib/x86_64-linux-gnu/libXxf86vm.so.1.0.0
7f75af644000-7f75af645000 r--p 00004000 08:03 4199775                    /usr/lib/x86_64-linux-gnu/libXxf86vm.so.1.0.0
7f75af645000-7f75af646000 rw-p 00005000 08:03 4199775                    /usr/lib/x86_64-linux-gnu/libXxf86vm.so.1.0.0
7f75af646000-7f75af6b2000 r-xp 00000000 08:01 301131                     /media/winDisk/Users/ChobeDucket/Documents/sheep/android/assets/.temp/7b43be9b/liblwjgl64.so
7f75af6b2000-7f75af8b1000 ---p 0006c000 08:01 301131                     /media/winDisk/Users/ChobeDucket/Documents/sheep/android/assets/.temp/7b43be9b/liblwjgl64.so
7f75af8b1000-7f75af8b3000 r--p 0006b000 08:01 301131                     /media/winDisk/Users/ChobeDucket/Documents/sheep/android/assets/.temp/7b43be9b/liblwjgl64.so
7f75af8b3000-7f75af8b4000 rw-p 0006d000 08:01 301131                     /media/winDisk/Users/ChobeDucket/Documents/sheep/android/assets/.temp/7b43be9b/liblwjgl64.so
7f75af8b4000-7f75af8b5000 r-xp 00000000 08:03 3934229                    /usr/lib/jvm/java-7-openjdk-amd64/jre/lib/amd64/libjawt.so
7f75af8b5000-7f75afab4000 ---p 00001000 08:03 3934229                    /usr/lib/jvm/java-7-openjdk-amd64/jre/lib/amd64/libjawt.so
7f75afab4000-7f75afab5000 r--p 00000000 08:03 3934229                    /usr/lib/jvm/java-7-openjdk-amd64/jre/lib/amd64/libjawt.so
7f75afab5000-7f75afab6000 rw-p 00001000 08:03 3934229                    /usr/lib/jvm/java-7-openjdk-amd64/jre/lib/amd64/libjawt.so
7f75afab6000-7f75afab9000 ---p 00000000 00:00 0 
7f75afab9000-7f75afbb7000 rw-p 00000000 00:00 0 
7f75afbb7000-7f75afbba000 r-xp 00000000 08:03 12190599                   /lib/x86_64-linux-gnu/libgpg-error.so.0.8.0
7f75afbba000-7f75afdb9000 ---p 00003000 08:03 12190599                   /lib/x86_64-linux-gnu/libgpg-error.so.0.8.0
7f75afdb9000-7f75afdba000 rw-p 00002000 08:03 12190599                   /lib/x86_64-linux-gnu/libgpg-error.so.0.8.0
7f75afdba000-7f75afdfe000 r-xp 00000000 08:03 12190580                   /lib/x86_64-linux-gnu/libdbus-1.so.3.7.2
7f75afdfe000-7f75afffe000 ---p 00044000 08:03 12190580                   /lib/x86_64-linux-gnu/libdbus-1.so.3.7.2
7f75afffe000-7f75affff000 r--p 00044000 08:03 12190580                   /lib/x86_64-linux-gnu/libdbus-1.so.3.7.2
7f75affff000-7f75b0000000 rw-p 00045000 08:03 12190580                   /lib/x86_64-linux-gnu/libdbus-1.so.3.7.2
7f75b0000000-7f75b0021000 rw-p 00000000 00:00 0 
7f75b0021000-7f75b4000000 ---p 00000000 00:00 0 
7f75b4000000-7f75b4021000 rw-p 00000000 00:00 0 
7f75b4021000-7f75b8000000 ---p 00000000 00:00 0 
7f75b8000000-7f75b825a000 rw-p 00000000 00:00 0 
7f75b825a000-7f75bc000000 ---p 00000000 00:00 0 
7f75bc000000-7f75bc2bd000 rw-p 00000000 00:00 0 
7f75bc2bd000-7f75c0000000 ---p 00000000 00:00 0 
7f75c0000000-7f75c0021000 rw-p 00000000 00:00 0 
7f75c0021000-7f75c4000000 ---p 00000000 00:00 0 
7f75c4000000-7f75c4021000 rw-p 00000000 00:00 0 
7f75c4021000-7f75c8000000 ---p 00000000 00:00 0 
7f75c8000000-7f75c8021000 rw-p 00000000 00:00 0 
7f75c8021000-7f75cc000000 ---p 00000000 00:00 0 
7f75cc000000-7f75cc021000 rw-p 00000000 00:00 0 
7f75cc021000-7f75d0000000 ---p 00000000 00:00 0 
7f75d0000000-7f75d0021000 rw-p 00000000 00:00 0 
7f75d0021000-7f75d4000000 ---p 00000000 00:00 0 
7f75d40a6000-7f75d40a9000 ---p 00000000 00:00 0 
7f75d40a9000-7f75d41a7000 rw-p 00000000 00:00 0 
7f75d41a7000-7f75d41b8000 r-xp 00000000 08:03 4200305                    /usr/lib/x86_64-linux-gnu/libp11-kit.so.0.0.0
7f75d41b8000-7f75d43b7000 ---p 00011000 08:03 4200305                    /usr/lib/x86_64-linux-gnu/libp11-kit.so.0.0.0
7f75d43b7000-7f75d43b8000 r--p 00010000 08:03 4200305                    /usr/lib/x86_64-linux-gnu/libp11-kit.so.0.0.0
7f75d43b8000-7f75d43b9000 rw-p 00011000 08:03 4200305                    /usr/lib/x86_64-linux-gnu/libp11-kit.so.0.0.0
7f75d43b9000-7f75d4433000 r-xp 00000000 08:03 12190595                   /lib/x86_64-linux-gnu/libgcrypt.so.11.7.0
7f75d4433000-7f75d4633000 ---p 0007a000 08:03 12190595                   /lib/x86_64-linux-gnu/libgcrypt.so.11.7.0
7f75d4633000-7f75d4634000 r--p 0007a000 08:03 12190595                   /lib/x86_64-linux-gnu/libgcrypt.so.11.7.0
7f75d4634000-7f75d4637000 rw-p 0007b000 08:03 12190595                   /lib/x86_64-linux-gnu/libgcrypt.so.11.7.0
7f75d4637000-7f75d4647000 r-xp 00000000 08:03 4200448                    /usr/lib/x86_64-linux-gnu/libtasn1.so.3.1.16
7f75d4647000-7f75d4846000 ---p 00010000 08:03 4200448                    /usr/lib/x86_64-linux-gnu/libtasn1.so.3.1.16
7f75d4846000-7f75d4847000 r--p 0000f000 08:03 4200448                    /usr/lib/x86_64-linux-gnu/libtasn1.so.3.1.16
7f75d4847000-7f75d4848000 rw-p 00010000 08:03 4200448                    /usr/lib/x86_64-linux-gnu/libtasn1.so.3.1.16
7f75d4848000-7f75d484b000 r-xp 00000000 08:03 12190610                   /lib/x86_64-linux-gnu/libkeyutils.so.1.4
7f75d484b000-7f75d4a4a000 ---p 00003000 08:03 12190610                   /lib/x86_64-linux-gnu/libkeyutils.so.1.4
7f75d4a4a000-7f75d4a4b000 r--p 00002000 08:03 12190610                   /lib/x86_64-linux-gnu/libkeyutils.so.1.4
7f75d4a4b000-7f75d4a4c000 rw-p 00003000 08:03 12190610                   /lib/x86_64-linux-gnu/libkeyutils.so.1.4
7f75d4a4c000-7f75d4a54000 r-xp 00000000 08:03 4200208                    /usr/lib/x86_64-linux-gnu/libkrb5support.so.0.1
7f75d4a54000-7f75d4c53000 ---p 00008000 08:03 4200208                    /usr/lib/x86_64-linux-gnu/libkrb5support.so.0.1
7f75d4c53000-7f75d4c54000 r--p 00007000 08:03 4200208                    /usr/lib/x86_64-linux-gnu/libkrb5support.so.0.1
7f75d4c54000-7f75d4c55000 rw-p 00008000 08:03 4200208                    /usr/lib/x86_64-linux-gnu/libkrb5support.so.0.1
7f75d4c55000-7f75d4c58000 r-xp 00000000 08:03 12190576                   /lib/x86_64-linux-gnu/libcom_err.so.2.1
7f75d4c58000-7f75d4e57000 ---p 00003000 08:03 12190576                   /lib/x86_64-linux-gnu/libcom_err.so.2.1
7f75d4e57000-7f75d4e58000 r--p 00002000 08:03 12190576                   /lib/x86_64-linux-gnu/libcom_err.so.2.1
7f75d4e58000-7f75d4e59000 rw-p 00003000 08:03 12190576                   /lib/x86_64-linux-gnu/libcom_err.so.2.1
7f75d4e59000-7f75d4e7f000 r-xp 00000000 08:03 4200198                    /usr/lib/x86_64-linux-gnu/libk5crypto.so.3.1
7f75d4e7f000-7f75d507f000 ---p 00026000 08:03 4200198                    /usr/lib/x86_64-linux-gnu/libk5crypto.so.3.1
7f75d507f000-7f75d5080000 r--p 00026000 08:03 4200198                    /usr/lib/x86_64-linux-gnu/libk5crypto.so.3.1
7f75d5080000-7f75d5081000 rw-p 00027000 08:03 4200198                    /usr/lib/x86_64-linux-gnu/libk5crypto.so.3.1
7f75d5081000-7f75d5082000 rw-p 00000000 00:00 0 
7f75d5082000-7f75d514b000 r-xp 00000000 08:03 4200206                    /usr/lib/x86_64-linux-gnu/libkrb5.so.3.3
7f75d514b000-7f75d534a000 ---p 000c9000 08:03 4200206                    /usr/lib/x86_64-linux-gnu/libkrb5.so.3.3
7f75d534a000-7f75d5354000 r--p 000c8000 08:03 4200206                    /usr/lib/x86_64-linux-gnu/libkrb5.so.3.3
7f75d5354000-7f75d5356000 rw-p 000d2000 08:03 4200206                    /usr/lib/x86_64-linux-gnu/libkrb5.so.3.3
7f75d5356000-7f75d535b000 r-xp 00000000 08:03 4199743                    /usr/lib/x86_64-linux-gnu/libXdmcp.so.6.0.0
7f75d535b000-7f75d555a000 ---p 00005000 08:03 4199743                    /usr/lib/x86_64-linux-gnu/libXdmcp.so.6.0.0
7f75d555a000-7f75d555b000 rw-p 00004000 08:03 4199743                    /usr/lib/x86_64-linux-gnu/libXdmcp.so.6.0.0
7f75d555b000-7f75d555d000 r-xp 00000000 08:03 4199732                    /usr/lib/x86_64-linux-gnu/libXau.so.6.0.0
7f75d555d000-7f75d575d000 ---p 00002000 08:03 4199732                    /usr/lib/x86_64-linux-gnu/libXau.so.6.0.0
7f75d575d000-7f75d575e000 rw-p 00002000 08:03 4199732                    /usr/lib/x86_64-linux-gnu/libXau.so.6.0.0
7f75d575e000-7f75d576e000 r-xp 00000000 08:03 4199807                    /usr/lib/x86_64-linux-gnu/libavahi-client.so.3.2.9
7f75d576e000-7f75d596d000 ---p 00010000 08:03 4199807                    /usr/lib/x86_64-linux-gnu/libavahi-client.so.3.2.9
7f75d596d000-7f75d596e000 r--p 0000f000 08:03 4199807                    /usr/lib/x86_64-linux-gnu/libavahi-client.so.3.2.9
7f75d596e000-7f75d596f000 rw-p 00010000 08:03 4199807                    /usr/lib/x86_64-linux-gnu/libavahi-client.so.3.2.9
7f75d596f000-7f75d597b000 r-xp 00000000 08:03 4199809                    /usr/lib/x86_64-linux-gnu/libavahi-common.so.3.5.3
7f75d597b000-7f75d5b7a000 ---p 0000c000 08:03 4199809                    /usr/lib/x86_64-linux-gnu/libavahi-common.so.3.5.3
7f75d5b7a000-7f75d5b7b000 r--p 0000b000 08:03 4199809                    /usr/lib/x86_64-linux-gnu/libavahi-common.so.3.5.3
7f75d5b7b000-7f75d5b7c000 rw-p 0000c000 08:03 4199809                    /usr/lib/x86_64-linux-gnu/libavahi-common.so.3.5.3
7f75d5b7c000-7f75d5c35000 r-xp 00000000 08:03 4200060                    /usr/lib/x86_64-linux-gnu/libgnutls.so.26.22.4
7f75d5c35000-7f75d5e34000 ---p 000b9000 08:03 4200060                    /usr/lib/x86_64-linux-gnu/libgnutls.so.26.22.4
7f75d5e34000-7f75d5e3a000 r--p 000b8000 08:03 4200060                    /usr/lib/x86_64-linux-gnu/libgnutls.so.26.22.4
7f75d5e3a000-7f75d5e3c000 rw-p 000be000 08:03 4200060                    /usr/lib/x86_64-linux-gnu/libgnutls.so.26.22.4
7f75d5e3c000-7f75d5e78000 r-xp 00000000 08:03 4200085                    /usr/lib/x86_64-linux-gnu/libgssapi_krb5.so.2.2
7f75d5e78000-7f75d6078000 ---p 0003c000 08:03 4200085                    /usr/lib/x86_64-linux-gnu/libgssapi_krb5.so.2.2
7f75d6078000-7f75d6079000 r--p 0003c000 08:03 4200085                    /usr/lib/x86_64-linux-gnu/libgssapi_krb5.so.2.2
7f75d6079000-7f75d607b000 rw-p 0003d000 08:03 4200085                    /usr/lib/x86_64-linux-gnu/libgssapi_krb5.so.2.2
7f75d607b000-7f75d60b7000 r-xp 00000000 08:03 12190663                   /lib/x86_64-linux-gnu/libpcre.so.3.13.1
7f75d60b7000-7f75d62b7000 ---p 0003c000 08:03 12190663                   /lib/x86_64-linux-gnu/libpcre.so.3.13.1
7f75d62b7000-7f75d62b8000 rw-p 0003c000 08:03 12190663                   /lib/x86_64-linux-gnu/libpcre.so.3.13.1
7f75d62b8000-7f75d62c4000 r-xp 00000000 08:03 4199961                    /usr/lib/x86_64-linux-gnu/libffi.so.5.0.10
7f75d62c4000-7f75d64c4000 ---p 0000c000 08:03 4199961                    /usr/lib/x86_64-linux-gnu/libffi.so.5.0.10
7f75d64c4000-7f75d64c5000 rw-p 0000c000 08:03 4199961                    /usr/lib/x86_64-linux-gnu/libffi.so.5.0.10
7f75d64c5000-7f75d64ec000 r-xp 00000000 08:03 12190588                   /lib/x86_64-linux-gnu/libexpat.so.1.6.0
7f75d64ec000-7f75d66ec000 ---p 00027000 08:03 12190588                   /lib/x86_64-linux-gnu/libexpat.so.1.6.0
7f75d66ec000-7f75d66ee000 r--p 00027000 08:03 12190588                   /lib/x86_64-linux-gnu/libexpat.so.1.6.0
7f75d66ee000-7f75d66ef000 rw-p 00029000 08:03 12190588                   /lib/x86_64-linux-gnu/libexpat.so.1.6.0
7f75d66ef000-7f75d66f7000 r-xp 00000000 08:03 4200521                    /usr/lib/x86_64-linux-gnu/libxcb-render.so.0.0.0
7f75d66f7000-7f75d68f7000 ---p 00008000 08:03 4200521                    /usr/lib/x86_64-linux-gnu/libxcb-render.so.0.0.0
7f75d68f7000-7f75d68f8000 r--p 00008000 08:03 4200521                    /usr/lib/x86_64-linux-gnu/libxcb-render.so.0.0.0
7f75d68f8000-7f75d68f9000 rw-p 00009000 08:03 4200521                    /usr/lib/x86_64-linux-gnu/libxcb-render.so.0.0.0
7f75d68f9000-7f75d68fb000 r-xp 00000000 08:03 4200525                    /usr/lib/x86_64-linux-gnu/libxcb-shm.so.0.0.0
7f75d68fb000-7f75d6afa000 ---p 00002000 08:03 4200525                    /usr/lib/x86_64-linux-gnu/libxcb-shm.so.0.0.0
7f75d6afa000-7f75d6afb000 r--p 00001000 08:03 4200525                    /usr/lib/x86_64-linux-gnu/libxcb-shm.so.0.0.0
7f75d6afb000-7f75d6afc000 rw-p 00002000 08:03 4200525                    /usr/lib/x86_64-linux-gnu/libxcb-shm.so.0.0.0
7f75d6afc000-7f75d6b7c000 r-xp 00000000 08:03 4200335                    /usr/lib/x86_64-linux-gnu/libpixman-1.so.0.26.0
7f75d6b7c000-7f75d6d7c000 ---p 00080000 08:03 4200335                    /usr/lib/x86_64-linux-gnu/libpixman-1.so.0.26.0
7f75d6d7c000-7f75d6d82000 rw-p 00080000 08:03 4200335                    /usr/lib/x86_64-linux-gnu/libpixman-1.so.0.26.0
7f75d6d82000-7f75d6da8000 r-xp 00000000 08:03 12190665                   /lib/x86_64-linux-gnu/libpng12.so.0.49.0
7f75d6da8000-7f75d6fa7000 ---p 00026000 08:03 12190665                   /lib/x86_64-linux-gnu/libpng12.so.0.49.0
7f75d6fa7000-7f75d6fa8000 r--p 00025000 08:03 12190665                   /lib/x86_64-linux-gnu/libpng12.so.0.49.0
7f75d6fa8000-7f75d6fa9000 rw-p 00026000 08:03 12190665                   /lib/x86_64-linux-gnu/libpng12.so.0.49.0
7f75d6fa9000-7f75d6fbd000 r-xp 00000000 08:03 12192206                   /lib/x86_64-linux-gnu/libresolv-2.19.so
7f75d6fbd000-7f75d71bc000 ---p 00014000 08:03 12192206                   /lib/x86_64-linux-gnu/libresolv-2.19.so
7f75d71bc000-7f75d71bd000 r--p 00013000 08:03 12192206                   /lib/x86_64-linux-gnu/libresolv-2.19.so
7f75d71bd000-7f75d71be000 rw-p 00014000 08:03 12192206                   /lib/x86_64-linux-gnu/libresolv-2.19.so
7f75d71be000-7f75d71c0000 rw-p 00000000 00:00 0 
7f75d71c0000-7f75d71de000 r-xp 00000000 08:03 12190680                   /lib/x86_64-linux-gnu/libselinux.so.1
7f75d71de000-7f75d73dd000 ---p 0001e000 08:03 12190680                   /lib/x86_64-linux-gnu/libselinux.so.1
7f75d73dd000-7f75d73de000 r--p 0001d000 08:03 12190680                   /lib/x86_64-linux-gnu/libselinux.so.1
7f75d73de000-7f75d73df000 rw-p 0001e000 08:03 12190680                   /lib/x86_64-linux-gnu/libselinux.so.1
7f75d73df000-7f75d73e0000 rw-p 00000000 00:00 0 
7f75d73e0000-7f75d73e3000 r-xp 00000000 08:03 4200052                    /usr/lib/x86_64-linux-gnu/libgmodule-2.0.so.0.3200.4
7f75d73e3000-7f75d75e2000 ---p 00003000 08:03 4200052                    /usr/lib/x86_64-linux-gnu/libgmodule-2.0.so.0.3200.4
7f75d75e2000-7f75d75e3000 r--p 00002000 08:03 4200052                    /usr/lib/x86_64-linux-gnu/libgmodule-2.0.so.0.3200.4
7f75d75e3000-7f75d75e4000 rw-p 00003000 08:03 4200052                    /usr/lib/x86_64-linux-gnu/libgmodule-2.0.so.0.3200.4
7f75d75e4000-7f75d75ee000 r-xp 00000000 08:03 4199739                    /usr/lib/x86_64-linux-gnu/libXcursor.so.1.0.2
7f75d75ee000-7f75d77ed000 ---p 0000a000 08:03 4199739                    /usr/lib/x86_64-linux-gnu/libXcursor.so.1.0.2
7f75d77ed000-7f75d77ee000 rw-p 00009000 08:03 4199739                    /usr/lib/x86_64-linux-gnu/libXcursor.so.1.0.2
7f75d77ee000-7f75d77f5000 r-xp 00000000 08:03 4199761                    /usr/lib/x86_64-linux-gnu/libXrandr.so.2.2.0
7f75d77f5000-7f75d79f5000 ---p 00007000 08:03 4199761                    /usr/lib/x86_64-linux-gnu/libXrandr.so.2.2.0
7f75d79f5000-7f75d79f6000 rw-p 00007000 08:03 4199761                    /usr/lib/x86_64-linux-gnu/libXrandr.so.2.2.0
7f75d79f6000-7f75d79f8000 r-xp 00000000 08:03 4199753                    /usr/lib/x86_64-linux-gnu/libXinerama.so.1.0.0
7f75d79f8000-7f75d7bf7000 ---p 00002000 08:03 4199753                    /usr/lib/x86_64-linux-gnu/libXinerama.so.1.0.0
7f75d7bf7000-7f75d7bf8000 rw-p 00001000 08:03 4199753                    /usr/lib/x86_64-linux-gnu/libXinerama.so.1.0.0
7f75d7bf8000-7f75d7bfd000 r-xp 00000000 08:03 4199747                    /usr/lib/x86_64-linux-gnu/libXfixes.so.3.1.0
7f75d7bfd000-7f75d7dfc000 ---p 00005000 08:03 4199747                    /usr/lib/x86_64-linux-gnu/libXfixes.so.3.1.0
7f75d7dfc000-7f75d7dfd000 r--p 00004000 08:03 4199747                    /usr/lib/x86_64-linux-gnu/libXfixes.so.3.1.0
7f75d7dfd000-7f75d7dfe000 rw-p 00005000 08:03 4199747                    /usr/lib/x86_64-linux-gnu/libXfixes.so.3.1.0
7f75d7dfe000-7f75d7e00000 r-xp 00000000 08:03 4199741                    /usr/lib/x86_64-linux-gnu/libXdamage.so.1.1.0
7f75d7e00000-7f75d7fff000 ---p 00002000 08:03 4199741                    /usr/lib/x86_64-linux-gnu/libXdamage.so.1.1.0
7f75d7fff000-7f75d8000000 rw-p 00001000 08:03 4199741                    /usr/lib/x86_64-linux-gnu/libXdamage.so.1.1.0
7f75d8000000-7f75d8021000 rw-p 00000000 00:00 0 
7f75d8021000-7f75dc000000 ---p 00000000 00:00 0 
7f75dc090000-7f75dc092000 r-xp 00000000 08:03 4199737                    /usr/lib/x86_64-linux-gnu/libXcomposite.so.1.0.0
7f75dc092000-7f75dc291000 ---p 00002000 08:03 4199737                    /usr/lib/x86_64-linux-gnu/libXcomposite.so.1.0.0
7f75dc291000-7f75dc292000 rw-p 00001000 08:03 4199737                    /usr/lib/x86_64-linux-gnu/libXcomposite.so.1.0.0
7f75dc292000-7f75dc2b1000 r-xp 00000000 08:03 4200529                    /usr/lib/x86_64-linux-gnu/libxcb.so.1.1.0
7f75dc2b1000-7f75dc4b0000 ---p 0001f000 08:03 4200529                    /usr/lib/x86_64-linux-gnu/libxcb.so.1.1.0
7f75dc4b0000-7f75dc4b1000 r--p 0001e000 08:03 4200529                    /usr/lib/x86_64-linux-gnu/libxcb.so.1.1.0
7f75dc4b1000-7f75dc4b2000 rw-p 0001f000 08:03 4200529                    /usr/lib/x86_64-linux-gnu/libxcb.so.1.1.0
7f75dc4b2000-7f75dc505000 r-xp 00000000 08:03 4199889                    /usr/lib/x86_64-linux-gnu/libcups.so.2
7f75dc505000-7f75dc704000 ---p 00053000 08:03 4199889                    /usr/lib/x86_64-linux-gnu/libcups.so.2
7f75dc704000-7f75dc709000 r--p 00052000 08:03 4199889                    /usr/lib/x86_64-linux-gnu/libcups.so.2
7f75dc709000-7f75dc70a000 rw-p 00057000 08:03 4199889                    /usr/lib/x86_64-linux-gnu/libcups.so.2
7f75dc70a000-7f75dc7ff000 r-xp 00000000 08:03 12190597                   /lib/x86_64-linux-gnu/libglib-2.0.so.0.3200.4
7f75dc7ff000-7f75dc9ff000 ---p 000f5000 08:03 12190597                   /lib/x86_64-linux-gnu/libglib-2.0.so.0.3200.4
7f75dc9ff000-7f75dca00000 r--p 000f5000 08:03 12190597                   /lib/x86_64-linux-gnu/libglib-2.0.so.0.3200.4
7f75dca00000-7f75dca01000 rw-p 000f6000 08:03 12190597                   /lib/x86_64-linux-gnu/libglib-2.0.so.0.3200.4
7f75dca01000-7f75dca02000 rw-p 00000000 00:00 0 
7f75dca02000-7f75dca03000 r-xp 00000000 08:03 4200137                    /usr/lib/x86_64-linux-gnu/libgthread-2.0.so.0.3200.4
7f75dca03000-7f75dcc02000 ---p 00001000 08:03 4200137                    /usr/lib/x86_64-linux-gnu/libgthread-2.0.so.0.3200.4
7f75dcc02000-7f75dcc03000 r--p 00000000 08:03 4200137                    /usr/lib/x86_64-linux-gnu/libgthread-2.0.so.0.3200.4
7f75dcc03000-7f75dcc04000 rw-p 00001000 08:03 4200137                    /usr/lib/x86_64-linux-gnu/libgthread-2.0.so.0.3200.4
7f75dcc04000-7f75dcc52000 r-xp 00000000 08:03 4200068                    /usr/lib/x86_64-linux-gnu/libgobject-2.0.so.0.3200.4
7f75dcc52000-7f75dce52000 ---p 0004e000 08:03 4200068                    /usr/lib/x86_64-linux-gnu/libgobject-2.0.so.0.3200.4
7f75dce52000-7f75dce53000 r--p 0004e000 08:03 4200068                    /usr/lib/x86_64-linux-gnu/libgobject-2.0.so.0.3200.4
7f75dce53000-7f75dce54000 rw-p 0004f000 08:03 4200068                    /usr/lib/x86_64-linux-gnu/libgobject-2.0.so.0.3200.4
7f75dce54000-7f75dce89000 r-xp 00000000 08:03 4199999                    /usr/lib/x86_64-linux-gnu/libfontconfig.so.1.5.0
7f75dce89000-7f75dd089000 ---p 00035000 08:03 4199999                    /usr/lib/x86_64-linux-gnu/libfontconfig.so.1.5.0
7f75dd089000-7f75dd08a000 r--p 00035000 08:03 4199999                    /usr/lib/x86_64-linux-gnu/libfontconfig.so.1.5.0
7f75dd08a000-7f75dd08b000 rw-p 00036000 08:03 4199999                    /usr/lib/x86_64-linux-gnu/libfontconfig.so.1.5.0
7f75dd08b000-7f75dd124000 r-xp 00000000 08:03 4200007                    /usr/lib/x86_64-linux-gnu/libfreetype.so.6.8.1
7f75dd124000-7f75dd323000 ---p 00099000 08:03 4200007                    /usr/lib/x86_64-linux-gnu/libfreetype.so.6.8.1
7f75dd323000-7f75dd329000 r--p 00098000 08:03 4200007                    /usr/lib/x86_64-linux-gnu/libfreetype.so.6.8.1
7f75dd329000-7f75dd32a000 rw-p 0009e000 08:03 4200007                    /usr/lib/x86_64-linux-gnu/libfreetype.so.6.8.1
7f75dd32a000-7f75dd374000 r-xp 00000000 08:03 4200313                    /usr/lib/x86_64-linux-gnu/libpango-1.0.so.0.3000.0
7f75dd374000-7f75dd574000 ---p 0004a000 08:03 4200313                    /usr/lib/x86_64-linux-gnu/libpango-1.0.so.0.3000.0
7f75dd574000-7f75dd576000 r--p 0004a000 08:03 4200313                    /usr/lib/x86_64-linux-gnu/libpango-1.0.so.0.3000.0
7f75dd576000-7f75dd577000 rw-p 0004c000 08:03 4200313                    /usr/lib/x86_64-linux-gnu/libpango-1.0.so.0.3000.0
7f75dd577000-7f75dd66b000 r-xp 00000000 08:03 4199843                    /usr/lib/x86_64-linux-gnu/libcairo.so.2.11200.2
7f75dd66b000-7f75dd86a000 ---p 000f4000 08:03 4199843                    /usr/lib/x86_64-linux-gnu/libcairo.so.2.11200.2
7f75dd86a000-7f75dd86d000 r--p 000f3000 08:03 4199843                    /usr/lib/x86_64-linux-gnu/libcairo.so.2.11200.2
7f75dd86d000-7f75dd86e000 rw-p 000f6000 08:03 4199843                    /usr/lib/x86_64-linux-gnu/libcairo.so.2.11200.2
7f75dd86e000-7f75dd870000 rw-p 00000000 00:00 0 
7f75dd870000-7f75dd88f000 r-xp 00000000 08:03 4200030                    /usr/lib/x86_64-linux-gnu/libgdk_pixbuf-2.0.so.0.2600.1
7f75dd88f000-7f75dda8e000 ---p 0001f000 08:03 4200030                    /usr/lib/x86_64-linux-gnu/libgdk_pixbuf-2.0.so.0.2600.1
7f75dda8e000-7f75dda8f000 r--p 0001e000 08:03 4200030                    /usr/lib/x86_64-linux-gnu/libgdk_pixbuf-2.0.so.0.2600.1
7f75dda8f000-7f75dda90000 rw-p 0001f000 08:03 4200030                    /usr/lib/x86_64-linux-gnu/libgdk_pixbuf-2.0.so.0.2600.1
7f75dda90000-7f75dda9c000 r-xp 00000000 08:03 4200315                    /usr/lib/x86_64-linux-gnu/libpangocairo-1.0.so.0.3000.0
7f75dda9c000-7f75ddc9b000 ---p 0000c000 08:03 4200315                    /usr/lib/x86_64-linux-gnu/libpangocairo-1.0.so.0.3000.0
7f75ddc9b000-7f75ddc9c000 r--p 0000b000 08:03 4200315                    /usr/lib/x86_64-linux-gnu/libpangocairo-1.0.so.0.3000.0
7f75ddc9c000-7f75ddc9d000 rw-p 0000c000 08:03 4200315                    /usr/lib/x86_64-linux-gnu/libpangocairo-1.0.so.0.3000.0
7f75ddc9d000-7f75ddcc7000 r-xp 00000000 08:03 4200317                    /usr/lib/x86_64-linux-gnu/libpangoft2-1.0.so.0.3000.0
7f75ddcc7000-7f75ddec6000 ---p 0002a000 08:03 4200317                    /usr/lib/x86_64-linux-gnu/libpangoft2-1.0.so.0.3000.0
7f75ddec6000-7f75ddec7000 r--p 00029000 08:03 4200317                    /usr/lib/x86_64-linux-gnu/libpangoft2-1.0.so.0.3000.0
7f75ddec7000-7f75ddec8000 rw-p 0002a000 08:03 4200317                    /usr/lib/x86_64-linux-gnu/libpangoft2-1.0.so.0.3000.0
7f75ddec8000-7f75de014000 r-xp 00000000 08:03 4200042                    /usr/lib/x86_64-linux-gnu/libgio-2.0.so.0.3200.4
7f75de014000-7f75de213000 ---p 0014c000 08:03 4200042                    /usr/lib/x86_64-linux-gnu/libgio-2.0.so.0.3200.4
7f75de213000-7f75de217000 r--p 0014b000 08:03 4200042                    /usr/lib/x86_64-linux-gnu/libgio-2.0.so.0.3200.4
7f75de217000-7f75de219000 rw-p 0014f000 08:03 4200042                    /usr/lib/x86_64-linux-gnu/libgio-2.0.so.0.3200.4
7f75de219000-7f75de21b000 rw-p 00000000 00:00 0 
7f75de21b000-7f75de23c000 r-xp 00000000 08:03 4199799                    /usr/lib/x86_64-linux-gnu/libatk-1.0.so.0.20409.1
7f75de23c000-7f75de43b000 ---p 00021000 08:03 4199799                    /usr/lib/x86_64-linux-gnu/libatk-1.0.so.0.20409.1
7f75de43b000-7f75de43d000 r--p 00020000 08:03 4199799                    /usr/lib/x86_64-linux-gnu/libatk-1.0.so.0.20409.1
7f75de43d000-7f75de43e000 rw-p 00022000 08:03 4199799                    /usr/lib/x86_64-linux-gnu/libatk-1.0.so.0.20409.1
7f75de43e000-7f75de4ed000 r-xp 00000000 08:03 4200028                    /usr/lib/x86_64-linux-gnu/libgdk-x11-2.0.so.0.2400.10
7f75de4ed000-7f75de6ec000 ---p 000af000 08:03 4200028                    /usr/lib/x86_64-linux-gnu/libgdk-x11-2.0.so.0.2400.10
7f75de6ec000-7f75de6f1000 rw-p 000ae000 08:03 4200028                    /usr/lib/x86_64-linux-gnu/libgdk-x11-2.0.so.0.2400.10
7f75de6f1000-7f75deb23000 r-xp 00000000 08:03 4200141                    /usr/lib/x86_64-linux-gnu/libgtk-x11-2.0.so.0.2400.10
7f75deb23000-7f75ded23000 ---p 00432000 08:03 4200141                    /usr/lib/x86_64-linux-gnu/libgtk-x11-2.0.so.0.2400.10
7f75ded23000-7f75ded2e000 rw-p 00432000 08:03 4200141                    /usr/lib/x86_64-linux-gnu/libgtk-x11-2.0.so.0.2400.10
7f75ded2e000-7f75ded30000 rw-p 00000000 00:00 0 
7f75ded30000-7f75ded3e000 r-xp 00000000 08:03 4199751                    /usr/lib/x86_64-linux-gnu/libXi.so.6.1.0
7f75ded3e000-7f75def3e000 ---p 0000e000 08:03 4199751                    /usr/lib/x86_64-linux-gnu/libXi.so.6.1.0
7f75def3e000-7f75def3f000 rw-p 0000e000 08:03 4199751                    /usr/lib/x86_64-linux-gnu/libXi.so.6.1.0
7f75def3f000-7f75def44000 r-xp 00000000 08:03 4199769                    /usr/lib/x86_64-linux-gnu/libXtst.so.6.1.0
7f75def44000-7f75df143000 ---p 00005000 08:03 4199769                    /usr/lib/x86_64-linux-gnu/libXtst.so.6.1.0
7f75df143000-7f75df144000 rw-p 00004000 08:03 4199769                    /usr/lib/x86_64-linux-gnu/libXtst.so.6.1.0
7f75df144000-7f75df14d000 r-xp 00000000 08:03 4199763                    /usr/lib/x86_64-linux-gnu/libXrender.so.1.3.0
7f75df14d000-7f75df34c000 ---p 00009000 08:03 4199763                    /usr/lib/x86_64-linux-gnu/libXrender.so.1.3.0
7f75df34c000-7f75df34d000 rw-p 00008000 08:03 4199763                    /usr/lib/x86_64-linux-gnu/libXrender.so.1.3.0
7f75df34d000-7f75df482000 r-xp 00000000 08:03 4199728                    /usr/lib/x86_64-linux-gnu/libX11.so.6.3.0
7f75df482000-7f75df682000 ---p 00135000 08:03 4199728                    /usr/lib/x86_64-linux-gnu/libX11.so.6.3.0
7f75df682000-7f75df688000 rw-p 00135000 08:03 4199728                    /usr/lib/x86_64-linux-gnu/libX11.so.6.3.0
7f75df688000-7f75df699000 r-xp 00000000 08:03 4199745                    /usr/lib/x86_64-linux-gnu/libXext.so.6.4.0
7f75df699000-7f75df899000 ---p 00011000 08:03 4199745                    /usr/lib/x86_64-linux-gnu/libXext.so.6.4.0
7f75df899000-7f75df89a000 rw-p 00011000 08:03 4199745                    /usr/lib/x86_64-linux-gnu/libXext.so.6.4.0
7f75df89a000-7f75df8ed000 r-xp 00000000 08:03 3934319                    /usr/lib/jvm/java-7-openjdk-amd64/jre/lib/amd64/xawt/libmawt.so
7f75df8ed000-7f75dfaec000 ---p 00053000 08:03 3934319                    /usr/lib/jvm/java-7-openjdk-amd64/jre/lib/amd64/xawt/libmawt.so
7f75dfaec000-7f75dfaed000 r--p 00052000 08:03 3934319                    /usr/lib/jvm/java-7-openjdk-amd64/jre/lib/amd64/xawt/libmawt.so
7f75dfaed000-7f75dfaf0000 rw-p 00053000 08:03 3934319                    /usr/lib/jvm/java-7-openjdk-amd64/jre/lib/amd64/xawt/libmawt.so
7f75dfaf0000-7f75dfaf1000 rw-p 00000000 00:00 0 
7f75dfaf1000-7f75dfb92000 r-xp 00000000 08:03 3934218                    /usr/lib/jvm/java-7-openjdk-amd64/jre/lib/amd64/libawt.so
7f75dfb92000-7f75dfd91000 ---p 000a1000 08:03 3934218                    /usr/lib/jvm/java-7-openjdk-amd64/jre/lib/amd64/libawt.so
7f75dfd91000-7f75dfd92000 r--p 000a0000 08:03 3934218                    /usr/lib/jvm/java-7-openjdk-amd64/jre/lib/amd64/libawt.so
7f75dfd92000-7f75dfd9d000 rw-p 000a1000 08:03 3934218                    /usr/lib/jvm/java-7-openjdk-amd64/jre/lib/amd64/libawt.so
7f75dfd9d000-7f75dfdc2000 rw-p 00000000 00:00 0 
7f75dfdc2000-7f75dfdff000 r-xp 00000000 08:03 10486182                   /tmp/libgdxchobe/5502b6ed/libgdx64.so
7f75dfdff000-7f75dfffe000 ---p 0003d000 08:03 10486182                   /tmp/libgdxchobe/5502b6ed/libgdx64.so
7f75dfffe000-7f75dffff000 r--p 0003c000 08:03 10486182                   /tmp/libgdxchobe/5502b6ed/libgdx64.so
7f75dffff000-7f75e0000000 rw-p 0003d000 08:03 10486182                   /tmp/libgdxchobe/5502b6ed/libgdx64.so
7f75e0000000-7f75e0021000 rw-p 00000000 00:00 0 
7f75e0021000-7f75e4000000 ---p 00000000 00:00 0 
7f75e404a000-7f75e40c7000 rw-p 00000000 00:00 0 
7f75e40c7000-7f75e40c8000 r--s 00002000 08:03 10488693                   /home/chobe/.gradle/caches/modules-2/files-2.1/net.java.jinput/jinput-platform/2.0.5/53f9c919f34d2ca9de8c51fc4e1e8282029a9232/jinput-platform-2.0.5-natives-osx.jar
7f75e40c8000-7f75e40c9000 r--s 00025000 08:03 10488692                   /home/chobe/.gradle/caches/modules-2/files-2.1/net.java.jinput/jinput-platform/2.0.5/385ee093e01f587f30ee1c8a2ee7d408fd732e16/jinput-platform-2.0.5-natives-windows.jar
7f75e40c9000-7f75e40ca000 r--s 00002000 08:03 10488691                   /home/chobe/.gradle/caches/modules-2/files-2.1/net.java.jinput/jinput-platform/2.0.5/7ff832a6eb9ab6a767f1ade2b548092d0fa64795/jinput-platform-2.0.5-natives-linux.jar
7f75e40ca000-7f75e40cb000 r--s 00001000 08:03 10488690                   /home/chobe/.gradle/caches/modules-2/files-2.1/net.java.jutils/jutils/1.0.0/e12fe1fda814bd348c1579329c86943d2cd3c6a6/jutils-1.0.0.jar
7f75e40cb000-7f75e40cf000 r--s 0002f000 08:03 10488689                   /home/chobe/.gradle/caches/modules-2/files-2.1/net.java.jinput/jinput/2.0.5/39c7796b469a600f72380316f6b1f11db6c2c7c4/jinput-2.0.5.jar
7f75e40cf000-7f75e40d0000 r--s 00080000 08:03 10488688                   /home/chobe/.gradle/caches/modules-2/files-2.1/org.lwjgl.lwjgl/lwjgl-platform/2.9.1/2d12c83fdfbc04ecabf02c7bc8cc54d034f0daac/lwjgl-platform-2.9.1-natives-osx.jar
7f75e40d0000-7f75e40d1000 r--s 0008b000 08:03 10488687                   /home/chobe/.gradle/caches/modules-2/files-2.1/org.lwjgl.lwjgl/lwjgl-platform/2.9.1/aa9aae879af8eb378e22cfc64db56ec2ca9a44d1/lwjgl-platform-2.9.1-natives-linux.jar
7f75e40d1000-7f75e40d2000 r--s 00095000 08:03 10488686                   /home/chobe/.gradle/caches/modules-2/files-2.1/org.lwjgl.lwjgl/lwjgl-platform/2.9.1/4c517eca808522457dd95ee8fc1fbcdbb602efbe/lwjgl-platform-2.9.1-natives-windows.jar
7f75e40d2000-7f75e40d4000 r--s 00017000 08:03 10488685                   /home/chobe/.gradle/caches/modules-2/files-2.1/org.jcraft/jorbis/0.0.17/8872d22b293e8f5d7d56ff92be966e6dc28ebdc6/jorbis-0.0.17.jar
7f75e40d4000-7f75e40d5000 r--s 00015000 08:03 10488684                   /home/chobe/.gradle/caches/modules-2/files-2.1/com.badlogicgames.jlayer/jlayer/1.0.1-gdx/7cca83cec5c1b2f011362f4d85aabd71a73b049d/jlayer-1.0.1-gdx.jar
7f75e40d5000-7f75e40d9000 r--s 00027000 08:03 10488683                   /home/chobe/.gradle/caches/modules-2/files-2.1/org.lwjgl.lwjgl/lwjgl_util/2.9.1/290d7ba8a1bd9566f5ddf16ad06f09af5ec9b20e/lwjgl_util-2.9.1.jar
7f75e40d9000-7f75e40e7000 r--s 000ea000 08:03 10488682                   /home/chobe/.gradle/caches/modules-2/files-2.1/org.lwjgl.lwjgl/lwjgl/2.9.1/f58c5aabcef0e41718a564be9f8e412fff8db847/lwjgl-2.9.1.jar
7f75e40e7000-7f75e40fc000 r--s 00153000 08:03 10488660                   /home/chobe/.gradle/caches/modules-2/files-2.1/com.badlogicgames.gdx/gdx/1.1.0/686f5a609c717eb0769d3b954c501a49bf4fe351/gdx-1.1.0.jar
7f75e40fc000-7f75e40fd000 r--s 000cd000 08:03 10488678                   /home/chobe/.gradle/caches/modules-2/files-2.1/com.badlogicgames.gdx/gdx-platform/1.1.0/1c7ea4239c2d9adda420c15985fe3885c481fdcf/gdx-platform-1.1.0-natives-desktop.jar
7f75e40fd000-7f75e4100000 r--s 0001f000 08:03 10488677                   /home/chobe/.gradle/caches/modules-2/files-2.1/com.badlogicgames.gdx/gdx-backend-lwjgl/1.1.0/eafa409559820c1696e165e1280435f1332fc32b/gdx-backend-lwjgl-1.1.0.jar
7f75e4100000-7f75e4103000 r--s 0001f000 08:01 772750                     /media/winDisk/Users/ChobeDucket/Documents/sheep/core/build/libs/core-1.0.jar
7f75e4103000-7f75e4107000 r--s 0003b000 08:03 3934173                    /usr/lib/jvm/java-7-openjdk-amd64/jre/lib/ext/sunpkcs11.jar
7f75e4107000-7f75e4108000 r--s 00002000 08:03 3934178                    /usr/lib/jvm/java-7-openjdk-amd64/jre/lib/ext/dnsns.jar
7f75e4108000-7f75e410b000 r--s 00032000 08:03 3934176                    /usr/lib/jvm/java-7-openjdk-amd64/jre/lib/ext/sunjce_provider.jar
7f75e410b000-7f75e410d000 r--s 0000f000 08:03 3934175                    /usr/lib/jvm/java-7-openjdk-amd64/jre/lib/ext/pulse-java.jar
7f75e410d000-7f75e410f000 r--s 00012000 08:03 3934174                    /usr/lib/jvm/java-7-openjdk-amd64/jre/lib/ext/zipfs.jar
7f75e410f000-7f75e4113000 r--s 00085000 08:03 3934172                    /usr/lib/jvm/java-7-openjdk-amd64/jre/lib/ext/localedata.jar
7f75e4113000-7f75e4114000 r--s 00007000 08:03 5645676                    /usr/share/java/java-atk-wrapper.jar
7f75e4114000-7f75e4115000 ---p 00000000 00:00 0 
7f75e4115000-7f75e4215000 rw-p 00000000 00:00 0 
7f75e4215000-7f75e4218000 ---p 00000000 00:00 0 
7f75e4218000-7f75e4316000 rw-p 00000000 00:00 0 
7f75e4316000-7f75e4319000 ---p 00000000 00:00 0 
7f75e4319000-7f75e4417000 rw-p 00000000 00:00 0 
7f75e4417000-7f75e441a000 ---p 00000000 00:00 0 
7f75e441a000-7f75e4518000 rw-p 00000000 00:00 0 
7f75e4518000-7f75e451b000 ---p 00000000 00:00 0 
7f75e451b000-7f75e4619000 rw-p 00000000 00:00 0 
7f75e4619000-7f75e47a2000 r--p 00000000 08:03 4067802                    /usr/lib/locale/locale-archive
7f75e47a2000-7f75e47a5000 ---p 00000000 00:00 0 
7f75e47a5000-7f75e48a3000 rw-p 00000000 00:00 0 
7f75e48a3000-7f75e48a6000 ---p 00000000 00:00 0 
7f75e48a6000-7f75e49a4000 rw-p 00000000 00:00 0 
7f75e49a4000-7f75e49a5000 ---p 00000000 00:00 0 
7f75e49a5000-7f75e5aa2000 rw-p 00000000 00:00 0 
7f75e5aa2000-7f75e5c50000 r--s 01cfc000 08:03 3934153                    /usr/lib/jvm/java-7-openjdk-amd64/jre/lib/rt.jar
7f75e5c50000-7f75e8000000 rw-p 00000000 00:00 0 
7f75e8000000-7f75e8021000 rw-p 00000000 00:00 0 
7f75e8021000-7f75ec000000 ---p 00000000 00:00 0 
7f75ec00a000-7f75ec052000 rw-p 00000000 00:00 0 
7f75ec052000-7f75ec055000 ---p 00000000 00:00 0 
7f75ec055000-7f75ec08b000 rw-p 00000000 00:00 0 
7f75ec08b000-7f75ec094000 r--s 000b9000 08:03 3934170                    /usr/lib/jvm/java-7-openjdk-amd64/jre/lib/resources.jar
7f75ec094000-7f75ec3a0000 rw-p 00000000 00:00 0 
7f75ec3a0000-7f75ec3a1000 ---p 00000000 00:00 0 
7f75ec3a1000-7f75ec4a1000 rw-p 00000000 00:00 0 
7f75ec4a1000-7f75ec4a2000 ---p 00000000 00:00 0 
7f75ec4a2000-7f75ec5a2000 rw-p 00000000 00:00 0 
7f75ec5a2000-7f75ec5a3000 ---p 00000000 00:00 0 
7f75ec5a3000-7f75ec6a3000 rw-p 00000000 00:00 0 
7f75ec6a3000-7f75ec6a4000 ---p 00000000 00:00 0 
7f75ec6a4000-7f75ec7af000 rw-p 00000000 00:00 0 
7f75ec7af000-7f75ec7f7000 rw-p 00000000 00:00 0 
7f75ec7f7000-7f75ec80c000 rw-p 00000000 00:00 0 
7f75ec80c000-7f75ec93c000 rw-p 00000000 00:00 0 
7f75ec93c000-7f75ec947000 rw-p 00000000 00:00 0 
7f75ec947000-7f75ec9df000 rw-p 00000000 00:00 0 
7f75ec9df000-7f75ec9e0000 rw-p 00000000 00:00 0 
7f75ec9e0000-7f75ecc50000 rwxp 00000000 00:00 0 
7f75ecc50000-7f75ef9e0000 rw-p 00000000 00:00 0 
7f75ef9e0000-7f75ef9e8000 r-xp 00000000 08:03 3934210                    /usr/lib/jvm/java-7-openjdk-amd64/jre/lib/amd64/libzip.so
7f75ef9e8000-7f75efbe7000 ---p 00008000 08:03 3934210                    /usr/lib/jvm/java-7-openjdk-amd64/jre/lib/amd64/libzip.so
7f75efbe7000-7f75efbe8000 r--p 00007000 08:03 3934210                    /usr/lib/jvm/java-7-openjdk-amd64/jre/lib/amd64/libzip.so
7f75efbe8000-7f75efbe9000 rw-p 00008000 08:03 3934210                    /usr/lib/jvm/java-7-openjdk-amd64/jre/lib/amd64/libzip.so
7f75efbe9000-7f75efbf4000 r-xp 00000000 08:03 12192223                   /lib/x86_64-linux-gnu/libnss_files-2.19.so
7f75efbf4000-7f75efdf3000 ---p 0000b000 08:03 12192223                   /lib/x86_64-linux-gnu/libnss_files-2.19.so
7f75efdf3000-7f75efdf4000 r--p 0000a000 08:03 12192223                   /lib/x86_64-linux-gnu/libnss_files-2.19.so
7f75efdf4000-7f75efdf5000 rw-p 0000b000 08:03 12192223                   /lib/x86_64-linux-gnu/libnss_files-2.19.so
7f75efdf5000-7f75efdff000 r-xp 00000000 08:03 12192211                   /lib/x86_64-linux-gnu/libnss_nis-2.19.so
7f75efdff000-7f75efffe000 ---p 0000a000 08:03 12192211                   /lib/x86_64-linux-gnu/libnss_nis-2.19.so
7f75efffe000-7f75effff000 r--p 00009000 08:03 12192211                   /lib/x86_64-linux-gnu/libnss_nis-2.19.so
7f75effff000-7f75f0000000 rw-p 0000a000 08:03 12192211                   /lib/x86_64-linux-gnu/libnss_nis-2.19.so
7f75f0000000-7f75f037a000 rw-p 00000000 00:00 0 
7f75f037a000-7f75f4000000 ---p 00000000 00:00 0 
7f75f400a000-7f75f4015000 r--s 00203000 08:03 3934232                    /usr/lib/jvm/java-7-openjdk-amd64/jre/lib/charsets.jar
7f75f4015000-7f75f4016000 rw-s 00005000 00:05 7289                       /dev/ati/card0
7f75f4016000-7f75f4026000 rw-s e0200000 00:05 7289                       /dev/ati/card0
7f75f4026000-7f75f4059000 rw-p 00000000 00:00 0 
7f75f4059000-7f75f40a1000 rw-p 00000000 00:00 0 
7f75f40a1000-7f75f40b6000 rw-p 00000000 00:00 0 
7f75f40b6000-7f75f41e7000 rw-p 00000000 00:00 0 
7f75f41e7000-7f75f41fc000 r-xp 00000000 08:03 12192215                   /lib/x86_64-linux-gnu/libnsl-2.19.so
7f75f41fc000-7f75f43fb000 ---p 00015000 08:03 12192215                   /lib/x86_64-linux-gnu/libnsl-2.19.so
7f75f43fb000-7f75f43fc000 r--p 00014000 08:03 12192215                   /lib/x86_64-linux-gnu/libnsl-2.19.so
7f75f43fc000-7f75f43fd000 rw-p 00015000 08:03 12192215                   /lib/x86_64-linux-gnu/libnsl-2.19.so
7f75f43fd000-7f75f43ff000 rw-p 00000000 00:00 0 
7f75f43ff000-7f75f4406000 r-xp 00000000 08:03 12192212                   /lib/x86_64-linux-gnu/libnss_compat-2.19.so
7f75f4406000-7f75f4605000 ---p 00007000 08:03 12192212                   /lib/x86_64-linux-gnu/libnss_compat-2.19.so
7f75f4605000-7f75f4606000 r--p 00006000 08:03 12192212                   /lib/x86_64-linux-gnu/libnss_compat-2.19.so
7f75f4606000-7f75f4607000 rw-p 00007000 08:03 12192212                   /lib/x86_64-linux-gnu/libnss_compat-2.19.so
7f75f4607000-7f75f4632000 r-xp 00000000 08:03 3934215                    /usr/lib/jvm/java-7-openjdk-amd64/jre/lib/amd64/libjava.so
7f75f4632000-7f75f4831000 ---p 0002b000 08:03 3934215                    /usr/lib/jvm/java-7-openjdk-amd64/jre/lib/amd64/libjava.so
7f75f4831000-7f75f4832000 r--p 0002a000 08:03 3934215                    /usr/lib/jvm/java-7-openjdk-amd64/jre/lib/amd64/libjava.so
7f75f4832000-7f75f4834000 rw-p 0002b000 08:03 3934215                    /usr/lib/jvm/java-7-openjdk-amd64/jre/lib/amd64/libjava.so
7f75f4834000-7f75f4843000 r-xp 00000000 08:03 3934216                    /usr/lib/jvm/java-7-openjdk-amd64/jre/lib/amd64/libverify.so
7f75f4843000-7f75f4a42000 ---p 0000f000 08:03 3934216                    /usr/lib/jvm/java-7-openjdk-amd64/jre/lib/amd64/libverify.so
7f75f4a42000-7f75f4a44000 r--p 0000e000 08:03 3934216                    /usr/lib/jvm/java-7-openjdk-amd64/jre/lib/amd64/libverify.so
7f75f4a44000-7f75f4a45000 rw-p 00010000 08:03 3934216                    /usr/lib/jvm/java-7-openjdk-amd64/jre/lib/amd64/libverify.so
7f75f4a45000-7f75f4a4c000 r-xp 00000000 08:03 12192213                   /lib/x86_64-linux-gnu/librt-2.19.so
7f75f4a4c000-7f75f4c4b000 ---p 00007000 08:03 12192213                   /lib/x86_64-linux-gnu/librt-2.19.so
7f75f4c4b000-7f75f4c4c000 r--p 00006000 08:03 12192213                   /lib/x86_64-linux-gnu/librt-2.19.so
7f75f4c4c000-7f75f4c4d000 rw-p 00007000 08:03 12192213                   /lib/x86_64-linux-gnu/librt-2.19.so
7f75f4c4d000-7f75f4c62000 r-xp 00000000 08:03 12190593                   /lib/x86_64-linux-gnu/libgcc_s.so.1
7f75f4c62000-7f75f4e62000 ---p 00015000 08:03 12190593                   /lib/x86_64-linux-gnu/libgcc_s.so.1
7f75f4e62000-7f75f4e63000 rw-p 00015000 08:03 12190593                   /lib/x86_64-linux-gnu/libgcc_s.so.1
7f75f4e63000-7f75f4f63000 r-xp 00000000 08:03 12192221                   /lib/x86_64-linux-gnu/libm-2.19.so
7f75f4f63000-7f75f5162000 ---p 00100000 08:03 12192221                   /lib/x86_64-linux-gnu/libm-2.19.so
7f75f5162000-7f75f5163000 r--p 000ff000 08:03 12192221                   /lib/x86_64-linux-gnu/libm-2.19.so
7f75f5163000-7f75f5164000 rw-p 00100000 08:03 12192221                   /lib/x86_64-linux-gnu/libm-2.19.so
7f75f5164000-7f75f524c000 r-xp 00000000 08:03 4200440                    /usr/lib/x86_64-linux-gnu/libstdc++.so.6.0.17
7f75f524c000-7f75f544c000 ---p 000e8000 08:03 4200440                    /usr/lib/x86_64-linux-gnu/libstdc++.so.6.0.17
7f75f544c000-7f75f5454000 r--p 000e8000 08:03 4200440                    /usr/lib/x86_64-linux-gnu/libstdc++.so.6.0.17
7f75f5454000-7f75f5456000 rw-p 000f0000 08:03 4200440                    /usr/lib/x86_64-linux-gnu/libstdc++.so.6.0.17
7f75f5456000-7f75f546b000 rw-p 00000000 00:00 0 
7f75f546b000-7f75f5f34000 r-xp 00000000 08:03 3934204                    /usr/lib/jvm/java-7-openjdk-amd64/jre/lib/amd64/server/libjvm.so
7f75f5f34000-7f75f6134000 ---p 00ac9000 08:03 3934204                    /usr/lib/jvm/java-7-openjdk-amd64/jre/lib/amd64/server/libjvm.so
7f75f6134000-7f75f61cc000 r--p 00ac9000 08:03 3934204                    /usr/lib/jvm/java-7-openjdk-amd64/jre/lib/amd64/server/libjvm.so
7f75f61cc000-7f75f61ef000 rw-p 00b61000 08:03 3934204                    /usr/lib/jvm/java-7-openjdk-amd64/jre/lib/amd64/server/libjvm.so
7f75f61ef000-7f75f621c000 rw-p 00000000 00:00 0 
7f75f621c000-7f75f6233000 r-xp 00000000 08:03 12192203                   /lib/x86_64-linux-gnu/libz.so.1.2.8
7f75f6233000-7f75f6432000 ---p 00017000 08:03 12192203                   /lib/x86_64-linux-gnu/libz.so.1.2.8
7f75f6432000-7f75f6433000 r--p 00016000 08:03 12192203                   /lib/x86_64-linux-gnu/libz.so.1.2.8
7f75f6433000-7f75f6434000 rw-p 00017000 08:03 12192203                   /lib/x86_64-linux-gnu/libz.so.1.2.8
7f75f6434000-7f75f65d3000 r-xp 00000000 08:03 12192214                   /lib/x86_64-linux-gnu/libc-2.19.so
7f75f65d3000-7f75f67d3000 ---p 0019f000 08:03 12192214                   /lib/x86_64-linux-gnu/libc-2.19.so
7f75f67d3000-7f75f67d7000 r--p 0019f000 08:03 12192214                   /lib/x86_64-linux-gnu/libc-2.19.so
7f75f67d7000-7f75f67d9000 rw-p 001a3000 08:03 12192214                   /lib/x86_64-linux-gnu/libc-2.19.so
7f75f67d9000-7f75f67dd000 rw-p 00000000 00:00 0 
7f75f67dd000-7f75f67e0000 r-xp 00000000 08:03 12192219                   /lib/x86_64-linux-gnu/libdl-2.19.so
7f75f67e0000-7f75f69df000 ---p 00003000 08:03 12192219                   /lib/x86_64-linux-gnu/libdl-2.19.so
7f75f69df000-7f75f69e0000 r--p 00002000 08:03 12192219                   /lib/x86_64-linux-gnu/libdl-2.19.so
7f75f69e0000-7f75f69e1000 rw-p 00003000 08:03 12192219                   /lib/x86_64-linux-gnu/libdl-2.19.so
7f75f69e1000-7f75f69ee000 r-xp 00000000 08:03 3934207                    /usr/lib/jvm/java-7-openjdk-amd64/jre/lib/amd64/jli/libjli.so
7f75f69ee000-7f75f6bed000 ---p 0000d000 08:03 3934207                    /usr/lib/jvm/java-7-openjdk-amd64/jre/lib/amd64/jli/libjli.so
7f75f6bed000-7f75f6bee000 r--p 0000c000 08:03 3934207                    /usr/lib/jvm/java-7-openjdk-amd64/jre/lib/amd64/jli/libjli.so
7f75f6bee000-7f75f6bef000 rw-p 0000d000 08:03 3934207                    /usr/lib/jvm/java-7-openjdk-amd64/jre/lib/amd64/jli/libjli.so
7f75f6bef000-7f75f6c07000 r-xp 00000000 08:03 12192218                   /lib/x86_64-linux-gnu/libpthread-2.19.so
7f75f6c07000-7f75f6e06000 ---p 00018000 08:03 12192218                   /lib/x86_64-linux-gnu/libpthread-2.19.so
7f75f6e06000-7f75f6e07000 r--p 00017000 08:03 12192218                   /lib/x86_64-linux-gnu/libpthread-2.19.so
7f75f6e07000-7f75f6e08000 rw-p 00018000 08:03 12192218                   /lib/x86_64-linux-gnu/libpthread-2.19.so
7f75f6e08000-7f75f6e0c000 rw-p 00000000 00:00 0 
7f75f6e0c000-7f75f6e2c000 r-xp 00000000 08:03 12192217                   /lib/x86_64-linux-gnu/ld-2.19.so
7f75f6e35000-7f75f6e37000 rw-s 00002000 00:05 7289                       /dev/ati/card0
7f75f6e37000-7f75f6e3e000 r--s 00000000 08:03 4206154                    /usr/lib/x86_64-linux-gnu/gconv/gconv-modules.cache
7f75f6e3e000-7f75f6e43000 r--s 0004c000 08:03 3934152                    /usr/lib/jvm/java-7-openjdk-amd64/jre/lib/jsse.jar
7f75f6e43000-7f75f6e4d000 rw-p 00000000 00:00 0 
7f75f6e4d000-7f75f6f03000 rw-p 00000000 00:00 0 
7f75f6f03000-7f75f6f06000 ---p 00000000 00:00 0 
7f75f6f06000-7f75f7020000 rw-p 00000000 00:00 0 
7f75f7020000-7f75f7028000 rw-s 00000000 08:03 10490934                   /tmp/hsperfdata_chobe/27462 (deleted)
7f75f7028000-7f75f7029000 rw-p 00000000 00:00 0 
7f75f7029000-7f75f702a000 ---p 00000000 00:00 0 
7f75f702a000-7f75f702c000 rw-p 00000000 00:00 0 
7f75f702c000-7f75f702d000 r--p 00020000 08:03 12192217                   /lib/x86_64-linux-gnu/ld-2.19.so
7f75f702d000-7f75f702e000 rw-p 00021000 08:03 12192217                   /lib/x86_64-linux-gnu/ld-2.19.so
7f75f702e000-7f75f702f000 rw-p 00000000 00:00 0 
7fff6d693000-7fff6d6b5000 rw-p 00000000 00:00 0                          [stack]
7fff6d7ff000-7fff6d800000 r-xp 00000000 00:00 0                          [vdso]
ffffffffff600000-ffffffffff601000 r-xp 00000000 00:00 0                  [vsyscall]

VM Arguments:
jvm_args: -Dfile.encoding=UTF-8 
java_command: com.mygdx.sheep.desktop.DesktopLauncher
Launcher Type: SUN_STANDARD

Environment Variables:
PATH=/usr/local/bin:/usr/bin:/bin:/usr/local/games:/usr/games:/home/chobe/.local/bin:/home/chobe/sdks/adt-bundle-linux-x86_64-20140321/sdk//platform-tools/adb:/home/chobe/sdks/adt-bundle-linux-x86_64-20140321/sdk//platform-tools/
USERNAME=chobe
SHELL=/bin/bash
DISPLAY=:0

Signal Handlers:
SIGSEGV: [libjvm.so+0x8f9750], sa_mask[0]=0x7ffbfeff, sa_flags=0x10000004
SIGBUS: [libjvm.so+0x8f9750], sa_mask[0]=0x7ffbfeff, sa_flags=0x10000004
SIGFPE: [libjvm.so+0x7827c0], sa_mask[0]=0x7ffbfeff, sa_flags=0x10000004
SIGPIPE: [libjvm.so+0x7827c0], sa_mask[0]=0x7ffbfeff, sa_flags=0x10000004
SIGXFSZ: [libjvm.so+0x7827c0], sa_mask[0]=0x7ffbfeff, sa_flags=0x10000004
SIGILL: [libjvm.so+0x7827c0], sa_mask[0]=0x7ffbfeff, sa_flags=0x10000004
SIGUSR1: SIG_DFL, sa_mask[0]=0x00000000, sa_flags=0x00000000
SIGUSR2: [libjvm.so+0x782ab0], sa_mask[0]=0x00000004, sa_flags=0x10000004
SIGHUP: [libjvm.so+0x782c20], sa_mask[0]=0x7ffbfeff, sa_flags=0x10000004
SIGINT: [libjvm.so+0x782c20], sa_mask[0]=0x7ffbfeff, sa_flags=0x10000004
SIGTERM: [libjvm.so+0x782c20], sa_mask[0]=0x7ffbfeff, sa_flags=0x10000004
SIGQUIT: [libjvm.so+0x782c20], sa_mask[0]=0x7ffbfeff, sa_flags=0x10000004


---------------  S Y S T E M  ---------------

OS:7.5

uname:Linux 3.2.0-4-amd64 #1 SMP Debian 3.2.57-3+deb7u1 x86_64
libc:glibc 2.19 NPTL 2.19 
rlimit: STACK 8192k, CORE 0k, NPROC 31105, NOFILE 4096, AS infinity
load average:0.51 0.69 0.84

/proc/meminfo:
MemTotal:        3993672 kB
MemFree:         1667724 kB
Buffers:           67316 kB
Cached:           568016 kB
SwapCached:       237612 kB
Active:          1394568 kB
Inactive:         640996 kB
Active(anon):    1173272 kB
Inactive(anon):   255824 kB
Active(file):     221296 kB
Inactive(file):   385172 kB
Unevictable:           0 kB
Mlocked:               0 kB
SwapTotal:       4120572 kB
SwapFree:        3478796 kB
Dirty:               168 kB
Writeback:             0 kB
AnonPages:       1386464 kB
Mapped:           183052 kB
Shmem:             28856 kB
Slab:              73244 kB
SReclaimable:      45140 kB
SUnreclaim:        28104 kB
KernelStack:        3712 kB
PageTables:        28572 kB
NFS_Unstable:          0 kB
Bounce:                0 kB
WritebackTmp:          0 kB
CommitLimit:     6117408 kB
Committed_AS:    3786772 kB
VmallocTotal:   34359738367 kB
VmallocUsed:      170472 kB
VmallocChunk:   34359561712 kB
HardwareCorrupted:     0 kB
AnonHugePages:         0 kB
HugePages_Total:       0
HugePages_Free:        0
HugePages_Rsvd:        0
HugePages_Surp:        0
Hugepagesize:       2048 kB
DirectMap4k:     1172480 kB
DirectMap2M:     2955264 kB


CPU:total 4 (4 cores per cpu, 1 threads per core) family 6 model 15 stepping 11, cmov, cx8, fxsr, mmx, sse, sse2, sse3, ssse3, tsc

/proc/cpuinfo:
processor	: 0
vendor_id	: GenuineIntel
cpu family	: 6
model		: 15
model name	: Intel(R) Core(TM)2 Quad CPU    Q6600  @ 2.40GHz
stepping	: 11
cpu MHz		: 1596.000
cache size	: 4096 KB
physical id	: 0
siblings	: 4
core id		: 0
cpu cores	: 4
apicid		: 0
initial apicid	: 0
fpu		: yes
fpu_exception	: yes
cpuid level	: 10
wp		: yes
flags		: fpu vme de pse tsc msr pae mce cx8 apic sep mtrr pge mca cmov pat pse36 clflush dts acpi mmx fxsr sse sse2 ss ht tm pbe syscall nx lm constant_tsc arch_perfmon pebs bts rep_good nopl aperfmperf pni dtes64 monitor ds_cpl vmx est tm2 ssse3 cx16 xtpr pdcm lahf_lm dtherm tpr_shadow vnmi flexpriority
bogomips	: 4795.82
clflush size	: 64
cache_alignment	: 64
address sizes	: 36 bits physical, 48 bits virtual
power management:

processor	: 1
vendor_id	: GenuineIntel
cpu family	: 6
model		: 15
model name	: Intel(R) Core(TM)2 Quad CPU    Q6600  @ 2.40GHz
stepping	: 11
cpu MHz		: 1596.000
cache size	: 4096 KB
physical id	: 0
siblings	: 4
core id		: 2
cpu cores	: 4
apicid		: 2
initial apicid	: 2
fpu		: yes
fpu_exception	: yes
cpuid level	: 10
wp		: yes
flags		: fpu vme de pse tsc msr pae mce cx8 apic sep mtrr pge mca cmov pat pse36 clflush dts acpi mmx fxsr sse sse2 ss ht tm pbe syscall nx lm constant_tsc arch_perfmon pebs bts rep_good nopl aperfmperf pni dtes64 monitor ds_cpl vmx est tm2 ssse3 cx16 xtpr pdcm lahf_lm dtherm tpr_shadow vnmi flexpriority
bogomips	: 4795.58
clflush size	: 64
cache_alignment	: 64
address sizes	: 36 bits physical, 48 bits virtual
power management:

processor	: 2
vendor_id	: GenuineIntel
cpu family	: 6
model		: 15
model name	: Intel(R) Core(TM)2 Quad CPU    Q6600  @ 2.40GHz
stepping	: 11
cpu MHz		: 1596.000
cache size	: 4096 KB
physical id	: 0
siblings	: 4
core id		: 1
cpu cores	: 4
apicid		: 1
initial apicid	: 1
fpu		: yes
fpu_exception	: yes
cpuid level	: 10
wp		: yes
flags		: fpu vme de pse tsc msr pae mce cx8 apic sep mtrr pge mca cmov pat pse36 clflush dts acpi mmx fxsr sse sse2 ss ht tm pbe syscall nx lm constant_tsc arch_perfmon pebs bts rep_good nopl aperfmperf pni dtes64 monitor ds_cpl vmx est tm2 ssse3 cx16 xtpr pdcm lahf_lm dtherm tpr_shadow vnmi flexpriority
bogomips	: 4795.56
clflush size	: 64
cache_alignment	: 64
address sizes	: 36 bits physical, 48 bits virtual
power management:

processor	: 3
vendor_id	: GenuineIntel
cpu family	: 6
model		: 15
model name	: Intel(R) Core(TM)2 Quad CPU    Q6600  @ 2.40GHz
stepping	: 11
cpu MHz		: 1596.000
cache size	: 4096 KB
physical id	: 0
siblings	: 4
core id		: 3
cpu cores	: 4
apicid		: 3
initial apicid	: 3
fpu		: yes
fpu_exception	: yes
cpuid level	: 10
wp		: yes
flags		: fpu vme de pse tsc msr pae mce cx8 apic sep mtrr pge mca cmov pat pse36 clflush dts acpi mmx fxsr sse sse2 ss ht tm pbe syscall nx lm constant_tsc arch_perfmon pebs bts rep_good nopl aperfmperf pni dtes64 monitor ds_cpl vmx est tm2 ssse3 cx16 xtpr pdcm lahf_lm dtherm tpr_shadow vnmi flexpriority
bogomips	: 4795.57
clflush size	: 64
cache_alignment	: 64
address sizes	: 36 bits physical, 48 bits virtual
power management:



Memory: 4k page, physical 3993672k(1667724k free), swap 4120572k(3478796k free)

vm_info: OpenJDK 64-Bit Server VM (24.51-b03) for linux-amd64 JRE (1.7.0_55-b14), built on May  2 2014 11:33:06 by "buildd" with gcc 4.7.2

time: Mon Jul  7 22:00:23 2014
elapsed time: 67 seconds

