#
# A fatal error has been detected by the Java Runtime Environment:
#
#  SIGSEGV (0xb) at pc=0x00007f818194fe38, pid=14686, tid=140194448754432
#
# JRE version: OpenJDK Runtime Environment (7.0_55-b14) (build 1.7.0_55-b14)
# Java VM: OpenJDK 64-Bit Server VM (24.51-b03 mixed mode linux-amd64 compressed oops)
# Problematic frame:
# C  [libX11.so.6+0x3ae38]  XQueryExtension+0x28
#
# Failed to write core dump. Core dumps have been disabled. To enable core dumping, try "ulimit -c unlimited" before starting Java again
#
# If you would like to submit a bug report, please include
# instructions on how to reproduce the bug and visit:
#   http://icedtea.classpath.org/bugzilla
#

---------------  T H R E A D  ---------------

Current thread (0x00007f818c076800):  VMThread [stack: 0x00007f8190414000,0x00007f8190515000] [id=14696]

siginfo:si_signo=SIGSEGV: si_errno=0, si_code=1 (SEGV_MAPERR), si_addr=0x0000000034014948

Registers:
RAX=0x00007f8164000b10, RBX=0x0000000034013fe0, RCX=0x00007f81905136d8, RDX=0x00007f81905136d4
RSP=0x00007f8190513670, RBP=0x00007f813e970600, RSI=0x00007f813e837992, RDI=0x0000000034013fe0
R8 =0x00007f81905136dc, R9 =0x0000000000000000, R10=0x00007f813e9703c0, R11=0x00007f8194a721c0
R12=0x00007f813e837992, R13=0x00007f8164000b10, R14=0x00007f8190513ae0, R15=0x00007f8134026270
RIP=0x00007f818194fe38, EFLAGS=0x0000000000010202, CSGSFS=0x0000000000000033, ERR=0x0000000000000004
  TRAPNO=0x000000000000000e

Top of Stack: (sp=0x00007f8190513670)
0x00007f8190513670:   0000000000000000 0000000000000000
0x00007f8190513680:   000000770000006e 0000000000000000
0x00007f8190513690:   000100010000007c 0000000034013fe0
0x00007f81905136a0:   00007f813e970600 00007f813e837992
0x00007f81905136b0:   00007f8164000b10 00007f8190513ae0
0x00007f81905136c0:   00007f8134026270 00007f8181943e72
0x00007f81905136d0:   00007f8134026270 00007f8194ab6220
0x00007f81905136e0:   0000000000000000 00007f813e970600
0x00007f81905136f0:   0000000034013fe0 00007f818814471d
0x00007f8190513700:   00007f813e837992 0000001100000000
0x00007f8190513710:   00007f8100000005 0000000000000000
0x00007f8190513720:   00007f8190513790 0000000034013fe0
0x00007f8190513730:   00007f81905139d8 00007f8190513ae0
0x00007f8190513740:   00007f813e989e50 00007f813e7e03d9
0x00007f8190513750:   00000000ffffffff 00007f813401bf20
0x00007f8190513760:   00007f8190513790 00007f81434b29e0
0x00007f8190513770:   00007f81905139d8 00007f8190513ae0
0x00007f8190513780:   0000000000000000 00007f813e7d4ae2
0x00007f8190513790:   00007f8190513b50 00007f813e837911
0x00007f81905137a0:   00007f8190513b50 00007f8195421058
0x00007f81905137b0:   00007f81956341a8 00007f8195634740
0x00007f81905137c0:   00007f819560e000 00007f818c0094f0
0x00007f81905137d0:   00007f818c00a020 00007f818c00a530
0x00007f81905137e0:   00007f818c017440 00007f818c1c3580
0x00007f81905137f0:   00007f818c2c2790 00007f818c2be650
0x00007f8190513800:   00007f818c204140 00007f818c212060
0x00007f8190513810:   00007f818c219480 00007f818c218f50
0x00007f8190513820:   00007f818c218a20 00007f818c21cd70
0x00007f8190513830:   00007f818c21c850 00007f818c21db20
0x00007f8190513840:   00007f818c21c340 00007f818c2184f0
0x00007f8190513850:   00007f818c21a910 00007f818c21b350
0x00007f8190513860:   00007f818c21ae30 00007f818c21b870 

Instructions: (pc=0x00007f818194fe38)
0x00007f818194fe18:   24 e0 48 89 fb 4c 89 6c 24 e8 4c 89 74 24 f0 49
0x00007f818194fe28:   89 f4 4c 89 7c 24 f8 48 89 6c 24 d8 48 83 ec 58
0x00007f818194fe38:   48 8b 87 68 09 00 00 49 89 d7 49 89 ce 4d 89 c5
0x00007f818194fe48:   48 85 c0 74 02 ff 10 ba 08 00 00 00 be 62 00 00 

Register to memory mapping:

RAX=0x00007f8164000b10 is an unknown value
RBX=0x0000000034013fe0 is an unknown value
RCX=0x00007f81905136d8 is an unknown value
RDX=0x00007f81905136d4 is an unknown value
RSP=0x00007f8190513670 is an unknown value
RBP=0x00007f813e970600: <offset 0x1cf600> in /usr/lib/x86_64-linux-gnu/libGL.so.1 at 0x00007f813e7a1000
RSI=0x00007f813e837992: <offset 0x96992> in /usr/lib/x86_64-linux-gnu/libGL.so.1 at 0x00007f813e7a1000
RDI=0x0000000034013fe0 is an unknown value
R8 =0x00007f81905136dc is an unknown value
R9 =0x0000000000000000 is an unknown value
R10=0x00007f813e9703c0: <offset 0x1cf3c0> in /usr/lib/x86_64-linux-gnu/libGL.so.1 at 0x00007f813e7a1000
R11=0x00007f8194a721c0: __cxa_finalize+0 in /lib/x86_64-linux-gnu/libc.so.6 at 0x00007f8194a3a000
R12=0x00007f813e837992: <offset 0x96992> in /usr/lib/x86_64-linux-gnu/libGL.so.1 at 0x00007f813e7a1000
R13=0x00007f8164000b10 is an unknown value
R14=0x00007f8190513ae0 is an unknown value
R15=0x00007f8134026270 is an unknown value


Stack: [0x00007f8190414000,0x00007f8190515000],  sp=0x00007f8190513670,  free space=1021k
Native frames: (J=compiled Java code, j=interpreted, Vv=VM code, C=native code)
C  [libX11.so.6+0x3ae38]  XQueryExtension+0x28

VM_Operation (0x00007f813eaa96e0): Exit, mode: safepoint, requested by thread 0x00007f818c360000


---------------  P R O C E S S  ---------------

Java Threads: ( => current thread )
  0x00007f81353c4000 JavaThread "process reaper" daemon [_thread_blocked, id=14820, stack(0x00007f8190050000,0x00007f8190089000)]
  0x00007f810d452800 JavaThread "pool-1-thread-3" [_thread_blocked, id=14805, stack(0x00007f812dddc000,0x00007f812dedd000)]
  0x00007f8135108800 JavaThread "AsynchExecutor-Thread" daemon [_thread_blocked, id=14715, stack(0x00007f813c0ca000,0x00007f813c1cb000)]
  0x00007f818c00b000 JavaThread "DestroyJavaVM" [_thread_blocked, id=14690, stack(0x00007f8195509000,0x00007f819560a000)]
  0x00007f818c360000 JavaThread "LWJGL Application" [_thread_blocked, id=14709, stack(0x00007f813e9aa000,0x00007f813eaab000)]
  0x00007f818c2bd000 JavaThread "AWT-XAWT" daemon [_thread_blocked, id=14705, stack(0x00007f817807b000,0x00007f817817c000)]
  0x00007f818c29d000 JavaThread "Java2D Disposer" daemon [_thread_blocked, id=14704, stack(0x00007f8188036000,0x00007f8188137000)]
  0x00007f818c0a7000 JavaThread "Service Thread" daemon [_thread_blocked, id=14702, stack(0x00007f8188bfc000,0x00007f8188cfd000)]
  0x00007f818c0a5000 JavaThread "C2 CompilerThread1" daemon [_thread_blocked, id=14701, stack(0x00007f8188cfd000,0x00007f8188dfe000)]
  0x00007f818c0a2000 JavaThread "C2 CompilerThread0" daemon [_thread_blocked, id=14700, stack(0x00007f8188dfe000,0x00007f8188eff000)]
  0x00007f818c09f800 JavaThread "Signal Dispatcher" daemon [_thread_blocked, id=14699, stack(0x00007f8188eff000,0x00007f8189000000)]
  0x00007f818c07c800 JavaThread "Finalizer" daemon [_thread_blocked, id=14698, stack(0x00007f8190212000,0x00007f8190313000)]
  0x00007f818c07a800 JavaThread "Reference Handler" daemon [_thread_blocked, id=14697, stack(0x00007f8190313000,0x00007f8190414000)]

Other Threads:
=>0x00007f818c076800 VMThread [stack: 0x00007f8190414000,0x00007f8190515000] [id=14696]

VM state:at safepoint (shutting down)

VM Mutex/Monitor currently owned by a thread:  ([mutex/lock_event])
[0x00007f818c0077a0] Threads_lock - owner thread: 0x00007f818c076800

Heap
 PSYoungGen      total 22016K, used 1845K [0x00000000eba80000, 0x00000000ed600000, 0x0000000100000000)
  eden space 15872K, 11% used [0x00000000eba80000,0x00000000ebc355d8,0x00000000eca00000)
  from space 6144K, 1% used [0x00000000ed000000,0x00000000ed018000,0x00000000ed600000)
  to   space 6144K, 0% used [0x00000000eca00000,0x00000000eca00000,0x00000000ed000000)
 ParOldGen       total 41472K, used 8436K [0x00000000c3000000, 0x00000000c5880000, 0x00000000eba80000)
  object space 41472K, 20% used [0x00000000c3000000,0x00000000c383d2c0,0x00000000c5880000)
 PSPermGen       total 21504K, used 13344K [0x00000000b8a00000, 0x00000000b9f00000, 0x00000000c3000000)
  object space 21504K, 62% used [0x00000000b8a00000,0x00000000b9708318,0x00000000b9f00000)

Card table byte_map: [0x00007f8191f91000,0x00007f81921cd000] byte_map_base: 0x00007f81919cc000

Polling page: 0x00007f819562f000

Code Cache  [0x00007f8189000000, 0x00007f8189270000, 0x00007f818c000000)
 total_blobs=963 nmethods=415 adapters=502 free_code_cache=47662Kb largest_free_block=48775232

Compilation events (10 events):
Event: 498.834 Thread 0x00007f818c0a5000 nmethod 412 0x00007f8189169650 code [0x00007f81891697c0, 0x00007f8189169998]
Event: 498.835 Thread 0x00007f818c0a5000  413             sun.util.logging.PlatformLogger::isLoggable (38 bytes)
Event: 498.836 Thread 0x00007f818c0a2000 nmethod 411 0x00007f818916b290 code [0x00007f818916b420, 0x00007f818916b738]
Event: 498.837 Thread 0x00007f818c0a5000 nmethod 413 0x00007f818916ae10 code [0x00007f818916af60, 0x00007f818916b0b8]
Event: 502.033 Thread 0x00007f818c0a2000  414   !         sun.awt.X11.XToolkit::callTimeoutTasks (220 bytes)
Event: 502.036 Thread 0x00007f818c0a2000 nmethod 414 0x00007f818916a650 code [0x00007f818916a7e0, 0x00007f818916aa58]
Event: 502.132 Thread 0x00007f818c0a5000  415   !         sun.awt.X11.XToolkit::getNextTaskTime (55 bytes)
Event: 502.138 Thread 0x00007f818c0a5000 nmethod 415 0x00007f818916d590 code [0x00007f818916d720, 0x00007f818916da10]
Event: 679.446 Thread 0x00007f818c0a2000  419             com.badlogic.gdx.InputMultiplexer::mouseMoved (48 bytes)
Event: 679.449 Thread 0x00007f818c0a2000 nmethod 419 0x00007f818916c950 code [0x00007f818916cac0, 0x00007f818916ccb8]

GC Heap History (10 events):
Event: 520.033 GC heap before
{Heap before GC invocations=12 (full 0):
 PSYoungGen      total 23040K, used 15904K [0x00000000eba80000, 0x00000000ed800000, 0x0000000100000000)
  eden space 15872K, 100% used [0x00000000eba80000,0x00000000eca00000,0x00000000eca00000)
  from space 7168K, 0% used [0x00000000eca00000,0x00000000eca08000,0x00000000ed100000)
  to   space 7168K, 0% used [0x00000000ed100000,0x00000000ed100000,0x00000000ed800000)
 ParOldGen       total 41472K, used 8428K [0x00000000c3000000, 0x00000000c5880000, 0x00000000eba80000)
  object space 41472K, 20% used [0x00000000c3000000,0x00000000c383b2c0,0x00000000c5880000)
 PSPermGen       total 21504K, used 13308K [0x00000000b8a00000, 0x00000000b9f00000, 0x00000000c3000000)
  object space 21504K, 61% used [0x00000000b8a00000,0x00000000b96ff3c8,0x00000000b9f00000)
Event: 520.034 GC heap after
Heap after GC invocations=12 (full 0):
 PSYoungGen      total 23040K, used 32K [0x00000000eba80000, 0x00000000ed800000, 0x0000000100000000)
  eden space 15872K, 0% used [0x00000000eba80000,0x00000000eba80000,0x00000000eca00000)
  from space 7168K, 0% used [0x00000000ed100000,0x00000000ed108000,0x00000000ed800000)
  to   space 7168K, 0% used [0x00000000eca00000,0x00000000eca00000,0x00000000ed100000)
 ParOldGen       total 41472K, used 8428K [0x00000000c3000000, 0x00000000c5880000, 0x00000000eba80000)
  object space 41472K, 20% used [0x00000000c3000000,0x00000000c383b2c0,0x00000000c5880000)
 PSPermGen       total 21504K, used 13308K [0x00000000b8a00000, 0x00000000b9f00000, 0x00000000c3000000)
  object space 21504K, 61% used [0x00000000b8a00000,0x00000000b96ff3c8,0x00000000b9f00000)
}
Event: 571.282 GC heap before
{Heap before GC invocations=13 (full 0):
 PSYoungGen      total 23040K, used 15904K [0x00000000eba80000, 0x00000000ed800000, 0x0000000100000000)
  eden space 15872K, 100% used [0x00000000eba80000,0x00000000eca00000,0x00000000eca00000)
  from space 7168K, 0% used [0x00000000ed100000,0x00000000ed108000,0x00000000ed800000)
  to   space 7168K, 0% used [0x00000000eca00000,0x00000000eca00000,0x00000000ed100000)
 ParOldGen       total 41472K, used 8428K [0x00000000c3000000, 0x00000000c5880000, 0x00000000eba80000)
  object space 41472K, 20% used [0x00000000c3000000,0x00000000c383b2c0,0x00000000c5880000)
 PSPermGen       total 21504K, used 13308K [0x00000000b8a00000, 0x00000000b9f00000, 0x00000000c3000000)
  object space 21504K, 61% used [0x00000000b8a00000,0x00000000b96ff3c8,0x00000000b9f00000)
Event: 571.284 GC heap after
Heap after GC invocations=13 (full 0):
 PSYoungGen      total 16384K, used 32K [0x00000000eba80000, 0x00000000ed700000, 0x0000000100000000)
  eden space 15872K, 0% used [0x00000000eba80000,0x00000000eba80000,0x00000000eca00000)
  from space 512K, 6% used [0x00000000eca00000,0x00000000eca08000,0x00000000eca80000)
  to   space 6656K, 0% used [0x00000000ed080000,0x00000000ed080000,0x00000000ed700000)
 ParOldGen       total 41472K, used 8436K [0x00000000c3000000, 0x00000000c5880000, 0x00000000eba80000)
  object space 41472K, 20% used [0x00000000c3000000,0x00000000c383d2c0,0x00000000c5880000)
 PSPermGen       total 21504K, used 13308K [0x00000000b8a00000, 0x00000000b9f00000, 0x00000000c3000000)
  object space 21504K, 61% used [0x00000000b8a00000,0x00000000b96ff3c8,0x00000000b9f00000)
}
Event: 622.581 GC heap before
{Heap before GC invocations=14 (full 0):
 PSYoungGen      total 16384K, used 15904K [0x00000000eba80000, 0x00000000ed700000, 0x0000000100000000)
  eden space 15872K, 100% used [0x00000000eba80000,0x00000000eca00000,0x00000000eca00000)
  from space 512K, 6% used [0x00000000eca00000,0x00000000eca08000,0x00000000eca80000)
  to   space 6656K, 0% used [0x00000000ed080000,0x00000000ed080000,0x00000000ed700000)
 ParOldGen       total 41472K, used 8436K [0x00000000c3000000, 0x00000000c5880000, 0x00000000eba80000)
  object space 41472K, 20% used [0x00000000c3000000,0x00000000c383d2c0,0x00000000c5880000)
 PSPermGen       total 21504K, used 13308K [0x00000000b8a00000, 0x00000000b9f00000, 0x00000000c3000000)
  object space 21504K, 61% used [0x00000000b8a00000,0x00000000b96ff3c8,0x00000000b9f00000)
Event: 622.583 GC heap after
Heap after GC invocations=14 (full 0):
 PSYoungGen      total 22528K, used 32K [0x00000000eba80000, 0x00000000ed700000, 0x0000000100000000)
  eden space 15872K, 0% used [0x00000000eba80000,0x00000000eba80000,0x00000000eca00000)
  from space 6656K, 0% used [0x00000000ed080000,0x00000000ed088000,0x00000000ed700000)
  to   space 6656K, 0% used [0x00000000eca00000,0x00000000eca00000,0x00000000ed080000)
 ParOldGen       total 41472K, used 8436K [0x00000000c3000000, 0x00000000c5880000, 0x00000000eba80000)
  object space 41472K, 20% used [0x00000000c3000000,0x00000000c383d2c0,0x00000000c5880000)
 PSPermGen       total 21504K, used 13308K [0x00000000b8a00000, 0x00000000b9f00000, 0x00000000c3000000)
  object space 21504K, 61% used [0x00000000b8a00000,0x00000000b96ff3c8,0x00000000b9f00000)
}
Event: 673.980 GC heap before
{Heap before GC invocations=15 (full 0):
 PSYoungGen      total 22528K, used 15904K [0x00000000eba80000, 0x00000000ed700000, 0x0000000100000000)
  eden space 15872K, 100% used [0x00000000eba80000,0x00000000eca00000,0x00000000eca00000)
  from space 6656K, 0% used [0x00000000ed080000,0x00000000ed088000,0x00000000ed700000)
  to   space 6656K, 0% used [0x00000000eca00000,0x00000000eca00000,0x00000000ed080000)
 ParOldGen       total 41472K, used 8436K [0x00000000c3000000, 0x00000000c5880000, 0x00000000eba80000)
  object space 41472K, 20% used [0x00000000c3000000,0x00000000c383d2c0,0x00000000c5880000)
 PSPermGen       total 21504K, used 13308K [0x00000000b8a00000, 0x00000000b9f00000, 0x00000000c3000000)
  object space 21504K, 61% used [0x00000000b8a00000,0x00000000b96ff3c8,0x00000000b9f00000)
Event: 673.982 GC heap after
Heap after GC invocations=15 (full 0):
 PSYoungGen      total 16384K, used 32K [0x00000000eba80000, 0x00000000ed600000, 0x0000000100000000)
  eden space 15872K, 0% used [0x00000000eba80000,0x00000000eba80000,0x00000000eca00000)
  from space 512K, 6% used [0x00000000eca00000,0x00000000eca08000,0x00000000eca80000)
  to   space 6144K, 0% used [0x00000000ed000000,0x00000000ed000000,0x00000000ed600000)
 ParOldGen       total 41472K, used 8436K [0x00000000c3000000, 0x00000000c5880000, 0x00000000eba80000)
  object space 41472K, 20% used [0x00000000c3000000,0x00000000c383d2c0,0x00000000c5880000)
 PSPermGen       total 21504K, used 13308K [0x00000000b8a00000, 0x00000000b9f00000, 0x00000000c3000000)
  object space 21504K, 61% used [0x00000000b8a00000,0x00000000b96ff3c8,0x00000000b9f00000)
}
Event: 723.930 GC heap before
{Heap before GC invocations=16 (full 0):
 PSYoungGen      total 16384K, used 15904K [0x00000000eba80000, 0x00000000ed600000, 0x0000000100000000)
  eden space 15872K, 100% used [0x00000000eba80000,0x00000000eca00000,0x00000000eca00000)
  from space 512K, 6% used [0x00000000eca00000,0x00000000eca08000,0x00000000eca80000)
  to   space 6144K, 0% used [0x00000000ed000000,0x00000000ed000000,0x00000000ed600000)
 ParOldGen       total 41472K, used 8436K [0x00000000c3000000, 0x00000000c5880000, 0x00000000eba80000)
  object space 41472K, 20% used [0x00000000c3000000,0x00000000c383d2c0,0x00000000c5880000)
 PSPermGen       total 21504K, used 13310K [0x00000000b8a00000, 0x00000000b9f00000, 0x00000000c3000000)
  object space 21504K, 61% used [0x00000000b8a00000,0x00000000b96ffaa8,0x00000000b9f00000)
Event: 723.931 GC heap after
Heap after GC invocations=16 (full 0):
 PSYoungGen      total 22016K, used 96K [0x00000000eba80000, 0x00000000ed600000, 0x0000000100000000)
  eden space 15872K, 0% used [0x00000000eba80000,0x00000000eba80000,0x00000000eca00000)
  from space 6144K, 1% used [0x00000000ed000000,0x00000000ed018000,0x00000000ed600000)
  to   space 6144K, 0% used [0x00000000eca00000,0x00000000eca00000,0x00000000ed000000)
 ParOldGen       total 41472K, used 8436K [0x00000000c3000000, 0x00000000c5880000, 0x00000000eba80000)
  object space 41472K, 20% used [0x00000000c3000000,0x00000000c383d2c0,0x00000000c5880000)
 PSPermGen       total 21504K, used 13310K [0x00000000b8a00000, 0x00000000b9f00000, 0x00000000c3000000)
  object space 21504K, 61% used [0x00000000b8a00000,0x00000000b96ffaa8,0x00000000b9f00000)
}

Deoptimization events (10 events):
Event: 5.689 Thread 0x00007f810d452800 Uncommon trap: reason=class_check action=maybe_recompile pc=0x00007f81890647c0 method=java.util.Properties$LineReader.readLine()I @ 62
Event: 5.689 Thread 0x00007f810d452800 Uncommon trap: reason=class_check action=maybe_recompile pc=0x00007f81890647c0 method=java.util.Properties$LineReader.readLine()I @ 62
Event: 5.696 Thread 0x00007f810d452800 Uncommon trap: reason=class_check action=maybe_recompile pc=0x00007f81890647c0 method=java.util.Properties$LineReader.readLine()I @ 62
Event: 8.690 Thread 0x00007f810d452800 Uncommon trap: reason=unreached action=reinterpret pc=0x00007f81890aaf34 method=java.lang.AbstractStringBuilder.append(Ljava/lang/String;)Ljava/lang/AbstractStringBuilder; @ 1
Event: 33.074 Thread 0x00007f818c360000 Uncommon trap: reason=array_check action=maybe_recompile pc=0x00007f8189067a98 method=com.badlogic.gdx.utils.Array.add(Ljava/lang/Object;)V @ 46
Event: 33.074 Thread 0x00007f818c360000 Uncommon trap: reason=array_check action=maybe_recompile pc=0x00007f8189067a98 method=com.badlogic.gdx.utils.Array.add(Ljava/lang/Object;)V @ 46
Event: 33.490 Thread 0x00007f818c360000 Uncommon trap: reason=array_check action=maybe_recompile pc=0x00007f8189067a98 method=com.badlogic.gdx.utils.Array.add(Ljava/lang/Object;)V @ 46
Event: 33.490 Thread 0x00007f818c360000 Uncommon trap: reason=array_check action=maybe_recompile pc=0x00007f8189067a98 method=com.badlogic.gdx.utils.Array.add(Ljava/lang/Object;)V @ 46
Event: 276.636 Thread 0x00007f818c360000 Uncommon trap: reason=unreached action=reinterpret pc=0x00007f818913dc64 method=java.util.concurrent.locks.AbstractQueuedSynchronizer.acquireQueued(Ljava/util/concurrent/locks/AbstractQueuedSynchronizer$Node;I)Z @ 17
Event: 678.833 Thread 0x00007f810d452800 Uncommon trap: reason=unreached action=reinterpret pc=0x00007f818913cc60 method=java.lang.ThreadLocal.get()Ljava/lang/Object; @ 11

Internal exceptions (10 events):
Event: 11.575 Thread 0x00007f810d452800 Threw 0x00000000ec99d428 at /build/openjdk-7-kBcQ8a/openjdk-7-7u55-2.4.7/build/openjdk/hotspot/src/share/vm/prims/jvm.cpp:1244
Event: 12.908 Thread 0x00007f818c360000 Threw 0x00000000ec979530 at /build/openjdk-7-kBcQ8a/openjdk-7-7u55-2.4.7/build/openjdk/hotspot/src/share/vm/prims/jvm.cpp:1244
Event: 12.910 Thread 0x00007f818c360000 Threw 0x00000000ec983498 at /build/openjdk-7-kBcQ8a/openjdk-7-7u55-2.4.7/build/openjdk/hotspot/src/share/vm/prims/jvm.cpp:1244
Event: 12.910 Thread 0x00007f818c360000 Threw 0x00000000ec9885e0 at /build/openjdk-7-kBcQ8a/openjdk-7-7u55-2.4.7/build/openjdk/hotspot/src/share/vm/prims/jvm.cpp:1244
Event: 12.911 Thread 0x00007f818c360000 Threw 0x00000000ec9ac2c8 at /build/openjdk-7-kBcQ8a/openjdk-7-7u55-2.4.7/build/openjdk/hotspot/src/share/vm/prims/jvm.cpp:1244
Event: 13.591 Thread 0x00007f818c360000 Threw 0x00000000ec9e58d0 at /build/openjdk-7-kBcQ8a/openjdk-7-7u55-2.4.7/build/openjdk/hotspot/src/share/vm/prims/jvm.cpp:1244
Event: 678.833 Thread 0x00007f810d452800 Implicit null exception at 0x00007f818913cb94 to 0x00007f818913cc4d
Event: 727.762 Thread 0x00007f818c360000 Threw 0x00000000ebba9180 at /build/openjdk-7-kBcQ8a/openjdk-7-7u55-2.4.7/build/openjdk/hotspot/src/share/vm/prims/jvm.cpp:1244
Event: 727.771 Thread 0x00007f818c360000 Threw 0x00000000ebbad5f8 at /build/openjdk-7-kBcQ8a/openjdk-7-7u55-2.4.7/build/openjdk/hotspot/src/share/vm/prims/jvm.cpp:1244
Event: 727.777 Thread 0x00007f818c360000 Threw 0x00000000ebbb2910 at /build/openjdk-7-kBcQ8a/openjdk-7-7u55-2.4.7/build/openjdk/hotspot/src/share/vm/prims/jvm.cpp:1244

Events (10 events):
Event: 727.935 loading class 0x00007f815813fe50 done
Event: 727.935 Thread 0x00007f81350d2800 Thread added: 0x00007f81350d2800
Event: 727.935 loading class 0x00007f8158032120
Event: 727.936 loading class 0x00007f8158127ef0
Event: 727.936 loading class 0x00007f8158127ef0 done
Event: 727.936 loading class 0x00007f8158127f20
Event: 727.936 loading class 0x00007f8158127f20 done
Event: 727.936 loading class 0x00007f8158032120 done
Event: 727.937 Thread 0x00007f81350d2800 Thread exited: 0x00007f81350d2800
Event: 727.937 Executing VM operation: Exit


Dynamic libraries:
00400000-00401000 r-xp 00000000 08:03 3934148                            /usr/lib/jvm/java-7-openjdk-amd64/jre/bin/java
00600000-00601000 r--p 00000000 08:03 3934148                            /usr/lib/jvm/java-7-openjdk-amd64/jre/bin/java
00601000-00602000 rw-p 00001000 08:03 3934148                            /usr/lib/jvm/java-7-openjdk-amd64/jre/bin/java
0227a000-0229b000 rw-p 00000000 00:00 0                                  [heap]
b8a00000-b9f00000 rw-p 00000000 00:00 0 
b9f00000-c3000000 rw-p 00000000 00:00 0 
c3000000-c5880000 rw-p 00000000 00:00 0 
c5880000-eba80000 rw-p 00000000 00:00 0 
eba80000-ed600000 rw-p 00000000 00:00 0 
ed600000-ed800000 ---p 00000000 00:00 0 
ed800000-100000000 rw-p 00000000 00:00 0 
7f8104000000-7f810403e000 rw-p 00000000 00:00 0 
7f810403e000-7f8108000000 ---p 00000000 00:00 0 
7f8108000000-7f8108021000 rw-p 00000000 00:00 0 
7f8108021000-7f810c000000 ---p 00000000 00:00 0 
7f810c000000-7f810db49000 rw-p 00000000 00:00 0 
7f810db49000-7f8110000000 ---p 00000000 00:00 0 
7f8110000000-7f811004f000 rw-p 00000000 00:00 0 
7f811004f000-7f8114000000 ---p 00000000 00:00 0 
7f8114000000-7f8117ffa000 rw-p 00000000 00:00 0 
7f8117ffa000-7f8118000000 ---p 00000000 00:00 0 
7f811c000000-7f811c0ae000 rw-p 00000000 00:00 0 
7f811c0ae000-7f8120000000 ---p 00000000 00:00 0 
7f8120000000-7f81207d6000 rw-p 00000000 00:00 0 
7f81207d6000-7f8124000000 ---p 00000000 00:00 0 
7f8124000000-7f81240b4000 rw-p 00000000 00:00 0 
7f81240b4000-7f8128000000 ---p 00000000 00:00 0 
7f8128000000-7f8128021000 rw-p 00000000 00:00 0 
7f8128021000-7f812c000000 ---p 00000000 00:00 0 
7f812dcdb000-7f812dcde000 ---p 00000000 00:00 0 
7f812dcde000-7f812dddc000 rw-p 00000000 00:00 0 
7f812dddc000-7f812dddf000 ---p 00000000 00:00 0 
7f812dddf000-7f812dedd000 rw-p 00000000 00:00 0 
7f812dedd000-7f812dee2000 r-xp 00000000 08:03 12192225                   /lib/x86_64-linux-gnu/libnss_dns-2.19.so
7f812dee2000-7f812e0e1000 ---p 00005000 08:03 12192225                   /lib/x86_64-linux-gnu/libnss_dns-2.19.so
7f812e0e1000-7f812e0e2000 r--p 00004000 08:03 12192225                   /lib/x86_64-linux-gnu/libnss_dns-2.19.so
7f812e0e2000-7f812e0e3000 rw-p 00005000 08:03 12192225                   /lib/x86_64-linux-gnu/libnss_dns-2.19.so
7f812e0e3000-7f812e0e5000 r-xp 00000000 08:03 12058696                   /lib/libnss_mdns4_minimal.so.2
7f812e0e5000-7f812e2e4000 ---p 00002000 08:03 12058696                   /lib/libnss_mdns4_minimal.so.2
7f812e2e4000-7f812e2e5000 rw-p 00001000 08:03 12058696                   /lib/libnss_mdns4_minimal.so.2
7f812e2e5000-7f812e2fc000 r-xp 00000000 08:03 3934214                    /usr/lib/jvm/java-7-openjdk-amd64/jre/lib/amd64/libnet.so
7f812e2fc000-7f812e4fb000 ---p 00017000 08:03 3934214                    /usr/lib/jvm/java-7-openjdk-amd64/jre/lib/amd64/libnet.so
7f812e4fb000-7f812e4fc000 r--p 00016000 08:03 3934214                    /usr/lib/jvm/java-7-openjdk-amd64/jre/lib/amd64/libnet.so
7f812e4fc000-7f812e4fd000 rw-p 00017000 08:03 3934214                    /usr/lib/jvm/java-7-openjdk-amd64/jre/lib/amd64/libnet.so
7f812e4fd000-7f812e500000 ---p 00000000 00:00 0 
7f812e500000-7f812e5fe000 rw-p 00000000 00:00 0 
7f812e8fe000-7f812e8ff000 ---p 00000000 00:00 0 
7f812e8ff000-7f812f0ff000 rw-p 00000000 00:00 0 
7f812f0ff000-7f812f100000 ---p 00000000 00:00 0 
7f812f100000-7f812f900000 rw-p 00000000 00:00 0 
7f812f900000-7f8130000000 rw-s 00006000 00:05 7289                       /dev/ati/card0
7f8130000000-7f8130021000 rw-p 00000000 00:00 0 
7f8130021000-7f8134000000 ---p 00000000 00:00 0 
7f8134000000-7f8137fa2000 rw-p 00000000 00:00 0 
7f8137fa2000-7f8138000000 ---p 00000000 00:00 0 
7f8138000000-7f8138021000 rw-p 00000000 00:00 0 
7f8138021000-7f813c000000 ---p 00000000 00:00 0 
7f813c0ca000-7f813c0cd000 ---p 00000000 00:00 0 
7f813c0cd000-7f813c1cb000 rw-p 00000000 00:00 0 
7f813c2c9000-7f813c306000 r-xp 00000000 08:03 4201336                    /usr/lib/x86_64-linux-gnu/libatiadlxx.so
7f813c306000-7f813c405000 ---p 0003d000 08:03 4201336                    /usr/lib/x86_64-linux-gnu/libatiadlxx.so
7f813c405000-7f813c40f000 rw-p 0003c000 08:03 4201336                    /usr/lib/x86_64-linux-gnu/libatiadlxx.so
7f813c40f000-7f813c41f000 rw-p 00000000 00:00 0 
7f813c41f000-7f813c426000 r-xp 00000000 08:03 4201328                    /usr/lib/x86_64-linux-gnu/libatiuki.so.1.0
7f813c426000-7f813c526000 ---p 00007000 08:03 4201328                    /usr/lib/x86_64-linux-gnu/libatiuki.so.1.0
7f813c526000-7f813c527000 rw-p 00007000 08:03 4201328                    /usr/lib/x86_64-linux-gnu/libatiuki.so.1.0
7f813c527000-7f813c528000 rw-p 00000000 00:00 0 
7f813c528000-7f813e420000 r-xp 00000000 08:03 4201338                    /usr/lib/x86_64-linux-gnu/dri/fglrx_dri.so
7f813e420000-7f813e51f000 ---p 01ef8000 08:03 4201338                    /usr/lib/x86_64-linux-gnu/dri/fglrx_dri.so
7f813e51f000-7f813e67d000 rwxp 01ef7000 08:03 4201338                    /usr/lib/x86_64-linux-gnu/dri/fglrx_dri.so
7f813e67d000-7f813e7a1000 rwxp 00000000 00:00 0 
7f813e7a1000-7f813e864000 r-xp 00000000 08:03 4201341                    /usr/lib/x86_64-linux-gnu/fglrx/fglrx-libGL.so.1.2
7f813e864000-7f813e963000 ---p 000c3000 08:03 4201341                    /usr/lib/x86_64-linux-gnu/fglrx/fglrx-libGL.so.1.2
7f813e963000-7f813e98a000 rwxp 000c2000 08:03 4201341                    /usr/lib/x86_64-linux-gnu/fglrx/fglrx-libGL.so.1.2
7f813e98a000-7f813e9aa000 rwxp 00000000 00:00 0 
7f813e9aa000-7f813e9ad000 ---p 00000000 00:00 0 
7f813e9ad000-7f813eaab000 rw-p 00000000 00:00 0 
7f8142aac000-7f8142aad000 ---p 00000000 00:00 0 
7f8142aad000-7f81432ad000 rw-p 00000000 00:00 0 
7f81432ad000-7f81432b3000 r-xp 00000000 08:03 4200289                    /usr/lib/x86_64-linux-gnu/libogg.so.0.8.0
7f81432b3000-7f81434b2000 ---p 00006000 08:03 4200289                    /usr/lib/x86_64-linux-gnu/libogg.so.0.8.0
7f81434b2000-7f81434b3000 rw-p 00005000 08:03 4200289                    /usr/lib/x86_64-linux-gnu/libogg.so.0.8.0
7f81434b3000-7f81434df000 r-xp 00000000 08:03 4200496                    /usr/lib/x86_64-linux-gnu/libvorbis.so.0.4.5
7f81434df000-7f81436de000 ---p 0002c000 08:03 4200496                    /usr/lib/x86_64-linux-gnu/libvorbis.so.0.4.5
7f81436de000-7f81436df000 r--p 0002b000 08:03 4200496                    /usr/lib/x86_64-linux-gnu/libvorbis.so.0.4.5
7f81436df000-7f81436e0000 rw-p 0002c000 08:03 4200496                    /usr/lib/x86_64-linux-gnu/libvorbis.so.0.4.5
7f81436e0000-7f8143993000 r-xp 00000000 08:03 4200498                    /usr/lib/x86_64-linux-gnu/libvorbisenc.so.2.0.8
7f8143993000-7f8143b92000 ---p 002b3000 08:03 4200498                    /usr/lib/x86_64-linux-gnu/libvorbisenc.so.2.0.8
7f8143b92000-7f8143bae000 r--p 002b2000 08:03 4200498                    /usr/lib/x86_64-linux-gnu/libvorbisenc.so.2.0.8
7f8143bae000-7f8143baf000 rw-p 002ce000 08:03 4200498                    /usr/lib/x86_64-linux-gnu/libvorbisenc.so.2.0.8
7f8143baf000-7f8143bfa000 r-xp 00000000 08:03 4199700                    /usr/lib/x86_64-linux-gnu/libFLAC.so.8.2.0
7f8143bfa000-7f8143df9000 ---p 0004b000 08:03 4199700                    /usr/lib/x86_64-linux-gnu/libFLAC.so.8.2.0
7f8143df9000-7f8143dfa000 r--p 0004a000 08:03 4199700                    /usr/lib/x86_64-linux-gnu/libFLAC.so.8.2.0
7f8143dfa000-7f8143dfb000 rw-p 0004b000 08:03 4199700                    /usr/lib/x86_64-linux-gnu/libFLAC.so.8.2.0
7f8143dfb000-7f8143dff000 r-xp 00000000 08:03 12190707                   /lib/x86_64-linux-gnu/libuuid.so.1.3.0
7f8143dff000-7f8143ffe000 ---p 00004000 08:03 12190707                   /lib/x86_64-linux-gnu/libuuid.so.1.3.0
7f8143ffe000-7f8143fff000 r--p 00003000 08:03 12190707                   /lib/x86_64-linux-gnu/libuuid.so.1.3.0
7f8143fff000-7f8144000000 rw-p 00004000 08:03 12190707                   /lib/x86_64-linux-gnu/libuuid.so.1.3.0
7f8144000000-7f8144021000 rw-p 00000000 00:00 0 
7f8144021000-7f8148000000 ---p 00000000 00:00 0 
7f8148000000-7f8148021000 rw-p 00000000 00:00 0 
7f8148021000-7f814c000000 ---p 00000000 00:00 0 
7f814c000000-7f814c021000 rw-p 00000000 00:00 0 
7f814c021000-7f8150000000 ---p 00000000 00:00 0 
7f8150000000-7f8150021000 rw-p 00000000 00:00 0 
7f8150021000-7f8154000000 ---p 00000000 00:00 0 
7f8154000000-7f8154573000 rw-p 00000000 00:00 0 
7f8154573000-7f8158000000 ---p 00000000 00:00 0 
7f8158000000-7f8158d69000 rw-p 00000000 00:00 0 
7f8158d69000-7f815c000000 ---p 00000000 00:00 0 
7f815c000000-7f815c021000 rw-p 00000000 00:00 0 
7f815c021000-7f8160000000 ---p 00000000 00:00 0 
7f8160000000-7f8160021000 rw-p 00000000 00:00 0 
7f8160021000-7f8164000000 ---p 00000000 00:00 0 
7f8164000000-7f8164021000 rw-p 00000000 00:00 0 
7f8164021000-7f8168000000 ---p 00000000 00:00 0 
7f8168000000-7f8168021000 rw-p 00000000 00:00 0 
7f8168021000-7f816c000000 ---p 00000000 00:00 0 
7f816c000000-7f816c021000 rw-p 00000000 00:00 0 
7f816c021000-7f8170000000 ---p 00000000 00:00 0 
7f817003b000-7f81700b8000 rw-p 00000000 00:00 0 
7f81700b8000-7f81700bb000 ---p 00000000 00:00 0 
7f81700bb000-7f81701b9000 rw-p 00000000 00:00 0 
7f81701b9000-7f81701bd000 r-xp 00000000 08:03 12190559                   /lib/x86_64-linux-gnu/libattr.so.1.1.0
7f81701bd000-7f81703bc000 ---p 00004000 08:03 12190559                   /lib/x86_64-linux-gnu/libattr.so.1.1.0
7f81703bc000-7f81703bd000 r--p 00003000 08:03 12190559                   /lib/x86_64-linux-gnu/libattr.so.1.1.0
7f81703bd000-7f81703be000 rw-p 00004000 08:03 12190559                   /lib/x86_64-linux-gnu/libattr.so.1.1.0
7f81703be000-7f81703c3000 r-xp 00000000 08:03 4199797                    /usr/lib/x86_64-linux-gnu/libasyncns.so.0.3.1
7f81703c3000-7f81705c2000 ---p 00005000 08:03 4199797                    /usr/lib/x86_64-linux-gnu/libasyncns.so.0.3.1
7f81705c2000-7f81705c3000 rw-p 00004000 08:03 4199797                    /usr/lib/x86_64-linux-gnu/libasyncns.so.0.3.1
7f81705c3000-7f8170624000 r-xp 00000000 08:03 4200411                    /usr/lib/x86_64-linux-gnu/libsndfile.so.1.0.25
7f8170624000-7f8170823000 ---p 00061000 08:03 4200411                    /usr/lib/x86_64-linux-gnu/libsndfile.so.1.0.25
7f8170823000-7f8170825000 r--p 00060000 08:03 4200411                    /usr/lib/x86_64-linux-gnu/libsndfile.so.1.0.25
7f8170825000-7f8170826000 rw-p 00062000 08:03 4200411                    /usr/lib/x86_64-linux-gnu/libsndfile.so.1.0.25
7f8170826000-7f817082a000 rw-p 00000000 00:00 0 
7f817082a000-7f8170833000 r-xp 00000000 08:03 12190709                   /lib/x86_64-linux-gnu/libwrap.so.0.7.6
7f8170833000-7f8170a32000 ---p 00009000 08:03 12190709                   /lib/x86_64-linux-gnu/libwrap.so.0.7.6
7f8170a32000-7f8170a33000 r--p 00008000 08:03 12190709                   /lib/x86_64-linux-gnu/libwrap.so.0.7.6
7f8170a33000-7f8170a34000 rw-p 00009000 08:03 12190709                   /lib/x86_64-linux-gnu/libwrap.so.0.7.6
7f8170a34000-7f8170a35000 rw-p 00000000 00:00 0 
7f8170a35000-7f8170a3c000 r-xp 00000000 08:03 4199720                    /usr/lib/x86_64-linux-gnu/libSM.so.6.0.1
7f8170a3c000-7f8170c3b000 ---p 00007000 08:03 4199720                    /usr/lib/x86_64-linux-gnu/libSM.so.6.0.1
7f8170c3b000-7f8170c3c000 rw-p 00006000 08:03 4199720                    /usr/lib/x86_64-linux-gnu/libSM.so.6.0.1
7f8170c3c000-7f8170c53000 r-xp 00000000 08:03 4199710                    /usr/lib/x86_64-linux-gnu/libICE.so.6.3.0
7f8170c53000-7f8170e52000 ---p 00017000 08:03 4199710                    /usr/lib/x86_64-linux-gnu/libICE.so.6.3.0
7f8170e52000-7f8170e54000 rw-p 00016000 08:03 4199710                    /usr/lib/x86_64-linux-gnu/libICE.so.6.3.0
7f8170e54000-7f8170e57000 rw-p 00000000 00:00 0 
7f8170e57000-7f8170e58000 r-xp 00000000 08:03 4199726                    /usr/lib/x86_64-linux-gnu/libX11-xcb.so.1.0.0
7f8170e58000-7f8171057000 ---p 00001000 08:03 4199726                    /usr/lib/x86_64-linux-gnu/libX11-xcb.so.1.0.0
7f8171057000-7f8171058000 rw-p 00000000 08:03 4199726                    /usr/lib/x86_64-linux-gnu/libX11-xcb.so.1.0.0
7f8171058000-7f817105c000 r-xp 00000000 08:03 12190572                   /lib/x86_64-linux-gnu/libcap.so.2.22
7f817105c000-7f817125b000 ---p 00004000 08:03 12190572                   /lib/x86_64-linux-gnu/libcap.so.2.22
7f817125b000-7f817125c000 rw-p 00003000 08:03 12190572                   /lib/x86_64-linux-gnu/libcap.so.2.22
7f817125c000-7f81712bd000 r-xp 00000000 08:03 4325923                    /usr/lib/x86_64-linux-gnu/pulseaudio/libpulsecommon-2.0.so
7f81712bd000-7f81714bc000 ---p 00061000 08:03 4325923                    /usr/lib/x86_64-linux-gnu/pulseaudio/libpulsecommon-2.0.so
7f81714bc000-7f81714bd000 r--p 00060000 08:03 4325923                    /usr/lib/x86_64-linux-gnu/pulseaudio/libpulsecommon-2.0.so
7f81714bd000-7f81714bf000 rw-p 00061000 08:03 4325923                    /usr/lib/x86_64-linux-gnu/pulseaudio/libpulsecommon-2.0.so
7f81714bf000-7f81714c8000 r-xp 00000000 08:03 12190608                   /lib/x86_64-linux-gnu/libjson.so.0.1.0
7f81714c8000-7f81716c7000 ---p 00009000 08:03 12190608                   /lib/x86_64-linux-gnu/libjson.so.0.1.0
7f81716c7000-7f81716c8000 r--p 00008000 08:03 12190608                   /lib/x86_64-linux-gnu/libjson.so.0.1.0
7f81716c8000-7f81716c9000 rw-p 00009000 08:03 12190608                   /lib/x86_64-linux-gnu/libjson.so.0.1.0
7f81716c9000-7f8171712000 r-xp 00000000 08:03 4200364                    /usr/lib/x86_64-linux-gnu/libpulse.so.0.14.2
7f8171712000-7f8171911000 ---p 00049000 08:03 4200364                    /usr/lib/x86_64-linux-gnu/libpulse.so.0.14.2
7f8171911000-7f8171912000 r--p 00048000 08:03 4200364                    /usr/lib/x86_64-linux-gnu/libpulse.so.0.14.2
7f8171912000-7f8171913000 rw-p 00049000 08:03 4200364                    /usr/lib/x86_64-linux-gnu/libpulse.so.0.14.2
7f8171b6c000-7f8171b70000 r-xp 00000000 08:03 4199775                    /usr/lib/x86_64-linux-gnu/libXxf86vm.so.1.0.0
7f8171b70000-7f8171d70000 ---p 00004000 08:03 4199775                    /usr/lib/x86_64-linux-gnu/libXxf86vm.so.1.0.0
7f8171d70000-7f8171d71000 r--p 00004000 08:03 4199775                    /usr/lib/x86_64-linux-gnu/libXxf86vm.so.1.0.0
7f8171d71000-7f8171d72000 rw-p 00005000 08:03 4199775                    /usr/lib/x86_64-linux-gnu/libXxf86vm.so.1.0.0
7f8171d72000-7f8171dde000 r-xp 00000000 08:01 301131                     /media/winDisk/Users/ChobeDucket/Documents/sheep/android/assets/.temp/7b43be9b/liblwjgl64.so
7f8171dde000-7f8171fdd000 ---p 0006c000 08:01 301131                     /media/winDisk/Users/ChobeDucket/Documents/sheep/android/assets/.temp/7b43be9b/liblwjgl64.so
7f8171fdd000-7f8171fdf000 r--p 0006b000 08:01 301131                     /media/winDisk/Users/ChobeDucket/Documents/sheep/android/assets/.temp/7b43be9b/liblwjgl64.so
7f8171fdf000-7f8171fe0000 rw-p 0006d000 08:01 301131                     /media/winDisk/Users/ChobeDucket/Documents/sheep/android/assets/.temp/7b43be9b/liblwjgl64.so
7f8171fe0000-7f8171fe1000 r-xp 00000000 08:03 3934229                    /usr/lib/jvm/java-7-openjdk-amd64/jre/lib/amd64/libjawt.so
7f8171fe1000-7f81721e0000 ---p 00001000 08:03 3934229                    /usr/lib/jvm/java-7-openjdk-amd64/jre/lib/amd64/libjawt.so
7f81721e0000-7f81721e1000 r--p 00000000 08:03 3934229                    /usr/lib/jvm/java-7-openjdk-amd64/jre/lib/amd64/libjawt.so
7f81721e1000-7f81721e2000 rw-p 00001000 08:03 3934229                    /usr/lib/jvm/java-7-openjdk-amd64/jre/lib/amd64/libjawt.so
7f81721e2000-7f81721e5000 r-xp 00000000 08:03 12190599                   /lib/x86_64-linux-gnu/libgpg-error.so.0.8.0
7f81721e5000-7f81723e4000 ---p 00003000 08:03 12190599                   /lib/x86_64-linux-gnu/libgpg-error.so.0.8.0
7f81723e4000-7f81723e5000 rw-p 00002000 08:03 12190599                   /lib/x86_64-linux-gnu/libgpg-error.so.0.8.0
7f81723e5000-7f8172429000 r-xp 00000000 08:03 12190580                   /lib/x86_64-linux-gnu/libdbus-1.so.3.7.2
7f8172429000-7f8172629000 ---p 00044000 08:03 12190580                   /lib/x86_64-linux-gnu/libdbus-1.so.3.7.2
7f8172629000-7f817262a000 r--p 00044000 08:03 12190580                   /lib/x86_64-linux-gnu/libdbus-1.so.3.7.2
7f817262a000-7f817262b000 rw-p 00045000 08:03 12190580                   /lib/x86_64-linux-gnu/libdbus-1.so.3.7.2
7f817262b000-7f817263c000 r-xp 00000000 08:03 4200305                    /usr/lib/x86_64-linux-gnu/libp11-kit.so.0.0.0
7f817263c000-7f817283b000 ---p 00011000 08:03 4200305                    /usr/lib/x86_64-linux-gnu/libp11-kit.so.0.0.0
7f817283b000-7f817283c000 r--p 00010000 08:03 4200305                    /usr/lib/x86_64-linux-gnu/libp11-kit.so.0.0.0
7f817283c000-7f817283d000 rw-p 00011000 08:03 4200305                    /usr/lib/x86_64-linux-gnu/libp11-kit.so.0.0.0
7f817283d000-7f81728b7000 r-xp 00000000 08:03 12190595                   /lib/x86_64-linux-gnu/libgcrypt.so.11.7.0
7f81728b7000-7f8172ab7000 ---p 0007a000 08:03 12190595                   /lib/x86_64-linux-gnu/libgcrypt.so.11.7.0
7f8172ab7000-7f8172ab8000 r--p 0007a000 08:03 12190595                   /lib/x86_64-linux-gnu/libgcrypt.so.11.7.0
7f8172ab8000-7f8172abb000 rw-p 0007b000 08:03 12190595                   /lib/x86_64-linux-gnu/libgcrypt.so.11.7.0
7f8172abb000-7f8172acb000 r-xp 00000000 08:03 4200448                    /usr/lib/x86_64-linux-gnu/libtasn1.so.3.1.16
7f8172acb000-7f8172cca000 ---p 00010000 08:03 4200448                    /usr/lib/x86_64-linux-gnu/libtasn1.so.3.1.16
7f8172cca000-7f8172ccb000 r--p 0000f000 08:03 4200448                    /usr/lib/x86_64-linux-gnu/libtasn1.so.3.1.16
7f8172ccb000-7f8172ccc000 rw-p 00010000 08:03 4200448                    /usr/lib/x86_64-linux-gnu/libtasn1.so.3.1.16
7f8172ccc000-7f8172ccf000 r-xp 00000000 08:03 12190610                   /lib/x86_64-linux-gnu/libkeyutils.so.1.4
7f8172ccf000-7f8172ece000 ---p 00003000 08:03 12190610                   /lib/x86_64-linux-gnu/libkeyutils.so.1.4
7f8172ece000-7f8172ecf000 r--p 00002000 08:03 12190610                   /lib/x86_64-linux-gnu/libkeyutils.so.1.4
7f8172ecf000-7f8172ed0000 rw-p 00003000 08:03 12190610                   /lib/x86_64-linux-gnu/libkeyutils.so.1.4
7f8172ed0000-7f8172ed8000 r-xp 00000000 08:03 4200208                    /usr/lib/x86_64-linux-gnu/libkrb5support.so.0.1
7f8172ed8000-7f81730d7000 ---p 00008000 08:03 4200208                    /usr/lib/x86_64-linux-gnu/libkrb5support.so.0.1
7f81730d7000-7f81730d8000 r--p 00007000 08:03 4200208                    /usr/lib/x86_64-linux-gnu/libkrb5support.so.0.1
7f81730d8000-7f81730d9000 rw-p 00008000 08:03 4200208                    /usr/lib/x86_64-linux-gnu/libkrb5support.so.0.1
7f81730d9000-7f81730dc000 r-xp 00000000 08:03 12190576                   /lib/x86_64-linux-gnu/libcom_err.so.2.1
7f81730dc000-7f81732db000 ---p 00003000 08:03 12190576                   /lib/x86_64-linux-gnu/libcom_err.so.2.1
7f81732db000-7f81732dc000 r--p 00002000 08:03 12190576                   /lib/x86_64-linux-gnu/libcom_err.so.2.1
7f81732dc000-7f81732dd000 rw-p 00003000 08:03 12190576                   /lib/x86_64-linux-gnu/libcom_err.so.2.1
7f81732dd000-7f8173303000 r-xp 00000000 08:03 4200198                    /usr/lib/x86_64-linux-gnu/libk5crypto.so.3.1
7f8173303000-7f8173503000 ---p 00026000 08:03 4200198                    /usr/lib/x86_64-linux-gnu/libk5crypto.so.3.1
7f8173503000-7f8173504000 r--p 00026000 08:03 4200198                    /usr/lib/x86_64-linux-gnu/libk5crypto.so.3.1
7f8173504000-7f8173505000 rw-p 00027000 08:03 4200198                    /usr/lib/x86_64-linux-gnu/libk5crypto.so.3.1
7f8173505000-7f8173506000 rw-p 00000000 00:00 0 
7f8173506000-7f81735cf000 r-xp 00000000 08:03 4200206                    /usr/lib/x86_64-linux-gnu/libkrb5.so.3.3
7f81735cf000-7f81737ce000 ---p 000c9000 08:03 4200206                    /usr/lib/x86_64-linux-gnu/libkrb5.so.3.3
7f81737ce000-7f81737d8000 r--p 000c8000 08:03 4200206                    /usr/lib/x86_64-linux-gnu/libkrb5.so.3.3
7f81737d8000-7f81737da000 rw-p 000d2000 08:03 4200206                    /usr/lib/x86_64-linux-gnu/libkrb5.so.3.3
7f81737da000-7f81737df000 r-xp 00000000 08:03 4199743                    /usr/lib/x86_64-linux-gnu/libXdmcp.so.6.0.0
7f81737df000-7f81739de000 ---p 00005000 08:03 4199743                    /usr/lib/x86_64-linux-gnu/libXdmcp.so.6.0.0
7f81739de000-7f81739df000 rw-p 00004000 08:03 4199743                    /usr/lib/x86_64-linux-gnu/libXdmcp.so.6.0.0
7f81739df000-7f81739e1000 r-xp 00000000 08:03 4199732                    /usr/lib/x86_64-linux-gnu/libXau.so.6.0.0
7f81739e1000-7f8173be1000 ---p 00002000 08:03 4199732                    /usr/lib/x86_64-linux-gnu/libXau.so.6.0.0
7f8173be1000-7f8173be2000 rw-p 00002000 08:03 4199732                    /usr/lib/x86_64-linux-gnu/libXau.so.6.0.0
7f8173be2000-7f8173bf2000 r-xp 00000000 08:03 4199807                    /usr/lib/x86_64-linux-gnu/libavahi-client.so.3.2.9
7f8173bf2000-7f8173df1000 ---p 00010000 08:03 4199807                    /usr/lib/x86_64-linux-gnu/libavahi-client.so.3.2.9
7f8173df1000-7f8173df2000 r--p 0000f000 08:03 4199807                    /usr/lib/x86_64-linux-gnu/libavahi-client.so.3.2.9
7f8173df2000-7f8173df3000 rw-p 00010000 08:03 4199807                    /usr/lib/x86_64-linux-gnu/libavahi-client.so.3.2.9
7f8173df3000-7f8173dff000 r-xp 00000000 08:03 4199809                    /usr/lib/x86_64-linux-gnu/libavahi-common.so.3.5.3
7f8173dff000-7f8173ffe000 ---p 0000c000 08:03 4199809                    /usr/lib/x86_64-linux-gnu/libavahi-common.so.3.5.3
7f8173ffe000-7f8173fff000 r--p 0000b000 08:03 4199809                    /usr/lib/x86_64-linux-gnu/libavahi-common.so.3.5.3
7f8173fff000-7f8174000000 rw-p 0000c000 08:03 4199809                    /usr/lib/x86_64-linux-gnu/libavahi-common.so.3.5.3
7f8174000000-7f8174021000 rw-p 00000000 00:00 0 
7f8174021000-7f8178000000 ---p 00000000 00:00 0 
7f817807b000-7f817807e000 ---p 00000000 00:00 0 
7f817807e000-7f817817c000 rw-p 00000000 00:00 0 
7f817817c000-7f8178235000 r-xp 00000000 08:03 4200060                    /usr/lib/x86_64-linux-gnu/libgnutls.so.26.22.4
7f8178235000-7f8178434000 ---p 000b9000 08:03 4200060                    /usr/lib/x86_64-linux-gnu/libgnutls.so.26.22.4
7f8178434000-7f817843a000 r--p 000b8000 08:03 4200060                    /usr/lib/x86_64-linux-gnu/libgnutls.so.26.22.4
7f817843a000-7f817843c000 rw-p 000be000 08:03 4200060                    /usr/lib/x86_64-linux-gnu/libgnutls.so.26.22.4
7f817843c000-7f8178478000 r-xp 00000000 08:03 4200085                    /usr/lib/x86_64-linux-gnu/libgssapi_krb5.so.2.2
7f8178478000-7f8178678000 ---p 0003c000 08:03 4200085                    /usr/lib/x86_64-linux-gnu/libgssapi_krb5.so.2.2
7f8178678000-7f8178679000 r--p 0003c000 08:03 4200085                    /usr/lib/x86_64-linux-gnu/libgssapi_krb5.so.2.2
7f8178679000-7f817867b000 rw-p 0003d000 08:03 4200085                    /usr/lib/x86_64-linux-gnu/libgssapi_krb5.so.2.2
7f817867b000-7f81786b7000 r-xp 00000000 08:03 12190663                   /lib/x86_64-linux-gnu/libpcre.so.3.13.1
7f81786b7000-7f81788b7000 ---p 0003c000 08:03 12190663                   /lib/x86_64-linux-gnu/libpcre.so.3.13.1
7f81788b7000-7f81788b8000 rw-p 0003c000 08:03 12190663                   /lib/x86_64-linux-gnu/libpcre.so.3.13.1
7f81788b8000-7f81788c4000 r-xp 00000000 08:03 4199961                    /usr/lib/x86_64-linux-gnu/libffi.so.5.0.10
7f81788c4000-7f8178ac4000 ---p 0000c000 08:03 4199961                    /usr/lib/x86_64-linux-gnu/libffi.so.5.0.10
7f8178ac4000-7f8178ac5000 rw-p 0000c000 08:03 4199961                    /usr/lib/x86_64-linux-gnu/libffi.so.5.0.10
7f8178ac5000-7f8178aec000 r-xp 00000000 08:03 12190588                   /lib/x86_64-linux-gnu/libexpat.so.1.6.0
7f8178aec000-7f8178cec000 ---p 00027000 08:03 12190588                   /lib/x86_64-linux-gnu/libexpat.so.1.6.0
7f8178cec000-7f8178cee000 r--p 00027000 08:03 12190588                   /lib/x86_64-linux-gnu/libexpat.so.1.6.0
7f8178cee000-7f8178cef000 rw-p 00029000 08:03 12190588                   /lib/x86_64-linux-gnu/libexpat.so.1.6.0
7f8178cef000-7f8178cf7000 r-xp 00000000 08:03 4200521                    /usr/lib/x86_64-linux-gnu/libxcb-render.so.0.0.0
7f8178cf7000-7f8178ef7000 ---p 00008000 08:03 4200521                    /usr/lib/x86_64-linux-gnu/libxcb-render.so.0.0.0
7f8178ef7000-7f8178ef8000 r--p 00008000 08:03 4200521                    /usr/lib/x86_64-linux-gnu/libxcb-render.so.0.0.0
7f8178ef8000-7f8178ef9000 rw-p 00009000 08:03 4200521                    /usr/lib/x86_64-linux-gnu/libxcb-render.so.0.0.0
7f8178ef9000-7f8178efb000 r-xp 00000000 08:03 4200525                    /usr/lib/x86_64-linux-gnu/libxcb-shm.so.0.0.0
7f8178efb000-7f81790fa000 ---p 00002000 08:03 4200525                    /usr/lib/x86_64-linux-gnu/libxcb-shm.so.0.0.0
7f81790fa000-7f81790fb000 r--p 00001000 08:03 4200525                    /usr/lib/x86_64-linux-gnu/libxcb-shm.so.0.0.0
7f81790fb000-7f81790fc000 rw-p 00002000 08:03 4200525                    /usr/lib/x86_64-linux-gnu/libxcb-shm.so.0.0.0
7f81790fc000-7f817917c000 r-xp 00000000 08:03 4200335                    /usr/lib/x86_64-linux-gnu/libpixman-1.so.0.26.0
7f817917c000-7f817937c000 ---p 00080000 08:03 4200335                    /usr/lib/x86_64-linux-gnu/libpixman-1.so.0.26.0
7f817937c000-7f8179382000 rw-p 00080000 08:03 4200335                    /usr/lib/x86_64-linux-gnu/libpixman-1.so.0.26.0
7f8179382000-7f81793a8000 r-xp 00000000 08:03 12190665                   /lib/x86_64-linux-gnu/libpng12.so.0.49.0
7f81793a8000-7f81795a7000 ---p 00026000 08:03 12190665                   /lib/x86_64-linux-gnu/libpng12.so.0.49.0
7f81795a7000-7f81795a8000 r--p 00025000 08:03 12190665                   /lib/x86_64-linux-gnu/libpng12.so.0.49.0
7f81795a8000-7f81795a9000 rw-p 00026000 08:03 12190665                   /lib/x86_64-linux-gnu/libpng12.so.0.49.0
7f81795a9000-7f81795bd000 r-xp 00000000 08:03 12192206                   /lib/x86_64-linux-gnu/libresolv-2.19.so
7f81795bd000-7f81797bc000 ---p 00014000 08:03 12192206                   /lib/x86_64-linux-gnu/libresolv-2.19.so
7f81797bc000-7f81797bd000 r--p 00013000 08:03 12192206                   /lib/x86_64-linux-gnu/libresolv-2.19.so
7f81797bd000-7f81797be000 rw-p 00014000 08:03 12192206                   /lib/x86_64-linux-gnu/libresolv-2.19.so
7f81797be000-7f81797c0000 rw-p 00000000 00:00 0 
7f81797c0000-7f81797de000 r-xp 00000000 08:03 12190680                   /lib/x86_64-linux-gnu/libselinux.so.1
7f81797de000-7f81799dd000 ---p 0001e000 08:03 12190680                   /lib/x86_64-linux-gnu/libselinux.so.1
7f81799dd000-7f81799de000 r--p 0001d000 08:03 12190680                   /lib/x86_64-linux-gnu/libselinux.so.1
7f81799de000-7f81799df000 rw-p 0001e000 08:03 12190680                   /lib/x86_64-linux-gnu/libselinux.so.1
7f81799df000-7f81799e0000 rw-p 00000000 00:00 0 
7f81799e0000-7f81799e3000 r-xp 00000000 08:03 4200052                    /usr/lib/x86_64-linux-gnu/libgmodule-2.0.so.0.3200.4
7f81799e3000-7f8179be2000 ---p 00003000 08:03 4200052                    /usr/lib/x86_64-linux-gnu/libgmodule-2.0.so.0.3200.4
7f8179be2000-7f8179be3000 r--p 00002000 08:03 4200052                    /usr/lib/x86_64-linux-gnu/libgmodule-2.0.so.0.3200.4
7f8179be3000-7f8179be4000 rw-p 00003000 08:03 4200052                    /usr/lib/x86_64-linux-gnu/libgmodule-2.0.so.0.3200.4
7f8179be4000-7f8179bee000 r-xp 00000000 08:03 4199739                    /usr/lib/x86_64-linux-gnu/libXcursor.so.1.0.2
7f8179bee000-7f8179ded000 ---p 0000a000 08:03 4199739                    /usr/lib/x86_64-linux-gnu/libXcursor.so.1.0.2
7f8179ded000-7f8179dee000 rw-p 00009000 08:03 4199739                    /usr/lib/x86_64-linux-gnu/libXcursor.so.1.0.2
7f8179dee000-7f8179df5000 r-xp 00000000 08:03 4199761                    /usr/lib/x86_64-linux-gnu/libXrandr.so.2.2.0
7f8179df5000-7f8179ff5000 ---p 00007000 08:03 4199761                    /usr/lib/x86_64-linux-gnu/libXrandr.so.2.2.0
7f8179ff5000-7f8179ff6000 rw-p 00007000 08:03 4199761                    /usr/lib/x86_64-linux-gnu/libXrandr.so.2.2.0
7f8179ff6000-7f8179ff8000 r-xp 00000000 08:03 4199753                    /usr/lib/x86_64-linux-gnu/libXinerama.so.1.0.0
7f8179ff8000-7f817a1f7000 ---p 00002000 08:03 4199753                    /usr/lib/x86_64-linux-gnu/libXinerama.so.1.0.0
7f817a1f7000-7f817a1f8000 rw-p 00001000 08:03 4199753                    /usr/lib/x86_64-linux-gnu/libXinerama.so.1.0.0
7f817a1f8000-7f817a1fd000 r-xp 00000000 08:03 4199747                    /usr/lib/x86_64-linux-gnu/libXfixes.so.3.1.0
7f817a1fd000-7f817a3fc000 ---p 00005000 08:03 4199747                    /usr/lib/x86_64-linux-gnu/libXfixes.so.3.1.0
7f817a3fc000-7f817a3fd000 r--p 00004000 08:03 4199747                    /usr/lib/x86_64-linux-gnu/libXfixes.so.3.1.0
7f817a3fd000-7f817a3fe000 rw-p 00005000 08:03 4199747                    /usr/lib/x86_64-linux-gnu/libXfixes.so.3.1.0
7f817a3fe000-7f817a400000 r-xp 00000000 08:03 4199741                    /usr/lib/x86_64-linux-gnu/libXdamage.so.1.1.0
7f817a400000-7f817a5ff000 ---p 00002000 08:03 4199741                    /usr/lib/x86_64-linux-gnu/libXdamage.so.1.1.0
7f817a5ff000-7f817a600000 rw-p 00001000 08:03 4199741                    /usr/lib/x86_64-linux-gnu/libXdamage.so.1.1.0
7f817a600000-7f817a602000 r-xp 00000000 08:03 4199737                    /usr/lib/x86_64-linux-gnu/libXcomposite.so.1.0.0
7f817a602000-7f817a801000 ---p 00002000 08:03 4199737                    /usr/lib/x86_64-linux-gnu/libXcomposite.so.1.0.0
7f817a801000-7f817a802000 rw-p 00001000 08:03 4199737                    /usr/lib/x86_64-linux-gnu/libXcomposite.so.1.0.0
7f817a802000-7f817a821000 r-xp 00000000 08:03 4200529                    /usr/lib/x86_64-linux-gnu/libxcb.so.1.1.0
7f817a821000-7f817aa20000 ---p 0001f000 08:03 4200529                    /usr/lib/x86_64-linux-gnu/libxcb.so.1.1.0
7f817aa20000-7f817aa21000 r--p 0001e000 08:03 4200529                    /usr/lib/x86_64-linux-gnu/libxcb.so.1.1.0
7f817aa21000-7f817aa22000 rw-p 0001f000 08:03 4200529                    /usr/lib/x86_64-linux-gnu/libxcb.so.1.1.0
7f817aa22000-7f817aa75000 r-xp 00000000 08:03 4199889                    /usr/lib/x86_64-linux-gnu/libcups.so.2
7f817aa75000-7f817ac74000 ---p 00053000 08:03 4199889                    /usr/lib/x86_64-linux-gnu/libcups.so.2
7f817ac74000-7f817ac79000 r--p 00052000 08:03 4199889                    /usr/lib/x86_64-linux-gnu/libcups.so.2
7f817ac79000-7f817ac7a000 rw-p 00057000 08:03 4199889                    /usr/lib/x86_64-linux-gnu/libcups.so.2
7f817ac7a000-7f817ad6f000 r-xp 00000000 08:03 12190597                   /lib/x86_64-linux-gnu/libglib-2.0.so.0.3200.4
7f817ad6f000-7f817af6f000 ---p 000f5000 08:03 12190597                   /lib/x86_64-linux-gnu/libglib-2.0.so.0.3200.4
7f817af6f000-7f817af70000 r--p 000f5000 08:03 12190597                   /lib/x86_64-linux-gnu/libglib-2.0.so.0.3200.4
7f817af70000-7f817af71000 rw-p 000f6000 08:03 12190597                   /lib/x86_64-linux-gnu/libglib-2.0.so.0.3200.4
7f817af71000-7f817af72000 rw-p 00000000 00:00 0 
7f817af72000-7f817af73000 r-xp 00000000 08:03 4200137                    /usr/lib/x86_64-linux-gnu/libgthread-2.0.so.0.3200.4
7f817af73000-7f817b172000 ---p 00001000 08:03 4200137                    /usr/lib/x86_64-linux-gnu/libgthread-2.0.so.0.3200.4
7f817b172000-7f817b173000 r--p 00000000 08:03 4200137                    /usr/lib/x86_64-linux-gnu/libgthread-2.0.so.0.3200.4
7f817b173000-7f817b174000 rw-p 00001000 08:03 4200137                    /usr/lib/x86_64-linux-gnu/libgthread-2.0.so.0.3200.4
7f817b174000-7f817b1c2000 r-xp 00000000 08:03 4200068                    /usr/lib/x86_64-linux-gnu/libgobject-2.0.so.0.3200.4
7f817b1c2000-7f817b3c2000 ---p 0004e000 08:03 4200068                    /usr/lib/x86_64-linux-gnu/libgobject-2.0.so.0.3200.4
7f817b3c2000-7f817b3c3000 r--p 0004e000 08:03 4200068                    /usr/lib/x86_64-linux-gnu/libgobject-2.0.so.0.3200.4
7f817b3c3000-7f817b3c4000 rw-p 0004f000 08:03 4200068                    /usr/lib/x86_64-linux-gnu/libgobject-2.0.so.0.3200.4
7f817b3c4000-7f817b3f9000 r-xp 00000000 08:03 4199999                    /usr/lib/x86_64-linux-gnu/libfontconfig.so.1.5.0
7f817b3f9000-7f817b5f9000 ---p 00035000 08:03 4199999                    /usr/lib/x86_64-linux-gnu/libfontconfig.so.1.5.0
7f817b5f9000-7f817b5fa000 r--p 00035000 08:03 4199999                    /usr/lib/x86_64-linux-gnu/libfontconfig.so.1.5.0
7f817b5fa000-7f817b5fb000 rw-p 00036000 08:03 4199999                    /usr/lib/x86_64-linux-gnu/libfontconfig.so.1.5.0
7f817b5fb000-7f817b694000 r-xp 00000000 08:03 4200007                    /usr/lib/x86_64-linux-gnu/libfreetype.so.6.8.1
7f817b694000-7f817b893000 ---p 00099000 08:03 4200007                    /usr/lib/x86_64-linux-gnu/libfreetype.so.6.8.1
7f817b893000-7f817b899000 r--p 00098000 08:03 4200007                    /usr/lib/x86_64-linux-gnu/libfreetype.so.6.8.1
7f817b899000-7f817b89a000 rw-p 0009e000 08:03 4200007                    /usr/lib/x86_64-linux-gnu/libfreetype.so.6.8.1
7f817b89a000-7f817b8e4000 r-xp 00000000 08:03 4200313                    /usr/lib/x86_64-linux-gnu/libpango-1.0.so.0.3000.0
7f817b8e4000-7f817bae4000 ---p 0004a000 08:03 4200313                    /usr/lib/x86_64-linux-gnu/libpango-1.0.so.0.3000.0
7f817bae4000-7f817bae6000 r--p 0004a000 08:03 4200313                    /usr/lib/x86_64-linux-gnu/libpango-1.0.so.0.3000.0
7f817bae6000-7f817bae7000 rw-p 0004c000 08:03 4200313                    /usr/lib/x86_64-linux-gnu/libpango-1.0.so.0.3000.0
7f817bae7000-7f817bbdb000 r-xp 00000000 08:03 4199843                    /usr/lib/x86_64-linux-gnu/libcairo.so.2.11200.2
7f817bbdb000-7f817bdda000 ---p 000f4000 08:03 4199843                    /usr/lib/x86_64-linux-gnu/libcairo.so.2.11200.2
7f817bdda000-7f817bddd000 r--p 000f3000 08:03 4199843                    /usr/lib/x86_64-linux-gnu/libcairo.so.2.11200.2
7f817bddd000-7f817bdde000 rw-p 000f6000 08:03 4199843                    /usr/lib/x86_64-linux-gnu/libcairo.so.2.11200.2
7f817bdde000-7f817bde0000 rw-p 00000000 00:00 0 
7f817bde0000-7f817bdff000 r-xp 00000000 08:03 4200030                    /usr/lib/x86_64-linux-gnu/libgdk_pixbuf-2.0.so.0.2600.1
7f817bdff000-7f817bffe000 ---p 0001f000 08:03 4200030                    /usr/lib/x86_64-linux-gnu/libgdk_pixbuf-2.0.so.0.2600.1
7f817bffe000-7f817bfff000 r--p 0001e000 08:03 4200030                    /usr/lib/x86_64-linux-gnu/libgdk_pixbuf-2.0.so.0.2600.1
7f817bfff000-7f817c000000 rw-p 0001f000 08:03 4200030                    /usr/lib/x86_64-linux-gnu/libgdk_pixbuf-2.0.so.0.2600.1
7f817c000000-7f817c021000 rw-p 00000000 00:00 0 
7f817c021000-7f8180000000 ---p 00000000 00:00 0 
7f8180010000-7f8180058000 rw-p 00000000 00:00 0 
7f8180058000-7f8180064000 r-xp 00000000 08:03 4200315                    /usr/lib/x86_64-linux-gnu/libpangocairo-1.0.so.0.3000.0
7f8180064000-7f8180263000 ---p 0000c000 08:03 4200315                    /usr/lib/x86_64-linux-gnu/libpangocairo-1.0.so.0.3000.0
7f8180263000-7f8180264000 r--p 0000b000 08:03 4200315                    /usr/lib/x86_64-linux-gnu/libpangocairo-1.0.so.0.3000.0
7f8180264000-7f8180265000 rw-p 0000c000 08:03 4200315                    /usr/lib/x86_64-linux-gnu/libpangocairo-1.0.so.0.3000.0
7f8180265000-7f818028f000 r-xp 00000000 08:03 4200317                    /usr/lib/x86_64-linux-gnu/libpangoft2-1.0.so.0.3000.0
7f818028f000-7f818048e000 ---p 0002a000 08:03 4200317                    /usr/lib/x86_64-linux-gnu/libpangoft2-1.0.so.0.3000.0
7f818048e000-7f818048f000 r--p 00029000 08:03 4200317                    /usr/lib/x86_64-linux-gnu/libpangoft2-1.0.so.0.3000.0
7f818048f000-7f8180490000 rw-p 0002a000 08:03 4200317                    /usr/lib/x86_64-linux-gnu/libpangoft2-1.0.so.0.3000.0
7f8180490000-7f81805dc000 r-xp 00000000 08:03 4200042                    /usr/lib/x86_64-linux-gnu/libgio-2.0.so.0.3200.4
7f81805dc000-7f81807db000 ---p 0014c000 08:03 4200042                    /usr/lib/x86_64-linux-gnu/libgio-2.0.so.0.3200.4
7f81807db000-7f81807df000 r--p 0014b000 08:03 4200042                    /usr/lib/x86_64-linux-gnu/libgio-2.0.so.0.3200.4
7f81807df000-7f81807e1000 rw-p 0014f000 08:03 4200042                    /usr/lib/x86_64-linux-gnu/libgio-2.0.so.0.3200.4
7f81807e1000-7f81807e3000 rw-p 00000000 00:00 0 
7f81807e3000-7f8180804000 r-xp 00000000 08:03 4199799                    /usr/lib/x86_64-linux-gnu/libatk-1.0.so.0.20409.1
7f8180804000-7f8180a03000 ---p 00021000 08:03 4199799                    /usr/lib/x86_64-linux-gnu/libatk-1.0.so.0.20409.1
7f8180a03000-7f8180a05000 r--p 00020000 08:03 4199799                    /usr/lib/x86_64-linux-gnu/libatk-1.0.so.0.20409.1
7f8180a05000-7f8180a06000 rw-p 00022000 08:03 4199799                    /usr/lib/x86_64-linux-gnu/libatk-1.0.so.0.20409.1
7f8180a06000-7f8180ab5000 r-xp 00000000 08:03 4200028                    /usr/lib/x86_64-linux-gnu/libgdk-x11-2.0.so.0.2400.10
7f8180ab5000-7f8180cb4000 ---p 000af000 08:03 4200028                    /usr/lib/x86_64-linux-gnu/libgdk-x11-2.0.so.0.2400.10
7f8180cb4000-7f8180cb9000 rw-p 000ae000 08:03 4200028                    /usr/lib/x86_64-linux-gnu/libgdk-x11-2.0.so.0.2400.10
7f8180cb9000-7f81810eb000 r-xp 00000000 08:03 4200141                    /usr/lib/x86_64-linux-gnu/libgtk-x11-2.0.so.0.2400.10
7f81810eb000-7f81812eb000 ---p 00432000 08:03 4200141                    /usr/lib/x86_64-linux-gnu/libgtk-x11-2.0.so.0.2400.10
7f81812eb000-7f81812f6000 rw-p 00432000 08:03 4200141                    /usr/lib/x86_64-linux-gnu/libgtk-x11-2.0.so.0.2400.10
7f81812f6000-7f81812f8000 rw-p 00000000 00:00 0 
7f81812f8000-7f8181306000 r-xp 00000000 08:03 4199751                    /usr/lib/x86_64-linux-gnu/libXi.so.6.1.0
7f8181306000-7f8181506000 ---p 0000e000 08:03 4199751                    /usr/lib/x86_64-linux-gnu/libXi.so.6.1.0
7f8181506000-7f8181507000 rw-p 0000e000 08:03 4199751                    /usr/lib/x86_64-linux-gnu/libXi.so.6.1.0
7f8181507000-7f818150c000 r-xp 00000000 08:03 4199769                    /usr/lib/x86_64-linux-gnu/libXtst.so.6.1.0
7f818150c000-7f818170b000 ---p 00005000 08:03 4199769                    /usr/lib/x86_64-linux-gnu/libXtst.so.6.1.0
7f818170b000-7f818170c000 rw-p 00004000 08:03 4199769                    /usr/lib/x86_64-linux-gnu/libXtst.so.6.1.0
7f818170c000-7f8181715000 r-xp 00000000 08:03 4199763                    /usr/lib/x86_64-linux-gnu/libXrender.so.1.3.0
7f8181715000-7f8181914000 ---p 00009000 08:03 4199763                    /usr/lib/x86_64-linux-gnu/libXrender.so.1.3.0
7f8181914000-7f8181915000 rw-p 00008000 08:03 4199763                    /usr/lib/x86_64-linux-gnu/libXrender.so.1.3.0
7f8181915000-7f8181a4a000 r-xp 00000000 08:03 4199728                    /usr/lib/x86_64-linux-gnu/libX11.so.6.3.0
7f8181a4a000-7f8181c4a000 ---p 00135000 08:03 4199728                    /usr/lib/x86_64-linux-gnu/libX11.so.6.3.0
7f8181c4a000-7f8181c50000 rw-p 00135000 08:03 4199728                    /usr/lib/x86_64-linux-gnu/libX11.so.6.3.0
7f8181c50000-7f8184000000 rw-p 00000000 00:00 0 
7f8184000000-7f8184021000 rw-p 00000000 00:00 0 
7f8184021000-7f8188000000 ---p 00000000 00:00 0 
7f8188036000-7f8188039000 ---p 00000000 00:00 0 
7f8188039000-7f8188137000 rw-p 00000000 00:00 0 
7f8188137000-7f8188148000 r-xp 00000000 08:03 4199745                    /usr/lib/x86_64-linux-gnu/libXext.so.6.4.0
7f8188148000-7f8188348000 ---p 00011000 08:03 4199745                    /usr/lib/x86_64-linux-gnu/libXext.so.6.4.0
7f8188348000-7f8188349000 rw-p 00011000 08:03 4199745                    /usr/lib/x86_64-linux-gnu/libXext.so.6.4.0
7f8188349000-7f818839c000 r-xp 00000000 08:03 3934319                    /usr/lib/jvm/java-7-openjdk-amd64/jre/lib/amd64/xawt/libmawt.so
7f818839c000-7f818859b000 ---p 00053000 08:03 3934319                    /usr/lib/jvm/java-7-openjdk-amd64/jre/lib/amd64/xawt/libmawt.so
7f818859b000-7f818859c000 r--p 00052000 08:03 3934319                    /usr/lib/jvm/java-7-openjdk-amd64/jre/lib/amd64/xawt/libmawt.so
7f818859c000-7f818859f000 rw-p 00053000 08:03 3934319                    /usr/lib/jvm/java-7-openjdk-amd64/jre/lib/amd64/xawt/libmawt.so
7f818859f000-7f81885a0000 rw-p 00000000 00:00 0 
7f81885a0000-7f8188641000 r-xp 00000000 08:03 3934218                    /usr/lib/jvm/java-7-openjdk-amd64/jre/lib/amd64/libawt.so
7f8188641000-7f8188840000 ---p 000a1000 08:03 3934218                    /usr/lib/jvm/java-7-openjdk-amd64/jre/lib/amd64/libawt.so
7f8188840000-7f8188841000 r--p 000a0000 08:03 3934218                    /usr/lib/jvm/java-7-openjdk-amd64/jre/lib/amd64/libawt.so
7f8188841000-7f818884c000 rw-p 000a1000 08:03 3934218                    /usr/lib/jvm/java-7-openjdk-amd64/jre/lib/amd64/libawt.so
7f818884c000-7f8188871000 rw-p 00000000 00:00 0 
7f8188871000-7f81888ae000 r-xp 00000000 08:03 10486182                   /tmp/libgdxchobe/5502b6ed/libgdx64.so
7f81888ae000-7f8188aad000 ---p 0003d000 08:03 10486182                   /tmp/libgdxchobe/5502b6ed/libgdx64.so
7f8188aad000-7f8188aae000 r--p 0003c000 08:03 10486182                   /tmp/libgdxchobe/5502b6ed/libgdx64.so
7f8188aae000-7f8188aaf000 rw-p 0003d000 08:03 10486182                   /tmp/libgdxchobe/5502b6ed/libgdx64.so
7f8188aaf000-7f8188ab0000 r--s 00002000 08:03 10488693                   /home/chobe/.gradle/caches/modules-2/files-2.1/net.java.jinput/jinput-platform/2.0.5/53f9c919f34d2ca9de8c51fc4e1e8282029a9232/jinput-platform-2.0.5-natives-osx.jar
7f8188ab0000-7f8188ab1000 r--s 00025000 08:03 10488692                   /home/chobe/.gradle/caches/modules-2/files-2.1/net.java.jinput/jinput-platform/2.0.5/385ee093e01f587f30ee1c8a2ee7d408fd732e16/jinput-platform-2.0.5-natives-windows.jar
7f8188ab1000-7f8188ab2000 r--s 00002000 08:03 10488691                   /home/chobe/.gradle/caches/modules-2/files-2.1/net.java.jinput/jinput-platform/2.0.5/7ff832a6eb9ab6a767f1ade2b548092d0fa64795/jinput-platform-2.0.5-natives-linux.jar
7f8188ab2000-7f8188ab3000 r--s 00001000 08:03 10488690                   /home/chobe/.gradle/caches/modules-2/files-2.1/net.java.jutils/jutils/1.0.0/e12fe1fda814bd348c1579329c86943d2cd3c6a6/jutils-1.0.0.jar
7f8188ab3000-7f8188ab7000 r--s 0002f000 08:03 10488689                   /home/chobe/.gradle/caches/modules-2/files-2.1/net.java.jinput/jinput/2.0.5/39c7796b469a600f72380316f6b1f11db6c2c7c4/jinput-2.0.5.jar
7f8188ab7000-7f8188ab8000 r--s 00080000 08:03 10488688                   /home/chobe/.gradle/caches/modules-2/files-2.1/org.lwjgl.lwjgl/lwjgl-platform/2.9.1/2d12c83fdfbc04ecabf02c7bc8cc54d034f0daac/lwjgl-platform-2.9.1-natives-osx.jar
7f8188ab8000-7f8188ab9000 r--s 0008b000 08:03 10488687                   /home/chobe/.gradle/caches/modules-2/files-2.1/org.lwjgl.lwjgl/lwjgl-platform/2.9.1/aa9aae879af8eb378e22cfc64db56ec2ca9a44d1/lwjgl-platform-2.9.1-natives-linux.jar
7f8188ab9000-7f8188aba000 r--s 00095000 08:03 10488686                   /home/chobe/.gradle/caches/modules-2/files-2.1/org.lwjgl.lwjgl/lwjgl-platform/2.9.1/4c517eca808522457dd95ee8fc1fbcdbb602efbe/lwjgl-platform-2.9.1-natives-windows.jar
7f8188aba000-7f8188abc000 r--s 00017000 08:03 10488685                   /home/chobe/.gradle/caches/modules-2/files-2.1/org.jcraft/jorbis/0.0.17/8872d22b293e8f5d7d56ff92be966e6dc28ebdc6/jorbis-0.0.17.jar
7f8188abc000-7f8188abd000 r--s 00015000 08:03 10488684                   /home/chobe/.gradle/caches/modules-2/files-2.1/com.badlogicgames.jlayer/jlayer/1.0.1-gdx/7cca83cec5c1b2f011362f4d85aabd71a73b049d/jlayer-1.0.1-gdx.jar
7f8188abd000-7f8188ac1000 r--s 00027000 08:03 10488683                   /home/chobe/.gradle/caches/modules-2/files-2.1/org.lwjgl.lwjgl/lwjgl_util/2.9.1/290d7ba8a1bd9566f5ddf16ad06f09af5ec9b20e/lwjgl_util-2.9.1.jar
7f8188ac1000-7f8188acf000 r--s 000ea000 08:03 10488682                   /home/chobe/.gradle/caches/modules-2/files-2.1/org.lwjgl.lwjgl/lwjgl/2.9.1/f58c5aabcef0e41718a564be9f8e412fff8db847/lwjgl-2.9.1.jar
7f8188acf000-7f8188ae4000 r--s 00153000 08:03 10488660                   /home/chobe/.gradle/caches/modules-2/files-2.1/com.badlogicgames.gdx/gdx/1.1.0/686f5a609c717eb0769d3b954c501a49bf4fe351/gdx-1.1.0.jar
7f8188ae4000-7f8188ae5000 r--s 000cd000 08:03 10488678                   /home/chobe/.gradle/caches/modules-2/files-2.1/com.badlogicgames.gdx/gdx-platform/1.1.0/1c7ea4239c2d9adda420c15985fe3885c481fdcf/gdx-platform-1.1.0-natives-desktop.jar
7f8188ae5000-7f8188ae8000 r--s 0001f000 08:03 10488677                   /home/chobe/.gradle/caches/modules-2/files-2.1/com.badlogicgames.gdx/gdx-backend-lwjgl/1.1.0/eafa409559820c1696e165e1280435f1332fc32b/gdx-backend-lwjgl-1.1.0.jar
7f8188ae8000-7f8188aea000 r--s 0001f000 08:01 772750                     /media/winDisk/Users/ChobeDucket/Documents/sheep/core/build/libs/core-1.0.jar
7f8188aea000-7f8188aee000 r--s 0003b000 08:03 3934173                    /usr/lib/jvm/java-7-openjdk-amd64/jre/lib/ext/sunpkcs11.jar
7f8188aee000-7f8188aef000 r--s 00002000 08:03 3934178                    /usr/lib/jvm/java-7-openjdk-amd64/jre/lib/ext/dnsns.jar
7f8188aef000-7f8188af2000 r--s 00032000 08:03 3934176                    /usr/lib/jvm/java-7-openjdk-amd64/jre/lib/ext/sunjce_provider.jar
7f8188af2000-7f8188af4000 r--s 0000f000 08:03 3934175                    /usr/lib/jvm/java-7-openjdk-amd64/jre/lib/ext/pulse-java.jar
7f8188af4000-7f8188af6000 r--s 00012000 08:03 3934174                    /usr/lib/jvm/java-7-openjdk-amd64/jre/lib/ext/zipfs.jar
7f8188af6000-7f8188afa000 r--s 00085000 08:03 3934172                    /usr/lib/jvm/java-7-openjdk-amd64/jre/lib/ext/localedata.jar
7f8188afa000-7f8188afb000 r--s 00007000 08:03 5645676                    /usr/share/java/java-atk-wrapper.jar
7f8188afb000-7f8188afc000 ---p 00000000 00:00 0 
7f8188afc000-7f8188bfc000 rw-p 00000000 00:00 0 
7f8188bfc000-7f8188bff000 ---p 00000000 00:00 0 
7f8188bff000-7f8188cfd000 rw-p 00000000 00:00 0 
7f8188cfd000-7f8188d00000 ---p 00000000 00:00 0 
7f8188d00000-7f8188dfe000 rw-p 00000000 00:00 0 
7f8188dfe000-7f8188e01000 ---p 00000000 00:00 0 
7f8188e01000-7f8188eff000 rw-p 00000000 00:00 0 
7f8188eff000-7f8188f02000 ---p 00000000 00:00 0 
7f8188f02000-7f8189000000 rw-p 00000000 00:00 0 
7f8189000000-7f8189270000 rwxp 00000000 00:00 0 
7f8189270000-7f818c372000 rw-p 00000000 00:00 0 
7f818c372000-7f8190000000 ---p 00000000 00:00 0 
7f8190034000-7f819003f000 r--s 00203000 08:03 3934232                    /usr/lib/jvm/java-7-openjdk-amd64/jre/lib/charsets.jar
7f819003f000-7f8190040000 rw-s 00005000 00:05 7289                       /dev/ati/card0
7f8190040000-7f8190050000 rw-s e0200000 00:05 7289                       /dev/ati/card0
7f8190050000-7f8190053000 ---p 00000000 00:00 0 
7f8190053000-7f8190089000 rw-p 00000000 00:00 0 
7f8190089000-7f8190212000 r--p 00000000 08:03 4067802                    /usr/lib/locale/locale-archive
7f8190212000-7f8190215000 ---p 00000000 00:00 0 
7f8190215000-7f8190313000 rw-p 00000000 00:00 0 
7f8190313000-7f8190316000 ---p 00000000 00:00 0 
7f8190316000-7f8190414000 rw-p 00000000 00:00 0 
7f8190414000-7f8190415000 ---p 00000000 00:00 0 
7f8190415000-7f8191512000 rw-p 00000000 00:00 0 
7f8191512000-7f81916c0000 r--s 01cfc000 08:03 3934153                    /usr/lib/jvm/java-7-openjdk-amd64/jre/lib/rt.jar
7f81916c0000-7f81919f4000 rw-p 00000000 00:00 0 
7f81919f4000-7f81919f5000 ---p 00000000 00:00 0 
7f81919f5000-7f8191af5000 rw-p 00000000 00:00 0 
7f8191af5000-7f8191af6000 ---p 00000000 00:00 0 
7f8191af6000-7f8191bf6000 rw-p 00000000 00:00 0 
7f8191bf6000-7f8191bf7000 ---p 00000000 00:00 0 
7f8191bf7000-7f8191cf7000 rw-p 00000000 00:00 0 
7f8191cf7000-7f8191cf8000 ---p 00000000 00:00 0 
7f8191cf8000-7f8191e03000 rw-p 00000000 00:00 0 
7f8191e03000-7f8191e4b000 rw-p 00000000 00:00 0 
7f8191e4b000-7f8191e60000 rw-p 00000000 00:00 0 
7f8191e60000-7f8191f91000 rw-p 00000000 00:00 0 
7f8191f91000-7f8191f9c000 rw-p 00000000 00:00 0 
7f8191f9c000-7f8191fe4000 rw-p 00000000 00:00 0 
7f8191fe4000-7f8191ff9000 rw-p 00000000 00:00 0 
7f8191ff9000-7f8192129000 rw-p 00000000 00:00 0 
7f8192129000-7f8192137000 rw-p 00000000 00:00 0 
7f8192137000-7f8192138000 ---p 00000000 00:00 0 
7f8192138000-7f81921cc000 rw-p 00000000 00:00 0 
7f81921cc000-7f81921cd000 rw-p 00000000 00:00 0 
7f81921cd000-7f81921d5000 r-xp 00000000 08:03 3934210                    /usr/lib/jvm/java-7-openjdk-amd64/jre/lib/amd64/libzip.so
7f81921d5000-7f81923d4000 ---p 00008000 08:03 3934210                    /usr/lib/jvm/java-7-openjdk-amd64/jre/lib/amd64/libzip.so
7f81923d4000-7f81923d5000 r--p 00007000 08:03 3934210                    /usr/lib/jvm/java-7-openjdk-amd64/jre/lib/amd64/libzip.so
7f81923d5000-7f81923d6000 rw-p 00008000 08:03 3934210                    /usr/lib/jvm/java-7-openjdk-amd64/jre/lib/amd64/libzip.so
7f81923d6000-7f81923e1000 r-xp 00000000 08:03 12192223                   /lib/x86_64-linux-gnu/libnss_files-2.19.so
7f81923e1000-7f81925e0000 ---p 0000b000 08:03 12192223                   /lib/x86_64-linux-gnu/libnss_files-2.19.so
7f81925e0000-7f81925e1000 r--p 0000a000 08:03 12192223                   /lib/x86_64-linux-gnu/libnss_files-2.19.so
7f81925e1000-7f81925e2000 rw-p 0000b000 08:03 12192223                   /lib/x86_64-linux-gnu/libnss_files-2.19.so
7f81925e2000-7f81925ec000 r-xp 00000000 08:03 12192211                   /lib/x86_64-linux-gnu/libnss_nis-2.19.so
7f81925ec000-7f81927eb000 ---p 0000a000 08:03 12192211                   /lib/x86_64-linux-gnu/libnss_nis-2.19.so
7f81927eb000-7f81927ec000 r--p 00009000 08:03 12192211                   /lib/x86_64-linux-gnu/libnss_nis-2.19.so
7f81927ec000-7f81927ed000 rw-p 0000a000 08:03 12192211                   /lib/x86_64-linux-gnu/libnss_nis-2.19.so
7f81927ed000-7f8192802000 r-xp 00000000 08:03 12192215                   /lib/x86_64-linux-gnu/libnsl-2.19.so
7f8192802000-7f8192a01000 ---p 00015000 08:03 12192215                   /lib/x86_64-linux-gnu/libnsl-2.19.so
7f8192a01000-7f8192a02000 r--p 00014000 08:03 12192215                   /lib/x86_64-linux-gnu/libnsl-2.19.so
7f8192a02000-7f8192a03000 rw-p 00015000 08:03 12192215                   /lib/x86_64-linux-gnu/libnsl-2.19.so
7f8192a03000-7f8192a05000 rw-p 00000000 00:00 0 
7f8192a05000-7f8192a0c000 r-xp 00000000 08:03 12192212                   /lib/x86_64-linux-gnu/libnss_compat-2.19.so
7f8192a0c000-7f8192c0b000 ---p 00007000 08:03 12192212                   /lib/x86_64-linux-gnu/libnss_compat-2.19.so
7f8192c0b000-7f8192c0c000 r--p 00006000 08:03 12192212                   /lib/x86_64-linux-gnu/libnss_compat-2.19.so
7f8192c0c000-7f8192c0d000 rw-p 00007000 08:03 12192212                   /lib/x86_64-linux-gnu/libnss_compat-2.19.so
7f8192c0d000-7f8192c38000 r-xp 00000000 08:03 3934215                    /usr/lib/jvm/java-7-openjdk-amd64/jre/lib/amd64/libjava.so
7f8192c38000-7f8192e37000 ---p 0002b000 08:03 3934215                    /usr/lib/jvm/java-7-openjdk-amd64/jre/lib/amd64/libjava.so
7f8192e37000-7f8192e38000 r--p 0002a000 08:03 3934215                    /usr/lib/jvm/java-7-openjdk-amd64/jre/lib/amd64/libjava.so
7f8192e38000-7f8192e3a000 rw-p 0002b000 08:03 3934215                    /usr/lib/jvm/java-7-openjdk-amd64/jre/lib/amd64/libjava.so
7f8192e3a000-7f8192e49000 r-xp 00000000 08:03 3934216                    /usr/lib/jvm/java-7-openjdk-amd64/jre/lib/amd64/libverify.so
7f8192e49000-7f8193048000 ---p 0000f000 08:03 3934216                    /usr/lib/jvm/java-7-openjdk-amd64/jre/lib/amd64/libverify.so
7f8193048000-7f819304a000 r--p 0000e000 08:03 3934216                    /usr/lib/jvm/java-7-openjdk-amd64/jre/lib/amd64/libverify.so
7f819304a000-7f819304b000 rw-p 00010000 08:03 3934216                    /usr/lib/jvm/java-7-openjdk-amd64/jre/lib/amd64/libverify.so
7f819304b000-7f8193052000 r-xp 00000000 08:03 12192213                   /lib/x86_64-linux-gnu/librt-2.19.so
7f8193052000-7f8193251000 ---p 00007000 08:03 12192213                   /lib/x86_64-linux-gnu/librt-2.19.so
7f8193251000-7f8193252000 r--p 00006000 08:03 12192213                   /lib/x86_64-linux-gnu/librt-2.19.so
7f8193252000-7f8193253000 rw-p 00007000 08:03 12192213                   /lib/x86_64-linux-gnu/librt-2.19.so
7f8193253000-7f8193268000 r-xp 00000000 08:03 12190593                   /lib/x86_64-linux-gnu/libgcc_s.so.1
7f8193268000-7f8193468000 ---p 00015000 08:03 12190593                   /lib/x86_64-linux-gnu/libgcc_s.so.1
7f8193468000-7f8193469000 rw-p 00015000 08:03 12190593                   /lib/x86_64-linux-gnu/libgcc_s.so.1
7f8193469000-7f8193569000 r-xp 00000000 08:03 12192221                   /lib/x86_64-linux-gnu/libm-2.19.so
7f8193569000-7f8193768000 ---p 00100000 08:03 12192221                   /lib/x86_64-linux-gnu/libm-2.19.so
7f8193768000-7f8193769000 r--p 000ff000 08:03 12192221                   /lib/x86_64-linux-gnu/libm-2.19.so
7f8193769000-7f819376a000 rw-p 00100000 08:03 12192221                   /lib/x86_64-linux-gnu/libm-2.19.so
7f819376a000-7f8193852000 r-xp 00000000 08:03 4200440                    /usr/lib/x86_64-linux-gnu/libstdc++.so.6.0.17
7f8193852000-7f8193a52000 ---p 000e8000 08:03 4200440                    /usr/lib/x86_64-linux-gnu/libstdc++.so.6.0.17
7f8193a52000-7f8193a5a000 r--p 000e8000 08:03 4200440                    /usr/lib/x86_64-linux-gnu/libstdc++.so.6.0.17
7f8193a5a000-7f8193a5c000 rw-p 000f0000 08:03 4200440                    /usr/lib/x86_64-linux-gnu/libstdc++.so.6.0.17
7f8193a5c000-7f8193a71000 rw-p 00000000 00:00 0 
7f8193a71000-7f819453a000 r-xp 00000000 08:03 3934204                    /usr/lib/jvm/java-7-openjdk-amd64/jre/lib/amd64/server/libjvm.so
7f819453a000-7f819473a000 ---p 00ac9000 08:03 3934204                    /usr/lib/jvm/java-7-openjdk-amd64/jre/lib/amd64/server/libjvm.so
7f819473a000-7f81947d2000 r--p 00ac9000 08:03 3934204                    /usr/lib/jvm/java-7-openjdk-amd64/jre/lib/amd64/server/libjvm.so
7f81947d2000-7f81947f5000 rw-p 00b61000 08:03 3934204                    /usr/lib/jvm/java-7-openjdk-amd64/jre/lib/amd64/server/libjvm.so
7f81947f5000-7f8194822000 rw-p 00000000 00:00 0 
7f8194822000-7f8194839000 r-xp 00000000 08:03 12192203                   /lib/x86_64-linux-gnu/libz.so.1.2.8
7f8194839000-7f8194a38000 ---p 00017000 08:03 12192203                   /lib/x86_64-linux-gnu/libz.so.1.2.8
7f8194a38000-7f8194a39000 r--p 00016000 08:03 12192203                   /lib/x86_64-linux-gnu/libz.so.1.2.8
7f8194a39000-7f8194a3a000 rw-p 00017000 08:03 12192203                   /lib/x86_64-linux-gnu/libz.so.1.2.8
7f8194a3a000-7f8194bd9000 r-xp 00000000 08:03 12192214                   /lib/x86_64-linux-gnu/libc-2.19.so
7f8194bd9000-7f8194dd9000 ---p 0019f000 08:03 12192214                   /lib/x86_64-linux-gnu/libc-2.19.so
7f8194dd9000-7f8194ddd000 r--p 0019f000 08:03 12192214                   /lib/x86_64-linux-gnu/libc-2.19.so
7f8194ddd000-7f8194ddf000 rw-p 001a3000 08:03 12192214                   /lib/x86_64-linux-gnu/libc-2.19.so
7f8194ddf000-7f8194de3000 rw-p 00000000 00:00 0 
7f8194de3000-7f8194de6000 r-xp 00000000 08:03 12192219                   /lib/x86_64-linux-gnu/libdl-2.19.so
7f8194de6000-7f8194fe5000 ---p 00003000 08:03 12192219                   /lib/x86_64-linux-gnu/libdl-2.19.so
7f8194fe5000-7f8194fe6000 r--p 00002000 08:03 12192219                   /lib/x86_64-linux-gnu/libdl-2.19.so
7f8194fe6000-7f8194fe7000 rw-p 00003000 08:03 12192219                   /lib/x86_64-linux-gnu/libdl-2.19.so
7f8194fe7000-7f8194ff4000 r-xp 00000000 08:03 3934207                    /usr/lib/jvm/java-7-openjdk-amd64/jre/lib/amd64/jli/libjli.so
7f8194ff4000-7f81951f3000 ---p 0000d000 08:03 3934207                    /usr/lib/jvm/java-7-openjdk-amd64/jre/lib/amd64/jli/libjli.so
7f81951f3000-7f81951f4000 r--p 0000c000 08:03 3934207                    /usr/lib/jvm/java-7-openjdk-amd64/jre/lib/amd64/jli/libjli.so
7f81951f4000-7f81951f5000 rw-p 0000d000 08:03 3934207                    /usr/lib/jvm/java-7-openjdk-amd64/jre/lib/amd64/jli/libjli.so
7f81951f5000-7f819520d000 r-xp 00000000 08:03 12192218                   /lib/x86_64-linux-gnu/libpthread-2.19.so
7f819520d000-7f819540c000 ---p 00018000 08:03 12192218                   /lib/x86_64-linux-gnu/libpthread-2.19.so
7f819540c000-7f819540d000 r--p 00017000 08:03 12192218                   /lib/x86_64-linux-gnu/libpthread-2.19.so
7f819540d000-7f819540e000 rw-p 00018000 08:03 12192218                   /lib/x86_64-linux-gnu/libpthread-2.19.so
7f819540e000-7f8195412000 rw-p 00000000 00:00 0 
7f8195412000-7f8195432000 r-xp 00000000 08:03 12192217                   /lib/x86_64-linux-gnu/ld-2.19.so
7f8195432000-7f8195434000 rw-s 00002000 00:05 7289                       /dev/ati/card0
7f8195434000-7f819543b000 r--s 00000000 08:03 4206154                    /usr/lib/x86_64-linux-gnu/gconv/gconv-modules.cache
7f819543b000-7f8195444000 r--s 000b9000 08:03 3934170                    /usr/lib/jvm/java-7-openjdk-amd64/jre/lib/resources.jar
7f8195444000-7f8195449000 r--s 0004c000 08:03 3934152                    /usr/lib/jvm/java-7-openjdk-amd64/jre/lib/jsse.jar
7f8195449000-7f8195453000 rw-p 00000000 00:00 0 
7f8195453000-7f8195509000 rw-p 00000000 00:00 0 
7f8195509000-7f819550c000 ---p 00000000 00:00 0 
7f819550c000-7f8195626000 rw-p 00000000 00:00 0 
7f8195626000-7f819562e000 rw-s 00000000 08:03 10490934                   /tmp/hsperfdata_chobe/14686 (deleted)
7f819562e000-7f819562f000 rw-p 00000000 00:00 0 
7f819562f000-7f8195630000 ---p 00000000 00:00 0 
7f8195630000-7f8195632000 rw-p 00000000 00:00 0 
7f8195632000-7f8195633000 r--p 00020000 08:03 12192217                   /lib/x86_64-linux-gnu/ld-2.19.so
7f8195633000-7f8195634000 rw-p 00021000 08:03 12192217                   /lib/x86_64-linux-gnu/ld-2.19.so
7f8195634000-7f8195635000 rw-p 00000000 00:00 0 
7fff377c9000-7fff377eb000 rw-p 00000000 00:00 0                          [stack]
7fff377ff000-7fff37800000 r-xp 00000000 00:00 0                          [vdso]
ffffffffff600000-ffffffffff601000 r-xp 00000000 00:00 0                  [vsyscall]

VM Arguments:
jvm_args: -Dfile.encoding=UTF-8 
java_command: com.mygdx.sheep.desktop.DesktopLauncher
Launcher Type: SUN_STANDARD

Environment Variables:
PATH=/usr/local/bin:/usr/bin:/bin:/usr/local/games:/usr/games:/home/chobe/.local/bin:/home/chobe/sdks/adt-bundle-linux-x86_64-20140321/sdk//platform-tools/adb:/home/chobe/sdks/adt-bundle-linux-x86_64-20140321/sdk//platform-tools/
USERNAME=chobe
SHELL=/bin/bash
DISPLAY=:0

Signal Handlers:
SIGSEGV: [libjvm.so+0x8f9750], sa_mask[0]=0x7ffbfeff, sa_flags=0x10000004
SIGBUS: [libjvm.so+0x8f9750], sa_mask[0]=0x7ffbfeff, sa_flags=0x10000004
SIGFPE: [libjvm.so+0x7827c0], sa_mask[0]=0x7ffbfeff, sa_flags=0x10000004
SIGPIPE: [libjvm.so+0x7827c0], sa_mask[0]=0x7ffbfeff, sa_flags=0x10000004
SIGXFSZ: [libjvm.so+0x7827c0], sa_mask[0]=0x7ffbfeff, sa_flags=0x10000004
SIGILL: [libjvm.so+0x7827c0], sa_mask[0]=0x7ffbfeff, sa_flags=0x10000004
SIGUSR1: SIG_DFL, sa_mask[0]=0x00000000, sa_flags=0x00000000
SIGUSR2: [libjvm.so+0x782ab0], sa_mask[0]=0x00000004, sa_flags=0x10000004
SIGHUP: [libjvm.so+0x782c20], sa_mask[0]=0x7ffbfeff, sa_flags=0x10000004
SIGINT: [libjvm.so+0x782c20], sa_mask[0]=0x7ffbfeff, sa_flags=0x10000004
SIGTERM: [libjvm.so+0x782c20], sa_mask[0]=0x7ffbfeff, sa_flags=0x10000004
SIGQUIT: [libjvm.so+0x782c20], sa_mask[0]=0x7ffbfeff, sa_flags=0x10000004


---------------  S Y S T E M  ---------------

OS:7.5

uname:Linux 3.2.0-4-amd64 #1 SMP Debian 3.2.57-3+deb7u1 x86_64
libc:glibc 2.19 NPTL 2.19 
rlimit: STACK 8192k, CORE 0k, NPROC 31105, NOFILE 4096, AS infinity
load average:2.30 2.60 2.45

/proc/meminfo:
MemTotal:        3993672 kB
MemFree:         1185592 kB
Buffers:          222500 kB
Cached:           706776 kB
SwapCached:       164176 kB
Active:          1587604 kB
Inactive:         933972 kB
Active(anon):    1077804 kB
Inactive(anon):   549452 kB
Active(file):     509800 kB
Inactive(file):   384520 kB
Unevictable:           0 kB
Mlocked:               0 kB
SwapTotal:       4120572 kB
SwapFree:        3588032 kB
Dirty:              2244 kB
Writeback:             0 kB
AnonPages:       1570984 kB
Mapped:           187124 kB
Shmem:             34956 kB
Slab:              92420 kB
SReclaimable:      61128 kB
SUnreclaim:        31292 kB
KernelStack:        3616 kB
PageTables:        28164 kB
NFS_Unstable:          0 kB
Bounce:                0 kB
WritebackTmp:          0 kB
CommitLimit:     6117408 kB
Committed_AS:    3877356 kB
VmallocTotal:   34359738367 kB
VmallocUsed:      170472 kB
VmallocChunk:   34359561712 kB
HardwareCorrupted:     0 kB
AnonHugePages:         0 kB
HugePages_Total:       0
HugePages_Free:        0
HugePages_Rsvd:        0
HugePages_Surp:        0
Hugepagesize:       2048 kB
DirectMap4k:     1113088 kB
DirectMap2M:     3014656 kB


CPU:total 4 (4 cores per cpu, 1 threads per core) family 6 model 15 stepping 11, cmov, cx8, fxsr, mmx, sse, sse2, sse3, ssse3, tsc

/proc/cpuinfo:
processor	: 0
vendor_id	: GenuineIntel
cpu family	: 6
model		: 15
model name	: Intel(R) Core(TM)2 Quad CPU    Q6600  @ 2.40GHz
stepping	: 11
cpu MHz		: 2394.000
cache size	: 4096 KB
physical id	: 0
siblings	: 4
core id		: 0
cpu cores	: 4
apicid		: 0
initial apicid	: 0
fpu		: yes
fpu_exception	: yes
cpuid level	: 10
wp		: yes
flags		: fpu vme de pse tsc msr pae mce cx8 apic sep mtrr pge mca cmov pat pse36 clflush dts acpi mmx fxsr sse sse2 ss ht tm pbe syscall nx lm constant_tsc arch_perfmon pebs bts rep_good nopl aperfmperf pni dtes64 monitor ds_cpl vmx est tm2 ssse3 cx16 xtpr pdcm lahf_lm dtherm tpr_shadow vnmi flexpriority
bogomips	: 4795.82
clflush size	: 64
cache_alignment	: 64
address sizes	: 36 bits physical, 48 bits virtual
power management:

processor	: 1
vendor_id	: GenuineIntel
cpu family	: 6
model		: 15
model name	: Intel(R) Core(TM)2 Quad CPU    Q6600  @ 2.40GHz
stepping	: 11
cpu MHz		: 1596.000
cache size	: 4096 KB
physical id	: 0
siblings	: 4
core id		: 2
cpu cores	: 4
apicid		: 2
initial apicid	: 2
fpu		: yes
fpu_exception	: yes
cpuid level	: 10
wp		: yes
flags		: fpu vme de pse tsc msr pae mce cx8 apic sep mtrr pge mca cmov pat pse36 clflush dts acpi mmx fxsr sse sse2 ss ht tm pbe syscall nx lm constant_tsc arch_perfmon pebs bts rep_good nopl aperfmperf pni dtes64 monitor ds_cpl vmx est tm2 ssse3 cx16 xtpr pdcm lahf_lm dtherm tpr_shadow vnmi flexpriority
bogomips	: 4795.58
clflush size	: 64
cache_alignment	: 64
address sizes	: 36 bits physical, 48 bits virtual
power management:

processor	: 2
vendor_id	: GenuineIntel
cpu family	: 6
model		: 15
model name	: Intel(R) Core(TM)2 Quad CPU    Q6600  @ 2.40GHz
stepping	: 11
cpu MHz		: 1596.000
cache size	: 4096 KB
physical id	: 0
siblings	: 4
core id		: 1
cpu cores	: 4
apicid		: 1
initial apicid	: 1
fpu		: yes
fpu_exception	: yes
cpuid level	: 10
wp		: yes
flags		: fpu vme de pse tsc msr pae mce cx8 apic sep mtrr pge mca cmov pat pse36 clflush dts acpi mmx fxsr sse sse2 ss ht tm pbe syscall nx lm constant_tsc arch_perfmon pebs bts rep_good nopl aperfmperf pni dtes64 monitor ds_cpl vmx est tm2 ssse3 cx16 xtpr pdcm lahf_lm dtherm tpr_shadow vnmi flexpriority
bogomips	: 4795.56
clflush size	: 64
cache_alignment	: 64
address sizes	: 36 bits physical, 48 bits virtual
power management:

processor	: 3
vendor_id	: GenuineIntel
cpu family	: 6
model		: 15
model name	: Intel(R) Core(TM)2 Quad CPU    Q6600  @ 2.40GHz
stepping	: 11
cpu MHz		: 1596.000
cache size	: 4096 KB
physical id	: 0
siblings	: 4
core id		: 3
cpu cores	: 4
apicid		: 3
initial apicid	: 3
fpu		: yes
fpu_exception	: yes
cpuid level	: 10
wp		: yes
flags		: fpu vme de pse tsc msr pae mce cx8 apic sep mtrr pge mca cmov pat pse36 clflush dts acpi mmx fxsr sse sse2 ss ht tm pbe syscall nx lm constant_tsc arch_perfmon pebs bts rep_good nopl aperfmperf pni dtes64 monitor ds_cpl vmx est tm2 ssse3 cx16 xtpr pdcm lahf_lm dtherm tpr_shadow vnmi flexpriority
bogomips	: 4795.57
clflush size	: 64
cache_alignment	: 64
address sizes	: 36 bits physical, 48 bits virtual
power management:



Memory: 4k page, physical 3993672k(1185592k free), swap 4120572k(3588032k free)

vm_info: OpenJDK 64-Bit Server VM (24.51-b03) for linux-amd64 JRE (1.7.0_55-b14), built on May  2 2014 11:33:06 by "buildd" with gcc 4.7.2

time: Mon Jul  7 00:41:58 2014
elapsed time: 728 seconds

