#
# A fatal error has been detected by the Java Runtime Environment:
#
#  SIGSEGV (0xb) at pc=0x00007f61cd73de38, pid=22891, tid=140058416236288
#
# JRE version: OpenJDK Runtime Environment (7.0_55-b14) (build 1.7.0_55-b14)
# Java VM: OpenJDK 64-Bit Server VM (24.51-b03 mixed mode linux-amd64 compressed oops)
# Problematic frame:
# C  [libX11.so.6+0x3ae38]  XQueryExtension+0x28
#
# Failed to write core dump. Core dumps have been disabled. To enable core dumping, try "ulimit -c unlimited" before starting Java again
#
# If you would like to submit a bug report, please include
# instructions on how to reproduce the bug and visit:
#   http://icedtea.classpath.org/bugzilla
#

---------------  T H R E A D  ---------------

Current thread (0x00007f61e0076800):  VMThread [stack: 0x00007f61e415c000,0x00007f61e425d000] [id=22902]

siginfo:si_signo=SIGSEGV: si_errno=0, si_code=1 (SEGV_MAPERR), si_addr=0xffffffff840148f8

Registers:
RAX=0x00007f61c0000b10, RBX=0xffffffff84013f90, RCX=0x00007f61e425b6d8, RDX=0x00007f61e425b6d4
RSP=0x00007f61e425b670, RBP=0x00007f619a76c600, RSI=0x00007f619a633992, RDI=0xffffffff84013f90
R8 =0x00007f61e425b6dc, R9 =0x0000000000000000, R10=0x00007f619a76c3c0, R11=0x00007f61e87ba1c0
R12=0x00007f619a633992, R13=0x00007f61c0000b10, R14=0x00007f61e425bae0, R15=0x00007f6184025820
RIP=0x00007f61cd73de38, EFLAGS=0x0000000000010202, CSGSFS=0x0000000000000033, ERR=0x0000000000000005
  TRAPNO=0x000000000000000e

Top of Stack: (sp=0x00007f61e425b670)
0x00007f61e425b670:   0000000000000000 0000000000000000
0x00007f61e425b680:   000000770000006e 0000000000000000
0x00007f61e425b690:   000100010000007c ffffffff84013f90
0x00007f61e425b6a0:   00007f619a76c600 00007f619a633992
0x00007f61e425b6b0:   00007f61c0000b10 00007f61e425bae0
0x00007f61e425b6c0:   00007f6184025820 00007f61cd731e72
0x00007f61e425b6d0:   00007f6184025820 00007f61e87fe220
0x00007f61e425b6e0:   0000000000000000 00007f619a76c600
0x00007f61e425b6f0:   ffffffff84013f90 00007f61cda4b71d
0x00007f61e425b700:   00007f619a633992 0000001100000000
0x00007f61e425b710:   00007f6100000005 0000000000000000
0x00007f61e425b720:   00007f61e425b790 ffffffff84013f90
0x00007f61e425b730:   00007f61e425b9d8 00007f61e425bae0
0x00007f61e425b740:   00007f619a785e50 00007f619a5dc3d9
0x00007f61e425b750:   00000000ffffffff 00007f618401bea0
0x00007f61e425b760:   00007f61e425b790 00007f619b2ad9e0
0x00007f61e425b770:   00007f61e425b9d8 00007f61e425bae0
0x00007f61e425b780:   0000000000000000 00007f619a5d0ae2
0x00007f61e425b790:   00007f61e425bb50 00007f619a633911
0x00007f61e425b7a0:   00007f61e425bb50 00007f61e9169058
0x00007f61e425b7b0:   00007f61e937c1a8 00007f61e937c740
0x00007f61e425b7c0:   00007f61e9356000 00007f61e00094f0
0x00007f61e425b7d0:   00007f61e000a020 00007f61e000a530
0x00007f61e425b7e0:   00007f61e0017440 00007f61e01ab580
0x00007f61e425b7f0:   00007f61e02ba770 00007f61e02b6630
0x00007f61e425b800:   00007f61e01ec150 00007f61e01fa070
0x00007f61e425b810:   00007f61e0201490 00007f61e0200f60
0x00007f61e425b820:   00007f61e0200a30 00007f61e0204d80
0x00007f61e425b830:   00007f61e0204860 00007f61e0205b30
0x00007f61e425b840:   00007f61e0204350 00007f61e0200500
0x00007f61e425b850:   00007f61e0202920 00007f61e0203360
0x00007f61e425b860:   00007f61e0202e40 00007f61e0203880 

Instructions: (pc=0x00007f61cd73de38)
0x00007f61cd73de18:   24 e0 48 89 fb 4c 89 6c 24 e8 4c 89 74 24 f0 49
0x00007f61cd73de28:   89 f4 4c 89 7c 24 f8 48 89 6c 24 d8 48 83 ec 58
0x00007f61cd73de38:   48 8b 87 68 09 00 00 49 89 d7 49 89 ce 4d 89 c5
0x00007f61cd73de48:   48 85 c0 74 02 ff 10 ba 08 00 00 00 be 62 00 00 

Register to memory mapping:

RAX=0x00007f61c0000b10 is an unknown value
RBX=0xffffffff84013f90 is an unknown value
RCX=0x00007f61e425b6d8 is an unknown value
RDX=0x00007f61e425b6d4 is an unknown value
RSP=0x00007f61e425b670 is an unknown value
RBP=0x00007f619a76c600: <offset 0x1cf600> in /usr/lib/x86_64-linux-gnu/libGL.so.1 at 0x00007f619a59d000
RSI=0x00007f619a633992: <offset 0x96992> in /usr/lib/x86_64-linux-gnu/libGL.so.1 at 0x00007f619a59d000
RDI=0xffffffff84013f90 is an unknown value
R8 =0x00007f61e425b6dc is an unknown value
R9 =0x0000000000000000 is an unknown value
R10=0x00007f619a76c3c0: <offset 0x1cf3c0> in /usr/lib/x86_64-linux-gnu/libGL.so.1 at 0x00007f619a59d000
R11=0x00007f61e87ba1c0: __cxa_finalize+0 in /lib/x86_64-linux-gnu/libc.so.6 at 0x00007f61e8782000
R12=0x00007f619a633992: <offset 0x96992> in /usr/lib/x86_64-linux-gnu/libGL.so.1 at 0x00007f619a59d000
R13=0x00007f61c0000b10 is an unknown value
R14=0x00007f61e425bae0 is an unknown value
R15=0x00007f6184025820 is an unknown value


Stack: [0x00007f61e415c000,0x00007f61e425d000],  sp=0x00007f61e425b670,  free space=1021k
Native frames: (J=compiled Java code, j=interpreted, Vv=VM code, C=native code)
C  [libX11.so.6+0x3ae38]  XQueryExtension+0x28

VM_Operation (0x00007f619a8a56c0): Exit, mode: safepoint, requested by thread 0x00007f61e0358000


---------------  P R O C E S S  ---------------

Java Threads: ( => current thread )
  0x00007f6164042800 JavaThread "Keep-Alive-Timer" daemon [_thread_blocked, id=22924, stack(0x00007f618d518000,0x00007f618d619000)]
  0x00007f616232e000 JavaThread "pool-1-thread-2" [_thread_blocked, id=22923, stack(0x00007f618dc19000,0x00007f618dd1a000)]
  0x00007f616bee7800 JavaThread "pool-1-thread-1" [_thread_blocked, id=22922, stack(0x00007f618e33a000,0x00007f618e43b000)]
  0x00007f6185467000 JavaThread "AsynchExecutor-Thread" daemon [_thread_blocked, id=22921, stack(0x00007f618e73b000,0x00007f618e83c000)]
  0x00007f618400b000 JavaThread "process reaper" daemon [_thread_blocked, id=22917, stack(0x00007f61e4022000,0x00007f61e405b000)]
  0x00007f61e000b000 JavaThread "DestroyJavaVM" [_thread_blocked, id=22897, stack(0x00007f61e9251000,0x00007f61e9352000)]
  0x00007f61e0358000 JavaThread "LWJGL Application" [_thread_blocked, id=22915, stack(0x00007f619a7a6000,0x00007f619a8a7000)]
  0x00007f61e02b5000 JavaThread "AWT-XAWT" daemon [_thread_blocked, id=22911, stack(0x00007f61a1f4f000,0x00007f61a2050000)]
  0x00007f61e0295000 JavaThread "Java2D Disposer" daemon [_thread_blocked, id=22910, stack(0x00007f61a2050000,0x00007f61a2151000)]
  0x00007f61e00a7000 JavaThread "Service Thread" daemon [_thread_blocked, id=22908, stack(0x00007f61dc972000,0x00007f61dca73000)]
  0x00007f61e00a5000 JavaThread "C2 CompilerThread1" daemon [_thread_blocked, id=22907, stack(0x00007f61dca73000,0x00007f61dcb74000)]
  0x00007f61e00a2000 JavaThread "C2 CompilerThread0" daemon [_thread_blocked, id=22906, stack(0x00007f61dcb74000,0x00007f61dcc75000)]
  0x00007f61e009f800 JavaThread "Signal Dispatcher" daemon [_thread_blocked, id=22905, stack(0x00007f61dcc75000,0x00007f61dcd76000)]
  0x00007f61e007c800 JavaThread "Finalizer" daemon [_thread_blocked, id=22904, stack(0x00007f61dceff000,0x00007f61dd000000)]
  0x00007f61e007a800 JavaThread "Reference Handler" daemon [_thread_blocked, id=22903, stack(0x00007f61e405b000,0x00007f61e415c000)]

Other Threads:
=>0x00007f61e0076800 VMThread [stack: 0x00007f61e415c000,0x00007f61e425d000] [id=22902]

VM state:at safepoint (shutting down)

VM Mutex/Monitor currently owned by a thread:  ([mutex/lock_event])
[0x00007f61e00077a0] Threads_lock - owner thread: 0x00007f61e0076800

Heap
 PSYoungGen      total 18432K, used 3108K [0x00000000eba80000, 0x00000000ecf00000, 0x0000000100000000)
  eden space 15872K, 3% used [0x00000000eba80000,0x00000000ebb0d8a0,0x00000000eca00000)
  from space 2560K, 99% used [0x00000000ecc80000,0x00000000ecefba50,0x00000000ecf00000)
  to   space 2560K, 0% used [0x00000000eca00000,0x00000000eca00000,0x00000000ecc80000)
 ParOldGen       total 41472K, used 5851K [0x00000000c3000000, 0x00000000c5880000, 0x00000000eba80000)
  object space 41472K, 14% used [0x00000000c3000000,0x00000000c35b6d38,0x00000000c5880000)
 PSPermGen       total 21504K, used 13076K [0x00000000b8a00000, 0x00000000b9f00000, 0x00000000c3000000)
  object space 21504K, 60% used [0x00000000b8a00000,0x00000000b96c53b0,0x00000000b9f00000)

Card table byte_map: [0x00007f61e5cd9000,0x00007f61e5f15000] byte_map_base: 0x00007f61e5714000

Polling page: 0x00007f61e9377000

Code Cache  [0x00007f61dd000000, 0x00007f61dd270000, 0x00007f61e0000000)
 total_blobs=686 nmethods=138 adapters=502 free_code_cache=48299Kb largest_free_block=49432832

Compilation events (10 events):
Event: 10.390 Thread 0x00007f61e00a5000  134             java.nio.DirectByteBuffer::put (18 bytes)
Event: 10.391 Thread 0x00007f61e00a5000 nmethod 134 0x00007f61dd0c6510 code [0x00007f61dd0c6640, 0x00007f61dd0c66d8]
Event: 10.508 Thread 0x00007f61e00a2000  135             org.lwjgl.BufferChecks::checkDirect (24 bytes)
Event: 10.508 Thread 0x00007f61e00a5000  136             java.nio.DirectFloatBufferU::isDirect (2 bytes)
Event: 10.509 Thread 0x00007f61e00a5000 nmethod 136 0x00007f61dd0c6250 code [0x00007f61dd0c6380, 0x00007f61dd0c63d8]
Event: 10.509 Thread 0x00007f61e00a5000  137             org.lwjgl.MemoryUtil::getAddress (9 bytes)
Event: 10.509 Thread 0x00007f61e00a2000 nmethod 135 0x00007f61dd0c1690 code [0x00007f61dd0c17c0, 0x00007f61dd0c1818]
Event: 10.509 Thread 0x00007f61e00a2000  138             org.lwjgl.MemoryUtil::getAddress (10 bytes)
Event: 10.510 Thread 0x00007f61e00a5000 nmethod 137 0x00007f61dd0bfc10 code [0x00007f61dd0bfd60, 0x00007f61dd0bfdf8]
Event: 10.510 Thread 0x00007f61e00a2000 nmethod 138 0x00007f61dd0bf990 code [0x00007f61dd0bfac0, 0x00007f61dd0bfb38]

GC Heap History (4 events):
Event: 1.749 GC heap before
{Heap before GC invocations=1 (full 0):
 PSYoungGen      total 18432K, used 15872K [0x00000000eba80000, 0x00000000ecf00000, 0x0000000100000000)
  eden space 15872K, 100% used [0x00000000eba80000,0x00000000eca00000,0x00000000eca00000)
  from space 2560K, 0% used [0x00000000ecc80000,0x00000000ecc80000,0x00000000ecf00000)
  to   space 2560K, 0% used [0x00000000eca00000,0x00000000eca00000,0x00000000ecc80000)
 ParOldGen       total 41472K, used 0K [0x00000000c3000000, 0x00000000c5880000, 0x00000000eba80000)
  object space 41472K, 0% used [0x00000000c3000000,0x00000000c3000000,0x00000000c5880000)
 PSPermGen       total 21504K, used 9248K [0x00000000b8a00000, 0x00000000b9f00000, 0x00000000c3000000)
  object space 21504K, 43% used [0x00000000b8a00000,0x00000000b93082f0,0x00000000b9f00000)
Event: 1.761 GC heap after
Heap after GC invocations=1 (full 0):
 PSYoungGen      total 18432K, used 2558K [0x00000000eba80000, 0x00000000ecf00000, 0x0000000100000000)
  eden space 15872K, 0% used [0x00000000eba80000,0x00000000eba80000,0x00000000eca00000)
  from space 2560K, 99% used [0x00000000eca00000,0x00000000ecc7fa20,0x00000000ecc80000)
  to   space 2560K, 0% used [0x00000000ecc80000,0x00000000ecc80000,0x00000000ecf00000)
 ParOldGen       total 41472K, used 2402K [0x00000000c3000000, 0x00000000c5880000, 0x00000000eba80000)
  object space 41472K, 5% used [0x00000000c3000000,0x00000000c3258ae8,0x00000000c5880000)
 PSPermGen       total 21504K, used 9248K [0x00000000b8a00000, 0x00000000b9f00000, 0x00000000c3000000)
  object space 21504K, 43% used [0x00000000b8a00000,0x00000000b93082f0,0x00000000b9f00000)
}
Event: 9.560 GC heap before
{Heap before GC invocations=2 (full 0):
 PSYoungGen      total 18432K, used 18430K [0x00000000eba80000, 0x00000000ecf00000, 0x0000000100000000)
  eden space 15872K, 100% used [0x00000000eba80000,0x00000000eca00000,0x00000000eca00000)
  from space 2560K, 99% used [0x00000000eca00000,0x00000000ecc7fa20,0x00000000ecc80000)
  to   space 2560K, 0% used [0x00000000ecc80000,0x00000000ecc80000,0x00000000ecf00000)
 ParOldGen       total 41472K, used 2402K [0x00000000c3000000, 0x00000000c5880000, 0x00000000eba80000)
  object space 41472K, 5% used [0x00000000c3000000,0x00000000c3258ae8,0x00000000c5880000)
 PSPermGen       total 21504K, used 13039K [0x00000000b8a00000, 0x00000000b9f00000, 0x00000000c3000000)
  object space 21504K, 60% used [0x00000000b8a00000,0x00000000b96bbd18,0x00000000b9f00000)
Event: 9.573 GC heap after
Heap after GC invocations=2 (full 0):
 PSYoungGen      total 18432K, used 2542K [0x00000000eba80000, 0x00000000ecf00000, 0x0000000100000000)
  eden space 15872K, 0% used [0x00000000eba80000,0x00000000eba80000,0x00000000eca00000)
  from space 2560K, 99% used [0x00000000ecc80000,0x00000000ecefba50,0x00000000ecf00000)
  to   space 2560K, 0% used [0x00000000eca00000,0x00000000eca00000,0x00000000ecc80000)
 ParOldGen       total 41472K, used 5851K [0x00000000c3000000, 0x00000000c5880000, 0x00000000eba80000)
  object space 41472K, 14% used [0x00000000c3000000,0x00000000c35b6d38,0x00000000c5880000)
 PSPermGen       total 21504K, used 13039K [0x00000000b8a00000, 0x00000000b9f00000, 0x00000000c3000000)
  object space 21504K, 60% used [0x00000000b8a00000,0x00000000b96bbd18,0x00000000b9f00000)
}

Deoptimization events (5 events):
Event: 0.264 Thread 0x00007f61e000b000 Uncommon trap: reason=class_check action=maybe_recompile pc=0x00007f61dd065280 method=java.util.Properties$LineReader.readLine()I @ 62
Event: 5.411 Thread 0x00007f616bee7800 Uncommon trap: reason=unreached action=reinterpret pc=0x00007f61dd0a9574 method=java.lang.Integer.parseInt(Ljava/lang/String;I)I @ 1
Event: 6.875 Thread 0x00007f616232e000 Uncommon trap: reason=class_check action=maybe_recompile pc=0x00007f61dd065280 method=java.util.Properties$LineReader.readLine()I @ 62
Event: 6.875 Thread 0x00007f616232e000 Uncommon trap: reason=class_check action=maybe_recompile pc=0x00007f61dd065280 method=java.util.Properties$LineReader.readLine()I @ 62
Event: 6.878 Thread 0x00007f616232e000 Uncommon trap: reason=class_check action=maybe_recompile pc=0x00007f61dd065280 method=java.util.Properties$LineReader.readLine()I @ 62

Internal exceptions (10 events):
Event: 6.859 Thread 0x00007f61e0358000 Threw 0x00000000ec5af310 at /build/openjdk-7-kBcQ8a/openjdk-7-7u55-2.4.7/build/openjdk/hotspot/src/share/vm/prims/jvm.cpp:1244
Event: 6.874 Thread 0x00007f616232e000 Threw 0x00000000ec69b5f0 at /build/openjdk-7-kBcQ8a/openjdk-7-7u55-2.4.7/build/openjdk/hotspot/src/share/vm/prims/jvm.cpp:1244
Event: 6.874 Thread 0x00007f616232e000 Threw 0x00000000ec69e5a0 at /build/openjdk-7-kBcQ8a/openjdk-7-7u55-2.4.7/build/openjdk/hotspot/src/share/vm/prims/jvm.cpp:1244
Event: 6.875 Thread 0x00007f616232e000 Threw 0x00000000ec6a4e08 at /build/openjdk-7-kBcQ8a/openjdk-7-7u55-2.4.7/build/openjdk/hotspot/src/share/vm/prims/jvm.cpp:1244
Event: 6.876 Thread 0x00007f616232e000 Threw 0x00000000ec6a7e10 at /build/openjdk-7-kBcQ8a/openjdk-7-7u55-2.4.7/build/openjdk/hotspot/src/share/vm/prims/jvm.cpp:1244
Event: 6.876 Thread 0x00007f616232e000 Threw 0x00000000ec6ad360 at /build/openjdk-7-kBcQ8a/openjdk-7-7u55-2.4.7/build/openjdk/hotspot/src/share/vm/prims/jvm.cpp:1244
Event: 6.876 Thread 0x00007f616232e000 Threw 0x00000000ec6b0428 at /build/openjdk-7-kBcQ8a/openjdk-7-7u55-2.4.7/build/openjdk/hotspot/src/share/vm/prims/jvm.cpp:1244
Event: 10.574 Thread 0x00007f61e0358000 Threw 0x00000000ebac2f68 at /build/openjdk-7-kBcQ8a/openjdk-7-7u55-2.4.7/build/openjdk/hotspot/src/share/vm/prims/jvm.cpp:1244
Event: 10.583 Thread 0x00007f61e0358000 Threw 0x00000000ebac7430 at /build/openjdk-7-kBcQ8a/openjdk-7-7u55-2.4.7/build/openjdk/hotspot/src/share/vm/prims/jvm.cpp:1244
Event: 10.589 Thread 0x00007f61e0358000 Threw 0x00000000ebacc7d0 at /build/openjdk-7-kBcQ8a/openjdk-7-7u55-2.4.7/build/openjdk/hotspot/src/share/vm/prims/jvm.cpp:1244

Events (10 events):
Event: 10.747 loading class 0x00007f61b01e3400 done
Event: 10.748 Thread 0x00007f618526d000 Thread added: 0x00007f618526d000
Event: 10.748 loading class 0x00007f61e0230840
Event: 10.748 loading class 0x00007f61b008ed20
Event: 10.748 loading class 0x00007f61b008ed20 done
Event: 10.748 loading class 0x00007f61b008ed50
Event: 10.748 loading class 0x00007f61b008ed50 done
Event: 10.748 loading class 0x00007f61e0230840 done
Event: 10.750 Thread 0x00007f618526d000 Thread exited: 0x00007f618526d000
Event: 10.751 Executing VM operation: Exit


Dynamic libraries:
00400000-00401000 r-xp 00000000 08:03 3934148                            /usr/lib/jvm/java-7-openjdk-amd64/jre/bin/java
00600000-00601000 r--p 00000000 08:03 3934148                            /usr/lib/jvm/java-7-openjdk-amd64/jre/bin/java
00601000-00602000 rw-p 00001000 08:03 3934148                            /usr/lib/jvm/java-7-openjdk-amd64/jre/bin/java
00e92000-010b7000 rw-p 00000000 00:00 0                                  [heap]
b8a00000-b9f00000 rw-p 00000000 00:00 0 
b9f00000-c3000000 rw-p 00000000 00:00 0 
c3000000-c5880000 rw-p 00000000 00:00 0 
c5880000-eba80000 rw-p 00000000 00:00 0 
eba80000-ecf00000 rw-p 00000000 00:00 0 
ecf00000-100000000 rw-p 00000000 00:00 0 
7f6158000000-7f6158040000 rw-p 00000000 00:00 0 
7f6158040000-7f615c000000 ---p 00000000 00:00 0 
7f615c000000-7f615c021000 rw-p 00000000 00:00 0 
7f615c021000-7f6160000000 ---p 00000000 00:00 0 
7f6160000000-7f61636e5000 rw-p 00000000 00:00 0 
7f61636e5000-7f6164000000 ---p 00000000 00:00 0 
7f6164000000-7f6164051000 rw-p 00000000 00:00 0 
7f6164051000-7f6168000000 ---p 00000000 00:00 0 
7f6168000000-7f616bff1000 rw-p 00000000 00:00 0 
7f616bff1000-7f616c000000 ---p 00000000 00:00 0 
7f6170000000-7f61700ae000 rw-p 00000000 00:00 0 
7f61700ae000-7f6174000000 ---p 00000000 00:00 0 
7f6174000000-7f61747d6000 rw-p 00000000 00:00 0 
7f61747d6000-7f6178000000 ---p 00000000 00:00 0 
7f6178000000-7f6178021000 rw-p 00000000 00:00 0 
7f6178021000-7f617c000000 ---p 00000000 00:00 0 
7f617c000000-7f617c0b4000 rw-p 00000000 00:00 0 
7f617c0b4000-7f6180000000 ---p 00000000 00:00 0 
7f6180000000-7f6180021000 rw-p 00000000 00:00 0 
7f6180021000-7f6184000000 ---p 00000000 00:00 0 
7f6184000000-7f6187f21000 rw-p 00000000 00:00 0 
7f6187f21000-7f6188000000 ---p 00000000 00:00 0 
7f6188000000-7f6188021000 rw-p 00000000 00:00 0 
7f6188021000-7f618c000000 ---p 00000000 00:00 0 
7f618d518000-7f618d51b000 ---p 00000000 00:00 0 
7f618d51b000-7f618d619000 rw-p 00000000 00:00 0 
7f618dc19000-7f618dc1c000 ---p 00000000 00:00 0 
7f618dc1c000-7f618dd1a000 rw-p 00000000 00:00 0 
7f618dd1a000-7f618dd1f000 r-xp 00000000 08:03 12192225                   /lib/x86_64-linux-gnu/libnss_dns-2.19.so
7f618dd1f000-7f618df1e000 ---p 00005000 08:03 12192225                   /lib/x86_64-linux-gnu/libnss_dns-2.19.so
7f618df1e000-7f618df1f000 r--p 00004000 08:03 12192225                   /lib/x86_64-linux-gnu/libnss_dns-2.19.so
7f618df1f000-7f618df20000 rw-p 00005000 08:03 12192225                   /lib/x86_64-linux-gnu/libnss_dns-2.19.so
7f618df20000-7f618df22000 r-xp 00000000 08:03 12058696                   /lib/libnss_mdns4_minimal.so.2
7f618df22000-7f618e121000 ---p 00002000 08:03 12058696                   /lib/libnss_mdns4_minimal.so.2
7f618e121000-7f618e122000 rw-p 00001000 08:03 12058696                   /lib/libnss_mdns4_minimal.so.2
7f618e122000-7f618e139000 r-xp 00000000 08:03 3934214                    /usr/lib/jvm/java-7-openjdk-amd64/jre/lib/amd64/libnet.so
7f618e139000-7f618e338000 ---p 00017000 08:03 3934214                    /usr/lib/jvm/java-7-openjdk-amd64/jre/lib/amd64/libnet.so
7f618e338000-7f618e339000 r--p 00016000 08:03 3934214                    /usr/lib/jvm/java-7-openjdk-amd64/jre/lib/amd64/libnet.so
7f618e339000-7f618e33a000 rw-p 00017000 08:03 3934214                    /usr/lib/jvm/java-7-openjdk-amd64/jre/lib/amd64/libnet.so
7f618e33a000-7f618e33d000 ---p 00000000 00:00 0 
7f618e33d000-7f618e43b000 rw-p 00000000 00:00 0 
7f618e73b000-7f618e73e000 ---p 00000000 00:00 0 
7f618e73e000-7f618e83c000 rw-p 00000000 00:00 0 
7f618e83c000-7f618e83d000 ---p 00000000 00:00 0 
7f618e83d000-7f618f03d000 rw-p 00000000 00:00 0 
7f618f03d000-7f618f03e000 ---p 00000000 00:00 0 
7f618f03e000-7f618f83e000 rw-p 00000000 00:00 0 
7f618f8ff000-7f618ffff000 rw-s 00006000 00:05 7289                       /dev/ati/card0
7f6194000000-7f6194021000 rw-p 00000000 00:00 0 
7f6194021000-7f6198000000 ---p 00000000 00:00 0 
7f61980c5000-7f6198102000 r-xp 00000000 08:03 4201336                    /usr/lib/x86_64-linux-gnu/libatiadlxx.so
7f6198102000-7f6198201000 ---p 0003d000 08:03 4201336                    /usr/lib/x86_64-linux-gnu/libatiadlxx.so
7f6198201000-7f619820b000 rw-p 0003c000 08:03 4201336                    /usr/lib/x86_64-linux-gnu/libatiadlxx.so
7f619820b000-7f619821b000 rw-p 00000000 00:00 0 
7f619821b000-7f6198222000 r-xp 00000000 08:03 4201328                    /usr/lib/x86_64-linux-gnu/libatiuki.so.1.0
7f6198222000-7f6198322000 ---p 00007000 08:03 4201328                    /usr/lib/x86_64-linux-gnu/libatiuki.so.1.0
7f6198322000-7f6198323000 rw-p 00007000 08:03 4201328                    /usr/lib/x86_64-linux-gnu/libatiuki.so.1.0
7f6198323000-7f6198324000 rw-p 00000000 00:00 0 
7f6198324000-7f619a21c000 r-xp 00000000 08:03 4201338                    /usr/lib/x86_64-linux-gnu/dri/fglrx_dri.so
7f619a21c000-7f619a31b000 ---p 01ef8000 08:03 4201338                    /usr/lib/x86_64-linux-gnu/dri/fglrx_dri.so
7f619a31b000-7f619a479000 rwxp 01ef7000 08:03 4201338                    /usr/lib/x86_64-linux-gnu/dri/fglrx_dri.so
7f619a479000-7f619a59d000 rwxp 00000000 00:00 0 
7f619a59d000-7f619a660000 r-xp 00000000 08:03 4201341                    /usr/lib/x86_64-linux-gnu/fglrx/fglrx-libGL.so.1.2
7f619a660000-7f619a75f000 ---p 000c3000 08:03 4201341                    /usr/lib/x86_64-linux-gnu/fglrx/fglrx-libGL.so.1.2
7f619a75f000-7f619a786000 rwxp 000c2000 08:03 4201341                    /usr/lib/x86_64-linux-gnu/fglrx/fglrx-libGL.so.1.2
7f619a786000-7f619a7a6000 rwxp 00000000 00:00 0 
7f619a7a6000-7f619a7a9000 ---p 00000000 00:00 0 
7f619a7a9000-7f619a8a7000 rw-p 00000000 00:00 0 
7f619a8a7000-7f619a8a8000 ---p 00000000 00:00 0 
7f619a8a8000-7f619b0a8000 rw-p 00000000 00:00 0 
7f619b0a8000-7f619b0ae000 r-xp 00000000 08:03 4200289                    /usr/lib/x86_64-linux-gnu/libogg.so.0.8.0
7f619b0ae000-7f619b2ad000 ---p 00006000 08:03 4200289                    /usr/lib/x86_64-linux-gnu/libogg.so.0.8.0
7f619b2ad000-7f619b2ae000 rw-p 00005000 08:03 4200289                    /usr/lib/x86_64-linux-gnu/libogg.so.0.8.0
7f619b2ae000-7f619b2da000 r-xp 00000000 08:03 4200496                    /usr/lib/x86_64-linux-gnu/libvorbis.so.0.4.5
7f619b2da000-7f619b4d9000 ---p 0002c000 08:03 4200496                    /usr/lib/x86_64-linux-gnu/libvorbis.so.0.4.5
7f619b4d9000-7f619b4da000 r--p 0002b000 08:03 4200496                    /usr/lib/x86_64-linux-gnu/libvorbis.so.0.4.5
7f619b4da000-7f619b4db000 rw-p 0002c000 08:03 4200496                    /usr/lib/x86_64-linux-gnu/libvorbis.so.0.4.5
7f619b4db000-7f619b78e000 r-xp 00000000 08:03 4200498                    /usr/lib/x86_64-linux-gnu/libvorbisenc.so.2.0.8
7f619b78e000-7f619b98d000 ---p 002b3000 08:03 4200498                    /usr/lib/x86_64-linux-gnu/libvorbisenc.so.2.0.8
7f619b98d000-7f619b9a9000 r--p 002b2000 08:03 4200498                    /usr/lib/x86_64-linux-gnu/libvorbisenc.so.2.0.8
7f619b9a9000-7f619b9aa000 rw-p 002ce000 08:03 4200498                    /usr/lib/x86_64-linux-gnu/libvorbisenc.so.2.0.8
7f619b9aa000-7f619b9f5000 r-xp 00000000 08:03 4199700                    /usr/lib/x86_64-linux-gnu/libFLAC.so.8.2.0
7f619b9f5000-7f619bbf4000 ---p 0004b000 08:03 4199700                    /usr/lib/x86_64-linux-gnu/libFLAC.so.8.2.0
7f619bbf4000-7f619bbf5000 r--p 0004a000 08:03 4199700                    /usr/lib/x86_64-linux-gnu/libFLAC.so.8.2.0
7f619bbf5000-7f619bbf6000 rw-p 0004b000 08:03 4199700                    /usr/lib/x86_64-linux-gnu/libFLAC.so.8.2.0
7f619bbf6000-7f619bbfa000 r-xp 00000000 08:03 12190707                   /lib/x86_64-linux-gnu/libuuid.so.1.3.0
7f619bbfa000-7f619bdf9000 ---p 00004000 08:03 12190707                   /lib/x86_64-linux-gnu/libuuid.so.1.3.0
7f619bdf9000-7f619bdfa000 r--p 00003000 08:03 12190707                   /lib/x86_64-linux-gnu/libuuid.so.1.3.0
7f619bdfa000-7f619bdfb000 rw-p 00004000 08:03 12190707                   /lib/x86_64-linux-gnu/libuuid.so.1.3.0
7f619bdfb000-7f619bdff000 r-xp 00000000 08:03 12190559                   /lib/x86_64-linux-gnu/libattr.so.1.1.0
7f619bdff000-7f619bffe000 ---p 00004000 08:03 12190559                   /lib/x86_64-linux-gnu/libattr.so.1.1.0
7f619bffe000-7f619bfff000 r--p 00003000 08:03 12190559                   /lib/x86_64-linux-gnu/libattr.so.1.1.0
7f619bfff000-7f619c000000 rw-p 00004000 08:03 12190559                   /lib/x86_64-linux-gnu/libattr.so.1.1.0
7f619c000000-7f619c021000 rw-p 00000000 00:00 0 
7f619c021000-7f61a0000000 ---p 00000000 00:00 0 
7f61a002a000-7f61a002d000 ---p 00000000 00:00 0 
7f61a002d000-7f61a012b000 rw-p 00000000 00:00 0 
7f61a012b000-7f61a0130000 r-xp 00000000 08:03 4199797                    /usr/lib/x86_64-linux-gnu/libasyncns.so.0.3.1
7f61a0130000-7f61a032f000 ---p 00005000 08:03 4199797                    /usr/lib/x86_64-linux-gnu/libasyncns.so.0.3.1
7f61a032f000-7f61a0330000 rw-p 00004000 08:03 4199797                    /usr/lib/x86_64-linux-gnu/libasyncns.so.0.3.1
7f61a0330000-7f61a0391000 r-xp 00000000 08:03 4200411                    /usr/lib/x86_64-linux-gnu/libsndfile.so.1.0.25
7f61a0391000-7f61a0590000 ---p 00061000 08:03 4200411                    /usr/lib/x86_64-linux-gnu/libsndfile.so.1.0.25
7f61a0590000-7f61a0592000 r--p 00060000 08:03 4200411                    /usr/lib/x86_64-linux-gnu/libsndfile.so.1.0.25
7f61a0592000-7f61a0593000 rw-p 00062000 08:03 4200411                    /usr/lib/x86_64-linux-gnu/libsndfile.so.1.0.25
7f61a0593000-7f61a0597000 rw-p 00000000 00:00 0 
7f61a0597000-7f61a05a0000 r-xp 00000000 08:03 12190709                   /lib/x86_64-linux-gnu/libwrap.so.0.7.6
7f61a05a0000-7f61a079f000 ---p 00009000 08:03 12190709                   /lib/x86_64-linux-gnu/libwrap.so.0.7.6
7f61a079f000-7f61a07a0000 r--p 00008000 08:03 12190709                   /lib/x86_64-linux-gnu/libwrap.so.0.7.6
7f61a07a0000-7f61a07a1000 rw-p 00009000 08:03 12190709                   /lib/x86_64-linux-gnu/libwrap.so.0.7.6
7f61a07a1000-7f61a07a2000 rw-p 00000000 00:00 0 
7f61a07a2000-7f61a07a9000 r-xp 00000000 08:03 4199720                    /usr/lib/x86_64-linux-gnu/libSM.so.6.0.1
7f61a07a9000-7f61a09a8000 ---p 00007000 08:03 4199720                    /usr/lib/x86_64-linux-gnu/libSM.so.6.0.1
7f61a09a8000-7f61a09a9000 rw-p 00006000 08:03 4199720                    /usr/lib/x86_64-linux-gnu/libSM.so.6.0.1
7f61a09a9000-7f61a09c0000 r-xp 00000000 08:03 4199710                    /usr/lib/x86_64-linux-gnu/libICE.so.6.3.0
7f61a09c0000-7f61a0bbf000 ---p 00017000 08:03 4199710                    /usr/lib/x86_64-linux-gnu/libICE.so.6.3.0
7f61a0bbf000-7f61a0bc1000 rw-p 00016000 08:03 4199710                    /usr/lib/x86_64-linux-gnu/libICE.so.6.3.0
7f61a0bc1000-7f61a0bc4000 rw-p 00000000 00:00 0 
7f61a0bc4000-7f61a0bc5000 r-xp 00000000 08:03 4199726                    /usr/lib/x86_64-linux-gnu/libX11-xcb.so.1.0.0
7f61a0bc5000-7f61a0dc4000 ---p 00001000 08:03 4199726                    /usr/lib/x86_64-linux-gnu/libX11-xcb.so.1.0.0
7f61a0dc4000-7f61a0dc5000 rw-p 00000000 08:03 4199726                    /usr/lib/x86_64-linux-gnu/libX11-xcb.so.1.0.0
7f61a0dc5000-7f61a0dc9000 r-xp 00000000 08:03 12190572                   /lib/x86_64-linux-gnu/libcap.so.2.22
7f61a0dc9000-7f61a0fc8000 ---p 00004000 08:03 12190572                   /lib/x86_64-linux-gnu/libcap.so.2.22
7f61a0fc8000-7f61a0fc9000 rw-p 00003000 08:03 12190572                   /lib/x86_64-linux-gnu/libcap.so.2.22
7f61a0fc9000-7f61a102a000 r-xp 00000000 08:03 4325923                    /usr/lib/x86_64-linux-gnu/pulseaudio/libpulsecommon-2.0.so
7f61a102a000-7f61a1229000 ---p 00061000 08:03 4325923                    /usr/lib/x86_64-linux-gnu/pulseaudio/libpulsecommon-2.0.so
7f61a1229000-7f61a122a000 r--p 00060000 08:03 4325923                    /usr/lib/x86_64-linux-gnu/pulseaudio/libpulsecommon-2.0.so
7f61a122a000-7f61a122c000 rw-p 00061000 08:03 4325923                    /usr/lib/x86_64-linux-gnu/pulseaudio/libpulsecommon-2.0.so
7f61a122c000-7f61a1235000 r-xp 00000000 08:03 12190608                   /lib/x86_64-linux-gnu/libjson.so.0.1.0
7f61a1235000-7f61a1434000 ---p 00009000 08:03 12190608                   /lib/x86_64-linux-gnu/libjson.so.0.1.0
7f61a1434000-7f61a1435000 r--p 00008000 08:03 12190608                   /lib/x86_64-linux-gnu/libjson.so.0.1.0
7f61a1435000-7f61a1436000 rw-p 00009000 08:03 12190608                   /lib/x86_64-linux-gnu/libjson.so.0.1.0
7f61a1436000-7f61a147f000 r-xp 00000000 08:03 4200364                    /usr/lib/x86_64-linux-gnu/libpulse.so.0.14.2
7f61a147f000-7f61a167e000 ---p 00049000 08:03 4200364                    /usr/lib/x86_64-linux-gnu/libpulse.so.0.14.2
7f61a167e000-7f61a167f000 r--p 00048000 08:03 4200364                    /usr/lib/x86_64-linux-gnu/libpulse.so.0.14.2
7f61a167f000-7f61a1680000 rw-p 00049000 08:03 4200364                    /usr/lib/x86_64-linux-gnu/libpulse.so.0.14.2
7f61a18d9000-7f61a18dd000 r-xp 00000000 08:03 4199775                    /usr/lib/x86_64-linux-gnu/libXxf86vm.so.1.0.0
7f61a18dd000-7f61a1add000 ---p 00004000 08:03 4199775                    /usr/lib/x86_64-linux-gnu/libXxf86vm.so.1.0.0
7f61a1add000-7f61a1ade000 r--p 00004000 08:03 4199775                    /usr/lib/x86_64-linux-gnu/libXxf86vm.so.1.0.0
7f61a1ade000-7f61a1adf000 rw-p 00005000 08:03 4199775                    /usr/lib/x86_64-linux-gnu/libXxf86vm.so.1.0.0
7f61a1adf000-7f61a1b4b000 r-xp 00000000 08:01 301131                     /media/winDisk/Users/ChobeDucket/Documents/sheep/android/assets/.temp/7b43be9b/liblwjgl64.so
7f61a1b4b000-7f61a1d4a000 ---p 0006c000 08:01 301131                     /media/winDisk/Users/ChobeDucket/Documents/sheep/android/assets/.temp/7b43be9b/liblwjgl64.so
7f61a1d4a000-7f61a1d4c000 r--p 0006b000 08:01 301131                     /media/winDisk/Users/ChobeDucket/Documents/sheep/android/assets/.temp/7b43be9b/liblwjgl64.so
7f61a1d4c000-7f61a1d4d000 rw-p 0006d000 08:01 301131                     /media/winDisk/Users/ChobeDucket/Documents/sheep/android/assets/.temp/7b43be9b/liblwjgl64.so
7f61a1d4d000-7f61a1d4e000 r-xp 00000000 08:03 3934229                    /usr/lib/jvm/java-7-openjdk-amd64/jre/lib/amd64/libjawt.so
7f61a1d4e000-7f61a1f4d000 ---p 00001000 08:03 3934229                    /usr/lib/jvm/java-7-openjdk-amd64/jre/lib/amd64/libjawt.so
7f61a1f4d000-7f61a1f4e000 r--p 00000000 08:03 3934229                    /usr/lib/jvm/java-7-openjdk-amd64/jre/lib/amd64/libjawt.so
7f61a1f4e000-7f61a1f4f000 rw-p 00001000 08:03 3934229                    /usr/lib/jvm/java-7-openjdk-amd64/jre/lib/amd64/libjawt.so
7f61a1f4f000-7f61a1f52000 ---p 00000000 00:00 0 
7f61a1f52000-7f61a2050000 rw-p 00000000 00:00 0 
7f61a2050000-7f61a2053000 ---p 00000000 00:00 0 
7f61a2053000-7f61a2151000 rw-p 00000000 00:00 0 
7f61a2151000-7f61a2154000 r-xp 00000000 08:03 12190599                   /lib/x86_64-linux-gnu/libgpg-error.so.0.8.0
7f61a2154000-7f61a2353000 ---p 00003000 08:03 12190599                   /lib/x86_64-linux-gnu/libgpg-error.so.0.8.0
7f61a2353000-7f61a2354000 rw-p 00002000 08:03 12190599                   /lib/x86_64-linux-gnu/libgpg-error.so.0.8.0
7f61a2354000-7f61a2398000 r-xp 00000000 08:03 12190580                   /lib/x86_64-linux-gnu/libdbus-1.so.3.7.2
7f61a2398000-7f61a2598000 ---p 00044000 08:03 12190580                   /lib/x86_64-linux-gnu/libdbus-1.so.3.7.2
7f61a2598000-7f61a2599000 r--p 00044000 08:03 12190580                   /lib/x86_64-linux-gnu/libdbus-1.so.3.7.2
7f61a2599000-7f61a259a000 rw-p 00045000 08:03 12190580                   /lib/x86_64-linux-gnu/libdbus-1.so.3.7.2
7f61a259a000-7f61a25ab000 r-xp 00000000 08:03 4200305                    /usr/lib/x86_64-linux-gnu/libp11-kit.so.0.0.0
7f61a25ab000-7f61a27aa000 ---p 00011000 08:03 4200305                    /usr/lib/x86_64-linux-gnu/libp11-kit.so.0.0.0
7f61a27aa000-7f61a27ab000 r--p 00010000 08:03 4200305                    /usr/lib/x86_64-linux-gnu/libp11-kit.so.0.0.0
7f61a27ab000-7f61a27ac000 rw-p 00011000 08:03 4200305                    /usr/lib/x86_64-linux-gnu/libp11-kit.so.0.0.0
7f61a27ac000-7f61a2826000 r-xp 00000000 08:03 12190595                   /lib/x86_64-linux-gnu/libgcrypt.so.11.7.0
7f61a2826000-7f61a2a26000 ---p 0007a000 08:03 12190595                   /lib/x86_64-linux-gnu/libgcrypt.so.11.7.0
7f61a2a26000-7f61a2a27000 r--p 0007a000 08:03 12190595                   /lib/x86_64-linux-gnu/libgcrypt.so.11.7.0
7f61a2a27000-7f61a2a2a000 rw-p 0007b000 08:03 12190595                   /lib/x86_64-linux-gnu/libgcrypt.so.11.7.0
7f61a2a2a000-7f61a2a3a000 r-xp 00000000 08:03 4200448                    /usr/lib/x86_64-linux-gnu/libtasn1.so.3.1.16
7f61a2a3a000-7f61a2c39000 ---p 00010000 08:03 4200448                    /usr/lib/x86_64-linux-gnu/libtasn1.so.3.1.16
7f61a2c39000-7f61a2c3a000 r--p 0000f000 08:03 4200448                    /usr/lib/x86_64-linux-gnu/libtasn1.so.3.1.16
7f61a2c3a000-7f61a2c3b000 rw-p 00010000 08:03 4200448                    /usr/lib/x86_64-linux-gnu/libtasn1.so.3.1.16
7f61a2c3b000-7f61a2c3e000 r-xp 00000000 08:03 12190610                   /lib/x86_64-linux-gnu/libkeyutils.so.1.4
7f61a2c3e000-7f61a2e3d000 ---p 00003000 08:03 12190610                   /lib/x86_64-linux-gnu/libkeyutils.so.1.4
7f61a2e3d000-7f61a2e3e000 r--p 00002000 08:03 12190610                   /lib/x86_64-linux-gnu/libkeyutils.so.1.4
7f61a2e3e000-7f61a2e3f000 rw-p 00003000 08:03 12190610                   /lib/x86_64-linux-gnu/libkeyutils.so.1.4
7f61a2e3f000-7f61a2e47000 r-xp 00000000 08:03 4200208                    /usr/lib/x86_64-linux-gnu/libkrb5support.so.0.1
7f61a2e47000-7f61a3046000 ---p 00008000 08:03 4200208                    /usr/lib/x86_64-linux-gnu/libkrb5support.so.0.1
7f61a3046000-7f61a3047000 r--p 00007000 08:03 4200208                    /usr/lib/x86_64-linux-gnu/libkrb5support.so.0.1
7f61a3047000-7f61a3048000 rw-p 00008000 08:03 4200208                    /usr/lib/x86_64-linux-gnu/libkrb5support.so.0.1
7f61a3048000-7f61a304b000 r-xp 00000000 08:03 12190576                   /lib/x86_64-linux-gnu/libcom_err.so.2.1
7f61a304b000-7f61a324a000 ---p 00003000 08:03 12190576                   /lib/x86_64-linux-gnu/libcom_err.so.2.1
7f61a324a000-7f61a324b000 r--p 00002000 08:03 12190576                   /lib/x86_64-linux-gnu/libcom_err.so.2.1
7f61a324b000-7f61a324c000 rw-p 00003000 08:03 12190576                   /lib/x86_64-linux-gnu/libcom_err.so.2.1
7f61a324c000-7f61a3272000 r-xp 00000000 08:03 4200198                    /usr/lib/x86_64-linux-gnu/libk5crypto.so.3.1
7f61a3272000-7f61a3472000 ---p 00026000 08:03 4200198                    /usr/lib/x86_64-linux-gnu/libk5crypto.so.3.1
7f61a3472000-7f61a3473000 r--p 00026000 08:03 4200198                    /usr/lib/x86_64-linux-gnu/libk5crypto.so.3.1
7f61a3473000-7f61a3474000 rw-p 00027000 08:03 4200198                    /usr/lib/x86_64-linux-gnu/libk5crypto.so.3.1
7f61a3474000-7f61a3475000 rw-p 00000000 00:00 0 
7f61a3475000-7f61a353e000 r-xp 00000000 08:03 4200206                    /usr/lib/x86_64-linux-gnu/libkrb5.so.3.3
7f61a353e000-7f61a373d000 ---p 000c9000 08:03 4200206                    /usr/lib/x86_64-linux-gnu/libkrb5.so.3.3
7f61a373d000-7f61a3747000 r--p 000c8000 08:03 4200206                    /usr/lib/x86_64-linux-gnu/libkrb5.so.3.3
7f61a3747000-7f61a3749000 rw-p 000d2000 08:03 4200206                    /usr/lib/x86_64-linux-gnu/libkrb5.so.3.3
7f61a3749000-7f61a374e000 r-xp 00000000 08:03 4199743                    /usr/lib/x86_64-linux-gnu/libXdmcp.so.6.0.0
7f61a374e000-7f61a394d000 ---p 00005000 08:03 4199743                    /usr/lib/x86_64-linux-gnu/libXdmcp.so.6.0.0
7f61a394d000-7f61a394e000 rw-p 00004000 08:03 4199743                    /usr/lib/x86_64-linux-gnu/libXdmcp.so.6.0.0
7f61a394e000-7f61a3950000 r-xp 00000000 08:03 4199732                    /usr/lib/x86_64-linux-gnu/libXau.so.6.0.0
7f61a3950000-7f61a3b50000 ---p 00002000 08:03 4199732                    /usr/lib/x86_64-linux-gnu/libXau.so.6.0.0
7f61a3b50000-7f61a3b51000 rw-p 00002000 08:03 4199732                    /usr/lib/x86_64-linux-gnu/libXau.so.6.0.0
7f61a3b51000-7f61a3b61000 r-xp 00000000 08:03 4199807                    /usr/lib/x86_64-linux-gnu/libavahi-client.so.3.2.9
7f61a3b61000-7f61a3d60000 ---p 00010000 08:03 4199807                    /usr/lib/x86_64-linux-gnu/libavahi-client.so.3.2.9
7f61a3d60000-7f61a3d61000 r--p 0000f000 08:03 4199807                    /usr/lib/x86_64-linux-gnu/libavahi-client.so.3.2.9
7f61a3d61000-7f61a3d62000 rw-p 00010000 08:03 4199807                    /usr/lib/x86_64-linux-gnu/libavahi-client.so.3.2.9
7f61a3d62000-7f61a3d6e000 r-xp 00000000 08:03 4199809                    /usr/lib/x86_64-linux-gnu/libavahi-common.so.3.5.3
7f61a3d6e000-7f61a3f6d000 ---p 0000c000 08:03 4199809                    /usr/lib/x86_64-linux-gnu/libavahi-common.so.3.5.3
7f61a3f6d000-7f61a3f6e000 r--p 0000b000 08:03 4199809                    /usr/lib/x86_64-linux-gnu/libavahi-common.so.3.5.3
7f61a3f6e000-7f61a3f6f000 rw-p 0000c000 08:03 4199809                    /usr/lib/x86_64-linux-gnu/libavahi-common.so.3.5.3
7f61a3f6f000-7f61a4028000 r-xp 00000000 08:03 4200060                    /usr/lib/x86_64-linux-gnu/libgnutls.so.26.22.4
7f61a4028000-7f61a4227000 ---p 000b9000 08:03 4200060                    /usr/lib/x86_64-linux-gnu/libgnutls.so.26.22.4
7f61a4227000-7f61a422d000 r--p 000b8000 08:03 4200060                    /usr/lib/x86_64-linux-gnu/libgnutls.so.26.22.4
7f61a422d000-7f61a422f000 rw-p 000be000 08:03 4200060                    /usr/lib/x86_64-linux-gnu/libgnutls.so.26.22.4
7f61a422f000-7f61a426b000 r-xp 00000000 08:03 4200085                    /usr/lib/x86_64-linux-gnu/libgssapi_krb5.so.2.2
7f61a426b000-7f61a446b000 ---p 0003c000 08:03 4200085                    /usr/lib/x86_64-linux-gnu/libgssapi_krb5.so.2.2
7f61a446b000-7f61a446c000 r--p 0003c000 08:03 4200085                    /usr/lib/x86_64-linux-gnu/libgssapi_krb5.so.2.2
7f61a446c000-7f61a446e000 rw-p 0003d000 08:03 4200085                    /usr/lib/x86_64-linux-gnu/libgssapi_krb5.so.2.2
7f61a446e000-7f61a44aa000 r-xp 00000000 08:03 12190663                   /lib/x86_64-linux-gnu/libpcre.so.3.13.1
7f61a44aa000-7f61a46aa000 ---p 0003c000 08:03 12190663                   /lib/x86_64-linux-gnu/libpcre.so.3.13.1
7f61a46aa000-7f61a46ab000 rw-p 0003c000 08:03 12190663                   /lib/x86_64-linux-gnu/libpcre.so.3.13.1
7f61a46ab000-7f61a46b7000 r-xp 00000000 08:03 4199961                    /usr/lib/x86_64-linux-gnu/libffi.so.5.0.10
7f61a46b7000-7f61a48b7000 ---p 0000c000 08:03 4199961                    /usr/lib/x86_64-linux-gnu/libffi.so.5.0.10
7f61a48b7000-7f61a48b8000 rw-p 0000c000 08:03 4199961                    /usr/lib/x86_64-linux-gnu/libffi.so.5.0.10
7f61a48b8000-7f61a48df000 r-xp 00000000 08:03 12190588                   /lib/x86_64-linux-gnu/libexpat.so.1.6.0
7f61a48df000-7f61a4adf000 ---p 00027000 08:03 12190588                   /lib/x86_64-linux-gnu/libexpat.so.1.6.0
7f61a4adf000-7f61a4ae1000 r--p 00027000 08:03 12190588                   /lib/x86_64-linux-gnu/libexpat.so.1.6.0
7f61a4ae1000-7f61a4ae2000 rw-p 00029000 08:03 12190588                   /lib/x86_64-linux-gnu/libexpat.so.1.6.0
7f61a4ae2000-7f61a4aea000 r-xp 00000000 08:03 4200521                    /usr/lib/x86_64-linux-gnu/libxcb-render.so.0.0.0
7f61a4aea000-7f61a4cea000 ---p 00008000 08:03 4200521                    /usr/lib/x86_64-linux-gnu/libxcb-render.so.0.0.0
7f61a4cea000-7f61a4ceb000 r--p 00008000 08:03 4200521                    /usr/lib/x86_64-linux-gnu/libxcb-render.so.0.0.0
7f61a4ceb000-7f61a4cec000 rw-p 00009000 08:03 4200521                    /usr/lib/x86_64-linux-gnu/libxcb-render.so.0.0.0
7f61a4cec000-7f61a4cee000 r-xp 00000000 08:03 4200525                    /usr/lib/x86_64-linux-gnu/libxcb-shm.so.0.0.0
7f61a4cee000-7f61a4eed000 ---p 00002000 08:03 4200525                    /usr/lib/x86_64-linux-gnu/libxcb-shm.so.0.0.0
7f61a4eed000-7f61a4eee000 r--p 00001000 08:03 4200525                    /usr/lib/x86_64-linux-gnu/libxcb-shm.so.0.0.0
7f61a4eee000-7f61a4eef000 rw-p 00002000 08:03 4200525                    /usr/lib/x86_64-linux-gnu/libxcb-shm.so.0.0.0
7f61a4eef000-7f61a4f6f000 r-xp 00000000 08:03 4200335                    /usr/lib/x86_64-linux-gnu/libpixman-1.so.0.26.0
7f61a4f6f000-7f61a516f000 ---p 00080000 08:03 4200335                    /usr/lib/x86_64-linux-gnu/libpixman-1.so.0.26.0
7f61a516f000-7f61a5175000 rw-p 00080000 08:03 4200335                    /usr/lib/x86_64-linux-gnu/libpixman-1.so.0.26.0
7f61a5175000-7f61a519b000 r-xp 00000000 08:03 12190665                   /lib/x86_64-linux-gnu/libpng12.so.0.49.0
7f61a519b000-7f61a539a000 ---p 00026000 08:03 12190665                   /lib/x86_64-linux-gnu/libpng12.so.0.49.0
7f61a539a000-7f61a539b000 r--p 00025000 08:03 12190665                   /lib/x86_64-linux-gnu/libpng12.so.0.49.0
7f61a539b000-7f61a539c000 rw-p 00026000 08:03 12190665                   /lib/x86_64-linux-gnu/libpng12.so.0.49.0
7f61a539c000-7f61a53b0000 r-xp 00000000 08:03 12192206                   /lib/x86_64-linux-gnu/libresolv-2.19.so
7f61a53b0000-7f61a55af000 ---p 00014000 08:03 12192206                   /lib/x86_64-linux-gnu/libresolv-2.19.so
7f61a55af000-7f61a55b0000 r--p 00013000 08:03 12192206                   /lib/x86_64-linux-gnu/libresolv-2.19.so
7f61a55b0000-7f61a55b1000 rw-p 00014000 08:03 12192206                   /lib/x86_64-linux-gnu/libresolv-2.19.so
7f61a55b1000-7f61a55b3000 rw-p 00000000 00:00 0 
7f61a55b3000-7f61a55d1000 r-xp 00000000 08:03 12190680                   /lib/x86_64-linux-gnu/libselinux.so.1
7f61a55d1000-7f61a57d0000 ---p 0001e000 08:03 12190680                   /lib/x86_64-linux-gnu/libselinux.so.1
7f61a57d0000-7f61a57d1000 r--p 0001d000 08:03 12190680                   /lib/x86_64-linux-gnu/libselinux.so.1
7f61a57d1000-7f61a57d2000 rw-p 0001e000 08:03 12190680                   /lib/x86_64-linux-gnu/libselinux.so.1
7f61a57d2000-7f61a57d3000 rw-p 00000000 00:00 0 
7f61a57d3000-7f61a57d6000 r-xp 00000000 08:03 4200052                    /usr/lib/x86_64-linux-gnu/libgmodule-2.0.so.0.3200.4
7f61a57d6000-7f61a59d5000 ---p 00003000 08:03 4200052                    /usr/lib/x86_64-linux-gnu/libgmodule-2.0.so.0.3200.4
7f61a59d5000-7f61a59d6000 r--p 00002000 08:03 4200052                    /usr/lib/x86_64-linux-gnu/libgmodule-2.0.so.0.3200.4
7f61a59d6000-7f61a59d7000 rw-p 00003000 08:03 4200052                    /usr/lib/x86_64-linux-gnu/libgmodule-2.0.so.0.3200.4
7f61a59d7000-7f61a59e1000 r-xp 00000000 08:03 4199739                    /usr/lib/x86_64-linux-gnu/libXcursor.so.1.0.2
7f61a59e1000-7f61a5be0000 ---p 0000a000 08:03 4199739                    /usr/lib/x86_64-linux-gnu/libXcursor.so.1.0.2
7f61a5be0000-7f61a5be1000 rw-p 00009000 08:03 4199739                    /usr/lib/x86_64-linux-gnu/libXcursor.so.1.0.2
7f61a5be1000-7f61a5be8000 r-xp 00000000 08:03 4199761                    /usr/lib/x86_64-linux-gnu/libXrandr.so.2.2.0
7f61a5be8000-7f61a5de8000 ---p 00007000 08:03 4199761                    /usr/lib/x86_64-linux-gnu/libXrandr.so.2.2.0
7f61a5de8000-7f61a5de9000 rw-p 00007000 08:03 4199761                    /usr/lib/x86_64-linux-gnu/libXrandr.so.2.2.0
7f61a5de9000-7f61a5deb000 r-xp 00000000 08:03 4199753                    /usr/lib/x86_64-linux-gnu/libXinerama.so.1.0.0
7f61a5deb000-7f61a5fea000 ---p 00002000 08:03 4199753                    /usr/lib/x86_64-linux-gnu/libXinerama.so.1.0.0
7f61a5fea000-7f61a5feb000 rw-p 00001000 08:03 4199753                    /usr/lib/x86_64-linux-gnu/libXinerama.so.1.0.0
7f61a5feb000-7f61a5ff0000 r-xp 00000000 08:03 4199747                    /usr/lib/x86_64-linux-gnu/libXfixes.so.3.1.0
7f61a5ff0000-7f61a61ef000 ---p 00005000 08:03 4199747                    /usr/lib/x86_64-linux-gnu/libXfixes.so.3.1.0
7f61a61ef000-7f61a61f0000 r--p 00004000 08:03 4199747                    /usr/lib/x86_64-linux-gnu/libXfixes.so.3.1.0
7f61a61f0000-7f61a61f1000 rw-p 00005000 08:03 4199747                    /usr/lib/x86_64-linux-gnu/libXfixes.so.3.1.0
7f61a61f1000-7f61a61f3000 r-xp 00000000 08:03 4199741                    /usr/lib/x86_64-linux-gnu/libXdamage.so.1.1.0
7f61a61f3000-7f61a63f2000 ---p 00002000 08:03 4199741                    /usr/lib/x86_64-linux-gnu/libXdamage.so.1.1.0
7f61a63f2000-7f61a63f3000 rw-p 00001000 08:03 4199741                    /usr/lib/x86_64-linux-gnu/libXdamage.so.1.1.0
7f61a63f3000-7f61a63f5000 r-xp 00000000 08:03 4199737                    /usr/lib/x86_64-linux-gnu/libXcomposite.so.1.0.0
7f61a63f5000-7f61a65f4000 ---p 00002000 08:03 4199737                    /usr/lib/x86_64-linux-gnu/libXcomposite.so.1.0.0
7f61a65f4000-7f61a65f5000 rw-p 00001000 08:03 4199737                    /usr/lib/x86_64-linux-gnu/libXcomposite.so.1.0.0
7f61a65f5000-7f61a6614000 r-xp 00000000 08:03 4200529                    /usr/lib/x86_64-linux-gnu/libxcb.so.1.1.0
7f61a6614000-7f61a6813000 ---p 0001f000 08:03 4200529                    /usr/lib/x86_64-linux-gnu/libxcb.so.1.1.0
7f61a6813000-7f61a6814000 r--p 0001e000 08:03 4200529                    /usr/lib/x86_64-linux-gnu/libxcb.so.1.1.0
7f61a6814000-7f61a6815000 rw-p 0001f000 08:03 4200529                    /usr/lib/x86_64-linux-gnu/libxcb.so.1.1.0
7f61a6815000-7f61a6868000 r-xp 00000000 08:03 4199889                    /usr/lib/x86_64-linux-gnu/libcups.so.2
7f61a6868000-7f61a6a67000 ---p 00053000 08:03 4199889                    /usr/lib/x86_64-linux-gnu/libcups.so.2
7f61a6a67000-7f61a6a6c000 r--p 00052000 08:03 4199889                    /usr/lib/x86_64-linux-gnu/libcups.so.2
7f61a6a6c000-7f61a6a6d000 rw-p 00057000 08:03 4199889                    /usr/lib/x86_64-linux-gnu/libcups.so.2
7f61a6a6d000-7f61a6b62000 r-xp 00000000 08:03 12190597                   /lib/x86_64-linux-gnu/libglib-2.0.so.0.3200.4
7f61a6b62000-7f61a6d62000 ---p 000f5000 08:03 12190597                   /lib/x86_64-linux-gnu/libglib-2.0.so.0.3200.4
7f61a6d62000-7f61a6d63000 r--p 000f5000 08:03 12190597                   /lib/x86_64-linux-gnu/libglib-2.0.so.0.3200.4
7f61a6d63000-7f61a6d64000 rw-p 000f6000 08:03 12190597                   /lib/x86_64-linux-gnu/libglib-2.0.so.0.3200.4
7f61a6d64000-7f61a6d65000 rw-p 00000000 00:00 0 
7f61a6d65000-7f61a6d66000 r-xp 00000000 08:03 4200137                    /usr/lib/x86_64-linux-gnu/libgthread-2.0.so.0.3200.4
7f61a6d66000-7f61a6f65000 ---p 00001000 08:03 4200137                    /usr/lib/x86_64-linux-gnu/libgthread-2.0.so.0.3200.4
7f61a6f65000-7f61a6f66000 r--p 00000000 08:03 4200137                    /usr/lib/x86_64-linux-gnu/libgthread-2.0.so.0.3200.4
7f61a6f66000-7f61a6f67000 rw-p 00001000 08:03 4200137                    /usr/lib/x86_64-linux-gnu/libgthread-2.0.so.0.3200.4
7f61a6f67000-7f61a6fb5000 r-xp 00000000 08:03 4200068                    /usr/lib/x86_64-linux-gnu/libgobject-2.0.so.0.3200.4
7f61a6fb5000-7f61a71b5000 ---p 0004e000 08:03 4200068                    /usr/lib/x86_64-linux-gnu/libgobject-2.0.so.0.3200.4
7f61a71b5000-7f61a71b6000 r--p 0004e000 08:03 4200068                    /usr/lib/x86_64-linux-gnu/libgobject-2.0.so.0.3200.4
7f61a71b6000-7f61a71b7000 rw-p 0004f000 08:03 4200068                    /usr/lib/x86_64-linux-gnu/libgobject-2.0.so.0.3200.4
7f61a71b7000-7f61a71ec000 r-xp 00000000 08:03 4199999                    /usr/lib/x86_64-linux-gnu/libfontconfig.so.1.5.0
7f61a71ec000-7f61a73ec000 ---p 00035000 08:03 4199999                    /usr/lib/x86_64-linux-gnu/libfontconfig.so.1.5.0
7f61a73ec000-7f61a73ed000 r--p 00035000 08:03 4199999                    /usr/lib/x86_64-linux-gnu/libfontconfig.so.1.5.0
7f61a73ed000-7f61a73ee000 rw-p 00036000 08:03 4199999                    /usr/lib/x86_64-linux-gnu/libfontconfig.so.1.5.0
7f61a73ee000-7f61a7487000 r-xp 00000000 08:03 4200007                    /usr/lib/x86_64-linux-gnu/libfreetype.so.6.8.1
7f61a7487000-7f61a7686000 ---p 00099000 08:03 4200007                    /usr/lib/x86_64-linux-gnu/libfreetype.so.6.8.1
7f61a7686000-7f61a768c000 r--p 00098000 08:03 4200007                    /usr/lib/x86_64-linux-gnu/libfreetype.so.6.8.1
7f61a768c000-7f61a768d000 rw-p 0009e000 08:03 4200007                    /usr/lib/x86_64-linux-gnu/libfreetype.so.6.8.1
7f61a768d000-7f61a76d7000 r-xp 00000000 08:03 4200313                    /usr/lib/x86_64-linux-gnu/libpango-1.0.so.0.3000.0
7f61a76d7000-7f61a78d7000 ---p 0004a000 08:03 4200313                    /usr/lib/x86_64-linux-gnu/libpango-1.0.so.0.3000.0
7f61a78d7000-7f61a78d9000 r--p 0004a000 08:03 4200313                    /usr/lib/x86_64-linux-gnu/libpango-1.0.so.0.3000.0
7f61a78d9000-7f61a78da000 rw-p 0004c000 08:03 4200313                    /usr/lib/x86_64-linux-gnu/libpango-1.0.so.0.3000.0
7f61a78da000-7f61a79ce000 r-xp 00000000 08:03 4199843                    /usr/lib/x86_64-linux-gnu/libcairo.so.2.11200.2
7f61a79ce000-7f61a7bcd000 ---p 000f4000 08:03 4199843                    /usr/lib/x86_64-linux-gnu/libcairo.so.2.11200.2
7f61a7bcd000-7f61a7bd0000 r--p 000f3000 08:03 4199843                    /usr/lib/x86_64-linux-gnu/libcairo.so.2.11200.2
7f61a7bd0000-7f61a7bd1000 rw-p 000f6000 08:03 4199843                    /usr/lib/x86_64-linux-gnu/libcairo.so.2.11200.2
7f61a7bd1000-7f61a7bd3000 rw-p 00000000 00:00 0 
7f61a7bd3000-7f61a7bf2000 r-xp 00000000 08:03 4200030                    /usr/lib/x86_64-linux-gnu/libgdk_pixbuf-2.0.so.0.2600.1
7f61a7bf2000-7f61a7df1000 ---p 0001f000 08:03 4200030                    /usr/lib/x86_64-linux-gnu/libgdk_pixbuf-2.0.so.0.2600.1
7f61a7df1000-7f61a7df2000 r--p 0001e000 08:03 4200030                    /usr/lib/x86_64-linux-gnu/libgdk_pixbuf-2.0.so.0.2600.1
7f61a7df2000-7f61a7df3000 rw-p 0001f000 08:03 4200030                    /usr/lib/x86_64-linux-gnu/libgdk_pixbuf-2.0.so.0.2600.1
7f61a7df3000-7f61a7dff000 r-xp 00000000 08:03 4200315                    /usr/lib/x86_64-linux-gnu/libpangocairo-1.0.so.0.3000.0
7f61a7dff000-7f61a7ffe000 ---p 0000c000 08:03 4200315                    /usr/lib/x86_64-linux-gnu/libpangocairo-1.0.so.0.3000.0
7f61a7ffe000-7f61a7fff000 r--p 0000b000 08:03 4200315                    /usr/lib/x86_64-linux-gnu/libpangocairo-1.0.so.0.3000.0
7f61a7fff000-7f61a8000000 rw-p 0000c000 08:03 4200315                    /usr/lib/x86_64-linux-gnu/libpangocairo-1.0.so.0.3000.0
7f61a8000000-7f61a8021000 rw-p 00000000 00:00 0 
7f61a8021000-7f61ac000000 ---p 00000000 00:00 0 
7f61ac000000-7f61ac021000 rw-p 00000000 00:00 0 
7f61ac021000-7f61b0000000 ---p 00000000 00:00 0 
7f61b0000000-7f61b024c000 rw-p 00000000 00:00 0 
7f61b024c000-7f61b4000000 ---p 00000000 00:00 0 
7f61b4000000-7f61b46fd000 rw-p 00000000 00:00 0 
7f61b46fd000-7f61b8000000 ---p 00000000 00:00 0 
7f61b8000000-7f61b8021000 rw-p 00000000 00:00 0 
7f61b8021000-7f61bc000000 ---p 00000000 00:00 0 
7f61bc000000-7f61bc021000 rw-p 00000000 00:00 0 
7f61bc021000-7f61c0000000 ---p 00000000 00:00 0 
7f61c0000000-7f61c0021000 rw-p 00000000 00:00 0 
7f61c0021000-7f61c4000000 ---p 00000000 00:00 0 
7f61c4000000-7f61c4021000 rw-p 00000000 00:00 0 
7f61c4021000-7f61c8000000 ---p 00000000 00:00 0 
7f61c8000000-7f61c8021000 rw-p 00000000 00:00 0 
7f61c8021000-7f61cc000000 ---p 00000000 00:00 0 
7f61cc00b000-7f61cc053000 rw-p 00000000 00:00 0 
7f61cc053000-7f61cc07d000 r-xp 00000000 08:03 4200317                    /usr/lib/x86_64-linux-gnu/libpangoft2-1.0.so.0.3000.0
7f61cc07d000-7f61cc27c000 ---p 0002a000 08:03 4200317                    /usr/lib/x86_64-linux-gnu/libpangoft2-1.0.so.0.3000.0
7f61cc27c000-7f61cc27d000 r--p 00029000 08:03 4200317                    /usr/lib/x86_64-linux-gnu/libpangoft2-1.0.so.0.3000.0
7f61cc27d000-7f61cc27e000 rw-p 0002a000 08:03 4200317                    /usr/lib/x86_64-linux-gnu/libpangoft2-1.0.so.0.3000.0
7f61cc27e000-7f61cc3ca000 r-xp 00000000 08:03 4200042                    /usr/lib/x86_64-linux-gnu/libgio-2.0.so.0.3200.4
7f61cc3ca000-7f61cc5c9000 ---p 0014c000 08:03 4200042                    /usr/lib/x86_64-linux-gnu/libgio-2.0.so.0.3200.4
7f61cc5c9000-7f61cc5cd000 r--p 0014b000 08:03 4200042                    /usr/lib/x86_64-linux-gnu/libgio-2.0.so.0.3200.4
7f61cc5cd000-7f61cc5cf000 rw-p 0014f000 08:03 4200042                    /usr/lib/x86_64-linux-gnu/libgio-2.0.so.0.3200.4
7f61cc5cf000-7f61cc5d1000 rw-p 00000000 00:00 0 
7f61cc5d1000-7f61cc5f2000 r-xp 00000000 08:03 4199799                    /usr/lib/x86_64-linux-gnu/libatk-1.0.so.0.20409.1
7f61cc5f2000-7f61cc7f1000 ---p 00021000 08:03 4199799                    /usr/lib/x86_64-linux-gnu/libatk-1.0.so.0.20409.1
7f61cc7f1000-7f61cc7f3000 r--p 00020000 08:03 4199799                    /usr/lib/x86_64-linux-gnu/libatk-1.0.so.0.20409.1
7f61cc7f3000-7f61cc7f4000 rw-p 00022000 08:03 4199799                    /usr/lib/x86_64-linux-gnu/libatk-1.0.so.0.20409.1
7f61cc7f4000-7f61cc8a3000 r-xp 00000000 08:03 4200028                    /usr/lib/x86_64-linux-gnu/libgdk-x11-2.0.so.0.2400.10
7f61cc8a3000-7f61ccaa2000 ---p 000af000 08:03 4200028                    /usr/lib/x86_64-linux-gnu/libgdk-x11-2.0.so.0.2400.10
7f61ccaa2000-7f61ccaa7000 rw-p 000ae000 08:03 4200028                    /usr/lib/x86_64-linux-gnu/libgdk-x11-2.0.so.0.2400.10
7f61ccaa7000-7f61cced9000 r-xp 00000000 08:03 4200141                    /usr/lib/x86_64-linux-gnu/libgtk-x11-2.0.so.0.2400.10
7f61cced9000-7f61cd0d9000 ---p 00432000 08:03 4200141                    /usr/lib/x86_64-linux-gnu/libgtk-x11-2.0.so.0.2400.10
7f61cd0d9000-7f61cd0e4000 rw-p 00432000 08:03 4200141                    /usr/lib/x86_64-linux-gnu/libgtk-x11-2.0.so.0.2400.10
7f61cd0e4000-7f61cd0e6000 rw-p 00000000 00:00 0 
7f61cd0e6000-7f61cd0f4000 r-xp 00000000 08:03 4199751                    /usr/lib/x86_64-linux-gnu/libXi.so.6.1.0
7f61cd0f4000-7f61cd2f4000 ---p 0000e000 08:03 4199751                    /usr/lib/x86_64-linux-gnu/libXi.so.6.1.0
7f61cd2f4000-7f61cd2f5000 rw-p 0000e000 08:03 4199751                    /usr/lib/x86_64-linux-gnu/libXi.so.6.1.0
7f61cd2f5000-7f61cd2fa000 r-xp 00000000 08:03 4199769                    /usr/lib/x86_64-linux-gnu/libXtst.so.6.1.0
7f61cd2fa000-7f61cd4f9000 ---p 00005000 08:03 4199769                    /usr/lib/x86_64-linux-gnu/libXtst.so.6.1.0
7f61cd4f9000-7f61cd4fa000 rw-p 00004000 08:03 4199769                    /usr/lib/x86_64-linux-gnu/libXtst.so.6.1.0
7f61cd4fa000-7f61cd503000 r-xp 00000000 08:03 4199763                    /usr/lib/x86_64-linux-gnu/libXrender.so.1.3.0
7f61cd503000-7f61cd702000 ---p 00009000 08:03 4199763                    /usr/lib/x86_64-linux-gnu/libXrender.so.1.3.0
7f61cd702000-7f61cd703000 rw-p 00008000 08:03 4199763                    /usr/lib/x86_64-linux-gnu/libXrender.so.1.3.0
7f61cd703000-7f61cd838000 r-xp 00000000 08:03 4199728                    /usr/lib/x86_64-linux-gnu/libX11.so.6.3.0
7f61cd838000-7f61cda38000 ---p 00135000 08:03 4199728                    /usr/lib/x86_64-linux-gnu/libX11.so.6.3.0
7f61cda38000-7f61cda3e000 rw-p 00135000 08:03 4199728                    /usr/lib/x86_64-linux-gnu/libX11.so.6.3.0
7f61cda3e000-7f61cda4f000 r-xp 00000000 08:03 4199745                    /usr/lib/x86_64-linux-gnu/libXext.so.6.4.0
7f61cda4f000-7f61cdc4f000 ---p 00011000 08:03 4199745                    /usr/lib/x86_64-linux-gnu/libXext.so.6.4.0
7f61cdc4f000-7f61cdc50000 rw-p 00011000 08:03 4199745                    /usr/lib/x86_64-linux-gnu/libXext.so.6.4.0
7f61cdc50000-7f61d0000000 rw-p 00000000 00:00 0 
7f61d0000000-7f61d0021000 rw-p 00000000 00:00 0 
7f61d0021000-7f61d4000000 ---p 00000000 00:00 0 
7f61d4000000-7f61d4021000 rw-p 00000000 00:00 0 
7f61d4021000-7f61d8000000 ---p 00000000 00:00 0 
7f61d8000000-7f61d8021000 rw-p 00000000 00:00 0 
7f61d8021000-7f61dc000000 ---p 00000000 00:00 0 
7f61dc041000-7f61dc0be000 rw-p 00000000 00:00 0 
7f61dc0be000-7f61dc111000 r-xp 00000000 08:03 3934319                    /usr/lib/jvm/java-7-openjdk-amd64/jre/lib/amd64/xawt/libmawt.so
7f61dc111000-7f61dc310000 ---p 00053000 08:03 3934319                    /usr/lib/jvm/java-7-openjdk-amd64/jre/lib/amd64/xawt/libmawt.so
7f61dc310000-7f61dc311000 r--p 00052000 08:03 3934319                    /usr/lib/jvm/java-7-openjdk-amd64/jre/lib/amd64/xawt/libmawt.so
7f61dc311000-7f61dc314000 rw-p 00053000 08:03 3934319                    /usr/lib/jvm/java-7-openjdk-amd64/jre/lib/amd64/xawt/libmawt.so
7f61dc314000-7f61dc315000 rw-p 00000000 00:00 0 
7f61dc315000-7f61dc3b6000 r-xp 00000000 08:03 3934218                    /usr/lib/jvm/java-7-openjdk-amd64/jre/lib/amd64/libawt.so
7f61dc3b6000-7f61dc5b5000 ---p 000a1000 08:03 3934218                    /usr/lib/jvm/java-7-openjdk-amd64/jre/lib/amd64/libawt.so
7f61dc5b5000-7f61dc5b6000 r--p 000a0000 08:03 3934218                    /usr/lib/jvm/java-7-openjdk-amd64/jre/lib/amd64/libawt.so
7f61dc5b6000-7f61dc5c1000 rw-p 000a1000 08:03 3934218                    /usr/lib/jvm/java-7-openjdk-amd64/jre/lib/amd64/libawt.so
7f61dc5c1000-7f61dc5e6000 rw-p 00000000 00:00 0 
7f61dc5e6000-7f61dc623000 r-xp 00000000 08:03 10486182                   /tmp/libgdxchobe/5502b6ed/libgdx64.so
7f61dc623000-7f61dc822000 ---p 0003d000 08:03 10486182                   /tmp/libgdxchobe/5502b6ed/libgdx64.so
7f61dc822000-7f61dc823000 r--p 0003c000 08:03 10486182                   /tmp/libgdxchobe/5502b6ed/libgdx64.so
7f61dc823000-7f61dc824000 rw-p 0003d000 08:03 10486182                   /tmp/libgdxchobe/5502b6ed/libgdx64.so
7f61dc824000-7f61dc825000 r--s 00002000 08:03 10488693                   /home/chobe/.gradle/caches/modules-2/files-2.1/net.java.jinput/jinput-platform/2.0.5/53f9c919f34d2ca9de8c51fc4e1e8282029a9232/jinput-platform-2.0.5-natives-osx.jar
7f61dc825000-7f61dc826000 r--s 00025000 08:03 10488692                   /home/chobe/.gradle/caches/modules-2/files-2.1/net.java.jinput/jinput-platform/2.0.5/385ee093e01f587f30ee1c8a2ee7d408fd732e16/jinput-platform-2.0.5-natives-windows.jar
7f61dc826000-7f61dc827000 r--s 00002000 08:03 10488691                   /home/chobe/.gradle/caches/modules-2/files-2.1/net.java.jinput/jinput-platform/2.0.5/7ff832a6eb9ab6a767f1ade2b548092d0fa64795/jinput-platform-2.0.5-natives-linux.jar
7f61dc827000-7f61dc828000 r--s 00001000 08:03 10488690                   /home/chobe/.gradle/caches/modules-2/files-2.1/net.java.jutils/jutils/1.0.0/e12fe1fda814bd348c1579329c86943d2cd3c6a6/jutils-1.0.0.jar
7f61dc828000-7f61dc82c000 r--s 0002f000 08:03 10488689                   /home/chobe/.gradle/caches/modules-2/files-2.1/net.java.jinput/jinput/2.0.5/39c7796b469a600f72380316f6b1f11db6c2c7c4/jinput-2.0.5.jar
7f61dc82c000-7f61dc82d000 r--s 00080000 08:03 10488688                   /home/chobe/.gradle/caches/modules-2/files-2.1/org.lwjgl.lwjgl/lwjgl-platform/2.9.1/2d12c83fdfbc04ecabf02c7bc8cc54d034f0daac/lwjgl-platform-2.9.1-natives-osx.jar
7f61dc82d000-7f61dc82e000 r--s 0008b000 08:03 10488687                   /home/chobe/.gradle/caches/modules-2/files-2.1/org.lwjgl.lwjgl/lwjgl-platform/2.9.1/aa9aae879af8eb378e22cfc64db56ec2ca9a44d1/lwjgl-platform-2.9.1-natives-linux.jar
7f61dc82e000-7f61dc82f000 r--s 00095000 08:03 10488686                   /home/chobe/.gradle/caches/modules-2/files-2.1/org.lwjgl.lwjgl/lwjgl-platform/2.9.1/4c517eca808522457dd95ee8fc1fbcdbb602efbe/lwjgl-platform-2.9.1-natives-windows.jar
7f61dc82f000-7f61dc831000 r--s 00017000 08:03 10488685                   /home/chobe/.gradle/caches/modules-2/files-2.1/org.jcraft/jorbis/0.0.17/8872d22b293e8f5d7d56ff92be966e6dc28ebdc6/jorbis-0.0.17.jar
7f61dc831000-7f61dc832000 r--s 00015000 08:03 10488684                   /home/chobe/.gradle/caches/modules-2/files-2.1/com.badlogicgames.jlayer/jlayer/1.0.1-gdx/7cca83cec5c1b2f011362f4d85aabd71a73b049d/jlayer-1.0.1-gdx.jar
7f61dc832000-7f61dc836000 r--s 00027000 08:03 10488683                   /home/chobe/.gradle/caches/modules-2/files-2.1/org.lwjgl.lwjgl/lwjgl_util/2.9.1/290d7ba8a1bd9566f5ddf16ad06f09af5ec9b20e/lwjgl_util-2.9.1.jar
7f61dc836000-7f61dc844000 r--s 000ea000 08:03 10488682                   /home/chobe/.gradle/caches/modules-2/files-2.1/org.lwjgl.lwjgl/lwjgl/2.9.1/f58c5aabcef0e41718a564be9f8e412fff8db847/lwjgl-2.9.1.jar
7f61dc844000-7f61dc859000 r--s 00153000 08:03 10488660                   /home/chobe/.gradle/caches/modules-2/files-2.1/com.badlogicgames.gdx/gdx/1.1.0/686f5a609c717eb0769d3b954c501a49bf4fe351/gdx-1.1.0.jar
7f61dc859000-7f61dc85a000 r--s 000cd000 08:03 10488678                   /home/chobe/.gradle/caches/modules-2/files-2.1/com.badlogicgames.gdx/gdx-platform/1.1.0/1c7ea4239c2d9adda420c15985fe3885c481fdcf/gdx-platform-1.1.0-natives-desktop.jar
7f61dc85a000-7f61dc85d000 r--s 0001f000 08:03 10488677                   /home/chobe/.gradle/caches/modules-2/files-2.1/com.badlogicgames.gdx/gdx-backend-lwjgl/1.1.0/eafa409559820c1696e165e1280435f1332fc32b/gdx-backend-lwjgl-1.1.0.jar
7f61dc85d000-7f61dc860000 r--s 0001f000 08:01 772750                     /media/winDisk/Users/ChobeDucket/Documents/sheep/core/build/libs/core-1.0.jar
7f61dc860000-7f61dc864000 r--s 0003b000 08:03 3934173                    /usr/lib/jvm/java-7-openjdk-amd64/jre/lib/ext/sunpkcs11.jar
7f61dc864000-7f61dc865000 r--s 00002000 08:03 3934178                    /usr/lib/jvm/java-7-openjdk-amd64/jre/lib/ext/dnsns.jar
7f61dc865000-7f61dc868000 r--s 00032000 08:03 3934176                    /usr/lib/jvm/java-7-openjdk-amd64/jre/lib/ext/sunjce_provider.jar
7f61dc868000-7f61dc86a000 r--s 0000f000 08:03 3934175                    /usr/lib/jvm/java-7-openjdk-amd64/jre/lib/ext/pulse-java.jar
7f61dc86a000-7f61dc86c000 r--s 00012000 08:03 3934174                    /usr/lib/jvm/java-7-openjdk-amd64/jre/lib/ext/zipfs.jar
7f61dc86c000-7f61dc870000 r--s 00085000 08:03 3934172                    /usr/lib/jvm/java-7-openjdk-amd64/jre/lib/ext/localedata.jar
7f61dc870000-7f61dc871000 r--s 00007000 08:03 5645676                    /usr/share/java/java-atk-wrapper.jar
7f61dc871000-7f61dc872000 ---p 00000000 00:00 0 
7f61dc872000-7f61dc972000 rw-p 00000000 00:00 0 
7f61dc972000-7f61dc975000 ---p 00000000 00:00 0 
7f61dc975000-7f61dca73000 rw-p 00000000 00:00 0 
7f61dca73000-7f61dca76000 ---p 00000000 00:00 0 
7f61dca76000-7f61dcb74000 rw-p 00000000 00:00 0 
7f61dcb74000-7f61dcb77000 ---p 00000000 00:00 0 
7f61dcb77000-7f61dcc75000 rw-p 00000000 00:00 0 
7f61dcc75000-7f61dcc78000 ---p 00000000 00:00 0 
7f61dcc78000-7f61dcd76000 rw-p 00000000 00:00 0 
7f61dcd76000-7f61dceff000 r--p 00000000 08:03 4067802                    /usr/lib/locale/locale-archive
7f61dceff000-7f61dcf02000 ---p 00000000 00:00 0 
7f61dcf02000-7f61dd000000 rw-p 00000000 00:00 0 
7f61dd000000-7f61dd270000 rwxp 00000000 00:00 0 
7f61dd270000-7f61e036a000 rw-p 00000000 00:00 0 
7f61e036a000-7f61e4000000 ---p 00000000 00:00 0 
7f61e4006000-7f61e4011000 r--s 00203000 08:03 3934232                    /usr/lib/jvm/java-7-openjdk-amd64/jre/lib/charsets.jar
7f61e4011000-7f61e4012000 rw-s 00005000 00:05 7289                       /dev/ati/card0
7f61e4012000-7f61e4022000 rw-s e0200000 00:05 7289                       /dev/ati/card0
7f61e4022000-7f61e4025000 ---p 00000000 00:00 0 
7f61e4025000-7f61e405b000 rw-p 00000000 00:00 0 
7f61e405b000-7f61e405e000 ---p 00000000 00:00 0 
7f61e405e000-7f61e415c000 rw-p 00000000 00:00 0 
7f61e415c000-7f61e415d000 ---p 00000000 00:00 0 
7f61e415d000-7f61e525a000 rw-p 00000000 00:00 0 
7f61e525a000-7f61e5408000 r--s 01cfc000 08:03 3934153                    /usr/lib/jvm/java-7-openjdk-amd64/jre/lib/rt.jar
7f61e5408000-7f61e573c000 rw-p 00000000 00:00 0 
7f61e573c000-7f61e573d000 ---p 00000000 00:00 0 
7f61e573d000-7f61e583d000 rw-p 00000000 00:00 0 
7f61e583d000-7f61e583e000 ---p 00000000 00:00 0 
7f61e583e000-7f61e593e000 rw-p 00000000 00:00 0 
7f61e593e000-7f61e593f000 ---p 00000000 00:00 0 
7f61e593f000-7f61e5a3f000 rw-p 00000000 00:00 0 
7f61e5a3f000-7f61e5a40000 ---p 00000000 00:00 0 
7f61e5a40000-7f61e5b4b000 rw-p 00000000 00:00 0 
7f61e5b4b000-7f61e5b93000 rw-p 00000000 00:00 0 
7f61e5b93000-7f61e5ba8000 rw-p 00000000 00:00 0 
7f61e5ba8000-7f61e5cd9000 rw-p 00000000 00:00 0 
7f61e5cd9000-7f61e5ce4000 rw-p 00000000 00:00 0 
7f61e5ce4000-7f61e5d2c000 rw-p 00000000 00:00 0 
7f61e5d2c000-7f61e5d41000 rw-p 00000000 00:00 0 
7f61e5d41000-7f61e5e71000 rw-p 00000000 00:00 0 
7f61e5e71000-7f61e5e7c000 rw-p 00000000 00:00 0 
7f61e5e7c000-7f61e5f14000 rw-p 00000000 00:00 0 
7f61e5f14000-7f61e5f15000 rw-p 00000000 00:00 0 
7f61e5f15000-7f61e5f1d000 r-xp 00000000 08:03 3934210                    /usr/lib/jvm/java-7-openjdk-amd64/jre/lib/amd64/libzip.so
7f61e5f1d000-7f61e611c000 ---p 00008000 08:03 3934210                    /usr/lib/jvm/java-7-openjdk-amd64/jre/lib/amd64/libzip.so
7f61e611c000-7f61e611d000 r--p 00007000 08:03 3934210                    /usr/lib/jvm/java-7-openjdk-amd64/jre/lib/amd64/libzip.so
7f61e611d000-7f61e611e000 rw-p 00008000 08:03 3934210                    /usr/lib/jvm/java-7-openjdk-amd64/jre/lib/amd64/libzip.so
7f61e611e000-7f61e6129000 r-xp 00000000 08:03 12192223                   /lib/x86_64-linux-gnu/libnss_files-2.19.so
7f61e6129000-7f61e6328000 ---p 0000b000 08:03 12192223                   /lib/x86_64-linux-gnu/libnss_files-2.19.so
7f61e6328000-7f61e6329000 r--p 0000a000 08:03 12192223                   /lib/x86_64-linux-gnu/libnss_files-2.19.so
7f61e6329000-7f61e632a000 rw-p 0000b000 08:03 12192223                   /lib/x86_64-linux-gnu/libnss_files-2.19.so
7f61e632a000-7f61e6334000 r-xp 00000000 08:03 12192211                   /lib/x86_64-linux-gnu/libnss_nis-2.19.so
7f61e6334000-7f61e6533000 ---p 0000a000 08:03 12192211                   /lib/x86_64-linux-gnu/libnss_nis-2.19.so
7f61e6533000-7f61e6534000 r--p 00009000 08:03 12192211                   /lib/x86_64-linux-gnu/libnss_nis-2.19.so
7f61e6534000-7f61e6535000 rw-p 0000a000 08:03 12192211                   /lib/x86_64-linux-gnu/libnss_nis-2.19.so
7f61e6535000-7f61e654a000 r-xp 00000000 08:03 12192215                   /lib/x86_64-linux-gnu/libnsl-2.19.so
7f61e654a000-7f61e6749000 ---p 00015000 08:03 12192215                   /lib/x86_64-linux-gnu/libnsl-2.19.so
7f61e6749000-7f61e674a000 r--p 00014000 08:03 12192215                   /lib/x86_64-linux-gnu/libnsl-2.19.so
7f61e674a000-7f61e674b000 rw-p 00015000 08:03 12192215                   /lib/x86_64-linux-gnu/libnsl-2.19.so
7f61e674b000-7f61e674d000 rw-p 00000000 00:00 0 
7f61e674d000-7f61e6754000 r-xp 00000000 08:03 12192212                   /lib/x86_64-linux-gnu/libnss_compat-2.19.so
7f61e6754000-7f61e6953000 ---p 00007000 08:03 12192212                   /lib/x86_64-linux-gnu/libnss_compat-2.19.so
7f61e6953000-7f61e6954000 r--p 00006000 08:03 12192212                   /lib/x86_64-linux-gnu/libnss_compat-2.19.so
7f61e6954000-7f61e6955000 rw-p 00007000 08:03 12192212                   /lib/x86_64-linux-gnu/libnss_compat-2.19.so
7f61e6955000-7f61e6980000 r-xp 00000000 08:03 3934215                    /usr/lib/jvm/java-7-openjdk-amd64/jre/lib/amd64/libjava.so
7f61e6980000-7f61e6b7f000 ---p 0002b000 08:03 3934215                    /usr/lib/jvm/java-7-openjdk-amd64/jre/lib/amd64/libjava.so
7f61e6b7f000-7f61e6b80000 r--p 0002a000 08:03 3934215                    /usr/lib/jvm/java-7-openjdk-amd64/jre/lib/amd64/libjava.so
7f61e6b80000-7f61e6b82000 rw-p 0002b000 08:03 3934215                    /usr/lib/jvm/java-7-openjdk-amd64/jre/lib/amd64/libjava.so
7f61e6b82000-7f61e6b91000 r-xp 00000000 08:03 3934216                    /usr/lib/jvm/java-7-openjdk-amd64/jre/lib/amd64/libverify.so
7f61e6b91000-7f61e6d90000 ---p 0000f000 08:03 3934216                    /usr/lib/jvm/java-7-openjdk-amd64/jre/lib/amd64/libverify.so
7f61e6d90000-7f61e6d92000 r--p 0000e000 08:03 3934216                    /usr/lib/jvm/java-7-openjdk-amd64/jre/lib/amd64/libverify.so
7f61e6d92000-7f61e6d93000 rw-p 00010000 08:03 3934216                    /usr/lib/jvm/java-7-openjdk-amd64/jre/lib/amd64/libverify.so
7f61e6d93000-7f61e6d9a000 r-xp 00000000 08:03 12192213                   /lib/x86_64-linux-gnu/librt-2.19.so
7f61e6d9a000-7f61e6f99000 ---p 00007000 08:03 12192213                   /lib/x86_64-linux-gnu/librt-2.19.so
7f61e6f99000-7f61e6f9a000 r--p 00006000 08:03 12192213                   /lib/x86_64-linux-gnu/librt-2.19.so
7f61e6f9a000-7f61e6f9b000 rw-p 00007000 08:03 12192213                   /lib/x86_64-linux-gnu/librt-2.19.so
7f61e6f9b000-7f61e6fb0000 r-xp 00000000 08:03 12190593                   /lib/x86_64-linux-gnu/libgcc_s.so.1
7f61e6fb0000-7f61e71b0000 ---p 00015000 08:03 12190593                   /lib/x86_64-linux-gnu/libgcc_s.so.1
7f61e71b0000-7f61e71b1000 rw-p 00015000 08:03 12190593                   /lib/x86_64-linux-gnu/libgcc_s.so.1
7f61e71b1000-7f61e72b1000 r-xp 00000000 08:03 12192221                   /lib/x86_64-linux-gnu/libm-2.19.so
7f61e72b1000-7f61e74b0000 ---p 00100000 08:03 12192221                   /lib/x86_64-linux-gnu/libm-2.19.so
7f61e74b0000-7f61e74b1000 r--p 000ff000 08:03 12192221                   /lib/x86_64-linux-gnu/libm-2.19.so
7f61e74b1000-7f61e74b2000 rw-p 00100000 08:03 12192221                   /lib/x86_64-linux-gnu/libm-2.19.so
7f61e74b2000-7f61e759a000 r-xp 00000000 08:03 4200440                    /usr/lib/x86_64-linux-gnu/libstdc++.so.6.0.17
7f61e759a000-7f61e779a000 ---p 000e8000 08:03 4200440                    /usr/lib/x86_64-linux-gnu/libstdc++.so.6.0.17
7f61e779a000-7f61e77a2000 r--p 000e8000 08:03 4200440                    /usr/lib/x86_64-linux-gnu/libstdc++.so.6.0.17
7f61e77a2000-7f61e77a4000 rw-p 000f0000 08:03 4200440                    /usr/lib/x86_64-linux-gnu/libstdc++.so.6.0.17
7f61e77a4000-7f61e77b9000 rw-p 00000000 00:00 0 
7f61e77b9000-7f61e8282000 r-xp 00000000 08:03 3934204                    /usr/lib/jvm/java-7-openjdk-amd64/jre/lib/amd64/server/libjvm.so
7f61e8282000-7f61e8482000 ---p 00ac9000 08:03 3934204                    /usr/lib/jvm/java-7-openjdk-amd64/jre/lib/amd64/server/libjvm.so
7f61e8482000-7f61e851a000 r--p 00ac9000 08:03 3934204                    /usr/lib/jvm/java-7-openjdk-amd64/jre/lib/amd64/server/libjvm.so
7f61e851a000-7f61e853d000 rw-p 00b61000 08:03 3934204                    /usr/lib/jvm/java-7-openjdk-amd64/jre/lib/amd64/server/libjvm.so
7f61e853d000-7f61e856a000 rw-p 00000000 00:00 0 
7f61e856a000-7f61e8581000 r-xp 00000000 08:03 12192203                   /lib/x86_64-linux-gnu/libz.so.1.2.8
7f61e8581000-7f61e8780000 ---p 00017000 08:03 12192203                   /lib/x86_64-linux-gnu/libz.so.1.2.8
7f61e8780000-7f61e8781000 r--p 00016000 08:03 12192203                   /lib/x86_64-linux-gnu/libz.so.1.2.8
7f61e8781000-7f61e8782000 rw-p 00017000 08:03 12192203                   /lib/x86_64-linux-gnu/libz.so.1.2.8
7f61e8782000-7f61e8921000 r-xp 00000000 08:03 12192214                   /lib/x86_64-linux-gnu/libc-2.19.so
7f61e8921000-7f61e8b21000 ---p 0019f000 08:03 12192214                   /lib/x86_64-linux-gnu/libc-2.19.so
7f61e8b21000-7f61e8b25000 r--p 0019f000 08:03 12192214                   /lib/x86_64-linux-gnu/libc-2.19.so
7f61e8b25000-7f61e8b27000 rw-p 001a3000 08:03 12192214                   /lib/x86_64-linux-gnu/libc-2.19.so
7f61e8b27000-7f61e8b2b000 rw-p 00000000 00:00 0 
7f61e8b2b000-7f61e8b2e000 r-xp 00000000 08:03 12192219                   /lib/x86_64-linux-gnu/libdl-2.19.so
7f61e8b2e000-7f61e8d2d000 ---p 00003000 08:03 12192219                   /lib/x86_64-linux-gnu/libdl-2.19.so
7f61e8d2d000-7f61e8d2e000 r--p 00002000 08:03 12192219                   /lib/x86_64-linux-gnu/libdl-2.19.so
7f61e8d2e000-7f61e8d2f000 rw-p 00003000 08:03 12192219                   /lib/x86_64-linux-gnu/libdl-2.19.so
7f61e8d2f000-7f61e8d3c000 r-xp 00000000 08:03 3934207                    /usr/lib/jvm/java-7-openjdk-amd64/jre/lib/amd64/jli/libjli.so
7f61e8d3c000-7f61e8f3b000 ---p 0000d000 08:03 3934207                    /usr/lib/jvm/java-7-openjdk-amd64/jre/lib/amd64/jli/libjli.so
7f61e8f3b000-7f61e8f3c000 r--p 0000c000 08:03 3934207                    /usr/lib/jvm/java-7-openjdk-amd64/jre/lib/amd64/jli/libjli.so
7f61e8f3c000-7f61e8f3d000 rw-p 0000d000 08:03 3934207                    /usr/lib/jvm/java-7-openjdk-amd64/jre/lib/amd64/jli/libjli.so
7f61e8f3d000-7f61e8f55000 r-xp 00000000 08:03 12192218                   /lib/x86_64-linux-gnu/libpthread-2.19.so
7f61e8f55000-7f61e9154000 ---p 00018000 08:03 12192218                   /lib/x86_64-linux-gnu/libpthread-2.19.so
7f61e9154000-7f61e9155000 r--p 00017000 08:03 12192218                   /lib/x86_64-linux-gnu/libpthread-2.19.so
7f61e9155000-7f61e9156000 rw-p 00018000 08:03 12192218                   /lib/x86_64-linux-gnu/libpthread-2.19.so
7f61e9156000-7f61e915a000 rw-p 00000000 00:00 0 
7f61e915a000-7f61e917a000 r-xp 00000000 08:03 12192217                   /lib/x86_64-linux-gnu/ld-2.19.so
7f61e917a000-7f61e917c000 rw-s 00002000 00:05 7289                       /dev/ati/card0
7f61e917c000-7f61e9183000 r--s 00000000 08:03 4206154                    /usr/lib/x86_64-linux-gnu/gconv/gconv-modules.cache
7f61e9183000-7f61e918c000 r--s 000b9000 08:03 3934170                    /usr/lib/jvm/java-7-openjdk-amd64/jre/lib/resources.jar
7f61e918c000-7f61e9191000 r--s 0004c000 08:03 3934152                    /usr/lib/jvm/java-7-openjdk-amd64/jre/lib/jsse.jar
7f61e9191000-7f61e919b000 rw-p 00000000 00:00 0 
7f61e919b000-7f61e9251000 rw-p 00000000 00:00 0 
7f61e9251000-7f61e9254000 ---p 00000000 00:00 0 
7f61e9254000-7f61e936e000 rw-p 00000000 00:00 0 
7f61e936e000-7f61e9376000 rw-s 00000000 08:03 10490956                   /tmp/hsperfdata_chobe/22891 (deleted)
7f61e9376000-7f61e9377000 rw-p 00000000 00:00 0 
7f61e9377000-7f61e9378000 ---p 00000000 00:00 0 
7f61e9378000-7f61e937a000 rw-p 00000000 00:00 0 
7f61e937a000-7f61e937b000 r--p 00020000 08:03 12192217                   /lib/x86_64-linux-gnu/ld-2.19.so
7f61e937b000-7f61e937c000 rw-p 00021000 08:03 12192217                   /lib/x86_64-linux-gnu/ld-2.19.so
7f61e937c000-7f61e937d000 rw-p 00000000 00:00 0 
7fff5c27d000-7fff5c29f000 rw-p 00000000 00:00 0                          [stack]
7fff5c393000-7fff5c394000 r-xp 00000000 00:00 0                          [vdso]
ffffffffff600000-ffffffffff601000 r-xp 00000000 00:00 0                  [vsyscall]

VM Arguments:
jvm_args: -Dfile.encoding=UTF-8 
java_command: com.mygdx.sheep.desktop.DesktopLauncher
Launcher Type: SUN_STANDARD

Environment Variables:
PATH=/usr/local/bin:/usr/bin:/bin:/usr/local/games:/usr/games:/home/chobe/.local/bin:/home/chobe/sdks/adt-bundle-linux-x86_64-20140321/sdk//platform-tools/adb:/home/chobe/sdks/adt-bundle-linux-x86_64-20140321/sdk//platform-tools/
USERNAME=chobe
SHELL=/bin/bash
DISPLAY=:0

Signal Handlers:
SIGSEGV: [libjvm.so+0x8f9750], sa_mask[0]=0x7ffbfeff, sa_flags=0x10000004
SIGBUS: [libjvm.so+0x8f9750], sa_mask[0]=0x7ffbfeff, sa_flags=0x10000004
SIGFPE: [libjvm.so+0x7827c0], sa_mask[0]=0x7ffbfeff, sa_flags=0x10000004
SIGPIPE: [libjvm.so+0x7827c0], sa_mask[0]=0x7ffbfeff, sa_flags=0x10000004
SIGXFSZ: [libjvm.so+0x7827c0], sa_mask[0]=0x7ffbfeff, sa_flags=0x10000004
SIGILL: [libjvm.so+0x7827c0], sa_mask[0]=0x7ffbfeff, sa_flags=0x10000004
SIGUSR1: SIG_DFL, sa_mask[0]=0x00000000, sa_flags=0x00000000
SIGUSR2: [libjvm.so+0x782ab0], sa_mask[0]=0x00000004, sa_flags=0x10000004
SIGHUP: [libjvm.so+0x782c20], sa_mask[0]=0x7ffbfeff, sa_flags=0x10000004
SIGINT: [libjvm.so+0x782c20], sa_mask[0]=0x7ffbfeff, sa_flags=0x10000004
SIGTERM: [libjvm.so+0x782c20], sa_mask[0]=0x7ffbfeff, sa_flags=0x10000004
SIGQUIT: [libjvm.so+0x782c20], sa_mask[0]=0x7ffbfeff, sa_flags=0x10000004


---------------  S Y S T E M  ---------------

OS:7.5

uname:Linux 3.2.0-4-amd64 #1 SMP Debian 3.2.57-3+deb7u1 x86_64
libc:glibc 2.19 NPTL 2.19 
rlimit: STACK 8192k, CORE 0k, NPROC 31105, NOFILE 4096, AS infinity
load average:0.47 0.50 0.80

/proc/meminfo:
MemTotal:        3993672 kB
MemFree:         1483776 kB
Buffers:          136056 kB
Cached:           573856 kB
SwapCached:       161316 kB
Active:          1496384 kB
Inactive:         646748 kB
Active(anon):     945752 kB
Inactive(anon):   500456 kB
Active(file):     550632 kB
Inactive(file):   146292 kB
Unevictable:           0 kB
Mlocked:               0 kB
SwapTotal:       4120572 kB
SwapFree:        3619524 kB
Dirty:              1600 kB
Writeback:             0 kB
AnonPages:       1411856 kB
Mapped:           177660 kB
Shmem:             12984 kB
Slab:             154916 kB
SReclaimable:     126280 kB
SUnreclaim:        28636 kB
KernelStack:        3600 kB
PageTables:        27044 kB
NFS_Unstable:          0 kB
Bounce:                0 kB
WritebackTmp:          0 kB
CommitLimit:     6117408 kB
Committed_AS:    3556944 kB
VmallocTotal:   34359738367 kB
VmallocUsed:      170472 kB
VmallocChunk:   34359561712 kB
HardwareCorrupted:     0 kB
AnonHugePages:         0 kB
HugePages_Total:       0
HugePages_Free:        0
HugePages_Rsvd:        0
HugePages_Surp:        0
Hugepagesize:       2048 kB
DirectMap4k:     1129472 kB
DirectMap2M:     2998272 kB


CPU:total 4 (4 cores per cpu, 1 threads per core) family 6 model 15 stepping 11, cmov, cx8, fxsr, mmx, sse, sse2, sse3, ssse3, tsc

/proc/cpuinfo:
processor	: 0
vendor_id	: GenuineIntel
cpu family	: 6
model		: 15
model name	: Intel(R) Core(TM)2 Quad CPU    Q6600  @ 2.40GHz
stepping	: 11
cpu MHz		: 2394.000
cache size	: 4096 KB
physical id	: 0
siblings	: 4
core id		: 0
cpu cores	: 4
apicid		: 0
initial apicid	: 0
fpu		: yes
fpu_exception	: yes
cpuid level	: 10
wp		: yes
flags		: fpu vme de pse tsc msr pae mce cx8 apic sep mtrr pge mca cmov pat pse36 clflush dts acpi mmx fxsr sse sse2 ss ht tm pbe syscall nx lm constant_tsc arch_perfmon pebs bts rep_good nopl aperfmperf pni dtes64 monitor ds_cpl vmx est tm2 ssse3 cx16 xtpr pdcm lahf_lm dtherm tpr_shadow vnmi flexpriority
bogomips	: 4795.82
clflush size	: 64
cache_alignment	: 64
address sizes	: 36 bits physical, 48 bits virtual
power management:

processor	: 1
vendor_id	: GenuineIntel
cpu family	: 6
model		: 15
model name	: Intel(R) Core(TM)2 Quad CPU    Q6600  @ 2.40GHz
stepping	: 11
cpu MHz		: 1596.000
cache size	: 4096 KB
physical id	: 0
siblings	: 4
core id		: 2
cpu cores	: 4
apicid		: 2
initial apicid	: 2
fpu		: yes
fpu_exception	: yes
cpuid level	: 10
wp		: yes
flags		: fpu vme de pse tsc msr pae mce cx8 apic sep mtrr pge mca cmov pat pse36 clflush dts acpi mmx fxsr sse sse2 ss ht tm pbe syscall nx lm constant_tsc arch_perfmon pebs bts rep_good nopl aperfmperf pni dtes64 monitor ds_cpl vmx est tm2 ssse3 cx16 xtpr pdcm lahf_lm dtherm tpr_shadow vnmi flexpriority
bogomips	: 4795.58
clflush size	: 64
cache_alignment	: 64
address sizes	: 36 bits physical, 48 bits virtual
power management:

processor	: 2
vendor_id	: GenuineIntel
cpu family	: 6
model		: 15
model name	: Intel(R) Core(TM)2 Quad CPU    Q6600  @ 2.40GHz
stepping	: 11
cpu MHz		: 2394.000
cache size	: 4096 KB
physical id	: 0
siblings	: 4
core id		: 1
cpu cores	: 4
apicid		: 1
initial apicid	: 1
fpu		: yes
fpu_exception	: yes
cpuid level	: 10
wp		: yes
flags		: fpu vme de pse tsc msr pae mce cx8 apic sep mtrr pge mca cmov pat pse36 clflush dts acpi mmx fxsr sse sse2 ss ht tm pbe syscall nx lm constant_tsc arch_perfmon pebs bts rep_good nopl aperfmperf pni dtes64 monitor ds_cpl vmx est tm2 ssse3 cx16 xtpr pdcm lahf_lm dtherm tpr_shadow vnmi flexpriority
bogomips	: 4795.56
clflush size	: 64
cache_alignment	: 64
address sizes	: 36 bits physical, 48 bits virtual
power management:

processor	: 3
vendor_id	: GenuineIntel
cpu family	: 6
model		: 15
model name	: Intel(R) Core(TM)2 Quad CPU    Q6600  @ 2.40GHz
stepping	: 11
cpu MHz		: 1596.000
cache size	: 4096 KB
physical id	: 0
siblings	: 4
core id		: 3
cpu cores	: 4
apicid		: 3
initial apicid	: 3
fpu		: yes
fpu_exception	: yes
cpuid level	: 10
wp		: yes
flags		: fpu vme de pse tsc msr pae mce cx8 apic sep mtrr pge mca cmov pat pse36 clflush dts acpi mmx fxsr sse sse2 ss ht tm pbe syscall nx lm constant_tsc arch_perfmon pebs bts rep_good nopl aperfmperf pni dtes64 monitor ds_cpl vmx est tm2 ssse3 cx16 xtpr pdcm lahf_lm dtherm tpr_shadow vnmi flexpriority
bogomips	: 4795.57
clflush size	: 64
cache_alignment	: 64
address sizes	: 36 bits physical, 48 bits virtual
power management:



Memory: 4k page, physical 3993672k(1483776k free), swap 4120572k(3619524k free)

vm_info: OpenJDK 64-Bit Server VM (24.51-b03) for linux-amd64 JRE (1.7.0_55-b14), built on May  2 2014 11:33:06 by "buildd" with gcc 4.7.2

time: Mon Jul  7 18:45:50 2014
elapsed time: 11 seconds

