#
# A fatal error has been detected by the Java Runtime Environment:
#
#  SIGSEGV (0xb) at pc=0x00007f56fe8f5e38, pid=12990, tid=140011637827328
#
# JRE version: OpenJDK Runtime Environment (7.0_55-b14) (build 1.7.0_55-b14)
# Java VM: OpenJDK 64-Bit Server VM (24.51-b03 mixed mode linux-amd64 compressed oops)
# Problematic frame:
# C  [libX11.so.6+0x3ae38]  XQueryExtension+0x28
#
# Failed to write core dump. Core dumps have been disabled. To enable core dumping, try "ulimit -c unlimited" before starting Java again
#
# If you would like to submit a bug report, please include
# instructions on how to reproduce the bug and visit:
#   http://icedtea.classpath.org/bugzilla
#

---------------  T H R E A D  ---------------

Current thread (0x00007f570c076800):  VMThread [stack: 0x00007f56ffdfe000,0x00007f56ffeff000] [id=13001]

siginfo:si_signo=SIGSEGV: si_errno=0, si_code=1 (SEGV_MAPERR), si_addr=0xffffffffb000f168

Registers:
RAX=0x00007f56e0000b10, RBX=0xffffffffb000e800, RCX=0x00007f56ffefd6d8, RDX=0x00007f56ffefd6d4
RSP=0x00007f56ffefd670, RBP=0x00007f56bb7c4600, RSI=0x00007f56bb68b992, RDI=0xffffffffb000e800
R8 =0x00007f56ffefd6dc, R9 =0x0000000000000000, R10=0x00007f56bb7c43c0, R11=0x00007f571195f1c0
R12=0x00007f56bb68b992, R13=0x00007f56e0000b10, R14=0x00007f56ffefdae0, R15=0x00007f56b0027d60
RIP=0x00007f56fe8f5e38, EFLAGS=0x0000000000010202, CSGSFS=0x0000000000000033, ERR=0x0000000000000005
  TRAPNO=0x000000000000000e

Top of Stack: (sp=0x00007f56ffefd670)
0x00007f56ffefd670:   0000000000000000 0000000000000000
0x00007f56ffefd680:   000000770000006e 0000000000000000
0x00007f56ffefd690:   000100010000007c ffffffffb000e800
0x00007f56ffefd6a0:   00007f56bb7c4600 00007f56bb68b992
0x00007f56ffefd6b0:   00007f56e0000b10 00007f56ffefdae0
0x00007f56ffefd6c0:   00007f56b0027d60 00007f56fe8e9e72
0x00007f56ffefd6d0:   00007f56b0027d60 00007f57119a3220
0x00007f56ffefd6e0:   0000000000000000 00007f56bb7c4600
0x00007f56ffefd6f0:   ffffffffb000e800 00007f56fec0371d
0x00007f56ffefd700:   00007f56bb68b992 0000001100000000
0x00007f56ffefd710:   00007f5700000005 0000000000000000
0x00007f56ffefd720:   00007f56ffefd790 ffffffffb000e800
0x00007f56ffefd730:   00007f56ffefd9d8 00007f56ffefdae0
0x00007f56ffefd740:   00007f56bb7dde50 00007f56bb6343d9
0x00007f56ffefd750:   00000000ffffffff 00007f56b000adf0
0x00007f56ffefd760:   00007f56ffefd790 00007f56ec4919e0
0x00007f56ffefd770:   00007f56ffefd9d8 00007f56ffefdae0
0x00007f56ffefd780:   0000000000000000 00007f56bb628ae2
0x00007f56ffefd790:   00007f56ffefdb50 00007f56bb68b911
0x00007f56ffefd7a0:   00007f56ffefdb50 00007f571230e058
0x00007f56ffefd7b0:   00007f57125211a8 00007f5712521740
0x00007f56ffefd7c0:   00007f57124fb000 00007f570c0094f0
0x00007f56ffefd7d0:   00007f570c00a020 00007f570c00a530
0x00007f56ffefd7e0:   00007f570c017440 00007f570c1bb070
0x00007f56ffefd7f0:   00007f570c29a310 00007f570c2961d0
0x00007f56ffefd800:   00007f570c1e3c60 00007f570c1f1b80
0x00007f56ffefd810:   00007f570c1f8fa0 00007f570c1f8a70
0x00007f56ffefd820:   00007f570c1f8540 00007f570c1fc890
0x00007f56ffefd830:   00007f570c1fc370 00007f570c1fd640
0x00007f56ffefd840:   00007f570c1fbe60 00007f570c1f8010
0x00007f56ffefd850:   00007f570c1fa430 00007f570c1fae70
0x00007f56ffefd860:   00007f570c1fa950 00007f570c1fb390 

Instructions: (pc=0x00007f56fe8f5e38)
0x00007f56fe8f5e18:   24 e0 48 89 fb 4c 89 6c 24 e8 4c 89 74 24 f0 49
0x00007f56fe8f5e28:   89 f4 4c 89 7c 24 f8 48 89 6c 24 d8 48 83 ec 58
0x00007f56fe8f5e38:   48 8b 87 68 09 00 00 49 89 d7 49 89 ce 4d 89 c5
0x00007f56fe8f5e48:   48 85 c0 74 02 ff 10 ba 08 00 00 00 be 62 00 00 

Register to memory mapping:

RAX=0x00007f56e0000b10 is an unknown value
RBX=0xffffffffb000e800 is an unknown value
RCX=0x00007f56ffefd6d8 is an unknown value
RDX=0x00007f56ffefd6d4 is an unknown value
RSP=0x00007f56ffefd670 is an unknown value
RBP=0x00007f56bb7c4600: <offset 0x1cf600> in /usr/lib/x86_64-linux-gnu/libGL.so.1 at 0x00007f56bb5f5000
RSI=0x00007f56bb68b992: <offset 0x96992> in /usr/lib/x86_64-linux-gnu/libGL.so.1 at 0x00007f56bb5f5000
RDI=0xffffffffb000e800 is an unknown value
R8 =0x00007f56ffefd6dc is an unknown value
R9 =0x0000000000000000 is an unknown value
R10=0x00007f56bb7c43c0: <offset 0x1cf3c0> in /usr/lib/x86_64-linux-gnu/libGL.so.1 at 0x00007f56bb5f5000
R11=0x00007f571195f1c0: __cxa_finalize+0 in /lib/x86_64-linux-gnu/libc.so.6 at 0x00007f5711927000
R12=0x00007f56bb68b992: <offset 0x96992> in /usr/lib/x86_64-linux-gnu/libGL.so.1 at 0x00007f56bb5f5000
R13=0x00007f56e0000b10 is an unknown value
R14=0x00007f56ffefdae0 is an unknown value
R15=0x00007f56b0027d60 is an unknown value


Stack: [0x00007f56ffdfe000,0x00007f56ffeff000],  sp=0x00007f56ffefd670,  free space=1021k
Native frames: (J=compiled Java code, j=interpreted, Vv=VM code, C=native code)
C  [libX11.so.6+0x3ae38]  XQueryExtension+0x28

VM_Operation (0x00007f56ec1896c0): Exit, mode: safepoint, requested by thread 0x00007f570c338000


---------------  P R O C E S S  ---------------

Java Threads: ( => current thread )
  0x00007f568900c000 JavaThread "process reaper" daemon [_thread_blocked, id=13026, stack(0x00007f57040b0000,0x00007f57040e9000)]
  0x00007f5688a25800 JavaThread "pool-1-thread-1" [_thread_blocked, id=13021, stack(0x00007f56ab4fe000,0x00007f56ab5ff000)]
  0x00007f56b12e0800 JavaThread "AsynchExecutor-Thread" daemon [_thread_blocked, id=13020, stack(0x00007f56b811b000,0x00007f56b821c000)]
  0x00007f570c00b000 JavaThread "DestroyJavaVM" [_thread_blocked, id=12996, stack(0x00007f57123f6000,0x00007f57124f7000)]
  0x00007f570c338000 JavaThread "LWJGL Application" [_thread_blocked, id=13014, stack(0x00007f56ec08a000,0x00007f56ec18b000)]
  0x00007f570c295000 JavaThread "AWT-XAWT" daemon [_thread_blocked, id=13010, stack(0x00007f56ef008000,0x00007f56ef109000)]
  0x00007f570c275000 JavaThread "Java2D Disposer" daemon [_thread_blocked, id=13009, stack(0x00007f56fc071000,0x00007f56fc172000)]
  0x00007f570c0a7000 JavaThread "Service Thread" daemon [_thread_blocked, id=13007, stack(0x00007f56ff66f000,0x00007f56ff770000)]
  0x00007f570c0a5000 JavaThread "C2 CompilerThread1" daemon [_thread_blocked, id=13006, stack(0x00007f56ff770000,0x00007f56ff871000)]
  0x00007f570c0a2000 JavaThread "C2 CompilerThread0" daemon [_thread_blocked, id=13005, stack(0x00007f56ff871000,0x00007f56ff972000)]
  0x00007f570c07c800 JavaThread "Finalizer" daemon [_thread_blocked, id=13003, stack(0x00007f56ffbfc000,0x00007f56ffcfd000)]
  0x00007f570c07a800 JavaThread "Reference Handler" daemon [_thread_blocked, id=13002, stack(0x00007f56ffcfd000,0x00007f56ffdfe000)]

Other Threads:
=>0x00007f570c076800 VMThread [stack: 0x00007f56ffdfe000,0x00007f56ffeff000] [id=13001]

VM state:at safepoint (shutting down)

VM Mutex/Monitor currently owned by a thread:  ([mutex/lock_event])
[0x00007f570c0077a0] Threads_lock - owner thread: 0x00007f570c076800

Heap
 PSYoungGen      total 18432K, used 11773K [0x00000000eba80000, 0x00000000ecf00000, 0x0000000100000000)
  eden space 15872K, 58% used [0x00000000eba80000,0x00000000ec382488,0x00000000eca00000)
  from space 2560K, 99% used [0x00000000ecc80000,0x00000000ecefd090,0x00000000ecf00000)
  to   space 2560K, 0% used [0x00000000eca00000,0x00000000eca00000,0x00000000ecc80000)
 ParOldGen       total 41472K, used 5179K [0x00000000c3000000, 0x00000000c5880000, 0x00000000eba80000)
  object space 41472K, 12% used [0x00000000c3000000,0x00000000c350ef60,0x00000000c5880000)
 PSPermGen       total 21504K, used 12622K [0x00000000b8a00000, 0x00000000b9f00000, 0x00000000c3000000)
  object space 21504K, 58% used [0x00000000b8a00000,0x00000000b9653b20,0x00000000b9f00000)

Card table byte_map: [0x00007f5707d3e000,0x00007f5707f7a000] byte_map_base: 0x00007f5707779000

Polling page: 0x00007f571251c000

Code Cache  [0x00007f5707f7a000, 0x00007f57081ea000, 0x00007f570af7a000)
 total_blobs=811 nmethods=268 adapters=497 free_code_cache=47962Kb largest_free_block=49084160

Compilation events (10 events):
Event: 61.830 Thread 0x00007f570c0a2000  268             com.badlogic.gdx.math.Matrix4::setToLookAt (49 bytes)
Event: 61.830 Thread 0x00007f570c0a5000  269             com.badlogic.gdx.math.Matrix4::setToLookAt (174 bytes)
Event: 61.835 Thread 0x00007f570c0a5000 nmethod 269 0x00007f57080a6790 code [0x00007f57080a6920, 0x00007f57080a6d18]
Event: 61.835 Thread 0x00007f570c0a5000  270             com.badlogic.gdx.math.Matrix4::setToTranslation (31 bytes)
Event: 61.836 Thread 0x00007f570c0a5000 nmethod 270 0x00007f570809a750 code [0x00007f570809a8a0, 0x00007f570809a998]
Event: 61.837 Thread 0x00007f570c0a2000 nmethod 268 0x00007f57080a7610 code [0x00007f57080a77e0, 0x00007f57080a7d48]
Event: 61.929 Thread 0x00007f570c0a5000  273             com.badlogic.gdx.utils.viewport.Viewport::getCamera (5 bytes)
Event: 61.929 Thread 0x00007f570c0a2000  274             com.badlogic.gdx.graphics.g2d.SpriteBatch::setProjectionMatrix (32 bytes)
Event: 61.930 Thread 0x00007f570c0a5000 nmethod 273 0x00007f570809a4d0 code [0x00007f570809a600, 0x00007f570809a658]
Event: 61.931 Thread 0x00007f570c0a2000 nmethod 274 0x00007f57080a7150 code [0x00007f57080a72c0, 0x00007f57080a7418]

GC Heap History (4 events):
Event: 1.815 GC heap before
{Heap before GC invocations=1 (full 0):
 PSYoungGen      total 18432K, used 15872K [0x00000000eba80000, 0x00000000ecf00000, 0x0000000100000000)
  eden space 15872K, 100% used [0x00000000eba80000,0x00000000eca00000,0x00000000eca00000)
  from space 2560K, 0% used [0x00000000ecc80000,0x00000000ecc80000,0x00000000ecf00000)
  to   space 2560K, 0% used [0x00000000eca00000,0x00000000eca00000,0x00000000ecc80000)
 ParOldGen       total 41472K, used 0K [0x00000000c3000000, 0x00000000c5880000, 0x00000000eba80000)
  object space 41472K, 0% used [0x00000000c3000000,0x00000000c3000000,0x00000000c5880000)
 PSPermGen       total 21504K, used 9248K [0x00000000b8a00000, 0x00000000b9f00000, 0x00000000c3000000)
  object space 21504K, 43% used [0x00000000b8a00000,0x00000000b9308038,0x00000000b9f00000)
Event: 1.824 GC heap after
Heap after GC invocations=1 (full 0):
 PSYoungGen      total 18432K, used 2556K [0x00000000eba80000, 0x00000000ecf00000, 0x0000000100000000)
  eden space 15872K, 0% used [0x00000000eba80000,0x00000000eba80000,0x00000000eca00000)
  from space 2560K, 99% used [0x00000000eca00000,0x00000000ecc7f2c0,0x00000000ecc80000)
  to   space 2560K, 0% used [0x00000000ecc80000,0x00000000ecc80000,0x00000000ecf00000)
 ParOldGen       total 41472K, used 2412K [0x00000000c3000000, 0x00000000c5880000, 0x00000000eba80000)
  object space 41472K, 5% used [0x00000000c3000000,0x00000000c325b0a0,0x00000000c5880000)
 PSPermGen       total 21504K, used 9248K [0x00000000b8a00000, 0x00000000b9f00000, 0x00000000c3000000)
  object space 21504K, 43% used [0x00000000b8a00000,0x00000000b9308038,0x00000000b9f00000)
}
Event: 23.197 GC heap before
{Heap before GC invocations=2 (full 0):
 PSYoungGen      total 18432K, used 18428K [0x00000000eba80000, 0x00000000ecf00000, 0x0000000100000000)
  eden space 15872K, 100% used [0x00000000eba80000,0x00000000eca00000,0x00000000eca00000)
  from space 2560K, 99% used [0x00000000eca00000,0x00000000ecc7f2c0,0x00000000ecc80000)
  to   space 2560K, 0% used [0x00000000ecc80000,0x00000000ecc80000,0x00000000ecf00000)
 ParOldGen       total 41472K, used 2412K [0x00000000c3000000, 0x00000000c5880000, 0x00000000eba80000)
  object space 41472K, 5% used [0x00000000c3000000,0x00000000c325b0a0,0x00000000c5880000)
 PSPermGen       total 21504K, used 12508K [0x00000000b8a00000, 0x00000000b9f00000, 0x00000000c3000000)
  object space 21504K, 58% used [0x00000000b8a00000,0x00000000b9637118,0x00000000b9f00000)
Event: 23.208 GC heap after
Heap after GC invocations=2 (full 0):
 PSYoungGen      total 18432K, used 2548K [0x00000000eba80000, 0x00000000ecf00000, 0x0000000100000000)
  eden space 15872K, 0% used [0x00000000eba80000,0x00000000eba80000,0x00000000eca00000)
  from space 2560K, 99% used [0x00000000ecc80000,0x00000000ecefd090,0x00000000ecf00000)
  to   space 2560K, 0% used [0x00000000eca00000,0x00000000eca00000,0x00000000ecc80000)
 ParOldGen       total 41472K, used 5179K [0x00000000c3000000, 0x00000000c5880000, 0x00000000eba80000)
  object space 41472K, 12% used [0x00000000c3000000,0x00000000c350ef60,0x00000000c5880000)
 PSPermGen       total 21504K, used 12508K [0x00000000b8a00000, 0x00000000b9f00000, 0x00000000c3000000)
  object space 21504K, 58% used [0x00000000b8a00000,0x00000000b9637118,0x00000000b9f00000)
}

Deoptimization events (10 events):
Event: 12.085 Thread 0x00007f570c338000 Uncommon trap: reason=unloaded action=reinterpret pc=0x00007f5708036fe4 method=com.badlogic.gdx.scenes.scene2d.Stage.fireEnterAndExit(Lcom/badlogic/gdx/scenes/scene2d/Actor;III)Lcom/badlogic/gdx/scenes/scene2d/Actor; @ 48
Event: 12.392 Thread 0x00007f570c338000 Uncommon trap: reason=class_check action=maybe_recompile pc=0x00007f57080291e8 method=com.badlogic.gdx.scenes.scene2d.ui.Table.drawBackground(Lcom/badlogic/gdx/graphics/g2d/Batch;FFF)V @ 58
Event: 12.393 Thread 0x00007f570c338000 Uncommon trap: reason=class_check action=maybe_recompile pc=0x00007f57080291e8 method=com.badlogic.gdx.scenes.scene2d.ui.Table.drawBackground(Lcom/badlogic/gdx/graphics/g2d/Batch;FFF)V @ 58
Event: 12.393 Thread 0x00007f570c338000 Uncommon trap: reason=class_check action=maybe_recompile pc=0x00007f57080291e8 method=com.badlogic.gdx.scenes.scene2d.ui.Table.drawBackground(Lcom/badlogic/gdx/graphics/g2d/Batch;FFF)V @ 58
Event: 12.393 Thread 0x00007f570c338000 Uncommon trap: reason=class_check action=maybe_recompile pc=0x00007f57080291e8 method=com.badlogic.gdx.scenes.scene2d.ui.Table.drawBackground(Lcom/badlogic/gdx/graphics/g2d/Batch;FFF)V @ 58
Event: 13.145 Thread 0x00007f5688a25800 Uncommon trap: reason=unreached action=reinterpret pc=0x00007f5708035de0 method=java.lang.AbstractStringBuilder.append(Ljava/lang/String;)Ljava/lang/AbstractStringBuilder; @ 1
Event: 27.680 Thread 0x00007f570c338000 Uncommon trap: reason=array_check action=maybe_recompile pc=0x00007f5707fe62d8 method=com.badlogic.gdx.utils.Array.add(Ljava/lang/Object;)V @ 46
Event: 27.680 Thread 0x00007f570c338000 Uncommon trap: reason=array_check action=maybe_recompile pc=0x00007f5707fe62d8 method=com.badlogic.gdx.utils.Array.add(Ljava/lang/Object;)V @ 46
Event: 27.763 Thread 0x00007f570c338000 Uncommon trap: reason=array_check action=maybe_recompile pc=0x00007f5707fe62d8 method=com.badlogic.gdx.utils.Array.add(Ljava/lang/Object;)V @ 46
Event: 28.246 Thread 0x00007f570c338000 Uncommon trap: reason=array_check action=maybe_recompile pc=0x00007f5707fe62d8 method=com.badlogic.gdx.utils.Array.add(Ljava/lang/Object;)V @ 46

Internal exceptions (10 events):
Event: 44.320 Thread 0x00007f5688a25800 Threw 0x00000000ebfc7e80 at /build/openjdk-7-kBcQ8a/openjdk-7-7u55-2.4.7/build/openjdk/hotspot/src/share/vm/prims/jvm.cpp:1244
Event: 51.706 Thread 0x00007f5688a25800 Threw 0x00000000ec0f1598 at /build/openjdk-7-kBcQ8a/openjdk-7-7u55-2.4.7/build/openjdk/hotspot/src/share/vm/prims/jvm.cpp:1244
Event: 51.709 Thread 0x00007f5688a25800 Threw 0x00000000ec0f2e98 at /build/openjdk-7-kBcQ8a/openjdk-7-7u55-2.4.7/build/openjdk/hotspot/src/share/vm/prims/jvm.cpp:1244
Event: 51.710 Thread 0x00007f5688a25800 Threw 0x00000000ec0f4068 at /build/openjdk-7-kBcQ8a/openjdk-7-7u55-2.4.7/build/openjdk/hotspot/src/share/vm/prims/jvm.cpp:1244
Event: 51.710 Thread 0x00007f5688a25800 Threw 0x00000000ec0f5968 at /build/openjdk-7-kBcQ8a/openjdk-7-7u55-2.4.7/build/openjdk/hotspot/src/share/vm/prims/jvm.cpp:1244
Event: 51.710 Thread 0x00007f5688a25800 Threw 0x00000000ec0f67a8 at /build/openjdk-7-kBcQ8a/openjdk-7-7u55-2.4.7/build/openjdk/hotspot/src/share/vm/prims/jvm.cpp:1244
Event: 51.710 Thread 0x00007f5688a25800 Threw 0x00000000ec0f80a8 at /build/openjdk-7-kBcQ8a/openjdk-7-7u55-2.4.7/build/openjdk/hotspot/src/share/vm/prims/jvm.cpp:1244
Event: 63.396 Thread 0x00007f570c338000 Threw 0x00000000ec3478b0 at /build/openjdk-7-kBcQ8a/openjdk-7-7u55-2.4.7/build/openjdk/hotspot/src/share/vm/prims/jvm.cpp:1244
Event: 63.404 Thread 0x00007f570c338000 Threw 0x00000000ec34bd28 at /build/openjdk-7-kBcQ8a/openjdk-7-7u55-2.4.7/build/openjdk/hotspot/src/share/vm/prims/jvm.cpp:1244
Event: 63.410 Thread 0x00007f570c338000 Threw 0x00000000ec351040 at /build/openjdk-7-kBcQ8a/openjdk-7-7u55-2.4.7/build/openjdk/hotspot/src/share/vm/prims/jvm.cpp:1244

Events (10 events):
Event: 63.567 Thread 0x00007f56b10d2800 Thread added: 0x00007f56b10d2800
Event: 63.567 loading class 0x00007f56d40d4e00
Event: 63.567 loading class 0x00007f56d41c82e0
Event: 63.567 loading class 0x00007f56d41c82e0 done
Event: 63.567 loading class 0x00007f56d41c8310
Event: 63.567 loading class 0x00007f56d41c8310 done
Event: 63.568 loading class 0x00007f56d40d4e00 done
Event: 63.569 Thread 0x00007f56b10d2800 Thread exited: 0x00007f56b10d2800
Event: 63.570 Thread 0x00007f570c09f800 Thread exited: 0x00007f570c09f800
Event: 63.571 Executing VM operation: Exit


Dynamic libraries:
00400000-00401000 r-xp 00000000 08:03 3934148                            /usr/lib/jvm/java-7-openjdk-amd64/jre/bin/java
00600000-00601000 r--p 00000000 08:03 3934148                            /usr/lib/jvm/java-7-openjdk-amd64/jre/bin/java
00601000-00602000 rw-p 00001000 08:03 3934148                            /usr/lib/jvm/java-7-openjdk-amd64/jre/bin/java
024b1000-024d2000 rw-p 00000000 00:00 0                                  [heap]
b8a00000-b9f00000 rw-p 00000000 00:00 0 
b9f00000-c3000000 rw-p 00000000 00:00 0 
c3000000-c5880000 rw-p 00000000 00:00 0 
c5880000-eba80000 rw-p 00000000 00:00 0 
eba80000-ecf00000 rw-p 00000000 00:00 0 
ecf00000-100000000 rw-p 00000000 00:00 0 
7f5680000000-7f5680021000 rw-p 00000000 00:00 0 
7f5680021000-7f5684000000 ---p 00000000 00:00 0 
7f5688000000-7f5689c32000 rw-p 00000000 00:00 0 
7f5689c32000-7f568c000000 ---p 00000000 00:00 0 
7f568c000000-7f568c054000 rw-p 00000000 00:00 0 
7f568c054000-7f5690000000 ---p 00000000 00:00 0 
7f5690000000-7f5693f9a000 rw-p 00000000 00:00 0 
7f5693f9a000-7f5694000000 ---p 00000000 00:00 0 
7f5698000000-7f56980ae000 rw-p 00000000 00:00 0 
7f56980ae000-7f569c000000 ---p 00000000 00:00 0 
7f569c000000-7f569c7d6000 rw-p 00000000 00:00 0 
7f569c7d6000-7f56a0000000 ---p 00000000 00:00 0 
7f56a0000000-7f56a00b4000 rw-p 00000000 00:00 0 
7f56a00b4000-7f56a4000000 ---p 00000000 00:00 0 
7f56a4000000-7f56a4021000 rw-p 00000000 00:00 0 
7f56a4021000-7f56a8000000 ---p 00000000 00:00 0 
7f56aa7dd000-7f56aa7e0000 ---p 00000000 00:00 0 
7f56aa7e0000-7f56aa8de000 rw-p 00000000 00:00 0 
7f56aaede000-7f56aaee3000 r-xp 00000000 08:03 12192225                   /lib/x86_64-linux-gnu/libnss_dns-2.19.so
7f56aaee3000-7f56ab0e2000 ---p 00005000 08:03 12192225                   /lib/x86_64-linux-gnu/libnss_dns-2.19.so
7f56ab0e2000-7f56ab0e3000 r--p 00004000 08:03 12192225                   /lib/x86_64-linux-gnu/libnss_dns-2.19.so
7f56ab0e3000-7f56ab0e4000 rw-p 00005000 08:03 12192225                   /lib/x86_64-linux-gnu/libnss_dns-2.19.so
7f56ab0e4000-7f56ab0e6000 r-xp 00000000 08:03 12058696                   /lib/libnss_mdns4_minimal.so.2
7f56ab0e6000-7f56ab2e5000 ---p 00002000 08:03 12058696                   /lib/libnss_mdns4_minimal.so.2
7f56ab2e5000-7f56ab2e6000 rw-p 00001000 08:03 12058696                   /lib/libnss_mdns4_minimal.so.2
7f56ab2e6000-7f56ab2fd000 r-xp 00000000 08:03 3934214                    /usr/lib/jvm/java-7-openjdk-amd64/jre/lib/amd64/libnet.so
7f56ab2fd000-7f56ab4fc000 ---p 00017000 08:03 3934214                    /usr/lib/jvm/java-7-openjdk-amd64/jre/lib/amd64/libnet.so
7f56ab4fc000-7f56ab4fd000 r--p 00016000 08:03 3934214                    /usr/lib/jvm/java-7-openjdk-amd64/jre/lib/amd64/libnet.so
7f56ab4fd000-7f56ab4fe000 rw-p 00017000 08:03 3934214                    /usr/lib/jvm/java-7-openjdk-amd64/jre/lib/amd64/libnet.so
7f56ab4fe000-7f56ab501000 ---p 00000000 00:00 0 
7f56ab501000-7f56ab5ff000 rw-p 00000000 00:00 0 
7f56ab7ff000-7f56ab800000 ---p 00000000 00:00 0 
7f56ab800000-7f56ac000000 rw-p 00000000 00:00 0 
7f56ac000000-7f56ac021000 rw-p 00000000 00:00 0 
7f56ac021000-7f56b0000000 ---p 00000000 00:00 0 
7f56b0000000-7f56b3f04000 rw-p 00000000 00:00 0 
7f56b3f04000-7f56b4000000 ---p 00000000 00:00 0 
7f56b4000000-7f56b4021000 rw-p 00000000 00:00 0 
7f56b4021000-7f56b8000000 ---p 00000000 00:00 0 
7f56b811b000-7f56b811e000 ---p 00000000 00:00 0 
7f56b811e000-7f56b821c000 rw-p 00000000 00:00 0 
7f56b821c000-7f56b821d000 ---p 00000000 00:00 0 
7f56b821d000-7f56b8a1d000 rw-p 00000000 00:00 0 
7f56b8a1d000-7f56b911d000 rw-s 00006000 00:05 7289                       /dev/ati/card0
7f56b911d000-7f56b915a000 r-xp 00000000 08:03 4201336                    /usr/lib/x86_64-linux-gnu/libatiadlxx.so
7f56b915a000-7f56b9259000 ---p 0003d000 08:03 4201336                    /usr/lib/x86_64-linux-gnu/libatiadlxx.so
7f56b9259000-7f56b9263000 rw-p 0003c000 08:03 4201336                    /usr/lib/x86_64-linux-gnu/libatiadlxx.so
7f56b9263000-7f56b9273000 rw-p 00000000 00:00 0 
7f56b9273000-7f56b927a000 r-xp 00000000 08:03 4201328                    /usr/lib/x86_64-linux-gnu/libatiuki.so.1.0
7f56b927a000-7f56b937a000 ---p 00007000 08:03 4201328                    /usr/lib/x86_64-linux-gnu/libatiuki.so.1.0
7f56b937a000-7f56b937b000 rw-p 00007000 08:03 4201328                    /usr/lib/x86_64-linux-gnu/libatiuki.so.1.0
7f56b937b000-7f56b937c000 rw-p 00000000 00:00 0 
7f56b937c000-7f56bb274000 r-xp 00000000 08:03 4201338                    /usr/lib/x86_64-linux-gnu/dri/fglrx_dri.so
7f56bb274000-7f56bb373000 ---p 01ef8000 08:03 4201338                    /usr/lib/x86_64-linux-gnu/dri/fglrx_dri.so
7f56bb373000-7f56bb4d1000 rwxp 01ef7000 08:03 4201338                    /usr/lib/x86_64-linux-gnu/dri/fglrx_dri.so
7f56bb4d1000-7f56bb5f5000 rwxp 00000000 00:00 0 
7f56bb5f5000-7f56bb6b8000 r-xp 00000000 08:03 4201341                    /usr/lib/x86_64-linux-gnu/fglrx/fglrx-libGL.so.1.2
7f56bb6b8000-7f56bb7b7000 ---p 000c3000 08:03 4201341                    /usr/lib/x86_64-linux-gnu/fglrx/fglrx-libGL.so.1.2
7f56bb7b7000-7f56bb7de000 rwxp 000c2000 08:03 4201341                    /usr/lib/x86_64-linux-gnu/fglrx/fglrx-libGL.so.1.2
7f56bb7de000-7f56bb7fe000 rwxp 00000000 00:00 0 
7f56bf7ff000-7f56bf800000 ---p 00000000 00:00 0 
7f56bf800000-7f56c0000000 rw-p 00000000 00:00 0 
7f56c0000000-7f56c0021000 rw-p 00000000 00:00 0 
7f56c0021000-7f56c4000000 ---p 00000000 00:00 0 
7f56c4000000-7f56c4021000 rw-p 00000000 00:00 0 
7f56c4021000-7f56c8000000 ---p 00000000 00:00 0 
7f56c8000000-7f56c8021000 rw-p 00000000 00:00 0 
7f56c8021000-7f56cc000000 ---p 00000000 00:00 0 
7f56cc000000-7f56cc021000 rw-p 00000000 00:00 0 
7f56cc021000-7f56d0000000 ---p 00000000 00:00 0 
7f56d0000000-7f56d0733000 rw-p 00000000 00:00 0 
7f56d0733000-7f56d4000000 ---p 00000000 00:00 0 
7f56d4000000-7f56d4cbe000 rw-p 00000000 00:00 0 
7f56d4cbe000-7f56d8000000 ---p 00000000 00:00 0 
7f56d8000000-7f56d8021000 rw-p 00000000 00:00 0 
7f56d8021000-7f56dc000000 ---p 00000000 00:00 0 
7f56dc000000-7f56dc021000 rw-p 00000000 00:00 0 
7f56dc021000-7f56e0000000 ---p 00000000 00:00 0 
7f56e0000000-7f56e0021000 rw-p 00000000 00:00 0 
7f56e0021000-7f56e4000000 ---p 00000000 00:00 0 
7f56e4000000-7f56e4021000 rw-p 00000000 00:00 0 
7f56e4021000-7f56e8000000 ---p 00000000 00:00 0 
7f56e8000000-7f56e8021000 rw-p 00000000 00:00 0 
7f56e8021000-7f56ec000000 ---p 00000000 00:00 0 
7f56ec08a000-7f56ec08d000 ---p 00000000 00:00 0 
7f56ec08d000-7f56ec18b000 rw-p 00000000 00:00 0 
7f56ec18b000-7f56ec18e000 ---p 00000000 00:00 0 
7f56ec18e000-7f56ec28c000 rw-p 00000000 00:00 0 
7f56ec28c000-7f56ec292000 r-xp 00000000 08:03 4200289                    /usr/lib/x86_64-linux-gnu/libogg.so.0.8.0
7f56ec292000-7f56ec491000 ---p 00006000 08:03 4200289                    /usr/lib/x86_64-linux-gnu/libogg.so.0.8.0
7f56ec491000-7f56ec492000 rw-p 00005000 08:03 4200289                    /usr/lib/x86_64-linux-gnu/libogg.so.0.8.0
7f56ec492000-7f56ec4be000 r-xp 00000000 08:03 4200496                    /usr/lib/x86_64-linux-gnu/libvorbis.so.0.4.5
7f56ec4be000-7f56ec6bd000 ---p 0002c000 08:03 4200496                    /usr/lib/x86_64-linux-gnu/libvorbis.so.0.4.5
7f56ec6bd000-7f56ec6be000 r--p 0002b000 08:03 4200496                    /usr/lib/x86_64-linux-gnu/libvorbis.so.0.4.5
7f56ec6be000-7f56ec6bf000 rw-p 0002c000 08:03 4200496                    /usr/lib/x86_64-linux-gnu/libvorbis.so.0.4.5
7f56ec6bf000-7f56ec972000 r-xp 00000000 08:03 4200498                    /usr/lib/x86_64-linux-gnu/libvorbisenc.so.2.0.8
7f56ec972000-7f56ecb71000 ---p 002b3000 08:03 4200498                    /usr/lib/x86_64-linux-gnu/libvorbisenc.so.2.0.8
7f56ecb71000-7f56ecb8d000 r--p 002b2000 08:03 4200498                    /usr/lib/x86_64-linux-gnu/libvorbisenc.so.2.0.8
7f56ecb8d000-7f56ecb8e000 rw-p 002ce000 08:03 4200498                    /usr/lib/x86_64-linux-gnu/libvorbisenc.so.2.0.8
7f56ecb8e000-7f56ecbd9000 r-xp 00000000 08:03 4199700                    /usr/lib/x86_64-linux-gnu/libFLAC.so.8.2.0
7f56ecbd9000-7f56ecdd8000 ---p 0004b000 08:03 4199700                    /usr/lib/x86_64-linux-gnu/libFLAC.so.8.2.0
7f56ecdd8000-7f56ecdd9000 r--p 0004a000 08:03 4199700                    /usr/lib/x86_64-linux-gnu/libFLAC.so.8.2.0
7f56ecdd9000-7f56ecdda000 rw-p 0004b000 08:03 4199700                    /usr/lib/x86_64-linux-gnu/libFLAC.so.8.2.0
7f56ecdda000-7f56ecdde000 r-xp 00000000 08:03 12190707                   /lib/x86_64-linux-gnu/libuuid.so.1.3.0
7f56ecdde000-7f56ecfdd000 ---p 00004000 08:03 12190707                   /lib/x86_64-linux-gnu/libuuid.so.1.3.0
7f56ecfdd000-7f56ecfde000 r--p 00003000 08:03 12190707                   /lib/x86_64-linux-gnu/libuuid.so.1.3.0
7f56ecfde000-7f56ecfdf000 rw-p 00004000 08:03 12190707                   /lib/x86_64-linux-gnu/libuuid.so.1.3.0
7f56ecfdf000-7f56ecfe3000 r-xp 00000000 08:03 12190559                   /lib/x86_64-linux-gnu/libattr.so.1.1.0
7f56ecfe3000-7f56ed1e2000 ---p 00004000 08:03 12190559                   /lib/x86_64-linux-gnu/libattr.so.1.1.0
7f56ed1e2000-7f56ed1e3000 r--p 00003000 08:03 12190559                   /lib/x86_64-linux-gnu/libattr.so.1.1.0
7f56ed1e3000-7f56ed1e4000 rw-p 00004000 08:03 12190559                   /lib/x86_64-linux-gnu/libattr.so.1.1.0
7f56ed1e4000-7f56ed1e9000 r-xp 00000000 08:03 4199797                    /usr/lib/x86_64-linux-gnu/libasyncns.so.0.3.1
7f56ed1e9000-7f56ed3e8000 ---p 00005000 08:03 4199797                    /usr/lib/x86_64-linux-gnu/libasyncns.so.0.3.1
7f56ed3e8000-7f56ed3e9000 rw-p 00004000 08:03 4199797                    /usr/lib/x86_64-linux-gnu/libasyncns.so.0.3.1
7f56ed3e9000-7f56ed44a000 r-xp 00000000 08:03 4200411                    /usr/lib/x86_64-linux-gnu/libsndfile.so.1.0.25
7f56ed44a000-7f56ed649000 ---p 00061000 08:03 4200411                    /usr/lib/x86_64-linux-gnu/libsndfile.so.1.0.25
7f56ed649000-7f56ed64b000 r--p 00060000 08:03 4200411                    /usr/lib/x86_64-linux-gnu/libsndfile.so.1.0.25
7f56ed64b000-7f56ed64c000 rw-p 00062000 08:03 4200411                    /usr/lib/x86_64-linux-gnu/libsndfile.so.1.0.25
7f56ed64c000-7f56ed650000 rw-p 00000000 00:00 0 
7f56ed650000-7f56ed659000 r-xp 00000000 08:03 12190709                   /lib/x86_64-linux-gnu/libwrap.so.0.7.6
7f56ed659000-7f56ed858000 ---p 00009000 08:03 12190709                   /lib/x86_64-linux-gnu/libwrap.so.0.7.6
7f56ed858000-7f56ed859000 r--p 00008000 08:03 12190709                   /lib/x86_64-linux-gnu/libwrap.so.0.7.6
7f56ed859000-7f56ed85a000 rw-p 00009000 08:03 12190709                   /lib/x86_64-linux-gnu/libwrap.so.0.7.6
7f56ed85a000-7f56ed85b000 rw-p 00000000 00:00 0 
7f56ed85b000-7f56ed862000 r-xp 00000000 08:03 4199720                    /usr/lib/x86_64-linux-gnu/libSM.so.6.0.1
7f56ed862000-7f56eda61000 ---p 00007000 08:03 4199720                    /usr/lib/x86_64-linux-gnu/libSM.so.6.0.1
7f56eda61000-7f56eda62000 rw-p 00006000 08:03 4199720                    /usr/lib/x86_64-linux-gnu/libSM.so.6.0.1
7f56eda62000-7f56eda79000 r-xp 00000000 08:03 4199710                    /usr/lib/x86_64-linux-gnu/libICE.so.6.3.0
7f56eda79000-7f56edc78000 ---p 00017000 08:03 4199710                    /usr/lib/x86_64-linux-gnu/libICE.so.6.3.0
7f56edc78000-7f56edc7a000 rw-p 00016000 08:03 4199710                    /usr/lib/x86_64-linux-gnu/libICE.so.6.3.0
7f56edc7a000-7f56edc7d000 rw-p 00000000 00:00 0 
7f56edc7d000-7f56edc7e000 r-xp 00000000 08:03 4199726                    /usr/lib/x86_64-linux-gnu/libX11-xcb.so.1.0.0
7f56edc7e000-7f56ede7d000 ---p 00001000 08:03 4199726                    /usr/lib/x86_64-linux-gnu/libX11-xcb.so.1.0.0
7f56ede7d000-7f56ede7e000 rw-p 00000000 08:03 4199726                    /usr/lib/x86_64-linux-gnu/libX11-xcb.so.1.0.0
7f56ede7e000-7f56ede82000 r-xp 00000000 08:03 12190572                   /lib/x86_64-linux-gnu/libcap.so.2.22
7f56ede82000-7f56ee081000 ---p 00004000 08:03 12190572                   /lib/x86_64-linux-gnu/libcap.so.2.22
7f56ee081000-7f56ee082000 rw-p 00003000 08:03 12190572                   /lib/x86_64-linux-gnu/libcap.so.2.22
7f56ee082000-7f56ee0e3000 r-xp 00000000 08:03 4325923                    /usr/lib/x86_64-linux-gnu/pulseaudio/libpulsecommon-2.0.so
7f56ee0e3000-7f56ee2e2000 ---p 00061000 08:03 4325923                    /usr/lib/x86_64-linux-gnu/pulseaudio/libpulsecommon-2.0.so
7f56ee2e2000-7f56ee2e3000 r--p 00060000 08:03 4325923                    /usr/lib/x86_64-linux-gnu/pulseaudio/libpulsecommon-2.0.so
7f56ee2e3000-7f56ee2e5000 rw-p 00061000 08:03 4325923                    /usr/lib/x86_64-linux-gnu/pulseaudio/libpulsecommon-2.0.so
7f56ee2e5000-7f56ee2ee000 r-xp 00000000 08:03 12190608                   /lib/x86_64-linux-gnu/libjson.so.0.1.0
7f56ee2ee000-7f56ee4ed000 ---p 00009000 08:03 12190608                   /lib/x86_64-linux-gnu/libjson.so.0.1.0
7f56ee4ed000-7f56ee4ee000 r--p 00008000 08:03 12190608                   /lib/x86_64-linux-gnu/libjson.so.0.1.0
7f56ee4ee000-7f56ee4ef000 rw-p 00009000 08:03 12190608                   /lib/x86_64-linux-gnu/libjson.so.0.1.0
7f56ee4ef000-7f56ee538000 r-xp 00000000 08:03 4200364                    /usr/lib/x86_64-linux-gnu/libpulse.so.0.14.2
7f56ee538000-7f56ee737000 ---p 00049000 08:03 4200364                    /usr/lib/x86_64-linux-gnu/libpulse.so.0.14.2
7f56ee737000-7f56ee738000 r--p 00048000 08:03 4200364                    /usr/lib/x86_64-linux-gnu/libpulse.so.0.14.2
7f56ee738000-7f56ee739000 rw-p 00049000 08:03 4200364                    /usr/lib/x86_64-linux-gnu/libpulse.so.0.14.2
7f56ee992000-7f56ee996000 r-xp 00000000 08:03 4199775                    /usr/lib/x86_64-linux-gnu/libXxf86vm.so.1.0.0
7f56ee996000-7f56eeb96000 ---p 00004000 08:03 4199775                    /usr/lib/x86_64-linux-gnu/libXxf86vm.so.1.0.0
7f56eeb96000-7f56eeb97000 r--p 00004000 08:03 4199775                    /usr/lib/x86_64-linux-gnu/libXxf86vm.so.1.0.0
7f56eeb97000-7f56eeb98000 rw-p 00005000 08:03 4199775                    /usr/lib/x86_64-linux-gnu/libXxf86vm.so.1.0.0
7f56eeb98000-7f56eec04000 r-xp 00000000 08:01 301131                     /media/winDisk/Users/ChobeDucket/Documents/sheep/android/assets/.temp/7b43be9b/liblwjgl64.so
7f56eec04000-7f56eee03000 ---p 0006c000 08:01 301131                     /media/winDisk/Users/ChobeDucket/Documents/sheep/android/assets/.temp/7b43be9b/liblwjgl64.so
7f56eee03000-7f56eee05000 r--p 0006b000 08:01 301131                     /media/winDisk/Users/ChobeDucket/Documents/sheep/android/assets/.temp/7b43be9b/liblwjgl64.so
7f56eee05000-7f56eee06000 rw-p 0006d000 08:01 301131                     /media/winDisk/Users/ChobeDucket/Documents/sheep/android/assets/.temp/7b43be9b/liblwjgl64.so
7f56eee06000-7f56eee07000 r-xp 00000000 08:03 3934229                    /usr/lib/jvm/java-7-openjdk-amd64/jre/lib/amd64/libjawt.so
7f56eee07000-7f56ef006000 ---p 00001000 08:03 3934229                    /usr/lib/jvm/java-7-openjdk-amd64/jre/lib/amd64/libjawt.so
7f56ef006000-7f56ef007000 r--p 00000000 08:03 3934229                    /usr/lib/jvm/java-7-openjdk-amd64/jre/lib/amd64/libjawt.so
7f56ef007000-7f56ef008000 rw-p 00001000 08:03 3934229                    /usr/lib/jvm/java-7-openjdk-amd64/jre/lib/amd64/libjawt.so
7f56ef008000-7f56ef00b000 ---p 00000000 00:00 0 
7f56ef00b000-7f56ef109000 rw-p 00000000 00:00 0 
7f56ef109000-7f56ef10c000 r-xp 00000000 08:03 12190599                   /lib/x86_64-linux-gnu/libgpg-error.so.0.8.0
7f56ef10c000-7f56ef30b000 ---p 00003000 08:03 12190599                   /lib/x86_64-linux-gnu/libgpg-error.so.0.8.0
7f56ef30b000-7f56ef30c000 rw-p 00002000 08:03 12190599                   /lib/x86_64-linux-gnu/libgpg-error.so.0.8.0
7f56ef30c000-7f56ef350000 r-xp 00000000 08:03 12190580                   /lib/x86_64-linux-gnu/libdbus-1.so.3.7.2
7f56ef350000-7f56ef550000 ---p 00044000 08:03 12190580                   /lib/x86_64-linux-gnu/libdbus-1.so.3.7.2
7f56ef550000-7f56ef551000 r--p 00044000 08:03 12190580                   /lib/x86_64-linux-gnu/libdbus-1.so.3.7.2
7f56ef551000-7f56ef552000 rw-p 00045000 08:03 12190580                   /lib/x86_64-linux-gnu/libdbus-1.so.3.7.2
7f56ef552000-7f56ef563000 r-xp 00000000 08:03 4200305                    /usr/lib/x86_64-linux-gnu/libp11-kit.so.0.0.0
7f56ef563000-7f56ef762000 ---p 00011000 08:03 4200305                    /usr/lib/x86_64-linux-gnu/libp11-kit.so.0.0.0
7f56ef762000-7f56ef763000 r--p 00010000 08:03 4200305                    /usr/lib/x86_64-linux-gnu/libp11-kit.so.0.0.0
7f56ef763000-7f56ef764000 rw-p 00011000 08:03 4200305                    /usr/lib/x86_64-linux-gnu/libp11-kit.so.0.0.0
7f56ef764000-7f56ef7de000 r-xp 00000000 08:03 12190595                   /lib/x86_64-linux-gnu/libgcrypt.so.11.7.0
7f56ef7de000-7f56ef9de000 ---p 0007a000 08:03 12190595                   /lib/x86_64-linux-gnu/libgcrypt.so.11.7.0
7f56ef9de000-7f56ef9df000 r--p 0007a000 08:03 12190595                   /lib/x86_64-linux-gnu/libgcrypt.so.11.7.0
7f56ef9df000-7f56ef9e2000 rw-p 0007b000 08:03 12190595                   /lib/x86_64-linux-gnu/libgcrypt.so.11.7.0
7f56ef9e2000-7f56ef9f2000 r-xp 00000000 08:03 4200448                    /usr/lib/x86_64-linux-gnu/libtasn1.so.3.1.16
7f56ef9f2000-7f56efbf1000 ---p 00010000 08:03 4200448                    /usr/lib/x86_64-linux-gnu/libtasn1.so.3.1.16
7f56efbf1000-7f56efbf2000 r--p 0000f000 08:03 4200448                    /usr/lib/x86_64-linux-gnu/libtasn1.so.3.1.16
7f56efbf2000-7f56efbf3000 rw-p 00010000 08:03 4200448                    /usr/lib/x86_64-linux-gnu/libtasn1.so.3.1.16
7f56efbf3000-7f56efbf6000 r-xp 00000000 08:03 12190610                   /lib/x86_64-linux-gnu/libkeyutils.so.1.4
7f56efbf6000-7f56efdf5000 ---p 00003000 08:03 12190610                   /lib/x86_64-linux-gnu/libkeyutils.so.1.4
7f56efdf5000-7f56efdf6000 r--p 00002000 08:03 12190610                   /lib/x86_64-linux-gnu/libkeyutils.so.1.4
7f56efdf6000-7f56efdf7000 rw-p 00003000 08:03 12190610                   /lib/x86_64-linux-gnu/libkeyutils.so.1.4
7f56efdf7000-7f56efdff000 r-xp 00000000 08:03 4200208                    /usr/lib/x86_64-linux-gnu/libkrb5support.so.0.1
7f56efdff000-7f56efffe000 ---p 00008000 08:03 4200208                    /usr/lib/x86_64-linux-gnu/libkrb5support.so.0.1
7f56efffe000-7f56effff000 r--p 00007000 08:03 4200208                    /usr/lib/x86_64-linux-gnu/libkrb5support.so.0.1
7f56effff000-7f56f0000000 rw-p 00008000 08:03 4200208                    /usr/lib/x86_64-linux-gnu/libkrb5support.so.0.1
7f56f0000000-7f56f0021000 rw-p 00000000 00:00 0 
7f56f0021000-7f56f4000000 ---p 00000000 00:00 0 
7f56f40e1000-7f56f40e4000 r-xp 00000000 08:03 12190576                   /lib/x86_64-linux-gnu/libcom_err.so.2.1
7f56f40e4000-7f56f42e3000 ---p 00003000 08:03 12190576                   /lib/x86_64-linux-gnu/libcom_err.so.2.1
7f56f42e3000-7f56f42e4000 r--p 00002000 08:03 12190576                   /lib/x86_64-linux-gnu/libcom_err.so.2.1
7f56f42e4000-7f56f42e5000 rw-p 00003000 08:03 12190576                   /lib/x86_64-linux-gnu/libcom_err.so.2.1
7f56f42e5000-7f56f430b000 r-xp 00000000 08:03 4200198                    /usr/lib/x86_64-linux-gnu/libk5crypto.so.3.1
7f56f430b000-7f56f450b000 ---p 00026000 08:03 4200198                    /usr/lib/x86_64-linux-gnu/libk5crypto.so.3.1
7f56f450b000-7f56f450c000 r--p 00026000 08:03 4200198                    /usr/lib/x86_64-linux-gnu/libk5crypto.so.3.1
7f56f450c000-7f56f450d000 rw-p 00027000 08:03 4200198                    /usr/lib/x86_64-linux-gnu/libk5crypto.so.3.1
7f56f450d000-7f56f450e000 rw-p 00000000 00:00 0 
7f56f450e000-7f56f45d7000 r-xp 00000000 08:03 4200206                    /usr/lib/x86_64-linux-gnu/libkrb5.so.3.3
7f56f45d7000-7f56f47d6000 ---p 000c9000 08:03 4200206                    /usr/lib/x86_64-linux-gnu/libkrb5.so.3.3
7f56f47d6000-7f56f47e0000 r--p 000c8000 08:03 4200206                    /usr/lib/x86_64-linux-gnu/libkrb5.so.3.3
7f56f47e0000-7f56f47e2000 rw-p 000d2000 08:03 4200206                    /usr/lib/x86_64-linux-gnu/libkrb5.so.3.3
7f56f47e2000-7f56f47e7000 r-xp 00000000 08:03 4199743                    /usr/lib/x86_64-linux-gnu/libXdmcp.so.6.0.0
7f56f47e7000-7f56f49e6000 ---p 00005000 08:03 4199743                    /usr/lib/x86_64-linux-gnu/libXdmcp.so.6.0.0
7f56f49e6000-7f56f49e7000 rw-p 00004000 08:03 4199743                    /usr/lib/x86_64-linux-gnu/libXdmcp.so.6.0.0
7f56f49e7000-7f56f49e9000 r-xp 00000000 08:03 4199732                    /usr/lib/x86_64-linux-gnu/libXau.so.6.0.0
7f56f49e9000-7f56f4be9000 ---p 00002000 08:03 4199732                    /usr/lib/x86_64-linux-gnu/libXau.so.6.0.0
7f56f4be9000-7f56f4bea000 rw-p 00002000 08:03 4199732                    /usr/lib/x86_64-linux-gnu/libXau.so.6.0.0
7f56f4bea000-7f56f4bfa000 r-xp 00000000 08:03 4199807                    /usr/lib/x86_64-linux-gnu/libavahi-client.so.3.2.9
7f56f4bfa000-7f56f4df9000 ---p 00010000 08:03 4199807                    /usr/lib/x86_64-linux-gnu/libavahi-client.so.3.2.9
7f56f4df9000-7f56f4dfa000 r--p 0000f000 08:03 4199807                    /usr/lib/x86_64-linux-gnu/libavahi-client.so.3.2.9
7f56f4dfa000-7f56f4dfb000 rw-p 00010000 08:03 4199807                    /usr/lib/x86_64-linux-gnu/libavahi-client.so.3.2.9
7f56f4dfb000-7f56f4e07000 r-xp 00000000 08:03 4199809                    /usr/lib/x86_64-linux-gnu/libavahi-common.so.3.5.3
7f56f4e07000-7f56f5006000 ---p 0000c000 08:03 4199809                    /usr/lib/x86_64-linux-gnu/libavahi-common.so.3.5.3
7f56f5006000-7f56f5007000 r--p 0000b000 08:03 4199809                    /usr/lib/x86_64-linux-gnu/libavahi-common.so.3.5.3
7f56f5007000-7f56f5008000 rw-p 0000c000 08:03 4199809                    /usr/lib/x86_64-linux-gnu/libavahi-common.so.3.5.3
7f56f5008000-7f56f50c1000 r-xp 00000000 08:03 4200060                    /usr/lib/x86_64-linux-gnu/libgnutls.so.26.22.4
7f56f50c1000-7f56f52c0000 ---p 000b9000 08:03 4200060                    /usr/lib/x86_64-linux-gnu/libgnutls.so.26.22.4
7f56f52c0000-7f56f52c6000 r--p 000b8000 08:03 4200060                    /usr/lib/x86_64-linux-gnu/libgnutls.so.26.22.4
7f56f52c6000-7f56f52c8000 rw-p 000be000 08:03 4200060                    /usr/lib/x86_64-linux-gnu/libgnutls.so.26.22.4
7f56f52c8000-7f56f5304000 r-xp 00000000 08:03 4200085                    /usr/lib/x86_64-linux-gnu/libgssapi_krb5.so.2.2
7f56f5304000-7f56f5504000 ---p 0003c000 08:03 4200085                    /usr/lib/x86_64-linux-gnu/libgssapi_krb5.so.2.2
7f56f5504000-7f56f5505000 r--p 0003c000 08:03 4200085                    /usr/lib/x86_64-linux-gnu/libgssapi_krb5.so.2.2
7f56f5505000-7f56f5507000 rw-p 0003d000 08:03 4200085                    /usr/lib/x86_64-linux-gnu/libgssapi_krb5.so.2.2
7f56f5507000-7f56f5543000 r-xp 00000000 08:03 12190663                   /lib/x86_64-linux-gnu/libpcre.so.3.13.1
7f56f5543000-7f56f5743000 ---p 0003c000 08:03 12190663                   /lib/x86_64-linux-gnu/libpcre.so.3.13.1
7f56f5743000-7f56f5744000 rw-p 0003c000 08:03 12190663                   /lib/x86_64-linux-gnu/libpcre.so.3.13.1
7f56f5744000-7f56f5750000 r-xp 00000000 08:03 4199961                    /usr/lib/x86_64-linux-gnu/libffi.so.5.0.10
7f56f5750000-7f56f5950000 ---p 0000c000 08:03 4199961                    /usr/lib/x86_64-linux-gnu/libffi.so.5.0.10
7f56f5950000-7f56f5951000 rw-p 0000c000 08:03 4199961                    /usr/lib/x86_64-linux-gnu/libffi.so.5.0.10
7f56f5951000-7f56f5978000 r-xp 00000000 08:03 12190588                   /lib/x86_64-linux-gnu/libexpat.so.1.6.0
7f56f5978000-7f56f5b78000 ---p 00027000 08:03 12190588                   /lib/x86_64-linux-gnu/libexpat.so.1.6.0
7f56f5b78000-7f56f5b7a000 r--p 00027000 08:03 12190588                   /lib/x86_64-linux-gnu/libexpat.so.1.6.0
7f56f5b7a000-7f56f5b7b000 rw-p 00029000 08:03 12190588                   /lib/x86_64-linux-gnu/libexpat.so.1.6.0
7f56f5b7b000-7f56f5b83000 r-xp 00000000 08:03 4200521                    /usr/lib/x86_64-linux-gnu/libxcb-render.so.0.0.0
7f56f5b83000-7f56f5d83000 ---p 00008000 08:03 4200521                    /usr/lib/x86_64-linux-gnu/libxcb-render.so.0.0.0
7f56f5d83000-7f56f5d84000 r--p 00008000 08:03 4200521                    /usr/lib/x86_64-linux-gnu/libxcb-render.so.0.0.0
7f56f5d84000-7f56f5d85000 rw-p 00009000 08:03 4200521                    /usr/lib/x86_64-linux-gnu/libxcb-render.so.0.0.0
7f56f5d85000-7f56f5d87000 r-xp 00000000 08:03 4200525                    /usr/lib/x86_64-linux-gnu/libxcb-shm.so.0.0.0
7f56f5d87000-7f56f5f86000 ---p 00002000 08:03 4200525                    /usr/lib/x86_64-linux-gnu/libxcb-shm.so.0.0.0
7f56f5f86000-7f56f5f87000 r--p 00001000 08:03 4200525                    /usr/lib/x86_64-linux-gnu/libxcb-shm.so.0.0.0
7f56f5f87000-7f56f5f88000 rw-p 00002000 08:03 4200525                    /usr/lib/x86_64-linux-gnu/libxcb-shm.so.0.0.0
7f56f5f88000-7f56f6008000 r-xp 00000000 08:03 4200335                    /usr/lib/x86_64-linux-gnu/libpixman-1.so.0.26.0
7f56f6008000-7f56f6208000 ---p 00080000 08:03 4200335                    /usr/lib/x86_64-linux-gnu/libpixman-1.so.0.26.0
7f56f6208000-7f56f620e000 rw-p 00080000 08:03 4200335                    /usr/lib/x86_64-linux-gnu/libpixman-1.so.0.26.0
7f56f620e000-7f56f6234000 r-xp 00000000 08:03 12190665                   /lib/x86_64-linux-gnu/libpng12.so.0.49.0
7f56f6234000-7f56f6433000 ---p 00026000 08:03 12190665                   /lib/x86_64-linux-gnu/libpng12.so.0.49.0
7f56f6433000-7f56f6434000 r--p 00025000 08:03 12190665                   /lib/x86_64-linux-gnu/libpng12.so.0.49.0
7f56f6434000-7f56f6435000 rw-p 00026000 08:03 12190665                   /lib/x86_64-linux-gnu/libpng12.so.0.49.0
7f56f6435000-7f56f6449000 r-xp 00000000 08:03 12192206                   /lib/x86_64-linux-gnu/libresolv-2.19.so
7f56f6449000-7f56f6648000 ---p 00014000 08:03 12192206                   /lib/x86_64-linux-gnu/libresolv-2.19.so
7f56f6648000-7f56f6649000 r--p 00013000 08:03 12192206                   /lib/x86_64-linux-gnu/libresolv-2.19.so
7f56f6649000-7f56f664a000 rw-p 00014000 08:03 12192206                   /lib/x86_64-linux-gnu/libresolv-2.19.so
7f56f664a000-7f56f664c000 rw-p 00000000 00:00 0 
7f56f664c000-7f56f666a000 r-xp 00000000 08:03 12190680                   /lib/x86_64-linux-gnu/libselinux.so.1
7f56f666a000-7f56f6869000 ---p 0001e000 08:03 12190680                   /lib/x86_64-linux-gnu/libselinux.so.1
7f56f6869000-7f56f686a000 r--p 0001d000 08:03 12190680                   /lib/x86_64-linux-gnu/libselinux.so.1
7f56f686a000-7f56f686b000 rw-p 0001e000 08:03 12190680                   /lib/x86_64-linux-gnu/libselinux.so.1
7f56f686b000-7f56f686c000 rw-p 00000000 00:00 0 
7f56f686c000-7f56f686f000 r-xp 00000000 08:03 4200052                    /usr/lib/x86_64-linux-gnu/libgmodule-2.0.so.0.3200.4
7f56f686f000-7f56f6a6e000 ---p 00003000 08:03 4200052                    /usr/lib/x86_64-linux-gnu/libgmodule-2.0.so.0.3200.4
7f56f6a6e000-7f56f6a6f000 r--p 00002000 08:03 4200052                    /usr/lib/x86_64-linux-gnu/libgmodule-2.0.so.0.3200.4
7f56f6a6f000-7f56f6a70000 rw-p 00003000 08:03 4200052                    /usr/lib/x86_64-linux-gnu/libgmodule-2.0.so.0.3200.4
7f56f6a70000-7f56f6a7a000 r-xp 00000000 08:03 4199739                    /usr/lib/x86_64-linux-gnu/libXcursor.so.1.0.2
7f56f6a7a000-7f56f6c79000 ---p 0000a000 08:03 4199739                    /usr/lib/x86_64-linux-gnu/libXcursor.so.1.0.2
7f56f6c79000-7f56f6c7a000 rw-p 00009000 08:03 4199739                    /usr/lib/x86_64-linux-gnu/libXcursor.so.1.0.2
7f56f6c7a000-7f56f6c81000 r-xp 00000000 08:03 4199761                    /usr/lib/x86_64-linux-gnu/libXrandr.so.2.2.0
7f56f6c81000-7f56f6e81000 ---p 00007000 08:03 4199761                    /usr/lib/x86_64-linux-gnu/libXrandr.so.2.2.0
7f56f6e81000-7f56f6e82000 rw-p 00007000 08:03 4199761                    /usr/lib/x86_64-linux-gnu/libXrandr.so.2.2.0
7f56f6e82000-7f56f6e84000 r-xp 00000000 08:03 4199753                    /usr/lib/x86_64-linux-gnu/libXinerama.so.1.0.0
7f56f6e84000-7f56f7083000 ---p 00002000 08:03 4199753                    /usr/lib/x86_64-linux-gnu/libXinerama.so.1.0.0
7f56f7083000-7f56f7084000 rw-p 00001000 08:03 4199753                    /usr/lib/x86_64-linux-gnu/libXinerama.so.1.0.0
7f56f7084000-7f56f7089000 r-xp 00000000 08:03 4199747                    /usr/lib/x86_64-linux-gnu/libXfixes.so.3.1.0
7f56f7089000-7f56f7288000 ---p 00005000 08:03 4199747                    /usr/lib/x86_64-linux-gnu/libXfixes.so.3.1.0
7f56f7288000-7f56f7289000 r--p 00004000 08:03 4199747                    /usr/lib/x86_64-linux-gnu/libXfixes.so.3.1.0
7f56f7289000-7f56f728a000 rw-p 00005000 08:03 4199747                    /usr/lib/x86_64-linux-gnu/libXfixes.so.3.1.0
7f56f728a000-7f56f728c000 r-xp 00000000 08:03 4199741                    /usr/lib/x86_64-linux-gnu/libXdamage.so.1.1.0
7f56f728c000-7f56f748b000 ---p 00002000 08:03 4199741                    /usr/lib/x86_64-linux-gnu/libXdamage.so.1.1.0
7f56f748b000-7f56f748c000 rw-p 00001000 08:03 4199741                    /usr/lib/x86_64-linux-gnu/libXdamage.so.1.1.0
7f56f748c000-7f56f748e000 r-xp 00000000 08:03 4199737                    /usr/lib/x86_64-linux-gnu/libXcomposite.so.1.0.0
7f56f748e000-7f56f768d000 ---p 00002000 08:03 4199737                    /usr/lib/x86_64-linux-gnu/libXcomposite.so.1.0.0
7f56f768d000-7f56f768e000 rw-p 00001000 08:03 4199737                    /usr/lib/x86_64-linux-gnu/libXcomposite.so.1.0.0
7f56f768e000-7f56f76ad000 r-xp 00000000 08:03 4200529                    /usr/lib/x86_64-linux-gnu/libxcb.so.1.1.0
7f56f76ad000-7f56f78ac000 ---p 0001f000 08:03 4200529                    /usr/lib/x86_64-linux-gnu/libxcb.so.1.1.0
7f56f78ac000-7f56f78ad000 r--p 0001e000 08:03 4200529                    /usr/lib/x86_64-linux-gnu/libxcb.so.1.1.0
7f56f78ad000-7f56f78ae000 rw-p 0001f000 08:03 4200529                    /usr/lib/x86_64-linux-gnu/libxcb.so.1.1.0
7f56f78ae000-7f56f7901000 r-xp 00000000 08:03 4199889                    /usr/lib/x86_64-linux-gnu/libcups.so.2
7f56f7901000-7f56f7b00000 ---p 00053000 08:03 4199889                    /usr/lib/x86_64-linux-gnu/libcups.so.2
7f56f7b00000-7f56f7b05000 r--p 00052000 08:03 4199889                    /usr/lib/x86_64-linux-gnu/libcups.so.2
7f56f7b05000-7f56f7b06000 rw-p 00057000 08:03 4199889                    /usr/lib/x86_64-linux-gnu/libcups.so.2
7f56f7b06000-7f56f7bfb000 r-xp 00000000 08:03 12190597                   /lib/x86_64-linux-gnu/libglib-2.0.so.0.3200.4
7f56f7bfb000-7f56f7dfb000 ---p 000f5000 08:03 12190597                   /lib/x86_64-linux-gnu/libglib-2.0.so.0.3200.4
7f56f7dfb000-7f56f7dfc000 r--p 000f5000 08:03 12190597                   /lib/x86_64-linux-gnu/libglib-2.0.so.0.3200.4
7f56f7dfc000-7f56f7dfd000 rw-p 000f6000 08:03 12190597                   /lib/x86_64-linux-gnu/libglib-2.0.so.0.3200.4
7f56f7dfd000-7f56f7dfe000 rw-p 00000000 00:00 0 
7f56f7dfe000-7f56f7dff000 r-xp 00000000 08:03 4200137                    /usr/lib/x86_64-linux-gnu/libgthread-2.0.so.0.3200.4
7f56f7dff000-7f56f7ffe000 ---p 00001000 08:03 4200137                    /usr/lib/x86_64-linux-gnu/libgthread-2.0.so.0.3200.4
7f56f7ffe000-7f56f7fff000 r--p 00000000 08:03 4200137                    /usr/lib/x86_64-linux-gnu/libgthread-2.0.so.0.3200.4
7f56f7fff000-7f56f8000000 rw-p 00001000 08:03 4200137                    /usr/lib/x86_64-linux-gnu/libgthread-2.0.so.0.3200.4
7f56f8000000-7f56f8021000 rw-p 00000000 00:00 0 
7f56f8021000-7f56fc000000 ---p 00000000 00:00 0 
7f56fc029000-7f56fc071000 rw-p 00000000 00:00 0 
7f56fc071000-7f56fc074000 ---p 00000000 00:00 0 
7f56fc074000-7f56fc172000 rw-p 00000000 00:00 0 
7f56fc172000-7f56fc1c0000 r-xp 00000000 08:03 4200068                    /usr/lib/x86_64-linux-gnu/libgobject-2.0.so.0.3200.4
7f56fc1c0000-7f56fc3c0000 ---p 0004e000 08:03 4200068                    /usr/lib/x86_64-linux-gnu/libgobject-2.0.so.0.3200.4
7f56fc3c0000-7f56fc3c1000 r--p 0004e000 08:03 4200068                    /usr/lib/x86_64-linux-gnu/libgobject-2.0.so.0.3200.4
7f56fc3c1000-7f56fc3c2000 rw-p 0004f000 08:03 4200068                    /usr/lib/x86_64-linux-gnu/libgobject-2.0.so.0.3200.4
7f56fc3c2000-7f56fc3f7000 r-xp 00000000 08:03 4199999                    /usr/lib/x86_64-linux-gnu/libfontconfig.so.1.5.0
7f56fc3f7000-7f56fc5f7000 ---p 00035000 08:03 4199999                    /usr/lib/x86_64-linux-gnu/libfontconfig.so.1.5.0
7f56fc5f7000-7f56fc5f8000 r--p 00035000 08:03 4199999                    /usr/lib/x86_64-linux-gnu/libfontconfig.so.1.5.0
7f56fc5f8000-7f56fc5f9000 rw-p 00036000 08:03 4199999                    /usr/lib/x86_64-linux-gnu/libfontconfig.so.1.5.0
7f56fc5f9000-7f56fc692000 r-xp 00000000 08:03 4200007                    /usr/lib/x86_64-linux-gnu/libfreetype.so.6.8.1
7f56fc692000-7f56fc891000 ---p 00099000 08:03 4200007                    /usr/lib/x86_64-linux-gnu/libfreetype.so.6.8.1
7f56fc891000-7f56fc897000 r--p 00098000 08:03 4200007                    /usr/lib/x86_64-linux-gnu/libfreetype.so.6.8.1
7f56fc897000-7f56fc898000 rw-p 0009e000 08:03 4200007                    /usr/lib/x86_64-linux-gnu/libfreetype.so.6.8.1
7f56fc898000-7f56fc8e2000 r-xp 00000000 08:03 4200313                    /usr/lib/x86_64-linux-gnu/libpango-1.0.so.0.3000.0
7f56fc8e2000-7f56fcae2000 ---p 0004a000 08:03 4200313                    /usr/lib/x86_64-linux-gnu/libpango-1.0.so.0.3000.0
7f56fcae2000-7f56fcae4000 r--p 0004a000 08:03 4200313                    /usr/lib/x86_64-linux-gnu/libpango-1.0.so.0.3000.0
7f56fcae4000-7f56fcae5000 rw-p 0004c000 08:03 4200313                    /usr/lib/x86_64-linux-gnu/libpango-1.0.so.0.3000.0
7f56fcae5000-7f56fcbd9000 r-xp 00000000 08:03 4199843                    /usr/lib/x86_64-linux-gnu/libcairo.so.2.11200.2
7f56fcbd9000-7f56fcdd8000 ---p 000f4000 08:03 4199843                    /usr/lib/x86_64-linux-gnu/libcairo.so.2.11200.2
7f56fcdd8000-7f56fcddb000 r--p 000f3000 08:03 4199843                    /usr/lib/x86_64-linux-gnu/libcairo.so.2.11200.2
7f56fcddb000-7f56fcddc000 rw-p 000f6000 08:03 4199843                    /usr/lib/x86_64-linux-gnu/libcairo.so.2.11200.2
7f56fcddc000-7f56fcdde000 rw-p 00000000 00:00 0 
7f56fcdde000-7f56fcdfd000 r-xp 00000000 08:03 4200030                    /usr/lib/x86_64-linux-gnu/libgdk_pixbuf-2.0.so.0.2600.1
7f56fcdfd000-7f56fcffc000 ---p 0001f000 08:03 4200030                    /usr/lib/x86_64-linux-gnu/libgdk_pixbuf-2.0.so.0.2600.1
7f56fcffc000-7f56fcffd000 r--p 0001e000 08:03 4200030                    /usr/lib/x86_64-linux-gnu/libgdk_pixbuf-2.0.so.0.2600.1
7f56fcffd000-7f56fcffe000 rw-p 0001f000 08:03 4200030                    /usr/lib/x86_64-linux-gnu/libgdk_pixbuf-2.0.so.0.2600.1
7f56fcffe000-7f56fd00a000 r-xp 00000000 08:03 4200315                    /usr/lib/x86_64-linux-gnu/libpangocairo-1.0.so.0.3000.0
7f56fd00a000-7f56fd209000 ---p 0000c000 08:03 4200315                    /usr/lib/x86_64-linux-gnu/libpangocairo-1.0.so.0.3000.0
7f56fd209000-7f56fd20a000 r--p 0000b000 08:03 4200315                    /usr/lib/x86_64-linux-gnu/libpangocairo-1.0.so.0.3000.0
7f56fd20a000-7f56fd20b000 rw-p 0000c000 08:03 4200315                    /usr/lib/x86_64-linux-gnu/libpangocairo-1.0.so.0.3000.0
7f56fd20b000-7f56fd235000 r-xp 00000000 08:03 4200317                    /usr/lib/x86_64-linux-gnu/libpangoft2-1.0.so.0.3000.0
7f56fd235000-7f56fd434000 ---p 0002a000 08:03 4200317                    /usr/lib/x86_64-linux-gnu/libpangoft2-1.0.so.0.3000.0
7f56fd434000-7f56fd435000 r--p 00029000 08:03 4200317                    /usr/lib/x86_64-linux-gnu/libpangoft2-1.0.so.0.3000.0
7f56fd435000-7f56fd436000 rw-p 0002a000 08:03 4200317                    /usr/lib/x86_64-linux-gnu/libpangoft2-1.0.so.0.3000.0
7f56fd436000-7f56fd582000 r-xp 00000000 08:03 4200042                    /usr/lib/x86_64-linux-gnu/libgio-2.0.so.0.3200.4
7f56fd582000-7f56fd781000 ---p 0014c000 08:03 4200042                    /usr/lib/x86_64-linux-gnu/libgio-2.0.so.0.3200.4
7f56fd781000-7f56fd785000 r--p 0014b000 08:03 4200042                    /usr/lib/x86_64-linux-gnu/libgio-2.0.so.0.3200.4
7f56fd785000-7f56fd787000 rw-p 0014f000 08:03 4200042                    /usr/lib/x86_64-linux-gnu/libgio-2.0.so.0.3200.4
7f56fd787000-7f56fd789000 rw-p 00000000 00:00 0 
7f56fd789000-7f56fd7aa000 r-xp 00000000 08:03 4199799                    /usr/lib/x86_64-linux-gnu/libatk-1.0.so.0.20409.1
7f56fd7aa000-7f56fd9a9000 ---p 00021000 08:03 4199799                    /usr/lib/x86_64-linux-gnu/libatk-1.0.so.0.20409.1
7f56fd9a9000-7f56fd9ab000 r--p 00020000 08:03 4199799                    /usr/lib/x86_64-linux-gnu/libatk-1.0.so.0.20409.1
7f56fd9ab000-7f56fd9ac000 rw-p 00022000 08:03 4199799                    /usr/lib/x86_64-linux-gnu/libatk-1.0.so.0.20409.1
7f56fd9ac000-7f56fda5b000 r-xp 00000000 08:03 4200028                    /usr/lib/x86_64-linux-gnu/libgdk-x11-2.0.so.0.2400.10
7f56fda5b000-7f56fdc5a000 ---p 000af000 08:03 4200028                    /usr/lib/x86_64-linux-gnu/libgdk-x11-2.0.so.0.2400.10
7f56fdc5a000-7f56fdc5f000 rw-p 000ae000 08:03 4200028                    /usr/lib/x86_64-linux-gnu/libgdk-x11-2.0.so.0.2400.10
7f56fdc5f000-7f56fe091000 r-xp 00000000 08:03 4200141                    /usr/lib/x86_64-linux-gnu/libgtk-x11-2.0.so.0.2400.10
7f56fe091000-7f56fe291000 ---p 00432000 08:03 4200141                    /usr/lib/x86_64-linux-gnu/libgtk-x11-2.0.so.0.2400.10
7f56fe291000-7f56fe29c000 rw-p 00432000 08:03 4200141                    /usr/lib/x86_64-linux-gnu/libgtk-x11-2.0.so.0.2400.10
7f56fe29c000-7f56fe29e000 rw-p 00000000 00:00 0 
7f56fe29e000-7f56fe2ac000 r-xp 00000000 08:03 4199751                    /usr/lib/x86_64-linux-gnu/libXi.so.6.1.0
7f56fe2ac000-7f56fe4ac000 ---p 0000e000 08:03 4199751                    /usr/lib/x86_64-linux-gnu/libXi.so.6.1.0
7f56fe4ac000-7f56fe4ad000 rw-p 0000e000 08:03 4199751                    /usr/lib/x86_64-linux-gnu/libXi.so.6.1.0
7f56fe4ad000-7f56fe4b2000 r-xp 00000000 08:03 4199769                    /usr/lib/x86_64-linux-gnu/libXtst.so.6.1.0
7f56fe4b2000-7f56fe6b1000 ---p 00005000 08:03 4199769                    /usr/lib/x86_64-linux-gnu/libXtst.so.6.1.0
7f56fe6b1000-7f56fe6b2000 rw-p 00004000 08:03 4199769                    /usr/lib/x86_64-linux-gnu/libXtst.so.6.1.0
7f56fe6b2000-7f56fe6bb000 r-xp 00000000 08:03 4199763                    /usr/lib/x86_64-linux-gnu/libXrender.so.1.3.0
7f56fe6bb000-7f56fe8ba000 ---p 00009000 08:03 4199763                    /usr/lib/x86_64-linux-gnu/libXrender.so.1.3.0
7f56fe8ba000-7f56fe8bb000 rw-p 00008000 08:03 4199763                    /usr/lib/x86_64-linux-gnu/libXrender.so.1.3.0
7f56fe8bb000-7f56fe9f0000 r-xp 00000000 08:03 4199728                    /usr/lib/x86_64-linux-gnu/libX11.so.6.3.0
7f56fe9f0000-7f56febf0000 ---p 00135000 08:03 4199728                    /usr/lib/x86_64-linux-gnu/libX11.so.6.3.0
7f56febf0000-7f56febf6000 rw-p 00135000 08:03 4199728                    /usr/lib/x86_64-linux-gnu/libX11.so.6.3.0
7f56febf6000-7f56fec07000 r-xp 00000000 08:03 4199745                    /usr/lib/x86_64-linux-gnu/libXext.so.6.4.0
7f56fec07000-7f56fee07000 ---p 00011000 08:03 4199745                    /usr/lib/x86_64-linux-gnu/libXext.so.6.4.0
7f56fee07000-7f56fee08000 rw-p 00011000 08:03 4199745                    /usr/lib/x86_64-linux-gnu/libXext.so.6.4.0
7f56fee08000-7f56fee5b000 r-xp 00000000 08:03 3934319                    /usr/lib/jvm/java-7-openjdk-amd64/jre/lib/amd64/xawt/libmawt.so
7f56fee5b000-7f56ff05a000 ---p 00053000 08:03 3934319                    /usr/lib/jvm/java-7-openjdk-amd64/jre/lib/amd64/xawt/libmawt.so
7f56ff05a000-7f56ff05b000 r--p 00052000 08:03 3934319                    /usr/lib/jvm/java-7-openjdk-amd64/jre/lib/amd64/xawt/libmawt.so
7f56ff05b000-7f56ff05e000 rw-p 00053000 08:03 3934319                    /usr/lib/jvm/java-7-openjdk-amd64/jre/lib/amd64/xawt/libmawt.so
7f56ff05e000-7f56ff05f000 rw-p 00000000 00:00 0 
7f56ff05f000-7f56ff100000 r-xp 00000000 08:03 3934218                    /usr/lib/jvm/java-7-openjdk-amd64/jre/lib/amd64/libawt.so
7f56ff100000-7f56ff2ff000 ---p 000a1000 08:03 3934218                    /usr/lib/jvm/java-7-openjdk-amd64/jre/lib/amd64/libawt.so
7f56ff2ff000-7f56ff300000 r--p 000a0000 08:03 3934218                    /usr/lib/jvm/java-7-openjdk-amd64/jre/lib/amd64/libawt.so
7f56ff300000-7f56ff30b000 rw-p 000a1000 08:03 3934218                    /usr/lib/jvm/java-7-openjdk-amd64/jre/lib/amd64/libawt.so
7f56ff30b000-7f56ff330000 rw-p 00000000 00:00 0 
7f56ff330000-7f56ff36d000 r-xp 00000000 08:03 10486182                   /tmp/libgdxchobe/5502b6ed/libgdx64.so
7f56ff36d000-7f56ff56c000 ---p 0003d000 08:03 10486182                   /tmp/libgdxchobe/5502b6ed/libgdx64.so
7f56ff56c000-7f56ff56d000 r--p 0003c000 08:03 10486182                   /tmp/libgdxchobe/5502b6ed/libgdx64.so
7f56ff56d000-7f56ff56e000 rw-p 0003d000 08:03 10486182                   /tmp/libgdxchobe/5502b6ed/libgdx64.so
7f56ff56e000-7f56ff56f000 ---p 00000000 00:00 0 
7f56ff56f000-7f56ff66f000 rw-p 00000000 00:00 0 
7f56ff66f000-7f56ff672000 ---p 00000000 00:00 0 
7f56ff672000-7f56ff770000 rw-p 00000000 00:00 0 
7f56ff770000-7f56ff773000 ---p 00000000 00:00 0 
7f56ff773000-7f56ff871000 rw-p 00000000 00:00 0 
7f56ff871000-7f56ff874000 ---p 00000000 00:00 0 
7f56ff874000-7f56ff972000 rw-p 00000000 00:00 0 
7f56ff972000-7f56ff975000 ---p 00000000 00:00 0 
7f56ff975000-7f56ffa73000 rw-p 00000000 00:00 0 
7f56ffa73000-7f56ffbfc000 r--p 00000000 08:03 4067802                    /usr/lib/locale/locale-archive
7f56ffbfc000-7f56ffbff000 ---p 00000000 00:00 0 
7f56ffbff000-7f56ffcfd000 rw-p 00000000 00:00 0 
7f56ffcfd000-7f56ffd00000 ---p 00000000 00:00 0 
7f56ffd00000-7f56ffdfe000 rw-p 00000000 00:00 0 
7f56ffdfe000-7f56ffdff000 ---p 00000000 00:00 0 
7f56ffdff000-7f5700000000 rw-p 00000000 00:00 0 
7f5700000000-7f5700021000 rw-p 00000000 00:00 0 
7f5700021000-7f5704000000 ---p 00000000 00:00 0 
7f5704033000-7f57040b0000 rw-p 00000000 00:00 0 
7f57040b0000-7f57040b3000 ---p 00000000 00:00 0 
7f57040b3000-7f5704fe5000 rw-p 00000000 00:00 0 
7f5704fe5000-7f5705193000 r--s 01cfc000 08:03 3934153                    /usr/lib/jvm/java-7-openjdk-amd64/jre/lib/rt.jar
7f5705193000-7f57077f4000 rw-p 00000000 00:00 0 
7f57077f4000-7f57077f5000 ---p 00000000 00:00 0 
7f57077f5000-7f57078f5000 rw-p 00000000 00:00 0 
7f57078f5000-7f57078f6000 ---p 00000000 00:00 0 
7f57078f6000-7f57079f6000 rw-p 00000000 00:00 0 
7f57079f6000-7f57079f7000 ---p 00000000 00:00 0 
7f57079f7000-7f5707af7000 rw-p 00000000 00:00 0 
7f5707af7000-7f5707af8000 ---p 00000000 00:00 0 
7f5707af8000-7f5707c0d000 rw-p 00000000 00:00 0 
7f5707c0d000-7f5707d3e000 rw-p 00000000 00:00 0 
7f5707d3e000-7f5707d49000 rw-p 00000000 00:00 0 
7f5707d49000-7f5707d91000 rw-p 00000000 00:00 0 
7f5707d91000-7f5707da6000 rw-p 00000000 00:00 0 
7f5707da6000-7f5707ed6000 rw-p 00000000 00:00 0 
7f5707ed6000-7f5707ee1000 rw-p 00000000 00:00 0 
7f5707ee1000-7f5707f79000 rw-p 00000000 00:00 0 
7f5707f79000-7f5707f7a000 rw-p 00000000 00:00 0 
7f5707f7a000-7f57081ea000 rwxp 00000000 00:00 0 
7f57081ea000-7f570af7a000 rw-p 00000000 00:00 0 
7f570af7a000-7f570af82000 r-xp 00000000 08:03 3934210                    /usr/lib/jvm/java-7-openjdk-amd64/jre/lib/amd64/libzip.so
7f570af82000-7f570b181000 ---p 00008000 08:03 3934210                    /usr/lib/jvm/java-7-openjdk-amd64/jre/lib/amd64/libzip.so
7f570b181000-7f570b182000 r--p 00007000 08:03 3934210                    /usr/lib/jvm/java-7-openjdk-amd64/jre/lib/amd64/libzip.so
7f570b182000-7f570b183000 rw-p 00008000 08:03 3934210                    /usr/lib/jvm/java-7-openjdk-amd64/jre/lib/amd64/libzip.so
7f570b183000-7f570b18e000 r-xp 00000000 08:03 12192223                   /lib/x86_64-linux-gnu/libnss_files-2.19.so
7f570b18e000-7f570b38d000 ---p 0000b000 08:03 12192223                   /lib/x86_64-linux-gnu/libnss_files-2.19.so
7f570b38d000-7f570b38e000 r--p 0000a000 08:03 12192223                   /lib/x86_64-linux-gnu/libnss_files-2.19.so
7f570b38e000-7f570b38f000 rw-p 0000b000 08:03 12192223                   /lib/x86_64-linux-gnu/libnss_files-2.19.so
7f570b38f000-7f570b399000 r-xp 00000000 08:03 12192211                   /lib/x86_64-linux-gnu/libnss_nis-2.19.so
7f570b399000-7f570b598000 ---p 0000a000 08:03 12192211                   /lib/x86_64-linux-gnu/libnss_nis-2.19.so
7f570b598000-7f570b599000 r--p 00009000 08:03 12192211                   /lib/x86_64-linux-gnu/libnss_nis-2.19.so
7f570b599000-7f570b59a000 rw-p 0000a000 08:03 12192211                   /lib/x86_64-linux-gnu/libnss_nis-2.19.so
7f570b59a000-7f570b5af000 r-xp 00000000 08:03 12192215                   /lib/x86_64-linux-gnu/libnsl-2.19.so
7f570b5af000-7f570b7ae000 ---p 00015000 08:03 12192215                   /lib/x86_64-linux-gnu/libnsl-2.19.so
7f570b7ae000-7f570b7af000 r--p 00014000 08:03 12192215                   /lib/x86_64-linux-gnu/libnsl-2.19.so
7f570b7af000-7f570b7b0000 rw-p 00015000 08:03 12192215                   /lib/x86_64-linux-gnu/libnsl-2.19.so
7f570b7b0000-7f570b7b2000 rw-p 00000000 00:00 0 
7f570b7b2000-7f570b7b9000 r-xp 00000000 08:03 12192212                   /lib/x86_64-linux-gnu/libnss_compat-2.19.so
7f570b7b9000-7f570b9b8000 ---p 00007000 08:03 12192212                   /lib/x86_64-linux-gnu/libnss_compat-2.19.so
7f570b9b8000-7f570b9b9000 r--p 00006000 08:03 12192212                   /lib/x86_64-linux-gnu/libnss_compat-2.19.so
7f570b9b9000-7f570b9ba000 rw-p 00007000 08:03 12192212                   /lib/x86_64-linux-gnu/libnss_compat-2.19.so
7f570b9ba000-7f570b9e5000 r-xp 00000000 08:03 3934215                    /usr/lib/jvm/java-7-openjdk-amd64/jre/lib/amd64/libjava.so
7f570b9e5000-7f570bbe4000 ---p 0002b000 08:03 3934215                    /usr/lib/jvm/java-7-openjdk-amd64/jre/lib/amd64/libjava.so
7f570bbe4000-7f570bbe5000 r--p 0002a000 08:03 3934215                    /usr/lib/jvm/java-7-openjdk-amd64/jre/lib/amd64/libjava.so
7f570bbe5000-7f570bbe7000 rw-p 0002b000 08:03 3934215                    /usr/lib/jvm/java-7-openjdk-amd64/jre/lib/amd64/libjava.so
7f570bbe7000-7f570bbf6000 r-xp 00000000 08:03 3934216                    /usr/lib/jvm/java-7-openjdk-amd64/jre/lib/amd64/libverify.so
7f570bbf6000-7f570bdf5000 ---p 0000f000 08:03 3934216                    /usr/lib/jvm/java-7-openjdk-amd64/jre/lib/amd64/libverify.so
7f570bdf5000-7f570bdf7000 r--p 0000e000 08:03 3934216                    /usr/lib/jvm/java-7-openjdk-amd64/jre/lib/amd64/libverify.so
7f570bdf7000-7f570bdf8000 rw-p 00010000 08:03 3934216                    /usr/lib/jvm/java-7-openjdk-amd64/jre/lib/amd64/libverify.so
7f570bdf8000-7f570bdff000 r-xp 00000000 08:03 12192213                   /lib/x86_64-linux-gnu/librt-2.19.so
7f570bdff000-7f570bffe000 ---p 00007000 08:03 12192213                   /lib/x86_64-linux-gnu/librt-2.19.so
7f570bffe000-7f570bfff000 r--p 00006000 08:03 12192213                   /lib/x86_64-linux-gnu/librt-2.19.so
7f570bfff000-7f570c000000 rw-p 00007000 08:03 12192213                   /lib/x86_64-linux-gnu/librt-2.19.so
7f570c000000-7f570c34a000 rw-p 00000000 00:00 0 
7f570c34a000-7f5710000000 ---p 00000000 00:00 0 
7f571000c000-7f571000d000 rw-s 00005000 00:05 7289                       /dev/ati/card0
7f571000d000-7f571001d000 rw-s e0200000 00:05 7289                       /dev/ati/card0
7f571001d000-7f571001f000 rw-s 00002000 00:05 7289                       /dev/ati/card0
7f571001f000-7f5710026000 r--s 00000000 08:03 4206154                    /usr/lib/x86_64-linux-gnu/gconv/gconv-modules.cache
7f5710026000-7f571002f000 r--s 000b9000 08:03 3934170                    /usr/lib/jvm/java-7-openjdk-amd64/jre/lib/resources.jar
7f571002f000-7f5710034000 r--s 0004c000 08:03 3934152                    /usr/lib/jvm/java-7-openjdk-amd64/jre/lib/jsse.jar
7f5710034000-7f5710035000 r--s 00002000 08:03 10488693                   /home/chobe/.gradle/caches/modules-2/files-2.1/net.java.jinput/jinput-platform/2.0.5/53f9c919f34d2ca9de8c51fc4e1e8282029a9232/jinput-platform-2.0.5-natives-osx.jar
7f5710035000-7f5710036000 r--s 00025000 08:03 10488692                   /home/chobe/.gradle/caches/modules-2/files-2.1/net.java.jinput/jinput-platform/2.0.5/385ee093e01f587f30ee1c8a2ee7d408fd732e16/jinput-platform-2.0.5-natives-windows.jar
7f5710036000-7f5710037000 r--s 00002000 08:03 10488691                   /home/chobe/.gradle/caches/modules-2/files-2.1/net.java.jinput/jinput-platform/2.0.5/7ff832a6eb9ab6a767f1ade2b548092d0fa64795/jinput-platform-2.0.5-natives-linux.jar
7f5710037000-7f5710038000 r--s 00001000 08:03 10488690                   /home/chobe/.gradle/caches/modules-2/files-2.1/net.java.jutils/jutils/1.0.0/e12fe1fda814bd348c1579329c86943d2cd3c6a6/jutils-1.0.0.jar
7f5710038000-7f571003c000 r--s 0002f000 08:03 10488689                   /home/chobe/.gradle/caches/modules-2/files-2.1/net.java.jinput/jinput/2.0.5/39c7796b469a600f72380316f6b1f11db6c2c7c4/jinput-2.0.5.jar
7f571003c000-7f571003d000 r--s 00080000 08:03 10488688                   /home/chobe/.gradle/caches/modules-2/files-2.1/org.lwjgl.lwjgl/lwjgl-platform/2.9.1/2d12c83fdfbc04ecabf02c7bc8cc54d034f0daac/lwjgl-platform-2.9.1-natives-osx.jar
7f571003d000-7f571003e000 r--s 0008b000 08:03 10488687                   /home/chobe/.gradle/caches/modules-2/files-2.1/org.lwjgl.lwjgl/lwjgl-platform/2.9.1/aa9aae879af8eb378e22cfc64db56ec2ca9a44d1/lwjgl-platform-2.9.1-natives-linux.jar
7f571003e000-7f571003f000 r--s 00095000 08:03 10488686                   /home/chobe/.gradle/caches/modules-2/files-2.1/org.lwjgl.lwjgl/lwjgl-platform/2.9.1/4c517eca808522457dd95ee8fc1fbcdbb602efbe/lwjgl-platform-2.9.1-natives-windows.jar
7f571003f000-7f5710041000 r--s 00017000 08:03 10488685                   /home/chobe/.gradle/caches/modules-2/files-2.1/org.jcraft/jorbis/0.0.17/8872d22b293e8f5d7d56ff92be966e6dc28ebdc6/jorbis-0.0.17.jar
7f5710041000-7f5710042000 r--s 00015000 08:03 10488684                   /home/chobe/.gradle/caches/modules-2/files-2.1/com.badlogicgames.jlayer/jlayer/1.0.1-gdx/7cca83cec5c1b2f011362f4d85aabd71a73b049d/jlayer-1.0.1-gdx.jar
7f5710042000-7f5710046000 r--s 00027000 08:03 10488683                   /home/chobe/.gradle/caches/modules-2/files-2.1/org.lwjgl.lwjgl/lwjgl_util/2.9.1/290d7ba8a1bd9566f5ddf16ad06f09af5ec9b20e/lwjgl_util-2.9.1.jar
7f5710046000-7f5710054000 r--s 000ea000 08:03 10488682                   /home/chobe/.gradle/caches/modules-2/files-2.1/org.lwjgl.lwjgl/lwjgl/2.9.1/f58c5aabcef0e41718a564be9f8e412fff8db847/lwjgl-2.9.1.jar
7f5710054000-7f5710069000 r--s 00153000 08:03 10488660                   /home/chobe/.gradle/caches/modules-2/files-2.1/com.badlogicgames.gdx/gdx/1.1.0/686f5a609c717eb0769d3b954c501a49bf4fe351/gdx-1.1.0.jar
7f5710069000-7f571006a000 r--s 000cd000 08:03 10488678                   /home/chobe/.gradle/caches/modules-2/files-2.1/com.badlogicgames.gdx/gdx-platform/1.1.0/1c7ea4239c2d9adda420c15985fe3885c481fdcf/gdx-platform-1.1.0-natives-desktop.jar
7f571006a000-7f57100f8000 rw-p 00000000 00:00 0 
7f57100f8000-7f5710140000 rw-p 00000000 00:00 0 
7f5710140000-7f5710155000 r-xp 00000000 08:03 12190593                   /lib/x86_64-linux-gnu/libgcc_s.so.1
7f5710155000-7f5710355000 ---p 00015000 08:03 12190593                   /lib/x86_64-linux-gnu/libgcc_s.so.1
7f5710355000-7f5710356000 rw-p 00015000 08:03 12190593                   /lib/x86_64-linux-gnu/libgcc_s.so.1
7f5710356000-7f5710456000 r-xp 00000000 08:03 12192221                   /lib/x86_64-linux-gnu/libm-2.19.so
7f5710456000-7f5710655000 ---p 00100000 08:03 12192221                   /lib/x86_64-linux-gnu/libm-2.19.so
7f5710655000-7f5710656000 r--p 000ff000 08:03 12192221                   /lib/x86_64-linux-gnu/libm-2.19.so
7f5710656000-7f5710657000 rw-p 00100000 08:03 12192221                   /lib/x86_64-linux-gnu/libm-2.19.so
7f5710657000-7f571073f000 r-xp 00000000 08:03 4200440                    /usr/lib/x86_64-linux-gnu/libstdc++.so.6.0.17
7f571073f000-7f571093f000 ---p 000e8000 08:03 4200440                    /usr/lib/x86_64-linux-gnu/libstdc++.so.6.0.17
7f571093f000-7f5710947000 r--p 000e8000 08:03 4200440                    /usr/lib/x86_64-linux-gnu/libstdc++.so.6.0.17
7f5710947000-7f5710949000 rw-p 000f0000 08:03 4200440                    /usr/lib/x86_64-linux-gnu/libstdc++.so.6.0.17
7f5710949000-7f571095e000 rw-p 00000000 00:00 0 
7f571095e000-7f5711427000 r-xp 00000000 08:03 3934204                    /usr/lib/jvm/java-7-openjdk-amd64/jre/lib/amd64/server/libjvm.so
7f5711427000-7f5711627000 ---p 00ac9000 08:03 3934204                    /usr/lib/jvm/java-7-openjdk-amd64/jre/lib/amd64/server/libjvm.so
7f5711627000-7f57116bf000 r--p 00ac9000 08:03 3934204                    /usr/lib/jvm/java-7-openjdk-amd64/jre/lib/amd64/server/libjvm.so
7f57116bf000-7f57116e2000 rw-p 00b61000 08:03 3934204                    /usr/lib/jvm/java-7-openjdk-amd64/jre/lib/amd64/server/libjvm.so
7f57116e2000-7f571170f000 rw-p 00000000 00:00 0 
7f571170f000-7f5711726000 r-xp 00000000 08:03 12192203                   /lib/x86_64-linux-gnu/libz.so.1.2.8
7f5711726000-7f5711925000 ---p 00017000 08:03 12192203                   /lib/x86_64-linux-gnu/libz.so.1.2.8
7f5711925000-7f5711926000 r--p 00016000 08:03 12192203                   /lib/x86_64-linux-gnu/libz.so.1.2.8
7f5711926000-7f5711927000 rw-p 00017000 08:03 12192203                   /lib/x86_64-linux-gnu/libz.so.1.2.8
7f5711927000-7f5711ac6000 r-xp 00000000 08:03 12192214                   /lib/x86_64-linux-gnu/libc-2.19.so
7f5711ac6000-7f5711cc6000 ---p 0019f000 08:03 12192214                   /lib/x86_64-linux-gnu/libc-2.19.so
7f5711cc6000-7f5711cca000 r--p 0019f000 08:03 12192214                   /lib/x86_64-linux-gnu/libc-2.19.so
7f5711cca000-7f5711ccc000 rw-p 001a3000 08:03 12192214                   /lib/x86_64-linux-gnu/libc-2.19.so
7f5711ccc000-7f5711cd0000 rw-p 00000000 00:00 0 
7f5711cd0000-7f5711cd3000 r-xp 00000000 08:03 12192219                   /lib/x86_64-linux-gnu/libdl-2.19.so
7f5711cd3000-7f5711ed2000 ---p 00003000 08:03 12192219                   /lib/x86_64-linux-gnu/libdl-2.19.so
7f5711ed2000-7f5711ed3000 r--p 00002000 08:03 12192219                   /lib/x86_64-linux-gnu/libdl-2.19.so
7f5711ed3000-7f5711ed4000 rw-p 00003000 08:03 12192219                   /lib/x86_64-linux-gnu/libdl-2.19.so
7f5711ed4000-7f5711ee1000 r-xp 00000000 08:03 3934207                    /usr/lib/jvm/java-7-openjdk-amd64/jre/lib/amd64/jli/libjli.so
7f5711ee1000-7f57120e0000 ---p 0000d000 08:03 3934207                    /usr/lib/jvm/java-7-openjdk-amd64/jre/lib/amd64/jli/libjli.so
7f57120e0000-7f57120e1000 r--p 0000c000 08:03 3934207                    /usr/lib/jvm/java-7-openjdk-amd64/jre/lib/amd64/jli/libjli.so
7f57120e1000-7f57120e2000 rw-p 0000d000 08:03 3934207                    /usr/lib/jvm/java-7-openjdk-amd64/jre/lib/amd64/jli/libjli.so
7f57120e2000-7f57120fa000 r-xp 00000000 08:03 12192218                   /lib/x86_64-linux-gnu/libpthread-2.19.so
7f57120fa000-7f57122f9000 ---p 00018000 08:03 12192218                   /lib/x86_64-linux-gnu/libpthread-2.19.so
7f57122f9000-7f57122fa000 r--p 00017000 08:03 12192218                   /lib/x86_64-linux-gnu/libpthread-2.19.so
7f57122fa000-7f57122fb000 rw-p 00018000 08:03 12192218                   /lib/x86_64-linux-gnu/libpthread-2.19.so
7f57122fb000-7f57122ff000 rw-p 00000000 00:00 0 
7f57122ff000-7f571231f000 r-xp 00000000 08:03 12192217                   /lib/x86_64-linux-gnu/ld-2.19.so
7f571231f000-7f5712322000 r--s 0001f000 08:03 10488677                   /home/chobe/.gradle/caches/modules-2/files-2.1/com.badlogicgames.gdx/gdx-backend-lwjgl/1.1.0/eafa409559820c1696e165e1280435f1332fc32b/gdx-backend-lwjgl-1.1.0.jar
7f5712322000-7f5712325000 r--s 0001e000 08:01 772750                     /media/winDisk/Users/ChobeDucket/Documents/sheep/core/build/libs/core-1.0.jar
7f5712325000-7f5712329000 r--s 0003b000 08:03 3934173                    /usr/lib/jvm/java-7-openjdk-amd64/jre/lib/ext/sunpkcs11.jar
7f5712329000-7f571232a000 r--s 00002000 08:03 3934178                    /usr/lib/jvm/java-7-openjdk-amd64/jre/lib/ext/dnsns.jar
7f571232a000-7f571232d000 r--s 00032000 08:03 3934176                    /usr/lib/jvm/java-7-openjdk-amd64/jre/lib/ext/sunjce_provider.jar
7f571232d000-7f571232f000 r--s 0000f000 08:03 3934175                    /usr/lib/jvm/java-7-openjdk-amd64/jre/lib/ext/pulse-java.jar
7f571232f000-7f5712331000 r--s 00012000 08:03 3934174                    /usr/lib/jvm/java-7-openjdk-amd64/jre/lib/ext/zipfs.jar
7f5712331000-7f5712335000 r--s 00085000 08:03 3934172                    /usr/lib/jvm/java-7-openjdk-amd64/jre/lib/ext/localedata.jar
7f5712335000-7f5712336000 r--s 00007000 08:03 5645676                    /usr/share/java/java-atk-wrapper.jar
7f5712336000-7f5712340000 rw-p 00000000 00:00 0 
7f5712340000-7f57123f6000 rw-p 00000000 00:00 0 
7f57123f6000-7f57123f9000 ---p 00000000 00:00 0 
7f57123f9000-7f5712513000 rw-p 00000000 00:00 0 
7f5712513000-7f571251b000 rw-s 00000000 08:03 10490934                   /tmp/hsperfdata_chobe/12990 (deleted)
7f571251b000-7f571251c000 rw-p 00000000 00:00 0 
7f571251c000-7f571251d000 ---p 00000000 00:00 0 
7f571251d000-7f571251f000 rw-p 00000000 00:00 0 
7f571251f000-7f5712520000 r--p 00020000 08:03 12192217                   /lib/x86_64-linux-gnu/ld-2.19.so
7f5712520000-7f5712521000 rw-p 00021000 08:03 12192217                   /lib/x86_64-linux-gnu/ld-2.19.so
7f5712521000-7f5712522000 rw-p 00000000 00:00 0 
7fff78df2000-7fff78e14000 rw-p 00000000 00:00 0                          [stack]
7fff78ef7000-7fff78ef8000 r-xp 00000000 00:00 0                          [vdso]
ffffffffff600000-ffffffffff601000 r-xp 00000000 00:00 0                  [vsyscall]

VM Arguments:
jvm_args: -Dfile.encoding=UTF-8 
java_command: com.mygdx.sheep.desktop.DesktopLauncher
Launcher Type: SUN_STANDARD

Environment Variables:
PATH=/usr/local/bin:/usr/bin:/bin:/usr/local/games:/usr/games:/home/chobe/.local/bin:/home/chobe/sdks/adt-bundle-linux-x86_64-20140321/sdk//platform-tools/adb:/home/chobe/sdks/adt-bundle-linux-x86_64-20140321/sdk//platform-tools/
USERNAME=chobe
SHELL=/bin/bash
DISPLAY=:0

Signal Handlers:
SIGSEGV: [libjvm.so+0x8f9750], sa_mask[0]=0x7ffbfeff, sa_flags=0x10000004
SIGBUS: [libjvm.so+0x8f9750], sa_mask[0]=0x7ffbfeff, sa_flags=0x10000004
SIGFPE: [libjvm.so+0x7827c0], sa_mask[0]=0x7ffbfeff, sa_flags=0x10000004
SIGPIPE: [libjvm.so+0x7827c0], sa_mask[0]=0x7ffbfeff, sa_flags=0x10000004
SIGXFSZ: [libjvm.so+0x7827c0], sa_mask[0]=0x7ffbfeff, sa_flags=0x10000004
SIGILL: [libjvm.so+0x7827c0], sa_mask[0]=0x7ffbfeff, sa_flags=0x10000004
SIGUSR1: SIG_DFL, sa_mask[0]=0x00000000, sa_flags=0x00000000
SIGUSR2: [libjvm.so+0x782ab0], sa_mask[0]=0x00000004, sa_flags=0x10000004
SIGHUP: [libjvm.so+0x782c20], sa_mask[0]=0x7ffbfeff, sa_flags=0x10000004
SIGINT: [libjvm.so+0x782c20], sa_mask[0]=0x7ffbfeff, sa_flags=0x10000004
SIGTERM: [libjvm.so+0x782c20], sa_mask[0]=0x7ffbfeff, sa_flags=0x10000004
SIGQUIT: [libjvm.so+0x782c20], sa_mask[0]=0x7ffbfeff, sa_flags=0x10000004


---------------  S Y S T E M  ---------------

OS:7.5

uname:Linux 3.2.0-4-amd64 #1 SMP Debian 3.2.57-3+deb7u1 x86_64
libc:glibc 2.19 NPTL 2.19 
rlimit: STACK 8192k, CORE 0k, NPROC 31105, NOFILE 4096, AS infinity
load average:1.31 1.29 1.08

/proc/meminfo:
MemTotal:        3993672 kB
MemFree:         1496556 kB
Buffers:           80304 kB
Cached:           615300 kB
SwapCached:       162120 kB
Active:          1430004 kB
Inactive:         775760 kB
Active(anon):     990992 kB
Inactive(anon):   544656 kB
Active(file):     439012 kB
Inactive(file):   231104 kB
Unevictable:           0 kB
Mlocked:               0 kB
SwapTotal:       4120572 kB
SwapFree:        3586468 kB
Dirty:               188 kB
Writeback:             0 kB
AnonPages:       1490836 kB
Mapped:           179744 kB
Shmem:             25424 kB
Slab:              84552 kB
SReclaimable:      55728 kB
SUnreclaim:        28824 kB
KernelStack:        3736 kB
PageTables:        29888 kB
NFS_Unstable:          0 kB
Bounce:                0 kB
WritebackTmp:          0 kB
CommitLimit:     6117408 kB
Committed_AS:    4064704 kB
VmallocTotal:   34359738367 kB
VmallocUsed:      170472 kB
VmallocChunk:   34359561712 kB
HardwareCorrupted:     0 kB
AnonHugePages:         0 kB
HugePages_Total:       0
HugePages_Free:        0
HugePages_Rsvd:        0
HugePages_Surp:        0
Hugepagesize:       2048 kB
DirectMap4k:      988160 kB
DirectMap2M:     3139584 kB


CPU:total 4 (4 cores per cpu, 1 threads per core) family 6 model 15 stepping 11, cmov, cx8, fxsr, mmx, sse, sse2, sse3, ssse3, tsc

/proc/cpuinfo:
processor	: 0
vendor_id	: GenuineIntel
cpu family	: 6
model		: 15
model name	: Intel(R) Core(TM)2 Quad CPU    Q6600  @ 2.40GHz
stepping	: 11
cpu MHz		: 2394.000
cache size	: 4096 KB
physical id	: 0
siblings	: 4
core id		: 0
cpu cores	: 4
apicid		: 0
initial apicid	: 0
fpu		: yes
fpu_exception	: yes
cpuid level	: 10
wp		: yes
flags		: fpu vme de pse tsc msr pae mce cx8 apic sep mtrr pge mca cmov pat pse36 clflush dts acpi mmx fxsr sse sse2 ss ht tm pbe syscall nx lm constant_tsc arch_perfmon pebs bts rep_good nopl aperfmperf pni dtes64 monitor ds_cpl vmx est tm2 ssse3 cx16 xtpr pdcm lahf_lm dtherm tpr_shadow vnmi flexpriority
bogomips	: 4795.82
clflush size	: 64
cache_alignment	: 64
address sizes	: 36 bits physical, 48 bits virtual
power management:

processor	: 1
vendor_id	: GenuineIntel
cpu family	: 6
model		: 15
model name	: Intel(R) Core(TM)2 Quad CPU    Q6600  @ 2.40GHz
stepping	: 11
cpu MHz		: 2394.000
cache size	: 4096 KB
physical id	: 0
siblings	: 4
core id		: 2
cpu cores	: 4
apicid		: 2
initial apicid	: 2
fpu		: yes
fpu_exception	: yes
cpuid level	: 10
wp		: yes
flags		: fpu vme de pse tsc msr pae mce cx8 apic sep mtrr pge mca cmov pat pse36 clflush dts acpi mmx fxsr sse sse2 ss ht tm pbe syscall nx lm constant_tsc arch_perfmon pebs bts rep_good nopl aperfmperf pni dtes64 monitor ds_cpl vmx est tm2 ssse3 cx16 xtpr pdcm lahf_lm dtherm tpr_shadow vnmi flexpriority
bogomips	: 4795.58
clflush size	: 64
cache_alignment	: 64
address sizes	: 36 bits physical, 48 bits virtual
power management:

processor	: 2
vendor_id	: GenuineIntel
cpu family	: 6
model		: 15
model name	: Intel(R) Core(TM)2 Quad CPU    Q6600  @ 2.40GHz
stepping	: 11
cpu MHz		: 1596.000
cache size	: 4096 KB
physical id	: 0
siblings	: 4
core id		: 1
cpu cores	: 4
apicid		: 1
initial apicid	: 1
fpu		: yes
fpu_exception	: yes
cpuid level	: 10
wp		: yes
flags		: fpu vme de pse tsc msr pae mce cx8 apic sep mtrr pge mca cmov pat pse36 clflush dts acpi mmx fxsr sse sse2 ss ht tm pbe syscall nx lm constant_tsc arch_perfmon pebs bts rep_good nopl aperfmperf pni dtes64 monitor ds_cpl vmx est tm2 ssse3 cx16 xtpr pdcm lahf_lm dtherm tpr_shadow vnmi flexpriority
bogomips	: 4795.56
clflush size	: 64
cache_alignment	: 64
address sizes	: 36 bits physical, 48 bits virtual
power management:

processor	: 3
vendor_id	: GenuineIntel
cpu family	: 6
model		: 15
model name	: Intel(R) Core(TM)2 Quad CPU    Q6600  @ 2.40GHz
stepping	: 11
cpu MHz		: 1596.000
cache size	: 4096 KB
physical id	: 0
siblings	: 4
core id		: 3
cpu cores	: 4
apicid		: 3
initial apicid	: 3
fpu		: yes
fpu_exception	: yes
cpuid level	: 10
wp		: yes
flags		: fpu vme de pse tsc msr pae mce cx8 apic sep mtrr pge mca cmov pat pse36 clflush dts acpi mmx fxsr sse sse2 ss ht tm pbe syscall nx lm constant_tsc arch_perfmon pebs bts rep_good nopl aperfmperf pni dtes64 monitor ds_cpl vmx est tm2 ssse3 cx16 xtpr pdcm lahf_lm dtherm tpr_shadow vnmi flexpriority
bogomips	: 4795.57
clflush size	: 64
cache_alignment	: 64
address sizes	: 36 bits physical, 48 bits virtual
power management:



Memory: 4k page, physical 3993672k(1496556k free), swap 4120572k(3586468k free)

vm_info: OpenJDK 64-Bit Server VM (24.51-b03) for linux-amd64 JRE (1.7.0_55-b14), built on May  2 2014 11:33:06 by "buildd" with gcc 4.7.2

time: Sun Jul  6 23:11:49 2014
elapsed time: 63 seconds

