#
# A fatal error has been detected by the Java Runtime Environment:
#
#  SIGSEGV (0xb) at pc=0x00007f1c0173de38, pid=8980, tid=139758507890432
#
# JRE version: OpenJDK Runtime Environment (7.0_55-b14) (build 1.7.0_55-b14)
# Java VM: OpenJDK 64-Bit Server VM (24.51-b03 mixed mode linux-amd64 compressed oops)
# Problematic frame:
# C  [libX11.so.6+0x3ae38]  XQueryExtension+0x28
#
# Failed to write core dump. Core dumps have been disabled. To enable core dumping, try "ulimit -c unlimited" before starting Java again
#
# If you would like to submit a bug report, please include
# instructions on how to reproduce the bug and visit:
#   http://icedtea.classpath.org/bugzilla
#

---------------  T H R E A D  ---------------

Current thread (0x00007f1c0c076800):  VMThread [stack: 0x00007f1c10279000,0x00007f1c1037a000] [id=8991]

siginfo:si_signo=SIGSEGV: si_errno=0, si_code=1 (SEGV_MAPERR), si_addr=0xffffffffb0017938

Registers:
RAX=0x00007f1bf0000b10, RBX=0xffffffffb0016fd0, RCX=0x00007f1c103786e8, RDX=0x00007f1c103786e4
RSP=0x00007f1c10378680, RBP=0x00007f1bc6870600, RSI=0x00007f1bc6737992, RDI=0xffffffffb0016fd0
R8 =0x00007f1c103786ec, R9 =0x0000000000000000, R10=0x00007f1bc68703c0, R11=0x00007f1c148d71c0
R12=0x00007f1bc6737992, R13=0x00007f1bf0000b10, R14=0x00007f1c10378ad8, R15=0x00007f1bb0027d80
RIP=0x00007f1c0173de38, EFLAGS=0x0000000000010202, CSGSFS=0x0000000000000033, ERR=0x0000000000000005
  TRAPNO=0x000000000000000e

Top of Stack: (sp=0x00007f1c10378680)
0x00007f1c10378680:   0000000000000000 0000000000000000
0x00007f1c10378690:   000000770000006e 0000000000000000
0x00007f1c103786a0:   000100010000007c ffffffffb0016fd0
0x00007f1c103786b0:   00007f1bc6870600 00007f1bc6737992
0x00007f1c103786c0:   00007f1bf0000b10 00007f1c10378ad8
0x00007f1c103786d0:   00007f1bb0027d80 00007f1c01731e72
0x00007f1c103786e0:   00007f1bb0027d80 00007f1c1491b220
0x00007f1c103786f0:   0000000000000000 00007f1bc6870600
0x00007f1c10378700:   ffffffffb0016fd0 00007f1c01a4b71d
0x00007f1c10378710:   00007f1bc6737992 0000001100000000
0x00007f1c10378720:   00007f1c00000005 0000000000000000
0x00007f1c10378730:   00007f1c103787a0 ffffffffb0016fd0
0x00007f1c10378740:   00007f1c10378a60 00007f1c10378ad8
0x00007f1c10378750:   00007f1bc6889e50 00007f1bc66e03d9
0x00007f1c10378760:   00000000ffffffff 00007f1bb0010f20
0x00007f1c10378770:   00007f1c103787a0 00007f1bc74b29e0
0x00007f1c10378780:   00007f1c10378a60 00007f1c10378ad8
0x00007f1c10378790:   0000000000000000 00007f1bc66d4ae2
0x00007f1c103787a0:   00007f1c10378b50 00007f1bc6737911
0x00007f1c103787b0:   00007f1c10378b50 00007f1c15286058
0x00007f1c103787c0:   00007f1c154991a8 00007f1c15499740
0x00007f1c103787d0:   00007f1c15473000 00007f1c0c0094f0
0x00007f1c103787e0:   00007f1c0c00a020 00007f1c0c00a530
0x00007f1c103787f0:   00007f1c0c017440 00007f1c0c1b2d70
0x00007f1c10378800:   00007f1c0c2b1fa0 00007f1c0c2adeb0
0x00007f1c10378810:   00007f1c0c1df0f0 00007f1c0c1f15f0
0x00007f1c10378820:   00007f1c0c1f8c90 00007f1c0c1f8760
0x00007f1c10378830:   00007f1c0c1f8230 00007f1c0c1fc580
0x00007f1c10378840:   00007f1c0c1fc060 00007f1c0c1fd330
0x00007f1c10378850:   00007f1c0c1fbb50 00007f1c0c1f7d00
0x00007f1c10378860:   00007f1c0c1fa120 00007f1c0c1fab60
0x00007f1c10378870:   00007f1c0c1fa640 00007f1c0c1fb080 

Instructions: (pc=0x00007f1c0173de38)
0x00007f1c0173de18:   24 e0 48 89 fb 4c 89 6c 24 e8 4c 89 74 24 f0 49
0x00007f1c0173de28:   89 f4 4c 89 7c 24 f8 48 89 6c 24 d8 48 83 ec 58
0x00007f1c0173de38:   48 8b 87 68 09 00 00 49 89 d7 49 89 ce 4d 89 c5
0x00007f1c0173de48:   48 85 c0 74 02 ff 10 ba 08 00 00 00 be 62 00 00 

Register to memory mapping:

RAX=0x00007f1bf0000b10 is an unknown value
RBX=0xffffffffb0016fd0 is an unknown value
RCX=0x00007f1c103786e8 is an unknown value
RDX=0x00007f1c103786e4 is an unknown value
RSP=0x00007f1c10378680 is an unknown value
RBP=0x00007f1bc6870600: <offset 0x1cf600> in /usr/lib/x86_64-linux-gnu/libGL.so.1 at 0x00007f1bc66a1000
RSI=0x00007f1bc6737992: <offset 0x96992> in /usr/lib/x86_64-linux-gnu/libGL.so.1 at 0x00007f1bc66a1000
RDI=0xffffffffb0016fd0 is an unknown value
R8 =0x00007f1c103786ec is an unknown value
R9 =0x0000000000000000 is an unknown value
R10=0x00007f1bc68703c0: <offset 0x1cf3c0> in /usr/lib/x86_64-linux-gnu/libGL.so.1 at 0x00007f1bc66a1000
R11=0x00007f1c148d71c0: __cxa_finalize+0 in /lib/x86_64-linux-gnu/libc.so.6 at 0x00007f1c1489f000
R12=0x00007f1bc6737992: <offset 0x96992> in /usr/lib/x86_64-linux-gnu/libGL.so.1 at 0x00007f1bc66a1000
R13=0x00007f1bf0000b10 is an unknown value
R14=0x00007f1c10378ad8 is an unknown value
R15=0x00007f1bb0027d80 is an unknown value


Stack: [0x00007f1c10279000,0x00007f1c1037a000],  sp=0x00007f1c10378680,  free space=1021k
Native frames: (J=compiled Java code, j=interpreted, Vv=VM code, C=native code)
C  [libX11.so.6+0x3ae38]  XQueryExtension+0x28

VM_Operation (0x00007f1bc69a96c0): Exit, mode: safepoint, requested by thread 0x00007f1c0c350000


---------------  P R O C E S S  ---------------

Java Threads: ( => current thread )
  0x00007f1bb04f6800 JavaThread "AsynchExecutor-Thread" daemon [_thread_blocked, id=9010, stack(0x00007f1bba7fc000,0x00007f1bba8fd000)]
  0x00007f1bb001b800 JavaThread "process reaper" daemon [_thread_blocked, id=9006, stack(0x00007f1c00016000,0x00007f1c0004f000)]
  0x00007f1c0c00b000 JavaThread "DestroyJavaVM" [_thread_blocked, id=8986, stack(0x00007f1c1536e000,0x00007f1c1546f000)]
  0x00007f1c0c350000 JavaThread "LWJGL Application" [_thread_blocked, id=9004, stack(0x00007f1bc68aa000,0x00007f1bc69ab000)]
  0x00007f1c0c2ac800 JavaThread "AWT-XAWT" daemon [_thread_blocked, id=9000, stack(0x00007f1bd20e1000,0x00007f1bd21e2000)]
  0x00007f1c0c28d000 JavaThread "Java2D Disposer" daemon [_thread_blocked, id=8999, stack(0x00007f1bf807b000,0x00007f1bf817c000)]
  0x00007f1c0c0a7000 JavaThread "Service Thread" daemon [_thread_blocked, id=8997, stack(0x00007f1c08a73000,0x00007f1c08b74000)]
  0x00007f1c0c0a5000 JavaThread "C2 CompilerThread1" daemon [_thread_blocked, id=8996, stack(0x00007f1c08b74000,0x00007f1c08c75000)]
  0x00007f1c0c0a2000 JavaThread "C2 CompilerThread0" daemon [_thread_blocked, id=8995, stack(0x00007f1c08c75000,0x00007f1c08d76000)]
  0x00007f1c0c09f800 JavaThread "Signal Dispatcher" daemon [_thread_blocked, id=8994, stack(0x00007f1c08d76000,0x00007f1c08e77000)]
  0x00007f1c0c07c800 JavaThread "Finalizer" daemon [_thread_blocked, id=8993, stack(0x00007f1c10077000,0x00007f1c10178000)]
  0x00007f1c0c07a800 JavaThread "Reference Handler" daemon [_thread_blocked, id=8992, stack(0x00007f1c10178000,0x00007f1c10279000)]

Other Threads:
=>0x00007f1c0c076800 VMThread [stack: 0x00007f1c10279000,0x00007f1c1037a000] [id=8991]

VM state:at safepoint (shutting down)

VM Mutex/Monitor currently owned by a thread:  ([mutex/lock_event])
[0x00007f1c0c0077a0] Threads_lock - owner thread: 0x00007f1c0c076800

Heap
 PSYoungGen      total 18432K, used 11990K [0x00000000eba80000, 0x00000000ecf00000, 0x0000000100000000)
  eden space 15872K, 59% used [0x00000000eba80000,0x00000000ec3b9680,0x00000000eca00000)
  from space 2560K, 99% used [0x00000000eca00000,0x00000000ecc7c190,0x00000000ecc80000)
  to   space 2560K, 0% used [0x00000000ecc80000,0x00000000ecc80000,0x00000000ecf00000)
 ParOldGen       total 41472K, used 2572K [0x00000000c3000000, 0x00000000c5880000, 0x00000000eba80000)
  object space 41472K, 6% used [0x00000000c3000000,0x00000000c3283238,0x00000000c5880000)
 PSPermGen       total 21504K, used 11461K [0x00000000b8a00000, 0x00000000b9f00000, 0x00000000c3000000)
  object space 21504K, 53% used [0x00000000b8a00000,0x00000000b95314a0,0x00000000b9f00000)

Card table byte_map: [0x00007f1c11df6000,0x00007f1c12032000] byte_map_base: 0x00007f1c11831000

Polling page: 0x00007f1c15494000

Code Cache  [0x00007f1c09000000, 0x00007f1c09270000, 0x00007f1c0c000000)
 total_blobs=621 nmethods=93 adapters=483 free_code_cache=48400Kb largest_free_block=49534784

Compilation events (10 events):
Event: 8.033 Thread 0x00007f1c0c0a5000   90             java.lang.AbstractStringBuilder::ensureCapacityInternal (16 bytes)
Event: 8.036 Thread 0x00007f1c0c0a5000 nmethod 90 0x00007f1c090b1f10 code [0x00007f1c090b2060, 0x00007f1c090b22d8]
Event: 8.038 Thread 0x00007f1c0c0a2000   91             com.badlogic.gdx.scenes.scene2d.Actor::getParent (5 bytes)
Event: 8.038 Thread 0x00007f1c0c0a5000   92             com.badlogic.gdx.scenes.scene2d.Actor::isVisible (5 bytes)
Event: 8.038 Thread 0x00007f1c0c0a2000 nmethod 91 0x00007f1c090b2450 code [0x00007f1c090b2580, 0x00007f1c090b25d8]
Event: 8.038 Thread 0x00007f1c0c0a5000 nmethod 92 0x00007f1c090b1d10 code [0x00007f1c090b1e40, 0x00007f1c090b1e98]
Event: 8.349 Thread 0x00007f1c0c0a2000   93             com.badlogic.gdx.graphics.g2d.SpriteBatch::flush (185 bytes)
Event: 8.397 Thread 0x00007f1c0c0a2000 nmethod 93 0x00007f1c090bb3d0 code [0x00007f1c090bb8c0, 0x00007f1c090bd650]
Event: 8.765 Thread 0x00007f1c0c0a5000   94             com.badlogic.gdx.scenes.scene2d.Group::hit (118 bytes)
Event: 8.771 Thread 0x00007f1c0c0a5000 nmethod 94 0x00007f1c090b3450 code [0x00007f1c090b3600, 0x00007f1c090b3b18]

GC Heap History (2 events):
Event: 1.642 GC heap before
{Heap before GC invocations=1 (full 0):
 PSYoungGen      total 18432K, used 15872K [0x00000000eba80000, 0x00000000ecf00000, 0x0000000100000000)
  eden space 15872K, 100% used [0x00000000eba80000,0x00000000eca00000,0x00000000eca00000)
  from space 2560K, 0% used [0x00000000ecc80000,0x00000000ecc80000,0x00000000ecf00000)
  to   space 2560K, 0% used [0x00000000eca00000,0x00000000eca00000,0x00000000ecc80000)
 ParOldGen       total 41472K, used 0K [0x00000000c3000000, 0x00000000c5880000, 0x00000000eba80000)
  object space 41472K, 0% used [0x00000000c3000000,0x00000000c3000000,0x00000000c5880000)
 PSPermGen       total 21504K, used 9218K [0x00000000b8a00000, 0x00000000b9f00000, 0x00000000c3000000)
  object space 21504K, 42% used [0x00000000b8a00000,0x00000000b9300840,0x00000000b9f00000)
Event: 1.652 GC heap after
Heap after GC invocations=1 (full 0):
 PSYoungGen      total 18432K, used 2544K [0x00000000eba80000, 0x00000000ecf00000, 0x0000000100000000)
  eden space 15872K, 0% used [0x00000000eba80000,0x00000000eba80000,0x00000000eca00000)
  from space 2560K, 99% used [0x00000000eca00000,0x00000000ecc7c190,0x00000000ecc80000)
  to   space 2560K, 0% used [0x00000000ecc80000,0x00000000ecc80000,0x00000000ecf00000)
 ParOldGen       total 41472K, used 2572K [0x00000000c3000000, 0x00000000c5880000, 0x00000000eba80000)
  object space 41472K, 6% used [0x00000000c3000000,0x00000000c3283238,0x00000000c5880000)
 PSPermGen       total 21504K, used 9218K [0x00000000b8a00000, 0x00000000b9f00000, 0x00000000c3000000)
  object space 21504K, 42% used [0x00000000b8a00000,0x00000000b9300840,0x00000000b9f00000)
}

Deoptimization events (2 events):
Event: 0.212 Thread 0x00007f1c0c00b000 Uncommon trap: reason=class_check action=maybe_recompile pc=0x00007f1c09065280 method=java.util.Properties$LineReader.readLine()I @ 62
Event: 8.038 Thread 0x00007f1c0c350000 Uncommon trap: reason=unloaded action=reinterpret pc=0x00007f1c090b7150 method=com.badlogic.gdx.scenes.scene2d.Stage.fireEnterAndExit(Lcom/badlogic/gdx/scenes/scene2d/Actor;III)Lcom/badlogic/gdx/scenes/scene2d/Actor; @ 48

Internal exceptions (10 events):
Event: 4.974 Thread 0x00007f1c0c350000 Threw 0x00000000ec23b018 at /build/openjdk-7-kBcQ8a/openjdk-7-7u55-2.4.7/build/openjdk/hotspot/src/share/vm/prims/jvm.cpp:1244
Event: 8.032 Thread 0x00007f1c0c350000 Threw 0x00000000ec30fdb0 at /build/openjdk-7-kBcQ8a/openjdk-7-7u55-2.4.7/build/openjdk/hotspot/src/share/vm/prims/jvm.cpp:1244
Event: 8.033 Thread 0x00007f1c0c350000 Threw 0x00000000ec314270 at /build/openjdk-7-kBcQ8a/openjdk-7-7u55-2.4.7/build/openjdk/hotspot/src/share/vm/prims/jvm.cpp:1244
Event: 8.033 Thread 0x00007f1c0c350000 Threw 0x00000000ec319338 at /build/openjdk-7-kBcQ8a/openjdk-7-7u55-2.4.7/build/openjdk/hotspot/src/share/vm/prims/jvm.cpp:1244
Event: 8.034 Thread 0x00007f1c0c350000 Threw 0x00000000ec31ef80 at /build/openjdk-7-kBcQ8a/openjdk-7-7u55-2.4.7/build/openjdk/hotspot/src/share/vm/prims/jvm.cpp:1244
Event: 8.035 Thread 0x00007f1c0c350000 Threw 0x00000000ec324c88 at /build/openjdk-7-kBcQ8a/openjdk-7-7u55-2.4.7/build/openjdk/hotspot/src/share/vm/prims/jvm.cpp:1244
Event: 8.036 Thread 0x00007f1c0c350000 Threw 0x00000000ec32a7c0 at /build/openjdk-7-kBcQ8a/openjdk-7-7u55-2.4.7/build/openjdk/hotspot/src/share/vm/prims/jvm.cpp:1244
Event: 8.782 Thread 0x00007f1c0c350000 Threw 0x00000000ec362608 at /build/openjdk-7-kBcQ8a/openjdk-7-7u55-2.4.7/build/openjdk/hotspot/src/share/vm/prims/jvm.cpp:1244
Event: 8.791 Thread 0x00007f1c0c350000 Threw 0x00000000ec366ad0 at /build/openjdk-7-kBcQ8a/openjdk-7-7u55-2.4.7/build/openjdk/hotspot/src/share/vm/prims/jvm.cpp:1244
Event: 8.796 Thread 0x00007f1c0c350000 Threw 0x00000000ec36be70 at /build/openjdk-7-kBcQ8a/openjdk-7-7u55-2.4.7/build/openjdk/hotspot/src/share/vm/prims/jvm.cpp:1244

Events (10 events):
Event: 8.954 loading class 0x00007f1be01c61d0 done
Event: 8.954 Thread 0x00007f1bb0ee3000 Thread added: 0x00007f1bb0ee3000
Event: 8.954 loading class 0x00007f1be0147320
Event: 8.955 loading class 0x00007f1bd423ed20
Event: 8.955 loading class 0x00007f1bd423ed20 done
Event: 8.955 loading class 0x00007f1bd423ed50
Event: 8.955 loading class 0x00007f1bd423ed50 done
Event: 8.955 loading class 0x00007f1be0147320 done
Event: 8.958 Thread 0x00007f1bb0ee3000 Thread exited: 0x00007f1bb0ee3000
Event: 8.958 Executing VM operation: Exit


Dynamic libraries:
00400000-00401000 r-xp 00000000 08:03 3934148                            /usr/lib/jvm/java-7-openjdk-amd64/jre/bin/java
00600000-00601000 r--p 00000000 08:03 3934148                            /usr/lib/jvm/java-7-openjdk-amd64/jre/bin/java
00601000-00602000 rw-p 00001000 08:03 3934148                            /usr/lib/jvm/java-7-openjdk-amd64/jre/bin/java
01005000-01026000 rw-p 00000000 00:00 0                                  [heap]
b8a00000-b9f00000 rw-p 00000000 00:00 0 
b9f00000-c3000000 rw-p 00000000 00:00 0 
c3000000-c5880000 rw-p 00000000 00:00 0 
c5880000-eba80000 rw-p 00000000 00:00 0 
eba80000-ecf00000 rw-p 00000000 00:00 0 
ecf00000-100000000 rw-p 00000000 00:00 0 
7f1b8c000000-7f1b8db0d000 rw-p 00000000 00:00 0 
7f1b8db0d000-7f1b90000000 ---p 00000000 00:00 0 
7f1b94000000-7f1b97fb8000 rw-p 00000000 00:00 0 
7f1b97fb8000-7f1b98000000 ---p 00000000 00:00 0 
7f1b9c000000-7f1b9c0ae000 rw-p 00000000 00:00 0 
7f1b9c0ae000-7f1ba0000000 ---p 00000000 00:00 0 
7f1ba0000000-7f1ba180d000 rw-p 00000000 00:00 0 
7f1ba180d000-7f1ba4000000 ---p 00000000 00:00 0 
7f1ba4000000-7f1ba4021000 rw-p 00000000 00:00 0 
7f1ba4021000-7f1ba8000000 ---p 00000000 00:00 0 
7f1ba8000000-7f1ba80b4000 rw-p 00000000 00:00 0 
7f1ba80b4000-7f1bac000000 ---p 00000000 00:00 0 
7f1bac000000-7f1bac021000 rw-p 00000000 00:00 0 
7f1bac021000-7f1bb0000000 ---p 00000000 00:00 0 
7f1bb0000000-7f1bb3f7e000 rw-p 00000000 00:00 0 
7f1bb3f7e000-7f1bb4000000 ---p 00000000 00:00 0 
7f1bb4000000-7f1bb4021000 rw-p 00000000 00:00 0 
7f1bb4021000-7f1bb8000000 ---p 00000000 00:00 0 
7f1bba7fc000-7f1bba7ff000 ---p 00000000 00:00 0 
7f1bba7ff000-7f1bba8fd000 rw-p 00000000 00:00 0 
7f1bba8fd000-7f1bba8fe000 ---p 00000000 00:00 0 
7f1bba8fe000-7f1bbb0fe000 rw-p 00000000 00:00 0 
7f1bbb0fe000-7f1bbb0ff000 ---p 00000000 00:00 0 
7f1bbb0ff000-7f1bbb8ff000 rw-p 00000000 00:00 0 
7f1bbb8ff000-7f1bbbfff000 rw-s 00006000 00:05 7289                       /dev/ati/card0
7f1bc0000000-7f1bc0021000 rw-p 00000000 00:00 0 
7f1bc0021000-7f1bc4000000 ---p 00000000 00:00 0 
7f1bc41c9000-7f1bc4206000 r-xp 00000000 08:03 4201336                    /usr/lib/x86_64-linux-gnu/libatiadlxx.so
7f1bc4206000-7f1bc4305000 ---p 0003d000 08:03 4201336                    /usr/lib/x86_64-linux-gnu/libatiadlxx.so
7f1bc4305000-7f1bc430f000 rw-p 0003c000 08:03 4201336                    /usr/lib/x86_64-linux-gnu/libatiadlxx.so
7f1bc430f000-7f1bc431f000 rw-p 00000000 00:00 0 
7f1bc431f000-7f1bc4326000 r-xp 00000000 08:03 4201328                    /usr/lib/x86_64-linux-gnu/libatiuki.so.1.0
7f1bc4326000-7f1bc4426000 ---p 00007000 08:03 4201328                    /usr/lib/x86_64-linux-gnu/libatiuki.so.1.0
7f1bc4426000-7f1bc4427000 rw-p 00007000 08:03 4201328                    /usr/lib/x86_64-linux-gnu/libatiuki.so.1.0
7f1bc4427000-7f1bc4428000 rw-p 00000000 00:00 0 
7f1bc4428000-7f1bc6320000 r-xp 00000000 08:03 4201338                    /usr/lib/x86_64-linux-gnu/dri/fglrx_dri.so
7f1bc6320000-7f1bc641f000 ---p 01ef8000 08:03 4201338                    /usr/lib/x86_64-linux-gnu/dri/fglrx_dri.so
7f1bc641f000-7f1bc657d000 rwxp 01ef7000 08:03 4201338                    /usr/lib/x86_64-linux-gnu/dri/fglrx_dri.so
7f1bc657d000-7f1bc66a1000 rwxp 00000000 00:00 0 
7f1bc66a1000-7f1bc6764000 r-xp 00000000 08:03 4201341                    /usr/lib/x86_64-linux-gnu/fglrx/fglrx-libGL.so.1.2
7f1bc6764000-7f1bc6863000 ---p 000c3000 08:03 4201341                    /usr/lib/x86_64-linux-gnu/fglrx/fglrx-libGL.so.1.2
7f1bc6863000-7f1bc688a000 rwxp 000c2000 08:03 4201341                    /usr/lib/x86_64-linux-gnu/fglrx/fglrx-libGL.so.1.2
7f1bc688a000-7f1bc68aa000 rwxp 00000000 00:00 0 
7f1bc68aa000-7f1bc68ad000 ---p 00000000 00:00 0 
7f1bc68ad000-7f1bc69ab000 rw-p 00000000 00:00 0 
7f1bc69ab000-7f1bc69ae000 ---p 00000000 00:00 0 
7f1bc69ae000-7f1bc6aac000 rw-p 00000000 00:00 0 
7f1bc6aac000-7f1bc6aad000 ---p 00000000 00:00 0 
7f1bc6aad000-7f1bc72ad000 rw-p 00000000 00:00 0 
7f1bc72ad000-7f1bc72b3000 r-xp 00000000 08:03 4200289                    /usr/lib/x86_64-linux-gnu/libogg.so.0.8.0
7f1bc72b3000-7f1bc74b2000 ---p 00006000 08:03 4200289                    /usr/lib/x86_64-linux-gnu/libogg.so.0.8.0
7f1bc74b2000-7f1bc74b3000 rw-p 00005000 08:03 4200289                    /usr/lib/x86_64-linux-gnu/libogg.so.0.8.0
7f1bc74b3000-7f1bc74df000 r-xp 00000000 08:03 4200496                    /usr/lib/x86_64-linux-gnu/libvorbis.so.0.4.5
7f1bc74df000-7f1bc76de000 ---p 0002c000 08:03 4200496                    /usr/lib/x86_64-linux-gnu/libvorbis.so.0.4.5
7f1bc76de000-7f1bc76df000 r--p 0002b000 08:03 4200496                    /usr/lib/x86_64-linux-gnu/libvorbis.so.0.4.5
7f1bc76df000-7f1bc76e0000 rw-p 0002c000 08:03 4200496                    /usr/lib/x86_64-linux-gnu/libvorbis.so.0.4.5
7f1bc76e0000-7f1bc7993000 r-xp 00000000 08:03 4200498                    /usr/lib/x86_64-linux-gnu/libvorbisenc.so.2.0.8
7f1bc7993000-7f1bc7b92000 ---p 002b3000 08:03 4200498                    /usr/lib/x86_64-linux-gnu/libvorbisenc.so.2.0.8
7f1bc7b92000-7f1bc7bae000 r--p 002b2000 08:03 4200498                    /usr/lib/x86_64-linux-gnu/libvorbisenc.so.2.0.8
7f1bc7bae000-7f1bc7baf000 rw-p 002ce000 08:03 4200498                    /usr/lib/x86_64-linux-gnu/libvorbisenc.so.2.0.8
7f1bc7baf000-7f1bc7bfa000 r-xp 00000000 08:03 4199700                    /usr/lib/x86_64-linux-gnu/libFLAC.so.8.2.0
7f1bc7bfa000-7f1bc7df9000 ---p 0004b000 08:03 4199700                    /usr/lib/x86_64-linux-gnu/libFLAC.so.8.2.0
7f1bc7df9000-7f1bc7dfa000 r--p 0004a000 08:03 4199700                    /usr/lib/x86_64-linux-gnu/libFLAC.so.8.2.0
7f1bc7dfa000-7f1bc7dfb000 rw-p 0004b000 08:03 4199700                    /usr/lib/x86_64-linux-gnu/libFLAC.so.8.2.0
7f1bc7dfb000-7f1bc7dff000 r-xp 00000000 08:03 12190707                   /lib/x86_64-linux-gnu/libuuid.so.1.3.0
7f1bc7dff000-7f1bc7ffe000 ---p 00004000 08:03 12190707                   /lib/x86_64-linux-gnu/libuuid.so.1.3.0
7f1bc7ffe000-7f1bc7fff000 r--p 00003000 08:03 12190707                   /lib/x86_64-linux-gnu/libuuid.so.1.3.0
7f1bc7fff000-7f1bc8000000 rw-p 00004000 08:03 12190707                   /lib/x86_64-linux-gnu/libuuid.so.1.3.0
7f1bc8000000-7f1bc8021000 rw-p 00000000 00:00 0 
7f1bc8021000-7f1bcc000000 ---p 00000000 00:00 0 
7f1bcc000000-7f1bcc021000 rw-p 00000000 00:00 0 
7f1bcc021000-7f1bd0000000 ---p 00000000 00:00 0 
7f1bd003b000-7f1bd00b8000 rw-p 00000000 00:00 0 
7f1bd00b8000-7f1bd00bc000 r-xp 00000000 08:03 12190559                   /lib/x86_64-linux-gnu/libattr.so.1.1.0
7f1bd00bc000-7f1bd02bb000 ---p 00004000 08:03 12190559                   /lib/x86_64-linux-gnu/libattr.so.1.1.0
7f1bd02bb000-7f1bd02bc000 r--p 00003000 08:03 12190559                   /lib/x86_64-linux-gnu/libattr.so.1.1.0
7f1bd02bc000-7f1bd02bd000 rw-p 00004000 08:03 12190559                   /lib/x86_64-linux-gnu/libattr.so.1.1.0
7f1bd02bd000-7f1bd02c2000 r-xp 00000000 08:03 4199797                    /usr/lib/x86_64-linux-gnu/libasyncns.so.0.3.1
7f1bd02c2000-7f1bd04c1000 ---p 00005000 08:03 4199797                    /usr/lib/x86_64-linux-gnu/libasyncns.so.0.3.1
7f1bd04c1000-7f1bd04c2000 rw-p 00004000 08:03 4199797                    /usr/lib/x86_64-linux-gnu/libasyncns.so.0.3.1
7f1bd04c2000-7f1bd0523000 r-xp 00000000 08:03 4200411                    /usr/lib/x86_64-linux-gnu/libsndfile.so.1.0.25
7f1bd0523000-7f1bd0722000 ---p 00061000 08:03 4200411                    /usr/lib/x86_64-linux-gnu/libsndfile.so.1.0.25
7f1bd0722000-7f1bd0724000 r--p 00060000 08:03 4200411                    /usr/lib/x86_64-linux-gnu/libsndfile.so.1.0.25
7f1bd0724000-7f1bd0725000 rw-p 00062000 08:03 4200411                    /usr/lib/x86_64-linux-gnu/libsndfile.so.1.0.25
7f1bd0725000-7f1bd0729000 rw-p 00000000 00:00 0 
7f1bd0729000-7f1bd0732000 r-xp 00000000 08:03 12190709                   /lib/x86_64-linux-gnu/libwrap.so.0.7.6
7f1bd0732000-7f1bd0931000 ---p 00009000 08:03 12190709                   /lib/x86_64-linux-gnu/libwrap.so.0.7.6
7f1bd0931000-7f1bd0932000 r--p 00008000 08:03 12190709                   /lib/x86_64-linux-gnu/libwrap.so.0.7.6
7f1bd0932000-7f1bd0933000 rw-p 00009000 08:03 12190709                   /lib/x86_64-linux-gnu/libwrap.so.0.7.6
7f1bd0933000-7f1bd0934000 rw-p 00000000 00:00 0 
7f1bd0934000-7f1bd093b000 r-xp 00000000 08:03 4199720                    /usr/lib/x86_64-linux-gnu/libSM.so.6.0.1
7f1bd093b000-7f1bd0b3a000 ---p 00007000 08:03 4199720                    /usr/lib/x86_64-linux-gnu/libSM.so.6.0.1
7f1bd0b3a000-7f1bd0b3b000 rw-p 00006000 08:03 4199720                    /usr/lib/x86_64-linux-gnu/libSM.so.6.0.1
7f1bd0b3b000-7f1bd0b52000 r-xp 00000000 08:03 4199710                    /usr/lib/x86_64-linux-gnu/libICE.so.6.3.0
7f1bd0b52000-7f1bd0d51000 ---p 00017000 08:03 4199710                    /usr/lib/x86_64-linux-gnu/libICE.so.6.3.0
7f1bd0d51000-7f1bd0d53000 rw-p 00016000 08:03 4199710                    /usr/lib/x86_64-linux-gnu/libICE.so.6.3.0
7f1bd0d53000-7f1bd0d56000 rw-p 00000000 00:00 0 
7f1bd0d56000-7f1bd0d57000 r-xp 00000000 08:03 4199726                    /usr/lib/x86_64-linux-gnu/libX11-xcb.so.1.0.0
7f1bd0d57000-7f1bd0f56000 ---p 00001000 08:03 4199726                    /usr/lib/x86_64-linux-gnu/libX11-xcb.so.1.0.0
7f1bd0f56000-7f1bd0f57000 rw-p 00000000 08:03 4199726                    /usr/lib/x86_64-linux-gnu/libX11-xcb.so.1.0.0
7f1bd0f57000-7f1bd0f5b000 r-xp 00000000 08:03 12190572                   /lib/x86_64-linux-gnu/libcap.so.2.22
7f1bd0f5b000-7f1bd115a000 ---p 00004000 08:03 12190572                   /lib/x86_64-linux-gnu/libcap.so.2.22
7f1bd115a000-7f1bd115b000 rw-p 00003000 08:03 12190572                   /lib/x86_64-linux-gnu/libcap.so.2.22
7f1bd115b000-7f1bd11bc000 r-xp 00000000 08:03 4325923                    /usr/lib/x86_64-linux-gnu/pulseaudio/libpulsecommon-2.0.so
7f1bd11bc000-7f1bd13bb000 ---p 00061000 08:03 4325923                    /usr/lib/x86_64-linux-gnu/pulseaudio/libpulsecommon-2.0.so
7f1bd13bb000-7f1bd13bc000 r--p 00060000 08:03 4325923                    /usr/lib/x86_64-linux-gnu/pulseaudio/libpulsecommon-2.0.so
7f1bd13bc000-7f1bd13be000 rw-p 00061000 08:03 4325923                    /usr/lib/x86_64-linux-gnu/pulseaudio/libpulsecommon-2.0.so
7f1bd13be000-7f1bd13c7000 r-xp 00000000 08:03 12190608                   /lib/x86_64-linux-gnu/libjson.so.0.1.0
7f1bd13c7000-7f1bd15c6000 ---p 00009000 08:03 12190608                   /lib/x86_64-linux-gnu/libjson.so.0.1.0
7f1bd15c6000-7f1bd15c7000 r--p 00008000 08:03 12190608                   /lib/x86_64-linux-gnu/libjson.so.0.1.0
7f1bd15c7000-7f1bd15c8000 rw-p 00009000 08:03 12190608                   /lib/x86_64-linux-gnu/libjson.so.0.1.0
7f1bd15c8000-7f1bd1611000 r-xp 00000000 08:03 4200364                    /usr/lib/x86_64-linux-gnu/libpulse.so.0.14.2
7f1bd1611000-7f1bd1810000 ---p 00049000 08:03 4200364                    /usr/lib/x86_64-linux-gnu/libpulse.so.0.14.2
7f1bd1810000-7f1bd1811000 r--p 00048000 08:03 4200364                    /usr/lib/x86_64-linux-gnu/libpulse.so.0.14.2
7f1bd1811000-7f1bd1812000 rw-p 00049000 08:03 4200364                    /usr/lib/x86_64-linux-gnu/libpulse.so.0.14.2
7f1bd1a6b000-7f1bd1a6f000 r-xp 00000000 08:03 4199775                    /usr/lib/x86_64-linux-gnu/libXxf86vm.so.1.0.0
7f1bd1a6f000-7f1bd1c6f000 ---p 00004000 08:03 4199775                    /usr/lib/x86_64-linux-gnu/libXxf86vm.so.1.0.0
7f1bd1c6f000-7f1bd1c70000 r--p 00004000 08:03 4199775                    /usr/lib/x86_64-linux-gnu/libXxf86vm.so.1.0.0
7f1bd1c70000-7f1bd1c71000 rw-p 00005000 08:03 4199775                    /usr/lib/x86_64-linux-gnu/libXxf86vm.so.1.0.0
7f1bd1c71000-7f1bd1cdd000 r-xp 00000000 08:01 301131                     /media/winDisk/Users/ChobeDucket/Documents/sheep/android/assets/.temp/7b43be9b/liblwjgl64.so
7f1bd1cdd000-7f1bd1edc000 ---p 0006c000 08:01 301131                     /media/winDisk/Users/ChobeDucket/Documents/sheep/android/assets/.temp/7b43be9b/liblwjgl64.so
7f1bd1edc000-7f1bd1ede000 r--p 0006b000 08:01 301131                     /media/winDisk/Users/ChobeDucket/Documents/sheep/android/assets/.temp/7b43be9b/liblwjgl64.so
7f1bd1ede000-7f1bd1edf000 rw-p 0006d000 08:01 301131                     /media/winDisk/Users/ChobeDucket/Documents/sheep/android/assets/.temp/7b43be9b/liblwjgl64.so
7f1bd1edf000-7f1bd1ee0000 r-xp 00000000 08:03 3934229                    /usr/lib/jvm/java-7-openjdk-amd64/jre/lib/amd64/libjawt.so
7f1bd1ee0000-7f1bd20df000 ---p 00001000 08:03 3934229                    /usr/lib/jvm/java-7-openjdk-amd64/jre/lib/amd64/libjawt.so
7f1bd20df000-7f1bd20e0000 r--p 00000000 08:03 3934229                    /usr/lib/jvm/java-7-openjdk-amd64/jre/lib/amd64/libjawt.so
7f1bd20e0000-7f1bd20e1000 rw-p 00001000 08:03 3934229                    /usr/lib/jvm/java-7-openjdk-amd64/jre/lib/amd64/libjawt.so
7f1bd20e1000-7f1bd20e4000 ---p 00000000 00:00 0 
7f1bd20e4000-7f1bd21e2000 rw-p 00000000 00:00 0 
7f1bd21e2000-7f1bd21e5000 r-xp 00000000 08:03 12190599                   /lib/x86_64-linux-gnu/libgpg-error.so.0.8.0
7f1bd21e5000-7f1bd23e4000 ---p 00003000 08:03 12190599                   /lib/x86_64-linux-gnu/libgpg-error.so.0.8.0
7f1bd23e4000-7f1bd23e5000 rw-p 00002000 08:03 12190599                   /lib/x86_64-linux-gnu/libgpg-error.so.0.8.0
7f1bd23e5000-7f1bd2429000 r-xp 00000000 08:03 12190580                   /lib/x86_64-linux-gnu/libdbus-1.so.3.7.2
7f1bd2429000-7f1bd2629000 ---p 00044000 08:03 12190580                   /lib/x86_64-linux-gnu/libdbus-1.so.3.7.2
7f1bd2629000-7f1bd262a000 r--p 00044000 08:03 12190580                   /lib/x86_64-linux-gnu/libdbus-1.so.3.7.2
7f1bd262a000-7f1bd262b000 rw-p 00045000 08:03 12190580                   /lib/x86_64-linux-gnu/libdbus-1.so.3.7.2
7f1bd262b000-7f1bd263c000 r-xp 00000000 08:03 4200305                    /usr/lib/x86_64-linux-gnu/libp11-kit.so.0.0.0
7f1bd263c000-7f1bd283b000 ---p 00011000 08:03 4200305                    /usr/lib/x86_64-linux-gnu/libp11-kit.so.0.0.0
7f1bd283b000-7f1bd283c000 r--p 00010000 08:03 4200305                    /usr/lib/x86_64-linux-gnu/libp11-kit.so.0.0.0
7f1bd283c000-7f1bd283d000 rw-p 00011000 08:03 4200305                    /usr/lib/x86_64-linux-gnu/libp11-kit.so.0.0.0
7f1bd283d000-7f1bd28b7000 r-xp 00000000 08:03 12190595                   /lib/x86_64-linux-gnu/libgcrypt.so.11.7.0
7f1bd28b7000-7f1bd2ab7000 ---p 0007a000 08:03 12190595                   /lib/x86_64-linux-gnu/libgcrypt.so.11.7.0
7f1bd2ab7000-7f1bd2ab8000 r--p 0007a000 08:03 12190595                   /lib/x86_64-linux-gnu/libgcrypt.so.11.7.0
7f1bd2ab8000-7f1bd2abb000 rw-p 0007b000 08:03 12190595                   /lib/x86_64-linux-gnu/libgcrypt.so.11.7.0
7f1bd2abb000-7f1bd2acb000 r-xp 00000000 08:03 4200448                    /usr/lib/x86_64-linux-gnu/libtasn1.so.3.1.16
7f1bd2acb000-7f1bd2cca000 ---p 00010000 08:03 4200448                    /usr/lib/x86_64-linux-gnu/libtasn1.so.3.1.16
7f1bd2cca000-7f1bd2ccb000 r--p 0000f000 08:03 4200448                    /usr/lib/x86_64-linux-gnu/libtasn1.so.3.1.16
7f1bd2ccb000-7f1bd2ccc000 rw-p 00010000 08:03 4200448                    /usr/lib/x86_64-linux-gnu/libtasn1.so.3.1.16
7f1bd2ccc000-7f1bd2ccf000 r-xp 00000000 08:03 12190610                   /lib/x86_64-linux-gnu/libkeyutils.so.1.4
7f1bd2ccf000-7f1bd2ece000 ---p 00003000 08:03 12190610                   /lib/x86_64-linux-gnu/libkeyutils.so.1.4
7f1bd2ece000-7f1bd2ecf000 r--p 00002000 08:03 12190610                   /lib/x86_64-linux-gnu/libkeyutils.so.1.4
7f1bd2ecf000-7f1bd2ed0000 rw-p 00003000 08:03 12190610                   /lib/x86_64-linux-gnu/libkeyutils.so.1.4
7f1bd2ed0000-7f1bd2ed8000 r-xp 00000000 08:03 4200208                    /usr/lib/x86_64-linux-gnu/libkrb5support.so.0.1
7f1bd2ed8000-7f1bd30d7000 ---p 00008000 08:03 4200208                    /usr/lib/x86_64-linux-gnu/libkrb5support.so.0.1
7f1bd30d7000-7f1bd30d8000 r--p 00007000 08:03 4200208                    /usr/lib/x86_64-linux-gnu/libkrb5support.so.0.1
7f1bd30d8000-7f1bd30d9000 rw-p 00008000 08:03 4200208                    /usr/lib/x86_64-linux-gnu/libkrb5support.so.0.1
7f1bd30d9000-7f1bd30dc000 r-xp 00000000 08:03 12190576                   /lib/x86_64-linux-gnu/libcom_err.so.2.1
7f1bd30dc000-7f1bd32db000 ---p 00003000 08:03 12190576                   /lib/x86_64-linux-gnu/libcom_err.so.2.1
7f1bd32db000-7f1bd32dc000 r--p 00002000 08:03 12190576                   /lib/x86_64-linux-gnu/libcom_err.so.2.1
7f1bd32dc000-7f1bd32dd000 rw-p 00003000 08:03 12190576                   /lib/x86_64-linux-gnu/libcom_err.so.2.1
7f1bd32dd000-7f1bd3303000 r-xp 00000000 08:03 4200198                    /usr/lib/x86_64-linux-gnu/libk5crypto.so.3.1
7f1bd3303000-7f1bd3503000 ---p 00026000 08:03 4200198                    /usr/lib/x86_64-linux-gnu/libk5crypto.so.3.1
7f1bd3503000-7f1bd3504000 r--p 00026000 08:03 4200198                    /usr/lib/x86_64-linux-gnu/libk5crypto.so.3.1
7f1bd3504000-7f1bd3505000 rw-p 00027000 08:03 4200198                    /usr/lib/x86_64-linux-gnu/libk5crypto.so.3.1
7f1bd3505000-7f1bd3506000 rw-p 00000000 00:00 0 
7f1bd3506000-7f1bd35cf000 r-xp 00000000 08:03 4200206                    /usr/lib/x86_64-linux-gnu/libkrb5.so.3.3
7f1bd35cf000-7f1bd37ce000 ---p 000c9000 08:03 4200206                    /usr/lib/x86_64-linux-gnu/libkrb5.so.3.3
7f1bd37ce000-7f1bd37d8000 r--p 000c8000 08:03 4200206                    /usr/lib/x86_64-linux-gnu/libkrb5.so.3.3
7f1bd37d8000-7f1bd37da000 rw-p 000d2000 08:03 4200206                    /usr/lib/x86_64-linux-gnu/libkrb5.so.3.3
7f1bd37da000-7f1bd37df000 r-xp 00000000 08:03 4199743                    /usr/lib/x86_64-linux-gnu/libXdmcp.so.6.0.0
7f1bd37df000-7f1bd39de000 ---p 00005000 08:03 4199743                    /usr/lib/x86_64-linux-gnu/libXdmcp.so.6.0.0
7f1bd39de000-7f1bd39df000 rw-p 00004000 08:03 4199743                    /usr/lib/x86_64-linux-gnu/libXdmcp.so.6.0.0
7f1bd39df000-7f1bd39e1000 r-xp 00000000 08:03 4199732                    /usr/lib/x86_64-linux-gnu/libXau.so.6.0.0
7f1bd39e1000-7f1bd3be1000 ---p 00002000 08:03 4199732                    /usr/lib/x86_64-linux-gnu/libXau.so.6.0.0
7f1bd3be1000-7f1bd3be2000 rw-p 00002000 08:03 4199732                    /usr/lib/x86_64-linux-gnu/libXau.so.6.0.0
7f1bd3be2000-7f1bd3bf2000 r-xp 00000000 08:03 4199807                    /usr/lib/x86_64-linux-gnu/libavahi-client.so.3.2.9
7f1bd3bf2000-7f1bd3df1000 ---p 00010000 08:03 4199807                    /usr/lib/x86_64-linux-gnu/libavahi-client.so.3.2.9
7f1bd3df1000-7f1bd3df2000 r--p 0000f000 08:03 4199807                    /usr/lib/x86_64-linux-gnu/libavahi-client.so.3.2.9
7f1bd3df2000-7f1bd3df3000 rw-p 00010000 08:03 4199807                    /usr/lib/x86_64-linux-gnu/libavahi-client.so.3.2.9
7f1bd3df3000-7f1bd3dff000 r-xp 00000000 08:03 4199809                    /usr/lib/x86_64-linux-gnu/libavahi-common.so.3.5.3
7f1bd3dff000-7f1bd3ffe000 ---p 0000c000 08:03 4199809                    /usr/lib/x86_64-linux-gnu/libavahi-common.so.3.5.3
7f1bd3ffe000-7f1bd3fff000 r--p 0000b000 08:03 4199809                    /usr/lib/x86_64-linux-gnu/libavahi-common.so.3.5.3
7f1bd3fff000-7f1bd4000000 rw-p 0000c000 08:03 4199809                    /usr/lib/x86_64-linux-gnu/libavahi-common.so.3.5.3
7f1bd4000000-7f1bd42d3000 rw-p 00000000 00:00 0 
7f1bd42d3000-7f1bd8000000 ---p 00000000 00:00 0 
7f1bd8000000-7f1bd8021000 rw-p 00000000 00:00 0 
7f1bd8021000-7f1bdc000000 ---p 00000000 00:00 0 
7f1bdc000000-7f1bdc021000 rw-p 00000000 00:00 0 
7f1bdc021000-7f1be0000000 ---p 00000000 00:00 0 
7f1be0000000-7f1be04c4000 rw-p 00000000 00:00 0 
7f1be04c4000-7f1be4000000 ---p 00000000 00:00 0 
7f1be4000000-7f1be4021000 rw-p 00000000 00:00 0 
7f1be4021000-7f1be8000000 ---p 00000000 00:00 0 
7f1be8000000-7f1be8021000 rw-p 00000000 00:00 0 
7f1be8021000-7f1bec000000 ---p 00000000 00:00 0 
7f1bec000000-7f1bec021000 rw-p 00000000 00:00 0 
7f1bec021000-7f1bf0000000 ---p 00000000 00:00 0 
7f1bf0000000-7f1bf0021000 rw-p 00000000 00:00 0 
7f1bf0021000-7f1bf4000000 ---p 00000000 00:00 0 
7f1bf4000000-7f1bf4021000 rw-p 00000000 00:00 0 
7f1bf4021000-7f1bf8000000 ---p 00000000 00:00 0 
7f1bf8033000-7f1bf807b000 rw-p 00000000 00:00 0 
7f1bf807b000-7f1bf807e000 ---p 00000000 00:00 0 
7f1bf807e000-7f1bf817c000 rw-p 00000000 00:00 0 
7f1bf817c000-7f1bf8235000 r-xp 00000000 08:03 4200060                    /usr/lib/x86_64-linux-gnu/libgnutls.so.26.22.4
7f1bf8235000-7f1bf8434000 ---p 000b9000 08:03 4200060                    /usr/lib/x86_64-linux-gnu/libgnutls.so.26.22.4
7f1bf8434000-7f1bf843a000 r--p 000b8000 08:03 4200060                    /usr/lib/x86_64-linux-gnu/libgnutls.so.26.22.4
7f1bf843a000-7f1bf843c000 rw-p 000be000 08:03 4200060                    /usr/lib/x86_64-linux-gnu/libgnutls.so.26.22.4
7f1bf843c000-7f1bf8478000 r-xp 00000000 08:03 4200085                    /usr/lib/x86_64-linux-gnu/libgssapi_krb5.so.2.2
7f1bf8478000-7f1bf8678000 ---p 0003c000 08:03 4200085                    /usr/lib/x86_64-linux-gnu/libgssapi_krb5.so.2.2
7f1bf8678000-7f1bf8679000 r--p 0003c000 08:03 4200085                    /usr/lib/x86_64-linux-gnu/libgssapi_krb5.so.2.2
7f1bf8679000-7f1bf867b000 rw-p 0003d000 08:03 4200085                    /usr/lib/x86_64-linux-gnu/libgssapi_krb5.so.2.2
7f1bf867b000-7f1bf86b7000 r-xp 00000000 08:03 12190663                   /lib/x86_64-linux-gnu/libpcre.so.3.13.1
7f1bf86b7000-7f1bf88b7000 ---p 0003c000 08:03 12190663                   /lib/x86_64-linux-gnu/libpcre.so.3.13.1
7f1bf88b7000-7f1bf88b8000 rw-p 0003c000 08:03 12190663                   /lib/x86_64-linux-gnu/libpcre.so.3.13.1
7f1bf88b8000-7f1bf88c4000 r-xp 00000000 08:03 4199961                    /usr/lib/x86_64-linux-gnu/libffi.so.5.0.10
7f1bf88c4000-7f1bf8ac4000 ---p 0000c000 08:03 4199961                    /usr/lib/x86_64-linux-gnu/libffi.so.5.0.10
7f1bf8ac4000-7f1bf8ac5000 rw-p 0000c000 08:03 4199961                    /usr/lib/x86_64-linux-gnu/libffi.so.5.0.10
7f1bf8ac5000-7f1bf8aec000 r-xp 00000000 08:03 12190588                   /lib/x86_64-linux-gnu/libexpat.so.1.6.0
7f1bf8aec000-7f1bf8cec000 ---p 00027000 08:03 12190588                   /lib/x86_64-linux-gnu/libexpat.so.1.6.0
7f1bf8cec000-7f1bf8cee000 r--p 00027000 08:03 12190588                   /lib/x86_64-linux-gnu/libexpat.so.1.6.0
7f1bf8cee000-7f1bf8cef000 rw-p 00029000 08:03 12190588                   /lib/x86_64-linux-gnu/libexpat.so.1.6.0
7f1bf8cef000-7f1bf8cf7000 r-xp 00000000 08:03 4200521                    /usr/lib/x86_64-linux-gnu/libxcb-render.so.0.0.0
7f1bf8cf7000-7f1bf8ef7000 ---p 00008000 08:03 4200521                    /usr/lib/x86_64-linux-gnu/libxcb-render.so.0.0.0
7f1bf8ef7000-7f1bf8ef8000 r--p 00008000 08:03 4200521                    /usr/lib/x86_64-linux-gnu/libxcb-render.so.0.0.0
7f1bf8ef8000-7f1bf8ef9000 rw-p 00009000 08:03 4200521                    /usr/lib/x86_64-linux-gnu/libxcb-render.so.0.0.0
7f1bf8ef9000-7f1bf8efb000 r-xp 00000000 08:03 4200525                    /usr/lib/x86_64-linux-gnu/libxcb-shm.so.0.0.0
7f1bf8efb000-7f1bf90fa000 ---p 00002000 08:03 4200525                    /usr/lib/x86_64-linux-gnu/libxcb-shm.so.0.0.0
7f1bf90fa000-7f1bf90fb000 r--p 00001000 08:03 4200525                    /usr/lib/x86_64-linux-gnu/libxcb-shm.so.0.0.0
7f1bf90fb000-7f1bf90fc000 rw-p 00002000 08:03 4200525                    /usr/lib/x86_64-linux-gnu/libxcb-shm.so.0.0.0
7f1bf90fc000-7f1bf917c000 r-xp 00000000 08:03 4200335                    /usr/lib/x86_64-linux-gnu/libpixman-1.so.0.26.0
7f1bf917c000-7f1bf937c000 ---p 00080000 08:03 4200335                    /usr/lib/x86_64-linux-gnu/libpixman-1.so.0.26.0
7f1bf937c000-7f1bf9382000 rw-p 00080000 08:03 4200335                    /usr/lib/x86_64-linux-gnu/libpixman-1.so.0.26.0
7f1bf9382000-7f1bf93a8000 r-xp 00000000 08:03 12190665                   /lib/x86_64-linux-gnu/libpng12.so.0.49.0
7f1bf93a8000-7f1bf95a7000 ---p 00026000 08:03 12190665                   /lib/x86_64-linux-gnu/libpng12.so.0.49.0
7f1bf95a7000-7f1bf95a8000 r--p 00025000 08:03 12190665                   /lib/x86_64-linux-gnu/libpng12.so.0.49.0
7f1bf95a8000-7f1bf95a9000 rw-p 00026000 08:03 12190665                   /lib/x86_64-linux-gnu/libpng12.so.0.49.0
7f1bf95a9000-7f1bf95bd000 r-xp 00000000 08:03 12192206                   /lib/x86_64-linux-gnu/libresolv-2.19.so
7f1bf95bd000-7f1bf97bc000 ---p 00014000 08:03 12192206                   /lib/x86_64-linux-gnu/libresolv-2.19.so
7f1bf97bc000-7f1bf97bd000 r--p 00013000 08:03 12192206                   /lib/x86_64-linux-gnu/libresolv-2.19.so
7f1bf97bd000-7f1bf97be000 rw-p 00014000 08:03 12192206                   /lib/x86_64-linux-gnu/libresolv-2.19.so
7f1bf97be000-7f1bf97c0000 rw-p 00000000 00:00 0 
7f1bf97c0000-7f1bf97de000 r-xp 00000000 08:03 12190680                   /lib/x86_64-linux-gnu/libselinux.so.1
7f1bf97de000-7f1bf99dd000 ---p 0001e000 08:03 12190680                   /lib/x86_64-linux-gnu/libselinux.so.1
7f1bf99dd000-7f1bf99de000 r--p 0001d000 08:03 12190680                   /lib/x86_64-linux-gnu/libselinux.so.1
7f1bf99de000-7f1bf99df000 rw-p 0001e000 08:03 12190680                   /lib/x86_64-linux-gnu/libselinux.so.1
7f1bf99df000-7f1bf99e0000 rw-p 00000000 00:00 0 
7f1bf99e0000-7f1bf99e3000 r-xp 00000000 08:03 4200052                    /usr/lib/x86_64-linux-gnu/libgmodule-2.0.so.0.3200.4
7f1bf99e3000-7f1bf9be2000 ---p 00003000 08:03 4200052                    /usr/lib/x86_64-linux-gnu/libgmodule-2.0.so.0.3200.4
7f1bf9be2000-7f1bf9be3000 r--p 00002000 08:03 4200052                    /usr/lib/x86_64-linux-gnu/libgmodule-2.0.so.0.3200.4
7f1bf9be3000-7f1bf9be4000 rw-p 00003000 08:03 4200052                    /usr/lib/x86_64-linux-gnu/libgmodule-2.0.so.0.3200.4
7f1bf9be4000-7f1bf9bee000 r-xp 00000000 08:03 4199739                    /usr/lib/x86_64-linux-gnu/libXcursor.so.1.0.2
7f1bf9bee000-7f1bf9ded000 ---p 0000a000 08:03 4199739                    /usr/lib/x86_64-linux-gnu/libXcursor.so.1.0.2
7f1bf9ded000-7f1bf9dee000 rw-p 00009000 08:03 4199739                    /usr/lib/x86_64-linux-gnu/libXcursor.so.1.0.2
7f1bf9dee000-7f1bf9df5000 r-xp 00000000 08:03 4199761                    /usr/lib/x86_64-linux-gnu/libXrandr.so.2.2.0
7f1bf9df5000-7f1bf9ff5000 ---p 00007000 08:03 4199761                    /usr/lib/x86_64-linux-gnu/libXrandr.so.2.2.0
7f1bf9ff5000-7f1bf9ff6000 rw-p 00007000 08:03 4199761                    /usr/lib/x86_64-linux-gnu/libXrandr.so.2.2.0
7f1bf9ff6000-7f1bf9ff8000 r-xp 00000000 08:03 4199753                    /usr/lib/x86_64-linux-gnu/libXinerama.so.1.0.0
7f1bf9ff8000-7f1bfa1f7000 ---p 00002000 08:03 4199753                    /usr/lib/x86_64-linux-gnu/libXinerama.so.1.0.0
7f1bfa1f7000-7f1bfa1f8000 rw-p 00001000 08:03 4199753                    /usr/lib/x86_64-linux-gnu/libXinerama.so.1.0.0
7f1bfa1f8000-7f1bfa1fd000 r-xp 00000000 08:03 4199747                    /usr/lib/x86_64-linux-gnu/libXfixes.so.3.1.0
7f1bfa1fd000-7f1bfa3fc000 ---p 00005000 08:03 4199747                    /usr/lib/x86_64-linux-gnu/libXfixes.so.3.1.0
7f1bfa3fc000-7f1bfa3fd000 r--p 00004000 08:03 4199747                    /usr/lib/x86_64-linux-gnu/libXfixes.so.3.1.0
7f1bfa3fd000-7f1bfa3fe000 rw-p 00005000 08:03 4199747                    /usr/lib/x86_64-linux-gnu/libXfixes.so.3.1.0
7f1bfa3fe000-7f1bfa400000 r-xp 00000000 08:03 4199741                    /usr/lib/x86_64-linux-gnu/libXdamage.so.1.1.0
7f1bfa400000-7f1bfa5ff000 ---p 00002000 08:03 4199741                    /usr/lib/x86_64-linux-gnu/libXdamage.so.1.1.0
7f1bfa5ff000-7f1bfa600000 rw-p 00001000 08:03 4199741                    /usr/lib/x86_64-linux-gnu/libXdamage.so.1.1.0
7f1bfa600000-7f1bfa602000 r-xp 00000000 08:03 4199737                    /usr/lib/x86_64-linux-gnu/libXcomposite.so.1.0.0
7f1bfa602000-7f1bfa801000 ---p 00002000 08:03 4199737                    /usr/lib/x86_64-linux-gnu/libXcomposite.so.1.0.0
7f1bfa801000-7f1bfa802000 rw-p 00001000 08:03 4199737                    /usr/lib/x86_64-linux-gnu/libXcomposite.so.1.0.0
7f1bfa802000-7f1bfa821000 r-xp 00000000 08:03 4200529                    /usr/lib/x86_64-linux-gnu/libxcb.so.1.1.0
7f1bfa821000-7f1bfaa20000 ---p 0001f000 08:03 4200529                    /usr/lib/x86_64-linux-gnu/libxcb.so.1.1.0
7f1bfaa20000-7f1bfaa21000 r--p 0001e000 08:03 4200529                    /usr/lib/x86_64-linux-gnu/libxcb.so.1.1.0
7f1bfaa21000-7f1bfaa22000 rw-p 0001f000 08:03 4200529                    /usr/lib/x86_64-linux-gnu/libxcb.so.1.1.0
7f1bfaa22000-7f1bfaa75000 r-xp 00000000 08:03 4199889                    /usr/lib/x86_64-linux-gnu/libcups.so.2
7f1bfaa75000-7f1bfac74000 ---p 00053000 08:03 4199889                    /usr/lib/x86_64-linux-gnu/libcups.so.2
7f1bfac74000-7f1bfac79000 r--p 00052000 08:03 4199889                    /usr/lib/x86_64-linux-gnu/libcups.so.2
7f1bfac79000-7f1bfac7a000 rw-p 00057000 08:03 4199889                    /usr/lib/x86_64-linux-gnu/libcups.so.2
7f1bfac7a000-7f1bfad6f000 r-xp 00000000 08:03 12190597                   /lib/x86_64-linux-gnu/libglib-2.0.so.0.3200.4
7f1bfad6f000-7f1bfaf6f000 ---p 000f5000 08:03 12190597                   /lib/x86_64-linux-gnu/libglib-2.0.so.0.3200.4
7f1bfaf6f000-7f1bfaf70000 r--p 000f5000 08:03 12190597                   /lib/x86_64-linux-gnu/libglib-2.0.so.0.3200.4
7f1bfaf70000-7f1bfaf71000 rw-p 000f6000 08:03 12190597                   /lib/x86_64-linux-gnu/libglib-2.0.so.0.3200.4
7f1bfaf71000-7f1bfaf72000 rw-p 00000000 00:00 0 
7f1bfaf72000-7f1bfaf73000 r-xp 00000000 08:03 4200137                    /usr/lib/x86_64-linux-gnu/libgthread-2.0.so.0.3200.4
7f1bfaf73000-7f1bfb172000 ---p 00001000 08:03 4200137                    /usr/lib/x86_64-linux-gnu/libgthread-2.0.so.0.3200.4
7f1bfb172000-7f1bfb173000 r--p 00000000 08:03 4200137                    /usr/lib/x86_64-linux-gnu/libgthread-2.0.so.0.3200.4
7f1bfb173000-7f1bfb174000 rw-p 00001000 08:03 4200137                    /usr/lib/x86_64-linux-gnu/libgthread-2.0.so.0.3200.4
7f1bfb174000-7f1bfb1c2000 r-xp 00000000 08:03 4200068                    /usr/lib/x86_64-linux-gnu/libgobject-2.0.so.0.3200.4
7f1bfb1c2000-7f1bfb3c2000 ---p 0004e000 08:03 4200068                    /usr/lib/x86_64-linux-gnu/libgobject-2.0.so.0.3200.4
7f1bfb3c2000-7f1bfb3c3000 r--p 0004e000 08:03 4200068                    /usr/lib/x86_64-linux-gnu/libgobject-2.0.so.0.3200.4
7f1bfb3c3000-7f1bfb3c4000 rw-p 0004f000 08:03 4200068                    /usr/lib/x86_64-linux-gnu/libgobject-2.0.so.0.3200.4
7f1bfb3c4000-7f1bfb3f9000 r-xp 00000000 08:03 4199999                    /usr/lib/x86_64-linux-gnu/libfontconfig.so.1.5.0
7f1bfb3f9000-7f1bfb5f9000 ---p 00035000 08:03 4199999                    /usr/lib/x86_64-linux-gnu/libfontconfig.so.1.5.0
7f1bfb5f9000-7f1bfb5fa000 r--p 00035000 08:03 4199999                    /usr/lib/x86_64-linux-gnu/libfontconfig.so.1.5.0
7f1bfb5fa000-7f1bfb5fb000 rw-p 00036000 08:03 4199999                    /usr/lib/x86_64-linux-gnu/libfontconfig.so.1.5.0
7f1bfb5fb000-7f1bfb694000 r-xp 00000000 08:03 4200007                    /usr/lib/x86_64-linux-gnu/libfreetype.so.6.8.1
7f1bfb694000-7f1bfb893000 ---p 00099000 08:03 4200007                    /usr/lib/x86_64-linux-gnu/libfreetype.so.6.8.1
7f1bfb893000-7f1bfb899000 r--p 00098000 08:03 4200007                    /usr/lib/x86_64-linux-gnu/libfreetype.so.6.8.1
7f1bfb899000-7f1bfb89a000 rw-p 0009e000 08:03 4200007                    /usr/lib/x86_64-linux-gnu/libfreetype.so.6.8.1
7f1bfb89a000-7f1bfb8e4000 r-xp 00000000 08:03 4200313                    /usr/lib/x86_64-linux-gnu/libpango-1.0.so.0.3000.0
7f1bfb8e4000-7f1bfbae4000 ---p 0004a000 08:03 4200313                    /usr/lib/x86_64-linux-gnu/libpango-1.0.so.0.3000.0
7f1bfbae4000-7f1bfbae6000 r--p 0004a000 08:03 4200313                    /usr/lib/x86_64-linux-gnu/libpango-1.0.so.0.3000.0
7f1bfbae6000-7f1bfbae7000 rw-p 0004c000 08:03 4200313                    /usr/lib/x86_64-linux-gnu/libpango-1.0.so.0.3000.0
7f1bfbae7000-7f1bfbbdb000 r-xp 00000000 08:03 4199843                    /usr/lib/x86_64-linux-gnu/libcairo.so.2.11200.2
7f1bfbbdb000-7f1bfbdda000 ---p 000f4000 08:03 4199843                    /usr/lib/x86_64-linux-gnu/libcairo.so.2.11200.2
7f1bfbdda000-7f1bfbddd000 r--p 000f3000 08:03 4199843                    /usr/lib/x86_64-linux-gnu/libcairo.so.2.11200.2
7f1bfbddd000-7f1bfbdde000 rw-p 000f6000 08:03 4199843                    /usr/lib/x86_64-linux-gnu/libcairo.so.2.11200.2
7f1bfbdde000-7f1bfbde0000 rw-p 00000000 00:00 0 
7f1bfbde0000-7f1bfbdff000 r-xp 00000000 08:03 4200030                    /usr/lib/x86_64-linux-gnu/libgdk_pixbuf-2.0.so.0.2600.1
7f1bfbdff000-7f1bfbffe000 ---p 0001f000 08:03 4200030                    /usr/lib/x86_64-linux-gnu/libgdk_pixbuf-2.0.so.0.2600.1
7f1bfbffe000-7f1bfbfff000 r--p 0001e000 08:03 4200030                    /usr/lib/x86_64-linux-gnu/libgdk_pixbuf-2.0.so.0.2600.1
7f1bfbfff000-7f1bfc000000 rw-p 0001f000 08:03 4200030                    /usr/lib/x86_64-linux-gnu/libgdk_pixbuf-2.0.so.0.2600.1
7f1bfc000000-7f1bfc021000 rw-p 00000000 00:00 0 
7f1bfc021000-7f1c00000000 ---p 00000000 00:00 0 
7f1c00016000-7f1c00019000 ---p 00000000 00:00 0 
7f1c00019000-7f1c0004f000 rw-p 00000000 00:00 0 
7f1c0004f000-7f1c0005b000 r-xp 00000000 08:03 4200315                    /usr/lib/x86_64-linux-gnu/libpangocairo-1.0.so.0.3000.0
7f1c0005b000-7f1c0025a000 ---p 0000c000 08:03 4200315                    /usr/lib/x86_64-linux-gnu/libpangocairo-1.0.so.0.3000.0
7f1c0025a000-7f1c0025b000 r--p 0000b000 08:03 4200315                    /usr/lib/x86_64-linux-gnu/libpangocairo-1.0.so.0.3000.0
7f1c0025b000-7f1c0025c000 rw-p 0000c000 08:03 4200315                    /usr/lib/x86_64-linux-gnu/libpangocairo-1.0.so.0.3000.0
7f1c0025c000-7f1c00286000 r-xp 00000000 08:03 4200317                    /usr/lib/x86_64-linux-gnu/libpangoft2-1.0.so.0.3000.0
7f1c00286000-7f1c00485000 ---p 0002a000 08:03 4200317                    /usr/lib/x86_64-linux-gnu/libpangoft2-1.0.so.0.3000.0
7f1c00485000-7f1c00486000 r--p 00029000 08:03 4200317                    /usr/lib/x86_64-linux-gnu/libpangoft2-1.0.so.0.3000.0
7f1c00486000-7f1c00487000 rw-p 0002a000 08:03 4200317                    /usr/lib/x86_64-linux-gnu/libpangoft2-1.0.so.0.3000.0
7f1c00487000-7f1c005d3000 r-xp 00000000 08:03 4200042                    /usr/lib/x86_64-linux-gnu/libgio-2.0.so.0.3200.4
7f1c005d3000-7f1c007d2000 ---p 0014c000 08:03 4200042                    /usr/lib/x86_64-linux-gnu/libgio-2.0.so.0.3200.4
7f1c007d2000-7f1c007d6000 r--p 0014b000 08:03 4200042                    /usr/lib/x86_64-linux-gnu/libgio-2.0.so.0.3200.4
7f1c007d6000-7f1c007d8000 rw-p 0014f000 08:03 4200042                    /usr/lib/x86_64-linux-gnu/libgio-2.0.so.0.3200.4
7f1c007d8000-7f1c007da000 rw-p 00000000 00:00 0 
7f1c007da000-7f1c007fb000 r-xp 00000000 08:03 4199799                    /usr/lib/x86_64-linux-gnu/libatk-1.0.so.0.20409.1
7f1c007fb000-7f1c009fa000 ---p 00021000 08:03 4199799                    /usr/lib/x86_64-linux-gnu/libatk-1.0.so.0.20409.1
7f1c009fa000-7f1c009fc000 r--p 00020000 08:03 4199799                    /usr/lib/x86_64-linux-gnu/libatk-1.0.so.0.20409.1
7f1c009fc000-7f1c009fd000 rw-p 00022000 08:03 4199799                    /usr/lib/x86_64-linux-gnu/libatk-1.0.so.0.20409.1
7f1c009fd000-7f1c00aac000 r-xp 00000000 08:03 4200028                    /usr/lib/x86_64-linux-gnu/libgdk-x11-2.0.so.0.2400.10
7f1c00aac000-7f1c00cab000 ---p 000af000 08:03 4200028                    /usr/lib/x86_64-linux-gnu/libgdk-x11-2.0.so.0.2400.10
7f1c00cab000-7f1c00cb0000 rw-p 000ae000 08:03 4200028                    /usr/lib/x86_64-linux-gnu/libgdk-x11-2.0.so.0.2400.10
7f1c00cb0000-7f1c010e2000 r-xp 00000000 08:03 4200141                    /usr/lib/x86_64-linux-gnu/libgtk-x11-2.0.so.0.2400.10
7f1c010e2000-7f1c012e2000 ---p 00432000 08:03 4200141                    /usr/lib/x86_64-linux-gnu/libgtk-x11-2.0.so.0.2400.10
7f1c012e2000-7f1c012ed000 rw-p 00432000 08:03 4200141                    /usr/lib/x86_64-linux-gnu/libgtk-x11-2.0.so.0.2400.10
7f1c012ed000-7f1c012ef000 rw-p 00000000 00:00 0 
7f1c012ef000-7f1c012fd000 r-xp 00000000 08:03 4199751                    /usr/lib/x86_64-linux-gnu/libXi.so.6.1.0
7f1c012fd000-7f1c014fd000 ---p 0000e000 08:03 4199751                    /usr/lib/x86_64-linux-gnu/libXi.so.6.1.0
7f1c014fd000-7f1c014fe000 rw-p 0000e000 08:03 4199751                    /usr/lib/x86_64-linux-gnu/libXi.so.6.1.0
7f1c014fe000-7f1c01503000 r-xp 00000000 08:03 4199769                    /usr/lib/x86_64-linux-gnu/libXtst.so.6.1.0
7f1c01503000-7f1c01702000 ---p 00005000 08:03 4199769                    /usr/lib/x86_64-linux-gnu/libXtst.so.6.1.0
7f1c01702000-7f1c01703000 rw-p 00004000 08:03 4199769                    /usr/lib/x86_64-linux-gnu/libXtst.so.6.1.0
7f1c01703000-7f1c01838000 r-xp 00000000 08:03 4199728                    /usr/lib/x86_64-linux-gnu/libX11.so.6.3.0
7f1c01838000-7f1c01a38000 ---p 00135000 08:03 4199728                    /usr/lib/x86_64-linux-gnu/libX11.so.6.3.0
7f1c01a38000-7f1c01a3e000 rw-p 00135000 08:03 4199728                    /usr/lib/x86_64-linux-gnu/libX11.so.6.3.0
7f1c01a3e000-7f1c01a4f000 r-xp 00000000 08:03 4199745                    /usr/lib/x86_64-linux-gnu/libXext.so.6.4.0
7f1c01a4f000-7f1c01c4f000 ---p 00011000 08:03 4199745                    /usr/lib/x86_64-linux-gnu/libXext.so.6.4.0
7f1c01c4f000-7f1c01c50000 rw-p 00011000 08:03 4199745                    /usr/lib/x86_64-linux-gnu/libXext.so.6.4.0
7f1c01c50000-7f1c04000000 rw-p 00000000 00:00 0 
7f1c04000000-7f1c04021000 rw-p 00000000 00:00 0 
7f1c04021000-7f1c08000000 ---p 00000000 00:00 0 
7f1c08003000-7f1c0800c000 r-xp 00000000 08:03 4199763                    /usr/lib/x86_64-linux-gnu/libXrender.so.1.3.0
7f1c0800c000-7f1c0820b000 ---p 00009000 08:03 4199763                    /usr/lib/x86_64-linux-gnu/libXrender.so.1.3.0
7f1c0820b000-7f1c0820c000 rw-p 00008000 08:03 4199763                    /usr/lib/x86_64-linux-gnu/libXrender.so.1.3.0
7f1c0820c000-7f1c0825f000 r-xp 00000000 08:03 3934319                    /usr/lib/jvm/java-7-openjdk-amd64/jre/lib/amd64/xawt/libmawt.so
7f1c0825f000-7f1c0845e000 ---p 00053000 08:03 3934319                    /usr/lib/jvm/java-7-openjdk-amd64/jre/lib/amd64/xawt/libmawt.so
7f1c0845e000-7f1c0845f000 r--p 00052000 08:03 3934319                    /usr/lib/jvm/java-7-openjdk-amd64/jre/lib/amd64/xawt/libmawt.so
7f1c0845f000-7f1c08462000 rw-p 00053000 08:03 3934319                    /usr/lib/jvm/java-7-openjdk-amd64/jre/lib/amd64/xawt/libmawt.so
7f1c08462000-7f1c08463000 rw-p 00000000 00:00 0 
7f1c08463000-7f1c08504000 r-xp 00000000 08:03 3934218                    /usr/lib/jvm/java-7-openjdk-amd64/jre/lib/amd64/libawt.so
7f1c08504000-7f1c08703000 ---p 000a1000 08:03 3934218                    /usr/lib/jvm/java-7-openjdk-amd64/jre/lib/amd64/libawt.so
7f1c08703000-7f1c08704000 r--p 000a0000 08:03 3934218                    /usr/lib/jvm/java-7-openjdk-amd64/jre/lib/amd64/libawt.so
7f1c08704000-7f1c0870f000 rw-p 000a1000 08:03 3934218                    /usr/lib/jvm/java-7-openjdk-amd64/jre/lib/amd64/libawt.so
7f1c0870f000-7f1c08734000 rw-p 00000000 00:00 0 
7f1c08734000-7f1c08771000 r-xp 00000000 08:03 10486182                   /tmp/libgdxchobe/5502b6ed/libgdx64.so
7f1c08771000-7f1c08970000 ---p 0003d000 08:03 10486182                   /tmp/libgdxchobe/5502b6ed/libgdx64.so
7f1c08970000-7f1c08971000 r--p 0003c000 08:03 10486182                   /tmp/libgdxchobe/5502b6ed/libgdx64.so
7f1c08971000-7f1c08972000 rw-p 0003d000 08:03 10486182                   /tmp/libgdxchobe/5502b6ed/libgdx64.so
7f1c08972000-7f1c08973000 ---p 00000000 00:00 0 
7f1c08973000-7f1c08a73000 rw-p 00000000 00:00 0 
7f1c08a73000-7f1c08a76000 ---p 00000000 00:00 0 
7f1c08a76000-7f1c08b74000 rw-p 00000000 00:00 0 
7f1c08b74000-7f1c08b77000 ---p 00000000 00:00 0 
7f1c08b77000-7f1c08c75000 rw-p 00000000 00:00 0 
7f1c08c75000-7f1c08c78000 ---p 00000000 00:00 0 
7f1c08c78000-7f1c08d76000 rw-p 00000000 00:00 0 
7f1c08d76000-7f1c08d79000 ---p 00000000 00:00 0 
7f1c08d79000-7f1c08e77000 rw-p 00000000 00:00 0 
7f1c08e77000-7f1c09000000 r--p 00000000 08:03 4067802                    /usr/lib/locale/locale-archive
7f1c09000000-7f1c09270000 rwxp 00000000 00:00 0 
7f1c09270000-7f1c0c362000 rw-p 00000000 00:00 0 
7f1c0c362000-7f1c10000000 ---p 00000000 00:00 0 
7f1c10019000-7f1c1001a000 rw-s 00005000 00:05 7289                       /dev/ati/card0
7f1c1001a000-7f1c1002a000 rw-s e0200000 00:05 7289                       /dev/ati/card0
7f1c1002a000-7f1c1002c000 rw-s 00002000 00:05 7289                       /dev/ati/card0
7f1c1002c000-7f1c10033000 r--s 00000000 08:03 4206154                    /usr/lib/x86_64-linux-gnu/gconv/gconv-modules.cache
7f1c10033000-7f1c1003c000 r--s 000b9000 08:03 3934170                    /usr/lib/jvm/java-7-openjdk-amd64/jre/lib/resources.jar
7f1c1003c000-7f1c10041000 r--s 0004c000 08:03 3934152                    /usr/lib/jvm/java-7-openjdk-amd64/jre/lib/jsse.jar
7f1c10041000-7f1c10042000 r--s 00002000 08:03 10488693                   /home/chobe/.gradle/caches/modules-2/files-2.1/net.java.jinput/jinput-platform/2.0.5/53f9c919f34d2ca9de8c51fc4e1e8282029a9232/jinput-platform-2.0.5-natives-osx.jar
7f1c10042000-7f1c10043000 r--s 00025000 08:03 10488692                   /home/chobe/.gradle/caches/modules-2/files-2.1/net.java.jinput/jinput-platform/2.0.5/385ee093e01f587f30ee1c8a2ee7d408fd732e16/jinput-platform-2.0.5-natives-windows.jar
7f1c10043000-7f1c10044000 r--s 00002000 08:03 10488691                   /home/chobe/.gradle/caches/modules-2/files-2.1/net.java.jinput/jinput-platform/2.0.5/7ff832a6eb9ab6a767f1ade2b548092d0fa64795/jinput-platform-2.0.5-natives-linux.jar
7f1c10044000-7f1c10045000 r--s 00001000 08:03 10488690                   /home/chobe/.gradle/caches/modules-2/files-2.1/net.java.jutils/jutils/1.0.0/e12fe1fda814bd348c1579329c86943d2cd3c6a6/jutils-1.0.0.jar
7f1c10045000-7f1c10049000 r--s 0002f000 08:03 10488689                   /home/chobe/.gradle/caches/modules-2/files-2.1/net.java.jinput/jinput/2.0.5/39c7796b469a600f72380316f6b1f11db6c2c7c4/jinput-2.0.5.jar
7f1c10049000-7f1c1004a000 r--s 00080000 08:03 10488688                   /home/chobe/.gradle/caches/modules-2/files-2.1/org.lwjgl.lwjgl/lwjgl-platform/2.9.1/2d12c83fdfbc04ecabf02c7bc8cc54d034f0daac/lwjgl-platform-2.9.1-natives-osx.jar
7f1c1004a000-7f1c1004b000 r--s 0008b000 08:03 10488687                   /home/chobe/.gradle/caches/modules-2/files-2.1/org.lwjgl.lwjgl/lwjgl-platform/2.9.1/aa9aae879af8eb378e22cfc64db56ec2ca9a44d1/lwjgl-platform-2.9.1-natives-linux.jar
7f1c1004b000-7f1c1004c000 r--s 00095000 08:03 10488686                   /home/chobe/.gradle/caches/modules-2/files-2.1/org.lwjgl.lwjgl/lwjgl-platform/2.9.1/4c517eca808522457dd95ee8fc1fbcdbb602efbe/lwjgl-platform-2.9.1-natives-windows.jar
7f1c1004c000-7f1c1004e000 r--s 00017000 08:03 10488685                   /home/chobe/.gradle/caches/modules-2/files-2.1/org.jcraft/jorbis/0.0.17/8872d22b293e8f5d7d56ff92be966e6dc28ebdc6/jorbis-0.0.17.jar
7f1c1004e000-7f1c1004f000 r--s 00015000 08:03 10488684                   /home/chobe/.gradle/caches/modules-2/files-2.1/com.badlogicgames.jlayer/jlayer/1.0.1-gdx/7cca83cec5c1b2f011362f4d85aabd71a73b049d/jlayer-1.0.1-gdx.jar
7f1c1004f000-7f1c10053000 r--s 00027000 08:03 10488683                   /home/chobe/.gradle/caches/modules-2/files-2.1/org.lwjgl.lwjgl/lwjgl_util/2.9.1/290d7ba8a1bd9566f5ddf16ad06f09af5ec9b20e/lwjgl_util-2.9.1.jar
7f1c10053000-7f1c10061000 r--s 000ea000 08:03 10488682                   /home/chobe/.gradle/caches/modules-2/files-2.1/org.lwjgl.lwjgl/lwjgl/2.9.1/f58c5aabcef0e41718a564be9f8e412fff8db847/lwjgl-2.9.1.jar
7f1c10061000-7f1c10076000 r--s 00153000 08:03 10488660                   /home/chobe/.gradle/caches/modules-2/files-2.1/com.badlogicgames.gdx/gdx/1.1.0/686f5a609c717eb0769d3b954c501a49bf4fe351/gdx-1.1.0.jar
7f1c10076000-7f1c10077000 r--s 000cd000 08:03 10488678                   /home/chobe/.gradle/caches/modules-2/files-2.1/com.badlogicgames.gdx/gdx-platform/1.1.0/1c7ea4239c2d9adda420c15985fe3885c481fdcf/gdx-platform-1.1.0-natives-desktop.jar
7f1c10077000-7f1c1007a000 ---p 00000000 00:00 0 
7f1c1007a000-7f1c10178000 rw-p 00000000 00:00 0 
7f1c10178000-7f1c1017b000 ---p 00000000 00:00 0 
7f1c1017b000-7f1c10279000 rw-p 00000000 00:00 0 
7f1c10279000-7f1c1027a000 ---p 00000000 00:00 0 
7f1c1027a000-7f1c11377000 rw-p 00000000 00:00 0 
7f1c11377000-7f1c11525000 r--s 01cfc000 08:03 3934153                    /usr/lib/jvm/java-7-openjdk-amd64/jre/lib/rt.jar
7f1c11525000-7f1c11859000 rw-p 00000000 00:00 0 
7f1c11859000-7f1c1185a000 ---p 00000000 00:00 0 
7f1c1185a000-7f1c1195a000 rw-p 00000000 00:00 0 
7f1c1195a000-7f1c1195b000 ---p 00000000 00:00 0 
7f1c1195b000-7f1c11a5b000 rw-p 00000000 00:00 0 
7f1c11a5b000-7f1c11a5c000 ---p 00000000 00:00 0 
7f1c11a5c000-7f1c11b5c000 rw-p 00000000 00:00 0 
7f1c11b5c000-7f1c11b5d000 ---p 00000000 00:00 0 
7f1c11b5d000-7f1c11c68000 rw-p 00000000 00:00 0 
7f1c11c68000-7f1c11cb0000 rw-p 00000000 00:00 0 
7f1c11cb0000-7f1c11cc5000 rw-p 00000000 00:00 0 
7f1c11cc5000-7f1c11df6000 rw-p 00000000 00:00 0 
7f1c11df6000-7f1c11e01000 rw-p 00000000 00:00 0 
7f1c11e01000-7f1c11e49000 rw-p 00000000 00:00 0 
7f1c11e49000-7f1c11e5e000 rw-p 00000000 00:00 0 
7f1c11e5e000-7f1c11f8e000 rw-p 00000000 00:00 0 
7f1c11f8e000-7f1c11f99000 rw-p 00000000 00:00 0 
7f1c11f99000-7f1c12031000 rw-p 00000000 00:00 0 
7f1c12031000-7f1c12032000 rw-p 00000000 00:00 0 
7f1c12032000-7f1c1203a000 r-xp 00000000 08:03 3934210                    /usr/lib/jvm/java-7-openjdk-amd64/jre/lib/amd64/libzip.so
7f1c1203a000-7f1c12239000 ---p 00008000 08:03 3934210                    /usr/lib/jvm/java-7-openjdk-amd64/jre/lib/amd64/libzip.so
7f1c12239000-7f1c1223a000 r--p 00007000 08:03 3934210                    /usr/lib/jvm/java-7-openjdk-amd64/jre/lib/amd64/libzip.so
7f1c1223a000-7f1c1223b000 rw-p 00008000 08:03 3934210                    /usr/lib/jvm/java-7-openjdk-amd64/jre/lib/amd64/libzip.so
7f1c1223b000-7f1c12246000 r-xp 00000000 08:03 12192223                   /lib/x86_64-linux-gnu/libnss_files-2.19.so
7f1c12246000-7f1c12445000 ---p 0000b000 08:03 12192223                   /lib/x86_64-linux-gnu/libnss_files-2.19.so
7f1c12445000-7f1c12446000 r--p 0000a000 08:03 12192223                   /lib/x86_64-linux-gnu/libnss_files-2.19.so
7f1c12446000-7f1c12447000 rw-p 0000b000 08:03 12192223                   /lib/x86_64-linux-gnu/libnss_files-2.19.so
7f1c12447000-7f1c12451000 r-xp 00000000 08:03 12192211                   /lib/x86_64-linux-gnu/libnss_nis-2.19.so
7f1c12451000-7f1c12650000 ---p 0000a000 08:03 12192211                   /lib/x86_64-linux-gnu/libnss_nis-2.19.so
7f1c12650000-7f1c12651000 r--p 00009000 08:03 12192211                   /lib/x86_64-linux-gnu/libnss_nis-2.19.so
7f1c12651000-7f1c12652000 rw-p 0000a000 08:03 12192211                   /lib/x86_64-linux-gnu/libnss_nis-2.19.so
7f1c12652000-7f1c12667000 r-xp 00000000 08:03 12192215                   /lib/x86_64-linux-gnu/libnsl-2.19.so
7f1c12667000-7f1c12866000 ---p 00015000 08:03 12192215                   /lib/x86_64-linux-gnu/libnsl-2.19.so
7f1c12866000-7f1c12867000 r--p 00014000 08:03 12192215                   /lib/x86_64-linux-gnu/libnsl-2.19.so
7f1c12867000-7f1c12868000 rw-p 00015000 08:03 12192215                   /lib/x86_64-linux-gnu/libnsl-2.19.so
7f1c12868000-7f1c1286a000 rw-p 00000000 00:00 0 
7f1c1286a000-7f1c12871000 r-xp 00000000 08:03 12192212                   /lib/x86_64-linux-gnu/libnss_compat-2.19.so
7f1c12871000-7f1c12a70000 ---p 00007000 08:03 12192212                   /lib/x86_64-linux-gnu/libnss_compat-2.19.so
7f1c12a70000-7f1c12a71000 r--p 00006000 08:03 12192212                   /lib/x86_64-linux-gnu/libnss_compat-2.19.so
7f1c12a71000-7f1c12a72000 rw-p 00007000 08:03 12192212                   /lib/x86_64-linux-gnu/libnss_compat-2.19.so
7f1c12a72000-7f1c12a9d000 r-xp 00000000 08:03 3934215                    /usr/lib/jvm/java-7-openjdk-amd64/jre/lib/amd64/libjava.so
7f1c12a9d000-7f1c12c9c000 ---p 0002b000 08:03 3934215                    /usr/lib/jvm/java-7-openjdk-amd64/jre/lib/amd64/libjava.so
7f1c12c9c000-7f1c12c9d000 r--p 0002a000 08:03 3934215                    /usr/lib/jvm/java-7-openjdk-amd64/jre/lib/amd64/libjava.so
7f1c12c9d000-7f1c12c9f000 rw-p 0002b000 08:03 3934215                    /usr/lib/jvm/java-7-openjdk-amd64/jre/lib/amd64/libjava.so
7f1c12c9f000-7f1c12cae000 r-xp 00000000 08:03 3934216                    /usr/lib/jvm/java-7-openjdk-amd64/jre/lib/amd64/libverify.so
7f1c12cae000-7f1c12ead000 ---p 0000f000 08:03 3934216                    /usr/lib/jvm/java-7-openjdk-amd64/jre/lib/amd64/libverify.so
7f1c12ead000-7f1c12eaf000 r--p 0000e000 08:03 3934216                    /usr/lib/jvm/java-7-openjdk-amd64/jre/lib/amd64/libverify.so
7f1c12eaf000-7f1c12eb0000 rw-p 00010000 08:03 3934216                    /usr/lib/jvm/java-7-openjdk-amd64/jre/lib/amd64/libverify.so
7f1c12eb0000-7f1c12eb7000 r-xp 00000000 08:03 12192213                   /lib/x86_64-linux-gnu/librt-2.19.so
7f1c12eb7000-7f1c130b6000 ---p 00007000 08:03 12192213                   /lib/x86_64-linux-gnu/librt-2.19.so
7f1c130b6000-7f1c130b7000 r--p 00006000 08:03 12192213                   /lib/x86_64-linux-gnu/librt-2.19.so
7f1c130b7000-7f1c130b8000 rw-p 00007000 08:03 12192213                   /lib/x86_64-linux-gnu/librt-2.19.so
7f1c130b8000-7f1c130cd000 r-xp 00000000 08:03 12190593                   /lib/x86_64-linux-gnu/libgcc_s.so.1
7f1c130cd000-7f1c132cd000 ---p 00015000 08:03 12190593                   /lib/x86_64-linux-gnu/libgcc_s.so.1
7f1c132cd000-7f1c132ce000 rw-p 00015000 08:03 12190593                   /lib/x86_64-linux-gnu/libgcc_s.so.1
7f1c132ce000-7f1c133ce000 r-xp 00000000 08:03 12192221                   /lib/x86_64-linux-gnu/libm-2.19.so
7f1c133ce000-7f1c135cd000 ---p 00100000 08:03 12192221                   /lib/x86_64-linux-gnu/libm-2.19.so
7f1c135cd000-7f1c135ce000 r--p 000ff000 08:03 12192221                   /lib/x86_64-linux-gnu/libm-2.19.so
7f1c135ce000-7f1c135cf000 rw-p 00100000 08:03 12192221                   /lib/x86_64-linux-gnu/libm-2.19.so
7f1c135cf000-7f1c136b7000 r-xp 00000000 08:03 4200440                    /usr/lib/x86_64-linux-gnu/libstdc++.so.6.0.17
7f1c136b7000-7f1c138b7000 ---p 000e8000 08:03 4200440                    /usr/lib/x86_64-linux-gnu/libstdc++.so.6.0.17
7f1c138b7000-7f1c138bf000 r--p 000e8000 08:03 4200440                    /usr/lib/x86_64-linux-gnu/libstdc++.so.6.0.17
7f1c138bf000-7f1c138c1000 rw-p 000f0000 08:03 4200440                    /usr/lib/x86_64-linux-gnu/libstdc++.so.6.0.17
7f1c138c1000-7f1c138d6000 rw-p 00000000 00:00 0 
7f1c138d6000-7f1c1439f000 r-xp 00000000 08:03 3934204                    /usr/lib/jvm/java-7-openjdk-amd64/jre/lib/amd64/server/libjvm.so
7f1c1439f000-7f1c1459f000 ---p 00ac9000 08:03 3934204                    /usr/lib/jvm/java-7-openjdk-amd64/jre/lib/amd64/server/libjvm.so
7f1c1459f000-7f1c14637000 r--p 00ac9000 08:03 3934204                    /usr/lib/jvm/java-7-openjdk-amd64/jre/lib/amd64/server/libjvm.so
7f1c14637000-7f1c1465a000 rw-p 00b61000 08:03 3934204                    /usr/lib/jvm/java-7-openjdk-amd64/jre/lib/amd64/server/libjvm.so
7f1c1465a000-7f1c14687000 rw-p 00000000 00:00 0 
7f1c14687000-7f1c1469e000 r-xp 00000000 08:03 12192203                   /lib/x86_64-linux-gnu/libz.so.1.2.8
7f1c1469e000-7f1c1489d000 ---p 00017000 08:03 12192203                   /lib/x86_64-linux-gnu/libz.so.1.2.8
7f1c1489d000-7f1c1489e000 r--p 00016000 08:03 12192203                   /lib/x86_64-linux-gnu/libz.so.1.2.8
7f1c1489e000-7f1c1489f000 rw-p 00017000 08:03 12192203                   /lib/x86_64-linux-gnu/libz.so.1.2.8
7f1c1489f000-7f1c14a3e000 r-xp 00000000 08:03 12192214                   /lib/x86_64-linux-gnu/libc-2.19.so
7f1c14a3e000-7f1c14c3e000 ---p 0019f000 08:03 12192214                   /lib/x86_64-linux-gnu/libc-2.19.so
7f1c14c3e000-7f1c14c42000 r--p 0019f000 08:03 12192214                   /lib/x86_64-linux-gnu/libc-2.19.so
7f1c14c42000-7f1c14c44000 rw-p 001a3000 08:03 12192214                   /lib/x86_64-linux-gnu/libc-2.19.so
7f1c14c44000-7f1c14c48000 rw-p 00000000 00:00 0 
7f1c14c48000-7f1c14c4b000 r-xp 00000000 08:03 12192219                   /lib/x86_64-linux-gnu/libdl-2.19.so
7f1c14c4b000-7f1c14e4a000 ---p 00003000 08:03 12192219                   /lib/x86_64-linux-gnu/libdl-2.19.so
7f1c14e4a000-7f1c14e4b000 r--p 00002000 08:03 12192219                   /lib/x86_64-linux-gnu/libdl-2.19.so
7f1c14e4b000-7f1c14e4c000 rw-p 00003000 08:03 12192219                   /lib/x86_64-linux-gnu/libdl-2.19.so
7f1c14e4c000-7f1c14e59000 r-xp 00000000 08:03 3934207                    /usr/lib/jvm/java-7-openjdk-amd64/jre/lib/amd64/jli/libjli.so
7f1c14e59000-7f1c15058000 ---p 0000d000 08:03 3934207                    /usr/lib/jvm/java-7-openjdk-amd64/jre/lib/amd64/jli/libjli.so
7f1c15058000-7f1c15059000 r--p 0000c000 08:03 3934207                    /usr/lib/jvm/java-7-openjdk-amd64/jre/lib/amd64/jli/libjli.so
7f1c15059000-7f1c1505a000 rw-p 0000d000 08:03 3934207                    /usr/lib/jvm/java-7-openjdk-amd64/jre/lib/amd64/jli/libjli.so
7f1c1505a000-7f1c15072000 r-xp 00000000 08:03 12192218                   /lib/x86_64-linux-gnu/libpthread-2.19.so
7f1c15072000-7f1c15271000 ---p 00018000 08:03 12192218                   /lib/x86_64-linux-gnu/libpthread-2.19.so
7f1c15271000-7f1c15272000 r--p 00017000 08:03 12192218                   /lib/x86_64-linux-gnu/libpthread-2.19.so
7f1c15272000-7f1c15273000 rw-p 00018000 08:03 12192218                   /lib/x86_64-linux-gnu/libpthread-2.19.so
7f1c15273000-7f1c15277000 rw-p 00000000 00:00 0 
7f1c15277000-7f1c15297000 r-xp 00000000 08:03 12192217                   /lib/x86_64-linux-gnu/ld-2.19.so
7f1c15297000-7f1c1529a000 r--s 0001f000 08:03 10488677                   /home/chobe/.gradle/caches/modules-2/files-2.1/com.badlogicgames.gdx/gdx-backend-lwjgl/1.1.0/eafa409559820c1696e165e1280435f1332fc32b/gdx-backend-lwjgl-1.1.0.jar
7f1c1529a000-7f1c1529d000 r--s 0001c000 08:01 772750                     /media/winDisk/Users/ChobeDucket/Documents/sheep/core/build/libs/core-1.0.jar
7f1c1529d000-7f1c152a1000 r--s 0003b000 08:03 3934173                    /usr/lib/jvm/java-7-openjdk-amd64/jre/lib/ext/sunpkcs11.jar
7f1c152a1000-7f1c152a2000 r--s 00002000 08:03 3934178                    /usr/lib/jvm/java-7-openjdk-amd64/jre/lib/ext/dnsns.jar
7f1c152a2000-7f1c152a5000 r--s 00032000 08:03 3934176                    /usr/lib/jvm/java-7-openjdk-amd64/jre/lib/ext/sunjce_provider.jar
7f1c152a5000-7f1c152a7000 r--s 0000f000 08:03 3934175                    /usr/lib/jvm/java-7-openjdk-amd64/jre/lib/ext/pulse-java.jar
7f1c152a7000-7f1c152a9000 r--s 00012000 08:03 3934174                    /usr/lib/jvm/java-7-openjdk-amd64/jre/lib/ext/zipfs.jar
7f1c152a9000-7f1c152ad000 r--s 00085000 08:03 3934172                    /usr/lib/jvm/java-7-openjdk-amd64/jre/lib/ext/localedata.jar
7f1c152ad000-7f1c152ae000 r--s 00007000 08:03 5645676                    /usr/share/java/java-atk-wrapper.jar
7f1c152ae000-7f1c152b8000 rw-p 00000000 00:00 0 
7f1c152b8000-7f1c1536e000 rw-p 00000000 00:00 0 
7f1c1536e000-7f1c15371000 ---p 00000000 00:00 0 
7f1c15371000-7f1c1548b000 rw-p 00000000 00:00 0 
7f1c1548b000-7f1c15493000 rw-s 00000000 08:03 10490852                   /tmp/hsperfdata_chobe/8980 (deleted)
7f1c15493000-7f1c15494000 rw-p 00000000 00:00 0 
7f1c15494000-7f1c15495000 ---p 00000000 00:00 0 
7f1c15495000-7f1c15497000 rw-p 00000000 00:00 0 
7f1c15497000-7f1c15498000 r--p 00020000 08:03 12192217                   /lib/x86_64-linux-gnu/ld-2.19.so
7f1c15498000-7f1c15499000 rw-p 00021000 08:03 12192217                   /lib/x86_64-linux-gnu/ld-2.19.so
7f1c15499000-7f1c1549a000 rw-p 00000000 00:00 0 
7fff6ed51000-7fff6ed73000 rw-p 00000000 00:00 0                          [stack]
7fff6ed98000-7fff6ed99000 r-xp 00000000 00:00 0                          [vdso]
ffffffffff600000-ffffffffff601000 r-xp 00000000 00:00 0                  [vsyscall]

VM Arguments:
jvm_args: -Dfile.encoding=UTF-8 
java_command: com.mygdx.sheep.desktop.DesktopLauncher
Launcher Type: SUN_STANDARD

Environment Variables:
PATH=/usr/local/bin:/usr/bin:/bin:/usr/local/games:/usr/games:/home/chobe/.local/bin:/home/chobe/sdks/adt-bundle-linux-x86_64-20140321/sdk//platform-tools/adb:/home/chobe/sdks/adt-bundle-linux-x86_64-20140321/sdk//platform-tools/
USERNAME=chobe
SHELL=/bin/bash
DISPLAY=:0

Signal Handlers:
SIGSEGV: [libjvm.so+0x8f9750], sa_mask[0]=0x7ffbfeff, sa_flags=0x10000004
SIGBUS: [libjvm.so+0x8f9750], sa_mask[0]=0x7ffbfeff, sa_flags=0x10000004
SIGFPE: [libjvm.so+0x7827c0], sa_mask[0]=0x7ffbfeff, sa_flags=0x10000004
SIGPIPE: [libjvm.so+0x7827c0], sa_mask[0]=0x7ffbfeff, sa_flags=0x10000004
SIGXFSZ: [libjvm.so+0x7827c0], sa_mask[0]=0x7ffbfeff, sa_flags=0x10000004
SIGILL: [libjvm.so+0x7827c0], sa_mask[0]=0x7ffbfeff, sa_flags=0x10000004
SIGUSR1: SIG_DFL, sa_mask[0]=0x00000000, sa_flags=0x00000000
SIGUSR2: [libjvm.so+0x782ab0], sa_mask[0]=0x00000004, sa_flags=0x10000004
SIGHUP: [libjvm.so+0x782c20], sa_mask[0]=0x7ffbfeff, sa_flags=0x10000004
SIGINT: [libjvm.so+0x782c20], sa_mask[0]=0x7ffbfeff, sa_flags=0x10000004
SIGTERM: [libjvm.so+0x782c20], sa_mask[0]=0x7ffbfeff, sa_flags=0x10000004
SIGQUIT: [libjvm.so+0x782c20], sa_mask[0]=0x7ffbfeff, sa_flags=0x10000004


---------------  S Y S T E M  ---------------

OS:7.5

uname:Linux 3.2.0-4-amd64 #1 SMP Debian 3.2.57-3+deb7u1 x86_64
libc:glibc 2.19 NPTL 2.19 
rlimit: STACK 8192k, CORE 0k, NPROC 31105, NOFILE 4096, AS infinity
load average:0.28 0.32 0.45

/proc/meminfo:
MemTotal:        3993672 kB
MemFree:          834528 kB
Buffers:          133540 kB
Cached:           541760 kB
SwapCached:            0 kB
Active:          2109388 kB
Inactive:         696692 kB
Active(anon):    1624344 kB
Inactive(anon):   536240 kB
Active(file):     485044 kB
Inactive(file):   160452 kB
Unevictable:           0 kB
Mlocked:               0 kB
SwapTotal:       4120572 kB
SwapFree:        4120504 kB
Dirty:               404 kB
Writeback:             0 kB
AnonPages:       2131084 kB
Mapped:           234868 kB
Shmem:             29804 kB
Slab:             132388 kB
SReclaimable:     104220 kB
SUnreclaim:        28168 kB
KernelStack:        3736 kB
PageTables:        30368 kB
NFS_Unstable:          0 kB
Bounce:                0 kB
WritebackTmp:          0 kB
CommitLimit:     6117408 kB
Committed_AS:    4216088 kB
VmallocTotal:   34359738367 kB
VmallocUsed:      170472 kB
VmallocChunk:   34359561712 kB
HardwareCorrupted:     0 kB
AnonHugePages:         0 kB
HugePages_Total:       0
HugePages_Free:        0
HugePages_Rsvd:        0
HugePages_Surp:        0
Hugepagesize:       2048 kB
DirectMap4k:      402432 kB
DirectMap2M:     3725312 kB


CPU:total 4 (4 cores per cpu, 1 threads per core) family 6 model 15 stepping 11, cmov, cx8, fxsr, mmx, sse, sse2, sse3, ssse3, tsc

/proc/cpuinfo:
processor	: 0
vendor_id	: GenuineIntel
cpu family	: 6
model		: 15
model name	: Intel(R) Core(TM)2 Quad CPU    Q6600  @ 2.40GHz
stepping	: 11
cpu MHz		: 1596.000
cache size	: 4096 KB
physical id	: 0
siblings	: 4
core id		: 0
cpu cores	: 4
apicid		: 0
initial apicid	: 0
fpu		: yes
fpu_exception	: yes
cpuid level	: 10
wp		: yes
flags		: fpu vme de pse tsc msr pae mce cx8 apic sep mtrr pge mca cmov pat pse36 clflush dts acpi mmx fxsr sse sse2 ss ht tm pbe syscall nx lm constant_tsc arch_perfmon pebs bts rep_good nopl aperfmperf pni dtes64 monitor ds_cpl vmx est tm2 ssse3 cx16 xtpr pdcm lahf_lm dtherm tpr_shadow vnmi flexpriority
bogomips	: 4795.82
clflush size	: 64
cache_alignment	: 64
address sizes	: 36 bits physical, 48 bits virtual
power management:

processor	: 1
vendor_id	: GenuineIntel
cpu family	: 6
model		: 15
model name	: Intel(R) Core(TM)2 Quad CPU    Q6600  @ 2.40GHz
stepping	: 11
cpu MHz		: 1596.000
cache size	: 4096 KB
physical id	: 0
siblings	: 4
core id		: 2
cpu cores	: 4
apicid		: 2
initial apicid	: 2
fpu		: yes
fpu_exception	: yes
cpuid level	: 10
wp		: yes
flags		: fpu vme de pse tsc msr pae mce cx8 apic sep mtrr pge mca cmov pat pse36 clflush dts acpi mmx fxsr sse sse2 ss ht tm pbe syscall nx lm constant_tsc arch_perfmon pebs bts rep_good nopl aperfmperf pni dtes64 monitor ds_cpl vmx est tm2 ssse3 cx16 xtpr pdcm lahf_lm dtherm tpr_shadow vnmi flexpriority
bogomips	: 4795.58
clflush size	: 64
cache_alignment	: 64
address sizes	: 36 bits physical, 48 bits virtual
power management:

processor	: 2
vendor_id	: GenuineIntel
cpu family	: 6
model		: 15
model name	: Intel(R) Core(TM)2 Quad CPU    Q6600  @ 2.40GHz
stepping	: 11
cpu MHz		: 1596.000
cache size	: 4096 KB
physical id	: 0
siblings	: 4
core id		: 1
cpu cores	: 4
apicid		: 1
initial apicid	: 1
fpu		: yes
fpu_exception	: yes
cpuid level	: 10
wp		: yes
flags		: fpu vme de pse tsc msr pae mce cx8 apic sep mtrr pge mca cmov pat pse36 clflush dts acpi mmx fxsr sse sse2 ss ht tm pbe syscall nx lm constant_tsc arch_perfmon pebs bts rep_good nopl aperfmperf pni dtes64 monitor ds_cpl vmx est tm2 ssse3 cx16 xtpr pdcm lahf_lm dtherm tpr_shadow vnmi flexpriority
bogomips	: 4795.56
clflush size	: 64
cache_alignment	: 64
address sizes	: 36 bits physical, 48 bits virtual
power management:

processor	: 3
vendor_id	: GenuineIntel
cpu family	: 6
model		: 15
model name	: Intel(R) Core(TM)2 Quad CPU    Q6600  @ 2.40GHz
stepping	: 11
cpu MHz		: 1596.000
cache size	: 4096 KB
physical id	: 0
siblings	: 4
core id		: 3
cpu cores	: 4
apicid		: 3
initial apicid	: 3
fpu		: yes
fpu_exception	: yes
cpuid level	: 10
wp		: yes
flags		: fpu vme de pse tsc msr pae mce cx8 apic sep mtrr pge mca cmov pat pse36 clflush dts acpi mmx fxsr sse sse2 ss ht tm pbe syscall nx lm constant_tsc arch_perfmon pebs bts rep_good nopl aperfmperf pni dtes64 monitor ds_cpl vmx est tm2 ssse3 cx16 xtpr pdcm lahf_lm dtherm tpr_shadow vnmi flexpriority
bogomips	: 4795.57
clflush size	: 64
cache_alignment	: 64
address sizes	: 36 bits physical, 48 bits virtual
power management:



Memory: 4k page, physical 3993672k(834528k free), swap 4120572k(4120504k free)

vm_info: OpenJDK 64-Bit Server VM (24.51-b03) for linux-amd64 JRE (1.7.0_55-b14), built on May  2 2014 11:33:06 by "buildd" with gcc 4.7.2

time: Fri Jul  4 10:54:00 2014
elapsed time: 9 seconds

