#
# A fatal error has been detected by the Java Runtime Environment:
#
#  SIGSEGV (0xb) at pc=0x00007f48b7084e38, pid=7369, tid=139950509983488
#
# JRE version: OpenJDK Runtime Environment (7.0_55-b14) (build 1.7.0_55-b14)
# Java VM: OpenJDK 64-Bit Server VM (24.51-b03 mixed mode linux-amd64 compressed oops)
# Problematic frame:
# C  [libX11.so.6+0x3ae38]  XQueryExtension+0x28
#
# Failed to write core dump. Core dumps have been disabled. To enable core dumping, try "ulimit -c unlimited" before starting Java again
#
# If you would like to submit a bug report, please include
# instructions on how to reproduce the bug and visit:
#   http://icedtea.classpath.org/bugzilla
#

---------------  T H R E A D  ---------------

Current thread (0x00007f48cc076800):  VMThread [stack: 0x00007f48c45f0000,0x00007f48c46f1000] [id=7379]

siginfo:si_signo=SIGSEGV: si_errno=0, si_code=1 (SEGV_MAPERR), si_addr=0x000000006800bd28

Registers:
RAX=0x00007f48a8000b10, RBX=0x000000006800b3c0, RCX=0x00007f48c46ef6e8, RDX=0x00007f48c46ef6e4
RSP=0x00007f48c46ef680, RBP=0x00007f4877fc5600, RSI=0x00007f4877e8c992, RDI=0x000000006800b3c0
R8 =0x00007f48c46ef6ec, R9 =0x0000000000000000, R10=0x00007f4877fc53c0, R11=0x00007f48d20061c0
R12=0x00007f4877e8c992, R13=0x00007f48a8000b10, R14=0x00007f48c46efad8, R15=0x00007f4868027df0
RIP=0x00007f48b7084e38, EFLAGS=0x0000000000010202, CSGSFS=0x0000000000000033, ERR=0x0000000000000004
  TRAPNO=0x000000000000000e

Top of Stack: (sp=0x00007f48c46ef680)
0x00007f48c46ef680:   0000000000000000 0000000000000000
0x00007f48c46ef690:   000000770000006e 0000000000000000
0x00007f48c46ef6a0:   000100010000007c 000000006800b3c0
0x00007f48c46ef6b0:   00007f4877fc5600 00007f4877e8c992
0x00007f48c46ef6c0:   00007f48a8000b10 00007f48c46efad8
0x00007f48c46ef6d0:   00007f4868027df0 00007f48b7078e72
0x00007f48c46ef6e0:   00007f4868027df0 00007f48d204a220
0x00007f48c46ef6f0:   0000000000000000 00007f4877fc5600
0x00007f48c46ef700:   000000006800b3c0 00007f48b739271d
0x00007f48c46ef710:   00007f4877e8c992 0000001100000000
0x00007f48c46ef720:   00007f4800000005 0000000000000000
0x00007f48c46ef730:   00007f48c46ef7a0 000000006800b3c0
0x00007f48c46ef740:   00007f48c46efa60 00007f48c46efad8
0x00007f48c46ef750:   00007f4877fdee50 00007f4877e353d9
0x00007f48c46ef760:   00000000ffffffff 00007f4868003d10
0x00007f48c46ef770:   00007f48c46ef7a0 00007f4888cc49e0
0x00007f48c46ef780:   00007f48c46efa60 00007f48c46efad8
0x00007f48c46ef790:   0000000000000000 00007f4877e29ae2
0x00007f48c46ef7a0:   00007f48c46efb50 00007f4877e8c911
0x00007f48c46ef7b0:   00007f48c46efb50 00007f48d29b5058
0x00007f48c46ef7c0:   00007f48d2bc81a8 00007f48d2bc8740
0x00007f48c46ef7d0:   00007f48d2ba2000 00007f48cc0094f0
0x00007f48c46ef7e0:   00007f48cc00a020 00007f48cc00a530
0x00007f48c46ef7f0:   00007f48cc017440 00007f48cc1a2f40
0x00007f48c46ef800:   00007f48cc29a1d0 00007f48cc296090
0x00007f48c46ef810:   00007f48cc1de8e0 00007f48cc1e1860
0x00007f48c46ef820:   00007f48cc1e8e00 00007f48cc1e88d0
0x00007f48c46ef830:   00007f48cc1e83a0 00007f48cc1ec6f0
0x00007f48c46ef840:   00007f48cc1ec1d0 00007f48cc1ed4a0
0x00007f48c46ef850:   00007f48cc1ebcc0 00007f48cc1e7e70
0x00007f48c46ef860:   00007f48cc1ea290 00007f48cc1eacd0
0x00007f48c46ef870:   00007f48cc1ea7b0 00007f48cc1eb1f0 

Instructions: (pc=0x00007f48b7084e38)
0x00007f48b7084e18:   24 e0 48 89 fb 4c 89 6c 24 e8 4c 89 74 24 f0 49
0x00007f48b7084e28:   89 f4 4c 89 7c 24 f8 48 89 6c 24 d8 48 83 ec 58
0x00007f48b7084e38:   48 8b 87 68 09 00 00 49 89 d7 49 89 ce 4d 89 c5
0x00007f48b7084e48:   48 85 c0 74 02 ff 10 ba 08 00 00 00 be 62 00 00 

Register to memory mapping:

RAX=0x00007f48a8000b10 is an unknown value
RBX=0x000000006800b3c0 is an unknown value
RCX=0x00007f48c46ef6e8 is an unknown value
RDX=0x00007f48c46ef6e4 is an unknown value
RSP=0x00007f48c46ef680 is an unknown value
RBP=0x00007f4877fc5600: <offset 0x1cf600> in /usr/lib/x86_64-linux-gnu/libGL.so.1 at 0x00007f4877df6000
RSI=0x00007f4877e8c992: <offset 0x96992> in /usr/lib/x86_64-linux-gnu/libGL.so.1 at 0x00007f4877df6000
RDI=0x000000006800b3c0 is an unknown value
R8 =0x00007f48c46ef6ec is an unknown value
R9 =0x0000000000000000 is an unknown value
R10=0x00007f4877fc53c0: <offset 0x1cf3c0> in /usr/lib/x86_64-linux-gnu/libGL.so.1 at 0x00007f4877df6000
R11=0x00007f48d20061c0: __cxa_finalize+0 in /lib/x86_64-linux-gnu/libc.so.6 at 0x00007f48d1fce000
R12=0x00007f4877e8c992: <offset 0x96992> in /usr/lib/x86_64-linux-gnu/libGL.so.1 at 0x00007f4877df6000
R13=0x00007f48a8000b10 is an unknown value
R14=0x00007f48c46efad8 is an unknown value
R15=0x00007f4868027df0 is an unknown value


Stack: [0x00007f48c45f0000,0x00007f48c46f1000],  sp=0x00007f48c46ef680,  free space=1021k
Native frames: (J=compiled Java code, j=interpreted, Vv=VM code, C=native code)
C  [libX11.so.6+0x3ae38]  XQueryExtension+0x28

VM_Operation (0x00007f48881bb6c0): Exit, mode: safepoint, requested by thread 0x00007f48cc338000


---------------  P R O C E S S  ---------------

Java Threads: ( => current thread )
  0x00007f4868b78800 JavaThread "AsynchExecutor-Thread" daemon [_thread_blocked, id=7398, stack(0x00007f485feff000,0x00007f4860000000)]
  0x00007f4868013000 JavaThread "process reaper" daemon [_thread_blocked, id=7394, stack(0x00007f48b4075000,0x00007f48b40ae000)]
  0x00007f48cc00b000 JavaThread "DestroyJavaVM" [_thread_blocked, id=7374, stack(0x00007f48d2a9d000,0x00007f48d2b9e000)]
  0x00007f48cc338000 JavaThread "LWJGL Application" [_thread_blocked, id=7392, stack(0x00007f48880bc000,0x00007f48881bd000)]
  0x00007f48cc295000 JavaThread "AWT-XAWT" daemon [_thread_blocked, id=7388, stack(0x00007f488b83b000,0x00007f488b93c000)]
  0x00007f48cc273000 JavaThread "Java2D Disposer" daemon [_thread_blocked, id=7387, stack(0x00007f48b40ae000,0x00007f48b41af000)]
  0x00007f48cc0a7000 JavaThread "Service Thread" daemon [_thread_blocked, id=7385, stack(0x00007f48b7dfe000,0x00007f48b7eff000)]
  0x00007f48cc0a5000 JavaThread "C2 CompilerThread1" daemon [_thread_blocked, id=7384, stack(0x00007f48b7eff000,0x00007f48b8000000)]
  0x00007f48cc0a2000 JavaThread "C2 CompilerThread0" daemon [_thread_blocked, id=7383, stack(0x00007f48c4063000,0x00007f48c4164000)]
  0x00007f48cc09f800 JavaThread "Signal Dispatcher" daemon [_thread_blocked, id=7382, stack(0x00007f48c4164000,0x00007f48c4265000)]
  0x00007f48cc07c800 JavaThread "Finalizer" daemon [_thread_blocked, id=7381, stack(0x00007f48c43ee000,0x00007f48c44ef000)]
  0x00007f48cc07a800 JavaThread "Reference Handler" daemon [_thread_blocked, id=7380, stack(0x00007f48c44ef000,0x00007f48c45f0000)]

Other Threads:
=>0x00007f48cc076800 VMThread [stack: 0x00007f48c45f0000,0x00007f48c46f1000] [id=7379]

VM state:at safepoint (shutting down)

VM Mutex/Monitor currently owned by a thread:  ([mutex/lock_event])
[0x00007f48cc0077a0] Threads_lock - owner thread: 0x00007f48cc076800

Heap
 PSYoungGen      total 18432K, used 8541K [0x00000000eba80000, 0x00000000ecf00000, 0x0000000100000000)
  eden space 15872K, 37% used [0x00000000eba80000,0x00000000ec05eb60,0x00000000eca00000)
  from space 2560K, 98% used [0x00000000eca00000,0x00000000ecc78900,0x00000000ecc80000)
  to   space 2560K, 0% used [0x00000000ecc80000,0x00000000ecc80000,0x00000000ecf00000)
 ParOldGen       total 41472K, used 2144K [0x00000000c3000000, 0x00000000c5880000, 0x00000000eba80000)
  object space 41472K, 5% used [0x00000000c3000000,0x00000000c3218030,0x00000000c5880000)
 PSPermGen       total 21504K, used 9923K [0x00000000b8a00000, 0x00000000b9f00000, 0x00000000c3000000)
  object space 21504K, 46% used [0x00000000b8a00000,0x00000000b93b0e68,0x00000000b9f00000)

Card table byte_map: [0x00007f48c8384000,0x00007f48c85c0000] byte_map_base: 0x00007f48c7dbf000

Polling page: 0x00007f48d2bc3000

Code Cache  [0x00007f48c85c0000, 0x00007f48c8830000, 0x00007f48cb5c0000)
 total_blobs=587 nmethods=69 adapters=473 free_code_cache=48472Kb largest_free_block=49619840

Compilation events (10 events):
Event: 3.999 Thread 0x00007f48cc0a5000   64             com.badlogic.gdx.graphics.VertexAttributes::get (7 bytes)
Event: 4.000 Thread 0x00007f48cc0a5000 nmethod 64 0x00007f48c866a450 code [0x00007f48c866a5a0, 0x00007f48c866a638]
Event: 4.067 Thread 0x00007f48cc0a2000   65             org.lwjgl.MemoryUtil::getAddress0 (10 bytes)
Event: 4.067 Thread 0x00007f48cc0a5000   66             org.lwjgl.MemoryUtilSun$AccessorUnsafe::getAddress (13 bytes)
Event: 4.068 Thread 0x00007f48cc0a5000 nmethod 66 0x00007f48c866a210 code [0x00007f48c866a340, 0x00007f48c866a3b8]
Event: 4.068 Thread 0x00007f48cc0a2000 nmethod 65 0x00007f48c8667550 code [0x00007f48c8667680, 0x00007f48c86676f8]
Event: 4.385 Thread 0x00007f48cc0a5000   68             com.badlogic.gdx.graphics.glutils.VertexArray::bind (296 bytes)
Event: 4.396 Thread 0x00007f48cc0a2000   69             com.badlogic.gdx.graphics.glutils.VertexArray::unbind (91 bytes)
Event: 4.398 Thread 0x00007f48cc0a5000 nmethod 68 0x00007f48c866a8d0 code [0x00007f48c866ab00, 0x00007f48c866b1e0]
Event: 4.405 Thread 0x00007f48cc0a2000 nmethod 69 0x00007f48c8666310 code [0x00007f48c86664e0, 0x00007f48c8666990]

GC Heap History (2 events):
Event: 1.622 GC heap before
{Heap before GC invocations=1 (full 0):
 PSYoungGen      total 18432K, used 15872K [0x00000000eba80000, 0x00000000ecf00000, 0x0000000100000000)
  eden space 15872K, 100% used [0x00000000eba80000,0x00000000eca00000,0x00000000eca00000)
  from space 2560K, 0% used [0x00000000ecc80000,0x00000000ecc80000,0x00000000ecf00000)
  to   space 2560K, 0% used [0x00000000eca00000,0x00000000eca00000,0x00000000ecc80000)
 ParOldGen       total 41472K, used 0K [0x00000000c3000000, 0x00000000c5880000, 0x00000000eba80000)
  object space 41472K, 0% used [0x00000000c3000000,0x00000000c3000000,0x00000000c5880000)
 PSPermGen       total 21504K, used 9324K [0x00000000b8a00000, 0x00000000b9f00000, 0x00000000c3000000)
  object space 21504K, 43% used [0x00000000b8a00000,0x00000000b931b1f8,0x00000000b9f00000)
Event: 1.635 GC heap after
Heap after GC invocations=1 (full 0):
 PSYoungGen      total 18432K, used 2530K [0x00000000eba80000, 0x00000000ecf00000, 0x0000000100000000)
  eden space 15872K, 0% used [0x00000000eba80000,0x00000000eba80000,0x00000000eca00000)
  from space 2560K, 98% used [0x00000000eca00000,0x00000000ecc78900,0x00000000ecc80000)
  to   space 2560K, 0% used [0x00000000ecc80000,0x00000000ecc80000,0x00000000ecf00000)
 ParOldGen       total 41472K, used 2144K [0x00000000c3000000, 0x00000000c5880000, 0x00000000eba80000)
  object space 41472K, 5% used [0x00000000c3000000,0x00000000c3218030,0x00000000c5880000)
 PSPermGen       total 21504K, used 9324K [0x00000000b8a00000, 0x00000000b9f00000, 0x00000000c3000000)
  object space 21504K, 43% used [0x00000000b8a00000,0x00000000b931b1f8,0x00000000b9f00000)
}

Deoptimization events (1 events):
Event: 0.211 Thread 0x00007f48cc00b000 Uncommon trap: reason=class_check action=maybe_recompile pc=0x00007f48c8624d08 method=java.util.Properties$LineReader.readLine()I @ 62

Internal exceptions (10 events):
Event: 3.309 Thread 0x00007f48cc338000 Threw 0x00000000ebf2e300 at /build/openjdk-7-kBcQ8a/openjdk-7-7u55-2.4.7/build/openjdk/hotspot/src/share/vm/prims/jvm.cpp:1244
Event: 3.311 Thread 0x00007f48cc338000 Threw 0x00000000ebf382a0 at /build/openjdk-7-kBcQ8a/openjdk-7-7u55-2.4.7/build/openjdk/hotspot/src/share/vm/prims/jvm.cpp:1244
Event: 3.341 Thread 0x00007f48cc338000 Threw 0x00000000ebf88a98 at /build/openjdk-7-kBcQ8a/openjdk-7-7u55-2.4.7/build/openjdk/hotspot/src/share/vm/prims/jvm.cpp:1244
Event: 4.049 Thread 0x00007f48cc338000 Threw 0x00000000ebfbd9f8 at /build/openjdk-7-kBcQ8a/openjdk-7-7u55-2.4.7/build/openjdk/hotspot/src/share/vm/prims/jvm.cpp:1244
Event: 4.050 Thread 0x00007f48cc338000 Threw 0x00000000ebfc2ac0 at /build/openjdk-7-kBcQ8a/openjdk-7-7u55-2.4.7/build/openjdk/hotspot/src/share/vm/prims/jvm.cpp:1244
Event: 4.051 Thread 0x00007f48cc338000 Threw 0x00000000ebfc8820 at /build/openjdk-7-kBcQ8a/openjdk-7-7u55-2.4.7/build/openjdk/hotspot/src/share/vm/prims/jvm.cpp:1244
Event: 4.051 Thread 0x00007f48cc338000 Threw 0x00000000ebfce2b0 at /build/openjdk-7-kBcQ8a/openjdk-7-7u55-2.4.7/build/openjdk/hotspot/src/share/vm/prims/jvm.cpp:1244
Event: 4.566 Thread 0x00007f48cc338000 Threw 0x00000000ebff6ef8 at /build/openjdk-7-kBcQ8a/openjdk-7-7u55-2.4.7/build/openjdk/hotspot/src/share/vm/prims/jvm.cpp:1244
Event: 4.574 Thread 0x00007f48cc338000 Threw 0x00000000ebffb3c0 at /build/openjdk-7-kBcQ8a/openjdk-7-7u55-2.4.7/build/openjdk/hotspot/src/share/vm/prims/jvm.cpp:1244
Event: 4.579 Thread 0x00007f48cc338000 Threw 0x00000000ec000760 at /build/openjdk-7-kBcQ8a/openjdk-7-7u55-2.4.7/build/openjdk/hotspot/src/share/vm/prims/jvm.cpp:1244

Events (10 events):
Event: 4.736 loading class 0x00007f489815c820 done
Event: 4.737 Thread 0x00007f486aed5000 Thread added: 0x00007f486aed5000
Event: 4.737 loading class 0x00007f489c10db20
Event: 4.737 loading class 0x00007f489c0541a0
Event: 4.737 loading class 0x00007f489c0541a0 done
Event: 4.737 loading class 0x00007f489c0541d0
Event: 4.737 loading class 0x00007f489c0541d0 done
Event: 4.737 loading class 0x00007f489c10db20 done
Event: 4.741 Thread 0x00007f486aed5000 Thread exited: 0x00007f486aed5000
Event: 4.741 Executing VM operation: Exit


Dynamic libraries:
00400000-00401000 r-xp 00000000 08:03 3934148                            /usr/lib/jvm/java-7-openjdk-amd64/jre/bin/java
00600000-00601000 r--p 00000000 08:03 3934148                            /usr/lib/jvm/java-7-openjdk-amd64/jre/bin/java
00601000-00602000 rw-p 00001000 08:03 3934148                            /usr/lib/jvm/java-7-openjdk-amd64/jre/bin/java
00b68000-00b89000 rw-p 00000000 00:00 0                                  [heap]
b8a00000-b9f00000 rw-p 00000000 00:00 0 
b9f00000-c3000000 rw-p 00000000 00:00 0 
c3000000-c5880000 rw-p 00000000 00:00 0 
c5880000-eba80000 rw-p 00000000 00:00 0 
eba80000-ecf00000 rw-p 00000000 00:00 0 
ecf00000-100000000 rw-p 00000000 00:00 0 
7f4850000000-7f4850501000 rw-p 00000000 00:00 0 
7f4850501000-7f4854000000 ---p 00000000 00:00 0 
7f4858000000-7f485830b000 rw-p 00000000 00:00 0 
7f485830b000-7f485c000000 ---p 00000000 00:00 0 
7f485feff000-7f485ff02000 ---p 00000000 00:00 0 
7f485ff02000-7f4860000000 rw-p 00000000 00:00 0 
7f4860000000-7f48600b4000 rw-p 00000000 00:00 0 
7f48600b4000-7f4864000000 ---p 00000000 00:00 0 
7f4864000000-7f48640ae000 rw-p 00000000 00:00 0 
7f48640ae000-7f4868000000 ---p 00000000 00:00 0 
7f4868000000-7f486bf4f000 rw-p 00000000 00:00 0 
7f486bf4f000-7f486c000000 ---p 00000000 00:00 0 
7f486c000000-7f486c021000 rw-p 00000000 00:00 0 
7f486c021000-7f4870000000 ---p 00000000 00:00 0 
7f4870000000-7f4870021000 rw-p 00000000 00:00 0 
7f4870021000-7f4874000000 ---p 00000000 00:00 0 
7f48740d1000-7f48740d2000 ---p 00000000 00:00 0 
7f48740d2000-7f48748d2000 rw-p 00000000 00:00 0 
7f48748d2000-7f48748d3000 ---p 00000000 00:00 0 
7f48748d3000-7f48750d3000 rw-p 00000000 00:00 0 
7f487521e000-7f487591e000 rw-s 00006000 00:05 6137                       /dev/ati/card0
7f487591e000-7f487595b000 r-xp 00000000 08:03 4201336                    /usr/lib/x86_64-linux-gnu/libatiadlxx.so
7f487595b000-7f4875a5a000 ---p 0003d000 08:03 4201336                    /usr/lib/x86_64-linux-gnu/libatiadlxx.so
7f4875a5a000-7f4875a64000 rw-p 0003c000 08:03 4201336                    /usr/lib/x86_64-linux-gnu/libatiadlxx.so
7f4875a64000-7f4875a74000 rw-p 00000000 00:00 0 
7f4875a74000-7f4875a7b000 r-xp 00000000 08:03 4201328                    /usr/lib/x86_64-linux-gnu/libatiuki.so.1.0
7f4875a7b000-7f4875b7b000 ---p 00007000 08:03 4201328                    /usr/lib/x86_64-linux-gnu/libatiuki.so.1.0
7f4875b7b000-7f4875b7c000 rw-p 00007000 08:03 4201328                    /usr/lib/x86_64-linux-gnu/libatiuki.so.1.0
7f4875b7c000-7f4875b7d000 rw-p 00000000 00:00 0 
7f4875b7d000-7f4877a75000 r-xp 00000000 08:03 4201338                    /usr/lib/x86_64-linux-gnu/dri/fglrx_dri.so
7f4877a75000-7f4877b74000 ---p 01ef8000 08:03 4201338                    /usr/lib/x86_64-linux-gnu/dri/fglrx_dri.so
7f4877b74000-7f4877cd2000 rwxp 01ef7000 08:03 4201338                    /usr/lib/x86_64-linux-gnu/dri/fglrx_dri.so
7f4877cd2000-7f4877df6000 rwxp 00000000 00:00 0 
7f4877df6000-7f4877eb9000 r-xp 00000000 08:03 4201341                    /usr/lib/x86_64-linux-gnu/fglrx/fglrx-libGL.so.1.2
7f4877eb9000-7f4877fb8000 ---p 000c3000 08:03 4201341                    /usr/lib/x86_64-linux-gnu/fglrx/fglrx-libGL.so.1.2
7f4877fb8000-7f4877fdf000 rwxp 000c2000 08:03 4201341                    /usr/lib/x86_64-linux-gnu/fglrx/fglrx-libGL.so.1.2
7f4877fdf000-7f4877fff000 rwxp 00000000 00:00 0 
7f487c000000-7f487c021000 rw-p 00000000 00:00 0 
7f487c021000-7f4880000000 ---p 00000000 00:00 0 
7f4880000000-7f4880021000 rw-p 00000000 00:00 0 
7f4880021000-7f4884000000 ---p 00000000 00:00 0 
7f4884000000-7f4884021000 rw-p 00000000 00:00 0 
7f4884021000-7f4888000000 ---p 00000000 00:00 0 
7f488803f000-7f48880bc000 rw-p 00000000 00:00 0 
7f48880bc000-7f48880bf000 ---p 00000000 00:00 0 
7f48880bf000-7f48881bd000 rw-p 00000000 00:00 0 
7f48881bd000-7f48881c0000 ---p 00000000 00:00 0 
7f48881c0000-7f48882be000 rw-p 00000000 00:00 0 
7f48882be000-7f48882bf000 ---p 00000000 00:00 0 
7f48882bf000-7f4888abf000 rw-p 00000000 00:00 0 
7f4888abf000-7f4888ac5000 r-xp 00000000 08:03 4200289                    /usr/lib/x86_64-linux-gnu/libogg.so.0.8.0
7f4888ac5000-7f4888cc4000 ---p 00006000 08:03 4200289                    /usr/lib/x86_64-linux-gnu/libogg.so.0.8.0
7f4888cc4000-7f4888cc5000 rw-p 00005000 08:03 4200289                    /usr/lib/x86_64-linux-gnu/libogg.so.0.8.0
7f4888cc5000-7f4888cf1000 r-xp 00000000 08:03 4200496                    /usr/lib/x86_64-linux-gnu/libvorbis.so.0.4.5
7f4888cf1000-7f4888ef0000 ---p 0002c000 08:03 4200496                    /usr/lib/x86_64-linux-gnu/libvorbis.so.0.4.5
7f4888ef0000-7f4888ef1000 r--p 0002b000 08:03 4200496                    /usr/lib/x86_64-linux-gnu/libvorbis.so.0.4.5
7f4888ef1000-7f4888ef2000 rw-p 0002c000 08:03 4200496                    /usr/lib/x86_64-linux-gnu/libvorbis.so.0.4.5
7f4888ef2000-7f48891a5000 r-xp 00000000 08:03 4200498                    /usr/lib/x86_64-linux-gnu/libvorbisenc.so.2.0.8
7f48891a5000-7f48893a4000 ---p 002b3000 08:03 4200498                    /usr/lib/x86_64-linux-gnu/libvorbisenc.so.2.0.8
7f48893a4000-7f48893c0000 r--p 002b2000 08:03 4200498                    /usr/lib/x86_64-linux-gnu/libvorbisenc.so.2.0.8
7f48893c0000-7f48893c1000 rw-p 002ce000 08:03 4200498                    /usr/lib/x86_64-linux-gnu/libvorbisenc.so.2.0.8
7f48893c1000-7f488940c000 r-xp 00000000 08:03 4199700                    /usr/lib/x86_64-linux-gnu/libFLAC.so.8.2.0
7f488940c000-7f488960b000 ---p 0004b000 08:03 4199700                    /usr/lib/x86_64-linux-gnu/libFLAC.so.8.2.0
7f488960b000-7f488960c000 r--p 0004a000 08:03 4199700                    /usr/lib/x86_64-linux-gnu/libFLAC.so.8.2.0
7f488960c000-7f488960d000 rw-p 0004b000 08:03 4199700                    /usr/lib/x86_64-linux-gnu/libFLAC.so.8.2.0
7f488960d000-7f4889611000 r-xp 00000000 08:03 12190707                   /lib/x86_64-linux-gnu/libuuid.so.1.3.0
7f4889611000-7f4889810000 ---p 00004000 08:03 12190707                   /lib/x86_64-linux-gnu/libuuid.so.1.3.0
7f4889810000-7f4889811000 r--p 00003000 08:03 12190707                   /lib/x86_64-linux-gnu/libuuid.so.1.3.0
7f4889811000-7f4889812000 rw-p 00004000 08:03 12190707                   /lib/x86_64-linux-gnu/libuuid.so.1.3.0
7f4889812000-7f4889816000 r-xp 00000000 08:03 12190559                   /lib/x86_64-linux-gnu/libattr.so.1.1.0
7f4889816000-7f4889a15000 ---p 00004000 08:03 12190559                   /lib/x86_64-linux-gnu/libattr.so.1.1.0
7f4889a15000-7f4889a16000 r--p 00003000 08:03 12190559                   /lib/x86_64-linux-gnu/libattr.so.1.1.0
7f4889a16000-7f4889a17000 rw-p 00004000 08:03 12190559                   /lib/x86_64-linux-gnu/libattr.so.1.1.0
7f4889a17000-7f4889a1c000 r-xp 00000000 08:03 4199797                    /usr/lib/x86_64-linux-gnu/libasyncns.so.0.3.1
7f4889a1c000-7f4889c1b000 ---p 00005000 08:03 4199797                    /usr/lib/x86_64-linux-gnu/libasyncns.so.0.3.1
7f4889c1b000-7f4889c1c000 rw-p 00004000 08:03 4199797                    /usr/lib/x86_64-linux-gnu/libasyncns.so.0.3.1
7f4889c1c000-7f4889c7d000 r-xp 00000000 08:03 4200411                    /usr/lib/x86_64-linux-gnu/libsndfile.so.1.0.25
7f4889c7d000-7f4889e7c000 ---p 00061000 08:03 4200411                    /usr/lib/x86_64-linux-gnu/libsndfile.so.1.0.25
7f4889e7c000-7f4889e7e000 r--p 00060000 08:03 4200411                    /usr/lib/x86_64-linux-gnu/libsndfile.so.1.0.25
7f4889e7e000-7f4889e7f000 rw-p 00062000 08:03 4200411                    /usr/lib/x86_64-linux-gnu/libsndfile.so.1.0.25
7f4889e7f000-7f4889e83000 rw-p 00000000 00:00 0 
7f4889e83000-7f4889e8c000 r-xp 00000000 08:03 12190709                   /lib/x86_64-linux-gnu/libwrap.so.0.7.6
7f4889e8c000-7f488a08b000 ---p 00009000 08:03 12190709                   /lib/x86_64-linux-gnu/libwrap.so.0.7.6
7f488a08b000-7f488a08c000 r--p 00008000 08:03 12190709                   /lib/x86_64-linux-gnu/libwrap.so.0.7.6
7f488a08c000-7f488a08d000 rw-p 00009000 08:03 12190709                   /lib/x86_64-linux-gnu/libwrap.so.0.7.6
7f488a08d000-7f488a08e000 rw-p 00000000 00:00 0 
7f488a08e000-7f488a095000 r-xp 00000000 08:03 4199720                    /usr/lib/x86_64-linux-gnu/libSM.so.6.0.1
7f488a095000-7f488a294000 ---p 00007000 08:03 4199720                    /usr/lib/x86_64-linux-gnu/libSM.so.6.0.1
7f488a294000-7f488a295000 rw-p 00006000 08:03 4199720                    /usr/lib/x86_64-linux-gnu/libSM.so.6.0.1
7f488a295000-7f488a2ac000 r-xp 00000000 08:03 4199710                    /usr/lib/x86_64-linux-gnu/libICE.so.6.3.0
7f488a2ac000-7f488a4ab000 ---p 00017000 08:03 4199710                    /usr/lib/x86_64-linux-gnu/libICE.so.6.3.0
7f488a4ab000-7f488a4ad000 rw-p 00016000 08:03 4199710                    /usr/lib/x86_64-linux-gnu/libICE.so.6.3.0
7f488a4ad000-7f488a4b0000 rw-p 00000000 00:00 0 
7f488a4b0000-7f488a4b1000 r-xp 00000000 08:03 4199726                    /usr/lib/x86_64-linux-gnu/libX11-xcb.so.1.0.0
7f488a4b1000-7f488a6b0000 ---p 00001000 08:03 4199726                    /usr/lib/x86_64-linux-gnu/libX11-xcb.so.1.0.0
7f488a6b0000-7f488a6b1000 rw-p 00000000 08:03 4199726                    /usr/lib/x86_64-linux-gnu/libX11-xcb.so.1.0.0
7f488a6b1000-7f488a6b5000 r-xp 00000000 08:03 12190572                   /lib/x86_64-linux-gnu/libcap.so.2.22
7f488a6b5000-7f488a8b4000 ---p 00004000 08:03 12190572                   /lib/x86_64-linux-gnu/libcap.so.2.22
7f488a8b4000-7f488a8b5000 rw-p 00003000 08:03 12190572                   /lib/x86_64-linux-gnu/libcap.so.2.22
7f488a8b5000-7f488a916000 r-xp 00000000 08:03 4325923                    /usr/lib/x86_64-linux-gnu/pulseaudio/libpulsecommon-2.0.so
7f488a916000-7f488ab15000 ---p 00061000 08:03 4325923                    /usr/lib/x86_64-linux-gnu/pulseaudio/libpulsecommon-2.0.so
7f488ab15000-7f488ab16000 r--p 00060000 08:03 4325923                    /usr/lib/x86_64-linux-gnu/pulseaudio/libpulsecommon-2.0.so
7f488ab16000-7f488ab18000 rw-p 00061000 08:03 4325923                    /usr/lib/x86_64-linux-gnu/pulseaudio/libpulsecommon-2.0.so
7f488ab18000-7f488ab21000 r-xp 00000000 08:03 12190608                   /lib/x86_64-linux-gnu/libjson.so.0.1.0
7f488ab21000-7f488ad20000 ---p 00009000 08:03 12190608                   /lib/x86_64-linux-gnu/libjson.so.0.1.0
7f488ad20000-7f488ad21000 r--p 00008000 08:03 12190608                   /lib/x86_64-linux-gnu/libjson.so.0.1.0
7f488ad21000-7f488ad22000 rw-p 00009000 08:03 12190608                   /lib/x86_64-linux-gnu/libjson.so.0.1.0
7f488ad22000-7f488ad6b000 r-xp 00000000 08:03 4200364                    /usr/lib/x86_64-linux-gnu/libpulse.so.0.14.2
7f488ad6b000-7f488af6a000 ---p 00049000 08:03 4200364                    /usr/lib/x86_64-linux-gnu/libpulse.so.0.14.2
7f488af6a000-7f488af6b000 r--p 00048000 08:03 4200364                    /usr/lib/x86_64-linux-gnu/libpulse.so.0.14.2
7f488af6b000-7f488af6c000 rw-p 00049000 08:03 4200364                    /usr/lib/x86_64-linux-gnu/libpulse.so.0.14.2
7f488b1c5000-7f488b1c9000 r-xp 00000000 08:03 4199775                    /usr/lib/x86_64-linux-gnu/libXxf86vm.so.1.0.0
7f488b1c9000-7f488b3c9000 ---p 00004000 08:03 4199775                    /usr/lib/x86_64-linux-gnu/libXxf86vm.so.1.0.0
7f488b3c9000-7f488b3ca000 r--p 00004000 08:03 4199775                    /usr/lib/x86_64-linux-gnu/libXxf86vm.so.1.0.0
7f488b3ca000-7f488b3cb000 rw-p 00005000 08:03 4199775                    /usr/lib/x86_64-linux-gnu/libXxf86vm.so.1.0.0
7f488b3cb000-7f488b437000 r-xp 00000000 08:01 300856                     /media/winDisk/Users/ChobeDucket/Documents/sheep/android/assets/.temp/7b43be9b/liblwjgl64.so
7f488b437000-7f488b636000 ---p 0006c000 08:01 300856                     /media/winDisk/Users/ChobeDucket/Documents/sheep/android/assets/.temp/7b43be9b/liblwjgl64.so
7f488b636000-7f488b638000 r--p 0006b000 08:01 300856                     /media/winDisk/Users/ChobeDucket/Documents/sheep/android/assets/.temp/7b43be9b/liblwjgl64.so
7f488b638000-7f488b639000 rw-p 0006d000 08:01 300856                     /media/winDisk/Users/ChobeDucket/Documents/sheep/android/assets/.temp/7b43be9b/liblwjgl64.so
7f488b639000-7f488b63a000 r-xp 00000000 08:03 3934229                    /usr/lib/jvm/java-7-openjdk-amd64/jre/lib/amd64/libjawt.so
7f488b63a000-7f488b839000 ---p 00001000 08:03 3934229                    /usr/lib/jvm/java-7-openjdk-amd64/jre/lib/amd64/libjawt.so
7f488b839000-7f488b83a000 r--p 00000000 08:03 3934229                    /usr/lib/jvm/java-7-openjdk-amd64/jre/lib/amd64/libjawt.so
7f488b83a000-7f488b83b000 rw-p 00001000 08:03 3934229                    /usr/lib/jvm/java-7-openjdk-amd64/jre/lib/amd64/libjawt.so
7f488b83b000-7f488b83e000 ---p 00000000 00:00 0 
7f488b83e000-7f488b93c000 rw-p 00000000 00:00 0 
7f488b93c000-7f488b93f000 r-xp 00000000 08:03 12190599                   /lib/x86_64-linux-gnu/libgpg-error.so.0.8.0
7f488b93f000-7f488bb3e000 ---p 00003000 08:03 12190599                   /lib/x86_64-linux-gnu/libgpg-error.so.0.8.0
7f488bb3e000-7f488bb3f000 rw-p 00002000 08:03 12190599                   /lib/x86_64-linux-gnu/libgpg-error.so.0.8.0
7f488bb3f000-7f488bb83000 r-xp 00000000 08:03 12190580                   /lib/x86_64-linux-gnu/libdbus-1.so.3.7.2
7f488bb83000-7f488bd83000 ---p 00044000 08:03 12190580                   /lib/x86_64-linux-gnu/libdbus-1.so.3.7.2
7f488bd83000-7f488bd84000 r--p 00044000 08:03 12190580                   /lib/x86_64-linux-gnu/libdbus-1.so.3.7.2
7f488bd84000-7f488bd85000 rw-p 00045000 08:03 12190580                   /lib/x86_64-linux-gnu/libdbus-1.so.3.7.2
7f488bd85000-7f488bd96000 r-xp 00000000 08:03 4200305                    /usr/lib/x86_64-linux-gnu/libp11-kit.so.0.0.0
7f488bd96000-7f488bf95000 ---p 00011000 08:03 4200305                    /usr/lib/x86_64-linux-gnu/libp11-kit.so.0.0.0
7f488bf95000-7f488bf96000 r--p 00010000 08:03 4200305                    /usr/lib/x86_64-linux-gnu/libp11-kit.so.0.0.0
7f488bf96000-7f488bf97000 rw-p 00011000 08:03 4200305                    /usr/lib/x86_64-linux-gnu/libp11-kit.so.0.0.0
7f488bf97000-7f488c011000 r-xp 00000000 08:03 12190595                   /lib/x86_64-linux-gnu/libgcrypt.so.11.7.0
7f488c011000-7f488c211000 ---p 0007a000 08:03 12190595                   /lib/x86_64-linux-gnu/libgcrypt.so.11.7.0
7f488c211000-7f488c212000 r--p 0007a000 08:03 12190595                   /lib/x86_64-linux-gnu/libgcrypt.so.11.7.0
7f488c212000-7f488c215000 rw-p 0007b000 08:03 12190595                   /lib/x86_64-linux-gnu/libgcrypt.so.11.7.0
7f488c215000-7f488c225000 r-xp 00000000 08:03 4200448                    /usr/lib/x86_64-linux-gnu/libtasn1.so.3.1.16
7f488c225000-7f488c424000 ---p 00010000 08:03 4200448                    /usr/lib/x86_64-linux-gnu/libtasn1.so.3.1.16
7f488c424000-7f488c425000 r--p 0000f000 08:03 4200448                    /usr/lib/x86_64-linux-gnu/libtasn1.so.3.1.16
7f488c425000-7f488c426000 rw-p 00010000 08:03 4200448                    /usr/lib/x86_64-linux-gnu/libtasn1.so.3.1.16
7f488c426000-7f488c429000 r-xp 00000000 08:03 12190610                   /lib/x86_64-linux-gnu/libkeyutils.so.1.4
7f488c429000-7f488c628000 ---p 00003000 08:03 12190610                   /lib/x86_64-linux-gnu/libkeyutils.so.1.4
7f488c628000-7f488c629000 r--p 00002000 08:03 12190610                   /lib/x86_64-linux-gnu/libkeyutils.so.1.4
7f488c629000-7f488c62a000 rw-p 00003000 08:03 12190610                   /lib/x86_64-linux-gnu/libkeyutils.so.1.4
7f488c62a000-7f488c632000 r-xp 00000000 08:03 4200208                    /usr/lib/x86_64-linux-gnu/libkrb5support.so.0.1
7f488c632000-7f488c831000 ---p 00008000 08:03 4200208                    /usr/lib/x86_64-linux-gnu/libkrb5support.so.0.1
7f488c831000-7f488c832000 r--p 00007000 08:03 4200208                    /usr/lib/x86_64-linux-gnu/libkrb5support.so.0.1
7f488c832000-7f488c833000 rw-p 00008000 08:03 4200208                    /usr/lib/x86_64-linux-gnu/libkrb5support.so.0.1
7f488c833000-7f488c836000 r-xp 00000000 08:03 12190576                   /lib/x86_64-linux-gnu/libcom_err.so.2.1
7f488c836000-7f488ca35000 ---p 00003000 08:03 12190576                   /lib/x86_64-linux-gnu/libcom_err.so.2.1
7f488ca35000-7f488ca36000 r--p 00002000 08:03 12190576                   /lib/x86_64-linux-gnu/libcom_err.so.2.1
7f488ca36000-7f488ca37000 rw-p 00003000 08:03 12190576                   /lib/x86_64-linux-gnu/libcom_err.so.2.1
7f488ca37000-7f488ca5d000 r-xp 00000000 08:03 4200198                    /usr/lib/x86_64-linux-gnu/libk5crypto.so.3.1
7f488ca5d000-7f488cc5d000 ---p 00026000 08:03 4200198                    /usr/lib/x86_64-linux-gnu/libk5crypto.so.3.1
7f488cc5d000-7f488cc5e000 r--p 00026000 08:03 4200198                    /usr/lib/x86_64-linux-gnu/libk5crypto.so.3.1
7f488cc5e000-7f488cc5f000 rw-p 00027000 08:03 4200198                    /usr/lib/x86_64-linux-gnu/libk5crypto.so.3.1
7f488cc5f000-7f488cc60000 rw-p 00000000 00:00 0 
7f488cc60000-7f488cd29000 r-xp 00000000 08:03 4200206                    /usr/lib/x86_64-linux-gnu/libkrb5.so.3.3
7f488cd29000-7f488cf28000 ---p 000c9000 08:03 4200206                    /usr/lib/x86_64-linux-gnu/libkrb5.so.3.3
7f488cf28000-7f488cf32000 r--p 000c8000 08:03 4200206                    /usr/lib/x86_64-linux-gnu/libkrb5.so.3.3
7f488cf32000-7f488cf34000 rw-p 000d2000 08:03 4200206                    /usr/lib/x86_64-linux-gnu/libkrb5.so.3.3
7f488cf34000-7f488cf39000 r-xp 00000000 08:03 4199743                    /usr/lib/x86_64-linux-gnu/libXdmcp.so.6.0.0
7f488cf39000-7f488d138000 ---p 00005000 08:03 4199743                    /usr/lib/x86_64-linux-gnu/libXdmcp.so.6.0.0
7f488d138000-7f488d139000 rw-p 00004000 08:03 4199743                    /usr/lib/x86_64-linux-gnu/libXdmcp.so.6.0.0
7f488d139000-7f488d13b000 r-xp 00000000 08:03 4199732                    /usr/lib/x86_64-linux-gnu/libXau.so.6.0.0
7f488d13b000-7f488d33b000 ---p 00002000 08:03 4199732                    /usr/lib/x86_64-linux-gnu/libXau.so.6.0.0
7f488d33b000-7f488d33c000 rw-p 00002000 08:03 4199732                    /usr/lib/x86_64-linux-gnu/libXau.so.6.0.0
7f488d33c000-7f488d34c000 r-xp 00000000 08:03 4199807                    /usr/lib/x86_64-linux-gnu/libavahi-client.so.3.2.9
7f488d34c000-7f488d54b000 ---p 00010000 08:03 4199807                    /usr/lib/x86_64-linux-gnu/libavahi-client.so.3.2.9
7f488d54b000-7f488d54c000 r--p 0000f000 08:03 4199807                    /usr/lib/x86_64-linux-gnu/libavahi-client.so.3.2.9
7f488d54c000-7f488d54d000 rw-p 00010000 08:03 4199807                    /usr/lib/x86_64-linux-gnu/libavahi-client.so.3.2.9
7f488d54d000-7f488d559000 r-xp 00000000 08:03 4199809                    /usr/lib/x86_64-linux-gnu/libavahi-common.so.3.5.3
7f488d559000-7f488d758000 ---p 0000c000 08:03 4199809                    /usr/lib/x86_64-linux-gnu/libavahi-common.so.3.5.3
7f488d758000-7f488d759000 r--p 0000b000 08:03 4199809                    /usr/lib/x86_64-linux-gnu/libavahi-common.so.3.5.3
7f488d759000-7f488d75a000 rw-p 0000c000 08:03 4199809                    /usr/lib/x86_64-linux-gnu/libavahi-common.so.3.5.3
7f488d75a000-7f488d813000 r-xp 00000000 08:03 4200060                    /usr/lib/x86_64-linux-gnu/libgnutls.so.26.22.4
7f488d813000-7f488da12000 ---p 000b9000 08:03 4200060                    /usr/lib/x86_64-linux-gnu/libgnutls.so.26.22.4
7f488da12000-7f488da18000 r--p 000b8000 08:03 4200060                    /usr/lib/x86_64-linux-gnu/libgnutls.so.26.22.4
7f488da18000-7f488da1a000 rw-p 000be000 08:03 4200060                    /usr/lib/x86_64-linux-gnu/libgnutls.so.26.22.4
7f488da1a000-7f488da56000 r-xp 00000000 08:03 4200085                    /usr/lib/x86_64-linux-gnu/libgssapi_krb5.so.2.2
7f488da56000-7f488dc56000 ---p 0003c000 08:03 4200085                    /usr/lib/x86_64-linux-gnu/libgssapi_krb5.so.2.2
7f488dc56000-7f488dc57000 r--p 0003c000 08:03 4200085                    /usr/lib/x86_64-linux-gnu/libgssapi_krb5.so.2.2
7f488dc57000-7f488dc59000 rw-p 0003d000 08:03 4200085                    /usr/lib/x86_64-linux-gnu/libgssapi_krb5.so.2.2
7f488dc59000-7f488dc95000 r-xp 00000000 08:03 12190663                   /lib/x86_64-linux-gnu/libpcre.so.3.13.1
7f488dc95000-7f488de95000 ---p 0003c000 08:03 12190663                   /lib/x86_64-linux-gnu/libpcre.so.3.13.1
7f488de95000-7f488de96000 rw-p 0003c000 08:03 12190663                   /lib/x86_64-linux-gnu/libpcre.so.3.13.1
7f488de96000-7f488dea2000 r-xp 00000000 08:03 4199961                    /usr/lib/x86_64-linux-gnu/libffi.so.5.0.10
7f488dea2000-7f488e0a2000 ---p 0000c000 08:03 4199961                    /usr/lib/x86_64-linux-gnu/libffi.so.5.0.10
7f488e0a2000-7f488e0a3000 rw-p 0000c000 08:03 4199961                    /usr/lib/x86_64-linux-gnu/libffi.so.5.0.10
7f488e0a3000-7f488e0ca000 r-xp 00000000 08:03 12190588                   /lib/x86_64-linux-gnu/libexpat.so.1.6.0
7f488e0ca000-7f488e2ca000 ---p 00027000 08:03 12190588                   /lib/x86_64-linux-gnu/libexpat.so.1.6.0
7f488e2ca000-7f488e2cc000 r--p 00027000 08:03 12190588                   /lib/x86_64-linux-gnu/libexpat.so.1.6.0
7f488e2cc000-7f488e2cd000 rw-p 00029000 08:03 12190588                   /lib/x86_64-linux-gnu/libexpat.so.1.6.0
7f488e2cd000-7f488e2d5000 r-xp 00000000 08:03 4200521                    /usr/lib/x86_64-linux-gnu/libxcb-render.so.0.0.0
7f488e2d5000-7f488e4d5000 ---p 00008000 08:03 4200521                    /usr/lib/x86_64-linux-gnu/libxcb-render.so.0.0.0
7f488e4d5000-7f488e4d6000 r--p 00008000 08:03 4200521                    /usr/lib/x86_64-linux-gnu/libxcb-render.so.0.0.0
7f488e4d6000-7f488e4d7000 rw-p 00009000 08:03 4200521                    /usr/lib/x86_64-linux-gnu/libxcb-render.so.0.0.0
7f488e4d7000-7f488e4d9000 r-xp 00000000 08:03 4200525                    /usr/lib/x86_64-linux-gnu/libxcb-shm.so.0.0.0
7f488e4d9000-7f488e6d8000 ---p 00002000 08:03 4200525                    /usr/lib/x86_64-linux-gnu/libxcb-shm.so.0.0.0
7f488e6d8000-7f488e6d9000 r--p 00001000 08:03 4200525                    /usr/lib/x86_64-linux-gnu/libxcb-shm.so.0.0.0
7f488e6d9000-7f488e6da000 rw-p 00002000 08:03 4200525                    /usr/lib/x86_64-linux-gnu/libxcb-shm.so.0.0.0
7f488e6da000-7f488e75a000 r-xp 00000000 08:03 4200335                    /usr/lib/x86_64-linux-gnu/libpixman-1.so.0.26.0
7f488e75a000-7f488e95a000 ---p 00080000 08:03 4200335                    /usr/lib/x86_64-linux-gnu/libpixman-1.so.0.26.0
7f488e95a000-7f488e960000 rw-p 00080000 08:03 4200335                    /usr/lib/x86_64-linux-gnu/libpixman-1.so.0.26.0
7f488e960000-7f488e986000 r-xp 00000000 08:03 12190665                   /lib/x86_64-linux-gnu/libpng12.so.0.49.0
7f488e986000-7f488eb85000 ---p 00026000 08:03 12190665                   /lib/x86_64-linux-gnu/libpng12.so.0.49.0
7f488eb85000-7f488eb86000 r--p 00025000 08:03 12190665                   /lib/x86_64-linux-gnu/libpng12.so.0.49.0
7f488eb86000-7f488eb87000 rw-p 00026000 08:03 12190665                   /lib/x86_64-linux-gnu/libpng12.so.0.49.0
7f488eb87000-7f488eb9b000 r-xp 00000000 08:03 12192206                   /lib/x86_64-linux-gnu/libresolv-2.19.so
7f488eb9b000-7f488ed9a000 ---p 00014000 08:03 12192206                   /lib/x86_64-linux-gnu/libresolv-2.19.so
7f488ed9a000-7f488ed9b000 r--p 00013000 08:03 12192206                   /lib/x86_64-linux-gnu/libresolv-2.19.so
7f488ed9b000-7f488ed9c000 rw-p 00014000 08:03 12192206                   /lib/x86_64-linux-gnu/libresolv-2.19.so
7f488ed9c000-7f488ed9e000 rw-p 00000000 00:00 0 
7f488ed9e000-7f488edbc000 r-xp 00000000 08:03 12190680                   /lib/x86_64-linux-gnu/libselinux.so.1
7f488edbc000-7f488efbb000 ---p 0001e000 08:03 12190680                   /lib/x86_64-linux-gnu/libselinux.so.1
7f488efbb000-7f488efbc000 r--p 0001d000 08:03 12190680                   /lib/x86_64-linux-gnu/libselinux.so.1
7f488efbc000-7f488efbd000 rw-p 0001e000 08:03 12190680                   /lib/x86_64-linux-gnu/libselinux.so.1
7f488efbd000-7f488efbe000 rw-p 00000000 00:00 0 
7f488efbe000-7f488efc1000 r-xp 00000000 08:03 4200052                    /usr/lib/x86_64-linux-gnu/libgmodule-2.0.so.0.3200.4
7f488efc1000-7f488f1c0000 ---p 00003000 08:03 4200052                    /usr/lib/x86_64-linux-gnu/libgmodule-2.0.so.0.3200.4
7f488f1c0000-7f488f1c1000 r--p 00002000 08:03 4200052                    /usr/lib/x86_64-linux-gnu/libgmodule-2.0.so.0.3200.4
7f488f1c1000-7f488f1c2000 rw-p 00003000 08:03 4200052                    /usr/lib/x86_64-linux-gnu/libgmodule-2.0.so.0.3200.4
7f488f1c2000-7f488f1cc000 r-xp 00000000 08:03 4199739                    /usr/lib/x86_64-linux-gnu/libXcursor.so.1.0.2
7f488f1cc000-7f488f3cb000 ---p 0000a000 08:03 4199739                    /usr/lib/x86_64-linux-gnu/libXcursor.so.1.0.2
7f488f3cb000-7f488f3cc000 rw-p 00009000 08:03 4199739                    /usr/lib/x86_64-linux-gnu/libXcursor.so.1.0.2
7f488f3cc000-7f488f3d3000 r-xp 00000000 08:03 4199761                    /usr/lib/x86_64-linux-gnu/libXrandr.so.2.2.0
7f488f3d3000-7f488f5d3000 ---p 00007000 08:03 4199761                    /usr/lib/x86_64-linux-gnu/libXrandr.so.2.2.0
7f488f5d3000-7f488f5d4000 rw-p 00007000 08:03 4199761                    /usr/lib/x86_64-linux-gnu/libXrandr.so.2.2.0
7f488f5d4000-7f488f5d6000 r-xp 00000000 08:03 4199753                    /usr/lib/x86_64-linux-gnu/libXinerama.so.1.0.0
7f488f5d6000-7f488f7d5000 ---p 00002000 08:03 4199753                    /usr/lib/x86_64-linux-gnu/libXinerama.so.1.0.0
7f488f7d5000-7f488f7d6000 rw-p 00001000 08:03 4199753                    /usr/lib/x86_64-linux-gnu/libXinerama.so.1.0.0
7f488f7d6000-7f488f7db000 r-xp 00000000 08:03 4199747                    /usr/lib/x86_64-linux-gnu/libXfixes.so.3.1.0
7f488f7db000-7f488f9da000 ---p 00005000 08:03 4199747                    /usr/lib/x86_64-linux-gnu/libXfixes.so.3.1.0
7f488f9da000-7f488f9db000 r--p 00004000 08:03 4199747                    /usr/lib/x86_64-linux-gnu/libXfixes.so.3.1.0
7f488f9db000-7f488f9dc000 rw-p 00005000 08:03 4199747                    /usr/lib/x86_64-linux-gnu/libXfixes.so.3.1.0
7f488f9dc000-7f488f9de000 r-xp 00000000 08:03 4199741                    /usr/lib/x86_64-linux-gnu/libXdamage.so.1.1.0
7f488f9de000-7f488fbdd000 ---p 00002000 08:03 4199741                    /usr/lib/x86_64-linux-gnu/libXdamage.so.1.1.0
7f488fbdd000-7f488fbde000 rw-p 00001000 08:03 4199741                    /usr/lib/x86_64-linux-gnu/libXdamage.so.1.1.0
7f488fbde000-7f488fbe0000 r-xp 00000000 08:03 4199737                    /usr/lib/x86_64-linux-gnu/libXcomposite.so.1.0.0
7f488fbe0000-7f488fddf000 ---p 00002000 08:03 4199737                    /usr/lib/x86_64-linux-gnu/libXcomposite.so.1.0.0
7f488fddf000-7f488fde0000 rw-p 00001000 08:03 4199737                    /usr/lib/x86_64-linux-gnu/libXcomposite.so.1.0.0
7f488fde0000-7f488fdff000 r-xp 00000000 08:03 4200529                    /usr/lib/x86_64-linux-gnu/libxcb.so.1.1.0
7f488fdff000-7f488fffe000 ---p 0001f000 08:03 4200529                    /usr/lib/x86_64-linux-gnu/libxcb.so.1.1.0
7f488fffe000-7f488ffff000 r--p 0001e000 08:03 4200529                    /usr/lib/x86_64-linux-gnu/libxcb.so.1.1.0
7f488ffff000-7f4890000000 rw-p 0001f000 08:03 4200529                    /usr/lib/x86_64-linux-gnu/libxcb.so.1.1.0
7f4890000000-7f4890021000 rw-p 00000000 00:00 0 
7f4890021000-7f4894000000 ---p 00000000 00:00 0 
7f4894000000-7f4894021000 rw-p 00000000 00:00 0 
7f4894021000-7f4898000000 ---p 00000000 00:00 0 
7f4898000000-7f4898338000 rw-p 00000000 00:00 0 
7f4898338000-7f489c000000 ---p 00000000 00:00 0 
7f489c000000-7f489c23c000 rw-p 00000000 00:00 0 
7f489c23c000-7f48a0000000 ---p 00000000 00:00 0 
7f48a0000000-7f48a0021000 rw-p 00000000 00:00 0 
7f48a0021000-7f48a4000000 ---p 00000000 00:00 0 
7f48a4000000-7f48a4021000 rw-p 00000000 00:00 0 
7f48a4021000-7f48a8000000 ---p 00000000 00:00 0 
7f48a8000000-7f48a8021000 rw-p 00000000 00:00 0 
7f48a8021000-7f48ac000000 ---p 00000000 00:00 0 
7f48ac000000-7f48ac021000 rw-p 00000000 00:00 0 
7f48ac021000-7f48b0000000 ---p 00000000 00:00 0 
7f48b0000000-7f48b0021000 rw-p 00000000 00:00 0 
7f48b0021000-7f48b4000000 ---p 00000000 00:00 0 
7f48b402d000-7f48b4075000 rw-p 00000000 00:00 0 
7f48b4075000-7f48b4078000 ---p 00000000 00:00 0 
7f48b4078000-7f48b40ae000 rw-p 00000000 00:00 0 
7f48b40ae000-7f48b40b1000 ---p 00000000 00:00 0 
7f48b40b1000-7f48b41af000 rw-p 00000000 00:00 0 
7f48b41af000-7f48b4202000 r-xp 00000000 08:03 4199889                    /usr/lib/x86_64-linux-gnu/libcups.so.2
7f48b4202000-7f48b4401000 ---p 00053000 08:03 4199889                    /usr/lib/x86_64-linux-gnu/libcups.so.2
7f48b4401000-7f48b4406000 r--p 00052000 08:03 4199889                    /usr/lib/x86_64-linux-gnu/libcups.so.2
7f48b4406000-7f48b4407000 rw-p 00057000 08:03 4199889                    /usr/lib/x86_64-linux-gnu/libcups.so.2
7f48b4407000-7f48b44fc000 r-xp 00000000 08:03 12190597                   /lib/x86_64-linux-gnu/libglib-2.0.so.0.3200.4
7f48b44fc000-7f48b46fc000 ---p 000f5000 08:03 12190597                   /lib/x86_64-linux-gnu/libglib-2.0.so.0.3200.4
7f48b46fc000-7f48b46fd000 r--p 000f5000 08:03 12190597                   /lib/x86_64-linux-gnu/libglib-2.0.so.0.3200.4
7f48b46fd000-7f48b46fe000 rw-p 000f6000 08:03 12190597                   /lib/x86_64-linux-gnu/libglib-2.0.so.0.3200.4
7f48b46fe000-7f48b46ff000 rw-p 00000000 00:00 0 
7f48b46ff000-7f48b4700000 r-xp 00000000 08:03 4200137                    /usr/lib/x86_64-linux-gnu/libgthread-2.0.so.0.3200.4
7f48b4700000-7f48b48ff000 ---p 00001000 08:03 4200137                    /usr/lib/x86_64-linux-gnu/libgthread-2.0.so.0.3200.4
7f48b48ff000-7f48b4900000 r--p 00000000 08:03 4200137                    /usr/lib/x86_64-linux-gnu/libgthread-2.0.so.0.3200.4
7f48b4900000-7f48b4901000 rw-p 00001000 08:03 4200137                    /usr/lib/x86_64-linux-gnu/libgthread-2.0.so.0.3200.4
7f48b4901000-7f48b494f000 r-xp 00000000 08:03 4200068                    /usr/lib/x86_64-linux-gnu/libgobject-2.0.so.0.3200.4
7f48b494f000-7f48b4b4f000 ---p 0004e000 08:03 4200068                    /usr/lib/x86_64-linux-gnu/libgobject-2.0.so.0.3200.4
7f48b4b4f000-7f48b4b50000 r--p 0004e000 08:03 4200068                    /usr/lib/x86_64-linux-gnu/libgobject-2.0.so.0.3200.4
7f48b4b50000-7f48b4b51000 rw-p 0004f000 08:03 4200068                    /usr/lib/x86_64-linux-gnu/libgobject-2.0.so.0.3200.4
7f48b4b51000-7f48b4b86000 r-xp 00000000 08:03 4199999                    /usr/lib/x86_64-linux-gnu/libfontconfig.so.1.5.0
7f48b4b86000-7f48b4d86000 ---p 00035000 08:03 4199999                    /usr/lib/x86_64-linux-gnu/libfontconfig.so.1.5.0
7f48b4d86000-7f48b4d87000 r--p 00035000 08:03 4199999                    /usr/lib/x86_64-linux-gnu/libfontconfig.so.1.5.0
7f48b4d87000-7f48b4d88000 rw-p 00036000 08:03 4199999                    /usr/lib/x86_64-linux-gnu/libfontconfig.so.1.5.0
7f48b4d88000-7f48b4e21000 r-xp 00000000 08:03 4200007                    /usr/lib/x86_64-linux-gnu/libfreetype.so.6.8.1
7f48b4e21000-7f48b5020000 ---p 00099000 08:03 4200007                    /usr/lib/x86_64-linux-gnu/libfreetype.so.6.8.1
7f48b5020000-7f48b5026000 r--p 00098000 08:03 4200007                    /usr/lib/x86_64-linux-gnu/libfreetype.so.6.8.1
7f48b5026000-7f48b5027000 rw-p 0009e000 08:03 4200007                    /usr/lib/x86_64-linux-gnu/libfreetype.so.6.8.1
7f48b5027000-7f48b5071000 r-xp 00000000 08:03 4200313                    /usr/lib/x86_64-linux-gnu/libpango-1.0.so.0.3000.0
7f48b5071000-7f48b5271000 ---p 0004a000 08:03 4200313                    /usr/lib/x86_64-linux-gnu/libpango-1.0.so.0.3000.0
7f48b5271000-7f48b5273000 r--p 0004a000 08:03 4200313                    /usr/lib/x86_64-linux-gnu/libpango-1.0.so.0.3000.0
7f48b5273000-7f48b5274000 rw-p 0004c000 08:03 4200313                    /usr/lib/x86_64-linux-gnu/libpango-1.0.so.0.3000.0
7f48b5274000-7f48b5368000 r-xp 00000000 08:03 4199843                    /usr/lib/x86_64-linux-gnu/libcairo.so.2.11200.2
7f48b5368000-7f48b5567000 ---p 000f4000 08:03 4199843                    /usr/lib/x86_64-linux-gnu/libcairo.so.2.11200.2
7f48b5567000-7f48b556a000 r--p 000f3000 08:03 4199843                    /usr/lib/x86_64-linux-gnu/libcairo.so.2.11200.2
7f48b556a000-7f48b556b000 rw-p 000f6000 08:03 4199843                    /usr/lib/x86_64-linux-gnu/libcairo.so.2.11200.2
7f48b556b000-7f48b556d000 rw-p 00000000 00:00 0 
7f48b556d000-7f48b558c000 r-xp 00000000 08:03 4200030                    /usr/lib/x86_64-linux-gnu/libgdk_pixbuf-2.0.so.0.2600.1
7f48b558c000-7f48b578b000 ---p 0001f000 08:03 4200030                    /usr/lib/x86_64-linux-gnu/libgdk_pixbuf-2.0.so.0.2600.1
7f48b578b000-7f48b578c000 r--p 0001e000 08:03 4200030                    /usr/lib/x86_64-linux-gnu/libgdk_pixbuf-2.0.so.0.2600.1
7f48b578c000-7f48b578d000 rw-p 0001f000 08:03 4200030                    /usr/lib/x86_64-linux-gnu/libgdk_pixbuf-2.0.so.0.2600.1
7f48b578d000-7f48b5799000 r-xp 00000000 08:03 4200315                    /usr/lib/x86_64-linux-gnu/libpangocairo-1.0.so.0.3000.0
7f48b5799000-7f48b5998000 ---p 0000c000 08:03 4200315                    /usr/lib/x86_64-linux-gnu/libpangocairo-1.0.so.0.3000.0
7f48b5998000-7f48b5999000 r--p 0000b000 08:03 4200315                    /usr/lib/x86_64-linux-gnu/libpangocairo-1.0.so.0.3000.0
7f48b5999000-7f48b599a000 rw-p 0000c000 08:03 4200315                    /usr/lib/x86_64-linux-gnu/libpangocairo-1.0.so.0.3000.0
7f48b599a000-7f48b59c4000 r-xp 00000000 08:03 4200317                    /usr/lib/x86_64-linux-gnu/libpangoft2-1.0.so.0.3000.0
7f48b59c4000-7f48b5bc3000 ---p 0002a000 08:03 4200317                    /usr/lib/x86_64-linux-gnu/libpangoft2-1.0.so.0.3000.0
7f48b5bc3000-7f48b5bc4000 r--p 00029000 08:03 4200317                    /usr/lib/x86_64-linux-gnu/libpangoft2-1.0.so.0.3000.0
7f48b5bc4000-7f48b5bc5000 rw-p 0002a000 08:03 4200317                    /usr/lib/x86_64-linux-gnu/libpangoft2-1.0.so.0.3000.0
7f48b5bc5000-7f48b5d11000 r-xp 00000000 08:03 4200042                    /usr/lib/x86_64-linux-gnu/libgio-2.0.so.0.3200.4
7f48b5d11000-7f48b5f10000 ---p 0014c000 08:03 4200042                    /usr/lib/x86_64-linux-gnu/libgio-2.0.so.0.3200.4
7f48b5f10000-7f48b5f14000 r--p 0014b000 08:03 4200042                    /usr/lib/x86_64-linux-gnu/libgio-2.0.so.0.3200.4
7f48b5f14000-7f48b5f16000 rw-p 0014f000 08:03 4200042                    /usr/lib/x86_64-linux-gnu/libgio-2.0.so.0.3200.4
7f48b5f16000-7f48b5f18000 rw-p 00000000 00:00 0 
7f48b5f18000-7f48b5f39000 r-xp 00000000 08:03 4199799                    /usr/lib/x86_64-linux-gnu/libatk-1.0.so.0.20409.1
7f48b5f39000-7f48b6138000 ---p 00021000 08:03 4199799                    /usr/lib/x86_64-linux-gnu/libatk-1.0.so.0.20409.1
7f48b6138000-7f48b613a000 r--p 00020000 08:03 4199799                    /usr/lib/x86_64-linux-gnu/libatk-1.0.so.0.20409.1
7f48b613a000-7f48b613b000 rw-p 00022000 08:03 4199799                    /usr/lib/x86_64-linux-gnu/libatk-1.0.so.0.20409.1
7f48b613b000-7f48b61ea000 r-xp 00000000 08:03 4200028                    /usr/lib/x86_64-linux-gnu/libgdk-x11-2.0.so.0.2400.10
7f48b61ea000-7f48b63e9000 ---p 000af000 08:03 4200028                    /usr/lib/x86_64-linux-gnu/libgdk-x11-2.0.so.0.2400.10
7f48b63e9000-7f48b63ee000 rw-p 000ae000 08:03 4200028                    /usr/lib/x86_64-linux-gnu/libgdk-x11-2.0.so.0.2400.10
7f48b63ee000-7f48b6820000 r-xp 00000000 08:03 4200141                    /usr/lib/x86_64-linux-gnu/libgtk-x11-2.0.so.0.2400.10
7f48b6820000-7f48b6a20000 ---p 00432000 08:03 4200141                    /usr/lib/x86_64-linux-gnu/libgtk-x11-2.0.so.0.2400.10
7f48b6a20000-7f48b6a2b000 rw-p 00432000 08:03 4200141                    /usr/lib/x86_64-linux-gnu/libgtk-x11-2.0.so.0.2400.10
7f48b6a2b000-7f48b6a2d000 rw-p 00000000 00:00 0 
7f48b6a2d000-7f48b6a3b000 r-xp 00000000 08:03 4199751                    /usr/lib/x86_64-linux-gnu/libXi.so.6.1.0
7f48b6a3b000-7f48b6c3b000 ---p 0000e000 08:03 4199751                    /usr/lib/x86_64-linux-gnu/libXi.so.6.1.0
7f48b6c3b000-7f48b6c3c000 rw-p 0000e000 08:03 4199751                    /usr/lib/x86_64-linux-gnu/libXi.so.6.1.0
7f48b6c3c000-7f48b6c41000 r-xp 00000000 08:03 4199769                    /usr/lib/x86_64-linux-gnu/libXtst.so.6.1.0
7f48b6c41000-7f48b6e40000 ---p 00005000 08:03 4199769                    /usr/lib/x86_64-linux-gnu/libXtst.so.6.1.0
7f48b6e40000-7f48b6e41000 rw-p 00004000 08:03 4199769                    /usr/lib/x86_64-linux-gnu/libXtst.so.6.1.0
7f48b6e41000-7f48b6e4a000 r-xp 00000000 08:03 4199763                    /usr/lib/x86_64-linux-gnu/libXrender.so.1.3.0
7f48b6e4a000-7f48b7049000 ---p 00009000 08:03 4199763                    /usr/lib/x86_64-linux-gnu/libXrender.so.1.3.0
7f48b7049000-7f48b704a000 rw-p 00008000 08:03 4199763                    /usr/lib/x86_64-linux-gnu/libXrender.so.1.3.0
7f48b704a000-7f48b717f000 r-xp 00000000 08:03 4199728                    /usr/lib/x86_64-linux-gnu/libX11.so.6.3.0
7f48b717f000-7f48b737f000 ---p 00135000 08:03 4199728                    /usr/lib/x86_64-linux-gnu/libX11.so.6.3.0
7f48b737f000-7f48b7385000 rw-p 00135000 08:03 4199728                    /usr/lib/x86_64-linux-gnu/libX11.so.6.3.0
7f48b7385000-7f48b7396000 r-xp 00000000 08:03 4199745                    /usr/lib/x86_64-linux-gnu/libXext.so.6.4.0
7f48b7396000-7f48b7596000 ---p 00011000 08:03 4199745                    /usr/lib/x86_64-linux-gnu/libXext.so.6.4.0
7f48b7596000-7f48b7597000 rw-p 00011000 08:03 4199745                    /usr/lib/x86_64-linux-gnu/libXext.so.6.4.0
7f48b7597000-7f48b75ea000 r-xp 00000000 08:03 3934319                    /usr/lib/jvm/java-7-openjdk-amd64/jre/lib/amd64/xawt/libmawt.so
7f48b75ea000-7f48b77e9000 ---p 00053000 08:03 3934319                    /usr/lib/jvm/java-7-openjdk-amd64/jre/lib/amd64/xawt/libmawt.so
7f48b77e9000-7f48b77ea000 r--p 00052000 08:03 3934319                    /usr/lib/jvm/java-7-openjdk-amd64/jre/lib/amd64/xawt/libmawt.so
7f48b77ea000-7f48b77ed000 rw-p 00053000 08:03 3934319                    /usr/lib/jvm/java-7-openjdk-amd64/jre/lib/amd64/xawt/libmawt.so
7f48b77ed000-7f48b77ee000 rw-p 00000000 00:00 0 
7f48b77ee000-7f48b788f000 r-xp 00000000 08:03 3934218                    /usr/lib/jvm/java-7-openjdk-amd64/jre/lib/amd64/libawt.so
7f48b788f000-7f48b7a8e000 ---p 000a1000 08:03 3934218                    /usr/lib/jvm/java-7-openjdk-amd64/jre/lib/amd64/libawt.so
7f48b7a8e000-7f48b7a8f000 r--p 000a0000 08:03 3934218                    /usr/lib/jvm/java-7-openjdk-amd64/jre/lib/amd64/libawt.so
7f48b7a8f000-7f48b7a9a000 rw-p 000a1000 08:03 3934218                    /usr/lib/jvm/java-7-openjdk-amd64/jre/lib/amd64/libawt.so
7f48b7a9a000-7f48b7abf000 rw-p 00000000 00:00 0 
7f48b7abf000-7f48b7afc000 r-xp 00000000 08:03 10486183                   /tmp/libgdxchobe/5502b6ed/libgdx64.so
7f48b7afc000-7f48b7cfb000 ---p 0003d000 08:03 10486183                   /tmp/libgdxchobe/5502b6ed/libgdx64.so
7f48b7cfb000-7f48b7cfc000 r--p 0003c000 08:03 10486183                   /tmp/libgdxchobe/5502b6ed/libgdx64.so
7f48b7cfc000-7f48b7cfd000 rw-p 0003d000 08:03 10486183                   /tmp/libgdxchobe/5502b6ed/libgdx64.so
7f48b7cfd000-7f48b7cfe000 ---p 00000000 00:00 0 
7f48b7cfe000-7f48b7dfe000 rw-p 00000000 00:00 0 
7f48b7dfe000-7f48b7e01000 ---p 00000000 00:00 0 
7f48b7e01000-7f48b7eff000 rw-p 00000000 00:00 0 
7f48b7eff000-7f48b7f02000 ---p 00000000 00:00 0 
7f48b7f02000-7f48b8000000 rw-p 00000000 00:00 0 
7f48b8000000-7f48b8021000 rw-p 00000000 00:00 0 
7f48b8021000-7f48bc000000 ---p 00000000 00:00 0 
7f48bc000000-7f48bc021000 rw-p 00000000 00:00 0 
7f48bc021000-7f48c0000000 ---p 00000000 00:00 0 
7f48c0000000-7f48c0021000 rw-p 00000000 00:00 0 
7f48c0021000-7f48c4000000 ---p 00000000 00:00 0 
7f48c400e000-7f48c400f000 rw-s 00005000 00:05 6137                       /dev/ati/card0
7f48c400f000-7f48c401f000 rw-s e0200000 00:05 6137                       /dev/ati/card0
7f48c401f000-7f48c4021000 rw-s 00002000 00:05 6137                       /dev/ati/card0
7f48c4021000-7f48c4028000 r--s 00000000 08:03 4206154                    /usr/lib/x86_64-linux-gnu/gconv/gconv-modules.cache
7f48c4028000-7f48c4031000 r--s 000b9000 08:03 3934170                    /usr/lib/jvm/java-7-openjdk-amd64/jre/lib/resources.jar
7f48c4031000-7f48c4036000 r--s 0004c000 08:03 3934152                    /usr/lib/jvm/java-7-openjdk-amd64/jre/lib/jsse.jar
7f48c4036000-7f48c4037000 r--s 00002000 08:03 10488693                   /home/chobe/.gradle/caches/modules-2/files-2.1/net.java.jinput/jinput-platform/2.0.5/53f9c919f34d2ca9de8c51fc4e1e8282029a9232/jinput-platform-2.0.5-natives-osx.jar
7f48c4037000-7f48c4038000 r--s 00025000 08:03 10488692                   /home/chobe/.gradle/caches/modules-2/files-2.1/net.java.jinput/jinput-platform/2.0.5/385ee093e01f587f30ee1c8a2ee7d408fd732e16/jinput-platform-2.0.5-natives-windows.jar
7f48c4038000-7f48c403c000 r--s 0002f000 08:03 10488689                   /home/chobe/.gradle/caches/modules-2/files-2.1/net.java.jinput/jinput/2.0.5/39c7796b469a600f72380316f6b1f11db6c2c7c4/jinput-2.0.5.jar
7f48c403c000-7f48c4040000 r--s 00027000 08:03 10488683                   /home/chobe/.gradle/caches/modules-2/files-2.1/org.lwjgl.lwjgl/lwjgl_util/2.9.1/290d7ba8a1bd9566f5ddf16ad06f09af5ec9b20e/lwjgl_util-2.9.1.jar
7f48c4040000-7f48c404e000 r--s 000ea000 08:03 10488682                   /home/chobe/.gradle/caches/modules-2/files-2.1/org.lwjgl.lwjgl/lwjgl/2.9.1/f58c5aabcef0e41718a564be9f8e412fff8db847/lwjgl-2.9.1.jar
7f48c404e000-7f48c4063000 r--s 00153000 08:03 10488660                   /home/chobe/.gradle/caches/modules-2/files-2.1/com.badlogicgames.gdx/gdx/1.1.0/686f5a609c717eb0769d3b954c501a49bf4fe351/gdx-1.1.0.jar
7f48c4063000-7f48c4066000 ---p 00000000 00:00 0 
7f48c4066000-7f48c4164000 rw-p 00000000 00:00 0 
7f48c4164000-7f48c4167000 ---p 00000000 00:00 0 
7f48c4167000-7f48c4265000 rw-p 00000000 00:00 0 
7f48c4265000-7f48c43ee000 r--p 00000000 08:03 4067802                    /usr/lib/locale/locale-archive
7f48c43ee000-7f48c43f1000 ---p 00000000 00:00 0 
7f48c43f1000-7f48c44ef000 rw-p 00000000 00:00 0 
7f48c44ef000-7f48c44f2000 ---p 00000000 00:00 0 
7f48c44f2000-7f48c45f0000 rw-p 00000000 00:00 0 
7f48c45f0000-7f48c45f1000 ---p 00000000 00:00 0 
7f48c45f1000-7f48c56ee000 rw-p 00000000 00:00 0 
7f48c56ee000-7f48c589c000 r--s 01cfc000 08:03 3934153                    /usr/lib/jvm/java-7-openjdk-amd64/jre/lib/rt.jar
7f48c589c000-7f48c7f80000 rw-p 00000000 00:00 0 
7f48c7f80000-7f48c7f81000 ---p 00000000 00:00 0 
7f48c7f81000-7f48c8081000 rw-p 00000000 00:00 0 
7f48c8081000-7f48c8082000 ---p 00000000 00:00 0 
7f48c8082000-7f48c8182000 rw-p 00000000 00:00 0 
7f48c8182000-7f48c8183000 ---p 00000000 00:00 0 
7f48c8183000-7f48c8283000 rw-p 00000000 00:00 0 
7f48c8283000-7f48c8284000 ---p 00000000 00:00 0 
7f48c8284000-7f48c838f000 rw-p 00000000 00:00 0 
7f48c838f000-7f48c83d7000 rw-p 00000000 00:00 0 
7f48c83d7000-7f48c83ec000 rw-p 00000000 00:00 0 
7f48c83ec000-7f48c851c000 rw-p 00000000 00:00 0 
7f48c851c000-7f48c8527000 rw-p 00000000 00:00 0 
7f48c8527000-7f48c85bf000 rw-p 00000000 00:00 0 
7f48c85bf000-7f48c85c0000 rw-p 00000000 00:00 0 
7f48c85c0000-7f48c8830000 rwxp 00000000 00:00 0 
7f48c8830000-7f48cb5c0000 rw-p 00000000 00:00 0 
7f48cb5c0000-7f48cb5c8000 r-xp 00000000 08:03 3934210                    /usr/lib/jvm/java-7-openjdk-amd64/jre/lib/amd64/libzip.so
7f48cb5c8000-7f48cb7c7000 ---p 00008000 08:03 3934210                    /usr/lib/jvm/java-7-openjdk-amd64/jre/lib/amd64/libzip.so
7f48cb7c7000-7f48cb7c8000 r--p 00007000 08:03 3934210                    /usr/lib/jvm/java-7-openjdk-amd64/jre/lib/amd64/libzip.so
7f48cb7c8000-7f48cb7c9000 rw-p 00008000 08:03 3934210                    /usr/lib/jvm/java-7-openjdk-amd64/jre/lib/amd64/libzip.so
7f48cb7c9000-7f48cb7d4000 r-xp 00000000 08:03 12192223                   /lib/x86_64-linux-gnu/libnss_files-2.19.so
7f48cb7d4000-7f48cb9d3000 ---p 0000b000 08:03 12192223                   /lib/x86_64-linux-gnu/libnss_files-2.19.so
7f48cb9d3000-7f48cb9d4000 r--p 0000a000 08:03 12192223                   /lib/x86_64-linux-gnu/libnss_files-2.19.so
7f48cb9d4000-7f48cb9d5000 rw-p 0000b000 08:03 12192223                   /lib/x86_64-linux-gnu/libnss_files-2.19.so
7f48cb9d5000-7f48cb9df000 r-xp 00000000 08:03 12192211                   /lib/x86_64-linux-gnu/libnss_nis-2.19.so
7f48cb9df000-7f48cbbde000 ---p 0000a000 08:03 12192211                   /lib/x86_64-linux-gnu/libnss_nis-2.19.so
7f48cbbde000-7f48cbbdf000 r--p 00009000 08:03 12192211                   /lib/x86_64-linux-gnu/libnss_nis-2.19.so
7f48cbbdf000-7f48cbbe0000 rw-p 0000a000 08:03 12192211                   /lib/x86_64-linux-gnu/libnss_nis-2.19.so
7f48cbbe0000-7f48cbbf5000 r-xp 00000000 08:03 12192215                   /lib/x86_64-linux-gnu/libnsl-2.19.so
7f48cbbf5000-7f48cbdf4000 ---p 00015000 08:03 12192215                   /lib/x86_64-linux-gnu/libnsl-2.19.so
7f48cbdf4000-7f48cbdf5000 r--p 00014000 08:03 12192215                   /lib/x86_64-linux-gnu/libnsl-2.19.so
7f48cbdf5000-7f48cbdf6000 rw-p 00015000 08:03 12192215                   /lib/x86_64-linux-gnu/libnsl-2.19.so
7f48cbdf6000-7f48cbdf8000 rw-p 00000000 00:00 0 
7f48cbdf8000-7f48cbdff000 r-xp 00000000 08:03 12192212                   /lib/x86_64-linux-gnu/libnss_compat-2.19.so
7f48cbdff000-7f48cbffe000 ---p 00007000 08:03 12192212                   /lib/x86_64-linux-gnu/libnss_compat-2.19.so
7f48cbffe000-7f48cbfff000 r--p 00006000 08:03 12192212                   /lib/x86_64-linux-gnu/libnss_compat-2.19.so
7f48cbfff000-7f48cc000000 rw-p 00007000 08:03 12192212                   /lib/x86_64-linux-gnu/libnss_compat-2.19.so
7f48cc000000-7f48cc34a000 rw-p 00000000 00:00 0 
7f48cc34a000-7f48d0000000 ---p 00000000 00:00 0 
7f48d0000000-7f48d0001000 r--s 00002000 08:03 10488691                   /home/chobe/.gradle/caches/modules-2/files-2.1/net.java.jinput/jinput-platform/2.0.5/7ff832a6eb9ab6a767f1ade2b548092d0fa64795/jinput-platform-2.0.5-natives-linux.jar
7f48d0001000-7f48d0002000 r--s 00001000 08:03 10488690                   /home/chobe/.gradle/caches/modules-2/files-2.1/net.java.jutils/jutils/1.0.0/e12fe1fda814bd348c1579329c86943d2cd3c6a6/jutils-1.0.0.jar
7f48d0002000-7f48d0003000 r--s 00080000 08:03 10488688                   /home/chobe/.gradle/caches/modules-2/files-2.1/org.lwjgl.lwjgl/lwjgl-platform/2.9.1/2d12c83fdfbc04ecabf02c7bc8cc54d034f0daac/lwjgl-platform-2.9.1-natives-osx.jar
7f48d0003000-7f48d0004000 r--s 0008b000 08:03 10488687                   /home/chobe/.gradle/caches/modules-2/files-2.1/org.lwjgl.lwjgl/lwjgl-platform/2.9.1/aa9aae879af8eb378e22cfc64db56ec2ca9a44d1/lwjgl-platform-2.9.1-natives-linux.jar
7f48d0004000-7f48d0005000 r--s 00095000 08:03 10488686                   /home/chobe/.gradle/caches/modules-2/files-2.1/org.lwjgl.lwjgl/lwjgl-platform/2.9.1/4c517eca808522457dd95ee8fc1fbcdbb602efbe/lwjgl-platform-2.9.1-natives-windows.jar
7f48d0005000-7f48d0007000 r--s 00017000 08:03 10488685                   /home/chobe/.gradle/caches/modules-2/files-2.1/org.jcraft/jorbis/0.0.17/8872d22b293e8f5d7d56ff92be966e6dc28ebdc6/jorbis-0.0.17.jar
7f48d0007000-7f48d0008000 r--s 00015000 08:03 10488684                   /home/chobe/.gradle/caches/modules-2/files-2.1/com.badlogicgames.jlayer/jlayer/1.0.1-gdx/7cca83cec5c1b2f011362f4d85aabd71a73b049d/jlayer-1.0.1-gdx.jar
7f48d0008000-7f48d0013000 rw-p 00000000 00:00 0 
7f48d0013000-7f48d005b000 rw-p 00000000 00:00 0 
7f48d005b000-7f48d0070000 rw-p 00000000 00:00 0 
7f48d0070000-7f48d01a1000 rw-p 00000000 00:00 0 
7f48d01a1000-7f48d01cc000 r-xp 00000000 08:03 3934215                    /usr/lib/jvm/java-7-openjdk-amd64/jre/lib/amd64/libjava.so
7f48d01cc000-7f48d03cb000 ---p 0002b000 08:03 3934215                    /usr/lib/jvm/java-7-openjdk-amd64/jre/lib/amd64/libjava.so
7f48d03cb000-7f48d03cc000 r--p 0002a000 08:03 3934215                    /usr/lib/jvm/java-7-openjdk-amd64/jre/lib/amd64/libjava.so
7f48d03cc000-7f48d03ce000 rw-p 0002b000 08:03 3934215                    /usr/lib/jvm/java-7-openjdk-amd64/jre/lib/amd64/libjava.so
7f48d03ce000-7f48d03dd000 r-xp 00000000 08:03 3934216                    /usr/lib/jvm/java-7-openjdk-amd64/jre/lib/amd64/libverify.so
7f48d03dd000-7f48d05dc000 ---p 0000f000 08:03 3934216                    /usr/lib/jvm/java-7-openjdk-amd64/jre/lib/amd64/libverify.so
7f48d05dc000-7f48d05de000 r--p 0000e000 08:03 3934216                    /usr/lib/jvm/java-7-openjdk-amd64/jre/lib/amd64/libverify.so
7f48d05de000-7f48d05df000 rw-p 00010000 08:03 3934216                    /usr/lib/jvm/java-7-openjdk-amd64/jre/lib/amd64/libverify.so
7f48d05df000-7f48d05e6000 r-xp 00000000 08:03 12192213                   /lib/x86_64-linux-gnu/librt-2.19.so
7f48d05e6000-7f48d07e5000 ---p 00007000 08:03 12192213                   /lib/x86_64-linux-gnu/librt-2.19.so
7f48d07e5000-7f48d07e6000 r--p 00006000 08:03 12192213                   /lib/x86_64-linux-gnu/librt-2.19.so
7f48d07e6000-7f48d07e7000 rw-p 00007000 08:03 12192213                   /lib/x86_64-linux-gnu/librt-2.19.so
7f48d07e7000-7f48d07fc000 r-xp 00000000 08:03 12190593                   /lib/x86_64-linux-gnu/libgcc_s.so.1
7f48d07fc000-7f48d09fc000 ---p 00015000 08:03 12190593                   /lib/x86_64-linux-gnu/libgcc_s.so.1
7f48d09fc000-7f48d09fd000 rw-p 00015000 08:03 12190593                   /lib/x86_64-linux-gnu/libgcc_s.so.1
7f48d09fd000-7f48d0afd000 r-xp 00000000 08:03 12192221                   /lib/x86_64-linux-gnu/libm-2.19.so
7f48d0afd000-7f48d0cfc000 ---p 00100000 08:03 12192221                   /lib/x86_64-linux-gnu/libm-2.19.so
7f48d0cfc000-7f48d0cfd000 r--p 000ff000 08:03 12192221                   /lib/x86_64-linux-gnu/libm-2.19.so
7f48d0cfd000-7f48d0cfe000 rw-p 00100000 08:03 12192221                   /lib/x86_64-linux-gnu/libm-2.19.so
7f48d0cfe000-7f48d0de6000 r-xp 00000000 08:03 4200440                    /usr/lib/x86_64-linux-gnu/libstdc++.so.6.0.17
7f48d0de6000-7f48d0fe6000 ---p 000e8000 08:03 4200440                    /usr/lib/x86_64-linux-gnu/libstdc++.so.6.0.17
7f48d0fe6000-7f48d0fee000 r--p 000e8000 08:03 4200440                    /usr/lib/x86_64-linux-gnu/libstdc++.so.6.0.17
7f48d0fee000-7f48d0ff0000 rw-p 000f0000 08:03 4200440                    /usr/lib/x86_64-linux-gnu/libstdc++.so.6.0.17
7f48d0ff0000-7f48d1005000 rw-p 00000000 00:00 0 
7f48d1005000-7f48d1ace000 r-xp 00000000 08:03 3934204                    /usr/lib/jvm/java-7-openjdk-amd64/jre/lib/amd64/server/libjvm.so
7f48d1ace000-7f48d1cce000 ---p 00ac9000 08:03 3934204                    /usr/lib/jvm/java-7-openjdk-amd64/jre/lib/amd64/server/libjvm.so
7f48d1cce000-7f48d1d66000 r--p 00ac9000 08:03 3934204                    /usr/lib/jvm/java-7-openjdk-amd64/jre/lib/amd64/server/libjvm.so
7f48d1d66000-7f48d1d89000 rw-p 00b61000 08:03 3934204                    /usr/lib/jvm/java-7-openjdk-amd64/jre/lib/amd64/server/libjvm.so
7f48d1d89000-7f48d1db6000 rw-p 00000000 00:00 0 
7f48d1db6000-7f48d1dcd000 r-xp 00000000 08:03 12192203                   /lib/x86_64-linux-gnu/libz.so.1.2.8
7f48d1dcd000-7f48d1fcc000 ---p 00017000 08:03 12192203                   /lib/x86_64-linux-gnu/libz.so.1.2.8
7f48d1fcc000-7f48d1fcd000 r--p 00016000 08:03 12192203                   /lib/x86_64-linux-gnu/libz.so.1.2.8
7f48d1fcd000-7f48d1fce000 rw-p 00017000 08:03 12192203                   /lib/x86_64-linux-gnu/libz.so.1.2.8
7f48d1fce000-7f48d216d000 r-xp 00000000 08:03 12192214                   /lib/x86_64-linux-gnu/libc-2.19.so
7f48d216d000-7f48d236d000 ---p 0019f000 08:03 12192214                   /lib/x86_64-linux-gnu/libc-2.19.so
7f48d236d000-7f48d2371000 r--p 0019f000 08:03 12192214                   /lib/x86_64-linux-gnu/libc-2.19.so
7f48d2371000-7f48d2373000 rw-p 001a3000 08:03 12192214                   /lib/x86_64-linux-gnu/libc-2.19.so
7f48d2373000-7f48d2377000 rw-p 00000000 00:00 0 
7f48d2377000-7f48d237a000 r-xp 00000000 08:03 12192219                   /lib/x86_64-linux-gnu/libdl-2.19.so
7f48d237a000-7f48d2579000 ---p 00003000 08:03 12192219                   /lib/x86_64-linux-gnu/libdl-2.19.so
7f48d2579000-7f48d257a000 r--p 00002000 08:03 12192219                   /lib/x86_64-linux-gnu/libdl-2.19.so
7f48d257a000-7f48d257b000 rw-p 00003000 08:03 12192219                   /lib/x86_64-linux-gnu/libdl-2.19.so
7f48d257b000-7f48d2588000 r-xp 00000000 08:03 3934207                    /usr/lib/jvm/java-7-openjdk-amd64/jre/lib/amd64/jli/libjli.so
7f48d2588000-7f48d2787000 ---p 0000d000 08:03 3934207                    /usr/lib/jvm/java-7-openjdk-amd64/jre/lib/amd64/jli/libjli.so
7f48d2787000-7f48d2788000 r--p 0000c000 08:03 3934207                    /usr/lib/jvm/java-7-openjdk-amd64/jre/lib/amd64/jli/libjli.so
7f48d2788000-7f48d2789000 rw-p 0000d000 08:03 3934207                    /usr/lib/jvm/java-7-openjdk-amd64/jre/lib/amd64/jli/libjli.so
7f48d2789000-7f48d27a1000 r-xp 00000000 08:03 12192218                   /lib/x86_64-linux-gnu/libpthread-2.19.so
7f48d27a1000-7f48d29a0000 ---p 00018000 08:03 12192218                   /lib/x86_64-linux-gnu/libpthread-2.19.so
7f48d29a0000-7f48d29a1000 r--p 00017000 08:03 12192218                   /lib/x86_64-linux-gnu/libpthread-2.19.so
7f48d29a1000-7f48d29a2000 rw-p 00018000 08:03 12192218                   /lib/x86_64-linux-gnu/libpthread-2.19.so
7f48d29a2000-7f48d29a6000 rw-p 00000000 00:00 0 
7f48d29a6000-7f48d29c6000 r-xp 00000000 08:03 12192217                   /lib/x86_64-linux-gnu/ld-2.19.so
7f48d29c6000-7f48d29c7000 r--s 000cd000 08:03 10488678                   /home/chobe/.gradle/caches/modules-2/files-2.1/com.badlogicgames.gdx/gdx-platform/1.1.0/1c7ea4239c2d9adda420c15985fe3885c481fdcf/gdx-platform-1.1.0-natives-desktop.jar
7f48d29c7000-7f48d29ca000 r--s 0001f000 08:03 10488677                   /home/chobe/.gradle/caches/modules-2/files-2.1/com.badlogicgames.gdx/gdx-backend-lwjgl/1.1.0/eafa409559820c1696e165e1280435f1332fc32b/gdx-backend-lwjgl-1.1.0.jar
7f48d29ca000-7f48d29cc000 r--s 00018000 08:01 754491                     /media/winDisk/Users/ChobeDucket/Documents/sheep/core/build/libs/core-1.0.jar
7f48d29cc000-7f48d29d0000 r--s 0003b000 08:03 3934173                    /usr/lib/jvm/java-7-openjdk-amd64/jre/lib/ext/sunpkcs11.jar
7f48d29d0000-7f48d29d1000 r--s 00002000 08:03 3934178                    /usr/lib/jvm/java-7-openjdk-amd64/jre/lib/ext/dnsns.jar
7f48d29d1000-7f48d29d4000 r--s 00032000 08:03 3934176                    /usr/lib/jvm/java-7-openjdk-amd64/jre/lib/ext/sunjce_provider.jar
7f48d29d4000-7f48d29d6000 r--s 0000f000 08:03 3934175                    /usr/lib/jvm/java-7-openjdk-amd64/jre/lib/ext/pulse-java.jar
7f48d29d6000-7f48d29d8000 r--s 00012000 08:03 3934174                    /usr/lib/jvm/java-7-openjdk-amd64/jre/lib/ext/zipfs.jar
7f48d29d8000-7f48d29dc000 r--s 00085000 08:03 3934172                    /usr/lib/jvm/java-7-openjdk-amd64/jre/lib/ext/localedata.jar
7f48d29dc000-7f48d29dd000 r--s 00007000 08:03 5645676                    /usr/share/java/java-atk-wrapper.jar
7f48d29dd000-7f48d29e7000 rw-p 00000000 00:00 0 
7f48d29e7000-7f48d2a9d000 rw-p 00000000 00:00 0 
7f48d2a9d000-7f48d2aa0000 ---p 00000000 00:00 0 
7f48d2aa0000-7f48d2bba000 rw-p 00000000 00:00 0 
7f48d2bba000-7f48d2bc2000 rw-s 00000000 08:03 10486340                   /tmp/hsperfdata_chobe/7369 (deleted)
7f48d2bc2000-7f48d2bc3000 rw-p 00000000 00:00 0 
7f48d2bc3000-7f48d2bc4000 ---p 00000000 00:00 0 
7f48d2bc4000-7f48d2bc6000 rw-p 00000000 00:00 0 
7f48d2bc6000-7f48d2bc7000 r--p 00020000 08:03 12192217                   /lib/x86_64-linux-gnu/ld-2.19.so
7f48d2bc7000-7f48d2bc8000 rw-p 00021000 08:03 12192217                   /lib/x86_64-linux-gnu/ld-2.19.so
7f48d2bc8000-7f48d2bc9000 rw-p 00000000 00:00 0 
7fffb090a000-7fffb092c000 rw-p 00000000 00:00 0                          [stack]
7fffb09ff000-7fffb0a00000 r-xp 00000000 00:00 0                          [vdso]
ffffffffff600000-ffffffffff601000 r-xp 00000000 00:00 0                  [vsyscall]

VM Arguments:
jvm_args: -Dfile.encoding=UTF-8 
java_command: com.mygdx.sheep.desktop.DesktopLauncher
Launcher Type: SUN_STANDARD

Environment Variables:
PATH=/usr/local/bin:/usr/bin:/bin:/usr/local/games:/usr/games:/home/chobe/.local/bin:/home/chobe/sdks/adt-bundle-linux-x86_64-20140321/sdk//platform-tools/adb:/home/chobe/sdks/adt-bundle-linux-x86_64-20140321/sdk//platform-tools/
USERNAME=chobe
SHELL=/bin/bash
DISPLAY=:0

Signal Handlers:
SIGSEGV: [libjvm.so+0x8f9750], sa_mask[0]=0x7ffbfeff, sa_flags=0x10000004
SIGBUS: [libjvm.so+0x8f9750], sa_mask[0]=0x7ffbfeff, sa_flags=0x10000004
SIGFPE: [libjvm.so+0x7827c0], sa_mask[0]=0x7ffbfeff, sa_flags=0x10000004
SIGPIPE: [libjvm.so+0x7827c0], sa_mask[0]=0x7ffbfeff, sa_flags=0x10000004
SIGXFSZ: [libjvm.so+0x7827c0], sa_mask[0]=0x7ffbfeff, sa_flags=0x10000004
SIGILL: [libjvm.so+0x7827c0], sa_mask[0]=0x7ffbfeff, sa_flags=0x10000004
SIGUSR1: SIG_DFL, sa_mask[0]=0x00000000, sa_flags=0x00000000
SIGUSR2: [libjvm.so+0x782ab0], sa_mask[0]=0x00000004, sa_flags=0x10000004
SIGHUP: [libjvm.so+0x782c20], sa_mask[0]=0x7ffbfeff, sa_flags=0x10000004
SIGINT: [libjvm.so+0x782c20], sa_mask[0]=0x7ffbfeff, sa_flags=0x10000004
SIGTERM: [libjvm.so+0x782c20], sa_mask[0]=0x7ffbfeff, sa_flags=0x10000004
SIGQUIT: [libjvm.so+0x782c20], sa_mask[0]=0x7ffbfeff, sa_flags=0x10000004


---------------  S Y S T E M  ---------------

OS:7.5

uname:Linux 3.2.0-4-amd64 #1 SMP Debian 3.2.57-3+deb7u1 x86_64
libc:glibc 2.19 NPTL 2.19 
rlimit: STACK 8192k, CORE 0k, NPROC 31105, NOFILE 4096, AS infinity
load average:0.45 0.43 0.51

/proc/meminfo:
MemTotal:        3993672 kB
MemFree:          358000 kB
Buffers:          159264 kB
Cached:          1032200 kB
SwapCached:           44 kB
Active:          2213908 kB
Inactive:        1092512 kB
Active(anon):    1751172 kB
Inactive(anon):   403280 kB
Active(file):     462736 kB
Inactive(file):   689232 kB
Unevictable:           0 kB
Mlocked:               0 kB
SwapTotal:       4120572 kB
SwapFree:        4120496 kB
Dirty:              1348 kB
Writeback:             0 kB
AnonPages:       2115076 kB
Mapped:           253932 kB
Shmem:             39496 kB
Slab:             146424 kB
SReclaimable:     119876 kB
SUnreclaim:        26548 kB
KernelStack:        3600 kB
PageTables:        28372 kB
NFS_Unstable:          0 kB
Bounce:                0 kB
WritebackTmp:          0 kB
CommitLimit:     6117408 kB
Committed_AS:    4162636 kB
VmallocTotal:   34359738367 kB
VmallocUsed:      170488 kB
VmallocChunk:   34359561688 kB
HardwareCorrupted:     0 kB
AnonHugePages:         0 kB
HugePages_Total:       0
HugePages_Free:        0
HugePages_Rsvd:        0
HugePages_Surp:        0
Hugepagesize:       2048 kB
DirectMap4k:      101376 kB
DirectMap2M:     4026368 kB


CPU:total 4 (4 cores per cpu, 1 threads per core) family 6 model 15 stepping 11, cmov, cx8, fxsr, mmx, sse, sse2, sse3, ssse3, tsc

/proc/cpuinfo:
processor	: 0
vendor_id	: GenuineIntel
cpu family	: 6
model		: 15
model name	: Intel(R) Core(TM)2 Quad CPU    Q6600  @ 2.40GHz
stepping	: 11
cpu MHz		: 1596.000
cache size	: 4096 KB
physical id	: 0
siblings	: 4
core id		: 0
cpu cores	: 4
apicid		: 0
initial apicid	: 0
fpu		: yes
fpu_exception	: yes
cpuid level	: 10
wp		: yes
flags		: fpu vme de pse tsc msr pae mce cx8 apic sep mtrr pge mca cmov pat pse36 clflush dts acpi mmx fxsr sse sse2 ss ht tm pbe syscall nx lm constant_tsc arch_perfmon pebs bts rep_good nopl aperfmperf pni dtes64 monitor ds_cpl vmx est tm2 ssse3 cx16 xtpr pdcm lahf_lm dtherm tpr_shadow vnmi flexpriority
bogomips	: 4795.16
clflush size	: 64
cache_alignment	: 64
address sizes	: 36 bits physical, 48 bits virtual
power management:

processor	: 1
vendor_id	: GenuineIntel
cpu family	: 6
model		: 15
model name	: Intel(R) Core(TM)2 Quad CPU    Q6600  @ 2.40GHz
stepping	: 11
cpu MHz		: 1596.000
cache size	: 4096 KB
physical id	: 0
siblings	: 4
core id		: 2
cpu cores	: 4
apicid		: 2
initial apicid	: 2
fpu		: yes
fpu_exception	: yes
cpuid level	: 10
wp		: yes
flags		: fpu vme de pse tsc msr pae mce cx8 apic sep mtrr pge mca cmov pat pse36 clflush dts acpi mmx fxsr sse sse2 ss ht tm pbe syscall nx lm constant_tsc arch_perfmon pebs bts rep_good nopl aperfmperf pni dtes64 monitor ds_cpl vmx est tm2 ssse3 cx16 xtpr pdcm lahf_lm dtherm tpr_shadow vnmi flexpriority
bogomips	: 4795.51
clflush size	: 64
cache_alignment	: 64
address sizes	: 36 bits physical, 48 bits virtual
power management:

processor	: 2
vendor_id	: GenuineIntel
cpu family	: 6
model		: 15
model name	: Intel(R) Core(TM)2 Quad CPU    Q6600  @ 2.40GHz
stepping	: 11
cpu MHz		: 1596.000
cache size	: 4096 KB
physical id	: 0
siblings	: 4
core id		: 1
cpu cores	: 4
apicid		: 1
initial apicid	: 1
fpu		: yes
fpu_exception	: yes
cpuid level	: 10
wp		: yes
flags		: fpu vme de pse tsc msr pae mce cx8 apic sep mtrr pge mca cmov pat pse36 clflush dts acpi mmx fxsr sse sse2 ss ht tm pbe syscall nx lm constant_tsc arch_perfmon pebs bts rep_good nopl aperfmperf pni dtes64 monitor ds_cpl vmx est tm2 ssse3 cx16 xtpr pdcm lahf_lm dtherm tpr_shadow vnmi flexpriority
bogomips	: 4795.49
clflush size	: 64
cache_alignment	: 64
address sizes	: 36 bits physical, 48 bits virtual
power management:

processor	: 3
vendor_id	: GenuineIntel
cpu family	: 6
model		: 15
model name	: Intel(R) Core(TM)2 Quad CPU    Q6600  @ 2.40GHz
stepping	: 11
cpu MHz		: 2394.000
cache size	: 4096 KB
physical id	: 0
siblings	: 4
core id		: 3
cpu cores	: 4
apicid		: 3
initial apicid	: 3
fpu		: yes
fpu_exception	: yes
cpuid level	: 10
wp		: yes
flags		: fpu vme de pse tsc msr pae mce cx8 apic sep mtrr pge mca cmov pat pse36 clflush dts acpi mmx fxsr sse sse2 ss ht tm pbe syscall nx lm constant_tsc arch_perfmon pebs bts rep_good nopl aperfmperf pni dtes64 monitor ds_cpl vmx est tm2 ssse3 cx16 xtpr pdcm lahf_lm dtherm tpr_shadow vnmi flexpriority
bogomips	: 4795.51
clflush size	: 64
cache_alignment	: 64
address sizes	: 36 bits physical, 48 bits virtual
power management:



Memory: 4k page, physical 3993672k(358000k free), swap 4120572k(4120496k free)

vm_info: OpenJDK 64-Bit Server VM (24.51-b03) for linux-amd64 JRE (1.7.0_55-b14), built on May  2 2014 11:33:06 by "buildd" with gcc 4.7.2

time: Wed Jul  2 07:11:50 2014
elapsed time: 5 seconds

