#
# A fatal error has been detected by the Java Runtime Environment:
#
#  SIGSEGV (0xb) at pc=0x00007fb1b0221e38, pid=29935, tid=140401164203776
#
# JRE version: OpenJDK Runtime Environment (7.0_55-b14) (build 1.7.0_55-b14)
# Java VM: OpenJDK 64-Bit Server VM (24.51-b03 mixed mode linux-amd64 compressed oops)
# Problematic frame:
# C  [libX11.so.6+0x3ae38]  XQueryExtension+0x28
#
# Failed to write core dump. Core dumps have been disabled. To enable core dumping, try "ulimit -c unlimited" before starting Java again
#
# If you would like to submit a bug report, please include
# instructions on how to reproduce the bug and visit:
#   http://icedtea.classpath.org/bugzilla
#

---------------  T H R E A D  ---------------

Current thread (0x00007fb1c4076800):  VMThread [stack: 0x00007fb1b174b000,0x00007fb1b184c000] [id=29946]

siginfo:si_signo=SIGSEGV: si_errno=0, si_code=1 (SEGV_MAPERR), si_addr=0x000000006000f168

Registers:
RAX=0x00007fb1a4000b10, RBX=0x000000006000e800, RCX=0x00007fb1b184a6e8, RDX=0x00007fb1b184a6e4
RSP=0x00007fb1b184a680, RBP=0x00007fb17d217600, RSI=0x00007fb17d0de992, RDI=0x000000006000e800
R8 =0x00007fb1b184a6ec, R9 =0x0000000000000000, R10=0x00007fb17d2173c0, R11=0x00007fb1cb1ca1c0
R12=0x00007fb17d0de992, R13=0x00007fb1a4000b10, R14=0x00007fb1b184aad8, R15=0x00007fb160027d10
RIP=0x00007fb1b0221e38, EFLAGS=0x0000000000010202, CSGSFS=0x0000000000000033, ERR=0x0000000000000004
  TRAPNO=0x000000000000000e

Top of Stack: (sp=0x00007fb1b184a680)
0x00007fb1b184a680:   0000000000000000 0000000000000000
0x00007fb1b184a690:   000000770000006e 0000000000000000
0x00007fb1b184a6a0:   000100010000007c 000000006000e800
0x00007fb1b184a6b0:   00007fb17d217600 00007fb17d0de992
0x00007fb1b184a6c0:   00007fb1a4000b10 00007fb1b184aad8
0x00007fb1b184a6d0:   00007fb160027d10 00007fb1b0215e72
0x00007fb1b184a6e0:   00007fb160027d10 00007fb1cb20e220
0x00007fb1b184a6f0:   0000000000000000 00007fb17d217600
0x00007fb1b184a700:   000000006000e800 00007fb1b052f71d
0x00007fb1b184a710:   00007fb17d0de992 0000001100000000
0x00007fb1b184a720:   00007fb100000005 0000000000000000
0x00007fb1b184a730:   00007fb1b184a7a0 000000006000e800
0x00007fb1b184a740:   00007fb1b184aa60 00007fb1b184aad8
0x00007fb1b184a750:   00007fb17d230e50 00007fb17d0873d9
0x00007fb1b184a760:   00000000ffffffff 00007fb16000add0
0x00007fb1b184a770:   00007fb1b184a7a0 00007fb17dd589e0
0x00007fb1b184a780:   00007fb1b184aa60 00007fb1b184aad8
0x00007fb1b184a790:   0000000000000000 00007fb17d07bae2
0x00007fb1b184a7a0:   00007fb1b184ab50 00007fb17d0de911
0x00007fb1b184a7b0:   00007fb1b184ab50 00007fb1cbb79058
0x00007fb1b184a7c0:   00007fb1cbd8c1a8 00007fb1cbd8c740
0x00007fb1b184a7d0:   00007fb1cbd66000 00007fb1c40094f0
0x00007fb1b184a7e0:   00007fb1c400a020 00007fb1c400a530
0x00007fb1b184a7f0:   00007fb1c4017440 00007fb1c41a3670
0x00007fb1b184a800:   00007fb1c4282880 00007fb1c427e7e0
0x00007fb1b184a810:   00007fb1c41cc260 00007fb1c41da180
0x00007fb1b184a820:   00007fb1c41e15a0 00007fb1c41e1070
0x00007fb1b184a830:   00007fb1c41e0b40 00007fb1c41e4e90
0x00007fb1b184a840:   00007fb1c41e4970 00007fb1c41e5c40
0x00007fb1b184a850:   00007fb1c41e4460 00007fb1c41e0610
0x00007fb1b184a860:   00007fb1c41e2a30 00007fb1c41e3470
0x00007fb1b184a870:   00007fb1c41e2f50 00007fb1c41e3990 

Instructions: (pc=0x00007fb1b0221e38)
0x00007fb1b0221e18:   24 e0 48 89 fb 4c 89 6c 24 e8 4c 89 74 24 f0 49
0x00007fb1b0221e28:   89 f4 4c 89 7c 24 f8 48 89 6c 24 d8 48 83 ec 58
0x00007fb1b0221e38:   48 8b 87 68 09 00 00 49 89 d7 49 89 ce 4d 89 c5
0x00007fb1b0221e48:   48 85 c0 74 02 ff 10 ba 08 00 00 00 be 62 00 00 

Register to memory mapping:

RAX=0x00007fb1a4000b10 is an unknown value
RBX=0x000000006000e800 is an unknown value
RCX=0x00007fb1b184a6e8 is an unknown value
RDX=0x00007fb1b184a6e4 is an unknown value
RSP=0x00007fb1b184a680 is an unknown value
RBP=0x00007fb17d217600: <offset 0x1cf600> in /usr/lib/x86_64-linux-gnu/libGL.so.1 at 0x00007fb17d048000
RSI=0x00007fb17d0de992: <offset 0x96992> in /usr/lib/x86_64-linux-gnu/libGL.so.1 at 0x00007fb17d048000
RDI=0x000000006000e800 is an unknown value
R8 =0x00007fb1b184a6ec is an unknown value
R9 =0x0000000000000000 is an unknown value
R10=0x00007fb17d2173c0: <offset 0x1cf3c0> in /usr/lib/x86_64-linux-gnu/libGL.so.1 at 0x00007fb17d048000
R11=0x00007fb1cb1ca1c0: __cxa_finalize+0 in /lib/x86_64-linux-gnu/libc.so.6 at 0x00007fb1cb192000
R12=0x00007fb17d0de992: <offset 0x96992> in /usr/lib/x86_64-linux-gnu/libGL.so.1 at 0x00007fb17d048000
R13=0x00007fb1a4000b10 is an unknown value
R14=0x00007fb1b184aad8 is an unknown value
R15=0x00007fb160027d10 is an unknown value


Stack: [0x00007fb1b174b000,0x00007fb1b184c000],  sp=0x00007fb1b184a680,  free space=1021k
Native frames: (J=compiled Java code, j=interpreted, Vv=VM code, C=native code)
C  [libX11.so.6+0x3ae38]  XQueryExtension+0x28

VM_Operation (0x00007fb16bffe6c0): Exit, mode: safepoint, requested by thread 0x00007fb1c4320800


---------------  P R O C E S S  ---------------

Java Threads: ( => current thread )
  0x00007fb1604f1800 JavaThread "XToolkt-Shutdown-Thread" [_thread_blocked, id=29967, stack(0x00007fb17d251000,0x00007fb17d352000)]
  0x00007fb161164800 JavaThread "AsynchExecutor-Thread" daemon [_thread_blocked, id=29965, stack(0x00007fb17c49c000,0x00007fb17c59d000)]
  0x00007fb16001b800 JavaThread "process reaper" daemon [_thread_blocked, id=29961, stack(0x00007fb1b00ad000,0x00007fb1b00e6000)]
  0x00007fb1c400b000 JavaThread "DestroyJavaVM" [_thread_blocked, id=29941, stack(0x00007fb1cbc61000,0x00007fb1cbd62000)]
  0x00007fb1c4320800 JavaThread "LWJGL Application" [_thread_blocked, id=29959, stack(0x00007fb16beff000,0x00007fb16c000000)]
  0x00007fb1c427d800 JavaThread "AWT-XAWT" daemon [_thread_blocked, id=29955, stack(0x00007fb1849a0000,0x00007fb184aa1000)]
  0x00007fb1c425d000 JavaThread "Java2D Disposer" daemon [_thread_blocked, id=29954, stack(0x00007fb1b00e6000,0x00007fb1b01e7000)]
  0x00007fb1c40a7000 JavaThread "Service Thread" daemon [_thread_blocked, id=29952, stack(0x00007fb1b0fbc000,0x00007fb1b10bd000)]
  0x00007fb1c40a5000 JavaThread "C2 CompilerThread1" daemon [_thread_blocked, id=29951, stack(0x00007fb1b10bd000,0x00007fb1b11be000)]
  0x00007fb1c40a2000 JavaThread "C2 CompilerThread0" daemon [_thread_blocked, id=29950, stack(0x00007fb1b11be000,0x00007fb1b12bf000)]
  0x00007fb1c407c800 JavaThread "Finalizer" daemon [_thread_blocked, id=29948, stack(0x00007fb1b1549000,0x00007fb1b164a000)]
  0x00007fb1c407a800 JavaThread "Reference Handler" daemon [_thread_blocked, id=29947, stack(0x00007fb1b164a000,0x00007fb1b174b000)]

Other Threads:
=>0x00007fb1c4076800 VMThread [stack: 0x00007fb1b174b000,0x00007fb1b184c000] [id=29946]

VM state:at safepoint (shutting down)

VM Mutex/Monitor currently owned by a thread:  ([mutex/lock_event])
[0x00007fb1c40077a0] Threads_lock - owner thread: 0x00007fb1c4076800

Heap
 PSYoungGen      total 18432K, used 6443K [0x00000000eba80000, 0x00000000ecf00000, 0x0000000100000000)
  eden space 15872K, 24% used [0x00000000eba80000,0x00000000ebe4b318,0x00000000eca00000)
  from space 2560K, 99% used [0x00000000eca00000,0x00000000ecc7fa20,0x00000000ecc80000)
  to   space 2560K, 0% used [0x00000000ecc80000,0x00000000ecc80000,0x00000000ecf00000)
 ParOldGen       total 41472K, used 2404K [0x00000000c3000000, 0x00000000c5880000, 0x00000000eba80000)
  object space 41472K, 5% used [0x00000000c3000000,0x00000000c3259278,0x00000000c5880000)
 PSPermGen       total 21504K, used 9570K [0x00000000b8a00000, 0x00000000b9f00000, 0x00000000c3000000)
  object space 21504K, 44% used [0x00000000b8a00000,0x00000000b9358b70,0x00000000b9f00000)

Card table byte_map: [0x00007fb1c86e9000,0x00007fb1c8925000] byte_map_base: 0x00007fb1c8124000

Polling page: 0x00007fb1cbd87000

Code Cache  [0x00007fb1c1000000, 0x00007fb1c1270000, 0x00007fb1c4000000)
 total_blobs=558 nmethods=50 adapters=463 free_code_cache=48499Kb largest_free_block=49648384

Compilation events (10 events):
Event: 2.307 Thread 0x00007fb1c40a2000 nmethod 44 0x00007fb1c10a11d0 code [0x00007fb1c10a1300, 0x00007fb1c10a1338]
Event: 2.307 Thread 0x00007fb1c40a2000   45             org.lwjgl.DefaultSysImplementation::getTimerResolution (4 bytes)
Event: 2.307 Thread 0x00007fb1c40a5000 nmethod 42 0x00007fb1c10a6b10 code [0x00007fb1c10a6c40, 0x00007fb1c10a6c98]
Event: 2.308 Thread 0x00007fb1c40a2000 nmethod 45 0x00007fb1c109f550 code [0x00007fb1c109f680, 0x00007fb1c109f6d8]
Event: 2.324 Thread 0x00007fb1c40a5000   46             org.lwjgl.opengl.Sync$RunningAvg::add (38 bytes)
Event: 2.325 Thread 0x00007fb1c40a5000 nmethod 46 0x00007fb1c109f250 code [0x00007fb1c109f3a0, 0x00007fb1c109f478]
Event: 2.337 Thread 0x00007fb1c40a2000   48   !         org.lwjgl.opengl.Sync::sync (125 bytes)
Event: 2.349 Thread 0x00007fb1c40a2000 nmethod 48 0x00007fb1c10a2750 code [0x00007fb1c10a2940, 0x00007fb1c10a30e0]
Event: 4.358 Thread 0x00007fb1c40a5000   50             java.nio.Buffer::position (43 bytes)
Event: 4.359 Thread 0x00007fb1c40a5000 nmethod 50 0x00007fb1c10a3c50 code [0x00007fb1c10a3d80, 0x00007fb1c10a3df8]

GC Heap History (2 events):
Event: 1.671 GC heap before
{Heap before GC invocations=1 (full 0):
 PSYoungGen      total 18432K, used 15872K [0x00000000eba80000, 0x00000000ecf00000, 0x0000000100000000)
  eden space 15872K, 100% used [0x00000000eba80000,0x00000000eca00000,0x00000000eca00000)
  from space 2560K, 0% used [0x00000000ecc80000,0x00000000ecc80000,0x00000000ecf00000)
  to   space 2560K, 0% used [0x00000000eca00000,0x00000000eca00000,0x00000000ecc80000)
 ParOldGen       total 41472K, used 0K [0x00000000c3000000, 0x00000000c5880000, 0x00000000eba80000)
  object space 41472K, 0% used [0x00000000c3000000,0x00000000c3000000,0x00000000c5880000)
 PSPermGen       total 21504K, used 9255K [0x00000000b8a00000, 0x00000000b9f00000, 0x00000000c3000000)
  object space 21504K, 43% used [0x00000000b8a00000,0x00000000b9309d08,0x00000000b9f00000)
Event: 1.679 GC heap after
Heap after GC invocations=1 (full 0):
 PSYoungGen      total 18432K, used 2558K [0x00000000eba80000, 0x00000000ecf00000, 0x0000000100000000)
  eden space 15872K, 0% used [0x00000000eba80000,0x00000000eba80000,0x00000000eca00000)
  from space 2560K, 99% used [0x00000000eca00000,0x00000000ecc7fa20,0x00000000ecc80000)
  to   space 2560K, 0% used [0x00000000ecc80000,0x00000000ecc80000,0x00000000ecf00000)
 ParOldGen       total 41472K, used 2404K [0x00000000c3000000, 0x00000000c5880000, 0x00000000eba80000)
  object space 41472K, 5% used [0x00000000c3000000,0x00000000c3259278,0x00000000c5880000)
 PSPermGen       total 21504K, used 9255K [0x00000000b8a00000, 0x00000000b9f00000, 0x00000000c3000000)
  object space 21504K, 43% used [0x00000000b8a00000,0x00000000b9309d08,0x00000000b9f00000)
}

Deoptimization events (1 events):
Event: 0.222 Thread 0x00007fb1c400b000 Uncommon trap: reason=class_check action=maybe_recompile pc=0x00007fb1c1065278 method=java.util.Properties$LineReader.readLine()I @ 62

Internal exceptions (10 events):
Event: 1.775 Thread 0x00007fb1c4320800 Threw 0x00000000ebb9ace0 at /build/openjdk-7-kBcQ8a/openjdk-7-7u55-2.4.7/build/openjdk/hotspot/src/share/vm/prims/jvm.cpp:1244
Event: 1.776 Thread 0x00007fb1c4320800 Threw 0x00000000ebb9f808 at /build/openjdk-7-kBcQ8a/openjdk-7-7u55-2.4.7/build/openjdk/hotspot/src/share/vm/prims/jvm.cpp:1244
Event: 2.225 Thread 0x00007fb1c4320800 Threw 0x00000000ebba94c8 at /build/openjdk-7-kBcQ8a/openjdk-7-7u55-2.4.7/build/openjdk/hotspot/src/share/vm/prims/jvm.cpp:1244
Event: 2.226 Thread 0x00007fb1c4320800 Threw 0x00000000ebc6a3a0 at /build/openjdk-7-kBcQ8a/openjdk-7-7u55-2.4.7/build/openjdk/hotspot/src/share/vm/prims/jvm.cpp:1244
Event: 2.227 Thread 0x00007fb1c4320800 Threw 0x00000000ebc7d0e8 at /build/openjdk-7-kBcQ8a/openjdk-7-7u55-2.4.7/build/openjdk/hotspot/src/share/vm/prims/jvm.cpp:1244
Event: 2.229 Thread 0x00007fb1c4320800 Threw 0x00000000ebc91430 at /build/openjdk-7-kBcQ8a/openjdk-7-7u55-2.4.7/build/openjdk/hotspot/src/share/vm/prims/jvm.cpp:1244
Event: 2.230 Thread 0x00007fb1c4320800 Threw 0x00000000ebc96498 at /build/openjdk-7-kBcQ8a/openjdk-7-7u55-2.4.7/build/openjdk/hotspot/src/share/vm/prims/jvm.cpp:1244
Event: 4.525 Thread 0x00007fb1c4320800 Threw 0x00000000ebd10510 at /build/openjdk-7-kBcQ8a/openjdk-7-7u55-2.4.7/build/openjdk/hotspot/src/share/vm/prims/jvm.cpp:1244
Event: 4.540 Thread 0x00007fb1c4320800 Threw 0x00000000ebd14d38 at /build/openjdk-7-kBcQ8a/openjdk-7-7u55-2.4.7/build/openjdk/hotspot/src/share/vm/prims/jvm.cpp:1244
Event: 4.547 Thread 0x00007fb1c4320800 Threw 0x00000000ebd1a0d8 at /build/openjdk-7-kBcQ8a/openjdk-7-7u55-2.4.7/build/openjdk/hotspot/src/share/vm/prims/jvm.cpp:1244

Events (10 events):
Event: 4.708 loading class 0x00007fb1940792d0 done
Event: 4.708 Thread 0x00007fb1604f1800 Thread added: 0x00007fb1604f1800
Event: 4.708 loading class 0x00007fb19818c540
Event: 4.708 loading class 0x00007fb19806c530
Event: 4.708 loading class 0x00007fb19806c530 done
Event: 4.708 loading class 0x00007fb19806c560
Event: 4.708 loading class 0x00007fb19806c560 done
Event: 4.708 loading class 0x00007fb19818c540 done
Event: 4.709 Thread 0x00007fb1c409f800 Thread exited: 0x00007fb1c409f800
Event: 4.709 Executing VM operation: Exit


Dynamic libraries:
00400000-00401000 r-xp 00000000 08:03 3934148                            /usr/lib/jvm/java-7-openjdk-amd64/jre/bin/java
00600000-00601000 r--p 00000000 08:03 3934148                            /usr/lib/jvm/java-7-openjdk-amd64/jre/bin/java
00601000-00602000 rw-p 00001000 08:03 3934148                            /usr/lib/jvm/java-7-openjdk-amd64/jre/bin/java
02006000-02027000 rw-p 00000000 00:00 0                                  [heap]
b8a00000-b9f00000 rw-p 00000000 00:00 0 
b9f00000-c3000000 rw-p 00000000 00:00 0 
c3000000-c5880000 rw-p 00000000 00:00 0 
c5880000-eba80000 rw-p 00000000 00:00 0 
eba80000-ecf00000 rw-p 00000000 00:00 0 
ecf00000-100000000 rw-p 00000000 00:00 0 
7fb150000000-7fb1500ae000 rw-p 00000000 00:00 0 
7fb1500ae000-7fb154000000 ---p 00000000 00:00 0 
7fb154000000-7fb154671000 rw-p 00000000 00:00 0 
7fb154671000-7fb158000000 ---p 00000000 00:00 0 
7fb158000000-7fb158021000 rw-p 00000000 00:00 0 
7fb158021000-7fb15c000000 ---p 00000000 00:00 0 
7fb15c000000-7fb15c0b4000 rw-p 00000000 00:00 0 
7fb15c0b4000-7fb160000000 ---p 00000000 00:00 0 
7fb160000000-7fb163f22000 rw-p 00000000 00:00 0 
7fb163f22000-7fb164000000 ---p 00000000 00:00 0 
7fb164000000-7fb164021000 rw-p 00000000 00:00 0 
7fb164021000-7fb168000000 ---p 00000000 00:00 0 
7fb16beff000-7fb16bf02000 ---p 00000000 00:00 0 
7fb16bf02000-7fb16c000000 rw-p 00000000 00:00 0 
7fb16c000000-7fb16c021000 rw-p 00000000 00:00 0 
7fb16c021000-7fb170000000 ---p 00000000 00:00 0 
7fb170d84000-7fb170d85000 ---p 00000000 00:00 0 
7fb170d85000-7fb171585000 rw-p 00000000 00:00 0 
7fb171585000-7fb171586000 ---p 00000000 00:00 0 
7fb171586000-7fb171d86000 rw-p 00000000 00:00 0 
7fb171d86000-7fb173c7e000 r-xp 00000000 08:03 4201338                    /usr/lib/x86_64-linux-gnu/dri/fglrx_dri.so
7fb173c7e000-7fb173d7d000 ---p 01ef8000 08:03 4201338                    /usr/lib/x86_64-linux-gnu/dri/fglrx_dri.so
7fb173d7d000-7fb173edb000 rwxp 01ef7000 08:03 4201338                    /usr/lib/x86_64-linux-gnu/dri/fglrx_dri.so
7fb173edb000-7fb173fff000 rwxp 00000000 00:00 0 
7fb178000000-7fb178021000 rw-p 00000000 00:00 0 
7fb178021000-7fb17c000000 ---p 00000000 00:00 0 
7fb17c49c000-7fb17c49f000 ---p 00000000 00:00 0 
7fb17c49f000-7fb17c59d000 rw-p 00000000 00:00 0 
7fb17c6e9000-7fb17cde9000 rw-s 00006000 00:05 7289                       /dev/ati/card0
7fb17cde9000-7fb17ce26000 r-xp 00000000 08:03 4201336                    /usr/lib/x86_64-linux-gnu/libatiadlxx.so
7fb17ce26000-7fb17cf25000 ---p 0003d000 08:03 4201336                    /usr/lib/x86_64-linux-gnu/libatiadlxx.so
7fb17cf25000-7fb17cf2f000 rw-p 0003c000 08:03 4201336                    /usr/lib/x86_64-linux-gnu/libatiadlxx.so
7fb17cf2f000-7fb17cf3f000 rw-p 00000000 00:00 0 
7fb17cf3f000-7fb17cf46000 r-xp 00000000 08:03 4201328                    /usr/lib/x86_64-linux-gnu/libatiuki.so.1.0
7fb17cf46000-7fb17d046000 ---p 00007000 08:03 4201328                    /usr/lib/x86_64-linux-gnu/libatiuki.so.1.0
7fb17d046000-7fb17d047000 rw-p 00007000 08:03 4201328                    /usr/lib/x86_64-linux-gnu/libatiuki.so.1.0
7fb17d047000-7fb17d048000 rw-p 00000000 00:00 0 
7fb17d048000-7fb17d10b000 r-xp 00000000 08:03 4201341                    /usr/lib/x86_64-linux-gnu/fglrx/fglrx-libGL.so.1.2
7fb17d10b000-7fb17d20a000 ---p 000c3000 08:03 4201341                    /usr/lib/x86_64-linux-gnu/fglrx/fglrx-libGL.so.1.2
7fb17d20a000-7fb17d231000 rwxp 000c2000 08:03 4201341                    /usr/lib/x86_64-linux-gnu/fglrx/fglrx-libGL.so.1.2
7fb17d231000-7fb17d251000 rwxp 00000000 00:00 0 
7fb17d251000-7fb17d254000 ---p 00000000 00:00 0 
7fb17d254000-7fb17d352000 rw-p 00000000 00:00 0 
7fb17d352000-7fb17d353000 ---p 00000000 00:00 0 
7fb17d353000-7fb17db53000 rw-p 00000000 00:00 0 
7fb17db53000-7fb17db59000 r-xp 00000000 08:03 4200289                    /usr/lib/x86_64-linux-gnu/libogg.so.0.8.0
7fb17db59000-7fb17dd58000 ---p 00006000 08:03 4200289                    /usr/lib/x86_64-linux-gnu/libogg.so.0.8.0
7fb17dd58000-7fb17dd59000 rw-p 00005000 08:03 4200289                    /usr/lib/x86_64-linux-gnu/libogg.so.0.8.0
7fb17dd59000-7fb17dd85000 r-xp 00000000 08:03 4200496                    /usr/lib/x86_64-linux-gnu/libvorbis.so.0.4.5
7fb17dd85000-7fb17df84000 ---p 0002c000 08:03 4200496                    /usr/lib/x86_64-linux-gnu/libvorbis.so.0.4.5
7fb17df84000-7fb17df85000 r--p 0002b000 08:03 4200496                    /usr/lib/x86_64-linux-gnu/libvorbis.so.0.4.5
7fb17df85000-7fb17df86000 rw-p 0002c000 08:03 4200496                    /usr/lib/x86_64-linux-gnu/libvorbis.so.0.4.5
7fb17df86000-7fb17e239000 r-xp 00000000 08:03 4200498                    /usr/lib/x86_64-linux-gnu/libvorbisenc.so.2.0.8
7fb17e239000-7fb17e438000 ---p 002b3000 08:03 4200498                    /usr/lib/x86_64-linux-gnu/libvorbisenc.so.2.0.8
7fb17e438000-7fb17e454000 r--p 002b2000 08:03 4200498                    /usr/lib/x86_64-linux-gnu/libvorbisenc.so.2.0.8
7fb17e454000-7fb17e455000 rw-p 002ce000 08:03 4200498                    /usr/lib/x86_64-linux-gnu/libvorbisenc.so.2.0.8
7fb17e455000-7fb17e4a0000 r-xp 00000000 08:03 4199700                    /usr/lib/x86_64-linux-gnu/libFLAC.so.8.2.0
7fb17e4a0000-7fb17e69f000 ---p 0004b000 08:03 4199700                    /usr/lib/x86_64-linux-gnu/libFLAC.so.8.2.0
7fb17e69f000-7fb17e6a0000 r--p 0004a000 08:03 4199700                    /usr/lib/x86_64-linux-gnu/libFLAC.so.8.2.0
7fb17e6a0000-7fb17e6a1000 rw-p 0004b000 08:03 4199700                    /usr/lib/x86_64-linux-gnu/libFLAC.so.8.2.0
7fb17e6a1000-7fb17e6a5000 r-xp 00000000 08:03 12190707                   /lib/x86_64-linux-gnu/libuuid.so.1.3.0
7fb17e6a5000-7fb17e8a4000 ---p 00004000 08:03 12190707                   /lib/x86_64-linux-gnu/libuuid.so.1.3.0
7fb17e8a4000-7fb17e8a5000 r--p 00003000 08:03 12190707                   /lib/x86_64-linux-gnu/libuuid.so.1.3.0
7fb17e8a5000-7fb17e8a6000 rw-p 00004000 08:03 12190707                   /lib/x86_64-linux-gnu/libuuid.so.1.3.0
7fb17e8a6000-7fb17e8aa000 r-xp 00000000 08:03 12190559                   /lib/x86_64-linux-gnu/libattr.so.1.1.0
7fb17e8aa000-7fb17eaa9000 ---p 00004000 08:03 12190559                   /lib/x86_64-linux-gnu/libattr.so.1.1.0
7fb17eaa9000-7fb17eaaa000 r--p 00003000 08:03 12190559                   /lib/x86_64-linux-gnu/libattr.so.1.1.0
7fb17eaaa000-7fb17eaab000 rw-p 00004000 08:03 12190559                   /lib/x86_64-linux-gnu/libattr.so.1.1.0
7fb17eaab000-7fb17eab0000 r-xp 00000000 08:03 4199797                    /usr/lib/x86_64-linux-gnu/libasyncns.so.0.3.1
7fb17eab0000-7fb17ecaf000 ---p 00005000 08:03 4199797                    /usr/lib/x86_64-linux-gnu/libasyncns.so.0.3.1
7fb17ecaf000-7fb17ecb0000 rw-p 00004000 08:03 4199797                    /usr/lib/x86_64-linux-gnu/libasyncns.so.0.3.1
7fb17ecb0000-7fb17ed11000 r-xp 00000000 08:03 4200411                    /usr/lib/x86_64-linux-gnu/libsndfile.so.1.0.25
7fb17ed11000-7fb17ef10000 ---p 00061000 08:03 4200411                    /usr/lib/x86_64-linux-gnu/libsndfile.so.1.0.25
7fb17ef10000-7fb17ef12000 r--p 00060000 08:03 4200411                    /usr/lib/x86_64-linux-gnu/libsndfile.so.1.0.25
7fb17ef12000-7fb17ef13000 rw-p 00062000 08:03 4200411                    /usr/lib/x86_64-linux-gnu/libsndfile.so.1.0.25
7fb17ef13000-7fb17ef17000 rw-p 00000000 00:00 0 
7fb17ef17000-7fb17ef20000 r-xp 00000000 08:03 12190709                   /lib/x86_64-linux-gnu/libwrap.so.0.7.6
7fb17ef20000-7fb17f11f000 ---p 00009000 08:03 12190709                   /lib/x86_64-linux-gnu/libwrap.so.0.7.6
7fb17f11f000-7fb17f120000 r--p 00008000 08:03 12190709                   /lib/x86_64-linux-gnu/libwrap.so.0.7.6
7fb17f120000-7fb17f121000 rw-p 00009000 08:03 12190709                   /lib/x86_64-linux-gnu/libwrap.so.0.7.6
7fb17f121000-7fb17f122000 rw-p 00000000 00:00 0 
7fb17f122000-7fb17f129000 r-xp 00000000 08:03 4199720                    /usr/lib/x86_64-linux-gnu/libSM.so.6.0.1
7fb17f129000-7fb17f328000 ---p 00007000 08:03 4199720                    /usr/lib/x86_64-linux-gnu/libSM.so.6.0.1
7fb17f328000-7fb17f329000 rw-p 00006000 08:03 4199720                    /usr/lib/x86_64-linux-gnu/libSM.so.6.0.1
7fb17f329000-7fb17f340000 r-xp 00000000 08:03 4199710                    /usr/lib/x86_64-linux-gnu/libICE.so.6.3.0
7fb17f340000-7fb17f53f000 ---p 00017000 08:03 4199710                    /usr/lib/x86_64-linux-gnu/libICE.so.6.3.0
7fb17f53f000-7fb17f541000 rw-p 00016000 08:03 4199710                    /usr/lib/x86_64-linux-gnu/libICE.so.6.3.0
7fb17f541000-7fb17f544000 rw-p 00000000 00:00 0 
7fb17f544000-7fb17f545000 r-xp 00000000 08:03 4199726                    /usr/lib/x86_64-linux-gnu/libX11-xcb.so.1.0.0
7fb17f545000-7fb17f744000 ---p 00001000 08:03 4199726                    /usr/lib/x86_64-linux-gnu/libX11-xcb.so.1.0.0
7fb17f744000-7fb17f745000 rw-p 00000000 08:03 4199726                    /usr/lib/x86_64-linux-gnu/libX11-xcb.so.1.0.0
7fb17f745000-7fb17f749000 r-xp 00000000 08:03 12190572                   /lib/x86_64-linux-gnu/libcap.so.2.22
7fb17f749000-7fb17f948000 ---p 00004000 08:03 12190572                   /lib/x86_64-linux-gnu/libcap.so.2.22
7fb17f948000-7fb17f949000 rw-p 00003000 08:03 12190572                   /lib/x86_64-linux-gnu/libcap.so.2.22
7fb17f949000-7fb17f9aa000 r-xp 00000000 08:03 4325923                    /usr/lib/x86_64-linux-gnu/pulseaudio/libpulsecommon-2.0.so
7fb17f9aa000-7fb17fba9000 ---p 00061000 08:03 4325923                    /usr/lib/x86_64-linux-gnu/pulseaudio/libpulsecommon-2.0.so
7fb17fba9000-7fb17fbaa000 r--p 00060000 08:03 4325923                    /usr/lib/x86_64-linux-gnu/pulseaudio/libpulsecommon-2.0.so
7fb17fbaa000-7fb17fbac000 rw-p 00061000 08:03 4325923                    /usr/lib/x86_64-linux-gnu/pulseaudio/libpulsecommon-2.0.so
7fb17fbac000-7fb17fbb5000 r-xp 00000000 08:03 12190608                   /lib/x86_64-linux-gnu/libjson.so.0.1.0
7fb17fbb5000-7fb17fdb4000 ---p 00009000 08:03 12190608                   /lib/x86_64-linux-gnu/libjson.so.0.1.0
7fb17fdb4000-7fb17fdb5000 r--p 00008000 08:03 12190608                   /lib/x86_64-linux-gnu/libjson.so.0.1.0
7fb17fdb5000-7fb17fdb6000 rw-p 00009000 08:03 12190608                   /lib/x86_64-linux-gnu/libjson.so.0.1.0
7fb17fdb6000-7fb17fdff000 r-xp 00000000 08:03 4200364                    /usr/lib/x86_64-linux-gnu/libpulse.so.0.14.2
7fb17fdff000-7fb17fffe000 ---p 00049000 08:03 4200364                    /usr/lib/x86_64-linux-gnu/libpulse.so.0.14.2
7fb17fffe000-7fb17ffff000 r--p 00048000 08:03 4200364                    /usr/lib/x86_64-linux-gnu/libpulse.so.0.14.2
7fb17ffff000-7fb180000000 rw-p 00049000 08:03 4200364                    /usr/lib/x86_64-linux-gnu/libpulse.so.0.14.2
7fb180000000-7fb180021000 rw-p 00000000 00:00 0 
7fb180021000-7fb184000000 ---p 00000000 00:00 0 
7fb184089000-7fb1840d1000 rw-p 00000000 00:00 0 
7fb18432a000-7fb18432e000 r-xp 00000000 08:03 4199775                    /usr/lib/x86_64-linux-gnu/libXxf86vm.so.1.0.0
7fb18432e000-7fb18452e000 ---p 00004000 08:03 4199775                    /usr/lib/x86_64-linux-gnu/libXxf86vm.so.1.0.0
7fb18452e000-7fb18452f000 r--p 00004000 08:03 4199775                    /usr/lib/x86_64-linux-gnu/libXxf86vm.so.1.0.0
7fb18452f000-7fb184530000 rw-p 00005000 08:03 4199775                    /usr/lib/x86_64-linux-gnu/libXxf86vm.so.1.0.0
7fb184530000-7fb18459c000 r-xp 00000000 08:01 301131                     /media/winDisk/Users/ChobeDucket/Documents/sheep/android/assets/.temp/7b43be9b/liblwjgl64.so
7fb18459c000-7fb18479b000 ---p 0006c000 08:01 301131                     /media/winDisk/Users/ChobeDucket/Documents/sheep/android/assets/.temp/7b43be9b/liblwjgl64.so
7fb18479b000-7fb18479d000 r--p 0006b000 08:01 301131                     /media/winDisk/Users/ChobeDucket/Documents/sheep/android/assets/.temp/7b43be9b/liblwjgl64.so
7fb18479d000-7fb18479e000 rw-p 0006d000 08:01 301131                     /media/winDisk/Users/ChobeDucket/Documents/sheep/android/assets/.temp/7b43be9b/liblwjgl64.so
7fb18479e000-7fb18479f000 r-xp 00000000 08:03 3934229                    /usr/lib/jvm/java-7-openjdk-amd64/jre/lib/amd64/libjawt.so
7fb18479f000-7fb18499e000 ---p 00001000 08:03 3934229                    /usr/lib/jvm/java-7-openjdk-amd64/jre/lib/amd64/libjawt.so
7fb18499e000-7fb18499f000 r--p 00000000 08:03 3934229                    /usr/lib/jvm/java-7-openjdk-amd64/jre/lib/amd64/libjawt.so
7fb18499f000-7fb1849a0000 rw-p 00001000 08:03 3934229                    /usr/lib/jvm/java-7-openjdk-amd64/jre/lib/amd64/libjawt.so
7fb1849a0000-7fb1849a3000 ---p 00000000 00:00 0 
7fb1849a3000-7fb184aa1000 rw-p 00000000 00:00 0 
7fb184aa1000-7fb184aa4000 r-xp 00000000 08:03 12190599                   /lib/x86_64-linux-gnu/libgpg-error.so.0.8.0
7fb184aa4000-7fb184ca3000 ---p 00003000 08:03 12190599                   /lib/x86_64-linux-gnu/libgpg-error.so.0.8.0
7fb184ca3000-7fb184ca4000 rw-p 00002000 08:03 12190599                   /lib/x86_64-linux-gnu/libgpg-error.so.0.8.0
7fb184ca4000-7fb184ce8000 r-xp 00000000 08:03 12190580                   /lib/x86_64-linux-gnu/libdbus-1.so.3.7.2
7fb184ce8000-7fb184ee8000 ---p 00044000 08:03 12190580                   /lib/x86_64-linux-gnu/libdbus-1.so.3.7.2
7fb184ee8000-7fb184ee9000 r--p 00044000 08:03 12190580                   /lib/x86_64-linux-gnu/libdbus-1.so.3.7.2
7fb184ee9000-7fb184eea000 rw-p 00045000 08:03 12190580                   /lib/x86_64-linux-gnu/libdbus-1.so.3.7.2
7fb184eea000-7fb184efb000 r-xp 00000000 08:03 4200305                    /usr/lib/x86_64-linux-gnu/libp11-kit.so.0.0.0
7fb184efb000-7fb1850fa000 ---p 00011000 08:03 4200305                    /usr/lib/x86_64-linux-gnu/libp11-kit.so.0.0.0
7fb1850fa000-7fb1850fb000 r--p 00010000 08:03 4200305                    /usr/lib/x86_64-linux-gnu/libp11-kit.so.0.0.0
7fb1850fb000-7fb1850fc000 rw-p 00011000 08:03 4200305                    /usr/lib/x86_64-linux-gnu/libp11-kit.so.0.0.0
7fb1850fc000-7fb185176000 r-xp 00000000 08:03 12190595                   /lib/x86_64-linux-gnu/libgcrypt.so.11.7.0
7fb185176000-7fb185376000 ---p 0007a000 08:03 12190595                   /lib/x86_64-linux-gnu/libgcrypt.so.11.7.0
7fb185376000-7fb185377000 r--p 0007a000 08:03 12190595                   /lib/x86_64-linux-gnu/libgcrypt.so.11.7.0
7fb185377000-7fb18537a000 rw-p 0007b000 08:03 12190595                   /lib/x86_64-linux-gnu/libgcrypt.so.11.7.0
7fb18537a000-7fb18538a000 r-xp 00000000 08:03 4200448                    /usr/lib/x86_64-linux-gnu/libtasn1.so.3.1.16
7fb18538a000-7fb185589000 ---p 00010000 08:03 4200448                    /usr/lib/x86_64-linux-gnu/libtasn1.so.3.1.16
7fb185589000-7fb18558a000 r--p 0000f000 08:03 4200448                    /usr/lib/x86_64-linux-gnu/libtasn1.so.3.1.16
7fb18558a000-7fb18558b000 rw-p 00010000 08:03 4200448                    /usr/lib/x86_64-linux-gnu/libtasn1.so.3.1.16
7fb18558b000-7fb18558e000 r-xp 00000000 08:03 12190610                   /lib/x86_64-linux-gnu/libkeyutils.so.1.4
7fb18558e000-7fb18578d000 ---p 00003000 08:03 12190610                   /lib/x86_64-linux-gnu/libkeyutils.so.1.4
7fb18578d000-7fb18578e000 r--p 00002000 08:03 12190610                   /lib/x86_64-linux-gnu/libkeyutils.so.1.4
7fb18578e000-7fb18578f000 rw-p 00003000 08:03 12190610                   /lib/x86_64-linux-gnu/libkeyutils.so.1.4
7fb18578f000-7fb185797000 r-xp 00000000 08:03 4200208                    /usr/lib/x86_64-linux-gnu/libkrb5support.so.0.1
7fb185797000-7fb185996000 ---p 00008000 08:03 4200208                    /usr/lib/x86_64-linux-gnu/libkrb5support.so.0.1
7fb185996000-7fb185997000 r--p 00007000 08:03 4200208                    /usr/lib/x86_64-linux-gnu/libkrb5support.so.0.1
7fb185997000-7fb185998000 rw-p 00008000 08:03 4200208                    /usr/lib/x86_64-linux-gnu/libkrb5support.so.0.1
7fb185998000-7fb18599b000 r-xp 00000000 08:03 12190576                   /lib/x86_64-linux-gnu/libcom_err.so.2.1
7fb18599b000-7fb185b9a000 ---p 00003000 08:03 12190576                   /lib/x86_64-linux-gnu/libcom_err.so.2.1
7fb185b9a000-7fb185b9b000 r--p 00002000 08:03 12190576                   /lib/x86_64-linux-gnu/libcom_err.so.2.1
7fb185b9b000-7fb185b9c000 rw-p 00003000 08:03 12190576                   /lib/x86_64-linux-gnu/libcom_err.so.2.1
7fb185b9c000-7fb185bc2000 r-xp 00000000 08:03 4200198                    /usr/lib/x86_64-linux-gnu/libk5crypto.so.3.1
7fb185bc2000-7fb185dc2000 ---p 00026000 08:03 4200198                    /usr/lib/x86_64-linux-gnu/libk5crypto.so.3.1
7fb185dc2000-7fb185dc3000 r--p 00026000 08:03 4200198                    /usr/lib/x86_64-linux-gnu/libk5crypto.so.3.1
7fb185dc3000-7fb185dc4000 rw-p 00027000 08:03 4200198                    /usr/lib/x86_64-linux-gnu/libk5crypto.so.3.1
7fb185dc4000-7fb185dc5000 rw-p 00000000 00:00 0 
7fb185dc5000-7fb185e8e000 r-xp 00000000 08:03 4200206                    /usr/lib/x86_64-linux-gnu/libkrb5.so.3.3
7fb185e8e000-7fb18608d000 ---p 000c9000 08:03 4200206                    /usr/lib/x86_64-linux-gnu/libkrb5.so.3.3
7fb18608d000-7fb186097000 r--p 000c8000 08:03 4200206                    /usr/lib/x86_64-linux-gnu/libkrb5.so.3.3
7fb186097000-7fb186099000 rw-p 000d2000 08:03 4200206                    /usr/lib/x86_64-linux-gnu/libkrb5.so.3.3
7fb186099000-7fb18609e000 r-xp 00000000 08:03 4199743                    /usr/lib/x86_64-linux-gnu/libXdmcp.so.6.0.0
7fb18609e000-7fb18629d000 ---p 00005000 08:03 4199743                    /usr/lib/x86_64-linux-gnu/libXdmcp.so.6.0.0
7fb18629d000-7fb18629e000 rw-p 00004000 08:03 4199743                    /usr/lib/x86_64-linux-gnu/libXdmcp.so.6.0.0
7fb18629e000-7fb1862a0000 r-xp 00000000 08:03 4199732                    /usr/lib/x86_64-linux-gnu/libXau.so.6.0.0
7fb1862a0000-7fb1864a0000 ---p 00002000 08:03 4199732                    /usr/lib/x86_64-linux-gnu/libXau.so.6.0.0
7fb1864a0000-7fb1864a1000 rw-p 00002000 08:03 4199732                    /usr/lib/x86_64-linux-gnu/libXau.so.6.0.0
7fb1864a1000-7fb1864b1000 r-xp 00000000 08:03 4199807                    /usr/lib/x86_64-linux-gnu/libavahi-client.so.3.2.9
7fb1864b1000-7fb1866b0000 ---p 00010000 08:03 4199807                    /usr/lib/x86_64-linux-gnu/libavahi-client.so.3.2.9
7fb1866b0000-7fb1866b1000 r--p 0000f000 08:03 4199807                    /usr/lib/x86_64-linux-gnu/libavahi-client.so.3.2.9
7fb1866b1000-7fb1866b2000 rw-p 00010000 08:03 4199807                    /usr/lib/x86_64-linux-gnu/libavahi-client.so.3.2.9
7fb1866b2000-7fb1866be000 r-xp 00000000 08:03 4199809                    /usr/lib/x86_64-linux-gnu/libavahi-common.so.3.5.3
7fb1866be000-7fb1868bd000 ---p 0000c000 08:03 4199809                    /usr/lib/x86_64-linux-gnu/libavahi-common.so.3.5.3
7fb1868bd000-7fb1868be000 r--p 0000b000 08:03 4199809                    /usr/lib/x86_64-linux-gnu/libavahi-common.so.3.5.3
7fb1868be000-7fb1868bf000 rw-p 0000c000 08:03 4199809                    /usr/lib/x86_64-linux-gnu/libavahi-common.so.3.5.3
7fb1868bf000-7fb186978000 r-xp 00000000 08:03 4200060                    /usr/lib/x86_64-linux-gnu/libgnutls.so.26.22.4
7fb186978000-7fb186b77000 ---p 000b9000 08:03 4200060                    /usr/lib/x86_64-linux-gnu/libgnutls.so.26.22.4
7fb186b77000-7fb186b7d000 r--p 000b8000 08:03 4200060                    /usr/lib/x86_64-linux-gnu/libgnutls.so.26.22.4
7fb186b7d000-7fb186b7f000 rw-p 000be000 08:03 4200060                    /usr/lib/x86_64-linux-gnu/libgnutls.so.26.22.4
7fb186b7f000-7fb186bbb000 r-xp 00000000 08:03 4200085                    /usr/lib/x86_64-linux-gnu/libgssapi_krb5.so.2.2
7fb186bbb000-7fb186dbb000 ---p 0003c000 08:03 4200085                    /usr/lib/x86_64-linux-gnu/libgssapi_krb5.so.2.2
7fb186dbb000-7fb186dbc000 r--p 0003c000 08:03 4200085                    /usr/lib/x86_64-linux-gnu/libgssapi_krb5.so.2.2
7fb186dbc000-7fb186dbe000 rw-p 0003d000 08:03 4200085                    /usr/lib/x86_64-linux-gnu/libgssapi_krb5.so.2.2
7fb186dbe000-7fb186dfa000 r-xp 00000000 08:03 12190663                   /lib/x86_64-linux-gnu/libpcre.so.3.13.1
7fb186dfa000-7fb186ffa000 ---p 0003c000 08:03 12190663                   /lib/x86_64-linux-gnu/libpcre.so.3.13.1
7fb186ffa000-7fb186ffb000 rw-p 0003c000 08:03 12190663                   /lib/x86_64-linux-gnu/libpcre.so.3.13.1
7fb186ffb000-7fb187007000 r-xp 00000000 08:03 4199961                    /usr/lib/x86_64-linux-gnu/libffi.so.5.0.10
7fb187007000-7fb187207000 ---p 0000c000 08:03 4199961                    /usr/lib/x86_64-linux-gnu/libffi.so.5.0.10
7fb187207000-7fb187208000 rw-p 0000c000 08:03 4199961                    /usr/lib/x86_64-linux-gnu/libffi.so.5.0.10
7fb187208000-7fb18722f000 r-xp 00000000 08:03 12190588                   /lib/x86_64-linux-gnu/libexpat.so.1.6.0
7fb18722f000-7fb18742f000 ---p 00027000 08:03 12190588                   /lib/x86_64-linux-gnu/libexpat.so.1.6.0
7fb18742f000-7fb187431000 r--p 00027000 08:03 12190588                   /lib/x86_64-linux-gnu/libexpat.so.1.6.0
7fb187431000-7fb187432000 rw-p 00029000 08:03 12190588                   /lib/x86_64-linux-gnu/libexpat.so.1.6.0
7fb187432000-7fb18743a000 r-xp 00000000 08:03 4200521                    /usr/lib/x86_64-linux-gnu/libxcb-render.so.0.0.0
7fb18743a000-7fb18763a000 ---p 00008000 08:03 4200521                    /usr/lib/x86_64-linux-gnu/libxcb-render.so.0.0.0
7fb18763a000-7fb18763b000 r--p 00008000 08:03 4200521                    /usr/lib/x86_64-linux-gnu/libxcb-render.so.0.0.0
7fb18763b000-7fb18763c000 rw-p 00009000 08:03 4200521                    /usr/lib/x86_64-linux-gnu/libxcb-render.so.0.0.0
7fb18763c000-7fb18763e000 r-xp 00000000 08:03 4200525                    /usr/lib/x86_64-linux-gnu/libxcb-shm.so.0.0.0
7fb18763e000-7fb18783d000 ---p 00002000 08:03 4200525                    /usr/lib/x86_64-linux-gnu/libxcb-shm.so.0.0.0
7fb18783d000-7fb18783e000 r--p 00001000 08:03 4200525                    /usr/lib/x86_64-linux-gnu/libxcb-shm.so.0.0.0
7fb18783e000-7fb18783f000 rw-p 00002000 08:03 4200525                    /usr/lib/x86_64-linux-gnu/libxcb-shm.so.0.0.0
7fb18783f000-7fb1878bf000 r-xp 00000000 08:03 4200335                    /usr/lib/x86_64-linux-gnu/libpixman-1.so.0.26.0
7fb1878bf000-7fb187abf000 ---p 00080000 08:03 4200335                    /usr/lib/x86_64-linux-gnu/libpixman-1.so.0.26.0
7fb187abf000-7fb187ac5000 rw-p 00080000 08:03 4200335                    /usr/lib/x86_64-linux-gnu/libpixman-1.so.0.26.0
7fb187ac5000-7fb187aeb000 r-xp 00000000 08:03 12190665                   /lib/x86_64-linux-gnu/libpng12.so.0.49.0
7fb187aeb000-7fb187cea000 ---p 00026000 08:03 12190665                   /lib/x86_64-linux-gnu/libpng12.so.0.49.0
7fb187cea000-7fb187ceb000 r--p 00025000 08:03 12190665                   /lib/x86_64-linux-gnu/libpng12.so.0.49.0
7fb187ceb000-7fb187cec000 rw-p 00026000 08:03 12190665                   /lib/x86_64-linux-gnu/libpng12.so.0.49.0
7fb187cec000-7fb187d00000 r-xp 00000000 08:03 12192206                   /lib/x86_64-linux-gnu/libresolv-2.19.so
7fb187d00000-7fb187eff000 ---p 00014000 08:03 12192206                   /lib/x86_64-linux-gnu/libresolv-2.19.so
7fb187eff000-7fb187f00000 r--p 00013000 08:03 12192206                   /lib/x86_64-linux-gnu/libresolv-2.19.so
7fb187f00000-7fb187f01000 rw-p 00014000 08:03 12192206                   /lib/x86_64-linux-gnu/libresolv-2.19.so
7fb187f01000-7fb187f03000 rw-p 00000000 00:00 0 
7fb187f03000-7fb187f21000 r-xp 00000000 08:03 12190680                   /lib/x86_64-linux-gnu/libselinux.so.1
7fb187f21000-7fb188120000 ---p 0001e000 08:03 12190680                   /lib/x86_64-linux-gnu/libselinux.so.1
7fb188120000-7fb188121000 r--p 0001d000 08:03 12190680                   /lib/x86_64-linux-gnu/libselinux.so.1
7fb188121000-7fb188122000 rw-p 0001e000 08:03 12190680                   /lib/x86_64-linux-gnu/libselinux.so.1
7fb188122000-7fb188123000 rw-p 00000000 00:00 0 
7fb188123000-7fb188126000 r-xp 00000000 08:03 4200052                    /usr/lib/x86_64-linux-gnu/libgmodule-2.0.so.0.3200.4
7fb188126000-7fb188325000 ---p 00003000 08:03 4200052                    /usr/lib/x86_64-linux-gnu/libgmodule-2.0.so.0.3200.4
7fb188325000-7fb188326000 r--p 00002000 08:03 4200052                    /usr/lib/x86_64-linux-gnu/libgmodule-2.0.so.0.3200.4
7fb188326000-7fb188327000 rw-p 00003000 08:03 4200052                    /usr/lib/x86_64-linux-gnu/libgmodule-2.0.so.0.3200.4
7fb188327000-7fb188331000 r-xp 00000000 08:03 4199739                    /usr/lib/x86_64-linux-gnu/libXcursor.so.1.0.2
7fb188331000-7fb188530000 ---p 0000a000 08:03 4199739                    /usr/lib/x86_64-linux-gnu/libXcursor.so.1.0.2
7fb188530000-7fb188531000 rw-p 00009000 08:03 4199739                    /usr/lib/x86_64-linux-gnu/libXcursor.so.1.0.2
7fb188531000-7fb188538000 r-xp 00000000 08:03 4199761                    /usr/lib/x86_64-linux-gnu/libXrandr.so.2.2.0
7fb188538000-7fb188738000 ---p 00007000 08:03 4199761                    /usr/lib/x86_64-linux-gnu/libXrandr.so.2.2.0
7fb188738000-7fb188739000 rw-p 00007000 08:03 4199761                    /usr/lib/x86_64-linux-gnu/libXrandr.so.2.2.0
7fb188739000-7fb18873b000 r-xp 00000000 08:03 4199753                    /usr/lib/x86_64-linux-gnu/libXinerama.so.1.0.0
7fb18873b000-7fb18893a000 ---p 00002000 08:03 4199753                    /usr/lib/x86_64-linux-gnu/libXinerama.so.1.0.0
7fb18893a000-7fb18893b000 rw-p 00001000 08:03 4199753                    /usr/lib/x86_64-linux-gnu/libXinerama.so.1.0.0
7fb18893b000-7fb188940000 r-xp 00000000 08:03 4199747                    /usr/lib/x86_64-linux-gnu/libXfixes.so.3.1.0
7fb188940000-7fb188b3f000 ---p 00005000 08:03 4199747                    /usr/lib/x86_64-linux-gnu/libXfixes.so.3.1.0
7fb188b3f000-7fb188b40000 r--p 00004000 08:03 4199747                    /usr/lib/x86_64-linux-gnu/libXfixes.so.3.1.0
7fb188b40000-7fb188b41000 rw-p 00005000 08:03 4199747                    /usr/lib/x86_64-linux-gnu/libXfixes.so.3.1.0
7fb188b41000-7fb188b43000 r-xp 00000000 08:03 4199741                    /usr/lib/x86_64-linux-gnu/libXdamage.so.1.1.0
7fb188b43000-7fb188d42000 ---p 00002000 08:03 4199741                    /usr/lib/x86_64-linux-gnu/libXdamage.so.1.1.0
7fb188d42000-7fb188d43000 rw-p 00001000 08:03 4199741                    /usr/lib/x86_64-linux-gnu/libXdamage.so.1.1.0
7fb188d43000-7fb188d45000 r-xp 00000000 08:03 4199737                    /usr/lib/x86_64-linux-gnu/libXcomposite.so.1.0.0
7fb188d45000-7fb188f44000 ---p 00002000 08:03 4199737                    /usr/lib/x86_64-linux-gnu/libXcomposite.so.1.0.0
7fb188f44000-7fb188f45000 rw-p 00001000 08:03 4199737                    /usr/lib/x86_64-linux-gnu/libXcomposite.so.1.0.0
7fb188f45000-7fb188f64000 r-xp 00000000 08:03 4200529                    /usr/lib/x86_64-linux-gnu/libxcb.so.1.1.0
7fb188f64000-7fb189163000 ---p 0001f000 08:03 4200529                    /usr/lib/x86_64-linux-gnu/libxcb.so.1.1.0
7fb189163000-7fb189164000 r--p 0001e000 08:03 4200529                    /usr/lib/x86_64-linux-gnu/libxcb.so.1.1.0
7fb189164000-7fb189165000 rw-p 0001f000 08:03 4200529                    /usr/lib/x86_64-linux-gnu/libxcb.so.1.1.0
7fb189165000-7fb1891b8000 r-xp 00000000 08:03 4199889                    /usr/lib/x86_64-linux-gnu/libcups.so.2
7fb1891b8000-7fb1893b7000 ---p 00053000 08:03 4199889                    /usr/lib/x86_64-linux-gnu/libcups.so.2
7fb1893b7000-7fb1893bc000 r--p 00052000 08:03 4199889                    /usr/lib/x86_64-linux-gnu/libcups.so.2
7fb1893bc000-7fb1893bd000 rw-p 00057000 08:03 4199889                    /usr/lib/x86_64-linux-gnu/libcups.so.2
7fb1893bd000-7fb1894b2000 r-xp 00000000 08:03 12190597                   /lib/x86_64-linux-gnu/libglib-2.0.so.0.3200.4
7fb1894b2000-7fb1896b2000 ---p 000f5000 08:03 12190597                   /lib/x86_64-linux-gnu/libglib-2.0.so.0.3200.4
7fb1896b2000-7fb1896b3000 r--p 000f5000 08:03 12190597                   /lib/x86_64-linux-gnu/libglib-2.0.so.0.3200.4
7fb1896b3000-7fb1896b4000 rw-p 000f6000 08:03 12190597                   /lib/x86_64-linux-gnu/libglib-2.0.so.0.3200.4
7fb1896b4000-7fb1896b5000 rw-p 00000000 00:00 0 
7fb1896b5000-7fb1896b6000 r-xp 00000000 08:03 4200137                    /usr/lib/x86_64-linux-gnu/libgthread-2.0.so.0.3200.4
7fb1896b6000-7fb1898b5000 ---p 00001000 08:03 4200137                    /usr/lib/x86_64-linux-gnu/libgthread-2.0.so.0.3200.4
7fb1898b5000-7fb1898b6000 r--p 00000000 08:03 4200137                    /usr/lib/x86_64-linux-gnu/libgthread-2.0.so.0.3200.4
7fb1898b6000-7fb1898b7000 rw-p 00001000 08:03 4200137                    /usr/lib/x86_64-linux-gnu/libgthread-2.0.so.0.3200.4
7fb1898b7000-7fb189905000 r-xp 00000000 08:03 4200068                    /usr/lib/x86_64-linux-gnu/libgobject-2.0.so.0.3200.4
7fb189905000-7fb189b05000 ---p 0004e000 08:03 4200068                    /usr/lib/x86_64-linux-gnu/libgobject-2.0.so.0.3200.4
7fb189b05000-7fb189b06000 r--p 0004e000 08:03 4200068                    /usr/lib/x86_64-linux-gnu/libgobject-2.0.so.0.3200.4
7fb189b06000-7fb189b07000 rw-p 0004f000 08:03 4200068                    /usr/lib/x86_64-linux-gnu/libgobject-2.0.so.0.3200.4
7fb189b07000-7fb189b3c000 r-xp 00000000 08:03 4199999                    /usr/lib/x86_64-linux-gnu/libfontconfig.so.1.5.0
7fb189b3c000-7fb189d3c000 ---p 00035000 08:03 4199999                    /usr/lib/x86_64-linux-gnu/libfontconfig.so.1.5.0
7fb189d3c000-7fb189d3d000 r--p 00035000 08:03 4199999                    /usr/lib/x86_64-linux-gnu/libfontconfig.so.1.5.0
7fb189d3d000-7fb189d3e000 rw-p 00036000 08:03 4199999                    /usr/lib/x86_64-linux-gnu/libfontconfig.so.1.5.0
7fb189d3e000-7fb189dd7000 r-xp 00000000 08:03 4200007                    /usr/lib/x86_64-linux-gnu/libfreetype.so.6.8.1
7fb189dd7000-7fb189fd6000 ---p 00099000 08:03 4200007                    /usr/lib/x86_64-linux-gnu/libfreetype.so.6.8.1
7fb189fd6000-7fb189fdc000 r--p 00098000 08:03 4200007                    /usr/lib/x86_64-linux-gnu/libfreetype.so.6.8.1
7fb189fdc000-7fb189fdd000 rw-p 0009e000 08:03 4200007                    /usr/lib/x86_64-linux-gnu/libfreetype.so.6.8.1
7fb189fdd000-7fb18a027000 r-xp 00000000 08:03 4200313                    /usr/lib/x86_64-linux-gnu/libpango-1.0.so.0.3000.0
7fb18a027000-7fb18a227000 ---p 0004a000 08:03 4200313                    /usr/lib/x86_64-linux-gnu/libpango-1.0.so.0.3000.0
7fb18a227000-7fb18a229000 r--p 0004a000 08:03 4200313                    /usr/lib/x86_64-linux-gnu/libpango-1.0.so.0.3000.0
7fb18a229000-7fb18a22a000 rw-p 0004c000 08:03 4200313                    /usr/lib/x86_64-linux-gnu/libpango-1.0.so.0.3000.0
7fb18a22a000-7fb18a31e000 r-xp 00000000 08:03 4199843                    /usr/lib/x86_64-linux-gnu/libcairo.so.2.11200.2
7fb18a31e000-7fb18a51d000 ---p 000f4000 08:03 4199843                    /usr/lib/x86_64-linux-gnu/libcairo.so.2.11200.2
7fb18a51d000-7fb18a520000 r--p 000f3000 08:03 4199843                    /usr/lib/x86_64-linux-gnu/libcairo.so.2.11200.2
7fb18a520000-7fb18a521000 rw-p 000f6000 08:03 4199843                    /usr/lib/x86_64-linux-gnu/libcairo.so.2.11200.2
7fb18a521000-7fb18a523000 rw-p 00000000 00:00 0 
7fb18a523000-7fb18a542000 r-xp 00000000 08:03 4200030                    /usr/lib/x86_64-linux-gnu/libgdk_pixbuf-2.0.so.0.2600.1
7fb18a542000-7fb18a741000 ---p 0001f000 08:03 4200030                    /usr/lib/x86_64-linux-gnu/libgdk_pixbuf-2.0.so.0.2600.1
7fb18a741000-7fb18a742000 r--p 0001e000 08:03 4200030                    /usr/lib/x86_64-linux-gnu/libgdk_pixbuf-2.0.so.0.2600.1
7fb18a742000-7fb18a743000 rw-p 0001f000 08:03 4200030                    /usr/lib/x86_64-linux-gnu/libgdk_pixbuf-2.0.so.0.2600.1
7fb18a743000-7fb18a74f000 r-xp 00000000 08:03 4200315                    /usr/lib/x86_64-linux-gnu/libpangocairo-1.0.so.0.3000.0
7fb18a74f000-7fb18a94e000 ---p 0000c000 08:03 4200315                    /usr/lib/x86_64-linux-gnu/libpangocairo-1.0.so.0.3000.0
7fb18a94e000-7fb18a94f000 r--p 0000b000 08:03 4200315                    /usr/lib/x86_64-linux-gnu/libpangocairo-1.0.so.0.3000.0
7fb18a94f000-7fb18a950000 rw-p 0000c000 08:03 4200315                    /usr/lib/x86_64-linux-gnu/libpangocairo-1.0.so.0.3000.0
7fb18a950000-7fb18a97a000 r-xp 00000000 08:03 4200317                    /usr/lib/x86_64-linux-gnu/libpangoft2-1.0.so.0.3000.0
7fb18a97a000-7fb18ab79000 ---p 0002a000 08:03 4200317                    /usr/lib/x86_64-linux-gnu/libpangoft2-1.0.so.0.3000.0
7fb18ab79000-7fb18ab7a000 r--p 00029000 08:03 4200317                    /usr/lib/x86_64-linux-gnu/libpangoft2-1.0.so.0.3000.0
7fb18ab7a000-7fb18ab7b000 rw-p 0002a000 08:03 4200317                    /usr/lib/x86_64-linux-gnu/libpangoft2-1.0.so.0.3000.0
7fb18ab7b000-7fb18acc7000 r-xp 00000000 08:03 4200042                    /usr/lib/x86_64-linux-gnu/libgio-2.0.so.0.3200.4
7fb18acc7000-7fb18aec6000 ---p 0014c000 08:03 4200042                    /usr/lib/x86_64-linux-gnu/libgio-2.0.so.0.3200.4
7fb18aec6000-7fb18aeca000 r--p 0014b000 08:03 4200042                    /usr/lib/x86_64-linux-gnu/libgio-2.0.so.0.3200.4
7fb18aeca000-7fb18aecc000 rw-p 0014f000 08:03 4200042                    /usr/lib/x86_64-linux-gnu/libgio-2.0.so.0.3200.4
7fb18aecc000-7fb18aece000 rw-p 00000000 00:00 0 
7fb18aece000-7fb18aeef000 r-xp 00000000 08:03 4199799                    /usr/lib/x86_64-linux-gnu/libatk-1.0.so.0.20409.1
7fb18aeef000-7fb18b0ee000 ---p 00021000 08:03 4199799                    /usr/lib/x86_64-linux-gnu/libatk-1.0.so.0.20409.1
7fb18b0ee000-7fb18b0f0000 r--p 00020000 08:03 4199799                    /usr/lib/x86_64-linux-gnu/libatk-1.0.so.0.20409.1
7fb18b0f0000-7fb18b0f1000 rw-p 00022000 08:03 4199799                    /usr/lib/x86_64-linux-gnu/libatk-1.0.so.0.20409.1
7fb18b0f1000-7fb18b1a0000 r-xp 00000000 08:03 4200028                    /usr/lib/x86_64-linux-gnu/libgdk-x11-2.0.so.0.2400.10
7fb18b1a0000-7fb18b39f000 ---p 000af000 08:03 4200028                    /usr/lib/x86_64-linux-gnu/libgdk-x11-2.0.so.0.2400.10
7fb18b39f000-7fb18b3a4000 rw-p 000ae000 08:03 4200028                    /usr/lib/x86_64-linux-gnu/libgdk-x11-2.0.so.0.2400.10
7fb18b3a4000-7fb18b7d6000 r-xp 00000000 08:03 4200141                    /usr/lib/x86_64-linux-gnu/libgtk-x11-2.0.so.0.2400.10
7fb18b7d6000-7fb18b9d6000 ---p 00432000 08:03 4200141                    /usr/lib/x86_64-linux-gnu/libgtk-x11-2.0.so.0.2400.10
7fb18b9d6000-7fb18b9e1000 rw-p 00432000 08:03 4200141                    /usr/lib/x86_64-linux-gnu/libgtk-x11-2.0.so.0.2400.10
7fb18b9e1000-7fb18b9e3000 rw-p 00000000 00:00 0 
7fb18b9e3000-7fb18b9f1000 r-xp 00000000 08:03 4199751                    /usr/lib/x86_64-linux-gnu/libXi.so.6.1.0
7fb18b9f1000-7fb18bbf1000 ---p 0000e000 08:03 4199751                    /usr/lib/x86_64-linux-gnu/libXi.so.6.1.0
7fb18bbf1000-7fb18bbf2000 rw-p 0000e000 08:03 4199751                    /usr/lib/x86_64-linux-gnu/libXi.so.6.1.0
7fb18bbf2000-7fb18bbf7000 r-xp 00000000 08:03 4199769                    /usr/lib/x86_64-linux-gnu/libXtst.so.6.1.0
7fb18bbf7000-7fb18bdf6000 ---p 00005000 08:03 4199769                    /usr/lib/x86_64-linux-gnu/libXtst.so.6.1.0
7fb18bdf6000-7fb18bdf7000 rw-p 00004000 08:03 4199769                    /usr/lib/x86_64-linux-gnu/libXtst.so.6.1.0
7fb18bdf7000-7fb18be00000 r-xp 00000000 08:03 4199763                    /usr/lib/x86_64-linux-gnu/libXrender.so.1.3.0
7fb18be00000-7fb18bfff000 ---p 00009000 08:03 4199763                    /usr/lib/x86_64-linux-gnu/libXrender.so.1.3.0
7fb18bfff000-7fb18c000000 rw-p 00008000 08:03 4199763                    /usr/lib/x86_64-linux-gnu/libXrender.so.1.3.0
7fb18c000000-7fb18c021000 rw-p 00000000 00:00 0 
7fb18c021000-7fb190000000 ---p 00000000 00:00 0 
7fb190000000-7fb190021000 rw-p 00000000 00:00 0 
7fb190021000-7fb194000000 ---p 00000000 00:00 0 
7fb194000000-7fb1941b5000 rw-p 00000000 00:00 0 
7fb1941b5000-7fb198000000 ---p 00000000 00:00 0 
7fb198000000-7fb1983b0000 rw-p 00000000 00:00 0 
7fb1983b0000-7fb19c000000 ---p 00000000 00:00 0 
7fb19c000000-7fb19c021000 rw-p 00000000 00:00 0 
7fb19c021000-7fb1a0000000 ---p 00000000 00:00 0 
7fb1a0000000-7fb1a0021000 rw-p 00000000 00:00 0 
7fb1a0021000-7fb1a4000000 ---p 00000000 00:00 0 
7fb1a4000000-7fb1a4021000 rw-p 00000000 00:00 0 
7fb1a4021000-7fb1a8000000 ---p 00000000 00:00 0 
7fb1a8000000-7fb1a8021000 rw-p 00000000 00:00 0 
7fb1a8021000-7fb1ac000000 ---p 00000000 00:00 0 
7fb1ac000000-7fb1ac021000 rw-p 00000000 00:00 0 
7fb1ac021000-7fb1b0000000 ---p 00000000 00:00 0 
7fb1b0030000-7fb1b00ad000 rw-p 00000000 00:00 0 
7fb1b00ad000-7fb1b00b0000 ---p 00000000 00:00 0 
7fb1b00b0000-7fb1b00e6000 rw-p 00000000 00:00 0 
7fb1b00e6000-7fb1b00e9000 ---p 00000000 00:00 0 
7fb1b00e9000-7fb1b01e7000 rw-p 00000000 00:00 0 
7fb1b01e7000-7fb1b031c000 r-xp 00000000 08:03 4199728                    /usr/lib/x86_64-linux-gnu/libX11.so.6.3.0
7fb1b031c000-7fb1b051c000 ---p 00135000 08:03 4199728                    /usr/lib/x86_64-linux-gnu/libX11.so.6.3.0
7fb1b051c000-7fb1b0522000 rw-p 00135000 08:03 4199728                    /usr/lib/x86_64-linux-gnu/libX11.so.6.3.0
7fb1b0522000-7fb1b0533000 r-xp 00000000 08:03 4199745                    /usr/lib/x86_64-linux-gnu/libXext.so.6.4.0
7fb1b0533000-7fb1b0733000 ---p 00011000 08:03 4199745                    /usr/lib/x86_64-linux-gnu/libXext.so.6.4.0
7fb1b0733000-7fb1b0734000 rw-p 00011000 08:03 4199745                    /usr/lib/x86_64-linux-gnu/libXext.so.6.4.0
7fb1b0755000-7fb1b07a8000 r-xp 00000000 08:03 3934319                    /usr/lib/jvm/java-7-openjdk-amd64/jre/lib/amd64/xawt/libmawt.so
7fb1b07a8000-7fb1b09a7000 ---p 00053000 08:03 3934319                    /usr/lib/jvm/java-7-openjdk-amd64/jre/lib/amd64/xawt/libmawt.so
7fb1b09a7000-7fb1b09a8000 r--p 00052000 08:03 3934319                    /usr/lib/jvm/java-7-openjdk-amd64/jre/lib/amd64/xawt/libmawt.so
7fb1b09a8000-7fb1b09ab000 rw-p 00053000 08:03 3934319                    /usr/lib/jvm/java-7-openjdk-amd64/jre/lib/amd64/xawt/libmawt.so
7fb1b09ab000-7fb1b09ac000 rw-p 00000000 00:00 0 
7fb1b09ac000-7fb1b0a4d000 r-xp 00000000 08:03 3934218                    /usr/lib/jvm/java-7-openjdk-amd64/jre/lib/amd64/libawt.so
7fb1b0a4d000-7fb1b0c4c000 ---p 000a1000 08:03 3934218                    /usr/lib/jvm/java-7-openjdk-amd64/jre/lib/amd64/libawt.so
7fb1b0c4c000-7fb1b0c4d000 r--p 000a0000 08:03 3934218                    /usr/lib/jvm/java-7-openjdk-amd64/jre/lib/amd64/libawt.so
7fb1b0c4d000-7fb1b0c58000 rw-p 000a1000 08:03 3934218                    /usr/lib/jvm/java-7-openjdk-amd64/jre/lib/amd64/libawt.so
7fb1b0c58000-7fb1b0c7d000 rw-p 00000000 00:00 0 
7fb1b0c7d000-7fb1b0cba000 r-xp 00000000 08:03 10486182                   /tmp/libgdxchobe/5502b6ed/libgdx64.so
7fb1b0cba000-7fb1b0eb9000 ---p 0003d000 08:03 10486182                   /tmp/libgdxchobe/5502b6ed/libgdx64.so
7fb1b0eb9000-7fb1b0eba000 r--p 0003c000 08:03 10486182                   /tmp/libgdxchobe/5502b6ed/libgdx64.so
7fb1b0eba000-7fb1b0ebb000 rw-p 0003d000 08:03 10486182                   /tmp/libgdxchobe/5502b6ed/libgdx64.so
7fb1b0ebb000-7fb1b0ebc000 ---p 00000000 00:00 0 
7fb1b0ebc000-7fb1b0fbc000 rw-p 00000000 00:00 0 
7fb1b0fbc000-7fb1b0fbf000 ---p 00000000 00:00 0 
7fb1b0fbf000-7fb1b10bd000 rw-p 00000000 00:00 0 
7fb1b10bd000-7fb1b10c0000 ---p 00000000 00:00 0 
7fb1b10c0000-7fb1b11be000 rw-p 00000000 00:00 0 
7fb1b11be000-7fb1b11c1000 ---p 00000000 00:00 0 
7fb1b11c1000-7fb1b12bf000 rw-p 00000000 00:00 0 
7fb1b12bf000-7fb1b12c2000 ---p 00000000 00:00 0 
7fb1b12c2000-7fb1b13c0000 rw-p 00000000 00:00 0 
7fb1b13c0000-7fb1b1549000 r--p 00000000 08:03 4067802                    /usr/lib/locale/locale-archive
7fb1b1549000-7fb1b154c000 ---p 00000000 00:00 0 
7fb1b154c000-7fb1b164a000 rw-p 00000000 00:00 0 
7fb1b164a000-7fb1b164d000 ---p 00000000 00:00 0 
7fb1b164d000-7fb1b174b000 rw-p 00000000 00:00 0 
7fb1b174b000-7fb1b174c000 ---p 00000000 00:00 0 
7fb1b174c000-7fb1b4000000 rw-p 00000000 00:00 0 
7fb1b4000000-7fb1b4021000 rw-p 00000000 00:00 0 
7fb1b4021000-7fb1b8000000 ---p 00000000 00:00 0 
7fb1b8000000-7fb1b8021000 rw-p 00000000 00:00 0 
7fb1b8021000-7fb1bc000000 ---p 00000000 00:00 0 
7fb1bc000000-7fb1bc021000 rw-p 00000000 00:00 0 
7fb1bc021000-7fb1c0000000 ---p 00000000 00:00 0 
7fb1c000d000-7fb1c000e000 rw-s 00005000 00:05 7289                       /dev/ati/card0
7fb1c000e000-7fb1c001e000 rw-s e0200000 00:05 7289                       /dev/ati/card0
7fb1c001e000-7fb1c0c17000 rw-p 00000000 00:00 0 
7fb1c0c17000-7fb1c0dc5000 r--s 01cfc000 08:03 3934153                    /usr/lib/jvm/java-7-openjdk-amd64/jre/lib/rt.jar
7fb1c0dc5000-7fb1c1000000 rw-p 00000000 00:00 0 
7fb1c1000000-7fb1c1270000 rwxp 00000000 00:00 0 
7fb1c1270000-7fb1c4333000 rw-p 00000000 00:00 0 
7fb1c4333000-7fb1c8000000 ---p 00000000 00:00 0 
7fb1c8006000-7fb1c8008000 rw-s 00002000 00:05 7289                       /dev/ati/card0
7fb1c8008000-7fb1c800f000 r--s 00000000 08:03 4206154                    /usr/lib/x86_64-linux-gnu/gconv/gconv-modules.cache
7fb1c800f000-7fb1c8018000 r--s 000b9000 08:03 3934170                    /usr/lib/jvm/java-7-openjdk-amd64/jre/lib/resources.jar
7fb1c8018000-7fb1c801d000 r--s 0004c000 08:03 3934152                    /usr/lib/jvm/java-7-openjdk-amd64/jre/lib/jsse.jar
7fb1c801d000-7fb1c801e000 r--s 00002000 08:03 10488693                   /home/chobe/.gradle/caches/modules-2/files-2.1/net.java.jinput/jinput-platform/2.0.5/53f9c919f34d2ca9de8c51fc4e1e8282029a9232/jinput-platform-2.0.5-natives-osx.jar
7fb1c801e000-7fb1c801f000 r--s 00025000 08:03 10488692                   /home/chobe/.gradle/caches/modules-2/files-2.1/net.java.jinput/jinput-platform/2.0.5/385ee093e01f587f30ee1c8a2ee7d408fd732e16/jinput-platform-2.0.5-natives-windows.jar
7fb1c801f000-7fb1c8020000 r--s 00002000 08:03 10488691                   /home/chobe/.gradle/caches/modules-2/files-2.1/net.java.jinput/jinput-platform/2.0.5/7ff832a6eb9ab6a767f1ade2b548092d0fa64795/jinput-platform-2.0.5-natives-linux.jar
7fb1c8020000-7fb1c8021000 r--s 00001000 08:03 10488690                   /home/chobe/.gradle/caches/modules-2/files-2.1/net.java.jutils/jutils/1.0.0/e12fe1fda814bd348c1579329c86943d2cd3c6a6/jutils-1.0.0.jar
7fb1c8021000-7fb1c8025000 r--s 0002f000 08:03 10488689                   /home/chobe/.gradle/caches/modules-2/files-2.1/net.java.jinput/jinput/2.0.5/39c7796b469a600f72380316f6b1f11db6c2c7c4/jinput-2.0.5.jar
7fb1c8025000-7fb1c8026000 r--s 00080000 08:03 10488688                   /home/chobe/.gradle/caches/modules-2/files-2.1/org.lwjgl.lwjgl/lwjgl-platform/2.9.1/2d12c83fdfbc04ecabf02c7bc8cc54d034f0daac/lwjgl-platform-2.9.1-natives-osx.jar
7fb1c8026000-7fb1c8027000 r--s 0008b000 08:03 10488687                   /home/chobe/.gradle/caches/modules-2/files-2.1/org.lwjgl.lwjgl/lwjgl-platform/2.9.1/aa9aae879af8eb378e22cfc64db56ec2ca9a44d1/lwjgl-platform-2.9.1-natives-linux.jar
7fb1c8027000-7fb1c8028000 r--s 00095000 08:03 10488686                   /home/chobe/.gradle/caches/modules-2/files-2.1/org.lwjgl.lwjgl/lwjgl-platform/2.9.1/4c517eca808522457dd95ee8fc1fbcdbb602efbe/lwjgl-platform-2.9.1-natives-windows.jar
7fb1c8028000-7fb1c802a000 r--s 00017000 08:03 10488685                   /home/chobe/.gradle/caches/modules-2/files-2.1/org.jcraft/jorbis/0.0.17/8872d22b293e8f5d7d56ff92be966e6dc28ebdc6/jorbis-0.0.17.jar
7fb1c802a000-7fb1c802b000 r--s 00015000 08:03 10488684                   /home/chobe/.gradle/caches/modules-2/files-2.1/com.badlogicgames.jlayer/jlayer/1.0.1-gdx/7cca83cec5c1b2f011362f4d85aabd71a73b049d/jlayer-1.0.1-gdx.jar
7fb1c802b000-7fb1c802f000 r--s 00027000 08:03 10488683                   /home/chobe/.gradle/caches/modules-2/files-2.1/org.lwjgl.lwjgl/lwjgl_util/2.9.1/290d7ba8a1bd9566f5ddf16ad06f09af5ec9b20e/lwjgl_util-2.9.1.jar
7fb1c802f000-7fb1c803d000 r--s 000ea000 08:03 10488682                   /home/chobe/.gradle/caches/modules-2/files-2.1/org.lwjgl.lwjgl/lwjgl/2.9.1/f58c5aabcef0e41718a564be9f8e412fff8db847/lwjgl-2.9.1.jar
7fb1c803d000-7fb1c8052000 r--s 00153000 08:03 10488660                   /home/chobe/.gradle/caches/modules-2/files-2.1/com.badlogicgames.gdx/gdx/1.1.0/686f5a609c717eb0769d3b954c501a49bf4fe351/gdx-1.1.0.jar
7fb1c8052000-7fb1c8053000 r--s 000cd000 08:03 10488678                   /home/chobe/.gradle/caches/modules-2/files-2.1/com.badlogicgames.gdx/gdx-platform/1.1.0/1c7ea4239c2d9adda420c15985fe3885c481fdcf/gdx-platform-1.1.0-natives-desktop.jar
7fb1c8053000-7fb1c814c000 rw-p 00000000 00:00 0 
7fb1c814c000-7fb1c814d000 ---p 00000000 00:00 0 
7fb1c814d000-7fb1c824d000 rw-p 00000000 00:00 0 
7fb1c824d000-7fb1c824e000 ---p 00000000 00:00 0 
7fb1c824e000-7fb1c834e000 rw-p 00000000 00:00 0 
7fb1c834e000-7fb1c834f000 ---p 00000000 00:00 0 
7fb1c834f000-7fb1c844f000 rw-p 00000000 00:00 0 
7fb1c844f000-7fb1c8450000 ---p 00000000 00:00 0 
7fb1c8450000-7fb1c855b000 rw-p 00000000 00:00 0 
7fb1c855b000-7fb1c85a3000 rw-p 00000000 00:00 0 
7fb1c85a3000-7fb1c85b8000 rw-p 00000000 00:00 0 
7fb1c85b8000-7fb1c86e9000 rw-p 00000000 00:00 0 
7fb1c86e9000-7fb1c86f4000 rw-p 00000000 00:00 0 
7fb1c86f4000-7fb1c873c000 rw-p 00000000 00:00 0 
7fb1c873c000-7fb1c8751000 rw-p 00000000 00:00 0 
7fb1c8751000-7fb1c8881000 rw-p 00000000 00:00 0 
7fb1c8881000-7fb1c888c000 rw-p 00000000 00:00 0 
7fb1c888c000-7fb1c8924000 rw-p 00000000 00:00 0 
7fb1c8924000-7fb1c8925000 rw-p 00000000 00:00 0 
7fb1c8925000-7fb1c892d000 r-xp 00000000 08:03 3934210                    /usr/lib/jvm/java-7-openjdk-amd64/jre/lib/amd64/libzip.so
7fb1c892d000-7fb1c8b2c000 ---p 00008000 08:03 3934210                    /usr/lib/jvm/java-7-openjdk-amd64/jre/lib/amd64/libzip.so
7fb1c8b2c000-7fb1c8b2d000 r--p 00007000 08:03 3934210                    /usr/lib/jvm/java-7-openjdk-amd64/jre/lib/amd64/libzip.so
7fb1c8b2d000-7fb1c8b2e000 rw-p 00008000 08:03 3934210                    /usr/lib/jvm/java-7-openjdk-amd64/jre/lib/amd64/libzip.so
7fb1c8b2e000-7fb1c8b39000 r-xp 00000000 08:03 12192223                   /lib/x86_64-linux-gnu/libnss_files-2.19.so
7fb1c8b39000-7fb1c8d38000 ---p 0000b000 08:03 12192223                   /lib/x86_64-linux-gnu/libnss_files-2.19.so
7fb1c8d38000-7fb1c8d39000 r--p 0000a000 08:03 12192223                   /lib/x86_64-linux-gnu/libnss_files-2.19.so
7fb1c8d39000-7fb1c8d3a000 rw-p 0000b000 08:03 12192223                   /lib/x86_64-linux-gnu/libnss_files-2.19.so
7fb1c8d3a000-7fb1c8d44000 r-xp 00000000 08:03 12192211                   /lib/x86_64-linux-gnu/libnss_nis-2.19.so
7fb1c8d44000-7fb1c8f43000 ---p 0000a000 08:03 12192211                   /lib/x86_64-linux-gnu/libnss_nis-2.19.so
7fb1c8f43000-7fb1c8f44000 r--p 00009000 08:03 12192211                   /lib/x86_64-linux-gnu/libnss_nis-2.19.so
7fb1c8f44000-7fb1c8f45000 rw-p 0000a000 08:03 12192211                   /lib/x86_64-linux-gnu/libnss_nis-2.19.so
7fb1c8f45000-7fb1c8f5a000 r-xp 00000000 08:03 12192215                   /lib/x86_64-linux-gnu/libnsl-2.19.so
7fb1c8f5a000-7fb1c9159000 ---p 00015000 08:03 12192215                   /lib/x86_64-linux-gnu/libnsl-2.19.so
7fb1c9159000-7fb1c915a000 r--p 00014000 08:03 12192215                   /lib/x86_64-linux-gnu/libnsl-2.19.so
7fb1c915a000-7fb1c915b000 rw-p 00015000 08:03 12192215                   /lib/x86_64-linux-gnu/libnsl-2.19.so
7fb1c915b000-7fb1c915d000 rw-p 00000000 00:00 0 
7fb1c915d000-7fb1c9164000 r-xp 00000000 08:03 12192212                   /lib/x86_64-linux-gnu/libnss_compat-2.19.so
7fb1c9164000-7fb1c9363000 ---p 00007000 08:03 12192212                   /lib/x86_64-linux-gnu/libnss_compat-2.19.so
7fb1c9363000-7fb1c9364000 r--p 00006000 08:03 12192212                   /lib/x86_64-linux-gnu/libnss_compat-2.19.so
7fb1c9364000-7fb1c9365000 rw-p 00007000 08:03 12192212                   /lib/x86_64-linux-gnu/libnss_compat-2.19.so
7fb1c9365000-7fb1c9390000 r-xp 00000000 08:03 3934215                    /usr/lib/jvm/java-7-openjdk-amd64/jre/lib/amd64/libjava.so
7fb1c9390000-7fb1c958f000 ---p 0002b000 08:03 3934215                    /usr/lib/jvm/java-7-openjdk-amd64/jre/lib/amd64/libjava.so
7fb1c958f000-7fb1c9590000 r--p 0002a000 08:03 3934215                    /usr/lib/jvm/java-7-openjdk-amd64/jre/lib/amd64/libjava.so
7fb1c9590000-7fb1c9592000 rw-p 0002b000 08:03 3934215                    /usr/lib/jvm/java-7-openjdk-amd64/jre/lib/amd64/libjava.so
7fb1c9592000-7fb1c95a1000 r-xp 00000000 08:03 3934216                    /usr/lib/jvm/java-7-openjdk-amd64/jre/lib/amd64/libverify.so
7fb1c95a1000-7fb1c97a0000 ---p 0000f000 08:03 3934216                    /usr/lib/jvm/java-7-openjdk-amd64/jre/lib/amd64/libverify.so
7fb1c97a0000-7fb1c97a2000 r--p 0000e000 08:03 3934216                    /usr/lib/jvm/java-7-openjdk-amd64/jre/lib/amd64/libverify.so
7fb1c97a2000-7fb1c97a3000 rw-p 00010000 08:03 3934216                    /usr/lib/jvm/java-7-openjdk-amd64/jre/lib/amd64/libverify.so
7fb1c97a3000-7fb1c97aa000 r-xp 00000000 08:03 12192213                   /lib/x86_64-linux-gnu/librt-2.19.so
7fb1c97aa000-7fb1c99a9000 ---p 00007000 08:03 12192213                   /lib/x86_64-linux-gnu/librt-2.19.so
7fb1c99a9000-7fb1c99aa000 r--p 00006000 08:03 12192213                   /lib/x86_64-linux-gnu/librt-2.19.so
7fb1c99aa000-7fb1c99ab000 rw-p 00007000 08:03 12192213                   /lib/x86_64-linux-gnu/librt-2.19.so
7fb1c99ab000-7fb1c99c0000 r-xp 00000000 08:03 12190593                   /lib/x86_64-linux-gnu/libgcc_s.so.1
7fb1c99c0000-7fb1c9bc0000 ---p 00015000 08:03 12190593                   /lib/x86_64-linux-gnu/libgcc_s.so.1
7fb1c9bc0000-7fb1c9bc1000 rw-p 00015000 08:03 12190593                   /lib/x86_64-linux-gnu/libgcc_s.so.1
7fb1c9bc1000-7fb1c9cc1000 r-xp 00000000 08:03 12192221                   /lib/x86_64-linux-gnu/libm-2.19.so
7fb1c9cc1000-7fb1c9ec0000 ---p 00100000 08:03 12192221                   /lib/x86_64-linux-gnu/libm-2.19.so
7fb1c9ec0000-7fb1c9ec1000 r--p 000ff000 08:03 12192221                   /lib/x86_64-linux-gnu/libm-2.19.so
7fb1c9ec1000-7fb1c9ec2000 rw-p 00100000 08:03 12192221                   /lib/x86_64-linux-gnu/libm-2.19.so
7fb1c9ec2000-7fb1c9faa000 r-xp 00000000 08:03 4200440                    /usr/lib/x86_64-linux-gnu/libstdc++.so.6.0.17
7fb1c9faa000-7fb1ca1aa000 ---p 000e8000 08:03 4200440                    /usr/lib/x86_64-linux-gnu/libstdc++.so.6.0.17
7fb1ca1aa000-7fb1ca1b2000 r--p 000e8000 08:03 4200440                    /usr/lib/x86_64-linux-gnu/libstdc++.so.6.0.17
7fb1ca1b2000-7fb1ca1b4000 rw-p 000f0000 08:03 4200440                    /usr/lib/x86_64-linux-gnu/libstdc++.so.6.0.17
7fb1ca1b4000-7fb1ca1c9000 rw-p 00000000 00:00 0 
7fb1ca1c9000-7fb1cac92000 r-xp 00000000 08:03 3934204                    /usr/lib/jvm/java-7-openjdk-amd64/jre/lib/amd64/server/libjvm.so
7fb1cac92000-7fb1cae92000 ---p 00ac9000 08:03 3934204                    /usr/lib/jvm/java-7-openjdk-amd64/jre/lib/amd64/server/libjvm.so
7fb1cae92000-7fb1caf2a000 r--p 00ac9000 08:03 3934204                    /usr/lib/jvm/java-7-openjdk-amd64/jre/lib/amd64/server/libjvm.so
7fb1caf2a000-7fb1caf4d000 rw-p 00b61000 08:03 3934204                    /usr/lib/jvm/java-7-openjdk-amd64/jre/lib/amd64/server/libjvm.so
7fb1caf4d000-7fb1caf7a000 rw-p 00000000 00:00 0 
7fb1caf7a000-7fb1caf91000 r-xp 00000000 08:03 12192203                   /lib/x86_64-linux-gnu/libz.so.1.2.8
7fb1caf91000-7fb1cb190000 ---p 00017000 08:03 12192203                   /lib/x86_64-linux-gnu/libz.so.1.2.8
7fb1cb190000-7fb1cb191000 r--p 00016000 08:03 12192203                   /lib/x86_64-linux-gnu/libz.so.1.2.8
7fb1cb191000-7fb1cb192000 rw-p 00017000 08:03 12192203                   /lib/x86_64-linux-gnu/libz.so.1.2.8
7fb1cb192000-7fb1cb331000 r-xp 00000000 08:03 12192214                   /lib/x86_64-linux-gnu/libc-2.19.so
7fb1cb331000-7fb1cb531000 ---p 0019f000 08:03 12192214                   /lib/x86_64-linux-gnu/libc-2.19.so
7fb1cb531000-7fb1cb535000 r--p 0019f000 08:03 12192214                   /lib/x86_64-linux-gnu/libc-2.19.so
7fb1cb535000-7fb1cb537000 rw-p 001a3000 08:03 12192214                   /lib/x86_64-linux-gnu/libc-2.19.so
7fb1cb537000-7fb1cb53b000 rw-p 00000000 00:00 0 
7fb1cb53b000-7fb1cb53e000 r-xp 00000000 08:03 12192219                   /lib/x86_64-linux-gnu/libdl-2.19.so
7fb1cb53e000-7fb1cb73d000 ---p 00003000 08:03 12192219                   /lib/x86_64-linux-gnu/libdl-2.19.so
7fb1cb73d000-7fb1cb73e000 r--p 00002000 08:03 12192219                   /lib/x86_64-linux-gnu/libdl-2.19.so
7fb1cb73e000-7fb1cb73f000 rw-p 00003000 08:03 12192219                   /lib/x86_64-linux-gnu/libdl-2.19.so
7fb1cb73f000-7fb1cb74c000 r-xp 00000000 08:03 3934207                    /usr/lib/jvm/java-7-openjdk-amd64/jre/lib/amd64/jli/libjli.so
7fb1cb74c000-7fb1cb94b000 ---p 0000d000 08:03 3934207                    /usr/lib/jvm/java-7-openjdk-amd64/jre/lib/amd64/jli/libjli.so
7fb1cb94b000-7fb1cb94c000 r--p 0000c000 08:03 3934207                    /usr/lib/jvm/java-7-openjdk-amd64/jre/lib/amd64/jli/libjli.so
7fb1cb94c000-7fb1cb94d000 rw-p 0000d000 08:03 3934207                    /usr/lib/jvm/java-7-openjdk-amd64/jre/lib/amd64/jli/libjli.so
7fb1cb94d000-7fb1cb965000 r-xp 00000000 08:03 12192218                   /lib/x86_64-linux-gnu/libpthread-2.19.so
7fb1cb965000-7fb1cbb64000 ---p 00018000 08:03 12192218                   /lib/x86_64-linux-gnu/libpthread-2.19.so
7fb1cbb64000-7fb1cbb65000 r--p 00017000 08:03 12192218                   /lib/x86_64-linux-gnu/libpthread-2.19.so
7fb1cbb65000-7fb1cbb66000 rw-p 00018000 08:03 12192218                   /lib/x86_64-linux-gnu/libpthread-2.19.so
7fb1cbb66000-7fb1cbb6a000 rw-p 00000000 00:00 0 
7fb1cbb6a000-7fb1cbb8a000 r-xp 00000000 08:03 12192217                   /lib/x86_64-linux-gnu/ld-2.19.so
7fb1cbb8a000-7fb1cbb8d000 r--s 0001f000 08:03 10488677                   /home/chobe/.gradle/caches/modules-2/files-2.1/com.badlogicgames.gdx/gdx-backend-lwjgl/1.1.0/eafa409559820c1696e165e1280435f1332fc32b/gdx-backend-lwjgl-1.1.0.jar
7fb1cbb8d000-7fb1cbb90000 r--s 00020000 08:01 772750                     /media/winDisk/Users/ChobeDucket/Documents/sheep/core/build/libs/core-1.0.jar
7fb1cbb90000-7fb1cbb94000 r--s 0003b000 08:03 3934173                    /usr/lib/jvm/java-7-openjdk-amd64/jre/lib/ext/sunpkcs11.jar
7fb1cbb94000-7fb1cbb95000 r--s 00002000 08:03 3934178                    /usr/lib/jvm/java-7-openjdk-amd64/jre/lib/ext/dnsns.jar
7fb1cbb95000-7fb1cbb98000 r--s 00032000 08:03 3934176                    /usr/lib/jvm/java-7-openjdk-amd64/jre/lib/ext/sunjce_provider.jar
7fb1cbb98000-7fb1cbb9a000 r--s 0000f000 08:03 3934175                    /usr/lib/jvm/java-7-openjdk-amd64/jre/lib/ext/pulse-java.jar
7fb1cbb9a000-7fb1cbb9c000 r--s 00012000 08:03 3934174                    /usr/lib/jvm/java-7-openjdk-amd64/jre/lib/ext/zipfs.jar
7fb1cbb9c000-7fb1cbba0000 r--s 00085000 08:03 3934172                    /usr/lib/jvm/java-7-openjdk-amd64/jre/lib/ext/localedata.jar
7fb1cbba0000-7fb1cbba1000 r--s 00007000 08:03 5645676                    /usr/share/java/java-atk-wrapper.jar
7fb1cbba1000-7fb1cbbab000 rw-p 00000000 00:00 0 
7fb1cbbab000-7fb1cbc61000 rw-p 00000000 00:00 0 
7fb1cbc61000-7fb1cbc64000 ---p 00000000 00:00 0 
7fb1cbc64000-7fb1cbd7e000 rw-p 00000000 00:00 0 
7fb1cbd7e000-7fb1cbd86000 rw-s 00000000 08:03 10490934                   /tmp/hsperfdata_chobe/29935 (deleted)
7fb1cbd86000-7fb1cbd87000 rw-p 00000000 00:00 0 
7fb1cbd87000-7fb1cbd88000 ---p 00000000 00:00 0 
7fb1cbd88000-7fb1cbd8a000 rw-p 00000000 00:00 0 
7fb1cbd8a000-7fb1cbd8b000 r--p 00020000 08:03 12192217                   /lib/x86_64-linux-gnu/ld-2.19.so
7fb1cbd8b000-7fb1cbd8c000 rw-p 00021000 08:03 12192217                   /lib/x86_64-linux-gnu/ld-2.19.so
7fb1cbd8c000-7fb1cbd8d000 rw-p 00000000 00:00 0 
7fff3e13a000-7fff3e15c000 rw-p 00000000 00:00 0                          [stack]
7fff3e1ff000-7fff3e200000 r-xp 00000000 00:00 0                          [vdso]
ffffffffff600000-ffffffffff601000 r-xp 00000000 00:00 0                  [vsyscall]

VM Arguments:
jvm_args: -Dfile.encoding=UTF-8 
java_command: com.mygdx.sheep.desktop.DesktopLauncher
Launcher Type: SUN_STANDARD

Environment Variables:
PATH=/usr/local/bin:/usr/bin:/bin:/usr/local/games:/usr/games:/home/chobe/.local/bin:/home/chobe/sdks/adt-bundle-linux-x86_64-20140321/sdk//platform-tools/adb:/home/chobe/sdks/adt-bundle-linux-x86_64-20140321/sdk//platform-tools/
USERNAME=chobe
SHELL=/bin/bash
DISPLAY=:0

Signal Handlers:
SIGSEGV: [libjvm.so+0x8f9750], sa_mask[0]=0x7ffbfeff, sa_flags=0x10000004
SIGBUS: [libjvm.so+0x8f9750], sa_mask[0]=0x7ffbfeff, sa_flags=0x10000004
SIGFPE: [libjvm.so+0x7827c0], sa_mask[0]=0x7ffbfeff, sa_flags=0x10000004
SIGPIPE: [libjvm.so+0x7827c0], sa_mask[0]=0x7ffbfeff, sa_flags=0x10000004
SIGXFSZ: [libjvm.so+0x7827c0], sa_mask[0]=0x7ffbfeff, sa_flags=0x10000004
SIGILL: [libjvm.so+0x7827c0], sa_mask[0]=0x7ffbfeff, sa_flags=0x10000004
SIGUSR1: SIG_DFL, sa_mask[0]=0x00000000, sa_flags=0x00000000
SIGUSR2: [libjvm.so+0x782ab0], sa_mask[0]=0x00000004, sa_flags=0x10000004
SIGHUP: [libjvm.so+0x782c20], sa_mask[0]=0x7ffbfeff, sa_flags=0x10000004
SIGINT: [libjvm.so+0x782c20], sa_mask[0]=0x7ffbfeff, sa_flags=0x10000004
SIGTERM: [libjvm.so+0x782c20], sa_mask[0]=0x7ffbfeff, sa_flags=0x10000004
SIGQUIT: [libjvm.so+0x782c20], sa_mask[0]=0x7ffbfeff, sa_flags=0x10000004


---------------  S Y S T E M  ---------------

OS:7.5

uname:Linux 3.2.0-4-amd64 #1 SMP Debian 3.2.57-3+deb7u1 x86_64
libc:glibc 2.19 NPTL 2.19 
rlimit: STACK 8192k, CORE 0k, NPROC 31105, NOFILE 4096, AS infinity
load average:0.44 0.53 0.58

/proc/meminfo:
MemTotal:        3993672 kB
MemFree:         1526720 kB
Buffers:           91596 kB
Cached:           574768 kB
SwapCached:       237728 kB
Active:          1529152 kB
Inactive:         646768 kB
Active(anon):    1282504 kB
Inactive(anon):   250032 kB
Active(file):     246648 kB
Inactive(file):   396736 kB
Unevictable:           0 kB
Mlocked:               0 kB
SwapTotal:       4120572 kB
SwapFree:        3478944 kB
Dirty:               560 kB
Writeback:             0 kB
AnonPages:       1495548 kB
Mapped:           179416 kB
Shmem:             22980 kB
Slab:              77972 kB
SReclaimable:      49040 kB
SUnreclaim:        28932 kB
KernelStack:        3984 kB
PageTables:        31768 kB
NFS_Unstable:          0 kB
Bounce:                0 kB
WritebackTmp:          0 kB
CommitLimit:     6117408 kB
Committed_AS:    4354796 kB
VmallocTotal:   34359738367 kB
VmallocUsed:      170472 kB
VmallocChunk:   34359561712 kB
HardwareCorrupted:     0 kB
AnonHugePages:         0 kB
HugePages_Total:       0
HugePages_Free:        0
HugePages_Rsvd:        0
HugePages_Surp:        0
Hugepagesize:       2048 kB
DirectMap4k:     1172480 kB
DirectMap2M:     2955264 kB


CPU:total 4 (4 cores per cpu, 1 threads per core) family 6 model 15 stepping 11, cmov, cx8, fxsr, mmx, sse, sse2, sse3, ssse3, tsc

/proc/cpuinfo:
processor	: 0
vendor_id	: GenuineIntel
cpu family	: 6
model		: 15
model name	: Intel(R) Core(TM)2 Quad CPU    Q6600  @ 2.40GHz
stepping	: 11
cpu MHz		: 1596.000
cache size	: 4096 KB
physical id	: 0
siblings	: 4
core id		: 0
cpu cores	: 4
apicid		: 0
initial apicid	: 0
fpu		: yes
fpu_exception	: yes
cpuid level	: 10
wp		: yes
flags		: fpu vme de pse tsc msr pae mce cx8 apic sep mtrr pge mca cmov pat pse36 clflush dts acpi mmx fxsr sse sse2 ss ht tm pbe syscall nx lm constant_tsc arch_perfmon pebs bts rep_good nopl aperfmperf pni dtes64 monitor ds_cpl vmx est tm2 ssse3 cx16 xtpr pdcm lahf_lm dtherm tpr_shadow vnmi flexpriority
bogomips	: 4795.82
clflush size	: 64
cache_alignment	: 64
address sizes	: 36 bits physical, 48 bits virtual
power management:

processor	: 1
vendor_id	: GenuineIntel
cpu family	: 6
model		: 15
model name	: Intel(R) Core(TM)2 Quad CPU    Q6600  @ 2.40GHz
stepping	: 11
cpu MHz		: 1596.000
cache size	: 4096 KB
physical id	: 0
siblings	: 4
core id		: 2
cpu cores	: 4
apicid		: 2
initial apicid	: 2
fpu		: yes
fpu_exception	: yes
cpuid level	: 10
wp		: yes
flags		: fpu vme de pse tsc msr pae mce cx8 apic sep mtrr pge mca cmov pat pse36 clflush dts acpi mmx fxsr sse sse2 ss ht tm pbe syscall nx lm constant_tsc arch_perfmon pebs bts rep_good nopl aperfmperf pni dtes64 monitor ds_cpl vmx est tm2 ssse3 cx16 xtpr pdcm lahf_lm dtherm tpr_shadow vnmi flexpriority
bogomips	: 4795.58
clflush size	: 64
cache_alignment	: 64
address sizes	: 36 bits physical, 48 bits virtual
power management:

processor	: 2
vendor_id	: GenuineIntel
cpu family	: 6
model		: 15
model name	: Intel(R) Core(TM)2 Quad CPU    Q6600  @ 2.40GHz
stepping	: 11
cpu MHz		: 1596.000
cache size	: 4096 KB
physical id	: 0
siblings	: 4
core id		: 1
cpu cores	: 4
apicid		: 1
initial apicid	: 1
fpu		: yes
fpu_exception	: yes
cpuid level	: 10
wp		: yes
flags		: fpu vme de pse tsc msr pae mce cx8 apic sep mtrr pge mca cmov pat pse36 clflush dts acpi mmx fxsr sse sse2 ss ht tm pbe syscall nx lm constant_tsc arch_perfmon pebs bts rep_good nopl aperfmperf pni dtes64 monitor ds_cpl vmx est tm2 ssse3 cx16 xtpr pdcm lahf_lm dtherm tpr_shadow vnmi flexpriority
bogomips	: 4795.56
clflush size	: 64
cache_alignment	: 64
address sizes	: 36 bits physical, 48 bits virtual
power management:

processor	: 3
vendor_id	: GenuineIntel
cpu family	: 6
model		: 15
model name	: Intel(R) Core(TM)2 Quad CPU    Q6600  @ 2.40GHz
stepping	: 11
cpu MHz		: 1596.000
cache size	: 4096 KB
physical id	: 0
siblings	: 4
core id		: 3
cpu cores	: 4
apicid		: 3
initial apicid	: 3
fpu		: yes
fpu_exception	: yes
cpuid level	: 10
wp		: yes
flags		: fpu vme de pse tsc msr pae mce cx8 apic sep mtrr pge mca cmov pat pse36 clflush dts acpi mmx fxsr sse sse2 ss ht tm pbe syscall nx lm constant_tsc arch_perfmon pebs bts rep_good nopl aperfmperf pni dtes64 monitor ds_cpl vmx est tm2 ssse3 cx16 xtpr pdcm lahf_lm dtherm tpr_shadow vnmi flexpriority
bogomips	: 4795.57
clflush size	: 64
cache_alignment	: 64
address sizes	: 36 bits physical, 48 bits virtual
power management:



Memory: 4k page, physical 3993672k(1526720k free), swap 4120572k(3478944k free)

vm_info: OpenJDK 64-Bit Server VM (24.51-b03) for linux-amd64 JRE (1.7.0_55-b14), built on May  2 2014 11:33:06 by "buildd" with gcc 4.7.2

time: Mon Jul  7 22:58:49 2014
elapsed time: 5 seconds

