#
# A fatal error has been detected by the Java Runtime Environment:
#
#  SIGSEGV (0xb) at pc=0x00007f37675c5e38, pid=27095, tid=139876937606912
#
# JRE version: OpenJDK Runtime Environment (7.0_55-b14) (build 1.7.0_55-b14)
# Java VM: OpenJDK 64-Bit Server VM (24.51-b03 mixed mode linux-amd64 compressed oops)
# Problematic frame:
# C  [libX11.so.6+0x3ae38]  XQueryExtension+0x28
#
# Failed to write core dump. Core dumps have been disabled. To enable core dumping, try "ulimit -c unlimited" before starting Java again
#
# If you would like to submit a bug report, please include
# instructions on how to reproduce the bug and visit:
#   http://icedtea.classpath.org/bugzilla
#

---------------  T H R E A D  ---------------

Current thread is native thread

siginfo:si_signo=SIGSEGV: si_errno=0, si_code=1 (SEGV_MAPERR), si_addr=0x00000000400172b8

Registers:
RAX=0x00000000008fb610, RBX=0x0000000040016950, RCX=0x00007fff5fb1d968, RDX=0x00007fff5fb1d964
RSP=0x00007fff5fb1d900, RBP=0x00007f3754746600, RSI=0x00007f375460d992, RDI=0x0000000040016950
R8 =0x00007fff5fb1d96c, R9 =0x0000000000000000, R10=0x00007f37547463c0, R11=0x00007f37a27411c0
R12=0x00007f375460d992, R13=0x00000000008fb610, R14=0x00007fff5fb1dd70, R15=0x00007f374001cc30
RIP=0x00007f37675c5e38, EFLAGS=0x0000000000010206, CSGSFS=0x0000000000000033, ERR=0x0000000000000004
  TRAPNO=0x000000000000000e

Top of Stack: (sp=0x00007fff5fb1d900)
0x00007fff5fb1d900:   00007f37a2717ae0 00007f37a32dd9f8
0x00007fff5fb1d910:   0001000100010001 0001000100010001
0x00007fff5fb1d920:   0001000100010001 0000000040016950
0x00007fff5fb1d930:   00007f3754746600 00007f375460d992
0x00007fff5fb1d940:   00000000008fb610 00007fff5fb1dd70
0x00007fff5fb1d950:   00007f374001cc30 00007f37675b9e72
0x00007fff5fb1d960:   00007f374001cc30 00007f37a2785220
0x00007fff5fb1d970:   0000000000000000 00007f3754746600
0x00007fff5fb1d980:   0000000040016950 00007f37678d371d
0x00007fff5fb1d990:   00007f375460d992 0000001100000000
0x00007fff5fb1d9a0:   00007f3700000005 0000000000000000
0x00007fff5fb1d9b0:   00007fff5fb1da20 0000000040016950
0x00007fff5fb1d9c0:   00007fff5fb1dc68 00007fff5fb1dd70
0x00007fff5fb1d9d0:   00007f375475fe50 00007f37545b63d9
0x00007fff5fb1d9e0:   00000000ffffffff 00007f37400010e0
0x00007fff5fb1d9f0:   00007fff5fb1da20 00007f37553889e0
0x00007fff5fb1da00:   00007fff5fb1dc68 00007fff5fb1dd70
0x00007fff5fb1da10:   0000000000000000 00007f37545aaae2
0x00007fff5fb1da20:   00007fff5fb1dde0 00007f375460d911
0x00007fff5fb1da30:   00007fff5fb1dde0 00007f37a30f0058
0x00007fff5fb1da40:   00007f37a33031a8 00007f37a3303740
0x00007fff5fb1da50:   00007f37a32dd000 00007f379c0094f0
0x00007fff5fb1da60:   00007f379c00a020 00007f379c00a530
0x00007fff5fb1da70:   00007f379c017440 00007f379c1bb050
0x00007fff5fb1da80:   00007f379c2ba2e0 00007f379c2b61a0
0x00007fff5fb1da90:   00007f379c1f0a40 00007f379c201890
0x00007fff5fb1daa0:   00007f379c208f30 00007f379c208a00
0x00007fff5fb1dab0:   00007f379c2084d0 00007f379c20c820
0x00007fff5fb1dac0:   00007f379c20c300 00007f379c20d5d0
0x00007fff5fb1dad0:   00007f379c20bdf0 00007f379c207fa0
0x00007fff5fb1dae0:   00007f379c20a3c0 00007f379c20ae00
0x00007fff5fb1daf0:   00007f379c20a8e0 00007f379c20b320 

Instructions: (pc=0x00007f37675c5e38)
0x00007f37675c5e18:   24 e0 48 89 fb 4c 89 6c 24 e8 4c 89 74 24 f0 49
0x00007f37675c5e28:   89 f4 4c 89 7c 24 f8 48 89 6c 24 d8 48 83 ec 58
0x00007f37675c5e38:   48 8b 87 68 09 00 00 49 89 d7 49 89 ce 4d 89 c5
0x00007f37675c5e48:   48 85 c0 74 02 ff 10 ba 08 00 00 00 be 62 00 00 

Register to memory mapping:

RAX=0x00000000008fb610 is an unknown value
RBX=0x0000000040016950 is an unknown value
RCX=0x00007fff5fb1d968 is an unknown value
RDX=0x00007fff5fb1d964 is an unknown value
RSP=0x00007fff5fb1d900 is an unknown value
RBP=0x00007f3754746600: <offset 0x1cf600> in /usr/lib/x86_64-linux-gnu/libGL.so.1 at 0x00007f3754577000
RSI=0x00007f375460d992: <offset 0x96992> in /usr/lib/x86_64-linux-gnu/libGL.so.1 at 0x00007f3754577000
RDI=0x0000000040016950 is an unknown value
R8 =0x00007fff5fb1d96c is an unknown value
R9 =0x0000000000000000 is an unknown value
R10=0x00007f37547463c0: <offset 0x1cf3c0> in /usr/lib/x86_64-linux-gnu/libGL.so.1 at 0x00007f3754577000
R11=0x00007f37a27411c0: __cxa_finalize+0 in /lib/x86_64-linux-gnu/libc.so.6 at 0x00007f37a2709000
R12=0x00007f375460d992: <offset 0x96992> in /usr/lib/x86_64-linux-gnu/libGL.so.1 at 0x00007f3754577000
R13=0x00000000008fb610 is an unknown value
R14=0x00007fff5fb1dd70 is an unknown value
R15=0x00007f374001cc30 is an unknown value


Stack: [0x00007fff5fa20000,0x00007fff5fb20000],  sp=0x00007fff5fb1d900,  free space=1014k
Native frames: (J=compiled Java code, j=interpreted, Vv=VM code, C=native code)
C  [libX11.so.6+0x3ae38]  XQueryExtension+0x28


---------------  P R O C E S S  ---------------

VM state:at safepoint (shutting down)

VM Mutex/Monitor currently owned by a thread:  ([mutex/lock_event])
[0x00007f379c0077a0] Threads_lock - owner thread: 0x00007f379c076800

Heap
 PSYoungGen      total 18432K, used 6840K [0x00000000eba80000, 0x00000000ecf00000, 0x0000000100000000)
  eden space 15872K, 27% used [0x00000000eba80000,0x00000000ebeb4b30,0x00000000eca00000)
  from space 2560K, 98% used [0x00000000ecc80000,0x00000000ecef9820,0x00000000ecf00000)
  to   space 2560K, 0% used [0x00000000eca00000,0x00000000eca00000,0x00000000ecc80000)
 ParOldGen       total 41472K, used 5781K [0x00000000c3000000, 0x00000000c5880000, 0x00000000eba80000)
  object space 41472K, 13% used [0x00000000c3000000,0x00000000c35a54d0,0x00000000c5880000)
 PSPermGen       total 21504K, used 13269K [0x00000000b8a00000, 0x00000000b9f00000, 0x00000000c3000000)
  object space 21504K, 61% used [0x00000000b8a00000,0x00000000b96f5788,0x00000000b9f00000)

Card table byte_map: [0x00007f3798bbb000,0x00007f3798df7000] byte_map_base: 0x00007f37985f6000

Polling page: 0x00007f37a32fe000

Code Cache  [0x00007f3798df7000, 0x00007f3799067000, 0x00007f379bdf7000)
 total_blobs=710 nmethods=162 adapters=502 free_code_cache=48269Kb largest_free_block=49401024

Compilation events (10 events):
Event: 11.940 Thread 0x00007f379c0a2000  159             com.badlogic.gdx.graphics.g2d.SpriteBatch::switchTexture (32 bytes)
Event: 11.942 Thread 0x00007f379c0a2000 nmethod 159 0x00007f3798ed0790 code [0x00007f3798ed0920, 0x00007f3798ed0ae8]
Event: 12.022 Thread 0x00007f379c0a5000  160             com.badlogic.gdx.math.Frustum::update (263 bytes)
Event: 12.050 Thread 0x00007f379c0a5000 nmethod 160 0x00007f3798ed0e10 code [0x00007f3798ed1080, 0x00007f3798ed1f88]
Event: 12.223 Thread 0x00007f379c0a2000  161             com.badlogic.gdx.scenes.scene2d.Group::draw (35 bytes)
Event: 12.234 Thread 0x00007f379c0a2000 nmethod 161 0x00007f3798ecf210 code [0x00007f3798ecf460, 0x00007f3798ecfb70]
Event: 12.240 Thread 0x00007f379c0a5000  162             com.badlogic.gdx.scenes.scene2d.ui.Button::draw (305 bytes)
Event: 12.281 Thread 0x00007f379c0a5000 nmethod 162 0x00007f3798ed4950 code [0x00007f3798ed4d40, 0x00007f3798ed6418]
Event: 12.489 Thread 0x00007f379c0a2000  163             com.badlogic.gdx.scenes.scene2d.ui.Widget::validate (93 bytes)
Event: 12.491 Thread 0x00007f379c0a2000 nmethod 163 0x00007f3798ed2f10 code [0x00007f3798ed30a0, 0x00007f3798ed3220]

GC Heap History (4 events):
Event: 1.700 GC heap before
{Heap before GC invocations=1 (full 0):
 PSYoungGen      total 18432K, used 15872K [0x00000000eba80000, 0x00000000ecf00000, 0x0000000100000000)
  eden space 15872K, 100% used [0x00000000eba80000,0x00000000eca00000,0x00000000eca00000)
  from space 2560K, 0% used [0x00000000ecc80000,0x00000000ecc80000,0x00000000ecf00000)
  to   space 2560K, 0% used [0x00000000eca00000,0x00000000eca00000,0x00000000ecc80000)
 ParOldGen       total 41472K, used 0K [0x00000000c3000000, 0x00000000c5880000, 0x00000000eba80000)
  object space 41472K, 0% used [0x00000000c3000000,0x00000000c3000000,0x00000000c5880000)
 PSPermGen       total 21504K, used 9252K [0x00000000b8a00000, 0x00000000b9f00000, 0x00000000c3000000)
  object space 21504K, 43% used [0x00000000b8a00000,0x00000000b9309268,0x00000000b9f00000)
Event: 1.710 GC heap after
Heap after GC invocations=1 (full 0):
 PSYoungGen      total 18432K, used 2558K [0x00000000eba80000, 0x00000000ecf00000, 0x0000000100000000)
  eden space 15872K, 0% used [0x00000000eba80000,0x00000000eba80000,0x00000000eca00000)
  from space 2560K, 99% used [0x00000000eca00000,0x00000000ecc7fa20,0x00000000ecc80000)
  to   space 2560K, 0% used [0x00000000ecc80000,0x00000000ecc80000,0x00000000ecf00000)
 ParOldGen       total 41472K, used 2417K [0x00000000c3000000, 0x00000000c5880000, 0x00000000eba80000)
  object space 41472K, 5% used [0x00000000c3000000,0x00000000c325c6c8,0x00000000c5880000)
 PSPermGen       total 21504K, used 9252K [0x00000000b8a00000, 0x00000000b9f00000, 0x00000000c3000000)
  object space 21504K, 43% used [0x00000000b8a00000,0x00000000b9309268,0x00000000b9f00000)
}
Event: 8.556 GC heap before
{Heap before GC invocations=2 (full 0):
 PSYoungGen      total 18432K, used 18430K [0x00000000eba80000, 0x00000000ecf00000, 0x0000000100000000)
  eden space 15872K, 100% used [0x00000000eba80000,0x00000000eca00000,0x00000000eca00000)
  from space 2560K, 99% used [0x00000000eca00000,0x00000000ecc7fa20,0x00000000ecc80000)
  to   space 2560K, 0% used [0x00000000ecc80000,0x00000000ecc80000,0x00000000ecf00000)
 ParOldGen       total 41472K, used 2417K [0x00000000c3000000, 0x00000000c5880000, 0x00000000eba80000)
  object space 41472K, 5% used [0x00000000c3000000,0x00000000c325c6c8,0x00000000c5880000)
 PSPermGen       total 21504K, used 12984K [0x00000000b8a00000, 0x00000000b9f00000, 0x00000000c3000000)
  object space 21504K, 60% used [0x00000000b8a00000,0x00000000b96ae380,0x00000000b9f00000)
Event: 8.566 GC heap after
Heap after GC invocations=2 (full 0):
 PSYoungGen      total 18432K, used 2534K [0x00000000eba80000, 0x00000000ecf00000, 0x0000000100000000)
  eden space 15872K, 0% used [0x00000000eba80000,0x00000000eba80000,0x00000000eca00000)
  from space 2560K, 98% used [0x00000000ecc80000,0x00000000ecef9820,0x00000000ecf00000)
  to   space 2560K, 0% used [0x00000000eca00000,0x00000000eca00000,0x00000000ecc80000)
 ParOldGen       total 41472K, used 5781K [0x00000000c3000000, 0x00000000c5880000, 0x00000000eba80000)
  object space 41472K, 13% used [0x00000000c3000000,0x00000000c35a54d0,0x00000000c5880000)
 PSPermGen       total 21504K, used 12984K [0x00000000b8a00000, 0x00000000b9f00000, 0x00000000c3000000)
  object space 21504K, 60% used [0x00000000b8a00000,0x00000000b96ae380,0x00000000b9f00000)
}

Deoptimization events (6 events):
Event: 0.230 Thread 0x00007f379c00b000 Uncommon trap: reason=class_check action=maybe_recompile pc=0x00007f3798e5b288 method=java.util.Properties$LineReader.readLine()I @ 62
Event: 5.480 Thread 0x00007f3727dcf000 Uncommon trap: reason=unreached action=reinterpret pc=0x00007f3798e9f534 method=java.lang.Integer.parseInt(Ljava/lang/String;I)I @ 1
Event: 8.453 Thread 0x00007f3727dcf000 Uncommon trap: reason=class_check action=maybe_recompile pc=0x00007f3798e5b288 method=java.util.Properties$LineReader.readLine()I @ 62
Event: 8.453 Thread 0x00007f3727dcf000 Uncommon trap: reason=class_check action=maybe_recompile pc=0x00007f3798e5b288 method=java.util.Properties$LineReader.readLine()I @ 62
Event: 8.456 Thread 0x00007f3727dcf000 Uncommon trap: reason=class_check action=maybe_recompile pc=0x00007f3798e5b288 method=java.util.Properties$LineReader.readLine()I @ 62
Event: 13.121 Thread 0x00007f3727dcf000 Uncommon trap: reason=unreached action=reinterpret pc=0x00007f3798ea47b0 method=java.lang.AbstractStringBuilder.append(Ljava/lang/String;)Ljava/lang/AbstractStringBuilder; @ 1

Internal exceptions (10 events):
Event: 11.064 Thread 0x00007f379c358000 Threw 0x00000000ebca1bf0 at /build/openjdk-7-kBcQ8a/openjdk-7-7u55-2.4.7/build/openjdk/hotspot/src/share/vm/prims/jvm.cpp:1244
Event: 13.040 Thread 0x00007f379c358000 Threw 0x00000000ebda39e0 at /build/openjdk-7-kBcQ8a/openjdk-7-7u55-2.4.7/build/openjdk/hotspot/src/share/vm/prims/jvm.cpp:1244
Event: 13.113 Thread 0x00007f3727dcf000 Threw 0x00000000ebe2f888 at /build/openjdk-7-kBcQ8a/openjdk-7-7u55-2.4.7/build/openjdk/hotspot/src/share/vm/prims/jvm.cpp:1244
Event: 13.115 Thread 0x00007f3727dcf000 Threw 0x00000000ebe35570 at /build/openjdk-7-kBcQ8a/openjdk-7-7u55-2.4.7/build/openjdk/hotspot/src/share/vm/prims/jvm.cpp:1244
Event: 13.115 Thread 0x00007f3727dcf000 Threw 0x00000000ebe38e00 at /build/openjdk-7-kBcQ8a/openjdk-7-7u55-2.4.7/build/openjdk/hotspot/src/share/vm/prims/jvm.cpp:1244
Event: 13.119 Thread 0x00007f3727dcf000 Threw 0x00000000ebe446a0 at /build/openjdk-7-kBcQ8a/openjdk-7-7u55-2.4.7/build/openjdk/hotspot/src/share/vm/interpreter/interpreterRuntime.cpp:347
Event: 13.121 Thread 0x00007f3727dcf000 Threw 0x00000000ebe46298 at /build/openjdk-7-kBcQ8a/openjdk-7-7u55-2.4.7/build/openjdk/hotspot/src/share/vm/interpreter/linkResolver.cpp:883
Event: 13.121 Thread 0x00007f3727dcf000 Implicit null exception at 0x00007f3798ea4423 to 0x00007f3798ea479d
Event: 13.122 Thread 0x00007f379c358000 Threw 0x00000000ebdfa6c0 at /build/openjdk-7-kBcQ8a/openjdk-7-7u55-2.4.7/build/openjdk/hotspot/src/share/vm/interpreter/linkResolver.cpp:883
Event: 73.124 Thread 0x00007f379c358000 Threw 0x00000000ebe807b0 at /build/openjdk-7-kBcQ8a/openjdk-7-7u55-2.4.7/build/openjdk/hotspot/src/share/vm/prims/jvm.cpp:1244

Events (10 events):
Event: 73.124 loading class 0x00007f37740af990 done
Event: 73.124 loading class 0x00007f37740af9c0
Event: 73.124 loading class 0x00007f37740af9c0 done
Event: 73.124 loading class 0x00007f3774172e40 done
Event: 73.126 Thread 0x00007f3720042000 Thread added: 0x00007f3720042000
Event: 73.278 Executing VM operation: RevokeBias
Event: 73.278 Executing VM operation: RevokeBias done
Event: 73.278 Thread 0x00007f379c358000 Thread exited: 0x00007f379c358000
Event: 73.279 Thread 0x00007f379c2cb000 Thread exited: 0x00007f379c2cb000
Event: 73.279 Thread 0x00007f379c00b000 Thread exited: 0x00007f379c00b000


Dynamic libraries:
00400000-00401000 r-xp 00000000 08:03 3934148                            /usr/lib/jvm/java-7-openjdk-amd64/jre/bin/java
00600000-00601000 r--p 00000000 08:03 3934148                            /usr/lib/jvm/java-7-openjdk-amd64/jre/bin/java
00601000-00602000 rw-p 00001000 08:03 3934148                            /usr/lib/jvm/java-7-openjdk-amd64/jre/bin/java
008f9000-00b1e000 rw-p 00000000 00:00 0                                  [heap]
b8a00000-b9f00000 rw-p 00000000 00:00 0 
b9f00000-c3000000 rw-p 00000000 00:00 0 
c3000000-c5880000 rw-p 00000000 00:00 0 
c5880000-eba80000 rw-p 00000000 00:00 0 
eba80000-ecf00000 rw-p 00000000 00:00 0 
ecf00000-100000000 rw-p 00000000 00:00 0 
7f3714000000-7f3714021000 rw-p 00000000 00:00 0 
7f3714021000-7f3718000000 ---p 00000000 00:00 0 
7f371c000000-7f371f6fc000 rw-p 00000000 00:00 0 
7f371f6fc000-7f3720000000 ---p 00000000 00:00 0 
7f3720000000-7f372008b000 rw-p 00000000 00:00 0 
7f372008b000-7f3724000000 ---p 00000000 00:00 0 
7f3724000000-7f3727f08000 rw-p 00000000 00:00 0 
7f3727f08000-7f3728000000 ---p 00000000 00:00 0 
7f372b4f6000-7f372b4f9000 ---p 00000000 00:00 0 
7f372b4f9000-7f372b5f7000 rw-p 00000000 00:00 0 
7f372b5f7000-7f372b7f7000 rw-s d5002000 00:05 7289                       /dev/ati/card0
7f372b7f7000-7f372b9f8000 rw-s d419b000 00:05 7289                       /dev/ati/card0
7f372b9f8000-7f372bbf8000 rw-s d2ed9000 00:05 7289                       /dev/ati/card0
7f372bbf8000-7f372bbfd000 r-xp 00000000 08:03 12192225                   /lib/x86_64-linux-gnu/libnss_dns-2.19.so
7f372bbfd000-7f372bdfc000 ---p 00005000 08:03 12192225                   /lib/x86_64-linux-gnu/libnss_dns-2.19.so
7f372bdfc000-7f372bdfd000 r--p 00004000 08:03 12192225                   /lib/x86_64-linux-gnu/libnss_dns-2.19.so
7f372bdfd000-7f372bdfe000 rw-p 00005000 08:03 12192225                   /lib/x86_64-linux-gnu/libnss_dns-2.19.so
7f372bdfe000-7f372be00000 r-xp 00000000 08:03 12058696                   /lib/libnss_mdns4_minimal.so.2
7f372be00000-7f372bfff000 ---p 00002000 08:03 12058696                   /lib/libnss_mdns4_minimal.so.2
7f372bfff000-7f372c000000 rw-p 00001000 08:03 12058696                   /lib/libnss_mdns4_minimal.so.2
7f372c000000-7f372c0ae000 rw-p 00000000 00:00 0 
7f372c0ae000-7f3730000000 ---p 00000000 00:00 0 
7f3730000000-7f37307d6000 rw-p 00000000 00:00 0 
7f37307d6000-7f3734000000 ---p 00000000 00:00 0 
7f3734000000-7f3734021000 rw-p 00000000 00:00 0 
7f3734021000-7f3738000000 ---p 00000000 00:00 0 
7f3738000000-7f37380b4000 rw-p 00000000 00:00 0 
7f37380b4000-7f373c000000 ---p 00000000 00:00 0 
7f373c000000-7f373c021000 rw-p 00000000 00:00 0 
7f373c021000-7f3740000000 ---p 00000000 00:00 0 
7f3740000000-7f3743f16000 rw-p 00000000 00:00 0 
7f3743f16000-7f3744000000 ---p 00000000 00:00 0 
7f3744000000-7f3744021000 rw-p 00000000 00:00 0 
7f3744021000-7f3748000000 ---p 00000000 00:00 0 
7f374806b000-7f3748082000 r-xp 00000000 08:03 3934214                    /usr/lib/jvm/java-7-openjdk-amd64/jre/lib/amd64/libnet.so
7f3748082000-7f3748281000 ---p 00017000 08:03 3934214                    /usr/lib/jvm/java-7-openjdk-amd64/jre/lib/amd64/libnet.so
7f3748281000-7f3748282000 r--p 00016000 08:03 3934214                    /usr/lib/jvm/java-7-openjdk-amd64/jre/lib/amd64/libnet.so
7f3748282000-7f3748283000 rw-p 00017000 08:03 3934214                    /usr/lib/jvm/java-7-openjdk-amd64/jre/lib/amd64/libnet.so
7f3748283000-7f3748286000 ---p 00000000 00:00 0 
7f3748286000-7f3748384000 rw-p 00000000 00:00 0 
7f3748384000-7f3748584000 rw-s d389b000 00:05 7289                       /dev/ati/card0
7f3748584000-7f3748684000 rw-s 05f84000 00:05 7289                       /dev/ati/card0
7f3748684000-7f3748685000 ---p 00000000 00:00 0 
7f3748685000-7f3748e85000 rw-p 00000000 00:00 0 
7f3748e85000-7f3748e86000 ---p 00000000 00:00 0 
7f3748e86000-7f3749686000 rw-p 00000000 00:00 0 
7f3749686000-7f3749d86000 rw-s 00006000 00:05 7289                       /dev/ati/card0
7f3749d86000-7f374bc7e000 r-xp 00000000 08:03 4201338                    /usr/lib/x86_64-linux-gnu/dri/fglrx_dri.so
7f374bc7e000-7f374bd7d000 ---p 01ef8000 08:03 4201338                    /usr/lib/x86_64-linux-gnu/dri/fglrx_dri.so
7f374bd7d000-7f374bedb000 rwxp 01ef7000 08:03 4201338                    /usr/lib/x86_64-linux-gnu/dri/fglrx_dri.so
7f374bedb000-7f374bfff000 rwxp 00000000 00:00 0 
7f3750000000-7f3750021000 rw-p 00000000 00:00 0 
7f3750021000-7f3754000000 ---p 00000000 00:00 0 
7f37540cc000-7f37540cf000 ---p 00000000 00:00 0 
7f37540cf000-7f37541cd000 rw-p 00000000 00:00 0 
7f37541cd000-7f3754241000 rw-p 00000000 00:00 0 
7f3754318000-7f3754355000 r-xp 00000000 08:03 4201336                    /usr/lib/x86_64-linux-gnu/libatiadlxx.so
7f3754355000-7f3754454000 ---p 0003d000 08:03 4201336                    /usr/lib/x86_64-linux-gnu/libatiadlxx.so
7f3754454000-7f375445e000 rw-p 0003c000 08:03 4201336                    /usr/lib/x86_64-linux-gnu/libatiadlxx.so
7f375445e000-7f375446e000 rw-p 00000000 00:00 0 
7f375446e000-7f3754475000 r-xp 00000000 08:03 4201328                    /usr/lib/x86_64-linux-gnu/libatiuki.so.1.0
7f3754475000-7f3754575000 ---p 00007000 08:03 4201328                    /usr/lib/x86_64-linux-gnu/libatiuki.so.1.0
7f3754575000-7f3754576000 rw-p 00007000 08:03 4201328                    /usr/lib/x86_64-linux-gnu/libatiuki.so.1.0
7f3754576000-7f3754577000 rw-p 00000000 00:00 0 
7f3754577000-7f375463a000 r-xp 00000000 08:03 4201341                    /usr/lib/x86_64-linux-gnu/fglrx/fglrx-libGL.so.1.2
7f375463a000-7f3754739000 ---p 000c3000 08:03 4201341                    /usr/lib/x86_64-linux-gnu/fglrx/fglrx-libGL.so.1.2
7f3754739000-7f3754760000 rwxp 000c2000 08:03 4201341                    /usr/lib/x86_64-linux-gnu/fglrx/fglrx-libGL.so.1.2
7f3754760000-7f3754780000 rwxp 00000000 00:00 0 
7f3754780000-7f3754783000 ---p 00000000 00:00 0 
7f3754783000-7f3754881000 rw-p 00000000 00:00 0 
7f3754881000-7f3754882000 ---p 00000000 00:00 0 
7f3754882000-7f3754982000 rw-p 00000000 00:00 0 
7f3754982000-7f3754983000 ---p 00000000 00:00 0 
7f3754983000-7f3755183000 rw-p 00000000 00:00 0 
7f3755183000-7f3755189000 r-xp 00000000 08:03 4200289                    /usr/lib/x86_64-linux-gnu/libogg.so.0.8.0
7f3755189000-7f3755388000 ---p 00006000 08:03 4200289                    /usr/lib/x86_64-linux-gnu/libogg.so.0.8.0
7f3755388000-7f3755389000 rw-p 00005000 08:03 4200289                    /usr/lib/x86_64-linux-gnu/libogg.so.0.8.0
7f3755389000-7f37553b5000 r-xp 00000000 08:03 4200496                    /usr/lib/x86_64-linux-gnu/libvorbis.so.0.4.5
7f37553b5000-7f37555b4000 ---p 0002c000 08:03 4200496                    /usr/lib/x86_64-linux-gnu/libvorbis.so.0.4.5
7f37555b4000-7f37555b5000 r--p 0002b000 08:03 4200496                    /usr/lib/x86_64-linux-gnu/libvorbis.so.0.4.5
7f37555b5000-7f37555b6000 rw-p 0002c000 08:03 4200496                    /usr/lib/x86_64-linux-gnu/libvorbis.so.0.4.5
7f37555b6000-7f3755869000 r-xp 00000000 08:03 4200498                    /usr/lib/x86_64-linux-gnu/libvorbisenc.so.2.0.8
7f3755869000-7f3755a68000 ---p 002b3000 08:03 4200498                    /usr/lib/x86_64-linux-gnu/libvorbisenc.so.2.0.8
7f3755a68000-7f3755a84000 r--p 002b2000 08:03 4200498                    /usr/lib/x86_64-linux-gnu/libvorbisenc.so.2.0.8
7f3755a84000-7f3755a85000 rw-p 002ce000 08:03 4200498                    /usr/lib/x86_64-linux-gnu/libvorbisenc.so.2.0.8
7f3755a85000-7f3755ad0000 r-xp 00000000 08:03 4199700                    /usr/lib/x86_64-linux-gnu/libFLAC.so.8.2.0
7f3755ad0000-7f3755ccf000 ---p 0004b000 08:03 4199700                    /usr/lib/x86_64-linux-gnu/libFLAC.so.8.2.0
7f3755ccf000-7f3755cd0000 r--p 0004a000 08:03 4199700                    /usr/lib/x86_64-linux-gnu/libFLAC.so.8.2.0
7f3755cd0000-7f3755cd1000 rw-p 0004b000 08:03 4199700                    /usr/lib/x86_64-linux-gnu/libFLAC.so.8.2.0
7f3755cd1000-7f3755cd5000 r-xp 00000000 08:03 12190707                   /lib/x86_64-linux-gnu/libuuid.so.1.3.0
7f3755cd5000-7f3755ed4000 ---p 00004000 08:03 12190707                   /lib/x86_64-linux-gnu/libuuid.so.1.3.0
7f3755ed4000-7f3755ed5000 r--p 00003000 08:03 12190707                   /lib/x86_64-linux-gnu/libuuid.so.1.3.0
7f3755ed5000-7f3755ed6000 rw-p 00004000 08:03 12190707                   /lib/x86_64-linux-gnu/libuuid.so.1.3.0
7f3755ed6000-7f3755eda000 r-xp 00000000 08:03 12190559                   /lib/x86_64-linux-gnu/libattr.so.1.1.0
7f3755eda000-7f37560d9000 ---p 00004000 08:03 12190559                   /lib/x86_64-linux-gnu/libattr.so.1.1.0
7f37560d9000-7f37560da000 r--p 00003000 08:03 12190559                   /lib/x86_64-linux-gnu/libattr.so.1.1.0
7f37560da000-7f37560db000 rw-p 00004000 08:03 12190559                   /lib/x86_64-linux-gnu/libattr.so.1.1.0
7f37560db000-7f37560e0000 r-xp 00000000 08:03 4199797                    /usr/lib/x86_64-linux-gnu/libasyncns.so.0.3.1
7f37560e0000-7f37562df000 ---p 00005000 08:03 4199797                    /usr/lib/x86_64-linux-gnu/libasyncns.so.0.3.1
7f37562df000-7f37562e0000 rw-p 00004000 08:03 4199797                    /usr/lib/x86_64-linux-gnu/libasyncns.so.0.3.1
7f37562e0000-7f3756341000 r-xp 00000000 08:03 4200411                    /usr/lib/x86_64-linux-gnu/libsndfile.so.1.0.25
7f3756341000-7f3756540000 ---p 00061000 08:03 4200411                    /usr/lib/x86_64-linux-gnu/libsndfile.so.1.0.25
7f3756540000-7f3756542000 r--p 00060000 08:03 4200411                    /usr/lib/x86_64-linux-gnu/libsndfile.so.1.0.25
7f3756542000-7f3756543000 rw-p 00062000 08:03 4200411                    /usr/lib/x86_64-linux-gnu/libsndfile.so.1.0.25
7f3756543000-7f3756547000 rw-p 00000000 00:00 0 
7f3756547000-7f3756550000 r-xp 00000000 08:03 12190709                   /lib/x86_64-linux-gnu/libwrap.so.0.7.6
7f3756550000-7f375674f000 ---p 00009000 08:03 12190709                   /lib/x86_64-linux-gnu/libwrap.so.0.7.6
7f375674f000-7f3756750000 r--p 00008000 08:03 12190709                   /lib/x86_64-linux-gnu/libwrap.so.0.7.6
7f3756750000-7f3756751000 rw-p 00009000 08:03 12190709                   /lib/x86_64-linux-gnu/libwrap.so.0.7.6
7f3756751000-7f3756752000 rw-p 00000000 00:00 0 
7f3756752000-7f3756759000 r-xp 00000000 08:03 4199720                    /usr/lib/x86_64-linux-gnu/libSM.so.6.0.1
7f3756759000-7f3756958000 ---p 00007000 08:03 4199720                    /usr/lib/x86_64-linux-gnu/libSM.so.6.0.1
7f3756958000-7f3756959000 rw-p 00006000 08:03 4199720                    /usr/lib/x86_64-linux-gnu/libSM.so.6.0.1
7f3756959000-7f3756970000 r-xp 00000000 08:03 4199710                    /usr/lib/x86_64-linux-gnu/libICE.so.6.3.0
7f3756970000-7f3756b6f000 ---p 00017000 08:03 4199710                    /usr/lib/x86_64-linux-gnu/libICE.so.6.3.0
7f3756b6f000-7f3756b71000 rw-p 00016000 08:03 4199710                    /usr/lib/x86_64-linux-gnu/libICE.so.6.3.0
7f3756b71000-7f3756b74000 rw-p 00000000 00:00 0 
7f3756b74000-7f3756b75000 r-xp 00000000 08:03 4199726                    /usr/lib/x86_64-linux-gnu/libX11-xcb.so.1.0.0
7f3756b75000-7f3756d74000 ---p 00001000 08:03 4199726                    /usr/lib/x86_64-linux-gnu/libX11-xcb.so.1.0.0
7f3756d74000-7f3756d75000 rw-p 00000000 08:03 4199726                    /usr/lib/x86_64-linux-gnu/libX11-xcb.so.1.0.0
7f3756d75000-7f3756d79000 r-xp 00000000 08:03 12190572                   /lib/x86_64-linux-gnu/libcap.so.2.22
7f3756d79000-7f3756f78000 ---p 00004000 08:03 12190572                   /lib/x86_64-linux-gnu/libcap.so.2.22
7f3756f78000-7f3756f79000 rw-p 00003000 08:03 12190572                   /lib/x86_64-linux-gnu/libcap.so.2.22
7f3756f79000-7f3756fda000 r-xp 00000000 08:03 4325923                    /usr/lib/x86_64-linux-gnu/pulseaudio/libpulsecommon-2.0.so
7f3756fda000-7f37571d9000 ---p 00061000 08:03 4325923                    /usr/lib/x86_64-linux-gnu/pulseaudio/libpulsecommon-2.0.so
7f37571d9000-7f37571da000 r--p 00060000 08:03 4325923                    /usr/lib/x86_64-linux-gnu/pulseaudio/libpulsecommon-2.0.so
7f37571da000-7f37571dc000 rw-p 00061000 08:03 4325923                    /usr/lib/x86_64-linux-gnu/pulseaudio/libpulsecommon-2.0.so
7f37571dc000-7f37571e5000 r-xp 00000000 08:03 12190608                   /lib/x86_64-linux-gnu/libjson.so.0.1.0
7f37571e5000-7f37573e4000 ---p 00009000 08:03 12190608                   /lib/x86_64-linux-gnu/libjson.so.0.1.0
7f37573e4000-7f37573e5000 r--p 00008000 08:03 12190608                   /lib/x86_64-linux-gnu/libjson.so.0.1.0
7f37573e5000-7f37573e6000 rw-p 00009000 08:03 12190608                   /lib/x86_64-linux-gnu/libjson.so.0.1.0
7f37573e6000-7f375742f000 r-xp 00000000 08:03 4200364                    /usr/lib/x86_64-linux-gnu/libpulse.so.0.14.2
7f375742f000-7f375762e000 ---p 00049000 08:03 4200364                    /usr/lib/x86_64-linux-gnu/libpulse.so.0.14.2
7f375762e000-7f375762f000 r--p 00048000 08:03 4200364                    /usr/lib/x86_64-linux-gnu/libpulse.so.0.14.2
7f375762f000-7f3757630000 rw-p 00049000 08:03 4200364                    /usr/lib/x86_64-linux-gnu/libpulse.so.0.14.2
7f3757889000-7f375788d000 r-xp 00000000 08:03 4199775                    /usr/lib/x86_64-linux-gnu/libXxf86vm.so.1.0.0
7f375788d000-7f3757a8d000 ---p 00004000 08:03 4199775                    /usr/lib/x86_64-linux-gnu/libXxf86vm.so.1.0.0
7f3757a8d000-7f3757a8e000 r--p 00004000 08:03 4199775                    /usr/lib/x86_64-linux-gnu/libXxf86vm.so.1.0.0
7f3757a8e000-7f3757a8f000 rw-p 00005000 08:03 4199775                    /usr/lib/x86_64-linux-gnu/libXxf86vm.so.1.0.0
7f3757a8f000-7f3757afb000 r-xp 00000000 08:01 301131                     /media/winDisk/Users/ChobeDucket/Documents/sheep/android/assets/.temp/7b43be9b/liblwjgl64.so
7f3757afb000-7f3757cfa000 ---p 0006c000 08:01 301131                     /media/winDisk/Users/ChobeDucket/Documents/sheep/android/assets/.temp/7b43be9b/liblwjgl64.so
7f3757cfa000-7f3757cfc000 r--p 0006b000 08:01 301131                     /media/winDisk/Users/ChobeDucket/Documents/sheep/android/assets/.temp/7b43be9b/liblwjgl64.so
7f3757cfc000-7f3757cfd000 rw-p 0006d000 08:01 301131                     /media/winDisk/Users/ChobeDucket/Documents/sheep/android/assets/.temp/7b43be9b/liblwjgl64.so
7f3757cfd000-7f3757cfe000 r-xp 00000000 08:03 3934229                    /usr/lib/jvm/java-7-openjdk-amd64/jre/lib/amd64/libjawt.so
7f3757cfe000-7f3757efd000 ---p 00001000 08:03 3934229                    /usr/lib/jvm/java-7-openjdk-amd64/jre/lib/amd64/libjawt.so
7f3757efd000-7f3757efe000 r--p 00000000 08:03 3934229                    /usr/lib/jvm/java-7-openjdk-amd64/jre/lib/amd64/libjawt.so
7f3757efe000-7f3757eff000 rw-p 00001000 08:03 3934229                    /usr/lib/jvm/java-7-openjdk-amd64/jre/lib/amd64/libjawt.so
7f3757eff000-7f3757f02000 ---p 00000000 00:00 0 
7f3757f02000-7f3758000000 rw-p 00000000 00:00 0 
7f3758000000-7f3758021000 rw-p 00000000 00:00 0 
7f3758021000-7f375c000000 ---p 00000000 00:00 0 
7f375c01d000-7f375c065000 rw-p 00000000 00:00 0 
7f375c065000-7f375c068000 ---p 00000000 00:00 0 
7f375c068000-7f375c166000 rw-p 00000000 00:00 0 
7f375c166000-7f375c169000 r-xp 00000000 08:03 12190599                   /lib/x86_64-linux-gnu/libgpg-error.so.0.8.0
7f375c169000-7f375c368000 ---p 00003000 08:03 12190599                   /lib/x86_64-linux-gnu/libgpg-error.so.0.8.0
7f375c368000-7f375c369000 rw-p 00002000 08:03 12190599                   /lib/x86_64-linux-gnu/libgpg-error.so.0.8.0
7f375c369000-7f375c3ad000 r-xp 00000000 08:03 12190580                   /lib/x86_64-linux-gnu/libdbus-1.so.3.7.2
7f375c3ad000-7f375c5ad000 ---p 00044000 08:03 12190580                   /lib/x86_64-linux-gnu/libdbus-1.so.3.7.2
7f375c5ad000-7f375c5ae000 r--p 00044000 08:03 12190580                   /lib/x86_64-linux-gnu/libdbus-1.so.3.7.2
7f375c5ae000-7f375c5af000 rw-p 00045000 08:03 12190580                   /lib/x86_64-linux-gnu/libdbus-1.so.3.7.2
7f375c5af000-7f375c5c0000 r-xp 00000000 08:03 4200305                    /usr/lib/x86_64-linux-gnu/libp11-kit.so.0.0.0
7f375c5c0000-7f375c7bf000 ---p 00011000 08:03 4200305                    /usr/lib/x86_64-linux-gnu/libp11-kit.so.0.0.0
7f375c7bf000-7f375c7c0000 r--p 00010000 08:03 4200305                    /usr/lib/x86_64-linux-gnu/libp11-kit.so.0.0.0
7f375c7c0000-7f375c7c1000 rw-p 00011000 08:03 4200305                    /usr/lib/x86_64-linux-gnu/libp11-kit.so.0.0.0
7f375c7c1000-7f375c83b000 r-xp 00000000 08:03 12190595                   /lib/x86_64-linux-gnu/libgcrypt.so.11.7.0
7f375c83b000-7f375ca3b000 ---p 0007a000 08:03 12190595                   /lib/x86_64-linux-gnu/libgcrypt.so.11.7.0
7f375ca3b000-7f375ca3c000 r--p 0007a000 08:03 12190595                   /lib/x86_64-linux-gnu/libgcrypt.so.11.7.0
7f375ca3c000-7f375ca3f000 rw-p 0007b000 08:03 12190595                   /lib/x86_64-linux-gnu/libgcrypt.so.11.7.0
7f375ca3f000-7f375ca4f000 r-xp 00000000 08:03 4200448                    /usr/lib/x86_64-linux-gnu/libtasn1.so.3.1.16
7f375ca4f000-7f375cc4e000 ---p 00010000 08:03 4200448                    /usr/lib/x86_64-linux-gnu/libtasn1.so.3.1.16
7f375cc4e000-7f375cc4f000 r--p 0000f000 08:03 4200448                    /usr/lib/x86_64-linux-gnu/libtasn1.so.3.1.16
7f375cc4f000-7f375cc50000 rw-p 00010000 08:03 4200448                    /usr/lib/x86_64-linux-gnu/libtasn1.so.3.1.16
7f375cc50000-7f375cc53000 r-xp 00000000 08:03 12190610                   /lib/x86_64-linux-gnu/libkeyutils.so.1.4
7f375cc53000-7f375ce52000 ---p 00003000 08:03 12190610                   /lib/x86_64-linux-gnu/libkeyutils.so.1.4
7f375ce52000-7f375ce53000 r--p 00002000 08:03 12190610                   /lib/x86_64-linux-gnu/libkeyutils.so.1.4
7f375ce53000-7f375ce54000 rw-p 00003000 08:03 12190610                   /lib/x86_64-linux-gnu/libkeyutils.so.1.4
7f375ce54000-7f375ce5c000 r-xp 00000000 08:03 4200208                    /usr/lib/x86_64-linux-gnu/libkrb5support.so.0.1
7f375ce5c000-7f375d05b000 ---p 00008000 08:03 4200208                    /usr/lib/x86_64-linux-gnu/libkrb5support.so.0.1
7f375d05b000-7f375d05c000 r--p 00007000 08:03 4200208                    /usr/lib/x86_64-linux-gnu/libkrb5support.so.0.1
7f375d05c000-7f375d05d000 rw-p 00008000 08:03 4200208                    /usr/lib/x86_64-linux-gnu/libkrb5support.so.0.1
7f375d05d000-7f375d060000 r-xp 00000000 08:03 12190576                   /lib/x86_64-linux-gnu/libcom_err.so.2.1
7f375d060000-7f375d25f000 ---p 00003000 08:03 12190576                   /lib/x86_64-linux-gnu/libcom_err.so.2.1
7f375d25f000-7f375d260000 r--p 00002000 08:03 12190576                   /lib/x86_64-linux-gnu/libcom_err.so.2.1
7f375d260000-7f375d261000 rw-p 00003000 08:03 12190576                   /lib/x86_64-linux-gnu/libcom_err.so.2.1
7f375d261000-7f375d287000 r-xp 00000000 08:03 4200198                    /usr/lib/x86_64-linux-gnu/libk5crypto.so.3.1
7f375d287000-7f375d487000 ---p 00026000 08:03 4200198                    /usr/lib/x86_64-linux-gnu/libk5crypto.so.3.1
7f375d487000-7f375d488000 r--p 00026000 08:03 4200198                    /usr/lib/x86_64-linux-gnu/libk5crypto.so.3.1
7f375d488000-7f375d489000 rw-p 00027000 08:03 4200198                    /usr/lib/x86_64-linux-gnu/libk5crypto.so.3.1
7f375d489000-7f375d48a000 rw-p 00000000 00:00 0 
7f375d48a000-7f375d553000 r-xp 00000000 08:03 4200206                    /usr/lib/x86_64-linux-gnu/libkrb5.so.3.3
7f375d553000-7f375d752000 ---p 000c9000 08:03 4200206                    /usr/lib/x86_64-linux-gnu/libkrb5.so.3.3
7f375d752000-7f375d75c000 r--p 000c8000 08:03 4200206                    /usr/lib/x86_64-linux-gnu/libkrb5.so.3.3
7f375d75c000-7f375d75e000 rw-p 000d2000 08:03 4200206                    /usr/lib/x86_64-linux-gnu/libkrb5.so.3.3
7f375d75e000-7f375d763000 r-xp 00000000 08:03 4199743                    /usr/lib/x86_64-linux-gnu/libXdmcp.so.6.0.0
7f375d763000-7f375d962000 ---p 00005000 08:03 4199743                    /usr/lib/x86_64-linux-gnu/libXdmcp.so.6.0.0
7f375d962000-7f375d963000 rw-p 00004000 08:03 4199743                    /usr/lib/x86_64-linux-gnu/libXdmcp.so.6.0.0
7f375d963000-7f375d965000 r-xp 00000000 08:03 4199732                    /usr/lib/x86_64-linux-gnu/libXau.so.6.0.0
7f375d965000-7f375db65000 ---p 00002000 08:03 4199732                    /usr/lib/x86_64-linux-gnu/libXau.so.6.0.0
7f375db65000-7f375db66000 rw-p 00002000 08:03 4199732                    /usr/lib/x86_64-linux-gnu/libXau.so.6.0.0
7f375db66000-7f375db76000 r-xp 00000000 08:03 4199807                    /usr/lib/x86_64-linux-gnu/libavahi-client.so.3.2.9
7f375db76000-7f375dd75000 ---p 00010000 08:03 4199807                    /usr/lib/x86_64-linux-gnu/libavahi-client.so.3.2.9
7f375dd75000-7f375dd76000 r--p 0000f000 08:03 4199807                    /usr/lib/x86_64-linux-gnu/libavahi-client.so.3.2.9
7f375dd76000-7f375dd77000 rw-p 00010000 08:03 4199807                    /usr/lib/x86_64-linux-gnu/libavahi-client.so.3.2.9
7f375dd77000-7f375dd83000 r-xp 00000000 08:03 4199809                    /usr/lib/x86_64-linux-gnu/libavahi-common.so.3.5.3
7f375dd83000-7f375df82000 ---p 0000c000 08:03 4199809                    /usr/lib/x86_64-linux-gnu/libavahi-common.so.3.5.3
7f375df82000-7f375df83000 r--p 0000b000 08:03 4199809                    /usr/lib/x86_64-linux-gnu/libavahi-common.so.3.5.3
7f375df83000-7f375df84000 rw-p 0000c000 08:03 4199809                    /usr/lib/x86_64-linux-gnu/libavahi-common.so.3.5.3
7f375df84000-7f375e03d000 r-xp 00000000 08:03 4200060                    /usr/lib/x86_64-linux-gnu/libgnutls.so.26.22.4
7f375e03d000-7f375e23c000 ---p 000b9000 08:03 4200060                    /usr/lib/x86_64-linux-gnu/libgnutls.so.26.22.4
7f375e23c000-7f375e242000 r--p 000b8000 08:03 4200060                    /usr/lib/x86_64-linux-gnu/libgnutls.so.26.22.4
7f375e242000-7f375e244000 rw-p 000be000 08:03 4200060                    /usr/lib/x86_64-linux-gnu/libgnutls.so.26.22.4
7f375e244000-7f375e280000 r-xp 00000000 08:03 4200085                    /usr/lib/x86_64-linux-gnu/libgssapi_krb5.so.2.2
7f375e280000-7f375e480000 ---p 0003c000 08:03 4200085                    /usr/lib/x86_64-linux-gnu/libgssapi_krb5.so.2.2
7f375e480000-7f375e481000 r--p 0003c000 08:03 4200085                    /usr/lib/x86_64-linux-gnu/libgssapi_krb5.so.2.2
7f375e481000-7f375e483000 rw-p 0003d000 08:03 4200085                    /usr/lib/x86_64-linux-gnu/libgssapi_krb5.so.2.2
7f375e483000-7f375e4bf000 r-xp 00000000 08:03 12190663                   /lib/x86_64-linux-gnu/libpcre.so.3.13.1
7f375e4bf000-7f375e6bf000 ---p 0003c000 08:03 12190663                   /lib/x86_64-linux-gnu/libpcre.so.3.13.1
7f375e6bf000-7f375e6c0000 rw-p 0003c000 08:03 12190663                   /lib/x86_64-linux-gnu/libpcre.so.3.13.1
7f375e6c0000-7f375e6cc000 r-xp 00000000 08:03 4199961                    /usr/lib/x86_64-linux-gnu/libffi.so.5.0.10
7f375e6cc000-7f375e8cc000 ---p 0000c000 08:03 4199961                    /usr/lib/x86_64-linux-gnu/libffi.so.5.0.10
7f375e8cc000-7f375e8cd000 rw-p 0000c000 08:03 4199961                    /usr/lib/x86_64-linux-gnu/libffi.so.5.0.10
7f375e8cd000-7f375e8f4000 r-xp 00000000 08:03 12190588                   /lib/x86_64-linux-gnu/libexpat.so.1.6.0
7f375e8f4000-7f375eaf4000 ---p 00027000 08:03 12190588                   /lib/x86_64-linux-gnu/libexpat.so.1.6.0
7f375eaf4000-7f375eaf6000 r--p 00027000 08:03 12190588                   /lib/x86_64-linux-gnu/libexpat.so.1.6.0
7f375eaf6000-7f375eaf7000 rw-p 00029000 08:03 12190588                   /lib/x86_64-linux-gnu/libexpat.so.1.6.0
7f375eaf7000-7f375eaff000 r-xp 00000000 08:03 4200521                    /usr/lib/x86_64-linux-gnu/libxcb-render.so.0.0.0
7f375eaff000-7f375ecff000 ---p 00008000 08:03 4200521                    /usr/lib/x86_64-linux-gnu/libxcb-render.so.0.0.0
7f375ecff000-7f375ed00000 r--p 00008000 08:03 4200521                    /usr/lib/x86_64-linux-gnu/libxcb-render.so.0.0.0
7f375ed00000-7f375ed01000 rw-p 00009000 08:03 4200521                    /usr/lib/x86_64-linux-gnu/libxcb-render.so.0.0.0
7f375ed01000-7f375ed03000 r-xp 00000000 08:03 4200525                    /usr/lib/x86_64-linux-gnu/libxcb-shm.so.0.0.0
7f375ed03000-7f375ef02000 ---p 00002000 08:03 4200525                    /usr/lib/x86_64-linux-gnu/libxcb-shm.so.0.0.0
7f375ef02000-7f375ef03000 r--p 00001000 08:03 4200525                    /usr/lib/x86_64-linux-gnu/libxcb-shm.so.0.0.0
7f375ef03000-7f375ef04000 rw-p 00002000 08:03 4200525                    /usr/lib/x86_64-linux-gnu/libxcb-shm.so.0.0.0
7f375ef04000-7f375ef84000 r-xp 00000000 08:03 4200335                    /usr/lib/x86_64-linux-gnu/libpixman-1.so.0.26.0
7f375ef84000-7f375f184000 ---p 00080000 08:03 4200335                    /usr/lib/x86_64-linux-gnu/libpixman-1.so.0.26.0
7f375f184000-7f375f18a000 rw-p 00080000 08:03 4200335                    /usr/lib/x86_64-linux-gnu/libpixman-1.so.0.26.0
7f375f18a000-7f375f1b0000 r-xp 00000000 08:03 12190665                   /lib/x86_64-linux-gnu/libpng12.so.0.49.0
7f375f1b0000-7f375f3af000 ---p 00026000 08:03 12190665                   /lib/x86_64-linux-gnu/libpng12.so.0.49.0
7f375f3af000-7f375f3b0000 r--p 00025000 08:03 12190665                   /lib/x86_64-linux-gnu/libpng12.so.0.49.0
7f375f3b0000-7f375f3b1000 rw-p 00026000 08:03 12190665                   /lib/x86_64-linux-gnu/libpng12.so.0.49.0
7f375f3b1000-7f375f3c5000 r-xp 00000000 08:03 12192206                   /lib/x86_64-linux-gnu/libresolv-2.19.so
7f375f3c5000-7f375f5c4000 ---p 00014000 08:03 12192206                   /lib/x86_64-linux-gnu/libresolv-2.19.so
7f375f5c4000-7f375f5c5000 r--p 00013000 08:03 12192206                   /lib/x86_64-linux-gnu/libresolv-2.19.so
7f375f5c5000-7f375f5c6000 rw-p 00014000 08:03 12192206                   /lib/x86_64-linux-gnu/libresolv-2.19.so
7f375f5c6000-7f375f5c8000 rw-p 00000000 00:00 0 
7f375f5c8000-7f375f5e6000 r-xp 00000000 08:03 12190680                   /lib/x86_64-linux-gnu/libselinux.so.1
7f375f5e6000-7f375f7e5000 ---p 0001e000 08:03 12190680                   /lib/x86_64-linux-gnu/libselinux.so.1
7f375f7e5000-7f375f7e6000 r--p 0001d000 08:03 12190680                   /lib/x86_64-linux-gnu/libselinux.so.1
7f375f7e6000-7f375f7e7000 rw-p 0001e000 08:03 12190680                   /lib/x86_64-linux-gnu/libselinux.so.1
7f375f7e7000-7f375f7e8000 rw-p 00000000 00:00 0 
7f375f7e8000-7f375f7eb000 r-xp 00000000 08:03 4200052                    /usr/lib/x86_64-linux-gnu/libgmodule-2.0.so.0.3200.4
7f375f7eb000-7f375f9ea000 ---p 00003000 08:03 4200052                    /usr/lib/x86_64-linux-gnu/libgmodule-2.0.so.0.3200.4
7f375f9ea000-7f375f9eb000 r--p 00002000 08:03 4200052                    /usr/lib/x86_64-linux-gnu/libgmodule-2.0.so.0.3200.4
7f375f9eb000-7f375f9ec000 rw-p 00003000 08:03 4200052                    /usr/lib/x86_64-linux-gnu/libgmodule-2.0.so.0.3200.4
7f375f9ec000-7f375f9f6000 r-xp 00000000 08:03 4199739                    /usr/lib/x86_64-linux-gnu/libXcursor.so.1.0.2
7f375f9f6000-7f375fbf5000 ---p 0000a000 08:03 4199739                    /usr/lib/x86_64-linux-gnu/libXcursor.so.1.0.2
7f375fbf5000-7f375fbf6000 rw-p 00009000 08:03 4199739                    /usr/lib/x86_64-linux-gnu/libXcursor.so.1.0.2
7f375fbf6000-7f375fbfd000 r-xp 00000000 08:03 4199761                    /usr/lib/x86_64-linux-gnu/libXrandr.so.2.2.0
7f375fbfd000-7f375fdfd000 ---p 00007000 08:03 4199761                    /usr/lib/x86_64-linux-gnu/libXrandr.so.2.2.0
7f375fdfd000-7f375fdfe000 rw-p 00007000 08:03 4199761                    /usr/lib/x86_64-linux-gnu/libXrandr.so.2.2.0
7f375fdfe000-7f375fe00000 r-xp 00000000 08:03 4199753                    /usr/lib/x86_64-linux-gnu/libXinerama.so.1.0.0
7f375fe00000-7f375ffff000 ---p 00002000 08:03 4199753                    /usr/lib/x86_64-linux-gnu/libXinerama.so.1.0.0
7f375ffff000-7f3760000000 rw-p 00001000 08:03 4199753                    /usr/lib/x86_64-linux-gnu/libXinerama.so.1.0.0
7f3760000000-7f3760021000 rw-p 00000000 00:00 0 
7f3760021000-7f3764000000 ---p 00000000 00:00 0 
7f376400a000-7f3764015000 r--s 00203000 08:03 3934232                    /usr/lib/jvm/java-7-openjdk-amd64/jre/lib/charsets.jar
7f3764015000-7f3764092000 rw-p 00000000 00:00 0 
7f3764092000-7f3764095000 ---p 00000000 00:00 0 
7f3764095000-7f37640cb000 rw-p 00000000 00:00 0 
7f37640cb000-7f37640d0000 r-xp 00000000 08:03 4199747                    /usr/lib/x86_64-linux-gnu/libXfixes.so.3.1.0
7f37640d0000-7f37642cf000 ---p 00005000 08:03 4199747                    /usr/lib/x86_64-linux-gnu/libXfixes.so.3.1.0
7f37642cf000-7f37642d0000 r--p 00004000 08:03 4199747                    /usr/lib/x86_64-linux-gnu/libXfixes.so.3.1.0
7f37642d0000-7f37642d1000 rw-p 00005000 08:03 4199747                    /usr/lib/x86_64-linux-gnu/libXfixes.so.3.1.0
7f37642d1000-7f37642d3000 r-xp 00000000 08:03 4199741                    /usr/lib/x86_64-linux-gnu/libXdamage.so.1.1.0
7f37642d3000-7f37644d2000 ---p 00002000 08:03 4199741                    /usr/lib/x86_64-linux-gnu/libXdamage.so.1.1.0
7f37644d2000-7f37644d3000 rw-p 00001000 08:03 4199741                    /usr/lib/x86_64-linux-gnu/libXdamage.so.1.1.0
7f37644d3000-7f37644d5000 r-xp 00000000 08:03 4199737                    /usr/lib/x86_64-linux-gnu/libXcomposite.so.1.0.0
7f37644d5000-7f37646d4000 ---p 00002000 08:03 4199737                    /usr/lib/x86_64-linux-gnu/libXcomposite.so.1.0.0
7f37646d4000-7f37646d5000 rw-p 00001000 08:03 4199737                    /usr/lib/x86_64-linux-gnu/libXcomposite.so.1.0.0
7f37646d5000-7f37646f4000 r-xp 00000000 08:03 4200529                    /usr/lib/x86_64-linux-gnu/libxcb.so.1.1.0
7f37646f4000-7f37648f3000 ---p 0001f000 08:03 4200529                    /usr/lib/x86_64-linux-gnu/libxcb.so.1.1.0
7f37648f3000-7f37648f4000 r--p 0001e000 08:03 4200529                    /usr/lib/x86_64-linux-gnu/libxcb.so.1.1.0
7f37648f4000-7f37648f5000 rw-p 0001f000 08:03 4200529                    /usr/lib/x86_64-linux-gnu/libxcb.so.1.1.0
7f37648f5000-7f3764948000 r-xp 00000000 08:03 4199889                    /usr/lib/x86_64-linux-gnu/libcups.so.2
7f3764948000-7f3764b47000 ---p 00053000 08:03 4199889                    /usr/lib/x86_64-linux-gnu/libcups.so.2
7f3764b47000-7f3764b4c000 r--p 00052000 08:03 4199889                    /usr/lib/x86_64-linux-gnu/libcups.so.2
7f3764b4c000-7f3764b4d000 rw-p 00057000 08:03 4199889                    /usr/lib/x86_64-linux-gnu/libcups.so.2
7f3764b4d000-7f3764c42000 r-xp 00000000 08:03 12190597                   /lib/x86_64-linux-gnu/libglib-2.0.so.0.3200.4
7f3764c42000-7f3764e42000 ---p 000f5000 08:03 12190597                   /lib/x86_64-linux-gnu/libglib-2.0.so.0.3200.4
7f3764e42000-7f3764e43000 r--p 000f5000 08:03 12190597                   /lib/x86_64-linux-gnu/libglib-2.0.so.0.3200.4
7f3764e43000-7f3764e44000 rw-p 000f6000 08:03 12190597                   /lib/x86_64-linux-gnu/libglib-2.0.so.0.3200.4
7f3764e44000-7f3764e45000 rw-p 00000000 00:00 0 
7f3764e45000-7f3764e46000 r-xp 00000000 08:03 4200137                    /usr/lib/x86_64-linux-gnu/libgthread-2.0.so.0.3200.4
7f3764e46000-7f3765045000 ---p 00001000 08:03 4200137                    /usr/lib/x86_64-linux-gnu/libgthread-2.0.so.0.3200.4
7f3765045000-7f3765046000 r--p 00000000 08:03 4200137                    /usr/lib/x86_64-linux-gnu/libgthread-2.0.so.0.3200.4
7f3765046000-7f3765047000 rw-p 00001000 08:03 4200137                    /usr/lib/x86_64-linux-gnu/libgthread-2.0.so.0.3200.4
7f3765047000-7f3765095000 r-xp 00000000 08:03 4200068                    /usr/lib/x86_64-linux-gnu/libgobject-2.0.so.0.3200.4
7f3765095000-7f3765295000 ---p 0004e000 08:03 4200068                    /usr/lib/x86_64-linux-gnu/libgobject-2.0.so.0.3200.4
7f3765295000-7f3765296000 r--p 0004e000 08:03 4200068                    /usr/lib/x86_64-linux-gnu/libgobject-2.0.so.0.3200.4
7f3765296000-7f3765297000 rw-p 0004f000 08:03 4200068                    /usr/lib/x86_64-linux-gnu/libgobject-2.0.so.0.3200.4
7f3765297000-7f37652cc000 r-xp 00000000 08:03 4199999                    /usr/lib/x86_64-linux-gnu/libfontconfig.so.1.5.0
7f37652cc000-7f37654cc000 ---p 00035000 08:03 4199999                    /usr/lib/x86_64-linux-gnu/libfontconfig.so.1.5.0
7f37654cc000-7f37654cd000 r--p 00035000 08:03 4199999                    /usr/lib/x86_64-linux-gnu/libfontconfig.so.1.5.0
7f37654cd000-7f37654ce000 rw-p 00036000 08:03 4199999                    /usr/lib/x86_64-linux-gnu/libfontconfig.so.1.5.0
7f37654ce000-7f3765567000 r-xp 00000000 08:03 4200007                    /usr/lib/x86_64-linux-gnu/libfreetype.so.6.8.1
7f3765567000-7f3765766000 ---p 00099000 08:03 4200007                    /usr/lib/x86_64-linux-gnu/libfreetype.so.6.8.1
7f3765766000-7f376576c000 r--p 00098000 08:03 4200007                    /usr/lib/x86_64-linux-gnu/libfreetype.so.6.8.1
7f376576c000-7f376576d000 rw-p 0009e000 08:03 4200007                    /usr/lib/x86_64-linux-gnu/libfreetype.so.6.8.1
7f376576d000-7f37657b7000 r-xp 00000000 08:03 4200313                    /usr/lib/x86_64-linux-gnu/libpango-1.0.so.0.3000.0
7f37657b7000-7f37659b7000 ---p 0004a000 08:03 4200313                    /usr/lib/x86_64-linux-gnu/libpango-1.0.so.0.3000.0
7f37659b7000-7f37659b9000 r--p 0004a000 08:03 4200313                    /usr/lib/x86_64-linux-gnu/libpango-1.0.so.0.3000.0
7f37659b9000-7f37659ba000 rw-p 0004c000 08:03 4200313                    /usr/lib/x86_64-linux-gnu/libpango-1.0.so.0.3000.0
7f37659ba000-7f3765aae000 r-xp 00000000 08:03 4199843                    /usr/lib/x86_64-linux-gnu/libcairo.so.2.11200.2
7f3765aae000-7f3765cad000 ---p 000f4000 08:03 4199843                    /usr/lib/x86_64-linux-gnu/libcairo.so.2.11200.2
7f3765cad000-7f3765cb0000 r--p 000f3000 08:03 4199843                    /usr/lib/x86_64-linux-gnu/libcairo.so.2.11200.2
7f3765cb0000-7f3765cb1000 rw-p 000f6000 08:03 4199843                    /usr/lib/x86_64-linux-gnu/libcairo.so.2.11200.2
7f3765cb1000-7f3765cb3000 rw-p 00000000 00:00 0 
7f3765cb3000-7f3765cd2000 r-xp 00000000 08:03 4200030                    /usr/lib/x86_64-linux-gnu/libgdk_pixbuf-2.0.so.0.2600.1
7f3765cd2000-7f3765ed1000 ---p 0001f000 08:03 4200030                    /usr/lib/x86_64-linux-gnu/libgdk_pixbuf-2.0.so.0.2600.1
7f3765ed1000-7f3765ed2000 r--p 0001e000 08:03 4200030                    /usr/lib/x86_64-linux-gnu/libgdk_pixbuf-2.0.so.0.2600.1
7f3765ed2000-7f3765ed3000 rw-p 0001f000 08:03 4200030                    /usr/lib/x86_64-linux-gnu/libgdk_pixbuf-2.0.so.0.2600.1
7f3765ed3000-7f3765edf000 r-xp 00000000 08:03 4200315                    /usr/lib/x86_64-linux-gnu/libpangocairo-1.0.so.0.3000.0
7f3765edf000-7f37660de000 ---p 0000c000 08:03 4200315                    /usr/lib/x86_64-linux-gnu/libpangocairo-1.0.so.0.3000.0
7f37660de000-7f37660df000 r--p 0000b000 08:03 4200315                    /usr/lib/x86_64-linux-gnu/libpangocairo-1.0.so.0.3000.0
7f37660df000-7f37660e0000 rw-p 0000c000 08:03 4200315                    /usr/lib/x86_64-linux-gnu/libpangocairo-1.0.so.0.3000.0
7f37660e0000-7f376610a000 r-xp 00000000 08:03 4200317                    /usr/lib/x86_64-linux-gnu/libpangoft2-1.0.so.0.3000.0
7f376610a000-7f3766309000 ---p 0002a000 08:03 4200317                    /usr/lib/x86_64-linux-gnu/libpangoft2-1.0.so.0.3000.0
7f3766309000-7f376630a000 r--p 00029000 08:03 4200317                    /usr/lib/x86_64-linux-gnu/libpangoft2-1.0.so.0.3000.0
7f376630a000-7f376630b000 rw-p 0002a000 08:03 4200317                    /usr/lib/x86_64-linux-gnu/libpangoft2-1.0.so.0.3000.0
7f376630b000-7f3766457000 r-xp 00000000 08:03 4200042                    /usr/lib/x86_64-linux-gnu/libgio-2.0.so.0.3200.4
7f3766457000-7f3766656000 ---p 0014c000 08:03 4200042                    /usr/lib/x86_64-linux-gnu/libgio-2.0.so.0.3200.4
7f3766656000-7f376665a000 r--p 0014b000 08:03 4200042                    /usr/lib/x86_64-linux-gnu/libgio-2.0.so.0.3200.4
7f376665a000-7f376665c000 rw-p 0014f000 08:03 4200042                    /usr/lib/x86_64-linux-gnu/libgio-2.0.so.0.3200.4
7f376665c000-7f376665e000 rw-p 00000000 00:00 0 
7f376665e000-7f376667f000 r-xp 00000000 08:03 4199799                    /usr/lib/x86_64-linux-gnu/libatk-1.0.so.0.20409.1
7f376667f000-7f376687e000 ---p 00021000 08:03 4199799                    /usr/lib/x86_64-linux-gnu/libatk-1.0.so.0.20409.1
7f376687e000-7f3766880000 r--p 00020000 08:03 4199799                    /usr/lib/x86_64-linux-gnu/libatk-1.0.so.0.20409.1
7f3766880000-7f3766881000 rw-p 00022000 08:03 4199799                    /usr/lib/x86_64-linux-gnu/libatk-1.0.so.0.20409.1
7f3766881000-7f3766930000 r-xp 00000000 08:03 4200028                    /usr/lib/x86_64-linux-gnu/libgdk-x11-2.0.so.0.2400.10
7f3766930000-7f3766b2f000 ---p 000af000 08:03 4200028                    /usr/lib/x86_64-linux-gnu/libgdk-x11-2.0.so.0.2400.10
7f3766b2f000-7f3766b34000 rw-p 000ae000 08:03 4200028                    /usr/lib/x86_64-linux-gnu/libgdk-x11-2.0.so.0.2400.10
7f3766b34000-7f3766f66000 r-xp 00000000 08:03 4200141                    /usr/lib/x86_64-linux-gnu/libgtk-x11-2.0.so.0.2400.10
7f3766f66000-7f3767166000 ---p 00432000 08:03 4200141                    /usr/lib/x86_64-linux-gnu/libgtk-x11-2.0.so.0.2400.10
7f3767166000-7f3767171000 rw-p 00432000 08:03 4200141                    /usr/lib/x86_64-linux-gnu/libgtk-x11-2.0.so.0.2400.10
7f3767171000-7f3767173000 rw-p 00000000 00:00 0 
7f3767173000-7f3767181000 r-xp 00000000 08:03 4199751                    /usr/lib/x86_64-linux-gnu/libXi.so.6.1.0
7f3767181000-7f3767381000 ---p 0000e000 08:03 4199751                    /usr/lib/x86_64-linux-gnu/libXi.so.6.1.0
7f3767381000-7f3767382000 rw-p 0000e000 08:03 4199751                    /usr/lib/x86_64-linux-gnu/libXi.so.6.1.0
7f3767382000-7f376738b000 r-xp 00000000 08:03 4199763                    /usr/lib/x86_64-linux-gnu/libXrender.so.1.3.0
7f376738b000-7f376758a000 ---p 00009000 08:03 4199763                    /usr/lib/x86_64-linux-gnu/libXrender.so.1.3.0
7f376758a000-7f376758b000 rw-p 00008000 08:03 4199763                    /usr/lib/x86_64-linux-gnu/libXrender.so.1.3.0
7f376758b000-7f37676c0000 r-xp 00000000 08:03 4199728                    /usr/lib/x86_64-linux-gnu/libX11.so.6.3.0
7f37676c0000-7f37678c0000 ---p 00135000 08:03 4199728                    /usr/lib/x86_64-linux-gnu/libX11.so.6.3.0
7f37678c0000-7f37678c6000 rw-p 00135000 08:03 4199728                    /usr/lib/x86_64-linux-gnu/libX11.so.6.3.0
7f37678c6000-7f37678d7000 r-xp 00000000 08:03 4199745                    /usr/lib/x86_64-linux-gnu/libXext.so.6.4.0
7f37678d7000-7f3767ad7000 ---p 00011000 08:03 4199745                    /usr/lib/x86_64-linux-gnu/libXext.so.6.4.0
7f3767ad7000-7f3767ad8000 rw-p 00011000 08:03 4199745                    /usr/lib/x86_64-linux-gnu/libXext.so.6.4.0
7f3767ad8000-7f3767b2b000 r-xp 00000000 08:03 3934319                    /usr/lib/jvm/java-7-openjdk-amd64/jre/lib/amd64/xawt/libmawt.so
7f3767b2b000-7f3767d2a000 ---p 00053000 08:03 3934319                    /usr/lib/jvm/java-7-openjdk-amd64/jre/lib/amd64/xawt/libmawt.so
7f3767d2a000-7f3767d2b000 r--p 00052000 08:03 3934319                    /usr/lib/jvm/java-7-openjdk-amd64/jre/lib/amd64/xawt/libmawt.so
7f3767d2b000-7f3767d2e000 rw-p 00053000 08:03 3934319                    /usr/lib/jvm/java-7-openjdk-amd64/jre/lib/amd64/xawt/libmawt.so
7f3767d2e000-7f3767d2f000 rw-p 00000000 00:00 0 
7f3767d2f000-7f3767dd0000 r-xp 00000000 08:03 3934218                    /usr/lib/jvm/java-7-openjdk-amd64/jre/lib/amd64/libawt.so
7f3767dd0000-7f3767fcf000 ---p 000a1000 08:03 3934218                    /usr/lib/jvm/java-7-openjdk-amd64/jre/lib/amd64/libawt.so
7f3767fcf000-7f3767fd0000 r--p 000a0000 08:03 3934218                    /usr/lib/jvm/java-7-openjdk-amd64/jre/lib/amd64/libawt.so
7f3767fd0000-7f3767fdb000 rw-p 000a1000 08:03 3934218                    /usr/lib/jvm/java-7-openjdk-amd64/jre/lib/amd64/libawt.so
7f3767fdb000-7f3768000000 rw-p 00000000 00:00 0 
7f3768000000-7f37684f6000 rw-p 00000000 00:00 0 
7f37684f6000-7f376c000000 ---p 00000000 00:00 0 
7f376c000000-7f376c021000 rw-p 00000000 00:00 0 
7f376c021000-7f3770000000 ---p 00000000 00:00 0 
7f3770000000-7f3770021000 rw-p 00000000 00:00 0 
7f3770021000-7f3774000000 ---p 00000000 00:00 0 
7f3774000000-7f377439b000 rw-p 00000000 00:00 0 
7f377439b000-7f3778000000 ---p 00000000 00:00 0 
7f3778000000-7f3778021000 rw-p 00000000 00:00 0 
7f3778021000-7f377c000000 ---p 00000000 00:00 0 
7f377c000000-7f377c021000 rw-p 00000000 00:00 0 
7f377c021000-7f3780000000 ---p 00000000 00:00 0 
7f3780000000-7f3780021000 rw-p 00000000 00:00 0 
7f3780021000-7f3784000000 ---p 00000000 00:00 0 
7f3784000000-7f3784021000 rw-p 00000000 00:00 0 
7f3784021000-7f3788000000 ---p 00000000 00:00 0 
7f3788000000-7f3788021000 rw-p 00000000 00:00 0 
7f3788021000-7f378c000000 ---p 00000000 00:00 0 
7f378c000000-7f378c021000 rw-p 00000000 00:00 0 
7f378c021000-7f3790000000 ---p 00000000 00:00 0 
7f3790000000-7f3790021000 rw-p 00000000 00:00 0 
7f3790021000-7f3794000000 ---p 00000000 00:00 0 
7f3794001000-7f3794006000 r-xp 00000000 08:03 4199769                    /usr/lib/x86_64-linux-gnu/libXtst.so.6.1.0
7f3794006000-7f3794205000 ---p 00005000 08:03 4199769                    /usr/lib/x86_64-linux-gnu/libXtst.so.6.1.0
7f3794205000-7f3794206000 rw-p 00004000 08:03 4199769                    /usr/lib/x86_64-linux-gnu/libXtst.so.6.1.0
7f3794207000-7f3794217000 rw-s e0200000 00:05 7289                       /dev/ati/card0
7f3794217000-7f379421e000 r--s 00000000 08:03 4206154                    /usr/lib/x86_64-linux-gnu/gconv/gconv-modules.cache
7f379421e000-7f3794227000 r--s 000b9000 08:03 3934170                    /usr/lib/jvm/java-7-openjdk-amd64/jre/lib/resources.jar
7f3794227000-7f3794264000 r-xp 00000000 08:03 10486182                   /tmp/libgdxchobe/5502b6ed/libgdx64.so
7f3794264000-7f3794463000 ---p 0003d000 08:03 10486182                   /tmp/libgdxchobe/5502b6ed/libgdx64.so
7f3794463000-7f3794464000 r--p 0003c000 08:03 10486182                   /tmp/libgdxchobe/5502b6ed/libgdx64.so
7f3794464000-7f3794465000 rw-p 0003d000 08:03 10486182                   /tmp/libgdxchobe/5502b6ed/libgdx64.so
7f3794465000-7f3794466000 r--s 00002000 08:03 10488693                   /home/chobe/.gradle/caches/modules-2/files-2.1/net.java.jinput/jinput-platform/2.0.5/53f9c919f34d2ca9de8c51fc4e1e8282029a9232/jinput-platform-2.0.5-natives-osx.jar
7f3794466000-7f3794467000 r--s 00025000 08:03 10488692                   /home/chobe/.gradle/caches/modules-2/files-2.1/net.java.jinput/jinput-platform/2.0.5/385ee093e01f587f30ee1c8a2ee7d408fd732e16/jinput-platform-2.0.5-natives-windows.jar
7f3794467000-7f3794468000 r--s 00002000 08:03 10488691                   /home/chobe/.gradle/caches/modules-2/files-2.1/net.java.jinput/jinput-platform/2.0.5/7ff832a6eb9ab6a767f1ade2b548092d0fa64795/jinput-platform-2.0.5-natives-linux.jar
7f3794468000-7f3794469000 r--s 00001000 08:03 10488690                   /home/chobe/.gradle/caches/modules-2/files-2.1/net.java.jutils/jutils/1.0.0/e12fe1fda814bd348c1579329c86943d2cd3c6a6/jutils-1.0.0.jar
7f3794469000-7f379446d000 r--s 0002f000 08:03 10488689                   /home/chobe/.gradle/caches/modules-2/files-2.1/net.java.jinput/jinput/2.0.5/39c7796b469a600f72380316f6b1f11db6c2c7c4/jinput-2.0.5.jar
7f379446d000-7f379446e000 r--s 00080000 08:03 10488688                   /home/chobe/.gradle/caches/modules-2/files-2.1/org.lwjgl.lwjgl/lwjgl-platform/2.9.1/2d12c83fdfbc04ecabf02c7bc8cc54d034f0daac/lwjgl-platform-2.9.1-natives-osx.jar
7f379446e000-7f379446f000 r--s 0008b000 08:03 10488687                   /home/chobe/.gradle/caches/modules-2/files-2.1/org.lwjgl.lwjgl/lwjgl-platform/2.9.1/aa9aae879af8eb378e22cfc64db56ec2ca9a44d1/lwjgl-platform-2.9.1-natives-linux.jar
7f379446f000-7f3794470000 r--s 00095000 08:03 10488686                   /home/chobe/.gradle/caches/modules-2/files-2.1/org.lwjgl.lwjgl/lwjgl-platform/2.9.1/4c517eca808522457dd95ee8fc1fbcdbb602efbe/lwjgl-platform-2.9.1-natives-windows.jar
7f3794470000-7f3794472000 r--s 00017000 08:03 10488685                   /home/chobe/.gradle/caches/modules-2/files-2.1/org.jcraft/jorbis/0.0.17/8872d22b293e8f5d7d56ff92be966e6dc28ebdc6/jorbis-0.0.17.jar
7f3794472000-7f3794473000 r--s 00015000 08:03 10488684                   /home/chobe/.gradle/caches/modules-2/files-2.1/com.badlogicgames.jlayer/jlayer/1.0.1-gdx/7cca83cec5c1b2f011362f4d85aabd71a73b049d/jlayer-1.0.1-gdx.jar
7f3794473000-7f3794477000 r--s 00027000 08:03 10488683                   /home/chobe/.gradle/caches/modules-2/files-2.1/org.lwjgl.lwjgl/lwjgl_util/2.9.1/290d7ba8a1bd9566f5ddf16ad06f09af5ec9b20e/lwjgl_util-2.9.1.jar
7f3794477000-7f3794485000 r--s 000ea000 08:03 10488682                   /home/chobe/.gradle/caches/modules-2/files-2.1/org.lwjgl.lwjgl/lwjgl/2.9.1/f58c5aabcef0e41718a564be9f8e412fff8db847/lwjgl-2.9.1.jar
7f3794485000-7f379449a000 r--s 00153000 08:03 10488660                   /home/chobe/.gradle/caches/modules-2/files-2.1/com.badlogicgames.gdx/gdx/1.1.0/686f5a609c717eb0769d3b954c501a49bf4fe351/gdx-1.1.0.jar
7f379449a000-7f379449b000 ---p 00000000 00:00 0 
7f379449b000-7f379459b000 rw-p 00000000 00:00 0 
7f379459b000-7f379459e000 ---p 00000000 00:00 0 
7f379459e000-7f379469c000 rw-p 00000000 00:00 0 
7f379469c000-7f379469f000 ---p 00000000 00:00 0 
7f379469f000-7f379479d000 rw-p 00000000 00:00 0 
7f379479d000-7f37947a0000 ---p 00000000 00:00 0 
7f37947a0000-7f379489e000 rw-p 00000000 00:00 0 
7f379489e000-7f37948a1000 ---p 00000000 00:00 0 
7f37948a1000-7f379499f000 rw-p 00000000 00:00 0 
7f379499f000-7f3794b28000 r--p 00000000 08:03 4067802                    /usr/lib/locale/locale-archive
7f3794b28000-7f3794b2b000 ---p 00000000 00:00 0 
7f3794b2b000-7f3794c29000 rw-p 00000000 00:00 0 
7f3794c29000-7f3794c2c000 ---p 00000000 00:00 0 
7f3794c2c000-7f3794d2a000 rw-p 00000000 00:00 0 
7f3794d2a000-7f3794d2b000 ---p 00000000 00:00 0 
7f3794d2b000-7f3795e07000 rw-p 00000000 00:00 0 
7f3795e07000-7f3795fb5000 r--s 01cfc000 08:03 3934153                    /usr/lib/jvm/java-7-openjdk-amd64/jre/lib/rt.jar
7f3795fb5000-7f3798671000 rw-p 00000000 00:00 0 
7f3798671000-7f3798672000 ---p 00000000 00:00 0 
7f3798672000-7f3798772000 rw-p 00000000 00:00 0 
7f3798772000-7f3798773000 ---p 00000000 00:00 0 
7f3798773000-7f3798873000 rw-p 00000000 00:00 0 
7f3798873000-7f3798874000 ---p 00000000 00:00 0 
7f3798874000-7f3798974000 rw-p 00000000 00:00 0 
7f3798974000-7f3798975000 ---p 00000000 00:00 0 
7f3798975000-7f3798a8a000 rw-p 00000000 00:00 0 
7f3798a8a000-7f3798bbb000 rw-p 00000000 00:00 0 
7f3798bbb000-7f3798bc6000 rw-p 00000000 00:00 0 
7f3798bc6000-7f3798c0e000 rw-p 00000000 00:00 0 
7f3798c0e000-7f3798c23000 rw-p 00000000 00:00 0 
7f3798c23000-7f3798d53000 rw-p 00000000 00:00 0 
7f3798d53000-7f3798d5e000 rw-p 00000000 00:00 0 
7f3798d5e000-7f3798df6000 rw-p 00000000 00:00 0 
7f3798df6000-7f3798df7000 rw-p 00000000 00:00 0 
7f3798df7000-7f3799067000 rwxp 00000000 00:00 0 
7f3799067000-7f379bdf7000 rw-p 00000000 00:00 0 
7f379bdf7000-7f379bdff000 r-xp 00000000 08:03 3934210                    /usr/lib/jvm/java-7-openjdk-amd64/jre/lib/amd64/libzip.so
7f379bdff000-7f379bffe000 ---p 00008000 08:03 3934210                    /usr/lib/jvm/java-7-openjdk-amd64/jre/lib/amd64/libzip.so
7f379bffe000-7f379bfff000 r--p 00007000 08:03 3934210                    /usr/lib/jvm/java-7-openjdk-amd64/jre/lib/amd64/libzip.so
7f379bfff000-7f379c000000 rw-p 00008000 08:03 3934210                    /usr/lib/jvm/java-7-openjdk-amd64/jre/lib/amd64/libzip.so
7f379c000000-7f379c36a000 rw-p 00000000 00:00 0 
7f379c36a000-7f37a0000000 ---p 00000000 00:00 0 
7f37a0000000-7f37a0001000 rw-s 00005000 00:05 7289                       /dev/ati/card0
7f37a0001000-7f37a0003000 rw-s 00002000 00:05 7289                       /dev/ati/card0
7f37a0003000-7f37a0008000 r--s 0004c000 08:03 3934152                    /usr/lib/jvm/java-7-openjdk-amd64/jre/lib/jsse.jar
7f37a0008000-7f37a0009000 r--s 000cd000 08:03 10488678                   /home/chobe/.gradle/caches/modules-2/files-2.1/com.badlogicgames.gdx/gdx-platform/1.1.0/1c7ea4239c2d9adda420c15985fe3885c481fdcf/gdx-platform-1.1.0-natives-desktop.jar
7f37a0009000-7f37a005d000 rw-p 00000000 00:00 0 
7f37a005d000-7f37a00a5000 rw-p 00000000 00:00 0 
7f37a00a5000-7f37a00b0000 r-xp 00000000 08:03 12192223                   /lib/x86_64-linux-gnu/libnss_files-2.19.so
7f37a00b0000-7f37a02af000 ---p 0000b000 08:03 12192223                   /lib/x86_64-linux-gnu/libnss_files-2.19.so
7f37a02af000-7f37a02b0000 r--p 0000a000 08:03 12192223                   /lib/x86_64-linux-gnu/libnss_files-2.19.so
7f37a02b0000-7f37a02b1000 rw-p 0000b000 08:03 12192223                   /lib/x86_64-linux-gnu/libnss_files-2.19.so
7f37a02b1000-7f37a02bb000 r-xp 00000000 08:03 12192211                   /lib/x86_64-linux-gnu/libnss_nis-2.19.so
7f37a02bb000-7f37a04ba000 ---p 0000a000 08:03 12192211                   /lib/x86_64-linux-gnu/libnss_nis-2.19.so
7f37a04ba000-7f37a04bb000 r--p 00009000 08:03 12192211                   /lib/x86_64-linux-gnu/libnss_nis-2.19.so
7f37a04bb000-7f37a04bc000 rw-p 0000a000 08:03 12192211                   /lib/x86_64-linux-gnu/libnss_nis-2.19.so
7f37a04bc000-7f37a04d1000 r-xp 00000000 08:03 12192215                   /lib/x86_64-linux-gnu/libnsl-2.19.so
7f37a04d1000-7f37a06d0000 ---p 00015000 08:03 12192215                   /lib/x86_64-linux-gnu/libnsl-2.19.so
7f37a06d0000-7f37a06d1000 r--p 00014000 08:03 12192215                   /lib/x86_64-linux-gnu/libnsl-2.19.so
7f37a06d1000-7f37a06d2000 rw-p 00015000 08:03 12192215                   /lib/x86_64-linux-gnu/libnsl-2.19.so
7f37a06d2000-7f37a06d4000 rw-p 00000000 00:00 0 
7f37a06d4000-7f37a06db000 r-xp 00000000 08:03 12192212                   /lib/x86_64-linux-gnu/libnss_compat-2.19.so
7f37a06db000-7f37a08da000 ---p 00007000 08:03 12192212                   /lib/x86_64-linux-gnu/libnss_compat-2.19.so
7f37a08da000-7f37a08db000 r--p 00006000 08:03 12192212                   /lib/x86_64-linux-gnu/libnss_compat-2.19.so
7f37a08db000-7f37a08dc000 rw-p 00007000 08:03 12192212                   /lib/x86_64-linux-gnu/libnss_compat-2.19.so
7f37a08dc000-7f37a0907000 r-xp 00000000 08:03 3934215                    /usr/lib/jvm/java-7-openjdk-amd64/jre/lib/amd64/libjava.so
7f37a0907000-7f37a0b06000 ---p 0002b000 08:03 3934215                    /usr/lib/jvm/java-7-openjdk-amd64/jre/lib/amd64/libjava.so
7f37a0b06000-7f37a0b07000 r--p 0002a000 08:03 3934215                    /usr/lib/jvm/java-7-openjdk-amd64/jre/lib/amd64/libjava.so
7f37a0b07000-7f37a0b09000 rw-p 0002b000 08:03 3934215                    /usr/lib/jvm/java-7-openjdk-amd64/jre/lib/amd64/libjava.so
7f37a0b09000-7f37a0b18000 r-xp 00000000 08:03 3934216                    /usr/lib/jvm/java-7-openjdk-amd64/jre/lib/amd64/libverify.so
7f37a0b18000-7f37a0d17000 ---p 0000f000 08:03 3934216                    /usr/lib/jvm/java-7-openjdk-amd64/jre/lib/amd64/libverify.so
7f37a0d17000-7f37a0d19000 r--p 0000e000 08:03 3934216                    /usr/lib/jvm/java-7-openjdk-amd64/jre/lib/amd64/libverify.so
7f37a0d19000-7f37a0d1a000 rw-p 00010000 08:03 3934216                    /usr/lib/jvm/java-7-openjdk-amd64/jre/lib/amd64/libverify.so
7f37a0d1a000-7f37a0d21000 r-xp 00000000 08:03 12192213                   /lib/x86_64-linux-gnu/librt-2.19.so
7f37a0d21000-7f37a0f20000 ---p 00007000 08:03 12192213                   /lib/x86_64-linux-gnu/librt-2.19.so
7f37a0f20000-7f37a0f21000 r--p 00006000 08:03 12192213                   /lib/x86_64-linux-gnu/librt-2.19.so
7f37a0f21000-7f37a0f22000 rw-p 00007000 08:03 12192213                   /lib/x86_64-linux-gnu/librt-2.19.so
7f37a0f22000-7f37a0f37000 r-xp 00000000 08:03 12190593                   /lib/x86_64-linux-gnu/libgcc_s.so.1
7f37a0f37000-7f37a1137000 ---p 00015000 08:03 12190593                   /lib/x86_64-linux-gnu/libgcc_s.so.1
7f37a1137000-7f37a1138000 rw-p 00015000 08:03 12190593                   /lib/x86_64-linux-gnu/libgcc_s.so.1
7f37a1138000-7f37a1238000 r-xp 00000000 08:03 12192221                   /lib/x86_64-linux-gnu/libm-2.19.so
7f37a1238000-7f37a1437000 ---p 00100000 08:03 12192221                   /lib/x86_64-linux-gnu/libm-2.19.so
7f37a1437000-7f37a1438000 r--p 000ff000 08:03 12192221                   /lib/x86_64-linux-gnu/libm-2.19.so
7f37a1438000-7f37a1439000 rw-p 00100000 08:03 12192221                   /lib/x86_64-linux-gnu/libm-2.19.so
7f37a1439000-7f37a1521000 r-xp 00000000 08:03 4200440                    /usr/lib/x86_64-linux-gnu/libstdc++.so.6.0.17
7f37a1521000-7f37a1721000 ---p 000e8000 08:03 4200440                    /usr/lib/x86_64-linux-gnu/libstdc++.so.6.0.17
7f37a1721000-7f37a1729000 r--p 000e8000 08:03 4200440                    /usr/lib/x86_64-linux-gnu/libstdc++.so.6.0.17
7f37a1729000-7f37a172b000 rw-p 000f0000 08:03 4200440                    /usr/lib/x86_64-linux-gnu/libstdc++.so.6.0.17
7f37a172b000-7f37a1740000 rw-p 00000000 00:00 0 
7f37a1740000-7f37a2209000 r-xp 00000000 08:03 3934204                    /usr/lib/jvm/java-7-openjdk-amd64/jre/lib/amd64/server/libjvm.so
7f37a2209000-7f37a2409000 ---p 00ac9000 08:03 3934204                    /usr/lib/jvm/java-7-openjdk-amd64/jre/lib/amd64/server/libjvm.so
7f37a2409000-7f37a24a1000 r--p 00ac9000 08:03 3934204                    /usr/lib/jvm/java-7-openjdk-amd64/jre/lib/amd64/server/libjvm.so
7f37a24a1000-7f37a24c4000 rw-p 00b61000 08:03 3934204                    /usr/lib/jvm/java-7-openjdk-amd64/jre/lib/amd64/server/libjvm.so
7f37a24c4000-7f37a24f1000 rw-p 00000000 00:00 0 
7f37a24f1000-7f37a2508000 r-xp 00000000 08:03 12192203                   /lib/x86_64-linux-gnu/libz.so.1.2.8
7f37a2508000-7f37a2707000 ---p 00017000 08:03 12192203                   /lib/x86_64-linux-gnu/libz.so.1.2.8
7f37a2707000-7f37a2708000 r--p 00016000 08:03 12192203                   /lib/x86_64-linux-gnu/libz.so.1.2.8
7f37a2708000-7f37a2709000 rw-p 00017000 08:03 12192203                   /lib/x86_64-linux-gnu/libz.so.1.2.8
7f37a2709000-7f37a28a8000 r-xp 00000000 08:03 12192214                   /lib/x86_64-linux-gnu/libc-2.19.so
7f37a28a8000-7f37a2aa8000 ---p 0019f000 08:03 12192214                   /lib/x86_64-linux-gnu/libc-2.19.so
7f37a2aa8000-7f37a2aac000 r--p 0019f000 08:03 12192214                   /lib/x86_64-linux-gnu/libc-2.19.so
7f37a2aac000-7f37a2aae000 rw-p 001a3000 08:03 12192214                   /lib/x86_64-linux-gnu/libc-2.19.so
7f37a2aae000-7f37a2ab2000 rw-p 00000000 00:00 0 
7f37a2ab2000-7f37a2ab5000 r-xp 00000000 08:03 12192219                   /lib/x86_64-linux-gnu/libdl-2.19.so
7f37a2ab5000-7f37a2cb4000 ---p 00003000 08:03 12192219                   /lib/x86_64-linux-gnu/libdl-2.19.so
7f37a2cb4000-7f37a2cb5000 r--p 00002000 08:03 12192219                   /lib/x86_64-linux-gnu/libdl-2.19.so
7f37a2cb5000-7f37a2cb6000 rw-p 00003000 08:03 12192219                   /lib/x86_64-linux-gnu/libdl-2.19.so
7f37a2cb6000-7f37a2cc3000 r-xp 00000000 08:03 3934207                    /usr/lib/jvm/java-7-openjdk-amd64/jre/lib/amd64/jli/libjli.so
7f37a2cc3000-7f37a2ec2000 ---p 0000d000 08:03 3934207                    /usr/lib/jvm/java-7-openjdk-amd64/jre/lib/amd64/jli/libjli.so
7f37a2ec2000-7f37a2ec3000 r--p 0000c000 08:03 3934207                    /usr/lib/jvm/java-7-openjdk-amd64/jre/lib/amd64/jli/libjli.so
7f37a2ec3000-7f37a2ec4000 rw-p 0000d000 08:03 3934207                    /usr/lib/jvm/java-7-openjdk-amd64/jre/lib/amd64/jli/libjli.so
7f37a2ec4000-7f37a2edc000 r-xp 00000000 08:03 12192218                   /lib/x86_64-linux-gnu/libpthread-2.19.so
7f37a2edc000-7f37a30db000 ---p 00018000 08:03 12192218                   /lib/x86_64-linux-gnu/libpthread-2.19.so
7f37a30db000-7f37a30dc000 r--p 00017000 08:03 12192218                   /lib/x86_64-linux-gnu/libpthread-2.19.so
7f37a30dc000-7f37a30dd000 rw-p 00018000 08:03 12192218                   /lib/x86_64-linux-gnu/libpthread-2.19.so
7f37a30dd000-7f37a30e1000 rw-p 00000000 00:00 0 
7f37a30e1000-7f37a3101000 r-xp 00000000 08:03 12192217                   /lib/x86_64-linux-gnu/ld-2.19.so
7f37a3101000-7f37a3104000 r--s 0001f000 08:03 10488677                   /home/chobe/.gradle/caches/modules-2/files-2.1/com.badlogicgames.gdx/gdx-backend-lwjgl/1.1.0/eafa409559820c1696e165e1280435f1332fc32b/gdx-backend-lwjgl-1.1.0.jar
7f37a3104000-7f37a3107000 r--s 0001f000 08:01 772750                     /media/winDisk/Users/ChobeDucket/Documents/sheep/core/build/libs/core-1.0.jar
7f37a3107000-7f37a310b000 r--s 0003b000 08:03 3934173                    /usr/lib/jvm/java-7-openjdk-amd64/jre/lib/ext/sunpkcs11.jar
7f37a310b000-7f37a310c000 r--s 00002000 08:03 3934178                    /usr/lib/jvm/java-7-openjdk-amd64/jre/lib/ext/dnsns.jar
7f37a310c000-7f37a310f000 r--s 00032000 08:03 3934176                    /usr/lib/jvm/java-7-openjdk-amd64/jre/lib/ext/sunjce_provider.jar
7f37a310f000-7f37a3111000 r--s 0000f000 08:03 3934175                    /usr/lib/jvm/java-7-openjdk-amd64/jre/lib/ext/pulse-java.jar
7f37a3111000-7f37a3113000 r--s 00012000 08:03 3934174                    /usr/lib/jvm/java-7-openjdk-amd64/jre/lib/ext/zipfs.jar
7f37a3113000-7f37a3117000 r--s 00085000 08:03 3934172                    /usr/lib/jvm/java-7-openjdk-amd64/jre/lib/ext/localedata.jar
7f37a3117000-7f37a3118000 r--s 00007000 08:03 5645676                    /usr/share/java/java-atk-wrapper.jar
7f37a3118000-7f37a3122000 rw-p 00000000 00:00 0 
7f37a3122000-7f37a31d8000 rw-p 00000000 00:00 0 
7f37a31d8000-7f37a31db000 ---p 00000000 00:00 0 
7f37a31db000-7f37a32f5000 rw-p 00000000 00:00 0 
7f37a32f5000-7f37a32fd000 rw-s 00000000 08:03 10490934                   /tmp/hsperfdata_chobe/27095 (deleted)
7f37a32fd000-7f37a32fe000 rw-p 00000000 00:00 0 
7f37a32fe000-7f37a32ff000 ---p 00000000 00:00 0 
7f37a32ff000-7f37a3301000 rw-p 00000000 00:00 0 
7f37a3301000-7f37a3302000 r--p 00020000 08:03 12192217                   /lib/x86_64-linux-gnu/ld-2.19.so
7f37a3302000-7f37a3303000 rw-p 00021000 08:03 12192217                   /lib/x86_64-linux-gnu/ld-2.19.so
7f37a3303000-7f37a3304000 rw-p 00000000 00:00 0 
7fff5fafe000-7fff5fb20000 rw-p 00000000 00:00 0                          [stack]
7fff5fb4c000-7fff5fb4d000 r-xp 00000000 00:00 0                          [vdso]
ffffffffff600000-ffffffffff601000 r-xp 00000000 00:00 0                  [vsyscall]

VM Arguments:
jvm_args: -Dfile.encoding=UTF-8 
java_command: com.mygdx.sheep.desktop.DesktopLauncher
Launcher Type: SUN_STANDARD

Environment Variables:
PATH=/usr/local/bin:/usr/bin:/bin:/usr/local/games:/usr/games:/home/chobe/.local/bin:/home/chobe/sdks/adt-bundle-linux-x86_64-20140321/sdk//platform-tools/adb:/home/chobe/sdks/adt-bundle-linux-x86_64-20140321/sdk//platform-tools/
USERNAME=chobe
SHELL=/bin/bash
DISPLAY=:0

Signal Handlers:
SIGSEGV: [libjvm.so+0x8f9750], sa_mask[0]=0x7ffbfeff, sa_flags=0x10000004
SIGBUS: [libjvm.so+0x8f9750], sa_mask[0]=0x7ffbfeff, sa_flags=0x10000004
SIGFPE: [libjvm.so+0x7827c0], sa_mask[0]=0x7ffbfeff, sa_flags=0x10000004
SIGPIPE: [libjvm.so+0x7827c0], sa_mask[0]=0x7ffbfeff, sa_flags=0x10000004
SIGXFSZ: [libjvm.so+0x7827c0], sa_mask[0]=0x7ffbfeff, sa_flags=0x10000004
SIGILL: [libjvm.so+0x7827c0], sa_mask[0]=0x7ffbfeff, sa_flags=0x10000004
SIGUSR1: SIG_DFL, sa_mask[0]=0x00000000, sa_flags=0x00000000
SIGUSR2: [libjvm.so+0x782ab0], sa_mask[0]=0x00000004, sa_flags=0x10000004
SIGHUP: [libjvm.so+0x782c20], sa_mask[0]=0x7ffbfeff, sa_flags=0x10000004
SIGINT: [libjvm.so+0x782c20], sa_mask[0]=0x7ffbfeff, sa_flags=0x10000004
SIGTERM: [libjvm.so+0x782c20], sa_mask[0]=0x7ffbfeff, sa_flags=0x10000004
SIGQUIT: [libjvm.so+0x782c20], sa_mask[0]=0x7ffbfeff, sa_flags=0x10000004


---------------  S Y S T E M  ---------------

OS:7.5

uname:Linux 3.2.0-4-amd64 #1 SMP Debian 3.2.57-3+deb7u1 x86_64
libc:glibc 2.19 NPTL 2.19 
rlimit: STACK 8192k, CORE 0k, NPROC 31105, NOFILE 4096, AS infinity
load average:0.35 0.60 0.85

/proc/meminfo:
MemTotal:        3993672 kB
MemFree:         1566192 kB
Buffers:           65272 kB
Cached:           567468 kB
SwapCached:       237696 kB
Active:          1489848 kB
Inactive:         646540 kB
Active(anon):    1276812 kB
Inactive(anon):   255692 kB
Active(file):     213036 kB
Inactive(file):   390848 kB
Unevictable:           0 kB
Mlocked:               0 kB
SwapTotal:       4120572 kB
SwapFree:        3478552 kB
Dirty:               112 kB
Writeback:             0 kB
AnonPages:       1490172 kB
Mapped:           183340 kB
Shmem:             28856 kB
Slab:              73328 kB
SReclaimable:      45064 kB
SUnreclaim:        28264 kB
KernelStack:        3704 kB
PageTables:        28764 kB
NFS_Unstable:          0 kB
Bounce:                0 kB
WritebackTmp:          0 kB
CommitLimit:     6117408 kB
Committed_AS:    3826060 kB
VmallocTotal:   34359738367 kB
VmallocUsed:      170472 kB
VmallocChunk:   34359561712 kB
HardwareCorrupted:     0 kB
AnonHugePages:         0 kB
HugePages_Total:       0
HugePages_Free:        0
HugePages_Rsvd:        0
HugePages_Surp:        0
Hugepagesize:       2048 kB
DirectMap4k:     1172480 kB
DirectMap2M:     2955264 kB


CPU:total 4 (4 cores per cpu, 1 threads per core) family 6 model 15 stepping 11, cmov, cx8, fxsr, mmx, sse, sse2, sse3, ssse3, tsc

/proc/cpuinfo:
processor	: 0
vendor_id	: GenuineIntel
cpu family	: 6
model		: 15
model name	: Intel(R) Core(TM)2 Quad CPU    Q6600  @ 2.40GHz
stepping	: 11
cpu MHz		: 1596.000
cache size	: 4096 KB
physical id	: 0
siblings	: 4
core id		: 0
cpu cores	: 4
apicid		: 0
initial apicid	: 0
fpu		: yes
fpu_exception	: yes
cpuid level	: 10
wp		: yes
flags		: fpu vme de pse tsc msr pae mce cx8 apic sep mtrr pge mca cmov pat pse36 clflush dts acpi mmx fxsr sse sse2 ss ht tm pbe syscall nx lm constant_tsc arch_perfmon pebs bts rep_good nopl aperfmperf pni dtes64 monitor ds_cpl vmx est tm2 ssse3 cx16 xtpr pdcm lahf_lm dtherm tpr_shadow vnmi flexpriority
bogomips	: 4795.82
clflush size	: 64
cache_alignment	: 64
address sizes	: 36 bits physical, 48 bits virtual
power management:

processor	: 1
vendor_id	: GenuineIntel
cpu family	: 6
model		: 15
model name	: Intel(R) Core(TM)2 Quad CPU    Q6600  @ 2.40GHz
stepping	: 11
cpu MHz		: 1596.000
cache size	: 4096 KB
physical id	: 0
siblings	: 4
core id		: 2
cpu cores	: 4
apicid		: 2
initial apicid	: 2
fpu		: yes
fpu_exception	: yes
cpuid level	: 10
wp		: yes
flags		: fpu vme de pse tsc msr pae mce cx8 apic sep mtrr pge mca cmov pat pse36 clflush dts acpi mmx fxsr sse sse2 ss ht tm pbe syscall nx lm constant_tsc arch_perfmon pebs bts rep_good nopl aperfmperf pni dtes64 monitor ds_cpl vmx est tm2 ssse3 cx16 xtpr pdcm lahf_lm dtherm tpr_shadow vnmi flexpriority
bogomips	: 4795.58
clflush size	: 64
cache_alignment	: 64
address sizes	: 36 bits physical, 48 bits virtual
power management:

processor	: 2
vendor_id	: GenuineIntel
cpu family	: 6
model		: 15
model name	: Intel(R) Core(TM)2 Quad CPU    Q6600  @ 2.40GHz
stepping	: 11
cpu MHz		: 1596.000
cache size	: 4096 KB
physical id	: 0
siblings	: 4
core id		: 1
cpu cores	: 4
apicid		: 1
initial apicid	: 1
fpu		: yes
fpu_exception	: yes
cpuid level	: 10
wp		: yes
flags		: fpu vme de pse tsc msr pae mce cx8 apic sep mtrr pge mca cmov pat pse36 clflush dts acpi mmx fxsr sse sse2 ss ht tm pbe syscall nx lm constant_tsc arch_perfmon pebs bts rep_good nopl aperfmperf pni dtes64 monitor ds_cpl vmx est tm2 ssse3 cx16 xtpr pdcm lahf_lm dtherm tpr_shadow vnmi flexpriority
bogomips	: 4795.56
clflush size	: 64
cache_alignment	: 64
address sizes	: 36 bits physical, 48 bits virtual
power management:

processor	: 3
vendor_id	: GenuineIntel
cpu family	: 6
model		: 15
model name	: Intel(R) Core(TM)2 Quad CPU    Q6600  @ 2.40GHz
stepping	: 11
cpu MHz		: 1596.000
cache size	: 4096 KB
physical id	: 0
siblings	: 4
core id		: 3
cpu cores	: 4
apicid		: 3
initial apicid	: 3
fpu		: yes
fpu_exception	: yes
cpuid level	: 10
wp		: yes
flags		: fpu vme de pse tsc msr pae mce cx8 apic sep mtrr pge mca cmov pat pse36 clflush dts acpi mmx fxsr sse sse2 ss ht tm pbe syscall nx lm constant_tsc arch_perfmon pebs bts rep_good nopl aperfmperf pni dtes64 monitor ds_cpl vmx est tm2 ssse3 cx16 xtpr pdcm lahf_lm dtherm tpr_shadow vnmi flexpriority
bogomips	: 4795.57
clflush size	: 64
cache_alignment	: 64
address sizes	: 36 bits physical, 48 bits virtual
power management:



Memory: 4k page, physical 3993672k(1566192k free), swap 4120572k(3478552k free)

vm_info: OpenJDK 64-Bit Server VM (24.51-b03) for linux-amd64 JRE (1.7.0_55-b14), built on May  2 2014 11:33:06 by "buildd" with gcc 4.7.2

time: Mon Jul  7 21:56:28 2014
elapsed time: 73 seconds

