#
# A fatal error has been detected by the Java Runtime Environment:
#
#  SIGSEGV (0xb) at pc=0x00007f4e4baede38, pid=32650, tid=139974346024704
#
# JRE version: OpenJDK Runtime Environment (7.0_55-b14) (build 1.7.0_55-b14)
# Java VM: OpenJDK 64-Bit Server VM (24.51-b03 mixed mode linux-amd64 compressed oops)
# Problematic frame:
# C  [libX11.so.6+0x3ae38]  XQueryExtension+0x28
#
# Failed to write core dump. Core dumps have been disabled. To enable core dumping, try "ulimit -c unlimited" before starting Java again
#
# If you would like to submit a bug report, please include
# instructions on how to reproduce the bug and visit:
#   http://icedtea.classpath.org/bugzilla
#

---------------  T H R E A D  ---------------

Current thread (0x00007f4e5c076800):  VMThread [stack: 0x00007f4e511c2000,0x00007f4e512c3000] [id=32660]

siginfo:si_signo=SIGSEGV: si_errno=0, si_code=1 (SEGV_MAPERR), si_addr=0x000000000400de58

Registers:
RAX=0x00007f4e34000b10, RBX=0x000000000400d4f0, RCX=0x00007f4e512c16d8, RDX=0x00007f4e512c16d4
RSP=0x00007f4e512c1670, RBP=0x00007f4e0cb49600, RSI=0x00007f4e0ca10992, RDI=0x000000000400d4f0
R8 =0x00007f4e512c16dc, R9 =0x0000000000000000, R10=0x00007f4e0cb493c0, R11=0x00007f4e62cc71c0
R12=0x00007f4e0ca10992, R13=0x00007f4e34000b10, R14=0x00007f4e512c1ae0, R15=0x00007f4e0402ab40
RIP=0x00007f4e4baede38, EFLAGS=0x0000000000010202, CSGSFS=0x0000000000000033, ERR=0x0000000000000004
  TRAPNO=0x000000000000000e

Top of Stack: (sp=0x00007f4e512c1670)
0x00007f4e512c1670:   0000000000000000 0000000000000000
0x00007f4e512c1680:   000000770000006e 0000000000000000
0x00007f4e512c1690:   000100010000007c 000000000400d4f0
0x00007f4e512c16a0:   00007f4e0cb49600 00007f4e0ca10992
0x00007f4e512c16b0:   00007f4e34000b10 00007f4e512c1ae0
0x00007f4e512c16c0:   00007f4e0402ab40 00007f4e4bae1e72
0x00007f4e512c16d0:   00007f4e0402ab40 00007f4e62d0b220
0x00007f4e512c16e0:   0000000000000000 00007f4e0cb49600
0x00007f4e512c16f0:   000000000400d4f0 00007f4e4bdfb71d
0x00007f4e512c1700:   00007f4e0ca10992 0000001100000000
0x00007f4e512c1710:   00007f4e00000005 0000000000000000
0x00007f4e512c1720:   00007f4e512c1790 000000000400d4f0
0x00007f4e512c1730:   00007f4e512c19d8 00007f4e512c1ae0
0x00007f4e512c1740:   00007f4e0cb62e50 00007f4e0c9b93d9
0x00007f4e512c1750:   00000000ffffffff 00007f4e0400ff20
0x00007f4e512c1760:   00007f4e512c1790 00007f4e1168b9e0
0x00007f4e512c1770:   00007f4e512c19d8 00007f4e512c1ae0
0x00007f4e512c1780:   0000000000000000 00007f4e0c9adae2
0x00007f4e512c1790:   00007f4e512c1b50 00007f4e0ca10911
0x00007f4e512c17a0:   00007f4e512c1b50 00007f4e63676058
0x00007f4e512c17b0:   00007f4e638891a8 00007f4e63889740
0x00007f4e512c17c0:   00007f4e63863000 00007f4e5c0094f0
0x00007f4e512c17d0:   00007f4e5c00a020 00007f4e5c00a530
0x00007f4e512c17e0:   00007f4e5c017440 00007f4e5c1ab8e0
0x00007f4e512c17f0:   00007f4e5c2c4b70 00007f4e5c2c0a50
0x00007f4e512c1800:   00007f4e5c1e92e0 00007f4e5c1fa130
0x00007f4e512c1810:   00007f4e5c2017d0 00007f4e5c2012a0
0x00007f4e512c1820:   00007f4e5c200d70 00007f4e5c2050c0
0x00007f4e512c1830:   00007f4e5c204ba0 00007f4e5c205e70
0x00007f4e512c1840:   00007f4e5c204690 00007f4e5c200840
0x00007f4e512c1850:   00007f4e5c202c60 00007f4e5c2036a0
0x00007f4e512c1860:   00007f4e5c203180 00007f4e5c203bc0 

Instructions: (pc=0x00007f4e4baede38)
0x00007f4e4baede18:   24 e0 48 89 fb 4c 89 6c 24 e8 4c 89 74 24 f0 49
0x00007f4e4baede28:   89 f4 4c 89 7c 24 f8 48 89 6c 24 d8 48 83 ec 58
0x00007f4e4baede38:   48 8b 87 68 09 00 00 49 89 d7 49 89 ce 4d 89 c5
0x00007f4e4baede48:   48 85 c0 74 02 ff 10 ba 08 00 00 00 be 62 00 00 

Register to memory mapping:

RAX=0x00007f4e34000b10 is an unknown value
RBX=0x000000000400d4f0 is an unknown value
RCX=0x00007f4e512c16d8 is an unknown value
RDX=0x00007f4e512c16d4 is an unknown value
RSP=0x00007f4e512c1670 is an unknown value
RBP=0x00007f4e0cb49600: <offset 0x1cf600> in /usr/lib/x86_64-linux-gnu/libGL.so.1 at 0x00007f4e0c97a000
RSI=0x00007f4e0ca10992: <offset 0x96992> in /usr/lib/x86_64-linux-gnu/libGL.so.1 at 0x00007f4e0c97a000
RDI=0x000000000400d4f0 is an unknown value
R8 =0x00007f4e512c16dc is an unknown value
R9 =0x0000000000000000 is an unknown value
R10=0x00007f4e0cb493c0: <offset 0x1cf3c0> in /usr/lib/x86_64-linux-gnu/libGL.so.1 at 0x00007f4e0c97a000
R11=0x00007f4e62cc71c0: __cxa_finalize+0 in /lib/x86_64-linux-gnu/libc.so.6 at 0x00007f4e62c8f000
R12=0x00007f4e0ca10992: <offset 0x96992> in /usr/lib/x86_64-linux-gnu/libGL.so.1 at 0x00007f4e0c97a000
R13=0x00007f4e34000b10 is an unknown value
R14=0x00007f4e512c1ae0 is an unknown value
R15=0x00007f4e0402ab40 is an unknown value


Stack: [0x00007f4e511c2000,0x00007f4e512c3000],  sp=0x00007f4e512c1670,  free space=1021k
Native frames: (J=compiled Java code, j=interpreted, Vv=VM code, C=native code)
C  [libX11.so.6+0x3ae38]  XQueryExtension+0x28

VM_Operation (0x00007f4e401646c0): Exit, mode: safepoint, requested by thread 0x00007f4e5c362000


---------------  P R O C E S S  ---------------

Java Threads: ( => current thread )
  0x00007f4ddf172000 JavaThread "pool-1-thread-2" [_thread_blocked, id=32682, stack(0x00007f4debeff000,0x00007f4dec000000)]
  0x00007f4de7e1a800 JavaThread "pool-1-thread-1" [_thread_blocked, id=32680, stack(0x00007f4dfc80f000,0x00007f4dfc910000)]
  0x00007f4e053e9800 JavaThread "AsynchExecutor-Thread" daemon [_thread_blocked, id=32679, stack(0x00007f4dfcc10000,0x00007f4dfcd11000)]
  0x00007f4e04001000 JavaThread "process reaper" daemon [_thread_blocked, id=32675, stack(0x00007f4e58090000,0x00007f4e580c9000)]
  0x00007f4e5c00b000 JavaThread "DestroyJavaVM" [_thread_blocked, id=32655, stack(0x00007f4e6375e000,0x00007f4e6385f000)]
  0x00007f4e5c362000 JavaThread "LWJGL Application" [_thread_blocked, id=32673, stack(0x00007f4e40065000,0x00007f4e40166000)]
  0x00007f4e5c2c0000 JavaThread "AWT-XAWT" daemon [_thread_blocked, id=32669, stack(0x00007f4e480eb000,0x00007f4e481ec000)]
  0x00007f4e5c29d800 JavaThread "Java2D Disposer" daemon [_thread_blocked, id=32668, stack(0x00007f4e5007e000,0x00007f4e5017f000)]
  0x00007f4e5c0a7000 JavaThread "Service Thread" daemon [_thread_blocked, id=32666, stack(0x00007f4e50a33000,0x00007f4e50b34000)]
  0x00007f4e5c0a5000 JavaThread "C2 CompilerThread1" daemon [_thread_blocked, id=32665, stack(0x00007f4e50b34000,0x00007f4e50c35000)]
  0x00007f4e5c0a2000 JavaThread "C2 CompilerThread0" daemon [_thread_blocked, id=32664, stack(0x00007f4e50c35000,0x00007f4e50d36000)]
  0x00007f4e5c09f800 JavaThread "Signal Dispatcher" daemon [_thread_blocked, id=32663, stack(0x00007f4e50d36000,0x00007f4e50e37000)]
  0x00007f4e5c07c800 JavaThread "Finalizer" daemon [_thread_blocked, id=32662, stack(0x00007f4e50fc0000,0x00007f4e510c1000)]
  0x00007f4e5c07a800 JavaThread "Reference Handler" daemon [_thread_blocked, id=32661, stack(0x00007f4e510c1000,0x00007f4e511c2000)]

Other Threads:
=>0x00007f4e5c076800 VMThread [stack: 0x00007f4e511c2000,0x00007f4e512c3000] [id=32660]

VM state:at safepoint (shutting down)

VM Mutex/Monitor currently owned by a thread:  ([mutex/lock_event])
[0x00007f4e5c0077a0] Threads_lock - owner thread: 0x00007f4e5c076800

Heap
 PSYoungGen      total 18432K, used 8790K [0x00000000eba80000, 0x00000000ecf00000, 0x0000000100000000)
  eden space 15872K, 39% used [0x00000000eba80000,0x00000000ec09b248,0x00000000eca00000)
  from space 2560K, 99% used [0x00000000ecc80000,0x00000000ecefa6e0,0x00000000ecf00000)
  to   space 2560K, 0% used [0x00000000eca00000,0x00000000eca00000,0x00000000ecc80000)
 ParOldGen       total 41472K, used 5798K [0x00000000c3000000, 0x00000000c5880000, 0x00000000eba80000)
  object space 41472K, 13% used [0x00000000c3000000,0x00000000c35a9858,0x00000000c5880000)
 PSPermGen       total 21504K, used 13196K [0x00000000b8a00000, 0x00000000b9f00000, 0x00000000c3000000)
  object space 21504K, 61% used [0x00000000b8a00000,0x00000000b96e30b0,0x00000000b9f00000)

Card table byte_map: [0x00007f4e601e6000,0x00007f4e60422000] byte_map_base: 0x00007f4e5fc21000

Polling page: 0x00007f4e63884000

Code Cache  [0x00007f4e59000000, 0x00007f4e59270000, 0x00007f4e5c000000)
 total_blobs=755 nmethods=207 adapters=502 free_code_cache=48076Kb largest_free_block=49194112

Compilation events (10 events):
Event: 20.983 Thread 0x00007f4e5c0a2000 nmethod 206 0x00007f4e5910c090 code [0x00007f4e5910c240, 0x00007f4e5910c538]
Event: 20.983 Thread 0x00007f4e5c0a2000  207             com.badlogic.gdx.graphics.Mesh::unbind (33 bytes)
Event: 20.984 Thread 0x00007f4e5c0a5000 nmethod 203 0x00007f4e591122d0 code [0x00007f4e59112620, 0x00007f4e59113700]
Event: 20.988 Thread 0x00007f4e5c0a2000 nmethod 207 0x00007f4e590f28d0 code [0x00007f4e590f2a80, 0x00007f4e590f2e48]
Event: 21.373 Thread 0x00007f4e5c0a5000  208             com.badlogic.gdx.graphics.glutils.ImmediateModeRenderer20::color (19 bytes)
Event: 21.373 Thread 0x00007f4e5c0a2000  209             com.badlogic.gdx.graphics.glutils.ImmediateModeRenderer20::vertex (63 bytes)
Event: 21.374 Thread 0x00007f4e5c0a2000 nmethod 209 0x00007f4e59108ad0 code [0x00007f4e59108c20, 0x00007f4e59108d38]
Event: 21.374 Thread 0x00007f4e5c0a5000 nmethod 208 0x00007f4e5906e850 code [0x00007f4e5906e9c0, 0x00007f4e5906eb58]
Event: 21.722 Thread 0x00007f4e5c0a5000  210             com.badlogic.gdx.scenes.scene2d.utils.TextureRegionDrawable::draw (17 bytes)
Event: 21.723 Thread 0x00007f4e5c0a5000 nmethod 210 0x00007f4e590f2590 code [0x00007f4e590f26e0, 0x00007f4e590f27c8]

GC Heap History (4 events):
Event: 1.739 GC heap before
{Heap before GC invocations=1 (full 0):
 PSYoungGen      total 18432K, used 15872K [0x00000000eba80000, 0x00000000ecf00000, 0x0000000100000000)
  eden space 15872K, 100% used [0x00000000eba80000,0x00000000eca00000,0x00000000eca00000)
  from space 2560K, 0% used [0x00000000ecc80000,0x00000000ecc80000,0x00000000ecf00000)
  to   space 2560K, 0% used [0x00000000eca00000,0x00000000eca00000,0x00000000ecc80000)
 ParOldGen       total 41472K, used 0K [0x00000000c3000000, 0x00000000c5880000, 0x00000000eba80000)
  object space 41472K, 0% used [0x00000000c3000000,0x00000000c3000000,0x00000000c5880000)
 PSPermGen       total 21504K, used 9261K [0x00000000b8a00000, 0x00000000b9f00000, 0x00000000c3000000)
  object space 21504K, 43% used [0x00000000b8a00000,0x00000000b930b7d8,0x00000000b9f00000)
Event: 1.748 GC heap after
Heap after GC invocations=1 (full 0):
 PSYoungGen      total 18432K, used 2558K [0x00000000eba80000, 0x00000000ecf00000, 0x0000000100000000)
  eden space 15872K, 0% used [0x00000000eba80000,0x00000000eba80000,0x00000000eca00000)
  from space 2560K, 99% used [0x00000000eca00000,0x00000000ecc7fa20,0x00000000ecc80000)
  to   space 2560K, 0% used [0x00000000ecc80000,0x00000000ecc80000,0x00000000ecf00000)
 ParOldGen       total 41472K, used 2329K [0x00000000c3000000, 0x00000000c5880000, 0x00000000eba80000)
  object space 41472K, 5% used [0x00000000c3000000,0x00000000c3246728,0x00000000c5880000)
 PSPermGen       total 21504K, used 9261K [0x00000000b8a00000, 0x00000000b9f00000, 0x00000000c3000000)
  object space 21504K, 43% used [0x00000000b8a00000,0x00000000b930b7d8,0x00000000b9f00000)
}
Event: 8.470 GC heap before
{Heap before GC invocations=2 (full 0):
 PSYoungGen      total 18432K, used 18430K [0x00000000eba80000, 0x00000000ecf00000, 0x0000000100000000)
  eden space 15872K, 100% used [0x00000000eba80000,0x00000000eca00000,0x00000000eca00000)
  from space 2560K, 99% used [0x00000000eca00000,0x00000000ecc7fa20,0x00000000ecc80000)
  to   space 2560K, 0% used [0x00000000ecc80000,0x00000000ecc80000,0x00000000ecf00000)
 ParOldGen       total 41472K, used 2329K [0x00000000c3000000, 0x00000000c5880000, 0x00000000eba80000)
  object space 41472K, 5% used [0x00000000c3000000,0x00000000c3246728,0x00000000c5880000)
 PSPermGen       total 21504K, used 13036K [0x00000000b8a00000, 0x00000000b9f00000, 0x00000000c3000000)
  object space 21504K, 60% used [0x00000000b8a00000,0x00000000b96bb0e8,0x00000000b9f00000)
Event: 8.482 GC heap after
Heap after GC invocations=2 (full 0):
 PSYoungGen      total 18432K, used 2537K [0x00000000eba80000, 0x00000000ecf00000, 0x0000000100000000)
  eden space 15872K, 0% used [0x00000000eba80000,0x00000000eba80000,0x00000000eca00000)
  from space 2560K, 99% used [0x00000000ecc80000,0x00000000ecefa6e0,0x00000000ecf00000)
  to   space 2560K, 0% used [0x00000000eca00000,0x00000000eca00000,0x00000000ecc80000)
 ParOldGen       total 41472K, used 5798K [0x00000000c3000000, 0x00000000c5880000, 0x00000000eba80000)
  object space 41472K, 13% used [0x00000000c3000000,0x00000000c35a9858,0x00000000c5880000)
 PSPermGen       total 21504K, used 13036K [0x00000000b8a00000, 0x00000000b9f00000, 0x00000000c3000000)
  object space 21504K, 60% used [0x00000000b8a00000,0x00000000b96bb0e8,0x00000000b9f00000)
}

Deoptimization events (7 events):
Event: 0.223 Thread 0x00007f4e5c00b000 Uncommon trap: reason=class_check action=maybe_recompile pc=0x00007f4e59066778 method=java.util.Properties$LineReader.readLine()I @ 62
Event: 5.678 Thread 0x00007f4de7e1a800 Uncommon trap: reason=unreached action=reinterpret pc=0x00007f4e590a34b4 method=java.lang.Integer.parseInt(Ljava/lang/String;I)I @ 1
Event: 5.963 Thread 0x00007f4ddf172000 Uncommon trap: reason=class_check action=maybe_recompile pc=0x00007f4e59066778 method=java.util.Properties$LineReader.readLine()I @ 62
Event: 5.964 Thread 0x00007f4ddf172000 Uncommon trap: reason=class_check action=maybe_recompile pc=0x00007f4e59066778 method=java.util.Properties$LineReader.readLine()I @ 62
Event: 5.967 Thread 0x00007f4ddf172000 Uncommon trap: reason=class_check action=maybe_recompile pc=0x00007f4e59066778 method=java.util.Properties$LineReader.readLine()I @ 62
Event: 9.376 Thread 0x00007f4e5c362000 Uncommon trap: reason=unreached action=reinterpret pc=0x00007f4e590c1744 method=com.badlogic.gdx.scenes.scene2d.Stage.act(F)V @ 32
Event: 11.723 Thread 0x00007f4e5c362000 Uncommon trap: reason=unreached action=reinterpret pc=0x00007f4e590a8d74 method=java.lang.AbstractStringBuilder.append(Ljava/lang/String;)Ljava/lang/AbstractStringBuilder; @ 1

Internal exceptions (10 events):
Event: 11.723 Thread 0x00007f4e5c362000 Implicit null exception at 0x00007f4e590a8a25 to 0x00007f4e590a8d61
Event: 11.724 Thread 0x00007f4e5c362000 Threw 0x00000000ebc0e6d0 at /build/openjdk-7-kBcQ8a/openjdk-7-7u55-2.4.7/build/openjdk/hotspot/src/share/vm/prims/jvm.cpp:1244
Event: 11.725 Thread 0x00007f4e5c362000 Threw 0x00000000ebc2e1f0 at /build/openjdk-7-kBcQ8a/openjdk-7-7u55-2.4.7/build/openjdk/hotspot/src/share/vm/prims/jvm.cpp:1244
Event: 11.726 Thread 0x00007f4e5c362000 Threw 0x00000000ebc33320 at /build/openjdk-7-kBcQ8a/openjdk-7-7u55-2.4.7/build/openjdk/hotspot/src/share/vm/prims/jvm.cpp:1244
Event: 11.727 Thread 0x00007f4e5c362000 Threw 0x00000000ebc38590 at /build/openjdk-7-kBcQ8a/openjdk-7-7u55-2.4.7/build/openjdk/hotspot/src/share/vm/prims/jvm.cpp:1244
Event: 11.727 Thread 0x00007f4e5c362000 Threw 0x00000000ebc3dc98 at /build/openjdk-7-kBcQ8a/openjdk-7-7u55-2.4.7/build/openjdk/hotspot/src/share/vm/prims/jvm.cpp:1244
Event: 18.524 Thread 0x00007f4e5c362000 Threw 0x00000000ebf74290 at /build/openjdk-7-kBcQ8a/openjdk-7-7u55-2.4.7/build/openjdk/hotspot/src/share/vm/prims/jvm.cpp:1244
Event: 21.922 Thread 0x00007f4e5c362000 Threw 0x00000000ec066388 at /build/openjdk-7-kBcQ8a/openjdk-7-7u55-2.4.7/build/openjdk/hotspot/src/share/vm/prims/jvm.cpp:1244
Event: 21.932 Thread 0x00007f4e5c362000 Threw 0x00000000ec06a800 at /build/openjdk-7-kBcQ8a/openjdk-7-7u55-2.4.7/build/openjdk/hotspot/src/share/vm/prims/jvm.cpp:1244
Event: 21.937 Thread 0x00007f4e5c362000 Threw 0x00000000ec06fb18 at /build/openjdk-7-kBcQ8a/openjdk-7-7u55-2.4.7/build/openjdk/hotspot/src/share/vm/prims/jvm.cpp:1244

Events (10 events):
Event: 22.094 loading class 0x00007f4e28063360 done
Event: 22.094 Thread 0x00007f4e04a42000 Thread added: 0x00007f4e04a42000
Event: 22.094 loading class 0x00007f4e5c230c10
Event: 22.095 loading class 0x00007f4e280b29a0
Event: 22.095 loading class 0x00007f4e280b29a0 done
Event: 22.095 loading class 0x00007f4e280b29d0
Event: 22.095 loading class 0x00007f4e280b29d0 done
Event: 22.095 loading class 0x00007f4e5c230c10 done
Event: 22.099 Executing VM operation: Exit
Event: 22.099 Thread 0x00007f4e04a42000 Thread exited: 0x00007f4e04a42000


Dynamic libraries:
00400000-00401000 r-xp 00000000 08:03 3934148                            /usr/lib/jvm/java-7-openjdk-amd64/jre/bin/java
00600000-00601000 r--p 00000000 08:03 3934148                            /usr/lib/jvm/java-7-openjdk-amd64/jre/bin/java
00601000-00602000 rw-p 00001000 08:03 3934148                            /usr/lib/jvm/java-7-openjdk-amd64/jre/bin/java
01151000-01376000 rw-p 00000000 00:00 0                                  [heap]
b8a00000-b9f00000 rw-p 00000000 00:00 0 
b9f00000-c3000000 rw-p 00000000 00:00 0 
c3000000-c5880000 rw-p 00000000 00:00 0 
c5880000-eba80000 rw-p 00000000 00:00 0 
eba80000-ecf00000 rw-p 00000000 00:00 0 
ecf00000-100000000 rw-p 00000000 00:00 0 
7f4dd4000000-7f4dd4021000 rw-p 00000000 00:00 0 
7f4dd4021000-7f4dd8000000 ---p 00000000 00:00 0 
7f4dd8000000-7f4dd8043000 rw-p 00000000 00:00 0 
7f4dd8043000-7f4ddc000000 ---p 00000000 00:00 0 
7f4ddc000000-7f4ddfa70000 rw-p 00000000 00:00 0 
7f4ddfa70000-7f4de0000000 ---p 00000000 00:00 0 
7f4de0000000-7f4de004f000 rw-p 00000000 00:00 0 
7f4de004f000-7f4de4000000 ---p 00000000 00:00 0 
7f4de4000000-7f4de7fc8000 rw-p 00000000 00:00 0 
7f4de7fc8000-7f4de8000000 ---p 00000000 00:00 0 
7f4debeff000-7f4debf02000 ---p 00000000 00:00 0 
7f4debf02000-7f4dec000000 rw-p 00000000 00:00 0 
7f4dec000000-7f4dec0ae000 rw-p 00000000 00:00 0 
7f4dec0ae000-7f4df0000000 ---p 00000000 00:00 0 
7f4df0000000-7f4df07d8000 rw-p 00000000 00:00 0 
7f4df07d8000-7f4df4000000 ---p 00000000 00:00 0 
7f4df4000000-7f4df40b4000 rw-p 00000000 00:00 0 
7f4df40b4000-7f4df8000000 ---p 00000000 00:00 0 
7f4df8000000-7f4df8021000 rw-p 00000000 00:00 0 
7f4df8021000-7f4dfc000000 ---p 00000000 00:00 0 
7f4dfc0ee000-7f4dfc0f1000 ---p 00000000 00:00 0 
7f4dfc0f1000-7f4dfc1ef000 rw-p 00000000 00:00 0 
7f4dfc1ef000-7f4dfc1f4000 r-xp 00000000 08:03 12192225                   /lib/x86_64-linux-gnu/libnss_dns-2.19.so
7f4dfc1f4000-7f4dfc3f3000 ---p 00005000 08:03 12192225                   /lib/x86_64-linux-gnu/libnss_dns-2.19.so
7f4dfc3f3000-7f4dfc3f4000 r--p 00004000 08:03 12192225                   /lib/x86_64-linux-gnu/libnss_dns-2.19.so
7f4dfc3f4000-7f4dfc3f5000 rw-p 00005000 08:03 12192225                   /lib/x86_64-linux-gnu/libnss_dns-2.19.so
7f4dfc3f5000-7f4dfc3f7000 r-xp 00000000 08:03 12058696                   /lib/libnss_mdns4_minimal.so.2
7f4dfc3f7000-7f4dfc5f6000 ---p 00002000 08:03 12058696                   /lib/libnss_mdns4_minimal.so.2
7f4dfc5f6000-7f4dfc5f7000 rw-p 00001000 08:03 12058696                   /lib/libnss_mdns4_minimal.so.2
7f4dfc5f7000-7f4dfc60e000 r-xp 00000000 08:03 3934214                    /usr/lib/jvm/java-7-openjdk-amd64/jre/lib/amd64/libnet.so
7f4dfc60e000-7f4dfc80d000 ---p 00017000 08:03 3934214                    /usr/lib/jvm/java-7-openjdk-amd64/jre/lib/amd64/libnet.so
7f4dfc80d000-7f4dfc80e000 r--p 00016000 08:03 3934214                    /usr/lib/jvm/java-7-openjdk-amd64/jre/lib/amd64/libnet.so
7f4dfc80e000-7f4dfc80f000 rw-p 00017000 08:03 3934214                    /usr/lib/jvm/java-7-openjdk-amd64/jre/lib/amd64/libnet.so
7f4dfc80f000-7f4dfc812000 ---p 00000000 00:00 0 
7f4dfc812000-7f4dfc910000 rw-p 00000000 00:00 0 
7f4dfcc10000-7f4dfcc13000 ---p 00000000 00:00 0 
7f4dfcc13000-7f4dfcd11000 rw-p 00000000 00:00 0 
7f4dfcd11000-7f4dfcd12000 ---p 00000000 00:00 0 
7f4dfcd12000-7f4dfd512000 rw-p 00000000 00:00 0 
7f4dfd512000-7f4dfd513000 ---p 00000000 00:00 0 
7f4dfd513000-7f4dfdd13000 rw-p 00000000 00:00 0 
7f4dfdd87000-7f4dffc7f000 r-xp 00000000 08:03 4201338                    /usr/lib/x86_64-linux-gnu/dri/fglrx_dri.so
7f4dffc7f000-7f4dffd7e000 ---p 01ef8000 08:03 4201338                    /usr/lib/x86_64-linux-gnu/dri/fglrx_dri.so
7f4dffd7e000-7f4dffedc000 rwxp 01ef7000 08:03 4201338                    /usr/lib/x86_64-linux-gnu/dri/fglrx_dri.so
7f4dffedc000-7f4e00000000 rwxp 00000000 00:00 0 
7f4e00000000-7f4e00021000 rw-p 00000000 00:00 0 
7f4e00021000-7f4e04000000 ---p 00000000 00:00 0 
7f4e04000000-7f4e07f6c000 rw-p 00000000 00:00 0 
7f4e07f6c000-7f4e08000000 ---p 00000000 00:00 0 
7f4e08000000-7f4e08021000 rw-p 00000000 00:00 0 
7f4e08021000-7f4e0c000000 ---p 00000000 00:00 0 
7f4e0c01b000-7f4e0c71b000 rw-s 00006000 00:05 7289                       /dev/ati/card0
7f4e0c71b000-7f4e0c758000 r-xp 00000000 08:03 4201336                    /usr/lib/x86_64-linux-gnu/libatiadlxx.so
7f4e0c758000-7f4e0c857000 ---p 0003d000 08:03 4201336                    /usr/lib/x86_64-linux-gnu/libatiadlxx.so
7f4e0c857000-7f4e0c861000 rw-p 0003c000 08:03 4201336                    /usr/lib/x86_64-linux-gnu/libatiadlxx.so
7f4e0c861000-7f4e0c871000 rw-p 00000000 00:00 0 
7f4e0c871000-7f4e0c878000 r-xp 00000000 08:03 4201328                    /usr/lib/x86_64-linux-gnu/libatiuki.so.1.0
7f4e0c878000-7f4e0c978000 ---p 00007000 08:03 4201328                    /usr/lib/x86_64-linux-gnu/libatiuki.so.1.0
7f4e0c978000-7f4e0c979000 rw-p 00007000 08:03 4201328                    /usr/lib/x86_64-linux-gnu/libatiuki.so.1.0
7f4e0c979000-7f4e0c97a000 rw-p 00000000 00:00 0 
7f4e0c97a000-7f4e0ca3d000 r-xp 00000000 08:03 4201341                    /usr/lib/x86_64-linux-gnu/fglrx/fglrx-libGL.so.1.2
7f4e0ca3d000-7f4e0cb3c000 ---p 000c3000 08:03 4201341                    /usr/lib/x86_64-linux-gnu/fglrx/fglrx-libGL.so.1.2
7f4e0cb3c000-7f4e0cb63000 rwxp 000c2000 08:03 4201341                    /usr/lib/x86_64-linux-gnu/fglrx/fglrx-libGL.so.1.2
7f4e0cb63000-7f4e0cb83000 rwxp 00000000 00:00 0 
7f4e0cb83000-7f4e0cb86000 ---p 00000000 00:00 0 
7f4e0cb86000-7f4e0cc84000 rw-p 00000000 00:00 0 
7f4e10c85000-7f4e10c86000 ---p 00000000 00:00 0 
7f4e10c86000-7f4e11486000 rw-p 00000000 00:00 0 
7f4e11486000-7f4e1148c000 r-xp 00000000 08:03 4200289                    /usr/lib/x86_64-linux-gnu/libogg.so.0.8.0
7f4e1148c000-7f4e1168b000 ---p 00006000 08:03 4200289                    /usr/lib/x86_64-linux-gnu/libogg.so.0.8.0
7f4e1168b000-7f4e1168c000 rw-p 00005000 08:03 4200289                    /usr/lib/x86_64-linux-gnu/libogg.so.0.8.0
7f4e1168c000-7f4e116b8000 r-xp 00000000 08:03 4200496                    /usr/lib/x86_64-linux-gnu/libvorbis.so.0.4.5
7f4e116b8000-7f4e118b7000 ---p 0002c000 08:03 4200496                    /usr/lib/x86_64-linux-gnu/libvorbis.so.0.4.5
7f4e118b7000-7f4e118b8000 r--p 0002b000 08:03 4200496                    /usr/lib/x86_64-linux-gnu/libvorbis.so.0.4.5
7f4e118b8000-7f4e118b9000 rw-p 0002c000 08:03 4200496                    /usr/lib/x86_64-linux-gnu/libvorbis.so.0.4.5
7f4e118b9000-7f4e11b6c000 r-xp 00000000 08:03 4200498                    /usr/lib/x86_64-linux-gnu/libvorbisenc.so.2.0.8
7f4e11b6c000-7f4e11d6b000 ---p 002b3000 08:03 4200498                    /usr/lib/x86_64-linux-gnu/libvorbisenc.so.2.0.8
7f4e11d6b000-7f4e11d87000 r--p 002b2000 08:03 4200498                    /usr/lib/x86_64-linux-gnu/libvorbisenc.so.2.0.8
7f4e11d87000-7f4e11d88000 rw-p 002ce000 08:03 4200498                    /usr/lib/x86_64-linux-gnu/libvorbisenc.so.2.0.8
7f4e11d88000-7f4e11dd3000 r-xp 00000000 08:03 4199700                    /usr/lib/x86_64-linux-gnu/libFLAC.so.8.2.0
7f4e11dd3000-7f4e11fd2000 ---p 0004b000 08:03 4199700                    /usr/lib/x86_64-linux-gnu/libFLAC.so.8.2.0
7f4e11fd2000-7f4e11fd3000 r--p 0004a000 08:03 4199700                    /usr/lib/x86_64-linux-gnu/libFLAC.so.8.2.0
7f4e11fd3000-7f4e11fd4000 rw-p 0004b000 08:03 4199700                    /usr/lib/x86_64-linux-gnu/libFLAC.so.8.2.0
7f4e11fd4000-7f4e11fd8000 r-xp 00000000 08:03 12190707                   /lib/x86_64-linux-gnu/libuuid.so.1.3.0
7f4e11fd8000-7f4e121d7000 ---p 00004000 08:03 12190707                   /lib/x86_64-linux-gnu/libuuid.so.1.3.0
7f4e121d7000-7f4e121d8000 r--p 00003000 08:03 12190707                   /lib/x86_64-linux-gnu/libuuid.so.1.3.0
7f4e121d8000-7f4e121d9000 rw-p 00004000 08:03 12190707                   /lib/x86_64-linux-gnu/libuuid.so.1.3.0
7f4e121d9000-7f4e121dd000 r-xp 00000000 08:03 12190559                   /lib/x86_64-linux-gnu/libattr.so.1.1.0
7f4e121dd000-7f4e123dc000 ---p 00004000 08:03 12190559                   /lib/x86_64-linux-gnu/libattr.so.1.1.0
7f4e123dc000-7f4e123dd000 r--p 00003000 08:03 12190559                   /lib/x86_64-linux-gnu/libattr.so.1.1.0
7f4e123dd000-7f4e123de000 rw-p 00004000 08:03 12190559                   /lib/x86_64-linux-gnu/libattr.so.1.1.0
7f4e123de000-7f4e123e3000 r-xp 00000000 08:03 4199797                    /usr/lib/x86_64-linux-gnu/libasyncns.so.0.3.1
7f4e123e3000-7f4e125e2000 ---p 00005000 08:03 4199797                    /usr/lib/x86_64-linux-gnu/libasyncns.so.0.3.1
7f4e125e2000-7f4e125e3000 rw-p 00004000 08:03 4199797                    /usr/lib/x86_64-linux-gnu/libasyncns.so.0.3.1
7f4e125e3000-7f4e12644000 r-xp 00000000 08:03 4200411                    /usr/lib/x86_64-linux-gnu/libsndfile.so.1.0.25
7f4e12644000-7f4e12843000 ---p 00061000 08:03 4200411                    /usr/lib/x86_64-linux-gnu/libsndfile.so.1.0.25
7f4e12843000-7f4e12845000 r--p 00060000 08:03 4200411                    /usr/lib/x86_64-linux-gnu/libsndfile.so.1.0.25
7f4e12845000-7f4e12846000 rw-p 00062000 08:03 4200411                    /usr/lib/x86_64-linux-gnu/libsndfile.so.1.0.25
7f4e12846000-7f4e1284a000 rw-p 00000000 00:00 0 
7f4e1284a000-7f4e12853000 r-xp 00000000 08:03 12190709                   /lib/x86_64-linux-gnu/libwrap.so.0.7.6
7f4e12853000-7f4e12a52000 ---p 00009000 08:03 12190709                   /lib/x86_64-linux-gnu/libwrap.so.0.7.6
7f4e12a52000-7f4e12a53000 r--p 00008000 08:03 12190709                   /lib/x86_64-linux-gnu/libwrap.so.0.7.6
7f4e12a53000-7f4e12a54000 rw-p 00009000 08:03 12190709                   /lib/x86_64-linux-gnu/libwrap.so.0.7.6
7f4e12a54000-7f4e12a55000 rw-p 00000000 00:00 0 
7f4e12a55000-7f4e12a5c000 r-xp 00000000 08:03 4199720                    /usr/lib/x86_64-linux-gnu/libSM.so.6.0.1
7f4e12a5c000-7f4e12c5b000 ---p 00007000 08:03 4199720                    /usr/lib/x86_64-linux-gnu/libSM.so.6.0.1
7f4e12c5b000-7f4e12c5c000 rw-p 00006000 08:03 4199720                    /usr/lib/x86_64-linux-gnu/libSM.so.6.0.1
7f4e12c5c000-7f4e12c73000 r-xp 00000000 08:03 4199710                    /usr/lib/x86_64-linux-gnu/libICE.so.6.3.0
7f4e12c73000-7f4e12e72000 ---p 00017000 08:03 4199710                    /usr/lib/x86_64-linux-gnu/libICE.so.6.3.0
7f4e12e72000-7f4e12e74000 rw-p 00016000 08:03 4199710                    /usr/lib/x86_64-linux-gnu/libICE.so.6.3.0
7f4e12e74000-7f4e12e77000 rw-p 00000000 00:00 0 
7f4e12e77000-7f4e12e78000 r-xp 00000000 08:03 4199726                    /usr/lib/x86_64-linux-gnu/libX11-xcb.so.1.0.0
7f4e12e78000-7f4e13077000 ---p 00001000 08:03 4199726                    /usr/lib/x86_64-linux-gnu/libX11-xcb.so.1.0.0
7f4e13077000-7f4e13078000 rw-p 00000000 08:03 4199726                    /usr/lib/x86_64-linux-gnu/libX11-xcb.so.1.0.0
7f4e13078000-7f4e1307c000 r-xp 00000000 08:03 12190572                   /lib/x86_64-linux-gnu/libcap.so.2.22
7f4e1307c000-7f4e1327b000 ---p 00004000 08:03 12190572                   /lib/x86_64-linux-gnu/libcap.so.2.22
7f4e1327b000-7f4e1327c000 rw-p 00003000 08:03 12190572                   /lib/x86_64-linux-gnu/libcap.so.2.22
7f4e1327c000-7f4e132dd000 r-xp 00000000 08:03 4325923                    /usr/lib/x86_64-linux-gnu/pulseaudio/libpulsecommon-2.0.so
7f4e132dd000-7f4e134dc000 ---p 00061000 08:03 4325923                    /usr/lib/x86_64-linux-gnu/pulseaudio/libpulsecommon-2.0.so
7f4e134dc000-7f4e134dd000 r--p 00060000 08:03 4325923                    /usr/lib/x86_64-linux-gnu/pulseaudio/libpulsecommon-2.0.so
7f4e134dd000-7f4e134df000 rw-p 00061000 08:03 4325923                    /usr/lib/x86_64-linux-gnu/pulseaudio/libpulsecommon-2.0.so
7f4e134df000-7f4e134e8000 r-xp 00000000 08:03 12190608                   /lib/x86_64-linux-gnu/libjson.so.0.1.0
7f4e134e8000-7f4e136e7000 ---p 00009000 08:03 12190608                   /lib/x86_64-linux-gnu/libjson.so.0.1.0
7f4e136e7000-7f4e136e8000 r--p 00008000 08:03 12190608                   /lib/x86_64-linux-gnu/libjson.so.0.1.0
7f4e136e8000-7f4e136e9000 rw-p 00009000 08:03 12190608                   /lib/x86_64-linux-gnu/libjson.so.0.1.0
7f4e136e9000-7f4e13732000 r-xp 00000000 08:03 4200364                    /usr/lib/x86_64-linux-gnu/libpulse.so.0.14.2
7f4e13732000-7f4e13931000 ---p 00049000 08:03 4200364                    /usr/lib/x86_64-linux-gnu/libpulse.so.0.14.2
7f4e13931000-7f4e13932000 r--p 00048000 08:03 4200364                    /usr/lib/x86_64-linux-gnu/libpulse.so.0.14.2
7f4e13932000-7f4e13933000 rw-p 00049000 08:03 4200364                    /usr/lib/x86_64-linux-gnu/libpulse.so.0.14.2
7f4e13b8c000-7f4e13b90000 r-xp 00000000 08:03 4199775                    /usr/lib/x86_64-linux-gnu/libXxf86vm.so.1.0.0
7f4e13b90000-7f4e13d90000 ---p 00004000 08:03 4199775                    /usr/lib/x86_64-linux-gnu/libXxf86vm.so.1.0.0
7f4e13d90000-7f4e13d91000 r--p 00004000 08:03 4199775                    /usr/lib/x86_64-linux-gnu/libXxf86vm.so.1.0.0
7f4e13d91000-7f4e13d92000 rw-p 00005000 08:03 4199775                    /usr/lib/x86_64-linux-gnu/libXxf86vm.so.1.0.0
7f4e13d92000-7f4e13dfe000 r-xp 00000000 08:01 301131                     /media/winDisk/Users/ChobeDucket/Documents/sheep/android/assets/.temp/7b43be9b/liblwjgl64.so
7f4e13dfe000-7f4e13ffd000 ---p 0006c000 08:01 301131                     /media/winDisk/Users/ChobeDucket/Documents/sheep/android/assets/.temp/7b43be9b/liblwjgl64.so
7f4e13ffd000-7f4e13fff000 r--p 0006b000 08:01 301131                     /media/winDisk/Users/ChobeDucket/Documents/sheep/android/assets/.temp/7b43be9b/liblwjgl64.so
7f4e13fff000-7f4e14000000 rw-p 0006d000 08:01 301131                     /media/winDisk/Users/ChobeDucket/Documents/sheep/android/assets/.temp/7b43be9b/liblwjgl64.so
7f4e14000000-7f4e14021000 rw-p 00000000 00:00 0 
7f4e14021000-7f4e18000000 ---p 00000000 00:00 0 
7f4e18000000-7f4e18021000 rw-p 00000000 00:00 0 
7f4e18021000-7f4e1c000000 ---p 00000000 00:00 0 
7f4e1c000000-7f4e1c021000 rw-p 00000000 00:00 0 
7f4e1c021000-7f4e20000000 ---p 00000000 00:00 0 
7f4e20000000-7f4e20021000 rw-p 00000000 00:00 0 
7f4e20021000-7f4e24000000 ---p 00000000 00:00 0 
7f4e24000000-7f4e24672000 rw-p 00000000 00:00 0 
7f4e24672000-7f4e28000000 ---p 00000000 00:00 0 
7f4e28000000-7f4e28e7b000 rw-p 00000000 00:00 0 
7f4e28e7b000-7f4e2c000000 ---p 00000000 00:00 0 
7f4e2c000000-7f4e2c021000 rw-p 00000000 00:00 0 
7f4e2c021000-7f4e30000000 ---p 00000000 00:00 0 
7f4e30000000-7f4e30021000 rw-p 00000000 00:00 0 
7f4e30021000-7f4e34000000 ---p 00000000 00:00 0 
7f4e34000000-7f4e34031000 rw-p 00000000 00:00 0 
7f4e34031000-7f4e38000000 ---p 00000000 00:00 0 
7f4e38000000-7f4e38021000 rw-p 00000000 00:00 0 
7f4e38021000-7f4e3c000000 ---p 00000000 00:00 0 
7f4e3c000000-7f4e3c021000 rw-p 00000000 00:00 0 
7f4e3c021000-7f4e40000000 ---p 00000000 00:00 0 
7f4e40065000-7f4e40068000 ---p 00000000 00:00 0 
7f4e40068000-7f4e40166000 rw-p 00000000 00:00 0 
7f4e40166000-7f4e40167000 r-xp 00000000 08:03 3934229                    /usr/lib/jvm/java-7-openjdk-amd64/jre/lib/amd64/libjawt.so
7f4e40167000-7f4e40366000 ---p 00001000 08:03 3934229                    /usr/lib/jvm/java-7-openjdk-amd64/jre/lib/amd64/libjawt.so
7f4e40366000-7f4e40367000 r--p 00000000 08:03 3934229                    /usr/lib/jvm/java-7-openjdk-amd64/jre/lib/amd64/libjawt.so
7f4e40367000-7f4e40368000 rw-p 00001000 08:03 3934229                    /usr/lib/jvm/java-7-openjdk-amd64/jre/lib/amd64/libjawt.so
7f4e40368000-7f4e4036b000 r-xp 00000000 08:03 12190599                   /lib/x86_64-linux-gnu/libgpg-error.so.0.8.0
7f4e4036b000-7f4e4056a000 ---p 00003000 08:03 12190599                   /lib/x86_64-linux-gnu/libgpg-error.so.0.8.0
7f4e4056a000-7f4e4056b000 rw-p 00002000 08:03 12190599                   /lib/x86_64-linux-gnu/libgpg-error.so.0.8.0
7f4e4056b000-7f4e405af000 r-xp 00000000 08:03 12190580                   /lib/x86_64-linux-gnu/libdbus-1.so.3.7.2
7f4e405af000-7f4e407af000 ---p 00044000 08:03 12190580                   /lib/x86_64-linux-gnu/libdbus-1.so.3.7.2
7f4e407af000-7f4e407b0000 r--p 00044000 08:03 12190580                   /lib/x86_64-linux-gnu/libdbus-1.so.3.7.2
7f4e407b0000-7f4e407b1000 rw-p 00045000 08:03 12190580                   /lib/x86_64-linux-gnu/libdbus-1.so.3.7.2
7f4e407b1000-7f4e407c2000 r-xp 00000000 08:03 4200305                    /usr/lib/x86_64-linux-gnu/libp11-kit.so.0.0.0
7f4e407c2000-7f4e409c1000 ---p 00011000 08:03 4200305                    /usr/lib/x86_64-linux-gnu/libp11-kit.so.0.0.0
7f4e409c1000-7f4e409c2000 r--p 00010000 08:03 4200305                    /usr/lib/x86_64-linux-gnu/libp11-kit.so.0.0.0
7f4e409c2000-7f4e409c3000 rw-p 00011000 08:03 4200305                    /usr/lib/x86_64-linux-gnu/libp11-kit.so.0.0.0
7f4e409c3000-7f4e40a3d000 r-xp 00000000 08:03 12190595                   /lib/x86_64-linux-gnu/libgcrypt.so.11.7.0
7f4e40a3d000-7f4e40c3d000 ---p 0007a000 08:03 12190595                   /lib/x86_64-linux-gnu/libgcrypt.so.11.7.0
7f4e40c3d000-7f4e40c3e000 r--p 0007a000 08:03 12190595                   /lib/x86_64-linux-gnu/libgcrypt.so.11.7.0
7f4e40c3e000-7f4e40c41000 rw-p 0007b000 08:03 12190595                   /lib/x86_64-linux-gnu/libgcrypt.so.11.7.0
7f4e40c41000-7f4e40c51000 r-xp 00000000 08:03 4200448                    /usr/lib/x86_64-linux-gnu/libtasn1.so.3.1.16
7f4e40c51000-7f4e40e50000 ---p 00010000 08:03 4200448                    /usr/lib/x86_64-linux-gnu/libtasn1.so.3.1.16
7f4e40e50000-7f4e40e51000 r--p 0000f000 08:03 4200448                    /usr/lib/x86_64-linux-gnu/libtasn1.so.3.1.16
7f4e40e51000-7f4e40e52000 rw-p 00010000 08:03 4200448                    /usr/lib/x86_64-linux-gnu/libtasn1.so.3.1.16
7f4e40e52000-7f4e40e55000 r-xp 00000000 08:03 12190610                   /lib/x86_64-linux-gnu/libkeyutils.so.1.4
7f4e40e55000-7f4e41054000 ---p 00003000 08:03 12190610                   /lib/x86_64-linux-gnu/libkeyutils.so.1.4
7f4e41054000-7f4e41055000 r--p 00002000 08:03 12190610                   /lib/x86_64-linux-gnu/libkeyutils.so.1.4
7f4e41055000-7f4e41056000 rw-p 00003000 08:03 12190610                   /lib/x86_64-linux-gnu/libkeyutils.so.1.4
7f4e41056000-7f4e4105e000 r-xp 00000000 08:03 4200208                    /usr/lib/x86_64-linux-gnu/libkrb5support.so.0.1
7f4e4105e000-7f4e4125d000 ---p 00008000 08:03 4200208                    /usr/lib/x86_64-linux-gnu/libkrb5support.so.0.1
7f4e4125d000-7f4e4125e000 r--p 00007000 08:03 4200208                    /usr/lib/x86_64-linux-gnu/libkrb5support.so.0.1
7f4e4125e000-7f4e4125f000 rw-p 00008000 08:03 4200208                    /usr/lib/x86_64-linux-gnu/libkrb5support.so.0.1
7f4e4125f000-7f4e41262000 r-xp 00000000 08:03 12190576                   /lib/x86_64-linux-gnu/libcom_err.so.2.1
7f4e41262000-7f4e41461000 ---p 00003000 08:03 12190576                   /lib/x86_64-linux-gnu/libcom_err.so.2.1
7f4e41461000-7f4e41462000 r--p 00002000 08:03 12190576                   /lib/x86_64-linux-gnu/libcom_err.so.2.1
7f4e41462000-7f4e41463000 rw-p 00003000 08:03 12190576                   /lib/x86_64-linux-gnu/libcom_err.so.2.1
7f4e41463000-7f4e41489000 r-xp 00000000 08:03 4200198                    /usr/lib/x86_64-linux-gnu/libk5crypto.so.3.1
7f4e41489000-7f4e41689000 ---p 00026000 08:03 4200198                    /usr/lib/x86_64-linux-gnu/libk5crypto.so.3.1
7f4e41689000-7f4e4168a000 r--p 00026000 08:03 4200198                    /usr/lib/x86_64-linux-gnu/libk5crypto.so.3.1
7f4e4168a000-7f4e4168b000 rw-p 00027000 08:03 4200198                    /usr/lib/x86_64-linux-gnu/libk5crypto.so.3.1
7f4e4168b000-7f4e4168c000 rw-p 00000000 00:00 0 
7f4e4168c000-7f4e41755000 r-xp 00000000 08:03 4200206                    /usr/lib/x86_64-linux-gnu/libkrb5.so.3.3
7f4e41755000-7f4e41954000 ---p 000c9000 08:03 4200206                    /usr/lib/x86_64-linux-gnu/libkrb5.so.3.3
7f4e41954000-7f4e4195e000 r--p 000c8000 08:03 4200206                    /usr/lib/x86_64-linux-gnu/libkrb5.so.3.3
7f4e4195e000-7f4e41960000 rw-p 000d2000 08:03 4200206                    /usr/lib/x86_64-linux-gnu/libkrb5.so.3.3
7f4e41960000-7f4e41965000 r-xp 00000000 08:03 4199743                    /usr/lib/x86_64-linux-gnu/libXdmcp.so.6.0.0
7f4e41965000-7f4e41b64000 ---p 00005000 08:03 4199743                    /usr/lib/x86_64-linux-gnu/libXdmcp.so.6.0.0
7f4e41b64000-7f4e41b65000 rw-p 00004000 08:03 4199743                    /usr/lib/x86_64-linux-gnu/libXdmcp.so.6.0.0
7f4e41b65000-7f4e41b67000 r-xp 00000000 08:03 4199732                    /usr/lib/x86_64-linux-gnu/libXau.so.6.0.0
7f4e41b67000-7f4e41d67000 ---p 00002000 08:03 4199732                    /usr/lib/x86_64-linux-gnu/libXau.so.6.0.0
7f4e41d67000-7f4e41d68000 rw-p 00002000 08:03 4199732                    /usr/lib/x86_64-linux-gnu/libXau.so.6.0.0
7f4e41d68000-7f4e41d78000 r-xp 00000000 08:03 4199807                    /usr/lib/x86_64-linux-gnu/libavahi-client.so.3.2.9
7f4e41d78000-7f4e41f77000 ---p 00010000 08:03 4199807                    /usr/lib/x86_64-linux-gnu/libavahi-client.so.3.2.9
7f4e41f77000-7f4e41f78000 r--p 0000f000 08:03 4199807                    /usr/lib/x86_64-linux-gnu/libavahi-client.so.3.2.9
7f4e41f78000-7f4e41f79000 rw-p 00010000 08:03 4199807                    /usr/lib/x86_64-linux-gnu/libavahi-client.so.3.2.9
7f4e41f79000-7f4e41f85000 r-xp 00000000 08:03 4199809                    /usr/lib/x86_64-linux-gnu/libavahi-common.so.3.5.3
7f4e41f85000-7f4e42184000 ---p 0000c000 08:03 4199809                    /usr/lib/x86_64-linux-gnu/libavahi-common.so.3.5.3
7f4e42184000-7f4e42185000 r--p 0000b000 08:03 4199809                    /usr/lib/x86_64-linux-gnu/libavahi-common.so.3.5.3
7f4e42185000-7f4e42186000 rw-p 0000c000 08:03 4199809                    /usr/lib/x86_64-linux-gnu/libavahi-common.so.3.5.3
7f4e42186000-7f4e4223f000 r-xp 00000000 08:03 4200060                    /usr/lib/x86_64-linux-gnu/libgnutls.so.26.22.4
7f4e4223f000-7f4e4243e000 ---p 000b9000 08:03 4200060                    /usr/lib/x86_64-linux-gnu/libgnutls.so.26.22.4
7f4e4243e000-7f4e42444000 r--p 000b8000 08:03 4200060                    /usr/lib/x86_64-linux-gnu/libgnutls.so.26.22.4
7f4e42444000-7f4e42446000 rw-p 000be000 08:03 4200060                    /usr/lib/x86_64-linux-gnu/libgnutls.so.26.22.4
7f4e42446000-7f4e42482000 r-xp 00000000 08:03 4200085                    /usr/lib/x86_64-linux-gnu/libgssapi_krb5.so.2.2
7f4e42482000-7f4e42682000 ---p 0003c000 08:03 4200085                    /usr/lib/x86_64-linux-gnu/libgssapi_krb5.so.2.2
7f4e42682000-7f4e42683000 r--p 0003c000 08:03 4200085                    /usr/lib/x86_64-linux-gnu/libgssapi_krb5.so.2.2
7f4e42683000-7f4e42685000 rw-p 0003d000 08:03 4200085                    /usr/lib/x86_64-linux-gnu/libgssapi_krb5.so.2.2
7f4e42685000-7f4e426c1000 r-xp 00000000 08:03 12190663                   /lib/x86_64-linux-gnu/libpcre.so.3.13.1
7f4e426c1000-7f4e428c1000 ---p 0003c000 08:03 12190663                   /lib/x86_64-linux-gnu/libpcre.so.3.13.1
7f4e428c1000-7f4e428c2000 rw-p 0003c000 08:03 12190663                   /lib/x86_64-linux-gnu/libpcre.so.3.13.1
7f4e428c2000-7f4e428ce000 r-xp 00000000 08:03 4199961                    /usr/lib/x86_64-linux-gnu/libffi.so.5.0.10
7f4e428ce000-7f4e42ace000 ---p 0000c000 08:03 4199961                    /usr/lib/x86_64-linux-gnu/libffi.so.5.0.10
7f4e42ace000-7f4e42acf000 rw-p 0000c000 08:03 4199961                    /usr/lib/x86_64-linux-gnu/libffi.so.5.0.10
7f4e42acf000-7f4e42af6000 r-xp 00000000 08:03 12190588                   /lib/x86_64-linux-gnu/libexpat.so.1.6.0
7f4e42af6000-7f4e42cf6000 ---p 00027000 08:03 12190588                   /lib/x86_64-linux-gnu/libexpat.so.1.6.0
7f4e42cf6000-7f4e42cf8000 r--p 00027000 08:03 12190588                   /lib/x86_64-linux-gnu/libexpat.so.1.6.0
7f4e42cf8000-7f4e42cf9000 rw-p 00029000 08:03 12190588                   /lib/x86_64-linux-gnu/libexpat.so.1.6.0
7f4e42cf9000-7f4e42d01000 r-xp 00000000 08:03 4200521                    /usr/lib/x86_64-linux-gnu/libxcb-render.so.0.0.0
7f4e42d01000-7f4e42f01000 ---p 00008000 08:03 4200521                    /usr/lib/x86_64-linux-gnu/libxcb-render.so.0.0.0
7f4e42f01000-7f4e42f02000 r--p 00008000 08:03 4200521                    /usr/lib/x86_64-linux-gnu/libxcb-render.so.0.0.0
7f4e42f02000-7f4e42f03000 rw-p 00009000 08:03 4200521                    /usr/lib/x86_64-linux-gnu/libxcb-render.so.0.0.0
7f4e42f03000-7f4e42f05000 r-xp 00000000 08:03 4200525                    /usr/lib/x86_64-linux-gnu/libxcb-shm.so.0.0.0
7f4e42f05000-7f4e43104000 ---p 00002000 08:03 4200525                    /usr/lib/x86_64-linux-gnu/libxcb-shm.so.0.0.0
7f4e43104000-7f4e43105000 r--p 00001000 08:03 4200525                    /usr/lib/x86_64-linux-gnu/libxcb-shm.so.0.0.0
7f4e43105000-7f4e43106000 rw-p 00002000 08:03 4200525                    /usr/lib/x86_64-linux-gnu/libxcb-shm.so.0.0.0
7f4e43106000-7f4e43186000 r-xp 00000000 08:03 4200335                    /usr/lib/x86_64-linux-gnu/libpixman-1.so.0.26.0
7f4e43186000-7f4e43386000 ---p 00080000 08:03 4200335                    /usr/lib/x86_64-linux-gnu/libpixman-1.so.0.26.0
7f4e43386000-7f4e4338c000 rw-p 00080000 08:03 4200335                    /usr/lib/x86_64-linux-gnu/libpixman-1.so.0.26.0
7f4e4338c000-7f4e433b2000 r-xp 00000000 08:03 12190665                   /lib/x86_64-linux-gnu/libpng12.so.0.49.0
7f4e433b2000-7f4e435b1000 ---p 00026000 08:03 12190665                   /lib/x86_64-linux-gnu/libpng12.so.0.49.0
7f4e435b1000-7f4e435b2000 r--p 00025000 08:03 12190665                   /lib/x86_64-linux-gnu/libpng12.so.0.49.0
7f4e435b2000-7f4e435b3000 rw-p 00026000 08:03 12190665                   /lib/x86_64-linux-gnu/libpng12.so.0.49.0
7f4e435b3000-7f4e435c7000 r-xp 00000000 08:03 12192206                   /lib/x86_64-linux-gnu/libresolv-2.19.so
7f4e435c7000-7f4e437c6000 ---p 00014000 08:03 12192206                   /lib/x86_64-linux-gnu/libresolv-2.19.so
7f4e437c6000-7f4e437c7000 r--p 00013000 08:03 12192206                   /lib/x86_64-linux-gnu/libresolv-2.19.so
7f4e437c7000-7f4e437c8000 rw-p 00014000 08:03 12192206                   /lib/x86_64-linux-gnu/libresolv-2.19.so
7f4e437c8000-7f4e437ca000 rw-p 00000000 00:00 0 
7f4e437ca000-7f4e437e8000 r-xp 00000000 08:03 12190680                   /lib/x86_64-linux-gnu/libselinux.so.1
7f4e437e8000-7f4e439e7000 ---p 0001e000 08:03 12190680                   /lib/x86_64-linux-gnu/libselinux.so.1
7f4e439e7000-7f4e439e8000 r--p 0001d000 08:03 12190680                   /lib/x86_64-linux-gnu/libselinux.so.1
7f4e439e8000-7f4e439e9000 rw-p 0001e000 08:03 12190680                   /lib/x86_64-linux-gnu/libselinux.so.1
7f4e439e9000-7f4e439ea000 rw-p 00000000 00:00 0 
7f4e439ea000-7f4e439ed000 r-xp 00000000 08:03 4200052                    /usr/lib/x86_64-linux-gnu/libgmodule-2.0.so.0.3200.4
7f4e439ed000-7f4e43bec000 ---p 00003000 08:03 4200052                    /usr/lib/x86_64-linux-gnu/libgmodule-2.0.so.0.3200.4
7f4e43bec000-7f4e43bed000 r--p 00002000 08:03 4200052                    /usr/lib/x86_64-linux-gnu/libgmodule-2.0.so.0.3200.4
7f4e43bed000-7f4e43bee000 rw-p 00003000 08:03 4200052                    /usr/lib/x86_64-linux-gnu/libgmodule-2.0.so.0.3200.4
7f4e43bee000-7f4e43bf8000 r-xp 00000000 08:03 4199739                    /usr/lib/x86_64-linux-gnu/libXcursor.so.1.0.2
7f4e43bf8000-7f4e43df7000 ---p 0000a000 08:03 4199739                    /usr/lib/x86_64-linux-gnu/libXcursor.so.1.0.2
7f4e43df7000-7f4e43df8000 rw-p 00009000 08:03 4199739                    /usr/lib/x86_64-linux-gnu/libXcursor.so.1.0.2
7f4e43df8000-7f4e43dff000 r-xp 00000000 08:03 4199761                    /usr/lib/x86_64-linux-gnu/libXrandr.so.2.2.0
7f4e43dff000-7f4e43fff000 ---p 00007000 08:03 4199761                    /usr/lib/x86_64-linux-gnu/libXrandr.so.2.2.0
7f4e43fff000-7f4e44000000 rw-p 00007000 08:03 4199761                    /usr/lib/x86_64-linux-gnu/libXrandr.so.2.2.0
7f4e44000000-7f4e44021000 rw-p 00000000 00:00 0 
7f4e44021000-7f4e48000000 ---p 00000000 00:00 0 
7f4e480eb000-7f4e480ee000 ---p 00000000 00:00 0 
7f4e480ee000-7f4e481ec000 rw-p 00000000 00:00 0 
7f4e481ec000-7f4e481ee000 r-xp 00000000 08:03 4199753                    /usr/lib/x86_64-linux-gnu/libXinerama.so.1.0.0
7f4e481ee000-7f4e483ed000 ---p 00002000 08:03 4199753                    /usr/lib/x86_64-linux-gnu/libXinerama.so.1.0.0
7f4e483ed000-7f4e483ee000 rw-p 00001000 08:03 4199753                    /usr/lib/x86_64-linux-gnu/libXinerama.so.1.0.0
7f4e483ee000-7f4e483f3000 r-xp 00000000 08:03 4199747                    /usr/lib/x86_64-linux-gnu/libXfixes.so.3.1.0
7f4e483f3000-7f4e485f2000 ---p 00005000 08:03 4199747                    /usr/lib/x86_64-linux-gnu/libXfixes.so.3.1.0
7f4e485f2000-7f4e485f3000 r--p 00004000 08:03 4199747                    /usr/lib/x86_64-linux-gnu/libXfixes.so.3.1.0
7f4e485f3000-7f4e485f4000 rw-p 00005000 08:03 4199747                    /usr/lib/x86_64-linux-gnu/libXfixes.so.3.1.0
7f4e485f4000-7f4e485f6000 r-xp 00000000 08:03 4199741                    /usr/lib/x86_64-linux-gnu/libXdamage.so.1.1.0
7f4e485f6000-7f4e487f5000 ---p 00002000 08:03 4199741                    /usr/lib/x86_64-linux-gnu/libXdamage.so.1.1.0
7f4e487f5000-7f4e487f6000 rw-p 00001000 08:03 4199741                    /usr/lib/x86_64-linux-gnu/libXdamage.so.1.1.0
7f4e487f6000-7f4e487f8000 r-xp 00000000 08:03 4199737                    /usr/lib/x86_64-linux-gnu/libXcomposite.so.1.0.0
7f4e487f8000-7f4e489f7000 ---p 00002000 08:03 4199737                    /usr/lib/x86_64-linux-gnu/libXcomposite.so.1.0.0
7f4e489f7000-7f4e489f8000 rw-p 00001000 08:03 4199737                    /usr/lib/x86_64-linux-gnu/libXcomposite.so.1.0.0
7f4e489f8000-7f4e48a17000 r-xp 00000000 08:03 4200529                    /usr/lib/x86_64-linux-gnu/libxcb.so.1.1.0
7f4e48a17000-7f4e48c16000 ---p 0001f000 08:03 4200529                    /usr/lib/x86_64-linux-gnu/libxcb.so.1.1.0
7f4e48c16000-7f4e48c17000 r--p 0001e000 08:03 4200529                    /usr/lib/x86_64-linux-gnu/libxcb.so.1.1.0
7f4e48c17000-7f4e48c18000 rw-p 0001f000 08:03 4200529                    /usr/lib/x86_64-linux-gnu/libxcb.so.1.1.0
7f4e48c18000-7f4e48c6b000 r-xp 00000000 08:03 4199889                    /usr/lib/x86_64-linux-gnu/libcups.so.2
7f4e48c6b000-7f4e48e6a000 ---p 00053000 08:03 4199889                    /usr/lib/x86_64-linux-gnu/libcups.so.2
7f4e48e6a000-7f4e48e6f000 r--p 00052000 08:03 4199889                    /usr/lib/x86_64-linux-gnu/libcups.so.2
7f4e48e6f000-7f4e48e70000 rw-p 00057000 08:03 4199889                    /usr/lib/x86_64-linux-gnu/libcups.so.2
7f4e48e70000-7f4e48f65000 r-xp 00000000 08:03 12190597                   /lib/x86_64-linux-gnu/libglib-2.0.so.0.3200.4
7f4e48f65000-7f4e49165000 ---p 000f5000 08:03 12190597                   /lib/x86_64-linux-gnu/libglib-2.0.so.0.3200.4
7f4e49165000-7f4e49166000 r--p 000f5000 08:03 12190597                   /lib/x86_64-linux-gnu/libglib-2.0.so.0.3200.4
7f4e49166000-7f4e49167000 rw-p 000f6000 08:03 12190597                   /lib/x86_64-linux-gnu/libglib-2.0.so.0.3200.4
7f4e49167000-7f4e49168000 rw-p 00000000 00:00 0 
7f4e49168000-7f4e49169000 r-xp 00000000 08:03 4200137                    /usr/lib/x86_64-linux-gnu/libgthread-2.0.so.0.3200.4
7f4e49169000-7f4e49368000 ---p 00001000 08:03 4200137                    /usr/lib/x86_64-linux-gnu/libgthread-2.0.so.0.3200.4
7f4e49368000-7f4e49369000 r--p 00000000 08:03 4200137                    /usr/lib/x86_64-linux-gnu/libgthread-2.0.so.0.3200.4
7f4e49369000-7f4e4936a000 rw-p 00001000 08:03 4200137                    /usr/lib/x86_64-linux-gnu/libgthread-2.0.so.0.3200.4
7f4e4936a000-7f4e493b8000 r-xp 00000000 08:03 4200068                    /usr/lib/x86_64-linux-gnu/libgobject-2.0.so.0.3200.4
7f4e493b8000-7f4e495b8000 ---p 0004e000 08:03 4200068                    /usr/lib/x86_64-linux-gnu/libgobject-2.0.so.0.3200.4
7f4e495b8000-7f4e495b9000 r--p 0004e000 08:03 4200068                    /usr/lib/x86_64-linux-gnu/libgobject-2.0.so.0.3200.4
7f4e495b9000-7f4e495ba000 rw-p 0004f000 08:03 4200068                    /usr/lib/x86_64-linux-gnu/libgobject-2.0.so.0.3200.4
7f4e495ba000-7f4e495ef000 r-xp 00000000 08:03 4199999                    /usr/lib/x86_64-linux-gnu/libfontconfig.so.1.5.0
7f4e495ef000-7f4e497ef000 ---p 00035000 08:03 4199999                    /usr/lib/x86_64-linux-gnu/libfontconfig.so.1.5.0
7f4e497ef000-7f4e497f0000 r--p 00035000 08:03 4199999                    /usr/lib/x86_64-linux-gnu/libfontconfig.so.1.5.0
7f4e497f0000-7f4e497f1000 rw-p 00036000 08:03 4199999                    /usr/lib/x86_64-linux-gnu/libfontconfig.so.1.5.0
7f4e497f1000-7f4e4988a000 r-xp 00000000 08:03 4200007                    /usr/lib/x86_64-linux-gnu/libfreetype.so.6.8.1
7f4e4988a000-7f4e49a89000 ---p 00099000 08:03 4200007                    /usr/lib/x86_64-linux-gnu/libfreetype.so.6.8.1
7f4e49a89000-7f4e49a8f000 r--p 00098000 08:03 4200007                    /usr/lib/x86_64-linux-gnu/libfreetype.so.6.8.1
7f4e49a8f000-7f4e49a90000 rw-p 0009e000 08:03 4200007                    /usr/lib/x86_64-linux-gnu/libfreetype.so.6.8.1
7f4e49a90000-7f4e49ada000 r-xp 00000000 08:03 4200313                    /usr/lib/x86_64-linux-gnu/libpango-1.0.so.0.3000.0
7f4e49ada000-7f4e49cda000 ---p 0004a000 08:03 4200313                    /usr/lib/x86_64-linux-gnu/libpango-1.0.so.0.3000.0
7f4e49cda000-7f4e49cdc000 r--p 0004a000 08:03 4200313                    /usr/lib/x86_64-linux-gnu/libpango-1.0.so.0.3000.0
7f4e49cdc000-7f4e49cdd000 rw-p 0004c000 08:03 4200313                    /usr/lib/x86_64-linux-gnu/libpango-1.0.so.0.3000.0
7f4e49cdd000-7f4e49dd1000 r-xp 00000000 08:03 4199843                    /usr/lib/x86_64-linux-gnu/libcairo.so.2.11200.2
7f4e49dd1000-7f4e49fd0000 ---p 000f4000 08:03 4199843                    /usr/lib/x86_64-linux-gnu/libcairo.so.2.11200.2
7f4e49fd0000-7f4e49fd3000 r--p 000f3000 08:03 4199843                    /usr/lib/x86_64-linux-gnu/libcairo.so.2.11200.2
7f4e49fd3000-7f4e49fd4000 rw-p 000f6000 08:03 4199843                    /usr/lib/x86_64-linux-gnu/libcairo.so.2.11200.2
7f4e49fd4000-7f4e49fd6000 rw-p 00000000 00:00 0 
7f4e49fd6000-7f4e49ff5000 r-xp 00000000 08:03 4200030                    /usr/lib/x86_64-linux-gnu/libgdk_pixbuf-2.0.so.0.2600.1
7f4e49ff5000-7f4e4a1f4000 ---p 0001f000 08:03 4200030                    /usr/lib/x86_64-linux-gnu/libgdk_pixbuf-2.0.so.0.2600.1
7f4e4a1f4000-7f4e4a1f5000 r--p 0001e000 08:03 4200030                    /usr/lib/x86_64-linux-gnu/libgdk_pixbuf-2.0.so.0.2600.1
7f4e4a1f5000-7f4e4a1f6000 rw-p 0001f000 08:03 4200030                    /usr/lib/x86_64-linux-gnu/libgdk_pixbuf-2.0.so.0.2600.1
7f4e4a1f6000-7f4e4a202000 r-xp 00000000 08:03 4200315                    /usr/lib/x86_64-linux-gnu/libpangocairo-1.0.so.0.3000.0
7f4e4a202000-7f4e4a401000 ---p 0000c000 08:03 4200315                    /usr/lib/x86_64-linux-gnu/libpangocairo-1.0.so.0.3000.0
7f4e4a401000-7f4e4a402000 r--p 0000b000 08:03 4200315                    /usr/lib/x86_64-linux-gnu/libpangocairo-1.0.so.0.3000.0
7f4e4a402000-7f4e4a403000 rw-p 0000c000 08:03 4200315                    /usr/lib/x86_64-linux-gnu/libpangocairo-1.0.so.0.3000.0
7f4e4a403000-7f4e4a42d000 r-xp 00000000 08:03 4200317                    /usr/lib/x86_64-linux-gnu/libpangoft2-1.0.so.0.3000.0
7f4e4a42d000-7f4e4a62c000 ---p 0002a000 08:03 4200317                    /usr/lib/x86_64-linux-gnu/libpangoft2-1.0.so.0.3000.0
7f4e4a62c000-7f4e4a62d000 r--p 00029000 08:03 4200317                    /usr/lib/x86_64-linux-gnu/libpangoft2-1.0.so.0.3000.0
7f4e4a62d000-7f4e4a62e000 rw-p 0002a000 08:03 4200317                    /usr/lib/x86_64-linux-gnu/libpangoft2-1.0.so.0.3000.0
7f4e4a62e000-7f4e4a77a000 r-xp 00000000 08:03 4200042                    /usr/lib/x86_64-linux-gnu/libgio-2.0.so.0.3200.4
7f4e4a77a000-7f4e4a979000 ---p 0014c000 08:03 4200042                    /usr/lib/x86_64-linux-gnu/libgio-2.0.so.0.3200.4
7f4e4a979000-7f4e4a97d000 r--p 0014b000 08:03 4200042                    /usr/lib/x86_64-linux-gnu/libgio-2.0.so.0.3200.4
7f4e4a97d000-7f4e4a97f000 rw-p 0014f000 08:03 4200042                    /usr/lib/x86_64-linux-gnu/libgio-2.0.so.0.3200.4
7f4e4a97f000-7f4e4a981000 rw-p 00000000 00:00 0 
7f4e4a981000-7f4e4a9a2000 r-xp 00000000 08:03 4199799                    /usr/lib/x86_64-linux-gnu/libatk-1.0.so.0.20409.1
7f4e4a9a2000-7f4e4aba1000 ---p 00021000 08:03 4199799                    /usr/lib/x86_64-linux-gnu/libatk-1.0.so.0.20409.1
7f4e4aba1000-7f4e4aba3000 r--p 00020000 08:03 4199799                    /usr/lib/x86_64-linux-gnu/libatk-1.0.so.0.20409.1
7f4e4aba3000-7f4e4aba4000 rw-p 00022000 08:03 4199799                    /usr/lib/x86_64-linux-gnu/libatk-1.0.so.0.20409.1
7f4e4aba4000-7f4e4ac53000 r-xp 00000000 08:03 4200028                    /usr/lib/x86_64-linux-gnu/libgdk-x11-2.0.so.0.2400.10
7f4e4ac53000-7f4e4ae52000 ---p 000af000 08:03 4200028                    /usr/lib/x86_64-linux-gnu/libgdk-x11-2.0.so.0.2400.10
7f4e4ae52000-7f4e4ae57000 rw-p 000ae000 08:03 4200028                    /usr/lib/x86_64-linux-gnu/libgdk-x11-2.0.so.0.2400.10
7f4e4ae57000-7f4e4b289000 r-xp 00000000 08:03 4200141                    /usr/lib/x86_64-linux-gnu/libgtk-x11-2.0.so.0.2400.10
7f4e4b289000-7f4e4b489000 ---p 00432000 08:03 4200141                    /usr/lib/x86_64-linux-gnu/libgtk-x11-2.0.so.0.2400.10
7f4e4b489000-7f4e4b494000 rw-p 00432000 08:03 4200141                    /usr/lib/x86_64-linux-gnu/libgtk-x11-2.0.so.0.2400.10
7f4e4b494000-7f4e4b496000 rw-p 00000000 00:00 0 
7f4e4b496000-7f4e4b4a4000 r-xp 00000000 08:03 4199751                    /usr/lib/x86_64-linux-gnu/libXi.so.6.1.0
7f4e4b4a4000-7f4e4b6a4000 ---p 0000e000 08:03 4199751                    /usr/lib/x86_64-linux-gnu/libXi.so.6.1.0
7f4e4b6a4000-7f4e4b6a5000 rw-p 0000e000 08:03 4199751                    /usr/lib/x86_64-linux-gnu/libXi.so.6.1.0
7f4e4b6a5000-7f4e4b6aa000 r-xp 00000000 08:03 4199769                    /usr/lib/x86_64-linux-gnu/libXtst.so.6.1.0
7f4e4b6aa000-7f4e4b8a9000 ---p 00005000 08:03 4199769                    /usr/lib/x86_64-linux-gnu/libXtst.so.6.1.0
7f4e4b8a9000-7f4e4b8aa000 rw-p 00004000 08:03 4199769                    /usr/lib/x86_64-linux-gnu/libXtst.so.6.1.0
7f4e4b8aa000-7f4e4b8b3000 r-xp 00000000 08:03 4199763                    /usr/lib/x86_64-linux-gnu/libXrender.so.1.3.0
7f4e4b8b3000-7f4e4bab2000 ---p 00009000 08:03 4199763                    /usr/lib/x86_64-linux-gnu/libXrender.so.1.3.0
7f4e4bab2000-7f4e4bab3000 rw-p 00008000 08:03 4199763                    /usr/lib/x86_64-linux-gnu/libXrender.so.1.3.0
7f4e4bab3000-7f4e4bbe8000 r-xp 00000000 08:03 4199728                    /usr/lib/x86_64-linux-gnu/libX11.so.6.3.0
7f4e4bbe8000-7f4e4bde8000 ---p 00135000 08:03 4199728                    /usr/lib/x86_64-linux-gnu/libX11.so.6.3.0
7f4e4bde8000-7f4e4bdee000 rw-p 00135000 08:03 4199728                    /usr/lib/x86_64-linux-gnu/libX11.so.6.3.0
7f4e4bdee000-7f4e4bdff000 r-xp 00000000 08:03 4199745                    /usr/lib/x86_64-linux-gnu/libXext.so.6.4.0
7f4e4bdff000-7f4e4bfff000 ---p 00011000 08:03 4199745                    /usr/lib/x86_64-linux-gnu/libXext.so.6.4.0
7f4e4bfff000-7f4e4c000000 rw-p 00011000 08:03 4199745                    /usr/lib/x86_64-linux-gnu/libXext.so.6.4.0
7f4e4c000000-7f4e4c021000 rw-p 00000000 00:00 0 
7f4e4c021000-7f4e50000000 ---p 00000000 00:00 0 
7f4e50036000-7f4e5007e000 rw-p 00000000 00:00 0 
7f4e5007e000-7f4e50081000 ---p 00000000 00:00 0 
7f4e50081000-7f4e5017f000 rw-p 00000000 00:00 0 
7f4e5017f000-7f4e501d2000 r-xp 00000000 08:03 3934319                    /usr/lib/jvm/java-7-openjdk-amd64/jre/lib/amd64/xawt/libmawt.so
7f4e501d2000-7f4e503d1000 ---p 00053000 08:03 3934319                    /usr/lib/jvm/java-7-openjdk-amd64/jre/lib/amd64/xawt/libmawt.so
7f4e503d1000-7f4e503d2000 r--p 00052000 08:03 3934319                    /usr/lib/jvm/java-7-openjdk-amd64/jre/lib/amd64/xawt/libmawt.so
7f4e503d2000-7f4e503d5000 rw-p 00053000 08:03 3934319                    /usr/lib/jvm/java-7-openjdk-amd64/jre/lib/amd64/xawt/libmawt.so
7f4e503d5000-7f4e503d6000 rw-p 00000000 00:00 0 
7f4e503d6000-7f4e50477000 r-xp 00000000 08:03 3934218                    /usr/lib/jvm/java-7-openjdk-amd64/jre/lib/amd64/libawt.so
7f4e50477000-7f4e50676000 ---p 000a1000 08:03 3934218                    /usr/lib/jvm/java-7-openjdk-amd64/jre/lib/amd64/libawt.so
7f4e50676000-7f4e50677000 r--p 000a0000 08:03 3934218                    /usr/lib/jvm/java-7-openjdk-amd64/jre/lib/amd64/libawt.so
7f4e50677000-7f4e50682000 rw-p 000a1000 08:03 3934218                    /usr/lib/jvm/java-7-openjdk-amd64/jre/lib/amd64/libawt.so
7f4e50682000-7f4e506a7000 rw-p 00000000 00:00 0 
7f4e506a7000-7f4e506e4000 r-xp 00000000 08:03 10486182                   /tmp/libgdxchobe/5502b6ed/libgdx64.so
7f4e506e4000-7f4e508e3000 ---p 0003d000 08:03 10486182                   /tmp/libgdxchobe/5502b6ed/libgdx64.so
7f4e508e3000-7f4e508e4000 r--p 0003c000 08:03 10486182                   /tmp/libgdxchobe/5502b6ed/libgdx64.so
7f4e508e4000-7f4e508e5000 rw-p 0003d000 08:03 10486182                   /tmp/libgdxchobe/5502b6ed/libgdx64.so
7f4e508e5000-7f4e508e6000 r--s 00002000 08:03 10488693                   /home/chobe/.gradle/caches/modules-2/files-2.1/net.java.jinput/jinput-platform/2.0.5/53f9c919f34d2ca9de8c51fc4e1e8282029a9232/jinput-platform-2.0.5-natives-osx.jar
7f4e508e6000-7f4e508e7000 r--s 00025000 08:03 10488692                   /home/chobe/.gradle/caches/modules-2/files-2.1/net.java.jinput/jinput-platform/2.0.5/385ee093e01f587f30ee1c8a2ee7d408fd732e16/jinput-platform-2.0.5-natives-windows.jar
7f4e508e7000-7f4e508e8000 r--s 00002000 08:03 10488691                   /home/chobe/.gradle/caches/modules-2/files-2.1/net.java.jinput/jinput-platform/2.0.5/7ff832a6eb9ab6a767f1ade2b548092d0fa64795/jinput-platform-2.0.5-natives-linux.jar
7f4e508e8000-7f4e508e9000 r--s 00001000 08:03 10488690                   /home/chobe/.gradle/caches/modules-2/files-2.1/net.java.jutils/jutils/1.0.0/e12fe1fda814bd348c1579329c86943d2cd3c6a6/jutils-1.0.0.jar
7f4e508e9000-7f4e508ed000 r--s 0002f000 08:03 10488689                   /home/chobe/.gradle/caches/modules-2/files-2.1/net.java.jinput/jinput/2.0.5/39c7796b469a600f72380316f6b1f11db6c2c7c4/jinput-2.0.5.jar
7f4e508ed000-7f4e508ee000 r--s 00080000 08:03 10488688                   /home/chobe/.gradle/caches/modules-2/files-2.1/org.lwjgl.lwjgl/lwjgl-platform/2.9.1/2d12c83fdfbc04ecabf02c7bc8cc54d034f0daac/lwjgl-platform-2.9.1-natives-osx.jar
7f4e508ee000-7f4e508ef000 r--s 0008b000 08:03 10488687                   /home/chobe/.gradle/caches/modules-2/files-2.1/org.lwjgl.lwjgl/lwjgl-platform/2.9.1/aa9aae879af8eb378e22cfc64db56ec2ca9a44d1/lwjgl-platform-2.9.1-natives-linux.jar
7f4e508ef000-7f4e508f0000 r--s 00095000 08:03 10488686                   /home/chobe/.gradle/caches/modules-2/files-2.1/org.lwjgl.lwjgl/lwjgl-platform/2.9.1/4c517eca808522457dd95ee8fc1fbcdbb602efbe/lwjgl-platform-2.9.1-natives-windows.jar
7f4e508f0000-7f4e508f2000 r--s 00017000 08:03 10488685                   /home/chobe/.gradle/caches/modules-2/files-2.1/org.jcraft/jorbis/0.0.17/8872d22b293e8f5d7d56ff92be966e6dc28ebdc6/jorbis-0.0.17.jar
7f4e508f2000-7f4e508f3000 r--s 00015000 08:03 10488684                   /home/chobe/.gradle/caches/modules-2/files-2.1/com.badlogicgames.jlayer/jlayer/1.0.1-gdx/7cca83cec5c1b2f011362f4d85aabd71a73b049d/jlayer-1.0.1-gdx.jar
7f4e508f3000-7f4e508f7000 r--s 00027000 08:03 10488683                   /home/chobe/.gradle/caches/modules-2/files-2.1/org.lwjgl.lwjgl/lwjgl_util/2.9.1/290d7ba8a1bd9566f5ddf16ad06f09af5ec9b20e/lwjgl_util-2.9.1.jar
7f4e508f7000-7f4e50905000 r--s 000ea000 08:03 10488682                   /home/chobe/.gradle/caches/modules-2/files-2.1/org.lwjgl.lwjgl/lwjgl/2.9.1/f58c5aabcef0e41718a564be9f8e412fff8db847/lwjgl-2.9.1.jar
7f4e50905000-7f4e5091a000 r--s 00153000 08:03 10488660                   /home/chobe/.gradle/caches/modules-2/files-2.1/com.badlogicgames.gdx/gdx/1.1.0/686f5a609c717eb0769d3b954c501a49bf4fe351/gdx-1.1.0.jar
7f4e5091a000-7f4e5091b000 r--s 000cd000 08:03 10488678                   /home/chobe/.gradle/caches/modules-2/files-2.1/com.badlogicgames.gdx/gdx-platform/1.1.0/1c7ea4239c2d9adda420c15985fe3885c481fdcf/gdx-platform-1.1.0-natives-desktop.jar
7f4e5091b000-7f4e5091e000 r--s 0001f000 08:03 10488677                   /home/chobe/.gradle/caches/modules-2/files-2.1/com.badlogicgames.gdx/gdx-backend-lwjgl/1.1.0/eafa409559820c1696e165e1280435f1332fc32b/gdx-backend-lwjgl-1.1.0.jar
7f4e5091e000-7f4e50921000 r--s 00021000 08:01 772750                     /media/winDisk/Users/ChobeDucket/Documents/sheep/core/build/libs/core-1.0.jar
7f4e50921000-7f4e50925000 r--s 0003b000 08:03 3934173                    /usr/lib/jvm/java-7-openjdk-amd64/jre/lib/ext/sunpkcs11.jar
7f4e50925000-7f4e50926000 r--s 00002000 08:03 3934178                    /usr/lib/jvm/java-7-openjdk-amd64/jre/lib/ext/dnsns.jar
7f4e50926000-7f4e50929000 r--s 00032000 08:03 3934176                    /usr/lib/jvm/java-7-openjdk-amd64/jre/lib/ext/sunjce_provider.jar
7f4e50929000-7f4e5092b000 r--s 0000f000 08:03 3934175                    /usr/lib/jvm/java-7-openjdk-amd64/jre/lib/ext/pulse-java.jar
7f4e5092b000-7f4e5092d000 r--s 00012000 08:03 3934174                    /usr/lib/jvm/java-7-openjdk-amd64/jre/lib/ext/zipfs.jar
7f4e5092d000-7f4e50931000 r--s 00085000 08:03 3934172                    /usr/lib/jvm/java-7-openjdk-amd64/jre/lib/ext/localedata.jar
7f4e50931000-7f4e50932000 r--s 00007000 08:03 5645676                    /usr/share/java/java-atk-wrapper.jar
7f4e50932000-7f4e50933000 ---p 00000000 00:00 0 
7f4e50933000-7f4e50a33000 rw-p 00000000 00:00 0 
7f4e50a33000-7f4e50a36000 ---p 00000000 00:00 0 
7f4e50a36000-7f4e50b34000 rw-p 00000000 00:00 0 
7f4e50b34000-7f4e50b37000 ---p 00000000 00:00 0 
7f4e50b37000-7f4e50c35000 rw-p 00000000 00:00 0 
7f4e50c35000-7f4e50c38000 ---p 00000000 00:00 0 
7f4e50c38000-7f4e50d36000 rw-p 00000000 00:00 0 
7f4e50d36000-7f4e50d39000 ---p 00000000 00:00 0 
7f4e50d39000-7f4e50e37000 rw-p 00000000 00:00 0 
7f4e50e37000-7f4e50fc0000 r--p 00000000 08:03 4067802                    /usr/lib/locale/locale-archive
7f4e50fc0000-7f4e50fc3000 ---p 00000000 00:00 0 
7f4e50fc3000-7f4e510c1000 rw-p 00000000 00:00 0 
7f4e510c1000-7f4e510c4000 ---p 00000000 00:00 0 
7f4e510c4000-7f4e511c2000 rw-p 00000000 00:00 0 
7f4e511c2000-7f4e511c3000 ---p 00000000 00:00 0 
7f4e511c3000-7f4e54000000 rw-p 00000000 00:00 0 
7f4e54000000-7f4e54021000 rw-p 00000000 00:00 0 
7f4e54021000-7f4e58000000 ---p 00000000 00:00 0 
7f4e58013000-7f4e58090000 rw-p 00000000 00:00 0 
7f4e58090000-7f4e58093000 ---p 00000000 00:00 0 
7f4e58093000-7f4e580c9000 rw-p 00000000 00:00 0 
7f4e580c9000-7f4e580d2000 r--s 000b9000 08:03 3934170                    /usr/lib/jvm/java-7-openjdk-amd64/jre/lib/resources.jar
7f4e580d2000-7f4e58742000 rw-p 00000000 00:00 0 
7f4e58742000-7f4e588f0000 r--s 01cfc000 08:03 3934153                    /usr/lib/jvm/java-7-openjdk-amd64/jre/lib/rt.jar
7f4e588f0000-7f4e58bfc000 rw-p 00000000 00:00 0 
7f4e58bfc000-7f4e58bfd000 ---p 00000000 00:00 0 
7f4e58bfd000-7f4e58cfd000 rw-p 00000000 00:00 0 
7f4e58cfd000-7f4e58cfe000 ---p 00000000 00:00 0 
7f4e58cfe000-7f4e58dfe000 rw-p 00000000 00:00 0 
7f4e58dfe000-7f4e58dff000 ---p 00000000 00:00 0 
7f4e58dff000-7f4e58eff000 rw-p 00000000 00:00 0 
7f4e58eff000-7f4e58f00000 ---p 00000000 00:00 0 
7f4e58f00000-7f4e59000000 rw-p 00000000 00:00 0 
7f4e59000000-7f4e59270000 rwxp 00000000 00:00 0 
7f4e59270000-7f4e5c374000 rw-p 00000000 00:00 0 
7f4e5c374000-7f4e60000000 ---p 00000000 00:00 0 
7f4e60009000-7f4e60014000 r--s 00203000 08:03 3934232                    /usr/lib/jvm/java-7-openjdk-amd64/jre/lib/charsets.jar
7f4e60014000-7f4e60015000 rw-s 00005000 00:05 7289                       /dev/ati/card0
7f4e60015000-7f4e60025000 rw-s e0200000 00:05 7289                       /dev/ati/card0
7f4e60025000-7f4e60058000 rw-p 00000000 00:00 0 
7f4e60058000-7f4e600a0000 rw-p 00000000 00:00 0 
7f4e600a0000-7f4e600b5000 rw-p 00000000 00:00 0 
7f4e600b5000-7f4e601e6000 rw-p 00000000 00:00 0 
7f4e601e6000-7f4e601f1000 rw-p 00000000 00:00 0 
7f4e601f1000-7f4e60239000 rw-p 00000000 00:00 0 
7f4e60239000-7f4e6024e000 rw-p 00000000 00:00 0 
7f4e6024e000-7f4e6037e000 rw-p 00000000 00:00 0 
7f4e6037e000-7f4e60389000 rw-p 00000000 00:00 0 
7f4e60389000-7f4e60421000 rw-p 00000000 00:00 0 
7f4e60421000-7f4e60422000 rw-p 00000000 00:00 0 
7f4e60422000-7f4e6042a000 r-xp 00000000 08:03 3934210                    /usr/lib/jvm/java-7-openjdk-amd64/jre/lib/amd64/libzip.so
7f4e6042a000-7f4e60629000 ---p 00008000 08:03 3934210                    /usr/lib/jvm/java-7-openjdk-amd64/jre/lib/amd64/libzip.so
7f4e60629000-7f4e6062a000 r--p 00007000 08:03 3934210                    /usr/lib/jvm/java-7-openjdk-amd64/jre/lib/amd64/libzip.so
7f4e6062a000-7f4e6062b000 rw-p 00008000 08:03 3934210                    /usr/lib/jvm/java-7-openjdk-amd64/jre/lib/amd64/libzip.so
7f4e6062b000-7f4e60636000 r-xp 00000000 08:03 12192223                   /lib/x86_64-linux-gnu/libnss_files-2.19.so
7f4e60636000-7f4e60835000 ---p 0000b000 08:03 12192223                   /lib/x86_64-linux-gnu/libnss_files-2.19.so
7f4e60835000-7f4e60836000 r--p 0000a000 08:03 12192223                   /lib/x86_64-linux-gnu/libnss_files-2.19.so
7f4e60836000-7f4e60837000 rw-p 0000b000 08:03 12192223                   /lib/x86_64-linux-gnu/libnss_files-2.19.so
7f4e60837000-7f4e60841000 r-xp 00000000 08:03 12192211                   /lib/x86_64-linux-gnu/libnss_nis-2.19.so
7f4e60841000-7f4e60a40000 ---p 0000a000 08:03 12192211                   /lib/x86_64-linux-gnu/libnss_nis-2.19.so
7f4e60a40000-7f4e60a41000 r--p 00009000 08:03 12192211                   /lib/x86_64-linux-gnu/libnss_nis-2.19.so
7f4e60a41000-7f4e60a42000 rw-p 0000a000 08:03 12192211                   /lib/x86_64-linux-gnu/libnss_nis-2.19.so
7f4e60a42000-7f4e60a57000 r-xp 00000000 08:03 12192215                   /lib/x86_64-linux-gnu/libnsl-2.19.so
7f4e60a57000-7f4e60c56000 ---p 00015000 08:03 12192215                   /lib/x86_64-linux-gnu/libnsl-2.19.so
7f4e60c56000-7f4e60c57000 r--p 00014000 08:03 12192215                   /lib/x86_64-linux-gnu/libnsl-2.19.so
7f4e60c57000-7f4e60c58000 rw-p 00015000 08:03 12192215                   /lib/x86_64-linux-gnu/libnsl-2.19.so
7f4e60c58000-7f4e60c5a000 rw-p 00000000 00:00 0 
7f4e60c5a000-7f4e60c61000 r-xp 00000000 08:03 12192212                   /lib/x86_64-linux-gnu/libnss_compat-2.19.so
7f4e60c61000-7f4e60e60000 ---p 00007000 08:03 12192212                   /lib/x86_64-linux-gnu/libnss_compat-2.19.so
7f4e60e60000-7f4e60e61000 r--p 00006000 08:03 12192212                   /lib/x86_64-linux-gnu/libnss_compat-2.19.so
7f4e60e61000-7f4e60e62000 rw-p 00007000 08:03 12192212                   /lib/x86_64-linux-gnu/libnss_compat-2.19.so
7f4e60e62000-7f4e60e8d000 r-xp 00000000 08:03 3934215                    /usr/lib/jvm/java-7-openjdk-amd64/jre/lib/amd64/libjava.so
7f4e60e8d000-7f4e6108c000 ---p 0002b000 08:03 3934215                    /usr/lib/jvm/java-7-openjdk-amd64/jre/lib/amd64/libjava.so
7f4e6108c000-7f4e6108d000 r--p 0002a000 08:03 3934215                    /usr/lib/jvm/java-7-openjdk-amd64/jre/lib/amd64/libjava.so
7f4e6108d000-7f4e6108f000 rw-p 0002b000 08:03 3934215                    /usr/lib/jvm/java-7-openjdk-amd64/jre/lib/amd64/libjava.so
7f4e6108f000-7f4e6109e000 r-xp 00000000 08:03 3934216                    /usr/lib/jvm/java-7-openjdk-amd64/jre/lib/amd64/libverify.so
7f4e6109e000-7f4e6129d000 ---p 0000f000 08:03 3934216                    /usr/lib/jvm/java-7-openjdk-amd64/jre/lib/amd64/libverify.so
7f4e6129d000-7f4e6129f000 r--p 0000e000 08:03 3934216                    /usr/lib/jvm/java-7-openjdk-amd64/jre/lib/amd64/libverify.so
7f4e6129f000-7f4e612a0000 rw-p 00010000 08:03 3934216                    /usr/lib/jvm/java-7-openjdk-amd64/jre/lib/amd64/libverify.so
7f4e612a0000-7f4e612a7000 r-xp 00000000 08:03 12192213                   /lib/x86_64-linux-gnu/librt-2.19.so
7f4e612a7000-7f4e614a6000 ---p 00007000 08:03 12192213                   /lib/x86_64-linux-gnu/librt-2.19.so
7f4e614a6000-7f4e614a7000 r--p 00006000 08:03 12192213                   /lib/x86_64-linux-gnu/librt-2.19.so
7f4e614a7000-7f4e614a8000 rw-p 00007000 08:03 12192213                   /lib/x86_64-linux-gnu/librt-2.19.so
7f4e614a8000-7f4e614bd000 r-xp 00000000 08:03 12190593                   /lib/x86_64-linux-gnu/libgcc_s.so.1
7f4e614bd000-7f4e616bd000 ---p 00015000 08:03 12190593                   /lib/x86_64-linux-gnu/libgcc_s.so.1
7f4e616bd000-7f4e616be000 rw-p 00015000 08:03 12190593                   /lib/x86_64-linux-gnu/libgcc_s.so.1
7f4e616be000-7f4e617be000 r-xp 00000000 08:03 12192221                   /lib/x86_64-linux-gnu/libm-2.19.so
7f4e617be000-7f4e619bd000 ---p 00100000 08:03 12192221                   /lib/x86_64-linux-gnu/libm-2.19.so
7f4e619bd000-7f4e619be000 r--p 000ff000 08:03 12192221                   /lib/x86_64-linux-gnu/libm-2.19.so
7f4e619be000-7f4e619bf000 rw-p 00100000 08:03 12192221                   /lib/x86_64-linux-gnu/libm-2.19.so
7f4e619bf000-7f4e61aa7000 r-xp 00000000 08:03 4200440                    /usr/lib/x86_64-linux-gnu/libstdc++.so.6.0.17
7f4e61aa7000-7f4e61ca7000 ---p 000e8000 08:03 4200440                    /usr/lib/x86_64-linux-gnu/libstdc++.so.6.0.17
7f4e61ca7000-7f4e61caf000 r--p 000e8000 08:03 4200440                    /usr/lib/x86_64-linux-gnu/libstdc++.so.6.0.17
7f4e61caf000-7f4e61cb1000 rw-p 000f0000 08:03 4200440                    /usr/lib/x86_64-linux-gnu/libstdc++.so.6.0.17
7f4e61cb1000-7f4e61cc6000 rw-p 00000000 00:00 0 
7f4e61cc6000-7f4e6278f000 r-xp 00000000 08:03 3934204                    /usr/lib/jvm/java-7-openjdk-amd64/jre/lib/amd64/server/libjvm.so
7f4e6278f000-7f4e6298f000 ---p 00ac9000 08:03 3934204                    /usr/lib/jvm/java-7-openjdk-amd64/jre/lib/amd64/server/libjvm.so
7f4e6298f000-7f4e62a27000 r--p 00ac9000 08:03 3934204                    /usr/lib/jvm/java-7-openjdk-amd64/jre/lib/amd64/server/libjvm.so
7f4e62a27000-7f4e62a4a000 rw-p 00b61000 08:03 3934204                    /usr/lib/jvm/java-7-openjdk-amd64/jre/lib/amd64/server/libjvm.so
7f4e62a4a000-7f4e62a77000 rw-p 00000000 00:00 0 
7f4e62a77000-7f4e62a8e000 r-xp 00000000 08:03 12192203                   /lib/x86_64-linux-gnu/libz.so.1.2.8
7f4e62a8e000-7f4e62c8d000 ---p 00017000 08:03 12192203                   /lib/x86_64-linux-gnu/libz.so.1.2.8
7f4e62c8d000-7f4e62c8e000 r--p 00016000 08:03 12192203                   /lib/x86_64-linux-gnu/libz.so.1.2.8
7f4e62c8e000-7f4e62c8f000 rw-p 00017000 08:03 12192203                   /lib/x86_64-linux-gnu/libz.so.1.2.8
7f4e62c8f000-7f4e62e2e000 r-xp 00000000 08:03 12192214                   /lib/x86_64-linux-gnu/libc-2.19.so
7f4e62e2e000-7f4e6302e000 ---p 0019f000 08:03 12192214                   /lib/x86_64-linux-gnu/libc-2.19.so
7f4e6302e000-7f4e63032000 r--p 0019f000 08:03 12192214                   /lib/x86_64-linux-gnu/libc-2.19.so
7f4e63032000-7f4e63034000 rw-p 001a3000 08:03 12192214                   /lib/x86_64-linux-gnu/libc-2.19.so
7f4e63034000-7f4e63038000 rw-p 00000000 00:00 0 
7f4e63038000-7f4e6303b000 r-xp 00000000 08:03 12192219                   /lib/x86_64-linux-gnu/libdl-2.19.so
7f4e6303b000-7f4e6323a000 ---p 00003000 08:03 12192219                   /lib/x86_64-linux-gnu/libdl-2.19.so
7f4e6323a000-7f4e6323b000 r--p 00002000 08:03 12192219                   /lib/x86_64-linux-gnu/libdl-2.19.so
7f4e6323b000-7f4e6323c000 rw-p 00003000 08:03 12192219                   /lib/x86_64-linux-gnu/libdl-2.19.so
7f4e6323c000-7f4e63249000 r-xp 00000000 08:03 3934207                    /usr/lib/jvm/java-7-openjdk-amd64/jre/lib/amd64/jli/libjli.so
7f4e63249000-7f4e63448000 ---p 0000d000 08:03 3934207                    /usr/lib/jvm/java-7-openjdk-amd64/jre/lib/amd64/jli/libjli.so
7f4e63448000-7f4e63449000 r--p 0000c000 08:03 3934207                    /usr/lib/jvm/java-7-openjdk-amd64/jre/lib/amd64/jli/libjli.so
7f4e63449000-7f4e6344a000 rw-p 0000d000 08:03 3934207                    /usr/lib/jvm/java-7-openjdk-amd64/jre/lib/amd64/jli/libjli.so
7f4e6344a000-7f4e63462000 r-xp 00000000 08:03 12192218                   /lib/x86_64-linux-gnu/libpthread-2.19.so
7f4e63462000-7f4e63661000 ---p 00018000 08:03 12192218                   /lib/x86_64-linux-gnu/libpthread-2.19.so
7f4e63661000-7f4e63662000 r--p 00017000 08:03 12192218                   /lib/x86_64-linux-gnu/libpthread-2.19.so
7f4e63662000-7f4e63663000 rw-p 00018000 08:03 12192218                   /lib/x86_64-linux-gnu/libpthread-2.19.so
7f4e63663000-7f4e63667000 rw-p 00000000 00:00 0 
7f4e63667000-7f4e63687000 r-xp 00000000 08:03 12192217                   /lib/x86_64-linux-gnu/ld-2.19.so
7f4e63690000-7f4e63692000 rw-s 00002000 00:05 7289                       /dev/ati/card0
7f4e63692000-7f4e63699000 r--s 00000000 08:03 4206154                    /usr/lib/x86_64-linux-gnu/gconv/gconv-modules.cache
7f4e63699000-7f4e6369e000 r--s 0004c000 08:03 3934152                    /usr/lib/jvm/java-7-openjdk-amd64/jre/lib/jsse.jar
7f4e6369e000-7f4e636a8000 rw-p 00000000 00:00 0 
7f4e636a8000-7f4e6375e000 rw-p 00000000 00:00 0 
7f4e6375e000-7f4e63761000 ---p 00000000 00:00 0 
7f4e63761000-7f4e6387b000 rw-p 00000000 00:00 0 
7f4e6387b000-7f4e63883000 rw-s 00000000 08:03 10490934                   /tmp/hsperfdata_chobe/32650 (deleted)
7f4e63883000-7f4e63884000 rw-p 00000000 00:00 0 
7f4e63884000-7f4e63885000 ---p 00000000 00:00 0 
7f4e63885000-7f4e63887000 rw-p 00000000 00:00 0 
7f4e63887000-7f4e63888000 r--p 00020000 08:03 12192217                   /lib/x86_64-linux-gnu/ld-2.19.so
7f4e63888000-7f4e63889000 rw-p 00021000 08:03 12192217                   /lib/x86_64-linux-gnu/ld-2.19.so
7f4e63889000-7f4e6388a000 rw-p 00000000 00:00 0 
7ffff8ab0000-7ffff8ad2000 rw-p 00000000 00:00 0                          [stack]
7ffff8b62000-7ffff8b63000 r-xp 00000000 00:00 0                          [vdso]
ffffffffff600000-ffffffffff601000 r-xp 00000000 00:00 0                  [vsyscall]

VM Arguments:
jvm_args: -Dfile.encoding=UTF-8 
java_command: com.mygdx.sheep.desktop.DesktopLauncher
Launcher Type: SUN_STANDARD

Environment Variables:
PATH=/usr/local/bin:/usr/bin:/bin:/usr/local/games:/usr/games:/home/chobe/.local/bin:/home/chobe/sdks/adt-bundle-linux-x86_64-20140321/sdk//platform-tools/adb:/home/chobe/sdks/adt-bundle-linux-x86_64-20140321/sdk//platform-tools/
USERNAME=chobe
SHELL=/bin/bash
DISPLAY=:0

Signal Handlers:
SIGSEGV: [libjvm.so+0x8f9750], sa_mask[0]=0x7ffbfeff, sa_flags=0x10000004
SIGBUS: [libjvm.so+0x8f9750], sa_mask[0]=0x7ffbfeff, sa_flags=0x10000004
SIGFPE: [libjvm.so+0x7827c0], sa_mask[0]=0x7ffbfeff, sa_flags=0x10000004
SIGPIPE: [libjvm.so+0x7827c0], sa_mask[0]=0x7ffbfeff, sa_flags=0x10000004
SIGXFSZ: [libjvm.so+0x7827c0], sa_mask[0]=0x7ffbfeff, sa_flags=0x10000004
SIGILL: [libjvm.so+0x7827c0], sa_mask[0]=0x7ffbfeff, sa_flags=0x10000004
SIGUSR1: SIG_DFL, sa_mask[0]=0x00000000, sa_flags=0x00000000
SIGUSR2: [libjvm.so+0x782ab0], sa_mask[0]=0x00000004, sa_flags=0x10000004
SIGHUP: [libjvm.so+0x782c20], sa_mask[0]=0x7ffbfeff, sa_flags=0x10000004
SIGINT: [libjvm.so+0x782c20], sa_mask[0]=0x7ffbfeff, sa_flags=0x10000004
SIGTERM: [libjvm.so+0x782c20], sa_mask[0]=0x7ffbfeff, sa_flags=0x10000004
SIGQUIT: [libjvm.so+0x782c20], sa_mask[0]=0x7ffbfeff, sa_flags=0x10000004


---------------  S Y S T E M  ---------------

OS:7.5

uname:Linux 3.2.0-4-amd64 #1 SMP Debian 3.2.57-3+deb7u1 x86_64
libc:glibc 2.19 NPTL 2.19 
rlimit: STACK 8192k, CORE 0k, NPROC 31105, NOFILE 4096, AS infinity
load average:1.14 0.58 0.53

/proc/meminfo:
MemTotal:        3993672 kB
MemFree:         1255104 kB
Buffers:          127984 kB
Cached:           688312 kB
SwapCached:       238780 kB
Active:          1735948 kB
Inactive:         710036 kB
Active(anon):    1400476 kB
Inactive(anon):   251700 kB
Active(file):     335472 kB
Inactive(file):   458336 kB
Unevictable:           0 kB
Mlocked:               0 kB
SwapTotal:       4120572 kB
SwapFree:        3480100 kB
Dirty:               224 kB
Writeback:             0 kB
AnonPages:       1614904 kB
Mapped:           178964 kB
Shmem:             22488 kB
Slab:              81316 kB
SReclaimable:      52704 kB
SUnreclaim:        28612 kB
KernelStack:        3720 kB
PageTables:        29204 kB
NFS_Unstable:          0 kB
Bounce:                0 kB
WritebackTmp:          0 kB
CommitLimit:     6117408 kB
Committed_AS:    3885176 kB
VmallocTotal:   34359738367 kB
VmallocUsed:      170472 kB
VmallocChunk:   34359561712 kB
HardwareCorrupted:     0 kB
AnonHugePages:         0 kB
HugePages_Total:       0
HugePages_Free:        0
HugePages_Rsvd:        0
HugePages_Surp:        0
Hugepagesize:       2048 kB
DirectMap4k:     1205248 kB
DirectMap2M:     2922496 kB


CPU:total 4 (4 cores per cpu, 1 threads per core) family 6 model 15 stepping 11, cmov, cx8, fxsr, mmx, sse, sse2, sse3, ssse3, tsc

/proc/cpuinfo:
processor	: 0
vendor_id	: GenuineIntel
cpu family	: 6
model		: 15
model name	: Intel(R) Core(TM)2 Quad CPU    Q6600  @ 2.40GHz
stepping	: 11
cpu MHz		: 2394.000
cache size	: 4096 KB
physical id	: 0
siblings	: 4
core id		: 0
cpu cores	: 4
apicid		: 0
initial apicid	: 0
fpu		: yes
fpu_exception	: yes
cpuid level	: 10
wp		: yes
flags		: fpu vme de pse tsc msr pae mce cx8 apic sep mtrr pge mca cmov pat pse36 clflush dts acpi mmx fxsr sse sse2 ss ht tm pbe syscall nx lm constant_tsc arch_perfmon pebs bts rep_good nopl aperfmperf pni dtes64 monitor ds_cpl vmx est tm2 ssse3 cx16 xtpr pdcm lahf_lm dtherm tpr_shadow vnmi flexpriority
bogomips	: 4795.82
clflush size	: 64
cache_alignment	: 64
address sizes	: 36 bits physical, 48 bits virtual
power management:

processor	: 1
vendor_id	: GenuineIntel
cpu family	: 6
model		: 15
model name	: Intel(R) Core(TM)2 Quad CPU    Q6600  @ 2.40GHz
stepping	: 11
cpu MHz		: 2394.000
cache size	: 4096 KB
physical id	: 0
siblings	: 4
core id		: 2
cpu cores	: 4
apicid		: 2
initial apicid	: 2
fpu		: yes
fpu_exception	: yes
cpuid level	: 10
wp		: yes
flags		: fpu vme de pse tsc msr pae mce cx8 apic sep mtrr pge mca cmov pat pse36 clflush dts acpi mmx fxsr sse sse2 ss ht tm pbe syscall nx lm constant_tsc arch_perfmon pebs bts rep_good nopl aperfmperf pni dtes64 monitor ds_cpl vmx est tm2 ssse3 cx16 xtpr pdcm lahf_lm dtherm tpr_shadow vnmi flexpriority
bogomips	: 4795.58
clflush size	: 64
cache_alignment	: 64
address sizes	: 36 bits physical, 48 bits virtual
power management:

processor	: 2
vendor_id	: GenuineIntel
cpu family	: 6
model		: 15
model name	: Intel(R) Core(TM)2 Quad CPU    Q6600  @ 2.40GHz
stepping	: 11
cpu MHz		: 1596.000
cache size	: 4096 KB
physical id	: 0
siblings	: 4
core id		: 1
cpu cores	: 4
apicid		: 1
initial apicid	: 1
fpu		: yes
fpu_exception	: yes
cpuid level	: 10
wp		: yes
flags		: fpu vme de pse tsc msr pae mce cx8 apic sep mtrr pge mca cmov pat pse36 clflush dts acpi mmx fxsr sse sse2 ss ht tm pbe syscall nx lm constant_tsc arch_perfmon pebs bts rep_good nopl aperfmperf pni dtes64 monitor ds_cpl vmx est tm2 ssse3 cx16 xtpr pdcm lahf_lm dtherm tpr_shadow vnmi flexpriority
bogomips	: 4795.56
clflush size	: 64
cache_alignment	: 64
address sizes	: 36 bits physical, 48 bits virtual
power management:

processor	: 3
vendor_id	: GenuineIntel
cpu family	: 6
model		: 15
model name	: Intel(R) Core(TM)2 Quad CPU    Q6600  @ 2.40GHz
stepping	: 11
cpu MHz		: 1596.000
cache size	: 4096 KB
physical id	: 0
siblings	: 4
core id		: 3
cpu cores	: 4
apicid		: 3
initial apicid	: 3
fpu		: yes
fpu_exception	: yes
cpuid level	: 10
wp		: yes
flags		: fpu vme de pse tsc msr pae mce cx8 apic sep mtrr pge mca cmov pat pse36 clflush dts acpi mmx fxsr sse sse2 ss ht tm pbe syscall nx lm constant_tsc arch_perfmon pebs bts rep_good nopl aperfmperf pni dtes64 monitor ds_cpl vmx est tm2 ssse3 cx16 xtpr pdcm lahf_lm dtherm tpr_shadow vnmi flexpriority
bogomips	: 4795.57
clflush size	: 64
cache_alignment	: 64
address sizes	: 36 bits physical, 48 bits virtual
power management:



Memory: 4k page, physical 3993672k(1255104k free), swap 4120572k(3480100k free)

vm_info: OpenJDK 64-Bit Server VM (24.51-b03) for linux-amd64 JRE (1.7.0_55-b14), built on May  2 2014 11:33:06 by "buildd" with gcc 4.7.2

time: Tue Jul  8 00:02:55 2014
elapsed time: 22 seconds

