#
# A fatal error has been detected by the Java Runtime Environment:
#
#  SIGSEGV (0xb) at pc=0x00007f4f7d94fe38, pid=26814, tid=139979633886976
#
# JRE version: OpenJDK Runtime Environment (7.0_55-b14) (build 1.7.0_55-b14)
# Java VM: OpenJDK 64-Bit Server VM (24.51-b03 mixed mode linux-amd64 compressed oops)
# Problematic frame:
# C  [libX11.so.6+0x3ae38]  XQueryExtension+0x28
#
# Failed to write core dump. Core dumps have been disabled. To enable core dumping, try "ulimit -c unlimited" before starting Java again
#
# If you would like to submit a bug report, please include
# instructions on how to reproduce the bug and visit:
#   http://icedtea.classpath.org/bugzilla
#

---------------  T H R E A D  ---------------

Current thread (0x00007f4f88076800):  VMThread [stack: 0x00007f4f8c4a8000,0x00007f4f8c5a9000] [id=26824]

siginfo:si_signo=SIGSEGV: si_errno=0, si_code=1 (SEGV_MAPERR), si_addr=0x00000000300148d8

Registers:
RAX=0x00007f4f60000b10, RBX=0x0000000030013f70, RCX=0x00007f4f8c5a76d8, RDX=0x00007f4f8c5a76d4
RSP=0x00007f4f8c5a7670, RBP=0x00007f4f3aa74600, RSI=0x00007f4f3a93b992, RDI=0x0000000030013f70
R8 =0x00007f4f8c5a76dc, R9 =0x0000000000000000, R10=0x00007f4f3aa743c0, R11=0x00007f4f90b061c0
R12=0x00007f4f3a93b992, R13=0x00007f4f60000b10, R14=0x00007f4f8c5a7ae0, R15=0x00007f4f30025820
RIP=0x00007f4f7d94fe38, EFLAGS=0x0000000000010202, CSGSFS=0x0000000000000033, ERR=0x0000000000000004
  TRAPNO=0x000000000000000e

Top of Stack: (sp=0x00007f4f8c5a7670)
0x00007f4f8c5a7670:   0000000000000000 0000000000000000
0x00007f4f8c5a7680:   000000770000006e 0000000000000000
0x00007f4f8c5a7690:   000100010000007c 0000000030013f70
0x00007f4f8c5a76a0:   00007f4f3aa74600 00007f4f3a93b992
0x00007f4f8c5a76b0:   00007f4f60000b10 00007f4f8c5a7ae0
0x00007f4f8c5a76c0:   00007f4f30025820 00007f4f7d943e72
0x00007f4f8c5a76d0:   00007f4f30025820 00007f4f90b4a220
0x00007f4f8c5a76e0:   0000000000000000 00007f4f3aa74600
0x00007f4f8c5a76f0:   0000000030013f70 00007f4f8422371d
0x00007f4f8c5a7700:   00007f4f3a93b992 0000001100000000
0x00007f4f8c5a7710:   00007f4f00000005 0000000000000000
0x00007f4f8c5a7720:   00007f4f8c5a7790 0000000030013f70
0x00007f4f8c5a7730:   00007f4f8c5a79d8 00007f4f8c5a7ae0
0x00007f4f8c5a7740:   00007f4f3aa8de50 00007f4f3a8e43d9
0x00007f4f8c5a7750:   00000000ffffffff 00007f4f3001be90
0x00007f4f8c5a7760:   00007f4f8c5a7790 00007f4f3f6b79e0
0x00007f4f8c5a7770:   00007f4f8c5a79d8 00007f4f8c5a7ae0
0x00007f4f8c5a7780:   0000000000000000 00007f4f3a8d8ae2
0x00007f4f8c5a7790:   00007f4f8c5a7b50 00007f4f3a93b911
0x00007f4f8c5a77a0:   00007f4f8c5a7b50 00007f4f914b5058
0x00007f4f8c5a77b0:   00007f4f916c81a8 00007f4f916c8740
0x00007f4f8c5a77c0:   00007f4f916a2000 00007f4f880094f0
0x00007f4f8c5a77d0:   00007f4f8800a020 00007f4f8800a530
0x00007f4f8c5a77e0:   00007f4f88017440 00007f4f881a31f0
0x00007f4f8c5a77f0:   00007f4f882ba3e0 00007f4f882b62f0
0x00007f4f8c5a7800:   00007f4f881dbdd0 00007f4f881e9cf0
0x00007f4f8c5a7810:   00007f4f881f1110 00007f4f881f0be0
0x00007f4f8c5a7820:   00007f4f881f06b0 00007f4f881f4a00
0x00007f4f8c5a7830:   00007f4f881f44e0 00007f4f881f57b0
0x00007f4f8c5a7840:   00007f4f881f3fd0 00007f4f881f0180
0x00007f4f8c5a7850:   00007f4f881f25a0 00007f4f881f2fe0
0x00007f4f8c5a7860:   00007f4f881f2ac0 00007f4f881f3500 

Instructions: (pc=0x00007f4f7d94fe38)
0x00007f4f7d94fe18:   24 e0 48 89 fb 4c 89 6c 24 e8 4c 89 74 24 f0 49
0x00007f4f7d94fe28:   89 f4 4c 89 7c 24 f8 48 89 6c 24 d8 48 83 ec 58
0x00007f4f7d94fe38:   48 8b 87 68 09 00 00 49 89 d7 49 89 ce 4d 89 c5
0x00007f4f7d94fe48:   48 85 c0 74 02 ff 10 ba 08 00 00 00 be 62 00 00 

Register to memory mapping:

RAX=0x00007f4f60000b10 is an unknown value
RBX=0x0000000030013f70 is an unknown value
RCX=0x00007f4f8c5a76d8 is an unknown value
RDX=0x00007f4f8c5a76d4 is an unknown value
RSP=0x00007f4f8c5a7670 is an unknown value
RBP=0x00007f4f3aa74600: <offset 0x1cf600> in /usr/lib/x86_64-linux-gnu/libGL.so.1 at 0x00007f4f3a8a5000
RSI=0x00007f4f3a93b992: <offset 0x96992> in /usr/lib/x86_64-linux-gnu/libGL.so.1 at 0x00007f4f3a8a5000
RDI=0x0000000030013f70 is an unknown value
R8 =0x00007f4f8c5a76dc is an unknown value
R9 =0x0000000000000000 is an unknown value
R10=0x00007f4f3aa743c0: <offset 0x1cf3c0> in /usr/lib/x86_64-linux-gnu/libGL.so.1 at 0x00007f4f3a8a5000
R11=0x00007f4f90b061c0: __cxa_finalize+0 in /lib/x86_64-linux-gnu/libc.so.6 at 0x00007f4f90ace000
R12=0x00007f4f3a93b992: <offset 0x96992> in /usr/lib/x86_64-linux-gnu/libGL.so.1 at 0x00007f4f3a8a5000
R13=0x00007f4f60000b10 is an unknown value
R14=0x00007f4f8c5a7ae0 is an unknown value
R15=0x00007f4f30025820 is an unknown value


Stack: [0x00007f4f8c4a8000,0x00007f4f8c5a9000],  sp=0x00007f4f8c5a7670,  free space=1021k
Native frames: (J=compiled Java code, j=interpreted, Vv=VM code, C=native code)
C  [libX11.so.6+0x3ae38]  XQueryExtension+0x28

VM_Operation (0x00007f4f3abad6c0): Exit, mode: safepoint, requested by thread 0x00007f4f88358000


---------------  P R O C E S S  ---------------

Java Threads: ( => current thread )
  0x00007f4f0c03c000 JavaThread "Keep-Alive-Timer" daemon [_thread_blocked, id=26846, stack(0x00007f4f297da000,0x00007f4f298db000)]
  0x00007f4f0afb5000 JavaThread "pool-1-thread-2" [_thread_blocked, id=26845, stack(0x00007f4f29edc000,0x00007f4f29fdd000)]
  0x00007f4f13ef4000 JavaThread "pool-1-thread-1" [_thread_blocked, id=26844, stack(0x00007f4f2a5fd000,0x00007f4f2a6fe000)]
  0x00007f4f311cb000 JavaThread "AsynchExecutor-Thread" daemon [_thread_blocked, id=26843, stack(0x00007f4f381ce000,0x00007f4f382cf000)]
  0x00007f4f3001a800 JavaThread "process reaper" daemon [_thread_blocked, id=26839, stack(0x00007f4f7c008000,0x00007f4f7c041000)]
  0x00007f4f8800b000 JavaThread "DestroyJavaVM" [_thread_blocked, id=26819, stack(0x00007f4f9159d000,0x00007f4f9169e000)]
  0x00007f4f88358000 JavaThread "LWJGL Application" [_thread_blocked, id=26837, stack(0x00007f4f3aaae000,0x00007f4f3abaf000)]
  0x00007f4f882b5000 JavaThread "AWT-XAWT" daemon [_thread_blocked, id=26833, stack(0x00007f4f6e2ee000,0x00007f4f6e3ef000)]
  0x00007f4f88295000 JavaThread "Java2D Disposer" daemon [_thread_blocked, id=26832, stack(0x00007f4f7408e000,0x00007f4f7418f000)]
  0x00007f4f880a7000 JavaThread "Service Thread" daemon [_thread_blocked, id=26830, stack(0x00007f4f84cfd000,0x00007f4f84dfe000)]
  0x00007f4f880a5000 JavaThread "C2 CompilerThread1" daemon [_thread_blocked, id=26829, stack(0x00007f4f84dfe000,0x00007f4f84eff000)]
  0x00007f4f880a2000 JavaThread "C2 CompilerThread0" daemon [_thread_blocked, id=26828, stack(0x00007f4f84eff000,0x00007f4f85000000)]
  0x00007f4f8809f800 JavaThread "Signal Dispatcher" daemon [_thread_blocked, id=26827, stack(0x00007f4f8c01c000,0x00007f4f8c11d000)]
  0x00007f4f8807c800 JavaThread "Finalizer" daemon [_thread_blocked, id=26826, stack(0x00007f4f8c2a6000,0x00007f4f8c3a7000)]
  0x00007f4f8807a800 JavaThread "Reference Handler" daemon [_thread_blocked, id=26825, stack(0x00007f4f8c3a7000,0x00007f4f8c4a8000)]

Other Threads:
=>0x00007f4f88076800 VMThread [stack: 0x00007f4f8c4a8000,0x00007f4f8c5a9000] [id=26824]

VM state:at safepoint (shutting down)

VM Mutex/Monitor currently owned by a thread:  ([mutex/lock_event])
[0x00007f4f880077a0] Threads_lock - owner thread: 0x00007f4f88076800

Heap
 PSYoungGen      total 18432K, used 7379K [0x00000000eba80000, 0x00000000ecf00000, 0x0000000100000000)
  eden space 15872K, 30% used [0x00000000eba80000,0x00000000ebf38420,0x00000000eca00000)
  from space 2560K, 99% used [0x00000000ecc80000,0x00000000ecefc930,0x00000000ecf00000)
  to   space 2560K, 0% used [0x00000000eca00000,0x00000000eca00000,0x00000000ecc80000)
 ParOldGen       total 41472K, used 5816K [0x00000000c3000000, 0x00000000c5880000, 0x00000000eba80000)
  object space 41472K, 14% used [0x00000000c3000000,0x00000000c35ae060,0x00000000c5880000)
 PSPermGen       total 21504K, used 13159K [0x00000000b8a00000, 0x00000000b9f00000, 0x00000000c3000000)
  object space 21504K, 61% used [0x00000000b8a00000,0x00000000b96d9f60,0x00000000b9f00000)

Card table byte_map: [0x00007f4f8e025000,0x00007f4f8e261000] byte_map_base: 0x00007f4f8da60000

Polling page: 0x00007f4f916c3000

Code Cache  [0x00007f4f85000000, 0x00007f4f85270000, 0x00007f4f88000000)
 total_blobs=731 nmethods=183 adapters=502 free_code_cache=48240Kb largest_free_block=49367680

Compilation events (10 events):
Event: 18.240 Thread 0x00007f4f880a5000  180             java.nio.Buffer::clear (20 bytes)
Event: 18.240 Thread 0x00007f4f880a5000 nmethod 180 0x00007f4f850e2f10 code [0x00007f4f850e3040, 0x00007f4f850e3098]
Event: 18.240 Thread 0x00007f4f880a2000  181             com.badlogic.gdx.graphics.Color::toFloatBits (50 bytes)
Event: 18.241 Thread 0x00007f4f880a2000 nmethod 181 0x00007f4f850e5810 code [0x00007f4f850e5980, 0x00007f4f850e5a98]
Event: 18.439 Thread 0x00007f4f880a5000  182             com.badlogic.gdx.scenes.scene2d.Actor::notify (180 bytes)
Event: 18.446 Thread 0x00007f4f880a5000 nmethod 182 0x00007f4f850a9310 code [0x00007f4f850a94c0, 0x00007f4f850a9928]
Event: 19.073 Thread 0x00007f4f880a2000  183             com.badlogic.gdx.graphics.g2d.SpriteBatch::setColor (45 bytes)
Event: 19.074 Thread 0x00007f4f880a2000 nmethod 183 0x00007f4f850a9010 code [0x00007f4f850a9180, 0x00007f4f850a9298]
Event: 19.106 Thread 0x00007f4f880a5000  184             java.util.concurrent.locks.AbstractQueuedSynchronizer::release (33 bytes)
Event: 19.109 Thread 0x00007f4f880a5000 nmethod 184 0x00007f4f850e5390 code [0x00007f4f850e54e0, 0x00007f4f850e56a8]

GC Heap History (4 events):
Event: 1.709 GC heap before
{Heap before GC invocations=1 (full 0):
 PSYoungGen      total 18432K, used 15872K [0x00000000eba80000, 0x00000000ecf00000, 0x0000000100000000)
  eden space 15872K, 100% used [0x00000000eba80000,0x00000000eca00000,0x00000000eca00000)
  from space 2560K, 0% used [0x00000000ecc80000,0x00000000ecc80000,0x00000000ecf00000)
  to   space 2560K, 0% used [0x00000000eca00000,0x00000000eca00000,0x00000000ecc80000)
 ParOldGen       total 41472K, used 0K [0x00000000c3000000, 0x00000000c5880000, 0x00000000eba80000)
  object space 41472K, 0% used [0x00000000c3000000,0x00000000c3000000,0x00000000c5880000)
 PSPermGen       total 21504K, used 9252K [0x00000000b8a00000, 0x00000000b9f00000, 0x00000000c3000000)
  object space 21504K, 43% used [0x00000000b8a00000,0x00000000b9309228,0x00000000b9f00000)
Event: 1.717 GC heap after
Heap after GC invocations=1 (full 0):
 PSYoungGen      total 18432K, used 2540K [0x00000000eba80000, 0x00000000ecf00000, 0x0000000100000000)
  eden space 15872K, 0% used [0x00000000eba80000,0x00000000eba80000,0x00000000eca00000)
  from space 2560K, 99% used [0x00000000eca00000,0x00000000ecc7b2b0,0x00000000ecc80000)
  to   space 2560K, 0% used [0x00000000ecc80000,0x00000000ecc80000,0x00000000ecf00000)
 ParOldGen       total 41472K, used 2420K [0x00000000c3000000, 0x00000000c5880000, 0x00000000eba80000)
  object space 41472K, 5% used [0x00000000c3000000,0x00000000c325d1f0,0x00000000c5880000)
 PSPermGen       total 21504K, used 9252K [0x00000000b8a00000, 0x00000000b9f00000, 0x00000000c3000000)
  object space 21504K, 43% used [0x00000000b8a00000,0x00000000b9309228,0x00000000b9f00000)
}
Event: 7.694 GC heap before
{Heap before GC invocations=2 (full 0):
 PSYoungGen      total 18432K, used 18412K [0x00000000eba80000, 0x00000000ecf00000, 0x0000000100000000)
  eden space 15872K, 100% used [0x00000000eba80000,0x00000000eca00000,0x00000000eca00000)
  from space 2560K, 99% used [0x00000000eca00000,0x00000000ecc7b2b0,0x00000000ecc80000)
  to   space 2560K, 0% used [0x00000000ecc80000,0x00000000ecc80000,0x00000000ecf00000)
 ParOldGen       total 41472K, used 2420K [0x00000000c3000000, 0x00000000c5880000, 0x00000000eba80000)
  object space 41472K, 5% used [0x00000000c3000000,0x00000000c325d1f0,0x00000000c5880000)
 PSPermGen       total 21504K, used 13035K [0x00000000b8a00000, 0x00000000b9f00000, 0x00000000c3000000)
  object space 21504K, 60% used [0x00000000b8a00000,0x00000000b96baf50,0x00000000b9f00000)
Event: 7.705 GC heap after
Heap after GC invocations=2 (full 0):
 PSYoungGen      total 18432K, used 2546K [0x00000000eba80000, 0x00000000ecf00000, 0x0000000100000000)
  eden space 15872K, 0% used [0x00000000eba80000,0x00000000eba80000,0x00000000eca00000)
  from space 2560K, 99% used [0x00000000ecc80000,0x00000000ecefc930,0x00000000ecf00000)
  to   space 2560K, 0% used [0x00000000eca00000,0x00000000eca00000,0x00000000ecc80000)
 ParOldGen       total 41472K, used 5816K [0x00000000c3000000, 0x00000000c5880000, 0x00000000eba80000)
  object space 41472K, 14% used [0x00000000c3000000,0x00000000c35ae060,0x00000000c5880000)
 PSPermGen       total 21504K, used 13035K [0x00000000b8a00000, 0x00000000b9f00000, 0x00000000c3000000)
  object space 21504K, 60% used [0x00000000b8a00000,0x00000000b96baf50,0x00000000b9f00000)
}

Deoptimization events (5 events):
Event: 0.226 Thread 0x00007f4f8800b000 Uncommon trap: reason=class_check action=maybe_recompile pc=0x00007f4f85066780 method=java.util.Properties$LineReader.readLine()I @ 62
Event: 5.461 Thread 0x00007f4f13ef4000 Uncommon trap: reason=unreached action=reinterpret pc=0x00007f4f850a9774 method=java.lang.Integer.parseInt(Ljava/lang/String;I)I @ 1
Event: 5.782 Thread 0x00007f4f0afb5000 Uncommon trap: reason=class_check action=maybe_recompile pc=0x00007f4f85066780 method=java.util.Properties$LineReader.readLine()I @ 62
Event: 5.782 Thread 0x00007f4f0afb5000 Uncommon trap: reason=class_check action=maybe_recompile pc=0x00007f4f85066780 method=java.util.Properties$LineReader.readLine()I @ 62
Event: 5.785 Thread 0x00007f4f0afb5000 Uncommon trap: reason=class_check action=maybe_recompile pc=0x00007f4f85066780 method=java.util.Properties$LineReader.readLine()I @ 62

Internal exceptions (10 events):
Event: 5.783 Thread 0x00007f4f0afb5000 Threw 0x00000000ec647d20 at /build/openjdk-7-kBcQ8a/openjdk-7-7u55-2.4.7/build/openjdk/hotspot/src/share/vm/prims/jvm.cpp:1244
Event: 5.783 Thread 0x00007f4f0afb5000 Threw 0x00000000ec64d270 at /build/openjdk-7-kBcQ8a/openjdk-7-7u55-2.4.7/build/openjdk/hotspot/src/share/vm/prims/jvm.cpp:1244
Event: 5.783 Thread 0x00007f4f0afb5000 Threw 0x00000000ec650338 at /build/openjdk-7-kBcQ8a/openjdk-7-7u55-2.4.7/build/openjdk/hotspot/src/share/vm/prims/jvm.cpp:1244
Event: 15.956 Thread 0x00007f4f88358000 Threw 0x00000000ebdbaa38 at /build/openjdk-7-kBcQ8a/openjdk-7-7u55-2.4.7/build/openjdk/hotspot/src/share/vm/prims/jvm.cpp:1244
Event: 16.456 Thread 0x00007f4f88358000 Threw 0x00000000ebe24530 at /build/openjdk-7-kBcQ8a/openjdk-7-7u55-2.4.7/build/openjdk/hotspot/src/share/vm/prims/jvm.cpp:1244
Event: 16.458 Thread 0x00007f4f88358000 Threw 0x00000000ebe32710 at /build/openjdk-7-kBcQ8a/openjdk-7-7u55-2.4.7/build/openjdk/hotspot/src/share/vm/prims/jvm.cpp:1244
Event: 16.458 Thread 0x00007f4f88358000 Threw 0x00000000ebe36e38 at /build/openjdk-7-kBcQ8a/openjdk-7-7u55-2.4.7/build/openjdk/hotspot/src/share/vm/prims/jvm.cpp:1244
Event: 19.323 Thread 0x00007f4f88358000 Threw 0x00000000ebef0040 at /build/openjdk-7-kBcQ8a/openjdk-7-7u55-2.4.7/build/openjdk/hotspot/src/share/vm/prims/jvm.cpp:1244
Event: 19.331 Thread 0x00007f4f88358000 Threw 0x00000000ebef4508 at /build/openjdk-7-kBcQ8a/openjdk-7-7u55-2.4.7/build/openjdk/hotspot/src/share/vm/prims/jvm.cpp:1244
Event: 19.337 Thread 0x00007f4f88358000 Threw 0x00000000ebef98a8 at /build/openjdk-7-kBcQ8a/openjdk-7-7u55-2.4.7/build/openjdk/hotspot/src/share/vm/prims/jvm.cpp:1244

Events (10 events):
Event: 19.495 loading class 0x00007f4f540d5f60 done
Event: 19.495 Thread 0x00007f4f13e98800 Thread added: 0x00007f4f13e98800
Event: 19.495 loading class 0x00007f4f882184d0
Event: 19.495 loading class 0x00007f4f540663b0
Event: 19.495 loading class 0x00007f4f540663b0 done
Event: 19.495 loading class 0x00007f4f540663e0
Event: 19.495 loading class 0x00007f4f540663e0 done
Event: 19.495 loading class 0x00007f4f882184d0 done
Event: 19.499 Thread 0x00007f4f13e98800 Thread exited: 0x00007f4f13e98800
Event: 19.499 Executing VM operation: Exit


Dynamic libraries:
00400000-00401000 r-xp 00000000 08:03 3934148                            /usr/lib/jvm/java-7-openjdk-amd64/jre/bin/java
00600000-00601000 r--p 00000000 08:03 3934148                            /usr/lib/jvm/java-7-openjdk-amd64/jre/bin/java
00601000-00602000 rw-p 00001000 08:03 3934148                            /usr/lib/jvm/java-7-openjdk-amd64/jre/bin/java
01c9a000-01ebf000 rw-p 00000000 00:00 0                                  [heap]
b8a00000-b9f00000 rw-p 00000000 00:00 0 
b9f00000-c3000000 rw-p 00000000 00:00 0 
c3000000-c5880000 rw-p 00000000 00:00 0 
c5880000-eba80000 rw-p 00000000 00:00 0 
eba80000-ecf00000 rw-p 00000000 00:00 0 
ecf00000-100000000 rw-p 00000000 00:00 0 
7f4f00000000-7f4f0004f000 rw-p 00000000 00:00 0 
7f4f0004f000-7f4f04000000 ---p 00000000 00:00 0 
7f4f04000000-7f4f04021000 rw-p 00000000 00:00 0 
7f4f04021000-7f4f08000000 ---p 00000000 00:00 0 
7f4f08000000-7f4f0b6d5000 rw-p 00000000 00:00 0 
7f4f0b6d5000-7f4f0c000000 ---p 00000000 00:00 0 
7f4f0c000000-7f4f0c049000 rw-p 00000000 00:00 0 
7f4f0c049000-7f4f10000000 ---p 00000000 00:00 0 
7f4f10000000-7f4f13ffd000 rw-p 00000000 00:00 0 
7f4f13ffd000-7f4f14000000 ---p 00000000 00:00 0 
7f4f18000000-7f4f180ae000 rw-p 00000000 00:00 0 
7f4f180ae000-7f4f1c000000 ---p 00000000 00:00 0 
7f4f1c000000-7f4f1c7d6000 rw-p 00000000 00:00 0 
7f4f1c7d6000-7f4f20000000 ---p 00000000 00:00 0 
7f4f20000000-7f4f200b4000 rw-p 00000000 00:00 0 
7f4f200b4000-7f4f24000000 ---p 00000000 00:00 0 
7f4f24000000-7f4f24021000 rw-p 00000000 00:00 0 
7f4f24021000-7f4f28000000 ---p 00000000 00:00 0 
7f4f297da000-7f4f297dd000 ---p 00000000 00:00 0 
7f4f297dd000-7f4f298db000 rw-p 00000000 00:00 0 
7f4f29edc000-7f4f29edf000 ---p 00000000 00:00 0 
7f4f29edf000-7f4f29fdd000 rw-p 00000000 00:00 0 
7f4f29fdd000-7f4f29fe2000 r-xp 00000000 08:03 12192225                   /lib/x86_64-linux-gnu/libnss_dns-2.19.so
7f4f29fe2000-7f4f2a1e1000 ---p 00005000 08:03 12192225                   /lib/x86_64-linux-gnu/libnss_dns-2.19.so
7f4f2a1e1000-7f4f2a1e2000 r--p 00004000 08:03 12192225                   /lib/x86_64-linux-gnu/libnss_dns-2.19.so
7f4f2a1e2000-7f4f2a1e3000 rw-p 00005000 08:03 12192225                   /lib/x86_64-linux-gnu/libnss_dns-2.19.so
7f4f2a1e3000-7f4f2a1e5000 r-xp 00000000 08:03 12058696                   /lib/libnss_mdns4_minimal.so.2
7f4f2a1e5000-7f4f2a3e4000 ---p 00002000 08:03 12058696                   /lib/libnss_mdns4_minimal.so.2
7f4f2a3e4000-7f4f2a3e5000 rw-p 00001000 08:03 12058696                   /lib/libnss_mdns4_minimal.so.2
7f4f2a3e5000-7f4f2a3fc000 r-xp 00000000 08:03 3934214                    /usr/lib/jvm/java-7-openjdk-amd64/jre/lib/amd64/libnet.so
7f4f2a3fc000-7f4f2a5fb000 ---p 00017000 08:03 3934214                    /usr/lib/jvm/java-7-openjdk-amd64/jre/lib/amd64/libnet.so
7f4f2a5fb000-7f4f2a5fc000 r--p 00016000 08:03 3934214                    /usr/lib/jvm/java-7-openjdk-amd64/jre/lib/amd64/libnet.so
7f4f2a5fc000-7f4f2a5fd000 rw-p 00017000 08:03 3934214                    /usr/lib/jvm/java-7-openjdk-amd64/jre/lib/amd64/libnet.so
7f4f2a5fd000-7f4f2a600000 ---p 00000000 00:00 0 
7f4f2a600000-7f4f2a6fe000 rw-p 00000000 00:00 0 
7f4f2a8fe000-7f4f2a8ff000 ---p 00000000 00:00 0 
7f4f2a8ff000-7f4f2b0ff000 rw-p 00000000 00:00 0 
7f4f2b0ff000-7f4f2b100000 ---p 00000000 00:00 0 
7f4f2b100000-7f4f2b900000 rw-p 00000000 00:00 0 
7f4f2b900000-7f4f2c000000 rw-s 00006000 00:05 7289                       /dev/ati/card0
7f4f2c000000-7f4f2c021000 rw-p 00000000 00:00 0 
7f4f2c021000-7f4f30000000 ---p 00000000 00:00 0 
7f4f30000000-7f4f33f21000 rw-p 00000000 00:00 0 
7f4f33f21000-7f4f34000000 ---p 00000000 00:00 0 
7f4f34000000-7f4f34021000 rw-p 00000000 00:00 0 
7f4f34021000-7f4f38000000 ---p 00000000 00:00 0 
7f4f381ce000-7f4f381d1000 ---p 00000000 00:00 0 
7f4f381d1000-7f4f382cf000 rw-p 00000000 00:00 0 
7f4f383cd000-7f4f3840a000 r-xp 00000000 08:03 4201336                    /usr/lib/x86_64-linux-gnu/libatiadlxx.so
7f4f3840a000-7f4f38509000 ---p 0003d000 08:03 4201336                    /usr/lib/x86_64-linux-gnu/libatiadlxx.so
7f4f38509000-7f4f38513000 rw-p 0003c000 08:03 4201336                    /usr/lib/x86_64-linux-gnu/libatiadlxx.so
7f4f38513000-7f4f38523000 rw-p 00000000 00:00 0 
7f4f38523000-7f4f3852a000 r-xp 00000000 08:03 4201328                    /usr/lib/x86_64-linux-gnu/libatiuki.so.1.0
7f4f3852a000-7f4f3862a000 ---p 00007000 08:03 4201328                    /usr/lib/x86_64-linux-gnu/libatiuki.so.1.0
7f4f3862a000-7f4f3862b000 rw-p 00007000 08:03 4201328                    /usr/lib/x86_64-linux-gnu/libatiuki.so.1.0
7f4f3862b000-7f4f3862c000 rw-p 00000000 00:00 0 
7f4f3862c000-7f4f3a524000 r-xp 00000000 08:03 4201338                    /usr/lib/x86_64-linux-gnu/dri/fglrx_dri.so
7f4f3a524000-7f4f3a623000 ---p 01ef8000 08:03 4201338                    /usr/lib/x86_64-linux-gnu/dri/fglrx_dri.so
7f4f3a623000-7f4f3a781000 rwxp 01ef7000 08:03 4201338                    /usr/lib/x86_64-linux-gnu/dri/fglrx_dri.so
7f4f3a781000-7f4f3a8a5000 rwxp 00000000 00:00 0 
7f4f3a8a5000-7f4f3a968000 r-xp 00000000 08:03 4201341                    /usr/lib/x86_64-linux-gnu/fglrx/fglrx-libGL.so.1.2
7f4f3a968000-7f4f3aa67000 ---p 000c3000 08:03 4201341                    /usr/lib/x86_64-linux-gnu/fglrx/fglrx-libGL.so.1.2
7f4f3aa67000-7f4f3aa8e000 rwxp 000c2000 08:03 4201341                    /usr/lib/x86_64-linux-gnu/fglrx/fglrx-libGL.so.1.2
7f4f3aa8e000-7f4f3aaae000 rwxp 00000000 00:00 0 
7f4f3aaae000-7f4f3aab1000 ---p 00000000 00:00 0 
7f4f3aab1000-7f4f3abaf000 rw-p 00000000 00:00 0 
7f4f3abaf000-7f4f3abb2000 ---p 00000000 00:00 0 
7f4f3abb2000-7f4f3acb0000 rw-p 00000000 00:00 0 
7f4f3ecb1000-7f4f3ecb2000 ---p 00000000 00:00 0 
7f4f3ecb2000-7f4f3f4b2000 rw-p 00000000 00:00 0 
7f4f3f4b2000-7f4f3f4b8000 r-xp 00000000 08:03 4200289                    /usr/lib/x86_64-linux-gnu/libogg.so.0.8.0
7f4f3f4b8000-7f4f3f6b7000 ---p 00006000 08:03 4200289                    /usr/lib/x86_64-linux-gnu/libogg.so.0.8.0
7f4f3f6b7000-7f4f3f6b8000 rw-p 00005000 08:03 4200289                    /usr/lib/x86_64-linux-gnu/libogg.so.0.8.0
7f4f3f6b8000-7f4f3f6e4000 r-xp 00000000 08:03 4200496                    /usr/lib/x86_64-linux-gnu/libvorbis.so.0.4.5
7f4f3f6e4000-7f4f3f8e3000 ---p 0002c000 08:03 4200496                    /usr/lib/x86_64-linux-gnu/libvorbis.so.0.4.5
7f4f3f8e3000-7f4f3f8e4000 r--p 0002b000 08:03 4200496                    /usr/lib/x86_64-linux-gnu/libvorbis.so.0.4.5
7f4f3f8e4000-7f4f3f8e5000 rw-p 0002c000 08:03 4200496                    /usr/lib/x86_64-linux-gnu/libvorbis.so.0.4.5
7f4f3f8e5000-7f4f3fb98000 r-xp 00000000 08:03 4200498                    /usr/lib/x86_64-linux-gnu/libvorbisenc.so.2.0.8
7f4f3fb98000-7f4f3fd97000 ---p 002b3000 08:03 4200498                    /usr/lib/x86_64-linux-gnu/libvorbisenc.so.2.0.8
7f4f3fd97000-7f4f3fdb3000 r--p 002b2000 08:03 4200498                    /usr/lib/x86_64-linux-gnu/libvorbisenc.so.2.0.8
7f4f3fdb3000-7f4f3fdb4000 rw-p 002ce000 08:03 4200498                    /usr/lib/x86_64-linux-gnu/libvorbisenc.so.2.0.8
7f4f3fdb4000-7f4f3fdff000 r-xp 00000000 08:03 4199700                    /usr/lib/x86_64-linux-gnu/libFLAC.so.8.2.0
7f4f3fdff000-7f4f3fffe000 ---p 0004b000 08:03 4199700                    /usr/lib/x86_64-linux-gnu/libFLAC.so.8.2.0
7f4f3fffe000-7f4f3ffff000 r--p 0004a000 08:03 4199700                    /usr/lib/x86_64-linux-gnu/libFLAC.so.8.2.0
7f4f3ffff000-7f4f40000000 rw-p 0004b000 08:03 4199700                    /usr/lib/x86_64-linux-gnu/libFLAC.so.8.2.0
7f4f40000000-7f4f40021000 rw-p 00000000 00:00 0 
7f4f40021000-7f4f44000000 ---p 00000000 00:00 0 
7f4f44000000-7f4f44021000 rw-p 00000000 00:00 0 
7f4f44021000-7f4f48000000 ---p 00000000 00:00 0 
7f4f48000000-7f4f48021000 rw-p 00000000 00:00 0 
7f4f48021000-7f4f4c000000 ---p 00000000 00:00 0 
7f4f4c000000-7f4f4c021000 rw-p 00000000 00:00 0 
7f4f4c021000-7f4f50000000 ---p 00000000 00:00 0 
7f4f50000000-7f4f50521000 rw-p 00000000 00:00 0 
7f4f50521000-7f4f54000000 ---p 00000000 00:00 0 
7f4f54000000-7f4f54298000 rw-p 00000000 00:00 0 
7f4f54298000-7f4f58000000 ---p 00000000 00:00 0 
7f4f58000000-7f4f58021000 rw-p 00000000 00:00 0 
7f4f58021000-7f4f5c000000 ---p 00000000 00:00 0 
7f4f5c000000-7f4f5c021000 rw-p 00000000 00:00 0 
7f4f5c021000-7f4f60000000 ---p 00000000 00:00 0 
7f4f60000000-7f4f60021000 rw-p 00000000 00:00 0 
7f4f60021000-7f4f64000000 ---p 00000000 00:00 0 
7f4f64000000-7f4f64021000 rw-p 00000000 00:00 0 
7f4f64021000-7f4f68000000 ---p 00000000 00:00 0 
7f4f68000000-7f4f68021000 rw-p 00000000 00:00 0 
7f4f68021000-7f4f6c000000 ---p 00000000 00:00 0 
7f4f6c078000-7f4f6c0c0000 rw-p 00000000 00:00 0 
7f4f6c0c0000-7f4f6c0c4000 r-xp 00000000 08:03 12190707                   /lib/x86_64-linux-gnu/libuuid.so.1.3.0
7f4f6c0c4000-7f4f6c2c3000 ---p 00004000 08:03 12190707                   /lib/x86_64-linux-gnu/libuuid.so.1.3.0
7f4f6c2c3000-7f4f6c2c4000 r--p 00003000 08:03 12190707                   /lib/x86_64-linux-gnu/libuuid.so.1.3.0
7f4f6c2c4000-7f4f6c2c5000 rw-p 00004000 08:03 12190707                   /lib/x86_64-linux-gnu/libuuid.so.1.3.0
7f4f6c2c5000-7f4f6c2c9000 r-xp 00000000 08:03 12190559                   /lib/x86_64-linux-gnu/libattr.so.1.1.0
7f4f6c2c9000-7f4f6c4c8000 ---p 00004000 08:03 12190559                   /lib/x86_64-linux-gnu/libattr.so.1.1.0
7f4f6c4c8000-7f4f6c4c9000 r--p 00003000 08:03 12190559                   /lib/x86_64-linux-gnu/libattr.so.1.1.0
7f4f6c4c9000-7f4f6c4ca000 rw-p 00004000 08:03 12190559                   /lib/x86_64-linux-gnu/libattr.so.1.1.0
7f4f6c4ca000-7f4f6c4cf000 r-xp 00000000 08:03 4199797                    /usr/lib/x86_64-linux-gnu/libasyncns.so.0.3.1
7f4f6c4cf000-7f4f6c6ce000 ---p 00005000 08:03 4199797                    /usr/lib/x86_64-linux-gnu/libasyncns.so.0.3.1
7f4f6c6ce000-7f4f6c6cf000 rw-p 00004000 08:03 4199797                    /usr/lib/x86_64-linux-gnu/libasyncns.so.0.3.1
7f4f6c6cf000-7f4f6c730000 r-xp 00000000 08:03 4200411                    /usr/lib/x86_64-linux-gnu/libsndfile.so.1.0.25
7f4f6c730000-7f4f6c92f000 ---p 00061000 08:03 4200411                    /usr/lib/x86_64-linux-gnu/libsndfile.so.1.0.25
7f4f6c92f000-7f4f6c931000 r--p 00060000 08:03 4200411                    /usr/lib/x86_64-linux-gnu/libsndfile.so.1.0.25
7f4f6c931000-7f4f6c932000 rw-p 00062000 08:03 4200411                    /usr/lib/x86_64-linux-gnu/libsndfile.so.1.0.25
7f4f6c932000-7f4f6c936000 rw-p 00000000 00:00 0 
7f4f6c936000-7f4f6c93f000 r-xp 00000000 08:03 12190709                   /lib/x86_64-linux-gnu/libwrap.so.0.7.6
7f4f6c93f000-7f4f6cb3e000 ---p 00009000 08:03 12190709                   /lib/x86_64-linux-gnu/libwrap.so.0.7.6
7f4f6cb3e000-7f4f6cb3f000 r--p 00008000 08:03 12190709                   /lib/x86_64-linux-gnu/libwrap.so.0.7.6
7f4f6cb3f000-7f4f6cb40000 rw-p 00009000 08:03 12190709                   /lib/x86_64-linux-gnu/libwrap.so.0.7.6
7f4f6cb40000-7f4f6cb41000 rw-p 00000000 00:00 0 
7f4f6cb41000-7f4f6cb48000 r-xp 00000000 08:03 4199720                    /usr/lib/x86_64-linux-gnu/libSM.so.6.0.1
7f4f6cb48000-7f4f6cd47000 ---p 00007000 08:03 4199720                    /usr/lib/x86_64-linux-gnu/libSM.so.6.0.1
7f4f6cd47000-7f4f6cd48000 rw-p 00006000 08:03 4199720                    /usr/lib/x86_64-linux-gnu/libSM.so.6.0.1
7f4f6cd48000-7f4f6cd5f000 r-xp 00000000 08:03 4199710                    /usr/lib/x86_64-linux-gnu/libICE.so.6.3.0
7f4f6cd5f000-7f4f6cf5e000 ---p 00017000 08:03 4199710                    /usr/lib/x86_64-linux-gnu/libICE.so.6.3.0
7f4f6cf5e000-7f4f6cf60000 rw-p 00016000 08:03 4199710                    /usr/lib/x86_64-linux-gnu/libICE.so.6.3.0
7f4f6cf60000-7f4f6cf63000 rw-p 00000000 00:00 0 
7f4f6cf63000-7f4f6cf64000 r-xp 00000000 08:03 4199726                    /usr/lib/x86_64-linux-gnu/libX11-xcb.so.1.0.0
7f4f6cf64000-7f4f6d163000 ---p 00001000 08:03 4199726                    /usr/lib/x86_64-linux-gnu/libX11-xcb.so.1.0.0
7f4f6d163000-7f4f6d164000 rw-p 00000000 08:03 4199726                    /usr/lib/x86_64-linux-gnu/libX11-xcb.so.1.0.0
7f4f6d164000-7f4f6d168000 r-xp 00000000 08:03 12190572                   /lib/x86_64-linux-gnu/libcap.so.2.22
7f4f6d168000-7f4f6d367000 ---p 00004000 08:03 12190572                   /lib/x86_64-linux-gnu/libcap.so.2.22
7f4f6d367000-7f4f6d368000 rw-p 00003000 08:03 12190572                   /lib/x86_64-linux-gnu/libcap.so.2.22
7f4f6d368000-7f4f6d3c9000 r-xp 00000000 08:03 4325923                    /usr/lib/x86_64-linux-gnu/pulseaudio/libpulsecommon-2.0.so
7f4f6d3c9000-7f4f6d5c8000 ---p 00061000 08:03 4325923                    /usr/lib/x86_64-linux-gnu/pulseaudio/libpulsecommon-2.0.so
7f4f6d5c8000-7f4f6d5c9000 r--p 00060000 08:03 4325923                    /usr/lib/x86_64-linux-gnu/pulseaudio/libpulsecommon-2.0.so
7f4f6d5c9000-7f4f6d5cb000 rw-p 00061000 08:03 4325923                    /usr/lib/x86_64-linux-gnu/pulseaudio/libpulsecommon-2.0.so
7f4f6d5cb000-7f4f6d5d4000 r-xp 00000000 08:03 12190608                   /lib/x86_64-linux-gnu/libjson.so.0.1.0
7f4f6d5d4000-7f4f6d7d3000 ---p 00009000 08:03 12190608                   /lib/x86_64-linux-gnu/libjson.so.0.1.0
7f4f6d7d3000-7f4f6d7d4000 r--p 00008000 08:03 12190608                   /lib/x86_64-linux-gnu/libjson.so.0.1.0
7f4f6d7d4000-7f4f6d7d5000 rw-p 00009000 08:03 12190608                   /lib/x86_64-linux-gnu/libjson.so.0.1.0
7f4f6d7d5000-7f4f6d81e000 r-xp 00000000 08:03 4200364                    /usr/lib/x86_64-linux-gnu/libpulse.so.0.14.2
7f4f6d81e000-7f4f6da1d000 ---p 00049000 08:03 4200364                    /usr/lib/x86_64-linux-gnu/libpulse.so.0.14.2
7f4f6da1d000-7f4f6da1e000 r--p 00048000 08:03 4200364                    /usr/lib/x86_64-linux-gnu/libpulse.so.0.14.2
7f4f6da1e000-7f4f6da1f000 rw-p 00049000 08:03 4200364                    /usr/lib/x86_64-linux-gnu/libpulse.so.0.14.2
7f4f6dc78000-7f4f6dc7c000 r-xp 00000000 08:03 4199775                    /usr/lib/x86_64-linux-gnu/libXxf86vm.so.1.0.0
7f4f6dc7c000-7f4f6de7c000 ---p 00004000 08:03 4199775                    /usr/lib/x86_64-linux-gnu/libXxf86vm.so.1.0.0
7f4f6de7c000-7f4f6de7d000 r--p 00004000 08:03 4199775                    /usr/lib/x86_64-linux-gnu/libXxf86vm.so.1.0.0
7f4f6de7d000-7f4f6de7e000 rw-p 00005000 08:03 4199775                    /usr/lib/x86_64-linux-gnu/libXxf86vm.so.1.0.0
7f4f6de7e000-7f4f6deea000 r-xp 00000000 08:01 301131                     /media/winDisk/Users/ChobeDucket/Documents/sheep/android/assets/.temp/7b43be9b/liblwjgl64.so
7f4f6deea000-7f4f6e0e9000 ---p 0006c000 08:01 301131                     /media/winDisk/Users/ChobeDucket/Documents/sheep/android/assets/.temp/7b43be9b/liblwjgl64.so
7f4f6e0e9000-7f4f6e0eb000 r--p 0006b000 08:01 301131                     /media/winDisk/Users/ChobeDucket/Documents/sheep/android/assets/.temp/7b43be9b/liblwjgl64.so
7f4f6e0eb000-7f4f6e0ec000 rw-p 0006d000 08:01 301131                     /media/winDisk/Users/ChobeDucket/Documents/sheep/android/assets/.temp/7b43be9b/liblwjgl64.so
7f4f6e0ec000-7f4f6e0ed000 r-xp 00000000 08:03 3934229                    /usr/lib/jvm/java-7-openjdk-amd64/jre/lib/amd64/libjawt.so
7f4f6e0ed000-7f4f6e2ec000 ---p 00001000 08:03 3934229                    /usr/lib/jvm/java-7-openjdk-amd64/jre/lib/amd64/libjawt.so
7f4f6e2ec000-7f4f6e2ed000 r--p 00000000 08:03 3934229                    /usr/lib/jvm/java-7-openjdk-amd64/jre/lib/amd64/libjawt.so
7f4f6e2ed000-7f4f6e2ee000 rw-p 00001000 08:03 3934229                    /usr/lib/jvm/java-7-openjdk-amd64/jre/lib/amd64/libjawt.so
7f4f6e2ee000-7f4f6e2f1000 ---p 00000000 00:00 0 
7f4f6e2f1000-7f4f6e3ef000 rw-p 00000000 00:00 0 
7f4f6e3ef000-7f4f6e3f2000 r-xp 00000000 08:03 12190599                   /lib/x86_64-linux-gnu/libgpg-error.so.0.8.0
7f4f6e3f2000-7f4f6e5f1000 ---p 00003000 08:03 12190599                   /lib/x86_64-linux-gnu/libgpg-error.so.0.8.0
7f4f6e5f1000-7f4f6e5f2000 rw-p 00002000 08:03 12190599                   /lib/x86_64-linux-gnu/libgpg-error.so.0.8.0
7f4f6e5f2000-7f4f6e636000 r-xp 00000000 08:03 12190580                   /lib/x86_64-linux-gnu/libdbus-1.so.3.7.2
7f4f6e636000-7f4f6e836000 ---p 00044000 08:03 12190580                   /lib/x86_64-linux-gnu/libdbus-1.so.3.7.2
7f4f6e836000-7f4f6e837000 r--p 00044000 08:03 12190580                   /lib/x86_64-linux-gnu/libdbus-1.so.3.7.2
7f4f6e837000-7f4f6e838000 rw-p 00045000 08:03 12190580                   /lib/x86_64-linux-gnu/libdbus-1.so.3.7.2
7f4f6e838000-7f4f6e849000 r-xp 00000000 08:03 4200305                    /usr/lib/x86_64-linux-gnu/libp11-kit.so.0.0.0
7f4f6e849000-7f4f6ea48000 ---p 00011000 08:03 4200305                    /usr/lib/x86_64-linux-gnu/libp11-kit.so.0.0.0
7f4f6ea48000-7f4f6ea49000 r--p 00010000 08:03 4200305                    /usr/lib/x86_64-linux-gnu/libp11-kit.so.0.0.0
7f4f6ea49000-7f4f6ea4a000 rw-p 00011000 08:03 4200305                    /usr/lib/x86_64-linux-gnu/libp11-kit.so.0.0.0
7f4f6ea4a000-7f4f6eac4000 r-xp 00000000 08:03 12190595                   /lib/x86_64-linux-gnu/libgcrypt.so.11.7.0
7f4f6eac4000-7f4f6ecc4000 ---p 0007a000 08:03 12190595                   /lib/x86_64-linux-gnu/libgcrypt.so.11.7.0
7f4f6ecc4000-7f4f6ecc5000 r--p 0007a000 08:03 12190595                   /lib/x86_64-linux-gnu/libgcrypt.so.11.7.0
7f4f6ecc5000-7f4f6ecc8000 rw-p 0007b000 08:03 12190595                   /lib/x86_64-linux-gnu/libgcrypt.so.11.7.0
7f4f6ecc8000-7f4f6ecd8000 r-xp 00000000 08:03 4200448                    /usr/lib/x86_64-linux-gnu/libtasn1.so.3.1.16
7f4f6ecd8000-7f4f6eed7000 ---p 00010000 08:03 4200448                    /usr/lib/x86_64-linux-gnu/libtasn1.so.3.1.16
7f4f6eed7000-7f4f6eed8000 r--p 0000f000 08:03 4200448                    /usr/lib/x86_64-linux-gnu/libtasn1.so.3.1.16
7f4f6eed8000-7f4f6eed9000 rw-p 00010000 08:03 4200448                    /usr/lib/x86_64-linux-gnu/libtasn1.so.3.1.16
7f4f6eed9000-7f4f6eedc000 r-xp 00000000 08:03 12190610                   /lib/x86_64-linux-gnu/libkeyutils.so.1.4
7f4f6eedc000-7f4f6f0db000 ---p 00003000 08:03 12190610                   /lib/x86_64-linux-gnu/libkeyutils.so.1.4
7f4f6f0db000-7f4f6f0dc000 r--p 00002000 08:03 12190610                   /lib/x86_64-linux-gnu/libkeyutils.so.1.4
7f4f6f0dc000-7f4f6f0dd000 rw-p 00003000 08:03 12190610                   /lib/x86_64-linux-gnu/libkeyutils.so.1.4
7f4f6f0dd000-7f4f6f0e5000 r-xp 00000000 08:03 4200208                    /usr/lib/x86_64-linux-gnu/libkrb5support.so.0.1
7f4f6f0e5000-7f4f6f2e4000 ---p 00008000 08:03 4200208                    /usr/lib/x86_64-linux-gnu/libkrb5support.so.0.1
7f4f6f2e4000-7f4f6f2e5000 r--p 00007000 08:03 4200208                    /usr/lib/x86_64-linux-gnu/libkrb5support.so.0.1
7f4f6f2e5000-7f4f6f2e6000 rw-p 00008000 08:03 4200208                    /usr/lib/x86_64-linux-gnu/libkrb5support.so.0.1
7f4f6f2e6000-7f4f6f2e9000 r-xp 00000000 08:03 12190576                   /lib/x86_64-linux-gnu/libcom_err.so.2.1
7f4f6f2e9000-7f4f6f4e8000 ---p 00003000 08:03 12190576                   /lib/x86_64-linux-gnu/libcom_err.so.2.1
7f4f6f4e8000-7f4f6f4e9000 r--p 00002000 08:03 12190576                   /lib/x86_64-linux-gnu/libcom_err.so.2.1
7f4f6f4e9000-7f4f6f4ea000 rw-p 00003000 08:03 12190576                   /lib/x86_64-linux-gnu/libcom_err.so.2.1
7f4f6f4ea000-7f4f6f510000 r-xp 00000000 08:03 4200198                    /usr/lib/x86_64-linux-gnu/libk5crypto.so.3.1
7f4f6f510000-7f4f6f710000 ---p 00026000 08:03 4200198                    /usr/lib/x86_64-linux-gnu/libk5crypto.so.3.1
7f4f6f710000-7f4f6f711000 r--p 00026000 08:03 4200198                    /usr/lib/x86_64-linux-gnu/libk5crypto.so.3.1
7f4f6f711000-7f4f6f712000 rw-p 00027000 08:03 4200198                    /usr/lib/x86_64-linux-gnu/libk5crypto.so.3.1
7f4f6f712000-7f4f6f713000 rw-p 00000000 00:00 0 
7f4f6f713000-7f4f6f7dc000 r-xp 00000000 08:03 4200206                    /usr/lib/x86_64-linux-gnu/libkrb5.so.3.3
7f4f6f7dc000-7f4f6f9db000 ---p 000c9000 08:03 4200206                    /usr/lib/x86_64-linux-gnu/libkrb5.so.3.3
7f4f6f9db000-7f4f6f9e5000 r--p 000c8000 08:03 4200206                    /usr/lib/x86_64-linux-gnu/libkrb5.so.3.3
7f4f6f9e5000-7f4f6f9e7000 rw-p 000d2000 08:03 4200206                    /usr/lib/x86_64-linux-gnu/libkrb5.so.3.3
7f4f6f9e7000-7f4f6f9ec000 r-xp 00000000 08:03 4199743                    /usr/lib/x86_64-linux-gnu/libXdmcp.so.6.0.0
7f4f6f9ec000-7f4f6fbeb000 ---p 00005000 08:03 4199743                    /usr/lib/x86_64-linux-gnu/libXdmcp.so.6.0.0
7f4f6fbeb000-7f4f6fbec000 rw-p 00004000 08:03 4199743                    /usr/lib/x86_64-linux-gnu/libXdmcp.so.6.0.0
7f4f6fbec000-7f4f6fbee000 r-xp 00000000 08:03 4199732                    /usr/lib/x86_64-linux-gnu/libXau.so.6.0.0
7f4f6fbee000-7f4f6fdee000 ---p 00002000 08:03 4199732                    /usr/lib/x86_64-linux-gnu/libXau.so.6.0.0
7f4f6fdee000-7f4f6fdef000 rw-p 00002000 08:03 4199732                    /usr/lib/x86_64-linux-gnu/libXau.so.6.0.0
7f4f6fdef000-7f4f6fdff000 r-xp 00000000 08:03 4199807                    /usr/lib/x86_64-linux-gnu/libavahi-client.so.3.2.9
7f4f6fdff000-7f4f6fffe000 ---p 00010000 08:03 4199807                    /usr/lib/x86_64-linux-gnu/libavahi-client.so.3.2.9
7f4f6fffe000-7f4f6ffff000 r--p 0000f000 08:03 4199807                    /usr/lib/x86_64-linux-gnu/libavahi-client.so.3.2.9
7f4f6ffff000-7f4f70000000 rw-p 00010000 08:03 4199807                    /usr/lib/x86_64-linux-gnu/libavahi-client.so.3.2.9
7f4f70000000-7f4f70021000 rw-p 00000000 00:00 0 
7f4f70021000-7f4f74000000 ---p 00000000 00:00 0 
7f4f74011000-7f4f7408e000 rw-p 00000000 00:00 0 
7f4f7408e000-7f4f74091000 ---p 00000000 00:00 0 
7f4f74091000-7f4f7418f000 rw-p 00000000 00:00 0 
7f4f7418f000-7f4f7419b000 r-xp 00000000 08:03 4199809                    /usr/lib/x86_64-linux-gnu/libavahi-common.so.3.5.3
7f4f7419b000-7f4f7439a000 ---p 0000c000 08:03 4199809                    /usr/lib/x86_64-linux-gnu/libavahi-common.so.3.5.3
7f4f7439a000-7f4f7439b000 r--p 0000b000 08:03 4199809                    /usr/lib/x86_64-linux-gnu/libavahi-common.so.3.5.3
7f4f7439b000-7f4f7439c000 rw-p 0000c000 08:03 4199809                    /usr/lib/x86_64-linux-gnu/libavahi-common.so.3.5.3
7f4f7439c000-7f4f74455000 r-xp 00000000 08:03 4200060                    /usr/lib/x86_64-linux-gnu/libgnutls.so.26.22.4
7f4f74455000-7f4f74654000 ---p 000b9000 08:03 4200060                    /usr/lib/x86_64-linux-gnu/libgnutls.so.26.22.4
7f4f74654000-7f4f7465a000 r--p 000b8000 08:03 4200060                    /usr/lib/x86_64-linux-gnu/libgnutls.so.26.22.4
7f4f7465a000-7f4f7465c000 rw-p 000be000 08:03 4200060                    /usr/lib/x86_64-linux-gnu/libgnutls.so.26.22.4
7f4f7465c000-7f4f74698000 r-xp 00000000 08:03 4200085                    /usr/lib/x86_64-linux-gnu/libgssapi_krb5.so.2.2
7f4f74698000-7f4f74898000 ---p 0003c000 08:03 4200085                    /usr/lib/x86_64-linux-gnu/libgssapi_krb5.so.2.2
7f4f74898000-7f4f74899000 r--p 0003c000 08:03 4200085                    /usr/lib/x86_64-linux-gnu/libgssapi_krb5.so.2.2
7f4f74899000-7f4f7489b000 rw-p 0003d000 08:03 4200085                    /usr/lib/x86_64-linux-gnu/libgssapi_krb5.so.2.2
7f4f7489b000-7f4f748d7000 r-xp 00000000 08:03 12190663                   /lib/x86_64-linux-gnu/libpcre.so.3.13.1
7f4f748d7000-7f4f74ad7000 ---p 0003c000 08:03 12190663                   /lib/x86_64-linux-gnu/libpcre.so.3.13.1
7f4f74ad7000-7f4f74ad8000 rw-p 0003c000 08:03 12190663                   /lib/x86_64-linux-gnu/libpcre.so.3.13.1
7f4f74ad8000-7f4f74ae4000 r-xp 00000000 08:03 4199961                    /usr/lib/x86_64-linux-gnu/libffi.so.5.0.10
7f4f74ae4000-7f4f74ce4000 ---p 0000c000 08:03 4199961                    /usr/lib/x86_64-linux-gnu/libffi.so.5.0.10
7f4f74ce4000-7f4f74ce5000 rw-p 0000c000 08:03 4199961                    /usr/lib/x86_64-linux-gnu/libffi.so.5.0.10
7f4f74ce5000-7f4f74d0c000 r-xp 00000000 08:03 12190588                   /lib/x86_64-linux-gnu/libexpat.so.1.6.0
7f4f74d0c000-7f4f74f0c000 ---p 00027000 08:03 12190588                   /lib/x86_64-linux-gnu/libexpat.so.1.6.0
7f4f74f0c000-7f4f74f0e000 r--p 00027000 08:03 12190588                   /lib/x86_64-linux-gnu/libexpat.so.1.6.0
7f4f74f0e000-7f4f74f0f000 rw-p 00029000 08:03 12190588                   /lib/x86_64-linux-gnu/libexpat.so.1.6.0
7f4f74f0f000-7f4f74f17000 r-xp 00000000 08:03 4200521                    /usr/lib/x86_64-linux-gnu/libxcb-render.so.0.0.0
7f4f74f17000-7f4f75117000 ---p 00008000 08:03 4200521                    /usr/lib/x86_64-linux-gnu/libxcb-render.so.0.0.0
7f4f75117000-7f4f75118000 r--p 00008000 08:03 4200521                    /usr/lib/x86_64-linux-gnu/libxcb-render.so.0.0.0
7f4f75118000-7f4f75119000 rw-p 00009000 08:03 4200521                    /usr/lib/x86_64-linux-gnu/libxcb-render.so.0.0.0
7f4f75119000-7f4f7511b000 r-xp 00000000 08:03 4200525                    /usr/lib/x86_64-linux-gnu/libxcb-shm.so.0.0.0
7f4f7511b000-7f4f7531a000 ---p 00002000 08:03 4200525                    /usr/lib/x86_64-linux-gnu/libxcb-shm.so.0.0.0
7f4f7531a000-7f4f7531b000 r--p 00001000 08:03 4200525                    /usr/lib/x86_64-linux-gnu/libxcb-shm.so.0.0.0
7f4f7531b000-7f4f7531c000 rw-p 00002000 08:03 4200525                    /usr/lib/x86_64-linux-gnu/libxcb-shm.so.0.0.0
7f4f7531c000-7f4f7539c000 r-xp 00000000 08:03 4200335                    /usr/lib/x86_64-linux-gnu/libpixman-1.so.0.26.0
7f4f7539c000-7f4f7559c000 ---p 00080000 08:03 4200335                    /usr/lib/x86_64-linux-gnu/libpixman-1.so.0.26.0
7f4f7559c000-7f4f755a2000 rw-p 00080000 08:03 4200335                    /usr/lib/x86_64-linux-gnu/libpixman-1.so.0.26.0
7f4f755a2000-7f4f755c8000 r-xp 00000000 08:03 12190665                   /lib/x86_64-linux-gnu/libpng12.so.0.49.0
7f4f755c8000-7f4f757c7000 ---p 00026000 08:03 12190665                   /lib/x86_64-linux-gnu/libpng12.so.0.49.0
7f4f757c7000-7f4f757c8000 r--p 00025000 08:03 12190665                   /lib/x86_64-linux-gnu/libpng12.so.0.49.0
7f4f757c8000-7f4f757c9000 rw-p 00026000 08:03 12190665                   /lib/x86_64-linux-gnu/libpng12.so.0.49.0
7f4f757c9000-7f4f757dd000 r-xp 00000000 08:03 12192206                   /lib/x86_64-linux-gnu/libresolv-2.19.so
7f4f757dd000-7f4f759dc000 ---p 00014000 08:03 12192206                   /lib/x86_64-linux-gnu/libresolv-2.19.so
7f4f759dc000-7f4f759dd000 r--p 00013000 08:03 12192206                   /lib/x86_64-linux-gnu/libresolv-2.19.so
7f4f759dd000-7f4f759de000 rw-p 00014000 08:03 12192206                   /lib/x86_64-linux-gnu/libresolv-2.19.so
7f4f759de000-7f4f759e0000 rw-p 00000000 00:00 0 
7f4f759e0000-7f4f759fe000 r-xp 00000000 08:03 12190680                   /lib/x86_64-linux-gnu/libselinux.so.1
7f4f759fe000-7f4f75bfd000 ---p 0001e000 08:03 12190680                   /lib/x86_64-linux-gnu/libselinux.so.1
7f4f75bfd000-7f4f75bfe000 r--p 0001d000 08:03 12190680                   /lib/x86_64-linux-gnu/libselinux.so.1
7f4f75bfe000-7f4f75bff000 rw-p 0001e000 08:03 12190680                   /lib/x86_64-linux-gnu/libselinux.so.1
7f4f75bff000-7f4f75c00000 rw-p 00000000 00:00 0 
7f4f75c00000-7f4f75c03000 r-xp 00000000 08:03 4200052                    /usr/lib/x86_64-linux-gnu/libgmodule-2.0.so.0.3200.4
7f4f75c03000-7f4f75e02000 ---p 00003000 08:03 4200052                    /usr/lib/x86_64-linux-gnu/libgmodule-2.0.so.0.3200.4
7f4f75e02000-7f4f75e03000 r--p 00002000 08:03 4200052                    /usr/lib/x86_64-linux-gnu/libgmodule-2.0.so.0.3200.4
7f4f75e03000-7f4f75e04000 rw-p 00003000 08:03 4200052                    /usr/lib/x86_64-linux-gnu/libgmodule-2.0.so.0.3200.4
7f4f75e04000-7f4f75e0e000 r-xp 00000000 08:03 4199739                    /usr/lib/x86_64-linux-gnu/libXcursor.so.1.0.2
7f4f75e0e000-7f4f7600d000 ---p 0000a000 08:03 4199739                    /usr/lib/x86_64-linux-gnu/libXcursor.so.1.0.2
7f4f7600d000-7f4f7600e000 rw-p 00009000 08:03 4199739                    /usr/lib/x86_64-linux-gnu/libXcursor.so.1.0.2
7f4f7600e000-7f4f76015000 r-xp 00000000 08:03 4199761                    /usr/lib/x86_64-linux-gnu/libXrandr.so.2.2.0
7f4f76015000-7f4f76215000 ---p 00007000 08:03 4199761                    /usr/lib/x86_64-linux-gnu/libXrandr.so.2.2.0
7f4f76215000-7f4f76216000 rw-p 00007000 08:03 4199761                    /usr/lib/x86_64-linux-gnu/libXrandr.so.2.2.0
7f4f76216000-7f4f76218000 r-xp 00000000 08:03 4199753                    /usr/lib/x86_64-linux-gnu/libXinerama.so.1.0.0
7f4f76218000-7f4f76417000 ---p 00002000 08:03 4199753                    /usr/lib/x86_64-linux-gnu/libXinerama.so.1.0.0
7f4f76417000-7f4f76418000 rw-p 00001000 08:03 4199753                    /usr/lib/x86_64-linux-gnu/libXinerama.so.1.0.0
7f4f76418000-7f4f7641d000 r-xp 00000000 08:03 4199747                    /usr/lib/x86_64-linux-gnu/libXfixes.so.3.1.0
7f4f7641d000-7f4f7661c000 ---p 00005000 08:03 4199747                    /usr/lib/x86_64-linux-gnu/libXfixes.so.3.1.0
7f4f7661c000-7f4f7661d000 r--p 00004000 08:03 4199747                    /usr/lib/x86_64-linux-gnu/libXfixes.so.3.1.0
7f4f7661d000-7f4f7661e000 rw-p 00005000 08:03 4199747                    /usr/lib/x86_64-linux-gnu/libXfixes.so.3.1.0
7f4f7661e000-7f4f76620000 r-xp 00000000 08:03 4199741                    /usr/lib/x86_64-linux-gnu/libXdamage.so.1.1.0
7f4f76620000-7f4f7681f000 ---p 00002000 08:03 4199741                    /usr/lib/x86_64-linux-gnu/libXdamage.so.1.1.0
7f4f7681f000-7f4f76820000 rw-p 00001000 08:03 4199741                    /usr/lib/x86_64-linux-gnu/libXdamage.so.1.1.0
7f4f76820000-7f4f76822000 r-xp 00000000 08:03 4199737                    /usr/lib/x86_64-linux-gnu/libXcomposite.so.1.0.0
7f4f76822000-7f4f76a21000 ---p 00002000 08:03 4199737                    /usr/lib/x86_64-linux-gnu/libXcomposite.so.1.0.0
7f4f76a21000-7f4f76a22000 rw-p 00001000 08:03 4199737                    /usr/lib/x86_64-linux-gnu/libXcomposite.so.1.0.0
7f4f76a22000-7f4f76a41000 r-xp 00000000 08:03 4200529                    /usr/lib/x86_64-linux-gnu/libxcb.so.1.1.0
7f4f76a41000-7f4f76c40000 ---p 0001f000 08:03 4200529                    /usr/lib/x86_64-linux-gnu/libxcb.so.1.1.0
7f4f76c40000-7f4f76c41000 r--p 0001e000 08:03 4200529                    /usr/lib/x86_64-linux-gnu/libxcb.so.1.1.0
7f4f76c41000-7f4f76c42000 rw-p 0001f000 08:03 4200529                    /usr/lib/x86_64-linux-gnu/libxcb.so.1.1.0
7f4f76c42000-7f4f76c95000 r-xp 00000000 08:03 4199889                    /usr/lib/x86_64-linux-gnu/libcups.so.2
7f4f76c95000-7f4f76e94000 ---p 00053000 08:03 4199889                    /usr/lib/x86_64-linux-gnu/libcups.so.2
7f4f76e94000-7f4f76e99000 r--p 00052000 08:03 4199889                    /usr/lib/x86_64-linux-gnu/libcups.so.2
7f4f76e99000-7f4f76e9a000 rw-p 00057000 08:03 4199889                    /usr/lib/x86_64-linux-gnu/libcups.so.2
7f4f76e9a000-7f4f76f8f000 r-xp 00000000 08:03 12190597                   /lib/x86_64-linux-gnu/libglib-2.0.so.0.3200.4
7f4f76f8f000-7f4f7718f000 ---p 000f5000 08:03 12190597                   /lib/x86_64-linux-gnu/libglib-2.0.so.0.3200.4
7f4f7718f000-7f4f77190000 r--p 000f5000 08:03 12190597                   /lib/x86_64-linux-gnu/libglib-2.0.so.0.3200.4
7f4f77190000-7f4f77191000 rw-p 000f6000 08:03 12190597                   /lib/x86_64-linux-gnu/libglib-2.0.so.0.3200.4
7f4f77191000-7f4f77192000 rw-p 00000000 00:00 0 
7f4f77192000-7f4f77193000 r-xp 00000000 08:03 4200137                    /usr/lib/x86_64-linux-gnu/libgthread-2.0.so.0.3200.4
7f4f77193000-7f4f77392000 ---p 00001000 08:03 4200137                    /usr/lib/x86_64-linux-gnu/libgthread-2.0.so.0.3200.4
7f4f77392000-7f4f77393000 r--p 00000000 08:03 4200137                    /usr/lib/x86_64-linux-gnu/libgthread-2.0.so.0.3200.4
7f4f77393000-7f4f77394000 rw-p 00001000 08:03 4200137                    /usr/lib/x86_64-linux-gnu/libgthread-2.0.so.0.3200.4
7f4f77394000-7f4f773e2000 r-xp 00000000 08:03 4200068                    /usr/lib/x86_64-linux-gnu/libgobject-2.0.so.0.3200.4
7f4f773e2000-7f4f775e2000 ---p 0004e000 08:03 4200068                    /usr/lib/x86_64-linux-gnu/libgobject-2.0.so.0.3200.4
7f4f775e2000-7f4f775e3000 r--p 0004e000 08:03 4200068                    /usr/lib/x86_64-linux-gnu/libgobject-2.0.so.0.3200.4
7f4f775e3000-7f4f775e4000 rw-p 0004f000 08:03 4200068                    /usr/lib/x86_64-linux-gnu/libgobject-2.0.so.0.3200.4
7f4f775e4000-7f4f77619000 r-xp 00000000 08:03 4199999                    /usr/lib/x86_64-linux-gnu/libfontconfig.so.1.5.0
7f4f77619000-7f4f77819000 ---p 00035000 08:03 4199999                    /usr/lib/x86_64-linux-gnu/libfontconfig.so.1.5.0
7f4f77819000-7f4f7781a000 r--p 00035000 08:03 4199999                    /usr/lib/x86_64-linux-gnu/libfontconfig.so.1.5.0
7f4f7781a000-7f4f7781b000 rw-p 00036000 08:03 4199999                    /usr/lib/x86_64-linux-gnu/libfontconfig.so.1.5.0
7f4f7781b000-7f4f778b4000 r-xp 00000000 08:03 4200007                    /usr/lib/x86_64-linux-gnu/libfreetype.so.6.8.1
7f4f778b4000-7f4f77ab3000 ---p 00099000 08:03 4200007                    /usr/lib/x86_64-linux-gnu/libfreetype.so.6.8.1
7f4f77ab3000-7f4f77ab9000 r--p 00098000 08:03 4200007                    /usr/lib/x86_64-linux-gnu/libfreetype.so.6.8.1
7f4f77ab9000-7f4f77aba000 rw-p 0009e000 08:03 4200007                    /usr/lib/x86_64-linux-gnu/libfreetype.so.6.8.1
7f4f77aba000-7f4f77b04000 r-xp 00000000 08:03 4200313                    /usr/lib/x86_64-linux-gnu/libpango-1.0.so.0.3000.0
7f4f77b04000-7f4f77d04000 ---p 0004a000 08:03 4200313                    /usr/lib/x86_64-linux-gnu/libpango-1.0.so.0.3000.0
7f4f77d04000-7f4f77d06000 r--p 0004a000 08:03 4200313                    /usr/lib/x86_64-linux-gnu/libpango-1.0.so.0.3000.0
7f4f77d06000-7f4f77d07000 rw-p 0004c000 08:03 4200313                    /usr/lib/x86_64-linux-gnu/libpango-1.0.so.0.3000.0
7f4f77d07000-7f4f77dfb000 r-xp 00000000 08:03 4199843                    /usr/lib/x86_64-linux-gnu/libcairo.so.2.11200.2
7f4f77dfb000-7f4f77ffa000 ---p 000f4000 08:03 4199843                    /usr/lib/x86_64-linux-gnu/libcairo.so.2.11200.2
7f4f77ffa000-7f4f77ffd000 r--p 000f3000 08:03 4199843                    /usr/lib/x86_64-linux-gnu/libcairo.so.2.11200.2
7f4f77ffd000-7f4f77ffe000 rw-p 000f6000 08:03 4199843                    /usr/lib/x86_64-linux-gnu/libcairo.so.2.11200.2
7f4f77ffe000-7f4f78000000 rw-p 00000000 00:00 0 
7f4f78000000-7f4f78021000 rw-p 00000000 00:00 0 
7f4f78021000-7f4f7c000000 ---p 00000000 00:00 0 
7f4f7c008000-7f4f7c00b000 ---p 00000000 00:00 0 
7f4f7c00b000-7f4f7c041000 rw-p 00000000 00:00 0 
7f4f7c041000-7f4f7c060000 r-xp 00000000 08:03 4200030                    /usr/lib/x86_64-linux-gnu/libgdk_pixbuf-2.0.so.0.2600.1
7f4f7c060000-7f4f7c25f000 ---p 0001f000 08:03 4200030                    /usr/lib/x86_64-linux-gnu/libgdk_pixbuf-2.0.so.0.2600.1
7f4f7c25f000-7f4f7c260000 r--p 0001e000 08:03 4200030                    /usr/lib/x86_64-linux-gnu/libgdk_pixbuf-2.0.so.0.2600.1
7f4f7c260000-7f4f7c261000 rw-p 0001f000 08:03 4200030                    /usr/lib/x86_64-linux-gnu/libgdk_pixbuf-2.0.so.0.2600.1
7f4f7c261000-7f4f7c26d000 r-xp 00000000 08:03 4200315                    /usr/lib/x86_64-linux-gnu/libpangocairo-1.0.so.0.3000.0
7f4f7c26d000-7f4f7c46c000 ---p 0000c000 08:03 4200315                    /usr/lib/x86_64-linux-gnu/libpangocairo-1.0.so.0.3000.0
7f4f7c46c000-7f4f7c46d000 r--p 0000b000 08:03 4200315                    /usr/lib/x86_64-linux-gnu/libpangocairo-1.0.so.0.3000.0
7f4f7c46d000-7f4f7c46e000 rw-p 0000c000 08:03 4200315                    /usr/lib/x86_64-linux-gnu/libpangocairo-1.0.so.0.3000.0
7f4f7c46e000-7f4f7c498000 r-xp 00000000 08:03 4200317                    /usr/lib/x86_64-linux-gnu/libpangoft2-1.0.so.0.3000.0
7f4f7c498000-7f4f7c697000 ---p 0002a000 08:03 4200317                    /usr/lib/x86_64-linux-gnu/libpangoft2-1.0.so.0.3000.0
7f4f7c697000-7f4f7c698000 r--p 00029000 08:03 4200317                    /usr/lib/x86_64-linux-gnu/libpangoft2-1.0.so.0.3000.0
7f4f7c698000-7f4f7c699000 rw-p 0002a000 08:03 4200317                    /usr/lib/x86_64-linux-gnu/libpangoft2-1.0.so.0.3000.0
7f4f7c699000-7f4f7c7e5000 r-xp 00000000 08:03 4200042                    /usr/lib/x86_64-linux-gnu/libgio-2.0.so.0.3200.4
7f4f7c7e5000-7f4f7c9e4000 ---p 0014c000 08:03 4200042                    /usr/lib/x86_64-linux-gnu/libgio-2.0.so.0.3200.4
7f4f7c9e4000-7f4f7c9e8000 r--p 0014b000 08:03 4200042                    /usr/lib/x86_64-linux-gnu/libgio-2.0.so.0.3200.4
7f4f7c9e8000-7f4f7c9ea000 rw-p 0014f000 08:03 4200042                    /usr/lib/x86_64-linux-gnu/libgio-2.0.so.0.3200.4
7f4f7c9ea000-7f4f7c9ec000 rw-p 00000000 00:00 0 
7f4f7c9ec000-7f4f7ca0d000 r-xp 00000000 08:03 4199799                    /usr/lib/x86_64-linux-gnu/libatk-1.0.so.0.20409.1
7f4f7ca0d000-7f4f7cc0c000 ---p 00021000 08:03 4199799                    /usr/lib/x86_64-linux-gnu/libatk-1.0.so.0.20409.1
7f4f7cc0c000-7f4f7cc0e000 r--p 00020000 08:03 4199799                    /usr/lib/x86_64-linux-gnu/libatk-1.0.so.0.20409.1
7f4f7cc0e000-7f4f7cc0f000 rw-p 00022000 08:03 4199799                    /usr/lib/x86_64-linux-gnu/libatk-1.0.so.0.20409.1
7f4f7cc0f000-7f4f7ccbe000 r-xp 00000000 08:03 4200028                    /usr/lib/x86_64-linux-gnu/libgdk-x11-2.0.so.0.2400.10
7f4f7ccbe000-7f4f7cebd000 ---p 000af000 08:03 4200028                    /usr/lib/x86_64-linux-gnu/libgdk-x11-2.0.so.0.2400.10
7f4f7cebd000-7f4f7cec2000 rw-p 000ae000 08:03 4200028                    /usr/lib/x86_64-linux-gnu/libgdk-x11-2.0.so.0.2400.10
7f4f7cec2000-7f4f7d2f4000 r-xp 00000000 08:03 4200141                    /usr/lib/x86_64-linux-gnu/libgtk-x11-2.0.so.0.2400.10
7f4f7d2f4000-7f4f7d4f4000 ---p 00432000 08:03 4200141                    /usr/lib/x86_64-linux-gnu/libgtk-x11-2.0.so.0.2400.10
7f4f7d4f4000-7f4f7d4ff000 rw-p 00432000 08:03 4200141                    /usr/lib/x86_64-linux-gnu/libgtk-x11-2.0.so.0.2400.10
7f4f7d4ff000-7f4f7d501000 rw-p 00000000 00:00 0 
7f4f7d501000-7f4f7d50f000 r-xp 00000000 08:03 4199751                    /usr/lib/x86_64-linux-gnu/libXi.so.6.1.0
7f4f7d50f000-7f4f7d70f000 ---p 0000e000 08:03 4199751                    /usr/lib/x86_64-linux-gnu/libXi.so.6.1.0
7f4f7d70f000-7f4f7d710000 rw-p 0000e000 08:03 4199751                    /usr/lib/x86_64-linux-gnu/libXi.so.6.1.0
7f4f7d710000-7f4f7d715000 r-xp 00000000 08:03 4199769                    /usr/lib/x86_64-linux-gnu/libXtst.so.6.1.0
7f4f7d715000-7f4f7d914000 ---p 00005000 08:03 4199769                    /usr/lib/x86_64-linux-gnu/libXtst.so.6.1.0
7f4f7d914000-7f4f7d915000 rw-p 00004000 08:03 4199769                    /usr/lib/x86_64-linux-gnu/libXtst.so.6.1.0
7f4f7d915000-7f4f7da4a000 r-xp 00000000 08:03 4199728                    /usr/lib/x86_64-linux-gnu/libX11.so.6.3.0
7f4f7da4a000-7f4f7dc4a000 ---p 00135000 08:03 4199728                    /usr/lib/x86_64-linux-gnu/libX11.so.6.3.0
7f4f7dc4a000-7f4f7dc50000 rw-p 00135000 08:03 4199728                    /usr/lib/x86_64-linux-gnu/libX11.so.6.3.0
7f4f7dc50000-7f4f80000000 rw-p 00000000 00:00 0 
7f4f80000000-7f4f80021000 rw-p 00000000 00:00 0 
7f4f80021000-7f4f84000000 ---p 00000000 00:00 0 
7f4f8400d000-7f4f84016000 r-xp 00000000 08:03 4199763                    /usr/lib/x86_64-linux-gnu/libXrender.so.1.3.0
7f4f84016000-7f4f84215000 ---p 00009000 08:03 4199763                    /usr/lib/x86_64-linux-gnu/libXrender.so.1.3.0
7f4f84215000-7f4f84216000 rw-p 00008000 08:03 4199763                    /usr/lib/x86_64-linux-gnu/libXrender.so.1.3.0
7f4f84216000-7f4f84227000 r-xp 00000000 08:03 4199745                    /usr/lib/x86_64-linux-gnu/libXext.so.6.4.0
7f4f84227000-7f4f84427000 ---p 00011000 08:03 4199745                    /usr/lib/x86_64-linux-gnu/libXext.so.6.4.0
7f4f84427000-7f4f84428000 rw-p 00011000 08:03 4199745                    /usr/lib/x86_64-linux-gnu/libXext.so.6.4.0
7f4f84449000-7f4f8449c000 r-xp 00000000 08:03 3934319                    /usr/lib/jvm/java-7-openjdk-amd64/jre/lib/amd64/xawt/libmawt.so
7f4f8449c000-7f4f8469b000 ---p 00053000 08:03 3934319                    /usr/lib/jvm/java-7-openjdk-amd64/jre/lib/amd64/xawt/libmawt.so
7f4f8469b000-7f4f8469c000 r--p 00052000 08:03 3934319                    /usr/lib/jvm/java-7-openjdk-amd64/jre/lib/amd64/xawt/libmawt.so
7f4f8469c000-7f4f8469f000 rw-p 00053000 08:03 3934319                    /usr/lib/jvm/java-7-openjdk-amd64/jre/lib/amd64/xawt/libmawt.so
7f4f8469f000-7f4f846a0000 rw-p 00000000 00:00 0 
7f4f846a0000-7f4f84741000 r-xp 00000000 08:03 3934218                    /usr/lib/jvm/java-7-openjdk-amd64/jre/lib/amd64/libawt.so
7f4f84741000-7f4f84940000 ---p 000a1000 08:03 3934218                    /usr/lib/jvm/java-7-openjdk-amd64/jre/lib/amd64/libawt.so
7f4f84940000-7f4f84941000 r--p 000a0000 08:03 3934218                    /usr/lib/jvm/java-7-openjdk-amd64/jre/lib/amd64/libawt.so
7f4f84941000-7f4f8494c000 rw-p 000a1000 08:03 3934218                    /usr/lib/jvm/java-7-openjdk-amd64/jre/lib/amd64/libawt.so
7f4f8494c000-7f4f84971000 rw-p 00000000 00:00 0 
7f4f84971000-7f4f849ae000 r-xp 00000000 08:03 10486182                   /tmp/libgdxchobe/5502b6ed/libgdx64.so
7f4f849ae000-7f4f84bad000 ---p 0003d000 08:03 10486182                   /tmp/libgdxchobe/5502b6ed/libgdx64.so
7f4f84bad000-7f4f84bae000 r--p 0003c000 08:03 10486182                   /tmp/libgdxchobe/5502b6ed/libgdx64.so
7f4f84bae000-7f4f84baf000 rw-p 0003d000 08:03 10486182                   /tmp/libgdxchobe/5502b6ed/libgdx64.so
7f4f84baf000-7f4f84bb0000 r--s 00002000 08:03 10488693                   /home/chobe/.gradle/caches/modules-2/files-2.1/net.java.jinput/jinput-platform/2.0.5/53f9c919f34d2ca9de8c51fc4e1e8282029a9232/jinput-platform-2.0.5-natives-osx.jar
7f4f84bb0000-7f4f84bb1000 r--s 00025000 08:03 10488692                   /home/chobe/.gradle/caches/modules-2/files-2.1/net.java.jinput/jinput-platform/2.0.5/385ee093e01f587f30ee1c8a2ee7d408fd732e16/jinput-platform-2.0.5-natives-windows.jar
7f4f84bb1000-7f4f84bb2000 r--s 00002000 08:03 10488691                   /home/chobe/.gradle/caches/modules-2/files-2.1/net.java.jinput/jinput-platform/2.0.5/7ff832a6eb9ab6a767f1ade2b548092d0fa64795/jinput-platform-2.0.5-natives-linux.jar
7f4f84bb2000-7f4f84bb3000 r--s 00001000 08:03 10488690                   /home/chobe/.gradle/caches/modules-2/files-2.1/net.java.jutils/jutils/1.0.0/e12fe1fda814bd348c1579329c86943d2cd3c6a6/jutils-1.0.0.jar
7f4f84bb3000-7f4f84bb7000 r--s 0002f000 08:03 10488689                   /home/chobe/.gradle/caches/modules-2/files-2.1/net.java.jinput/jinput/2.0.5/39c7796b469a600f72380316f6b1f11db6c2c7c4/jinput-2.0.5.jar
7f4f84bb7000-7f4f84bb8000 r--s 00080000 08:03 10488688                   /home/chobe/.gradle/caches/modules-2/files-2.1/org.lwjgl.lwjgl/lwjgl-platform/2.9.1/2d12c83fdfbc04ecabf02c7bc8cc54d034f0daac/lwjgl-platform-2.9.1-natives-osx.jar
7f4f84bb8000-7f4f84bb9000 r--s 0008b000 08:03 10488687                   /home/chobe/.gradle/caches/modules-2/files-2.1/org.lwjgl.lwjgl/lwjgl-platform/2.9.1/aa9aae879af8eb378e22cfc64db56ec2ca9a44d1/lwjgl-platform-2.9.1-natives-linux.jar
7f4f84bb9000-7f4f84bba000 r--s 00095000 08:03 10488686                   /home/chobe/.gradle/caches/modules-2/files-2.1/org.lwjgl.lwjgl/lwjgl-platform/2.9.1/4c517eca808522457dd95ee8fc1fbcdbb602efbe/lwjgl-platform-2.9.1-natives-windows.jar
7f4f84bba000-7f4f84bbc000 r--s 00017000 08:03 10488685                   /home/chobe/.gradle/caches/modules-2/files-2.1/org.jcraft/jorbis/0.0.17/8872d22b293e8f5d7d56ff92be966e6dc28ebdc6/jorbis-0.0.17.jar
7f4f84bbc000-7f4f84bbd000 r--s 00015000 08:03 10488684                   /home/chobe/.gradle/caches/modules-2/files-2.1/com.badlogicgames.jlayer/jlayer/1.0.1-gdx/7cca83cec5c1b2f011362f4d85aabd71a73b049d/jlayer-1.0.1-gdx.jar
7f4f84bbd000-7f4f84bc1000 r--s 00027000 08:03 10488683                   /home/chobe/.gradle/caches/modules-2/files-2.1/org.lwjgl.lwjgl/lwjgl_util/2.9.1/290d7ba8a1bd9566f5ddf16ad06f09af5ec9b20e/lwjgl_util-2.9.1.jar
7f4f84bc1000-7f4f84bcf000 r--s 000ea000 08:03 10488682                   /home/chobe/.gradle/caches/modules-2/files-2.1/org.lwjgl.lwjgl/lwjgl/2.9.1/f58c5aabcef0e41718a564be9f8e412fff8db847/lwjgl-2.9.1.jar
7f4f84bcf000-7f4f84be4000 r--s 00153000 08:03 10488660                   /home/chobe/.gradle/caches/modules-2/files-2.1/com.badlogicgames.gdx/gdx/1.1.0/686f5a609c717eb0769d3b954c501a49bf4fe351/gdx-1.1.0.jar
7f4f84be4000-7f4f84be5000 r--s 000cd000 08:03 10488678                   /home/chobe/.gradle/caches/modules-2/files-2.1/com.badlogicgames.gdx/gdx-platform/1.1.0/1c7ea4239c2d9adda420c15985fe3885c481fdcf/gdx-platform-1.1.0-natives-desktop.jar
7f4f84be5000-7f4f84be8000 r--s 0001f000 08:03 10488677                   /home/chobe/.gradle/caches/modules-2/files-2.1/com.badlogicgames.gdx/gdx-backend-lwjgl/1.1.0/eafa409559820c1696e165e1280435f1332fc32b/gdx-backend-lwjgl-1.1.0.jar
7f4f84be8000-7f4f84beb000 r--s 0001f000 08:01 772750                     /media/winDisk/Users/ChobeDucket/Documents/sheep/core/build/libs/core-1.0.jar
7f4f84beb000-7f4f84bef000 r--s 0003b000 08:03 3934173                    /usr/lib/jvm/java-7-openjdk-amd64/jre/lib/ext/sunpkcs11.jar
7f4f84bef000-7f4f84bf0000 r--s 00002000 08:03 3934178                    /usr/lib/jvm/java-7-openjdk-amd64/jre/lib/ext/dnsns.jar
7f4f84bf0000-7f4f84bf3000 r--s 00032000 08:03 3934176                    /usr/lib/jvm/java-7-openjdk-amd64/jre/lib/ext/sunjce_provider.jar
7f4f84bf3000-7f4f84bf5000 r--s 0000f000 08:03 3934175                    /usr/lib/jvm/java-7-openjdk-amd64/jre/lib/ext/pulse-java.jar
7f4f84bf5000-7f4f84bf7000 r--s 00012000 08:03 3934174                    /usr/lib/jvm/java-7-openjdk-amd64/jre/lib/ext/zipfs.jar
7f4f84bf7000-7f4f84bfb000 r--s 00085000 08:03 3934172                    /usr/lib/jvm/java-7-openjdk-amd64/jre/lib/ext/localedata.jar
7f4f84bfb000-7f4f84bfc000 r--s 00007000 08:03 5645676                    /usr/share/java/java-atk-wrapper.jar
7f4f84bfc000-7f4f84bfd000 ---p 00000000 00:00 0 
7f4f84bfd000-7f4f84cfd000 rw-p 00000000 00:00 0 
7f4f84cfd000-7f4f84d00000 ---p 00000000 00:00 0 
7f4f84d00000-7f4f84dfe000 rw-p 00000000 00:00 0 
7f4f84dfe000-7f4f84e01000 ---p 00000000 00:00 0 
7f4f84e01000-7f4f84eff000 rw-p 00000000 00:00 0 
7f4f84eff000-7f4f84f02000 ---p 00000000 00:00 0 
7f4f84f02000-7f4f85000000 rw-p 00000000 00:00 0 
7f4f85000000-7f4f85270000 rwxp 00000000 00:00 0 
7f4f85270000-7f4f8836a000 rw-p 00000000 00:00 0 
7f4f8836a000-7f4f8c000000 ---p 00000000 00:00 0 
7f4f8c000000-7f4f8c00b000 r--s 00203000 08:03 3934232                    /usr/lib/jvm/java-7-openjdk-amd64/jre/lib/charsets.jar
7f4f8c00b000-7f4f8c00c000 rw-s 00005000 00:05 7289                       /dev/ati/card0
7f4f8c00c000-7f4f8c01c000 rw-s e0200000 00:05 7289                       /dev/ati/card0
7f4f8c01c000-7f4f8c01f000 ---p 00000000 00:00 0 
7f4f8c01f000-7f4f8c11d000 rw-p 00000000 00:00 0 
7f4f8c11d000-7f4f8c2a6000 r--p 00000000 08:03 4067802                    /usr/lib/locale/locale-archive
7f4f8c2a6000-7f4f8c2a9000 ---p 00000000 00:00 0 
7f4f8c2a9000-7f4f8c3a7000 rw-p 00000000 00:00 0 
7f4f8c3a7000-7f4f8c3aa000 ---p 00000000 00:00 0 
7f4f8c3aa000-7f4f8c4a8000 rw-p 00000000 00:00 0 
7f4f8c4a8000-7f4f8c4a9000 ---p 00000000 00:00 0 
7f4f8c4a9000-7f4f8d5a6000 rw-p 00000000 00:00 0 
7f4f8d5a6000-7f4f8d754000 r--s 01cfc000 08:03 3934153                    /usr/lib/jvm/java-7-openjdk-amd64/jre/lib/rt.jar
7f4f8d754000-7f4f8da88000 rw-p 00000000 00:00 0 
7f4f8da88000-7f4f8da89000 ---p 00000000 00:00 0 
7f4f8da89000-7f4f8db89000 rw-p 00000000 00:00 0 
7f4f8db89000-7f4f8db8a000 ---p 00000000 00:00 0 
7f4f8db8a000-7f4f8dc8a000 rw-p 00000000 00:00 0 
7f4f8dc8a000-7f4f8dc8b000 ---p 00000000 00:00 0 
7f4f8dc8b000-7f4f8dd8b000 rw-p 00000000 00:00 0 
7f4f8dd8b000-7f4f8dd8c000 ---p 00000000 00:00 0 
7f4f8dd8c000-7f4f8de97000 rw-p 00000000 00:00 0 
7f4f8de97000-7f4f8dedf000 rw-p 00000000 00:00 0 
7f4f8dedf000-7f4f8def4000 rw-p 00000000 00:00 0 
7f4f8def4000-7f4f8e025000 rw-p 00000000 00:00 0 
7f4f8e025000-7f4f8e030000 rw-p 00000000 00:00 0 
7f4f8e030000-7f4f8e078000 rw-p 00000000 00:00 0 
7f4f8e078000-7f4f8e08d000 rw-p 00000000 00:00 0 
7f4f8e08d000-7f4f8e1bd000 rw-p 00000000 00:00 0 
7f4f8e1bd000-7f4f8e1c8000 rw-p 00000000 00:00 0 
7f4f8e1c8000-7f4f8e260000 rw-p 00000000 00:00 0 
7f4f8e260000-7f4f8e261000 rw-p 00000000 00:00 0 
7f4f8e261000-7f4f8e269000 r-xp 00000000 08:03 3934210                    /usr/lib/jvm/java-7-openjdk-amd64/jre/lib/amd64/libzip.so
7f4f8e269000-7f4f8e468000 ---p 00008000 08:03 3934210                    /usr/lib/jvm/java-7-openjdk-amd64/jre/lib/amd64/libzip.so
7f4f8e468000-7f4f8e469000 r--p 00007000 08:03 3934210                    /usr/lib/jvm/java-7-openjdk-amd64/jre/lib/amd64/libzip.so
7f4f8e469000-7f4f8e46a000 rw-p 00008000 08:03 3934210                    /usr/lib/jvm/java-7-openjdk-amd64/jre/lib/amd64/libzip.so
7f4f8e46a000-7f4f8e475000 r-xp 00000000 08:03 12192223                   /lib/x86_64-linux-gnu/libnss_files-2.19.so
7f4f8e475000-7f4f8e674000 ---p 0000b000 08:03 12192223                   /lib/x86_64-linux-gnu/libnss_files-2.19.so
7f4f8e674000-7f4f8e675000 r--p 0000a000 08:03 12192223                   /lib/x86_64-linux-gnu/libnss_files-2.19.so
7f4f8e675000-7f4f8e676000 rw-p 0000b000 08:03 12192223                   /lib/x86_64-linux-gnu/libnss_files-2.19.so
7f4f8e676000-7f4f8e680000 r-xp 00000000 08:03 12192211                   /lib/x86_64-linux-gnu/libnss_nis-2.19.so
7f4f8e680000-7f4f8e87f000 ---p 0000a000 08:03 12192211                   /lib/x86_64-linux-gnu/libnss_nis-2.19.so
7f4f8e87f000-7f4f8e880000 r--p 00009000 08:03 12192211                   /lib/x86_64-linux-gnu/libnss_nis-2.19.so
7f4f8e880000-7f4f8e881000 rw-p 0000a000 08:03 12192211                   /lib/x86_64-linux-gnu/libnss_nis-2.19.so
7f4f8e881000-7f4f8e896000 r-xp 00000000 08:03 12192215                   /lib/x86_64-linux-gnu/libnsl-2.19.so
7f4f8e896000-7f4f8ea95000 ---p 00015000 08:03 12192215                   /lib/x86_64-linux-gnu/libnsl-2.19.so
7f4f8ea95000-7f4f8ea96000 r--p 00014000 08:03 12192215                   /lib/x86_64-linux-gnu/libnsl-2.19.so
7f4f8ea96000-7f4f8ea97000 rw-p 00015000 08:03 12192215                   /lib/x86_64-linux-gnu/libnsl-2.19.so
7f4f8ea97000-7f4f8ea99000 rw-p 00000000 00:00 0 
7f4f8ea99000-7f4f8eaa0000 r-xp 00000000 08:03 12192212                   /lib/x86_64-linux-gnu/libnss_compat-2.19.so
7f4f8eaa0000-7f4f8ec9f000 ---p 00007000 08:03 12192212                   /lib/x86_64-linux-gnu/libnss_compat-2.19.so
7f4f8ec9f000-7f4f8eca0000 r--p 00006000 08:03 12192212                   /lib/x86_64-linux-gnu/libnss_compat-2.19.so
7f4f8eca0000-7f4f8eca1000 rw-p 00007000 08:03 12192212                   /lib/x86_64-linux-gnu/libnss_compat-2.19.so
7f4f8eca1000-7f4f8eccc000 r-xp 00000000 08:03 3934215                    /usr/lib/jvm/java-7-openjdk-amd64/jre/lib/amd64/libjava.so
7f4f8eccc000-7f4f8eecb000 ---p 0002b000 08:03 3934215                    /usr/lib/jvm/java-7-openjdk-amd64/jre/lib/amd64/libjava.so
7f4f8eecb000-7f4f8eecc000 r--p 0002a000 08:03 3934215                    /usr/lib/jvm/java-7-openjdk-amd64/jre/lib/amd64/libjava.so
7f4f8eecc000-7f4f8eece000 rw-p 0002b000 08:03 3934215                    /usr/lib/jvm/java-7-openjdk-amd64/jre/lib/amd64/libjava.so
7f4f8eece000-7f4f8eedd000 r-xp 00000000 08:03 3934216                    /usr/lib/jvm/java-7-openjdk-amd64/jre/lib/amd64/libverify.so
7f4f8eedd000-7f4f8f0dc000 ---p 0000f000 08:03 3934216                    /usr/lib/jvm/java-7-openjdk-amd64/jre/lib/amd64/libverify.so
7f4f8f0dc000-7f4f8f0de000 r--p 0000e000 08:03 3934216                    /usr/lib/jvm/java-7-openjdk-amd64/jre/lib/amd64/libverify.so
7f4f8f0de000-7f4f8f0df000 rw-p 00010000 08:03 3934216                    /usr/lib/jvm/java-7-openjdk-amd64/jre/lib/amd64/libverify.so
7f4f8f0df000-7f4f8f0e6000 r-xp 00000000 08:03 12192213                   /lib/x86_64-linux-gnu/librt-2.19.so
7f4f8f0e6000-7f4f8f2e5000 ---p 00007000 08:03 12192213                   /lib/x86_64-linux-gnu/librt-2.19.so
7f4f8f2e5000-7f4f8f2e6000 r--p 00006000 08:03 12192213                   /lib/x86_64-linux-gnu/librt-2.19.so
7f4f8f2e6000-7f4f8f2e7000 rw-p 00007000 08:03 12192213                   /lib/x86_64-linux-gnu/librt-2.19.so
7f4f8f2e7000-7f4f8f2fc000 r-xp 00000000 08:03 12190593                   /lib/x86_64-linux-gnu/libgcc_s.so.1
7f4f8f2fc000-7f4f8f4fc000 ---p 00015000 08:03 12190593                   /lib/x86_64-linux-gnu/libgcc_s.so.1
7f4f8f4fc000-7f4f8f4fd000 rw-p 00015000 08:03 12190593                   /lib/x86_64-linux-gnu/libgcc_s.so.1
7f4f8f4fd000-7f4f8f5fd000 r-xp 00000000 08:03 12192221                   /lib/x86_64-linux-gnu/libm-2.19.so
7f4f8f5fd000-7f4f8f7fc000 ---p 00100000 08:03 12192221                   /lib/x86_64-linux-gnu/libm-2.19.so
7f4f8f7fc000-7f4f8f7fd000 r--p 000ff000 08:03 12192221                   /lib/x86_64-linux-gnu/libm-2.19.so
7f4f8f7fd000-7f4f8f7fe000 rw-p 00100000 08:03 12192221                   /lib/x86_64-linux-gnu/libm-2.19.so
7f4f8f7fe000-7f4f8f8e6000 r-xp 00000000 08:03 4200440                    /usr/lib/x86_64-linux-gnu/libstdc++.so.6.0.17
7f4f8f8e6000-7f4f8fae6000 ---p 000e8000 08:03 4200440                    /usr/lib/x86_64-linux-gnu/libstdc++.so.6.0.17
7f4f8fae6000-7f4f8faee000 r--p 000e8000 08:03 4200440                    /usr/lib/x86_64-linux-gnu/libstdc++.so.6.0.17
7f4f8faee000-7f4f8faf0000 rw-p 000f0000 08:03 4200440                    /usr/lib/x86_64-linux-gnu/libstdc++.so.6.0.17
7f4f8faf0000-7f4f8fb05000 rw-p 00000000 00:00 0 
7f4f8fb05000-7f4f905ce000 r-xp 00000000 08:03 3934204                    /usr/lib/jvm/java-7-openjdk-amd64/jre/lib/amd64/server/libjvm.so
7f4f905ce000-7f4f907ce000 ---p 00ac9000 08:03 3934204                    /usr/lib/jvm/java-7-openjdk-amd64/jre/lib/amd64/server/libjvm.so
7f4f907ce000-7f4f90866000 r--p 00ac9000 08:03 3934204                    /usr/lib/jvm/java-7-openjdk-amd64/jre/lib/amd64/server/libjvm.so
7f4f90866000-7f4f90889000 rw-p 00b61000 08:03 3934204                    /usr/lib/jvm/java-7-openjdk-amd64/jre/lib/amd64/server/libjvm.so
7f4f90889000-7f4f908b6000 rw-p 00000000 00:00 0 
7f4f908b6000-7f4f908cd000 r-xp 00000000 08:03 12192203                   /lib/x86_64-linux-gnu/libz.so.1.2.8
7f4f908cd000-7f4f90acc000 ---p 00017000 08:03 12192203                   /lib/x86_64-linux-gnu/libz.so.1.2.8
7f4f90acc000-7f4f90acd000 r--p 00016000 08:03 12192203                   /lib/x86_64-linux-gnu/libz.so.1.2.8
7f4f90acd000-7f4f90ace000 rw-p 00017000 08:03 12192203                   /lib/x86_64-linux-gnu/libz.so.1.2.8
7f4f90ace000-7f4f90c6d000 r-xp 00000000 08:03 12192214                   /lib/x86_64-linux-gnu/libc-2.19.so
7f4f90c6d000-7f4f90e6d000 ---p 0019f000 08:03 12192214                   /lib/x86_64-linux-gnu/libc-2.19.so
7f4f90e6d000-7f4f90e71000 r--p 0019f000 08:03 12192214                   /lib/x86_64-linux-gnu/libc-2.19.so
7f4f90e71000-7f4f90e73000 rw-p 001a3000 08:03 12192214                   /lib/x86_64-linux-gnu/libc-2.19.so
7f4f90e73000-7f4f90e77000 rw-p 00000000 00:00 0 
7f4f90e77000-7f4f90e7a000 r-xp 00000000 08:03 12192219                   /lib/x86_64-linux-gnu/libdl-2.19.so
7f4f90e7a000-7f4f91079000 ---p 00003000 08:03 12192219                   /lib/x86_64-linux-gnu/libdl-2.19.so
7f4f91079000-7f4f9107a000 r--p 00002000 08:03 12192219                   /lib/x86_64-linux-gnu/libdl-2.19.so
7f4f9107a000-7f4f9107b000 rw-p 00003000 08:03 12192219                   /lib/x86_64-linux-gnu/libdl-2.19.so
7f4f9107b000-7f4f91088000 r-xp 00000000 08:03 3934207                    /usr/lib/jvm/java-7-openjdk-amd64/jre/lib/amd64/jli/libjli.so
7f4f91088000-7f4f91287000 ---p 0000d000 08:03 3934207                    /usr/lib/jvm/java-7-openjdk-amd64/jre/lib/amd64/jli/libjli.so
7f4f91287000-7f4f91288000 r--p 0000c000 08:03 3934207                    /usr/lib/jvm/java-7-openjdk-amd64/jre/lib/amd64/jli/libjli.so
7f4f91288000-7f4f91289000 rw-p 0000d000 08:03 3934207                    /usr/lib/jvm/java-7-openjdk-amd64/jre/lib/amd64/jli/libjli.so
7f4f91289000-7f4f912a1000 r-xp 00000000 08:03 12192218                   /lib/x86_64-linux-gnu/libpthread-2.19.so
7f4f912a1000-7f4f914a0000 ---p 00018000 08:03 12192218                   /lib/x86_64-linux-gnu/libpthread-2.19.so
7f4f914a0000-7f4f914a1000 r--p 00017000 08:03 12192218                   /lib/x86_64-linux-gnu/libpthread-2.19.so
7f4f914a1000-7f4f914a2000 rw-p 00018000 08:03 12192218                   /lib/x86_64-linux-gnu/libpthread-2.19.so
7f4f914a2000-7f4f914a6000 rw-p 00000000 00:00 0 
7f4f914a6000-7f4f914c6000 r-xp 00000000 08:03 12192217                   /lib/x86_64-linux-gnu/ld-2.19.so
7f4f914c6000-7f4f914c8000 rw-s 00002000 00:05 7289                       /dev/ati/card0
7f4f914c8000-7f4f914cf000 r--s 00000000 08:03 4206154                    /usr/lib/x86_64-linux-gnu/gconv/gconv-modules.cache
7f4f914cf000-7f4f914d8000 r--s 000b9000 08:03 3934170                    /usr/lib/jvm/java-7-openjdk-amd64/jre/lib/resources.jar
7f4f914d8000-7f4f914dd000 r--s 0004c000 08:03 3934152                    /usr/lib/jvm/java-7-openjdk-amd64/jre/lib/jsse.jar
7f4f914dd000-7f4f914e7000 rw-p 00000000 00:00 0 
7f4f914e7000-7f4f9159d000 rw-p 00000000 00:00 0 
7f4f9159d000-7f4f915a0000 ---p 00000000 00:00 0 
7f4f915a0000-7f4f916ba000 rw-p 00000000 00:00 0 
7f4f916ba000-7f4f916c2000 rw-s 00000000 08:03 10490934                   /tmp/hsperfdata_chobe/26814 (deleted)
7f4f916c2000-7f4f916c3000 rw-p 00000000 00:00 0 
7f4f916c3000-7f4f916c4000 ---p 00000000 00:00 0 
7f4f916c4000-7f4f916c6000 rw-p 00000000 00:00 0 
7f4f916c6000-7f4f916c7000 r--p 00020000 08:03 12192217                   /lib/x86_64-linux-gnu/ld-2.19.so
7f4f916c7000-7f4f916c8000 rw-p 00021000 08:03 12192217                   /lib/x86_64-linux-gnu/ld-2.19.so
7f4f916c8000-7f4f916c9000 rw-p 00000000 00:00 0 
7fff57785000-7fff577a7000 rw-p 00000000 00:00 0                          [stack]
7fff577ff000-7fff57800000 r-xp 00000000 00:00 0                          [vdso]
ffffffffff600000-ffffffffff601000 r-xp 00000000 00:00 0                  [vsyscall]

VM Arguments:
jvm_args: -Dfile.encoding=UTF-8 
java_command: com.mygdx.sheep.desktop.DesktopLauncher
Launcher Type: SUN_STANDARD

Environment Variables:
PATH=/usr/local/bin:/usr/bin:/bin:/usr/local/games:/usr/games:/home/chobe/.local/bin:/home/chobe/sdks/adt-bundle-linux-x86_64-20140321/sdk//platform-tools/adb:/home/chobe/sdks/adt-bundle-linux-x86_64-20140321/sdk//platform-tools/
USERNAME=chobe
SHELL=/bin/bash
DISPLAY=:0

Signal Handlers:
SIGSEGV: [libjvm.so+0x8f9750], sa_mask[0]=0x7ffbfeff, sa_flags=0x10000004
SIGBUS: [libjvm.so+0x8f9750], sa_mask[0]=0x7ffbfeff, sa_flags=0x10000004
SIGFPE: [libjvm.so+0x7827c0], sa_mask[0]=0x7ffbfeff, sa_flags=0x10000004
SIGPIPE: [libjvm.so+0x7827c0], sa_mask[0]=0x7ffbfeff, sa_flags=0x10000004
SIGXFSZ: [libjvm.so+0x7827c0], sa_mask[0]=0x7ffbfeff, sa_flags=0x10000004
SIGILL: [libjvm.so+0x7827c0], sa_mask[0]=0x7ffbfeff, sa_flags=0x10000004
SIGUSR1: SIG_DFL, sa_mask[0]=0x00000000, sa_flags=0x00000000
SIGUSR2: [libjvm.so+0x782ab0], sa_mask[0]=0x00000004, sa_flags=0x10000004
SIGHUP: [libjvm.so+0x782c20], sa_mask[0]=0x7ffbfeff, sa_flags=0x10000004
SIGINT: [libjvm.so+0x782c20], sa_mask[0]=0x7ffbfeff, sa_flags=0x10000004
SIGTERM: [libjvm.so+0x782c20], sa_mask[0]=0x7ffbfeff, sa_flags=0x10000004
SIGQUIT: [libjvm.so+0x782c20], sa_mask[0]=0x7ffbfeff, sa_flags=0x10000004


---------------  S Y S T E M  ---------------

OS:7.5

uname:Linux 3.2.0-4-amd64 #1 SMP Debian 3.2.57-3+deb7u1 x86_64
libc:glibc 2.19 NPTL 2.19 
rlimit: STACK 8192k, CORE 0k, NPROC 31105, NOFILE 4096, AS infinity
load average:0.99 0.52 0.94

/proc/meminfo:
MemTotal:        3993672 kB
MemFree:         1624328 kB
Buffers:           60620 kB
Cached:           563388 kB
SwapCached:       238392 kB
Active:          1438376 kB
Inactive:         639788 kB
Active(anon):    1227744 kB
Inactive(anon):   254740 kB
Active(file):     210632 kB
Inactive(file):   385048 kB
Unevictable:           0 kB
Mlocked:               0 kB
SwapTotal:       4120572 kB
SwapFree:        3476596 kB
Dirty:               376 kB
Writeback:             0 kB
AnonPages:       1440448 kB
Mapped:           179304 kB
Shmem:             28328 kB
Slab:              73204 kB
SReclaimable:      44564 kB
SUnreclaim:        28640 kB
KernelStack:        3696 kB
PageTables:        28468 kB
NFS_Unstable:          0 kB
Bounce:                0 kB
WritebackTmp:          0 kB
CommitLimit:     6117408 kB
Committed_AS:    3785796 kB
VmallocTotal:   34359738367 kB
VmallocUsed:      170472 kB
VmallocChunk:   34359561712 kB
HardwareCorrupted:     0 kB
AnonHugePages:         0 kB
HugePages_Total:       0
HugePages_Free:        0
HugePages_Rsvd:        0
HugePages_Surp:        0
Hugepagesize:       2048 kB
DirectMap4k:     1172480 kB
DirectMap2M:     2955264 kB


CPU:total 4 (4 cores per cpu, 1 threads per core) family 6 model 15 stepping 11, cmov, cx8, fxsr, mmx, sse, sse2, sse3, ssse3, tsc

/proc/cpuinfo:
processor	: 0
vendor_id	: GenuineIntel
cpu family	: 6
model		: 15
model name	: Intel(R) Core(TM)2 Quad CPU    Q6600  @ 2.40GHz
stepping	: 11
cpu MHz		: 2394.000
cache size	: 4096 KB
physical id	: 0
siblings	: 4
core id		: 0
cpu cores	: 4
apicid		: 0
initial apicid	: 0
fpu		: yes
fpu_exception	: yes
cpuid level	: 10
wp		: yes
flags		: fpu vme de pse tsc msr pae mce cx8 apic sep mtrr pge mca cmov pat pse36 clflush dts acpi mmx fxsr sse sse2 ss ht tm pbe syscall nx lm constant_tsc arch_perfmon pebs bts rep_good nopl aperfmperf pni dtes64 monitor ds_cpl vmx est tm2 ssse3 cx16 xtpr pdcm lahf_lm dtherm tpr_shadow vnmi flexpriority
bogomips	: 4795.82
clflush size	: 64
cache_alignment	: 64
address sizes	: 36 bits physical, 48 bits virtual
power management:

processor	: 1
vendor_id	: GenuineIntel
cpu family	: 6
model		: 15
model name	: Intel(R) Core(TM)2 Quad CPU    Q6600  @ 2.40GHz
stepping	: 11
cpu MHz		: 1596.000
cache size	: 4096 KB
physical id	: 0
siblings	: 4
core id		: 2
cpu cores	: 4
apicid		: 2
initial apicid	: 2
fpu		: yes
fpu_exception	: yes
cpuid level	: 10
wp		: yes
flags		: fpu vme de pse tsc msr pae mce cx8 apic sep mtrr pge mca cmov pat pse36 clflush dts acpi mmx fxsr sse sse2 ss ht tm pbe syscall nx lm constant_tsc arch_perfmon pebs bts rep_good nopl aperfmperf pni dtes64 monitor ds_cpl vmx est tm2 ssse3 cx16 xtpr pdcm lahf_lm dtherm tpr_shadow vnmi flexpriority
bogomips	: 4795.58
clflush size	: 64
cache_alignment	: 64
address sizes	: 36 bits physical, 48 bits virtual
power management:

processor	: 2
vendor_id	: GenuineIntel
cpu family	: 6
model		: 15
model name	: Intel(R) Core(TM)2 Quad CPU    Q6600  @ 2.40GHz
stepping	: 11
cpu MHz		: 2394.000
cache size	: 4096 KB
physical id	: 0
siblings	: 4
core id		: 1
cpu cores	: 4
apicid		: 1
initial apicid	: 1
fpu		: yes
fpu_exception	: yes
cpuid level	: 10
wp		: yes
flags		: fpu vme de pse tsc msr pae mce cx8 apic sep mtrr pge mca cmov pat pse36 clflush dts acpi mmx fxsr sse sse2 ss ht tm pbe syscall nx lm constant_tsc arch_perfmon pebs bts rep_good nopl aperfmperf pni dtes64 monitor ds_cpl vmx est tm2 ssse3 cx16 xtpr pdcm lahf_lm dtherm tpr_shadow vnmi flexpriority
bogomips	: 4795.56
clflush size	: 64
cache_alignment	: 64
address sizes	: 36 bits physical, 48 bits virtual
power management:

processor	: 3
vendor_id	: GenuineIntel
cpu family	: 6
model		: 15
model name	: Intel(R) Core(TM)2 Quad CPU    Q6600  @ 2.40GHz
stepping	: 11
cpu MHz		: 1596.000
cache size	: 4096 KB
physical id	: 0
siblings	: 4
core id		: 3
cpu cores	: 4
apicid		: 3
initial apicid	: 3
fpu		: yes
fpu_exception	: yes
cpuid level	: 10
wp		: yes
flags		: fpu vme de pse tsc msr pae mce cx8 apic sep mtrr pge mca cmov pat pse36 clflush dts acpi mmx fxsr sse sse2 ss ht tm pbe syscall nx lm constant_tsc arch_perfmon pebs bts rep_good nopl aperfmperf pni dtes64 monitor ds_cpl vmx est tm2 ssse3 cx16 xtpr pdcm lahf_lm dtherm tpr_shadow vnmi flexpriority
bogomips	: 4795.57
clflush size	: 64
cache_alignment	: 64
address sizes	: 36 bits physical, 48 bits virtual
power management:



Memory: 4k page, physical 3993672k(1624088k free), swap 4120572k(3476596k free)

vm_info: OpenJDK 64-Bit Server VM (24.51-b03) for linux-amd64 JRE (1.7.0_55-b14), built on May  2 2014 11:33:06 by "buildd" with gcc 4.7.2

time: Mon Jul  7 21:49:28 2014
elapsed time: 19 seconds

