#
# A fatal error has been detected by the Java Runtime Environment:
#
#  SIGSEGV (0xb) at pc=0x00007ff3ff15fe38, pid=8601, tid=140686426474240
#
# JRE version: OpenJDK Runtime Environment (7.0_55-b14) (build 1.7.0_55-b14)
# Java VM: OpenJDK 64-Bit Server VM (24.51-b03 mixed mode linux-amd64 compressed oops)
# Problematic frame:
# C  [libX11.so.6+0x3ae38]  XQueryExtension+0x28
#
# Failed to write core dump. Core dumps have been disabled. To enable core dumping, try "ulimit -c unlimited" before starting Java again
#
# If you would like to submit a bug report, please include
# instructions on how to reproduce the bug and visit:
#   http://icedtea.classpath.org/bugzilla
#

---------------  T H R E A D  ---------------

Current thread (0x00007ff430076800):  VMThread [stack: 0x00007ff41c698000,0x00007ff41c799000] [id=8611]

siginfo:si_signo=SIGSEGV: si_errno=0, si_code=1 (SEGV_MAPERR), si_addr=0xffffffffcc00fa58

Registers:
RAX=0x00007ff410000b10, RBX=0xffffffffcc00f0f0, RCX=0x00007ff41c7976e8, RDX=0x00007ff41c7976e4
RSP=0x00007ff41c797680, RBP=0x00007ff3dbfc5600, RSI=0x00007ff3dbe8c992, RDI=0xffffffffcc00f0f0
R8 =0x00007ff41c7976ec, R9 =0x0000000000000000, R10=0x00007ff3dbfc53c0, R11=0x00007ff4360d41c0
R12=0x00007ff3dbe8c992, R13=0x00007ff410000b10, R14=0x00007ff41c797ad8, R15=0x00007ff3cc024dc0
RIP=0x00007ff3ff15fe38, EFLAGS=0x0000000000010202, CSGSFS=0xffff000000000033, ERR=0x0000000000000005
  TRAPNO=0x000000000000000e

Top of Stack: (sp=0x00007ff41c797680)
0x00007ff41c797680:   0000000000000000 0000000000000000
0x00007ff41c797690:   000000770000006e 0000000000000000
0x00007ff41c7976a0:   000100010000007c ffffffffcc00f0f0
0x00007ff41c7976b0:   00007ff3dbfc5600 00007ff3dbe8c992
0x00007ff41c7976c0:   00007ff410000b10 00007ff41c797ad8
0x00007ff41c7976d0:   00007ff3cc024dc0 00007ff3ff153e72
0x00007ff41c7976e0:   00007ff3cc024dc0 00007ff436118220
0x00007ff41c7976f0:   0000000000000000 00007ff3dbfc5600
0x00007ff41c797700:   ffffffffcc00f0f0 00007ff3ff46d71d
0x00007ff41c797710:   00007ff3dbe8c992 0000001100000000
0x00007ff41c797720:   00007ff400000005 0000000000000000
0x00007ff41c797730:   00007ff41c7977a0 ffffffffcc00f0f0
0x00007ff41c797740:   00007ff41c797a60 00007ff41c797ad8
0x00007ff41c797750:   00007ff3dbfdee50 00007ff3dbe353d9
0x00007ff41c797760:   00000000ffffffff 00007ff3cc00ebe0
0x00007ff41c797770:   00007ff41c7977a0 00007ff3ecd2d9e0
0x00007ff41c797780:   00007ff41c797a60 00007ff41c797ad8
0x00007ff41c797790:   0000000000000000 00007ff3dbe29ae2
0x00007ff41c7977a0:   00007ff41c797b50 00007ff3dbe8c911
0x00007ff41c7977b0:   00007ff41c797b50 00007ff436a83058
0x00007ff41c7977c0:   00007ff436c961a8 00007ff436c96740
0x00007ff41c7977d0:   00007ff436c70000 00007ff4300094f0
0x00007ff41c7977e0:   00007ff43000a020 00007ff43000a530
0x00007ff41c7977f0:   00007ff430017440 00007ff4301b2e70
0x00007ff41c797800:   00007ff4302ca080 00007ff4302c5f90
0x00007ff41c797810:   00007ff4301f6850 00007ff430209720
0x00007ff41c797820:   00007ff430210dc0 00007ff430210890
0x00007ff41c797830:   00007ff430210360 00007ff4302146b0
0x00007ff41c797840:   00007ff430214190 00007ff430215460
0x00007ff41c797850:   00007ff430213c80 00007ff43020fe30
0x00007ff41c797860:   00007ff430212250 00007ff430212c90
0x00007ff41c797870:   00007ff430212770 00007ff4302131b0 

Instructions: (pc=0x00007ff3ff15fe38)
0x00007ff3ff15fe18:   24 e0 48 89 fb 4c 89 6c 24 e8 4c 89 74 24 f0 49
0x00007ff3ff15fe28:   89 f4 4c 89 7c 24 f8 48 89 6c 24 d8 48 83 ec 58
0x00007ff3ff15fe38:   48 8b 87 68 09 00 00 49 89 d7 49 89 ce 4d 89 c5
0x00007ff3ff15fe48:   48 85 c0 74 02 ff 10 ba 08 00 00 00 be 62 00 00 

Register to memory mapping:

RAX=0x00007ff410000b10 is an unknown value
RBX=0xffffffffcc00f0f0 is an unknown value
RCX=0x00007ff41c7976e8 is an unknown value
RDX=0x00007ff41c7976e4 is an unknown value
RSP=0x00007ff41c797680 is an unknown value
RBP=0x00007ff3dbfc5600: <offset 0x1cf600> in /usr/lib/x86_64-linux-gnu/libGL.so.1 at 0x00007ff3dbdf6000
RSI=0x00007ff3dbe8c992: <offset 0x96992> in /usr/lib/x86_64-linux-gnu/libGL.so.1 at 0x00007ff3dbdf6000
RDI=0xffffffffcc00f0f0 is an unknown value
R8 =0x00007ff41c7976ec is an unknown value
R9 =0x0000000000000000 is an unknown value
R10=0x00007ff3dbfc53c0: <offset 0x1cf3c0> in /usr/lib/x86_64-linux-gnu/libGL.so.1 at 0x00007ff3dbdf6000
R11=0x00007ff4360d41c0: __cxa_finalize+0 in /lib/x86_64-linux-gnu/libc.so.6 at 0x00007ff43609c000
R12=0x00007ff3dbe8c992: <offset 0x96992> in /usr/lib/x86_64-linux-gnu/libGL.so.1 at 0x00007ff3dbdf6000
R13=0x00007ff410000b10 is an unknown value
R14=0x00007ff41c797ad8 is an unknown value
R15=0x00007ff3cc024dc0 is an unknown value


Stack: [0x00007ff41c698000,0x00007ff41c799000],  sp=0x00007ff41c797680,  free space=1021k
Native frames: (J=compiled Java code, j=interpreted, Vv=VM code, C=native code)
C  [libX11.so.6+0x3ae38]  XQueryExtension+0x28

VM_Operation (0x00007ff3ec2246c0): Exit, mode: safepoint, requested by thread 0x00007ff430368000


---------------  P R O C E S S  ---------------

Java Threads: ( => current thread )
  0x00007ff3cc4e7000 JavaThread "AsynchExecutor-Thread" daemon [_thread_blocked, id=8630, stack(0x00007ff3d8090000,0x00007ff3d8191000)]
  0x00007ff3cc00a000 JavaThread "process reaper" daemon [_thread_blocked, id=8626, stack(0x00007ff3fc031000,0x00007ff3fc06a000)]
  0x00007ff43000b000 JavaThread "DestroyJavaVM" [_thread_blocked, id=8606, stack(0x00007ff436b6b000,0x00007ff436c6c000)]
  0x00007ff430368000 JavaThread "LWJGL Application" [_thread_blocked, id=8624, stack(0x00007ff3ec125000,0x00007ff3ec226000)]
  0x00007ff4302c4800 JavaThread "AWT-XAWT" daemon [_thread_blocked, id=8620, stack(0x00007ff3ef8a4000,0x00007ff3ef9a5000)]
  0x00007ff4302a5000 JavaThread "Java2D Disposer" daemon [_thread_blocked, id=8619, stack(0x00007ff3f40b6000,0x00007ff3f41b7000)]
  0x00007ff4300a7000 JavaThread "Service Thread" daemon [_thread_blocked, id=8617, stack(0x00007ff3ffeff000,0x00007ff400000000)]
  0x00007ff4300a5000 JavaThread "C2 CompilerThread1" daemon [_thread_blocked, id=8616, stack(0x00007ff41c00a000,0x00007ff41c10b000)]
  0x00007ff4300a2000 JavaThread "C2 CompilerThread0" daemon [_thread_blocked, id=8615, stack(0x00007ff41c10b000,0x00007ff41c20c000)]
  0x00007ff43009f800 JavaThread "Signal Dispatcher" daemon [_thread_blocked, id=8614, stack(0x00007ff41c20c000,0x00007ff41c30d000)]
  0x00007ff43007c800 JavaThread "Finalizer" daemon [_thread_blocked, id=8613, stack(0x00007ff41c496000,0x00007ff41c597000)]
  0x00007ff43007a800 JavaThread "Reference Handler" daemon [_thread_blocked, id=8612, stack(0x00007ff41c597000,0x00007ff41c698000)]

Other Threads:
=>0x00007ff430076800 VMThread [stack: 0x00007ff41c698000,0x00007ff41c799000] [id=8611]

VM state:at safepoint (shutting down)

VM Mutex/Monitor currently owned by a thread:  ([mutex/lock_event])
[0x00007ff4300077a0] Threads_lock - owner thread: 0x00007ff430076800

Heap
 PSYoungGen      total 18432K, used 17915K [0x00000000eba80000, 0x00000000ecf00000, 0x0000000100000000)
  eden space 15872K, 96% used [0x00000000eba80000,0x00000000ec97f3c8,0x00000000eca00000)
  from space 2560K, 99% used [0x00000000eca00000,0x00000000ecc7fa20,0x00000000ecc80000)
  to   space 2560K, 0% used [0x00000000ecc80000,0x00000000ecc80000,0x00000000ecf00000)
 ParOldGen       total 41472K, used 2553K [0x00000000c3000000, 0x00000000c5880000, 0x00000000eba80000)
  object space 41472K, 6% used [0x00000000c3000000,0x00000000c327e648,0x00000000c5880000)
 PSPermGen       total 21504K, used 12632K [0x00000000b8a00000, 0x00000000b9f00000, 0x00000000c3000000)
  object space 21504K, 58% used [0x00000000b8a00000,0x00000000b9656018,0x00000000b9f00000)

Card table byte_map: [0x00007ff42c58c000,0x00007ff42c7c8000] byte_map_base: 0x00007ff42bfc7000

Polling page: 0x00007ff436c91000

Code Cache  [0x00007ff42c7c8000, 0x00007ff42ca38000, 0x00007ff42f7c8000)
 total_blobs=760 nmethods=223 adapters=491 free_code_cache=47970Kb largest_free_block=49100160

Compilation events (10 events):
Event: 19.522 Thread 0x00007ff4300a5000  219             java.util.concurrent.locks.AbstractQueuedSynchronizer::release (33 bytes)
Event: 19.526 Thread 0x00007ff4300a5000 nmethod 219 0x00007ff42c8e9110 code [0x00007ff42c8e9260, 0x00007ff42c8e9408]
Event: 19.622 Thread 0x00007ff4300a2000  220             com.badlogic.gdx.graphics.g2d.SpriteBatch::switchTexture (32 bytes)
Event: 19.624 Thread 0x00007ff4300a2000 nmethod 220 0x00007ff42c8f4410 code [0x00007ff42c8f45a0, 0x00007ff42c8f4768]
Event: 19.821 Thread 0x00007ff4300a5000  221             java.util.concurrent.locks.ReentrantLock::unlock (10 bytes)
Event: 19.825 Thread 0x00007ff4300a5000 nmethod 221 0x00007ff42c8edc90 code [0x00007ff42c8edde0, 0x00007ff42c8edf68]
Event: 20.371 Thread 0x00007ff4300a2000  222             com.badlogic.gdx.scenes.scene2d.Event::isCancelled (5 bytes)
Event: 20.372 Thread 0x00007ff4300a2000 nmethod 222 0x00007ff42c8e8f10 code [0x00007ff42c8e9040, 0x00007ff42c8e9098]
Event: 20.389 Thread 0x00007ff4300a5000  223             com.badlogic.gdx.scenes.scene2d.Group::draw (35 bytes)
Event: 20.399 Thread 0x00007ff4300a5000 nmethod 223 0x00007ff42c8f2010 code [0x00007ff42c8f2260, 0x00007ff42c8f2970]

GC Heap History (2 events):
Event: 1.617 GC heap before
{Heap before GC invocations=1 (full 0):
 PSYoungGen      total 18432K, used 15872K [0x00000000eba80000, 0x00000000ecf00000, 0x0000000100000000)
  eden space 15872K, 100% used [0x00000000eba80000,0x00000000eca00000,0x00000000eca00000)
  from space 2560K, 0% used [0x00000000ecc80000,0x00000000ecc80000,0x00000000ecf00000)
  to   space 2560K, 0% used [0x00000000eca00000,0x00000000eca00000,0x00000000ecc80000)
 ParOldGen       total 41472K, used 0K [0x00000000c3000000, 0x00000000c5880000, 0x00000000eba80000)
  object space 41472K, 0% used [0x00000000c3000000,0x00000000c3000000,0x00000000c5880000)
 PSPermGen       total 21504K, used 9217K [0x00000000b8a00000, 0x00000000b9f00000, 0x00000000c3000000)
  object space 21504K, 42% used [0x00000000b8a00000,0x00000000b9300560,0x00000000b9f00000)
Event: 1.626 GC heap after
Heap after GC invocations=1 (full 0):
 PSYoungGen      total 18432K, used 2558K [0x00000000eba80000, 0x00000000ecf00000, 0x0000000100000000)
  eden space 15872K, 0% used [0x00000000eba80000,0x00000000eba80000,0x00000000eca00000)
  from space 2560K, 99% used [0x00000000eca00000,0x00000000ecc7fa20,0x00000000ecc80000)
  to   space 2560K, 0% used [0x00000000ecc80000,0x00000000ecc80000,0x00000000ecf00000)
 ParOldGen       total 41472K, used 2553K [0x00000000c3000000, 0x00000000c5880000, 0x00000000eba80000)
  object space 41472K, 6% used [0x00000000c3000000,0x00000000c327e648,0x00000000c5880000)
 PSPermGen       total 21504K, used 9217K [0x00000000b8a00000, 0x00000000b9f00000, 0x00000000c3000000)
  object space 21504K, 42% used [0x00000000b8a00000,0x00000000b9300560,0x00000000b9f00000)
}

Deoptimization events (10 events):
Event: 0.220 Thread 0x00007ff43000b000 Uncommon trap: reason=class_check action=maybe_recompile pc=0x00007ff42c82d280 method=java.util.Properties$LineReader.readLine()I @ 62
Event: 7.472 Thread 0x00007ff430368000 Uncommon trap: reason=unreached action=reinterpret pc=0x00007ff42c87d748 method=com.badlogic.gdx.scenes.scene2d.Stage.act(F)V @ 32
Event: 15.478 Thread 0x00007ff430368000 Uncommon trap: reason=class_check action=maybe_recompile pc=0x00007ff42c82d280 method=java.util.Properties$LineReader.readLine()I @ 62
Event: 15.478 Thread 0x00007ff430368000 Uncommon trap: reason=class_check action=maybe_recompile pc=0x00007ff42c82d280 method=java.util.Properties$LineReader.readLine()I @ 62
Event: 15.490 Thread 0x00007ff430368000 Uncommon trap: reason=class_check action=maybe_recompile pc=0x00007ff42c82d280 method=java.util.Properties$LineReader.readLine()I @ 62
Event: 19.144 Thread 0x00007ff430368000 Uncommon trap: reason=class_check action=maybe_recompile pc=0x00007ff42c8ee474 method=com.badlogic.gdx.scenes.scene2d.ui.Table.drawBackground(Lcom/badlogic/gdx/graphics/g2d/Batch;FFF)V @ 58
Event: 19.144 Thread 0x00007ff430368000 Uncommon trap: reason=class_check action=maybe_recompile pc=0x00007ff42c8ee474 method=com.badlogic.gdx.scenes.scene2d.ui.Table.drawBackground(Lcom/badlogic/gdx/graphics/g2d/Batch;FFF)V @ 58
Event: 19.144 Thread 0x00007ff430368000 Uncommon trap: reason=class_check action=maybe_recompile pc=0x00007ff42c8ee474 method=com.badlogic.gdx.scenes.scene2d.ui.Table.drawBackground(Lcom/badlogic/gdx/graphics/g2d/Batch;FFF)V @ 58
Event: 19.144 Thread 0x00007ff430368000 Uncommon trap: reason=class_check action=maybe_recompile pc=0x00007ff42c8ee474 method=com.badlogic.gdx.scenes.scene2d.ui.Table.drawBackground(Lcom/badlogic/gdx/graphics/g2d/Batch;FFF)V @ 58
Event: 20.861 Thread 0x00007ff3cc00a000 Uncommon trap: reason=class_check action=maybe_recompile pc=0x00007ff42c8e9398 method=java.util.concurrent.locks.AbstractQueuedSynchronizer.release(I)Z @ 2

Internal exceptions (10 events):
Event: 15.478 Thread 0x00007ff430368000 Threw 0x00000000ec4f5060 at /build/openjdk-7-kBcQ8a/openjdk-7-7u55-2.4.7/build/openjdk/hotspot/src/share/vm/prims/jvm.cpp:1244
Event: 15.479 Thread 0x00007ff430368000 Threw 0x00000000ec4fa4b0 at /build/openjdk-7-kBcQ8a/openjdk-7-7u55-2.4.7/build/openjdk/hotspot/src/share/vm/prims/jvm.cpp:1244
Event: 15.479 Thread 0x00007ff430368000 Threw 0x00000000ec4fd578 at /build/openjdk-7-kBcQ8a/openjdk-7-7u55-2.4.7/build/openjdk/hotspot/src/share/vm/prims/jvm.cpp:1244
Event: 16.405 Thread 0x00007ff430368000 Threw 0x00000000ec785260 at /build/openjdk-7-kBcQ8a/openjdk-7-7u55-2.4.7/build/openjdk/hotspot/src/share/vm/prims/jvm.cpp:1244
Event: 16.406 Thread 0x00007ff430368000 Threw 0x00000000ec78a3d8 at /build/openjdk-7-kBcQ8a/openjdk-7-7u55-2.4.7/build/openjdk/hotspot/src/share/vm/prims/jvm.cpp:1244
Event: 16.407 Thread 0x00007ff430368000 Threw 0x00000000ec78f508 at /build/openjdk-7-kBcQ8a/openjdk-7-7u55-2.4.7/build/openjdk/hotspot/src/share/vm/prims/jvm.cpp:1244
Event: 16.407 Thread 0x00007ff430368000 Threw 0x00000000ec794640 at /build/openjdk-7-kBcQ8a/openjdk-7-7u55-2.4.7/build/openjdk/hotspot/src/share/vm/prims/jvm.cpp:1244
Event: 20.688 Thread 0x00007ff430368000 Threw 0x00000000ec91bbc0 at /build/openjdk-7-kBcQ8a/openjdk-7-7u55-2.4.7/build/openjdk/hotspot/src/share/vm/prims/jvm.cpp:1244
Event: 20.697 Thread 0x00007ff430368000 Threw 0x00000000ec920088 at /build/openjdk-7-kBcQ8a/openjdk-7-7u55-2.4.7/build/openjdk/hotspot/src/share/vm/prims/jvm.cpp:1244
Event: 20.702 Thread 0x00007ff430368000 Threw 0x00000000ec925428 at /build/openjdk-7-kBcQ8a/openjdk-7-7u55-2.4.7/build/openjdk/hotspot/src/share/vm/prims/jvm.cpp:1244

Events (10 events):
Event: 20.865 loading class 0x00007ff4001bb840 done
Event: 20.865 Thread 0x00007ff3cccb3800 Thread added: 0x00007ff3cccb3800
Event: 20.865 loading class 0x00007ff430240180
Event: 20.865 loading class 0x00007ff400173d10
Event: 20.865 loading class 0x00007ff400173d10 done
Event: 20.865 loading class 0x00007ff400173d40
Event: 20.865 loading class 0x00007ff400173d40 done
Event: 20.865 loading class 0x00007ff430240180 done
Event: 20.866 Thread 0x00007ff3cccb3800 Thread exited: 0x00007ff3cccb3800
Event: 20.866 Executing VM operation: Exit


Dynamic libraries:
00400000-00401000 r-xp 00000000 08:03 3934148                            /usr/lib/jvm/java-7-openjdk-amd64/jre/bin/java
00600000-00601000 r--p 00000000 08:03 3934148                            /usr/lib/jvm/java-7-openjdk-amd64/jre/bin/java
00601000-00602000 rw-p 00001000 08:03 3934148                            /usr/lib/jvm/java-7-openjdk-amd64/jre/bin/java
0164d000-01c5a000 rw-p 00000000 00:00 0                                  [heap]
b8a00000-b9f00000 rw-p 00000000 00:00 0 
b9f00000-c3000000 rw-p 00000000 00:00 0 
c3000000-c5880000 rw-p 00000000 00:00 0 
c5880000-eba80000 rw-p 00000000 00:00 0 
eba80000-ecf00000 rw-p 00000000 00:00 0 
ecf00000-100000000 rw-p 00000000 00:00 0 
7ff3b0000000-7ff3b0d0f000 rw-p 00000000 00:00 0 
7ff3b0d0f000-7ff3b4000000 ---p 00000000 00:00 0 
7ff3b4000000-7ff3b4021000 rw-p 00000000 00:00 0 
7ff3b4021000-7ff3b8000000 ---p 00000000 00:00 0 
7ff3b8000000-7ff3bbfff000 rw-p 00000000 00:00 0 
7ff3bbfff000-7ff3bc000000 ---p 00000000 00:00 0 
7ff3bc000000-7ff3bd80d000 rw-p 00000000 00:00 0 
7ff3bd80d000-7ff3c0000000 ---p 00000000 00:00 0 
7ff3c37ff000-7ff3c3802000 ---p 00000000 00:00 0 
7ff3c3802000-7ff3c3900000 rw-p 00000000 00:00 0 
7ff3c4000000-7ff3c40b4000 rw-p 00000000 00:00 0 
7ff3c40b4000-7ff3c8000000 ---p 00000000 00:00 0 
7ff3c8000000-7ff3c80ae000 rw-p 00000000 00:00 0 
7ff3c80ae000-7ff3cc000000 ---p 00000000 00:00 0 
7ff3cc000000-7ff3cff70000 rw-p 00000000 00:00 0 
7ff3cff70000-7ff3d0000000 ---p 00000000 00:00 0 
7ff3d0000000-7ff3d0021000 rw-p 00000000 00:00 0 
7ff3d0021000-7ff3d4000000 ---p 00000000 00:00 0 
7ff3d4000000-7ff3d4021000 rw-p 00000000 00:00 0 
7ff3d4021000-7ff3d8000000 ---p 00000000 00:00 0 
7ff3d8090000-7ff3d8093000 ---p 00000000 00:00 0 
7ff3d8093000-7ff3d8191000 rw-p 00000000 00:00 0 
7ff3d8191000-7ff3d8192000 ---p 00000000 00:00 0 
7ff3d8192000-7ff3d8992000 rw-p 00000000 00:00 0 
7ff3d8992000-7ff3d8993000 ---p 00000000 00:00 0 
7ff3d8993000-7ff3d9193000 rw-p 00000000 00:00 0 
7ff3d92df000-7ff3d9327000 rw-p 00000000 00:00 0 
7ff3d9327000-7ff3d9a27000 rw-s 00006000 00:05 7289                       /dev/ati/card0
7ff3d9a27000-7ff3d9a64000 r-xp 00000000 08:03 4201336                    /usr/lib/x86_64-linux-gnu/libatiadlxx.so
7ff3d9a64000-7ff3d9b63000 ---p 0003d000 08:03 4201336                    /usr/lib/x86_64-linux-gnu/libatiadlxx.so
7ff3d9b63000-7ff3d9b6d000 rw-p 0003c000 08:03 4201336                    /usr/lib/x86_64-linux-gnu/libatiadlxx.so
7ff3d9b6d000-7ff3d9b7d000 rw-p 00000000 00:00 0 
7ff3d9b7d000-7ff3dba75000 r-xp 00000000 08:03 4201338                    /usr/lib/x86_64-linux-gnu/dri/fglrx_dri.so
7ff3dba75000-7ff3dbb74000 ---p 01ef8000 08:03 4201338                    /usr/lib/x86_64-linux-gnu/dri/fglrx_dri.so
7ff3dbb74000-7ff3dbcd2000 rwxp 01ef7000 08:03 4201338                    /usr/lib/x86_64-linux-gnu/dri/fglrx_dri.so
7ff3dbcd2000-7ff3dbdf6000 rwxp 00000000 00:00 0 
7ff3dbdf6000-7ff3dbeb9000 r-xp 00000000 08:03 4201341                    /usr/lib/x86_64-linux-gnu/fglrx/fglrx-libGL.so.1.2
7ff3dbeb9000-7ff3dbfb8000 ---p 000c3000 08:03 4201341                    /usr/lib/x86_64-linux-gnu/fglrx/fglrx-libGL.so.1.2
7ff3dbfb8000-7ff3dbfdf000 rwxp 000c2000 08:03 4201341                    /usr/lib/x86_64-linux-gnu/fglrx/fglrx-libGL.so.1.2
7ff3dbfdf000-7ff3dbfff000 rwxp 00000000 00:00 0 
7ff3e0000000-7ff3e0021000 rw-p 00000000 00:00 0 
7ff3e0021000-7ff3e4000000 ---p 00000000 00:00 0 
7ff3e4000000-7ff3e4021000 rw-p 00000000 00:00 0 
7ff3e4021000-7ff3e8000000 ---p 00000000 00:00 0 
7ff3e8000000-7ff3e8021000 rw-p 00000000 00:00 0 
7ff3e8021000-7ff3ec000000 ---p 00000000 00:00 0 
7ff3ec01c000-7ff3ec023000 r-xp 00000000 08:03 4201328                    /usr/lib/x86_64-linux-gnu/libatiuki.so.1.0
7ff3ec023000-7ff3ec123000 ---p 00007000 08:03 4201328                    /usr/lib/x86_64-linux-gnu/libatiuki.so.1.0
7ff3ec123000-7ff3ec124000 rw-p 00007000 08:03 4201328                    /usr/lib/x86_64-linux-gnu/libatiuki.so.1.0
7ff3ec124000-7ff3ec125000 rw-p 00000000 00:00 0 
7ff3ec125000-7ff3ec128000 ---p 00000000 00:00 0 
7ff3ec128000-7ff3ec226000 rw-p 00000000 00:00 0 
7ff3ec226000-7ff3ec229000 ---p 00000000 00:00 0 
7ff3ec229000-7ff3ec327000 rw-p 00000000 00:00 0 
7ff3ec327000-7ff3ec328000 ---p 00000000 00:00 0 
7ff3ec328000-7ff3ecb28000 rw-p 00000000 00:00 0 
7ff3ecb28000-7ff3ecb2e000 r-xp 00000000 08:03 4200289                    /usr/lib/x86_64-linux-gnu/libogg.so.0.8.0
7ff3ecb2e000-7ff3ecd2d000 ---p 00006000 08:03 4200289                    /usr/lib/x86_64-linux-gnu/libogg.so.0.8.0
7ff3ecd2d000-7ff3ecd2e000 rw-p 00005000 08:03 4200289                    /usr/lib/x86_64-linux-gnu/libogg.so.0.8.0
7ff3ecd2e000-7ff3ecd5a000 r-xp 00000000 08:03 4200496                    /usr/lib/x86_64-linux-gnu/libvorbis.so.0.4.5
7ff3ecd5a000-7ff3ecf59000 ---p 0002c000 08:03 4200496                    /usr/lib/x86_64-linux-gnu/libvorbis.so.0.4.5
7ff3ecf59000-7ff3ecf5a000 r--p 0002b000 08:03 4200496                    /usr/lib/x86_64-linux-gnu/libvorbis.so.0.4.5
7ff3ecf5a000-7ff3ecf5b000 rw-p 0002c000 08:03 4200496                    /usr/lib/x86_64-linux-gnu/libvorbis.so.0.4.5
7ff3ecf5b000-7ff3ed20e000 r-xp 00000000 08:03 4200498                    /usr/lib/x86_64-linux-gnu/libvorbisenc.so.2.0.8
7ff3ed20e000-7ff3ed40d000 ---p 002b3000 08:03 4200498                    /usr/lib/x86_64-linux-gnu/libvorbisenc.so.2.0.8
7ff3ed40d000-7ff3ed429000 r--p 002b2000 08:03 4200498                    /usr/lib/x86_64-linux-gnu/libvorbisenc.so.2.0.8
7ff3ed429000-7ff3ed42a000 rw-p 002ce000 08:03 4200498                    /usr/lib/x86_64-linux-gnu/libvorbisenc.so.2.0.8
7ff3ed42a000-7ff3ed475000 r-xp 00000000 08:03 4199700                    /usr/lib/x86_64-linux-gnu/libFLAC.so.8.2.0
7ff3ed475000-7ff3ed674000 ---p 0004b000 08:03 4199700                    /usr/lib/x86_64-linux-gnu/libFLAC.so.8.2.0
7ff3ed674000-7ff3ed675000 r--p 0004a000 08:03 4199700                    /usr/lib/x86_64-linux-gnu/libFLAC.so.8.2.0
7ff3ed675000-7ff3ed676000 rw-p 0004b000 08:03 4199700                    /usr/lib/x86_64-linux-gnu/libFLAC.so.8.2.0
7ff3ed676000-7ff3ed67a000 r-xp 00000000 08:03 12190707                   /lib/x86_64-linux-gnu/libuuid.so.1.3.0
7ff3ed67a000-7ff3ed879000 ---p 00004000 08:03 12190707                   /lib/x86_64-linux-gnu/libuuid.so.1.3.0
7ff3ed879000-7ff3ed87a000 r--p 00003000 08:03 12190707                   /lib/x86_64-linux-gnu/libuuid.so.1.3.0
7ff3ed87a000-7ff3ed87b000 rw-p 00004000 08:03 12190707                   /lib/x86_64-linux-gnu/libuuid.so.1.3.0
7ff3ed87b000-7ff3ed87f000 r-xp 00000000 08:03 12190559                   /lib/x86_64-linux-gnu/libattr.so.1.1.0
7ff3ed87f000-7ff3eda7e000 ---p 00004000 08:03 12190559                   /lib/x86_64-linux-gnu/libattr.so.1.1.0
7ff3eda7e000-7ff3eda7f000 r--p 00003000 08:03 12190559                   /lib/x86_64-linux-gnu/libattr.so.1.1.0
7ff3eda7f000-7ff3eda80000 rw-p 00004000 08:03 12190559                   /lib/x86_64-linux-gnu/libattr.so.1.1.0
7ff3eda80000-7ff3eda85000 r-xp 00000000 08:03 4199797                    /usr/lib/x86_64-linux-gnu/libasyncns.so.0.3.1
7ff3eda85000-7ff3edc84000 ---p 00005000 08:03 4199797                    /usr/lib/x86_64-linux-gnu/libasyncns.so.0.3.1
7ff3edc84000-7ff3edc85000 rw-p 00004000 08:03 4199797                    /usr/lib/x86_64-linux-gnu/libasyncns.so.0.3.1
7ff3edc85000-7ff3edce6000 r-xp 00000000 08:03 4200411                    /usr/lib/x86_64-linux-gnu/libsndfile.so.1.0.25
7ff3edce6000-7ff3edee5000 ---p 00061000 08:03 4200411                    /usr/lib/x86_64-linux-gnu/libsndfile.so.1.0.25
7ff3edee5000-7ff3edee7000 r--p 00060000 08:03 4200411                    /usr/lib/x86_64-linux-gnu/libsndfile.so.1.0.25
7ff3edee7000-7ff3edee8000 rw-p 00062000 08:03 4200411                    /usr/lib/x86_64-linux-gnu/libsndfile.so.1.0.25
7ff3edee8000-7ff3edeec000 rw-p 00000000 00:00 0 
7ff3edeec000-7ff3edef5000 r-xp 00000000 08:03 12190709                   /lib/x86_64-linux-gnu/libwrap.so.0.7.6
7ff3edef5000-7ff3ee0f4000 ---p 00009000 08:03 12190709                   /lib/x86_64-linux-gnu/libwrap.so.0.7.6
7ff3ee0f4000-7ff3ee0f5000 r--p 00008000 08:03 12190709                   /lib/x86_64-linux-gnu/libwrap.so.0.7.6
7ff3ee0f5000-7ff3ee0f6000 rw-p 00009000 08:03 12190709                   /lib/x86_64-linux-gnu/libwrap.so.0.7.6
7ff3ee0f6000-7ff3ee0f7000 rw-p 00000000 00:00 0 
7ff3ee0f7000-7ff3ee0fe000 r-xp 00000000 08:03 4199720                    /usr/lib/x86_64-linux-gnu/libSM.so.6.0.1
7ff3ee0fe000-7ff3ee2fd000 ---p 00007000 08:03 4199720                    /usr/lib/x86_64-linux-gnu/libSM.so.6.0.1
7ff3ee2fd000-7ff3ee2fe000 rw-p 00006000 08:03 4199720                    /usr/lib/x86_64-linux-gnu/libSM.so.6.0.1
7ff3ee2fe000-7ff3ee315000 r-xp 00000000 08:03 4199710                    /usr/lib/x86_64-linux-gnu/libICE.so.6.3.0
7ff3ee315000-7ff3ee514000 ---p 00017000 08:03 4199710                    /usr/lib/x86_64-linux-gnu/libICE.so.6.3.0
7ff3ee514000-7ff3ee516000 rw-p 00016000 08:03 4199710                    /usr/lib/x86_64-linux-gnu/libICE.so.6.3.0
7ff3ee516000-7ff3ee519000 rw-p 00000000 00:00 0 
7ff3ee519000-7ff3ee51a000 r-xp 00000000 08:03 4199726                    /usr/lib/x86_64-linux-gnu/libX11-xcb.so.1.0.0
7ff3ee51a000-7ff3ee719000 ---p 00001000 08:03 4199726                    /usr/lib/x86_64-linux-gnu/libX11-xcb.so.1.0.0
7ff3ee719000-7ff3ee71a000 rw-p 00000000 08:03 4199726                    /usr/lib/x86_64-linux-gnu/libX11-xcb.so.1.0.0
7ff3ee71a000-7ff3ee71e000 r-xp 00000000 08:03 12190572                   /lib/x86_64-linux-gnu/libcap.so.2.22
7ff3ee71e000-7ff3ee91d000 ---p 00004000 08:03 12190572                   /lib/x86_64-linux-gnu/libcap.so.2.22
7ff3ee91d000-7ff3ee91e000 rw-p 00003000 08:03 12190572                   /lib/x86_64-linux-gnu/libcap.so.2.22
7ff3ee91e000-7ff3ee97f000 r-xp 00000000 08:03 4325923                    /usr/lib/x86_64-linux-gnu/pulseaudio/libpulsecommon-2.0.so
7ff3ee97f000-7ff3eeb7e000 ---p 00061000 08:03 4325923                    /usr/lib/x86_64-linux-gnu/pulseaudio/libpulsecommon-2.0.so
7ff3eeb7e000-7ff3eeb7f000 r--p 00060000 08:03 4325923                    /usr/lib/x86_64-linux-gnu/pulseaudio/libpulsecommon-2.0.so
7ff3eeb7f000-7ff3eeb81000 rw-p 00061000 08:03 4325923                    /usr/lib/x86_64-linux-gnu/pulseaudio/libpulsecommon-2.0.so
7ff3eeb81000-7ff3eeb8a000 r-xp 00000000 08:03 12190608                   /lib/x86_64-linux-gnu/libjson.so.0.1.0
7ff3eeb8a000-7ff3eed89000 ---p 00009000 08:03 12190608                   /lib/x86_64-linux-gnu/libjson.so.0.1.0
7ff3eed89000-7ff3eed8a000 r--p 00008000 08:03 12190608                   /lib/x86_64-linux-gnu/libjson.so.0.1.0
7ff3eed8a000-7ff3eed8b000 rw-p 00009000 08:03 12190608                   /lib/x86_64-linux-gnu/libjson.so.0.1.0
7ff3eed8b000-7ff3eedd4000 r-xp 00000000 08:03 4200364                    /usr/lib/x86_64-linux-gnu/libpulse.so.0.14.2
7ff3eedd4000-7ff3eefd3000 ---p 00049000 08:03 4200364                    /usr/lib/x86_64-linux-gnu/libpulse.so.0.14.2
7ff3eefd3000-7ff3eefd4000 r--p 00048000 08:03 4200364                    /usr/lib/x86_64-linux-gnu/libpulse.so.0.14.2
7ff3eefd4000-7ff3eefd5000 rw-p 00049000 08:03 4200364                    /usr/lib/x86_64-linux-gnu/libpulse.so.0.14.2
7ff3ef22e000-7ff3ef232000 r-xp 00000000 08:03 4199775                    /usr/lib/x86_64-linux-gnu/libXxf86vm.so.1.0.0
7ff3ef232000-7ff3ef432000 ---p 00004000 08:03 4199775                    /usr/lib/x86_64-linux-gnu/libXxf86vm.so.1.0.0
7ff3ef432000-7ff3ef433000 r--p 00004000 08:03 4199775                    /usr/lib/x86_64-linux-gnu/libXxf86vm.so.1.0.0
7ff3ef433000-7ff3ef434000 rw-p 00005000 08:03 4199775                    /usr/lib/x86_64-linux-gnu/libXxf86vm.so.1.0.0
7ff3ef434000-7ff3ef4a0000 r-xp 00000000 08:01 301131                     /media/winDisk/Users/ChobeDucket/Documents/sheep/android/assets/.temp/7b43be9b/liblwjgl64.so
7ff3ef4a0000-7ff3ef69f000 ---p 0006c000 08:01 301131                     /media/winDisk/Users/ChobeDucket/Documents/sheep/android/assets/.temp/7b43be9b/liblwjgl64.so
7ff3ef69f000-7ff3ef6a1000 r--p 0006b000 08:01 301131                     /media/winDisk/Users/ChobeDucket/Documents/sheep/android/assets/.temp/7b43be9b/liblwjgl64.so
7ff3ef6a1000-7ff3ef6a2000 rw-p 0006d000 08:01 301131                     /media/winDisk/Users/ChobeDucket/Documents/sheep/android/assets/.temp/7b43be9b/liblwjgl64.so
7ff3ef6a2000-7ff3ef6a3000 r-xp 00000000 08:03 3934229                    /usr/lib/jvm/java-7-openjdk-amd64/jre/lib/amd64/libjawt.so
7ff3ef6a3000-7ff3ef8a2000 ---p 00001000 08:03 3934229                    /usr/lib/jvm/java-7-openjdk-amd64/jre/lib/amd64/libjawt.so
7ff3ef8a2000-7ff3ef8a3000 r--p 00000000 08:03 3934229                    /usr/lib/jvm/java-7-openjdk-amd64/jre/lib/amd64/libjawt.so
7ff3ef8a3000-7ff3ef8a4000 rw-p 00001000 08:03 3934229                    /usr/lib/jvm/java-7-openjdk-amd64/jre/lib/amd64/libjawt.so
7ff3ef8a4000-7ff3ef8a7000 ---p 00000000 00:00 0 
7ff3ef8a7000-7ff3ef9a5000 rw-p 00000000 00:00 0 
7ff3ef9a5000-7ff3ef9a8000 r-xp 00000000 08:03 12190599                   /lib/x86_64-linux-gnu/libgpg-error.so.0.8.0
7ff3ef9a8000-7ff3efba7000 ---p 00003000 08:03 12190599                   /lib/x86_64-linux-gnu/libgpg-error.so.0.8.0
7ff3efba7000-7ff3efba8000 rw-p 00002000 08:03 12190599                   /lib/x86_64-linux-gnu/libgpg-error.so.0.8.0
7ff3efba8000-7ff3efbec000 r-xp 00000000 08:03 12190580                   /lib/x86_64-linux-gnu/libdbus-1.so.3.7.2
7ff3efbec000-7ff3efdec000 ---p 00044000 08:03 12190580                   /lib/x86_64-linux-gnu/libdbus-1.so.3.7.2
7ff3efdec000-7ff3efded000 r--p 00044000 08:03 12190580                   /lib/x86_64-linux-gnu/libdbus-1.so.3.7.2
7ff3efded000-7ff3efdee000 rw-p 00045000 08:03 12190580                   /lib/x86_64-linux-gnu/libdbus-1.so.3.7.2
7ff3efdee000-7ff3efdff000 r-xp 00000000 08:03 4200305                    /usr/lib/x86_64-linux-gnu/libp11-kit.so.0.0.0
7ff3efdff000-7ff3efffe000 ---p 00011000 08:03 4200305                    /usr/lib/x86_64-linux-gnu/libp11-kit.so.0.0.0
7ff3efffe000-7ff3effff000 r--p 00010000 08:03 4200305                    /usr/lib/x86_64-linux-gnu/libp11-kit.so.0.0.0
7ff3effff000-7ff3f0000000 rw-p 00011000 08:03 4200305                    /usr/lib/x86_64-linux-gnu/libp11-kit.so.0.0.0
7ff3f0000000-7ff3f0021000 rw-p 00000000 00:00 0 
7ff3f0021000-7ff3f4000000 ---p 00000000 00:00 0 
7ff3f4039000-7ff3f40b6000 rw-p 00000000 00:00 0 
7ff3f40b6000-7ff3f40b9000 ---p 00000000 00:00 0 
7ff3f40b9000-7ff3f41b7000 rw-p 00000000 00:00 0 
7ff3f41b7000-7ff3f4231000 r-xp 00000000 08:03 12190595                   /lib/x86_64-linux-gnu/libgcrypt.so.11.7.0
7ff3f4231000-7ff3f4431000 ---p 0007a000 08:03 12190595                   /lib/x86_64-linux-gnu/libgcrypt.so.11.7.0
7ff3f4431000-7ff3f4432000 r--p 0007a000 08:03 12190595                   /lib/x86_64-linux-gnu/libgcrypt.so.11.7.0
7ff3f4432000-7ff3f4435000 rw-p 0007b000 08:03 12190595                   /lib/x86_64-linux-gnu/libgcrypt.so.11.7.0
7ff3f4435000-7ff3f4445000 r-xp 00000000 08:03 4200448                    /usr/lib/x86_64-linux-gnu/libtasn1.so.3.1.16
7ff3f4445000-7ff3f4644000 ---p 00010000 08:03 4200448                    /usr/lib/x86_64-linux-gnu/libtasn1.so.3.1.16
7ff3f4644000-7ff3f4645000 r--p 0000f000 08:03 4200448                    /usr/lib/x86_64-linux-gnu/libtasn1.so.3.1.16
7ff3f4645000-7ff3f4646000 rw-p 00010000 08:03 4200448                    /usr/lib/x86_64-linux-gnu/libtasn1.so.3.1.16
7ff3f4646000-7ff3f4649000 r-xp 00000000 08:03 12190610                   /lib/x86_64-linux-gnu/libkeyutils.so.1.4
7ff3f4649000-7ff3f4848000 ---p 00003000 08:03 12190610                   /lib/x86_64-linux-gnu/libkeyutils.so.1.4
7ff3f4848000-7ff3f4849000 r--p 00002000 08:03 12190610                   /lib/x86_64-linux-gnu/libkeyutils.so.1.4
7ff3f4849000-7ff3f484a000 rw-p 00003000 08:03 12190610                   /lib/x86_64-linux-gnu/libkeyutils.so.1.4
7ff3f484a000-7ff3f4852000 r-xp 00000000 08:03 4200208                    /usr/lib/x86_64-linux-gnu/libkrb5support.so.0.1
7ff3f4852000-7ff3f4a51000 ---p 00008000 08:03 4200208                    /usr/lib/x86_64-linux-gnu/libkrb5support.so.0.1
7ff3f4a51000-7ff3f4a52000 r--p 00007000 08:03 4200208                    /usr/lib/x86_64-linux-gnu/libkrb5support.so.0.1
7ff3f4a52000-7ff3f4a53000 rw-p 00008000 08:03 4200208                    /usr/lib/x86_64-linux-gnu/libkrb5support.so.0.1
7ff3f4a53000-7ff3f4a56000 r-xp 00000000 08:03 12190576                   /lib/x86_64-linux-gnu/libcom_err.so.2.1
7ff3f4a56000-7ff3f4c55000 ---p 00003000 08:03 12190576                   /lib/x86_64-linux-gnu/libcom_err.so.2.1
7ff3f4c55000-7ff3f4c56000 r--p 00002000 08:03 12190576                   /lib/x86_64-linux-gnu/libcom_err.so.2.1
7ff3f4c56000-7ff3f4c57000 rw-p 00003000 08:03 12190576                   /lib/x86_64-linux-gnu/libcom_err.so.2.1
7ff3f4c57000-7ff3f4c7d000 r-xp 00000000 08:03 4200198                    /usr/lib/x86_64-linux-gnu/libk5crypto.so.3.1
7ff3f4c7d000-7ff3f4e7d000 ---p 00026000 08:03 4200198                    /usr/lib/x86_64-linux-gnu/libk5crypto.so.3.1
7ff3f4e7d000-7ff3f4e7e000 r--p 00026000 08:03 4200198                    /usr/lib/x86_64-linux-gnu/libk5crypto.so.3.1
7ff3f4e7e000-7ff3f4e7f000 rw-p 00027000 08:03 4200198                    /usr/lib/x86_64-linux-gnu/libk5crypto.so.3.1
7ff3f4e7f000-7ff3f4e80000 rw-p 00000000 00:00 0 
7ff3f4e80000-7ff3f4f49000 r-xp 00000000 08:03 4200206                    /usr/lib/x86_64-linux-gnu/libkrb5.so.3.3
7ff3f4f49000-7ff3f5148000 ---p 000c9000 08:03 4200206                    /usr/lib/x86_64-linux-gnu/libkrb5.so.3.3
7ff3f5148000-7ff3f5152000 r--p 000c8000 08:03 4200206                    /usr/lib/x86_64-linux-gnu/libkrb5.so.3.3
7ff3f5152000-7ff3f5154000 rw-p 000d2000 08:03 4200206                    /usr/lib/x86_64-linux-gnu/libkrb5.so.3.3
7ff3f5154000-7ff3f5159000 r-xp 00000000 08:03 4199743                    /usr/lib/x86_64-linux-gnu/libXdmcp.so.6.0.0
7ff3f5159000-7ff3f5358000 ---p 00005000 08:03 4199743                    /usr/lib/x86_64-linux-gnu/libXdmcp.so.6.0.0
7ff3f5358000-7ff3f5359000 rw-p 00004000 08:03 4199743                    /usr/lib/x86_64-linux-gnu/libXdmcp.so.6.0.0
7ff3f5359000-7ff3f535b000 r-xp 00000000 08:03 4199732                    /usr/lib/x86_64-linux-gnu/libXau.so.6.0.0
7ff3f535b000-7ff3f555b000 ---p 00002000 08:03 4199732                    /usr/lib/x86_64-linux-gnu/libXau.so.6.0.0
7ff3f555b000-7ff3f555c000 rw-p 00002000 08:03 4199732                    /usr/lib/x86_64-linux-gnu/libXau.so.6.0.0
7ff3f555c000-7ff3f556c000 r-xp 00000000 08:03 4199807                    /usr/lib/x86_64-linux-gnu/libavahi-client.so.3.2.9
7ff3f556c000-7ff3f576b000 ---p 00010000 08:03 4199807                    /usr/lib/x86_64-linux-gnu/libavahi-client.so.3.2.9
7ff3f576b000-7ff3f576c000 r--p 0000f000 08:03 4199807                    /usr/lib/x86_64-linux-gnu/libavahi-client.so.3.2.9
7ff3f576c000-7ff3f576d000 rw-p 00010000 08:03 4199807                    /usr/lib/x86_64-linux-gnu/libavahi-client.so.3.2.9
7ff3f576d000-7ff3f5779000 r-xp 00000000 08:03 4199809                    /usr/lib/x86_64-linux-gnu/libavahi-common.so.3.5.3
7ff3f5779000-7ff3f5978000 ---p 0000c000 08:03 4199809                    /usr/lib/x86_64-linux-gnu/libavahi-common.so.3.5.3
7ff3f5978000-7ff3f5979000 r--p 0000b000 08:03 4199809                    /usr/lib/x86_64-linux-gnu/libavahi-common.so.3.5.3
7ff3f5979000-7ff3f597a000 rw-p 0000c000 08:03 4199809                    /usr/lib/x86_64-linux-gnu/libavahi-common.so.3.5.3
7ff3f597a000-7ff3f5a33000 r-xp 00000000 08:03 4200060                    /usr/lib/x86_64-linux-gnu/libgnutls.so.26.22.4
7ff3f5a33000-7ff3f5c32000 ---p 000b9000 08:03 4200060                    /usr/lib/x86_64-linux-gnu/libgnutls.so.26.22.4
7ff3f5c32000-7ff3f5c38000 r--p 000b8000 08:03 4200060                    /usr/lib/x86_64-linux-gnu/libgnutls.so.26.22.4
7ff3f5c38000-7ff3f5c3a000 rw-p 000be000 08:03 4200060                    /usr/lib/x86_64-linux-gnu/libgnutls.so.26.22.4
7ff3f5c3a000-7ff3f5c76000 r-xp 00000000 08:03 4200085                    /usr/lib/x86_64-linux-gnu/libgssapi_krb5.so.2.2
7ff3f5c76000-7ff3f5e76000 ---p 0003c000 08:03 4200085                    /usr/lib/x86_64-linux-gnu/libgssapi_krb5.so.2.2
7ff3f5e76000-7ff3f5e77000 r--p 0003c000 08:03 4200085                    /usr/lib/x86_64-linux-gnu/libgssapi_krb5.so.2.2
7ff3f5e77000-7ff3f5e79000 rw-p 0003d000 08:03 4200085                    /usr/lib/x86_64-linux-gnu/libgssapi_krb5.so.2.2
7ff3f5e79000-7ff3f5eb5000 r-xp 00000000 08:03 12190663                   /lib/x86_64-linux-gnu/libpcre.so.3.13.1
7ff3f5eb5000-7ff3f60b5000 ---p 0003c000 08:03 12190663                   /lib/x86_64-linux-gnu/libpcre.so.3.13.1
7ff3f60b5000-7ff3f60b6000 rw-p 0003c000 08:03 12190663                   /lib/x86_64-linux-gnu/libpcre.so.3.13.1
7ff3f60b6000-7ff3f60c2000 r-xp 00000000 08:03 4199961                    /usr/lib/x86_64-linux-gnu/libffi.so.5.0.10
7ff3f60c2000-7ff3f62c2000 ---p 0000c000 08:03 4199961                    /usr/lib/x86_64-linux-gnu/libffi.so.5.0.10
7ff3f62c2000-7ff3f62c3000 rw-p 0000c000 08:03 4199961                    /usr/lib/x86_64-linux-gnu/libffi.so.5.0.10
7ff3f62c3000-7ff3f62ea000 r-xp 00000000 08:03 12190588                   /lib/x86_64-linux-gnu/libexpat.so.1.6.0
7ff3f62ea000-7ff3f64ea000 ---p 00027000 08:03 12190588                   /lib/x86_64-linux-gnu/libexpat.so.1.6.0
7ff3f64ea000-7ff3f64ec000 r--p 00027000 08:03 12190588                   /lib/x86_64-linux-gnu/libexpat.so.1.6.0
7ff3f64ec000-7ff3f64ed000 rw-p 00029000 08:03 12190588                   /lib/x86_64-linux-gnu/libexpat.so.1.6.0
7ff3f64ed000-7ff3f64f5000 r-xp 00000000 08:03 4200521                    /usr/lib/x86_64-linux-gnu/libxcb-render.so.0.0.0
7ff3f64f5000-7ff3f66f5000 ---p 00008000 08:03 4200521                    /usr/lib/x86_64-linux-gnu/libxcb-render.so.0.0.0
7ff3f66f5000-7ff3f66f6000 r--p 00008000 08:03 4200521                    /usr/lib/x86_64-linux-gnu/libxcb-render.so.0.0.0
7ff3f66f6000-7ff3f66f7000 rw-p 00009000 08:03 4200521                    /usr/lib/x86_64-linux-gnu/libxcb-render.so.0.0.0
7ff3f66f7000-7ff3f66f9000 r-xp 00000000 08:03 4200525                    /usr/lib/x86_64-linux-gnu/libxcb-shm.so.0.0.0
7ff3f66f9000-7ff3f68f8000 ---p 00002000 08:03 4200525                    /usr/lib/x86_64-linux-gnu/libxcb-shm.so.0.0.0
7ff3f68f8000-7ff3f68f9000 r--p 00001000 08:03 4200525                    /usr/lib/x86_64-linux-gnu/libxcb-shm.so.0.0.0
7ff3f68f9000-7ff3f68fa000 rw-p 00002000 08:03 4200525                    /usr/lib/x86_64-linux-gnu/libxcb-shm.so.0.0.0
7ff3f68fa000-7ff3f697a000 r-xp 00000000 08:03 4200335                    /usr/lib/x86_64-linux-gnu/libpixman-1.so.0.26.0
7ff3f697a000-7ff3f6b7a000 ---p 00080000 08:03 4200335                    /usr/lib/x86_64-linux-gnu/libpixman-1.so.0.26.0
7ff3f6b7a000-7ff3f6b80000 rw-p 00080000 08:03 4200335                    /usr/lib/x86_64-linux-gnu/libpixman-1.so.0.26.0
7ff3f6b80000-7ff3f6ba6000 r-xp 00000000 08:03 12190665                   /lib/x86_64-linux-gnu/libpng12.so.0.49.0
7ff3f6ba6000-7ff3f6da5000 ---p 00026000 08:03 12190665                   /lib/x86_64-linux-gnu/libpng12.so.0.49.0
7ff3f6da5000-7ff3f6da6000 r--p 00025000 08:03 12190665                   /lib/x86_64-linux-gnu/libpng12.so.0.49.0
7ff3f6da6000-7ff3f6da7000 rw-p 00026000 08:03 12190665                   /lib/x86_64-linux-gnu/libpng12.so.0.49.0
7ff3f6da7000-7ff3f6dbb000 r-xp 00000000 08:03 12192206                   /lib/x86_64-linux-gnu/libresolv-2.19.so
7ff3f6dbb000-7ff3f6fba000 ---p 00014000 08:03 12192206                   /lib/x86_64-linux-gnu/libresolv-2.19.so
7ff3f6fba000-7ff3f6fbb000 r--p 00013000 08:03 12192206                   /lib/x86_64-linux-gnu/libresolv-2.19.so
7ff3f6fbb000-7ff3f6fbc000 rw-p 00014000 08:03 12192206                   /lib/x86_64-linux-gnu/libresolv-2.19.so
7ff3f6fbc000-7ff3f6fbe000 rw-p 00000000 00:00 0 
7ff3f6fbe000-7ff3f6fdc000 r-xp 00000000 08:03 12190680                   /lib/x86_64-linux-gnu/libselinux.so.1
7ff3f6fdc000-7ff3f71db000 ---p 0001e000 08:03 12190680                   /lib/x86_64-linux-gnu/libselinux.so.1
7ff3f71db000-7ff3f71dc000 r--p 0001d000 08:03 12190680                   /lib/x86_64-linux-gnu/libselinux.so.1
7ff3f71dc000-7ff3f71dd000 rw-p 0001e000 08:03 12190680                   /lib/x86_64-linux-gnu/libselinux.so.1
7ff3f71dd000-7ff3f71de000 rw-p 00000000 00:00 0 
7ff3f71de000-7ff3f71e1000 r-xp 00000000 08:03 4200052                    /usr/lib/x86_64-linux-gnu/libgmodule-2.0.so.0.3200.4
7ff3f71e1000-7ff3f73e0000 ---p 00003000 08:03 4200052                    /usr/lib/x86_64-linux-gnu/libgmodule-2.0.so.0.3200.4
7ff3f73e0000-7ff3f73e1000 r--p 00002000 08:03 4200052                    /usr/lib/x86_64-linux-gnu/libgmodule-2.0.so.0.3200.4
7ff3f73e1000-7ff3f73e2000 rw-p 00003000 08:03 4200052                    /usr/lib/x86_64-linux-gnu/libgmodule-2.0.so.0.3200.4
7ff3f73e2000-7ff3f73ec000 r-xp 00000000 08:03 4199739                    /usr/lib/x86_64-linux-gnu/libXcursor.so.1.0.2
7ff3f73ec000-7ff3f75eb000 ---p 0000a000 08:03 4199739                    /usr/lib/x86_64-linux-gnu/libXcursor.so.1.0.2
7ff3f75eb000-7ff3f75ec000 rw-p 00009000 08:03 4199739                    /usr/lib/x86_64-linux-gnu/libXcursor.so.1.0.2
7ff3f75ec000-7ff3f75f3000 r-xp 00000000 08:03 4199761                    /usr/lib/x86_64-linux-gnu/libXrandr.so.2.2.0
7ff3f75f3000-7ff3f77f3000 ---p 00007000 08:03 4199761                    /usr/lib/x86_64-linux-gnu/libXrandr.so.2.2.0
7ff3f77f3000-7ff3f77f4000 rw-p 00007000 08:03 4199761                    /usr/lib/x86_64-linux-gnu/libXrandr.so.2.2.0
7ff3f77f4000-7ff3f77f6000 r-xp 00000000 08:03 4199753                    /usr/lib/x86_64-linux-gnu/libXinerama.so.1.0.0
7ff3f77f6000-7ff3f79f5000 ---p 00002000 08:03 4199753                    /usr/lib/x86_64-linux-gnu/libXinerama.so.1.0.0
7ff3f79f5000-7ff3f79f6000 rw-p 00001000 08:03 4199753                    /usr/lib/x86_64-linux-gnu/libXinerama.so.1.0.0
7ff3f79f6000-7ff3f79fb000 r-xp 00000000 08:03 4199747                    /usr/lib/x86_64-linux-gnu/libXfixes.so.3.1.0
7ff3f79fb000-7ff3f7bfa000 ---p 00005000 08:03 4199747                    /usr/lib/x86_64-linux-gnu/libXfixes.so.3.1.0
7ff3f7bfa000-7ff3f7bfb000 r--p 00004000 08:03 4199747                    /usr/lib/x86_64-linux-gnu/libXfixes.so.3.1.0
7ff3f7bfb000-7ff3f7bfc000 rw-p 00005000 08:03 4199747                    /usr/lib/x86_64-linux-gnu/libXfixes.so.3.1.0
7ff3f7bfc000-7ff3f7bfe000 r-xp 00000000 08:03 4199741                    /usr/lib/x86_64-linux-gnu/libXdamage.so.1.1.0
7ff3f7bfe000-7ff3f7dfd000 ---p 00002000 08:03 4199741                    /usr/lib/x86_64-linux-gnu/libXdamage.so.1.1.0
7ff3f7dfd000-7ff3f7dfe000 rw-p 00001000 08:03 4199741                    /usr/lib/x86_64-linux-gnu/libXdamage.so.1.1.0
7ff3f7dfe000-7ff3f7e00000 r-xp 00000000 08:03 4199737                    /usr/lib/x86_64-linux-gnu/libXcomposite.so.1.0.0
7ff3f7e00000-7ff3f7fff000 ---p 00002000 08:03 4199737                    /usr/lib/x86_64-linux-gnu/libXcomposite.so.1.0.0
7ff3f7fff000-7ff3f8000000 rw-p 00001000 08:03 4199737                    /usr/lib/x86_64-linux-gnu/libXcomposite.so.1.0.0
7ff3f8000000-7ff3f8021000 rw-p 00000000 00:00 0 
7ff3f8021000-7ff3fc000000 ---p 00000000 00:00 0 
7ff3fc026000-7ff3fc031000 r--s 00203000 08:03 3934232                    /usr/lib/jvm/java-7-openjdk-amd64/jre/lib/charsets.jar
7ff3fc031000-7ff3fc034000 ---p 00000000 00:00 0 
7ff3fc034000-7ff3fc06a000 rw-p 00000000 00:00 0 
7ff3fc06a000-7ff3fc089000 r-xp 00000000 08:03 4200529                    /usr/lib/x86_64-linux-gnu/libxcb.so.1.1.0
7ff3fc089000-7ff3fc288000 ---p 0001f000 08:03 4200529                    /usr/lib/x86_64-linux-gnu/libxcb.so.1.1.0
7ff3fc288000-7ff3fc289000 r--p 0001e000 08:03 4200529                    /usr/lib/x86_64-linux-gnu/libxcb.so.1.1.0
7ff3fc289000-7ff3fc28a000 rw-p 0001f000 08:03 4200529                    /usr/lib/x86_64-linux-gnu/libxcb.so.1.1.0
7ff3fc28a000-7ff3fc2dd000 r-xp 00000000 08:03 4199889                    /usr/lib/x86_64-linux-gnu/libcups.so.2
7ff3fc2dd000-7ff3fc4dc000 ---p 00053000 08:03 4199889                    /usr/lib/x86_64-linux-gnu/libcups.so.2
7ff3fc4dc000-7ff3fc4e1000 r--p 00052000 08:03 4199889                    /usr/lib/x86_64-linux-gnu/libcups.so.2
7ff3fc4e1000-7ff3fc4e2000 rw-p 00057000 08:03 4199889                    /usr/lib/x86_64-linux-gnu/libcups.so.2
7ff3fc4e2000-7ff3fc5d7000 r-xp 00000000 08:03 12190597                   /lib/x86_64-linux-gnu/libglib-2.0.so.0.3200.4
7ff3fc5d7000-7ff3fc7d7000 ---p 000f5000 08:03 12190597                   /lib/x86_64-linux-gnu/libglib-2.0.so.0.3200.4
7ff3fc7d7000-7ff3fc7d8000 r--p 000f5000 08:03 12190597                   /lib/x86_64-linux-gnu/libglib-2.0.so.0.3200.4
7ff3fc7d8000-7ff3fc7d9000 rw-p 000f6000 08:03 12190597                   /lib/x86_64-linux-gnu/libglib-2.0.so.0.3200.4
7ff3fc7d9000-7ff3fc7da000 rw-p 00000000 00:00 0 
7ff3fc7da000-7ff3fc7db000 r-xp 00000000 08:03 4200137                    /usr/lib/x86_64-linux-gnu/libgthread-2.0.so.0.3200.4
7ff3fc7db000-7ff3fc9da000 ---p 00001000 08:03 4200137                    /usr/lib/x86_64-linux-gnu/libgthread-2.0.so.0.3200.4
7ff3fc9da000-7ff3fc9db000 r--p 00000000 08:03 4200137                    /usr/lib/x86_64-linux-gnu/libgthread-2.0.so.0.3200.4
7ff3fc9db000-7ff3fc9dc000 rw-p 00001000 08:03 4200137                    /usr/lib/x86_64-linux-gnu/libgthread-2.0.so.0.3200.4
7ff3fc9dc000-7ff3fca2a000 r-xp 00000000 08:03 4200068                    /usr/lib/x86_64-linux-gnu/libgobject-2.0.so.0.3200.4
7ff3fca2a000-7ff3fcc2a000 ---p 0004e000 08:03 4200068                    /usr/lib/x86_64-linux-gnu/libgobject-2.0.so.0.3200.4
7ff3fcc2a000-7ff3fcc2b000 r--p 0004e000 08:03 4200068                    /usr/lib/x86_64-linux-gnu/libgobject-2.0.so.0.3200.4
7ff3fcc2b000-7ff3fcc2c000 rw-p 0004f000 08:03 4200068                    /usr/lib/x86_64-linux-gnu/libgobject-2.0.so.0.3200.4
7ff3fcc2c000-7ff3fcc61000 r-xp 00000000 08:03 4199999                    /usr/lib/x86_64-linux-gnu/libfontconfig.so.1.5.0
7ff3fcc61000-7ff3fce61000 ---p 00035000 08:03 4199999                    /usr/lib/x86_64-linux-gnu/libfontconfig.so.1.5.0
7ff3fce61000-7ff3fce62000 r--p 00035000 08:03 4199999                    /usr/lib/x86_64-linux-gnu/libfontconfig.so.1.5.0
7ff3fce62000-7ff3fce63000 rw-p 00036000 08:03 4199999                    /usr/lib/x86_64-linux-gnu/libfontconfig.so.1.5.0
7ff3fce63000-7ff3fcefc000 r-xp 00000000 08:03 4200007                    /usr/lib/x86_64-linux-gnu/libfreetype.so.6.8.1
7ff3fcefc000-7ff3fd0fb000 ---p 00099000 08:03 4200007                    /usr/lib/x86_64-linux-gnu/libfreetype.so.6.8.1
7ff3fd0fb000-7ff3fd101000 r--p 00098000 08:03 4200007                    /usr/lib/x86_64-linux-gnu/libfreetype.so.6.8.1
7ff3fd101000-7ff3fd102000 rw-p 0009e000 08:03 4200007                    /usr/lib/x86_64-linux-gnu/libfreetype.so.6.8.1
7ff3fd102000-7ff3fd14c000 r-xp 00000000 08:03 4200313                    /usr/lib/x86_64-linux-gnu/libpango-1.0.so.0.3000.0
7ff3fd14c000-7ff3fd34c000 ---p 0004a000 08:03 4200313                    /usr/lib/x86_64-linux-gnu/libpango-1.0.so.0.3000.0
7ff3fd34c000-7ff3fd34e000 r--p 0004a000 08:03 4200313                    /usr/lib/x86_64-linux-gnu/libpango-1.0.so.0.3000.0
7ff3fd34e000-7ff3fd34f000 rw-p 0004c000 08:03 4200313                    /usr/lib/x86_64-linux-gnu/libpango-1.0.so.0.3000.0
7ff3fd34f000-7ff3fd443000 r-xp 00000000 08:03 4199843                    /usr/lib/x86_64-linux-gnu/libcairo.so.2.11200.2
7ff3fd443000-7ff3fd642000 ---p 000f4000 08:03 4199843                    /usr/lib/x86_64-linux-gnu/libcairo.so.2.11200.2
7ff3fd642000-7ff3fd645000 r--p 000f3000 08:03 4199843                    /usr/lib/x86_64-linux-gnu/libcairo.so.2.11200.2
7ff3fd645000-7ff3fd646000 rw-p 000f6000 08:03 4199843                    /usr/lib/x86_64-linux-gnu/libcairo.so.2.11200.2
7ff3fd646000-7ff3fd648000 rw-p 00000000 00:00 0 
7ff3fd648000-7ff3fd667000 r-xp 00000000 08:03 4200030                    /usr/lib/x86_64-linux-gnu/libgdk_pixbuf-2.0.so.0.2600.1
7ff3fd667000-7ff3fd866000 ---p 0001f000 08:03 4200030                    /usr/lib/x86_64-linux-gnu/libgdk_pixbuf-2.0.so.0.2600.1
7ff3fd866000-7ff3fd867000 r--p 0001e000 08:03 4200030                    /usr/lib/x86_64-linux-gnu/libgdk_pixbuf-2.0.so.0.2600.1
7ff3fd867000-7ff3fd868000 rw-p 0001f000 08:03 4200030                    /usr/lib/x86_64-linux-gnu/libgdk_pixbuf-2.0.so.0.2600.1
7ff3fd868000-7ff3fd874000 r-xp 00000000 08:03 4200315                    /usr/lib/x86_64-linux-gnu/libpangocairo-1.0.so.0.3000.0
7ff3fd874000-7ff3fda73000 ---p 0000c000 08:03 4200315                    /usr/lib/x86_64-linux-gnu/libpangocairo-1.0.so.0.3000.0
7ff3fda73000-7ff3fda74000 r--p 0000b000 08:03 4200315                    /usr/lib/x86_64-linux-gnu/libpangocairo-1.0.so.0.3000.0
7ff3fda74000-7ff3fda75000 rw-p 0000c000 08:03 4200315                    /usr/lib/x86_64-linux-gnu/libpangocairo-1.0.so.0.3000.0
7ff3fda75000-7ff3fda9f000 r-xp 00000000 08:03 4200317                    /usr/lib/x86_64-linux-gnu/libpangoft2-1.0.so.0.3000.0
7ff3fda9f000-7ff3fdc9e000 ---p 0002a000 08:03 4200317                    /usr/lib/x86_64-linux-gnu/libpangoft2-1.0.so.0.3000.0
7ff3fdc9e000-7ff3fdc9f000 r--p 00029000 08:03 4200317                    /usr/lib/x86_64-linux-gnu/libpangoft2-1.0.so.0.3000.0
7ff3fdc9f000-7ff3fdca0000 rw-p 0002a000 08:03 4200317                    /usr/lib/x86_64-linux-gnu/libpangoft2-1.0.so.0.3000.0
7ff3fdca0000-7ff3fddec000 r-xp 00000000 08:03 4200042                    /usr/lib/x86_64-linux-gnu/libgio-2.0.so.0.3200.4
7ff3fddec000-7ff3fdfeb000 ---p 0014c000 08:03 4200042                    /usr/lib/x86_64-linux-gnu/libgio-2.0.so.0.3200.4
7ff3fdfeb000-7ff3fdfef000 r--p 0014b000 08:03 4200042                    /usr/lib/x86_64-linux-gnu/libgio-2.0.so.0.3200.4
7ff3fdfef000-7ff3fdff1000 rw-p 0014f000 08:03 4200042                    /usr/lib/x86_64-linux-gnu/libgio-2.0.so.0.3200.4
7ff3fdff1000-7ff3fdff3000 rw-p 00000000 00:00 0 
7ff3fdff3000-7ff3fe014000 r-xp 00000000 08:03 4199799                    /usr/lib/x86_64-linux-gnu/libatk-1.0.so.0.20409.1
7ff3fe014000-7ff3fe213000 ---p 00021000 08:03 4199799                    /usr/lib/x86_64-linux-gnu/libatk-1.0.so.0.20409.1
7ff3fe213000-7ff3fe215000 r--p 00020000 08:03 4199799                    /usr/lib/x86_64-linux-gnu/libatk-1.0.so.0.20409.1
7ff3fe215000-7ff3fe216000 rw-p 00022000 08:03 4199799                    /usr/lib/x86_64-linux-gnu/libatk-1.0.so.0.20409.1
7ff3fe216000-7ff3fe2c5000 r-xp 00000000 08:03 4200028                    /usr/lib/x86_64-linux-gnu/libgdk-x11-2.0.so.0.2400.10
7ff3fe2c5000-7ff3fe4c4000 ---p 000af000 08:03 4200028                    /usr/lib/x86_64-linux-gnu/libgdk-x11-2.0.so.0.2400.10
7ff3fe4c4000-7ff3fe4c9000 rw-p 000ae000 08:03 4200028                    /usr/lib/x86_64-linux-gnu/libgdk-x11-2.0.so.0.2400.10
7ff3fe4c9000-7ff3fe8fb000 r-xp 00000000 08:03 4200141                    /usr/lib/x86_64-linux-gnu/libgtk-x11-2.0.so.0.2400.10
7ff3fe8fb000-7ff3feafb000 ---p 00432000 08:03 4200141                    /usr/lib/x86_64-linux-gnu/libgtk-x11-2.0.so.0.2400.10
7ff3feafb000-7ff3feb06000 rw-p 00432000 08:03 4200141                    /usr/lib/x86_64-linux-gnu/libgtk-x11-2.0.so.0.2400.10
7ff3feb06000-7ff3feb08000 rw-p 00000000 00:00 0 
7ff3feb08000-7ff3feb16000 r-xp 00000000 08:03 4199751                    /usr/lib/x86_64-linux-gnu/libXi.so.6.1.0
7ff3feb16000-7ff3fed16000 ---p 0000e000 08:03 4199751                    /usr/lib/x86_64-linux-gnu/libXi.so.6.1.0
7ff3fed16000-7ff3fed17000 rw-p 0000e000 08:03 4199751                    /usr/lib/x86_64-linux-gnu/libXi.so.6.1.0
7ff3fed17000-7ff3fed1c000 r-xp 00000000 08:03 4199769                    /usr/lib/x86_64-linux-gnu/libXtst.so.6.1.0
7ff3fed1c000-7ff3fef1b000 ---p 00005000 08:03 4199769                    /usr/lib/x86_64-linux-gnu/libXtst.so.6.1.0
7ff3fef1b000-7ff3fef1c000 rw-p 00004000 08:03 4199769                    /usr/lib/x86_64-linux-gnu/libXtst.so.6.1.0
7ff3fef1c000-7ff3fef25000 r-xp 00000000 08:03 4199763                    /usr/lib/x86_64-linux-gnu/libXrender.so.1.3.0
7ff3fef25000-7ff3ff124000 ---p 00009000 08:03 4199763                    /usr/lib/x86_64-linux-gnu/libXrender.so.1.3.0
7ff3ff124000-7ff3ff125000 rw-p 00008000 08:03 4199763                    /usr/lib/x86_64-linux-gnu/libXrender.so.1.3.0
7ff3ff125000-7ff3ff25a000 r-xp 00000000 08:03 4199728                    /usr/lib/x86_64-linux-gnu/libX11.so.6.3.0
7ff3ff25a000-7ff3ff45a000 ---p 00135000 08:03 4199728                    /usr/lib/x86_64-linux-gnu/libX11.so.6.3.0
7ff3ff45a000-7ff3ff460000 rw-p 00135000 08:03 4199728                    /usr/lib/x86_64-linux-gnu/libX11.so.6.3.0
7ff3ff460000-7ff3ff471000 r-xp 00000000 08:03 4199745                    /usr/lib/x86_64-linux-gnu/libXext.so.6.4.0
7ff3ff471000-7ff3ff671000 ---p 00011000 08:03 4199745                    /usr/lib/x86_64-linux-gnu/libXext.so.6.4.0
7ff3ff671000-7ff3ff672000 rw-p 00011000 08:03 4199745                    /usr/lib/x86_64-linux-gnu/libXext.so.6.4.0
7ff3ff672000-7ff3ff673000 rw-s 00005000 00:05 7289                       /dev/ati/card0
7ff3ff673000-7ff3ff683000 rw-s e0200000 00:05 7289                       /dev/ati/card0
7ff3ff683000-7ff3ff68a000 r--s 00000000 08:03 4206154                    /usr/lib/x86_64-linux-gnu/gconv/gconv-modules.cache
7ff3ff68a000-7ff3ff693000 r--s 000b9000 08:03 3934170                    /usr/lib/jvm/java-7-openjdk-amd64/jre/lib/resources.jar
7ff3ff693000-7ff3ff6e6000 r-xp 00000000 08:03 3934319                    /usr/lib/jvm/java-7-openjdk-amd64/jre/lib/amd64/xawt/libmawt.so
7ff3ff6e6000-7ff3ff8e5000 ---p 00053000 08:03 3934319                    /usr/lib/jvm/java-7-openjdk-amd64/jre/lib/amd64/xawt/libmawt.so
7ff3ff8e5000-7ff3ff8e6000 r--p 00052000 08:03 3934319                    /usr/lib/jvm/java-7-openjdk-amd64/jre/lib/amd64/xawt/libmawt.so
7ff3ff8e6000-7ff3ff8e9000 rw-p 00053000 08:03 3934319                    /usr/lib/jvm/java-7-openjdk-amd64/jre/lib/amd64/xawt/libmawt.so
7ff3ff8e9000-7ff3ff8ea000 rw-p 00000000 00:00 0 
7ff3ff8ea000-7ff3ff98b000 r-xp 00000000 08:03 3934218                    /usr/lib/jvm/java-7-openjdk-amd64/jre/lib/amd64/libawt.so
7ff3ff98b000-7ff3ffb8a000 ---p 000a1000 08:03 3934218                    /usr/lib/jvm/java-7-openjdk-amd64/jre/lib/amd64/libawt.so
7ff3ffb8a000-7ff3ffb8b000 r--p 000a0000 08:03 3934218                    /usr/lib/jvm/java-7-openjdk-amd64/jre/lib/amd64/libawt.so
7ff3ffb8b000-7ff3ffb96000 rw-p 000a1000 08:03 3934218                    /usr/lib/jvm/java-7-openjdk-amd64/jre/lib/amd64/libawt.so
7ff3ffb96000-7ff3ffbbb000 rw-p 00000000 00:00 0 
7ff3ffbbb000-7ff3ffbc0000 r--s 0004c000 08:03 3934152                    /usr/lib/jvm/java-7-openjdk-amd64/jre/lib/jsse.jar
7ff3ffbc0000-7ff3ffbfd000 r-xp 00000000 08:03 10486182                   /tmp/libgdxchobe/5502b6ed/libgdx64.so
7ff3ffbfd000-7ff3ffdfc000 ---p 0003d000 08:03 10486182                   /tmp/libgdxchobe/5502b6ed/libgdx64.so
7ff3ffdfc000-7ff3ffdfd000 r--p 0003c000 08:03 10486182                   /tmp/libgdxchobe/5502b6ed/libgdx64.so
7ff3ffdfd000-7ff3ffdfe000 rw-p 0003d000 08:03 10486182                   /tmp/libgdxchobe/5502b6ed/libgdx64.so
7ff3ffdfe000-7ff3ffdff000 ---p 00000000 00:00 0 
7ff3ffdff000-7ff3ffeff000 rw-p 00000000 00:00 0 
7ff3ffeff000-7ff3fff02000 ---p 00000000 00:00 0 
7ff3fff02000-7ff400000000 rw-p 00000000 00:00 0 
7ff400000000-7ff400354000 rw-p 00000000 00:00 0 
7ff400354000-7ff404000000 ---p 00000000 00:00 0 
7ff404000000-7ff405a98000 rw-p 00000000 00:00 0 
7ff405a98000-7ff408000000 ---p 00000000 00:00 0 
7ff408000000-7ff408021000 rw-p 00000000 00:00 0 
7ff408021000-7ff40c000000 ---p 00000000 00:00 0 
7ff40c000000-7ff40c021000 rw-p 00000000 00:00 0 
7ff40c021000-7ff410000000 ---p 00000000 00:00 0 
7ff410000000-7ff410021000 rw-p 00000000 00:00 0 
7ff410021000-7ff414000000 ---p 00000000 00:00 0 
7ff414000000-7ff414021000 rw-p 00000000 00:00 0 
7ff414021000-7ff418000000 ---p 00000000 00:00 0 
7ff418000000-7ff418021000 rw-p 00000000 00:00 0 
7ff418021000-7ff41c000000 ---p 00000000 00:00 0 
7ff41c000000-7ff41c002000 rw-s 00002000 00:05 7289                       /dev/ati/card0
7ff41c002000-7ff41c003000 r--s 00002000 08:03 10488693                   /home/chobe/.gradle/caches/modules-2/files-2.1/net.java.jinput/jinput-platform/2.0.5/53f9c919f34d2ca9de8c51fc4e1e8282029a9232/jinput-platform-2.0.5-natives-osx.jar
7ff41c003000-7ff41c004000 r--s 00025000 08:03 10488692                   /home/chobe/.gradle/caches/modules-2/files-2.1/net.java.jinput/jinput-platform/2.0.5/385ee093e01f587f30ee1c8a2ee7d408fd732e16/jinput-platform-2.0.5-natives-windows.jar
7ff41c004000-7ff41c005000 r--s 00002000 08:03 10488691                   /home/chobe/.gradle/caches/modules-2/files-2.1/net.java.jinput/jinput-platform/2.0.5/7ff832a6eb9ab6a767f1ade2b548092d0fa64795/jinput-platform-2.0.5-natives-linux.jar
7ff41c005000-7ff41c006000 r--s 00001000 08:03 10488690                   /home/chobe/.gradle/caches/modules-2/files-2.1/net.java.jutils/jutils/1.0.0/e12fe1fda814bd348c1579329c86943d2cd3c6a6/jutils-1.0.0.jar
7ff41c006000-7ff41c00a000 r--s 0002f000 08:03 10488689                   /home/chobe/.gradle/caches/modules-2/files-2.1/net.java.jinput/jinput/2.0.5/39c7796b469a600f72380316f6b1f11db6c2c7c4/jinput-2.0.5.jar
7ff41c00a000-7ff41c00d000 ---p 00000000 00:00 0 
7ff41c00d000-7ff41c10b000 rw-p 00000000 00:00 0 
7ff41c10b000-7ff41c10e000 ---p 00000000 00:00 0 
7ff41c10e000-7ff41c20c000 rw-p 00000000 00:00 0 
7ff41c20c000-7ff41c20f000 ---p 00000000 00:00 0 
7ff41c20f000-7ff41c30d000 rw-p 00000000 00:00 0 
7ff41c30d000-7ff41c496000 r--p 00000000 08:03 4067802                    /usr/lib/locale/locale-archive
7ff41c496000-7ff41c499000 ---p 00000000 00:00 0 
7ff41c499000-7ff41c597000 rw-p 00000000 00:00 0 
7ff41c597000-7ff41c59a000 ---p 00000000 00:00 0 
7ff41c59a000-7ff41c698000 rw-p 00000000 00:00 0 
7ff41c698000-7ff41c699000 ---p 00000000 00:00 0 
7ff41c699000-7ff41d796000 rw-p 00000000 00:00 0 
7ff41d796000-7ff41d944000 r--s 01cfc000 08:03 3934153                    /usr/lib/jvm/java-7-openjdk-amd64/jre/lib/rt.jar
7ff41d944000-7ff420000000 rw-p 00000000 00:00 0 
7ff420000000-7ff420021000 rw-p 00000000 00:00 0 
7ff420021000-7ff424000000 ---p 00000000 00:00 0 
7ff424000000-7ff424021000 rw-p 00000000 00:00 0 
7ff424021000-7ff428000000 ---p 00000000 00:00 0 
7ff428000000-7ff428021000 rw-p 00000000 00:00 0 
7ff428021000-7ff42c000000 ---p 00000000 00:00 0 
7ff42c000000-7ff42c001000 r--s 00080000 08:03 10488688                   /home/chobe/.gradle/caches/modules-2/files-2.1/org.lwjgl.lwjgl/lwjgl-platform/2.9.1/2d12c83fdfbc04ecabf02c7bc8cc54d034f0daac/lwjgl-platform-2.9.1-natives-osx.jar
7ff42c001000-7ff42c002000 r--s 0008b000 08:03 10488687                   /home/chobe/.gradle/caches/modules-2/files-2.1/org.lwjgl.lwjgl/lwjgl-platform/2.9.1/aa9aae879af8eb378e22cfc64db56ec2ca9a44d1/lwjgl-platform-2.9.1-natives-linux.jar
7ff42c002000-7ff42c003000 r--s 00095000 08:03 10488686                   /home/chobe/.gradle/caches/modules-2/files-2.1/org.lwjgl.lwjgl/lwjgl-platform/2.9.1/4c517eca808522457dd95ee8fc1fbcdbb602efbe/lwjgl-platform-2.9.1-natives-windows.jar
7ff42c003000-7ff42c005000 r--s 00017000 08:03 10488685                   /home/chobe/.gradle/caches/modules-2/files-2.1/org.jcraft/jorbis/0.0.17/8872d22b293e8f5d7d56ff92be966e6dc28ebdc6/jorbis-0.0.17.jar
7ff42c005000-7ff42c01a000 r--s 00153000 08:03 10488660                   /home/chobe/.gradle/caches/modules-2/files-2.1/com.badlogicgames.gdx/gdx/1.1.0/686f5a609c717eb0769d3b954c501a49bf4fe351/gdx-1.1.0.jar
7ff42c01a000-7ff42c042000 rw-p 00000000 00:00 0 
7ff42c042000-7ff42c043000 ---p 00000000 00:00 0 
7ff42c043000-7ff42c143000 rw-p 00000000 00:00 0 
7ff42c143000-7ff42c144000 ---p 00000000 00:00 0 
7ff42c144000-7ff42c244000 rw-p 00000000 00:00 0 
7ff42c244000-7ff42c245000 ---p 00000000 00:00 0 
7ff42c245000-7ff42c345000 rw-p 00000000 00:00 0 
7ff42c345000-7ff42c346000 ---p 00000000 00:00 0 
7ff42c346000-7ff42c45b000 rw-p 00000000 00:00 0 
7ff42c45b000-7ff42c58c000 rw-p 00000000 00:00 0 
7ff42c58c000-7ff42c597000 rw-p 00000000 00:00 0 
7ff42c597000-7ff42c5df000 rw-p 00000000 00:00 0 
7ff42c5df000-7ff42c5f4000 rw-p 00000000 00:00 0 
7ff42c5f4000-7ff42c724000 rw-p 00000000 00:00 0 
7ff42c724000-7ff42c72f000 rw-p 00000000 00:00 0 
7ff42c72f000-7ff42c7c7000 rw-p 00000000 00:00 0 
7ff42c7c7000-7ff42c7c8000 rw-p 00000000 00:00 0 
7ff42c7c8000-7ff42ca38000 rwxp 00000000 00:00 0 
7ff42ca38000-7ff42f7c8000 rw-p 00000000 00:00 0 
7ff42f7c8000-7ff42f7d0000 r-xp 00000000 08:03 3934210                    /usr/lib/jvm/java-7-openjdk-amd64/jre/lib/amd64/libzip.so
7ff42f7d0000-7ff42f9cf000 ---p 00008000 08:03 3934210                    /usr/lib/jvm/java-7-openjdk-amd64/jre/lib/amd64/libzip.so
7ff42f9cf000-7ff42f9d0000 r--p 00007000 08:03 3934210                    /usr/lib/jvm/java-7-openjdk-amd64/jre/lib/amd64/libzip.so
7ff42f9d0000-7ff42f9d1000 rw-p 00008000 08:03 3934210                    /usr/lib/jvm/java-7-openjdk-amd64/jre/lib/amd64/libzip.so
7ff42f9d1000-7ff42f9dc000 r-xp 00000000 08:03 12192223                   /lib/x86_64-linux-gnu/libnss_files-2.19.so
7ff42f9dc000-7ff42fbdb000 ---p 0000b000 08:03 12192223                   /lib/x86_64-linux-gnu/libnss_files-2.19.so
7ff42fbdb000-7ff42fbdc000 r--p 0000a000 08:03 12192223                   /lib/x86_64-linux-gnu/libnss_files-2.19.so
7ff42fbdc000-7ff42fbdd000 rw-p 0000b000 08:03 12192223                   /lib/x86_64-linux-gnu/libnss_files-2.19.so
7ff42fbdd000-7ff42fbe7000 r-xp 00000000 08:03 12192211                   /lib/x86_64-linux-gnu/libnss_nis-2.19.so
7ff42fbe7000-7ff42fde6000 ---p 0000a000 08:03 12192211                   /lib/x86_64-linux-gnu/libnss_nis-2.19.so
7ff42fde6000-7ff42fde7000 r--p 00009000 08:03 12192211                   /lib/x86_64-linux-gnu/libnss_nis-2.19.so
7ff42fde7000-7ff42fde8000 rw-p 0000a000 08:03 12192211                   /lib/x86_64-linux-gnu/libnss_nis-2.19.so
7ff42fde8000-7ff42fdfd000 r-xp 00000000 08:03 12192215                   /lib/x86_64-linux-gnu/libnsl-2.19.so
7ff42fdfd000-7ff42fffc000 ---p 00015000 08:03 12192215                   /lib/x86_64-linux-gnu/libnsl-2.19.so
7ff42fffc000-7ff42fffd000 r--p 00014000 08:03 12192215                   /lib/x86_64-linux-gnu/libnsl-2.19.so
7ff42fffd000-7ff42fffe000 rw-p 00015000 08:03 12192215                   /lib/x86_64-linux-gnu/libnsl-2.19.so
7ff42fffe000-7ff430000000 rw-p 00000000 00:00 0 
7ff430000000-7ff43037a000 rw-p 00000000 00:00 0 
7ff43037a000-7ff434000000 ---p 00000000 00:00 0 
7ff434000000-7ff434001000 r--s 00015000 08:03 10488684                   /home/chobe/.gradle/caches/modules-2/files-2.1/com.badlogicgames.jlayer/jlayer/1.0.1-gdx/7cca83cec5c1b2f011362f4d85aabd71a73b049d/jlayer-1.0.1-gdx.jar
7ff434001000-7ff434005000 r--s 00027000 08:03 10488683                   /home/chobe/.gradle/caches/modules-2/files-2.1/org.lwjgl.lwjgl/lwjgl_util/2.9.1/290d7ba8a1bd9566f5ddf16ad06f09af5ec9b20e/lwjgl_util-2.9.1.jar
7ff434005000-7ff434013000 r--s 000ea000 08:03 10488682                   /home/chobe/.gradle/caches/modules-2/files-2.1/org.lwjgl.lwjgl/lwjgl/2.9.1/f58c5aabcef0e41718a564be9f8e412fff8db847/lwjgl-2.9.1.jar
7ff434013000-7ff434014000 r--s 000cd000 08:03 10488678                   /home/chobe/.gradle/caches/modules-2/files-2.1/com.badlogicgames.gdx/gdx-platform/1.1.0/1c7ea4239c2d9adda420c15985fe3885c481fdcf/gdx-platform-1.1.0-natives-desktop.jar
7ff434014000-7ff43401f000 rw-p 00000000 00:00 0 
7ff43401f000-7ff434067000 rw-p 00000000 00:00 0 
7ff434067000-7ff43406e000 r-xp 00000000 08:03 12192212                   /lib/x86_64-linux-gnu/libnss_compat-2.19.so
7ff43406e000-7ff43426d000 ---p 00007000 08:03 12192212                   /lib/x86_64-linux-gnu/libnss_compat-2.19.so
7ff43426d000-7ff43426e000 r--p 00006000 08:03 12192212                   /lib/x86_64-linux-gnu/libnss_compat-2.19.so
7ff43426e000-7ff43426f000 rw-p 00007000 08:03 12192212                   /lib/x86_64-linux-gnu/libnss_compat-2.19.so
7ff43426f000-7ff43429a000 r-xp 00000000 08:03 3934215                    /usr/lib/jvm/java-7-openjdk-amd64/jre/lib/amd64/libjava.so
7ff43429a000-7ff434499000 ---p 0002b000 08:03 3934215                    /usr/lib/jvm/java-7-openjdk-amd64/jre/lib/amd64/libjava.so
7ff434499000-7ff43449a000 r--p 0002a000 08:03 3934215                    /usr/lib/jvm/java-7-openjdk-amd64/jre/lib/amd64/libjava.so
7ff43449a000-7ff43449c000 rw-p 0002b000 08:03 3934215                    /usr/lib/jvm/java-7-openjdk-amd64/jre/lib/amd64/libjava.so
7ff43449c000-7ff4344ab000 r-xp 00000000 08:03 3934216                    /usr/lib/jvm/java-7-openjdk-amd64/jre/lib/amd64/libverify.so
7ff4344ab000-7ff4346aa000 ---p 0000f000 08:03 3934216                    /usr/lib/jvm/java-7-openjdk-amd64/jre/lib/amd64/libverify.so
7ff4346aa000-7ff4346ac000 r--p 0000e000 08:03 3934216                    /usr/lib/jvm/java-7-openjdk-amd64/jre/lib/amd64/libverify.so
7ff4346ac000-7ff4346ad000 rw-p 00010000 08:03 3934216                    /usr/lib/jvm/java-7-openjdk-amd64/jre/lib/amd64/libverify.so
7ff4346ad000-7ff4346b4000 r-xp 00000000 08:03 12192213                   /lib/x86_64-linux-gnu/librt-2.19.so
7ff4346b4000-7ff4348b3000 ---p 00007000 08:03 12192213                   /lib/x86_64-linux-gnu/librt-2.19.so
7ff4348b3000-7ff4348b4000 r--p 00006000 08:03 12192213                   /lib/x86_64-linux-gnu/librt-2.19.so
7ff4348b4000-7ff4348b5000 rw-p 00007000 08:03 12192213                   /lib/x86_64-linux-gnu/librt-2.19.so
7ff4348b5000-7ff4348ca000 r-xp 00000000 08:03 12190593                   /lib/x86_64-linux-gnu/libgcc_s.so.1
7ff4348ca000-7ff434aca000 ---p 00015000 08:03 12190593                   /lib/x86_64-linux-gnu/libgcc_s.so.1
7ff434aca000-7ff434acb000 rw-p 00015000 08:03 12190593                   /lib/x86_64-linux-gnu/libgcc_s.so.1
7ff434acb000-7ff434bcb000 r-xp 00000000 08:03 12192221                   /lib/x86_64-linux-gnu/libm-2.19.so
7ff434bcb000-7ff434dca000 ---p 00100000 08:03 12192221                   /lib/x86_64-linux-gnu/libm-2.19.so
7ff434dca000-7ff434dcb000 r--p 000ff000 08:03 12192221                   /lib/x86_64-linux-gnu/libm-2.19.so
7ff434dcb000-7ff434dcc000 rw-p 00100000 08:03 12192221                   /lib/x86_64-linux-gnu/libm-2.19.so
7ff434dcc000-7ff434eb4000 r-xp 00000000 08:03 4200440                    /usr/lib/x86_64-linux-gnu/libstdc++.so.6.0.17
7ff434eb4000-7ff4350b4000 ---p 000e8000 08:03 4200440                    /usr/lib/x86_64-linux-gnu/libstdc++.so.6.0.17
7ff4350b4000-7ff4350bc000 r--p 000e8000 08:03 4200440                    /usr/lib/x86_64-linux-gnu/libstdc++.so.6.0.17
7ff4350bc000-7ff4350be000 rw-p 000f0000 08:03 4200440                    /usr/lib/x86_64-linux-gnu/libstdc++.so.6.0.17
7ff4350be000-7ff4350d3000 rw-p 00000000 00:00 0 
7ff4350d3000-7ff435b9c000 r-xp 00000000 08:03 3934204                    /usr/lib/jvm/java-7-openjdk-amd64/jre/lib/amd64/server/libjvm.so
7ff435b9c000-7ff435d9c000 ---p 00ac9000 08:03 3934204                    /usr/lib/jvm/java-7-openjdk-amd64/jre/lib/amd64/server/libjvm.so
7ff435d9c000-7ff435e34000 r--p 00ac9000 08:03 3934204                    /usr/lib/jvm/java-7-openjdk-amd64/jre/lib/amd64/server/libjvm.so
7ff435e34000-7ff435e57000 rw-p 00b61000 08:03 3934204                    /usr/lib/jvm/java-7-openjdk-amd64/jre/lib/amd64/server/libjvm.so
7ff435e57000-7ff435e84000 rw-p 00000000 00:00 0 
7ff435e84000-7ff435e9b000 r-xp 00000000 08:03 12192203                   /lib/x86_64-linux-gnu/libz.so.1.2.8
7ff435e9b000-7ff43609a000 ---p 00017000 08:03 12192203                   /lib/x86_64-linux-gnu/libz.so.1.2.8
7ff43609a000-7ff43609b000 r--p 00016000 08:03 12192203                   /lib/x86_64-linux-gnu/libz.so.1.2.8
7ff43609b000-7ff43609c000 rw-p 00017000 08:03 12192203                   /lib/x86_64-linux-gnu/libz.so.1.2.8
7ff43609c000-7ff43623b000 r-xp 00000000 08:03 12192214                   /lib/x86_64-linux-gnu/libc-2.19.so
7ff43623b000-7ff43643b000 ---p 0019f000 08:03 12192214                   /lib/x86_64-linux-gnu/libc-2.19.so
7ff43643b000-7ff43643f000 r--p 0019f000 08:03 12192214                   /lib/x86_64-linux-gnu/libc-2.19.so
7ff43643f000-7ff436441000 rw-p 001a3000 08:03 12192214                   /lib/x86_64-linux-gnu/libc-2.19.so
7ff436441000-7ff436445000 rw-p 00000000 00:00 0 
7ff436445000-7ff436448000 r-xp 00000000 08:03 12192219                   /lib/x86_64-linux-gnu/libdl-2.19.so
7ff436448000-7ff436647000 ---p 00003000 08:03 12192219                   /lib/x86_64-linux-gnu/libdl-2.19.so
7ff436647000-7ff436648000 r--p 00002000 08:03 12192219                   /lib/x86_64-linux-gnu/libdl-2.19.so
7ff436648000-7ff436649000 rw-p 00003000 08:03 12192219                   /lib/x86_64-linux-gnu/libdl-2.19.so
7ff436649000-7ff436656000 r-xp 00000000 08:03 3934207                    /usr/lib/jvm/java-7-openjdk-amd64/jre/lib/amd64/jli/libjli.so
7ff436656000-7ff436855000 ---p 0000d000 08:03 3934207                    /usr/lib/jvm/java-7-openjdk-amd64/jre/lib/amd64/jli/libjli.so
7ff436855000-7ff436856000 r--p 0000c000 08:03 3934207                    /usr/lib/jvm/java-7-openjdk-amd64/jre/lib/amd64/jli/libjli.so
7ff436856000-7ff436857000 rw-p 0000d000 08:03 3934207                    /usr/lib/jvm/java-7-openjdk-amd64/jre/lib/amd64/jli/libjli.so
7ff436857000-7ff43686f000 r-xp 00000000 08:03 12192218                   /lib/x86_64-linux-gnu/libpthread-2.19.so
7ff43686f000-7ff436a6e000 ---p 00018000 08:03 12192218                   /lib/x86_64-linux-gnu/libpthread-2.19.so
7ff436a6e000-7ff436a6f000 r--p 00017000 08:03 12192218                   /lib/x86_64-linux-gnu/libpthread-2.19.so
7ff436a6f000-7ff436a70000 rw-p 00018000 08:03 12192218                   /lib/x86_64-linux-gnu/libpthread-2.19.so
7ff436a70000-7ff436a74000 rw-p 00000000 00:00 0 
7ff436a74000-7ff436a94000 r-xp 00000000 08:03 12192217                   /lib/x86_64-linux-gnu/ld-2.19.so
7ff436a94000-7ff436a97000 r--s 0001f000 08:03 10488677                   /home/chobe/.gradle/caches/modules-2/files-2.1/com.badlogicgames.gdx/gdx-backend-lwjgl/1.1.0/eafa409559820c1696e165e1280435f1332fc32b/gdx-backend-lwjgl-1.1.0.jar
7ff436a97000-7ff436a9a000 r--s 0001c000 08:01 772750                     /media/winDisk/Users/ChobeDucket/Documents/sheep/core/build/libs/core-1.0.jar
7ff436a9a000-7ff436a9e000 r--s 0003b000 08:03 3934173                    /usr/lib/jvm/java-7-openjdk-amd64/jre/lib/ext/sunpkcs11.jar
7ff436a9e000-7ff436a9f000 r--s 00002000 08:03 3934178                    /usr/lib/jvm/java-7-openjdk-amd64/jre/lib/ext/dnsns.jar
7ff436a9f000-7ff436aa2000 r--s 00032000 08:03 3934176                    /usr/lib/jvm/java-7-openjdk-amd64/jre/lib/ext/sunjce_provider.jar
7ff436aa2000-7ff436aa4000 r--s 0000f000 08:03 3934175                    /usr/lib/jvm/java-7-openjdk-amd64/jre/lib/ext/pulse-java.jar
7ff436aa4000-7ff436aa6000 r--s 00012000 08:03 3934174                    /usr/lib/jvm/java-7-openjdk-amd64/jre/lib/ext/zipfs.jar
7ff436aa6000-7ff436aaa000 r--s 00085000 08:03 3934172                    /usr/lib/jvm/java-7-openjdk-amd64/jre/lib/ext/localedata.jar
7ff436aaa000-7ff436aab000 r--s 00007000 08:03 5645676                    /usr/share/java/java-atk-wrapper.jar
7ff436aab000-7ff436ab5000 rw-p 00000000 00:00 0 
7ff436ab5000-7ff436b6b000 rw-p 00000000 00:00 0 
7ff436b6b000-7ff436b6e000 ---p 00000000 00:00 0 
7ff436b6e000-7ff436c88000 rw-p 00000000 00:00 0 
7ff436c88000-7ff436c90000 rw-s 00000000 08:03 10490810                   /tmp/hsperfdata_chobe/8601 (deleted)
7ff436c90000-7ff436c91000 rw-p 00000000 00:00 0 
7ff436c91000-7ff436c92000 ---p 00000000 00:00 0 
7ff436c92000-7ff436c94000 rw-p 00000000 00:00 0 
7ff436c94000-7ff436c95000 r--p 00020000 08:03 12192217                   /lib/x86_64-linux-gnu/ld-2.19.so
7ff436c95000-7ff436c96000 rw-p 00021000 08:03 12192217                   /lib/x86_64-linux-gnu/ld-2.19.so
7ff436c96000-7ff436c97000 rw-p 00000000 00:00 0 
7fff4ea56000-7fff4ea78000 rw-p 00000000 00:00 0                          [stack]
7fff4ebff000-7fff4ec00000 r-xp 00000000 00:00 0                          [vdso]
ffffffffff600000-ffffffffff601000 r-xp 00000000 00:00 0                  [vsyscall]

VM Arguments:
jvm_args: -Dfile.encoding=UTF-8 
java_command: com.mygdx.sheep.desktop.DesktopLauncher
Launcher Type: SUN_STANDARD

Environment Variables:
PATH=/usr/local/bin:/usr/bin:/bin:/usr/local/games:/usr/games:/home/chobe/.local/bin:/home/chobe/sdks/adt-bundle-linux-x86_64-20140321/sdk//platform-tools/adb:/home/chobe/sdks/adt-bundle-linux-x86_64-20140321/sdk//platform-tools/
USERNAME=chobe
SHELL=/bin/bash
DISPLAY=:0

Signal Handlers:
SIGSEGV: [libjvm.so+0x8f9750], sa_mask[0]=0x7ffbfeff, sa_flags=0x10000004
SIGBUS: [libjvm.so+0x8f9750], sa_mask[0]=0x7ffbfeff, sa_flags=0x10000004
SIGFPE: [libjvm.so+0x7827c0], sa_mask[0]=0x7ffbfeff, sa_flags=0x10000004
SIGPIPE: [libjvm.so+0x7827c0], sa_mask[0]=0x7ffbfeff, sa_flags=0x10000004
SIGXFSZ: [libjvm.so+0x7827c0], sa_mask[0]=0x7ffbfeff, sa_flags=0x10000004
SIGILL: [libjvm.so+0x7827c0], sa_mask[0]=0x7ffbfeff, sa_flags=0x10000004
SIGUSR1: SIG_DFL, sa_mask[0]=0x00000000, sa_flags=0x00000000
SIGUSR2: [libjvm.so+0x782ab0], sa_mask[0]=0x00000004, sa_flags=0x10000004
SIGHUP: [libjvm.so+0x782c20], sa_mask[0]=0x7ffbfeff, sa_flags=0x10000004
SIGINT: [libjvm.so+0x782c20], sa_mask[0]=0x7ffbfeff, sa_flags=0x10000004
SIGTERM: [libjvm.so+0x782c20], sa_mask[0]=0x7ffbfeff, sa_flags=0x10000004
SIGQUIT: [libjvm.so+0x782c20], sa_mask[0]=0x7ffbfeff, sa_flags=0x10000004


---------------  S Y S T E M  ---------------

OS:7.5

uname:Linux 3.2.0-4-amd64 #1 SMP Debian 3.2.57-3+deb7u1 x86_64
libc:glibc 2.19 NPTL 2.19 
rlimit: STACK 8192k, CORE 0k, NPROC 31105, NOFILE 4096, AS infinity
load average:0.64 0.63 0.59

/proc/meminfo:
MemTotal:        3993672 kB
MemFree:          857688 kB
Buffers:          115592 kB
Cached:           542260 kB
SwapCached:            0 kB
Active:          2063224 kB
Inactive:         689252 kB
Active(anon):    1588092 kB
Inactive(anon):   554096 kB
Active(file):     475132 kB
Inactive(file):   135156 kB
Unevictable:           0 kB
Mlocked:               0 kB
SwapTotal:       4120572 kB
SwapFree:        4120504 kB
Dirty:              1464 kB
Writeback:             0 kB
AnonPages:       2094636 kB
Mapped:           250444 kB
Shmem:             47564 kB
Slab:             129836 kB
SReclaimable:     103068 kB
SUnreclaim:        26768 kB
KernelStack:        3592 kB
PageTables:        29360 kB
NFS_Unstable:          0 kB
Bounce:                0 kB
WritebackTmp:          0 kB
CommitLimit:     6117408 kB
Committed_AS:    4093820 kB
VmallocTotal:   34359738367 kB
VmallocUsed:      170472 kB
VmallocChunk:   34359561712 kB
HardwareCorrupted:     0 kB
AnonHugePages:         0 kB
HugePages_Total:       0
HugePages_Free:        0
HugePages_Rsvd:        0
HugePages_Surp:        0
Hugepagesize:       2048 kB
DirectMap4k:      402432 kB
DirectMap2M:     3725312 kB


CPU:total 4 (4 cores per cpu, 1 threads per core) family 6 model 15 stepping 11, cmov, cx8, fxsr, mmx, sse, sse2, sse3, ssse3, tsc

/proc/cpuinfo:
processor	: 0
vendor_id	: GenuineIntel
cpu family	: 6
model		: 15
model name	: Intel(R) Core(TM)2 Quad CPU    Q6600  @ 2.40GHz
stepping	: 11
cpu MHz		: 1596.000
cache size	: 4096 KB
physical id	: 0
siblings	: 4
core id		: 0
cpu cores	: 4
apicid		: 0
initial apicid	: 0
fpu		: yes
fpu_exception	: yes
cpuid level	: 10
wp		: yes
flags		: fpu vme de pse tsc msr pae mce cx8 apic sep mtrr pge mca cmov pat pse36 clflush dts acpi mmx fxsr sse sse2 ss ht tm pbe syscall nx lm constant_tsc arch_perfmon pebs bts rep_good nopl aperfmperf pni dtes64 monitor ds_cpl vmx est tm2 ssse3 cx16 xtpr pdcm lahf_lm dtherm tpr_shadow vnmi flexpriority
bogomips	: 4795.82
clflush size	: 64
cache_alignment	: 64
address sizes	: 36 bits physical, 48 bits virtual
power management:

processor	: 1
vendor_id	: GenuineIntel
cpu family	: 6
model		: 15
model name	: Intel(R) Core(TM)2 Quad CPU    Q6600  @ 2.40GHz
stepping	: 11
cpu MHz		: 1596.000
cache size	: 4096 KB
physical id	: 0
siblings	: 4
core id		: 2
cpu cores	: 4
apicid		: 2
initial apicid	: 2
fpu		: yes
fpu_exception	: yes
cpuid level	: 10
wp		: yes
flags		: fpu vme de pse tsc msr pae mce cx8 apic sep mtrr pge mca cmov pat pse36 clflush dts acpi mmx fxsr sse sse2 ss ht tm pbe syscall nx lm constant_tsc arch_perfmon pebs bts rep_good nopl aperfmperf pni dtes64 monitor ds_cpl vmx est tm2 ssse3 cx16 xtpr pdcm lahf_lm dtherm tpr_shadow vnmi flexpriority
bogomips	: 4795.58
clflush size	: 64
cache_alignment	: 64
address sizes	: 36 bits physical, 48 bits virtual
power management:

processor	: 2
vendor_id	: GenuineIntel
cpu family	: 6
model		: 15
model name	: Intel(R) Core(TM)2 Quad CPU    Q6600  @ 2.40GHz
stepping	: 11
cpu MHz		: 1596.000
cache size	: 4096 KB
physical id	: 0
siblings	: 4
core id		: 1
cpu cores	: 4
apicid		: 1
initial apicid	: 1
fpu		: yes
fpu_exception	: yes
cpuid level	: 10
wp		: yes
flags		: fpu vme de pse tsc msr pae mce cx8 apic sep mtrr pge mca cmov pat pse36 clflush dts acpi mmx fxsr sse sse2 ss ht tm pbe syscall nx lm constant_tsc arch_perfmon pebs bts rep_good nopl aperfmperf pni dtes64 monitor ds_cpl vmx est tm2 ssse3 cx16 xtpr pdcm lahf_lm dtherm tpr_shadow vnmi flexpriority
bogomips	: 4795.56
clflush size	: 64
cache_alignment	: 64
address sizes	: 36 bits physical, 48 bits virtual
power management:

processor	: 3
vendor_id	: GenuineIntel
cpu family	: 6
model		: 15
model name	: Intel(R) Core(TM)2 Quad CPU    Q6600  @ 2.40GHz
stepping	: 11
cpu MHz		: 2394.000
cache size	: 4096 KB
physical id	: 0
siblings	: 4
core id		: 3
cpu cores	: 4
apicid		: 3
initial apicid	: 3
fpu		: yes
fpu_exception	: yes
cpuid level	: 10
wp		: yes
flags		: fpu vme de pse tsc msr pae mce cx8 apic sep mtrr pge mca cmov pat pse36 clflush dts acpi mmx fxsr sse sse2 ss ht tm pbe syscall nx lm constant_tsc arch_perfmon pebs bts rep_good nopl aperfmperf pni dtes64 monitor ds_cpl vmx est tm2 ssse3 cx16 xtpr pdcm lahf_lm dtherm tpr_shadow vnmi flexpriority
bogomips	: 4795.57
clflush size	: 64
cache_alignment	: 64
address sizes	: 36 bits physical, 48 bits virtual
power management:



Memory: 4k page, physical 3993672k(857688k free), swap 4120572k(4120504k free)

vm_info: OpenJDK 64-Bit Server VM (24.51-b03) for linux-amd64 JRE (1.7.0_55-b14), built on May  2 2014 11:33:06 by "buildd" with gcc 4.7.2

time: Fri Jul  4 10:44:13 2014
elapsed time: 21 seconds

