#
# A fatal error has been detected by the Java Runtime Environment:
#
#  SIGSEGV (0xb) at pc=0x00007ffeac896e38, pid=31537, tid=140731935303424
#
# JRE version: OpenJDK Runtime Environment (7.0_55-b14) (build 1.7.0_55-b14)
# Java VM: OpenJDK 64-Bit Server VM (24.51-b03 mixed mode linux-amd64 compressed oops)
# Problematic frame:
# C  [libX11.so.6+0x3ae38]  XQueryExtension+0x28
#
# Failed to write core dump. Core dumps have been disabled. To enable core dumping, try "ulimit -c unlimited" before starting Java again
#
# If you would like to submit a bug report, please include
# instructions on how to reproduce the bug and visit:
#   http://icedtea.classpath.org/bugzilla
#

---------------  T H R E A D  ---------------

Current thread (0x00007ffeb0076800):  VMThread [stack: 0x00007ffeb4f32000,0x00007ffeb5033000] [id=31548]

siginfo:si_signo=SIGSEGV: si_errno=0, si_code=1 (SEGV_MAPERR), si_addr=0x000000005400f168

Registers:
RAX=0x00007ffe94000b10, RBX=0x000000005400e800, RCX=0x00007ffeb50316d8, RDX=0x00007ffeb50316d4
RSP=0x00007ffeb5031670, RBP=0x00007ffe6b4be600, RSI=0x00007ffe6b385992, RDI=0x000000005400e800
R8 =0x00007ffeb50316dc, R9 =0x0000000000000000, R10=0x00007ffe6b4be3c0, R11=0x00007ffeb95901c0
R12=0x00007ffe6b385992, R13=0x00007ffe94000b10, R14=0x00007ffeb5031ae0, R15=0x00007ffe540020d0
RIP=0x00007ffeac896e38, EFLAGS=0x0000000000010202, CSGSFS=0x0000000000000033, ERR=0x0000000000000004
  TRAPNO=0x000000000000000e

Top of Stack: (sp=0x00007ffeb5031670)
0x00007ffeb5031670:   0000000000000000 0000000000000000
0x00007ffeb5031680:   000000770000006e 0000000000000000
0x00007ffeb5031690:   000100010000007c 000000005400e800
0x00007ffeb50316a0:   00007ffe6b4be600 00007ffe6b385992
0x00007ffeb50316b0:   00007ffe94000b10 00007ffeb5031ae0
0x00007ffeb50316c0:   00007ffe540020d0 00007ffeac88ae72
0x00007ffeb50316d0:   00007ffe540020d0 00007ffeb95d4220
0x00007ffeb50316e0:   0000000000000000 00007ffe6b4be600
0x00007ffeb50316f0:   000000005400e800 00007ffeacba471d
0x00007ffeb5031700:   00007ffe6b385992 0000001100000000
0x00007ffeb5031710:   00007ffe00000005 0000000000000000
0x00007ffeb5031720:   00007ffeb5031790 000000005400e800
0x00007ffeb5031730:   00007ffeb50319d8 00007ffeb5031ae0
0x00007ffeb5031740:   00007ffe6b4d7e50 00007ffe6b32e3d9
0x00007ffeb5031750:   00000000ffffffff 00007ffe5400add0
0x00007ffeb5031760:   00007ffeb5031790 00007ffe6bfff9e0
0x00007ffeb5031770:   00007ffeb50319d8 00007ffeb5031ae0
0x00007ffeb5031780:   0000000000000000 00007ffe6b322ae2
0x00007ffeb5031790:   00007ffeb5031b50 00007ffe6b385911
0x00007ffeb50317a0:   00007ffeb5031b50 00007ffeb9f3f058
0x00007ffeb50317b0:   00007ffeba1521a8 00007ffeba152740
0x00007ffeb50317c0:   00007ffeba12c000 00007ffeb00094f0
0x00007ffeb50317d0:   00007ffeb000a020 00007ffeb000a530
0x00007ffeb50317e0:   00007ffeb0017440 00007ffeb01b33d0
0x00007ffeb50317f0:   00007ffeb02c25c0 00007ffeb02be480
0x00007ffeb5031800:   00007ffeb01ebfa0 00007ffeb01f9ec0
0x00007ffeb5031810:   00007ffeb02012e0 00007ffeb0200db0
0x00007ffeb5031820:   00007ffeb0200880 00007ffeb0204bd0
0x00007ffeb5031830:   00007ffeb02046b0 00007ffeb0205980
0x00007ffeb5031840:   00007ffeb02041a0 00007ffeb0200350
0x00007ffeb5031850:   00007ffeb0202770 00007ffeb02031b0
0x00007ffeb5031860:   00007ffeb0202c90 00007ffeb02036d0 

Instructions: (pc=0x00007ffeac896e38)
0x00007ffeac896e18:   24 e0 48 89 fb 4c 89 6c 24 e8 4c 89 74 24 f0 49
0x00007ffeac896e28:   89 f4 4c 89 7c 24 f8 48 89 6c 24 d8 48 83 ec 58
0x00007ffeac896e38:   48 8b 87 68 09 00 00 49 89 d7 49 89 ce 4d 89 c5
0x00007ffeac896e48:   48 85 c0 74 02 ff 10 ba 08 00 00 00 be 62 00 00 

Register to memory mapping:

RAX=0x00007ffe94000b10 is an unknown value
RBX=0x000000005400e800 is an unknown value
RCX=0x00007ffeb50316d8 is an unknown value
RDX=0x00007ffeb50316d4 is an unknown value
RSP=0x00007ffeb5031670 is an unknown value
RBP=0x00007ffe6b4be600: <offset 0x1cf600> in /usr/lib/x86_64-linux-gnu/libGL.so.1 at 0x00007ffe6b2ef000
RSI=0x00007ffe6b385992: <offset 0x96992> in /usr/lib/x86_64-linux-gnu/libGL.so.1 at 0x00007ffe6b2ef000
RDI=0x000000005400e800 is an unknown value
R8 =0x00007ffeb50316dc is an unknown value
R9 =0x0000000000000000 is an unknown value
R10=0x00007ffe6b4be3c0: <offset 0x1cf3c0> in /usr/lib/x86_64-linux-gnu/libGL.so.1 at 0x00007ffe6b2ef000
R11=0x00007ffeb95901c0: __cxa_finalize+0 in /lib/x86_64-linux-gnu/libc.so.6 at 0x00007ffeb9558000
R12=0x00007ffe6b385992: <offset 0x96992> in /usr/lib/x86_64-linux-gnu/libGL.so.1 at 0x00007ffe6b2ef000
R13=0x00007ffe94000b10 is an unknown value
R14=0x00007ffeb5031ae0 is an unknown value
R15=0x00007ffe540020d0 is an unknown value


Stack: [0x00007ffeb4f32000,0x00007ffeb5033000],  sp=0x00007ffeb5031670,  free space=1021k
Native frames: (J=compiled Java code, j=interpreted, Vv=VM code, C=native code)
C  [libX11.so.6+0x3ae38]  XQueryExtension+0x28

VM_Operation (0x00007ffe6b5f76c0): Exit, mode: safepoint, requested by thread 0x00007ffeb035f800


---------------  P R O C E S S  ---------------

Java Threads: ( => current thread )
  0x00007ffe3338a800 JavaThread "pool-1-thread-3" [_thread_blocked, id=31570, stack(0x00007ffe5e7db000,0x00007ffe5e8dc000)]
  0x00007ffe32908800 JavaThread "pool-1-thread-2" [_thread_blocked, id=31569, stack(0x00007ffe5e8dc000,0x00007ffe5e9dd000)]
  0x00007ffe3be13000 JavaThread "pool-1-thread-1" [_thread_blocked, id=31568, stack(0x00007ffe680c9000,0x00007ffe681ca000)]
  0x00007ffe551fd800 JavaThread "AsynchExecutor-Thread" daemon [_thread_blocked, id=31567, stack(0x00007ffe684ca000,0x00007ffe685cb000)]
  0x00007ffe5401b800 JavaThread "process reaper" daemon [_thread_blocked, id=31563, stack(0x00007ffeb400e000,0x00007ffeb4047000)]
  0x00007ffeb000b000 JavaThread "DestroyJavaVM" [_thread_blocked, id=31543, stack(0x00007ffeba027000,0x00007ffeba128000)]
  0x00007ffeb035f800 JavaThread "LWJGL Application" [_thread_blocked, id=31561, stack(0x00007ffe6b4f8000,0x00007ffe6b5f9000)]
  0x00007ffeb02bd000 JavaThread "AWT-XAWT" daemon [_thread_blocked, id=31557, stack(0x00007ffe980cd000,0x00007ffe981ce000)]
  0x00007ffeb029d000 JavaThread "Java2D Disposer" daemon [_thread_blocked, id=31556, stack(0x00007ffeb404e000,0x00007ffeb414f000)]
  0x00007ffeb00a7000 JavaThread "Service Thread" daemon [_thread_blocked, id=31554, stack(0x00007ffeb47a3000,0x00007ffeb48a4000)]
  0x00007ffeb00a5000 JavaThread "C2 CompilerThread1" daemon [_thread_blocked, id=31553, stack(0x00007ffeb48a4000,0x00007ffeb49a5000)]
  0x00007ffeb00a2000 JavaThread "C2 CompilerThread0" daemon [_thread_blocked, id=31552, stack(0x00007ffeb49a5000,0x00007ffeb4aa6000)]
  0x00007ffeb007c800 JavaThread "Finalizer" daemon [_thread_blocked, id=31550, stack(0x00007ffeb4d30000,0x00007ffeb4e31000)]
  0x00007ffeb007a800 JavaThread "Reference Handler" daemon [_thread_blocked, id=31549, stack(0x00007ffeb4e31000,0x00007ffeb4f32000)]

Other Threads:
=>0x00007ffeb0076800 VMThread [stack: 0x00007ffeb4f32000,0x00007ffeb5033000] [id=31548]

VM state:at safepoint (shutting down)

VM Mutex/Monitor currently owned by a thread:  ([mutex/lock_event])
[0x00007ffeb00077a0] Threads_lock - owner thread: 0x00007ffeb0076800

Heap
 PSYoungGen      total 18432K, used 8072K [0x00000000eba80000, 0x00000000ecf00000, 0x0000000100000000)
  eden space 15872K, 34% used [0x00000000eba80000,0x00000000ebfe98a8,0x00000000eca00000)
  from space 2560K, 98% used [0x00000000ecc80000,0x00000000ecef8920,0x00000000ecf00000)
  to   space 2560K, 0% used [0x00000000eca00000,0x00000000eca00000,0x00000000ecc80000)
 ParOldGen       total 41472K, used 5855K [0x00000000c3000000, 0x00000000c5880000, 0x00000000eba80000)
  object space 41472K, 14% used [0x00000000c3000000,0x00000000c35b7eb0,0x00000000c5880000)
 PSPermGen       total 21504K, used 13214K [0x00000000b8a00000, 0x00000000b9f00000, 0x00000000c3000000)
  object space 21504K, 61% used [0x00000000b8a00000,0x00000000b96e7af8,0x00000000b9f00000)

Card table byte_map: [0x00007ffeb6aaf000,0x00007ffeb6ceb000] byte_map_base: 0x00007ffeb64ea000

Polling page: 0x00007ffeba14d000

Code Cache  [0x00007ffead000000, 0x00007ffead270000, 0x00007ffeb0000000)
 total_blobs=804 nmethods=256 adapters=502 free_code_cache=47939Kb largest_free_block=49063424

Compilation events (10 events):
Event: 36.121 Thread 0x00007ffeb00a2000  255             com.badlogic.gdx.graphics.Color::clamp (126 bytes)
Event: 36.122 Thread 0x00007ffeb00a2000 nmethod 255 0x00007ffead12ad50 code [0x00007ffead12aec0, 0x00007ffead12af98]
Event: 36.454 Thread 0x00007ffeb00a5000  256             java.nio.Buffer::capacity (5 bytes)
Event: 36.455 Thread 0x00007ffeb00a5000 nmethod 256 0x00007ffead131f90 code [0x00007ffead1320c0, 0x00007ffead132118]
Event: 36.788 Thread 0x00007ffeb00a2000  257   !         org.lwjgl.opengl.Display::isCreated (17 bytes)
Event: 36.789 Thread 0x00007ffeb00a2000 nmethod 257 0x00007ffead131b90 code [0x00007ffead131ce0, 0x00007ffead131f18]
Event: 37.171 Thread 0x00007ffeb00a5000  258             com.mygdx.sheep.SheepGame::getStartX (22 bytes)
Event: 37.171 Thread 0x00007ffeb00a2000  259             com.mygdx.sheep.SheepGame::getStartY (24 bytes)
Event: 37.174 Thread 0x00007ffeb00a2000 nmethod 259 0x00007ffead12b790 code [0x00007ffead12b940, 0x00007ffead12bce8]
Event: 37.174 Thread 0x00007ffeb00a5000 nmethod 258 0x00007ffead12c290 code [0x00007ffead12c420, 0x00007ffead12c7c8]

GC Heap History (4 events):
Event: 1.632 GC heap before
{Heap before GC invocations=1 (full 0):
 PSYoungGen      total 18432K, used 15872K [0x00000000eba80000, 0x00000000ecf00000, 0x0000000100000000)
  eden space 15872K, 100% used [0x00000000eba80000,0x00000000eca00000,0x00000000eca00000)
  from space 2560K, 0% used [0x00000000ecc80000,0x00000000ecc80000,0x00000000ecf00000)
  to   space 2560K, 0% used [0x00000000eca00000,0x00000000eca00000,0x00000000ecc80000)
 ParOldGen       total 41472K, used 0K [0x00000000c3000000, 0x00000000c5880000, 0x00000000eba80000)
  object space 41472K, 0% used [0x00000000c3000000,0x00000000c3000000,0x00000000c5880000)
 PSPermGen       total 21504K, used 9261K [0x00000000b8a00000, 0x00000000b9f00000, 0x00000000c3000000)
  object space 21504K, 43% used [0x00000000b8a00000,0x00000000b930b6b0,0x00000000b9f00000)
Event: 1.641 GC heap after
Heap after GC invocations=1 (full 0):
 PSYoungGen      total 18432K, used 2544K [0x00000000eba80000, 0x00000000ecf00000, 0x0000000100000000)
  eden space 15872K, 0% used [0x00000000eba80000,0x00000000eba80000,0x00000000eca00000)
  from space 2560K, 99% used [0x00000000eca00000,0x00000000ecc7c190,0x00000000ecc80000)
  to   space 2560K, 0% used [0x00000000ecc80000,0x00000000ecc80000,0x00000000ecf00000)
 ParOldGen       total 41472K, used 2418K [0x00000000c3000000, 0x00000000c5880000, 0x00000000eba80000)
  object space 41472K, 5% used [0x00000000c3000000,0x00000000c325c868,0x00000000c5880000)
 PSPermGen       total 21504K, used 9261K [0x00000000b8a00000, 0x00000000b9f00000, 0x00000000c3000000)
  object space 21504K, 43% used [0x00000000b8a00000,0x00000000b930b6b0,0x00000000b9f00000)
}
Event: 7.382 GC heap before
{Heap before GC invocations=2 (full 0):
 PSYoungGen      total 18432K, used 18416K [0x00000000eba80000, 0x00000000ecf00000, 0x0000000100000000)
  eden space 15872K, 100% used [0x00000000eba80000,0x00000000eca00000,0x00000000eca00000)
  from space 2560K, 99% used [0x00000000eca00000,0x00000000ecc7c190,0x00000000ecc80000)
  to   space 2560K, 0% used [0x00000000ecc80000,0x00000000ecc80000,0x00000000ecf00000)
 ParOldGen       total 41472K, used 2418K [0x00000000c3000000, 0x00000000c5880000, 0x00000000eba80000)
  object space 41472K, 5% used [0x00000000c3000000,0x00000000c325c868,0x00000000c5880000)
 PSPermGen       total 21504K, used 13054K [0x00000000b8a00000, 0x00000000b9f00000, 0x00000000c3000000)
  object space 21504K, 60% used [0x00000000b8a00000,0x00000000b96bf958,0x00000000b9f00000)
Event: 7.394 GC heap after
Heap after GC invocations=2 (full 0):
 PSYoungGen      total 18432K, used 2530K [0x00000000eba80000, 0x00000000ecf00000, 0x0000000100000000)
  eden space 15872K, 0% used [0x00000000eba80000,0x00000000eba80000,0x00000000eca00000)
  from space 2560K, 98% used [0x00000000ecc80000,0x00000000ecef8920,0x00000000ecf00000)
  to   space 2560K, 0% used [0x00000000eca00000,0x00000000eca00000,0x00000000ecc80000)
 ParOldGen       total 41472K, used 5855K [0x00000000c3000000, 0x00000000c5880000, 0x00000000eba80000)
  object space 41472K, 14% used [0x00000000c3000000,0x00000000c35b7eb0,0x00000000c5880000)
 PSPermGen       total 21504K, used 13054K [0x00000000b8a00000, 0x00000000b9f00000, 0x00000000c3000000)
  object space 21504K, 60% used [0x00000000b8a00000,0x00000000b96bf958,0x00000000b9f00000)
}

Deoptimization events (10 events):
Event: 14.621 Thread 0x00007ffeb035f800 Uncommon trap: reason=class_check action=maybe_recompile pc=0x00007ffead0f401c method=com.mygdx.sheep.SheepGame.render(FF)V @ 65
Event: 14.638 Thread 0x00007ffeb035f800 Uncommon trap: reason=class_check action=maybe_recompile pc=0x00007ffead0f401c method=com.mygdx.sheep.SheepGame.render(FF)V @ 65
Event: 18.355 Thread 0x00007ffeb035f800 Uncommon trap: reason=bimorphic action=maybe_recompile pc=0x00007ffead109f40 method=com.mygdx.sheep.SheepGame.render(FF)V @ 280
Event: 18.371 Thread 0x00007ffeb035f800 Uncommon trap: reason=bimorphic action=maybe_recompile pc=0x00007ffead109f40 method=com.mygdx.sheep.SheepGame.render(FF)V @ 280
Event: 18.388 Thread 0x00007ffeb035f800 Uncommon trap: reason=bimorphic action=maybe_recompile pc=0x00007ffead109f40 method=com.mygdx.sheep.SheepGame.render(FF)V @ 280
Event: 18.405 Thread 0x00007ffeb035f800 Uncommon trap: reason=bimorphic action=maybe_recompile pc=0x00007ffead109f40 method=com.mygdx.sheep.SheepGame.render(FF)V @ 280
Event: 26.421 Thread 0x00007ffeb035f800 Uncommon trap: reason=array_check action=maybe_recompile pc=0x00007ffead116ad8 method=com.badlogic.gdx.utils.Array.add(Ljava/lang/Object;)V @ 46
Event: 26.424 Thread 0x00007ffeb035f800 Uncommon trap: reason=array_check action=maybe_recompile pc=0x00007ffead116ad8 method=com.badlogic.gdx.utils.Array.add(Ljava/lang/Object;)V @ 46
Event: 26.424 Thread 0x00007ffeb035f800 Uncommon trap: reason=array_check action=maybe_recompile pc=0x00007ffead116ad8 method=com.badlogic.gdx.utils.Array.add(Ljava/lang/Object;)V @ 46
Event: 26.424 Thread 0x00007ffeb035f800 Uncommon trap: reason=array_check action=maybe_recompile pc=0x00007ffead116ad8 method=com.badlogic.gdx.utils.Array.add(Ljava/lang/Object;)V @ 46

Internal exceptions (10 events):
Event: 6.840 Thread 0x00007ffeb035f800 Threw 0x00000000ec6a2648 at /build/openjdk-7-kBcQ8a/openjdk-7-7u55-2.4.7/build/openjdk/hotspot/src/share/vm/prims/jvm.cpp:1244
Event: 6.841 Thread 0x00007ffeb035f800 Threw 0x00000000ec6a7fb8 at /build/openjdk-7-kBcQ8a/openjdk-7-7u55-2.4.7/build/openjdk/hotspot/src/share/vm/prims/jvm.cpp:1244
Event: 6.841 Thread 0x00007ffeb035f800 Threw 0x00000000ec6ada48 at /build/openjdk-7-kBcQ8a/openjdk-7-7u55-2.4.7/build/openjdk/hotspot/src/share/vm/prims/jvm.cpp:1244
Event: 6.842 Thread 0x00007ffeb035f800 Threw 0x00000000ec758628 at /build/openjdk-7-kBcQ8a/openjdk-7-7u55-2.4.7/build/openjdk/hotspot/src/share/vm/prims/jvm.cpp:1244
Event: 8.539 Thread 0x00007ffeb035f800 Threw 0x00000000ebb1db78 at /build/openjdk-7-kBcQ8a/openjdk-7-7u55-2.4.7/build/openjdk/hotspot/src/share/vm/prims/jvm.cpp:1244
Event: 8.540 Thread 0x00007ffeb035f800 Threw 0x00000000ebb23860 at /build/openjdk-7-kBcQ8a/openjdk-7-7u55-2.4.7/build/openjdk/hotspot/src/share/vm/prims/jvm.cpp:1244
Event: 8.540 Thread 0x00007ffeb035f800 Threw 0x00000000ebb270f0 at /build/openjdk-7-kBcQ8a/openjdk-7-7u55-2.4.7/build/openjdk/hotspot/src/share/vm/prims/jvm.cpp:1244
Event: 37.854 Thread 0x00007ffeb035f800 Threw 0x00000000ebf8ac58 at /build/openjdk-7-kBcQ8a/openjdk-7-7u55-2.4.7/build/openjdk/hotspot/src/share/vm/prims/jvm.cpp:1244
Event: 37.863 Thread 0x00007ffeb035f800 Threw 0x00000000ebf8f120 at /build/openjdk-7-kBcQ8a/openjdk-7-7u55-2.4.7/build/openjdk/hotspot/src/share/vm/prims/jvm.cpp:1244
Event: 37.868 Thread 0x00007ffeb035f800 Threw 0x00000000ebf944c0 at /build/openjdk-7-kBcQ8a/openjdk-7-7u55-2.4.7/build/openjdk/hotspot/src/share/vm/prims/jvm.cpp:1244

Events (10 events):
Event: 38.025 Thread 0x00007ffe333b8800 Thread added: 0x00007ffe333b8800
Event: 38.026 loading class 0x00007ffeb02286a0
Event: 38.026 loading class 0x00007ffe7c072a00
Event: 38.026 loading class 0x00007ffe7c072a00 done
Event: 38.026 loading class 0x00007ffe7c072a30
Event: 38.026 loading class 0x00007ffe7c072a30 done
Event: 38.026 loading class 0x00007ffeb02286a0 done
Event: 38.027 Thread 0x00007ffe333b8800 Thread exited: 0x00007ffe333b8800
Event: 38.027 Thread 0x00007ffeb009f800 Thread exited: 0x00007ffeb009f800
Event: 38.027 Executing VM operation: Exit


Dynamic libraries:
00400000-00401000 r-xp 00000000 08:03 3934148                            /usr/lib/jvm/java-7-openjdk-amd64/jre/bin/java
00600000-00601000 r--p 00000000 08:03 3934148                            /usr/lib/jvm/java-7-openjdk-amd64/jre/bin/java
00601000-00602000 rw-p 00001000 08:03 3934148                            /usr/lib/jvm/java-7-openjdk-amd64/jre/bin/java
009a2000-00bc7000 rw-p 00000000 00:00 0                                  [heap]
b8a00000-b9f00000 rw-p 00000000 00:00 0 
b9f00000-c3000000 rw-p 00000000 00:00 0 
c3000000-c5880000 rw-p 00000000 00:00 0 
c5880000-eba80000 rw-p 00000000 00:00 0 
eba80000-ecf00000 rw-p 00000000 00:00 0 
ecf00000-100000000 rw-p 00000000 00:00 0 
7ffe20000000-7ffe20021000 rw-p 00000000 00:00 0 
7ffe20021000-7ffe24000000 ---p 00000000 00:00 0 
7ffe28000000-7ffe28021000 rw-p 00000000 00:00 0 
7ffe28021000-7ffe2c000000 ---p 00000000 00:00 0 
7ffe2c000000-7ffe2c03f000 rw-p 00000000 00:00 0 
7ffe2c03f000-7ffe30000000 ---p 00000000 00:00 0 
7ffe30000000-7ffe33b96000 rw-p 00000000 00:00 0 
7ffe33b96000-7ffe34000000 ---p 00000000 00:00 0 
7ffe34000000-7ffe3404d000 rw-p 00000000 00:00 0 
7ffe3404d000-7ffe38000000 ---p 00000000 00:00 0 
7ffe38000000-7ffe3bf16000 rw-p 00000000 00:00 0 
7ffe3bf16000-7ffe3c000000 ---p 00000000 00:00 0 
7ffe40000000-7ffe400ae000 rw-p 00000000 00:00 0 
7ffe400ae000-7ffe44000000 ---p 00000000 00:00 0 
7ffe44000000-7ffe447d8000 rw-p 00000000 00:00 0 
7ffe447d8000-7ffe48000000 ---p 00000000 00:00 0 
7ffe48000000-7ffe48021000 rw-p 00000000 00:00 0 
7ffe48021000-7ffe4c000000 ---p 00000000 00:00 0 
7ffe4c000000-7ffe4c0b4000 rw-p 00000000 00:00 0 
7ffe4c0b4000-7ffe50000000 ---p 00000000 00:00 0 
7ffe50000000-7ffe50021000 rw-p 00000000 00:00 0 
7ffe50021000-7ffe54000000 ---p 00000000 00:00 0 
7ffe54000000-7ffe57f03000 rw-p 00000000 00:00 0 
7ffe57f03000-7ffe58000000 ---p 00000000 00:00 0 
7ffe58000000-7ffe58021000 rw-p 00000000 00:00 0 
7ffe58021000-7ffe5c000000 ---p 00000000 00:00 0 
7ffe5e0d9000-7ffe5e0dc000 ---p 00000000 00:00 0 
7ffe5e0dc000-7ffe5e1da000 rw-p 00000000 00:00 0 
7ffe5e7db000-7ffe5e7de000 ---p 00000000 00:00 0 
7ffe5e7de000-7ffe5e8dc000 rw-p 00000000 00:00 0 
7ffe5e8dc000-7ffe5e8df000 ---p 00000000 00:00 0 
7ffe5e8df000-7ffe5e9dd000 rw-p 00000000 00:00 0 
7ffe5e9dd000-7ffe5e9e2000 r-xp 00000000 08:03 12192225                   /lib/x86_64-linux-gnu/libnss_dns-2.19.so
7ffe5e9e2000-7ffe5ebe1000 ---p 00005000 08:03 12192225                   /lib/x86_64-linux-gnu/libnss_dns-2.19.so
7ffe5ebe1000-7ffe5ebe2000 r--p 00004000 08:03 12192225                   /lib/x86_64-linux-gnu/libnss_dns-2.19.so
7ffe5ebe2000-7ffe5ebe3000 rw-p 00005000 08:03 12192225                   /lib/x86_64-linux-gnu/libnss_dns-2.19.so
7ffe5ebe3000-7ffe5ebe5000 r-xp 00000000 08:03 12058696                   /lib/libnss_mdns4_minimal.so.2
7ffe5ebe5000-7ffe5ede4000 ---p 00002000 08:03 12058696                   /lib/libnss_mdns4_minimal.so.2
7ffe5ede4000-7ffe5ede5000 rw-p 00001000 08:03 12058696                   /lib/libnss_mdns4_minimal.so.2
7ffe5ede5000-7ffe5edfc000 r-xp 00000000 08:03 3934214                    /usr/lib/jvm/java-7-openjdk-amd64/jre/lib/amd64/libnet.so
7ffe5edfc000-7ffe5effb000 ---p 00017000 08:03 3934214                    /usr/lib/jvm/java-7-openjdk-amd64/jre/lib/amd64/libnet.so
7ffe5effb000-7ffe5effc000 r--p 00016000 08:03 3934214                    /usr/lib/jvm/java-7-openjdk-amd64/jre/lib/amd64/libnet.so
7ffe5effc000-7ffe5effd000 rw-p 00017000 08:03 3934214                    /usr/lib/jvm/java-7-openjdk-amd64/jre/lib/amd64/libnet.so
7ffe5effd000-7ffe5effe000 ---p 00000000 00:00 0 
7ffe5effe000-7ffe5f7fe000 rw-p 00000000 00:00 0 
7ffe5f7fe000-7ffe5f7ff000 ---p 00000000 00:00 0 
7ffe5f7ff000-7ffe5ffff000 rw-p 00000000 00:00 0 
7ffe64000000-7ffe64021000 rw-p 00000000 00:00 0 
7ffe64021000-7ffe68000000 ---p 00000000 00:00 0 
7ffe680c9000-7ffe680cc000 ---p 00000000 00:00 0 
7ffe680cc000-7ffe681ca000 rw-p 00000000 00:00 0 
7ffe684ca000-7ffe684cd000 ---p 00000000 00:00 0 
7ffe684cd000-7ffe685cb000 rw-p 00000000 00:00 0 
7ffe68717000-7ffe68e17000 rw-s 00006000 00:05 7289                       /dev/ati/card0
7ffe68e17000-7ffe68e54000 r-xp 00000000 08:03 4201336                    /usr/lib/x86_64-linux-gnu/libatiadlxx.so
7ffe68e54000-7ffe68f53000 ---p 0003d000 08:03 4201336                    /usr/lib/x86_64-linux-gnu/libatiadlxx.so
7ffe68f53000-7ffe68f5d000 rw-p 0003c000 08:03 4201336                    /usr/lib/x86_64-linux-gnu/libatiadlxx.so
7ffe68f5d000-7ffe68f6d000 rw-p 00000000 00:00 0 
7ffe68f6d000-7ffe68f74000 r-xp 00000000 08:03 4201328                    /usr/lib/x86_64-linux-gnu/libatiuki.so.1.0
7ffe68f74000-7ffe69074000 ---p 00007000 08:03 4201328                    /usr/lib/x86_64-linux-gnu/libatiuki.so.1.0
7ffe69074000-7ffe69075000 rw-p 00007000 08:03 4201328                    /usr/lib/x86_64-linux-gnu/libatiuki.so.1.0
7ffe69075000-7ffe69076000 rw-p 00000000 00:00 0 
7ffe69076000-7ffe6af6e000 r-xp 00000000 08:03 4201338                    /usr/lib/x86_64-linux-gnu/dri/fglrx_dri.so
7ffe6af6e000-7ffe6b06d000 ---p 01ef8000 08:03 4201338                    /usr/lib/x86_64-linux-gnu/dri/fglrx_dri.so
7ffe6b06d000-7ffe6b1cb000 rwxp 01ef7000 08:03 4201338                    /usr/lib/x86_64-linux-gnu/dri/fglrx_dri.so
7ffe6b1cb000-7ffe6b2ef000 rwxp 00000000 00:00 0 
7ffe6b2ef000-7ffe6b3b2000 r-xp 00000000 08:03 4201341                    /usr/lib/x86_64-linux-gnu/fglrx/fglrx-libGL.so.1.2
7ffe6b3b2000-7ffe6b4b1000 ---p 000c3000 08:03 4201341                    /usr/lib/x86_64-linux-gnu/fglrx/fglrx-libGL.so.1.2
7ffe6b4b1000-7ffe6b4d8000 rwxp 000c2000 08:03 4201341                    /usr/lib/x86_64-linux-gnu/fglrx/fglrx-libGL.so.1.2
7ffe6b4d8000-7ffe6b4f8000 rwxp 00000000 00:00 0 
7ffe6b4f8000-7ffe6b4fb000 ---p 00000000 00:00 0 
7ffe6b4fb000-7ffe6b5f9000 rw-p 00000000 00:00 0 
7ffe6b5f9000-7ffe6b5fa000 ---p 00000000 00:00 0 
7ffe6b5fa000-7ffe6bdfa000 rw-p 00000000 00:00 0 
7ffe6bdfa000-7ffe6be00000 r-xp 00000000 08:03 4200289                    /usr/lib/x86_64-linux-gnu/libogg.so.0.8.0
7ffe6be00000-7ffe6bfff000 ---p 00006000 08:03 4200289                    /usr/lib/x86_64-linux-gnu/libogg.so.0.8.0
7ffe6bfff000-7ffe6c000000 rw-p 00005000 08:03 4200289                    /usr/lib/x86_64-linux-gnu/libogg.so.0.8.0
7ffe6c000000-7ffe6c021000 rw-p 00000000 00:00 0 
7ffe6c021000-7ffe70000000 ---p 00000000 00:00 0 
7ffe70065000-7ffe70068000 ---p 00000000 00:00 0 
7ffe70068000-7ffe70166000 rw-p 00000000 00:00 0 
7ffe70166000-7ffe70192000 r-xp 00000000 08:03 4200496                    /usr/lib/x86_64-linux-gnu/libvorbis.so.0.4.5
7ffe70192000-7ffe70391000 ---p 0002c000 08:03 4200496                    /usr/lib/x86_64-linux-gnu/libvorbis.so.0.4.5
7ffe70391000-7ffe70392000 r--p 0002b000 08:03 4200496                    /usr/lib/x86_64-linux-gnu/libvorbis.so.0.4.5
7ffe70392000-7ffe70393000 rw-p 0002c000 08:03 4200496                    /usr/lib/x86_64-linux-gnu/libvorbis.so.0.4.5
7ffe70393000-7ffe70646000 r-xp 00000000 08:03 4200498                    /usr/lib/x86_64-linux-gnu/libvorbisenc.so.2.0.8
7ffe70646000-7ffe70845000 ---p 002b3000 08:03 4200498                    /usr/lib/x86_64-linux-gnu/libvorbisenc.so.2.0.8
7ffe70845000-7ffe70861000 r--p 002b2000 08:03 4200498                    /usr/lib/x86_64-linux-gnu/libvorbisenc.so.2.0.8
7ffe70861000-7ffe70862000 rw-p 002ce000 08:03 4200498                    /usr/lib/x86_64-linux-gnu/libvorbisenc.so.2.0.8
7ffe70862000-7ffe708ad000 r-xp 00000000 08:03 4199700                    /usr/lib/x86_64-linux-gnu/libFLAC.so.8.2.0
7ffe708ad000-7ffe70aac000 ---p 0004b000 08:03 4199700                    /usr/lib/x86_64-linux-gnu/libFLAC.so.8.2.0
7ffe70aac000-7ffe70aad000 r--p 0004a000 08:03 4199700                    /usr/lib/x86_64-linux-gnu/libFLAC.so.8.2.0
7ffe70aad000-7ffe70aae000 rw-p 0004b000 08:03 4199700                    /usr/lib/x86_64-linux-gnu/libFLAC.so.8.2.0
7ffe70aae000-7ffe70ab2000 r-xp 00000000 08:03 12190707                   /lib/x86_64-linux-gnu/libuuid.so.1.3.0
7ffe70ab2000-7ffe70cb1000 ---p 00004000 08:03 12190707                   /lib/x86_64-linux-gnu/libuuid.so.1.3.0
7ffe70cb1000-7ffe70cb2000 r--p 00003000 08:03 12190707                   /lib/x86_64-linux-gnu/libuuid.so.1.3.0
7ffe70cb2000-7ffe70cb3000 rw-p 00004000 08:03 12190707                   /lib/x86_64-linux-gnu/libuuid.so.1.3.0
7ffe70cb3000-7ffe70cb7000 r-xp 00000000 08:03 12190559                   /lib/x86_64-linux-gnu/libattr.so.1.1.0
7ffe70cb7000-7ffe70eb6000 ---p 00004000 08:03 12190559                   /lib/x86_64-linux-gnu/libattr.so.1.1.0
7ffe70eb6000-7ffe70eb7000 r--p 00003000 08:03 12190559                   /lib/x86_64-linux-gnu/libattr.so.1.1.0
7ffe70eb7000-7ffe70eb8000 rw-p 00004000 08:03 12190559                   /lib/x86_64-linux-gnu/libattr.so.1.1.0
7ffe70eb8000-7ffe70ebd000 r-xp 00000000 08:03 4199797                    /usr/lib/x86_64-linux-gnu/libasyncns.so.0.3.1
7ffe70ebd000-7ffe710bc000 ---p 00005000 08:03 4199797                    /usr/lib/x86_64-linux-gnu/libasyncns.so.0.3.1
7ffe710bc000-7ffe710bd000 rw-p 00004000 08:03 4199797                    /usr/lib/x86_64-linux-gnu/libasyncns.so.0.3.1
7ffe710bd000-7ffe7111e000 r-xp 00000000 08:03 4200411                    /usr/lib/x86_64-linux-gnu/libsndfile.so.1.0.25
7ffe7111e000-7ffe7131d000 ---p 00061000 08:03 4200411                    /usr/lib/x86_64-linux-gnu/libsndfile.so.1.0.25
7ffe7131d000-7ffe7131f000 r--p 00060000 08:03 4200411                    /usr/lib/x86_64-linux-gnu/libsndfile.so.1.0.25
7ffe7131f000-7ffe71320000 rw-p 00062000 08:03 4200411                    /usr/lib/x86_64-linux-gnu/libsndfile.so.1.0.25
7ffe71320000-7ffe71324000 rw-p 00000000 00:00 0 
7ffe71324000-7ffe7132d000 r-xp 00000000 08:03 12190709                   /lib/x86_64-linux-gnu/libwrap.so.0.7.6
7ffe7132d000-7ffe7152c000 ---p 00009000 08:03 12190709                   /lib/x86_64-linux-gnu/libwrap.so.0.7.6
7ffe7152c000-7ffe7152d000 r--p 00008000 08:03 12190709                   /lib/x86_64-linux-gnu/libwrap.so.0.7.6
7ffe7152d000-7ffe7152e000 rw-p 00009000 08:03 12190709                   /lib/x86_64-linux-gnu/libwrap.so.0.7.6
7ffe7152e000-7ffe7152f000 rw-p 00000000 00:00 0 
7ffe7152f000-7ffe71536000 r-xp 00000000 08:03 4199720                    /usr/lib/x86_64-linux-gnu/libSM.so.6.0.1
7ffe71536000-7ffe71735000 ---p 00007000 08:03 4199720                    /usr/lib/x86_64-linux-gnu/libSM.so.6.0.1
7ffe71735000-7ffe71736000 rw-p 00006000 08:03 4199720                    /usr/lib/x86_64-linux-gnu/libSM.so.6.0.1
7ffe71736000-7ffe7174d000 r-xp 00000000 08:03 4199710                    /usr/lib/x86_64-linux-gnu/libICE.so.6.3.0
7ffe7174d000-7ffe7194c000 ---p 00017000 08:03 4199710                    /usr/lib/x86_64-linux-gnu/libICE.so.6.3.0
7ffe7194c000-7ffe7194e000 rw-p 00016000 08:03 4199710                    /usr/lib/x86_64-linux-gnu/libICE.so.6.3.0
7ffe7194e000-7ffe71951000 rw-p 00000000 00:00 0 
7ffe71951000-7ffe71952000 r-xp 00000000 08:03 4199726                    /usr/lib/x86_64-linux-gnu/libX11-xcb.so.1.0.0
7ffe71952000-7ffe71b51000 ---p 00001000 08:03 4199726                    /usr/lib/x86_64-linux-gnu/libX11-xcb.so.1.0.0
7ffe71b51000-7ffe71b52000 rw-p 00000000 08:03 4199726                    /usr/lib/x86_64-linux-gnu/libX11-xcb.so.1.0.0
7ffe71b52000-7ffe71b56000 r-xp 00000000 08:03 12190572                   /lib/x86_64-linux-gnu/libcap.so.2.22
7ffe71b56000-7ffe71d55000 ---p 00004000 08:03 12190572                   /lib/x86_64-linux-gnu/libcap.so.2.22
7ffe71d55000-7ffe71d56000 rw-p 00003000 08:03 12190572                   /lib/x86_64-linux-gnu/libcap.so.2.22
7ffe71d56000-7ffe71db7000 r-xp 00000000 08:03 4325923                    /usr/lib/x86_64-linux-gnu/pulseaudio/libpulsecommon-2.0.so
7ffe71db7000-7ffe71fb6000 ---p 00061000 08:03 4325923                    /usr/lib/x86_64-linux-gnu/pulseaudio/libpulsecommon-2.0.so
7ffe71fb6000-7ffe71fb7000 r--p 00060000 08:03 4325923                    /usr/lib/x86_64-linux-gnu/pulseaudio/libpulsecommon-2.0.so
7ffe71fb7000-7ffe71fb9000 rw-p 00061000 08:03 4325923                    /usr/lib/x86_64-linux-gnu/pulseaudio/libpulsecommon-2.0.so
7ffe71fb9000-7ffe71fc2000 r-xp 00000000 08:03 12190608                   /lib/x86_64-linux-gnu/libjson.so.0.1.0
7ffe71fc2000-7ffe721c1000 ---p 00009000 08:03 12190608                   /lib/x86_64-linux-gnu/libjson.so.0.1.0
7ffe721c1000-7ffe721c2000 r--p 00008000 08:03 12190608                   /lib/x86_64-linux-gnu/libjson.so.0.1.0
7ffe721c2000-7ffe721c3000 rw-p 00009000 08:03 12190608                   /lib/x86_64-linux-gnu/libjson.so.0.1.0
7ffe721c3000-7ffe7220c000 r-xp 00000000 08:03 4200364                    /usr/lib/x86_64-linux-gnu/libpulse.so.0.14.2
7ffe7220c000-7ffe7240b000 ---p 00049000 08:03 4200364                    /usr/lib/x86_64-linux-gnu/libpulse.so.0.14.2
7ffe7240b000-7ffe7240c000 r--p 00048000 08:03 4200364                    /usr/lib/x86_64-linux-gnu/libpulse.so.0.14.2
7ffe7240c000-7ffe7240d000 rw-p 00049000 08:03 4200364                    /usr/lib/x86_64-linux-gnu/libpulse.so.0.14.2
7ffe72666000-7ffe7266a000 r-xp 00000000 08:03 4199775                    /usr/lib/x86_64-linux-gnu/libXxf86vm.so.1.0.0
7ffe7266a000-7ffe7286a000 ---p 00004000 08:03 4199775                    /usr/lib/x86_64-linux-gnu/libXxf86vm.so.1.0.0
7ffe7286a000-7ffe7286b000 r--p 00004000 08:03 4199775                    /usr/lib/x86_64-linux-gnu/libXxf86vm.so.1.0.0
7ffe7286b000-7ffe7286c000 rw-p 00005000 08:03 4199775                    /usr/lib/x86_64-linux-gnu/libXxf86vm.so.1.0.0
7ffe7286c000-7ffe728d8000 r-xp 00000000 08:01 301131                     /media/winDisk/Users/ChobeDucket/Documents/sheep/android/assets/.temp/7b43be9b/liblwjgl64.so
7ffe728d8000-7ffe72ad7000 ---p 0006c000 08:01 301131                     /media/winDisk/Users/ChobeDucket/Documents/sheep/android/assets/.temp/7b43be9b/liblwjgl64.so
7ffe72ad7000-7ffe72ad9000 r--p 0006b000 08:01 301131                     /media/winDisk/Users/ChobeDucket/Documents/sheep/android/assets/.temp/7b43be9b/liblwjgl64.so
7ffe72ad9000-7ffe72ada000 rw-p 0006d000 08:01 301131                     /media/winDisk/Users/ChobeDucket/Documents/sheep/android/assets/.temp/7b43be9b/liblwjgl64.so
7ffe72ada000-7ffe72adb000 r-xp 00000000 08:03 3934229                    /usr/lib/jvm/java-7-openjdk-amd64/jre/lib/amd64/libjawt.so
7ffe72adb000-7ffe72cda000 ---p 00001000 08:03 3934229                    /usr/lib/jvm/java-7-openjdk-amd64/jre/lib/amd64/libjawt.so
7ffe72cda000-7ffe72cdb000 r--p 00000000 08:03 3934229                    /usr/lib/jvm/java-7-openjdk-amd64/jre/lib/amd64/libjawt.so
7ffe72cdb000-7ffe72cdc000 rw-p 00001000 08:03 3934229                    /usr/lib/jvm/java-7-openjdk-amd64/jre/lib/amd64/libjawt.so
7ffe72cdc000-7ffe72cdf000 r-xp 00000000 08:03 12190599                   /lib/x86_64-linux-gnu/libgpg-error.so.0.8.0
7ffe72cdf000-7ffe72ede000 ---p 00003000 08:03 12190599                   /lib/x86_64-linux-gnu/libgpg-error.so.0.8.0
7ffe72ede000-7ffe72edf000 rw-p 00002000 08:03 12190599                   /lib/x86_64-linux-gnu/libgpg-error.so.0.8.0
7ffe72edf000-7ffe72f23000 r-xp 00000000 08:03 12190580                   /lib/x86_64-linux-gnu/libdbus-1.so.3.7.2
7ffe72f23000-7ffe73123000 ---p 00044000 08:03 12190580                   /lib/x86_64-linux-gnu/libdbus-1.so.3.7.2
7ffe73123000-7ffe73124000 r--p 00044000 08:03 12190580                   /lib/x86_64-linux-gnu/libdbus-1.so.3.7.2
7ffe73124000-7ffe73125000 rw-p 00045000 08:03 12190580                   /lib/x86_64-linux-gnu/libdbus-1.so.3.7.2
7ffe73125000-7ffe73136000 r-xp 00000000 08:03 4200305                    /usr/lib/x86_64-linux-gnu/libp11-kit.so.0.0.0
7ffe73136000-7ffe73335000 ---p 00011000 08:03 4200305                    /usr/lib/x86_64-linux-gnu/libp11-kit.so.0.0.0
7ffe73335000-7ffe73336000 r--p 00010000 08:03 4200305                    /usr/lib/x86_64-linux-gnu/libp11-kit.so.0.0.0
7ffe73336000-7ffe73337000 rw-p 00011000 08:03 4200305                    /usr/lib/x86_64-linux-gnu/libp11-kit.so.0.0.0
7ffe73337000-7ffe733b1000 r-xp 00000000 08:03 12190595                   /lib/x86_64-linux-gnu/libgcrypt.so.11.7.0
7ffe733b1000-7ffe735b1000 ---p 0007a000 08:03 12190595                   /lib/x86_64-linux-gnu/libgcrypt.so.11.7.0
7ffe735b1000-7ffe735b2000 r--p 0007a000 08:03 12190595                   /lib/x86_64-linux-gnu/libgcrypt.so.11.7.0
7ffe735b2000-7ffe735b5000 rw-p 0007b000 08:03 12190595                   /lib/x86_64-linux-gnu/libgcrypt.so.11.7.0
7ffe735b5000-7ffe735c5000 r-xp 00000000 08:03 4200448                    /usr/lib/x86_64-linux-gnu/libtasn1.so.3.1.16
7ffe735c5000-7ffe737c4000 ---p 00010000 08:03 4200448                    /usr/lib/x86_64-linux-gnu/libtasn1.so.3.1.16
7ffe737c4000-7ffe737c5000 r--p 0000f000 08:03 4200448                    /usr/lib/x86_64-linux-gnu/libtasn1.so.3.1.16
7ffe737c5000-7ffe737c6000 rw-p 00010000 08:03 4200448                    /usr/lib/x86_64-linux-gnu/libtasn1.so.3.1.16
7ffe737c6000-7ffe737c9000 r-xp 00000000 08:03 12190610                   /lib/x86_64-linux-gnu/libkeyutils.so.1.4
7ffe737c9000-7ffe739c8000 ---p 00003000 08:03 12190610                   /lib/x86_64-linux-gnu/libkeyutils.so.1.4
7ffe739c8000-7ffe739c9000 r--p 00002000 08:03 12190610                   /lib/x86_64-linux-gnu/libkeyutils.so.1.4
7ffe739c9000-7ffe739ca000 rw-p 00003000 08:03 12190610                   /lib/x86_64-linux-gnu/libkeyutils.so.1.4
7ffe739ca000-7ffe739d2000 r-xp 00000000 08:03 4200208                    /usr/lib/x86_64-linux-gnu/libkrb5support.so.0.1
7ffe739d2000-7ffe73bd1000 ---p 00008000 08:03 4200208                    /usr/lib/x86_64-linux-gnu/libkrb5support.so.0.1
7ffe73bd1000-7ffe73bd2000 r--p 00007000 08:03 4200208                    /usr/lib/x86_64-linux-gnu/libkrb5support.so.0.1
7ffe73bd2000-7ffe73bd3000 rw-p 00008000 08:03 4200208                    /usr/lib/x86_64-linux-gnu/libkrb5support.so.0.1
7ffe73bd3000-7ffe73bd6000 r-xp 00000000 08:03 12190576                   /lib/x86_64-linux-gnu/libcom_err.so.2.1
7ffe73bd6000-7ffe73dd5000 ---p 00003000 08:03 12190576                   /lib/x86_64-linux-gnu/libcom_err.so.2.1
7ffe73dd5000-7ffe73dd6000 r--p 00002000 08:03 12190576                   /lib/x86_64-linux-gnu/libcom_err.so.2.1
7ffe73dd6000-7ffe73dd7000 rw-p 00003000 08:03 12190576                   /lib/x86_64-linux-gnu/libcom_err.so.2.1
7ffe73dd7000-7ffe73dfd000 r-xp 00000000 08:03 4200198                    /usr/lib/x86_64-linux-gnu/libk5crypto.so.3.1
7ffe73dfd000-7ffe73ffd000 ---p 00026000 08:03 4200198                    /usr/lib/x86_64-linux-gnu/libk5crypto.so.3.1
7ffe73ffd000-7ffe73ffe000 r--p 00026000 08:03 4200198                    /usr/lib/x86_64-linux-gnu/libk5crypto.so.3.1
7ffe73ffe000-7ffe73fff000 rw-p 00027000 08:03 4200198                    /usr/lib/x86_64-linux-gnu/libk5crypto.so.3.1
7ffe73fff000-7ffe74000000 rw-p 00000000 00:00 0 
7ffe74000000-7ffe74021000 rw-p 00000000 00:00 0 
7ffe74021000-7ffe78000000 ---p 00000000 00:00 0 
7ffe78087000-7ffe78150000 r-xp 00000000 08:03 4200206                    /usr/lib/x86_64-linux-gnu/libkrb5.so.3.3
7ffe78150000-7ffe7834f000 ---p 000c9000 08:03 4200206                    /usr/lib/x86_64-linux-gnu/libkrb5.so.3.3
7ffe7834f000-7ffe78359000 r--p 000c8000 08:03 4200206                    /usr/lib/x86_64-linux-gnu/libkrb5.so.3.3
7ffe78359000-7ffe7835b000 rw-p 000d2000 08:03 4200206                    /usr/lib/x86_64-linux-gnu/libkrb5.so.3.3
7ffe7835b000-7ffe78360000 r-xp 00000000 08:03 4199743                    /usr/lib/x86_64-linux-gnu/libXdmcp.so.6.0.0
7ffe78360000-7ffe7855f000 ---p 00005000 08:03 4199743                    /usr/lib/x86_64-linux-gnu/libXdmcp.so.6.0.0
7ffe7855f000-7ffe78560000 rw-p 00004000 08:03 4199743                    /usr/lib/x86_64-linux-gnu/libXdmcp.so.6.0.0
7ffe78560000-7ffe78562000 r-xp 00000000 08:03 4199732                    /usr/lib/x86_64-linux-gnu/libXau.so.6.0.0
7ffe78562000-7ffe78762000 ---p 00002000 08:03 4199732                    /usr/lib/x86_64-linux-gnu/libXau.so.6.0.0
7ffe78762000-7ffe78763000 rw-p 00002000 08:03 4199732                    /usr/lib/x86_64-linux-gnu/libXau.so.6.0.0
7ffe78763000-7ffe78773000 r-xp 00000000 08:03 4199807                    /usr/lib/x86_64-linux-gnu/libavahi-client.so.3.2.9
7ffe78773000-7ffe78972000 ---p 00010000 08:03 4199807                    /usr/lib/x86_64-linux-gnu/libavahi-client.so.3.2.9
7ffe78972000-7ffe78973000 r--p 0000f000 08:03 4199807                    /usr/lib/x86_64-linux-gnu/libavahi-client.so.3.2.9
7ffe78973000-7ffe78974000 rw-p 00010000 08:03 4199807                    /usr/lib/x86_64-linux-gnu/libavahi-client.so.3.2.9
7ffe78974000-7ffe78980000 r-xp 00000000 08:03 4199809                    /usr/lib/x86_64-linux-gnu/libavahi-common.so.3.5.3
7ffe78980000-7ffe78b7f000 ---p 0000c000 08:03 4199809                    /usr/lib/x86_64-linux-gnu/libavahi-common.so.3.5.3
7ffe78b7f000-7ffe78b80000 r--p 0000b000 08:03 4199809                    /usr/lib/x86_64-linux-gnu/libavahi-common.so.3.5.3
7ffe78b80000-7ffe78b81000 rw-p 0000c000 08:03 4199809                    /usr/lib/x86_64-linux-gnu/libavahi-common.so.3.5.3
7ffe78b81000-7ffe78c3a000 r-xp 00000000 08:03 4200060                    /usr/lib/x86_64-linux-gnu/libgnutls.so.26.22.4
7ffe78c3a000-7ffe78e39000 ---p 000b9000 08:03 4200060                    /usr/lib/x86_64-linux-gnu/libgnutls.so.26.22.4
7ffe78e39000-7ffe78e3f000 r--p 000b8000 08:03 4200060                    /usr/lib/x86_64-linux-gnu/libgnutls.so.26.22.4
7ffe78e3f000-7ffe78e41000 rw-p 000be000 08:03 4200060                    /usr/lib/x86_64-linux-gnu/libgnutls.so.26.22.4
7ffe78e41000-7ffe78e7d000 r-xp 00000000 08:03 4200085                    /usr/lib/x86_64-linux-gnu/libgssapi_krb5.so.2.2
7ffe78e7d000-7ffe7907d000 ---p 0003c000 08:03 4200085                    /usr/lib/x86_64-linux-gnu/libgssapi_krb5.so.2.2
7ffe7907d000-7ffe7907e000 r--p 0003c000 08:03 4200085                    /usr/lib/x86_64-linux-gnu/libgssapi_krb5.so.2.2
7ffe7907e000-7ffe79080000 rw-p 0003d000 08:03 4200085                    /usr/lib/x86_64-linux-gnu/libgssapi_krb5.so.2.2
7ffe79080000-7ffe790bc000 r-xp 00000000 08:03 12190663                   /lib/x86_64-linux-gnu/libpcre.so.3.13.1
7ffe790bc000-7ffe792bc000 ---p 0003c000 08:03 12190663                   /lib/x86_64-linux-gnu/libpcre.so.3.13.1
7ffe792bc000-7ffe792bd000 rw-p 0003c000 08:03 12190663                   /lib/x86_64-linux-gnu/libpcre.so.3.13.1
7ffe792bd000-7ffe792c9000 r-xp 00000000 08:03 4199961                    /usr/lib/x86_64-linux-gnu/libffi.so.5.0.10
7ffe792c9000-7ffe794c9000 ---p 0000c000 08:03 4199961                    /usr/lib/x86_64-linux-gnu/libffi.so.5.0.10
7ffe794c9000-7ffe794ca000 rw-p 0000c000 08:03 4199961                    /usr/lib/x86_64-linux-gnu/libffi.so.5.0.10
7ffe794ca000-7ffe794f1000 r-xp 00000000 08:03 12190588                   /lib/x86_64-linux-gnu/libexpat.so.1.6.0
7ffe794f1000-7ffe796f1000 ---p 00027000 08:03 12190588                   /lib/x86_64-linux-gnu/libexpat.so.1.6.0
7ffe796f1000-7ffe796f3000 r--p 00027000 08:03 12190588                   /lib/x86_64-linux-gnu/libexpat.so.1.6.0
7ffe796f3000-7ffe796f4000 rw-p 00029000 08:03 12190588                   /lib/x86_64-linux-gnu/libexpat.so.1.6.0
7ffe796f4000-7ffe796fc000 r-xp 00000000 08:03 4200521                    /usr/lib/x86_64-linux-gnu/libxcb-render.so.0.0.0
7ffe796fc000-7ffe798fc000 ---p 00008000 08:03 4200521                    /usr/lib/x86_64-linux-gnu/libxcb-render.so.0.0.0
7ffe798fc000-7ffe798fd000 r--p 00008000 08:03 4200521                    /usr/lib/x86_64-linux-gnu/libxcb-render.so.0.0.0
7ffe798fd000-7ffe798fe000 rw-p 00009000 08:03 4200521                    /usr/lib/x86_64-linux-gnu/libxcb-render.so.0.0.0
7ffe798fe000-7ffe79900000 r-xp 00000000 08:03 4200525                    /usr/lib/x86_64-linux-gnu/libxcb-shm.so.0.0.0
7ffe79900000-7ffe79aff000 ---p 00002000 08:03 4200525                    /usr/lib/x86_64-linux-gnu/libxcb-shm.so.0.0.0
7ffe79aff000-7ffe79b00000 r--p 00001000 08:03 4200525                    /usr/lib/x86_64-linux-gnu/libxcb-shm.so.0.0.0
7ffe79b00000-7ffe79b01000 rw-p 00002000 08:03 4200525                    /usr/lib/x86_64-linux-gnu/libxcb-shm.so.0.0.0
7ffe79b01000-7ffe79b81000 r-xp 00000000 08:03 4200335                    /usr/lib/x86_64-linux-gnu/libpixman-1.so.0.26.0
7ffe79b81000-7ffe79d81000 ---p 00080000 08:03 4200335                    /usr/lib/x86_64-linux-gnu/libpixman-1.so.0.26.0
7ffe79d81000-7ffe79d87000 rw-p 00080000 08:03 4200335                    /usr/lib/x86_64-linux-gnu/libpixman-1.so.0.26.0
7ffe79d87000-7ffe79dad000 r-xp 00000000 08:03 12190665                   /lib/x86_64-linux-gnu/libpng12.so.0.49.0
7ffe79dad000-7ffe79fac000 ---p 00026000 08:03 12190665                   /lib/x86_64-linux-gnu/libpng12.so.0.49.0
7ffe79fac000-7ffe79fad000 r--p 00025000 08:03 12190665                   /lib/x86_64-linux-gnu/libpng12.so.0.49.0
7ffe79fad000-7ffe79fae000 rw-p 00026000 08:03 12190665                   /lib/x86_64-linux-gnu/libpng12.so.0.49.0
7ffe79fae000-7ffe79fc2000 r-xp 00000000 08:03 12192206                   /lib/x86_64-linux-gnu/libresolv-2.19.so
7ffe79fc2000-7ffe7a1c1000 ---p 00014000 08:03 12192206                   /lib/x86_64-linux-gnu/libresolv-2.19.so
7ffe7a1c1000-7ffe7a1c2000 r--p 00013000 08:03 12192206                   /lib/x86_64-linux-gnu/libresolv-2.19.so
7ffe7a1c2000-7ffe7a1c3000 rw-p 00014000 08:03 12192206                   /lib/x86_64-linux-gnu/libresolv-2.19.so
7ffe7a1c3000-7ffe7a1c5000 rw-p 00000000 00:00 0 
7ffe7a1c5000-7ffe7a1e3000 r-xp 00000000 08:03 12190680                   /lib/x86_64-linux-gnu/libselinux.so.1
7ffe7a1e3000-7ffe7a3e2000 ---p 0001e000 08:03 12190680                   /lib/x86_64-linux-gnu/libselinux.so.1
7ffe7a3e2000-7ffe7a3e3000 r--p 0001d000 08:03 12190680                   /lib/x86_64-linux-gnu/libselinux.so.1
7ffe7a3e3000-7ffe7a3e4000 rw-p 0001e000 08:03 12190680                   /lib/x86_64-linux-gnu/libselinux.so.1
7ffe7a3e4000-7ffe7a3e5000 rw-p 00000000 00:00 0 
7ffe7a3e5000-7ffe7a3e8000 r-xp 00000000 08:03 4200052                    /usr/lib/x86_64-linux-gnu/libgmodule-2.0.so.0.3200.4
7ffe7a3e8000-7ffe7a5e7000 ---p 00003000 08:03 4200052                    /usr/lib/x86_64-linux-gnu/libgmodule-2.0.so.0.3200.4
7ffe7a5e7000-7ffe7a5e8000 r--p 00002000 08:03 4200052                    /usr/lib/x86_64-linux-gnu/libgmodule-2.0.so.0.3200.4
7ffe7a5e8000-7ffe7a5e9000 rw-p 00003000 08:03 4200052                    /usr/lib/x86_64-linux-gnu/libgmodule-2.0.so.0.3200.4
7ffe7a5e9000-7ffe7a5f3000 r-xp 00000000 08:03 4199739                    /usr/lib/x86_64-linux-gnu/libXcursor.so.1.0.2
7ffe7a5f3000-7ffe7a7f2000 ---p 0000a000 08:03 4199739                    /usr/lib/x86_64-linux-gnu/libXcursor.so.1.0.2
7ffe7a7f2000-7ffe7a7f3000 rw-p 00009000 08:03 4199739                    /usr/lib/x86_64-linux-gnu/libXcursor.so.1.0.2
7ffe7a7f3000-7ffe7a7fa000 r-xp 00000000 08:03 4199761                    /usr/lib/x86_64-linux-gnu/libXrandr.so.2.2.0
7ffe7a7fa000-7ffe7a9fa000 ---p 00007000 08:03 4199761                    /usr/lib/x86_64-linux-gnu/libXrandr.so.2.2.0
7ffe7a9fa000-7ffe7a9fb000 rw-p 00007000 08:03 4199761                    /usr/lib/x86_64-linux-gnu/libXrandr.so.2.2.0
7ffe7a9fb000-7ffe7a9fd000 r-xp 00000000 08:03 4199753                    /usr/lib/x86_64-linux-gnu/libXinerama.so.1.0.0
7ffe7a9fd000-7ffe7abfc000 ---p 00002000 08:03 4199753                    /usr/lib/x86_64-linux-gnu/libXinerama.so.1.0.0
7ffe7abfc000-7ffe7abfd000 rw-p 00001000 08:03 4199753                    /usr/lib/x86_64-linux-gnu/libXinerama.so.1.0.0
7ffe7abfd000-7ffe7ac02000 r-xp 00000000 08:03 4199747                    /usr/lib/x86_64-linux-gnu/libXfixes.so.3.1.0
7ffe7ac02000-7ffe7ae01000 ---p 00005000 08:03 4199747                    /usr/lib/x86_64-linux-gnu/libXfixes.so.3.1.0
7ffe7ae01000-7ffe7ae02000 r--p 00004000 08:03 4199747                    /usr/lib/x86_64-linux-gnu/libXfixes.so.3.1.0
7ffe7ae02000-7ffe7ae03000 rw-p 00005000 08:03 4199747                    /usr/lib/x86_64-linux-gnu/libXfixes.so.3.1.0
7ffe7ae03000-7ffe7ae05000 r-xp 00000000 08:03 4199741                    /usr/lib/x86_64-linux-gnu/libXdamage.so.1.1.0
7ffe7ae05000-7ffe7b004000 ---p 00002000 08:03 4199741                    /usr/lib/x86_64-linux-gnu/libXdamage.so.1.1.0
7ffe7b004000-7ffe7b005000 rw-p 00001000 08:03 4199741                    /usr/lib/x86_64-linux-gnu/libXdamage.so.1.1.0
7ffe7b005000-7ffe7b007000 r-xp 00000000 08:03 4199737                    /usr/lib/x86_64-linux-gnu/libXcomposite.so.1.0.0
7ffe7b007000-7ffe7b206000 ---p 00002000 08:03 4199737                    /usr/lib/x86_64-linux-gnu/libXcomposite.so.1.0.0
7ffe7b206000-7ffe7b207000 rw-p 00001000 08:03 4199737                    /usr/lib/x86_64-linux-gnu/libXcomposite.so.1.0.0
7ffe7b207000-7ffe7b226000 r-xp 00000000 08:03 4200529                    /usr/lib/x86_64-linux-gnu/libxcb.so.1.1.0
7ffe7b226000-7ffe7b425000 ---p 0001f000 08:03 4200529                    /usr/lib/x86_64-linux-gnu/libxcb.so.1.1.0
7ffe7b425000-7ffe7b426000 r--p 0001e000 08:03 4200529                    /usr/lib/x86_64-linux-gnu/libxcb.so.1.1.0
7ffe7b426000-7ffe7b427000 rw-p 0001f000 08:03 4200529                    /usr/lib/x86_64-linux-gnu/libxcb.so.1.1.0
7ffe7b427000-7ffe7b47a000 r-xp 00000000 08:03 4199889                    /usr/lib/x86_64-linux-gnu/libcups.so.2
7ffe7b47a000-7ffe7b679000 ---p 00053000 08:03 4199889                    /usr/lib/x86_64-linux-gnu/libcups.so.2
7ffe7b679000-7ffe7b67e000 r--p 00052000 08:03 4199889                    /usr/lib/x86_64-linux-gnu/libcups.so.2
7ffe7b67e000-7ffe7b67f000 rw-p 00057000 08:03 4199889                    /usr/lib/x86_64-linux-gnu/libcups.so.2
7ffe7b67f000-7ffe7b774000 r-xp 00000000 08:03 12190597                   /lib/x86_64-linux-gnu/libglib-2.0.so.0.3200.4
7ffe7b774000-7ffe7b974000 ---p 000f5000 08:03 12190597                   /lib/x86_64-linux-gnu/libglib-2.0.so.0.3200.4
7ffe7b974000-7ffe7b975000 r--p 000f5000 08:03 12190597                   /lib/x86_64-linux-gnu/libglib-2.0.so.0.3200.4
7ffe7b975000-7ffe7b976000 rw-p 000f6000 08:03 12190597                   /lib/x86_64-linux-gnu/libglib-2.0.so.0.3200.4
7ffe7b976000-7ffe7b977000 rw-p 00000000 00:00 0 
7ffe7b977000-7ffe7b978000 r-xp 00000000 08:03 4200137                    /usr/lib/x86_64-linux-gnu/libgthread-2.0.so.0.3200.4
7ffe7b978000-7ffe7bb77000 ---p 00001000 08:03 4200137                    /usr/lib/x86_64-linux-gnu/libgthread-2.0.so.0.3200.4
7ffe7bb77000-7ffe7bb78000 r--p 00000000 08:03 4200137                    /usr/lib/x86_64-linux-gnu/libgthread-2.0.so.0.3200.4
7ffe7bb78000-7ffe7bb79000 rw-p 00001000 08:03 4200137                    /usr/lib/x86_64-linux-gnu/libgthread-2.0.so.0.3200.4
7ffe7bb79000-7ffe7bbc7000 r-xp 00000000 08:03 4200068                    /usr/lib/x86_64-linux-gnu/libgobject-2.0.so.0.3200.4
7ffe7bbc7000-7ffe7bdc7000 ---p 0004e000 08:03 4200068                    /usr/lib/x86_64-linux-gnu/libgobject-2.0.so.0.3200.4
7ffe7bdc7000-7ffe7bdc8000 r--p 0004e000 08:03 4200068                    /usr/lib/x86_64-linux-gnu/libgobject-2.0.so.0.3200.4
7ffe7bdc8000-7ffe7bdc9000 rw-p 0004f000 08:03 4200068                    /usr/lib/x86_64-linux-gnu/libgobject-2.0.so.0.3200.4
7ffe7bdc9000-7ffe7bdfe000 r-xp 00000000 08:03 4199999                    /usr/lib/x86_64-linux-gnu/libfontconfig.so.1.5.0
7ffe7bdfe000-7ffe7bffe000 ---p 00035000 08:03 4199999                    /usr/lib/x86_64-linux-gnu/libfontconfig.so.1.5.0
7ffe7bffe000-7ffe7bfff000 r--p 00035000 08:03 4199999                    /usr/lib/x86_64-linux-gnu/libfontconfig.so.1.5.0
7ffe7bfff000-7ffe7c000000 rw-p 00036000 08:03 4199999                    /usr/lib/x86_64-linux-gnu/libfontconfig.so.1.5.0
7ffe7c000000-7ffe7c8e2000 rw-p 00000000 00:00 0 
7ffe7c8e2000-7ffe80000000 ---p 00000000 00:00 0 
7ffe80000000-7ffe80021000 rw-p 00000000 00:00 0 
7ffe80021000-7ffe84000000 ---p 00000000 00:00 0 
7ffe84000000-7ffe84021000 rw-p 00000000 00:00 0 
7ffe84021000-7ffe88000000 ---p 00000000 00:00 0 
7ffe88000000-7ffe88f6f000 rw-p 00000000 00:00 0 
7ffe88f6f000-7ffe8c000000 ---p 00000000 00:00 0 
7ffe8c000000-7ffe8c021000 rw-p 00000000 00:00 0 
7ffe8c021000-7ffe90000000 ---p 00000000 00:00 0 
7ffe90000000-7ffe90021000 rw-p 00000000 00:00 0 
7ffe90021000-7ffe94000000 ---p 00000000 00:00 0 
7ffe94000000-7ffe94021000 rw-p 00000000 00:00 0 
7ffe94021000-7ffe98000000 ---p 00000000 00:00 0 
7ffe98008000-7ffe980cd000 rw-p 00000000 00:00 0 
7ffe980cd000-7ffe980d0000 ---p 00000000 00:00 0 
7ffe980d0000-7ffe981ce000 rw-p 00000000 00:00 0 
7ffe981ce000-7ffe98267000 r-xp 00000000 08:03 4200007                    /usr/lib/x86_64-linux-gnu/libfreetype.so.6.8.1
7ffe98267000-7ffe98466000 ---p 00099000 08:03 4200007                    /usr/lib/x86_64-linux-gnu/libfreetype.so.6.8.1
7ffe98466000-7ffe9846c000 r--p 00098000 08:03 4200007                    /usr/lib/x86_64-linux-gnu/libfreetype.so.6.8.1
7ffe9846c000-7ffe9846d000 rw-p 0009e000 08:03 4200007                    /usr/lib/x86_64-linux-gnu/libfreetype.so.6.8.1
7ffe9846d000-7ffe984b7000 r-xp 00000000 08:03 4200313                    /usr/lib/x86_64-linux-gnu/libpango-1.0.so.0.3000.0
7ffe984b7000-7ffe986b7000 ---p 0004a000 08:03 4200313                    /usr/lib/x86_64-linux-gnu/libpango-1.0.so.0.3000.0
7ffe986b7000-7ffe986b9000 r--p 0004a000 08:03 4200313                    /usr/lib/x86_64-linux-gnu/libpango-1.0.so.0.3000.0
7ffe986b9000-7ffe986ba000 rw-p 0004c000 08:03 4200313                    /usr/lib/x86_64-linux-gnu/libpango-1.0.so.0.3000.0
7ffe986ba000-7ffe987ae000 r-xp 00000000 08:03 4199843                    /usr/lib/x86_64-linux-gnu/libcairo.so.2.11200.2
7ffe987ae000-7ffe989ad000 ---p 000f4000 08:03 4199843                    /usr/lib/x86_64-linux-gnu/libcairo.so.2.11200.2
7ffe989ad000-7ffe989b0000 r--p 000f3000 08:03 4199843                    /usr/lib/x86_64-linux-gnu/libcairo.so.2.11200.2
7ffe989b0000-7ffe989b1000 rw-p 000f6000 08:03 4199843                    /usr/lib/x86_64-linux-gnu/libcairo.so.2.11200.2
7ffe989b1000-7ffe989b3000 rw-p 00000000 00:00 0 
7ffe989b3000-7ffe989d2000 r-xp 00000000 08:03 4200030                    /usr/lib/x86_64-linux-gnu/libgdk_pixbuf-2.0.so.0.2600.1
7ffe989d2000-7ffe98bd1000 ---p 0001f000 08:03 4200030                    /usr/lib/x86_64-linux-gnu/libgdk_pixbuf-2.0.so.0.2600.1
7ffe98bd1000-7ffe98bd2000 r--p 0001e000 08:03 4200030                    /usr/lib/x86_64-linux-gnu/libgdk_pixbuf-2.0.so.0.2600.1
7ffe98bd2000-7ffe98bd3000 rw-p 0001f000 08:03 4200030                    /usr/lib/x86_64-linux-gnu/libgdk_pixbuf-2.0.so.0.2600.1
7ffe98bd3000-7ffe98bdf000 r-xp 00000000 08:03 4200315                    /usr/lib/x86_64-linux-gnu/libpangocairo-1.0.so.0.3000.0
7ffe98bdf000-7ffe98dde000 ---p 0000c000 08:03 4200315                    /usr/lib/x86_64-linux-gnu/libpangocairo-1.0.so.0.3000.0
7ffe98dde000-7ffe98ddf000 r--p 0000b000 08:03 4200315                    /usr/lib/x86_64-linux-gnu/libpangocairo-1.0.so.0.3000.0
7ffe98ddf000-7ffe98de0000 rw-p 0000c000 08:03 4200315                    /usr/lib/x86_64-linux-gnu/libpangocairo-1.0.so.0.3000.0
7ffe98de0000-7ffe98e0a000 r-xp 00000000 08:03 4200317                    /usr/lib/x86_64-linux-gnu/libpangoft2-1.0.so.0.3000.0
7ffe98e0a000-7ffe99009000 ---p 0002a000 08:03 4200317                    /usr/lib/x86_64-linux-gnu/libpangoft2-1.0.so.0.3000.0
7ffe99009000-7ffe9900a000 r--p 00029000 08:03 4200317                    /usr/lib/x86_64-linux-gnu/libpangoft2-1.0.so.0.3000.0
7ffe9900a000-7ffe9900b000 rw-p 0002a000 08:03 4200317                    /usr/lib/x86_64-linux-gnu/libpangoft2-1.0.so.0.3000.0
7ffe9900b000-7ffe99157000 r-xp 00000000 08:03 4200042                    /usr/lib/x86_64-linux-gnu/libgio-2.0.so.0.3200.4
7ffe99157000-7ffe99356000 ---p 0014c000 08:03 4200042                    /usr/lib/x86_64-linux-gnu/libgio-2.0.so.0.3200.4
7ffe99356000-7ffe9935a000 r--p 0014b000 08:03 4200042                    /usr/lib/x86_64-linux-gnu/libgio-2.0.so.0.3200.4
7ffe9935a000-7ffe9935c000 rw-p 0014f000 08:03 4200042                    /usr/lib/x86_64-linux-gnu/libgio-2.0.so.0.3200.4
7ffe9935c000-7ffe9935e000 rw-p 00000000 00:00 0 
7ffe9935e000-7ffe9940d000 r-xp 00000000 08:03 4200028                    /usr/lib/x86_64-linux-gnu/libgdk-x11-2.0.so.0.2400.10
7ffe9940d000-7ffe9960c000 ---p 000af000 08:03 4200028                    /usr/lib/x86_64-linux-gnu/libgdk-x11-2.0.so.0.2400.10
7ffe9960c000-7ffe99611000 rw-p 000ae000 08:03 4200028                    /usr/lib/x86_64-linux-gnu/libgdk-x11-2.0.so.0.2400.10
7ffe99611000-7ffe99a43000 r-xp 00000000 08:03 4200141                    /usr/lib/x86_64-linux-gnu/libgtk-x11-2.0.so.0.2400.10
7ffe99a43000-7ffe99c43000 ---p 00432000 08:03 4200141                    /usr/lib/x86_64-linux-gnu/libgtk-x11-2.0.so.0.2400.10
7ffe99c43000-7ffe99c4e000 rw-p 00432000 08:03 4200141                    /usr/lib/x86_64-linux-gnu/libgtk-x11-2.0.so.0.2400.10
7ffe99c4e000-7ffe9c000000 rw-p 00000000 00:00 0 
7ffe9c000000-7ffe9c021000 rw-p 00000000 00:00 0 
7ffe9c021000-7ffea0000000 ---p 00000000 00:00 0 
7ffea0000000-7ffea0021000 rw-p 00000000 00:00 0 
7ffea0021000-7ffea4000000 ---p 00000000 00:00 0 
7ffea4000000-7ffea4021000 rw-p 00000000 00:00 0 
7ffea4021000-7ffea8000000 ---p 00000000 00:00 0 
7ffea8000000-7ffea8021000 rw-p 00000000 00:00 0 
7ffea8021000-7ffeac000000 ---p 00000000 00:00 0 
7ffeac00c000-7ffeac01c000 rw-s e0200000 00:05 7289                       /dev/ati/card0
7ffeac01c000-7ffeac03d000 r-xp 00000000 08:03 4199799                    /usr/lib/x86_64-linux-gnu/libatk-1.0.so.0.20409.1
7ffeac03d000-7ffeac23c000 ---p 00021000 08:03 4199799                    /usr/lib/x86_64-linux-gnu/libatk-1.0.so.0.20409.1
7ffeac23c000-7ffeac23e000 r--p 00020000 08:03 4199799                    /usr/lib/x86_64-linux-gnu/libatk-1.0.so.0.20409.1
7ffeac23e000-7ffeac23f000 rw-p 00022000 08:03 4199799                    /usr/lib/x86_64-linux-gnu/libatk-1.0.so.0.20409.1
7ffeac23f000-7ffeac24d000 r-xp 00000000 08:03 4199751                    /usr/lib/x86_64-linux-gnu/libXi.so.6.1.0
7ffeac24d000-7ffeac44d000 ---p 0000e000 08:03 4199751                    /usr/lib/x86_64-linux-gnu/libXi.so.6.1.0
7ffeac44d000-7ffeac44e000 rw-p 0000e000 08:03 4199751                    /usr/lib/x86_64-linux-gnu/libXi.so.6.1.0
7ffeac44e000-7ffeac453000 r-xp 00000000 08:03 4199769                    /usr/lib/x86_64-linux-gnu/libXtst.so.6.1.0
7ffeac453000-7ffeac652000 ---p 00005000 08:03 4199769                    /usr/lib/x86_64-linux-gnu/libXtst.so.6.1.0
7ffeac652000-7ffeac653000 rw-p 00004000 08:03 4199769                    /usr/lib/x86_64-linux-gnu/libXtst.so.6.1.0
7ffeac653000-7ffeac65c000 r-xp 00000000 08:03 4199763                    /usr/lib/x86_64-linux-gnu/libXrender.so.1.3.0
7ffeac65c000-7ffeac85b000 ---p 00009000 08:03 4199763                    /usr/lib/x86_64-linux-gnu/libXrender.so.1.3.0
7ffeac85b000-7ffeac85c000 rw-p 00008000 08:03 4199763                    /usr/lib/x86_64-linux-gnu/libXrender.so.1.3.0
7ffeac85c000-7ffeac991000 r-xp 00000000 08:03 4199728                    /usr/lib/x86_64-linux-gnu/libX11.so.6.3.0
7ffeac991000-7ffeacb91000 ---p 00135000 08:03 4199728                    /usr/lib/x86_64-linux-gnu/libX11.so.6.3.0
7ffeacb91000-7ffeacb97000 rw-p 00135000 08:03 4199728                    /usr/lib/x86_64-linux-gnu/libX11.so.6.3.0
7ffeacb97000-7ffeacba8000 r-xp 00000000 08:03 4199745                    /usr/lib/x86_64-linux-gnu/libXext.so.6.4.0
7ffeacba8000-7ffeacda8000 ---p 00011000 08:03 4199745                    /usr/lib/x86_64-linux-gnu/libXext.so.6.4.0
7ffeacda8000-7ffeacda9000 rw-p 00011000 08:03 4199745                    /usr/lib/x86_64-linux-gnu/libXext.so.6.4.0
7ffeacda9000-7ffeacdfc000 r-xp 00000000 08:03 3934319                    /usr/lib/jvm/java-7-openjdk-amd64/jre/lib/amd64/xawt/libmawt.so
7ffeacdfc000-7ffeacffb000 ---p 00053000 08:03 3934319                    /usr/lib/jvm/java-7-openjdk-amd64/jre/lib/amd64/xawt/libmawt.so
7ffeacffb000-7ffeacffc000 r--p 00052000 08:03 3934319                    /usr/lib/jvm/java-7-openjdk-amd64/jre/lib/amd64/xawt/libmawt.so
7ffeacffc000-7ffeacfff000 rw-p 00053000 08:03 3934319                    /usr/lib/jvm/java-7-openjdk-amd64/jre/lib/amd64/xawt/libmawt.so
7ffeacfff000-7ffead000000 rw-p 00000000 00:00 0 
7ffead000000-7ffead270000 rwxp 00000000 00:00 0 
7ffead270000-7ffeb0372000 rw-p 00000000 00:00 0 
7ffeb0372000-7ffeb4000000 ---p 00000000 00:00 0 
7ffeb4000000-7ffeb400b000 r--s 00203000 08:03 3934232                    /usr/lib/jvm/java-7-openjdk-amd64/jre/lib/charsets.jar
7ffeb400b000-7ffeb400c000 rw-s 00005000 00:05 7289                       /dev/ati/card0
7ffeb400c000-7ffeb400e000 rw-s 00002000 00:05 7289                       /dev/ati/card0
7ffeb400e000-7ffeb4011000 ---p 00000000 00:00 0 
7ffeb4011000-7ffeb4047000 rw-p 00000000 00:00 0 
7ffeb4047000-7ffeb404e000 r--s 00000000 08:03 4206154                    /usr/lib/x86_64-linux-gnu/gconv/gconv-modules.cache
7ffeb404e000-7ffeb4051000 ---p 00000000 00:00 0 
7ffeb4051000-7ffeb414f000 rw-p 00000000 00:00 0 
7ffeb414f000-7ffeb4158000 r--s 000b9000 08:03 3934170                    /usr/lib/jvm/java-7-openjdk-amd64/jre/lib/resources.jar
7ffeb4158000-7ffeb41f9000 r-xp 00000000 08:03 3934218                    /usr/lib/jvm/java-7-openjdk-amd64/jre/lib/amd64/libawt.so
7ffeb41f9000-7ffeb43f8000 ---p 000a1000 08:03 3934218                    /usr/lib/jvm/java-7-openjdk-amd64/jre/lib/amd64/libawt.so
7ffeb43f8000-7ffeb43f9000 r--p 000a0000 08:03 3934218                    /usr/lib/jvm/java-7-openjdk-amd64/jre/lib/amd64/libawt.so
7ffeb43f9000-7ffeb4404000 rw-p 000a1000 08:03 3934218                    /usr/lib/jvm/java-7-openjdk-amd64/jre/lib/amd64/libawt.so
7ffeb4404000-7ffeb4429000 rw-p 00000000 00:00 0 
7ffeb4429000-7ffeb442e000 r--s 0004c000 08:03 3934152                    /usr/lib/jvm/java-7-openjdk-amd64/jre/lib/jsse.jar
7ffeb442e000-7ffeb446b000 r-xp 00000000 08:03 10486182                   /tmp/libgdxchobe/5502b6ed/libgdx64.so
7ffeb446b000-7ffeb466a000 ---p 0003d000 08:03 10486182                   /tmp/libgdxchobe/5502b6ed/libgdx64.so
7ffeb466a000-7ffeb466b000 r--p 0003c000 08:03 10486182                   /tmp/libgdxchobe/5502b6ed/libgdx64.so
7ffeb466b000-7ffeb466c000 rw-p 0003d000 08:03 10486182                   /tmp/libgdxchobe/5502b6ed/libgdx64.so
7ffeb466c000-7ffeb466d000 r--s 00002000 08:03 10488693                   /home/chobe/.gradle/caches/modules-2/files-2.1/net.java.jinput/jinput-platform/2.0.5/53f9c919f34d2ca9de8c51fc4e1e8282029a9232/jinput-platform-2.0.5-natives-osx.jar
7ffeb466d000-7ffeb466e000 r--s 00025000 08:03 10488692                   /home/chobe/.gradle/caches/modules-2/files-2.1/net.java.jinput/jinput-platform/2.0.5/385ee093e01f587f30ee1c8a2ee7d408fd732e16/jinput-platform-2.0.5-natives-windows.jar
7ffeb466e000-7ffeb466f000 r--s 00002000 08:03 10488691                   /home/chobe/.gradle/caches/modules-2/files-2.1/net.java.jinput/jinput-platform/2.0.5/7ff832a6eb9ab6a767f1ade2b548092d0fa64795/jinput-platform-2.0.5-natives-linux.jar
7ffeb466f000-7ffeb4670000 r--s 00001000 08:03 10488690                   /home/chobe/.gradle/caches/modules-2/files-2.1/net.java.jutils/jutils/1.0.0/e12fe1fda814bd348c1579329c86943d2cd3c6a6/jutils-1.0.0.jar
7ffeb4670000-7ffeb4674000 r--s 0002f000 08:03 10488689                   /home/chobe/.gradle/caches/modules-2/files-2.1/net.java.jinput/jinput/2.0.5/39c7796b469a600f72380316f6b1f11db6c2c7c4/jinput-2.0.5.jar
7ffeb4674000-7ffeb4675000 r--s 00080000 08:03 10488688                   /home/chobe/.gradle/caches/modules-2/files-2.1/org.lwjgl.lwjgl/lwjgl-platform/2.9.1/2d12c83fdfbc04ecabf02c7bc8cc54d034f0daac/lwjgl-platform-2.9.1-natives-osx.jar
7ffeb4675000-7ffeb4676000 r--s 0008b000 08:03 10488687                   /home/chobe/.gradle/caches/modules-2/files-2.1/org.lwjgl.lwjgl/lwjgl-platform/2.9.1/aa9aae879af8eb378e22cfc64db56ec2ca9a44d1/lwjgl-platform-2.9.1-natives-linux.jar
7ffeb4676000-7ffeb4677000 r--s 00095000 08:03 10488686                   /home/chobe/.gradle/caches/modules-2/files-2.1/org.lwjgl.lwjgl/lwjgl-platform/2.9.1/4c517eca808522457dd95ee8fc1fbcdbb602efbe/lwjgl-platform-2.9.1-natives-windows.jar
7ffeb4677000-7ffeb4679000 r--s 00017000 08:03 10488685                   /home/chobe/.gradle/caches/modules-2/files-2.1/org.jcraft/jorbis/0.0.17/8872d22b293e8f5d7d56ff92be966e6dc28ebdc6/jorbis-0.0.17.jar
7ffeb4679000-7ffeb467a000 r--s 00015000 08:03 10488684                   /home/chobe/.gradle/caches/modules-2/files-2.1/com.badlogicgames.jlayer/jlayer/1.0.1-gdx/7cca83cec5c1b2f011362f4d85aabd71a73b049d/jlayer-1.0.1-gdx.jar
7ffeb467a000-7ffeb467e000 r--s 00027000 08:03 10488683                   /home/chobe/.gradle/caches/modules-2/files-2.1/org.lwjgl.lwjgl/lwjgl_util/2.9.1/290d7ba8a1bd9566f5ddf16ad06f09af5ec9b20e/lwjgl_util-2.9.1.jar
7ffeb467e000-7ffeb468c000 r--s 000ea000 08:03 10488682                   /home/chobe/.gradle/caches/modules-2/files-2.1/org.lwjgl.lwjgl/lwjgl/2.9.1/f58c5aabcef0e41718a564be9f8e412fff8db847/lwjgl-2.9.1.jar
7ffeb468c000-7ffeb46a1000 r--s 00153000 08:03 10488660                   /home/chobe/.gradle/caches/modules-2/files-2.1/com.badlogicgames.gdx/gdx/1.1.0/686f5a609c717eb0769d3b954c501a49bf4fe351/gdx-1.1.0.jar
7ffeb46a1000-7ffeb46a2000 r--s 000cd000 08:03 10488678                   /home/chobe/.gradle/caches/modules-2/files-2.1/com.badlogicgames.gdx/gdx-platform/1.1.0/1c7ea4239c2d9adda420c15985fe3885c481fdcf/gdx-platform-1.1.0-natives-desktop.jar
7ffeb46a2000-7ffeb46a3000 ---p 00000000 00:00 0 
7ffeb46a3000-7ffeb47a3000 rw-p 00000000 00:00 0 
7ffeb47a3000-7ffeb47a6000 ---p 00000000 00:00 0 
7ffeb47a6000-7ffeb48a4000 rw-p 00000000 00:00 0 
7ffeb48a4000-7ffeb48a7000 ---p 00000000 00:00 0 
7ffeb48a7000-7ffeb49a5000 rw-p 00000000 00:00 0 
7ffeb49a5000-7ffeb49a8000 ---p 00000000 00:00 0 
7ffeb49a8000-7ffeb4aa6000 rw-p 00000000 00:00 0 
7ffeb4aa6000-7ffeb4aa9000 ---p 00000000 00:00 0 
7ffeb4aa9000-7ffeb4ba7000 rw-p 00000000 00:00 0 
7ffeb4ba7000-7ffeb4d30000 r--p 00000000 08:03 4067802                    /usr/lib/locale/locale-archive
7ffeb4d30000-7ffeb4d33000 ---p 00000000 00:00 0 
7ffeb4d33000-7ffeb4e31000 rw-p 00000000 00:00 0 
7ffeb4e31000-7ffeb4e34000 ---p 00000000 00:00 0 
7ffeb4e34000-7ffeb4f32000 rw-p 00000000 00:00 0 
7ffeb4f32000-7ffeb4f33000 ---p 00000000 00:00 0 
7ffeb4f33000-7ffeb6030000 rw-p 00000000 00:00 0 
7ffeb6030000-7ffeb61de000 r--s 01cfc000 08:03 3934153                    /usr/lib/jvm/java-7-openjdk-amd64/jre/lib/rt.jar
7ffeb61de000-7ffeb6512000 rw-p 00000000 00:00 0 
7ffeb6512000-7ffeb6513000 ---p 00000000 00:00 0 
7ffeb6513000-7ffeb6613000 rw-p 00000000 00:00 0 
7ffeb6613000-7ffeb6614000 ---p 00000000 00:00 0 
7ffeb6614000-7ffeb6714000 rw-p 00000000 00:00 0 
7ffeb6714000-7ffeb6715000 ---p 00000000 00:00 0 
7ffeb6715000-7ffeb6815000 rw-p 00000000 00:00 0 
7ffeb6815000-7ffeb6816000 ---p 00000000 00:00 0 
7ffeb6816000-7ffeb6921000 rw-p 00000000 00:00 0 
7ffeb6921000-7ffeb6969000 rw-p 00000000 00:00 0 
7ffeb6969000-7ffeb697e000 rw-p 00000000 00:00 0 
7ffeb697e000-7ffeb6aaf000 rw-p 00000000 00:00 0 
7ffeb6aaf000-7ffeb6aba000 rw-p 00000000 00:00 0 
7ffeb6aba000-7ffeb6b02000 rw-p 00000000 00:00 0 
7ffeb6b02000-7ffeb6b17000 rw-p 00000000 00:00 0 
7ffeb6b17000-7ffeb6c47000 rw-p 00000000 00:00 0 
7ffeb6c47000-7ffeb6c52000 rw-p 00000000 00:00 0 
7ffeb6c52000-7ffeb6cea000 rw-p 00000000 00:00 0 
7ffeb6cea000-7ffeb6ceb000 rw-p 00000000 00:00 0 
7ffeb6ceb000-7ffeb6cf3000 r-xp 00000000 08:03 3934210                    /usr/lib/jvm/java-7-openjdk-amd64/jre/lib/amd64/libzip.so
7ffeb6cf3000-7ffeb6ef2000 ---p 00008000 08:03 3934210                    /usr/lib/jvm/java-7-openjdk-amd64/jre/lib/amd64/libzip.so
7ffeb6ef2000-7ffeb6ef3000 r--p 00007000 08:03 3934210                    /usr/lib/jvm/java-7-openjdk-amd64/jre/lib/amd64/libzip.so
7ffeb6ef3000-7ffeb6ef4000 rw-p 00008000 08:03 3934210                    /usr/lib/jvm/java-7-openjdk-amd64/jre/lib/amd64/libzip.so
7ffeb6ef4000-7ffeb6eff000 r-xp 00000000 08:03 12192223                   /lib/x86_64-linux-gnu/libnss_files-2.19.so
7ffeb6eff000-7ffeb70fe000 ---p 0000b000 08:03 12192223                   /lib/x86_64-linux-gnu/libnss_files-2.19.so
7ffeb70fe000-7ffeb70ff000 r--p 0000a000 08:03 12192223                   /lib/x86_64-linux-gnu/libnss_files-2.19.so
7ffeb70ff000-7ffeb7100000 rw-p 0000b000 08:03 12192223                   /lib/x86_64-linux-gnu/libnss_files-2.19.so
7ffeb7100000-7ffeb710a000 r-xp 00000000 08:03 12192211                   /lib/x86_64-linux-gnu/libnss_nis-2.19.so
7ffeb710a000-7ffeb7309000 ---p 0000a000 08:03 12192211                   /lib/x86_64-linux-gnu/libnss_nis-2.19.so
7ffeb7309000-7ffeb730a000 r--p 00009000 08:03 12192211                   /lib/x86_64-linux-gnu/libnss_nis-2.19.so
7ffeb730a000-7ffeb730b000 rw-p 0000a000 08:03 12192211                   /lib/x86_64-linux-gnu/libnss_nis-2.19.so
7ffeb730b000-7ffeb7320000 r-xp 00000000 08:03 12192215                   /lib/x86_64-linux-gnu/libnsl-2.19.so
7ffeb7320000-7ffeb751f000 ---p 00015000 08:03 12192215                   /lib/x86_64-linux-gnu/libnsl-2.19.so
7ffeb751f000-7ffeb7520000 r--p 00014000 08:03 12192215                   /lib/x86_64-linux-gnu/libnsl-2.19.so
7ffeb7520000-7ffeb7521000 rw-p 00015000 08:03 12192215                   /lib/x86_64-linux-gnu/libnsl-2.19.so
7ffeb7521000-7ffeb7523000 rw-p 00000000 00:00 0 
7ffeb7523000-7ffeb752a000 r-xp 00000000 08:03 12192212                   /lib/x86_64-linux-gnu/libnss_compat-2.19.so
7ffeb752a000-7ffeb7729000 ---p 00007000 08:03 12192212                   /lib/x86_64-linux-gnu/libnss_compat-2.19.so
7ffeb7729000-7ffeb772a000 r--p 00006000 08:03 12192212                   /lib/x86_64-linux-gnu/libnss_compat-2.19.so
7ffeb772a000-7ffeb772b000 rw-p 00007000 08:03 12192212                   /lib/x86_64-linux-gnu/libnss_compat-2.19.so
7ffeb772b000-7ffeb7756000 r-xp 00000000 08:03 3934215                    /usr/lib/jvm/java-7-openjdk-amd64/jre/lib/amd64/libjava.so
7ffeb7756000-7ffeb7955000 ---p 0002b000 08:03 3934215                    /usr/lib/jvm/java-7-openjdk-amd64/jre/lib/amd64/libjava.so
7ffeb7955000-7ffeb7956000 r--p 0002a000 08:03 3934215                    /usr/lib/jvm/java-7-openjdk-amd64/jre/lib/amd64/libjava.so
7ffeb7956000-7ffeb7958000 rw-p 0002b000 08:03 3934215                    /usr/lib/jvm/java-7-openjdk-amd64/jre/lib/amd64/libjava.so
7ffeb7958000-7ffeb7967000 r-xp 00000000 08:03 3934216                    /usr/lib/jvm/java-7-openjdk-amd64/jre/lib/amd64/libverify.so
7ffeb7967000-7ffeb7b66000 ---p 0000f000 08:03 3934216                    /usr/lib/jvm/java-7-openjdk-amd64/jre/lib/amd64/libverify.so
7ffeb7b66000-7ffeb7b68000 r--p 0000e000 08:03 3934216                    /usr/lib/jvm/java-7-openjdk-amd64/jre/lib/amd64/libverify.so
7ffeb7b68000-7ffeb7b69000 rw-p 00010000 08:03 3934216                    /usr/lib/jvm/java-7-openjdk-amd64/jre/lib/amd64/libverify.so
7ffeb7b69000-7ffeb7b70000 r-xp 00000000 08:03 12192213                   /lib/x86_64-linux-gnu/librt-2.19.so
7ffeb7b70000-7ffeb7d6f000 ---p 00007000 08:03 12192213                   /lib/x86_64-linux-gnu/librt-2.19.so
7ffeb7d6f000-7ffeb7d70000 r--p 00006000 08:03 12192213                   /lib/x86_64-linux-gnu/librt-2.19.so
7ffeb7d70000-7ffeb7d71000 rw-p 00007000 08:03 12192213                   /lib/x86_64-linux-gnu/librt-2.19.so
7ffeb7d71000-7ffeb7d86000 r-xp 00000000 08:03 12190593                   /lib/x86_64-linux-gnu/libgcc_s.so.1
7ffeb7d86000-7ffeb7f86000 ---p 00015000 08:03 12190593                   /lib/x86_64-linux-gnu/libgcc_s.so.1
7ffeb7f86000-7ffeb7f87000 rw-p 00015000 08:03 12190593                   /lib/x86_64-linux-gnu/libgcc_s.so.1
7ffeb7f87000-7ffeb8087000 r-xp 00000000 08:03 12192221                   /lib/x86_64-linux-gnu/libm-2.19.so
7ffeb8087000-7ffeb8286000 ---p 00100000 08:03 12192221                   /lib/x86_64-linux-gnu/libm-2.19.so
7ffeb8286000-7ffeb8287000 r--p 000ff000 08:03 12192221                   /lib/x86_64-linux-gnu/libm-2.19.so
7ffeb8287000-7ffeb8288000 rw-p 00100000 08:03 12192221                   /lib/x86_64-linux-gnu/libm-2.19.so
7ffeb8288000-7ffeb8370000 r-xp 00000000 08:03 4200440                    /usr/lib/x86_64-linux-gnu/libstdc++.so.6.0.17
7ffeb8370000-7ffeb8570000 ---p 000e8000 08:03 4200440                    /usr/lib/x86_64-linux-gnu/libstdc++.so.6.0.17
7ffeb8570000-7ffeb8578000 r--p 000e8000 08:03 4200440                    /usr/lib/x86_64-linux-gnu/libstdc++.so.6.0.17
7ffeb8578000-7ffeb857a000 rw-p 000f0000 08:03 4200440                    /usr/lib/x86_64-linux-gnu/libstdc++.so.6.0.17
7ffeb857a000-7ffeb858f000 rw-p 00000000 00:00 0 
7ffeb858f000-7ffeb9058000 r-xp 00000000 08:03 3934204                    /usr/lib/jvm/java-7-openjdk-amd64/jre/lib/amd64/server/libjvm.so
7ffeb9058000-7ffeb9258000 ---p 00ac9000 08:03 3934204                    /usr/lib/jvm/java-7-openjdk-amd64/jre/lib/amd64/server/libjvm.so
7ffeb9258000-7ffeb92f0000 r--p 00ac9000 08:03 3934204                    /usr/lib/jvm/java-7-openjdk-amd64/jre/lib/amd64/server/libjvm.so
7ffeb92f0000-7ffeb9313000 rw-p 00b61000 08:03 3934204                    /usr/lib/jvm/java-7-openjdk-amd64/jre/lib/amd64/server/libjvm.so
7ffeb9313000-7ffeb9340000 rw-p 00000000 00:00 0 
7ffeb9340000-7ffeb9357000 r-xp 00000000 08:03 12192203                   /lib/x86_64-linux-gnu/libz.so.1.2.8
7ffeb9357000-7ffeb9556000 ---p 00017000 08:03 12192203                   /lib/x86_64-linux-gnu/libz.so.1.2.8
7ffeb9556000-7ffeb9557000 r--p 00016000 08:03 12192203                   /lib/x86_64-linux-gnu/libz.so.1.2.8
7ffeb9557000-7ffeb9558000 rw-p 00017000 08:03 12192203                   /lib/x86_64-linux-gnu/libz.so.1.2.8
7ffeb9558000-7ffeb96f7000 r-xp 00000000 08:03 12192214                   /lib/x86_64-linux-gnu/libc-2.19.so
7ffeb96f7000-7ffeb98f7000 ---p 0019f000 08:03 12192214                   /lib/x86_64-linux-gnu/libc-2.19.so
7ffeb98f7000-7ffeb98fb000 r--p 0019f000 08:03 12192214                   /lib/x86_64-linux-gnu/libc-2.19.so
7ffeb98fb000-7ffeb98fd000 rw-p 001a3000 08:03 12192214                   /lib/x86_64-linux-gnu/libc-2.19.so
7ffeb98fd000-7ffeb9901000 rw-p 00000000 00:00 0 
7ffeb9901000-7ffeb9904000 r-xp 00000000 08:03 12192219                   /lib/x86_64-linux-gnu/libdl-2.19.so
7ffeb9904000-7ffeb9b03000 ---p 00003000 08:03 12192219                   /lib/x86_64-linux-gnu/libdl-2.19.so
7ffeb9b03000-7ffeb9b04000 r--p 00002000 08:03 12192219                   /lib/x86_64-linux-gnu/libdl-2.19.so
7ffeb9b04000-7ffeb9b05000 rw-p 00003000 08:03 12192219                   /lib/x86_64-linux-gnu/libdl-2.19.so
7ffeb9b05000-7ffeb9b12000 r-xp 00000000 08:03 3934207                    /usr/lib/jvm/java-7-openjdk-amd64/jre/lib/amd64/jli/libjli.so
7ffeb9b12000-7ffeb9d11000 ---p 0000d000 08:03 3934207                    /usr/lib/jvm/java-7-openjdk-amd64/jre/lib/amd64/jli/libjli.so
7ffeb9d11000-7ffeb9d12000 r--p 0000c000 08:03 3934207                    /usr/lib/jvm/java-7-openjdk-amd64/jre/lib/amd64/jli/libjli.so
7ffeb9d12000-7ffeb9d13000 rw-p 0000d000 08:03 3934207                    /usr/lib/jvm/java-7-openjdk-amd64/jre/lib/amd64/jli/libjli.so
7ffeb9d13000-7ffeb9d2b000 r-xp 00000000 08:03 12192218                   /lib/x86_64-linux-gnu/libpthread-2.19.so
7ffeb9d2b000-7ffeb9f2a000 ---p 00018000 08:03 12192218                   /lib/x86_64-linux-gnu/libpthread-2.19.so
7ffeb9f2a000-7ffeb9f2b000 r--p 00017000 08:03 12192218                   /lib/x86_64-linux-gnu/libpthread-2.19.so
7ffeb9f2b000-7ffeb9f2c000 rw-p 00018000 08:03 12192218                   /lib/x86_64-linux-gnu/libpthread-2.19.so
7ffeb9f2c000-7ffeb9f30000 rw-p 00000000 00:00 0 
7ffeb9f30000-7ffeb9f50000 r-xp 00000000 08:03 12192217                   /lib/x86_64-linux-gnu/ld-2.19.so
7ffeb9f50000-7ffeb9f53000 r--s 0001f000 08:03 10488677                   /home/chobe/.gradle/caches/modules-2/files-2.1/com.badlogicgames.gdx/gdx-backend-lwjgl/1.1.0/eafa409559820c1696e165e1280435f1332fc32b/gdx-backend-lwjgl-1.1.0.jar
7ffeb9f53000-7ffeb9f56000 r--s 00021000 08:01 772750                     /media/winDisk/Users/ChobeDucket/Documents/sheep/core/build/libs/core-1.0.jar
7ffeb9f56000-7ffeb9f5a000 r--s 0003b000 08:03 3934173                    /usr/lib/jvm/java-7-openjdk-amd64/jre/lib/ext/sunpkcs11.jar
7ffeb9f5a000-7ffeb9f5b000 r--s 00002000 08:03 3934178                    /usr/lib/jvm/java-7-openjdk-amd64/jre/lib/ext/dnsns.jar
7ffeb9f5b000-7ffeb9f5e000 r--s 00032000 08:03 3934176                    /usr/lib/jvm/java-7-openjdk-amd64/jre/lib/ext/sunjce_provider.jar
7ffeb9f5e000-7ffeb9f60000 r--s 0000f000 08:03 3934175                    /usr/lib/jvm/java-7-openjdk-amd64/jre/lib/ext/pulse-java.jar
7ffeb9f60000-7ffeb9f62000 r--s 00012000 08:03 3934174                    /usr/lib/jvm/java-7-openjdk-amd64/jre/lib/ext/zipfs.jar
7ffeb9f62000-7ffeb9f66000 r--s 00085000 08:03 3934172                    /usr/lib/jvm/java-7-openjdk-amd64/jre/lib/ext/localedata.jar
7ffeb9f66000-7ffeb9f67000 r--s 00007000 08:03 5645676                    /usr/share/java/java-atk-wrapper.jar
7ffeb9f67000-7ffeb9f71000 rw-p 00000000 00:00 0 
7ffeb9f71000-7ffeba027000 rw-p 00000000 00:00 0 
7ffeba027000-7ffeba02a000 ---p 00000000 00:00 0 
7ffeba02a000-7ffeba144000 rw-p 00000000 00:00 0 
7ffeba144000-7ffeba14c000 rw-s 00000000 08:03 10490934                   /tmp/hsperfdata_chobe/31537 (deleted)
7ffeba14c000-7ffeba14d000 rw-p 00000000 00:00 0 
7ffeba14d000-7ffeba14e000 ---p 00000000 00:00 0 
7ffeba14e000-7ffeba150000 rw-p 00000000 00:00 0 
7ffeba150000-7ffeba151000 r--p 00020000 08:03 12192217                   /lib/x86_64-linux-gnu/ld-2.19.so
7ffeba151000-7ffeba152000 rw-p 00021000 08:03 12192217                   /lib/x86_64-linux-gnu/ld-2.19.so
7ffeba152000-7ffeba153000 rw-p 00000000 00:00 0 
7fffc4f9f000-7fffc4fc1000 rw-p 00000000 00:00 0                          [stack]
7fffc4fff000-7fffc5000000 r-xp 00000000 00:00 0                          [vdso]
ffffffffff600000-ffffffffff601000 r-xp 00000000 00:00 0                  [vsyscall]

VM Arguments:
jvm_args: -Dfile.encoding=UTF-8 
java_command: com.mygdx.sheep.desktop.DesktopLauncher
Launcher Type: SUN_STANDARD

Environment Variables:
PATH=/usr/local/bin:/usr/bin:/bin:/usr/local/games:/usr/games:/home/chobe/.local/bin:/home/chobe/sdks/adt-bundle-linux-x86_64-20140321/sdk//platform-tools/adb:/home/chobe/sdks/adt-bundle-linux-x86_64-20140321/sdk//platform-tools/
USERNAME=chobe
SHELL=/bin/bash
DISPLAY=:0

Signal Handlers:
SIGSEGV: [libjvm.so+0x8f9750], sa_mask[0]=0x7ffbfeff, sa_flags=0x10000004
SIGBUS: [libjvm.so+0x8f9750], sa_mask[0]=0x7ffbfeff, sa_flags=0x10000004
SIGFPE: [libjvm.so+0x7827c0], sa_mask[0]=0x7ffbfeff, sa_flags=0x10000004
SIGPIPE: [libjvm.so+0x7827c0], sa_mask[0]=0x7ffbfeff, sa_flags=0x10000004
SIGXFSZ: [libjvm.so+0x7827c0], sa_mask[0]=0x7ffbfeff, sa_flags=0x10000004
SIGILL: [libjvm.so+0x7827c0], sa_mask[0]=0x7ffbfeff, sa_flags=0x10000004
SIGUSR1: SIG_DFL, sa_mask[0]=0x00000000, sa_flags=0x00000000
SIGUSR2: [libjvm.so+0x782ab0], sa_mask[0]=0x00000004, sa_flags=0x10000004
SIGHUP: [libjvm.so+0x782c20], sa_mask[0]=0x7ffbfeff, sa_flags=0x10000004
SIGINT: [libjvm.so+0x782c20], sa_mask[0]=0x7ffbfeff, sa_flags=0x10000004
SIGTERM: [libjvm.so+0x782c20], sa_mask[0]=0x7ffbfeff, sa_flags=0x10000004
SIGQUIT: [libjvm.so+0x782c20], sa_mask[0]=0x7ffbfeff, sa_flags=0x10000004


---------------  S Y S T E M  ---------------

OS:7.5

uname:Linux 3.2.0-4-amd64 #1 SMP Debian 3.2.57-3+deb7u1 x86_64
libc:glibc 2.19 NPTL 2.19 
rlimit: STACK 8192k, CORE 0k, NPROC 31105, NOFILE 4096, AS infinity
load average:0.90 0.40 0.39

/proc/meminfo:
MemTotal:        3993672 kB
MemFree:         1222508 kB
Buffers:          118984 kB
Cached:           596800 kB
SwapCached:       238220 kB
Active:          1778372 kB
Inactive:         683672 kB
Active(anon):    1517832 kB
Inactive(anon):   257532 kB
Active(file):     260540 kB
Inactive(file):   426140 kB
Unevictable:           0 kB
Mlocked:               0 kB
SwapTotal:       4120572 kB
SwapFree:        3479792 kB
Dirty:               140 kB
Writeback:             0 kB
AnonPages:       1731992 kB
Mapped:           187360 kB
Shmem:             29100 kB
Slab:              80796 kB
SReclaimable:      52040 kB
SUnreclaim:        28756 kB
KernelStack:        4032 kB
PageTables:        33072 kB
NFS_Unstable:          0 kB
Bounce:                0 kB
WritebackTmp:          0 kB
CommitLimit:     6117408 kB
Committed_AS:    4443668 kB
VmallocTotal:   34359738367 kB
VmallocUsed:      170472 kB
VmallocChunk:   34359561712 kB
HardwareCorrupted:     0 kB
AnonHugePages:         0 kB
HugePages_Total:       0
HugePages_Free:        0
HugePages_Rsvd:        0
HugePages_Surp:        0
Hugepagesize:       2048 kB
DirectMap4k:     1182720 kB
DirectMap2M:     2945024 kB


CPU:total 4 (4 cores per cpu, 1 threads per core) family 6 model 15 stepping 11, cmov, cx8, fxsr, mmx, sse, sse2, sse3, ssse3, tsc

/proc/cpuinfo:
processor	: 0
vendor_id	: GenuineIntel
cpu family	: 6
model		: 15
model name	: Intel(R) Core(TM)2 Quad CPU    Q6600  @ 2.40GHz
stepping	: 11
cpu MHz		: 1596.000
cache size	: 4096 KB
physical id	: 0
siblings	: 4
core id		: 0
cpu cores	: 4
apicid		: 0
initial apicid	: 0
fpu		: yes
fpu_exception	: yes
cpuid level	: 10
wp		: yes
flags		: fpu vme de pse tsc msr pae mce cx8 apic sep mtrr pge mca cmov pat pse36 clflush dts acpi mmx fxsr sse sse2 ss ht tm pbe syscall nx lm constant_tsc arch_perfmon pebs bts rep_good nopl aperfmperf pni dtes64 monitor ds_cpl vmx est tm2 ssse3 cx16 xtpr pdcm lahf_lm dtherm tpr_shadow vnmi flexpriority
bogomips	: 4795.82
clflush size	: 64
cache_alignment	: 64
address sizes	: 36 bits physical, 48 bits virtual
power management:

processor	: 1
vendor_id	: GenuineIntel
cpu family	: 6
model		: 15
model name	: Intel(R) Core(TM)2 Quad CPU    Q6600  @ 2.40GHz
stepping	: 11
cpu MHz		: 1596.000
cache size	: 4096 KB
physical id	: 0
siblings	: 4
core id		: 2
cpu cores	: 4
apicid		: 2
initial apicid	: 2
fpu		: yes
fpu_exception	: yes
cpuid level	: 10
wp		: yes
flags		: fpu vme de pse tsc msr pae mce cx8 apic sep mtrr pge mca cmov pat pse36 clflush dts acpi mmx fxsr sse sse2 ss ht tm pbe syscall nx lm constant_tsc arch_perfmon pebs bts rep_good nopl aperfmperf pni dtes64 monitor ds_cpl vmx est tm2 ssse3 cx16 xtpr pdcm lahf_lm dtherm tpr_shadow vnmi flexpriority
bogomips	: 4795.58
clflush size	: 64
cache_alignment	: 64
address sizes	: 36 bits physical, 48 bits virtual
power management:

processor	: 2
vendor_id	: GenuineIntel
cpu family	: 6
model		: 15
model name	: Intel(R) Core(TM)2 Quad CPU    Q6600  @ 2.40GHz
stepping	: 11
cpu MHz		: 2394.000
cache size	: 4096 KB
physical id	: 0
siblings	: 4
core id		: 1
cpu cores	: 4
apicid		: 1
initial apicid	: 1
fpu		: yes
fpu_exception	: yes
cpuid level	: 10
wp		: yes
flags		: fpu vme de pse tsc msr pae mce cx8 apic sep mtrr pge mca cmov pat pse36 clflush dts acpi mmx fxsr sse sse2 ss ht tm pbe syscall nx lm constant_tsc arch_perfmon pebs bts rep_good nopl aperfmperf pni dtes64 monitor ds_cpl vmx est tm2 ssse3 cx16 xtpr pdcm lahf_lm dtherm tpr_shadow vnmi flexpriority
bogomips	: 4795.56
clflush size	: 64
cache_alignment	: 64
address sizes	: 36 bits physical, 48 bits virtual
power management:

processor	: 3
vendor_id	: GenuineIntel
cpu family	: 6
model		: 15
model name	: Intel(R) Core(TM)2 Quad CPU    Q6600  @ 2.40GHz
stepping	: 11
cpu MHz		: 1596.000
cache size	: 4096 KB
physical id	: 0
siblings	: 4
core id		: 3
cpu cores	: 4
apicid		: 3
initial apicid	: 3
fpu		: yes
fpu_exception	: yes
cpuid level	: 10
wp		: yes
flags		: fpu vme de pse tsc msr pae mce cx8 apic sep mtrr pge mca cmov pat pse36 clflush dts acpi mmx fxsr sse sse2 ss ht tm pbe syscall nx lm constant_tsc arch_perfmon pebs bts rep_good nopl aperfmperf pni dtes64 monitor ds_cpl vmx est tm2 ssse3 cx16 xtpr pdcm lahf_lm dtherm tpr_shadow vnmi flexpriority
bogomips	: 4795.57
clflush size	: 64
cache_alignment	: 64
address sizes	: 36 bits physical, 48 bits virtual
power management:



Memory: 4k page, physical 3993672k(1222508k free), swap 4120572k(3479792k free)

vm_info: OpenJDK 64-Bit Server VM (24.51-b03) for linux-amd64 JRE (1.7.0_55-b14), built on May  2 2014 11:33:06 by "buildd" with gcc 4.7.2

time: Mon Jul  7 23:39:04 2014
elapsed time: 38 seconds

