#
# A fatal error has been detected by the Java Runtime Environment:
#
#  SIGSEGV (0xb) at pc=0x00007f5817aede38, pid=31151, tid=140016958965504
#
# JRE version: OpenJDK Runtime Environment (7.0_55-b14) (build 1.7.0_55-b14)
# Java VM: OpenJDK 64-Bit Server VM (24.51-b03 mixed mode linux-amd64 compressed oops)
# Problematic frame:
# C  [libX11.so.6+0x3ae38]  XQueryExtension+0x28
#
# Failed to write core dump. Core dumps have been disabled. To enable core dumping, try "ulimit -c unlimited" before starting Java again
#
# If you would like to submit a bug report, please include
# instructions on how to reproduce the bug and visit:
#   http://icedtea.classpath.org/bugzilla
#

---------------  T H R E A D  ---------------

Current thread (0x00007f5850076800):  VMThread [stack: 0x00007f583d0a0000,0x00007f583d1a1000] [id=31161]

siginfo:si_signo=SIGSEGV: si_errno=0, si_code=1 (SEGV_MAPERR), si_addr=0xffffffffec00e948

Registers:
RAX=0x00007f5830000b10, RBX=0xffffffffec00dfe0, RCX=0x00007f583d19f6d8, RDX=0x00007f583d19f6d4
RSP=0x00007f583d19f670, RBP=0x00007f5808c4b600, RSI=0x00007f5808b12992, RDI=0xffffffffec00dfe0
R8 =0x00007f583d19f6dc, R9 =0x0000000000000000, R10=0x00007f5808c4b3c0, R11=0x00007f5856b451c0
R12=0x00007f5808b12992, R13=0x00007f5830000b10, R14=0x00007f583d19fae0, R15=0x00007f57ec027da0
RIP=0x00007f5817aede38, EFLAGS=0x0000000000010202, CSGSFS=0x0000000000000033, ERR=0x0000000000000005
  TRAPNO=0x000000000000000e

Top of Stack: (sp=0x00007f583d19f670)
0x00007f583d19f670:   0000000000000000 0000000000000000
0x00007f583d19f680:   000000770000006e 0000000000000000
0x00007f583d19f690:   000100010000007c ffffffffec00dfe0
0x00007f583d19f6a0:   00007f5808c4b600 00007f5808b12992
0x00007f583d19f6b0:   00007f5830000b10 00007f583d19fae0
0x00007f583d19f6c0:   00007f57ec027da0 00007f5817ae1e72
0x00007f583d19f6d0:   00007f57ec027da0 00007f5856b89220
0x00007f583d19f6e0:   0000000000000000 00007f5808c4b600
0x00007f583d19f6f0:   ffffffffec00dfe0 00007f5817dfb71d
0x00007f583d19f700:   00007f5808b12992 0000001100000000
0x00007f583d19f710:   00007f5800000005 0000000000000000
0x00007f583d19f720:   00007f583d19f790 ffffffffec00dfe0
0x00007f583d19f730:   00007f583d19f9d8 00007f583d19fae0
0x00007f583d19f740:   00007f5808c64e50 00007f5808abb3d9
0x00007f583d19f750:   00000000ffffffff 00007f57ec00bda0
0x00007f583d19f760:   00007f583d19f790 00007f580968b9e0
0x00007f583d19f770:   00007f583d19f9d8 00007f583d19fae0
0x00007f583d19f780:   0000000000000000 00007f5808aafae2
0x00007f583d19f790:   00007f583d19fb50 00007f5808b12911
0x00007f583d19f7a0:   00007f583d19fb50 00007f58574f4058
0x00007f583d19f7b0:   00007f58577071a8 00007f5857707740
0x00007f583d19f7c0:   00007f58576e1000 00007f58500094f0
0x00007f583d19f7d0:   00007f585000a020 00007f585000a530
0x00007f583d19f7e0:   00007f5850017440 00007f58501ab790
0x00007f583d19f7f0:   00007f58502aaa20 00007f58502a6920
0x00007f583d19f800:   00007f58501d11c0 00007f58501e2010
0x00007f583d19f810:   00007f58501e96b0 00007f58501e9180
0x00007f583d19f820:   00007f58501e8c50 00007f58501ecfa0
0x00007f583d19f830:   00007f58501eca80 00007f58501edd50
0x00007f583d19f840:   00007f58501ec570 00007f58501e8720
0x00007f583d19f850:   00007f58501eab40 00007f58501eb580
0x00007f583d19f860:   00007f58501eb060 00007f58501ebaa0 

Instructions: (pc=0x00007f5817aede38)
0x00007f5817aede18:   24 e0 48 89 fb 4c 89 6c 24 e8 4c 89 74 24 f0 49
0x00007f5817aede28:   89 f4 4c 89 7c 24 f8 48 89 6c 24 d8 48 83 ec 58
0x00007f5817aede38:   48 8b 87 68 09 00 00 49 89 d7 49 89 ce 4d 89 c5
0x00007f5817aede48:   48 85 c0 74 02 ff 10 ba 08 00 00 00 be 62 00 00 

Register to memory mapping:

RAX=0x00007f5830000b10 is an unknown value
RBX=0xffffffffec00dfe0 is an unknown value
RCX=0x00007f583d19f6d8 is an unknown value
RDX=0x00007f583d19f6d4 is an unknown value
RSP=0x00007f583d19f670 is an unknown value
RBP=0x00007f5808c4b600: <offset 0x1cf600> in /usr/lib/x86_64-linux-gnu/libGL.so.1 at 0x00007f5808a7c000
RSI=0x00007f5808b12992: <offset 0x96992> in /usr/lib/x86_64-linux-gnu/libGL.so.1 at 0x00007f5808a7c000
RDI=0xffffffffec00dfe0 is an unknown value
R8 =0x00007f583d19f6dc is an unknown value
R9 =0x0000000000000000 is an unknown value
R10=0x00007f5808c4b3c0: <offset 0x1cf3c0> in /usr/lib/x86_64-linux-gnu/libGL.so.1 at 0x00007f5808a7c000
R11=0x00007f5856b451c0: __cxa_finalize+0 in /lib/x86_64-linux-gnu/libc.so.6 at 0x00007f5856b0d000
R12=0x00007f5808b12992: <offset 0x96992> in /usr/lib/x86_64-linux-gnu/libGL.so.1 at 0x00007f5808a7c000
R13=0x00007f5830000b10 is an unknown value
R14=0x00007f583d19fae0 is an unknown value
R15=0x00007f57ec027da0 is an unknown value


Stack: [0x00007f583d0a0000,0x00007f583d1a1000],  sp=0x00007f583d19f670,  free space=1021k
Native frames: (J=compiled Java code, j=interpreted, Vv=VM code, C=native code)
C  [libX11.so.6+0x3ae38]  XQueryExtension+0x28

VM_Operation (0x00007f57f7ffe6c0): Exit, mode: safepoint, requested by thread 0x00007f5850348000


---------------  P R O C E S S  ---------------

Java Threads: ( => current thread )
  0x00007f57cef7d000 JavaThread "pool-1-thread-3" [_thread_blocked, id=31183, stack(0x00007f57fc0ed000,0x00007f57fc1ee000)]
  0x00007f57cef7c800 JavaThread "pool-1-thread-2" [_thread_blocked, id=31182, stack(0x00007f57fc1ee000,0x00007f57fc2ef000)]
  0x00007f57ce3e4800 JavaThread "pool-1-thread-1" [_thread_blocked, id=31181, stack(0x00007f57d3eff000,0x00007f57d4000000)]
  0x00007f57ed202800 JavaThread "AsynchExecutor-Thread" daemon [_thread_blocked, id=31180, stack(0x00007f57fcc0f000,0x00007f57fcd10000)]
  0x00007f57ec00a000 JavaThread "process reaper" daemon [_thread_blocked, id=31176, stack(0x00007f584c044000,0x00007f584c07d000)]
  0x00007f585000b000 JavaThread "DestroyJavaVM" [_thread_blocked, id=31156, stack(0x00007f58575dc000,0x00007f58576dd000)]
  0x00007f5850348000 JavaThread "LWJGL Application" [_thread_blocked, id=31174, stack(0x00007f57f7eff000,0x00007f57f8000000)]
  0x00007f58502a5800 JavaThread "AWT-XAWT" daemon [_thread_blocked, id=31170, stack(0x00007f5810352000,0x00007f5810453000)]
  0x00007f5850285800 JavaThread "Java2D Disposer" daemon [_thread_blocked, id=31169, stack(0x00007f5810453000,0x00007f5810554000)]
  0x00007f58500a7000 JavaThread "Service Thread" daemon [_thread_blocked, id=31167, stack(0x00007f583c911000,0x00007f583ca12000)]
  0x00007f58500a5000 JavaThread "C2 CompilerThread1" daemon [_thread_blocked, id=31166, stack(0x00007f583ca12000,0x00007f583cb13000)]
  0x00007f58500a2000 JavaThread "C2 CompilerThread0" daemon [_thread_blocked, id=31165, stack(0x00007f583cb13000,0x00007f583cc14000)]
  0x00007f585009f800 JavaThread "Signal Dispatcher" daemon [_thread_blocked, id=31164, stack(0x00007f583cc14000,0x00007f583cd15000)]
  0x00007f585007c800 JavaThread "Finalizer" daemon [_thread_blocked, id=31163, stack(0x00007f583ce9e000,0x00007f583cf9f000)]
  0x00007f585007a800 JavaThread "Reference Handler" daemon [_thread_blocked, id=31162, stack(0x00007f583cf9f000,0x00007f583d0a0000)]

Other Threads:
=>0x00007f5850076800 VMThread [stack: 0x00007f583d0a0000,0x00007f583d1a1000] [id=31161]

VM state:at safepoint (shutting down)

VM Mutex/Monitor currently owned by a thread:  ([mutex/lock_event])
[0x00007f58500077a0] Threads_lock - owner thread: 0x00007f5850076800

Heap
 PSYoungGen      total 18432K, used 7399K [0x00000000eba80000, 0x00000000ecf00000, 0x0000000100000000)
  eden space 15872K, 30% used [0x00000000eba80000,0x00000000ebf3c800,0x00000000eca00000)
  from space 2560K, 99% used [0x00000000ecc80000,0x00000000ecefd7f0,0x00000000ecf00000)
  to   space 2560K, 0% used [0x00000000eca00000,0x00000000eca00000,0x00000000ecc80000)
 ParOldGen       total 41472K, used 5818K [0x00000000c3000000, 0x00000000c5880000, 0x00000000eba80000)
  object space 41472K, 14% used [0x00000000c3000000,0x00000000c35ae8a8,0x00000000c5880000)
 PSPermGen       total 21504K, used 13327K [0x00000000b8a00000, 0x00000000b9f00000, 0x00000000c3000000)
  object space 21504K, 61% used [0x00000000b8a00000,0x00000000b9703d70,0x00000000b9f00000)

Card table byte_map: [0x00007f5854064000,0x00007f58542a0000] byte_map_base: 0x00007f5853a9f000

Polling page: 0x00007f5857702000

Code Cache  [0x00007f584d000000, 0x00007f584d270000, 0x00007f5850000000)
 total_blobs=801 nmethods=253 adapters=502 free_code_cache=47794Kb largest_free_block=48890752

Compilation events (10 events):
Event: 34.802 Thread 0x00007f58500a5000  252             com.mygdx.sheep.SheepGame::getTileWidth (24 bytes)
Event: 34.808 Thread 0x00007f58500a5000 nmethod 252 0x00007f584d146a90 code [0x00007f584d146c60, 0x00007f584d147358]
Event: 35.201 Thread 0x00007f58500a2000  253             java.nio.Buffer::flip (20 bytes)
Event: 35.202 Thread 0x00007f58500a2000 nmethod 253 0x00007f584d149ad0 code [0x00007f584d149c00, 0x00007f584d149c58]
Event: 35.352 Thread 0x00007f58500a5000  254             com.badlogic.gdx.backends.lwjgl.LwjglGL20::glDisable (5 bytes)
Event: 35.352 Thread 0x00007f58500a2000  255             org.lwjgl.opengl.GL11::glDisable (19 bytes)
Event: 35.354 Thread 0x00007f58500a2000 nmethod 255 0x00007f584d149710 code [0x00007f584d149860, 0x00007f584d149948]
Event: 35.354 Thread 0x00007f58500a5000 nmethod 254 0x00007f584d1492d0 code [0x00007f584d149420, 0x00007f584d149528]
Event: 36.818 Thread 0x00007f58500a5000  256             java.nio.Buffer::capacity (5 bytes)
Event: 36.819 Thread 0x00007f58500a5000 nmethod 256 0x00007f584d1483d0 code [0x00007f584d148500, 0x00007f584d148558]

GC Heap History (4 events):
Event: 1.698 GC heap before
{Heap before GC invocations=1 (full 0):
 PSYoungGen      total 18432K, used 15872K [0x00000000eba80000, 0x00000000ecf00000, 0x0000000100000000)
  eden space 15872K, 100% used [0x00000000eba80000,0x00000000eca00000,0x00000000eca00000)
  from space 2560K, 0% used [0x00000000ecc80000,0x00000000ecc80000,0x00000000ecf00000)
  to   space 2560K, 0% used [0x00000000eca00000,0x00000000eca00000,0x00000000ecc80000)
 ParOldGen       total 41472K, used 0K [0x00000000c3000000, 0x00000000c5880000, 0x00000000eba80000)
  object space 41472K, 0% used [0x00000000c3000000,0x00000000c3000000,0x00000000c5880000)
 PSPermGen       total 21504K, used 9259K [0x00000000b8a00000, 0x00000000b9f00000, 0x00000000c3000000)
  object space 21504K, 43% used [0x00000000b8a00000,0x00000000b930af90,0x00000000b9f00000)
Event: 1.710 GC heap after
Heap after GC invocations=1 (full 0):
 PSYoungGen      total 18432K, used 2530K [0x00000000eba80000, 0x00000000ecf00000, 0x0000000100000000)
  eden space 15872K, 0% used [0x00000000eba80000,0x00000000eba80000,0x00000000eca00000)
  from space 2560K, 98% used [0x00000000eca00000,0x00000000ecc78900,0x00000000ecc80000)
  to   space 2560K, 0% used [0x00000000ecc80000,0x00000000ecc80000,0x00000000ecf00000)
 ParOldGen       total 41472K, used 2364K [0x00000000c3000000, 0x00000000c5880000, 0x00000000eba80000)
  object space 41472K, 5% used [0x00000000c3000000,0x00000000c324f2a0,0x00000000c5880000)
 PSPermGen       total 21504K, used 9259K [0x00000000b8a00000, 0x00000000b9f00000, 0x00000000c3000000)
  object space 21504K, 43% used [0x00000000b8a00000,0x00000000b930af90,0x00000000b9f00000)
}
Event: 7.522 GC heap before
{Heap before GC invocations=2 (full 0):
 PSYoungGen      total 18432K, used 18402K [0x00000000eba80000, 0x00000000ecf00000, 0x0000000100000000)
  eden space 15872K, 100% used [0x00000000eba80000,0x00000000eca00000,0x00000000eca00000)
  from space 2560K, 98% used [0x00000000eca00000,0x00000000ecc78900,0x00000000ecc80000)
  to   space 2560K, 0% used [0x00000000ecc80000,0x00000000ecc80000,0x00000000ecf00000)
 ParOldGen       total 41472K, used 2364K [0x00000000c3000000, 0x00000000c5880000, 0x00000000eba80000)
  object space 41472K, 5% used [0x00000000c3000000,0x00000000c324f2a0,0x00000000c5880000)
 PSPermGen       total 21504K, used 13050K [0x00000000b8a00000, 0x00000000b9f00000, 0x00000000c3000000)
  object space 21504K, 60% used [0x00000000b8a00000,0x00000000b96be920,0x00000000b9f00000)
Event: 7.535 GC heap after
Heap after GC invocations=2 (full 0):
 PSYoungGen      total 18432K, used 2549K [0x00000000eba80000, 0x00000000ecf00000, 0x0000000100000000)
  eden space 15872K, 0% used [0x00000000eba80000,0x00000000eba80000,0x00000000eca00000)
  from space 2560K, 99% used [0x00000000ecc80000,0x00000000ecefd7f0,0x00000000ecf00000)
  to   space 2560K, 0% used [0x00000000eca00000,0x00000000eca00000,0x00000000ecc80000)
 ParOldGen       total 41472K, used 5818K [0x00000000c3000000, 0x00000000c5880000, 0x00000000eba80000)
  object space 41472K, 14% used [0x00000000c3000000,0x00000000c35ae8a8,0x00000000c5880000)
 PSPermGen       total 21504K, used 13050K [0x00000000b8a00000, 0x00000000b9f00000, 0x00000000c3000000)
  object space 21504K, 60% used [0x00000000b8a00000,0x00000000b96be920,0x00000000b9f00000)
}

Deoptimization events (10 events):
Event: 20.002 Thread 0x00007f5850348000 Uncommon trap: reason=unreached action=reinterpret pc=0x00007f584d114254 method=com.mygdx.sheep.SheepGame.render(FF)V @ 235
Event: 26.219 Thread 0x00007f5850348000 Uncommon trap: reason=array_check action=maybe_recompile pc=0x00007f584d1053d8 method=com.badlogic.gdx.utils.Array.add(Ljava/lang/Object;)V @ 46
Event: 26.219 Thread 0x00007f5850348000 Uncommon trap: reason=array_check action=maybe_recompile pc=0x00007f584d1053d8 method=com.badlogic.gdx.utils.Array.add(Ljava/lang/Object;)V @ 46
Event: 26.219 Thread 0x00007f5850348000 Uncommon trap: reason=array_check action=maybe_recompile pc=0x00007f584d1053d8 method=com.badlogic.gdx.utils.Array.add(Ljava/lang/Object;)V @ 46
Event: 26.219 Thread 0x00007f5850348000 Uncommon trap: reason=array_check action=maybe_recompile pc=0x00007f584d1053d8 method=com.badlogic.gdx.utils.Array.add(Ljava/lang/Object;)V @ 46
Event: 30.670 Thread 0x00007f5850348000 Uncommon trap: reason=unreached action=reinterpret pc=0x00007f584d107f58 method=java.lang.Object.equals(Ljava/lang/Object;)Z @ 2
Event: 30.670 Thread 0x00007f5850348000 Uncommon trap: reason=unreached action=reinterpret pc=0x00007f584d106984 method=java.lang.Object.equals(Ljava/lang/Object;)Z @ 2
Event: 30.686 Thread 0x00007f5850348000 Uncommon trap: reason=class_check action=maybe_recompile pc=0x00007f584d12dea0 method=com.mygdx.sheep.SheepGame.render(FF)V @ 232
Event: 30.736 Thread 0x00007f5850348000 Uncommon trap: reason=class_check action=maybe_recompile pc=0x00007f584d12dea0 method=com.mygdx.sheep.SheepGame.render(FF)V @ 232
Event: 30.736 Thread 0x00007f5850348000 Uncommon trap: reason=predicate action=maybe_recompile pc=0x00007f584d121b5c method=com.mygdx.sheep.SheepGame.render(FF)V @ 448

Internal exceptions (10 events):
Event: 30.670 Thread 0x00007f5850348000 Threw 0x00000000ebe0f4a0 at /build/openjdk-7-kBcQ8a/openjdk-7-7u55-2.4.7/build/openjdk/hotspot/src/share/vm/prims/jvm.cpp:1244
Event: 30.671 Thread 0x00007f5850348000 Threw 0x00000000ebe13898 at /build/openjdk-7-kBcQ8a/openjdk-7-7u55-2.4.7/build/openjdk/hotspot/src/share/vm/prims/jvm.cpp:1244
Event: 30.673 Thread 0x00007f5850348000 Threw 0x00000000ebe1b130 at /build/openjdk-7-kBcQ8a/openjdk-7-7u55-2.4.7/build/openjdk/hotspot/src/share/vm/prims/jvm.cpp:1244
Event: 30.678 Thread 0x00007f5850348000 Threw 0x00000000ebe222c8 at /build/openjdk-7-kBcQ8a/openjdk-7-7u55-2.4.7/build/openjdk/hotspot/src/share/vm/interpreter/interpreterRuntime.cpp:347
Event: 30.678 Thread 0x00007f5850348000 Threw 0x00000000ebe23690 at /build/openjdk-7-kBcQ8a/openjdk-7-7u55-2.4.7/build/openjdk/hotspot/src/share/vm/prims/jvm.cpp:1244
Event: 32.202 Thread 0x00007f5850348000 Threw 0x00000000ebe6afb8 at /build/openjdk-7-kBcQ8a/openjdk-7-7u55-2.4.7/build/openjdk/hotspot/src/share/vm/prims/jvm.cpp:1244
Event: 32.203 Thread 0x00007f5850348000 Threw 0x00000000ebe700a8 at /build/openjdk-7-kBcQ8a/openjdk-7-7u55-2.4.7/build/openjdk/hotspot/src/share/vm/prims/jvm.cpp:1244
Event: 37.002 Thread 0x00007f5850348000 Threw 0x00000000ebefb690 at /build/openjdk-7-kBcQ8a/openjdk-7-7u55-2.4.7/build/openjdk/hotspot/src/share/vm/prims/jvm.cpp:1244
Event: 37.011 Thread 0x00007f5850348000 Threw 0x00000000ebeffb58 at /build/openjdk-7-kBcQ8a/openjdk-7-7u55-2.4.7/build/openjdk/hotspot/src/share/vm/prims/jvm.cpp:1244
Event: 37.016 Thread 0x00007f5850348000 Threw 0x00000000ebf04ef8 at /build/openjdk-7-kBcQ8a/openjdk-7-7u55-2.4.7/build/openjdk/hotspot/src/share/vm/prims/jvm.cpp:1244

Events (10 events):
Event: 37.173 loading class 0x00007f582007fb40 done
Event: 37.173 Thread 0x00007f57ceab9800 Thread added: 0x00007f57ceab9800
Event: 37.173 loading class 0x00007f5850218af0
Event: 37.173 loading class 0x00007f58241a6fa0
Event: 37.173 loading class 0x00007f58241a6fa0 done
Event: 37.173 loading class 0x00007f58241a6fd0
Event: 37.173 loading class 0x00007f58241a6fd0 done
Event: 37.174 loading class 0x00007f5850218af0 done
Event: 37.180 Thread 0x00007f57ceab9800 Thread exited: 0x00007f57ceab9800
Event: 37.180 Executing VM operation: Exit


Dynamic libraries:
00400000-00401000 r-xp 00000000 08:03 3934148                            /usr/lib/jvm/java-7-openjdk-amd64/jre/bin/java
00600000-00601000 r--p 00000000 08:03 3934148                            /usr/lib/jvm/java-7-openjdk-amd64/jre/bin/java
00601000-00602000 rw-p 00001000 08:03 3934148                            /usr/lib/jvm/java-7-openjdk-amd64/jre/bin/java
01f8f000-021b4000 rw-p 00000000 00:00 0                                  [heap]
b8a00000-b9f00000 rw-p 00000000 00:00 0 
b9f00000-c3000000 rw-p 00000000 00:00 0 
c3000000-c5880000 rw-p 00000000 00:00 0 
c5880000-eba80000 rw-p 00000000 00:00 0 
eba80000-ecf00000 rw-p 00000000 00:00 0 
ecf00000-100000000 rw-p 00000000 00:00 0 
7f57bc000000-7f57bc021000 rw-p 00000000 00:00 0 
7f57bc021000-7f57c0000000 ---p 00000000 00:00 0 
7f57c4000000-7f57c4021000 rw-p 00000000 00:00 0 
7f57c4021000-7f57c8000000 ---p 00000000 00:00 0 
7f57c8000000-7f57c8049000 rw-p 00000000 00:00 0 
7f57c8049000-7f57cc000000 ---p 00000000 00:00 0 
7f57cc000000-7f57cf683000 rw-p 00000000 00:00 0 
7f57cf683000-7f57d0000000 ---p 00000000 00:00 0 
7f57d3eff000-7f57d3f02000 ---p 00000000 00:00 0 
7f57d3f02000-7f57d4000000 rw-p 00000000 00:00 0 
7f57d4000000-7f57d7ff0000 rw-p 00000000 00:00 0 
7f57d7ff0000-7f57d8000000 ---p 00000000 00:00 0 
7f57d8000000-7f57d8058000 rw-p 00000000 00:00 0 
7f57d8058000-7f57dc000000 ---p 00000000 00:00 0 
7f57dc000000-7f57dc0ae000 rw-p 00000000 00:00 0 
7f57dc0ae000-7f57e0000000 ---p 00000000 00:00 0 
7f57e0000000-7f57e07d8000 rw-p 00000000 00:00 0 
7f57e07d8000-7f57e4000000 ---p 00000000 00:00 0 
7f57e4000000-7f57e4021000 rw-p 00000000 00:00 0 
7f57e4021000-7f57e8000000 ---p 00000000 00:00 0 
7f57e8000000-7f57e80b4000 rw-p 00000000 00:00 0 
7f57e80b4000-7f57ec000000 ---p 00000000 00:00 0 
7f57ec000000-7f57eff2d000 rw-p 00000000 00:00 0 
7f57eff2d000-7f57f0000000 ---p 00000000 00:00 0 
7f57f0000000-7f57f0021000 rw-p 00000000 00:00 0 
7f57f0021000-7f57f4000000 ---p 00000000 00:00 0 
7f57f77fd000-7f57f7800000 ---p 00000000 00:00 0 
7f57f7800000-7f57f78fe000 rw-p 00000000 00:00 0 
7f57f7eff000-7f57f7f02000 ---p 00000000 00:00 0 
7f57f7f02000-7f57f8000000 rw-p 00000000 00:00 0 
7f57f8000000-7f57f8021000 rw-p 00000000 00:00 0 
7f57f8021000-7f57fc000000 ---p 00000000 00:00 0 
7f57fc0ed000-7f57fc0f0000 ---p 00000000 00:00 0 
7f57fc0f0000-7f57fc1ee000 rw-p 00000000 00:00 0 
7f57fc1ee000-7f57fc1f1000 ---p 00000000 00:00 0 
7f57fc1f1000-7f57fc2ef000 rw-p 00000000 00:00 0 
7f57fc2ef000-7f57fc2f4000 r-xp 00000000 08:03 12192225                   /lib/x86_64-linux-gnu/libnss_dns-2.19.so
7f57fc2f4000-7f57fc4f3000 ---p 00005000 08:03 12192225                   /lib/x86_64-linux-gnu/libnss_dns-2.19.so
7f57fc4f3000-7f57fc4f4000 r--p 00004000 08:03 12192225                   /lib/x86_64-linux-gnu/libnss_dns-2.19.so
7f57fc4f4000-7f57fc4f5000 rw-p 00005000 08:03 12192225                   /lib/x86_64-linux-gnu/libnss_dns-2.19.so
7f57fc4f5000-7f57fc4f7000 r-xp 00000000 08:03 12058696                   /lib/libnss_mdns4_minimal.so.2
7f57fc4f7000-7f57fc6f6000 ---p 00002000 08:03 12058696                   /lib/libnss_mdns4_minimal.so.2
7f57fc6f6000-7f57fc6f7000 rw-p 00001000 08:03 12058696                   /lib/libnss_mdns4_minimal.so.2
7f57fc6f7000-7f57fc70e000 r-xp 00000000 08:03 3934214                    /usr/lib/jvm/java-7-openjdk-amd64/jre/lib/amd64/libnet.so
7f57fc70e000-7f57fc90d000 ---p 00017000 08:03 3934214                    /usr/lib/jvm/java-7-openjdk-amd64/jre/lib/amd64/libnet.so
7f57fc90d000-7f57fc90e000 r--p 00016000 08:03 3934214                    /usr/lib/jvm/java-7-openjdk-amd64/jre/lib/amd64/libnet.so
7f57fc90e000-7f57fc90f000 rw-p 00017000 08:03 3934214                    /usr/lib/jvm/java-7-openjdk-amd64/jre/lib/amd64/libnet.so
7f57fcc0f000-7f57fcc12000 ---p 00000000 00:00 0 
7f57fcc12000-7f57fcd10000 rw-p 00000000 00:00 0 
7f57fcd10000-7f57fcd11000 ---p 00000000 00:00 0 
7f57fcd11000-7f57fd511000 rw-p 00000000 00:00 0 
7f57fd511000-7f57fd512000 ---p 00000000 00:00 0 
7f57fd512000-7f57fdd12000 rw-p 00000000 00:00 0 
7f57fdd86000-7f57ffc7e000 r-xp 00000000 08:03 4201338                    /usr/lib/x86_64-linux-gnu/dri/fglrx_dri.so
7f57ffc7e000-7f57ffd7d000 ---p 01ef8000 08:03 4201338                    /usr/lib/x86_64-linux-gnu/dri/fglrx_dri.so
7f57ffd7d000-7f57ffedb000 rwxp 01ef7000 08:03 4201338                    /usr/lib/x86_64-linux-gnu/dri/fglrx_dri.so
7f57ffedb000-7f57fffff000 rwxp 00000000 00:00 0 
7f5804000000-7f5804021000 rw-p 00000000 00:00 0 
7f5804021000-7f5808000000 ---p 00000000 00:00 0 
7f58080a0000-7f58087a0000 rw-s 00006000 00:05 7289                       /dev/ati/card0
7f58087a0000-7f580881d000 rw-p 00000000 00:00 0 
7f580881d000-7f580885a000 r-xp 00000000 08:03 4201336                    /usr/lib/x86_64-linux-gnu/libatiadlxx.so
7f580885a000-7f5808959000 ---p 0003d000 08:03 4201336                    /usr/lib/x86_64-linux-gnu/libatiadlxx.so
7f5808959000-7f5808963000 rw-p 0003c000 08:03 4201336                    /usr/lib/x86_64-linux-gnu/libatiadlxx.so
7f5808963000-7f5808973000 rw-p 00000000 00:00 0 
7f5808973000-7f580897a000 r-xp 00000000 08:03 4201328                    /usr/lib/x86_64-linux-gnu/libatiuki.so.1.0
7f580897a000-7f5808a7a000 ---p 00007000 08:03 4201328                    /usr/lib/x86_64-linux-gnu/libatiuki.so.1.0
7f5808a7a000-7f5808a7b000 rw-p 00007000 08:03 4201328                    /usr/lib/x86_64-linux-gnu/libatiuki.so.1.0
7f5808a7b000-7f5808a7c000 rw-p 00000000 00:00 0 
7f5808a7c000-7f5808b3f000 r-xp 00000000 08:03 4201341                    /usr/lib/x86_64-linux-gnu/fglrx/fglrx-libGL.so.1.2
7f5808b3f000-7f5808c3e000 ---p 000c3000 08:03 4201341                    /usr/lib/x86_64-linux-gnu/fglrx/fglrx-libGL.so.1.2
7f5808c3e000-7f5808c65000 rwxp 000c2000 08:03 4201341                    /usr/lib/x86_64-linux-gnu/fglrx/fglrx-libGL.so.1.2
7f5808c65000-7f5808c85000 rwxp 00000000 00:00 0 
7f5808c85000-7f5808c86000 ---p 00000000 00:00 0 
7f5808c86000-7f5809486000 rw-p 00000000 00:00 0 
7f5809486000-7f580948c000 r-xp 00000000 08:03 4200289                    /usr/lib/x86_64-linux-gnu/libogg.so.0.8.0
7f580948c000-7f580968b000 ---p 00006000 08:03 4200289                    /usr/lib/x86_64-linux-gnu/libogg.so.0.8.0
7f580968b000-7f580968c000 rw-p 00005000 08:03 4200289                    /usr/lib/x86_64-linux-gnu/libogg.so.0.8.0
7f580968c000-7f58096b8000 r-xp 00000000 08:03 4200496                    /usr/lib/x86_64-linux-gnu/libvorbis.so.0.4.5
7f58096b8000-7f58098b7000 ---p 0002c000 08:03 4200496                    /usr/lib/x86_64-linux-gnu/libvorbis.so.0.4.5
7f58098b7000-7f58098b8000 r--p 0002b000 08:03 4200496                    /usr/lib/x86_64-linux-gnu/libvorbis.so.0.4.5
7f58098b8000-7f58098b9000 rw-p 0002c000 08:03 4200496                    /usr/lib/x86_64-linux-gnu/libvorbis.so.0.4.5
7f58098b9000-7f5809b6c000 r-xp 00000000 08:03 4200498                    /usr/lib/x86_64-linux-gnu/libvorbisenc.so.2.0.8
7f5809b6c000-7f5809d6b000 ---p 002b3000 08:03 4200498                    /usr/lib/x86_64-linux-gnu/libvorbisenc.so.2.0.8
7f5809d6b000-7f5809d87000 r--p 002b2000 08:03 4200498                    /usr/lib/x86_64-linux-gnu/libvorbisenc.so.2.0.8
7f5809d87000-7f5809d88000 rw-p 002ce000 08:03 4200498                    /usr/lib/x86_64-linux-gnu/libvorbisenc.so.2.0.8
7f5809d88000-7f5809dd3000 r-xp 00000000 08:03 4199700                    /usr/lib/x86_64-linux-gnu/libFLAC.so.8.2.0
7f5809dd3000-7f5809fd2000 ---p 0004b000 08:03 4199700                    /usr/lib/x86_64-linux-gnu/libFLAC.so.8.2.0
7f5809fd2000-7f5809fd3000 r--p 0004a000 08:03 4199700                    /usr/lib/x86_64-linux-gnu/libFLAC.so.8.2.0
7f5809fd3000-7f5809fd4000 rw-p 0004b000 08:03 4199700                    /usr/lib/x86_64-linux-gnu/libFLAC.so.8.2.0
7f5809fd4000-7f5809fd8000 r-xp 00000000 08:03 12190707                   /lib/x86_64-linux-gnu/libuuid.so.1.3.0
7f5809fd8000-7f580a1d7000 ---p 00004000 08:03 12190707                   /lib/x86_64-linux-gnu/libuuid.so.1.3.0
7f580a1d7000-7f580a1d8000 r--p 00003000 08:03 12190707                   /lib/x86_64-linux-gnu/libuuid.so.1.3.0
7f580a1d8000-7f580a1d9000 rw-p 00004000 08:03 12190707                   /lib/x86_64-linux-gnu/libuuid.so.1.3.0
7f580a1d9000-7f580a1dd000 r-xp 00000000 08:03 12190559                   /lib/x86_64-linux-gnu/libattr.so.1.1.0
7f580a1dd000-7f580a3dc000 ---p 00004000 08:03 12190559                   /lib/x86_64-linux-gnu/libattr.so.1.1.0
7f580a3dc000-7f580a3dd000 r--p 00003000 08:03 12190559                   /lib/x86_64-linux-gnu/libattr.so.1.1.0
7f580a3dd000-7f580a3de000 rw-p 00004000 08:03 12190559                   /lib/x86_64-linux-gnu/libattr.so.1.1.0
7f580a3de000-7f580a3e3000 r-xp 00000000 08:03 4199797                    /usr/lib/x86_64-linux-gnu/libasyncns.so.0.3.1
7f580a3e3000-7f580a5e2000 ---p 00005000 08:03 4199797                    /usr/lib/x86_64-linux-gnu/libasyncns.so.0.3.1
7f580a5e2000-7f580a5e3000 rw-p 00004000 08:03 4199797                    /usr/lib/x86_64-linux-gnu/libasyncns.so.0.3.1
7f580a5e3000-7f580a644000 r-xp 00000000 08:03 4200411                    /usr/lib/x86_64-linux-gnu/libsndfile.so.1.0.25
7f580a644000-7f580a843000 ---p 00061000 08:03 4200411                    /usr/lib/x86_64-linux-gnu/libsndfile.so.1.0.25
7f580a843000-7f580a845000 r--p 00060000 08:03 4200411                    /usr/lib/x86_64-linux-gnu/libsndfile.so.1.0.25
7f580a845000-7f580a846000 rw-p 00062000 08:03 4200411                    /usr/lib/x86_64-linux-gnu/libsndfile.so.1.0.25
7f580a846000-7f580a84a000 rw-p 00000000 00:00 0 
7f580a84a000-7f580a853000 r-xp 00000000 08:03 12190709                   /lib/x86_64-linux-gnu/libwrap.so.0.7.6
7f580a853000-7f580aa52000 ---p 00009000 08:03 12190709                   /lib/x86_64-linux-gnu/libwrap.so.0.7.6
7f580aa52000-7f580aa53000 r--p 00008000 08:03 12190709                   /lib/x86_64-linux-gnu/libwrap.so.0.7.6
7f580aa53000-7f580aa54000 rw-p 00009000 08:03 12190709                   /lib/x86_64-linux-gnu/libwrap.so.0.7.6
7f580aa54000-7f580aa55000 rw-p 00000000 00:00 0 
7f580aa55000-7f580aa5c000 r-xp 00000000 08:03 4199720                    /usr/lib/x86_64-linux-gnu/libSM.so.6.0.1
7f580aa5c000-7f580ac5b000 ---p 00007000 08:03 4199720                    /usr/lib/x86_64-linux-gnu/libSM.so.6.0.1
7f580ac5b000-7f580ac5c000 rw-p 00006000 08:03 4199720                    /usr/lib/x86_64-linux-gnu/libSM.so.6.0.1
7f580ac5c000-7f580ac73000 r-xp 00000000 08:03 4199710                    /usr/lib/x86_64-linux-gnu/libICE.so.6.3.0
7f580ac73000-7f580ae72000 ---p 00017000 08:03 4199710                    /usr/lib/x86_64-linux-gnu/libICE.so.6.3.0
7f580ae72000-7f580ae74000 rw-p 00016000 08:03 4199710                    /usr/lib/x86_64-linux-gnu/libICE.so.6.3.0
7f580ae74000-7f580ae77000 rw-p 00000000 00:00 0 
7f580ae77000-7f580ae78000 r-xp 00000000 08:03 4199726                    /usr/lib/x86_64-linux-gnu/libX11-xcb.so.1.0.0
7f580ae78000-7f580b077000 ---p 00001000 08:03 4199726                    /usr/lib/x86_64-linux-gnu/libX11-xcb.so.1.0.0
7f580b077000-7f580b078000 rw-p 00000000 08:03 4199726                    /usr/lib/x86_64-linux-gnu/libX11-xcb.so.1.0.0
7f580b078000-7f580b07c000 r-xp 00000000 08:03 12190572                   /lib/x86_64-linux-gnu/libcap.so.2.22
7f580b07c000-7f580b27b000 ---p 00004000 08:03 12190572                   /lib/x86_64-linux-gnu/libcap.so.2.22
7f580b27b000-7f580b27c000 rw-p 00003000 08:03 12190572                   /lib/x86_64-linux-gnu/libcap.so.2.22
7f580b27c000-7f580b2dd000 r-xp 00000000 08:03 4325923                    /usr/lib/x86_64-linux-gnu/pulseaudio/libpulsecommon-2.0.so
7f580b2dd000-7f580b4dc000 ---p 00061000 08:03 4325923                    /usr/lib/x86_64-linux-gnu/pulseaudio/libpulsecommon-2.0.so
7f580b4dc000-7f580b4dd000 r--p 00060000 08:03 4325923                    /usr/lib/x86_64-linux-gnu/pulseaudio/libpulsecommon-2.0.so
7f580b4dd000-7f580b4df000 rw-p 00061000 08:03 4325923                    /usr/lib/x86_64-linux-gnu/pulseaudio/libpulsecommon-2.0.so
7f580b4df000-7f580b4e8000 r-xp 00000000 08:03 12190608                   /lib/x86_64-linux-gnu/libjson.so.0.1.0
7f580b4e8000-7f580b6e7000 ---p 00009000 08:03 12190608                   /lib/x86_64-linux-gnu/libjson.so.0.1.0
7f580b6e7000-7f580b6e8000 r--p 00008000 08:03 12190608                   /lib/x86_64-linux-gnu/libjson.so.0.1.0
7f580b6e8000-7f580b6e9000 rw-p 00009000 08:03 12190608                   /lib/x86_64-linux-gnu/libjson.so.0.1.0
7f580b6e9000-7f580b732000 r-xp 00000000 08:03 4200364                    /usr/lib/x86_64-linux-gnu/libpulse.so.0.14.2
7f580b732000-7f580b931000 ---p 00049000 08:03 4200364                    /usr/lib/x86_64-linux-gnu/libpulse.so.0.14.2
7f580b931000-7f580b932000 r--p 00048000 08:03 4200364                    /usr/lib/x86_64-linux-gnu/libpulse.so.0.14.2
7f580b932000-7f580b933000 rw-p 00049000 08:03 4200364                    /usr/lib/x86_64-linux-gnu/libpulse.so.0.14.2
7f580bb8c000-7f580bb90000 r-xp 00000000 08:03 4199775                    /usr/lib/x86_64-linux-gnu/libXxf86vm.so.1.0.0
7f580bb90000-7f580bd90000 ---p 00004000 08:03 4199775                    /usr/lib/x86_64-linux-gnu/libXxf86vm.so.1.0.0
7f580bd90000-7f580bd91000 r--p 00004000 08:03 4199775                    /usr/lib/x86_64-linux-gnu/libXxf86vm.so.1.0.0
7f580bd91000-7f580bd92000 rw-p 00005000 08:03 4199775                    /usr/lib/x86_64-linux-gnu/libXxf86vm.so.1.0.0
7f580bd92000-7f580bdfe000 r-xp 00000000 08:01 301131                     /media/winDisk/Users/ChobeDucket/Documents/sheep/android/assets/.temp/7b43be9b/liblwjgl64.so
7f580bdfe000-7f580bffd000 ---p 0006c000 08:01 301131                     /media/winDisk/Users/ChobeDucket/Documents/sheep/android/assets/.temp/7b43be9b/liblwjgl64.so
7f580bffd000-7f580bfff000 r--p 0006b000 08:01 301131                     /media/winDisk/Users/ChobeDucket/Documents/sheep/android/assets/.temp/7b43be9b/liblwjgl64.so
7f580bfff000-7f580c000000 rw-p 0006d000 08:01 301131                     /media/winDisk/Users/ChobeDucket/Documents/sheep/android/assets/.temp/7b43be9b/liblwjgl64.so
7f580c000000-7f580c021000 rw-p 00000000 00:00 0 
7f580c021000-7f5810000000 ---p 00000000 00:00 0 
7f581004f000-7f5810052000 ---p 00000000 00:00 0 
7f5810052000-7f5810150000 rw-p 00000000 00:00 0 
7f5810150000-7f5810151000 r-xp 00000000 08:03 3934229                    /usr/lib/jvm/java-7-openjdk-amd64/jre/lib/amd64/libjawt.so
7f5810151000-7f5810350000 ---p 00001000 08:03 3934229                    /usr/lib/jvm/java-7-openjdk-amd64/jre/lib/amd64/libjawt.so
7f5810350000-7f5810351000 r--p 00000000 08:03 3934229                    /usr/lib/jvm/java-7-openjdk-amd64/jre/lib/amd64/libjawt.so
7f5810351000-7f5810352000 rw-p 00001000 08:03 3934229                    /usr/lib/jvm/java-7-openjdk-amd64/jre/lib/amd64/libjawt.so
7f5810352000-7f5810355000 ---p 00000000 00:00 0 
7f5810355000-7f5810453000 rw-p 00000000 00:00 0 
7f5810453000-7f5810456000 ---p 00000000 00:00 0 
7f5810456000-7f5810554000 rw-p 00000000 00:00 0 
7f5810554000-7f5810557000 r-xp 00000000 08:03 12190599                   /lib/x86_64-linux-gnu/libgpg-error.so.0.8.0
7f5810557000-7f5810756000 ---p 00003000 08:03 12190599                   /lib/x86_64-linux-gnu/libgpg-error.so.0.8.0
7f5810756000-7f5810757000 rw-p 00002000 08:03 12190599                   /lib/x86_64-linux-gnu/libgpg-error.so.0.8.0
7f5810757000-7f581079b000 r-xp 00000000 08:03 12190580                   /lib/x86_64-linux-gnu/libdbus-1.so.3.7.2
7f581079b000-7f581099b000 ---p 00044000 08:03 12190580                   /lib/x86_64-linux-gnu/libdbus-1.so.3.7.2
7f581099b000-7f581099c000 r--p 00044000 08:03 12190580                   /lib/x86_64-linux-gnu/libdbus-1.so.3.7.2
7f581099c000-7f581099d000 rw-p 00045000 08:03 12190580                   /lib/x86_64-linux-gnu/libdbus-1.so.3.7.2
7f581099d000-7f58109ae000 r-xp 00000000 08:03 4200305                    /usr/lib/x86_64-linux-gnu/libp11-kit.so.0.0.0
7f58109ae000-7f5810bad000 ---p 00011000 08:03 4200305                    /usr/lib/x86_64-linux-gnu/libp11-kit.so.0.0.0
7f5810bad000-7f5810bae000 r--p 00010000 08:03 4200305                    /usr/lib/x86_64-linux-gnu/libp11-kit.so.0.0.0
7f5810bae000-7f5810baf000 rw-p 00011000 08:03 4200305                    /usr/lib/x86_64-linux-gnu/libp11-kit.so.0.0.0
7f5810baf000-7f5810c29000 r-xp 00000000 08:03 12190595                   /lib/x86_64-linux-gnu/libgcrypt.so.11.7.0
7f5810c29000-7f5810e29000 ---p 0007a000 08:03 12190595                   /lib/x86_64-linux-gnu/libgcrypt.so.11.7.0
7f5810e29000-7f5810e2a000 r--p 0007a000 08:03 12190595                   /lib/x86_64-linux-gnu/libgcrypt.so.11.7.0
7f5810e2a000-7f5810e2d000 rw-p 0007b000 08:03 12190595                   /lib/x86_64-linux-gnu/libgcrypt.so.11.7.0
7f5810e2d000-7f5810e3d000 r-xp 00000000 08:03 4200448                    /usr/lib/x86_64-linux-gnu/libtasn1.so.3.1.16
7f5810e3d000-7f581103c000 ---p 00010000 08:03 4200448                    /usr/lib/x86_64-linux-gnu/libtasn1.so.3.1.16
7f581103c000-7f581103d000 r--p 0000f000 08:03 4200448                    /usr/lib/x86_64-linux-gnu/libtasn1.so.3.1.16
7f581103d000-7f581103e000 rw-p 00010000 08:03 4200448                    /usr/lib/x86_64-linux-gnu/libtasn1.so.3.1.16
7f581103e000-7f5811041000 r-xp 00000000 08:03 12190610                   /lib/x86_64-linux-gnu/libkeyutils.so.1.4
7f5811041000-7f5811240000 ---p 00003000 08:03 12190610                   /lib/x86_64-linux-gnu/libkeyutils.so.1.4
7f5811240000-7f5811241000 r--p 00002000 08:03 12190610                   /lib/x86_64-linux-gnu/libkeyutils.so.1.4
7f5811241000-7f5811242000 rw-p 00003000 08:03 12190610                   /lib/x86_64-linux-gnu/libkeyutils.so.1.4
7f5811242000-7f581124a000 r-xp 00000000 08:03 4200208                    /usr/lib/x86_64-linux-gnu/libkrb5support.so.0.1
7f581124a000-7f5811449000 ---p 00008000 08:03 4200208                    /usr/lib/x86_64-linux-gnu/libkrb5support.so.0.1
7f5811449000-7f581144a000 r--p 00007000 08:03 4200208                    /usr/lib/x86_64-linux-gnu/libkrb5support.so.0.1
7f581144a000-7f581144b000 rw-p 00008000 08:03 4200208                    /usr/lib/x86_64-linux-gnu/libkrb5support.so.0.1
7f581144b000-7f581144e000 r-xp 00000000 08:03 12190576                   /lib/x86_64-linux-gnu/libcom_err.so.2.1
7f581144e000-7f581164d000 ---p 00003000 08:03 12190576                   /lib/x86_64-linux-gnu/libcom_err.so.2.1
7f581164d000-7f581164e000 r--p 00002000 08:03 12190576                   /lib/x86_64-linux-gnu/libcom_err.so.2.1
7f581164e000-7f581164f000 rw-p 00003000 08:03 12190576                   /lib/x86_64-linux-gnu/libcom_err.so.2.1
7f581164f000-7f5811675000 r-xp 00000000 08:03 4200198                    /usr/lib/x86_64-linux-gnu/libk5crypto.so.3.1
7f5811675000-7f5811875000 ---p 00026000 08:03 4200198                    /usr/lib/x86_64-linux-gnu/libk5crypto.so.3.1
7f5811875000-7f5811876000 r--p 00026000 08:03 4200198                    /usr/lib/x86_64-linux-gnu/libk5crypto.so.3.1
7f5811876000-7f5811877000 rw-p 00027000 08:03 4200198                    /usr/lib/x86_64-linux-gnu/libk5crypto.so.3.1
7f5811877000-7f5811878000 rw-p 00000000 00:00 0 
7f5811878000-7f5811941000 r-xp 00000000 08:03 4200206                    /usr/lib/x86_64-linux-gnu/libkrb5.so.3.3
7f5811941000-7f5811b40000 ---p 000c9000 08:03 4200206                    /usr/lib/x86_64-linux-gnu/libkrb5.so.3.3
7f5811b40000-7f5811b4a000 r--p 000c8000 08:03 4200206                    /usr/lib/x86_64-linux-gnu/libkrb5.so.3.3
7f5811b4a000-7f5811b4c000 rw-p 000d2000 08:03 4200206                    /usr/lib/x86_64-linux-gnu/libkrb5.so.3.3
7f5811b4c000-7f5811b51000 r-xp 00000000 08:03 4199743                    /usr/lib/x86_64-linux-gnu/libXdmcp.so.6.0.0
7f5811b51000-7f5811d50000 ---p 00005000 08:03 4199743                    /usr/lib/x86_64-linux-gnu/libXdmcp.so.6.0.0
7f5811d50000-7f5811d51000 rw-p 00004000 08:03 4199743                    /usr/lib/x86_64-linux-gnu/libXdmcp.so.6.0.0
7f5811d51000-7f5811d53000 r-xp 00000000 08:03 4199732                    /usr/lib/x86_64-linux-gnu/libXau.so.6.0.0
7f5811d53000-7f5811f53000 ---p 00002000 08:03 4199732                    /usr/lib/x86_64-linux-gnu/libXau.so.6.0.0
7f5811f53000-7f5811f54000 rw-p 00002000 08:03 4199732                    /usr/lib/x86_64-linux-gnu/libXau.so.6.0.0
7f5811f54000-7f5811f64000 r-xp 00000000 08:03 4199807                    /usr/lib/x86_64-linux-gnu/libavahi-client.so.3.2.9
7f5811f64000-7f5812163000 ---p 00010000 08:03 4199807                    /usr/lib/x86_64-linux-gnu/libavahi-client.so.3.2.9
7f5812163000-7f5812164000 r--p 0000f000 08:03 4199807                    /usr/lib/x86_64-linux-gnu/libavahi-client.so.3.2.9
7f5812164000-7f5812165000 rw-p 00010000 08:03 4199807                    /usr/lib/x86_64-linux-gnu/libavahi-client.so.3.2.9
7f5812165000-7f5812171000 r-xp 00000000 08:03 4199809                    /usr/lib/x86_64-linux-gnu/libavahi-common.so.3.5.3
7f5812171000-7f5812370000 ---p 0000c000 08:03 4199809                    /usr/lib/x86_64-linux-gnu/libavahi-common.so.3.5.3
7f5812370000-7f5812371000 r--p 0000b000 08:03 4199809                    /usr/lib/x86_64-linux-gnu/libavahi-common.so.3.5.3
7f5812371000-7f5812372000 rw-p 0000c000 08:03 4199809                    /usr/lib/x86_64-linux-gnu/libavahi-common.so.3.5.3
7f5812372000-7f581242b000 r-xp 00000000 08:03 4200060                    /usr/lib/x86_64-linux-gnu/libgnutls.so.26.22.4
7f581242b000-7f581262a000 ---p 000b9000 08:03 4200060                    /usr/lib/x86_64-linux-gnu/libgnutls.so.26.22.4
7f581262a000-7f5812630000 r--p 000b8000 08:03 4200060                    /usr/lib/x86_64-linux-gnu/libgnutls.so.26.22.4
7f5812630000-7f5812632000 rw-p 000be000 08:03 4200060                    /usr/lib/x86_64-linux-gnu/libgnutls.so.26.22.4
7f5812632000-7f581266e000 r-xp 00000000 08:03 4200085                    /usr/lib/x86_64-linux-gnu/libgssapi_krb5.so.2.2
7f581266e000-7f581286e000 ---p 0003c000 08:03 4200085                    /usr/lib/x86_64-linux-gnu/libgssapi_krb5.so.2.2
7f581286e000-7f581286f000 r--p 0003c000 08:03 4200085                    /usr/lib/x86_64-linux-gnu/libgssapi_krb5.so.2.2
7f581286f000-7f5812871000 rw-p 0003d000 08:03 4200085                    /usr/lib/x86_64-linux-gnu/libgssapi_krb5.so.2.2
7f5812871000-7f58128ad000 r-xp 00000000 08:03 12190663                   /lib/x86_64-linux-gnu/libpcre.so.3.13.1
7f58128ad000-7f5812aad000 ---p 0003c000 08:03 12190663                   /lib/x86_64-linux-gnu/libpcre.so.3.13.1
7f5812aad000-7f5812aae000 rw-p 0003c000 08:03 12190663                   /lib/x86_64-linux-gnu/libpcre.so.3.13.1
7f5812aae000-7f5812aba000 r-xp 00000000 08:03 4199961                    /usr/lib/x86_64-linux-gnu/libffi.so.5.0.10
7f5812aba000-7f5812cba000 ---p 0000c000 08:03 4199961                    /usr/lib/x86_64-linux-gnu/libffi.so.5.0.10
7f5812cba000-7f5812cbb000 rw-p 0000c000 08:03 4199961                    /usr/lib/x86_64-linux-gnu/libffi.so.5.0.10
7f5812cbb000-7f5812ce2000 r-xp 00000000 08:03 12190588                   /lib/x86_64-linux-gnu/libexpat.so.1.6.0
7f5812ce2000-7f5812ee2000 ---p 00027000 08:03 12190588                   /lib/x86_64-linux-gnu/libexpat.so.1.6.0
7f5812ee2000-7f5812ee4000 r--p 00027000 08:03 12190588                   /lib/x86_64-linux-gnu/libexpat.so.1.6.0
7f5812ee4000-7f5812ee5000 rw-p 00029000 08:03 12190588                   /lib/x86_64-linux-gnu/libexpat.so.1.6.0
7f5812ee5000-7f5812eed000 r-xp 00000000 08:03 4200521                    /usr/lib/x86_64-linux-gnu/libxcb-render.so.0.0.0
7f5812eed000-7f58130ed000 ---p 00008000 08:03 4200521                    /usr/lib/x86_64-linux-gnu/libxcb-render.so.0.0.0
7f58130ed000-7f58130ee000 r--p 00008000 08:03 4200521                    /usr/lib/x86_64-linux-gnu/libxcb-render.so.0.0.0
7f58130ee000-7f58130ef000 rw-p 00009000 08:03 4200521                    /usr/lib/x86_64-linux-gnu/libxcb-render.so.0.0.0
7f58130ef000-7f58130f1000 r-xp 00000000 08:03 4200525                    /usr/lib/x86_64-linux-gnu/libxcb-shm.so.0.0.0
7f58130f1000-7f58132f0000 ---p 00002000 08:03 4200525                    /usr/lib/x86_64-linux-gnu/libxcb-shm.so.0.0.0
7f58132f0000-7f58132f1000 r--p 00001000 08:03 4200525                    /usr/lib/x86_64-linux-gnu/libxcb-shm.so.0.0.0
7f58132f1000-7f58132f2000 rw-p 00002000 08:03 4200525                    /usr/lib/x86_64-linux-gnu/libxcb-shm.so.0.0.0
7f58132f2000-7f5813372000 r-xp 00000000 08:03 4200335                    /usr/lib/x86_64-linux-gnu/libpixman-1.so.0.26.0
7f5813372000-7f5813572000 ---p 00080000 08:03 4200335                    /usr/lib/x86_64-linux-gnu/libpixman-1.so.0.26.0
7f5813572000-7f5813578000 rw-p 00080000 08:03 4200335                    /usr/lib/x86_64-linux-gnu/libpixman-1.so.0.26.0
7f5813578000-7f581359e000 r-xp 00000000 08:03 12190665                   /lib/x86_64-linux-gnu/libpng12.so.0.49.0
7f581359e000-7f581379d000 ---p 00026000 08:03 12190665                   /lib/x86_64-linux-gnu/libpng12.so.0.49.0
7f581379d000-7f581379e000 r--p 00025000 08:03 12190665                   /lib/x86_64-linux-gnu/libpng12.so.0.49.0
7f581379e000-7f581379f000 rw-p 00026000 08:03 12190665                   /lib/x86_64-linux-gnu/libpng12.so.0.49.0
7f581379f000-7f58137b3000 r-xp 00000000 08:03 12192206                   /lib/x86_64-linux-gnu/libresolv-2.19.so
7f58137b3000-7f58139b2000 ---p 00014000 08:03 12192206                   /lib/x86_64-linux-gnu/libresolv-2.19.so
7f58139b2000-7f58139b3000 r--p 00013000 08:03 12192206                   /lib/x86_64-linux-gnu/libresolv-2.19.so
7f58139b3000-7f58139b4000 rw-p 00014000 08:03 12192206                   /lib/x86_64-linux-gnu/libresolv-2.19.so
7f58139b4000-7f58139b6000 rw-p 00000000 00:00 0 
7f58139b6000-7f58139d4000 r-xp 00000000 08:03 12190680                   /lib/x86_64-linux-gnu/libselinux.so.1
7f58139d4000-7f5813bd3000 ---p 0001e000 08:03 12190680                   /lib/x86_64-linux-gnu/libselinux.so.1
7f5813bd3000-7f5813bd4000 r--p 0001d000 08:03 12190680                   /lib/x86_64-linux-gnu/libselinux.so.1
7f5813bd4000-7f5813bd5000 rw-p 0001e000 08:03 12190680                   /lib/x86_64-linux-gnu/libselinux.so.1
7f5813bd5000-7f5813bd6000 rw-p 00000000 00:00 0 
7f5813bd6000-7f5813bd9000 r-xp 00000000 08:03 4200052                    /usr/lib/x86_64-linux-gnu/libgmodule-2.0.so.0.3200.4
7f5813bd9000-7f5813dd8000 ---p 00003000 08:03 4200052                    /usr/lib/x86_64-linux-gnu/libgmodule-2.0.so.0.3200.4
7f5813dd8000-7f5813dd9000 r--p 00002000 08:03 4200052                    /usr/lib/x86_64-linux-gnu/libgmodule-2.0.so.0.3200.4
7f5813dd9000-7f5813dda000 rw-p 00003000 08:03 4200052                    /usr/lib/x86_64-linux-gnu/libgmodule-2.0.so.0.3200.4
7f5813dda000-7f5813de4000 r-xp 00000000 08:03 4199739                    /usr/lib/x86_64-linux-gnu/libXcursor.so.1.0.2
7f5813de4000-7f5813fe3000 ---p 0000a000 08:03 4199739                    /usr/lib/x86_64-linux-gnu/libXcursor.so.1.0.2
7f5813fe3000-7f5813fe4000 rw-p 00009000 08:03 4199739                    /usr/lib/x86_64-linux-gnu/libXcursor.so.1.0.2
7f5813fe4000-7f5813feb000 r-xp 00000000 08:03 4199761                    /usr/lib/x86_64-linux-gnu/libXrandr.so.2.2.0
7f5813feb000-7f58141eb000 ---p 00007000 08:03 4199761                    /usr/lib/x86_64-linux-gnu/libXrandr.so.2.2.0
7f58141eb000-7f58141ec000 rw-p 00007000 08:03 4199761                    /usr/lib/x86_64-linux-gnu/libXrandr.so.2.2.0
7f58141ec000-7f58141ee000 r-xp 00000000 08:03 4199753                    /usr/lib/x86_64-linux-gnu/libXinerama.so.1.0.0
7f58141ee000-7f58143ed000 ---p 00002000 08:03 4199753                    /usr/lib/x86_64-linux-gnu/libXinerama.so.1.0.0
7f58143ed000-7f58143ee000 rw-p 00001000 08:03 4199753                    /usr/lib/x86_64-linux-gnu/libXinerama.so.1.0.0
7f58143ee000-7f58143f3000 r-xp 00000000 08:03 4199747                    /usr/lib/x86_64-linux-gnu/libXfixes.so.3.1.0
7f58143f3000-7f58145f2000 ---p 00005000 08:03 4199747                    /usr/lib/x86_64-linux-gnu/libXfixes.so.3.1.0
7f58145f2000-7f58145f3000 r--p 00004000 08:03 4199747                    /usr/lib/x86_64-linux-gnu/libXfixes.so.3.1.0
7f58145f3000-7f58145f4000 rw-p 00005000 08:03 4199747                    /usr/lib/x86_64-linux-gnu/libXfixes.so.3.1.0
7f58145f4000-7f58145f6000 r-xp 00000000 08:03 4199741                    /usr/lib/x86_64-linux-gnu/libXdamage.so.1.1.0
7f58145f6000-7f58147f5000 ---p 00002000 08:03 4199741                    /usr/lib/x86_64-linux-gnu/libXdamage.so.1.1.0
7f58147f5000-7f58147f6000 rw-p 00001000 08:03 4199741                    /usr/lib/x86_64-linux-gnu/libXdamage.so.1.1.0
7f58147f6000-7f58147f8000 r-xp 00000000 08:03 4199737                    /usr/lib/x86_64-linux-gnu/libXcomposite.so.1.0.0
7f58147f8000-7f58149f7000 ---p 00002000 08:03 4199737                    /usr/lib/x86_64-linux-gnu/libXcomposite.so.1.0.0
7f58149f7000-7f58149f8000 rw-p 00001000 08:03 4199737                    /usr/lib/x86_64-linux-gnu/libXcomposite.so.1.0.0
7f58149f8000-7f5814a17000 r-xp 00000000 08:03 4200529                    /usr/lib/x86_64-linux-gnu/libxcb.so.1.1.0
7f5814a17000-7f5814c16000 ---p 0001f000 08:03 4200529                    /usr/lib/x86_64-linux-gnu/libxcb.so.1.1.0
7f5814c16000-7f5814c17000 r--p 0001e000 08:03 4200529                    /usr/lib/x86_64-linux-gnu/libxcb.so.1.1.0
7f5814c17000-7f5814c18000 rw-p 0001f000 08:03 4200529                    /usr/lib/x86_64-linux-gnu/libxcb.so.1.1.0
7f5814c18000-7f5814c6b000 r-xp 00000000 08:03 4199889                    /usr/lib/x86_64-linux-gnu/libcups.so.2
7f5814c6b000-7f5814e6a000 ---p 00053000 08:03 4199889                    /usr/lib/x86_64-linux-gnu/libcups.so.2
7f5814e6a000-7f5814e6f000 r--p 00052000 08:03 4199889                    /usr/lib/x86_64-linux-gnu/libcups.so.2
7f5814e6f000-7f5814e70000 rw-p 00057000 08:03 4199889                    /usr/lib/x86_64-linux-gnu/libcups.so.2
7f5814e70000-7f5814f65000 r-xp 00000000 08:03 12190597                   /lib/x86_64-linux-gnu/libglib-2.0.so.0.3200.4
7f5814f65000-7f5815165000 ---p 000f5000 08:03 12190597                   /lib/x86_64-linux-gnu/libglib-2.0.so.0.3200.4
7f5815165000-7f5815166000 r--p 000f5000 08:03 12190597                   /lib/x86_64-linux-gnu/libglib-2.0.so.0.3200.4
7f5815166000-7f5815167000 rw-p 000f6000 08:03 12190597                   /lib/x86_64-linux-gnu/libglib-2.0.so.0.3200.4
7f5815167000-7f5815168000 rw-p 00000000 00:00 0 
7f5815168000-7f5815169000 r-xp 00000000 08:03 4200137                    /usr/lib/x86_64-linux-gnu/libgthread-2.0.so.0.3200.4
7f5815169000-7f5815368000 ---p 00001000 08:03 4200137                    /usr/lib/x86_64-linux-gnu/libgthread-2.0.so.0.3200.4
7f5815368000-7f5815369000 r--p 00000000 08:03 4200137                    /usr/lib/x86_64-linux-gnu/libgthread-2.0.so.0.3200.4
7f5815369000-7f581536a000 rw-p 00001000 08:03 4200137                    /usr/lib/x86_64-linux-gnu/libgthread-2.0.so.0.3200.4
7f581536a000-7f58153b8000 r-xp 00000000 08:03 4200068                    /usr/lib/x86_64-linux-gnu/libgobject-2.0.so.0.3200.4
7f58153b8000-7f58155b8000 ---p 0004e000 08:03 4200068                    /usr/lib/x86_64-linux-gnu/libgobject-2.0.so.0.3200.4
7f58155b8000-7f58155b9000 r--p 0004e000 08:03 4200068                    /usr/lib/x86_64-linux-gnu/libgobject-2.0.so.0.3200.4
7f58155b9000-7f58155ba000 rw-p 0004f000 08:03 4200068                    /usr/lib/x86_64-linux-gnu/libgobject-2.0.so.0.3200.4
7f58155ba000-7f58155ef000 r-xp 00000000 08:03 4199999                    /usr/lib/x86_64-linux-gnu/libfontconfig.so.1.5.0
7f58155ef000-7f58157ef000 ---p 00035000 08:03 4199999                    /usr/lib/x86_64-linux-gnu/libfontconfig.so.1.5.0
7f58157ef000-7f58157f0000 r--p 00035000 08:03 4199999                    /usr/lib/x86_64-linux-gnu/libfontconfig.so.1.5.0
7f58157f0000-7f58157f1000 rw-p 00036000 08:03 4199999                    /usr/lib/x86_64-linux-gnu/libfontconfig.so.1.5.0
7f58157f1000-7f581588a000 r-xp 00000000 08:03 4200007                    /usr/lib/x86_64-linux-gnu/libfreetype.so.6.8.1
7f581588a000-7f5815a89000 ---p 00099000 08:03 4200007                    /usr/lib/x86_64-linux-gnu/libfreetype.so.6.8.1
7f5815a89000-7f5815a8f000 r--p 00098000 08:03 4200007                    /usr/lib/x86_64-linux-gnu/libfreetype.so.6.8.1
7f5815a8f000-7f5815a90000 rw-p 0009e000 08:03 4200007                    /usr/lib/x86_64-linux-gnu/libfreetype.so.6.8.1
7f5815a90000-7f5815ada000 r-xp 00000000 08:03 4200313                    /usr/lib/x86_64-linux-gnu/libpango-1.0.so.0.3000.0
7f5815ada000-7f5815cda000 ---p 0004a000 08:03 4200313                    /usr/lib/x86_64-linux-gnu/libpango-1.0.so.0.3000.0
7f5815cda000-7f5815cdc000 r--p 0004a000 08:03 4200313                    /usr/lib/x86_64-linux-gnu/libpango-1.0.so.0.3000.0
7f5815cdc000-7f5815cdd000 rw-p 0004c000 08:03 4200313                    /usr/lib/x86_64-linux-gnu/libpango-1.0.so.0.3000.0
7f5815cdd000-7f5815dd1000 r-xp 00000000 08:03 4199843                    /usr/lib/x86_64-linux-gnu/libcairo.so.2.11200.2
7f5815dd1000-7f5815fd0000 ---p 000f4000 08:03 4199843                    /usr/lib/x86_64-linux-gnu/libcairo.so.2.11200.2
7f5815fd0000-7f5815fd3000 r--p 000f3000 08:03 4199843                    /usr/lib/x86_64-linux-gnu/libcairo.so.2.11200.2
7f5815fd3000-7f5815fd4000 rw-p 000f6000 08:03 4199843                    /usr/lib/x86_64-linux-gnu/libcairo.so.2.11200.2
7f5815fd4000-7f5815fd6000 rw-p 00000000 00:00 0 
7f5815fd6000-7f5815ff5000 r-xp 00000000 08:03 4200030                    /usr/lib/x86_64-linux-gnu/libgdk_pixbuf-2.0.so.0.2600.1
7f5815ff5000-7f58161f4000 ---p 0001f000 08:03 4200030                    /usr/lib/x86_64-linux-gnu/libgdk_pixbuf-2.0.so.0.2600.1
7f58161f4000-7f58161f5000 r--p 0001e000 08:03 4200030                    /usr/lib/x86_64-linux-gnu/libgdk_pixbuf-2.0.so.0.2600.1
7f58161f5000-7f58161f6000 rw-p 0001f000 08:03 4200030                    /usr/lib/x86_64-linux-gnu/libgdk_pixbuf-2.0.so.0.2600.1
7f58161f6000-7f5816202000 r-xp 00000000 08:03 4200315                    /usr/lib/x86_64-linux-gnu/libpangocairo-1.0.so.0.3000.0
7f5816202000-7f5816401000 ---p 0000c000 08:03 4200315                    /usr/lib/x86_64-linux-gnu/libpangocairo-1.0.so.0.3000.0
7f5816401000-7f5816402000 r--p 0000b000 08:03 4200315                    /usr/lib/x86_64-linux-gnu/libpangocairo-1.0.so.0.3000.0
7f5816402000-7f5816403000 rw-p 0000c000 08:03 4200315                    /usr/lib/x86_64-linux-gnu/libpangocairo-1.0.so.0.3000.0
7f5816403000-7f581642d000 r-xp 00000000 08:03 4200317                    /usr/lib/x86_64-linux-gnu/libpangoft2-1.0.so.0.3000.0
7f581642d000-7f581662c000 ---p 0002a000 08:03 4200317                    /usr/lib/x86_64-linux-gnu/libpangoft2-1.0.so.0.3000.0
7f581662c000-7f581662d000 r--p 00029000 08:03 4200317                    /usr/lib/x86_64-linux-gnu/libpangoft2-1.0.so.0.3000.0
7f581662d000-7f581662e000 rw-p 0002a000 08:03 4200317                    /usr/lib/x86_64-linux-gnu/libpangoft2-1.0.so.0.3000.0
7f581662e000-7f581677a000 r-xp 00000000 08:03 4200042                    /usr/lib/x86_64-linux-gnu/libgio-2.0.so.0.3200.4
7f581677a000-7f5816979000 ---p 0014c000 08:03 4200042                    /usr/lib/x86_64-linux-gnu/libgio-2.0.so.0.3200.4
7f5816979000-7f581697d000 r--p 0014b000 08:03 4200042                    /usr/lib/x86_64-linux-gnu/libgio-2.0.so.0.3200.4
7f581697d000-7f581697f000 rw-p 0014f000 08:03 4200042                    /usr/lib/x86_64-linux-gnu/libgio-2.0.so.0.3200.4
7f581697f000-7f5816981000 rw-p 00000000 00:00 0 
7f5816981000-7f58169a2000 r-xp 00000000 08:03 4199799                    /usr/lib/x86_64-linux-gnu/libatk-1.0.so.0.20409.1
7f58169a2000-7f5816ba1000 ---p 00021000 08:03 4199799                    /usr/lib/x86_64-linux-gnu/libatk-1.0.so.0.20409.1
7f5816ba1000-7f5816ba3000 r--p 00020000 08:03 4199799                    /usr/lib/x86_64-linux-gnu/libatk-1.0.so.0.20409.1
7f5816ba3000-7f5816ba4000 rw-p 00022000 08:03 4199799                    /usr/lib/x86_64-linux-gnu/libatk-1.0.so.0.20409.1
7f5816ba4000-7f5816c53000 r-xp 00000000 08:03 4200028                    /usr/lib/x86_64-linux-gnu/libgdk-x11-2.0.so.0.2400.10
7f5816c53000-7f5816e52000 ---p 000af000 08:03 4200028                    /usr/lib/x86_64-linux-gnu/libgdk-x11-2.0.so.0.2400.10
7f5816e52000-7f5816e57000 rw-p 000ae000 08:03 4200028                    /usr/lib/x86_64-linux-gnu/libgdk-x11-2.0.so.0.2400.10
7f5816e57000-7f5817289000 r-xp 00000000 08:03 4200141                    /usr/lib/x86_64-linux-gnu/libgtk-x11-2.0.so.0.2400.10
7f5817289000-7f5817489000 ---p 00432000 08:03 4200141                    /usr/lib/x86_64-linux-gnu/libgtk-x11-2.0.so.0.2400.10
7f5817489000-7f5817494000 rw-p 00432000 08:03 4200141                    /usr/lib/x86_64-linux-gnu/libgtk-x11-2.0.so.0.2400.10
7f5817494000-7f5817496000 rw-p 00000000 00:00 0 
7f5817496000-7f58174a4000 r-xp 00000000 08:03 4199751                    /usr/lib/x86_64-linux-gnu/libXi.so.6.1.0
7f58174a4000-7f58176a4000 ---p 0000e000 08:03 4199751                    /usr/lib/x86_64-linux-gnu/libXi.so.6.1.0
7f58176a4000-7f58176a5000 rw-p 0000e000 08:03 4199751                    /usr/lib/x86_64-linux-gnu/libXi.so.6.1.0
7f58176a5000-7f58176aa000 r-xp 00000000 08:03 4199769                    /usr/lib/x86_64-linux-gnu/libXtst.so.6.1.0
7f58176aa000-7f58178a9000 ---p 00005000 08:03 4199769                    /usr/lib/x86_64-linux-gnu/libXtst.so.6.1.0
7f58178a9000-7f58178aa000 rw-p 00004000 08:03 4199769                    /usr/lib/x86_64-linux-gnu/libXtst.so.6.1.0
7f58178aa000-7f58178b3000 r-xp 00000000 08:03 4199763                    /usr/lib/x86_64-linux-gnu/libXrender.so.1.3.0
7f58178b3000-7f5817ab2000 ---p 00009000 08:03 4199763                    /usr/lib/x86_64-linux-gnu/libXrender.so.1.3.0
7f5817ab2000-7f5817ab3000 rw-p 00008000 08:03 4199763                    /usr/lib/x86_64-linux-gnu/libXrender.so.1.3.0
7f5817ab3000-7f5817be8000 r-xp 00000000 08:03 4199728                    /usr/lib/x86_64-linux-gnu/libX11.so.6.3.0
7f5817be8000-7f5817de8000 ---p 00135000 08:03 4199728                    /usr/lib/x86_64-linux-gnu/libX11.so.6.3.0
7f5817de8000-7f5817dee000 rw-p 00135000 08:03 4199728                    /usr/lib/x86_64-linux-gnu/libX11.so.6.3.0
7f5817dee000-7f5817dff000 r-xp 00000000 08:03 4199745                    /usr/lib/x86_64-linux-gnu/libXext.so.6.4.0
7f5817dff000-7f5817fff000 ---p 00011000 08:03 4199745                    /usr/lib/x86_64-linux-gnu/libXext.so.6.4.0
7f5817fff000-7f5818000000 rw-p 00011000 08:03 4199745                    /usr/lib/x86_64-linux-gnu/libXext.so.6.4.0
7f5818000000-7f5818021000 rw-p 00000000 00:00 0 
7f5818021000-7f581c000000 ---p 00000000 00:00 0 
7f581c000000-7f581c021000 rw-p 00000000 00:00 0 
7f581c021000-7f5820000000 ---p 00000000 00:00 0 
7f5820000000-7f58216a5000 rw-p 00000000 00:00 0 
7f58216a5000-7f5824000000 ---p 00000000 00:00 0 
7f5824000000-7f582489f000 rw-p 00000000 00:00 0 
7f582489f000-7f5828000000 ---p 00000000 00:00 0 
7f5828000000-7f5828021000 rw-p 00000000 00:00 0 
7f5828021000-7f582c000000 ---p 00000000 00:00 0 
7f582c000000-7f582c021000 rw-p 00000000 00:00 0 
7f582c021000-7f5830000000 ---p 00000000 00:00 0 
7f5830000000-7f5830021000 rw-p 00000000 00:00 0 
7f5830021000-7f5834000000 ---p 00000000 00:00 0 
7f5834000000-7f5834021000 rw-p 00000000 00:00 0 
7f5834021000-7f5838000000 ---p 00000000 00:00 0 
7f5838000000-7f5838021000 rw-p 00000000 00:00 0 
7f5838021000-7f583c000000 ---p 00000000 00:00 0 
7f583c015000-7f583c05d000 rw-p 00000000 00:00 0 
7f583c05d000-7f583c0b0000 r-xp 00000000 08:03 3934319                    /usr/lib/jvm/java-7-openjdk-amd64/jre/lib/amd64/xawt/libmawt.so
7f583c0b0000-7f583c2af000 ---p 00053000 08:03 3934319                    /usr/lib/jvm/java-7-openjdk-amd64/jre/lib/amd64/xawt/libmawt.so
7f583c2af000-7f583c2b0000 r--p 00052000 08:03 3934319                    /usr/lib/jvm/java-7-openjdk-amd64/jre/lib/amd64/xawt/libmawt.so
7f583c2b0000-7f583c2b3000 rw-p 00053000 08:03 3934319                    /usr/lib/jvm/java-7-openjdk-amd64/jre/lib/amd64/xawt/libmawt.so
7f583c2b3000-7f583c2b4000 rw-p 00000000 00:00 0 
7f583c2b4000-7f583c355000 r-xp 00000000 08:03 3934218                    /usr/lib/jvm/java-7-openjdk-amd64/jre/lib/amd64/libawt.so
7f583c355000-7f583c554000 ---p 000a1000 08:03 3934218                    /usr/lib/jvm/java-7-openjdk-amd64/jre/lib/amd64/libawt.so
7f583c554000-7f583c555000 r--p 000a0000 08:03 3934218                    /usr/lib/jvm/java-7-openjdk-amd64/jre/lib/amd64/libawt.so
7f583c555000-7f583c560000 rw-p 000a1000 08:03 3934218                    /usr/lib/jvm/java-7-openjdk-amd64/jre/lib/amd64/libawt.so
7f583c560000-7f583c585000 rw-p 00000000 00:00 0 
7f583c585000-7f583c5c2000 r-xp 00000000 08:03 10486182                   /tmp/libgdxchobe/5502b6ed/libgdx64.so
7f583c5c2000-7f583c7c1000 ---p 0003d000 08:03 10486182                   /tmp/libgdxchobe/5502b6ed/libgdx64.so
7f583c7c1000-7f583c7c2000 r--p 0003c000 08:03 10486182                   /tmp/libgdxchobe/5502b6ed/libgdx64.so
7f583c7c2000-7f583c7c3000 rw-p 0003d000 08:03 10486182                   /tmp/libgdxchobe/5502b6ed/libgdx64.so
7f583c7c3000-7f583c7c4000 r--s 00002000 08:03 10488693                   /home/chobe/.gradle/caches/modules-2/files-2.1/net.java.jinput/jinput-platform/2.0.5/53f9c919f34d2ca9de8c51fc4e1e8282029a9232/jinput-platform-2.0.5-natives-osx.jar
7f583c7c4000-7f583c7c5000 r--s 00025000 08:03 10488692                   /home/chobe/.gradle/caches/modules-2/files-2.1/net.java.jinput/jinput-platform/2.0.5/385ee093e01f587f30ee1c8a2ee7d408fd732e16/jinput-platform-2.0.5-natives-windows.jar
7f583c7c5000-7f583c7c6000 r--s 00002000 08:03 10488691                   /home/chobe/.gradle/caches/modules-2/files-2.1/net.java.jinput/jinput-platform/2.0.5/7ff832a6eb9ab6a767f1ade2b548092d0fa64795/jinput-platform-2.0.5-natives-linux.jar
7f583c7c6000-7f583c7c7000 r--s 00001000 08:03 10488690                   /home/chobe/.gradle/caches/modules-2/files-2.1/net.java.jutils/jutils/1.0.0/e12fe1fda814bd348c1579329c86943d2cd3c6a6/jutils-1.0.0.jar
7f583c7c7000-7f583c7cb000 r--s 0002f000 08:03 10488689                   /home/chobe/.gradle/caches/modules-2/files-2.1/net.java.jinput/jinput/2.0.5/39c7796b469a600f72380316f6b1f11db6c2c7c4/jinput-2.0.5.jar
7f583c7cb000-7f583c7cc000 r--s 00080000 08:03 10488688                   /home/chobe/.gradle/caches/modules-2/files-2.1/org.lwjgl.lwjgl/lwjgl-platform/2.9.1/2d12c83fdfbc04ecabf02c7bc8cc54d034f0daac/lwjgl-platform-2.9.1-natives-osx.jar
7f583c7cc000-7f583c7cd000 r--s 0008b000 08:03 10488687                   /home/chobe/.gradle/caches/modules-2/files-2.1/org.lwjgl.lwjgl/lwjgl-platform/2.9.1/aa9aae879af8eb378e22cfc64db56ec2ca9a44d1/lwjgl-platform-2.9.1-natives-linux.jar
7f583c7cd000-7f583c7ce000 r--s 00095000 08:03 10488686                   /home/chobe/.gradle/caches/modules-2/files-2.1/org.lwjgl.lwjgl/lwjgl-platform/2.9.1/4c517eca808522457dd95ee8fc1fbcdbb602efbe/lwjgl-platform-2.9.1-natives-windows.jar
7f583c7ce000-7f583c7d0000 r--s 00017000 08:03 10488685                   /home/chobe/.gradle/caches/modules-2/files-2.1/org.jcraft/jorbis/0.0.17/8872d22b293e8f5d7d56ff92be966e6dc28ebdc6/jorbis-0.0.17.jar
7f583c7d0000-7f583c7d1000 r--s 00015000 08:03 10488684                   /home/chobe/.gradle/caches/modules-2/files-2.1/com.badlogicgames.jlayer/jlayer/1.0.1-gdx/7cca83cec5c1b2f011362f4d85aabd71a73b049d/jlayer-1.0.1-gdx.jar
7f583c7d1000-7f583c7d5000 r--s 00027000 08:03 10488683                   /home/chobe/.gradle/caches/modules-2/files-2.1/org.lwjgl.lwjgl/lwjgl_util/2.9.1/290d7ba8a1bd9566f5ddf16ad06f09af5ec9b20e/lwjgl_util-2.9.1.jar
7f583c7d5000-7f583c7e3000 r--s 000ea000 08:03 10488682                   /home/chobe/.gradle/caches/modules-2/files-2.1/org.lwjgl.lwjgl/lwjgl/2.9.1/f58c5aabcef0e41718a564be9f8e412fff8db847/lwjgl-2.9.1.jar
7f583c7e3000-7f583c7f8000 r--s 00153000 08:03 10488660                   /home/chobe/.gradle/caches/modules-2/files-2.1/com.badlogicgames.gdx/gdx/1.1.0/686f5a609c717eb0769d3b954c501a49bf4fe351/gdx-1.1.0.jar
7f583c7f8000-7f583c7f9000 r--s 000cd000 08:03 10488678                   /home/chobe/.gradle/caches/modules-2/files-2.1/com.badlogicgames.gdx/gdx-platform/1.1.0/1c7ea4239c2d9adda420c15985fe3885c481fdcf/gdx-platform-1.1.0-natives-desktop.jar
7f583c7f9000-7f583c7fc000 r--s 0001f000 08:03 10488677                   /home/chobe/.gradle/caches/modules-2/files-2.1/com.badlogicgames.gdx/gdx-backend-lwjgl/1.1.0/eafa409559820c1696e165e1280435f1332fc32b/gdx-backend-lwjgl-1.1.0.jar
7f583c7fc000-7f583c7ff000 r--s 00020000 08:01 772750                     /media/winDisk/Users/ChobeDucket/Documents/sheep/core/build/libs/core-1.0.jar
7f583c7ff000-7f583c803000 r--s 0003b000 08:03 3934173                    /usr/lib/jvm/java-7-openjdk-amd64/jre/lib/ext/sunpkcs11.jar
7f583c803000-7f583c804000 r--s 00002000 08:03 3934178                    /usr/lib/jvm/java-7-openjdk-amd64/jre/lib/ext/dnsns.jar
7f583c804000-7f583c807000 r--s 00032000 08:03 3934176                    /usr/lib/jvm/java-7-openjdk-amd64/jre/lib/ext/sunjce_provider.jar
7f583c807000-7f583c809000 r--s 0000f000 08:03 3934175                    /usr/lib/jvm/java-7-openjdk-amd64/jre/lib/ext/pulse-java.jar
7f583c809000-7f583c80b000 r--s 00012000 08:03 3934174                    /usr/lib/jvm/java-7-openjdk-amd64/jre/lib/ext/zipfs.jar
7f583c80b000-7f583c80f000 r--s 00085000 08:03 3934172                    /usr/lib/jvm/java-7-openjdk-amd64/jre/lib/ext/localedata.jar
7f583c80f000-7f583c810000 r--s 00007000 08:03 5645676                    /usr/share/java/java-atk-wrapper.jar
7f583c810000-7f583c811000 ---p 00000000 00:00 0 
7f583c811000-7f583c911000 rw-p 00000000 00:00 0 
7f583c911000-7f583c914000 ---p 00000000 00:00 0 
7f583c914000-7f583ca12000 rw-p 00000000 00:00 0 
7f583ca12000-7f583ca15000 ---p 00000000 00:00 0 
7f583ca15000-7f583cb13000 rw-p 00000000 00:00 0 
7f583cb13000-7f583cb16000 ---p 00000000 00:00 0 
7f583cb16000-7f583cc14000 rw-p 00000000 00:00 0 
7f583cc14000-7f583cc17000 ---p 00000000 00:00 0 
7f583cc17000-7f583cd15000 rw-p 00000000 00:00 0 
7f583cd15000-7f583ce9e000 r--p 00000000 08:03 4067802                    /usr/lib/locale/locale-archive
7f583ce9e000-7f583cea1000 ---p 00000000 00:00 0 
7f583cea1000-7f583cf9f000 rw-p 00000000 00:00 0 
7f583cf9f000-7f583cfa2000 ---p 00000000 00:00 0 
7f583cfa2000-7f583d0a0000 rw-p 00000000 00:00 0 
7f583d0a0000-7f583d0a1000 ---p 00000000 00:00 0 
7f583d0a1000-7f5840000000 rw-p 00000000 00:00 0 
7f5840000000-7f5840021000 rw-p 00000000 00:00 0 
7f5840021000-7f5844000000 ---p 00000000 00:00 0 
7f5844000000-7f5844021000 rw-p 00000000 00:00 0 
7f5844021000-7f5848000000 ---p 00000000 00:00 0 
7f5848000000-7f5848021000 rw-p 00000000 00:00 0 
7f5848021000-7f584c000000 ---p 00000000 00:00 0 
7f584c039000-7f584c044000 r--s 00203000 08:03 3934232                    /usr/lib/jvm/java-7-openjdk-amd64/jre/lib/charsets.jar
7f584c044000-7f584c047000 ---p 00000000 00:00 0 
7f584c047000-7f584c07d000 rw-p 00000000 00:00 0 
7f584c07d000-7f584c086000 r--s 000b9000 08:03 3934170                    /usr/lib/jvm/java-7-openjdk-amd64/jre/lib/resources.jar
7f584c086000-7f584c5d4000 rw-p 00000000 00:00 0 
7f584c5d4000-7f584c782000 r--s 01cfc000 08:03 3934153                    /usr/lib/jvm/java-7-openjdk-amd64/jre/lib/rt.jar
7f584c782000-7f584cab6000 rw-p 00000000 00:00 0 
7f584cab6000-7f584cab7000 ---p 00000000 00:00 0 
7f584cab7000-7f584cbb7000 rw-p 00000000 00:00 0 
7f584cbb7000-7f584cbb8000 ---p 00000000 00:00 0 
7f584cbb8000-7f584ccb8000 rw-p 00000000 00:00 0 
7f584ccb8000-7f584ccb9000 ---p 00000000 00:00 0 
7f584ccb9000-7f584cdb9000 rw-p 00000000 00:00 0 
7f584cdb9000-7f584cdba000 ---p 00000000 00:00 0 
7f584cdba000-7f584cecf000 rw-p 00000000 00:00 0 
7f584cecf000-7f584d000000 rw-p 00000000 00:00 0 
7f584d000000-7f584d270000 rwxp 00000000 00:00 0 
7f584d270000-7f585035a000 rw-p 00000000 00:00 0 
7f585035a000-7f5854000000 ---p 00000000 00:00 0 
7f5854001000-7f5854011000 rw-s e0200000 00:05 7289                       /dev/ati/card0
7f5854011000-7f585401c000 rw-p 00000000 00:00 0 
7f585401c000-7f5854064000 rw-p 00000000 00:00 0 
7f5854064000-7f585406f000 rw-p 00000000 00:00 0 
7f585406f000-7f58540b7000 rw-p 00000000 00:00 0 
7f58540b7000-7f58540cc000 rw-p 00000000 00:00 0 
7f58540cc000-7f58541fc000 rw-p 00000000 00:00 0 
7f58541fc000-7f5854207000 rw-p 00000000 00:00 0 
7f5854207000-7f585429f000 rw-p 00000000 00:00 0 
7f585429f000-7f58542a0000 rw-p 00000000 00:00 0 
7f58542a0000-7f58542a8000 r-xp 00000000 08:03 3934210                    /usr/lib/jvm/java-7-openjdk-amd64/jre/lib/amd64/libzip.so
7f58542a8000-7f58544a7000 ---p 00008000 08:03 3934210                    /usr/lib/jvm/java-7-openjdk-amd64/jre/lib/amd64/libzip.so
7f58544a7000-7f58544a8000 r--p 00007000 08:03 3934210                    /usr/lib/jvm/java-7-openjdk-amd64/jre/lib/amd64/libzip.so
7f58544a8000-7f58544a9000 rw-p 00008000 08:03 3934210                    /usr/lib/jvm/java-7-openjdk-amd64/jre/lib/amd64/libzip.so
7f58544a9000-7f58544b4000 r-xp 00000000 08:03 12192223                   /lib/x86_64-linux-gnu/libnss_files-2.19.so
7f58544b4000-7f58546b3000 ---p 0000b000 08:03 12192223                   /lib/x86_64-linux-gnu/libnss_files-2.19.so
7f58546b3000-7f58546b4000 r--p 0000a000 08:03 12192223                   /lib/x86_64-linux-gnu/libnss_files-2.19.so
7f58546b4000-7f58546b5000 rw-p 0000b000 08:03 12192223                   /lib/x86_64-linux-gnu/libnss_files-2.19.so
7f58546b5000-7f58546bf000 r-xp 00000000 08:03 12192211                   /lib/x86_64-linux-gnu/libnss_nis-2.19.so
7f58546bf000-7f58548be000 ---p 0000a000 08:03 12192211                   /lib/x86_64-linux-gnu/libnss_nis-2.19.so
7f58548be000-7f58548bf000 r--p 00009000 08:03 12192211                   /lib/x86_64-linux-gnu/libnss_nis-2.19.so
7f58548bf000-7f58548c0000 rw-p 0000a000 08:03 12192211                   /lib/x86_64-linux-gnu/libnss_nis-2.19.so
7f58548c0000-7f58548d5000 r-xp 00000000 08:03 12192215                   /lib/x86_64-linux-gnu/libnsl-2.19.so
7f58548d5000-7f5854ad4000 ---p 00015000 08:03 12192215                   /lib/x86_64-linux-gnu/libnsl-2.19.so
7f5854ad4000-7f5854ad5000 r--p 00014000 08:03 12192215                   /lib/x86_64-linux-gnu/libnsl-2.19.so
7f5854ad5000-7f5854ad6000 rw-p 00015000 08:03 12192215                   /lib/x86_64-linux-gnu/libnsl-2.19.so
7f5854ad6000-7f5854ad8000 rw-p 00000000 00:00 0 
7f5854ad8000-7f5854adf000 r-xp 00000000 08:03 12192212                   /lib/x86_64-linux-gnu/libnss_compat-2.19.so
7f5854adf000-7f5854cde000 ---p 00007000 08:03 12192212                   /lib/x86_64-linux-gnu/libnss_compat-2.19.so
7f5854cde000-7f5854cdf000 r--p 00006000 08:03 12192212                   /lib/x86_64-linux-gnu/libnss_compat-2.19.so
7f5854cdf000-7f5854ce0000 rw-p 00007000 08:03 12192212                   /lib/x86_64-linux-gnu/libnss_compat-2.19.so
7f5854ce0000-7f5854d0b000 r-xp 00000000 08:03 3934215                    /usr/lib/jvm/java-7-openjdk-amd64/jre/lib/amd64/libjava.so
7f5854d0b000-7f5854f0a000 ---p 0002b000 08:03 3934215                    /usr/lib/jvm/java-7-openjdk-amd64/jre/lib/amd64/libjava.so
7f5854f0a000-7f5854f0b000 r--p 0002a000 08:03 3934215                    /usr/lib/jvm/java-7-openjdk-amd64/jre/lib/amd64/libjava.so
7f5854f0b000-7f5854f0d000 rw-p 0002b000 08:03 3934215                    /usr/lib/jvm/java-7-openjdk-amd64/jre/lib/amd64/libjava.so
7f5854f0d000-7f5854f1c000 r-xp 00000000 08:03 3934216                    /usr/lib/jvm/java-7-openjdk-amd64/jre/lib/amd64/libverify.so
7f5854f1c000-7f585511b000 ---p 0000f000 08:03 3934216                    /usr/lib/jvm/java-7-openjdk-amd64/jre/lib/amd64/libverify.so
7f585511b000-7f585511d000 r--p 0000e000 08:03 3934216                    /usr/lib/jvm/java-7-openjdk-amd64/jre/lib/amd64/libverify.so
7f585511d000-7f585511e000 rw-p 00010000 08:03 3934216                    /usr/lib/jvm/java-7-openjdk-amd64/jre/lib/amd64/libverify.so
7f585511e000-7f5855125000 r-xp 00000000 08:03 12192213                   /lib/x86_64-linux-gnu/librt-2.19.so
7f5855125000-7f5855324000 ---p 00007000 08:03 12192213                   /lib/x86_64-linux-gnu/librt-2.19.so
7f5855324000-7f5855325000 r--p 00006000 08:03 12192213                   /lib/x86_64-linux-gnu/librt-2.19.so
7f5855325000-7f5855326000 rw-p 00007000 08:03 12192213                   /lib/x86_64-linux-gnu/librt-2.19.so
7f5855326000-7f585533b000 r-xp 00000000 08:03 12190593                   /lib/x86_64-linux-gnu/libgcc_s.so.1
7f585533b000-7f585553b000 ---p 00015000 08:03 12190593                   /lib/x86_64-linux-gnu/libgcc_s.so.1
7f585553b000-7f585553c000 rw-p 00015000 08:03 12190593                   /lib/x86_64-linux-gnu/libgcc_s.so.1
7f585553c000-7f585563c000 r-xp 00000000 08:03 12192221                   /lib/x86_64-linux-gnu/libm-2.19.so
7f585563c000-7f585583b000 ---p 00100000 08:03 12192221                   /lib/x86_64-linux-gnu/libm-2.19.so
7f585583b000-7f585583c000 r--p 000ff000 08:03 12192221                   /lib/x86_64-linux-gnu/libm-2.19.so
7f585583c000-7f585583d000 rw-p 00100000 08:03 12192221                   /lib/x86_64-linux-gnu/libm-2.19.so
7f585583d000-7f5855925000 r-xp 00000000 08:03 4200440                    /usr/lib/x86_64-linux-gnu/libstdc++.so.6.0.17
7f5855925000-7f5855b25000 ---p 000e8000 08:03 4200440                    /usr/lib/x86_64-linux-gnu/libstdc++.so.6.0.17
7f5855b25000-7f5855b2d000 r--p 000e8000 08:03 4200440                    /usr/lib/x86_64-linux-gnu/libstdc++.so.6.0.17
7f5855b2d000-7f5855b2f000 rw-p 000f0000 08:03 4200440                    /usr/lib/x86_64-linux-gnu/libstdc++.so.6.0.17
7f5855b2f000-7f5855b44000 rw-p 00000000 00:00 0 
7f5855b44000-7f585660d000 r-xp 00000000 08:03 3934204                    /usr/lib/jvm/java-7-openjdk-amd64/jre/lib/amd64/server/libjvm.so
7f585660d000-7f585680d000 ---p 00ac9000 08:03 3934204                    /usr/lib/jvm/java-7-openjdk-amd64/jre/lib/amd64/server/libjvm.so
7f585680d000-7f58568a5000 r--p 00ac9000 08:03 3934204                    /usr/lib/jvm/java-7-openjdk-amd64/jre/lib/amd64/server/libjvm.so
7f58568a5000-7f58568c8000 rw-p 00b61000 08:03 3934204                    /usr/lib/jvm/java-7-openjdk-amd64/jre/lib/amd64/server/libjvm.so
7f58568c8000-7f58568f5000 rw-p 00000000 00:00 0 
7f58568f5000-7f585690c000 r-xp 00000000 08:03 12192203                   /lib/x86_64-linux-gnu/libz.so.1.2.8
7f585690c000-7f5856b0b000 ---p 00017000 08:03 12192203                   /lib/x86_64-linux-gnu/libz.so.1.2.8
7f5856b0b000-7f5856b0c000 r--p 00016000 08:03 12192203                   /lib/x86_64-linux-gnu/libz.so.1.2.8
7f5856b0c000-7f5856b0d000 rw-p 00017000 08:03 12192203                   /lib/x86_64-linux-gnu/libz.so.1.2.8
7f5856b0d000-7f5856cac000 r-xp 00000000 08:03 12192214                   /lib/x86_64-linux-gnu/libc-2.19.so
7f5856cac000-7f5856eac000 ---p 0019f000 08:03 12192214                   /lib/x86_64-linux-gnu/libc-2.19.so
7f5856eac000-7f5856eb0000 r--p 0019f000 08:03 12192214                   /lib/x86_64-linux-gnu/libc-2.19.so
7f5856eb0000-7f5856eb2000 rw-p 001a3000 08:03 12192214                   /lib/x86_64-linux-gnu/libc-2.19.so
7f5856eb2000-7f5856eb6000 rw-p 00000000 00:00 0 
7f5856eb6000-7f5856eb9000 r-xp 00000000 08:03 12192219                   /lib/x86_64-linux-gnu/libdl-2.19.so
7f5856eb9000-7f58570b8000 ---p 00003000 08:03 12192219                   /lib/x86_64-linux-gnu/libdl-2.19.so
7f58570b8000-7f58570b9000 r--p 00002000 08:03 12192219                   /lib/x86_64-linux-gnu/libdl-2.19.so
7f58570b9000-7f58570ba000 rw-p 00003000 08:03 12192219                   /lib/x86_64-linux-gnu/libdl-2.19.so
7f58570ba000-7f58570c7000 r-xp 00000000 08:03 3934207                    /usr/lib/jvm/java-7-openjdk-amd64/jre/lib/amd64/jli/libjli.so
7f58570c7000-7f58572c6000 ---p 0000d000 08:03 3934207                    /usr/lib/jvm/java-7-openjdk-amd64/jre/lib/amd64/jli/libjli.so
7f58572c6000-7f58572c7000 r--p 0000c000 08:03 3934207                    /usr/lib/jvm/java-7-openjdk-amd64/jre/lib/amd64/jli/libjli.so
7f58572c7000-7f58572c8000 rw-p 0000d000 08:03 3934207                    /usr/lib/jvm/java-7-openjdk-amd64/jre/lib/amd64/jli/libjli.so
7f58572c8000-7f58572e0000 r-xp 00000000 08:03 12192218                   /lib/x86_64-linux-gnu/libpthread-2.19.so
7f58572e0000-7f58574df000 ---p 00018000 08:03 12192218                   /lib/x86_64-linux-gnu/libpthread-2.19.so
7f58574df000-7f58574e0000 r--p 00017000 08:03 12192218                   /lib/x86_64-linux-gnu/libpthread-2.19.so
7f58574e0000-7f58574e1000 rw-p 00018000 08:03 12192218                   /lib/x86_64-linux-gnu/libpthread-2.19.so
7f58574e1000-7f58574e5000 rw-p 00000000 00:00 0 
7f58574e5000-7f5857505000 r-xp 00000000 08:03 12192217                   /lib/x86_64-linux-gnu/ld-2.19.so
7f585750d000-7f585750e000 rw-s 00005000 00:05 7289                       /dev/ati/card0
7f585750e000-7f5857510000 rw-s 00002000 00:05 7289                       /dev/ati/card0
7f5857510000-7f5857517000 r--s 00000000 08:03 4206154                    /usr/lib/x86_64-linux-gnu/gconv/gconv-modules.cache
7f5857517000-7f585751c000 r--s 0004c000 08:03 3934152                    /usr/lib/jvm/java-7-openjdk-amd64/jre/lib/jsse.jar
7f585751c000-7f5857526000 rw-p 00000000 00:00 0 
7f5857526000-7f58575dc000 rw-p 00000000 00:00 0 
7f58575dc000-7f58575df000 ---p 00000000 00:00 0 
7f58575df000-7f58576f9000 rw-p 00000000 00:00 0 
7f58576f9000-7f5857701000 rw-s 00000000 08:03 10490934                   /tmp/hsperfdata_chobe/31151 (deleted)
7f5857701000-7f5857702000 rw-p 00000000 00:00 0 
7f5857702000-7f5857703000 ---p 00000000 00:00 0 
7f5857703000-7f5857705000 rw-p 00000000 00:00 0 
7f5857705000-7f5857706000 r--p 00020000 08:03 12192217                   /lib/x86_64-linux-gnu/ld-2.19.so
7f5857706000-7f5857707000 rw-p 00021000 08:03 12192217                   /lib/x86_64-linux-gnu/ld-2.19.so
7f5857707000-7f5857708000 rw-p 00000000 00:00 0 
7fffd9c8d000-7fffd9caf000 rw-p 00000000 00:00 0                          [stack]
7fffd9dff000-7fffd9e00000 r-xp 00000000 00:00 0                          [vdso]
ffffffffff600000-ffffffffff601000 r-xp 00000000 00:00 0                  [vsyscall]

VM Arguments:
jvm_args: -Dfile.encoding=UTF-8 
java_command: com.mygdx.sheep.desktop.DesktopLauncher
Launcher Type: SUN_STANDARD

Environment Variables:
PATH=/usr/local/bin:/usr/bin:/bin:/usr/local/games:/usr/games:/home/chobe/.local/bin:/home/chobe/sdks/adt-bundle-linux-x86_64-20140321/sdk//platform-tools/adb:/home/chobe/sdks/adt-bundle-linux-x86_64-20140321/sdk//platform-tools/
USERNAME=chobe
SHELL=/bin/bash
DISPLAY=:0

Signal Handlers:
SIGSEGV: [libjvm.so+0x8f9750], sa_mask[0]=0x7ffbfeff, sa_flags=0x10000004
SIGBUS: [libjvm.so+0x8f9750], sa_mask[0]=0x7ffbfeff, sa_flags=0x10000004
SIGFPE: [libjvm.so+0x7827c0], sa_mask[0]=0x7ffbfeff, sa_flags=0x10000004
SIGPIPE: [libjvm.so+0x7827c0], sa_mask[0]=0x7ffbfeff, sa_flags=0x10000004
SIGXFSZ: [libjvm.so+0x7827c0], sa_mask[0]=0x7ffbfeff, sa_flags=0x10000004
SIGILL: [libjvm.so+0x7827c0], sa_mask[0]=0x7ffbfeff, sa_flags=0x10000004
SIGUSR1: SIG_DFL, sa_mask[0]=0x00000000, sa_flags=0x00000000
SIGUSR2: [libjvm.so+0x782ab0], sa_mask[0]=0x00000004, sa_flags=0x10000004
SIGHUP: [libjvm.so+0x782c20], sa_mask[0]=0x7ffbfeff, sa_flags=0x10000004
SIGINT: [libjvm.so+0x782c20], sa_mask[0]=0x7ffbfeff, sa_flags=0x10000004
SIGTERM: [libjvm.so+0x782c20], sa_mask[0]=0x7ffbfeff, sa_flags=0x10000004
SIGQUIT: [libjvm.so+0x782c20], sa_mask[0]=0x7ffbfeff, sa_flags=0x10000004


---------------  S Y S T E M  ---------------

OS:7.5

uname:Linux 3.2.0-4-amd64 #1 SMP Debian 3.2.57-3+deb7u1 x86_64
libc:glibc 2.19 NPTL 2.19 
rlimit: STACK 8192k, CORE 0k, NPROC 31105, NOFILE 4096, AS infinity
load average:1.22 0.75 0.57

/proc/meminfo:
MemTotal:        3993672 kB
MemFree:         1279052 kB
Buffers:          105524 kB
Cached:           584484 kB
SwapCached:       237928 kB
Active:          1767276 kB
Inactive:         661768 kB
Active(anon):    1511736 kB
Inactive(anon):   256512 kB
Active(file):     255540 kB
Inactive(file):   405256 kB
Unevictable:           0 kB
Mlocked:               0 kB
SwapTotal:       4120572 kB
SwapFree:        3479004 kB
Dirty:                68 kB
Writeback:             0 kB
AnonPages:       1725016 kB
Mapped:           184568 kB
Shmem:             29212 kB
Slab:              79772 kB
SReclaimable:      51112 kB
SUnreclaim:        28660 kB
KernelStack:        4096 kB
PageTables:        32668 kB
NFS_Unstable:          0 kB
Bounce:                0 kB
WritebackTmp:          0 kB
CommitLimit:     6117408 kB
Committed_AS:    4421044 kB
VmallocTotal:   34359738367 kB
VmallocUsed:      170472 kB
VmallocChunk:   34359561712 kB
HardwareCorrupted:     0 kB
AnonHugePages:         0 kB
HugePages_Total:       0
HugePages_Free:        0
HugePages_Rsvd:        0
HugePages_Surp:        0
Hugepagesize:       2048 kB
DirectMap4k:     1172480 kB
DirectMap2M:     2955264 kB


CPU:total 4 (4 cores per cpu, 1 threads per core) family 6 model 15 stepping 11, cmov, cx8, fxsr, mmx, sse, sse2, sse3, ssse3, tsc

/proc/cpuinfo:
processor	: 0
vendor_id	: GenuineIntel
cpu family	: 6
model		: 15
model name	: Intel(R) Core(TM)2 Quad CPU    Q6600  @ 2.40GHz
stepping	: 11
cpu MHz		: 1596.000
cache size	: 4096 KB
physical id	: 0
siblings	: 4
core id		: 0
cpu cores	: 4
apicid		: 0
initial apicid	: 0
fpu		: yes
fpu_exception	: yes
cpuid level	: 10
wp		: yes
flags		: fpu vme de pse tsc msr pae mce cx8 apic sep mtrr pge mca cmov pat pse36 clflush dts acpi mmx fxsr sse sse2 ss ht tm pbe syscall nx lm constant_tsc arch_perfmon pebs bts rep_good nopl aperfmperf pni dtes64 monitor ds_cpl vmx est tm2 ssse3 cx16 xtpr pdcm lahf_lm dtherm tpr_shadow vnmi flexpriority
bogomips	: 4795.82
clflush size	: 64
cache_alignment	: 64
address sizes	: 36 bits physical, 48 bits virtual
power management:

processor	: 1
vendor_id	: GenuineIntel
cpu family	: 6
model		: 15
model name	: Intel(R) Core(TM)2 Quad CPU    Q6600  @ 2.40GHz
stepping	: 11
cpu MHz		: 1596.000
cache size	: 4096 KB
physical id	: 0
siblings	: 4
core id		: 2
cpu cores	: 4
apicid		: 2
initial apicid	: 2
fpu		: yes
fpu_exception	: yes
cpuid level	: 10
wp		: yes
flags		: fpu vme de pse tsc msr pae mce cx8 apic sep mtrr pge mca cmov pat pse36 clflush dts acpi mmx fxsr sse sse2 ss ht tm pbe syscall nx lm constant_tsc arch_perfmon pebs bts rep_good nopl aperfmperf pni dtes64 monitor ds_cpl vmx est tm2 ssse3 cx16 xtpr pdcm lahf_lm dtherm tpr_shadow vnmi flexpriority
bogomips	: 4795.58
clflush size	: 64
cache_alignment	: 64
address sizes	: 36 bits physical, 48 bits virtual
power management:

processor	: 2
vendor_id	: GenuineIntel
cpu family	: 6
model		: 15
model name	: Intel(R) Core(TM)2 Quad CPU    Q6600  @ 2.40GHz
stepping	: 11
cpu MHz		: 1596.000
cache size	: 4096 KB
physical id	: 0
siblings	: 4
core id		: 1
cpu cores	: 4
apicid		: 1
initial apicid	: 1
fpu		: yes
fpu_exception	: yes
cpuid level	: 10
wp		: yes
flags		: fpu vme de pse tsc msr pae mce cx8 apic sep mtrr pge mca cmov pat pse36 clflush dts acpi mmx fxsr sse sse2 ss ht tm pbe syscall nx lm constant_tsc arch_perfmon pebs bts rep_good nopl aperfmperf pni dtes64 monitor ds_cpl vmx est tm2 ssse3 cx16 xtpr pdcm lahf_lm dtherm tpr_shadow vnmi flexpriority
bogomips	: 4795.56
clflush size	: 64
cache_alignment	: 64
address sizes	: 36 bits physical, 48 bits virtual
power management:

processor	: 3
vendor_id	: GenuineIntel
cpu family	: 6
model		: 15
model name	: Intel(R) Core(TM)2 Quad CPU    Q6600  @ 2.40GHz
stepping	: 11
cpu MHz		: 1596.000
cache size	: 4096 KB
physical id	: 0
siblings	: 4
core id		: 3
cpu cores	: 4
apicid		: 3
initial apicid	: 3
fpu		: yes
fpu_exception	: yes
cpuid level	: 10
wp		: yes
flags		: fpu vme de pse tsc msr pae mce cx8 apic sep mtrr pge mca cmov pat pse36 clflush dts acpi mmx fxsr sse sse2 ss ht tm pbe syscall nx lm constant_tsc arch_perfmon pebs bts rep_good nopl aperfmperf pni dtes64 monitor ds_cpl vmx est tm2 ssse3 cx16 xtpr pdcm lahf_lm dtherm tpr_shadow vnmi flexpriority
bogomips	: 4795.57
clflush size	: 64
cache_alignment	: 64
address sizes	: 36 bits physical, 48 bits virtual
power management:



Memory: 4k page, physical 3993672k(1279052k free), swap 4120572k(3479004k free)

vm_info: OpenJDK 64-Bit Server VM (24.51-b03) for linux-amd64 JRE (1.7.0_55-b14), built on May  2 2014 11:33:06 by "buildd" with gcc 4.7.2

time: Mon Jul  7 23:25:42 2014
elapsed time: 37 seconds

