#
# A fatal error has been detected by the Java Runtime Environment:
#
#  SIGSEGV (0xb) at pc=0x00007f3a10fd7e38, pid=6587, tid=139887632025344
#
# JRE version: OpenJDK Runtime Environment (7.0_55-b14) (build 1.7.0_55-b14)
# Java VM: OpenJDK 64-Bit Server VM (24.51-b03 mixed mode linux-amd64 compressed oops)
# Problematic frame:
# C  [libX11.so.6+0x3ae38]  XQueryExtension+0x28
#
# Failed to write core dump. Core dumps have been disabled. To enable core dumping, try "ulimit -c unlimited" before starting Java again
#
# If you would like to submit a bug report, please include
# instructions on how to reproduce the bug and visit:
#   http://icedtea.classpath.org/bugzilla
#

---------------  T H R E A D  ---------------

Current thread (0x00007f3a24076800):  VMThread [stack: 0x00007f3a208d8000,0x00007f3a209d9000] [id=6597]

siginfo:si_signo=SIGSEGV: si_errno=0, si_code=1 (SEGV_MAPERR), si_addr=0xffffffffc80148f8

Registers:
RAX=0x00007f3a04000b10, RBX=0xffffffffc8013f90, RCX=0x00007f3a209d76e8, RDX=0x00007f3a209d76e4
RSP=0x00007f3a209d7680, RBP=0x00007f39ddff4600, RSI=0x00007f39ddebb992, RDI=0xffffffffc8013f90
R8 =0x00007f3a209d76ec, R9 =0x0000000000000000, R10=0x00007f39ddff43c0, R11=0x00007f3a2bf8e1c0
R12=0x00007f39ddebb992, R13=0x00007f3a04000b10, R14=0x00007f3a209d7ad8, R15=0x00007f39c8024120
RIP=0x00007f3a10fd7e38, EFLAGS=0x0000000000010202, CSGSFS=0x0000000000000033, ERR=0x0000000000000005
  TRAPNO=0x000000000000000e

Top of Stack: (sp=0x00007f3a209d7680)
0x00007f3a209d7680:   0000000000000000 0000000000000000
0x00007f3a209d7690:   000000770000006e 0000000000000000
0x00007f3a209d76a0:   000100010000007c ffffffffc8013f90
0x00007f3a209d76b0:   00007f39ddff4600 00007f39ddebb992
0x00007f3a209d76c0:   00007f3a04000b10 00007f3a209d7ad8
0x00007f3a209d76d0:   00007f39c8024120 00007f3a10fcbe72
0x00007f3a209d76e0:   00007f39c8024120 00007f3a2bfd2220
0x00007f3a209d76f0:   0000000000000000 00007f39ddff4600
0x00007f3a209d7700:   ffffffffc8013f90 00007f3a112e571d
0x00007f3a209d7710:   00007f39ddebb992 0000001100000000
0x00007f3a209d7720:   00007f3a00000005 0000000000000000
0x00007f3a209d7730:   00007f3a209d77a0 ffffffffc8013f90
0x00007f3a209d7740:   00007f3a209d7a60 00007f3a209d7ad8
0x00007f3a209d7750:   00007f39de00de50 00007f39dde643d9
0x00007f3a209d7760:   00000000ffffffff 00007f39c801bec0
0x00007f3a209d7770:   00007f3a209d77a0 00007f39dec369e0
0x00007f3a209d7780:   00007f3a209d7a60 00007f3a209d7ad8
0x00007f3a209d7790:   0000000000000000 00007f39dde58ae2
0x00007f3a209d77a0:   00007f3a209d7b50 00007f39ddebb911
0x00007f3a209d77b0:   00007f3a209d7b50 00007f3a2c93d058
0x00007f3a209d77c0:   00007f3a2cb501a8 00007f3a2cb50740
0x00007f3a209d77d0:   00007f3a2cb2a000 00007f3a240094f0
0x00007f3a209d77e0:   00007f3a2400a020 00007f3a2400a530
0x00007f3a209d77f0:   00007f3a24017440 00007f3a241aaa20
0x00007f3a209d7800:   00007f3a242b9cb0 00007f3a242b5b90
0x00007f3a209d7810:   00007f3a241e9190 00007f3a241f92b0
0x00007f3a209d7820:   00007f3a24200950 00007f3a24200420
0x00007f3a209d7830:   00007f3a241ffef0 00007f3a24204240
0x00007f3a209d7840:   00007f3a24203d20 00007f3a24204ff0
0x00007f3a209d7850:   00007f3a24203810 00007f3a241ff9c0
0x00007f3a209d7860:   00007f3a24201de0 00007f3a24202820
0x00007f3a209d7870:   00007f3a24202300 00007f3a24202d40 

Instructions: (pc=0x00007f3a10fd7e38)
0x00007f3a10fd7e18:   24 e0 48 89 fb 4c 89 6c 24 e8 4c 89 74 24 f0 49
0x00007f3a10fd7e28:   89 f4 4c 89 7c 24 f8 48 89 6c 24 d8 48 83 ec 58
0x00007f3a10fd7e38:   48 8b 87 68 09 00 00 49 89 d7 49 89 ce 4d 89 c5
0x00007f3a10fd7e48:   48 85 c0 74 02 ff 10 ba 08 00 00 00 be 62 00 00 

Register to memory mapping:

RAX=0x00007f3a04000b10 is an unknown value
RBX=0xffffffffc8013f90 is an unknown value
RCX=0x00007f3a209d76e8 is an unknown value
RDX=0x00007f3a209d76e4 is an unknown value
RSP=0x00007f3a209d7680 is an unknown value
RBP=0x00007f39ddff4600: <offset 0x1cf600> in /usr/lib/x86_64-linux-gnu/libGL.so.1 at 0x00007f39dde25000
RSI=0x00007f39ddebb992: <offset 0x96992> in /usr/lib/x86_64-linux-gnu/libGL.so.1 at 0x00007f39dde25000
RDI=0xffffffffc8013f90 is an unknown value
R8 =0x00007f3a209d76ec is an unknown value
R9 =0x0000000000000000 is an unknown value
R10=0x00007f39ddff43c0: <offset 0x1cf3c0> in /usr/lib/x86_64-linux-gnu/libGL.so.1 at 0x00007f39dde25000
R11=0x00007f3a2bf8e1c0: __cxa_finalize+0 in /lib/x86_64-linux-gnu/libc.so.6 at 0x00007f3a2bf56000
R12=0x00007f39ddebb992: <offset 0x96992> in /usr/lib/x86_64-linux-gnu/libGL.so.1 at 0x00007f39dde25000
R13=0x00007f3a04000b10 is an unknown value
R14=0x00007f3a209d7ad8 is an unknown value
R15=0x00007f39c8024120 is an unknown value


Stack: [0x00007f3a208d8000,0x00007f3a209d9000],  sp=0x00007f3a209d7680,  free space=1021k
Native frames: (J=compiled Java code, j=interpreted, Vv=VM code, C=native code)
C  [libX11.so.6+0x3ae38]  XQueryExtension+0x28

VM_Operation (0x00007f39de12d6c0): Exit, mode: safepoint, requested by thread 0x00007f3a24357800


---------------  P R O C E S S  ---------------

Java Threads: ( => current thread )
  0x00007f39c8e91000 JavaThread "AsynchExecutor-Thread" daemon [_thread_blocked, id=6628, stack(0x00007f39dc22f000,0x00007f39dc330000)]
  0x00007f39c801a800 JavaThread "process reaper" daemon [_thread_blocked, id=6612, stack(0x00007f3a28016000,0x00007f3a2804f000)]
  0x00007f3a2400b000 JavaThread "DestroyJavaVM" [_thread_blocked, id=6592, stack(0x00007f3a2ca25000,0x00007f3a2cb26000)]
  0x00007f3a24357800 JavaThread "LWJGL Application" [_thread_blocked, id=6610, stack(0x00007f39de02e000,0x00007f39de12f000)]
  0x00007f3a242b5000 JavaThread "AWT-XAWT" daemon [_thread_blocked, id=6606, stack(0x00007f39e57ae000,0x00007f39e58af000)]
  0x00007f3a24292800 JavaThread "Java2D Disposer" daemon [_thread_blocked, id=6605, stack(0x00007f39e58af000,0x00007f39e59b0000)]
  0x00007f3a240a7000 JavaThread "Service Thread" daemon [_thread_blocked, id=6603, stack(0x00007f3a20149000,0x00007f3a2024a000)]
  0x00007f3a240a5000 JavaThread "C2 CompilerThread1" daemon [_thread_blocked, id=6602, stack(0x00007f3a2024a000,0x00007f3a2034b000)]
  0x00007f3a240a2000 JavaThread "C2 CompilerThread0" daemon [_thread_blocked, id=6601, stack(0x00007f3a2034b000,0x00007f3a2044c000)]
  0x00007f3a2409f800 JavaThread "Signal Dispatcher" daemon [_thread_blocked, id=6600, stack(0x00007f3a2044c000,0x00007f3a2054d000)]
  0x00007f3a2407c800 JavaThread "Finalizer" daemon [_thread_blocked, id=6599, stack(0x00007f3a206d6000,0x00007f3a207d7000)]
  0x00007f3a2407a800 JavaThread "Reference Handler" daemon [_thread_blocked, id=6598, stack(0x00007f3a207d7000,0x00007f3a208d8000)]

Other Threads:
=>0x00007f3a24076800 VMThread [stack: 0x00007f3a208d8000,0x00007f3a209d9000] [id=6597]

VM state:at safepoint (shutting down)

VM Mutex/Monitor currently owned by a thread:  ([mutex/lock_event])
[0x00007f3a240077a0] Threads_lock - owner thread: 0x00007f3a24076800

Heap
 PSYoungGen      total 18432K, used 8637K [0x00000000eba80000, 0x00000000ecf00000, 0x0000000100000000)
  eden space 15872K, 38% used [0x00000000eba80000,0x00000000ec076d50,0x00000000eca00000)
  from space 2560K, 98% used [0x00000000eca00000,0x00000000ecc78900,0x00000000ecc80000)
  to   space 2560K, 0% used [0x00000000ecc80000,0x00000000ecc80000,0x00000000ecf00000)
 ParOldGen       total 41472K, used 2187K [0x00000000c3000000, 0x00000000c5880000, 0x00000000eba80000)
  object space 41472K, 5% used [0x00000000c3000000,0x00000000c3222e90,0x00000000c5880000)
 PSPermGen       total 21504K, used 9945K [0x00000000b8a00000, 0x00000000b9f00000, 0x00000000c3000000)
  object space 21504K, 46% used [0x00000000b8a00000,0x00000000b93b6468,0x00000000b9f00000)

Card table byte_map: [0x00007f3a294ad000,0x00007f3a296e9000] byte_map_base: 0x00007f3a28ee8000

Polling page: 0x00007f3a2cb4b000

Code Cache  [0x00007f3a21000000, 0x00007f3a21270000, 0x00007f3a24000000)
 total_blobs=585 nmethods=67 adapters=473 free_code_cache=48469Kb largest_free_block=49607168

Compilation events (10 events):
Event: 5.269 Thread 0x00007f3a240a2000   62             com.badlogic.gdx.math.Vector3::set (17 bytes)
Event: 5.269 Thread 0x00007f3a240a2000 nmethod 62 0x00007f3a210a8090 code [0x00007f3a210a81c0, 0x00007f3a210a8218]
Event: 5.284 Thread 0x00007f3a240a5000   63             com.badlogic.gdx.graphics.glutils.IndexArray::getBuffer (5 bytes)
Event: 5.284 Thread 0x00007f3a240a5000 nmethod 63 0x00007f3a210a9c90 code [0x00007f3a210a9dc0, 0x00007f3a210a9e18]
Event: 5.284 Thread 0x00007f3a240a2000   64             com.badlogic.gdx.backends.lwjgl.LwjglGL20::glVertexAttribPointer (229 bytes)
Event: 5.284 Thread 0x00007f3a240a5000   65             org.lwjgl.opengl.GLChecks::ensureArrayVBOdisabled (27 bytes)
Event: 5.286 Thread 0x00007f3a240a5000 nmethod 65 0x00007f3a210a5390 code [0x00007f3a210a54e0, 0x00007f3a210a55b8]
Event: 5.287 Thread 0x00007f3a240a5000   67             com.badlogic.gdx.graphics.glutils.IndexArray::getNumIndices (8 bytes)
Event: 5.288 Thread 0x00007f3a240a5000 nmethod 67 0x00007f3a210a4d10 code [0x00007f3a210a4e40, 0x00007f3a210a4eb8]
Event: 5.297 Thread 0x00007f3a240a2000 nmethod 64 0x00007f3a210af110 code [0x00007f3a210af340, 0x00007f3a210afe00]

GC Heap History (2 events):
Event: 2.143 GC heap before
{Heap before GC invocations=1 (full 0):
 PSYoungGen      total 18432K, used 15872K [0x00000000eba80000, 0x00000000ecf00000, 0x0000000100000000)
  eden space 15872K, 100% used [0x00000000eba80000,0x00000000eca00000,0x00000000eca00000)
  from space 2560K, 0% used [0x00000000ecc80000,0x00000000ecc80000,0x00000000ecf00000)
  to   space 2560K, 0% used [0x00000000eca00000,0x00000000eca00000,0x00000000ecc80000)
 ParOldGen       total 41472K, used 0K [0x00000000c3000000, 0x00000000c5880000, 0x00000000eba80000)
  object space 41472K, 0% used [0x00000000c3000000,0x00000000c3000000,0x00000000c5880000)
 PSPermGen       total 21504K, used 9317K [0x00000000b8a00000, 0x00000000b9f00000, 0x00000000c3000000)
  object space 21504K, 43% used [0x00000000b8a00000,0x00000000b9319630,0x00000000b9f00000)
Event: 2.155 GC heap after
Heap after GC invocations=1 (full 0):
 PSYoungGen      total 18432K, used 2530K [0x00000000eba80000, 0x00000000ecf00000, 0x0000000100000000)
  eden space 15872K, 0% used [0x00000000eba80000,0x00000000eba80000,0x00000000eca00000)
  from space 2560K, 98% used [0x00000000eca00000,0x00000000ecc78900,0x00000000ecc80000)
  to   space 2560K, 0% used [0x00000000ecc80000,0x00000000ecc80000,0x00000000ecf00000)
 ParOldGen       total 41472K, used 2187K [0x00000000c3000000, 0x00000000c5880000, 0x00000000eba80000)
  object space 41472K, 5% used [0x00000000c3000000,0x00000000c3222e90,0x00000000c5880000)
 PSPermGen       total 21504K, used 9317K [0x00000000b8a00000, 0x00000000b9f00000, 0x00000000c3000000)
  object space 21504K, 43% used [0x00000000b8a00000,0x00000000b9319630,0x00000000b9f00000)
}

Deoptimization events (1 events):
Event: 0.220 Thread 0x00007f3a2400b000 Uncommon trap: reason=class_check action=maybe_recompile pc=0x00007f3a21065280 method=java.util.Properties$LineReader.readLine()I @ 62

Internal exceptions (10 events):
Event: 3.841 Thread 0x00007f3a24357800 Threw 0x00000000ebf438f0 at /build/openjdk-7-kBcQ8a/openjdk-7-7u55-2.4.7/build/openjdk/hotspot/src/share/vm/prims/jvm.cpp:1244
Event: 3.869 Thread 0x00007f3a24357800 Threw 0x00000000ebf940f0 at /build/openjdk-7-kBcQ8a/openjdk-7-7u55-2.4.7/build/openjdk/hotspot/src/share/vm/prims/jvm.cpp:1244
Event: 3.936 Thread 0x00007f3a24357800 Threw 0x00000000ebf9c1c8 at /build/openjdk-7-kBcQ8a/openjdk-7-7u55-2.4.7/build/openjdk/hotspot/src/share/vm/prims/jvm.cpp:1244
Event: 3.936 Thread 0x00007f3a24357800 Threw 0x00000000ebfa12d8 at /build/openjdk-7-kBcQ8a/openjdk-7-7u55-2.4.7/build/openjdk/hotspot/src/share/vm/prims/jvm.cpp:1244
Event: 3.937 Thread 0x00007f3a24357800 Threw 0x00000000ebfa6c48 at /build/openjdk-7-kBcQ8a/openjdk-7-7u55-2.4.7/build/openjdk/hotspot/src/share/vm/prims/jvm.cpp:1244
Event: 3.939 Thread 0x00007f3a24357800 Threw 0x00000000ebfac6d8 at /build/openjdk-7-kBcQ8a/openjdk-7-7u55-2.4.7/build/openjdk/hotspot/src/share/vm/prims/jvm.cpp:1244
Event: 3.939 Thread 0x00007f3a24357800 Threw 0x00000000ebfb2210 at /build/openjdk-7-kBcQ8a/openjdk-7-7u55-2.4.7/build/openjdk/hotspot/src/share/vm/prims/jvm.cpp:1244
Event: 5.850 Thread 0x00007f3a24357800 Threw 0x00000000ec03a7d0 at /build/openjdk-7-kBcQ8a/openjdk-7-7u55-2.4.7/build/openjdk/hotspot/src/share/vm/prims/jvm.cpp:1244
Event: 5.857 Thread 0x00007f3a24357800 Threw 0x00000000ec03ec98 at /build/openjdk-7-kBcQ8a/openjdk-7-7u55-2.4.7/build/openjdk/hotspot/src/share/vm/prims/jvm.cpp:1244
Event: 5.862 Thread 0x00007f3a24357800 Threw 0x00000000ec044038 at /build/openjdk-7-kBcQ8a/openjdk-7-7u55-2.4.7/build/openjdk/hotspot/src/share/vm/prims/jvm.cpp:1244

Events (10 events):
Event: 6.022 loading class 0x00007f3a240db040 done
Event: 6.022 Thread 0x00007f39c84e8800 Thread added: 0x00007f39c84e8800
Event: 6.022 loading class 0x00007f3a24227d50
Event: 6.022 loading class 0x00007f39f80f6840
Event: 6.022 loading class 0x00007f39f80f6840 done
Event: 6.022 loading class 0x00007f39f80f6870
Event: 6.022 loading class 0x00007f39f80f6870 done
Event: 6.022 loading class 0x00007f3a24227d50 done
Event: 6.026 Thread 0x00007f39c84e8800 Thread exited: 0x00007f39c84e8800
Event: 6.026 Executing VM operation: Exit


Dynamic libraries:
00400000-00401000 r-xp 00000000 08:03 3934148                            /usr/lib/jvm/java-7-openjdk-amd64/jre/bin/java
00600000-00601000 r--p 00000000 08:03 3934148                            /usr/lib/jvm/java-7-openjdk-amd64/jre/bin/java
00601000-00602000 rw-p 00001000 08:03 3934148                            /usr/lib/jvm/java-7-openjdk-amd64/jre/bin/java
0096b000-0098c000 rw-p 00000000 00:00 0                                  [heap]
b8a00000-b9f00000 rw-p 00000000 00:00 0 
b9f00000-c3000000 rw-p 00000000 00:00 0 
c3000000-c5880000 rw-p 00000000 00:00 0 
c5880000-eba80000 rw-p 00000000 00:00 0 
eba80000-ecf00000 rw-p 00000000 00:00 0 
ecf00000-100000000 rw-p 00000000 00:00 0 
7f39ac000000-7f39ac501000 rw-p 00000000 00:00 0 
7f39ac501000-7f39b0000000 ---p 00000000 00:00 0 
7f39b4000000-7f39b40ae000 rw-p 00000000 00:00 0 
7f39b40ae000-7f39b8000000 ---p 00000000 00:00 0 
7f39b8000000-7f39b830b000 rw-p 00000000 00:00 0 
7f39b830b000-7f39bc000000 ---p 00000000 00:00 0 
7f39bc000000-7f39bc021000 rw-p 00000000 00:00 0 
7f39bc021000-7f39c0000000 ---p 00000000 00:00 0 
7f39c0000000-7f39c00b4000 rw-p 00000000 00:00 0 
7f39c00b4000-7f39c4000000 ---p 00000000 00:00 0 
7f39c4000000-7f39c4021000 rw-p 00000000 00:00 0 
7f39c4021000-7f39c8000000 ---p 00000000 00:00 0 
7f39c8000000-7f39cbfee000 rw-p 00000000 00:00 0 
7f39cbfee000-7f39cc000000 ---p 00000000 00:00 0 
7f39cc000000-7f39cc021000 rw-p 00000000 00:00 0 
7f39cc021000-7f39d0000000 ---p 00000000 00:00 0 
7f39d1d86000-7f39d3c7e000 r-xp 00000000 08:03 4201338                    /usr/lib/x86_64-linux-gnu/dri/fglrx_dri.so
7f39d3c7e000-7f39d3d7d000 ---p 01ef8000 08:03 4201338                    /usr/lib/x86_64-linux-gnu/dri/fglrx_dri.so
7f39d3d7d000-7f39d3edb000 rwxp 01ef7000 08:03 4201338                    /usr/lib/x86_64-linux-gnu/dri/fglrx_dri.so
7f39d3edb000-7f39d3fff000 rwxp 00000000 00:00 0 
7f39d8000000-7f39d8021000 rw-p 00000000 00:00 0 
7f39d8021000-7f39dc000000 ---p 00000000 00:00 0 
7f39dc22f000-7f39dc232000 ---p 00000000 00:00 0 
7f39dc232000-7f39dc330000 rw-p 00000000 00:00 0 
7f39dc330000-7f39dc331000 ---p 00000000 00:00 0 
7f39dc331000-7f39dcb31000 rw-p 00000000 00:00 0 
7f39dcb31000-7f39dcb32000 ---p 00000000 00:00 0 
7f39dcb32000-7f39dd332000 rw-p 00000000 00:00 0 
7f39dd47e000-7f39dd4c6000 rw-p 00000000 00:00 0 
7f39dd4c6000-7f39ddbc6000 rw-s 00006000 00:05 6137                       /dev/ati/card0
7f39ddbc6000-7f39ddc03000 r-xp 00000000 08:03 4201336                    /usr/lib/x86_64-linux-gnu/libatiadlxx.so
7f39ddc03000-7f39ddd02000 ---p 0003d000 08:03 4201336                    /usr/lib/x86_64-linux-gnu/libatiadlxx.so
7f39ddd02000-7f39ddd0c000 rw-p 0003c000 08:03 4201336                    /usr/lib/x86_64-linux-gnu/libatiadlxx.so
7f39ddd0c000-7f39ddd1c000 rw-p 00000000 00:00 0 
7f39ddd1c000-7f39ddd23000 r-xp 00000000 08:03 4201328                    /usr/lib/x86_64-linux-gnu/libatiuki.so.1.0
7f39ddd23000-7f39dde23000 ---p 00007000 08:03 4201328                    /usr/lib/x86_64-linux-gnu/libatiuki.so.1.0
7f39dde23000-7f39dde24000 rw-p 00007000 08:03 4201328                    /usr/lib/x86_64-linux-gnu/libatiuki.so.1.0
7f39dde24000-7f39dde25000 rw-p 00000000 00:00 0 
7f39dde25000-7f39ddee8000 r-xp 00000000 08:03 4201341                    /usr/lib/x86_64-linux-gnu/fglrx/fglrx-libGL.so.1.2
7f39ddee8000-7f39ddfe7000 ---p 000c3000 08:03 4201341                    /usr/lib/x86_64-linux-gnu/fglrx/fglrx-libGL.so.1.2
7f39ddfe7000-7f39de00e000 rwxp 000c2000 08:03 4201341                    /usr/lib/x86_64-linux-gnu/fglrx/fglrx-libGL.so.1.2
7f39de00e000-7f39de02e000 rwxp 00000000 00:00 0 
7f39de02e000-7f39de031000 ---p 00000000 00:00 0 
7f39de031000-7f39de12f000 rw-p 00000000 00:00 0 
7f39de12f000-7f39de132000 ---p 00000000 00:00 0 
7f39de132000-7f39de230000 rw-p 00000000 00:00 0 
7f39de230000-7f39de231000 ---p 00000000 00:00 0 
7f39de231000-7f39dea31000 rw-p 00000000 00:00 0 
7f39dea31000-7f39dea37000 r-xp 00000000 08:03 4200289                    /usr/lib/x86_64-linux-gnu/libogg.so.0.8.0
7f39dea37000-7f39dec36000 ---p 00006000 08:03 4200289                    /usr/lib/x86_64-linux-gnu/libogg.so.0.8.0
7f39dec36000-7f39dec37000 rw-p 00005000 08:03 4200289                    /usr/lib/x86_64-linux-gnu/libogg.so.0.8.0
7f39dec37000-7f39dec63000 r-xp 00000000 08:03 4200496                    /usr/lib/x86_64-linux-gnu/libvorbis.so.0.4.5
7f39dec63000-7f39dee62000 ---p 0002c000 08:03 4200496                    /usr/lib/x86_64-linux-gnu/libvorbis.so.0.4.5
7f39dee62000-7f39dee63000 r--p 0002b000 08:03 4200496                    /usr/lib/x86_64-linux-gnu/libvorbis.so.0.4.5
7f39dee63000-7f39dee64000 rw-p 0002c000 08:03 4200496                    /usr/lib/x86_64-linux-gnu/libvorbis.so.0.4.5
7f39dee64000-7f39df117000 r-xp 00000000 08:03 4200498                    /usr/lib/x86_64-linux-gnu/libvorbisenc.so.2.0.8
7f39df117000-7f39df316000 ---p 002b3000 08:03 4200498                    /usr/lib/x86_64-linux-gnu/libvorbisenc.so.2.0.8
7f39df316000-7f39df332000 r--p 002b2000 08:03 4200498                    /usr/lib/x86_64-linux-gnu/libvorbisenc.so.2.0.8
7f39df332000-7f39df333000 rw-p 002ce000 08:03 4200498                    /usr/lib/x86_64-linux-gnu/libvorbisenc.so.2.0.8
7f39df333000-7f39df37e000 r-xp 00000000 08:03 4199700                    /usr/lib/x86_64-linux-gnu/libFLAC.so.8.2.0
7f39df37e000-7f39df57d000 ---p 0004b000 08:03 4199700                    /usr/lib/x86_64-linux-gnu/libFLAC.so.8.2.0
7f39df57d000-7f39df57e000 r--p 0004a000 08:03 4199700                    /usr/lib/x86_64-linux-gnu/libFLAC.so.8.2.0
7f39df57e000-7f39df57f000 rw-p 0004b000 08:03 4199700                    /usr/lib/x86_64-linux-gnu/libFLAC.so.8.2.0
7f39df57f000-7f39df583000 r-xp 00000000 08:03 12190707                   /lib/x86_64-linux-gnu/libuuid.so.1.3.0
7f39df583000-7f39df782000 ---p 00004000 08:03 12190707                   /lib/x86_64-linux-gnu/libuuid.so.1.3.0
7f39df782000-7f39df783000 r--p 00003000 08:03 12190707                   /lib/x86_64-linux-gnu/libuuid.so.1.3.0
7f39df783000-7f39df784000 rw-p 00004000 08:03 12190707                   /lib/x86_64-linux-gnu/libuuid.so.1.3.0
7f39df784000-7f39df788000 r-xp 00000000 08:03 12190559                   /lib/x86_64-linux-gnu/libattr.so.1.1.0
7f39df788000-7f39df987000 ---p 00004000 08:03 12190559                   /lib/x86_64-linux-gnu/libattr.so.1.1.0
7f39df987000-7f39df988000 r--p 00003000 08:03 12190559                   /lib/x86_64-linux-gnu/libattr.so.1.1.0
7f39df988000-7f39df989000 rw-p 00004000 08:03 12190559                   /lib/x86_64-linux-gnu/libattr.so.1.1.0
7f39df989000-7f39df98e000 r-xp 00000000 08:03 4199797                    /usr/lib/x86_64-linux-gnu/libasyncns.so.0.3.1
7f39df98e000-7f39dfb8d000 ---p 00005000 08:03 4199797                    /usr/lib/x86_64-linux-gnu/libasyncns.so.0.3.1
7f39dfb8d000-7f39dfb8e000 rw-p 00004000 08:03 4199797                    /usr/lib/x86_64-linux-gnu/libasyncns.so.0.3.1
7f39dfb8e000-7f39dfbef000 r-xp 00000000 08:03 4200411                    /usr/lib/x86_64-linux-gnu/libsndfile.so.1.0.25
7f39dfbef000-7f39dfdee000 ---p 00061000 08:03 4200411                    /usr/lib/x86_64-linux-gnu/libsndfile.so.1.0.25
7f39dfdee000-7f39dfdf0000 r--p 00060000 08:03 4200411                    /usr/lib/x86_64-linux-gnu/libsndfile.so.1.0.25
7f39dfdf0000-7f39dfdf1000 rw-p 00062000 08:03 4200411                    /usr/lib/x86_64-linux-gnu/libsndfile.so.1.0.25
7f39dfdf1000-7f39dfdf5000 rw-p 00000000 00:00 0 
7f39dfdf5000-7f39dfdfe000 r-xp 00000000 08:03 12190709                   /lib/x86_64-linux-gnu/libwrap.so.0.7.6
7f39dfdfe000-7f39dfffd000 ---p 00009000 08:03 12190709                   /lib/x86_64-linux-gnu/libwrap.so.0.7.6
7f39dfffd000-7f39dfffe000 r--p 00008000 08:03 12190709                   /lib/x86_64-linux-gnu/libwrap.so.0.7.6
7f39dfffe000-7f39dffff000 rw-p 00009000 08:03 12190709                   /lib/x86_64-linux-gnu/libwrap.so.0.7.6
7f39dffff000-7f39e0000000 rw-p 00000000 00:00 0 
7f39e0000000-7f39e0021000 rw-p 00000000 00:00 0 
7f39e0021000-7f39e4000000 ---p 00000000 00:00 0 
7f39e4001000-7f39e4008000 r-xp 00000000 08:03 4199720                    /usr/lib/x86_64-linux-gnu/libSM.so.6.0.1
7f39e4008000-7f39e4207000 ---p 00007000 08:03 4199720                    /usr/lib/x86_64-linux-gnu/libSM.so.6.0.1
7f39e4207000-7f39e4208000 rw-p 00006000 08:03 4199720                    /usr/lib/x86_64-linux-gnu/libSM.so.6.0.1
7f39e4208000-7f39e421f000 r-xp 00000000 08:03 4199710                    /usr/lib/x86_64-linux-gnu/libICE.so.6.3.0
7f39e421f000-7f39e441e000 ---p 00017000 08:03 4199710                    /usr/lib/x86_64-linux-gnu/libICE.so.6.3.0
7f39e441e000-7f39e4420000 rw-p 00016000 08:03 4199710                    /usr/lib/x86_64-linux-gnu/libICE.so.6.3.0
7f39e4420000-7f39e4423000 rw-p 00000000 00:00 0 
7f39e4423000-7f39e4424000 r-xp 00000000 08:03 4199726                    /usr/lib/x86_64-linux-gnu/libX11-xcb.so.1.0.0
7f39e4424000-7f39e4623000 ---p 00001000 08:03 4199726                    /usr/lib/x86_64-linux-gnu/libX11-xcb.so.1.0.0
7f39e4623000-7f39e4624000 rw-p 00000000 08:03 4199726                    /usr/lib/x86_64-linux-gnu/libX11-xcb.so.1.0.0
7f39e4624000-7f39e4628000 r-xp 00000000 08:03 12190572                   /lib/x86_64-linux-gnu/libcap.so.2.22
7f39e4628000-7f39e4827000 ---p 00004000 08:03 12190572                   /lib/x86_64-linux-gnu/libcap.so.2.22
7f39e4827000-7f39e4828000 rw-p 00003000 08:03 12190572                   /lib/x86_64-linux-gnu/libcap.so.2.22
7f39e4828000-7f39e4889000 r-xp 00000000 08:03 4325923                    /usr/lib/x86_64-linux-gnu/pulseaudio/libpulsecommon-2.0.so
7f39e4889000-7f39e4a88000 ---p 00061000 08:03 4325923                    /usr/lib/x86_64-linux-gnu/pulseaudio/libpulsecommon-2.0.so
7f39e4a88000-7f39e4a89000 r--p 00060000 08:03 4325923                    /usr/lib/x86_64-linux-gnu/pulseaudio/libpulsecommon-2.0.so
7f39e4a89000-7f39e4a8b000 rw-p 00061000 08:03 4325923                    /usr/lib/x86_64-linux-gnu/pulseaudio/libpulsecommon-2.0.so
7f39e4a8b000-7f39e4a94000 r-xp 00000000 08:03 12190608                   /lib/x86_64-linux-gnu/libjson.so.0.1.0
7f39e4a94000-7f39e4c93000 ---p 00009000 08:03 12190608                   /lib/x86_64-linux-gnu/libjson.so.0.1.0
7f39e4c93000-7f39e4c94000 r--p 00008000 08:03 12190608                   /lib/x86_64-linux-gnu/libjson.so.0.1.0
7f39e4c94000-7f39e4c95000 rw-p 00009000 08:03 12190608                   /lib/x86_64-linux-gnu/libjson.so.0.1.0
7f39e4c95000-7f39e4cde000 r-xp 00000000 08:03 4200364                    /usr/lib/x86_64-linux-gnu/libpulse.so.0.14.2
7f39e4cde000-7f39e4edd000 ---p 00049000 08:03 4200364                    /usr/lib/x86_64-linux-gnu/libpulse.so.0.14.2
7f39e4edd000-7f39e4ede000 r--p 00048000 08:03 4200364                    /usr/lib/x86_64-linux-gnu/libpulse.so.0.14.2
7f39e4ede000-7f39e4edf000 rw-p 00049000 08:03 4200364                    /usr/lib/x86_64-linux-gnu/libpulse.so.0.14.2
7f39e5138000-7f39e513c000 r-xp 00000000 08:03 4199775                    /usr/lib/x86_64-linux-gnu/libXxf86vm.so.1.0.0
7f39e513c000-7f39e533c000 ---p 00004000 08:03 4199775                    /usr/lib/x86_64-linux-gnu/libXxf86vm.so.1.0.0
7f39e533c000-7f39e533d000 r--p 00004000 08:03 4199775                    /usr/lib/x86_64-linux-gnu/libXxf86vm.so.1.0.0
7f39e533d000-7f39e533e000 rw-p 00005000 08:03 4199775                    /usr/lib/x86_64-linux-gnu/libXxf86vm.so.1.0.0
7f39e533e000-7f39e53aa000 r-xp 00000000 08:01 300856                     /media/winDisk/Users/ChobeDucket/Documents/sheep/android/assets/.temp/7b43be9b/liblwjgl64.so
7f39e53aa000-7f39e55a9000 ---p 0006c000 08:01 300856                     /media/winDisk/Users/ChobeDucket/Documents/sheep/android/assets/.temp/7b43be9b/liblwjgl64.so
7f39e55a9000-7f39e55ab000 r--p 0006b000 08:01 300856                     /media/winDisk/Users/ChobeDucket/Documents/sheep/android/assets/.temp/7b43be9b/liblwjgl64.so
7f39e55ab000-7f39e55ac000 rw-p 0006d000 08:01 300856                     /media/winDisk/Users/ChobeDucket/Documents/sheep/android/assets/.temp/7b43be9b/liblwjgl64.so
7f39e55ac000-7f39e55ad000 r-xp 00000000 08:03 3934229                    /usr/lib/jvm/java-7-openjdk-amd64/jre/lib/amd64/libjawt.so
7f39e55ad000-7f39e57ac000 ---p 00001000 08:03 3934229                    /usr/lib/jvm/java-7-openjdk-amd64/jre/lib/amd64/libjawt.so
7f39e57ac000-7f39e57ad000 r--p 00000000 08:03 3934229                    /usr/lib/jvm/java-7-openjdk-amd64/jre/lib/amd64/libjawt.so
7f39e57ad000-7f39e57ae000 rw-p 00001000 08:03 3934229                    /usr/lib/jvm/java-7-openjdk-amd64/jre/lib/amd64/libjawt.so
7f39e57ae000-7f39e57b1000 ---p 00000000 00:00 0 
7f39e57b1000-7f39e58af000 rw-p 00000000 00:00 0 
7f39e58af000-7f39e58b2000 ---p 00000000 00:00 0 
7f39e58b2000-7f39e59b0000 rw-p 00000000 00:00 0 
7f39e59b0000-7f39e59b3000 r-xp 00000000 08:03 12190599                   /lib/x86_64-linux-gnu/libgpg-error.so.0.8.0
7f39e59b3000-7f39e5bb2000 ---p 00003000 08:03 12190599                   /lib/x86_64-linux-gnu/libgpg-error.so.0.8.0
7f39e5bb2000-7f39e5bb3000 rw-p 00002000 08:03 12190599                   /lib/x86_64-linux-gnu/libgpg-error.so.0.8.0
7f39e5bb3000-7f39e5bf7000 r-xp 00000000 08:03 12190580                   /lib/x86_64-linux-gnu/libdbus-1.so.3.7.2
7f39e5bf7000-7f39e5df7000 ---p 00044000 08:03 12190580                   /lib/x86_64-linux-gnu/libdbus-1.so.3.7.2
7f39e5df7000-7f39e5df8000 r--p 00044000 08:03 12190580                   /lib/x86_64-linux-gnu/libdbus-1.so.3.7.2
7f39e5df8000-7f39e5df9000 rw-p 00045000 08:03 12190580                   /lib/x86_64-linux-gnu/libdbus-1.so.3.7.2
7f39e5df9000-7f39e5e0a000 r-xp 00000000 08:03 4200305                    /usr/lib/x86_64-linux-gnu/libp11-kit.so.0.0.0
7f39e5e0a000-7f39e6009000 ---p 00011000 08:03 4200305                    /usr/lib/x86_64-linux-gnu/libp11-kit.so.0.0.0
7f39e6009000-7f39e600a000 r--p 00010000 08:03 4200305                    /usr/lib/x86_64-linux-gnu/libp11-kit.so.0.0.0
7f39e600a000-7f39e600b000 rw-p 00011000 08:03 4200305                    /usr/lib/x86_64-linux-gnu/libp11-kit.so.0.0.0
7f39e600b000-7f39e6085000 r-xp 00000000 08:03 12190595                   /lib/x86_64-linux-gnu/libgcrypt.so.11.7.0
7f39e6085000-7f39e6285000 ---p 0007a000 08:03 12190595                   /lib/x86_64-linux-gnu/libgcrypt.so.11.7.0
7f39e6285000-7f39e6286000 r--p 0007a000 08:03 12190595                   /lib/x86_64-linux-gnu/libgcrypt.so.11.7.0
7f39e6286000-7f39e6289000 rw-p 0007b000 08:03 12190595                   /lib/x86_64-linux-gnu/libgcrypt.so.11.7.0
7f39e6289000-7f39e6299000 r-xp 00000000 08:03 4200448                    /usr/lib/x86_64-linux-gnu/libtasn1.so.3.1.16
7f39e6299000-7f39e6498000 ---p 00010000 08:03 4200448                    /usr/lib/x86_64-linux-gnu/libtasn1.so.3.1.16
7f39e6498000-7f39e6499000 r--p 0000f000 08:03 4200448                    /usr/lib/x86_64-linux-gnu/libtasn1.so.3.1.16
7f39e6499000-7f39e649a000 rw-p 00010000 08:03 4200448                    /usr/lib/x86_64-linux-gnu/libtasn1.so.3.1.16
7f39e649a000-7f39e649d000 r-xp 00000000 08:03 12190610                   /lib/x86_64-linux-gnu/libkeyutils.so.1.4
7f39e649d000-7f39e669c000 ---p 00003000 08:03 12190610                   /lib/x86_64-linux-gnu/libkeyutils.so.1.4
7f39e669c000-7f39e669d000 r--p 00002000 08:03 12190610                   /lib/x86_64-linux-gnu/libkeyutils.so.1.4
7f39e669d000-7f39e669e000 rw-p 00003000 08:03 12190610                   /lib/x86_64-linux-gnu/libkeyutils.so.1.4
7f39e669e000-7f39e66a6000 r-xp 00000000 08:03 4200208                    /usr/lib/x86_64-linux-gnu/libkrb5support.so.0.1
7f39e66a6000-7f39e68a5000 ---p 00008000 08:03 4200208                    /usr/lib/x86_64-linux-gnu/libkrb5support.so.0.1
7f39e68a5000-7f39e68a6000 r--p 00007000 08:03 4200208                    /usr/lib/x86_64-linux-gnu/libkrb5support.so.0.1
7f39e68a6000-7f39e68a7000 rw-p 00008000 08:03 4200208                    /usr/lib/x86_64-linux-gnu/libkrb5support.so.0.1
7f39e68a7000-7f39e68aa000 r-xp 00000000 08:03 12190576                   /lib/x86_64-linux-gnu/libcom_err.so.2.1
7f39e68aa000-7f39e6aa9000 ---p 00003000 08:03 12190576                   /lib/x86_64-linux-gnu/libcom_err.so.2.1
7f39e6aa9000-7f39e6aaa000 r--p 00002000 08:03 12190576                   /lib/x86_64-linux-gnu/libcom_err.so.2.1
7f39e6aaa000-7f39e6aab000 rw-p 00003000 08:03 12190576                   /lib/x86_64-linux-gnu/libcom_err.so.2.1
7f39e6aab000-7f39e6ad1000 r-xp 00000000 08:03 4200198                    /usr/lib/x86_64-linux-gnu/libk5crypto.so.3.1
7f39e6ad1000-7f39e6cd1000 ---p 00026000 08:03 4200198                    /usr/lib/x86_64-linux-gnu/libk5crypto.so.3.1
7f39e6cd1000-7f39e6cd2000 r--p 00026000 08:03 4200198                    /usr/lib/x86_64-linux-gnu/libk5crypto.so.3.1
7f39e6cd2000-7f39e6cd3000 rw-p 00027000 08:03 4200198                    /usr/lib/x86_64-linux-gnu/libk5crypto.so.3.1
7f39e6cd3000-7f39e6cd4000 rw-p 00000000 00:00 0 
7f39e6cd4000-7f39e6d9d000 r-xp 00000000 08:03 4200206                    /usr/lib/x86_64-linux-gnu/libkrb5.so.3.3
7f39e6d9d000-7f39e6f9c000 ---p 000c9000 08:03 4200206                    /usr/lib/x86_64-linux-gnu/libkrb5.so.3.3
7f39e6f9c000-7f39e6fa6000 r--p 000c8000 08:03 4200206                    /usr/lib/x86_64-linux-gnu/libkrb5.so.3.3
7f39e6fa6000-7f39e6fa8000 rw-p 000d2000 08:03 4200206                    /usr/lib/x86_64-linux-gnu/libkrb5.so.3.3
7f39e6fa8000-7f39e6fad000 r-xp 00000000 08:03 4199743                    /usr/lib/x86_64-linux-gnu/libXdmcp.so.6.0.0
7f39e6fad000-7f39e71ac000 ---p 00005000 08:03 4199743                    /usr/lib/x86_64-linux-gnu/libXdmcp.so.6.0.0
7f39e71ac000-7f39e71ad000 rw-p 00004000 08:03 4199743                    /usr/lib/x86_64-linux-gnu/libXdmcp.so.6.0.0
7f39e71ad000-7f39e71af000 r-xp 00000000 08:03 4199732                    /usr/lib/x86_64-linux-gnu/libXau.so.6.0.0
7f39e71af000-7f39e73af000 ---p 00002000 08:03 4199732                    /usr/lib/x86_64-linux-gnu/libXau.so.6.0.0
7f39e73af000-7f39e73b0000 rw-p 00002000 08:03 4199732                    /usr/lib/x86_64-linux-gnu/libXau.so.6.0.0
7f39e73b0000-7f39e73c0000 r-xp 00000000 08:03 4199807                    /usr/lib/x86_64-linux-gnu/libavahi-client.so.3.2.9
7f39e73c0000-7f39e75bf000 ---p 00010000 08:03 4199807                    /usr/lib/x86_64-linux-gnu/libavahi-client.so.3.2.9
7f39e75bf000-7f39e75c0000 r--p 0000f000 08:03 4199807                    /usr/lib/x86_64-linux-gnu/libavahi-client.so.3.2.9
7f39e75c0000-7f39e75c1000 rw-p 00010000 08:03 4199807                    /usr/lib/x86_64-linux-gnu/libavahi-client.so.3.2.9
7f39e75c1000-7f39e75cd000 r-xp 00000000 08:03 4199809                    /usr/lib/x86_64-linux-gnu/libavahi-common.so.3.5.3
7f39e75cd000-7f39e77cc000 ---p 0000c000 08:03 4199809                    /usr/lib/x86_64-linux-gnu/libavahi-common.so.3.5.3
7f39e77cc000-7f39e77cd000 r--p 0000b000 08:03 4199809                    /usr/lib/x86_64-linux-gnu/libavahi-common.so.3.5.3
7f39e77cd000-7f39e77ce000 rw-p 0000c000 08:03 4199809                    /usr/lib/x86_64-linux-gnu/libavahi-common.so.3.5.3
7f39e77ce000-7f39e7887000 r-xp 00000000 08:03 4200060                    /usr/lib/x86_64-linux-gnu/libgnutls.so.26.22.4
7f39e7887000-7f39e7a86000 ---p 000b9000 08:03 4200060                    /usr/lib/x86_64-linux-gnu/libgnutls.so.26.22.4
7f39e7a86000-7f39e7a8c000 r--p 000b8000 08:03 4200060                    /usr/lib/x86_64-linux-gnu/libgnutls.so.26.22.4
7f39e7a8c000-7f39e7a8e000 rw-p 000be000 08:03 4200060                    /usr/lib/x86_64-linux-gnu/libgnutls.so.26.22.4
7f39e7a8e000-7f39e7aca000 r-xp 00000000 08:03 4200085                    /usr/lib/x86_64-linux-gnu/libgssapi_krb5.so.2.2
7f39e7aca000-7f39e7cca000 ---p 0003c000 08:03 4200085                    /usr/lib/x86_64-linux-gnu/libgssapi_krb5.so.2.2
7f39e7cca000-7f39e7ccb000 r--p 0003c000 08:03 4200085                    /usr/lib/x86_64-linux-gnu/libgssapi_krb5.so.2.2
7f39e7ccb000-7f39e7ccd000 rw-p 0003d000 08:03 4200085                    /usr/lib/x86_64-linux-gnu/libgssapi_krb5.so.2.2
7f39e7ccd000-7f39e7d09000 r-xp 00000000 08:03 12190663                   /lib/x86_64-linux-gnu/libpcre.so.3.13.1
7f39e7d09000-7f39e7f09000 ---p 0003c000 08:03 12190663                   /lib/x86_64-linux-gnu/libpcre.so.3.13.1
7f39e7f09000-7f39e7f0a000 rw-p 0003c000 08:03 12190663                   /lib/x86_64-linux-gnu/libpcre.so.3.13.1
7f39e7f0a000-7f39e7f16000 r-xp 00000000 08:03 4199961                    /usr/lib/x86_64-linux-gnu/libffi.so.5.0.10
7f39e7f16000-7f39e8116000 ---p 0000c000 08:03 4199961                    /usr/lib/x86_64-linux-gnu/libffi.so.5.0.10
7f39e8116000-7f39e8117000 rw-p 0000c000 08:03 4199961                    /usr/lib/x86_64-linux-gnu/libffi.so.5.0.10
7f39e8117000-7f39e813e000 r-xp 00000000 08:03 12190588                   /lib/x86_64-linux-gnu/libexpat.so.1.6.0
7f39e813e000-7f39e833e000 ---p 00027000 08:03 12190588                   /lib/x86_64-linux-gnu/libexpat.so.1.6.0
7f39e833e000-7f39e8340000 r--p 00027000 08:03 12190588                   /lib/x86_64-linux-gnu/libexpat.so.1.6.0
7f39e8340000-7f39e8341000 rw-p 00029000 08:03 12190588                   /lib/x86_64-linux-gnu/libexpat.so.1.6.0
7f39e8341000-7f39e8349000 r-xp 00000000 08:03 4200521                    /usr/lib/x86_64-linux-gnu/libxcb-render.so.0.0.0
7f39e8349000-7f39e8549000 ---p 00008000 08:03 4200521                    /usr/lib/x86_64-linux-gnu/libxcb-render.so.0.0.0
7f39e8549000-7f39e854a000 r--p 00008000 08:03 4200521                    /usr/lib/x86_64-linux-gnu/libxcb-render.so.0.0.0
7f39e854a000-7f39e854b000 rw-p 00009000 08:03 4200521                    /usr/lib/x86_64-linux-gnu/libxcb-render.so.0.0.0
7f39e854b000-7f39e854d000 r-xp 00000000 08:03 4200525                    /usr/lib/x86_64-linux-gnu/libxcb-shm.so.0.0.0
7f39e854d000-7f39e874c000 ---p 00002000 08:03 4200525                    /usr/lib/x86_64-linux-gnu/libxcb-shm.so.0.0.0
7f39e874c000-7f39e874d000 r--p 00001000 08:03 4200525                    /usr/lib/x86_64-linux-gnu/libxcb-shm.so.0.0.0
7f39e874d000-7f39e874e000 rw-p 00002000 08:03 4200525                    /usr/lib/x86_64-linux-gnu/libxcb-shm.so.0.0.0
7f39e874e000-7f39e87ce000 r-xp 00000000 08:03 4200335                    /usr/lib/x86_64-linux-gnu/libpixman-1.so.0.26.0
7f39e87ce000-7f39e89ce000 ---p 00080000 08:03 4200335                    /usr/lib/x86_64-linux-gnu/libpixman-1.so.0.26.0
7f39e89ce000-7f39e89d4000 rw-p 00080000 08:03 4200335                    /usr/lib/x86_64-linux-gnu/libpixman-1.so.0.26.0
7f39e89d4000-7f39e89fa000 r-xp 00000000 08:03 12190665                   /lib/x86_64-linux-gnu/libpng12.so.0.49.0
7f39e89fa000-7f39e8bf9000 ---p 00026000 08:03 12190665                   /lib/x86_64-linux-gnu/libpng12.so.0.49.0
7f39e8bf9000-7f39e8bfa000 r--p 00025000 08:03 12190665                   /lib/x86_64-linux-gnu/libpng12.so.0.49.0
7f39e8bfa000-7f39e8bfb000 rw-p 00026000 08:03 12190665                   /lib/x86_64-linux-gnu/libpng12.so.0.49.0
7f39e8bfb000-7f39e8c0f000 r-xp 00000000 08:03 12192206                   /lib/x86_64-linux-gnu/libresolv-2.19.so
7f39e8c0f000-7f39e8e0e000 ---p 00014000 08:03 12192206                   /lib/x86_64-linux-gnu/libresolv-2.19.so
7f39e8e0e000-7f39e8e0f000 r--p 00013000 08:03 12192206                   /lib/x86_64-linux-gnu/libresolv-2.19.so
7f39e8e0f000-7f39e8e10000 rw-p 00014000 08:03 12192206                   /lib/x86_64-linux-gnu/libresolv-2.19.so
7f39e8e10000-7f39e8e12000 rw-p 00000000 00:00 0 
7f39e8e12000-7f39e8e30000 r-xp 00000000 08:03 12190680                   /lib/x86_64-linux-gnu/libselinux.so.1
7f39e8e30000-7f39e902f000 ---p 0001e000 08:03 12190680                   /lib/x86_64-linux-gnu/libselinux.so.1
7f39e902f000-7f39e9030000 r--p 0001d000 08:03 12190680                   /lib/x86_64-linux-gnu/libselinux.so.1
7f39e9030000-7f39e9031000 rw-p 0001e000 08:03 12190680                   /lib/x86_64-linux-gnu/libselinux.so.1
7f39e9031000-7f39e9032000 rw-p 00000000 00:00 0 
7f39e9032000-7f39e9035000 r-xp 00000000 08:03 4200052                    /usr/lib/x86_64-linux-gnu/libgmodule-2.0.so.0.3200.4
7f39e9035000-7f39e9234000 ---p 00003000 08:03 4200052                    /usr/lib/x86_64-linux-gnu/libgmodule-2.0.so.0.3200.4
7f39e9234000-7f39e9235000 r--p 00002000 08:03 4200052                    /usr/lib/x86_64-linux-gnu/libgmodule-2.0.so.0.3200.4
7f39e9235000-7f39e9236000 rw-p 00003000 08:03 4200052                    /usr/lib/x86_64-linux-gnu/libgmodule-2.0.so.0.3200.4
7f39e9236000-7f39e9240000 r-xp 00000000 08:03 4199739                    /usr/lib/x86_64-linux-gnu/libXcursor.so.1.0.2
7f39e9240000-7f39e943f000 ---p 0000a000 08:03 4199739                    /usr/lib/x86_64-linux-gnu/libXcursor.so.1.0.2
7f39e943f000-7f39e9440000 rw-p 00009000 08:03 4199739                    /usr/lib/x86_64-linux-gnu/libXcursor.so.1.0.2
7f39e9440000-7f39e9447000 r-xp 00000000 08:03 4199761                    /usr/lib/x86_64-linux-gnu/libXrandr.so.2.2.0
7f39e9447000-7f39e9647000 ---p 00007000 08:03 4199761                    /usr/lib/x86_64-linux-gnu/libXrandr.so.2.2.0
7f39e9647000-7f39e9648000 rw-p 00007000 08:03 4199761                    /usr/lib/x86_64-linux-gnu/libXrandr.so.2.2.0
7f39e9648000-7f39e964a000 r-xp 00000000 08:03 4199753                    /usr/lib/x86_64-linux-gnu/libXinerama.so.1.0.0
7f39e964a000-7f39e9849000 ---p 00002000 08:03 4199753                    /usr/lib/x86_64-linux-gnu/libXinerama.so.1.0.0
7f39e9849000-7f39e984a000 rw-p 00001000 08:03 4199753                    /usr/lib/x86_64-linux-gnu/libXinerama.so.1.0.0
7f39e984a000-7f39e984f000 r-xp 00000000 08:03 4199747                    /usr/lib/x86_64-linux-gnu/libXfixes.so.3.1.0
7f39e984f000-7f39e9a4e000 ---p 00005000 08:03 4199747                    /usr/lib/x86_64-linux-gnu/libXfixes.so.3.1.0
7f39e9a4e000-7f39e9a4f000 r--p 00004000 08:03 4199747                    /usr/lib/x86_64-linux-gnu/libXfixes.so.3.1.0
7f39e9a4f000-7f39e9a50000 rw-p 00005000 08:03 4199747                    /usr/lib/x86_64-linux-gnu/libXfixes.so.3.1.0
7f39e9a50000-7f39e9a52000 r-xp 00000000 08:03 4199741                    /usr/lib/x86_64-linux-gnu/libXdamage.so.1.1.0
7f39e9a52000-7f39e9c51000 ---p 00002000 08:03 4199741                    /usr/lib/x86_64-linux-gnu/libXdamage.so.1.1.0
7f39e9c51000-7f39e9c52000 rw-p 00001000 08:03 4199741                    /usr/lib/x86_64-linux-gnu/libXdamage.so.1.1.0
7f39e9c52000-7f39e9c54000 r-xp 00000000 08:03 4199737                    /usr/lib/x86_64-linux-gnu/libXcomposite.so.1.0.0
7f39e9c54000-7f39e9e53000 ---p 00002000 08:03 4199737                    /usr/lib/x86_64-linux-gnu/libXcomposite.so.1.0.0
7f39e9e53000-7f39e9e54000 rw-p 00001000 08:03 4199737                    /usr/lib/x86_64-linux-gnu/libXcomposite.so.1.0.0
7f39e9e54000-7f39e9e73000 r-xp 00000000 08:03 4200529                    /usr/lib/x86_64-linux-gnu/libxcb.so.1.1.0
7f39e9e73000-7f39ea072000 ---p 0001f000 08:03 4200529                    /usr/lib/x86_64-linux-gnu/libxcb.so.1.1.0
7f39ea072000-7f39ea073000 r--p 0001e000 08:03 4200529                    /usr/lib/x86_64-linux-gnu/libxcb.so.1.1.0
7f39ea073000-7f39ea074000 rw-p 0001f000 08:03 4200529                    /usr/lib/x86_64-linux-gnu/libxcb.so.1.1.0
7f39ea074000-7f39ea0c7000 r-xp 00000000 08:03 4199889                    /usr/lib/x86_64-linux-gnu/libcups.so.2
7f39ea0c7000-7f39ea2c6000 ---p 00053000 08:03 4199889                    /usr/lib/x86_64-linux-gnu/libcups.so.2
7f39ea2c6000-7f39ea2cb000 r--p 00052000 08:03 4199889                    /usr/lib/x86_64-linux-gnu/libcups.so.2
7f39ea2cb000-7f39ea2cc000 rw-p 00057000 08:03 4199889                    /usr/lib/x86_64-linux-gnu/libcups.so.2
7f39ea2cc000-7f39ea3c1000 r-xp 00000000 08:03 12190597                   /lib/x86_64-linux-gnu/libglib-2.0.so.0.3200.4
7f39ea3c1000-7f39ea5c1000 ---p 000f5000 08:03 12190597                   /lib/x86_64-linux-gnu/libglib-2.0.so.0.3200.4
7f39ea5c1000-7f39ea5c2000 r--p 000f5000 08:03 12190597                   /lib/x86_64-linux-gnu/libglib-2.0.so.0.3200.4
7f39ea5c2000-7f39ea5c3000 rw-p 000f6000 08:03 12190597                   /lib/x86_64-linux-gnu/libglib-2.0.so.0.3200.4
7f39ea5c3000-7f39ea5c4000 rw-p 00000000 00:00 0 
7f39ea5c4000-7f39ea5c5000 r-xp 00000000 08:03 4200137                    /usr/lib/x86_64-linux-gnu/libgthread-2.0.so.0.3200.4
7f39ea5c5000-7f39ea7c4000 ---p 00001000 08:03 4200137                    /usr/lib/x86_64-linux-gnu/libgthread-2.0.so.0.3200.4
7f39ea7c4000-7f39ea7c5000 r--p 00000000 08:03 4200137                    /usr/lib/x86_64-linux-gnu/libgthread-2.0.so.0.3200.4
7f39ea7c5000-7f39ea7c6000 rw-p 00001000 08:03 4200137                    /usr/lib/x86_64-linux-gnu/libgthread-2.0.so.0.3200.4
7f39ea7c6000-7f39ea814000 r-xp 00000000 08:03 4200068                    /usr/lib/x86_64-linux-gnu/libgobject-2.0.so.0.3200.4
7f39ea814000-7f39eaa14000 ---p 0004e000 08:03 4200068                    /usr/lib/x86_64-linux-gnu/libgobject-2.0.so.0.3200.4
7f39eaa14000-7f39eaa15000 r--p 0004e000 08:03 4200068                    /usr/lib/x86_64-linux-gnu/libgobject-2.0.so.0.3200.4
7f39eaa15000-7f39eaa16000 rw-p 0004f000 08:03 4200068                    /usr/lib/x86_64-linux-gnu/libgobject-2.0.so.0.3200.4
7f39eaa16000-7f39eaa4b000 r-xp 00000000 08:03 4199999                    /usr/lib/x86_64-linux-gnu/libfontconfig.so.1.5.0
7f39eaa4b000-7f39eac4b000 ---p 00035000 08:03 4199999                    /usr/lib/x86_64-linux-gnu/libfontconfig.so.1.5.0
7f39eac4b000-7f39eac4c000 r--p 00035000 08:03 4199999                    /usr/lib/x86_64-linux-gnu/libfontconfig.so.1.5.0
7f39eac4c000-7f39eac4d000 rw-p 00036000 08:03 4199999                    /usr/lib/x86_64-linux-gnu/libfontconfig.so.1.5.0
7f39eac4d000-7f39eace6000 r-xp 00000000 08:03 4200007                    /usr/lib/x86_64-linux-gnu/libfreetype.so.6.8.1
7f39eace6000-7f39eaee5000 ---p 00099000 08:03 4200007                    /usr/lib/x86_64-linux-gnu/libfreetype.so.6.8.1
7f39eaee5000-7f39eaeeb000 r--p 00098000 08:03 4200007                    /usr/lib/x86_64-linux-gnu/libfreetype.so.6.8.1
7f39eaeeb000-7f39eaeec000 rw-p 0009e000 08:03 4200007                    /usr/lib/x86_64-linux-gnu/libfreetype.so.6.8.1
7f39eaeec000-7f39eaf36000 r-xp 00000000 08:03 4200313                    /usr/lib/x86_64-linux-gnu/libpango-1.0.so.0.3000.0
7f39eaf36000-7f39eb136000 ---p 0004a000 08:03 4200313                    /usr/lib/x86_64-linux-gnu/libpango-1.0.so.0.3000.0
7f39eb136000-7f39eb138000 r--p 0004a000 08:03 4200313                    /usr/lib/x86_64-linux-gnu/libpango-1.0.so.0.3000.0
7f39eb138000-7f39eb139000 rw-p 0004c000 08:03 4200313                    /usr/lib/x86_64-linux-gnu/libpango-1.0.so.0.3000.0
7f39eb139000-7f39eb22d000 r-xp 00000000 08:03 4199843                    /usr/lib/x86_64-linux-gnu/libcairo.so.2.11200.2
7f39eb22d000-7f39eb42c000 ---p 000f4000 08:03 4199843                    /usr/lib/x86_64-linux-gnu/libcairo.so.2.11200.2
7f39eb42c000-7f39eb42f000 r--p 000f3000 08:03 4199843                    /usr/lib/x86_64-linux-gnu/libcairo.so.2.11200.2
7f39eb42f000-7f39eb430000 rw-p 000f6000 08:03 4199843                    /usr/lib/x86_64-linux-gnu/libcairo.so.2.11200.2
7f39eb430000-7f39eb432000 rw-p 00000000 00:00 0 
7f39eb432000-7f39eb451000 r-xp 00000000 08:03 4200030                    /usr/lib/x86_64-linux-gnu/libgdk_pixbuf-2.0.so.0.2600.1
7f39eb451000-7f39eb650000 ---p 0001f000 08:03 4200030                    /usr/lib/x86_64-linux-gnu/libgdk_pixbuf-2.0.so.0.2600.1
7f39eb650000-7f39eb651000 r--p 0001e000 08:03 4200030                    /usr/lib/x86_64-linux-gnu/libgdk_pixbuf-2.0.so.0.2600.1
7f39eb651000-7f39eb652000 rw-p 0001f000 08:03 4200030                    /usr/lib/x86_64-linux-gnu/libgdk_pixbuf-2.0.so.0.2600.1
7f39eb652000-7f39eb65e000 r-xp 00000000 08:03 4200315                    /usr/lib/x86_64-linux-gnu/libpangocairo-1.0.so.0.3000.0
7f39eb65e000-7f39eb85d000 ---p 0000c000 08:03 4200315                    /usr/lib/x86_64-linux-gnu/libpangocairo-1.0.so.0.3000.0
7f39eb85d000-7f39eb85e000 r--p 0000b000 08:03 4200315                    /usr/lib/x86_64-linux-gnu/libpangocairo-1.0.so.0.3000.0
7f39eb85e000-7f39eb85f000 rw-p 0000c000 08:03 4200315                    /usr/lib/x86_64-linux-gnu/libpangocairo-1.0.so.0.3000.0
7f39eb85f000-7f39eb889000 r-xp 00000000 08:03 4200317                    /usr/lib/x86_64-linux-gnu/libpangoft2-1.0.so.0.3000.0
7f39eb889000-7f39eba88000 ---p 0002a000 08:03 4200317                    /usr/lib/x86_64-linux-gnu/libpangoft2-1.0.so.0.3000.0
7f39eba88000-7f39eba89000 r--p 00029000 08:03 4200317                    /usr/lib/x86_64-linux-gnu/libpangoft2-1.0.so.0.3000.0
7f39eba89000-7f39eba8a000 rw-p 0002a000 08:03 4200317                    /usr/lib/x86_64-linux-gnu/libpangoft2-1.0.so.0.3000.0
7f39eba8a000-7f39ebbd6000 r-xp 00000000 08:03 4200042                    /usr/lib/x86_64-linux-gnu/libgio-2.0.so.0.3200.4
7f39ebbd6000-7f39ebdd5000 ---p 0014c000 08:03 4200042                    /usr/lib/x86_64-linux-gnu/libgio-2.0.so.0.3200.4
7f39ebdd5000-7f39ebdd9000 r--p 0014b000 08:03 4200042                    /usr/lib/x86_64-linux-gnu/libgio-2.0.so.0.3200.4
7f39ebdd9000-7f39ebddb000 rw-p 0014f000 08:03 4200042                    /usr/lib/x86_64-linux-gnu/libgio-2.0.so.0.3200.4
7f39ebddb000-7f39ebddd000 rw-p 00000000 00:00 0 
7f39ebddd000-7f39ebdfe000 r-xp 00000000 08:03 4199799                    /usr/lib/x86_64-linux-gnu/libatk-1.0.so.0.20409.1
7f39ebdfe000-7f39ebffd000 ---p 00021000 08:03 4199799                    /usr/lib/x86_64-linux-gnu/libatk-1.0.so.0.20409.1
7f39ebffd000-7f39ebfff000 r--p 00020000 08:03 4199799                    /usr/lib/x86_64-linux-gnu/libatk-1.0.so.0.20409.1
7f39ebfff000-7f39ec000000 rw-p 00022000 08:03 4199799                    /usr/lib/x86_64-linux-gnu/libatk-1.0.so.0.20409.1
7f39ec000000-7f39ec021000 rw-p 00000000 00:00 0 
7f39ec021000-7f39f0000000 ---p 00000000 00:00 0 
7f39f0000000-7f39f0021000 rw-p 00000000 00:00 0 
7f39f0021000-7f39f4000000 ---p 00000000 00:00 0 
7f39f4000000-7f39f432b000 rw-p 00000000 00:00 0 
7f39f432b000-7f39f8000000 ---p 00000000 00:00 0 
7f39f8000000-7f39f8200000 rw-p 00000000 00:00 0 
7f39f8200000-7f39fc000000 ---p 00000000 00:00 0 
7f39fc000000-7f39fc021000 rw-p 00000000 00:00 0 
7f39fc021000-7f3a00000000 ---p 00000000 00:00 0 
7f3a00000000-7f3a00021000 rw-p 00000000 00:00 0 
7f3a00021000-7f3a04000000 ---p 00000000 00:00 0 
7f3a04000000-7f3a04021000 rw-p 00000000 00:00 0 
7f3a04021000-7f3a08000000 ---p 00000000 00:00 0 
7f3a08000000-7f3a08021000 rw-p 00000000 00:00 0 
7f3a08021000-7f3a0c000000 ---p 00000000 00:00 0 
7f3a0c000000-7f3a0c021000 rw-p 00000000 00:00 0 
7f3a0c021000-7f3a10000000 ---p 00000000 00:00 0 
7f3a10011000-7f3a1008e000 rw-p 00000000 00:00 0 
7f3a1008e000-7f3a1013d000 r-xp 00000000 08:03 4200028                    /usr/lib/x86_64-linux-gnu/libgdk-x11-2.0.so.0.2400.10
7f3a1013d000-7f3a1033c000 ---p 000af000 08:03 4200028                    /usr/lib/x86_64-linux-gnu/libgdk-x11-2.0.so.0.2400.10
7f3a1033c000-7f3a10341000 rw-p 000ae000 08:03 4200028                    /usr/lib/x86_64-linux-gnu/libgdk-x11-2.0.so.0.2400.10
7f3a10341000-7f3a10773000 r-xp 00000000 08:03 4200141                    /usr/lib/x86_64-linux-gnu/libgtk-x11-2.0.so.0.2400.10
7f3a10773000-7f3a10973000 ---p 00432000 08:03 4200141                    /usr/lib/x86_64-linux-gnu/libgtk-x11-2.0.so.0.2400.10
7f3a10973000-7f3a1097e000 rw-p 00432000 08:03 4200141                    /usr/lib/x86_64-linux-gnu/libgtk-x11-2.0.so.0.2400.10
7f3a1097e000-7f3a10980000 rw-p 00000000 00:00 0 
7f3a10980000-7f3a1098e000 r-xp 00000000 08:03 4199751                    /usr/lib/x86_64-linux-gnu/libXi.so.6.1.0
7f3a1098e000-7f3a10b8e000 ---p 0000e000 08:03 4199751                    /usr/lib/x86_64-linux-gnu/libXi.so.6.1.0
7f3a10b8e000-7f3a10b8f000 rw-p 0000e000 08:03 4199751                    /usr/lib/x86_64-linux-gnu/libXi.so.6.1.0
7f3a10b8f000-7f3a10b94000 r-xp 00000000 08:03 4199769                    /usr/lib/x86_64-linux-gnu/libXtst.so.6.1.0
7f3a10b94000-7f3a10d93000 ---p 00005000 08:03 4199769                    /usr/lib/x86_64-linux-gnu/libXtst.so.6.1.0
7f3a10d93000-7f3a10d94000 rw-p 00004000 08:03 4199769                    /usr/lib/x86_64-linux-gnu/libXtst.so.6.1.0
7f3a10d94000-7f3a10d9d000 r-xp 00000000 08:03 4199763                    /usr/lib/x86_64-linux-gnu/libXrender.so.1.3.0
7f3a10d9d000-7f3a10f9c000 ---p 00009000 08:03 4199763                    /usr/lib/x86_64-linux-gnu/libXrender.so.1.3.0
7f3a10f9c000-7f3a10f9d000 rw-p 00008000 08:03 4199763                    /usr/lib/x86_64-linux-gnu/libXrender.so.1.3.0
7f3a10f9d000-7f3a110d2000 r-xp 00000000 08:03 4199728                    /usr/lib/x86_64-linux-gnu/libX11.so.6.3.0
7f3a110d2000-7f3a112d2000 ---p 00135000 08:03 4199728                    /usr/lib/x86_64-linux-gnu/libX11.so.6.3.0
7f3a112d2000-7f3a112d8000 rw-p 00135000 08:03 4199728                    /usr/lib/x86_64-linux-gnu/libX11.so.6.3.0
7f3a112d8000-7f3a112e9000 r-xp 00000000 08:03 4199745                    /usr/lib/x86_64-linux-gnu/libXext.so.6.4.0
7f3a112e9000-7f3a114e9000 ---p 00011000 08:03 4199745                    /usr/lib/x86_64-linux-gnu/libXext.so.6.4.0
7f3a114e9000-7f3a114ea000 rw-p 00011000 08:03 4199745                    /usr/lib/x86_64-linux-gnu/libXext.so.6.4.0
7f3a114ea000-7f3a1153d000 r-xp 00000000 08:03 3934319                    /usr/lib/jvm/java-7-openjdk-amd64/jre/lib/amd64/xawt/libmawt.so
7f3a1153d000-7f3a1173c000 ---p 00053000 08:03 3934319                    /usr/lib/jvm/java-7-openjdk-amd64/jre/lib/amd64/xawt/libmawt.so
7f3a1173c000-7f3a1173d000 r--p 00052000 08:03 3934319                    /usr/lib/jvm/java-7-openjdk-amd64/jre/lib/amd64/xawt/libmawt.so
7f3a1173d000-7f3a11740000 rw-p 00053000 08:03 3934319                    /usr/lib/jvm/java-7-openjdk-amd64/jre/lib/amd64/xawt/libmawt.so
7f3a11740000-7f3a11741000 rw-p 00000000 00:00 0 
7f3a11741000-7f3a117e2000 r-xp 00000000 08:03 3934218                    /usr/lib/jvm/java-7-openjdk-amd64/jre/lib/amd64/libawt.so
7f3a117e2000-7f3a119e1000 ---p 000a1000 08:03 3934218                    /usr/lib/jvm/java-7-openjdk-amd64/jre/lib/amd64/libawt.so
7f3a119e1000-7f3a119e2000 r--p 000a0000 08:03 3934218                    /usr/lib/jvm/java-7-openjdk-amd64/jre/lib/amd64/libawt.so
7f3a119e2000-7f3a119ed000 rw-p 000a1000 08:03 3934218                    /usr/lib/jvm/java-7-openjdk-amd64/jre/lib/amd64/libawt.so
7f3a119ed000-7f3a11a12000 rw-p 00000000 00:00 0 
7f3a11a12000-7f3a11a4f000 r-xp 00000000 08:03 10486183                   /tmp/libgdxchobe/5502b6ed/libgdx64.so
7f3a11a4f000-7f3a11c4e000 ---p 0003d000 08:03 10486183                   /tmp/libgdxchobe/5502b6ed/libgdx64.so
7f3a11c4e000-7f3a11c4f000 r--p 0003c000 08:03 10486183                   /tmp/libgdxchobe/5502b6ed/libgdx64.so
7f3a11c4f000-7f3a11c50000 rw-p 0003d000 08:03 10486183                   /tmp/libgdxchobe/5502b6ed/libgdx64.so
7f3a11c50000-7f3a14000000 rw-p 00000000 00:00 0 
7f3a14000000-7f3a14021000 rw-p 00000000 00:00 0 
7f3a14021000-7f3a18000000 ---p 00000000 00:00 0 
7f3a18000000-7f3a18021000 rw-p 00000000 00:00 0 
7f3a18021000-7f3a1c000000 ---p 00000000 00:00 0 
7f3a1c000000-7f3a1c021000 rw-p 00000000 00:00 0 
7f3a1c021000-7f3a20000000 ---p 00000000 00:00 0 
7f3a20000000-7f3a20004000 r--s 0002f000 08:03 10488689                   /home/chobe/.gradle/caches/modules-2/files-2.1/net.java.jinput/jinput/2.0.5/39c7796b469a600f72380316f6b1f11db6c2c7c4/jinput-2.0.5.jar
7f3a20004000-7f3a20005000 r--s 00080000 08:03 10488688                   /home/chobe/.gradle/caches/modules-2/files-2.1/org.lwjgl.lwjgl/lwjgl-platform/2.9.1/2d12c83fdfbc04ecabf02c7bc8cc54d034f0daac/lwjgl-platform-2.9.1-natives-osx.jar
7f3a20005000-7f3a20006000 r--s 0008b000 08:03 10488687                   /home/chobe/.gradle/caches/modules-2/files-2.1/org.lwjgl.lwjgl/lwjgl-platform/2.9.1/aa9aae879af8eb378e22cfc64db56ec2ca9a44d1/lwjgl-platform-2.9.1-natives-linux.jar
7f3a20006000-7f3a20007000 r--s 00095000 08:03 10488686                   /home/chobe/.gradle/caches/modules-2/files-2.1/org.lwjgl.lwjgl/lwjgl-platform/2.9.1/4c517eca808522457dd95ee8fc1fbcdbb602efbe/lwjgl-platform-2.9.1-natives-windows.jar
7f3a20007000-7f3a20009000 r--s 00017000 08:03 10488685                   /home/chobe/.gradle/caches/modules-2/files-2.1/org.jcraft/jorbis/0.0.17/8872d22b293e8f5d7d56ff92be966e6dc28ebdc6/jorbis-0.0.17.jar
7f3a20009000-7f3a2000a000 r--s 00015000 08:03 10488684                   /home/chobe/.gradle/caches/modules-2/files-2.1/com.badlogicgames.jlayer/jlayer/1.0.1-gdx/7cca83cec5c1b2f011362f4d85aabd71a73b049d/jlayer-1.0.1-gdx.jar
7f3a2000a000-7f3a2000e000 r--s 00027000 08:03 10488683                   /home/chobe/.gradle/caches/modules-2/files-2.1/org.lwjgl.lwjgl/lwjgl_util/2.9.1/290d7ba8a1bd9566f5ddf16ad06f09af5ec9b20e/lwjgl_util-2.9.1.jar
7f3a2000e000-7f3a2001c000 r--s 000ea000 08:03 10488682                   /home/chobe/.gradle/caches/modules-2/files-2.1/org.lwjgl.lwjgl/lwjgl/2.9.1/f58c5aabcef0e41718a564be9f8e412fff8db847/lwjgl-2.9.1.jar
7f3a2001c000-7f3a20031000 r--s 00153000 08:03 10488660                   /home/chobe/.gradle/caches/modules-2/files-2.1/com.badlogicgames.gdx/gdx/1.1.0/686f5a609c717eb0769d3b954c501a49bf4fe351/gdx-1.1.0.jar
7f3a20031000-7f3a20032000 r--s 000cd000 08:03 10488678                   /home/chobe/.gradle/caches/modules-2/files-2.1/com.badlogicgames.gdx/gdx-platform/1.1.0/1c7ea4239c2d9adda420c15985fe3885c481fdcf/gdx-platform-1.1.0-natives-desktop.jar
7f3a20032000-7f3a20035000 r--s 0001f000 08:03 10488677                   /home/chobe/.gradle/caches/modules-2/files-2.1/com.badlogicgames.gdx/gdx-backend-lwjgl/1.1.0/eafa409559820c1696e165e1280435f1332fc32b/gdx-backend-lwjgl-1.1.0.jar
7f3a20035000-7f3a20037000 r--s 00018000 08:01 754491                     /media/winDisk/Users/ChobeDucket/Documents/sheep/core/build/libs/core-1.0.jar
7f3a20037000-7f3a2003b000 r--s 0003b000 08:03 3934173                    /usr/lib/jvm/java-7-openjdk-amd64/jre/lib/ext/sunpkcs11.jar
7f3a2003b000-7f3a2003c000 r--s 00002000 08:03 3934178                    /usr/lib/jvm/java-7-openjdk-amd64/jre/lib/ext/dnsns.jar
7f3a2003c000-7f3a2003f000 r--s 00032000 08:03 3934176                    /usr/lib/jvm/java-7-openjdk-amd64/jre/lib/ext/sunjce_provider.jar
7f3a2003f000-7f3a20041000 r--s 0000f000 08:03 3934175                    /usr/lib/jvm/java-7-openjdk-amd64/jre/lib/ext/pulse-java.jar
7f3a20041000-7f3a20043000 r--s 00012000 08:03 3934174                    /usr/lib/jvm/java-7-openjdk-amd64/jre/lib/ext/zipfs.jar
7f3a20043000-7f3a20047000 r--s 00085000 08:03 3934172                    /usr/lib/jvm/java-7-openjdk-amd64/jre/lib/ext/localedata.jar
7f3a20047000-7f3a20048000 r--s 00007000 08:03 5645676                    /usr/share/java/java-atk-wrapper.jar
7f3a20048000-7f3a20049000 ---p 00000000 00:00 0 
7f3a20049000-7f3a20149000 rw-p 00000000 00:00 0 
7f3a20149000-7f3a2014c000 ---p 00000000 00:00 0 
7f3a2014c000-7f3a2024a000 rw-p 00000000 00:00 0 
7f3a2024a000-7f3a2024d000 ---p 00000000 00:00 0 
7f3a2024d000-7f3a2034b000 rw-p 00000000 00:00 0 
7f3a2034b000-7f3a2034e000 ---p 00000000 00:00 0 
7f3a2034e000-7f3a2044c000 rw-p 00000000 00:00 0 
7f3a2044c000-7f3a2044f000 ---p 00000000 00:00 0 
7f3a2044f000-7f3a2054d000 rw-p 00000000 00:00 0 
7f3a2054d000-7f3a206d6000 r--p 00000000 08:03 4067802                    /usr/lib/locale/locale-archive
7f3a206d6000-7f3a206d9000 ---p 00000000 00:00 0 
7f3a206d9000-7f3a207d7000 rw-p 00000000 00:00 0 
7f3a207d7000-7f3a207da000 ---p 00000000 00:00 0 
7f3a207da000-7f3a208d8000 rw-p 00000000 00:00 0 
7f3a208d8000-7f3a208d9000 ---p 00000000 00:00 0 
7f3a208d9000-7f3a21000000 rw-p 00000000 00:00 0 
7f3a21000000-7f3a21270000 rwxp 00000000 00:00 0 
7f3a21270000-7f3a2436a000 rw-p 00000000 00:00 0 
7f3a2436a000-7f3a28000000 ---p 00000000 00:00 0 
7f3a28006000-7f3a28016000 rw-s e0200000 00:05 6137                       /dev/ati/card0
7f3a28016000-7f3a28019000 ---p 00000000 00:00 0 
7f3a28019000-7f3a2804f000 rw-p 00000000 00:00 0 
7f3a2804f000-7f3a28058000 r--s 000b9000 08:03 3934170                    /usr/lib/jvm/java-7-openjdk-amd64/jre/lib/resources.jar
7f3a28058000-7f3a28a2e000 rw-p 00000000 00:00 0 
7f3a28a2e000-7f3a28bdc000 r--s 01cfc000 08:03 3934153                    /usr/lib/jvm/java-7-openjdk-amd64/jre/lib/rt.jar
7f3a28bdc000-7f3a28f10000 rw-p 00000000 00:00 0 
7f3a28f10000-7f3a28f11000 ---p 00000000 00:00 0 
7f3a28f11000-7f3a29011000 rw-p 00000000 00:00 0 
7f3a29011000-7f3a29012000 ---p 00000000 00:00 0 
7f3a29012000-7f3a29112000 rw-p 00000000 00:00 0 
7f3a29112000-7f3a29113000 ---p 00000000 00:00 0 
7f3a29113000-7f3a29213000 rw-p 00000000 00:00 0 
7f3a29213000-7f3a29214000 ---p 00000000 00:00 0 
7f3a29214000-7f3a2931f000 rw-p 00000000 00:00 0 
7f3a2931f000-7f3a29367000 rw-p 00000000 00:00 0 
7f3a29367000-7f3a2937c000 rw-p 00000000 00:00 0 
7f3a2937c000-7f3a294ad000 rw-p 00000000 00:00 0 
7f3a294ad000-7f3a294b8000 rw-p 00000000 00:00 0 
7f3a294b8000-7f3a29500000 rw-p 00000000 00:00 0 
7f3a29500000-7f3a29515000 rw-p 00000000 00:00 0 
7f3a29515000-7f3a29645000 rw-p 00000000 00:00 0 
7f3a29645000-7f3a29650000 rw-p 00000000 00:00 0 
7f3a29650000-7f3a296e8000 rw-p 00000000 00:00 0 
7f3a296e8000-7f3a296e9000 rw-p 00000000 00:00 0 
7f3a296e9000-7f3a296f1000 r-xp 00000000 08:03 3934210                    /usr/lib/jvm/java-7-openjdk-amd64/jre/lib/amd64/libzip.so
7f3a296f1000-7f3a298f0000 ---p 00008000 08:03 3934210                    /usr/lib/jvm/java-7-openjdk-amd64/jre/lib/amd64/libzip.so
7f3a298f0000-7f3a298f1000 r--p 00007000 08:03 3934210                    /usr/lib/jvm/java-7-openjdk-amd64/jre/lib/amd64/libzip.so
7f3a298f1000-7f3a298f2000 rw-p 00008000 08:03 3934210                    /usr/lib/jvm/java-7-openjdk-amd64/jre/lib/amd64/libzip.so
7f3a298f2000-7f3a298fd000 r-xp 00000000 08:03 12192223                   /lib/x86_64-linux-gnu/libnss_files-2.19.so
7f3a298fd000-7f3a29afc000 ---p 0000b000 08:03 12192223                   /lib/x86_64-linux-gnu/libnss_files-2.19.so
7f3a29afc000-7f3a29afd000 r--p 0000a000 08:03 12192223                   /lib/x86_64-linux-gnu/libnss_files-2.19.so
7f3a29afd000-7f3a29afe000 rw-p 0000b000 08:03 12192223                   /lib/x86_64-linux-gnu/libnss_files-2.19.so
7f3a29afe000-7f3a29b08000 r-xp 00000000 08:03 12192211                   /lib/x86_64-linux-gnu/libnss_nis-2.19.so
7f3a29b08000-7f3a29d07000 ---p 0000a000 08:03 12192211                   /lib/x86_64-linux-gnu/libnss_nis-2.19.so
7f3a29d07000-7f3a29d08000 r--p 00009000 08:03 12192211                   /lib/x86_64-linux-gnu/libnss_nis-2.19.so
7f3a29d08000-7f3a29d09000 rw-p 0000a000 08:03 12192211                   /lib/x86_64-linux-gnu/libnss_nis-2.19.so
7f3a29d09000-7f3a29d1e000 r-xp 00000000 08:03 12192215                   /lib/x86_64-linux-gnu/libnsl-2.19.so
7f3a29d1e000-7f3a29f1d000 ---p 00015000 08:03 12192215                   /lib/x86_64-linux-gnu/libnsl-2.19.so
7f3a29f1d000-7f3a29f1e000 r--p 00014000 08:03 12192215                   /lib/x86_64-linux-gnu/libnsl-2.19.so
7f3a29f1e000-7f3a29f1f000 rw-p 00015000 08:03 12192215                   /lib/x86_64-linux-gnu/libnsl-2.19.so
7f3a29f1f000-7f3a29f21000 rw-p 00000000 00:00 0 
7f3a29f21000-7f3a29f28000 r-xp 00000000 08:03 12192212                   /lib/x86_64-linux-gnu/libnss_compat-2.19.so
7f3a29f28000-7f3a2a127000 ---p 00007000 08:03 12192212                   /lib/x86_64-linux-gnu/libnss_compat-2.19.so
7f3a2a127000-7f3a2a128000 r--p 00006000 08:03 12192212                   /lib/x86_64-linux-gnu/libnss_compat-2.19.so
7f3a2a128000-7f3a2a129000 rw-p 00007000 08:03 12192212                   /lib/x86_64-linux-gnu/libnss_compat-2.19.so
7f3a2a129000-7f3a2a154000 r-xp 00000000 08:03 3934215                    /usr/lib/jvm/java-7-openjdk-amd64/jre/lib/amd64/libjava.so
7f3a2a154000-7f3a2a353000 ---p 0002b000 08:03 3934215                    /usr/lib/jvm/java-7-openjdk-amd64/jre/lib/amd64/libjava.so
7f3a2a353000-7f3a2a354000 r--p 0002a000 08:03 3934215                    /usr/lib/jvm/java-7-openjdk-amd64/jre/lib/amd64/libjava.so
7f3a2a354000-7f3a2a356000 rw-p 0002b000 08:03 3934215                    /usr/lib/jvm/java-7-openjdk-amd64/jre/lib/amd64/libjava.so
7f3a2a356000-7f3a2a365000 r-xp 00000000 08:03 3934216                    /usr/lib/jvm/java-7-openjdk-amd64/jre/lib/amd64/libverify.so
7f3a2a365000-7f3a2a564000 ---p 0000f000 08:03 3934216                    /usr/lib/jvm/java-7-openjdk-amd64/jre/lib/amd64/libverify.so
7f3a2a564000-7f3a2a566000 r--p 0000e000 08:03 3934216                    /usr/lib/jvm/java-7-openjdk-amd64/jre/lib/amd64/libverify.so
7f3a2a566000-7f3a2a567000 rw-p 00010000 08:03 3934216                    /usr/lib/jvm/java-7-openjdk-amd64/jre/lib/amd64/libverify.so
7f3a2a567000-7f3a2a56e000 r-xp 00000000 08:03 12192213                   /lib/x86_64-linux-gnu/librt-2.19.so
7f3a2a56e000-7f3a2a76d000 ---p 00007000 08:03 12192213                   /lib/x86_64-linux-gnu/librt-2.19.so
7f3a2a76d000-7f3a2a76e000 r--p 00006000 08:03 12192213                   /lib/x86_64-linux-gnu/librt-2.19.so
7f3a2a76e000-7f3a2a76f000 rw-p 00007000 08:03 12192213                   /lib/x86_64-linux-gnu/librt-2.19.so
7f3a2a76f000-7f3a2a784000 r-xp 00000000 08:03 12190593                   /lib/x86_64-linux-gnu/libgcc_s.so.1
7f3a2a784000-7f3a2a984000 ---p 00015000 08:03 12190593                   /lib/x86_64-linux-gnu/libgcc_s.so.1
7f3a2a984000-7f3a2a985000 rw-p 00015000 08:03 12190593                   /lib/x86_64-linux-gnu/libgcc_s.so.1
7f3a2a985000-7f3a2aa85000 r-xp 00000000 08:03 12192221                   /lib/x86_64-linux-gnu/libm-2.19.so
7f3a2aa85000-7f3a2ac84000 ---p 00100000 08:03 12192221                   /lib/x86_64-linux-gnu/libm-2.19.so
7f3a2ac84000-7f3a2ac85000 r--p 000ff000 08:03 12192221                   /lib/x86_64-linux-gnu/libm-2.19.so
7f3a2ac85000-7f3a2ac86000 rw-p 00100000 08:03 12192221                   /lib/x86_64-linux-gnu/libm-2.19.so
7f3a2ac86000-7f3a2ad6e000 r-xp 00000000 08:03 4200440                    /usr/lib/x86_64-linux-gnu/libstdc++.so.6.0.17
7f3a2ad6e000-7f3a2af6e000 ---p 000e8000 08:03 4200440                    /usr/lib/x86_64-linux-gnu/libstdc++.so.6.0.17
7f3a2af6e000-7f3a2af76000 r--p 000e8000 08:03 4200440                    /usr/lib/x86_64-linux-gnu/libstdc++.so.6.0.17
7f3a2af76000-7f3a2af78000 rw-p 000f0000 08:03 4200440                    /usr/lib/x86_64-linux-gnu/libstdc++.so.6.0.17
7f3a2af78000-7f3a2af8d000 rw-p 00000000 00:00 0 
7f3a2af8d000-7f3a2ba56000 r-xp 00000000 08:03 3934204                    /usr/lib/jvm/java-7-openjdk-amd64/jre/lib/amd64/server/libjvm.so
7f3a2ba56000-7f3a2bc56000 ---p 00ac9000 08:03 3934204                    /usr/lib/jvm/java-7-openjdk-amd64/jre/lib/amd64/server/libjvm.so
7f3a2bc56000-7f3a2bcee000 r--p 00ac9000 08:03 3934204                    /usr/lib/jvm/java-7-openjdk-amd64/jre/lib/amd64/server/libjvm.so
7f3a2bcee000-7f3a2bd11000 rw-p 00b61000 08:03 3934204                    /usr/lib/jvm/java-7-openjdk-amd64/jre/lib/amd64/server/libjvm.so
7f3a2bd11000-7f3a2bd3e000 rw-p 00000000 00:00 0 
7f3a2bd3e000-7f3a2bd55000 r-xp 00000000 08:03 12192203                   /lib/x86_64-linux-gnu/libz.so.1.2.8
7f3a2bd55000-7f3a2bf54000 ---p 00017000 08:03 12192203                   /lib/x86_64-linux-gnu/libz.so.1.2.8
7f3a2bf54000-7f3a2bf55000 r--p 00016000 08:03 12192203                   /lib/x86_64-linux-gnu/libz.so.1.2.8
7f3a2bf55000-7f3a2bf56000 rw-p 00017000 08:03 12192203                   /lib/x86_64-linux-gnu/libz.so.1.2.8
7f3a2bf56000-7f3a2c0f5000 r-xp 00000000 08:03 12192214                   /lib/x86_64-linux-gnu/libc-2.19.so
7f3a2c0f5000-7f3a2c2f5000 ---p 0019f000 08:03 12192214                   /lib/x86_64-linux-gnu/libc-2.19.so
7f3a2c2f5000-7f3a2c2f9000 r--p 0019f000 08:03 12192214                   /lib/x86_64-linux-gnu/libc-2.19.so
7f3a2c2f9000-7f3a2c2fb000 rw-p 001a3000 08:03 12192214                   /lib/x86_64-linux-gnu/libc-2.19.so
7f3a2c2fb000-7f3a2c2ff000 rw-p 00000000 00:00 0 
7f3a2c2ff000-7f3a2c302000 r-xp 00000000 08:03 12192219                   /lib/x86_64-linux-gnu/libdl-2.19.so
7f3a2c302000-7f3a2c501000 ---p 00003000 08:03 12192219                   /lib/x86_64-linux-gnu/libdl-2.19.so
7f3a2c501000-7f3a2c502000 r--p 00002000 08:03 12192219                   /lib/x86_64-linux-gnu/libdl-2.19.so
7f3a2c502000-7f3a2c503000 rw-p 00003000 08:03 12192219                   /lib/x86_64-linux-gnu/libdl-2.19.so
7f3a2c503000-7f3a2c510000 r-xp 00000000 08:03 3934207                    /usr/lib/jvm/java-7-openjdk-amd64/jre/lib/amd64/jli/libjli.so
7f3a2c510000-7f3a2c70f000 ---p 0000d000 08:03 3934207                    /usr/lib/jvm/java-7-openjdk-amd64/jre/lib/amd64/jli/libjli.so
7f3a2c70f000-7f3a2c710000 r--p 0000c000 08:03 3934207                    /usr/lib/jvm/java-7-openjdk-amd64/jre/lib/amd64/jli/libjli.so
7f3a2c710000-7f3a2c711000 rw-p 0000d000 08:03 3934207                    /usr/lib/jvm/java-7-openjdk-amd64/jre/lib/amd64/jli/libjli.so
7f3a2c711000-7f3a2c729000 r-xp 00000000 08:03 12192218                   /lib/x86_64-linux-gnu/libpthread-2.19.so
7f3a2c729000-7f3a2c928000 ---p 00018000 08:03 12192218                   /lib/x86_64-linux-gnu/libpthread-2.19.so
7f3a2c928000-7f3a2c929000 r--p 00017000 08:03 12192218                   /lib/x86_64-linux-gnu/libpthread-2.19.so
7f3a2c929000-7f3a2c92a000 rw-p 00018000 08:03 12192218                   /lib/x86_64-linux-gnu/libpthread-2.19.so
7f3a2c92a000-7f3a2c92e000 rw-p 00000000 00:00 0 
7f3a2c92e000-7f3a2c94e000 r-xp 00000000 08:03 12192217                   /lib/x86_64-linux-gnu/ld-2.19.so
7f3a2c952000-7f3a2c953000 rw-s 00005000 00:05 6137                       /dev/ati/card0
7f3a2c953000-7f3a2c955000 rw-s 00002000 00:05 6137                       /dev/ati/card0
7f3a2c955000-7f3a2c95c000 r--s 00000000 08:03 4206154                    /usr/lib/x86_64-linux-gnu/gconv/gconv-modules.cache
7f3a2c95c000-7f3a2c961000 r--s 0004c000 08:03 3934152                    /usr/lib/jvm/java-7-openjdk-amd64/jre/lib/jsse.jar
7f3a2c961000-7f3a2c962000 r--s 00002000 08:03 10488693                   /home/chobe/.gradle/caches/modules-2/files-2.1/net.java.jinput/jinput-platform/2.0.5/53f9c919f34d2ca9de8c51fc4e1e8282029a9232/jinput-platform-2.0.5-natives-osx.jar
7f3a2c962000-7f3a2c963000 r--s 00025000 08:03 10488692                   /home/chobe/.gradle/caches/modules-2/files-2.1/net.java.jinput/jinput-platform/2.0.5/385ee093e01f587f30ee1c8a2ee7d408fd732e16/jinput-platform-2.0.5-natives-windows.jar
7f3a2c963000-7f3a2c964000 r--s 00002000 08:03 10488691                   /home/chobe/.gradle/caches/modules-2/files-2.1/net.java.jinput/jinput-platform/2.0.5/7ff832a6eb9ab6a767f1ade2b548092d0fa64795/jinput-platform-2.0.5-natives-linux.jar
7f3a2c964000-7f3a2c965000 r--s 00001000 08:03 10488690                   /home/chobe/.gradle/caches/modules-2/files-2.1/net.java.jutils/jutils/1.0.0/e12fe1fda814bd348c1579329c86943d2cd3c6a6/jutils-1.0.0.jar
7f3a2c965000-7f3a2c96f000 rw-p 00000000 00:00 0 
7f3a2c96f000-7f3a2ca25000 rw-p 00000000 00:00 0 
7f3a2ca25000-7f3a2ca28000 ---p 00000000 00:00 0 
7f3a2ca28000-7f3a2cb42000 rw-p 00000000 00:00 0 
7f3a2cb42000-7f3a2cb4a000 rw-s 00000000 08:03 10486196                   /tmp/hsperfdata_chobe/6587 (deleted)
7f3a2cb4a000-7f3a2cb4b000 rw-p 00000000 00:00 0 
7f3a2cb4b000-7f3a2cb4c000 ---p 00000000 00:00 0 
7f3a2cb4c000-7f3a2cb4e000 rw-p 00000000 00:00 0 
7f3a2cb4e000-7f3a2cb4f000 r--p 00020000 08:03 12192217                   /lib/x86_64-linux-gnu/ld-2.19.so
7f3a2cb4f000-7f3a2cb50000 rw-p 00021000 08:03 12192217                   /lib/x86_64-linux-gnu/ld-2.19.so
7f3a2cb50000-7f3a2cb51000 rw-p 00000000 00:00 0 
7fff85ced000-7fff85d0f000 rw-p 00000000 00:00 0                          [stack]
7fff85dff000-7fff85e00000 r-xp 00000000 00:00 0                          [vdso]
ffffffffff600000-ffffffffff601000 r-xp 00000000 00:00 0                  [vsyscall]

VM Arguments:
jvm_args: -Dfile.encoding=UTF-8 
java_command: com.mygdx.sheep.desktop.DesktopLauncher
Launcher Type: SUN_STANDARD

Environment Variables:
PATH=/usr/local/bin:/usr/bin:/bin:/usr/local/games:/usr/games:/home/chobe/.local/bin:/home/chobe/sdks/adt-bundle-linux-x86_64-20140321/sdk//platform-tools/adb:/home/chobe/sdks/adt-bundle-linux-x86_64-20140321/sdk//platform-tools/
USERNAME=chobe
SHELL=/bin/bash
DISPLAY=:0

Signal Handlers:
SIGSEGV: [libjvm.so+0x8f9750], sa_mask[0]=0x7ffbfeff, sa_flags=0x10000004
SIGBUS: [libjvm.so+0x8f9750], sa_mask[0]=0x7ffbfeff, sa_flags=0x10000004
SIGFPE: [libjvm.so+0x7827c0], sa_mask[0]=0x7ffbfeff, sa_flags=0x10000004
SIGPIPE: [libjvm.so+0x7827c0], sa_mask[0]=0x7ffbfeff, sa_flags=0x10000004
SIGXFSZ: [libjvm.so+0x7827c0], sa_mask[0]=0x7ffbfeff, sa_flags=0x10000004
SIGILL: [libjvm.so+0x7827c0], sa_mask[0]=0x7ffbfeff, sa_flags=0x10000004
SIGUSR1: SIG_DFL, sa_mask[0]=0x00000000, sa_flags=0x00000000
SIGUSR2: [libjvm.so+0x782ab0], sa_mask[0]=0x00000004, sa_flags=0x10000004
SIGHUP: [libjvm.so+0x782c20], sa_mask[0]=0x7ffbfeff, sa_flags=0x10000004
SIGINT: [libjvm.so+0x782c20], sa_mask[0]=0x7ffbfeff, sa_flags=0x10000004
SIGTERM: [libjvm.so+0x782c20], sa_mask[0]=0x7ffbfeff, sa_flags=0x10000004
SIGQUIT: [libjvm.so+0x782c20], sa_mask[0]=0x7ffbfeff, sa_flags=0x10000004


---------------  S Y S T E M  ---------------

OS:7.5

uname:Linux 3.2.0-4-amd64 #1 SMP Debian 3.2.57-3+deb7u1 x86_64
libc:glibc 2.19 NPTL 2.19 
rlimit: STACK 8192k, CORE 0k, NPROC 31105, NOFILE 4096, AS infinity
load average:0.67 0.43 0.61

/proc/meminfo:
MemTotal:        3993672 kB
MemFree:          545568 kB
Buffers:          146268 kB
Cached:          1017176 kB
SwapCached:           44 kB
Active:          2060500 kB
Inactive:        1071824 kB
Active(anon):    1604988 kB
Inactive(anon):   392984 kB
Active(file):     455512 kB
Inactive(file):   678840 kB
Unevictable:           0 kB
Mlocked:               0 kB
SwapTotal:       4120572 kB
SwapFree:        4120496 kB
Dirty:               732 kB
Writeback:             0 kB
AnonPages:       1968912 kB
Mapped:           242792 kB
Shmem:             29020 kB
Slab:             145608 kB
SReclaimable:     118824 kB
SUnreclaim:        26784 kB
KernelStack:        3440 kB
PageTables:        26524 kB
NFS_Unstable:          0 kB
Bounce:                0 kB
WritebackTmp:          0 kB
CommitLimit:     6117408 kB
Committed_AS:    3863576 kB
VmallocTotal:   34359738367 kB
VmallocUsed:      170488 kB
VmallocChunk:   34359561688 kB
HardwareCorrupted:     0 kB
AnonHugePages:         0 kB
HugePages_Total:       0
HugePages_Free:        0
HugePages_Rsvd:        0
HugePages_Surp:        0
Hugepagesize:       2048 kB
DirectMap4k:      101376 kB
DirectMap2M:     4026368 kB


CPU:total 4 (4 cores per cpu, 1 threads per core) family 6 model 15 stepping 11, cmov, cx8, fxsr, mmx, sse, sse2, sse3, ssse3, tsc

/proc/cpuinfo:
processor	: 0
vendor_id	: GenuineIntel
cpu family	: 6
model		: 15
model name	: Intel(R) Core(TM)2 Quad CPU    Q6600  @ 2.40GHz
stepping	: 11
cpu MHz		: 2394.000
cache size	: 4096 KB
physical id	: 0
siblings	: 4
core id		: 0
cpu cores	: 4
apicid		: 0
initial apicid	: 0
fpu		: yes
fpu_exception	: yes
cpuid level	: 10
wp		: yes
flags		: fpu vme de pse tsc msr pae mce cx8 apic sep mtrr pge mca cmov pat pse36 clflush dts acpi mmx fxsr sse sse2 ss ht tm pbe syscall nx lm constant_tsc arch_perfmon pebs bts rep_good nopl aperfmperf pni dtes64 monitor ds_cpl vmx est tm2 ssse3 cx16 xtpr pdcm lahf_lm dtherm tpr_shadow vnmi flexpriority
bogomips	: 4795.16
clflush size	: 64
cache_alignment	: 64
address sizes	: 36 bits physical, 48 bits virtual
power management:

processor	: 1
vendor_id	: GenuineIntel
cpu family	: 6
model		: 15
model name	: Intel(R) Core(TM)2 Quad CPU    Q6600  @ 2.40GHz
stepping	: 11
cpu MHz		: 1596.000
cache size	: 4096 KB
physical id	: 0
siblings	: 4
core id		: 2
cpu cores	: 4
apicid		: 2
initial apicid	: 2
fpu		: yes
fpu_exception	: yes
cpuid level	: 10
wp		: yes
flags		: fpu vme de pse tsc msr pae mce cx8 apic sep mtrr pge mca cmov pat pse36 clflush dts acpi mmx fxsr sse sse2 ss ht tm pbe syscall nx lm constant_tsc arch_perfmon pebs bts rep_good nopl aperfmperf pni dtes64 monitor ds_cpl vmx est tm2 ssse3 cx16 xtpr pdcm lahf_lm dtherm tpr_shadow vnmi flexpriority
bogomips	: 4795.51
clflush size	: 64
cache_alignment	: 64
address sizes	: 36 bits physical, 48 bits virtual
power management:

processor	: 2
vendor_id	: GenuineIntel
cpu family	: 6
model		: 15
model name	: Intel(R) Core(TM)2 Quad CPU    Q6600  @ 2.40GHz
stepping	: 11
cpu MHz		: 1596.000
cache size	: 4096 KB
physical id	: 0
siblings	: 4
core id		: 1
cpu cores	: 4
apicid		: 1
initial apicid	: 1
fpu		: yes
fpu_exception	: yes
cpuid level	: 10
wp		: yes
flags		: fpu vme de pse tsc msr pae mce cx8 apic sep mtrr pge mca cmov pat pse36 clflush dts acpi mmx fxsr sse sse2 ss ht tm pbe syscall nx lm constant_tsc arch_perfmon pebs bts rep_good nopl aperfmperf pni dtes64 monitor ds_cpl vmx est tm2 ssse3 cx16 xtpr pdcm lahf_lm dtherm tpr_shadow vnmi flexpriority
bogomips	: 4795.49
clflush size	: 64
cache_alignment	: 64
address sizes	: 36 bits physical, 48 bits virtual
power management:

processor	: 3
vendor_id	: GenuineIntel
cpu family	: 6
model		: 15
model name	: Intel(R) Core(TM)2 Quad CPU    Q6600  @ 2.40GHz
stepping	: 11
cpu MHz		: 1596.000
cache size	: 4096 KB
physical id	: 0
siblings	: 4
core id		: 3
cpu cores	: 4
apicid		: 3
initial apicid	: 3
fpu		: yes
fpu_exception	: yes
cpuid level	: 10
wp		: yes
flags		: fpu vme de pse tsc msr pae mce cx8 apic sep mtrr pge mca cmov pat pse36 clflush dts acpi mmx fxsr sse sse2 ss ht tm pbe syscall nx lm constant_tsc arch_perfmon pebs bts rep_good nopl aperfmperf pni dtes64 monitor ds_cpl vmx est tm2 ssse3 cx16 xtpr pdcm lahf_lm dtherm tpr_shadow vnmi flexpriority
bogomips	: 4795.51
clflush size	: 64
cache_alignment	: 64
address sizes	: 36 bits physical, 48 bits virtual
power management:



Memory: 4k page, physical 3993672k(545444k free), swap 4120572k(4120496k free)

vm_info: OpenJDK 64-Bit Server VM (24.51-b03) for linux-amd64 JRE (1.7.0_55-b14), built on May  2 2014 11:33:06 by "buildd" with gcc 4.7.2

time: Wed Jul  2 07:02:05 2014
elapsed time: 6 seconds

