#
# A fatal error has been detected by the Java Runtime Environment:
#
#  SIGSEGV (0xb) at pc=0x00007f458d4e6e38, pid=11745, tid=139936829273856
#
# JRE version: OpenJDK Runtime Environment (7.0_55-b14) (build 1.7.0_55-b14)
# Java VM: OpenJDK 64-Bit Server VM (24.51-b03 mixed mode linux-amd64 compressed oops)
# Problematic frame:
# C  [libX11.so.6+0x3ae38]  XQueryExtension+0x28
#
# Failed to write core dump. Core dumps have been disabled. To enable core dumping, try "ulimit -c unlimited" before starting Java again
#
# If you would like to submit a bug report, please include
# instructions on how to reproduce the bug and visit:
#   http://icedtea.classpath.org/bugzilla
#

---------------  T H R E A D  ---------------

Current thread (0x00007f4598076800):  VMThread [stack: 0x00007f4594eff000,0x00007f4595000000] [id=11756]

siginfo:si_signo=SIGSEGV: si_errno=0, si_code=1 (SEGV_MAPERR), si_addr=0x000000003c0148d8

Registers:
RAX=0x00007f457c000b10, RBX=0x000000003c013f70, RCX=0x00007f4594ffe6d8, RDX=0x00007f4594ffe6d4
RSP=0x00007f4594ffe670, RBP=0x00007f4552668600, RSI=0x00007f455252f992, RDI=0x000000003c013f70
R8 =0x00007f4594ffe6dc, R9 =0x0000000000000000, R10=0x00007f45526683c0, R11=0x00007f45a05f11c0
R12=0x00007f455252f992, R13=0x00007f457c000b10, R14=0x00007f4594ffeae0, R15=0x00007f453c025820
RIP=0x00007f458d4e6e38, EFLAGS=0x0000000000010202, CSGSFS=0xffff000000000033, ERR=0x0000000000000004
  TRAPNO=0x000000000000000e

Top of Stack: (sp=0x00007f4594ffe670)
0x00007f4594ffe670:   0000000000000000 0000000000000000
0x00007f4594ffe680:   000000770000006e 0000000000000000
0x00007f4594ffe690:   000100010000007c 000000003c013f70
0x00007f4594ffe6a0:   00007f4552668600 00007f455252f992
0x00007f4594ffe6b0:   00007f457c000b10 00007f4594ffeae0
0x00007f4594ffe6c0:   00007f453c025820 00007f458d4dae72
0x00007f4594ffe6d0:   00007f453c025820 00007f45a0635220
0x00007f4594ffe6e0:   0000000000000000 00007f4552668600
0x00007f4594ffe6f0:   000000003c013f70 00007f458d7f471d
0x00007f4594ffe700:   00007f455252f992 0000001100000000
0x00007f4594ffe710:   00007f4500000005 0000000000000000
0x00007f4594ffe720:   00007f4594ffe790 000000003c013f70
0x00007f4594ffe730:   00007f4594ffe9d8 00007f4594ffeae0
0x00007f4594ffe740:   00007f4552681e50 00007f45524d83d9
0x00007f4594ffe750:   00000000ffffffff 00007f453c01be90
0x00007f4594ffe760:   00007f4594ffe790 00007f45530a89e0
0x00007f4594ffe770:   00007f4594ffe9d8 00007f4594ffeae0
0x00007f4594ffe780:   0000000000000000 00007f45524ccae2
0x00007f4594ffe790:   00007f4594ffeb50 00007f455252f911
0x00007f4594ffe7a0:   00007f4594ffeb50 00007f45a0fa0058
0x00007f4594ffe7b0:   00007f45a11b31a8 00007f45a11b3740
0x00007f4594ffe7c0:   00007f45a118d000 00007f45980094f0
0x00007f4594ffe7d0:   00007f459800a020 00007f459800a530
0x00007f4594ffe7e0:   00007f4598017440 00007f45981ab190
0x00007f4594ffe7f0:   00007f45982a2400 00007f459829e2c0
0x00007f4594ffe800:   00007f45981e3d60 00007f45981f1c80
0x00007f4594ffe810:   00007f45981f90a0 00007f45981f8b70
0x00007f4594ffe820:   00007f45981f8640 00007f45981fc990
0x00007f4594ffe830:   00007f45981fc470 00007f45981fd740
0x00007f4594ffe840:   00007f45981fbf60 00007f45981f8110
0x00007f4594ffe850:   00007f45981fa530 00007f45981faf70
0x00007f4594ffe860:   00007f45981faa50 00007f45981fb490 

Instructions: (pc=0x00007f458d4e6e38)
0x00007f458d4e6e18:   24 e0 48 89 fb 4c 89 6c 24 e8 4c 89 74 24 f0 49
0x00007f458d4e6e28:   89 f4 4c 89 7c 24 f8 48 89 6c 24 d8 48 83 ec 58
0x00007f458d4e6e38:   48 8b 87 68 09 00 00 49 89 d7 49 89 ce 4d 89 c5
0x00007f458d4e6e48:   48 85 c0 74 02 ff 10 ba 08 00 00 00 be 62 00 00 

Register to memory mapping:

RAX=0x00007f457c000b10 is an unknown value
RBX=0x000000003c013f70 is an unknown value
RCX=0x00007f4594ffe6d8 is an unknown value
RDX=0x00007f4594ffe6d4 is an unknown value
RSP=0x00007f4594ffe670 is an unknown value
RBP=0x00007f4552668600: <offset 0x1cf600> in /usr/lib/x86_64-linux-gnu/libGL.so.1 at 0x00007f4552499000
RSI=0x00007f455252f992: <offset 0x96992> in /usr/lib/x86_64-linux-gnu/libGL.so.1 at 0x00007f4552499000
RDI=0x000000003c013f70 is an unknown value
R8 =0x00007f4594ffe6dc is an unknown value
R9 =0x0000000000000000 is an unknown value
R10=0x00007f45526683c0: <offset 0x1cf3c0> in /usr/lib/x86_64-linux-gnu/libGL.so.1 at 0x00007f4552499000
R11=0x00007f45a05f11c0: __cxa_finalize+0 in /lib/x86_64-linux-gnu/libc.so.6 at 0x00007f45a05b9000
R12=0x00007f455252f992: <offset 0x96992> in /usr/lib/x86_64-linux-gnu/libGL.so.1 at 0x00007f4552499000
R13=0x00007f457c000b10 is an unknown value
R14=0x00007f4594ffeae0 is an unknown value
R15=0x00007f453c025820 is an unknown value


Stack: [0x00007f4594eff000,0x00007f4595000000],  sp=0x00007f4594ffe670,  free space=1021k
Native frames: (J=compiled Java code, j=interpreted, Vv=VM code, C=native code)
C  [libX11.so.6+0x3ae38]  XQueryExtension+0x28

VM_Operation (0x00007f455c0ff6c0): Exit, mode: safepoint, requested by thread 0x00007f4598340000


---------------  P R O C E S S  ---------------

Java Threads: ( => current thread )
  0x00007f451c03e000 JavaThread "Keep-Alive-Timer" daemon [_thread_blocked, id=11781, stack(0x00007f45453c2000,0x00007f45454c3000)]
  0x00007f4518a45000 JavaThread "pool-1-thread-1" [_thread_blocked, id=11776, stack(0x00007f45461e4000,0x00007f45462e5000)]
  0x00007f453d548800 JavaThread "AsynchExecutor-Thread" daemon [_thread_blocked, id=11775, stack(0x00007f45465e5000,0x00007f45466e6000)]
  0x00007f453c01a800 JavaThread "process reaper" daemon [_thread_blocked, id=11771, stack(0x00007f459c010000,0x00007f459c049000)]
  0x00007f459800b000 JavaThread "DestroyJavaVM" [_thread_blocked, id=11751, stack(0x00007f45a1088000,0x00007f45a1189000)]
  0x00007f4598340000 JavaThread "LWJGL Application" [_thread_blocked, id=11769, stack(0x00007f455c000000,0x00007f455c101000)]
  0x00007f459829d000 JavaThread "AWT-XAWT" daemon [_thread_blocked, id=11765, stack(0x00007f455de21000,0x00007f455df22000)]
  0x00007f459827d000 JavaThread "Java2D Disposer" daemon [_thread_blocked, id=11764, stack(0x00007f459405f000,0x00007f4594160000)]
  0x00007f45980a7000 JavaThread "Service Thread" daemon [_thread_blocked, id=11762, stack(0x00007f4594770000,0x00007f4594871000)]
  0x00007f45980a5000 JavaThread "C2 CompilerThread1" daemon [_thread_blocked, id=11761, stack(0x00007f4594871000,0x00007f4594972000)]
  0x00007f45980a2000 JavaThread "C2 CompilerThread0" daemon [_thread_blocked, id=11760, stack(0x00007f4594972000,0x00007f4594a73000)]
  0x00007f459809f800 JavaThread "Signal Dispatcher" daemon [_thread_blocked, id=11759, stack(0x00007f4594a73000,0x00007f4594b74000)]
  0x00007f459807c800 JavaThread "Finalizer" daemon [_thread_blocked, id=11758, stack(0x00007f4594cfd000,0x00007f4594dfe000)]
  0x00007f459807a800 JavaThread "Reference Handler" daemon [_thread_blocked, id=11757, stack(0x00007f4594dfe000,0x00007f4594eff000)]

Other Threads:
=>0x00007f4598076800 VMThread [stack: 0x00007f4594eff000,0x00007f4595000000] [id=11756]

VM state:at safepoint (shutting down)

VM Mutex/Monitor currently owned by a thread:  ([mutex/lock_event])
[0x00007f45980077a0] Threads_lock - owner thread: 0x00007f4598076800

Heap
 PSYoungGen      total 18432K, used 3254K [0x00000000eba80000, 0x00000000ecf00000, 0x0000000100000000)
  eden space 15872K, 4% used [0x00000000eba80000,0x00000000ebb319b8,0x00000000eca00000)
  from space 2560K, 99% used [0x00000000ecc80000,0x00000000ecefc1d0,0x00000000ecf00000)
  to   space 2560K, 0% used [0x00000000eca00000,0x00000000eca00000,0x00000000ecc80000)
 ParOldGen       total 41472K, used 5199K [0x00000000c3000000, 0x00000000c5880000, 0x00000000eba80000)
  object space 41472K, 12% used [0x00000000c3000000,0x00000000c3513ec0,0x00000000c5880000)
 PSPermGen       total 21504K, used 12501K [0x00000000b8a00000, 0x00000000b9f00000, 0x00000000c3000000)
  object space 21504K, 58% used [0x00000000b8a00000,0x00000000b9635550,0x00000000b9f00000)

Card table byte_map: [0x00007f459db10000,0x00007f459dd4c000] byte_map_base: 0x00007f459d54b000

Polling page: 0x00007f45a11ae000

Code Cache  [0x00007f4595000000, 0x00007f4595270000, 0x00007f4598000000)
 total_blobs=748 nmethods=207 adapters=495 free_code_cache=48114Kb largest_free_block=49241792

Compilation events (10 events):
Event: 23.310 Thread 0x00007f45980a5000  206             com.badlogic.gdx.graphics.glutils.ImmediateModeRenderer20::color (19 bytes)
Event: 23.310 Thread 0x00007f45980a2000  207             com.badlogic.gdx.graphics.glutils.ImmediateModeRenderer20::vertex (63 bytes)
Event: 23.311 Thread 0x00007f45980a2000 nmethod 207 0x00007f4595104750 code [0x00007f45951048a0, 0x00007f45951049b8]
Event: 23.312 Thread 0x00007f45980a5000 nmethod 206 0x00007f45950eda90 code [0x00007f45950edc00, 0x00007f45950edd98]
Event: 23.742 Thread 0x00007f45980a2000  208             java.util.concurrent.locks.ReentrantLock$NonfairSync::lock (25 bytes)
Event: 23.744 Thread 0x00007f45980a2000 nmethod 208 0x00007f4595104350 code [0x00007f45951044c0, 0x00007f45951045d0]
Event: 24.145 Thread 0x00007f45980a5000  209             sun.awt.SunToolkit::awtLock (7 bytes)
Event: 24.145 Thread 0x00007f45980a2000  210             sun.awt.SunToolkit::awtUnlock (7 bytes)
Event: 24.149 Thread 0x00007f45980a5000 nmethod 209 0x00007f45950ee350 code [0x00007f45950ee4c0, 0x00007f45950ee5f0]
Event: 24.150 Thread 0x00007f45980a2000 nmethod 210 0x00007f4595108450 code [0x00007f45951085a0, 0x00007f4595108728]

GC Heap History (4 events):
Event: 1.725 GC heap before
{Heap before GC invocations=1 (full 0):
 PSYoungGen      total 18432K, used 15872K [0x00000000eba80000, 0x00000000ecf00000, 0x0000000100000000)
  eden space 15872K, 100% used [0x00000000eba80000,0x00000000eca00000,0x00000000eca00000)
  from space 2560K, 0% used [0x00000000ecc80000,0x00000000ecc80000,0x00000000ecf00000)
  to   space 2560K, 0% used [0x00000000eca00000,0x00000000eca00000,0x00000000ecc80000)
 ParOldGen       total 41472K, used 0K [0x00000000c3000000, 0x00000000c5880000, 0x00000000eba80000)
  object space 41472K, 0% used [0x00000000c3000000,0x00000000c3000000,0x00000000c5880000)
 PSPermGen       total 21504K, used 9247K [0x00000000b8a00000, 0x00000000b9f00000, 0x00000000c3000000)
  object space 21504K, 43% used [0x00000000b8a00000,0x00000000b9307db8,0x00000000b9f00000)
Event: 1.733 GC heap after
Heap after GC invocations=1 (full 0):
 PSYoungGen      total 18432K, used 2544K [0x00000000eba80000, 0x00000000ecf00000, 0x0000000100000000)
  eden space 15872K, 0% used [0x00000000eba80000,0x00000000eba80000,0x00000000eca00000)
  from space 2560K, 99% used [0x00000000eca00000,0x00000000ecc7c190,0x00000000ecc80000)
  to   space 2560K, 0% used [0x00000000ecc80000,0x00000000ecc80000,0x00000000ecf00000)
 ParOldGen       total 41472K, used 2439K [0x00000000c3000000, 0x00000000c5880000, 0x00000000eba80000)
  object space 41472K, 5% used [0x00000000c3000000,0x00000000c3261fc0,0x00000000c5880000)
 PSPermGen       total 21504K, used 9247K [0x00000000b8a00000, 0x00000000b9f00000, 0x00000000c3000000)
  object space 21504K, 43% used [0x00000000b8a00000,0x00000000b9307db8,0x00000000b9f00000)
}
Event: 24.133 GC heap before
{Heap before GC invocations=2 (full 0):
 PSYoungGen      total 18432K, used 18416K [0x00000000eba80000, 0x00000000ecf00000, 0x0000000100000000)
  eden space 15872K, 100% used [0x00000000eba80000,0x00000000eca00000,0x00000000eca00000)
  from space 2560K, 99% used [0x00000000eca00000,0x00000000ecc7c190,0x00000000ecc80000)
  to   space 2560K, 0% used [0x00000000ecc80000,0x00000000ecc80000,0x00000000ecf00000)
 ParOldGen       total 41472K, used 2439K [0x00000000c3000000, 0x00000000c5880000, 0x00000000eba80000)
  object space 41472K, 5% used [0x00000000c3000000,0x00000000c3261fc0,0x00000000c5880000)
 PSPermGen       total 21504K, used 12466K [0x00000000b8a00000, 0x00000000b9f00000, 0x00000000c3000000)
  object space 21504K, 57% used [0x00000000b8a00000,0x00000000b962c8a0,0x00000000b9f00000)
Event: 24.144 GC heap after
Heap after GC invocations=2 (full 0):
 PSYoungGen      total 18432K, used 2544K [0x00000000eba80000, 0x00000000ecf00000, 0x0000000100000000)
  eden space 15872K, 0% used [0x00000000eba80000,0x00000000eba80000,0x00000000eca00000)
  from space 2560K, 99% used [0x00000000ecc80000,0x00000000ecefc1d0,0x00000000ecf00000)
  to   space 2560K, 0% used [0x00000000eca00000,0x00000000eca00000,0x00000000ecc80000)
 ParOldGen       total 41472K, used 5199K [0x00000000c3000000, 0x00000000c5880000, 0x00000000eba80000)
  object space 41472K, 12% used [0x00000000c3000000,0x00000000c3513ec0,0x00000000c5880000)
 PSPermGen       total 21504K, used 12466K [0x00000000b8a00000, 0x00000000b9f00000, 0x00000000c3000000)
  object space 21504K, 57% used [0x00000000b8a00000,0x00000000b962c8a0,0x00000000b9f00000)
}

Deoptimization events (2 events):
Event: 0.227 Thread 0x00007f459800b000 Uncommon trap: reason=class_check action=maybe_recompile pc=0x00007f4595065280 method=java.util.Properties$LineReader.readLine()I @ 62
Event: 5.176 Thread 0x00007f4518a45000 Uncommon trap: reason=unreached action=reinterpret pc=0x00007f45950a9934 method=java.lang.Integer.parseInt(Ljava/lang/String;I)I @ 1

Internal exceptions (10 events):
Event: 7.193 Thread 0x00007f4598340000 Threw 0x00000000ec5a4d88 at /build/openjdk-7-kBcQ8a/openjdk-7-7u55-2.4.7/build/openjdk/hotspot/src/share/vm/prims/jvm.cpp:1244
Event: 7.194 Thread 0x00007f4598340000 Threw 0x00000000ec5aa088 at /build/openjdk-7-kBcQ8a/openjdk-7-7u55-2.4.7/build/openjdk/hotspot/src/share/vm/prims/jvm.cpp:1244
Event: 7.195 Thread 0x00007f4598340000 Threw 0x00000000ec5af1b8 at /build/openjdk-7-kBcQ8a/openjdk-7-7u55-2.4.7/build/openjdk/hotspot/src/share/vm/prims/jvm.cpp:1244
Event: 7.195 Thread 0x00007f4598340000 Threw 0x00000000ec5b4220 at /build/openjdk-7-kBcQ8a/openjdk-7-7u55-2.4.7/build/openjdk/hotspot/src/share/vm/prims/jvm.cpp:1244
Event: 8.410 Thread 0x00007f4598340000 Threw 0x00000000ec626300 at /build/openjdk-7-kBcQ8a/openjdk-7-7u55-2.4.7/build/openjdk/hotspot/src/share/vm/prims/jvm.cpp:1244
Event: 19.426 Thread 0x00007f4598340000 Threw 0x00000000ec8308c0 at /build/openjdk-7-kBcQ8a/openjdk-7-7u55-2.4.7/build/openjdk/hotspot/src/share/vm/prims/jvm.cpp:1244
Event: 20.310 Thread 0x00007f4598340000 Threw 0x00000000ec867fd8 at /build/openjdk-7-kBcQ8a/openjdk-7-7u55-2.4.7/build/openjdk/hotspot/src/share/vm/prims/jvm.cpp:1244
Event: 24.759 Thread 0x00007f4598340000 Threw 0x00000000ebab1268 at /build/openjdk-7-kBcQ8a/openjdk-7-7u55-2.4.7/build/openjdk/hotspot/src/share/vm/prims/jvm.cpp:1244
Event: 24.768 Thread 0x00007f4598340000 Threw 0x00000000ebab56e0 at /build/openjdk-7-kBcQ8a/openjdk-7-7u55-2.4.7/build/openjdk/hotspot/src/share/vm/prims/jvm.cpp:1244
Event: 24.773 Thread 0x00007f4598340000 Threw 0x00000000ebaba9f8 at /build/openjdk-7-kBcQ8a/openjdk-7-7u55-2.4.7/build/openjdk/hotspot/src/share/vm/prims/jvm.cpp:1244

Events (10 events):
Event: 24.932 loading class 0x00007f456002bbe0 done
Event: 24.932 Thread 0x00007f4518b89800 Thread added: 0x00007f4518b89800
Event: 24.932 loading class 0x00007f4598228450
Event: 24.933 loading class 0x00007f4560007d70
Event: 24.933 loading class 0x00007f4560007d70 done
Event: 24.933 loading class 0x00007f4560007da0
Event: 24.933 loading class 0x00007f4560007da0 done
Event: 24.933 loading class 0x00007f4598228450 done
Event: 24.935 Thread 0x00007f4518b89800 Thread exited: 0x00007f4518b89800
Event: 24.935 Executing VM operation: Exit


Dynamic libraries:
00400000-00401000 r-xp 00000000 08:03 3934148                            /usr/lib/jvm/java-7-openjdk-amd64/jre/bin/java
00600000-00601000 r--p 00000000 08:03 3934148                            /usr/lib/jvm/java-7-openjdk-amd64/jre/bin/java
00601000-00602000 rw-p 00001000 08:03 3934148                            /usr/lib/jvm/java-7-openjdk-amd64/jre/bin/java
006ed000-0070e000 rw-p 00000000 00:00 0                                  [heap]
b8a00000-b9f00000 rw-p 00000000 00:00 0 
b9f00000-c3000000 rw-p 00000000 00:00 0 
c3000000-c5880000 rw-p 00000000 00:00 0 
c5880000-eba80000 rw-p 00000000 00:00 0 
eba80000-ecf00000 rw-p 00000000 00:00 0 
ecf00000-100000000 rw-p 00000000 00:00 0 
7f4510000000-7f4510021000 rw-p 00000000 00:00 0 
7f4510021000-7f4514000000 ---p 00000000 00:00 0 
7f4514000000-7f4514021000 rw-p 00000000 00:00 0 
7f4514021000-7f4518000000 ---p 00000000 00:00 0 
7f4518000000-7f4519c63000 rw-p 00000000 00:00 0 
7f4519c63000-7f451c000000 ---p 00000000 00:00 0 
7f451c000000-7f451c04b000 rw-p 00000000 00:00 0 
7f451c04b000-7f4520000000 ---p 00000000 00:00 0 
7f4520000000-7f4523f97000 rw-p 00000000 00:00 0 
7f4523f97000-7f4524000000 ---p 00000000 00:00 0 
7f4528000000-7f45280ae000 rw-p 00000000 00:00 0 
7f45280ae000-7f452c000000 ---p 00000000 00:00 0 
7f452c000000-7f452c7d6000 rw-p 00000000 00:00 0 
7f452c7d6000-7f4530000000 ---p 00000000 00:00 0 
7f4530000000-7f4530021000 rw-p 00000000 00:00 0 
7f4530021000-7f4534000000 ---p 00000000 00:00 0 
7f4534000000-7f45340b4000 rw-p 00000000 00:00 0 
7f45340b4000-7f4538000000 ---p 00000000 00:00 0 
7f4538000000-7f4538021000 rw-p 00000000 00:00 0 
7f4538021000-7f453c000000 ---p 00000000 00:00 0 
7f453c000000-7f453ff06000 rw-p 00000000 00:00 0 
7f453ff06000-7f4540000000 ---p 00000000 00:00 0 
7f4540000000-7f4540021000 rw-p 00000000 00:00 0 
7f4540021000-7f4544000000 ---p 00000000 00:00 0 
7f45453c2000-7f45453c5000 ---p 00000000 00:00 0 
7f45453c5000-7f45454c3000 rw-p 00000000 00:00 0 
7f45454c3000-7f45454c6000 ---p 00000000 00:00 0 
7f45454c6000-7f45455c4000 rw-p 00000000 00:00 0 
7f4545bc4000-7f4545bc9000 r-xp 00000000 08:03 12192225                   /lib/x86_64-linux-gnu/libnss_dns-2.19.so
7f4545bc9000-7f4545dc8000 ---p 00005000 08:03 12192225                   /lib/x86_64-linux-gnu/libnss_dns-2.19.so
7f4545dc8000-7f4545dc9000 r--p 00004000 08:03 12192225                   /lib/x86_64-linux-gnu/libnss_dns-2.19.so
7f4545dc9000-7f4545dca000 rw-p 00005000 08:03 12192225                   /lib/x86_64-linux-gnu/libnss_dns-2.19.so
7f4545dca000-7f4545dcc000 r-xp 00000000 08:03 12058696                   /lib/libnss_mdns4_minimal.so.2
7f4545dcc000-7f4545fcb000 ---p 00002000 08:03 12058696                   /lib/libnss_mdns4_minimal.so.2
7f4545fcb000-7f4545fcc000 rw-p 00001000 08:03 12058696                   /lib/libnss_mdns4_minimal.so.2
7f4545fcc000-7f4545fe3000 r-xp 00000000 08:03 3934214                    /usr/lib/jvm/java-7-openjdk-amd64/jre/lib/amd64/libnet.so
7f4545fe3000-7f45461e2000 ---p 00017000 08:03 3934214                    /usr/lib/jvm/java-7-openjdk-amd64/jre/lib/amd64/libnet.so
7f45461e2000-7f45461e3000 r--p 00016000 08:03 3934214                    /usr/lib/jvm/java-7-openjdk-amd64/jre/lib/amd64/libnet.so
7f45461e3000-7f45461e4000 rw-p 00017000 08:03 3934214                    /usr/lib/jvm/java-7-openjdk-amd64/jre/lib/amd64/libnet.so
7f45461e4000-7f45461e7000 ---p 00000000 00:00 0 
7f45461e7000-7f45462e5000 rw-p 00000000 00:00 0 
7f45465e5000-7f45465e8000 ---p 00000000 00:00 0 
7f45465e8000-7f45466e6000 rw-p 00000000 00:00 0 
7f45466e6000-7f45466e7000 ---p 00000000 00:00 0 
7f45466e7000-7f4546ee7000 rw-p 00000000 00:00 0 
7f4546ee7000-7f4546ee8000 ---p 00000000 00:00 0 
7f4546ee8000-7f45476e8000 rw-p 00000000 00:00 0 
7f45477a9000-7f4547ea9000 rw-s 00006000 00:05 7289                       /dev/ati/card0
7f4547ea9000-7f4547ee6000 r-xp 00000000 08:03 4201336                    /usr/lib/x86_64-linux-gnu/libatiadlxx.so
7f4547ee6000-7f4547fe5000 ---p 0003d000 08:03 4201336                    /usr/lib/x86_64-linux-gnu/libatiadlxx.so
7f4547fe5000-7f4547fef000 rw-p 0003c000 08:03 4201336                    /usr/lib/x86_64-linux-gnu/libatiadlxx.so
7f4547fef000-7f4547fff000 rw-p 00000000 00:00 0 
7f454c000000-7f454c021000 rw-p 00000000 00:00 0 
7f454c021000-7f4550000000 ---p 00000000 00:00 0 
7f455009a000-7f4550117000 rw-p 00000000 00:00 0 
7f4550117000-7f455011e000 r-xp 00000000 08:03 4201328                    /usr/lib/x86_64-linux-gnu/libatiuki.so.1.0
7f455011e000-7f455021e000 ---p 00007000 08:03 4201328                    /usr/lib/x86_64-linux-gnu/libatiuki.so.1.0
7f455021e000-7f455021f000 rw-p 00007000 08:03 4201328                    /usr/lib/x86_64-linux-gnu/libatiuki.so.1.0
7f455021f000-7f4550220000 rw-p 00000000 00:00 0 
7f4550220000-7f4552118000 r-xp 00000000 08:03 4201338                    /usr/lib/x86_64-linux-gnu/dri/fglrx_dri.so
7f4552118000-7f4552217000 ---p 01ef8000 08:03 4201338                    /usr/lib/x86_64-linux-gnu/dri/fglrx_dri.so
7f4552217000-7f4552375000 rwxp 01ef7000 08:03 4201338                    /usr/lib/x86_64-linux-gnu/dri/fglrx_dri.so
7f4552375000-7f4552499000 rwxp 00000000 00:00 0 
7f4552499000-7f455255c000 r-xp 00000000 08:03 4201341                    /usr/lib/x86_64-linux-gnu/fglrx/fglrx-libGL.so.1.2
7f455255c000-7f455265b000 ---p 000c3000 08:03 4201341                    /usr/lib/x86_64-linux-gnu/fglrx/fglrx-libGL.so.1.2
7f455265b000-7f4552682000 rwxp 000c2000 08:03 4201341                    /usr/lib/x86_64-linux-gnu/fglrx/fglrx-libGL.so.1.2
7f4552682000-7f45526a2000 rwxp 00000000 00:00 0 
7f45526a2000-7f45526a3000 ---p 00000000 00:00 0 
7f45526a3000-7f4552ea3000 rw-p 00000000 00:00 0 
7f4552ea3000-7f4552ea9000 r-xp 00000000 08:03 4200289                    /usr/lib/x86_64-linux-gnu/libogg.so.0.8.0
7f4552ea9000-7f45530a8000 ---p 00006000 08:03 4200289                    /usr/lib/x86_64-linux-gnu/libogg.so.0.8.0
7f45530a8000-7f45530a9000 rw-p 00005000 08:03 4200289                    /usr/lib/x86_64-linux-gnu/libogg.so.0.8.0
7f45530a9000-7f45530d5000 r-xp 00000000 08:03 4200496                    /usr/lib/x86_64-linux-gnu/libvorbis.so.0.4.5
7f45530d5000-7f45532d4000 ---p 0002c000 08:03 4200496                    /usr/lib/x86_64-linux-gnu/libvorbis.so.0.4.5
7f45532d4000-7f45532d5000 r--p 0002b000 08:03 4200496                    /usr/lib/x86_64-linux-gnu/libvorbis.so.0.4.5
7f45532d5000-7f45532d6000 rw-p 0002c000 08:03 4200496                    /usr/lib/x86_64-linux-gnu/libvorbis.so.0.4.5
7f45532d6000-7f4553589000 r-xp 00000000 08:03 4200498                    /usr/lib/x86_64-linux-gnu/libvorbisenc.so.2.0.8
7f4553589000-7f4553788000 ---p 002b3000 08:03 4200498                    /usr/lib/x86_64-linux-gnu/libvorbisenc.so.2.0.8
7f4553788000-7f45537a4000 r--p 002b2000 08:03 4200498                    /usr/lib/x86_64-linux-gnu/libvorbisenc.so.2.0.8
7f45537a4000-7f45537a5000 rw-p 002ce000 08:03 4200498                    /usr/lib/x86_64-linux-gnu/libvorbisenc.so.2.0.8
7f45537a5000-7f45537f0000 r-xp 00000000 08:03 4199700                    /usr/lib/x86_64-linux-gnu/libFLAC.so.8.2.0
7f45537f0000-7f45539ef000 ---p 0004b000 08:03 4199700                    /usr/lib/x86_64-linux-gnu/libFLAC.so.8.2.0
7f45539ef000-7f45539f0000 r--p 0004a000 08:03 4199700                    /usr/lib/x86_64-linux-gnu/libFLAC.so.8.2.0
7f45539f0000-7f45539f1000 rw-p 0004b000 08:03 4199700                    /usr/lib/x86_64-linux-gnu/libFLAC.so.8.2.0
7f45539f1000-7f45539f5000 r-xp 00000000 08:03 12190707                   /lib/x86_64-linux-gnu/libuuid.so.1.3.0
7f45539f5000-7f4553bf4000 ---p 00004000 08:03 12190707                   /lib/x86_64-linux-gnu/libuuid.so.1.3.0
7f4553bf4000-7f4553bf5000 r--p 00003000 08:03 12190707                   /lib/x86_64-linux-gnu/libuuid.so.1.3.0
7f4553bf5000-7f4553bf6000 rw-p 00004000 08:03 12190707                   /lib/x86_64-linux-gnu/libuuid.so.1.3.0
7f4553bf6000-7f4553bfa000 r-xp 00000000 08:03 12190559                   /lib/x86_64-linux-gnu/libattr.so.1.1.0
7f4553bfa000-7f4553df9000 ---p 00004000 08:03 12190559                   /lib/x86_64-linux-gnu/libattr.so.1.1.0
7f4553df9000-7f4553dfa000 r--p 00003000 08:03 12190559                   /lib/x86_64-linux-gnu/libattr.so.1.1.0
7f4553dfa000-7f4553dfb000 rw-p 00004000 08:03 12190559                   /lib/x86_64-linux-gnu/libattr.so.1.1.0
7f4553dfb000-7f4553e00000 r-xp 00000000 08:03 4199797                    /usr/lib/x86_64-linux-gnu/libasyncns.so.0.3.1
7f4553e00000-7f4553fff000 ---p 00005000 08:03 4199797                    /usr/lib/x86_64-linux-gnu/libasyncns.so.0.3.1
7f4553fff000-7f4554000000 rw-p 00004000 08:03 4199797                    /usr/lib/x86_64-linux-gnu/libasyncns.so.0.3.1
7f4554000000-7f4554021000 rw-p 00000000 00:00 0 
7f4554021000-7f4558000000 ---p 00000000 00:00 0 
7f4558000000-7f4558021000 rw-p 00000000 00:00 0 
7f4558021000-7f455c000000 ---p 00000000 00:00 0 
7f455c000000-7f455c003000 ---p 00000000 00:00 0 
7f455c003000-7f455c101000 rw-p 00000000 00:00 0 
7f455c101000-7f455c104000 ---p 00000000 00:00 0 
7f455c104000-7f455c202000 rw-p 00000000 00:00 0 
7f455c202000-7f455c263000 r-xp 00000000 08:03 4200411                    /usr/lib/x86_64-linux-gnu/libsndfile.so.1.0.25
7f455c263000-7f455c462000 ---p 00061000 08:03 4200411                    /usr/lib/x86_64-linux-gnu/libsndfile.so.1.0.25
7f455c462000-7f455c464000 r--p 00060000 08:03 4200411                    /usr/lib/x86_64-linux-gnu/libsndfile.so.1.0.25
7f455c464000-7f455c465000 rw-p 00062000 08:03 4200411                    /usr/lib/x86_64-linux-gnu/libsndfile.so.1.0.25
7f455c465000-7f455c469000 rw-p 00000000 00:00 0 
7f455c469000-7f455c472000 r-xp 00000000 08:03 12190709                   /lib/x86_64-linux-gnu/libwrap.so.0.7.6
7f455c472000-7f455c671000 ---p 00009000 08:03 12190709                   /lib/x86_64-linux-gnu/libwrap.so.0.7.6
7f455c671000-7f455c672000 r--p 00008000 08:03 12190709                   /lib/x86_64-linux-gnu/libwrap.so.0.7.6
7f455c672000-7f455c673000 rw-p 00009000 08:03 12190709                   /lib/x86_64-linux-gnu/libwrap.so.0.7.6
7f455c673000-7f455c674000 rw-p 00000000 00:00 0 
7f455c674000-7f455c67b000 r-xp 00000000 08:03 4199720                    /usr/lib/x86_64-linux-gnu/libSM.so.6.0.1
7f455c67b000-7f455c87a000 ---p 00007000 08:03 4199720                    /usr/lib/x86_64-linux-gnu/libSM.so.6.0.1
7f455c87a000-7f455c87b000 rw-p 00006000 08:03 4199720                    /usr/lib/x86_64-linux-gnu/libSM.so.6.0.1
7f455c87b000-7f455c892000 r-xp 00000000 08:03 4199710                    /usr/lib/x86_64-linux-gnu/libICE.so.6.3.0
7f455c892000-7f455ca91000 ---p 00017000 08:03 4199710                    /usr/lib/x86_64-linux-gnu/libICE.so.6.3.0
7f455ca91000-7f455ca93000 rw-p 00016000 08:03 4199710                    /usr/lib/x86_64-linux-gnu/libICE.so.6.3.0
7f455ca93000-7f455ca96000 rw-p 00000000 00:00 0 
7f455ca96000-7f455ca97000 r-xp 00000000 08:03 4199726                    /usr/lib/x86_64-linux-gnu/libX11-xcb.so.1.0.0
7f455ca97000-7f455cc96000 ---p 00001000 08:03 4199726                    /usr/lib/x86_64-linux-gnu/libX11-xcb.so.1.0.0
7f455cc96000-7f455cc97000 rw-p 00000000 08:03 4199726                    /usr/lib/x86_64-linux-gnu/libX11-xcb.so.1.0.0
7f455cc97000-7f455cc9b000 r-xp 00000000 08:03 12190572                   /lib/x86_64-linux-gnu/libcap.so.2.22
7f455cc9b000-7f455ce9a000 ---p 00004000 08:03 12190572                   /lib/x86_64-linux-gnu/libcap.so.2.22
7f455ce9a000-7f455ce9b000 rw-p 00003000 08:03 12190572                   /lib/x86_64-linux-gnu/libcap.so.2.22
7f455ce9b000-7f455cefc000 r-xp 00000000 08:03 4325923                    /usr/lib/x86_64-linux-gnu/pulseaudio/libpulsecommon-2.0.so
7f455cefc000-7f455d0fb000 ---p 00061000 08:03 4325923                    /usr/lib/x86_64-linux-gnu/pulseaudio/libpulsecommon-2.0.so
7f455d0fb000-7f455d0fc000 r--p 00060000 08:03 4325923                    /usr/lib/x86_64-linux-gnu/pulseaudio/libpulsecommon-2.0.so
7f455d0fc000-7f455d0fe000 rw-p 00061000 08:03 4325923                    /usr/lib/x86_64-linux-gnu/pulseaudio/libpulsecommon-2.0.so
7f455d0fe000-7f455d107000 r-xp 00000000 08:03 12190608                   /lib/x86_64-linux-gnu/libjson.so.0.1.0
7f455d107000-7f455d306000 ---p 00009000 08:03 12190608                   /lib/x86_64-linux-gnu/libjson.so.0.1.0
7f455d306000-7f455d307000 r--p 00008000 08:03 12190608                   /lib/x86_64-linux-gnu/libjson.so.0.1.0
7f455d307000-7f455d308000 rw-p 00009000 08:03 12190608                   /lib/x86_64-linux-gnu/libjson.so.0.1.0
7f455d308000-7f455d351000 r-xp 00000000 08:03 4200364                    /usr/lib/x86_64-linux-gnu/libpulse.so.0.14.2
7f455d351000-7f455d550000 ---p 00049000 08:03 4200364                    /usr/lib/x86_64-linux-gnu/libpulse.so.0.14.2
7f455d550000-7f455d551000 r--p 00048000 08:03 4200364                    /usr/lib/x86_64-linux-gnu/libpulse.so.0.14.2
7f455d551000-7f455d552000 rw-p 00049000 08:03 4200364                    /usr/lib/x86_64-linux-gnu/libpulse.so.0.14.2
7f455d7ab000-7f455d7af000 r-xp 00000000 08:03 4199775                    /usr/lib/x86_64-linux-gnu/libXxf86vm.so.1.0.0
7f455d7af000-7f455d9af000 ---p 00004000 08:03 4199775                    /usr/lib/x86_64-linux-gnu/libXxf86vm.so.1.0.0
7f455d9af000-7f455d9b0000 r--p 00004000 08:03 4199775                    /usr/lib/x86_64-linux-gnu/libXxf86vm.so.1.0.0
7f455d9b0000-7f455d9b1000 rw-p 00005000 08:03 4199775                    /usr/lib/x86_64-linux-gnu/libXxf86vm.so.1.0.0
7f455d9b1000-7f455da1d000 r-xp 00000000 08:01 301131                     /media/winDisk/Users/ChobeDucket/Documents/sheep/android/assets/.temp/7b43be9b/liblwjgl64.so
7f455da1d000-7f455dc1c000 ---p 0006c000 08:01 301131                     /media/winDisk/Users/ChobeDucket/Documents/sheep/android/assets/.temp/7b43be9b/liblwjgl64.so
7f455dc1c000-7f455dc1e000 r--p 0006b000 08:01 301131                     /media/winDisk/Users/ChobeDucket/Documents/sheep/android/assets/.temp/7b43be9b/liblwjgl64.so
7f455dc1e000-7f455dc1f000 rw-p 0006d000 08:01 301131                     /media/winDisk/Users/ChobeDucket/Documents/sheep/android/assets/.temp/7b43be9b/liblwjgl64.so
7f455dc1f000-7f455dc20000 r-xp 00000000 08:03 3934229                    /usr/lib/jvm/java-7-openjdk-amd64/jre/lib/amd64/libjawt.so
7f455dc20000-7f455de1f000 ---p 00001000 08:03 3934229                    /usr/lib/jvm/java-7-openjdk-amd64/jre/lib/amd64/libjawt.so
7f455de1f000-7f455de20000 r--p 00000000 08:03 3934229                    /usr/lib/jvm/java-7-openjdk-amd64/jre/lib/amd64/libjawt.so
7f455de20000-7f455de21000 rw-p 00001000 08:03 3934229                    /usr/lib/jvm/java-7-openjdk-amd64/jre/lib/amd64/libjawt.so
7f455de21000-7f455de24000 ---p 00000000 00:00 0 
7f455de24000-7f455df22000 rw-p 00000000 00:00 0 
7f455df22000-7f455df25000 r-xp 00000000 08:03 12190599                   /lib/x86_64-linux-gnu/libgpg-error.so.0.8.0
7f455df25000-7f455e124000 ---p 00003000 08:03 12190599                   /lib/x86_64-linux-gnu/libgpg-error.so.0.8.0
7f455e124000-7f455e125000 rw-p 00002000 08:03 12190599                   /lib/x86_64-linux-gnu/libgpg-error.so.0.8.0
7f455e125000-7f455e169000 r-xp 00000000 08:03 12190580                   /lib/x86_64-linux-gnu/libdbus-1.so.3.7.2
7f455e169000-7f455e369000 ---p 00044000 08:03 12190580                   /lib/x86_64-linux-gnu/libdbus-1.so.3.7.2
7f455e369000-7f455e36a000 r--p 00044000 08:03 12190580                   /lib/x86_64-linux-gnu/libdbus-1.so.3.7.2
7f455e36a000-7f455e36b000 rw-p 00045000 08:03 12190580                   /lib/x86_64-linux-gnu/libdbus-1.so.3.7.2
7f455e36b000-7f455e37c000 r-xp 00000000 08:03 4200305                    /usr/lib/x86_64-linux-gnu/libp11-kit.so.0.0.0
7f455e37c000-7f455e57b000 ---p 00011000 08:03 4200305                    /usr/lib/x86_64-linux-gnu/libp11-kit.so.0.0.0
7f455e57b000-7f455e57c000 r--p 00010000 08:03 4200305                    /usr/lib/x86_64-linux-gnu/libp11-kit.so.0.0.0
7f455e57c000-7f455e57d000 rw-p 00011000 08:03 4200305                    /usr/lib/x86_64-linux-gnu/libp11-kit.so.0.0.0
7f455e57d000-7f455e5f7000 r-xp 00000000 08:03 12190595                   /lib/x86_64-linux-gnu/libgcrypt.so.11.7.0
7f455e5f7000-7f455e7f7000 ---p 0007a000 08:03 12190595                   /lib/x86_64-linux-gnu/libgcrypt.so.11.7.0
7f455e7f7000-7f455e7f8000 r--p 0007a000 08:03 12190595                   /lib/x86_64-linux-gnu/libgcrypt.so.11.7.0
7f455e7f8000-7f455e7fb000 rw-p 0007b000 08:03 12190595                   /lib/x86_64-linux-gnu/libgcrypt.so.11.7.0
7f455e7fb000-7f455e80b000 r-xp 00000000 08:03 4200448                    /usr/lib/x86_64-linux-gnu/libtasn1.so.3.1.16
7f455e80b000-7f455ea0a000 ---p 00010000 08:03 4200448                    /usr/lib/x86_64-linux-gnu/libtasn1.so.3.1.16
7f455ea0a000-7f455ea0b000 r--p 0000f000 08:03 4200448                    /usr/lib/x86_64-linux-gnu/libtasn1.so.3.1.16
7f455ea0b000-7f455ea0c000 rw-p 00010000 08:03 4200448                    /usr/lib/x86_64-linux-gnu/libtasn1.so.3.1.16
7f455ea0c000-7f455ea0f000 r-xp 00000000 08:03 12190610                   /lib/x86_64-linux-gnu/libkeyutils.so.1.4
7f455ea0f000-7f455ec0e000 ---p 00003000 08:03 12190610                   /lib/x86_64-linux-gnu/libkeyutils.so.1.4
7f455ec0e000-7f455ec0f000 r--p 00002000 08:03 12190610                   /lib/x86_64-linux-gnu/libkeyutils.so.1.4
7f455ec0f000-7f455ec10000 rw-p 00003000 08:03 12190610                   /lib/x86_64-linux-gnu/libkeyutils.so.1.4
7f455ec10000-7f455ec18000 r-xp 00000000 08:03 4200208                    /usr/lib/x86_64-linux-gnu/libkrb5support.so.0.1
7f455ec18000-7f455ee17000 ---p 00008000 08:03 4200208                    /usr/lib/x86_64-linux-gnu/libkrb5support.so.0.1
7f455ee17000-7f455ee18000 r--p 00007000 08:03 4200208                    /usr/lib/x86_64-linux-gnu/libkrb5support.so.0.1
7f455ee18000-7f455ee19000 rw-p 00008000 08:03 4200208                    /usr/lib/x86_64-linux-gnu/libkrb5support.so.0.1
7f455ee19000-7f455ee1c000 r-xp 00000000 08:03 12190576                   /lib/x86_64-linux-gnu/libcom_err.so.2.1
7f455ee1c000-7f455f01b000 ---p 00003000 08:03 12190576                   /lib/x86_64-linux-gnu/libcom_err.so.2.1
7f455f01b000-7f455f01c000 r--p 00002000 08:03 12190576                   /lib/x86_64-linux-gnu/libcom_err.so.2.1
7f455f01c000-7f455f01d000 rw-p 00003000 08:03 12190576                   /lib/x86_64-linux-gnu/libcom_err.so.2.1
7f455f01d000-7f455f043000 r-xp 00000000 08:03 4200198                    /usr/lib/x86_64-linux-gnu/libk5crypto.so.3.1
7f455f043000-7f455f243000 ---p 00026000 08:03 4200198                    /usr/lib/x86_64-linux-gnu/libk5crypto.so.3.1
7f455f243000-7f455f244000 r--p 00026000 08:03 4200198                    /usr/lib/x86_64-linux-gnu/libk5crypto.so.3.1
7f455f244000-7f455f245000 rw-p 00027000 08:03 4200198                    /usr/lib/x86_64-linux-gnu/libk5crypto.so.3.1
7f455f245000-7f455f246000 rw-p 00000000 00:00 0 
7f455f246000-7f455f30f000 r-xp 00000000 08:03 4200206                    /usr/lib/x86_64-linux-gnu/libkrb5.so.3.3
7f455f30f000-7f455f50e000 ---p 000c9000 08:03 4200206                    /usr/lib/x86_64-linux-gnu/libkrb5.so.3.3
7f455f50e000-7f455f518000 r--p 000c8000 08:03 4200206                    /usr/lib/x86_64-linux-gnu/libkrb5.so.3.3
7f455f518000-7f455f51a000 rw-p 000d2000 08:03 4200206                    /usr/lib/x86_64-linux-gnu/libkrb5.so.3.3
7f455f51a000-7f455f51f000 r-xp 00000000 08:03 4199743                    /usr/lib/x86_64-linux-gnu/libXdmcp.so.6.0.0
7f455f51f000-7f455f71e000 ---p 00005000 08:03 4199743                    /usr/lib/x86_64-linux-gnu/libXdmcp.so.6.0.0
7f455f71e000-7f455f71f000 rw-p 00004000 08:03 4199743                    /usr/lib/x86_64-linux-gnu/libXdmcp.so.6.0.0
7f455f71f000-7f455f721000 r-xp 00000000 08:03 4199732                    /usr/lib/x86_64-linux-gnu/libXau.so.6.0.0
7f455f721000-7f455f921000 ---p 00002000 08:03 4199732                    /usr/lib/x86_64-linux-gnu/libXau.so.6.0.0
7f455f921000-7f455f922000 rw-p 00002000 08:03 4199732                    /usr/lib/x86_64-linux-gnu/libXau.so.6.0.0
7f455f922000-7f455f932000 r-xp 00000000 08:03 4199807                    /usr/lib/x86_64-linux-gnu/libavahi-client.so.3.2.9
7f455f932000-7f455fb31000 ---p 00010000 08:03 4199807                    /usr/lib/x86_64-linux-gnu/libavahi-client.so.3.2.9
7f455fb31000-7f455fb32000 r--p 0000f000 08:03 4199807                    /usr/lib/x86_64-linux-gnu/libavahi-client.so.3.2.9
7f455fb32000-7f455fb33000 rw-p 00010000 08:03 4199807                    /usr/lib/x86_64-linux-gnu/libavahi-client.so.3.2.9
7f455fb33000-7f455fb3f000 r-xp 00000000 08:03 4199809                    /usr/lib/x86_64-linux-gnu/libavahi-common.so.3.5.3
7f455fb3f000-7f455fd3e000 ---p 0000c000 08:03 4199809                    /usr/lib/x86_64-linux-gnu/libavahi-common.so.3.5.3
7f455fd3e000-7f455fd3f000 r--p 0000b000 08:03 4199809                    /usr/lib/x86_64-linux-gnu/libavahi-common.so.3.5.3
7f455fd3f000-7f455fd40000 rw-p 0000c000 08:03 4199809                    /usr/lib/x86_64-linux-gnu/libavahi-common.so.3.5.3
7f455fd40000-7f455fdf9000 r-xp 00000000 08:03 4200060                    /usr/lib/x86_64-linux-gnu/libgnutls.so.26.22.4
7f455fdf9000-7f455fff8000 ---p 000b9000 08:03 4200060                    /usr/lib/x86_64-linux-gnu/libgnutls.so.26.22.4
7f455fff8000-7f455fffe000 r--p 000b8000 08:03 4200060                    /usr/lib/x86_64-linux-gnu/libgnutls.so.26.22.4
7f455fffe000-7f4560000000 rw-p 000be000 08:03 4200060                    /usr/lib/x86_64-linux-gnu/libgnutls.so.26.22.4
7f4560000000-7f456065c000 rw-p 00000000 00:00 0 
7f456065c000-7f4564000000 ---p 00000000 00:00 0 
7f4564000000-7f4564021000 rw-p 00000000 00:00 0 
7f4564021000-7f4568000000 ---p 00000000 00:00 0 
7f4568000000-7f4568021000 rw-p 00000000 00:00 0 
7f4568021000-7f456c000000 ---p 00000000 00:00 0 
7f456c000000-7f456cc0d000 rw-p 00000000 00:00 0 
7f456cc0d000-7f4570000000 ---p 00000000 00:00 0 
7f4570000000-7f4570021000 rw-p 00000000 00:00 0 
7f4570021000-7f4574000000 ---p 00000000 00:00 0 
7f4574000000-7f4574021000 rw-p 00000000 00:00 0 
7f4574021000-7f4578000000 ---p 00000000 00:00 0 
7f4578000000-7f4578021000 rw-p 00000000 00:00 0 
7f4578021000-7f457c000000 ---p 00000000 00:00 0 
7f457c000000-7f457c021000 rw-p 00000000 00:00 0 
7f457c021000-7f4580000000 ---p 00000000 00:00 0 
7f4580000000-7f4580021000 rw-p 00000000 00:00 0 
7f4580021000-7f4584000000 ---p 00000000 00:00 0 
7f4584004000-7f4584040000 r-xp 00000000 08:03 4200085                    /usr/lib/x86_64-linux-gnu/libgssapi_krb5.so.2.2
7f4584040000-7f4584240000 ---p 0003c000 08:03 4200085                    /usr/lib/x86_64-linux-gnu/libgssapi_krb5.so.2.2
7f4584240000-7f4584241000 r--p 0003c000 08:03 4200085                    /usr/lib/x86_64-linux-gnu/libgssapi_krb5.so.2.2
7f4584241000-7f4584243000 rw-p 0003d000 08:03 4200085                    /usr/lib/x86_64-linux-gnu/libgssapi_krb5.so.2.2
7f4584243000-7f458427f000 r-xp 00000000 08:03 12190663                   /lib/x86_64-linux-gnu/libpcre.so.3.13.1
7f458427f000-7f458447f000 ---p 0003c000 08:03 12190663                   /lib/x86_64-linux-gnu/libpcre.so.3.13.1
7f458447f000-7f4584480000 rw-p 0003c000 08:03 12190663                   /lib/x86_64-linux-gnu/libpcre.so.3.13.1
7f4584480000-7f458448c000 r-xp 00000000 08:03 4199961                    /usr/lib/x86_64-linux-gnu/libffi.so.5.0.10
7f458448c000-7f458468c000 ---p 0000c000 08:03 4199961                    /usr/lib/x86_64-linux-gnu/libffi.so.5.0.10
7f458468c000-7f458468d000 rw-p 0000c000 08:03 4199961                    /usr/lib/x86_64-linux-gnu/libffi.so.5.0.10
7f458468d000-7f45846b4000 r-xp 00000000 08:03 12190588                   /lib/x86_64-linux-gnu/libexpat.so.1.6.0
7f45846b4000-7f45848b4000 ---p 00027000 08:03 12190588                   /lib/x86_64-linux-gnu/libexpat.so.1.6.0
7f45848b4000-7f45848b6000 r--p 00027000 08:03 12190588                   /lib/x86_64-linux-gnu/libexpat.so.1.6.0
7f45848b6000-7f45848b7000 rw-p 00029000 08:03 12190588                   /lib/x86_64-linux-gnu/libexpat.so.1.6.0
7f45848b7000-7f45848bf000 r-xp 00000000 08:03 4200521                    /usr/lib/x86_64-linux-gnu/libxcb-render.so.0.0.0
7f45848bf000-7f4584abf000 ---p 00008000 08:03 4200521                    /usr/lib/x86_64-linux-gnu/libxcb-render.so.0.0.0
7f4584abf000-7f4584ac0000 r--p 00008000 08:03 4200521                    /usr/lib/x86_64-linux-gnu/libxcb-render.so.0.0.0
7f4584ac0000-7f4584ac1000 rw-p 00009000 08:03 4200521                    /usr/lib/x86_64-linux-gnu/libxcb-render.so.0.0.0
7f4584ac1000-7f4584ac3000 r-xp 00000000 08:03 4200525                    /usr/lib/x86_64-linux-gnu/libxcb-shm.so.0.0.0
7f4584ac3000-7f4584cc2000 ---p 00002000 08:03 4200525                    /usr/lib/x86_64-linux-gnu/libxcb-shm.so.0.0.0
7f4584cc2000-7f4584cc3000 r--p 00001000 08:03 4200525                    /usr/lib/x86_64-linux-gnu/libxcb-shm.so.0.0.0
7f4584cc3000-7f4584cc4000 rw-p 00002000 08:03 4200525                    /usr/lib/x86_64-linux-gnu/libxcb-shm.so.0.0.0
7f4584cc4000-7f4584d44000 r-xp 00000000 08:03 4200335                    /usr/lib/x86_64-linux-gnu/libpixman-1.so.0.26.0
7f4584d44000-7f4584f44000 ---p 00080000 08:03 4200335                    /usr/lib/x86_64-linux-gnu/libpixman-1.so.0.26.0
7f4584f44000-7f4584f4a000 rw-p 00080000 08:03 4200335                    /usr/lib/x86_64-linux-gnu/libpixman-1.so.0.26.0
7f4584f4a000-7f4584f70000 r-xp 00000000 08:03 12190665                   /lib/x86_64-linux-gnu/libpng12.so.0.49.0
7f4584f70000-7f458516f000 ---p 00026000 08:03 12190665                   /lib/x86_64-linux-gnu/libpng12.so.0.49.0
7f458516f000-7f4585170000 r--p 00025000 08:03 12190665                   /lib/x86_64-linux-gnu/libpng12.so.0.49.0
7f4585170000-7f4585171000 rw-p 00026000 08:03 12190665                   /lib/x86_64-linux-gnu/libpng12.so.0.49.0
7f4585171000-7f4585185000 r-xp 00000000 08:03 12192206                   /lib/x86_64-linux-gnu/libresolv-2.19.so
7f4585185000-7f4585384000 ---p 00014000 08:03 12192206                   /lib/x86_64-linux-gnu/libresolv-2.19.so
7f4585384000-7f4585385000 r--p 00013000 08:03 12192206                   /lib/x86_64-linux-gnu/libresolv-2.19.so
7f4585385000-7f4585386000 rw-p 00014000 08:03 12192206                   /lib/x86_64-linux-gnu/libresolv-2.19.so
7f4585386000-7f4585388000 rw-p 00000000 00:00 0 
7f4585388000-7f45853a6000 r-xp 00000000 08:03 12190680                   /lib/x86_64-linux-gnu/libselinux.so.1
7f45853a6000-7f45855a5000 ---p 0001e000 08:03 12190680                   /lib/x86_64-linux-gnu/libselinux.so.1
7f45855a5000-7f45855a6000 r--p 0001d000 08:03 12190680                   /lib/x86_64-linux-gnu/libselinux.so.1
7f45855a6000-7f45855a7000 rw-p 0001e000 08:03 12190680                   /lib/x86_64-linux-gnu/libselinux.so.1
7f45855a7000-7f45855a8000 rw-p 00000000 00:00 0 
7f45855a8000-7f45855ab000 r-xp 00000000 08:03 4200052                    /usr/lib/x86_64-linux-gnu/libgmodule-2.0.so.0.3200.4
7f45855ab000-7f45857aa000 ---p 00003000 08:03 4200052                    /usr/lib/x86_64-linux-gnu/libgmodule-2.0.so.0.3200.4
7f45857aa000-7f45857ab000 r--p 00002000 08:03 4200052                    /usr/lib/x86_64-linux-gnu/libgmodule-2.0.so.0.3200.4
7f45857ab000-7f45857ac000 rw-p 00003000 08:03 4200052                    /usr/lib/x86_64-linux-gnu/libgmodule-2.0.so.0.3200.4
7f45857ac000-7f45857b6000 r-xp 00000000 08:03 4199739                    /usr/lib/x86_64-linux-gnu/libXcursor.so.1.0.2
7f45857b6000-7f45859b5000 ---p 0000a000 08:03 4199739                    /usr/lib/x86_64-linux-gnu/libXcursor.so.1.0.2
7f45859b5000-7f45859b6000 rw-p 00009000 08:03 4199739                    /usr/lib/x86_64-linux-gnu/libXcursor.so.1.0.2
7f45859b6000-7f45859bd000 r-xp 00000000 08:03 4199761                    /usr/lib/x86_64-linux-gnu/libXrandr.so.2.2.0
7f45859bd000-7f4585bbd000 ---p 00007000 08:03 4199761                    /usr/lib/x86_64-linux-gnu/libXrandr.so.2.2.0
7f4585bbd000-7f4585bbe000 rw-p 00007000 08:03 4199761                    /usr/lib/x86_64-linux-gnu/libXrandr.so.2.2.0
7f4585bbe000-7f4585bc0000 r-xp 00000000 08:03 4199753                    /usr/lib/x86_64-linux-gnu/libXinerama.so.1.0.0
7f4585bc0000-7f4585dbf000 ---p 00002000 08:03 4199753                    /usr/lib/x86_64-linux-gnu/libXinerama.so.1.0.0
7f4585dbf000-7f4585dc0000 rw-p 00001000 08:03 4199753                    /usr/lib/x86_64-linux-gnu/libXinerama.so.1.0.0
7f4585dc0000-7f4585dc5000 r-xp 00000000 08:03 4199747                    /usr/lib/x86_64-linux-gnu/libXfixes.so.3.1.0
7f4585dc5000-7f4585fc4000 ---p 00005000 08:03 4199747                    /usr/lib/x86_64-linux-gnu/libXfixes.so.3.1.0
7f4585fc4000-7f4585fc5000 r--p 00004000 08:03 4199747                    /usr/lib/x86_64-linux-gnu/libXfixes.so.3.1.0
7f4585fc5000-7f4585fc6000 rw-p 00005000 08:03 4199747                    /usr/lib/x86_64-linux-gnu/libXfixes.so.3.1.0
7f4585fc6000-7f4585fc8000 r-xp 00000000 08:03 4199741                    /usr/lib/x86_64-linux-gnu/libXdamage.so.1.1.0
7f4585fc8000-7f45861c7000 ---p 00002000 08:03 4199741                    /usr/lib/x86_64-linux-gnu/libXdamage.so.1.1.0
7f45861c7000-7f45861c8000 rw-p 00001000 08:03 4199741                    /usr/lib/x86_64-linux-gnu/libXdamage.so.1.1.0
7f45861c8000-7f45861ca000 r-xp 00000000 08:03 4199737                    /usr/lib/x86_64-linux-gnu/libXcomposite.so.1.0.0
7f45861ca000-7f45863c9000 ---p 00002000 08:03 4199737                    /usr/lib/x86_64-linux-gnu/libXcomposite.so.1.0.0
7f45863c9000-7f45863ca000 rw-p 00001000 08:03 4199737                    /usr/lib/x86_64-linux-gnu/libXcomposite.so.1.0.0
7f45863ca000-7f45863e9000 r-xp 00000000 08:03 4200529                    /usr/lib/x86_64-linux-gnu/libxcb.so.1.1.0
7f45863e9000-7f45865e8000 ---p 0001f000 08:03 4200529                    /usr/lib/x86_64-linux-gnu/libxcb.so.1.1.0
7f45865e8000-7f45865e9000 r--p 0001e000 08:03 4200529                    /usr/lib/x86_64-linux-gnu/libxcb.so.1.1.0
7f45865e9000-7f45865ea000 rw-p 0001f000 08:03 4200529                    /usr/lib/x86_64-linux-gnu/libxcb.so.1.1.0
7f45865ea000-7f458663d000 r-xp 00000000 08:03 4199889                    /usr/lib/x86_64-linux-gnu/libcups.so.2
7f458663d000-7f458683c000 ---p 00053000 08:03 4199889                    /usr/lib/x86_64-linux-gnu/libcups.so.2
7f458683c000-7f4586841000 r--p 00052000 08:03 4199889                    /usr/lib/x86_64-linux-gnu/libcups.so.2
7f4586841000-7f4586842000 rw-p 00057000 08:03 4199889                    /usr/lib/x86_64-linux-gnu/libcups.so.2
7f4586842000-7f4586937000 r-xp 00000000 08:03 12190597                   /lib/x86_64-linux-gnu/libglib-2.0.so.0.3200.4
7f4586937000-7f4586b37000 ---p 000f5000 08:03 12190597                   /lib/x86_64-linux-gnu/libglib-2.0.so.0.3200.4
7f4586b37000-7f4586b38000 r--p 000f5000 08:03 12190597                   /lib/x86_64-linux-gnu/libglib-2.0.so.0.3200.4
7f4586b38000-7f4586b39000 rw-p 000f6000 08:03 12190597                   /lib/x86_64-linux-gnu/libglib-2.0.so.0.3200.4
7f4586b39000-7f4586b3a000 rw-p 00000000 00:00 0 
7f4586b3a000-7f4586b3b000 r-xp 00000000 08:03 4200137                    /usr/lib/x86_64-linux-gnu/libgthread-2.0.so.0.3200.4
7f4586b3b000-7f4586d3a000 ---p 00001000 08:03 4200137                    /usr/lib/x86_64-linux-gnu/libgthread-2.0.so.0.3200.4
7f4586d3a000-7f4586d3b000 r--p 00000000 08:03 4200137                    /usr/lib/x86_64-linux-gnu/libgthread-2.0.so.0.3200.4
7f4586d3b000-7f4586d3c000 rw-p 00001000 08:03 4200137                    /usr/lib/x86_64-linux-gnu/libgthread-2.0.so.0.3200.4
7f4586d3c000-7f4586d8a000 r-xp 00000000 08:03 4200068                    /usr/lib/x86_64-linux-gnu/libgobject-2.0.so.0.3200.4
7f4586d8a000-7f4586f8a000 ---p 0004e000 08:03 4200068                    /usr/lib/x86_64-linux-gnu/libgobject-2.0.so.0.3200.4
7f4586f8a000-7f4586f8b000 r--p 0004e000 08:03 4200068                    /usr/lib/x86_64-linux-gnu/libgobject-2.0.so.0.3200.4
7f4586f8b000-7f4586f8c000 rw-p 0004f000 08:03 4200068                    /usr/lib/x86_64-linux-gnu/libgobject-2.0.so.0.3200.4
7f4586f8c000-7f4586fc1000 r-xp 00000000 08:03 4199999                    /usr/lib/x86_64-linux-gnu/libfontconfig.so.1.5.0
7f4586fc1000-7f45871c1000 ---p 00035000 08:03 4199999                    /usr/lib/x86_64-linux-gnu/libfontconfig.so.1.5.0
7f45871c1000-7f45871c2000 r--p 00035000 08:03 4199999                    /usr/lib/x86_64-linux-gnu/libfontconfig.so.1.5.0
7f45871c2000-7f45871c3000 rw-p 00036000 08:03 4199999                    /usr/lib/x86_64-linux-gnu/libfontconfig.so.1.5.0
7f45871c3000-7f458725c000 r-xp 00000000 08:03 4200007                    /usr/lib/x86_64-linux-gnu/libfreetype.so.6.8.1
7f458725c000-7f458745b000 ---p 00099000 08:03 4200007                    /usr/lib/x86_64-linux-gnu/libfreetype.so.6.8.1
7f458745b000-7f4587461000 r--p 00098000 08:03 4200007                    /usr/lib/x86_64-linux-gnu/libfreetype.so.6.8.1
7f4587461000-7f4587462000 rw-p 0009e000 08:03 4200007                    /usr/lib/x86_64-linux-gnu/libfreetype.so.6.8.1
7f4587462000-7f45874ac000 r-xp 00000000 08:03 4200313                    /usr/lib/x86_64-linux-gnu/libpango-1.0.so.0.3000.0
7f45874ac000-7f45876ac000 ---p 0004a000 08:03 4200313                    /usr/lib/x86_64-linux-gnu/libpango-1.0.so.0.3000.0
7f45876ac000-7f45876ae000 r--p 0004a000 08:03 4200313                    /usr/lib/x86_64-linux-gnu/libpango-1.0.so.0.3000.0
7f45876ae000-7f45876af000 rw-p 0004c000 08:03 4200313                    /usr/lib/x86_64-linux-gnu/libpango-1.0.so.0.3000.0
7f45876af000-7f45877a3000 r-xp 00000000 08:03 4199843                    /usr/lib/x86_64-linux-gnu/libcairo.so.2.11200.2
7f45877a3000-7f45879a2000 ---p 000f4000 08:03 4199843                    /usr/lib/x86_64-linux-gnu/libcairo.so.2.11200.2
7f45879a2000-7f45879a5000 r--p 000f3000 08:03 4199843                    /usr/lib/x86_64-linux-gnu/libcairo.so.2.11200.2
7f45879a5000-7f45879a6000 rw-p 000f6000 08:03 4199843                    /usr/lib/x86_64-linux-gnu/libcairo.so.2.11200.2
7f45879a6000-7f45879a8000 rw-p 00000000 00:00 0 
7f45879a8000-7f45879c7000 r-xp 00000000 08:03 4200030                    /usr/lib/x86_64-linux-gnu/libgdk_pixbuf-2.0.so.0.2600.1
7f45879c7000-7f4587bc6000 ---p 0001f000 08:03 4200030                    /usr/lib/x86_64-linux-gnu/libgdk_pixbuf-2.0.so.0.2600.1
7f4587bc6000-7f4587bc7000 r--p 0001e000 08:03 4200030                    /usr/lib/x86_64-linux-gnu/libgdk_pixbuf-2.0.so.0.2600.1
7f4587bc7000-7f4587bc8000 rw-p 0001f000 08:03 4200030                    /usr/lib/x86_64-linux-gnu/libgdk_pixbuf-2.0.so.0.2600.1
7f4587bc8000-7f4587bd4000 r-xp 00000000 08:03 4200315                    /usr/lib/x86_64-linux-gnu/libpangocairo-1.0.so.0.3000.0
7f4587bd4000-7f4587dd3000 ---p 0000c000 08:03 4200315                    /usr/lib/x86_64-linux-gnu/libpangocairo-1.0.so.0.3000.0
7f4587dd3000-7f4587dd4000 r--p 0000b000 08:03 4200315                    /usr/lib/x86_64-linux-gnu/libpangocairo-1.0.so.0.3000.0
7f4587dd4000-7f4587dd5000 rw-p 0000c000 08:03 4200315                    /usr/lib/x86_64-linux-gnu/libpangocairo-1.0.so.0.3000.0
7f4587dd5000-7f4587dff000 r-xp 00000000 08:03 4200317                    /usr/lib/x86_64-linux-gnu/libpangoft2-1.0.so.0.3000.0
7f4587dff000-7f4587ffe000 ---p 0002a000 08:03 4200317                    /usr/lib/x86_64-linux-gnu/libpangoft2-1.0.so.0.3000.0
7f4587ffe000-7f4587fff000 r--p 00029000 08:03 4200317                    /usr/lib/x86_64-linux-gnu/libpangoft2-1.0.so.0.3000.0
7f4587fff000-7f4588000000 rw-p 0002a000 08:03 4200317                    /usr/lib/x86_64-linux-gnu/libpangoft2-1.0.so.0.3000.0
7f4588000000-7f4588021000 rw-p 00000000 00:00 0 
7f4588021000-7f458c000000 ---p 00000000 00:00 0 
7f458c027000-7f458c173000 r-xp 00000000 08:03 4200042                    /usr/lib/x86_64-linux-gnu/libgio-2.0.so.0.3200.4
7f458c173000-7f458c372000 ---p 0014c000 08:03 4200042                    /usr/lib/x86_64-linux-gnu/libgio-2.0.so.0.3200.4
7f458c372000-7f458c376000 r--p 0014b000 08:03 4200042                    /usr/lib/x86_64-linux-gnu/libgio-2.0.so.0.3200.4
7f458c376000-7f458c378000 rw-p 0014f000 08:03 4200042                    /usr/lib/x86_64-linux-gnu/libgio-2.0.so.0.3200.4
7f458c378000-7f458c37a000 rw-p 00000000 00:00 0 
7f458c37a000-7f458c39b000 r-xp 00000000 08:03 4199799                    /usr/lib/x86_64-linux-gnu/libatk-1.0.so.0.20409.1
7f458c39b000-7f458c59a000 ---p 00021000 08:03 4199799                    /usr/lib/x86_64-linux-gnu/libatk-1.0.so.0.20409.1
7f458c59a000-7f458c59c000 r--p 00020000 08:03 4199799                    /usr/lib/x86_64-linux-gnu/libatk-1.0.so.0.20409.1
7f458c59c000-7f458c59d000 rw-p 00022000 08:03 4199799                    /usr/lib/x86_64-linux-gnu/libatk-1.0.so.0.20409.1
7f458c59d000-7f458c64c000 r-xp 00000000 08:03 4200028                    /usr/lib/x86_64-linux-gnu/libgdk-x11-2.0.so.0.2400.10
7f458c64c000-7f458c84b000 ---p 000af000 08:03 4200028                    /usr/lib/x86_64-linux-gnu/libgdk-x11-2.0.so.0.2400.10
7f458c84b000-7f458c850000 rw-p 000ae000 08:03 4200028                    /usr/lib/x86_64-linux-gnu/libgdk-x11-2.0.so.0.2400.10
7f458c850000-7f458cc82000 r-xp 00000000 08:03 4200141                    /usr/lib/x86_64-linux-gnu/libgtk-x11-2.0.so.0.2400.10
7f458cc82000-7f458ce82000 ---p 00432000 08:03 4200141                    /usr/lib/x86_64-linux-gnu/libgtk-x11-2.0.so.0.2400.10
7f458ce82000-7f458ce8d000 rw-p 00432000 08:03 4200141                    /usr/lib/x86_64-linux-gnu/libgtk-x11-2.0.so.0.2400.10
7f458ce8d000-7f458ce8f000 rw-p 00000000 00:00 0 
7f458ce8f000-7f458ce9d000 r-xp 00000000 08:03 4199751                    /usr/lib/x86_64-linux-gnu/libXi.so.6.1.0
7f458ce9d000-7f458d09d000 ---p 0000e000 08:03 4199751                    /usr/lib/x86_64-linux-gnu/libXi.so.6.1.0
7f458d09d000-7f458d09e000 rw-p 0000e000 08:03 4199751                    /usr/lib/x86_64-linux-gnu/libXi.so.6.1.0
7f458d09e000-7f458d0a3000 r-xp 00000000 08:03 4199769                    /usr/lib/x86_64-linux-gnu/libXtst.so.6.1.0
7f458d0a3000-7f458d2a2000 ---p 00005000 08:03 4199769                    /usr/lib/x86_64-linux-gnu/libXtst.so.6.1.0
7f458d2a2000-7f458d2a3000 rw-p 00004000 08:03 4199769                    /usr/lib/x86_64-linux-gnu/libXtst.so.6.1.0
7f458d2a3000-7f458d2ac000 r-xp 00000000 08:03 4199763                    /usr/lib/x86_64-linux-gnu/libXrender.so.1.3.0
7f458d2ac000-7f458d4ab000 ---p 00009000 08:03 4199763                    /usr/lib/x86_64-linux-gnu/libXrender.so.1.3.0
7f458d4ab000-7f458d4ac000 rw-p 00008000 08:03 4199763                    /usr/lib/x86_64-linux-gnu/libXrender.so.1.3.0
7f458d4ac000-7f458d5e1000 r-xp 00000000 08:03 4199728                    /usr/lib/x86_64-linux-gnu/libX11.so.6.3.0
7f458d5e1000-7f458d7e1000 ---p 00135000 08:03 4199728                    /usr/lib/x86_64-linux-gnu/libX11.so.6.3.0
7f458d7e1000-7f458d7e7000 rw-p 00135000 08:03 4199728                    /usr/lib/x86_64-linux-gnu/libX11.so.6.3.0
7f458d7e7000-7f458d7f8000 r-xp 00000000 08:03 4199745                    /usr/lib/x86_64-linux-gnu/libXext.so.6.4.0
7f458d7f8000-7f458d9f8000 ---p 00011000 08:03 4199745                    /usr/lib/x86_64-linux-gnu/libXext.so.6.4.0
7f458d9f8000-7f458d9f9000 rw-p 00011000 08:03 4199745                    /usr/lib/x86_64-linux-gnu/libXext.so.6.4.0
7f458d9f9000-7f458da4c000 r-xp 00000000 08:03 3934319                    /usr/lib/jvm/java-7-openjdk-amd64/jre/lib/amd64/xawt/libmawt.so
7f458da4c000-7f458dc4b000 ---p 00053000 08:03 3934319                    /usr/lib/jvm/java-7-openjdk-amd64/jre/lib/amd64/xawt/libmawt.so
7f458dc4b000-7f458dc4c000 r--p 00052000 08:03 3934319                    /usr/lib/jvm/java-7-openjdk-amd64/jre/lib/amd64/xawt/libmawt.so
7f458dc4c000-7f458dc4f000 rw-p 00053000 08:03 3934319                    /usr/lib/jvm/java-7-openjdk-amd64/jre/lib/amd64/xawt/libmawt.so
7f458dc4f000-7f4590000000 rw-p 00000000 00:00 0 
7f4590000000-7f4590021000 rw-p 00000000 00:00 0 
7f4590021000-7f4594000000 ---p 00000000 00:00 0 
7f4594007000-7f459404f000 rw-p 00000000 00:00 0 
7f459404f000-7f459405f000 rw-s e0200000 00:05 7289                       /dev/ati/card0
7f459405f000-7f4594062000 ---p 00000000 00:00 0 
7f4594062000-7f4594160000 rw-p 00000000 00:00 0 
7f4594160000-7f4594201000 r-xp 00000000 08:03 3934218                    /usr/lib/jvm/java-7-openjdk-amd64/jre/lib/amd64/libawt.so
7f4594201000-7f4594400000 ---p 000a1000 08:03 3934218                    /usr/lib/jvm/java-7-openjdk-amd64/jre/lib/amd64/libawt.so
7f4594400000-7f4594401000 r--p 000a0000 08:03 3934218                    /usr/lib/jvm/java-7-openjdk-amd64/jre/lib/amd64/libawt.so
7f4594401000-7f459440c000 rw-p 000a1000 08:03 3934218                    /usr/lib/jvm/java-7-openjdk-amd64/jre/lib/amd64/libawt.so
7f459440c000-7f4594431000 rw-p 00000000 00:00 0 
7f4594431000-7f459446e000 r-xp 00000000 08:03 10486182                   /tmp/libgdxchobe/5502b6ed/libgdx64.so
7f459446e000-7f459466d000 ---p 0003d000 08:03 10486182                   /tmp/libgdxchobe/5502b6ed/libgdx64.so
7f459466d000-7f459466e000 r--p 0003c000 08:03 10486182                   /tmp/libgdxchobe/5502b6ed/libgdx64.so
7f459466e000-7f459466f000 rw-p 0003d000 08:03 10486182                   /tmp/libgdxchobe/5502b6ed/libgdx64.so
7f459466f000-7f4594670000 ---p 00000000 00:00 0 
7f4594670000-7f4594770000 rw-p 00000000 00:00 0 
7f4594770000-7f4594773000 ---p 00000000 00:00 0 
7f4594773000-7f4594871000 rw-p 00000000 00:00 0 
7f4594871000-7f4594874000 ---p 00000000 00:00 0 
7f4594874000-7f4594972000 rw-p 00000000 00:00 0 
7f4594972000-7f4594975000 ---p 00000000 00:00 0 
7f4594975000-7f4594a73000 rw-p 00000000 00:00 0 
7f4594a73000-7f4594a76000 ---p 00000000 00:00 0 
7f4594a76000-7f4594b74000 rw-p 00000000 00:00 0 
7f4594b74000-7f4594cfd000 r--p 00000000 08:03 4067802                    /usr/lib/locale/locale-archive
7f4594cfd000-7f4594d00000 ---p 00000000 00:00 0 
7f4594d00000-7f4594dfe000 rw-p 00000000 00:00 0 
7f4594dfe000-7f4594e01000 ---p 00000000 00:00 0 
7f4594e01000-7f4594eff000 rw-p 00000000 00:00 0 
7f4594eff000-7f4594f00000 ---p 00000000 00:00 0 
7f4594f00000-7f4595000000 rw-p 00000000 00:00 0 
7f4595000000-7f4595270000 rwxp 00000000 00:00 0 
7f4595270000-7f4598352000 rw-p 00000000 00:00 0 
7f4598352000-7f459c000000 ---p 00000000 00:00 0 
7f459c00d000-7f459c00e000 rw-s 00005000 00:05 7289                       /dev/ati/card0
7f459c00e000-7f459c010000 rw-s 00002000 00:05 7289                       /dev/ati/card0
7f459c010000-7f459c013000 ---p 00000000 00:00 0 
7f459c013000-7f459c049000 rw-p 00000000 00:00 0 
7f459c049000-7f459c050000 r--s 00000000 08:03 4206154                    /usr/lib/x86_64-linux-gnu/gconv/gconv-modules.cache
7f459c050000-7f459c059000 r--s 000b9000 08:03 3934170                    /usr/lib/jvm/java-7-openjdk-amd64/jre/lib/resources.jar
7f459c059000-7f459c05e000 r--s 0004c000 08:03 3934152                    /usr/lib/jvm/java-7-openjdk-amd64/jre/lib/jsse.jar
7f459c05e000-7f459c05f000 r--s 00002000 08:03 10488693                   /home/chobe/.gradle/caches/modules-2/files-2.1/net.java.jinput/jinput-platform/2.0.5/53f9c919f34d2ca9de8c51fc4e1e8282029a9232/jinput-platform-2.0.5-natives-osx.jar
7f459c05f000-7f459c060000 r--s 00025000 08:03 10488692                   /home/chobe/.gradle/caches/modules-2/files-2.1/net.java.jinput/jinput-platform/2.0.5/385ee093e01f587f30ee1c8a2ee7d408fd732e16/jinput-platform-2.0.5-natives-windows.jar
7f459c060000-7f459c061000 r--s 00002000 08:03 10488691                   /home/chobe/.gradle/caches/modules-2/files-2.1/net.java.jinput/jinput-platform/2.0.5/7ff832a6eb9ab6a767f1ade2b548092d0fa64795/jinput-platform-2.0.5-natives-linux.jar
7f459c061000-7f459c062000 r--s 00001000 08:03 10488690                   /home/chobe/.gradle/caches/modules-2/files-2.1/net.java.jutils/jutils/1.0.0/e12fe1fda814bd348c1579329c86943d2cd3c6a6/jutils-1.0.0.jar
7f459c062000-7f459c066000 r--s 0002f000 08:03 10488689                   /home/chobe/.gradle/caches/modules-2/files-2.1/net.java.jinput/jinput/2.0.5/39c7796b469a600f72380316f6b1f11db6c2c7c4/jinput-2.0.5.jar
7f459c066000-7f459c067000 r--s 00080000 08:03 10488688                   /home/chobe/.gradle/caches/modules-2/files-2.1/org.lwjgl.lwjgl/lwjgl-platform/2.9.1/2d12c83fdfbc04ecabf02c7bc8cc54d034f0daac/lwjgl-platform-2.9.1-natives-osx.jar
7f459c067000-7f459c068000 r--s 0008b000 08:03 10488687                   /home/chobe/.gradle/caches/modules-2/files-2.1/org.lwjgl.lwjgl/lwjgl-platform/2.9.1/aa9aae879af8eb378e22cfc64db56ec2ca9a44d1/lwjgl-platform-2.9.1-natives-linux.jar
7f459c068000-7f459c069000 r--s 00095000 08:03 10488686                   /home/chobe/.gradle/caches/modules-2/files-2.1/org.lwjgl.lwjgl/lwjgl-platform/2.9.1/4c517eca808522457dd95ee8fc1fbcdbb602efbe/lwjgl-platform-2.9.1-natives-windows.jar
7f459c069000-7f459c06b000 r--s 00017000 08:03 10488685                   /home/chobe/.gradle/caches/modules-2/files-2.1/org.jcraft/jorbis/0.0.17/8872d22b293e8f5d7d56ff92be966e6dc28ebdc6/jorbis-0.0.17.jar
7f459c06b000-7f459c06c000 r--s 00015000 08:03 10488684                   /home/chobe/.gradle/caches/modules-2/files-2.1/com.badlogicgames.jlayer/jlayer/1.0.1-gdx/7cca83cec5c1b2f011362f4d85aabd71a73b049d/jlayer-1.0.1-gdx.jar
7f459c06c000-7f459c070000 r--s 00027000 08:03 10488683                   /home/chobe/.gradle/caches/modules-2/files-2.1/org.lwjgl.lwjgl/lwjgl_util/2.9.1/290d7ba8a1bd9566f5ddf16ad06f09af5ec9b20e/lwjgl_util-2.9.1.jar
7f459c070000-7f459c07e000 r--s 000ea000 08:03 10488682                   /home/chobe/.gradle/caches/modules-2/files-2.1/org.lwjgl.lwjgl/lwjgl/2.9.1/f58c5aabcef0e41718a564be9f8e412fff8db847/lwjgl-2.9.1.jar
7f459c07e000-7f459c093000 r--s 00153000 08:03 10488660                   /home/chobe/.gradle/caches/modules-2/files-2.1/com.badlogicgames.gdx/gdx/1.1.0/686f5a609c717eb0769d3b954c501a49bf4fe351/gdx-1.1.0.jar
7f459c093000-7f459c094000 r--s 000cd000 08:03 10488678                   /home/chobe/.gradle/caches/modules-2/files-2.1/com.badlogicgames.gdx/gdx-platform/1.1.0/1c7ea4239c2d9adda420c15985fe3885c481fdcf/gdx-platform-1.1.0-natives-desktop.jar
7f459c094000-7f459d091000 rw-p 00000000 00:00 0 
7f459d091000-7f459d23f000 r--s 01cfc000 08:03 3934153                    /usr/lib/jvm/java-7-openjdk-amd64/jre/lib/rt.jar
7f459d23f000-7f459d573000 rw-p 00000000 00:00 0 
7f459d573000-7f459d574000 ---p 00000000 00:00 0 
7f459d574000-7f459d674000 rw-p 00000000 00:00 0 
7f459d674000-7f459d675000 ---p 00000000 00:00 0 
7f459d675000-7f459d775000 rw-p 00000000 00:00 0 
7f459d775000-7f459d776000 ---p 00000000 00:00 0 
7f459d776000-7f459d876000 rw-p 00000000 00:00 0 
7f459d876000-7f459d877000 ---p 00000000 00:00 0 
7f459d877000-7f459d982000 rw-p 00000000 00:00 0 
7f459d982000-7f459d9ca000 rw-p 00000000 00:00 0 
7f459d9ca000-7f459d9df000 rw-p 00000000 00:00 0 
7f459d9df000-7f459db10000 rw-p 00000000 00:00 0 
7f459db10000-7f459db1b000 rw-p 00000000 00:00 0 
7f459db1b000-7f459db63000 rw-p 00000000 00:00 0 
7f459db63000-7f459db78000 rw-p 00000000 00:00 0 
7f459db78000-7f459dca8000 rw-p 00000000 00:00 0 
7f459dca8000-7f459dcb3000 rw-p 00000000 00:00 0 
7f459dcb3000-7f459dd4b000 rw-p 00000000 00:00 0 
7f459dd4b000-7f459dd4c000 rw-p 00000000 00:00 0 
7f459dd4c000-7f459dd54000 r-xp 00000000 08:03 3934210                    /usr/lib/jvm/java-7-openjdk-amd64/jre/lib/amd64/libzip.so
7f459dd54000-7f459df53000 ---p 00008000 08:03 3934210                    /usr/lib/jvm/java-7-openjdk-amd64/jre/lib/amd64/libzip.so
7f459df53000-7f459df54000 r--p 00007000 08:03 3934210                    /usr/lib/jvm/java-7-openjdk-amd64/jre/lib/amd64/libzip.so
7f459df54000-7f459df55000 rw-p 00008000 08:03 3934210                    /usr/lib/jvm/java-7-openjdk-amd64/jre/lib/amd64/libzip.so
7f459df55000-7f459df60000 r-xp 00000000 08:03 12192223                   /lib/x86_64-linux-gnu/libnss_files-2.19.so
7f459df60000-7f459e15f000 ---p 0000b000 08:03 12192223                   /lib/x86_64-linux-gnu/libnss_files-2.19.so
7f459e15f000-7f459e160000 r--p 0000a000 08:03 12192223                   /lib/x86_64-linux-gnu/libnss_files-2.19.so
7f459e160000-7f459e161000 rw-p 0000b000 08:03 12192223                   /lib/x86_64-linux-gnu/libnss_files-2.19.so
7f459e161000-7f459e16b000 r-xp 00000000 08:03 12192211                   /lib/x86_64-linux-gnu/libnss_nis-2.19.so
7f459e16b000-7f459e36a000 ---p 0000a000 08:03 12192211                   /lib/x86_64-linux-gnu/libnss_nis-2.19.so
7f459e36a000-7f459e36b000 r--p 00009000 08:03 12192211                   /lib/x86_64-linux-gnu/libnss_nis-2.19.so
7f459e36b000-7f459e36c000 rw-p 0000a000 08:03 12192211                   /lib/x86_64-linux-gnu/libnss_nis-2.19.so
7f459e36c000-7f459e381000 r-xp 00000000 08:03 12192215                   /lib/x86_64-linux-gnu/libnsl-2.19.so
7f459e381000-7f459e580000 ---p 00015000 08:03 12192215                   /lib/x86_64-linux-gnu/libnsl-2.19.so
7f459e580000-7f459e581000 r--p 00014000 08:03 12192215                   /lib/x86_64-linux-gnu/libnsl-2.19.so
7f459e581000-7f459e582000 rw-p 00015000 08:03 12192215                   /lib/x86_64-linux-gnu/libnsl-2.19.so
7f459e582000-7f459e584000 rw-p 00000000 00:00 0 
7f459e584000-7f459e58b000 r-xp 00000000 08:03 12192212                   /lib/x86_64-linux-gnu/libnss_compat-2.19.so
7f459e58b000-7f459e78a000 ---p 00007000 08:03 12192212                   /lib/x86_64-linux-gnu/libnss_compat-2.19.so
7f459e78a000-7f459e78b000 r--p 00006000 08:03 12192212                   /lib/x86_64-linux-gnu/libnss_compat-2.19.so
7f459e78b000-7f459e78c000 rw-p 00007000 08:03 12192212                   /lib/x86_64-linux-gnu/libnss_compat-2.19.so
7f459e78c000-7f459e7b7000 r-xp 00000000 08:03 3934215                    /usr/lib/jvm/java-7-openjdk-amd64/jre/lib/amd64/libjava.so
7f459e7b7000-7f459e9b6000 ---p 0002b000 08:03 3934215                    /usr/lib/jvm/java-7-openjdk-amd64/jre/lib/amd64/libjava.so
7f459e9b6000-7f459e9b7000 r--p 0002a000 08:03 3934215                    /usr/lib/jvm/java-7-openjdk-amd64/jre/lib/amd64/libjava.so
7f459e9b7000-7f459e9b9000 rw-p 0002b000 08:03 3934215                    /usr/lib/jvm/java-7-openjdk-amd64/jre/lib/amd64/libjava.so
7f459e9b9000-7f459e9c8000 r-xp 00000000 08:03 3934216                    /usr/lib/jvm/java-7-openjdk-amd64/jre/lib/amd64/libverify.so
7f459e9c8000-7f459ebc7000 ---p 0000f000 08:03 3934216                    /usr/lib/jvm/java-7-openjdk-amd64/jre/lib/amd64/libverify.so
7f459ebc7000-7f459ebc9000 r--p 0000e000 08:03 3934216                    /usr/lib/jvm/java-7-openjdk-amd64/jre/lib/amd64/libverify.so
7f459ebc9000-7f459ebca000 rw-p 00010000 08:03 3934216                    /usr/lib/jvm/java-7-openjdk-amd64/jre/lib/amd64/libverify.so
7f459ebca000-7f459ebd1000 r-xp 00000000 08:03 12192213                   /lib/x86_64-linux-gnu/librt-2.19.so
7f459ebd1000-7f459edd0000 ---p 00007000 08:03 12192213                   /lib/x86_64-linux-gnu/librt-2.19.so
7f459edd0000-7f459edd1000 r--p 00006000 08:03 12192213                   /lib/x86_64-linux-gnu/librt-2.19.so
7f459edd1000-7f459edd2000 rw-p 00007000 08:03 12192213                   /lib/x86_64-linux-gnu/librt-2.19.so
7f459edd2000-7f459ede7000 r-xp 00000000 08:03 12190593                   /lib/x86_64-linux-gnu/libgcc_s.so.1
7f459ede7000-7f459efe7000 ---p 00015000 08:03 12190593                   /lib/x86_64-linux-gnu/libgcc_s.so.1
7f459efe7000-7f459efe8000 rw-p 00015000 08:03 12190593                   /lib/x86_64-linux-gnu/libgcc_s.so.1
7f459efe8000-7f459f0e8000 r-xp 00000000 08:03 12192221                   /lib/x86_64-linux-gnu/libm-2.19.so
7f459f0e8000-7f459f2e7000 ---p 00100000 08:03 12192221                   /lib/x86_64-linux-gnu/libm-2.19.so
7f459f2e7000-7f459f2e8000 r--p 000ff000 08:03 12192221                   /lib/x86_64-linux-gnu/libm-2.19.so
7f459f2e8000-7f459f2e9000 rw-p 00100000 08:03 12192221                   /lib/x86_64-linux-gnu/libm-2.19.so
7f459f2e9000-7f459f3d1000 r-xp 00000000 08:03 4200440                    /usr/lib/x86_64-linux-gnu/libstdc++.so.6.0.17
7f459f3d1000-7f459f5d1000 ---p 000e8000 08:03 4200440                    /usr/lib/x86_64-linux-gnu/libstdc++.so.6.0.17
7f459f5d1000-7f459f5d9000 r--p 000e8000 08:03 4200440                    /usr/lib/x86_64-linux-gnu/libstdc++.so.6.0.17
7f459f5d9000-7f459f5db000 rw-p 000f0000 08:03 4200440                    /usr/lib/x86_64-linux-gnu/libstdc++.so.6.0.17
7f459f5db000-7f459f5f0000 rw-p 00000000 00:00 0 
7f459f5f0000-7f45a00b9000 r-xp 00000000 08:03 3934204                    /usr/lib/jvm/java-7-openjdk-amd64/jre/lib/amd64/server/libjvm.so
7f45a00b9000-7f45a02b9000 ---p 00ac9000 08:03 3934204                    /usr/lib/jvm/java-7-openjdk-amd64/jre/lib/amd64/server/libjvm.so
7f45a02b9000-7f45a0351000 r--p 00ac9000 08:03 3934204                    /usr/lib/jvm/java-7-openjdk-amd64/jre/lib/amd64/server/libjvm.so
7f45a0351000-7f45a0374000 rw-p 00b61000 08:03 3934204                    /usr/lib/jvm/java-7-openjdk-amd64/jre/lib/amd64/server/libjvm.so
7f45a0374000-7f45a03a1000 rw-p 00000000 00:00 0 
7f45a03a1000-7f45a03b8000 r-xp 00000000 08:03 12192203                   /lib/x86_64-linux-gnu/libz.so.1.2.8
7f45a03b8000-7f45a05b7000 ---p 00017000 08:03 12192203                   /lib/x86_64-linux-gnu/libz.so.1.2.8
7f45a05b7000-7f45a05b8000 r--p 00016000 08:03 12192203                   /lib/x86_64-linux-gnu/libz.so.1.2.8
7f45a05b8000-7f45a05b9000 rw-p 00017000 08:03 12192203                   /lib/x86_64-linux-gnu/libz.so.1.2.8
7f45a05b9000-7f45a0758000 r-xp 00000000 08:03 12192214                   /lib/x86_64-linux-gnu/libc-2.19.so
7f45a0758000-7f45a0958000 ---p 0019f000 08:03 12192214                   /lib/x86_64-linux-gnu/libc-2.19.so
7f45a0958000-7f45a095c000 r--p 0019f000 08:03 12192214                   /lib/x86_64-linux-gnu/libc-2.19.so
7f45a095c000-7f45a095e000 rw-p 001a3000 08:03 12192214                   /lib/x86_64-linux-gnu/libc-2.19.so
7f45a095e000-7f45a0962000 rw-p 00000000 00:00 0 
7f45a0962000-7f45a0965000 r-xp 00000000 08:03 12192219                   /lib/x86_64-linux-gnu/libdl-2.19.so
7f45a0965000-7f45a0b64000 ---p 00003000 08:03 12192219                   /lib/x86_64-linux-gnu/libdl-2.19.so
7f45a0b64000-7f45a0b65000 r--p 00002000 08:03 12192219                   /lib/x86_64-linux-gnu/libdl-2.19.so
7f45a0b65000-7f45a0b66000 rw-p 00003000 08:03 12192219                   /lib/x86_64-linux-gnu/libdl-2.19.so
7f45a0b66000-7f45a0b73000 r-xp 00000000 08:03 3934207                    /usr/lib/jvm/java-7-openjdk-amd64/jre/lib/amd64/jli/libjli.so
7f45a0b73000-7f45a0d72000 ---p 0000d000 08:03 3934207                    /usr/lib/jvm/java-7-openjdk-amd64/jre/lib/amd64/jli/libjli.so
7f45a0d72000-7f45a0d73000 r--p 0000c000 08:03 3934207                    /usr/lib/jvm/java-7-openjdk-amd64/jre/lib/amd64/jli/libjli.so
7f45a0d73000-7f45a0d74000 rw-p 0000d000 08:03 3934207                    /usr/lib/jvm/java-7-openjdk-amd64/jre/lib/amd64/jli/libjli.so
7f45a0d74000-7f45a0d8c000 r-xp 00000000 08:03 12192218                   /lib/x86_64-linux-gnu/libpthread-2.19.so
7f45a0d8c000-7f45a0f8b000 ---p 00018000 08:03 12192218                   /lib/x86_64-linux-gnu/libpthread-2.19.so
7f45a0f8b000-7f45a0f8c000 r--p 00017000 08:03 12192218                   /lib/x86_64-linux-gnu/libpthread-2.19.so
7f45a0f8c000-7f45a0f8d000 rw-p 00018000 08:03 12192218                   /lib/x86_64-linux-gnu/libpthread-2.19.so
7f45a0f8d000-7f45a0f91000 rw-p 00000000 00:00 0 
7f45a0f91000-7f45a0fb1000 r-xp 00000000 08:03 12192217                   /lib/x86_64-linux-gnu/ld-2.19.so
7f45a0fb1000-7f45a0fb4000 r--s 0001f000 08:03 10488677                   /home/chobe/.gradle/caches/modules-2/files-2.1/com.badlogicgames.gdx/gdx-backend-lwjgl/1.1.0/eafa409559820c1696e165e1280435f1332fc32b/gdx-backend-lwjgl-1.1.0.jar
7f45a0fb4000-7f45a0fb7000 r--s 0001e000 08:01 772750                     /media/winDisk/Users/ChobeDucket/Documents/sheep/core/build/libs/core-1.0.jar
7f45a0fb7000-7f45a0fbb000 r--s 0003b000 08:03 3934173                    /usr/lib/jvm/java-7-openjdk-amd64/jre/lib/ext/sunpkcs11.jar
7f45a0fbb000-7f45a0fbc000 r--s 00002000 08:03 3934178                    /usr/lib/jvm/java-7-openjdk-amd64/jre/lib/ext/dnsns.jar
7f45a0fbc000-7f45a0fbf000 r--s 00032000 08:03 3934176                    /usr/lib/jvm/java-7-openjdk-amd64/jre/lib/ext/sunjce_provider.jar
7f45a0fbf000-7f45a0fc1000 r--s 0000f000 08:03 3934175                    /usr/lib/jvm/java-7-openjdk-amd64/jre/lib/ext/pulse-java.jar
7f45a0fc1000-7f45a0fc3000 r--s 00012000 08:03 3934174                    /usr/lib/jvm/java-7-openjdk-amd64/jre/lib/ext/zipfs.jar
7f45a0fc3000-7f45a0fc7000 r--s 00085000 08:03 3934172                    /usr/lib/jvm/java-7-openjdk-amd64/jre/lib/ext/localedata.jar
7f45a0fc7000-7f45a0fc8000 r--s 00007000 08:03 5645676                    /usr/share/java/java-atk-wrapper.jar
7f45a0fc8000-7f45a0fd2000 rw-p 00000000 00:00 0 
7f45a0fd2000-7f45a1088000 rw-p 00000000 00:00 0 
7f45a1088000-7f45a108b000 ---p 00000000 00:00 0 
7f45a108b000-7f45a11a5000 rw-p 00000000 00:00 0 
7f45a11a5000-7f45a11ad000 rw-s 00000000 08:03 10490934                   /tmp/hsperfdata_chobe/11745 (deleted)
7f45a11ad000-7f45a11ae000 rw-p 00000000 00:00 0 
7f45a11ae000-7f45a11af000 ---p 00000000 00:00 0 
7f45a11af000-7f45a11b1000 rw-p 00000000 00:00 0 
7f45a11b1000-7f45a11b2000 r--p 00020000 08:03 12192217                   /lib/x86_64-linux-gnu/ld-2.19.so
7f45a11b2000-7f45a11b3000 rw-p 00021000 08:03 12192217                   /lib/x86_64-linux-gnu/ld-2.19.so
7f45a11b3000-7f45a11b4000 rw-p 00000000 00:00 0 
7fffc09ac000-7fffc09ce000 rw-p 00000000 00:00 0                          [stack]
7fffc09ff000-7fffc0a00000 r-xp 00000000 00:00 0                          [vdso]
ffffffffff600000-ffffffffff601000 r-xp 00000000 00:00 0                  [vsyscall]

VM Arguments:
jvm_args: -Dfile.encoding=UTF-8 
java_command: com.mygdx.sheep.desktop.DesktopLauncher
Launcher Type: SUN_STANDARD

Environment Variables:
PATH=/usr/local/bin:/usr/bin:/bin:/usr/local/games:/usr/games:/home/chobe/.local/bin:/home/chobe/sdks/adt-bundle-linux-x86_64-20140321/sdk//platform-tools/adb:/home/chobe/sdks/adt-bundle-linux-x86_64-20140321/sdk//platform-tools/
USERNAME=chobe
SHELL=/bin/bash
DISPLAY=:0

Signal Handlers:
SIGSEGV: [libjvm.so+0x8f9750], sa_mask[0]=0x7ffbfeff, sa_flags=0x10000004
SIGBUS: [libjvm.so+0x8f9750], sa_mask[0]=0x7ffbfeff, sa_flags=0x10000004
SIGFPE: [libjvm.so+0x7827c0], sa_mask[0]=0x7ffbfeff, sa_flags=0x10000004
SIGPIPE: [libjvm.so+0x7827c0], sa_mask[0]=0x7ffbfeff, sa_flags=0x10000004
SIGXFSZ: [libjvm.so+0x7827c0], sa_mask[0]=0x7ffbfeff, sa_flags=0x10000004
SIGILL: [libjvm.so+0x7827c0], sa_mask[0]=0x7ffbfeff, sa_flags=0x10000004
SIGUSR1: SIG_DFL, sa_mask[0]=0x00000000, sa_flags=0x00000000
SIGUSR2: [libjvm.so+0x782ab0], sa_mask[0]=0x00000004, sa_flags=0x10000004
SIGHUP: [libjvm.so+0x782c20], sa_mask[0]=0x7ffbfeff, sa_flags=0x10000004
SIGINT: [libjvm.so+0x782c20], sa_mask[0]=0x7ffbfeff, sa_flags=0x10000004
SIGTERM: [libjvm.so+0x782c20], sa_mask[0]=0x7ffbfeff, sa_flags=0x10000004
SIGQUIT: [libjvm.so+0x782c20], sa_mask[0]=0x7ffbfeff, sa_flags=0x10000004


---------------  S Y S T E M  ---------------

OS:7.5

uname:Linux 3.2.0-4-amd64 #1 SMP Debian 3.2.57-3+deb7u1 x86_64
libc:glibc 2.19 NPTL 2.19 
rlimit: STACK 8192k, CORE 0k, NPROC 31105, NOFILE 4096, AS infinity
load average:0.84 0.43 0.61

/proc/meminfo:
MemTotal:        3993672 kB
MemFree:         1449324 kB
Buffers:           70804 kB
Cached:           495532 kB
SwapCached:       161564 kB
Active:          1486516 kB
Inactive:         749932 kB
Active(anon):    1129116 kB
Inactive(anon):   574688 kB
Active(file):     357400 kB
Inactive(file):   175244 kB
Unevictable:           0 kB
Mlocked:               0 kB
SwapTotal:       4120572 kB
SwapFree:        3585480 kB
Dirty:              1436 kB
Writeback:             0 kB
AnonPages:       1651536 kB
Mapped:           190876 kB
Shmem:             33692 kB
Slab:              85696 kB
SReclaimable:      55736 kB
SUnreclaim:        29960 kB
KernelStack:        4232 kB
PageTables:        34320 kB
NFS_Unstable:          0 kB
Bounce:                0 kB
WritebackTmp:          0 kB
CommitLimit:     6117408 kB
Committed_AS:    4618772 kB
VmallocTotal:   34359738367 kB
VmallocUsed:      170472 kB
VmallocChunk:   34359561712 kB
HardwareCorrupted:     0 kB
AnonHugePages:         0 kB
HugePages_Total:       0
HugePages_Free:        0
HugePages_Rsvd:        0
HugePages_Surp:        0
Hugepagesize:       2048 kB
DirectMap4k:      979968 kB
DirectMap2M:     3147776 kB


CPU:total 4 (4 cores per cpu, 1 threads per core) family 6 model 15 stepping 11, cmov, cx8, fxsr, mmx, sse, sse2, sse3, ssse3, tsc

/proc/cpuinfo:
processor	: 0
vendor_id	: GenuineIntel
cpu family	: 6
model		: 15
model name	: Intel(R) Core(TM)2 Quad CPU    Q6600  @ 2.40GHz
stepping	: 11
cpu MHz		: 1596.000
cache size	: 4096 KB
physical id	: 0
siblings	: 4
core id		: 0
cpu cores	: 4
apicid		: 0
initial apicid	: 0
fpu		: yes
fpu_exception	: yes
cpuid level	: 10
wp		: yes
flags		: fpu vme de pse tsc msr pae mce cx8 apic sep mtrr pge mca cmov pat pse36 clflush dts acpi mmx fxsr sse sse2 ss ht tm pbe syscall nx lm constant_tsc arch_perfmon pebs bts rep_good nopl aperfmperf pni dtes64 monitor ds_cpl vmx est tm2 ssse3 cx16 xtpr pdcm lahf_lm dtherm tpr_shadow vnmi flexpriority
bogomips	: 4795.82
clflush size	: 64
cache_alignment	: 64
address sizes	: 36 bits physical, 48 bits virtual
power management:

processor	: 1
vendor_id	: GenuineIntel
cpu family	: 6
model		: 15
model name	: Intel(R) Core(TM)2 Quad CPU    Q6600  @ 2.40GHz
stepping	: 11
cpu MHz		: 1596.000
cache size	: 4096 KB
physical id	: 0
siblings	: 4
core id		: 2
cpu cores	: 4
apicid		: 2
initial apicid	: 2
fpu		: yes
fpu_exception	: yes
cpuid level	: 10
wp		: yes
flags		: fpu vme de pse tsc msr pae mce cx8 apic sep mtrr pge mca cmov pat pse36 clflush dts acpi mmx fxsr sse sse2 ss ht tm pbe syscall nx lm constant_tsc arch_perfmon pebs bts rep_good nopl aperfmperf pni dtes64 monitor ds_cpl vmx est tm2 ssse3 cx16 xtpr pdcm lahf_lm dtherm tpr_shadow vnmi flexpriority
bogomips	: 4795.58
clflush size	: 64
cache_alignment	: 64
address sizes	: 36 bits physical, 48 bits virtual
power management:

processor	: 2
vendor_id	: GenuineIntel
cpu family	: 6
model		: 15
model name	: Intel(R) Core(TM)2 Quad CPU    Q6600  @ 2.40GHz
stepping	: 11
cpu MHz		: 1596.000
cache size	: 4096 KB
physical id	: 0
siblings	: 4
core id		: 1
cpu cores	: 4
apicid		: 1
initial apicid	: 1
fpu		: yes
fpu_exception	: yes
cpuid level	: 10
wp		: yes
flags		: fpu vme de pse tsc msr pae mce cx8 apic sep mtrr pge mca cmov pat pse36 clflush dts acpi mmx fxsr sse sse2 ss ht tm pbe syscall nx lm constant_tsc arch_perfmon pebs bts rep_good nopl aperfmperf pni dtes64 monitor ds_cpl vmx est tm2 ssse3 cx16 xtpr pdcm lahf_lm dtherm tpr_shadow vnmi flexpriority
bogomips	: 4795.56
clflush size	: 64
cache_alignment	: 64
address sizes	: 36 bits physical, 48 bits virtual
power management:

processor	: 3
vendor_id	: GenuineIntel
cpu family	: 6
model		: 15
model name	: Intel(R) Core(TM)2 Quad CPU    Q6600  @ 2.40GHz
stepping	: 11
cpu MHz		: 1596.000
cache size	: 4096 KB
physical id	: 0
siblings	: 4
core id		: 3
cpu cores	: 4
apicid		: 3
initial apicid	: 3
fpu		: yes
fpu_exception	: yes
cpuid level	: 10
wp		: yes
flags		: fpu vme de pse tsc msr pae mce cx8 apic sep mtrr pge mca cmov pat pse36 clflush dts acpi mmx fxsr sse sse2 ss ht tm pbe syscall nx lm constant_tsc arch_perfmon pebs bts rep_good nopl aperfmperf pni dtes64 monitor ds_cpl vmx est tm2 ssse3 cx16 xtpr pdcm lahf_lm dtherm tpr_shadow vnmi flexpriority
bogomips	: 4795.57
clflush size	: 64
cache_alignment	: 64
address sizes	: 36 bits physical, 48 bits virtual
power management:



Memory: 4k page, physical 3993672k(1449324k free), swap 4120572k(3585480k free)

vm_info: OpenJDK 64-Bit Server VM (24.51-b03) for linux-amd64 JRE (1.7.0_55-b14), built on May  2 2014 11:33:06 by "buildd" with gcc 4.7.2

time: Sun Jul  6 22:39:59 2014
elapsed time: 25 seconds

