#
# A fatal error has been detected by the Java Runtime Environment:
#
#  SIGSEGV (0xb) at pc=0x00007f33821a3e38, pid=6855, tid=139859226294016
#
# JRE version: OpenJDK Runtime Environment (7.0_55-b14) (build 1.7.0_55-b14)
# Java VM: OpenJDK 64-Bit Server VM (24.51-b03 mixed mode linux-amd64 compressed oops)
# Problematic frame:
# C  [libX11.so.6+0x3ae38]  XQueryExtension+0x28
#
# Failed to write core dump. Core dumps have been disabled. To enable core dumping, try "ulimit -c unlimited" before starting Java again
#
# If you would like to submit a bug report, please include
# instructions on how to reproduce the bug and visit:
#   http://icedtea.classpath.org/bugzilla
#

---------------  T H R E A D  ---------------

Current thread (0x0000000000ff1000):  VMThread [stack: 0x00007f3383707000,0x00007f3383808000] [id=6865]

siginfo:si_signo=SIGSEGV: si_errno=0, si_code=1 (SEGV_MAPERR), si_addr=0x000000007c2beb88

Registers:
RAX=0x0000000000f795b0, RBX=0x000000007c2be220, RCX=0x00007f3383806668, RDX=0x00007f3383806664
RSP=0x00007f3383806600, RBP=0x00007f336f20a600, RSI=0x00007f336f0d1992, RDI=0x000000007c2be220
R8 =0x00007f338380666c, R9 =0x0000000000000000, R10=0x00007f338d3e5768, R11=0x00007f338d0940d0
R12=0x00007f336f0d1992, R13=0x0000000000f795b0, R14=0x00007f337c2bd510, R15=0x00007f337c2cd020
RIP=0x00007f33821a3e38, EFLAGS=0x0000000000010206, CSGSFS=0x0000000000000033, ERR=0x0000000000000004
  TRAPNO=0x000000000000000e

Top of Stack: (sp=0x00007f3383806600)
0x00007f3383806600:   0000000000000020 00007f3383806730
0x00007f3383806610:   00007f338d06b5c8 00007f338dc119e8
0x00007f3383806620:   00007f338d06b5c8 000000007c2be220
0x00007f3383806630:   00007f336f20a600 00007f336f0d1992
0x00007f3383806640:   0000000000f795b0 00007f337c2bd510
0x00007f3383806650:   00007f337c2cd020 00007f3382197e72
0x00007f3383806660:   00007f337c2bd510 0000000000000000
0x00007f3383806670:   0000000000000000 00007f336f20a600
0x00007f3383806680:   000000007c2be220 00007f33824b171d
0x00007f3383806690:   00007f336f0d1992 000000118d06b5c8
0x00007f33838066a0:   00007f3383806720 0000000000000000
0x00007f33838066b0:   00007f3383806720 000000007c2be220
0x00007f33838066c0:   00007f338dc36048 00007f337c2bd510
0x00007f33838066d0:   00007f336f223e50 00007f336f07a3d9
0x00007f33838066e0:   0000000000000000 0000000000000063
0x00007f33838066f0:   00007f3383806720 0000000000000000
0x00007f3383806700:   00007f338dc36048 00007f337c2bd510
0x00007f3383806710:   0000000000000054 00007f336f06eae2
0x00007f3383806720:   00007f3383806ae0 00007f336f0d1911
0x00007f3383806730:   00007f3383806ae0 00007f338da244ec
0x00007f3383806740:   00007f338dc371c8 00007f338dc37758
0x00007f3383806750:   00007f338dc11000 0000000000f843d0
0x00007f3383806760:   0000000000f84ec0 0000000000f853c0
0x00007f3383806770:   0000000000f922a0 00007f337c1224c0
0x00007f3383806780:   00007f337c219940 00007f337c2158b0
0x00007f3383806790:   00007f337c150c60 00007f337c160cd0
0x00007f33838067a0:   00007f337c168290 00007f337c167d60
0x00007f33838067b0:   00007f337c167840 00007f337c16bb20
0x00007f33838067c0:   00007f337c16b610 00007f337c16c8b0
0x00007f33838067d0:   00007f337c16b110 00007f337c167310
0x00007f33838067e0:   00007f337c169700 00007f337c16a130
0x00007f33838067f0:   00007f337c169c10 00007f337c16a640 

Instructions: (pc=0x00007f33821a3e38)
0x00007f33821a3e18:   24 e0 48 89 fb 4c 89 6c 24 e8 4c 89 74 24 f0 49
0x00007f33821a3e28:   89 f4 4c 89 7c 24 f8 48 89 6c 24 d8 48 83 ec 58
0x00007f33821a3e38:   48 8b 87 68 09 00 00 49 89 d7 49 89 ce 4d 89 c5
0x00007f33821a3e48:   48 85 c0 74 02 ff 10 ba 08 00 00 00 be 62 00 00 

Register to memory mapping:

RAX=0x0000000000f795b0 is an unknown value
RBX=0x000000007c2be220 is an unknown value
RCX=0x00007f3383806668 is an unknown value
RDX=0x00007f3383806664 is an unknown value
RSP=0x00007f3383806600 is an unknown value
RBP=0x00007f336f20a600: <offset 0x1cf600> in /usr/lib/x86_64-linux-gnu/libGL.so.1 at 0x00007f336f03b000
RSI=0x00007f336f0d1992: <offset 0x96992> in /usr/lib/x86_64-linux-gnu/libGL.so.1 at 0x00007f336f03b000
RDI=0x000000007c2be220 is an unknown value
R8 =0x00007f338380666c is an unknown value
R9 =0x0000000000000000 is an unknown value
R10=0x00007f338d3e5768: <offset 0x388768> in /lib/x86_64-linux-gnu/libc.so.6 at 0x00007f338d05d000
R11=0x00007f338d0940d0: __cxa_finalize+0 in /lib/x86_64-linux-gnu/libc.so.6 at 0x00007f338d05d000
R12=0x00007f336f0d1992: <offset 0x96992> in /usr/lib/x86_64-linux-gnu/libGL.so.1 at 0x00007f336f03b000
R13=0x0000000000f795b0 is an unknown value
R14=0x00007f337c2bd510 is an unknown value
R15=0x00007f337c2cd020 is an unknown value


Stack: [0x00007f3383707000,0x00007f3383808000],  sp=0x00007f3383806600,  free space=1021k
Native frames: (J=compiled Java code, j=interpreted, Vv=VM code, C=native code)
C  [libX11.so.6+0x3ae38]  XQueryExtension+0x28

VM_Operation (0x00007f336f343650): Exit, mode: safepoint, requested by thread 0x00007f337c2b7800


---------------  P R O C E S S  ---------------

Java Threads: ( => current thread )
  0x00007f337ced9800 JavaThread "AsynchExecutor-Thread" daemon [_thread_blocked, id=6885, stack(0x00007f336b12f000,0x00007f336b230000)]
  0x000000000128e800 JavaThread "process reaper" daemon [_thread_blocked, id=6880, stack(0x00007f3380003000,0x00007f338003c000)]
  0x00007f337c174000 JavaThread "DestroyJavaVM" [_thread_blocked, id=6860, stack(0x00007f338db0c000,0x00007f338dc0d000)]
  0x00007f337c2b7800 JavaThread "LWJGL Application" [_thread_blocked, id=6878, stack(0x00007f336f244000,0x00007f336f345000)]
  0x00007f337c214800 JavaThread "AWT-XAWT" daemon [_thread_blocked, id=6874, stack(0x00007f33769c4000,0x00007f3376ac5000)]
  0x00007f337c1f2000 JavaThread "Java2D Disposer" daemon [_thread_blocked, id=6873, stack(0x00007f338003c000,0x00007f338013d000)]
  0x00007f337c006800 JavaThread "Service Thread" daemon [_thread_blocked, id=6871, stack(0x00007f3382f8a000,0x00007f338308b000)]
  0x0000000001020800 JavaThread "C2 CompilerThread1" daemon [_thread_blocked, id=6870, stack(0x00007f338308b000,0x00007f338318c000)]
  0x000000000101d000 JavaThread "C2 CompilerThread0" daemon [_thread_blocked, id=6869, stack(0x00007f338318c000,0x00007f338328d000)]
  0x000000000101b000 JavaThread "Signal Dispatcher" daemon [_thread_blocked, id=6868, stack(0x00007f338328d000,0x00007f338338e000)]
  0x0000000000ff7800 JavaThread "Finalizer" daemon [_thread_blocked, id=6867, stack(0x00007f3383505000,0x00007f3383606000)]
  0x0000000000ff5800 JavaThread "Reference Handler" daemon [_thread_blocked, id=6866, stack(0x00007f3383606000,0x00007f3383707000)]

Other Threads:
=>0x0000000000ff1000 VMThread [stack: 0x00007f3383707000,0x00007f3383808000] [id=6865]

VM state:at safepoint (shutting down)

VM Mutex/Monitor currently owned by a thread:  ([mutex/lock_event])
[0x0000000000f82520] Threads_lock - owner thread: 0x0000000000ff1000

Heap
 PSYoungGen      total 18432K, used 9758K [0x00000000eba80000, 0x00000000ecf00000, 0x0000000100000000)
  eden space 15872K, 45% used [0x00000000eba80000,0x00000000ec18ef08,0x00000000eca00000)
  from space 2560K, 98% used [0x00000000eca00000,0x00000000ecc78900,0x00000000ecc80000)
  to   space 2560K, 0% used [0x00000000ecc80000,0x00000000ecc80000,0x00000000ecf00000)
 ParOldGen       total 41472K, used 2144K [0x00000000c3000000, 0x00000000c5880000, 0x00000000eba80000)
  object space 41472K, 5% used [0x00000000c3000000,0x00000000c3218280,0x00000000c5880000)
 PSPermGen       total 21504K, used 10027K [0x00000000b8a00000, 0x00000000b9f00000, 0x00000000c3000000)
  object space 21504K, 46% used [0x00000000b8a00000,0x00000000b93caf10,0x00000000b9f00000)

Card table byte_map: [0x00007f3387634000,0x00007f3387870000] byte_map_base: 0x00007f338706f000

Polling page: 0x00007f338dc32000

Code Cache  [0x00007f3387870000, 0x00007f3387ae0000, 0x00007f338a870000)
 total_blobs=617 nmethods=97 adapters=474 free_code_cache=48367Kb largest_free_block=49500800

Compilation events (10 events):
Event: 10.694 Thread 0x0000000001020800   93             com.badlogic.gdx.graphics.g2d.NinePatch::set (120 bytes)
Event: 10.695 Thread 0x0000000001020800 nmethod 93 0x00007f3387928d50 code [0x00007f3387928ea0, 0x00007f3387928ff8]
Event: 11.144 Thread 0x000000000101d000   94             java.nio.HeapByteBuffer::_put (8 bytes)
Event: 11.144 Thread 0x0000000001020800   95             java.nio.HeapByteBuffer::_get (7 bytes)
Event: 11.144 Thread 0x0000000001020800 nmethod 95 0x00007f338792b6d0 code [0x00007f338792b820, 0x00007f338792b8b8]
Event: 11.144 Thread 0x000000000101d000 nmethod 94 0x00007f338791de10 code [0x00007f338791df60, 0x00007f338791dff8]
Event: 11.961 Thread 0x0000000001020800   96             com.badlogic.gdx.graphics.g2d.SpriteBatch::flush (185 bytes)
Event: 11.983 Thread 0x0000000001020800 nmethod 96 0x00007f33879379d0 code [0x00007f3387937ce0, 0x00007f3387938c50]
Event: 12.353 Thread 0x000000000101d000   97             java.nio.DirectByteBuffer::put (18 bytes)
Event: 12.354 Thread 0x000000000101d000 nmethod 97 0x00007f338791db90 code [0x00007f338791dcc0, 0x00007f338791dd58]

GC Heap History (2 events):
Event: 2.037 GC heap before
{Heap before GC invocations=1 (full 0):
 PSYoungGen      total 18432K, used 15872K [0x00000000eba80000, 0x00000000ecf00000, 0x0000000100000000)
  eden space 15872K, 100% used [0x00000000eba80000,0x00000000eca00000,0x00000000eca00000)
  from space 2560K, 0% used [0x00000000ecc80000,0x00000000ecc80000,0x00000000ecf00000)
  to   space 2560K, 0% used [0x00000000eca00000,0x00000000eca00000,0x00000000ecc80000)
 ParOldGen       total 41472K, used 0K [0x00000000c3000000, 0x00000000c5880000, 0x00000000eba80000)
  object space 41472K, 0% used [0x00000000c3000000,0x00000000c3000000,0x00000000c5880000)
 PSPermGen       total 21504K, used 9302K [0x00000000b8a00000, 0x00000000b9f00000, 0x00000000c3000000)
  object space 21504K, 43% used [0x00000000b8a00000,0x00000000b9315a38,0x00000000b9f00000)
Event: 2.048 GC heap after
Heap after GC invocations=1 (full 0):
 PSYoungGen      total 18432K, used 2530K [0x00000000eba80000, 0x00000000ecf00000, 0x0000000100000000)
  eden space 15872K, 0% used [0x00000000eba80000,0x00000000eba80000,0x00000000eca00000)
  from space 2560K, 98% used [0x00000000eca00000,0x00000000ecc78900,0x00000000ecc80000)
  to   space 2560K, 0% used [0x00000000ecc80000,0x00000000ecc80000,0x00000000ecf00000)
 ParOldGen       total 41472K, used 2144K [0x00000000c3000000, 0x00000000c5880000, 0x00000000eba80000)
  object space 41472K, 5% used [0x00000000c3000000,0x00000000c3218280,0x00000000c5880000)
 PSPermGen       total 21504K, used 9302K [0x00000000b8a00000, 0x00000000b9f00000, 0x00000000c3000000)
  object space 21504K, 43% used [0x00000000b8a00000,0x00000000b9315a38,0x00000000b9f00000)
}

Deoptimization events (1 events):
Event: 0.209 Thread 0x0000000000f86000 Uncommon trap: reason=class_check action=maybe_recompile pc=0x00007f33878d4f80 method=java.util.Properties$LineReader.readLine()I @ 62

Internal exceptions (10 events):
Event: 5.106 Thread 0x00007f337c2b7800 Threw 0x00000000ebfeb910 at /build/openjdk-7-kBcQ8a/openjdk-7-7u55-2.4.7/build/openjdk/hotspot/src/share/vm/prims/jvm.cpp:1244
Event: 5.106 Thread 0x00007f337c2b7800 Threw 0x00000000ebfefb50 at /build/openjdk-7-kBcQ8a/openjdk-7-7u55-2.4.7/build/openjdk/hotspot/src/share/vm/prims/jvm.cpp:1244
Event: 5.411 Thread 0x00007f337c2b7800 Threw 0x00000000ec000c18 at /build/openjdk-7-kBcQ8a/openjdk-7-7u55-2.4.7/build/openjdk/hotspot/src/share/vm/prims/jvm.cpp:1244
Event: 5.811 Thread 0x00007f337c2b7800 Threw 0x00000000ec014f88 at /build/openjdk-7-kBcQ8a/openjdk-7-7u55-2.4.7/build/openjdk/hotspot/src/share/vm/prims/jvm.cpp:1244
Event: 5.812 Thread 0x00007f337c2b7800 Threw 0x00000000ec01a258 at /build/openjdk-7-kBcQ8a/openjdk-7-7u55-2.4.7/build/openjdk/hotspot/src/share/vm/prims/jvm.cpp:1244
Event: 5.812 Thread 0x00007f337c2b7800 Threw 0x00000000ec021240 at /build/openjdk-7-kBcQ8a/openjdk-7-7u55-2.4.7/build/openjdk/hotspot/src/share/vm/prims/jvm.cpp:1244
Event: 5.813 Thread 0x00007f337c2b7800 Threw 0x00000000ec026880 at /build/openjdk-7-kBcQ8a/openjdk-7-7u55-2.4.7/build/openjdk/hotspot/src/share/vm/prims/jvm.cpp:1244
Event: 12.344 Thread 0x00007f337c2b7800 Threw 0x00000000ec152368 at /build/openjdk-7-kBcQ8a/openjdk-7-7u55-2.4.7/build/openjdk/hotspot/src/share/vm/prims/jvm.cpp:1244
Event: 12.352 Thread 0x00007f337c2b7800 Threw 0x00000000ec156830 at /build/openjdk-7-kBcQ8a/openjdk-7-7u55-2.4.7/build/openjdk/hotspot/src/share/vm/prims/jvm.cpp:1244
Event: 12.362 Thread 0x00007f337c2b7800 Threw 0x00000000ec15bbd0 at /build/openjdk-7-kBcQ8a/openjdk-7-7u55-2.4.7/build/openjdk/hotspot/src/share/vm/prims/jvm.cpp:1244

Events (10 events):
Event: 12.580 loading class 0x0000000001234bb0 done
Event: 12.580 Thread 0x00000000010ec000 Thread added: 0x00000000010ec000
Event: 12.580 loading class 0x00007f337c1955c0
Event: 12.581 loading class 0x00000000012421d0
Event: 12.581 loading class 0x00000000012421d0 done
Event: 12.581 loading class 0x0000000001242200
Event: 12.581 loading class 0x0000000001242200 done
Event: 12.581 loading class 0x00007f337c1955c0 done
Event: 12.608 Thread 0x00000000010ec000 Thread exited: 0x00000000010ec000
Event: 12.609 Executing VM operation: Exit


Dynamic libraries:
00400000-00401000 r-xp 00000000 08:03 3934148                            /usr/lib/jvm/java-7-openjdk-amd64/jre/bin/java
00600000-00601000 r--p 00000000 08:03 3934148                            /usr/lib/jvm/java-7-openjdk-amd64/jre/bin/java
00601000-00602000 rw-p 00001000 08:03 3934148                            /usr/lib/jvm/java-7-openjdk-amd64/jre/bin/java
00f77000-01783000 rw-p 00000000 00:00 0                                  [heap]
b8a00000-b9f00000 rw-p 00000000 00:00 0 
b9f00000-c3000000 rw-p 00000000 00:00 0 
c3000000-c5880000 rw-p 00000000 00:00 0 
c5880000-eba80000 rw-p 00000000 00:00 0 
eba80000-ecf00000 rw-p 00000000 00:00 0 
ecf00000-100000000 rw-p 00000000 00:00 0 
7f3364000000-7f3364528000 rw-p 00000000 00:00 0 
7f3364528000-7f3368000000 ---p 00000000 00:00 0 
7f336a72e000-7f336a731000 ---p 00000000 00:00 0 
7f336a731000-7f336a82f000 rw-p 00000000 00:00 0 
7f336b12f000-7f336b132000 ---p 00000000 00:00 0 
7f336b132000-7f336b230000 rw-p 00000000 00:00 0 
7f336b230000-7f336b231000 ---p 00000000 00:00 0 
7f336b231000-7f336ba31000 rw-p 00000000 00:00 0 
7f336ba31000-7f336ba32000 ---p 00000000 00:00 0 
7f336ba32000-7f336c232000 rw-p 00000000 00:00 0 
7f336c37d000-7f336c3c5000 rw-p 00000000 00:00 0 
7f336c3c5000-7f336cac5000 rw-s 00006000 00:05 8262                       /dev/ati/card0
7f336cac5000-7f336cb42000 rw-p 00000000 00:00 0 
7f336cb42000-7f336cb7f000 r-xp 00000000 08:03 4201336                    /usr/lib/x86_64-linux-gnu/libatiadlxx.so
7f336cb7f000-7f336cc7e000 ---p 0003d000 08:03 4201336                    /usr/lib/x86_64-linux-gnu/libatiadlxx.so
7f336cc7e000-7f336cc88000 rw-p 0003c000 08:03 4201336                    /usr/lib/x86_64-linux-gnu/libatiadlxx.so
7f336cc88000-7f336cc98000 rw-p 00000000 00:00 0 
7f336ccb9000-7f336ccc0000 r-xp 00000000 08:03 4201328                    /usr/lib/x86_64-linux-gnu/libatiuki.so.1.0
7f336ccc0000-7f336cdc0000 ---p 00007000 08:03 4201328                    /usr/lib/x86_64-linux-gnu/libatiuki.so.1.0
7f336cdc0000-7f336cdc1000 rw-p 00007000 08:03 4201328                    /usr/lib/x86_64-linux-gnu/libatiuki.so.1.0
7f336cdc1000-7f336cdc2000 rw-p 00000000 00:00 0 
7f336cdc2000-7f336ecba000 r-xp 00000000 08:03 4201338                    /usr/lib/x86_64-linux-gnu/dri/fglrx_dri.so
7f336ecba000-7f336edb9000 ---p 01ef8000 08:03 4201338                    /usr/lib/x86_64-linux-gnu/dri/fglrx_dri.so
7f336edb9000-7f336ef17000 rwxp 01ef7000 08:03 4201338                    /usr/lib/x86_64-linux-gnu/dri/fglrx_dri.so
7f336ef17000-7f336f03b000 rwxp 00000000 00:00 0 
7f336f03b000-7f336f0fe000 r-xp 00000000 08:03 4201341                    /usr/lib/x86_64-linux-gnu/fglrx/fglrx-libGL.so.1.2
7f336f0fe000-7f336f1fd000 ---p 000c3000 08:03 4201341                    /usr/lib/x86_64-linux-gnu/fglrx/fglrx-libGL.so.1.2
7f336f1fd000-7f336f224000 rwxp 000c2000 08:03 4201341                    /usr/lib/x86_64-linux-gnu/fglrx/fglrx-libGL.so.1.2
7f336f224000-7f336f244000 rwxp 00000000 00:00 0 
7f336f244000-7f336f247000 ---p 00000000 00:00 0 
7f336f247000-7f336f345000 rw-p 00000000 00:00 0 
7f336f345000-7f336f348000 ---p 00000000 00:00 0 
7f336f348000-7f336f446000 rw-p 00000000 00:00 0 
7f3373447000-7f3373448000 ---p 00000000 00:00 0 
7f3373448000-7f3373c48000 rw-p 00000000 00:00 0 
7f3373c48000-7f3373c4e000 r-xp 00000000 08:03 4200289                    /usr/lib/x86_64-linux-gnu/libogg.so.0.8.0
7f3373c4e000-7f3373e4d000 ---p 00006000 08:03 4200289                    /usr/lib/x86_64-linux-gnu/libogg.so.0.8.0
7f3373e4d000-7f3373e4e000 rw-p 00005000 08:03 4200289                    /usr/lib/x86_64-linux-gnu/libogg.so.0.8.0
7f3373e4e000-7f3373e7a000 r-xp 00000000 08:03 4200496                    /usr/lib/x86_64-linux-gnu/libvorbis.so.0.4.5
7f3373e7a000-7f3374079000 ---p 0002c000 08:03 4200496                    /usr/lib/x86_64-linux-gnu/libvorbis.so.0.4.5
7f3374079000-7f337407a000 r--p 0002b000 08:03 4200496                    /usr/lib/x86_64-linux-gnu/libvorbis.so.0.4.5
7f337407a000-7f337407b000 rw-p 0002c000 08:03 4200496                    /usr/lib/x86_64-linux-gnu/libvorbis.so.0.4.5
7f337407b000-7f337432e000 r-xp 00000000 08:03 4200498                    /usr/lib/x86_64-linux-gnu/libvorbisenc.so.2.0.8
7f337432e000-7f337452d000 ---p 002b3000 08:03 4200498                    /usr/lib/x86_64-linux-gnu/libvorbisenc.so.2.0.8
7f337452d000-7f3374549000 r--p 002b2000 08:03 4200498                    /usr/lib/x86_64-linux-gnu/libvorbisenc.so.2.0.8
7f3374549000-7f337454a000 rw-p 002ce000 08:03 4200498                    /usr/lib/x86_64-linux-gnu/libvorbisenc.so.2.0.8
7f337454a000-7f3374595000 r-xp 00000000 08:03 4199700                    /usr/lib/x86_64-linux-gnu/libFLAC.so.8.2.0
7f3374595000-7f3374794000 ---p 0004b000 08:03 4199700                    /usr/lib/x86_64-linux-gnu/libFLAC.so.8.2.0
7f3374794000-7f3374795000 r--p 0004a000 08:03 4199700                    /usr/lib/x86_64-linux-gnu/libFLAC.so.8.2.0
7f3374795000-7f3374796000 rw-p 0004b000 08:03 4199700                    /usr/lib/x86_64-linux-gnu/libFLAC.so.8.2.0
7f3374796000-7f337479a000 r-xp 00000000 08:03 12190707                   /lib/x86_64-linux-gnu/libuuid.so.1.3.0
7f337479a000-7f3374999000 ---p 00004000 08:03 12190707                   /lib/x86_64-linux-gnu/libuuid.so.1.3.0
7f3374999000-7f337499a000 r--p 00003000 08:03 12190707                   /lib/x86_64-linux-gnu/libuuid.so.1.3.0
7f337499a000-7f337499b000 rw-p 00004000 08:03 12190707                   /lib/x86_64-linux-gnu/libuuid.so.1.3.0
7f337499b000-7f337499f000 r-xp 00000000 08:03 12190559                   /lib/x86_64-linux-gnu/libattr.so.1.1.0
7f337499f000-7f3374b9e000 ---p 00004000 08:03 12190559                   /lib/x86_64-linux-gnu/libattr.so.1.1.0
7f3374b9e000-7f3374b9f000 r--p 00003000 08:03 12190559                   /lib/x86_64-linux-gnu/libattr.so.1.1.0
7f3374b9f000-7f3374ba0000 rw-p 00004000 08:03 12190559                   /lib/x86_64-linux-gnu/libattr.so.1.1.0
7f3374ba0000-7f3374ba5000 r-xp 00000000 08:03 4199797                    /usr/lib/x86_64-linux-gnu/libasyncns.so.0.3.1
7f3374ba5000-7f3374da4000 ---p 00005000 08:03 4199797                    /usr/lib/x86_64-linux-gnu/libasyncns.so.0.3.1
7f3374da4000-7f3374da5000 rw-p 00004000 08:03 4199797                    /usr/lib/x86_64-linux-gnu/libasyncns.so.0.3.1
7f3374da5000-7f3374e06000 r-xp 00000000 08:03 4200411                    /usr/lib/x86_64-linux-gnu/libsndfile.so.1.0.25
7f3374e06000-7f3375005000 ---p 00061000 08:03 4200411                    /usr/lib/x86_64-linux-gnu/libsndfile.so.1.0.25
7f3375005000-7f3375007000 r--p 00060000 08:03 4200411                    /usr/lib/x86_64-linux-gnu/libsndfile.so.1.0.25
7f3375007000-7f3375008000 rw-p 00062000 08:03 4200411                    /usr/lib/x86_64-linux-gnu/libsndfile.so.1.0.25
7f3375008000-7f337500c000 rw-p 00000000 00:00 0 
7f337500c000-7f3375015000 r-xp 00000000 08:03 12190709                   /lib/x86_64-linux-gnu/libwrap.so.0.7.6
7f3375015000-7f3375214000 ---p 00009000 08:03 12190709                   /lib/x86_64-linux-gnu/libwrap.so.0.7.6
7f3375214000-7f3375215000 r--p 00008000 08:03 12190709                   /lib/x86_64-linux-gnu/libwrap.so.0.7.6
7f3375215000-7f3375216000 rw-p 00009000 08:03 12190709                   /lib/x86_64-linux-gnu/libwrap.so.0.7.6
7f3375216000-7f3375217000 rw-p 00000000 00:00 0 
7f3375217000-7f337521e000 r-xp 00000000 08:03 4199720                    /usr/lib/x86_64-linux-gnu/libSM.so.6.0.1
7f337521e000-7f337541d000 ---p 00007000 08:03 4199720                    /usr/lib/x86_64-linux-gnu/libSM.so.6.0.1
7f337541d000-7f337541e000 rw-p 00006000 08:03 4199720                    /usr/lib/x86_64-linux-gnu/libSM.so.6.0.1
7f337541e000-7f3375435000 r-xp 00000000 08:03 4199710                    /usr/lib/x86_64-linux-gnu/libICE.so.6.3.0
7f3375435000-7f3375634000 ---p 00017000 08:03 4199710                    /usr/lib/x86_64-linux-gnu/libICE.so.6.3.0
7f3375634000-7f3375636000 rw-p 00016000 08:03 4199710                    /usr/lib/x86_64-linux-gnu/libICE.so.6.3.0
7f3375636000-7f3375639000 rw-p 00000000 00:00 0 
7f3375639000-7f337563a000 r-xp 00000000 08:03 4199726                    /usr/lib/x86_64-linux-gnu/libX11-xcb.so.1.0.0
7f337563a000-7f3375839000 ---p 00001000 08:03 4199726                    /usr/lib/x86_64-linux-gnu/libX11-xcb.so.1.0.0
7f3375839000-7f337583a000 rw-p 00000000 08:03 4199726                    /usr/lib/x86_64-linux-gnu/libX11-xcb.so.1.0.0
7f337583a000-7f337583e000 r-xp 00000000 08:03 12190572                   /lib/x86_64-linux-gnu/libcap.so.2.22
7f337583e000-7f3375a3d000 ---p 00004000 08:03 12190572                   /lib/x86_64-linux-gnu/libcap.so.2.22
7f3375a3d000-7f3375a3e000 rw-p 00003000 08:03 12190572                   /lib/x86_64-linux-gnu/libcap.so.2.22
7f3375a3e000-7f3375a9f000 r-xp 00000000 08:03 4325923                    /usr/lib/x86_64-linux-gnu/pulseaudio/libpulsecommon-2.0.so
7f3375a9f000-7f3375c9e000 ---p 00061000 08:03 4325923                    /usr/lib/x86_64-linux-gnu/pulseaudio/libpulsecommon-2.0.so
7f3375c9e000-7f3375c9f000 r--p 00060000 08:03 4325923                    /usr/lib/x86_64-linux-gnu/pulseaudio/libpulsecommon-2.0.so
7f3375c9f000-7f3375ca1000 rw-p 00061000 08:03 4325923                    /usr/lib/x86_64-linux-gnu/pulseaudio/libpulsecommon-2.0.so
7f3375ca1000-7f3375caa000 r-xp 00000000 08:03 12190608                   /lib/x86_64-linux-gnu/libjson.so.0.1.0
7f3375caa000-7f3375ea9000 ---p 00009000 08:03 12190608                   /lib/x86_64-linux-gnu/libjson.so.0.1.0
7f3375ea9000-7f3375eaa000 r--p 00008000 08:03 12190608                   /lib/x86_64-linux-gnu/libjson.so.0.1.0
7f3375eaa000-7f3375eab000 rw-p 00009000 08:03 12190608                   /lib/x86_64-linux-gnu/libjson.so.0.1.0
7f3375eab000-7f3375ef4000 r-xp 00000000 08:03 4200364                    /usr/lib/x86_64-linux-gnu/libpulse.so.0.14.2
7f3375ef4000-7f33760f3000 ---p 00049000 08:03 4200364                    /usr/lib/x86_64-linux-gnu/libpulse.so.0.14.2
7f33760f3000-7f33760f4000 r--p 00048000 08:03 4200364                    /usr/lib/x86_64-linux-gnu/libpulse.so.0.14.2
7f33760f4000-7f33760f5000 rw-p 00049000 08:03 4200364                    /usr/lib/x86_64-linux-gnu/libpulse.so.0.14.2
7f337634e000-7f3376352000 r-xp 00000000 08:03 4199775                    /usr/lib/x86_64-linux-gnu/libXxf86vm.so.1.0.0
7f3376352000-7f3376552000 ---p 00004000 08:03 4199775                    /usr/lib/x86_64-linux-gnu/libXxf86vm.so.1.0.0
7f3376552000-7f3376553000 r--p 00004000 08:03 4199775                    /usr/lib/x86_64-linux-gnu/libXxf86vm.so.1.0.0
7f3376553000-7f3376554000 rw-p 00005000 08:03 4199775                    /usr/lib/x86_64-linux-gnu/libXxf86vm.so.1.0.0
7f3376554000-7f33765c0000 r-xp 00000000 08:01 300856                     /media/winDisk/Users/ChobeDucket/Documents/sheep/android/assets/.temp/7b43be9b/liblwjgl64.so
7f33765c0000-7f33767bf000 ---p 0006c000 08:01 300856                     /media/winDisk/Users/ChobeDucket/Documents/sheep/android/assets/.temp/7b43be9b/liblwjgl64.so
7f33767bf000-7f33767c1000 r--p 0006b000 08:01 300856                     /media/winDisk/Users/ChobeDucket/Documents/sheep/android/assets/.temp/7b43be9b/liblwjgl64.so
7f33767c1000-7f33767c2000 rw-p 0006d000 08:01 300856                     /media/winDisk/Users/ChobeDucket/Documents/sheep/android/assets/.temp/7b43be9b/liblwjgl64.so
7f33767c2000-7f33767c3000 r-xp 00000000 08:03 3934229                    /usr/lib/jvm/java-7-openjdk-amd64/jre/lib/amd64/libjawt.so
7f33767c3000-7f33769c2000 ---p 00001000 08:03 3934229                    /usr/lib/jvm/java-7-openjdk-amd64/jre/lib/amd64/libjawt.so
7f33769c2000-7f33769c3000 r--p 00000000 08:03 3934229                    /usr/lib/jvm/java-7-openjdk-amd64/jre/lib/amd64/libjawt.so
7f33769c3000-7f33769c4000 rw-p 00001000 08:03 3934229                    /usr/lib/jvm/java-7-openjdk-amd64/jre/lib/amd64/libjawt.so
7f33769c4000-7f33769c7000 ---p 00000000 00:00 0 
7f33769c7000-7f3376ac5000 rw-p 00000000 00:00 0 
7f3376ac5000-7f3376ac8000 r-xp 00000000 08:03 12190599                   /lib/x86_64-linux-gnu/libgpg-error.so.0.8.0
7f3376ac8000-7f3376cc7000 ---p 00003000 08:03 12190599                   /lib/x86_64-linux-gnu/libgpg-error.so.0.8.0
7f3376cc7000-7f3376cc8000 rw-p 00002000 08:03 12190599                   /lib/x86_64-linux-gnu/libgpg-error.so.0.8.0
7f3376cc8000-7f3376d0c000 r-xp 00000000 08:03 12190580                   /lib/x86_64-linux-gnu/libdbus-1.so.3.7.2
7f3376d0c000-7f3376f0c000 ---p 00044000 08:03 12190580                   /lib/x86_64-linux-gnu/libdbus-1.so.3.7.2
7f3376f0c000-7f3376f0d000 r--p 00044000 08:03 12190580                   /lib/x86_64-linux-gnu/libdbus-1.so.3.7.2
7f3376f0d000-7f3376f0e000 rw-p 00045000 08:03 12190580                   /lib/x86_64-linux-gnu/libdbus-1.so.3.7.2
7f3376f0e000-7f3376f1f000 r-xp 00000000 08:03 4200305                    /usr/lib/x86_64-linux-gnu/libp11-kit.so.0.0.0
7f3376f1f000-7f337711e000 ---p 00011000 08:03 4200305                    /usr/lib/x86_64-linux-gnu/libp11-kit.so.0.0.0
7f337711e000-7f337711f000 r--p 00010000 08:03 4200305                    /usr/lib/x86_64-linux-gnu/libp11-kit.so.0.0.0
7f337711f000-7f3377120000 rw-p 00011000 08:03 4200305                    /usr/lib/x86_64-linux-gnu/libp11-kit.so.0.0.0
7f3377120000-7f337719a000 r-xp 00000000 08:03 12190595                   /lib/x86_64-linux-gnu/libgcrypt.so.11.7.0
7f337719a000-7f337739a000 ---p 0007a000 08:03 12190595                   /lib/x86_64-linux-gnu/libgcrypt.so.11.7.0
7f337739a000-7f337739b000 r--p 0007a000 08:03 12190595                   /lib/x86_64-linux-gnu/libgcrypt.so.11.7.0
7f337739b000-7f337739e000 rw-p 0007b000 08:03 12190595                   /lib/x86_64-linux-gnu/libgcrypt.so.11.7.0
7f337739e000-7f33773ae000 r-xp 00000000 08:03 4200448                    /usr/lib/x86_64-linux-gnu/libtasn1.so.3.1.16
7f33773ae000-7f33775ad000 ---p 00010000 08:03 4200448                    /usr/lib/x86_64-linux-gnu/libtasn1.so.3.1.16
7f33775ad000-7f33775ae000 r--p 0000f000 08:03 4200448                    /usr/lib/x86_64-linux-gnu/libtasn1.so.3.1.16
7f33775ae000-7f33775af000 rw-p 00010000 08:03 4200448                    /usr/lib/x86_64-linux-gnu/libtasn1.so.3.1.16
7f33775af000-7f33775b2000 r-xp 00000000 08:03 12190610                   /lib/x86_64-linux-gnu/libkeyutils.so.1.4
7f33775b2000-7f33777b1000 ---p 00003000 08:03 12190610                   /lib/x86_64-linux-gnu/libkeyutils.so.1.4
7f33777b1000-7f33777b2000 r--p 00002000 08:03 12190610                   /lib/x86_64-linux-gnu/libkeyutils.so.1.4
7f33777b2000-7f33777b3000 rw-p 00003000 08:03 12190610                   /lib/x86_64-linux-gnu/libkeyutils.so.1.4
7f33777b3000-7f33777bb000 r-xp 00000000 08:03 4200208                    /usr/lib/x86_64-linux-gnu/libkrb5support.so.0.1
7f33777bb000-7f33779ba000 ---p 00008000 08:03 4200208                    /usr/lib/x86_64-linux-gnu/libkrb5support.so.0.1
7f33779ba000-7f33779bb000 r--p 00007000 08:03 4200208                    /usr/lib/x86_64-linux-gnu/libkrb5support.so.0.1
7f33779bb000-7f33779bc000 rw-p 00008000 08:03 4200208                    /usr/lib/x86_64-linux-gnu/libkrb5support.so.0.1
7f33779bc000-7f33779bf000 r-xp 00000000 08:03 12190576                   /lib/x86_64-linux-gnu/libcom_err.so.2.1
7f33779bf000-7f3377bbe000 ---p 00003000 08:03 12190576                   /lib/x86_64-linux-gnu/libcom_err.so.2.1
7f3377bbe000-7f3377bbf000 r--p 00002000 08:03 12190576                   /lib/x86_64-linux-gnu/libcom_err.so.2.1
7f3377bbf000-7f3377bc0000 rw-p 00003000 08:03 12190576                   /lib/x86_64-linux-gnu/libcom_err.so.2.1
7f3377bc0000-7f3377be6000 r-xp 00000000 08:03 4200198                    /usr/lib/x86_64-linux-gnu/libk5crypto.so.3.1
7f3377be6000-7f3377de6000 ---p 00026000 08:03 4200198                    /usr/lib/x86_64-linux-gnu/libk5crypto.so.3.1
7f3377de6000-7f3377de7000 r--p 00026000 08:03 4200198                    /usr/lib/x86_64-linux-gnu/libk5crypto.so.3.1
7f3377de7000-7f3377de8000 rw-p 00027000 08:03 4200198                    /usr/lib/x86_64-linux-gnu/libk5crypto.so.3.1
7f3377de8000-7f3377de9000 rw-p 00000000 00:00 0 
7f3377de9000-7f3377eb2000 r-xp 00000000 08:03 4200206                    /usr/lib/x86_64-linux-gnu/libkrb5.so.3.3
7f3377eb2000-7f33780b1000 ---p 000c9000 08:03 4200206                    /usr/lib/x86_64-linux-gnu/libkrb5.so.3.3
7f33780b1000-7f33780bb000 r--p 000c8000 08:03 4200206                    /usr/lib/x86_64-linux-gnu/libkrb5.so.3.3
7f33780bb000-7f33780bd000 rw-p 000d2000 08:03 4200206                    /usr/lib/x86_64-linux-gnu/libkrb5.so.3.3
7f33780bd000-7f33780c2000 r-xp 00000000 08:03 4199743                    /usr/lib/x86_64-linux-gnu/libXdmcp.so.6.0.0
7f33780c2000-7f33782c1000 ---p 00005000 08:03 4199743                    /usr/lib/x86_64-linux-gnu/libXdmcp.so.6.0.0
7f33782c1000-7f33782c2000 rw-p 00004000 08:03 4199743                    /usr/lib/x86_64-linux-gnu/libXdmcp.so.6.0.0
7f33782c2000-7f33782c4000 r-xp 00000000 08:03 4199732                    /usr/lib/x86_64-linux-gnu/libXau.so.6.0.0
7f33782c4000-7f33784c4000 ---p 00002000 08:03 4199732                    /usr/lib/x86_64-linux-gnu/libXau.so.6.0.0
7f33784c4000-7f33784c5000 rw-p 00002000 08:03 4199732                    /usr/lib/x86_64-linux-gnu/libXau.so.6.0.0
7f33784c5000-7f33784d5000 r-xp 00000000 08:03 4199807                    /usr/lib/x86_64-linux-gnu/libavahi-client.so.3.2.9
7f33784d5000-7f33786d4000 ---p 00010000 08:03 4199807                    /usr/lib/x86_64-linux-gnu/libavahi-client.so.3.2.9
7f33786d4000-7f33786d5000 r--p 0000f000 08:03 4199807                    /usr/lib/x86_64-linux-gnu/libavahi-client.so.3.2.9
7f33786d5000-7f33786d6000 rw-p 00010000 08:03 4199807                    /usr/lib/x86_64-linux-gnu/libavahi-client.so.3.2.9
7f33786d6000-7f33786e2000 r-xp 00000000 08:03 4199809                    /usr/lib/x86_64-linux-gnu/libavahi-common.so.3.5.3
7f33786e2000-7f33788e1000 ---p 0000c000 08:03 4199809                    /usr/lib/x86_64-linux-gnu/libavahi-common.so.3.5.3
7f33788e1000-7f33788e2000 r--p 0000b000 08:03 4199809                    /usr/lib/x86_64-linux-gnu/libavahi-common.so.3.5.3
7f33788e2000-7f33788e3000 rw-p 0000c000 08:03 4199809                    /usr/lib/x86_64-linux-gnu/libavahi-common.so.3.5.3
7f33788e3000-7f337899c000 r-xp 00000000 08:03 4200060                    /usr/lib/x86_64-linux-gnu/libgnutls.so.26.22.4
7f337899c000-7f3378b9b000 ---p 000b9000 08:03 4200060                    /usr/lib/x86_64-linux-gnu/libgnutls.so.26.22.4
7f3378b9b000-7f3378ba1000 r--p 000b8000 08:03 4200060                    /usr/lib/x86_64-linux-gnu/libgnutls.so.26.22.4
7f3378ba1000-7f3378ba3000 rw-p 000be000 08:03 4200060                    /usr/lib/x86_64-linux-gnu/libgnutls.so.26.22.4
7f3378ba3000-7f3378bdf000 r-xp 00000000 08:03 4200085                    /usr/lib/x86_64-linux-gnu/libgssapi_krb5.so.2.2
7f3378bdf000-7f3378ddf000 ---p 0003c000 08:03 4200085                    /usr/lib/x86_64-linux-gnu/libgssapi_krb5.so.2.2
7f3378ddf000-7f3378de0000 r--p 0003c000 08:03 4200085                    /usr/lib/x86_64-linux-gnu/libgssapi_krb5.so.2.2
7f3378de0000-7f3378de2000 rw-p 0003d000 08:03 4200085                    /usr/lib/x86_64-linux-gnu/libgssapi_krb5.so.2.2
7f3378de2000-7f3378e1e000 r-xp 00000000 08:03 12190663                   /lib/x86_64-linux-gnu/libpcre.so.3.13.1
7f3378e1e000-7f337901e000 ---p 0003c000 08:03 12190663                   /lib/x86_64-linux-gnu/libpcre.so.3.13.1
7f337901e000-7f337901f000 rw-p 0003c000 08:03 12190663                   /lib/x86_64-linux-gnu/libpcre.so.3.13.1
7f337901f000-7f337902b000 r-xp 00000000 08:03 4199961                    /usr/lib/x86_64-linux-gnu/libffi.so.5.0.10
7f337902b000-7f337922b000 ---p 0000c000 08:03 4199961                    /usr/lib/x86_64-linux-gnu/libffi.so.5.0.10
7f337922b000-7f337922c000 rw-p 0000c000 08:03 4199961                    /usr/lib/x86_64-linux-gnu/libffi.so.5.0.10
7f337922c000-7f3379253000 r-xp 00000000 08:03 12190588                   /lib/x86_64-linux-gnu/libexpat.so.1.6.0
7f3379253000-7f3379453000 ---p 00027000 08:03 12190588                   /lib/x86_64-linux-gnu/libexpat.so.1.6.0
7f3379453000-7f3379455000 r--p 00027000 08:03 12190588                   /lib/x86_64-linux-gnu/libexpat.so.1.6.0
7f3379455000-7f3379456000 rw-p 00029000 08:03 12190588                   /lib/x86_64-linux-gnu/libexpat.so.1.6.0
7f3379456000-7f337945e000 r-xp 00000000 08:03 4200521                    /usr/lib/x86_64-linux-gnu/libxcb-render.so.0.0.0
7f337945e000-7f337965e000 ---p 00008000 08:03 4200521                    /usr/lib/x86_64-linux-gnu/libxcb-render.so.0.0.0
7f337965e000-7f337965f000 r--p 00008000 08:03 4200521                    /usr/lib/x86_64-linux-gnu/libxcb-render.so.0.0.0
7f337965f000-7f3379660000 rw-p 00009000 08:03 4200521                    /usr/lib/x86_64-linux-gnu/libxcb-render.so.0.0.0
7f3379660000-7f3379662000 r-xp 00000000 08:03 4200525                    /usr/lib/x86_64-linux-gnu/libxcb-shm.so.0.0.0
7f3379662000-7f3379861000 ---p 00002000 08:03 4200525                    /usr/lib/x86_64-linux-gnu/libxcb-shm.so.0.0.0
7f3379861000-7f3379862000 r--p 00001000 08:03 4200525                    /usr/lib/x86_64-linux-gnu/libxcb-shm.so.0.0.0
7f3379862000-7f3379863000 rw-p 00002000 08:03 4200525                    /usr/lib/x86_64-linux-gnu/libxcb-shm.so.0.0.0
7f3379863000-7f33798e3000 r-xp 00000000 08:03 4200335                    /usr/lib/x86_64-linux-gnu/libpixman-1.so.0.26.0
7f33798e3000-7f3379ae3000 ---p 00080000 08:03 4200335                    /usr/lib/x86_64-linux-gnu/libpixman-1.so.0.26.0
7f3379ae3000-7f3379ae9000 rw-p 00080000 08:03 4200335                    /usr/lib/x86_64-linux-gnu/libpixman-1.so.0.26.0
7f3379ae9000-7f3379b0f000 r-xp 00000000 08:03 12190665                   /lib/x86_64-linux-gnu/libpng12.so.0.49.0
7f3379b0f000-7f3379d0e000 ---p 00026000 08:03 12190665                   /lib/x86_64-linux-gnu/libpng12.so.0.49.0
7f3379d0e000-7f3379d0f000 r--p 00025000 08:03 12190665                   /lib/x86_64-linux-gnu/libpng12.so.0.49.0
7f3379d0f000-7f3379d10000 rw-p 00026000 08:03 12190665                   /lib/x86_64-linux-gnu/libpng12.so.0.49.0
7f3379d10000-7f3379d23000 r-xp 00000000 08:03 12190676                   /lib/x86_64-linux-gnu/libresolv-2.13.so
7f3379d23000-7f3379f22000 ---p 00013000 08:03 12190676                   /lib/x86_64-linux-gnu/libresolv-2.13.so
7f3379f22000-7f3379f23000 r--p 00012000 08:03 12190676                   /lib/x86_64-linux-gnu/libresolv-2.13.so
7f3379f23000-7f3379f24000 rw-p 00013000 08:03 12190676                   /lib/x86_64-linux-gnu/libresolv-2.13.so
7f3379f24000-7f3379f26000 rw-p 00000000 00:00 0 
7f3379f26000-7f3379f44000 r-xp 00000000 08:03 12190680                   /lib/x86_64-linux-gnu/libselinux.so.1
7f3379f44000-7f337a143000 ---p 0001e000 08:03 12190680                   /lib/x86_64-linux-gnu/libselinux.so.1
7f337a143000-7f337a144000 r--p 0001d000 08:03 12190680                   /lib/x86_64-linux-gnu/libselinux.so.1
7f337a144000-7f337a145000 rw-p 0001e000 08:03 12190680                   /lib/x86_64-linux-gnu/libselinux.so.1
7f337a145000-7f337a146000 rw-p 00000000 00:00 0 
7f337a146000-7f337a149000 r-xp 00000000 08:03 4200052                    /usr/lib/x86_64-linux-gnu/libgmodule-2.0.so.0.3200.4
7f337a149000-7f337a348000 ---p 00003000 08:03 4200052                    /usr/lib/x86_64-linux-gnu/libgmodule-2.0.so.0.3200.4
7f337a348000-7f337a349000 r--p 00002000 08:03 4200052                    /usr/lib/x86_64-linux-gnu/libgmodule-2.0.so.0.3200.4
7f337a349000-7f337a34a000 rw-p 00003000 08:03 4200052                    /usr/lib/x86_64-linux-gnu/libgmodule-2.0.so.0.3200.4
7f337a34a000-7f337a354000 r-xp 00000000 08:03 4199739                    /usr/lib/x86_64-linux-gnu/libXcursor.so.1.0.2
7f337a354000-7f337a553000 ---p 0000a000 08:03 4199739                    /usr/lib/x86_64-linux-gnu/libXcursor.so.1.0.2
7f337a553000-7f337a554000 rw-p 00009000 08:03 4199739                    /usr/lib/x86_64-linux-gnu/libXcursor.so.1.0.2
7f337a554000-7f337a55b000 r-xp 00000000 08:03 4199761                    /usr/lib/x86_64-linux-gnu/libXrandr.so.2.2.0
7f337a55b000-7f337a75b000 ---p 00007000 08:03 4199761                    /usr/lib/x86_64-linux-gnu/libXrandr.so.2.2.0
7f337a75b000-7f337a75c000 rw-p 00007000 08:03 4199761                    /usr/lib/x86_64-linux-gnu/libXrandr.so.2.2.0
7f337a75c000-7f337a75e000 r-xp 00000000 08:03 4199753                    /usr/lib/x86_64-linux-gnu/libXinerama.so.1.0.0
7f337a75e000-7f337a95d000 ---p 00002000 08:03 4199753                    /usr/lib/x86_64-linux-gnu/libXinerama.so.1.0.0
7f337a95d000-7f337a95e000 rw-p 00001000 08:03 4199753                    /usr/lib/x86_64-linux-gnu/libXinerama.so.1.0.0
7f337a95e000-7f337a963000 r-xp 00000000 08:03 4199747                    /usr/lib/x86_64-linux-gnu/libXfixes.so.3.1.0
7f337a963000-7f337ab62000 ---p 00005000 08:03 4199747                    /usr/lib/x86_64-linux-gnu/libXfixes.so.3.1.0
7f337ab62000-7f337ab63000 r--p 00004000 08:03 4199747                    /usr/lib/x86_64-linux-gnu/libXfixes.so.3.1.0
7f337ab63000-7f337ab64000 rw-p 00005000 08:03 4199747                    /usr/lib/x86_64-linux-gnu/libXfixes.so.3.1.0
7f337ab64000-7f337ab66000 r-xp 00000000 08:03 4199741                    /usr/lib/x86_64-linux-gnu/libXdamage.so.1.1.0
7f337ab66000-7f337ad65000 ---p 00002000 08:03 4199741                    /usr/lib/x86_64-linux-gnu/libXdamage.so.1.1.0
7f337ad65000-7f337ad66000 rw-p 00001000 08:03 4199741                    /usr/lib/x86_64-linux-gnu/libXdamage.so.1.1.0
7f337ad66000-7f337ad68000 r-xp 00000000 08:03 4199737                    /usr/lib/x86_64-linux-gnu/libXcomposite.so.1.0.0
7f337ad68000-7f337af67000 ---p 00002000 08:03 4199737                    /usr/lib/x86_64-linux-gnu/libXcomposite.so.1.0.0
7f337af67000-7f337af68000 rw-p 00001000 08:03 4199737                    /usr/lib/x86_64-linux-gnu/libXcomposite.so.1.0.0
7f337af68000-7f337af87000 r-xp 00000000 08:03 4200529                    /usr/lib/x86_64-linux-gnu/libxcb.so.1.1.0
7f337af87000-7f337b186000 ---p 0001f000 08:03 4200529                    /usr/lib/x86_64-linux-gnu/libxcb.so.1.1.0
7f337b186000-7f337b187000 r--p 0001e000 08:03 4200529                    /usr/lib/x86_64-linux-gnu/libxcb.so.1.1.0
7f337b187000-7f337b188000 rw-p 0001f000 08:03 4200529                    /usr/lib/x86_64-linux-gnu/libxcb.so.1.1.0
7f337b188000-7f337b1db000 r-xp 00000000 08:03 4199889                    /usr/lib/x86_64-linux-gnu/libcups.so.2
7f337b1db000-7f337b3da000 ---p 00053000 08:03 4199889                    /usr/lib/x86_64-linux-gnu/libcups.so.2
7f337b3da000-7f337b3df000 r--p 00052000 08:03 4199889                    /usr/lib/x86_64-linux-gnu/libcups.so.2
7f337b3df000-7f337b3e0000 rw-p 00057000 08:03 4199889                    /usr/lib/x86_64-linux-gnu/libcups.so.2
7f337b3e0000-7f337b4d5000 r-xp 00000000 08:03 12190597                   /lib/x86_64-linux-gnu/libglib-2.0.so.0.3200.4
7f337b4d5000-7f337b6d5000 ---p 000f5000 08:03 12190597                   /lib/x86_64-linux-gnu/libglib-2.0.so.0.3200.4
7f337b6d5000-7f337b6d6000 r--p 000f5000 08:03 12190597                   /lib/x86_64-linux-gnu/libglib-2.0.so.0.3200.4
7f337b6d6000-7f337b6d7000 rw-p 000f6000 08:03 12190597                   /lib/x86_64-linux-gnu/libglib-2.0.so.0.3200.4
7f337b6d7000-7f337b6d8000 rw-p 00000000 00:00 0 
7f337b6d8000-7f337b6d9000 r-xp 00000000 08:03 4200137                    /usr/lib/x86_64-linux-gnu/libgthread-2.0.so.0.3200.4
7f337b6d9000-7f337b8d8000 ---p 00001000 08:03 4200137                    /usr/lib/x86_64-linux-gnu/libgthread-2.0.so.0.3200.4
7f337b8d8000-7f337b8d9000 r--p 00000000 08:03 4200137                    /usr/lib/x86_64-linux-gnu/libgthread-2.0.so.0.3200.4
7f337b8d9000-7f337b8da000 rw-p 00001000 08:03 4200137                    /usr/lib/x86_64-linux-gnu/libgthread-2.0.so.0.3200.4
7f337b8da000-7f337b928000 r-xp 00000000 08:03 4200068                    /usr/lib/x86_64-linux-gnu/libgobject-2.0.so.0.3200.4
7f337b928000-7f337bb28000 ---p 0004e000 08:03 4200068                    /usr/lib/x86_64-linux-gnu/libgobject-2.0.so.0.3200.4
7f337bb28000-7f337bb29000 r--p 0004e000 08:03 4200068                    /usr/lib/x86_64-linux-gnu/libgobject-2.0.so.0.3200.4
7f337bb29000-7f337bb2a000 rw-p 0004f000 08:03 4200068                    /usr/lib/x86_64-linux-gnu/libgobject-2.0.so.0.3200.4
7f337bb2a000-7f337bb5f000 r-xp 00000000 08:03 4199999                    /usr/lib/x86_64-linux-gnu/libfontconfig.so.1.5.0
7f337bb5f000-7f337bd5f000 ---p 00035000 08:03 4199999                    /usr/lib/x86_64-linux-gnu/libfontconfig.so.1.5.0
7f337bd5f000-7f337bd60000 r--p 00035000 08:03 4199999                    /usr/lib/x86_64-linux-gnu/libfontconfig.so.1.5.0
7f337bd60000-7f337bd61000 rw-p 00036000 08:03 4199999                    /usr/lib/x86_64-linux-gnu/libfontconfig.so.1.5.0
7f337bd61000-7f337bdfa000 r-xp 00000000 08:03 4200007                    /usr/lib/x86_64-linux-gnu/libfreetype.so.6.8.1
7f337bdfa000-7f337bff9000 ---p 00099000 08:03 4200007                    /usr/lib/x86_64-linux-gnu/libfreetype.so.6.8.1
7f337bff9000-7f337bfff000 r--p 00098000 08:03 4200007                    /usr/lib/x86_64-linux-gnu/libfreetype.so.6.8.1
7f337bfff000-7f337c000000 rw-p 0009e000 08:03 4200007                    /usr/lib/x86_64-linux-gnu/libfreetype.so.6.8.1
7f337c000000-7f337ffd3000 rw-p 00000000 00:00 0 
7f337ffd3000-7f3380000000 ---p 00000000 00:00 0 
7f3380003000-7f3380006000 ---p 00000000 00:00 0 
7f3380006000-7f338003c000 rw-p 00000000 00:00 0 
7f338003c000-7f338003f000 ---p 00000000 00:00 0 
7f338003f000-7f338013d000 rw-p 00000000 00:00 0 
7f338013d000-7f3380146000 r--s 000b9000 08:03 3934170                    /usr/lib/jvm/java-7-openjdk-amd64/jre/lib/resources.jar
7f3380146000-7f3380190000 r-xp 00000000 08:03 4200313                    /usr/lib/x86_64-linux-gnu/libpango-1.0.so.0.3000.0
7f3380190000-7f3380390000 ---p 0004a000 08:03 4200313                    /usr/lib/x86_64-linux-gnu/libpango-1.0.so.0.3000.0
7f3380390000-7f3380392000 r--p 0004a000 08:03 4200313                    /usr/lib/x86_64-linux-gnu/libpango-1.0.so.0.3000.0
7f3380392000-7f3380393000 rw-p 0004c000 08:03 4200313                    /usr/lib/x86_64-linux-gnu/libpango-1.0.so.0.3000.0
7f3380393000-7f3380487000 r-xp 00000000 08:03 4199843                    /usr/lib/x86_64-linux-gnu/libcairo.so.2.11200.2
7f3380487000-7f3380686000 ---p 000f4000 08:03 4199843                    /usr/lib/x86_64-linux-gnu/libcairo.so.2.11200.2
7f3380686000-7f3380689000 r--p 000f3000 08:03 4199843                    /usr/lib/x86_64-linux-gnu/libcairo.so.2.11200.2
7f3380689000-7f338068a000 rw-p 000f6000 08:03 4199843                    /usr/lib/x86_64-linux-gnu/libcairo.so.2.11200.2
7f338068a000-7f338068c000 rw-p 00000000 00:00 0 
7f338068c000-7f33806ab000 r-xp 00000000 08:03 4200030                    /usr/lib/x86_64-linux-gnu/libgdk_pixbuf-2.0.so.0.2600.1
7f33806ab000-7f33808aa000 ---p 0001f000 08:03 4200030                    /usr/lib/x86_64-linux-gnu/libgdk_pixbuf-2.0.so.0.2600.1
7f33808aa000-7f33808ab000 r--p 0001e000 08:03 4200030                    /usr/lib/x86_64-linux-gnu/libgdk_pixbuf-2.0.so.0.2600.1
7f33808ab000-7f33808ac000 rw-p 0001f000 08:03 4200030                    /usr/lib/x86_64-linux-gnu/libgdk_pixbuf-2.0.so.0.2600.1
7f33808ac000-7f33808b8000 r-xp 00000000 08:03 4200315                    /usr/lib/x86_64-linux-gnu/libpangocairo-1.0.so.0.3000.0
7f33808b8000-7f3380ab7000 ---p 0000c000 08:03 4200315                    /usr/lib/x86_64-linux-gnu/libpangocairo-1.0.so.0.3000.0
7f3380ab7000-7f3380ab8000 r--p 0000b000 08:03 4200315                    /usr/lib/x86_64-linux-gnu/libpangocairo-1.0.so.0.3000.0
7f3380ab8000-7f3380ab9000 rw-p 0000c000 08:03 4200315                    /usr/lib/x86_64-linux-gnu/libpangocairo-1.0.so.0.3000.0
7f3380ab9000-7f3380ae3000 r-xp 00000000 08:03 4200317                    /usr/lib/x86_64-linux-gnu/libpangoft2-1.0.so.0.3000.0
7f3380ae3000-7f3380ce2000 ---p 0002a000 08:03 4200317                    /usr/lib/x86_64-linux-gnu/libpangoft2-1.0.so.0.3000.0
7f3380ce2000-7f3380ce3000 r--p 00029000 08:03 4200317                    /usr/lib/x86_64-linux-gnu/libpangoft2-1.0.so.0.3000.0
7f3380ce3000-7f3380ce4000 rw-p 0002a000 08:03 4200317                    /usr/lib/x86_64-linux-gnu/libpangoft2-1.0.so.0.3000.0
7f3380ce4000-7f3380e30000 r-xp 00000000 08:03 4200042                    /usr/lib/x86_64-linux-gnu/libgio-2.0.so.0.3200.4
7f3380e30000-7f338102f000 ---p 0014c000 08:03 4200042                    /usr/lib/x86_64-linux-gnu/libgio-2.0.so.0.3200.4
7f338102f000-7f3381033000 r--p 0014b000 08:03 4200042                    /usr/lib/x86_64-linux-gnu/libgio-2.0.so.0.3200.4
7f3381033000-7f3381035000 rw-p 0014f000 08:03 4200042                    /usr/lib/x86_64-linux-gnu/libgio-2.0.so.0.3200.4
7f3381035000-7f3381037000 rw-p 00000000 00:00 0 
7f3381037000-7f3381058000 r-xp 00000000 08:03 4199799                    /usr/lib/x86_64-linux-gnu/libatk-1.0.so.0.20409.1
7f3381058000-7f3381257000 ---p 00021000 08:03 4199799                    /usr/lib/x86_64-linux-gnu/libatk-1.0.so.0.20409.1
7f3381257000-7f3381259000 r--p 00020000 08:03 4199799                    /usr/lib/x86_64-linux-gnu/libatk-1.0.so.0.20409.1
7f3381259000-7f338125a000 rw-p 00022000 08:03 4199799                    /usr/lib/x86_64-linux-gnu/libatk-1.0.so.0.20409.1
7f338125a000-7f3381309000 r-xp 00000000 08:03 4200028                    /usr/lib/x86_64-linux-gnu/libgdk-x11-2.0.so.0.2400.10
7f3381309000-7f3381508000 ---p 000af000 08:03 4200028                    /usr/lib/x86_64-linux-gnu/libgdk-x11-2.0.so.0.2400.10
7f3381508000-7f338150d000 rw-p 000ae000 08:03 4200028                    /usr/lib/x86_64-linux-gnu/libgdk-x11-2.0.so.0.2400.10
7f338150d000-7f338193f000 r-xp 00000000 08:03 4200141                    /usr/lib/x86_64-linux-gnu/libgtk-x11-2.0.so.0.2400.10
7f338193f000-7f3381b3f000 ---p 00432000 08:03 4200141                    /usr/lib/x86_64-linux-gnu/libgtk-x11-2.0.so.0.2400.10
7f3381b3f000-7f3381b4a000 rw-p 00432000 08:03 4200141                    /usr/lib/x86_64-linux-gnu/libgtk-x11-2.0.so.0.2400.10
7f3381b4a000-7f3381b4c000 rw-p 00000000 00:00 0 
7f3381b4c000-7f3381b5a000 r-xp 00000000 08:03 4199751                    /usr/lib/x86_64-linux-gnu/libXi.so.6.1.0
7f3381b5a000-7f3381d5a000 ---p 0000e000 08:03 4199751                    /usr/lib/x86_64-linux-gnu/libXi.so.6.1.0
7f3381d5a000-7f3381d5b000 rw-p 0000e000 08:03 4199751                    /usr/lib/x86_64-linux-gnu/libXi.so.6.1.0
7f3381d5b000-7f3381d60000 r-xp 00000000 08:03 4199769                    /usr/lib/x86_64-linux-gnu/libXtst.so.6.1.0
7f3381d60000-7f3381f5f000 ---p 00005000 08:03 4199769                    /usr/lib/x86_64-linux-gnu/libXtst.so.6.1.0
7f3381f5f000-7f3381f60000 rw-p 00004000 08:03 4199769                    /usr/lib/x86_64-linux-gnu/libXtst.so.6.1.0
7f3381f60000-7f3381f69000 r-xp 00000000 08:03 4199763                    /usr/lib/x86_64-linux-gnu/libXrender.so.1.3.0
7f3381f69000-7f3382168000 ---p 00009000 08:03 4199763                    /usr/lib/x86_64-linux-gnu/libXrender.so.1.3.0
7f3382168000-7f3382169000 rw-p 00008000 08:03 4199763                    /usr/lib/x86_64-linux-gnu/libXrender.so.1.3.0
7f3382169000-7f338229e000 r-xp 00000000 08:03 4199728                    /usr/lib/x86_64-linux-gnu/libX11.so.6.3.0
7f338229e000-7f338249e000 ---p 00135000 08:03 4199728                    /usr/lib/x86_64-linux-gnu/libX11.so.6.3.0
7f338249e000-7f33824a4000 rw-p 00135000 08:03 4199728                    /usr/lib/x86_64-linux-gnu/libX11.so.6.3.0
7f33824a4000-7f33824b5000 r-xp 00000000 08:03 4199745                    /usr/lib/x86_64-linux-gnu/libXext.so.6.4.0
7f33824b5000-7f33826b5000 ---p 00011000 08:03 4199745                    /usr/lib/x86_64-linux-gnu/libXext.so.6.4.0
7f33826b5000-7f33826b6000 rw-p 00011000 08:03 4199745                    /usr/lib/x86_64-linux-gnu/libXext.so.6.4.0
7f33826c4000-7f33826c5000 rw-s 00005000 00:05 8262                       /dev/ati/card0
7f33826c5000-7f33826d5000 rw-s e0200000 00:05 8262                       /dev/ati/card0
7f33826d5000-7f33826d7000 rw-s 00002000 00:05 8262                       /dev/ati/card0
7f33826d7000-7f338272a000 r-xp 00000000 08:03 3934319                    /usr/lib/jvm/java-7-openjdk-amd64/jre/lib/amd64/xawt/libmawt.so
7f338272a000-7f3382929000 ---p 00053000 08:03 3934319                    /usr/lib/jvm/java-7-openjdk-amd64/jre/lib/amd64/xawt/libmawt.so
7f3382929000-7f338292a000 r--p 00052000 08:03 3934319                    /usr/lib/jvm/java-7-openjdk-amd64/jre/lib/amd64/xawt/libmawt.so
7f338292a000-7f338292d000 rw-p 00053000 08:03 3934319                    /usr/lib/jvm/java-7-openjdk-amd64/jre/lib/amd64/xawt/libmawt.so
7f338292d000-7f338292e000 rw-p 00000000 00:00 0 
7f338292e000-7f33829cf000 r-xp 00000000 08:03 3934218                    /usr/lib/jvm/java-7-openjdk-amd64/jre/lib/amd64/libawt.so
7f33829cf000-7f3382bce000 ---p 000a1000 08:03 3934218                    /usr/lib/jvm/java-7-openjdk-amd64/jre/lib/amd64/libawt.so
7f3382bce000-7f3382bcf000 r--p 000a0000 08:03 3934218                    /usr/lib/jvm/java-7-openjdk-amd64/jre/lib/amd64/libawt.so
7f3382bcf000-7f3382bda000 rw-p 000a1000 08:03 3934218                    /usr/lib/jvm/java-7-openjdk-amd64/jre/lib/amd64/libawt.so
7f3382bda000-7f3382bff000 rw-p 00000000 00:00 0 
7f3382bff000-7f3382c3c000 r-xp 00000000 08:03 10486184                   /tmp/libgdxchobe/5502b6ed/libgdx64.so
7f3382c3c000-7f3382e3b000 ---p 0003d000 08:03 10486184                   /tmp/libgdxchobe/5502b6ed/libgdx64.so
7f3382e3b000-7f3382e3c000 r--p 0003c000 08:03 10486184                   /tmp/libgdxchobe/5502b6ed/libgdx64.so
7f3382e3c000-7f3382e3d000 rw-p 0003d000 08:03 10486184                   /tmp/libgdxchobe/5502b6ed/libgdx64.so
7f3382e3d000-7f3382e3e000 r--s 00002000 08:03 10488693                   /home/chobe/.gradle/caches/modules-2/files-2.1/net.java.jinput/jinput-platform/2.0.5/53f9c919f34d2ca9de8c51fc4e1e8282029a9232/jinput-platform-2.0.5-natives-osx.jar
7f3382e3e000-7f3382e3f000 r--s 00025000 08:03 10488692                   /home/chobe/.gradle/caches/modules-2/files-2.1/net.java.jinput/jinput-platform/2.0.5/385ee093e01f587f30ee1c8a2ee7d408fd732e16/jinput-platform-2.0.5-natives-windows.jar
7f3382e3f000-7f3382e40000 r--s 00002000 08:03 10488691                   /home/chobe/.gradle/caches/modules-2/files-2.1/net.java.jinput/jinput-platform/2.0.5/7ff832a6eb9ab6a767f1ade2b548092d0fa64795/jinput-platform-2.0.5-natives-linux.jar
7f3382e40000-7f3382e41000 r--s 00001000 08:03 10488690                   /home/chobe/.gradle/caches/modules-2/files-2.1/net.java.jutils/jutils/1.0.0/e12fe1fda814bd348c1579329c86943d2cd3c6a6/jutils-1.0.0.jar
7f3382e41000-7f3382e45000 r--s 0002f000 08:03 10488689                   /home/chobe/.gradle/caches/modules-2/files-2.1/net.java.jinput/jinput/2.0.5/39c7796b469a600f72380316f6b1f11db6c2c7c4/jinput-2.0.5.jar
7f3382e45000-7f3382e46000 r--s 00080000 08:03 10488688                   /home/chobe/.gradle/caches/modules-2/files-2.1/org.lwjgl.lwjgl/lwjgl-platform/2.9.1/2d12c83fdfbc04ecabf02c7bc8cc54d034f0daac/lwjgl-platform-2.9.1-natives-osx.jar
7f3382e46000-7f3382e47000 r--s 0008b000 08:03 10488687                   /home/chobe/.gradle/caches/modules-2/files-2.1/org.lwjgl.lwjgl/lwjgl-platform/2.9.1/aa9aae879af8eb378e22cfc64db56ec2ca9a44d1/lwjgl-platform-2.9.1-natives-linux.jar
7f3382e47000-7f3382e48000 r--s 00095000 08:03 10488686                   /home/chobe/.gradle/caches/modules-2/files-2.1/org.lwjgl.lwjgl/lwjgl-platform/2.9.1/4c517eca808522457dd95ee8fc1fbcdbb602efbe/lwjgl-platform-2.9.1-natives-windows.jar
7f3382e48000-7f3382e4a000 r--s 00017000 08:03 10488685                   /home/chobe/.gradle/caches/modules-2/files-2.1/org.jcraft/jorbis/0.0.17/8872d22b293e8f5d7d56ff92be966e6dc28ebdc6/jorbis-0.0.17.jar
7f3382e4a000-7f3382e4b000 r--s 00015000 08:03 10488684                   /home/chobe/.gradle/caches/modules-2/files-2.1/com.badlogicgames.jlayer/jlayer/1.0.1-gdx/7cca83cec5c1b2f011362f4d85aabd71a73b049d/jlayer-1.0.1-gdx.jar
7f3382e4b000-7f3382e4f000 r--s 00027000 08:03 10488683                   /home/chobe/.gradle/caches/modules-2/files-2.1/org.lwjgl.lwjgl/lwjgl_util/2.9.1/290d7ba8a1bd9566f5ddf16ad06f09af5ec9b20e/lwjgl_util-2.9.1.jar
7f3382e4f000-7f3382e5d000 r--s 000ea000 08:03 10488682                   /home/chobe/.gradle/caches/modules-2/files-2.1/org.lwjgl.lwjgl/lwjgl/2.9.1/f58c5aabcef0e41718a564be9f8e412fff8db847/lwjgl-2.9.1.jar
7f3382e5d000-7f3382e72000 r--s 00153000 08:03 10488660                   /home/chobe/.gradle/caches/modules-2/files-2.1/com.badlogicgames.gdx/gdx/1.1.0/686f5a609c717eb0769d3b954c501a49bf4fe351/gdx-1.1.0.jar
7f3382e72000-7f3382e73000 r--s 000cd000 08:03 10488678                   /home/chobe/.gradle/caches/modules-2/files-2.1/com.badlogicgames.gdx/gdx-platform/1.1.0/1c7ea4239c2d9adda420c15985fe3885c481fdcf/gdx-platform-1.1.0-natives-desktop.jar
7f3382e73000-7f3382e76000 r--s 0001f000 08:03 10488677                   /home/chobe/.gradle/caches/modules-2/files-2.1/com.badlogicgames.gdx/gdx-backend-lwjgl/1.1.0/eafa409559820c1696e165e1280435f1332fc32b/gdx-backend-lwjgl-1.1.0.jar
7f3382e76000-7f3382e78000 r--s 00017000 08:01 754491                     /media/winDisk/Users/ChobeDucket/Documents/sheep/core/build/libs/core-1.0.jar
7f3382e78000-7f3382e7c000 r--s 0003b000 08:03 3934173                    /usr/lib/jvm/java-7-openjdk-amd64/jre/lib/ext/sunpkcs11.jar
7f3382e7c000-7f3382e7d000 r--s 00002000 08:03 3934178                    /usr/lib/jvm/java-7-openjdk-amd64/jre/lib/ext/dnsns.jar
7f3382e7d000-7f3382e80000 r--s 00032000 08:03 3934176                    /usr/lib/jvm/java-7-openjdk-amd64/jre/lib/ext/sunjce_provider.jar
7f3382e80000-7f3382e82000 r--s 0000f000 08:03 3934175                    /usr/lib/jvm/java-7-openjdk-amd64/jre/lib/ext/pulse-java.jar
7f3382e82000-7f3382e84000 r--s 00012000 08:03 3934174                    /usr/lib/jvm/java-7-openjdk-amd64/jre/lib/ext/zipfs.jar
7f3382e84000-7f3382e88000 r--s 00085000 08:03 3934172                    /usr/lib/jvm/java-7-openjdk-amd64/jre/lib/ext/localedata.jar
7f3382e88000-7f3382e89000 r--s 00007000 08:03 5645676                    /usr/share/java/java-atk-wrapper.jar
7f3382e89000-7f3382e8a000 ---p 00000000 00:00 0 
7f3382e8a000-7f3382f8a000 rw-p 00000000 00:00 0 
7f3382f8a000-7f3382f8d000 ---p 00000000 00:00 0 
7f3382f8d000-7f338308b000 rw-p 00000000 00:00 0 
7f338308b000-7f338308e000 ---p 00000000 00:00 0 
7f338308e000-7f338318c000 rw-p 00000000 00:00 0 
7f338318c000-7f338318f000 ---p 00000000 00:00 0 
7f338318f000-7f338328d000 rw-p 00000000 00:00 0 
7f338328d000-7f3383290000 ---p 00000000 00:00 0 
7f3383290000-7f338338e000 rw-p 00000000 00:00 0 
7f338338e000-7f3383505000 r--p 00000000 08:03 4066468                    /usr/lib/locale/locale-archive
7f3383505000-7f3383508000 ---p 00000000 00:00 0 
7f3383508000-7f3383606000 rw-p 00000000 00:00 0 
7f3383606000-7f3383609000 ---p 00000000 00:00 0 
7f3383609000-7f3383707000 rw-p 00000000 00:00 0 
7f3383707000-7f3383708000 ---p 00000000 00:00 0 
7f3383708000-7f3384805000 rw-p 00000000 00:00 0 
7f3384805000-7f33849b3000 r--s 01cfc000 08:03 3934153                    /usr/lib/jvm/java-7-openjdk-amd64/jre/lib/rt.jar
7f33849b3000-7f3387097000 rw-p 00000000 00:00 0 
7f3387097000-7f3387098000 ---p 00000000 00:00 0 
7f3387098000-7f3387198000 rw-p 00000000 00:00 0 
7f3387198000-7f3387199000 ---p 00000000 00:00 0 
7f3387199000-7f3387299000 rw-p 00000000 00:00 0 
7f3387299000-7f338729a000 ---p 00000000 00:00 0 
7f338729a000-7f338739a000 rw-p 00000000 00:00 0 
7f338739a000-7f338739b000 ---p 00000000 00:00 0 
7f338739b000-7f33874a6000 rw-p 00000000 00:00 0 
7f33874a6000-7f33874ee000 rw-p 00000000 00:00 0 
7f33874ee000-7f3387503000 rw-p 00000000 00:00 0 
7f3387503000-7f3387634000 rw-p 00000000 00:00 0 
7f3387634000-7f338763f000 rw-p 00000000 00:00 0 
7f338763f000-7f3387687000 rw-p 00000000 00:00 0 
7f3387687000-7f338769c000 rw-p 00000000 00:00 0 
7f338769c000-7f33877cc000 rw-p 00000000 00:00 0 
7f33877cc000-7f33877d7000 rw-p 00000000 00:00 0 
7f33877d7000-7f338786f000 rw-p 00000000 00:00 0 
7f338786f000-7f3387870000 rw-p 00000000 00:00 0 
7f3387870000-7f3387ae0000 rwxp 00000000 00:00 0 
7f3387ae0000-7f338a870000 rw-p 00000000 00:00 0 
7f338a870000-7f338a878000 r-xp 00000000 08:03 3934210                    /usr/lib/jvm/java-7-openjdk-amd64/jre/lib/amd64/libzip.so
7f338a878000-7f338aa77000 ---p 00008000 08:03 3934210                    /usr/lib/jvm/java-7-openjdk-amd64/jre/lib/amd64/libzip.so
7f338aa77000-7f338aa78000 r--p 00007000 08:03 3934210                    /usr/lib/jvm/java-7-openjdk-amd64/jre/lib/amd64/libzip.so
7f338aa78000-7f338aa79000 rw-p 00008000 08:03 3934210                    /usr/lib/jvm/java-7-openjdk-amd64/jre/lib/amd64/libzip.so
7f338aa79000-7f338aa84000 r-xp 00000000 08:03 12190641                   /lib/x86_64-linux-gnu/libnss_files-2.13.so
7f338aa84000-7f338ac83000 ---p 0000b000 08:03 12190641                   /lib/x86_64-linux-gnu/libnss_files-2.13.so
7f338ac83000-7f338ac84000 r--p 0000a000 08:03 12190641                   /lib/x86_64-linux-gnu/libnss_files-2.13.so
7f338ac84000-7f338ac85000 rw-p 0000b000 08:03 12190641                   /lib/x86_64-linux-gnu/libnss_files-2.13.so
7f338ac85000-7f338ac8f000 r-xp 00000000 08:03 12190645                   /lib/x86_64-linux-gnu/libnss_nis-2.13.so
7f338ac8f000-7f338ae8e000 ---p 0000a000 08:03 12190645                   /lib/x86_64-linux-gnu/libnss_nis-2.13.so
7f338ae8e000-7f338ae8f000 r--p 00009000 08:03 12190645                   /lib/x86_64-linux-gnu/libnss_nis-2.13.so
7f338ae8f000-7f338ae90000 rw-p 0000a000 08:03 12190645                   /lib/x86_64-linux-gnu/libnss_nis-2.13.so
7f338ae90000-7f338aea5000 r-xp 00000000 08:03 12190635                   /lib/x86_64-linux-gnu/libnsl-2.13.so
7f338aea5000-7f338b0a4000 ---p 00015000 08:03 12190635                   /lib/x86_64-linux-gnu/libnsl-2.13.so
7f338b0a4000-7f338b0a5000 r--p 00014000 08:03 12190635                   /lib/x86_64-linux-gnu/libnsl-2.13.so
7f338b0a5000-7f338b0a6000 rw-p 00015000 08:03 12190635                   /lib/x86_64-linux-gnu/libnsl-2.13.so
7f338b0a6000-7f338b0a8000 rw-p 00000000 00:00 0 
7f338b0a8000-7f338b0af000 r-xp 00000000 08:03 12190637                   /lib/x86_64-linux-gnu/libnss_compat-2.13.so
7f338b0af000-7f338b2ae000 ---p 00007000 08:03 12190637                   /lib/x86_64-linux-gnu/libnss_compat-2.13.so
7f338b2ae000-7f338b2af000 r--p 00006000 08:03 12190637                   /lib/x86_64-linux-gnu/libnss_compat-2.13.so
7f338b2af000-7f338b2b0000 rw-p 00007000 08:03 12190637                   /lib/x86_64-linux-gnu/libnss_compat-2.13.so
7f338b2b0000-7f338b2db000 r-xp 00000000 08:03 3934215                    /usr/lib/jvm/java-7-openjdk-amd64/jre/lib/amd64/libjava.so
7f338b2db000-7f338b4da000 ---p 0002b000 08:03 3934215                    /usr/lib/jvm/java-7-openjdk-amd64/jre/lib/amd64/libjava.so
7f338b4da000-7f338b4db000 r--p 0002a000 08:03 3934215                    /usr/lib/jvm/java-7-openjdk-amd64/jre/lib/amd64/libjava.so
7f338b4db000-7f338b4dd000 rw-p 0002b000 08:03 3934215                    /usr/lib/jvm/java-7-openjdk-amd64/jre/lib/amd64/libjava.so
7f338b4dd000-7f338b4ec000 r-xp 00000000 08:03 3934216                    /usr/lib/jvm/java-7-openjdk-amd64/jre/lib/amd64/libverify.so
7f338b4ec000-7f338b6eb000 ---p 0000f000 08:03 3934216                    /usr/lib/jvm/java-7-openjdk-amd64/jre/lib/amd64/libverify.so
7f338b6eb000-7f338b6ed000 r--p 0000e000 08:03 3934216                    /usr/lib/jvm/java-7-openjdk-amd64/jre/lib/amd64/libverify.so
7f338b6ed000-7f338b6ee000 rw-p 00010000 08:03 3934216                    /usr/lib/jvm/java-7-openjdk-amd64/jre/lib/amd64/libverify.so
7f338b6ee000-7f338b6f5000 r-xp 00000000 08:03 12190678                   /lib/x86_64-linux-gnu/librt-2.13.so
7f338b6f5000-7f338b8f4000 ---p 00007000 08:03 12190678                   /lib/x86_64-linux-gnu/librt-2.13.so
7f338b8f4000-7f338b8f5000 r--p 00006000 08:03 12190678                   /lib/x86_64-linux-gnu/librt-2.13.so
7f338b8f5000-7f338b8f6000 rw-p 00007000 08:03 12190678                   /lib/x86_64-linux-gnu/librt-2.13.so
7f338b8f6000-7f338b90b000 r-xp 00000000 08:03 12190593                   /lib/x86_64-linux-gnu/libgcc_s.so.1
7f338b90b000-7f338bb0b000 ---p 00015000 08:03 12190593                   /lib/x86_64-linux-gnu/libgcc_s.so.1
7f338bb0b000-7f338bb0c000 rw-p 00015000 08:03 12190593                   /lib/x86_64-linux-gnu/libgcc_s.so.1
7f338bb0c000-7f338bb8d000 r-xp 00000000 08:03 12190616                   /lib/x86_64-linux-gnu/libm-2.13.so
7f338bb8d000-7f338bd8c000 ---p 00081000 08:03 12190616                   /lib/x86_64-linux-gnu/libm-2.13.so
7f338bd8c000-7f338bd8d000 r--p 00080000 08:03 12190616                   /lib/x86_64-linux-gnu/libm-2.13.so
7f338bd8d000-7f338bd8e000 rw-p 00081000 08:03 12190616                   /lib/x86_64-linux-gnu/libm-2.13.so
7f338bd8e000-7f338be76000 r-xp 00000000 08:03 4200440                    /usr/lib/x86_64-linux-gnu/libstdc++.so.6.0.17
7f338be76000-7f338c076000 ---p 000e8000 08:03 4200440                    /usr/lib/x86_64-linux-gnu/libstdc++.so.6.0.17
7f338c076000-7f338c07e000 r--p 000e8000 08:03 4200440                    /usr/lib/x86_64-linux-gnu/libstdc++.so.6.0.17
7f338c07e000-7f338c080000 rw-p 000f0000 08:03 4200440                    /usr/lib/x86_64-linux-gnu/libstdc++.so.6.0.17
7f338c080000-7f338c095000 rw-p 00000000 00:00 0 
7f338c095000-7f338cb5e000 r-xp 00000000 08:03 3934204                    /usr/lib/jvm/java-7-openjdk-amd64/jre/lib/amd64/server/libjvm.so
7f338cb5e000-7f338cd5e000 ---p 00ac9000 08:03 3934204                    /usr/lib/jvm/java-7-openjdk-amd64/jre/lib/amd64/server/libjvm.so
7f338cd5e000-7f338cdf6000 r--p 00ac9000 08:03 3934204                    /usr/lib/jvm/java-7-openjdk-amd64/jre/lib/amd64/server/libjvm.so
7f338cdf6000-7f338ce19000 rw-p 00b61000 08:03 3934204                    /usr/lib/jvm/java-7-openjdk-amd64/jre/lib/amd64/server/libjvm.so
7f338ce19000-7f338ce46000 rw-p 00000000 00:00 0 
7f338ce46000-7f338ce5c000 r-xp 00000000 08:03 12190712                   /lib/x86_64-linux-gnu/libz.so.1.2.7
7f338ce5c000-7f338d05b000 ---p 00016000 08:03 12190712                   /lib/x86_64-linux-gnu/libz.so.1.2.7
7f338d05b000-7f338d05c000 r--p 00015000 08:03 12190712                   /lib/x86_64-linux-gnu/libz.so.1.2.7
7f338d05c000-7f338d05d000 rw-p 00016000 08:03 12190712                   /lib/x86_64-linux-gnu/libz.so.1.2.7
7f338d05d000-7f338d1df000 r-xp 00000000 08:03 12190569                   /lib/x86_64-linux-gnu/libc-2.13.so
7f338d1df000-7f338d3de000 ---p 00182000 08:03 12190569                   /lib/x86_64-linux-gnu/libc-2.13.so
7f338d3de000-7f338d3e2000 r--p 00181000 08:03 12190569                   /lib/x86_64-linux-gnu/libc-2.13.so
7f338d3e2000-7f338d3e3000 rw-p 00185000 08:03 12190569                   /lib/x86_64-linux-gnu/libc-2.13.so
7f338d3e3000-7f338d3e8000 rw-p 00000000 00:00 0 
7f338d3e8000-7f338d3ea000 r-xp 00000000 08:03 12190583                   /lib/x86_64-linux-gnu/libdl-2.13.so
7f338d3ea000-7f338d5ea000 ---p 00002000 08:03 12190583                   /lib/x86_64-linux-gnu/libdl-2.13.so
7f338d5ea000-7f338d5eb000 r--p 00002000 08:03 12190583                   /lib/x86_64-linux-gnu/libdl-2.13.so
7f338d5eb000-7f338d5ec000 rw-p 00003000 08:03 12190583                   /lib/x86_64-linux-gnu/libdl-2.13.so
7f338d5ec000-7f338d5f9000 r-xp 00000000 08:03 3934207                    /usr/lib/jvm/java-7-openjdk-amd64/jre/lib/amd64/jli/libjli.so
7f338d5f9000-7f338d7f8000 ---p 0000d000 08:03 3934207                    /usr/lib/jvm/java-7-openjdk-amd64/jre/lib/amd64/jli/libjli.so
7f338d7f8000-7f338d7f9000 r--p 0000c000 08:03 3934207                    /usr/lib/jvm/java-7-openjdk-amd64/jre/lib/amd64/jli/libjli.so
7f338d7f9000-7f338d7fa000 rw-p 0000d000 08:03 3934207                    /usr/lib/jvm/java-7-openjdk-amd64/jre/lib/amd64/jli/libjli.so
7f338d7fa000-7f338d811000 r-xp 00000000 08:03 12190670                   /lib/x86_64-linux-gnu/libpthread-2.13.so
7f338d811000-7f338da10000 ---p 00017000 08:03 12190670                   /lib/x86_64-linux-gnu/libpthread-2.13.so
7f338da10000-7f338da11000 r--p 00016000 08:03 12190670                   /lib/x86_64-linux-gnu/libpthread-2.13.so
7f338da11000-7f338da12000 rw-p 00017000 08:03 12190670                   /lib/x86_64-linux-gnu/libpthread-2.13.so
7f338da12000-7f338da16000 rw-p 00000000 00:00 0 
7f338da16000-7f338da36000 r-xp 00000000 08:03 12190547                   /lib/x86_64-linux-gnu/ld-2.13.so
7f338da40000-7f338da47000 r--s 00000000 08:03 4199493                    /usr/lib/x86_64-linux-gnu/gconv/gconv-modules.cache
7f338da47000-7f338da4c000 r--s 0004c000 08:03 3934152                    /usr/lib/jvm/java-7-openjdk-amd64/jre/lib/jsse.jar
7f338da4c000-7f338da56000 rw-p 00000000 00:00 0 
7f338da56000-7f338db0c000 rw-p 00000000 00:00 0 
7f338db0c000-7f338db0f000 ---p 00000000 00:00 0 
7f338db0f000-7f338dc29000 rw-p 00000000 00:00 0 
7f338dc29000-7f338dc31000 rw-s 00000000 08:03 10486181                   /tmp/hsperfdata_chobe/6855 (deleted)
7f338dc31000-7f338dc32000 rw-p 00000000 00:00 0 
7f338dc32000-7f338dc33000 ---p 00000000 00:00 0 
7f338dc33000-7f338dc35000 rw-p 00000000 00:00 0 
7f338dc35000-7f338dc36000 r--p 0001f000 08:03 12190547                   /lib/x86_64-linux-gnu/ld-2.13.so
7f338dc36000-7f338dc37000 rw-p 00020000 08:03 12190547                   /lib/x86_64-linux-gnu/ld-2.13.so
7f338dc37000-7f338dc38000 rw-p 00000000 00:00 0 
7fff2ddb4000-7fff2ddd6000 rw-p 00000000 00:00 0                          [stack]
7fff2ddff000-7fff2de00000 r-xp 00000000 00:00 0                          [vdso]
ffffffffff600000-ffffffffff601000 r-xp 00000000 00:00 0                  [vsyscall]

VM Arguments:
jvm_args: -Dfile.encoding=UTF-8 
java_command: com.mygdx.sheep.desktop.DesktopLauncher
Launcher Type: SUN_STANDARD

Environment Variables:
PATH=/usr/local/bin:/usr/bin:/bin:/usr/local/games:/usr/games:/home/chobe/.local/bin:/home/chobe/sdks/adt-bundle-linux-x86_64-20140321/sdk//platform-tools/adb:/home/chobe/sdks/adt-bundle-linux-x86_64-20140321/sdk//platform-tools/
USERNAME=chobe
SHELL=/bin/bash
DISPLAY=:0

Signal Handlers:
SIGSEGV: [libjvm.so+0x8f9750], sa_mask[0]=0x7ffbfeff, sa_flags=0x10000004
SIGBUS: [libjvm.so+0x8f9750], sa_mask[0]=0x7ffbfeff, sa_flags=0x10000004
SIGFPE: [libjvm.so+0x7827c0], sa_mask[0]=0x7ffbfeff, sa_flags=0x10000004
SIGPIPE: [libjvm.so+0x7827c0], sa_mask[0]=0x7ffbfeff, sa_flags=0x10000004
SIGXFSZ: [libjvm.so+0x7827c0], sa_mask[0]=0x7ffbfeff, sa_flags=0x10000004
SIGILL: [libjvm.so+0x7827c0], sa_mask[0]=0x7ffbfeff, sa_flags=0x10000004
SIGUSR1: SIG_DFL, sa_mask[0]=0x00000000, sa_flags=0x00000000
SIGUSR2: [libjvm.so+0x782ab0], sa_mask[0]=0x00000004, sa_flags=0x10000004
SIGHUP: [libjvm.so+0x782c20], sa_mask[0]=0x7ffbfeff, sa_flags=0x10000004
SIGINT: [libjvm.so+0x782c20], sa_mask[0]=0x7ffbfeff, sa_flags=0x10000004
SIGTERM: [libjvm.so+0x782c20], sa_mask[0]=0x7ffbfeff, sa_flags=0x10000004
SIGQUIT: [libjvm.so+0x782c20], sa_mask[0]=0x7ffbfeff, sa_flags=0x10000004


---------------  S Y S T E M  ---------------

OS:7.5

uname:Linux 3.2.0-4-amd64 #1 SMP Debian 3.2.57-3+deb7u1 x86_64
libc:glibc 2.13 NPTL 2.13 
rlimit: STACK 8192k, CORE 0k, NPROC 31105, NOFILE 4096, AS infinity
load average:0.73 0.39 0.35

/proc/meminfo:
MemTotal:        3993672 kB
MemFree:          684460 kB
Buffers:          206172 kB
Cached:           913120 kB
SwapCached:            0 kB
Active:          2330840 kB
Inactive:         631016 kB
Active(anon):    1843952 kB
Inactive(anon):    45244 kB
Active(file):     486888 kB
Inactive(file):   585772 kB
Unevictable:           0 kB
Mlocked:               0 kB
SwapTotal:       4120572 kB
SwapFree:        4120572 kB
Dirty:               336 kB
Writeback:             0 kB
AnonPages:       1842708 kB
Mapped:           254788 kB
Shmem:             46636 kB
Slab:             144916 kB
SReclaimable:     116904 kB
SUnreclaim:        28012 kB
KernelStack:        4024 kB
PageTables:        31828 kB
NFS_Unstable:          0 kB
Bounce:                0 kB
WritebackTmp:          0 kB
CommitLimit:     6117408 kB
Committed_AS:    4360240 kB
VmallocTotal:   34359738367 kB
VmallocUsed:      170472 kB
VmallocChunk:   34359561652 kB
HardwareCorrupted:     0 kB
AnonHugePages:         0 kB
HugePages_Total:       0
HugePages_Free:        0
HugePages_Rsvd:        0
HugePages_Surp:        0
Hugepagesize:       2048 kB
DirectMap4k:      158720 kB
DirectMap2M:     3969024 kB


CPU:total 4 (4 cores per cpu, 1 threads per core) family 6 model 15 stepping 11, cmov, cx8, fxsr, mmx, sse, sse2, sse3, ssse3, tsc

/proc/cpuinfo:
processor	: 0
vendor_id	: GenuineIntel
cpu family	: 6
model		: 15
model name	: Intel(R) Core(TM)2 Quad CPU    Q6600  @ 2.40GHz
stepping	: 11
cpu MHz		: 1596.000
cache size	: 4096 KB
physical id	: 0
siblings	: 4
core id		: 0
cpu cores	: 4
apicid		: 0
initial apicid	: 0
fpu		: yes
fpu_exception	: yes
cpuid level	: 10
wp		: yes
flags		: fpu vme de pse tsc msr pae mce cx8 apic sep mtrr pge mca cmov pat pse36 clflush dts acpi mmx fxsr sse sse2 ss ht tm pbe syscall nx lm constant_tsc arch_perfmon pebs bts rep_good nopl aperfmperf pni dtes64 monitor ds_cpl vmx est tm2 ssse3 cx16 xtpr pdcm lahf_lm dtherm tpr_shadow vnmi flexpriority
bogomips	: 4794.82
clflush size	: 64
cache_alignment	: 64
address sizes	: 36 bits physical, 48 bits virtual
power management:

processor	: 1
vendor_id	: GenuineIntel
cpu family	: 6
model		: 15
model name	: Intel(R) Core(TM)2 Quad CPU    Q6600  @ 2.40GHz
stepping	: 11
cpu MHz		: 1596.000
cache size	: 4096 KB
physical id	: 0
siblings	: 4
core id		: 2
cpu cores	: 4
apicid		: 2
initial apicid	: 2
fpu		: yes
fpu_exception	: yes
cpuid level	: 10
wp		: yes
flags		: fpu vme de pse tsc msr pae mce cx8 apic sep mtrr pge mca cmov pat pse36 clflush dts acpi mmx fxsr sse sse2 ss ht tm pbe syscall nx lm constant_tsc arch_perfmon pebs bts rep_good nopl aperfmperf pni dtes64 monitor ds_cpl vmx est tm2 ssse3 cx16 xtpr pdcm lahf_lm dtherm tpr_shadow vnmi flexpriority
bogomips	: 4795.58
clflush size	: 64
cache_alignment	: 64
address sizes	: 36 bits physical, 48 bits virtual
power management:

processor	: 2
vendor_id	: GenuineIntel
cpu family	: 6
model		: 15
model name	: Intel(R) Core(TM)2 Quad CPU    Q6600  @ 2.40GHz
stepping	: 11
cpu MHz		: 2394.000
cache size	: 4096 KB
physical id	: 0
siblings	: 4
core id		: 1
cpu cores	: 4
apicid		: 1
initial apicid	: 1
fpu		: yes
fpu_exception	: yes
cpuid level	: 10
wp		: yes
flags		: fpu vme de pse tsc msr pae mce cx8 apic sep mtrr pge mca cmov pat pse36 clflush dts acpi mmx fxsr sse sse2 ss ht tm pbe syscall nx lm constant_tsc arch_perfmon pebs bts rep_good nopl aperfmperf pni dtes64 monitor ds_cpl vmx est tm2 ssse3 cx16 xtpr pdcm lahf_lm dtherm tpr_shadow vnmi flexpriority
bogomips	: 4795.56
clflush size	: 64
cache_alignment	: 64
address sizes	: 36 bits physical, 48 bits virtual
power management:

processor	: 3
vendor_id	: GenuineIntel
cpu family	: 6
model		: 15
model name	: Intel(R) Core(TM)2 Quad CPU    Q6600  @ 2.40GHz
stepping	: 11
cpu MHz		: 2394.000
cache size	: 4096 KB
physical id	: 0
siblings	: 4
core id		: 3
cpu cores	: 4
apicid		: 3
initial apicid	: 3
fpu		: yes
fpu_exception	: yes
cpuid level	: 10
wp		: yes
flags		: fpu vme de pse tsc msr pae mce cx8 apic sep mtrr pge mca cmov pat pse36 clflush dts acpi mmx fxsr sse sse2 ss ht tm pbe syscall nx lm constant_tsc arch_perfmon pebs bts rep_good nopl aperfmperf pni dtes64 monitor ds_cpl vmx est tm2 ssse3 cx16 xtpr pdcm lahf_lm dtherm tpr_shadow vnmi flexpriority
bogomips	: 4795.57
clflush size	: 64
cache_alignment	: 64
address sizes	: 36 bits physical, 48 bits virtual
power management:



Memory: 4k page, physical 3993672k(684460k free), swap 4120572k(4120572k free)

vm_info: OpenJDK 64-Bit Server VM (24.51-b03) for linux-amd64 JRE (1.7.0_55-b14), built on May  2 2014 11:33:06 by "buildd" with gcc 4.7.2

time: Tue Jul  1 20:38:31 2014
elapsed time: 12 seconds

