#
# A fatal error has been detected by the Java Runtime Environment:
#
#  SIGSEGV (0xb) at pc=0x00007f8e6c286e38, pid=8688, tid=140249817712384
#
# JRE version: OpenJDK Runtime Environment (7.0_55-b14) (build 1.7.0_55-b14)
# Java VM: OpenJDK 64-Bit Server VM (24.51-b03 mixed mode linux-amd64 compressed oops)
# Problematic frame:
# C  [libX11.so.6+0x3ae38]  XQueryExtension+0x28
#
# Failed to write core dump. Core dumps have been disabled. To enable core dumping, try "ulimit -c unlimited" before starting Java again
#
# If you would like to submit a bug report, please include
# instructions on how to reproduce the bug and visit:
#   http://icedtea.classpath.org/bugzilla
#

---------------  T H R E A D  ---------------

Current thread (0x00007f8e70076800):  VMThread [stack: 0x00007f8e74808000,0x00007f8e74909000] [id=8699]

siginfo:si_signo=SIGSEGV: si_errno=0, si_code=1 (SEGV_MAPERR), si_addr=0x0000000014017938

Registers:
RAX=0x00007f8e54000b10, RBX=0x0000000014016fd0, RCX=0x00007f8e749076e8, RDX=0x00007f8e749076e4
RSP=0x00007f8e74907680, RBP=0x00007f8e2adc2600, RSI=0x00007f8e2ac89992, RDI=0x0000000014016fd0
R8 =0x00007f8e749076ec, R9 =0x0000000000000000, R10=0x00007f8e2adc23c0, R11=0x00007f8e78e661c0
R12=0x00007f8e2ac89992, R13=0x00007f8e54000b10, R14=0x00007f8e74907ad8, R15=0x00007f8e14027d80
RIP=0x00007f8e6c286e38, EFLAGS=0x0000000000010202, CSGSFS=0x0000000000000033, ERR=0x0000000000000004
  TRAPNO=0x000000000000000e

Top of Stack: (sp=0x00007f8e74907680)
0x00007f8e74907680:   0000000000000000 0000000000000000
0x00007f8e74907690:   000000770000006e 0000000000000000
0x00007f8e749076a0:   000100010000007c 0000000014016fd0
0x00007f8e749076b0:   00007f8e2adc2600 00007f8e2ac89992
0x00007f8e749076c0:   00007f8e54000b10 00007f8e74907ad8
0x00007f8e749076d0:   00007f8e14027d80 00007f8e6c27ae72
0x00007f8e749076e0:   00007f8e14027d80 00007f8e78eaa220
0x00007f8e749076f0:   0000000000000000 00007f8e2adc2600
0x00007f8e74907700:   0000000014016fd0 00007f8e6c59471d
0x00007f8e74907710:   00007f8e2ac89992 0000001100000000
0x00007f8e74907720:   00007f8e00000005 0000000000000000
0x00007f8e74907730:   00007f8e749077a0 0000000014016fd0
0x00007f8e74907740:   00007f8e74907a60 00007f8e74907ad8
0x00007f8e74907750:   00007f8e2addbe50 00007f8e2ac323d9
0x00007f8e74907760:   00000000ffffffff 00007f8e14010f20
0x00007f8e74907770:   00007f8e749077a0 00007f8e2b9039e0
0x00007f8e74907780:   00007f8e74907a60 00007f8e74907ad8
0x00007f8e74907790:   0000000000000000 00007f8e2ac26ae2
0x00007f8e749077a0:   00007f8e74907b50 00007f8e2ac89911
0x00007f8e749077b0:   00007f8e74907b50 00007f8e79815058
0x00007f8e749077c0:   00007f8e79a281a8 00007f8e79a28740
0x00007f8e749077d0:   00007f8e79a02000 00007f8e700094f0
0x00007f8e749077e0:   00007f8e7000a020 00007f8e7000a530
0x00007f8e749077f0:   00007f8e70017440 00007f8e701bad50
0x00007f8e74907800:   00007f8e702b9fa0 00007f8e702b5eb0
0x00007f8e74907810:   00007f8e701e70e0 00007f8e701f95e0
0x00007f8e74907820:   00007f8e70200c80 00007f8e70200750
0x00007f8e74907830:   00007f8e70200220 00007f8e70204570
0x00007f8e74907840:   00007f8e70204050 00007f8e70205320
0x00007f8e74907850:   00007f8e70203b40 00007f8e701ffcf0
0x00007f8e74907860:   00007f8e70202110 00007f8e70202b50
0x00007f8e74907870:   00007f8e70202630 00007f8e70203070 

Instructions: (pc=0x00007f8e6c286e38)
0x00007f8e6c286e18:   24 e0 48 89 fb 4c 89 6c 24 e8 4c 89 74 24 f0 49
0x00007f8e6c286e28:   89 f4 4c 89 7c 24 f8 48 89 6c 24 d8 48 83 ec 58
0x00007f8e6c286e38:   48 8b 87 68 09 00 00 49 89 d7 49 89 ce 4d 89 c5
0x00007f8e6c286e48:   48 85 c0 74 02 ff 10 ba 08 00 00 00 be 62 00 00 

Register to memory mapping:

RAX=0x00007f8e54000b10 is an unknown value
RBX=0x0000000014016fd0 is an unknown value
RCX=0x00007f8e749076e8 is an unknown value
RDX=0x00007f8e749076e4 is an unknown value
RSP=0x00007f8e74907680 is an unknown value
RBP=0x00007f8e2adc2600: <offset 0x1cf600> in /usr/lib/x86_64-linux-gnu/libGL.so.1 at 0x00007f8e2abf3000
RSI=0x00007f8e2ac89992: <offset 0x96992> in /usr/lib/x86_64-linux-gnu/libGL.so.1 at 0x00007f8e2abf3000
RDI=0x0000000014016fd0 is an unknown value
R8 =0x00007f8e749076ec is an unknown value
R9 =0x0000000000000000 is an unknown value
R10=0x00007f8e2adc23c0: <offset 0x1cf3c0> in /usr/lib/x86_64-linux-gnu/libGL.so.1 at 0x00007f8e2abf3000
R11=0x00007f8e78e661c0: __cxa_finalize+0 in /lib/x86_64-linux-gnu/libc.so.6 at 0x00007f8e78e2e000
R12=0x00007f8e2ac89992: <offset 0x96992> in /usr/lib/x86_64-linux-gnu/libGL.so.1 at 0x00007f8e2abf3000
R13=0x00007f8e54000b10 is an unknown value
R14=0x00007f8e74907ad8 is an unknown value
R15=0x00007f8e14027d80 is an unknown value


Stack: [0x00007f8e74808000,0x00007f8e74909000],  sp=0x00007f8e74907680,  free space=1021k
Native frames: (J=compiled Java code, j=interpreted, Vv=VM code, C=native code)
C  [libX11.so.6+0x3ae38]  XQueryExtension+0x28

VM_Operation (0x00007f8e2aefb6c0): Exit, mode: safepoint, requested by thread 0x00007f8e70358000


---------------  P R O C E S S  ---------------

Java Threads: ( => current thread )
  0x00007f8e144f6800 JavaThread "AsynchExecutor-Thread" daemon [_thread_blocked, id=8718, stack(0x00007f8e1edb0000,0x00007f8e1eeb1000)]
  0x00007f8e1401b800 JavaThread "process reaper" daemon [_thread_blocked, id=8714, stack(0x00007f8e6c00a000,0x00007f8e6c043000)]
  0x00007f8e7000b000 JavaThread "DestroyJavaVM" [_thread_blocked, id=8694, stack(0x00007f8e798fd000,0x00007f8e799fe000)]
  0x00007f8e70358000 JavaThread "LWJGL Application" [_thread_blocked, id=8712, stack(0x00007f8e2adfc000,0x00007f8e2aefd000)]
  0x00007f8e702b4800 JavaThread "AWT-XAWT" daemon [_thread_blocked, id=8708, stack(0x00007f8e32601000,0x00007f8e32702000)]
  0x00007f8e70295000 JavaThread "Java2D Disposer" daemon [_thread_blocked, id=8707, stack(0x00007f8e32702000,0x00007f8e32803000)]
  0x00007f8e700a7000 JavaThread "Service Thread" daemon [_thread_blocked, id=8705, stack(0x00007f8e74079000,0x00007f8e7417a000)]
  0x00007f8e700a5000 JavaThread "C2 CompilerThread1" daemon [_thread_blocked, id=8704, stack(0x00007f8e7417a000,0x00007f8e7427b000)]
  0x00007f8e700a2000 JavaThread "C2 CompilerThread0" daemon [_thread_blocked, id=8703, stack(0x00007f8e7427b000,0x00007f8e7437c000)]
  0x00007f8e7007c800 JavaThread "Finalizer" daemon [_thread_blocked, id=8701, stack(0x00007f8e74606000,0x00007f8e74707000)]
  0x00007f8e7007a800 JavaThread "Reference Handler" daemon [_thread_blocked, id=8700, stack(0x00007f8e74707000,0x00007f8e74808000)]

Other Threads:
=>0x00007f8e70076800 VMThread [stack: 0x00007f8e74808000,0x00007f8e74909000] [id=8699]

VM state:at safepoint (shutting down)

VM Mutex/Monitor currently owned by a thread:  ([mutex/lock_event])
[0x00007f8e700077a0] Threads_lock - owner thread: 0x00007f8e70076800

Heap
 PSYoungGen      total 18432K, used 11204K [0x00000000eba80000, 0x00000000ecf00000, 0x0000000100000000)
  eden space 15872K, 54% used [0x00000000eba80000,0x00000000ec2f5d98,0x00000000eca00000)
  from space 2560K, 99% used [0x00000000eca00000,0x00000000ecc7b2b0,0x00000000ecc80000)
  to   space 2560K, 0% used [0x00000000ecc80000,0x00000000ecc80000,0x00000000ecf00000)
 ParOldGen       total 41472K, used 2564K [0x00000000c3000000, 0x00000000c5880000, 0x00000000eba80000)
  object space 41472K, 6% used [0x00000000c3000000,0x00000000c3281208,0x00000000c5880000)
 PSPermGen       total 21504K, used 11434K [0x00000000b8a00000, 0x00000000b9f00000, 0x00000000c3000000)
  object space 21504K, 53% used [0x00000000b8a00000,0x00000000b952aae8,0x00000000b9f00000)

Card table byte_map: [0x00007f8e76385000,0x00007f8e765c1000] byte_map_base: 0x00007f8e75dc0000

Polling page: 0x00007f8e79a23000

Code Cache  [0x00007f8e6d000000, 0x00007f8e6d270000, 0x00007f8e70000000)
 total_blobs=594 nmethods=66 adapters=483 free_code_cache=48467Kb largest_free_block=49613888

Compilation events (10 events):
Event: 5.400 Thread 0x00007f8e700a2000 nmethod 59 0x00007f8e6d0a82d0 code [0x00007f8e6d0a8400, 0x00007f8e6d0a8478]
Event: 5.400 Thread 0x00007f8e700a5000 nmethod 58 0x00007f8e6d0a8090 code [0x00007f8e6d0a81c0, 0x00007f8e6d0a8238]
Event: 5.766 Thread 0x00007f8e700a2000   61             com.badlogic.gdx.graphics.glutils.VertexArray::bind (296 bytes)
Event: 5.767 Thread 0x00007f8e700a5000   62             com.badlogic.gdx.graphics.glutils.VertexArray::unbind (91 bytes)
Event: 5.774 Thread 0x00007f8e700a5000 nmethod 62 0x00007f8e6d0a8d90 code [0x00007f8e6d0a8f60, 0x00007f8e6d0a9410]
Event: 5.778 Thread 0x00007f8e700a2000 nmethod 61 0x00007f8e6d0ade50 code [0x00007f8e6d0ae080, 0x00007f8e6d0ae760]
Event: 5.865 Thread 0x00007f8e700a5000   63             java.nio.Buffer::remaining (10 bytes)
Event: 5.865 Thread 0x00007f8e700a5000 nmethod 63 0x00007f8e6d0a7e10 code [0x00007f8e6d0a7f40, 0x00007f8e6d0a7f98]
Event: 5.982 Thread 0x00007f8e700a2000   64             java.nio.Buffer::<init> (121 bytes)
Event: 5.984 Thread 0x00007f8e700a2000 nmethod 64 0x00007f8e6d0a8a50 code [0x00007f8e6d0a8ba0, 0x00007f8e6d0a8c98]

GC Heap History (2 events):
Event: 1.664 GC heap before
{Heap before GC invocations=1 (full 0):
 PSYoungGen      total 18432K, used 15872K [0x00000000eba80000, 0x00000000ecf00000, 0x0000000100000000)
  eden space 15872K, 100% used [0x00000000eba80000,0x00000000eca00000,0x00000000eca00000)
  from space 2560K, 0% used [0x00000000ecc80000,0x00000000ecc80000,0x00000000ecf00000)
  to   space 2560K, 0% used [0x00000000eca00000,0x00000000eca00000,0x00000000ecc80000)
 ParOldGen       total 41472K, used 0K [0x00000000c3000000, 0x00000000c5880000, 0x00000000eba80000)
  object space 41472K, 0% used [0x00000000c3000000,0x00000000c3000000,0x00000000c5880000)
 PSPermGen       total 21504K, used 9217K [0x00000000b8a00000, 0x00000000b9f00000, 0x00000000c3000000)
  object space 21504K, 42% used [0x00000000b8a00000,0x00000000b9300560,0x00000000b9f00000)
Event: 1.674 GC heap after
Heap after GC invocations=1 (full 0):
 PSYoungGen      total 18432K, used 2540K [0x00000000eba80000, 0x00000000ecf00000, 0x0000000100000000)
  eden space 15872K, 0% used [0x00000000eba80000,0x00000000eba80000,0x00000000eca00000)
  from space 2560K, 99% used [0x00000000eca00000,0x00000000ecc7b2b0,0x00000000ecc80000)
  to   space 2560K, 0% used [0x00000000ecc80000,0x00000000ecc80000,0x00000000ecf00000)
 ParOldGen       total 41472K, used 2564K [0x00000000c3000000, 0x00000000c5880000, 0x00000000eba80000)
  object space 41472K, 6% used [0x00000000c3000000,0x00000000c3281208,0x00000000c5880000)
 PSPermGen       total 21504K, used 9217K [0x00000000b8a00000, 0x00000000b9f00000, 0x00000000c3000000)
  object space 21504K, 42% used [0x00000000b8a00000,0x00000000b9300560,0x00000000b9f00000)
}

Deoptimization events (1 events):
Event: 0.216 Thread 0x00007f8e7000b000 Uncommon trap: reason=class_check action=maybe_recompile pc=0x00007f8e6d064340 method=java.util.Properties$LineReader.readLine()I @ 62

Internal exceptions (10 events):
Event: 4.663 Thread 0x00007f8e70358000 Threw 0x00000000ec1ba078 at /build/openjdk-7-kBcQ8a/openjdk-7-7u55-2.4.7/build/openjdk/hotspot/src/share/vm/prims/jvm.cpp:1244
Event: 4.698 Thread 0x00007f8e70358000 Threw 0x00000000ec218300 at /build/openjdk-7-kBcQ8a/openjdk-7-7u55-2.4.7/build/openjdk/hotspot/src/share/vm/prims/jvm.cpp:1244
Event: 5.081 Thread 0x00007f8e70358000 Threw 0x00000000ec235380 at /build/openjdk-7-kBcQ8a/openjdk-7-7u55-2.4.7/build/openjdk/hotspot/src/share/vm/prims/jvm.cpp:1244
Event: 5.082 Thread 0x00007f8e70358000 Threw 0x00000000ec23a448 at /build/openjdk-7-kBcQ8a/openjdk-7-7u55-2.4.7/build/openjdk/hotspot/src/share/vm/prims/jvm.cpp:1244
Event: 5.083 Thread 0x00007f8e70358000 Threw 0x00000000ec23fdb8 at /build/openjdk-7-kBcQ8a/openjdk-7-7u55-2.4.7/build/openjdk/hotspot/src/share/vm/prims/jvm.cpp:1244
Event: 5.084 Thread 0x00007f8e70358000 Threw 0x00000000ec245848 at /build/openjdk-7-kBcQ8a/openjdk-7-7u55-2.4.7/build/openjdk/hotspot/src/share/vm/prims/jvm.cpp:1244
Event: 5.132 Thread 0x00007f8e70358000 Threw 0x00000000ec24eb40 at /build/openjdk-7-kBcQ8a/openjdk-7-7u55-2.4.7/build/openjdk/hotspot/src/share/vm/prims/jvm.cpp:1244
Event: 6.048 Thread 0x00007f8e70358000 Threw 0x00000000ec292260 at /build/openjdk-7-kBcQ8a/openjdk-7-7u55-2.4.7/build/openjdk/hotspot/src/share/vm/prims/jvm.cpp:1244
Event: 6.057 Thread 0x00007f8e70358000 Threw 0x00000000ec296728 at /build/openjdk-7-kBcQ8a/openjdk-7-7u55-2.4.7/build/openjdk/hotspot/src/share/vm/prims/jvm.cpp:1244
Event: 6.063 Thread 0x00007f8e70358000 Threw 0x00000000ec29bac8 at /build/openjdk-7-kBcQ8a/openjdk-7-7u55-2.4.7/build/openjdk/hotspot/src/share/vm/prims/jvm.cpp:1244

Events (10 events):
Event: 6.220 Thread 0x00007f8e14e40000 Thread added: 0x00007f8e14e40000
Event: 6.220 loading class 0x00007f8e48147320
Event: 6.220 loading class 0x00007f8e3c28dad0
Event: 6.220 loading class 0x00007f8e3c28dad0 done
Event: 6.220 loading class 0x00007f8e3c28db00
Event: 6.220 loading class 0x00007f8e3c28db00 done
Event: 6.220 loading class 0x00007f8e48147320 done
Event: 6.221 Thread 0x00007f8e14e40000 Thread exited: 0x00007f8e14e40000
Event: 6.221 Thread 0x00007f8e7009f800 Thread exited: 0x00007f8e7009f800
Event: 6.221 Executing VM operation: Exit


Dynamic libraries:
00400000-00401000 r-xp 00000000 08:03 3934148                            /usr/lib/jvm/java-7-openjdk-amd64/jre/bin/java
00600000-00601000 r--p 00000000 08:03 3934148                            /usr/lib/jvm/java-7-openjdk-amd64/jre/bin/java
00601000-00602000 rw-p 00001000 08:03 3934148                            /usr/lib/jvm/java-7-openjdk-amd64/jre/bin/java
01958000-01979000 rw-p 00000000 00:00 0                                  [heap]
b8a00000-b9f00000 rw-p 00000000 00:00 0 
b9f00000-c3000000 rw-p 00000000 00:00 0 
c3000000-c5880000 rw-p 00000000 00:00 0 
c5880000-eba80000 rw-p 00000000 00:00 0 
eba80000-ecf00000 rw-p 00000000 00:00 0 
ecf00000-100000000 rw-p 00000000 00:00 0 
7f8df0000000-7f8df129d000 rw-p 00000000 00:00 0 
7f8df129d000-7f8df4000000 ---p 00000000 00:00 0 
7f8df8000000-7f8dfbffe000 rw-p 00000000 00:00 0 
7f8dfbffe000-7f8dfc000000 ---p 00000000 00:00 0 
7f8e00000000-7f8e000ae000 rw-p 00000000 00:00 0 
7f8e000ae000-7f8e04000000 ---p 00000000 00:00 0 
7f8e04000000-7f8e0580d000 rw-p 00000000 00:00 0 
7f8e0580d000-7f8e08000000 ---p 00000000 00:00 0 
7f8e08000000-7f8e08021000 rw-p 00000000 00:00 0 
7f8e08021000-7f8e0c000000 ---p 00000000 00:00 0 
7f8e0c000000-7f8e0c0b4000 rw-p 00000000 00:00 0 
7f8e0c0b4000-7f8e10000000 ---p 00000000 00:00 0 
7f8e10000000-7f8e10021000 rw-p 00000000 00:00 0 
7f8e10021000-7f8e14000000 ---p 00000000 00:00 0 
7f8e14000000-7f8e17f7d000 rw-p 00000000 00:00 0 
7f8e17f7d000-7f8e18000000 ---p 00000000 00:00 0 
7f8e18000000-7f8e18021000 rw-p 00000000 00:00 0 
7f8e18021000-7f8e1c000000 ---p 00000000 00:00 0 
7f8e1edb0000-7f8e1edb3000 ---p 00000000 00:00 0 
7f8e1edb3000-7f8e1eeb1000 rw-p 00000000 00:00 0 
7f8e1eeb1000-7f8e1eeb2000 ---p 00000000 00:00 0 
7f8e1eeb2000-7f8e1f6b2000 rw-p 00000000 00:00 0 
7f8e1f6b2000-7f8e1f6b3000 ---p 00000000 00:00 0 
7f8e1f6b3000-7f8e1feb3000 rw-p 00000000 00:00 0 
7f8e24000000-7f8e24021000 rw-p 00000000 00:00 0 
7f8e24021000-7f8e28000000 ---p 00000000 00:00 0 
7f8e2801b000-7f8e2871b000 rw-s 00006000 00:05 7289                       /dev/ati/card0
7f8e2871b000-7f8e28758000 r-xp 00000000 08:03 4201336                    /usr/lib/x86_64-linux-gnu/libatiadlxx.so
7f8e28758000-7f8e28857000 ---p 0003d000 08:03 4201336                    /usr/lib/x86_64-linux-gnu/libatiadlxx.so
7f8e28857000-7f8e28861000 rw-p 0003c000 08:03 4201336                    /usr/lib/x86_64-linux-gnu/libatiadlxx.so
7f8e28861000-7f8e28871000 rw-p 00000000 00:00 0 
7f8e28871000-7f8e28878000 r-xp 00000000 08:03 4201328                    /usr/lib/x86_64-linux-gnu/libatiuki.so.1.0
7f8e28878000-7f8e28978000 ---p 00007000 08:03 4201328                    /usr/lib/x86_64-linux-gnu/libatiuki.so.1.0
7f8e28978000-7f8e28979000 rw-p 00007000 08:03 4201328                    /usr/lib/x86_64-linux-gnu/libatiuki.so.1.0
7f8e28979000-7f8e2897a000 rw-p 00000000 00:00 0 
7f8e2897a000-7f8e2a872000 r-xp 00000000 08:03 4201338                    /usr/lib/x86_64-linux-gnu/dri/fglrx_dri.so
7f8e2a872000-7f8e2a971000 ---p 01ef8000 08:03 4201338                    /usr/lib/x86_64-linux-gnu/dri/fglrx_dri.so
7f8e2a971000-7f8e2aacf000 rwxp 01ef7000 08:03 4201338                    /usr/lib/x86_64-linux-gnu/dri/fglrx_dri.so
7f8e2aacf000-7f8e2abf3000 rwxp 00000000 00:00 0 
7f8e2abf3000-7f8e2acb6000 r-xp 00000000 08:03 4201341                    /usr/lib/x86_64-linux-gnu/fglrx/fglrx-libGL.so.1.2
7f8e2acb6000-7f8e2adb5000 ---p 000c3000 08:03 4201341                    /usr/lib/x86_64-linux-gnu/fglrx/fglrx-libGL.so.1.2
7f8e2adb5000-7f8e2addc000 rwxp 000c2000 08:03 4201341                    /usr/lib/x86_64-linux-gnu/fglrx/fglrx-libGL.so.1.2
7f8e2addc000-7f8e2adfc000 rwxp 00000000 00:00 0 
7f8e2adfc000-7f8e2adff000 ---p 00000000 00:00 0 
7f8e2adff000-7f8e2aefd000 rw-p 00000000 00:00 0 
7f8e2aefd000-7f8e2aefe000 ---p 00000000 00:00 0 
7f8e2aefe000-7f8e2b6fe000 rw-p 00000000 00:00 0 
7f8e2b6fe000-7f8e2b704000 r-xp 00000000 08:03 4200289                    /usr/lib/x86_64-linux-gnu/libogg.so.0.8.0
7f8e2b704000-7f8e2b903000 ---p 00006000 08:03 4200289                    /usr/lib/x86_64-linux-gnu/libogg.so.0.8.0
7f8e2b903000-7f8e2b904000 rw-p 00005000 08:03 4200289                    /usr/lib/x86_64-linux-gnu/libogg.so.0.8.0
7f8e2b904000-7f8e2b930000 r-xp 00000000 08:03 4200496                    /usr/lib/x86_64-linux-gnu/libvorbis.so.0.4.5
7f8e2b930000-7f8e2bb2f000 ---p 0002c000 08:03 4200496                    /usr/lib/x86_64-linux-gnu/libvorbis.so.0.4.5
7f8e2bb2f000-7f8e2bb30000 r--p 0002b000 08:03 4200496                    /usr/lib/x86_64-linux-gnu/libvorbis.so.0.4.5
7f8e2bb30000-7f8e2bb31000 rw-p 0002c000 08:03 4200496                    /usr/lib/x86_64-linux-gnu/libvorbis.so.0.4.5
7f8e2bb31000-7f8e2bde4000 r-xp 00000000 08:03 4200498                    /usr/lib/x86_64-linux-gnu/libvorbisenc.so.2.0.8
7f8e2bde4000-7f8e2bfe3000 ---p 002b3000 08:03 4200498                    /usr/lib/x86_64-linux-gnu/libvorbisenc.so.2.0.8
7f8e2bfe3000-7f8e2bfff000 r--p 002b2000 08:03 4200498                    /usr/lib/x86_64-linux-gnu/libvorbisenc.so.2.0.8
7f8e2bfff000-7f8e2c000000 rw-p 002ce000 08:03 4200498                    /usr/lib/x86_64-linux-gnu/libvorbisenc.so.2.0.8
7f8e2c000000-7f8e2c021000 rw-p 00000000 00:00 0 
7f8e2c021000-7f8e30000000 ---p 00000000 00:00 0 
7f8e30086000-7f8e30089000 ---p 00000000 00:00 0 
7f8e30089000-7f8e30187000 rw-p 00000000 00:00 0 
7f8e30187000-7f8e301d2000 r-xp 00000000 08:03 4199700                    /usr/lib/x86_64-linux-gnu/libFLAC.so.8.2.0
7f8e301d2000-7f8e303d1000 ---p 0004b000 08:03 4199700                    /usr/lib/x86_64-linux-gnu/libFLAC.so.8.2.0
7f8e303d1000-7f8e303d2000 r--p 0004a000 08:03 4199700                    /usr/lib/x86_64-linux-gnu/libFLAC.so.8.2.0
7f8e303d2000-7f8e303d3000 rw-p 0004b000 08:03 4199700                    /usr/lib/x86_64-linux-gnu/libFLAC.so.8.2.0
7f8e303d3000-7f8e303d7000 r-xp 00000000 08:03 12190707                   /lib/x86_64-linux-gnu/libuuid.so.1.3.0
7f8e303d7000-7f8e305d6000 ---p 00004000 08:03 12190707                   /lib/x86_64-linux-gnu/libuuid.so.1.3.0
7f8e305d6000-7f8e305d7000 r--p 00003000 08:03 12190707                   /lib/x86_64-linux-gnu/libuuid.so.1.3.0
7f8e305d7000-7f8e305d8000 rw-p 00004000 08:03 12190707                   /lib/x86_64-linux-gnu/libuuid.so.1.3.0
7f8e305d8000-7f8e305dc000 r-xp 00000000 08:03 12190559                   /lib/x86_64-linux-gnu/libattr.so.1.1.0
7f8e305dc000-7f8e307db000 ---p 00004000 08:03 12190559                   /lib/x86_64-linux-gnu/libattr.so.1.1.0
7f8e307db000-7f8e307dc000 r--p 00003000 08:03 12190559                   /lib/x86_64-linux-gnu/libattr.so.1.1.0
7f8e307dc000-7f8e307dd000 rw-p 00004000 08:03 12190559                   /lib/x86_64-linux-gnu/libattr.so.1.1.0
7f8e307dd000-7f8e307e2000 r-xp 00000000 08:03 4199797                    /usr/lib/x86_64-linux-gnu/libasyncns.so.0.3.1
7f8e307e2000-7f8e309e1000 ---p 00005000 08:03 4199797                    /usr/lib/x86_64-linux-gnu/libasyncns.so.0.3.1
7f8e309e1000-7f8e309e2000 rw-p 00004000 08:03 4199797                    /usr/lib/x86_64-linux-gnu/libasyncns.so.0.3.1
7f8e309e2000-7f8e30a43000 r-xp 00000000 08:03 4200411                    /usr/lib/x86_64-linux-gnu/libsndfile.so.1.0.25
7f8e30a43000-7f8e30c42000 ---p 00061000 08:03 4200411                    /usr/lib/x86_64-linux-gnu/libsndfile.so.1.0.25
7f8e30c42000-7f8e30c44000 r--p 00060000 08:03 4200411                    /usr/lib/x86_64-linux-gnu/libsndfile.so.1.0.25
7f8e30c44000-7f8e30c45000 rw-p 00062000 08:03 4200411                    /usr/lib/x86_64-linux-gnu/libsndfile.so.1.0.25
7f8e30c45000-7f8e30c49000 rw-p 00000000 00:00 0 
7f8e30c49000-7f8e30c52000 r-xp 00000000 08:03 12190709                   /lib/x86_64-linux-gnu/libwrap.so.0.7.6
7f8e30c52000-7f8e30e51000 ---p 00009000 08:03 12190709                   /lib/x86_64-linux-gnu/libwrap.so.0.7.6
7f8e30e51000-7f8e30e52000 r--p 00008000 08:03 12190709                   /lib/x86_64-linux-gnu/libwrap.so.0.7.6
7f8e30e52000-7f8e30e53000 rw-p 00009000 08:03 12190709                   /lib/x86_64-linux-gnu/libwrap.so.0.7.6
7f8e30e53000-7f8e30e54000 rw-p 00000000 00:00 0 
7f8e30e54000-7f8e30e5b000 r-xp 00000000 08:03 4199720                    /usr/lib/x86_64-linux-gnu/libSM.so.6.0.1
7f8e30e5b000-7f8e3105a000 ---p 00007000 08:03 4199720                    /usr/lib/x86_64-linux-gnu/libSM.so.6.0.1
7f8e3105a000-7f8e3105b000 rw-p 00006000 08:03 4199720                    /usr/lib/x86_64-linux-gnu/libSM.so.6.0.1
7f8e3105b000-7f8e31072000 r-xp 00000000 08:03 4199710                    /usr/lib/x86_64-linux-gnu/libICE.so.6.3.0
7f8e31072000-7f8e31271000 ---p 00017000 08:03 4199710                    /usr/lib/x86_64-linux-gnu/libICE.so.6.3.0
7f8e31271000-7f8e31273000 rw-p 00016000 08:03 4199710                    /usr/lib/x86_64-linux-gnu/libICE.so.6.3.0
7f8e31273000-7f8e31276000 rw-p 00000000 00:00 0 
7f8e31276000-7f8e31277000 r-xp 00000000 08:03 4199726                    /usr/lib/x86_64-linux-gnu/libX11-xcb.so.1.0.0
7f8e31277000-7f8e31476000 ---p 00001000 08:03 4199726                    /usr/lib/x86_64-linux-gnu/libX11-xcb.so.1.0.0
7f8e31476000-7f8e31477000 rw-p 00000000 08:03 4199726                    /usr/lib/x86_64-linux-gnu/libX11-xcb.so.1.0.0
7f8e31477000-7f8e3147b000 r-xp 00000000 08:03 12190572                   /lib/x86_64-linux-gnu/libcap.so.2.22
7f8e3147b000-7f8e3167a000 ---p 00004000 08:03 12190572                   /lib/x86_64-linux-gnu/libcap.so.2.22
7f8e3167a000-7f8e3167b000 rw-p 00003000 08:03 12190572                   /lib/x86_64-linux-gnu/libcap.so.2.22
7f8e3167b000-7f8e316dc000 r-xp 00000000 08:03 4325923                    /usr/lib/x86_64-linux-gnu/pulseaudio/libpulsecommon-2.0.so
7f8e316dc000-7f8e318db000 ---p 00061000 08:03 4325923                    /usr/lib/x86_64-linux-gnu/pulseaudio/libpulsecommon-2.0.so
7f8e318db000-7f8e318dc000 r--p 00060000 08:03 4325923                    /usr/lib/x86_64-linux-gnu/pulseaudio/libpulsecommon-2.0.so
7f8e318dc000-7f8e318de000 rw-p 00061000 08:03 4325923                    /usr/lib/x86_64-linux-gnu/pulseaudio/libpulsecommon-2.0.so
7f8e318de000-7f8e318e7000 r-xp 00000000 08:03 12190608                   /lib/x86_64-linux-gnu/libjson.so.0.1.0
7f8e318e7000-7f8e31ae6000 ---p 00009000 08:03 12190608                   /lib/x86_64-linux-gnu/libjson.so.0.1.0
7f8e31ae6000-7f8e31ae7000 r--p 00008000 08:03 12190608                   /lib/x86_64-linux-gnu/libjson.so.0.1.0
7f8e31ae7000-7f8e31ae8000 rw-p 00009000 08:03 12190608                   /lib/x86_64-linux-gnu/libjson.so.0.1.0
7f8e31ae8000-7f8e31b31000 r-xp 00000000 08:03 4200364                    /usr/lib/x86_64-linux-gnu/libpulse.so.0.14.2
7f8e31b31000-7f8e31d30000 ---p 00049000 08:03 4200364                    /usr/lib/x86_64-linux-gnu/libpulse.so.0.14.2
7f8e31d30000-7f8e31d31000 r--p 00048000 08:03 4200364                    /usr/lib/x86_64-linux-gnu/libpulse.so.0.14.2
7f8e31d31000-7f8e31d32000 rw-p 00049000 08:03 4200364                    /usr/lib/x86_64-linux-gnu/libpulse.so.0.14.2
7f8e31f8b000-7f8e31f8f000 r-xp 00000000 08:03 4199775                    /usr/lib/x86_64-linux-gnu/libXxf86vm.so.1.0.0
7f8e31f8f000-7f8e3218f000 ---p 00004000 08:03 4199775                    /usr/lib/x86_64-linux-gnu/libXxf86vm.so.1.0.0
7f8e3218f000-7f8e32190000 r--p 00004000 08:03 4199775                    /usr/lib/x86_64-linux-gnu/libXxf86vm.so.1.0.0
7f8e32190000-7f8e32191000 rw-p 00005000 08:03 4199775                    /usr/lib/x86_64-linux-gnu/libXxf86vm.so.1.0.0
7f8e32191000-7f8e321fd000 r-xp 00000000 08:01 301131                     /media/winDisk/Users/ChobeDucket/Documents/sheep/android/assets/.temp/7b43be9b/liblwjgl64.so
7f8e321fd000-7f8e323fc000 ---p 0006c000 08:01 301131                     /media/winDisk/Users/ChobeDucket/Documents/sheep/android/assets/.temp/7b43be9b/liblwjgl64.so
7f8e323fc000-7f8e323fe000 r--p 0006b000 08:01 301131                     /media/winDisk/Users/ChobeDucket/Documents/sheep/android/assets/.temp/7b43be9b/liblwjgl64.so
7f8e323fe000-7f8e323ff000 rw-p 0006d000 08:01 301131                     /media/winDisk/Users/ChobeDucket/Documents/sheep/android/assets/.temp/7b43be9b/liblwjgl64.so
7f8e323ff000-7f8e32400000 r-xp 00000000 08:03 3934229                    /usr/lib/jvm/java-7-openjdk-amd64/jre/lib/amd64/libjawt.so
7f8e32400000-7f8e325ff000 ---p 00001000 08:03 3934229                    /usr/lib/jvm/java-7-openjdk-amd64/jre/lib/amd64/libjawt.so
7f8e325ff000-7f8e32600000 r--p 00000000 08:03 3934229                    /usr/lib/jvm/java-7-openjdk-amd64/jre/lib/amd64/libjawt.so
7f8e32600000-7f8e32601000 rw-p 00001000 08:03 3934229                    /usr/lib/jvm/java-7-openjdk-amd64/jre/lib/amd64/libjawt.so
7f8e32601000-7f8e32604000 ---p 00000000 00:00 0 
7f8e32604000-7f8e32702000 rw-p 00000000 00:00 0 
7f8e32702000-7f8e32705000 ---p 00000000 00:00 0 
7f8e32705000-7f8e32803000 rw-p 00000000 00:00 0 
7f8e32803000-7f8e32806000 r-xp 00000000 08:03 12190599                   /lib/x86_64-linux-gnu/libgpg-error.so.0.8.0
7f8e32806000-7f8e32a05000 ---p 00003000 08:03 12190599                   /lib/x86_64-linux-gnu/libgpg-error.so.0.8.0
7f8e32a05000-7f8e32a06000 rw-p 00002000 08:03 12190599                   /lib/x86_64-linux-gnu/libgpg-error.so.0.8.0
7f8e32a06000-7f8e32a4a000 r-xp 00000000 08:03 12190580                   /lib/x86_64-linux-gnu/libdbus-1.so.3.7.2
7f8e32a4a000-7f8e32c4a000 ---p 00044000 08:03 12190580                   /lib/x86_64-linux-gnu/libdbus-1.so.3.7.2
7f8e32c4a000-7f8e32c4b000 r--p 00044000 08:03 12190580                   /lib/x86_64-linux-gnu/libdbus-1.so.3.7.2
7f8e32c4b000-7f8e32c4c000 rw-p 00045000 08:03 12190580                   /lib/x86_64-linux-gnu/libdbus-1.so.3.7.2
7f8e32c4c000-7f8e32c5d000 r-xp 00000000 08:03 4200305                    /usr/lib/x86_64-linux-gnu/libp11-kit.so.0.0.0
7f8e32c5d000-7f8e32e5c000 ---p 00011000 08:03 4200305                    /usr/lib/x86_64-linux-gnu/libp11-kit.so.0.0.0
7f8e32e5c000-7f8e32e5d000 r--p 00010000 08:03 4200305                    /usr/lib/x86_64-linux-gnu/libp11-kit.so.0.0.0
7f8e32e5d000-7f8e32e5e000 rw-p 00011000 08:03 4200305                    /usr/lib/x86_64-linux-gnu/libp11-kit.so.0.0.0
7f8e32e5e000-7f8e32ed8000 r-xp 00000000 08:03 12190595                   /lib/x86_64-linux-gnu/libgcrypt.so.11.7.0
7f8e32ed8000-7f8e330d8000 ---p 0007a000 08:03 12190595                   /lib/x86_64-linux-gnu/libgcrypt.so.11.7.0
7f8e330d8000-7f8e330d9000 r--p 0007a000 08:03 12190595                   /lib/x86_64-linux-gnu/libgcrypt.so.11.7.0
7f8e330d9000-7f8e330dc000 rw-p 0007b000 08:03 12190595                   /lib/x86_64-linux-gnu/libgcrypt.so.11.7.0
7f8e330dc000-7f8e330ec000 r-xp 00000000 08:03 4200448                    /usr/lib/x86_64-linux-gnu/libtasn1.so.3.1.16
7f8e330ec000-7f8e332eb000 ---p 00010000 08:03 4200448                    /usr/lib/x86_64-linux-gnu/libtasn1.so.3.1.16
7f8e332eb000-7f8e332ec000 r--p 0000f000 08:03 4200448                    /usr/lib/x86_64-linux-gnu/libtasn1.so.3.1.16
7f8e332ec000-7f8e332ed000 rw-p 00010000 08:03 4200448                    /usr/lib/x86_64-linux-gnu/libtasn1.so.3.1.16
7f8e332ed000-7f8e332f0000 r-xp 00000000 08:03 12190610                   /lib/x86_64-linux-gnu/libkeyutils.so.1.4
7f8e332f0000-7f8e334ef000 ---p 00003000 08:03 12190610                   /lib/x86_64-linux-gnu/libkeyutils.so.1.4
7f8e334ef000-7f8e334f0000 r--p 00002000 08:03 12190610                   /lib/x86_64-linux-gnu/libkeyutils.so.1.4
7f8e334f0000-7f8e334f1000 rw-p 00003000 08:03 12190610                   /lib/x86_64-linux-gnu/libkeyutils.so.1.4
7f8e334f1000-7f8e334f9000 r-xp 00000000 08:03 4200208                    /usr/lib/x86_64-linux-gnu/libkrb5support.so.0.1
7f8e334f9000-7f8e336f8000 ---p 00008000 08:03 4200208                    /usr/lib/x86_64-linux-gnu/libkrb5support.so.0.1
7f8e336f8000-7f8e336f9000 r--p 00007000 08:03 4200208                    /usr/lib/x86_64-linux-gnu/libkrb5support.so.0.1
7f8e336f9000-7f8e336fa000 rw-p 00008000 08:03 4200208                    /usr/lib/x86_64-linux-gnu/libkrb5support.so.0.1
7f8e336fa000-7f8e336fd000 r-xp 00000000 08:03 12190576                   /lib/x86_64-linux-gnu/libcom_err.so.2.1
7f8e336fd000-7f8e338fc000 ---p 00003000 08:03 12190576                   /lib/x86_64-linux-gnu/libcom_err.so.2.1
7f8e338fc000-7f8e338fd000 r--p 00002000 08:03 12190576                   /lib/x86_64-linux-gnu/libcom_err.so.2.1
7f8e338fd000-7f8e338fe000 rw-p 00003000 08:03 12190576                   /lib/x86_64-linux-gnu/libcom_err.so.2.1
7f8e338fe000-7f8e33924000 r-xp 00000000 08:03 4200198                    /usr/lib/x86_64-linux-gnu/libk5crypto.so.3.1
7f8e33924000-7f8e33b24000 ---p 00026000 08:03 4200198                    /usr/lib/x86_64-linux-gnu/libk5crypto.so.3.1
7f8e33b24000-7f8e33b25000 r--p 00026000 08:03 4200198                    /usr/lib/x86_64-linux-gnu/libk5crypto.so.3.1
7f8e33b25000-7f8e33b26000 rw-p 00027000 08:03 4200198                    /usr/lib/x86_64-linux-gnu/libk5crypto.so.3.1
7f8e33b26000-7f8e33b27000 rw-p 00000000 00:00 0 
7f8e33b27000-7f8e33bf0000 r-xp 00000000 08:03 4200206                    /usr/lib/x86_64-linux-gnu/libkrb5.so.3.3
7f8e33bf0000-7f8e33def000 ---p 000c9000 08:03 4200206                    /usr/lib/x86_64-linux-gnu/libkrb5.so.3.3
7f8e33def000-7f8e33df9000 r--p 000c8000 08:03 4200206                    /usr/lib/x86_64-linux-gnu/libkrb5.so.3.3
7f8e33df9000-7f8e33dfb000 rw-p 000d2000 08:03 4200206                    /usr/lib/x86_64-linux-gnu/libkrb5.so.3.3
7f8e33dfb000-7f8e33e00000 r-xp 00000000 08:03 4199743                    /usr/lib/x86_64-linux-gnu/libXdmcp.so.6.0.0
7f8e33e00000-7f8e33fff000 ---p 00005000 08:03 4199743                    /usr/lib/x86_64-linux-gnu/libXdmcp.so.6.0.0
7f8e33fff000-7f8e34000000 rw-p 00004000 08:03 4199743                    /usr/lib/x86_64-linux-gnu/libXdmcp.so.6.0.0
7f8e34000000-7f8e34021000 rw-p 00000000 00:00 0 
7f8e34021000-7f8e38000000 ---p 00000000 00:00 0 
7f8e3802c000-7f8e38074000 rw-p 00000000 00:00 0 
7f8e38074000-7f8e38076000 r-xp 00000000 08:03 4199732                    /usr/lib/x86_64-linux-gnu/libXau.so.6.0.0
7f8e38076000-7f8e38276000 ---p 00002000 08:03 4199732                    /usr/lib/x86_64-linux-gnu/libXau.so.6.0.0
7f8e38276000-7f8e38277000 rw-p 00002000 08:03 4199732                    /usr/lib/x86_64-linux-gnu/libXau.so.6.0.0
7f8e38277000-7f8e38287000 r-xp 00000000 08:03 4199807                    /usr/lib/x86_64-linux-gnu/libavahi-client.so.3.2.9
7f8e38287000-7f8e38486000 ---p 00010000 08:03 4199807                    /usr/lib/x86_64-linux-gnu/libavahi-client.so.3.2.9
7f8e38486000-7f8e38487000 r--p 0000f000 08:03 4199807                    /usr/lib/x86_64-linux-gnu/libavahi-client.so.3.2.9
7f8e38487000-7f8e38488000 rw-p 00010000 08:03 4199807                    /usr/lib/x86_64-linux-gnu/libavahi-client.so.3.2.9
7f8e38488000-7f8e38494000 r-xp 00000000 08:03 4199809                    /usr/lib/x86_64-linux-gnu/libavahi-common.so.3.5.3
7f8e38494000-7f8e38693000 ---p 0000c000 08:03 4199809                    /usr/lib/x86_64-linux-gnu/libavahi-common.so.3.5.3
7f8e38693000-7f8e38694000 r--p 0000b000 08:03 4199809                    /usr/lib/x86_64-linux-gnu/libavahi-common.so.3.5.3
7f8e38694000-7f8e38695000 rw-p 0000c000 08:03 4199809                    /usr/lib/x86_64-linux-gnu/libavahi-common.so.3.5.3
7f8e38695000-7f8e3874e000 r-xp 00000000 08:03 4200060                    /usr/lib/x86_64-linux-gnu/libgnutls.so.26.22.4
7f8e3874e000-7f8e3894d000 ---p 000b9000 08:03 4200060                    /usr/lib/x86_64-linux-gnu/libgnutls.so.26.22.4
7f8e3894d000-7f8e38953000 r--p 000b8000 08:03 4200060                    /usr/lib/x86_64-linux-gnu/libgnutls.so.26.22.4
7f8e38953000-7f8e38955000 rw-p 000be000 08:03 4200060                    /usr/lib/x86_64-linux-gnu/libgnutls.so.26.22.4
7f8e38955000-7f8e38991000 r-xp 00000000 08:03 4200085                    /usr/lib/x86_64-linux-gnu/libgssapi_krb5.so.2.2
7f8e38991000-7f8e38b91000 ---p 0003c000 08:03 4200085                    /usr/lib/x86_64-linux-gnu/libgssapi_krb5.so.2.2
7f8e38b91000-7f8e38b92000 r--p 0003c000 08:03 4200085                    /usr/lib/x86_64-linux-gnu/libgssapi_krb5.so.2.2
7f8e38b92000-7f8e38b94000 rw-p 0003d000 08:03 4200085                    /usr/lib/x86_64-linux-gnu/libgssapi_krb5.so.2.2
7f8e38b94000-7f8e38bd0000 r-xp 00000000 08:03 12190663                   /lib/x86_64-linux-gnu/libpcre.so.3.13.1
7f8e38bd0000-7f8e38dd0000 ---p 0003c000 08:03 12190663                   /lib/x86_64-linux-gnu/libpcre.so.3.13.1
7f8e38dd0000-7f8e38dd1000 rw-p 0003c000 08:03 12190663                   /lib/x86_64-linux-gnu/libpcre.so.3.13.1
7f8e38dd1000-7f8e38ddd000 r-xp 00000000 08:03 4199961                    /usr/lib/x86_64-linux-gnu/libffi.so.5.0.10
7f8e38ddd000-7f8e38fdd000 ---p 0000c000 08:03 4199961                    /usr/lib/x86_64-linux-gnu/libffi.so.5.0.10
7f8e38fdd000-7f8e38fde000 rw-p 0000c000 08:03 4199961                    /usr/lib/x86_64-linux-gnu/libffi.so.5.0.10
7f8e38fde000-7f8e39005000 r-xp 00000000 08:03 12190588                   /lib/x86_64-linux-gnu/libexpat.so.1.6.0
7f8e39005000-7f8e39205000 ---p 00027000 08:03 12190588                   /lib/x86_64-linux-gnu/libexpat.so.1.6.0
7f8e39205000-7f8e39207000 r--p 00027000 08:03 12190588                   /lib/x86_64-linux-gnu/libexpat.so.1.6.0
7f8e39207000-7f8e39208000 rw-p 00029000 08:03 12190588                   /lib/x86_64-linux-gnu/libexpat.so.1.6.0
7f8e39208000-7f8e39210000 r-xp 00000000 08:03 4200521                    /usr/lib/x86_64-linux-gnu/libxcb-render.so.0.0.0
7f8e39210000-7f8e39410000 ---p 00008000 08:03 4200521                    /usr/lib/x86_64-linux-gnu/libxcb-render.so.0.0.0
7f8e39410000-7f8e39411000 r--p 00008000 08:03 4200521                    /usr/lib/x86_64-linux-gnu/libxcb-render.so.0.0.0
7f8e39411000-7f8e39412000 rw-p 00009000 08:03 4200521                    /usr/lib/x86_64-linux-gnu/libxcb-render.so.0.0.0
7f8e39412000-7f8e39414000 r-xp 00000000 08:03 4200525                    /usr/lib/x86_64-linux-gnu/libxcb-shm.so.0.0.0
7f8e39414000-7f8e39613000 ---p 00002000 08:03 4200525                    /usr/lib/x86_64-linux-gnu/libxcb-shm.so.0.0.0
7f8e39613000-7f8e39614000 r--p 00001000 08:03 4200525                    /usr/lib/x86_64-linux-gnu/libxcb-shm.so.0.0.0
7f8e39614000-7f8e39615000 rw-p 00002000 08:03 4200525                    /usr/lib/x86_64-linux-gnu/libxcb-shm.so.0.0.0
7f8e39615000-7f8e39695000 r-xp 00000000 08:03 4200335                    /usr/lib/x86_64-linux-gnu/libpixman-1.so.0.26.0
7f8e39695000-7f8e39895000 ---p 00080000 08:03 4200335                    /usr/lib/x86_64-linux-gnu/libpixman-1.so.0.26.0
7f8e39895000-7f8e3989b000 rw-p 00080000 08:03 4200335                    /usr/lib/x86_64-linux-gnu/libpixman-1.so.0.26.0
7f8e3989b000-7f8e398c1000 r-xp 00000000 08:03 12190665                   /lib/x86_64-linux-gnu/libpng12.so.0.49.0
7f8e398c1000-7f8e39ac0000 ---p 00026000 08:03 12190665                   /lib/x86_64-linux-gnu/libpng12.so.0.49.0
7f8e39ac0000-7f8e39ac1000 r--p 00025000 08:03 12190665                   /lib/x86_64-linux-gnu/libpng12.so.0.49.0
7f8e39ac1000-7f8e39ac2000 rw-p 00026000 08:03 12190665                   /lib/x86_64-linux-gnu/libpng12.so.0.49.0
7f8e39ac2000-7f8e39ad6000 r-xp 00000000 08:03 12192206                   /lib/x86_64-linux-gnu/libresolv-2.19.so
7f8e39ad6000-7f8e39cd5000 ---p 00014000 08:03 12192206                   /lib/x86_64-linux-gnu/libresolv-2.19.so
7f8e39cd5000-7f8e39cd6000 r--p 00013000 08:03 12192206                   /lib/x86_64-linux-gnu/libresolv-2.19.so
7f8e39cd6000-7f8e39cd7000 rw-p 00014000 08:03 12192206                   /lib/x86_64-linux-gnu/libresolv-2.19.so
7f8e39cd7000-7f8e39cd9000 rw-p 00000000 00:00 0 
7f8e39cd9000-7f8e39cf7000 r-xp 00000000 08:03 12190680                   /lib/x86_64-linux-gnu/libselinux.so.1
7f8e39cf7000-7f8e39ef6000 ---p 0001e000 08:03 12190680                   /lib/x86_64-linux-gnu/libselinux.so.1
7f8e39ef6000-7f8e39ef7000 r--p 0001d000 08:03 12190680                   /lib/x86_64-linux-gnu/libselinux.so.1
7f8e39ef7000-7f8e39ef8000 rw-p 0001e000 08:03 12190680                   /lib/x86_64-linux-gnu/libselinux.so.1
7f8e39ef8000-7f8e39ef9000 rw-p 00000000 00:00 0 
7f8e39ef9000-7f8e39efc000 r-xp 00000000 08:03 4200052                    /usr/lib/x86_64-linux-gnu/libgmodule-2.0.so.0.3200.4
7f8e39efc000-7f8e3a0fb000 ---p 00003000 08:03 4200052                    /usr/lib/x86_64-linux-gnu/libgmodule-2.0.so.0.3200.4
7f8e3a0fb000-7f8e3a0fc000 r--p 00002000 08:03 4200052                    /usr/lib/x86_64-linux-gnu/libgmodule-2.0.so.0.3200.4
7f8e3a0fc000-7f8e3a0fd000 rw-p 00003000 08:03 4200052                    /usr/lib/x86_64-linux-gnu/libgmodule-2.0.so.0.3200.4
7f8e3a0fd000-7f8e3a107000 r-xp 00000000 08:03 4199739                    /usr/lib/x86_64-linux-gnu/libXcursor.so.1.0.2
7f8e3a107000-7f8e3a306000 ---p 0000a000 08:03 4199739                    /usr/lib/x86_64-linux-gnu/libXcursor.so.1.0.2
7f8e3a306000-7f8e3a307000 rw-p 00009000 08:03 4199739                    /usr/lib/x86_64-linux-gnu/libXcursor.so.1.0.2
7f8e3a307000-7f8e3a30e000 r-xp 00000000 08:03 4199761                    /usr/lib/x86_64-linux-gnu/libXrandr.so.2.2.0
7f8e3a30e000-7f8e3a50e000 ---p 00007000 08:03 4199761                    /usr/lib/x86_64-linux-gnu/libXrandr.so.2.2.0
7f8e3a50e000-7f8e3a50f000 rw-p 00007000 08:03 4199761                    /usr/lib/x86_64-linux-gnu/libXrandr.so.2.2.0
7f8e3a50f000-7f8e3a511000 r-xp 00000000 08:03 4199753                    /usr/lib/x86_64-linux-gnu/libXinerama.so.1.0.0
7f8e3a511000-7f8e3a710000 ---p 00002000 08:03 4199753                    /usr/lib/x86_64-linux-gnu/libXinerama.so.1.0.0
7f8e3a710000-7f8e3a711000 rw-p 00001000 08:03 4199753                    /usr/lib/x86_64-linux-gnu/libXinerama.so.1.0.0
7f8e3a711000-7f8e3a716000 r-xp 00000000 08:03 4199747                    /usr/lib/x86_64-linux-gnu/libXfixes.so.3.1.0
7f8e3a716000-7f8e3a915000 ---p 00005000 08:03 4199747                    /usr/lib/x86_64-linux-gnu/libXfixes.so.3.1.0
7f8e3a915000-7f8e3a916000 r--p 00004000 08:03 4199747                    /usr/lib/x86_64-linux-gnu/libXfixes.so.3.1.0
7f8e3a916000-7f8e3a917000 rw-p 00005000 08:03 4199747                    /usr/lib/x86_64-linux-gnu/libXfixes.so.3.1.0
7f8e3a917000-7f8e3a919000 r-xp 00000000 08:03 4199741                    /usr/lib/x86_64-linux-gnu/libXdamage.so.1.1.0
7f8e3a919000-7f8e3ab18000 ---p 00002000 08:03 4199741                    /usr/lib/x86_64-linux-gnu/libXdamage.so.1.1.0
7f8e3ab18000-7f8e3ab19000 rw-p 00001000 08:03 4199741                    /usr/lib/x86_64-linux-gnu/libXdamage.so.1.1.0
7f8e3ab19000-7f8e3ab1b000 r-xp 00000000 08:03 4199737                    /usr/lib/x86_64-linux-gnu/libXcomposite.so.1.0.0
7f8e3ab1b000-7f8e3ad1a000 ---p 00002000 08:03 4199737                    /usr/lib/x86_64-linux-gnu/libXcomposite.so.1.0.0
7f8e3ad1a000-7f8e3ad1b000 rw-p 00001000 08:03 4199737                    /usr/lib/x86_64-linux-gnu/libXcomposite.so.1.0.0
7f8e3ad1b000-7f8e3ad3a000 r-xp 00000000 08:03 4200529                    /usr/lib/x86_64-linux-gnu/libxcb.so.1.1.0
7f8e3ad3a000-7f8e3af39000 ---p 0001f000 08:03 4200529                    /usr/lib/x86_64-linux-gnu/libxcb.so.1.1.0
7f8e3af39000-7f8e3af3a000 r--p 0001e000 08:03 4200529                    /usr/lib/x86_64-linux-gnu/libxcb.so.1.1.0
7f8e3af3a000-7f8e3af3b000 rw-p 0001f000 08:03 4200529                    /usr/lib/x86_64-linux-gnu/libxcb.so.1.1.0
7f8e3af3b000-7f8e3af8e000 r-xp 00000000 08:03 4199889                    /usr/lib/x86_64-linux-gnu/libcups.so.2
7f8e3af8e000-7f8e3b18d000 ---p 00053000 08:03 4199889                    /usr/lib/x86_64-linux-gnu/libcups.so.2
7f8e3b18d000-7f8e3b192000 r--p 00052000 08:03 4199889                    /usr/lib/x86_64-linux-gnu/libcups.so.2
7f8e3b192000-7f8e3b193000 rw-p 00057000 08:03 4199889                    /usr/lib/x86_64-linux-gnu/libcups.so.2
7f8e3b193000-7f8e3b288000 r-xp 00000000 08:03 12190597                   /lib/x86_64-linux-gnu/libglib-2.0.so.0.3200.4
7f8e3b288000-7f8e3b488000 ---p 000f5000 08:03 12190597                   /lib/x86_64-linux-gnu/libglib-2.0.so.0.3200.4
7f8e3b488000-7f8e3b489000 r--p 000f5000 08:03 12190597                   /lib/x86_64-linux-gnu/libglib-2.0.so.0.3200.4
7f8e3b489000-7f8e3b48a000 rw-p 000f6000 08:03 12190597                   /lib/x86_64-linux-gnu/libglib-2.0.so.0.3200.4
7f8e3b48a000-7f8e3b48b000 rw-p 00000000 00:00 0 
7f8e3b48b000-7f8e3b48c000 r-xp 00000000 08:03 4200137                    /usr/lib/x86_64-linux-gnu/libgthread-2.0.so.0.3200.4
7f8e3b48c000-7f8e3b68b000 ---p 00001000 08:03 4200137                    /usr/lib/x86_64-linux-gnu/libgthread-2.0.so.0.3200.4
7f8e3b68b000-7f8e3b68c000 r--p 00000000 08:03 4200137                    /usr/lib/x86_64-linux-gnu/libgthread-2.0.so.0.3200.4
7f8e3b68c000-7f8e3b68d000 rw-p 00001000 08:03 4200137                    /usr/lib/x86_64-linux-gnu/libgthread-2.0.so.0.3200.4
7f8e3b68d000-7f8e3b6db000 r-xp 00000000 08:03 4200068                    /usr/lib/x86_64-linux-gnu/libgobject-2.0.so.0.3200.4
7f8e3b6db000-7f8e3b8db000 ---p 0004e000 08:03 4200068                    /usr/lib/x86_64-linux-gnu/libgobject-2.0.so.0.3200.4
7f8e3b8db000-7f8e3b8dc000 r--p 0004e000 08:03 4200068                    /usr/lib/x86_64-linux-gnu/libgobject-2.0.so.0.3200.4
7f8e3b8dc000-7f8e3b8dd000 rw-p 0004f000 08:03 4200068                    /usr/lib/x86_64-linux-gnu/libgobject-2.0.so.0.3200.4
7f8e3b8dd000-7f8e3b912000 r-xp 00000000 08:03 4199999                    /usr/lib/x86_64-linux-gnu/libfontconfig.so.1.5.0
7f8e3b912000-7f8e3bb12000 ---p 00035000 08:03 4199999                    /usr/lib/x86_64-linux-gnu/libfontconfig.so.1.5.0
7f8e3bb12000-7f8e3bb13000 r--p 00035000 08:03 4199999                    /usr/lib/x86_64-linux-gnu/libfontconfig.so.1.5.0
7f8e3bb13000-7f8e3bb14000 rw-p 00036000 08:03 4199999                    /usr/lib/x86_64-linux-gnu/libfontconfig.so.1.5.0
7f8e3bb14000-7f8e3bbad000 r-xp 00000000 08:03 4200007                    /usr/lib/x86_64-linux-gnu/libfreetype.so.6.8.1
7f8e3bbad000-7f8e3bdac000 ---p 00099000 08:03 4200007                    /usr/lib/x86_64-linux-gnu/libfreetype.so.6.8.1
7f8e3bdac000-7f8e3bdb2000 r--p 00098000 08:03 4200007                    /usr/lib/x86_64-linux-gnu/libfreetype.so.6.8.1
7f8e3bdb2000-7f8e3bdb3000 rw-p 0009e000 08:03 4200007                    /usr/lib/x86_64-linux-gnu/libfreetype.so.6.8.1
7f8e3bdb3000-7f8e3bdfd000 r-xp 00000000 08:03 4200313                    /usr/lib/x86_64-linux-gnu/libpango-1.0.so.0.3000.0
7f8e3bdfd000-7f8e3bffd000 ---p 0004a000 08:03 4200313                    /usr/lib/x86_64-linux-gnu/libpango-1.0.so.0.3000.0
7f8e3bffd000-7f8e3bfff000 r--p 0004a000 08:03 4200313                    /usr/lib/x86_64-linux-gnu/libpango-1.0.so.0.3000.0
7f8e3bfff000-7f8e3c000000 rw-p 0004c000 08:03 4200313                    /usr/lib/x86_64-linux-gnu/libpango-1.0.so.0.3000.0
7f8e3c000000-7f8e3c311000 rw-p 00000000 00:00 0 
7f8e3c311000-7f8e40000000 ---p 00000000 00:00 0 
7f8e40000000-7f8e40021000 rw-p 00000000 00:00 0 
7f8e40021000-7f8e44000000 ---p 00000000 00:00 0 
7f8e44000000-7f8e44021000 rw-p 00000000 00:00 0 
7f8e44021000-7f8e48000000 ---p 00000000 00:00 0 
7f8e48000000-7f8e48255000 rw-p 00000000 00:00 0 
7f8e48255000-7f8e4c000000 ---p 00000000 00:00 0 
7f8e4c000000-7f8e4c021000 rw-p 00000000 00:00 0 
7f8e4c021000-7f8e50000000 ---p 00000000 00:00 0 
7f8e50000000-7f8e50021000 rw-p 00000000 00:00 0 
7f8e50021000-7f8e54000000 ---p 00000000 00:00 0 
7f8e54000000-7f8e54021000 rw-p 00000000 00:00 0 
7f8e54021000-7f8e58000000 ---p 00000000 00:00 0 
7f8e58006000-7f8e58083000 rw-p 00000000 00:00 0 
7f8e58083000-7f8e58177000 r-xp 00000000 08:03 4199843                    /usr/lib/x86_64-linux-gnu/libcairo.so.2.11200.2
7f8e58177000-7f8e58376000 ---p 000f4000 08:03 4199843                    /usr/lib/x86_64-linux-gnu/libcairo.so.2.11200.2
7f8e58376000-7f8e58379000 r--p 000f3000 08:03 4199843                    /usr/lib/x86_64-linux-gnu/libcairo.so.2.11200.2
7f8e58379000-7f8e5837a000 rw-p 000f6000 08:03 4199843                    /usr/lib/x86_64-linux-gnu/libcairo.so.2.11200.2
7f8e5837a000-7f8e5837c000 rw-p 00000000 00:00 0 
7f8e5837c000-7f8e5839b000 r-xp 00000000 08:03 4200030                    /usr/lib/x86_64-linux-gnu/libgdk_pixbuf-2.0.so.0.2600.1
7f8e5839b000-7f8e5859a000 ---p 0001f000 08:03 4200030                    /usr/lib/x86_64-linux-gnu/libgdk_pixbuf-2.0.so.0.2600.1
7f8e5859a000-7f8e5859b000 r--p 0001e000 08:03 4200030                    /usr/lib/x86_64-linux-gnu/libgdk_pixbuf-2.0.so.0.2600.1
7f8e5859b000-7f8e5859c000 rw-p 0001f000 08:03 4200030                    /usr/lib/x86_64-linux-gnu/libgdk_pixbuf-2.0.so.0.2600.1
7f8e5859c000-7f8e585a8000 r-xp 00000000 08:03 4200315                    /usr/lib/x86_64-linux-gnu/libpangocairo-1.0.so.0.3000.0
7f8e585a8000-7f8e587a7000 ---p 0000c000 08:03 4200315                    /usr/lib/x86_64-linux-gnu/libpangocairo-1.0.so.0.3000.0
7f8e587a7000-7f8e587a8000 r--p 0000b000 08:03 4200315                    /usr/lib/x86_64-linux-gnu/libpangocairo-1.0.so.0.3000.0
7f8e587a8000-7f8e587a9000 rw-p 0000c000 08:03 4200315                    /usr/lib/x86_64-linux-gnu/libpangocairo-1.0.so.0.3000.0
7f8e587a9000-7f8e587d3000 r-xp 00000000 08:03 4200317                    /usr/lib/x86_64-linux-gnu/libpangoft2-1.0.so.0.3000.0
7f8e587d3000-7f8e589d2000 ---p 0002a000 08:03 4200317                    /usr/lib/x86_64-linux-gnu/libpangoft2-1.0.so.0.3000.0
7f8e589d2000-7f8e589d3000 r--p 00029000 08:03 4200317                    /usr/lib/x86_64-linux-gnu/libpangoft2-1.0.so.0.3000.0
7f8e589d3000-7f8e589d4000 rw-p 0002a000 08:03 4200317                    /usr/lib/x86_64-linux-gnu/libpangoft2-1.0.so.0.3000.0
7f8e589d4000-7f8e58b20000 r-xp 00000000 08:03 4200042                    /usr/lib/x86_64-linux-gnu/libgio-2.0.so.0.3200.4
7f8e58b20000-7f8e58d1f000 ---p 0014c000 08:03 4200042                    /usr/lib/x86_64-linux-gnu/libgio-2.0.so.0.3200.4
7f8e58d1f000-7f8e58d23000 r--p 0014b000 08:03 4200042                    /usr/lib/x86_64-linux-gnu/libgio-2.0.so.0.3200.4
7f8e58d23000-7f8e58d25000 rw-p 0014f000 08:03 4200042                    /usr/lib/x86_64-linux-gnu/libgio-2.0.so.0.3200.4
7f8e58d25000-7f8e58d27000 rw-p 00000000 00:00 0 
7f8e58d27000-7f8e58d48000 r-xp 00000000 08:03 4199799                    /usr/lib/x86_64-linux-gnu/libatk-1.0.so.0.20409.1
7f8e58d48000-7f8e58f47000 ---p 00021000 08:03 4199799                    /usr/lib/x86_64-linux-gnu/libatk-1.0.so.0.20409.1
7f8e58f47000-7f8e58f49000 r--p 00020000 08:03 4199799                    /usr/lib/x86_64-linux-gnu/libatk-1.0.so.0.20409.1
7f8e58f49000-7f8e58f4a000 rw-p 00022000 08:03 4199799                    /usr/lib/x86_64-linux-gnu/libatk-1.0.so.0.20409.1
7f8e58f4a000-7f8e58ff9000 r-xp 00000000 08:03 4200028                    /usr/lib/x86_64-linux-gnu/libgdk-x11-2.0.so.0.2400.10
7f8e58ff9000-7f8e591f8000 ---p 000af000 08:03 4200028                    /usr/lib/x86_64-linux-gnu/libgdk-x11-2.0.so.0.2400.10
7f8e591f8000-7f8e591fd000 rw-p 000ae000 08:03 4200028                    /usr/lib/x86_64-linux-gnu/libgdk-x11-2.0.so.0.2400.10
7f8e591fd000-7f8e5962f000 r-xp 00000000 08:03 4200141                    /usr/lib/x86_64-linux-gnu/libgtk-x11-2.0.so.0.2400.10
7f8e5962f000-7f8e5982f000 ---p 00432000 08:03 4200141                    /usr/lib/x86_64-linux-gnu/libgtk-x11-2.0.so.0.2400.10
7f8e5982f000-7f8e5983a000 rw-p 00432000 08:03 4200141                    /usr/lib/x86_64-linux-gnu/libgtk-x11-2.0.so.0.2400.10
7f8e5983a000-7f8e5983c000 rw-p 00000000 00:00 0 
7f8e5983c000-7f8e5984a000 r-xp 00000000 08:03 4199751                    /usr/lib/x86_64-linux-gnu/libXi.so.6.1.0
7f8e5984a000-7f8e59a4a000 ---p 0000e000 08:03 4199751                    /usr/lib/x86_64-linux-gnu/libXi.so.6.1.0
7f8e59a4a000-7f8e59a4b000 rw-p 0000e000 08:03 4199751                    /usr/lib/x86_64-linux-gnu/libXi.so.6.1.0
7f8e59a4b000-7f8e59a50000 r-xp 00000000 08:03 4199769                    /usr/lib/x86_64-linux-gnu/libXtst.so.6.1.0
7f8e59a50000-7f8e59c4f000 ---p 00005000 08:03 4199769                    /usr/lib/x86_64-linux-gnu/libXtst.so.6.1.0
7f8e59c4f000-7f8e59c50000 rw-p 00004000 08:03 4199769                    /usr/lib/x86_64-linux-gnu/libXtst.so.6.1.0
7f8e59c50000-7f8e5c000000 rw-p 00000000 00:00 0 
7f8e5c000000-7f8e5c021000 rw-p 00000000 00:00 0 
7f8e5c021000-7f8e60000000 ---p 00000000 00:00 0 
7f8e60000000-7f8e60021000 rw-p 00000000 00:00 0 
7f8e60021000-7f8e64000000 ---p 00000000 00:00 0 
7f8e64000000-7f8e64021000 rw-p 00000000 00:00 0 
7f8e64021000-7f8e68000000 ---p 00000000 00:00 0 
7f8e68000000-7f8e68021000 rw-p 00000000 00:00 0 
7f8e68021000-7f8e6c000000 ---p 00000000 00:00 0 
7f8e6c00a000-7f8e6c00d000 ---p 00000000 00:00 0 
7f8e6c00d000-7f8e6c043000 rw-p 00000000 00:00 0 
7f8e6c043000-7f8e6c04c000 r-xp 00000000 08:03 4199763                    /usr/lib/x86_64-linux-gnu/libXrender.so.1.3.0
7f8e6c04c000-7f8e6c24b000 ---p 00009000 08:03 4199763                    /usr/lib/x86_64-linux-gnu/libXrender.so.1.3.0
7f8e6c24b000-7f8e6c24c000 rw-p 00008000 08:03 4199763                    /usr/lib/x86_64-linux-gnu/libXrender.so.1.3.0
7f8e6c24c000-7f8e6c381000 r-xp 00000000 08:03 4199728                    /usr/lib/x86_64-linux-gnu/libX11.so.6.3.0
7f8e6c381000-7f8e6c581000 ---p 00135000 08:03 4199728                    /usr/lib/x86_64-linux-gnu/libX11.so.6.3.0
7f8e6c581000-7f8e6c587000 rw-p 00135000 08:03 4199728                    /usr/lib/x86_64-linux-gnu/libX11.so.6.3.0
7f8e6c587000-7f8e6c598000 r-xp 00000000 08:03 4199745                    /usr/lib/x86_64-linux-gnu/libXext.so.6.4.0
7f8e6c598000-7f8e6c798000 ---p 00011000 08:03 4199745                    /usr/lib/x86_64-linux-gnu/libXext.so.6.4.0
7f8e6c798000-7f8e6c799000 rw-p 00011000 08:03 4199745                    /usr/lib/x86_64-linux-gnu/libXext.so.6.4.0
7f8e6c799000-7f8e6c7ec000 r-xp 00000000 08:03 3934319                    /usr/lib/jvm/java-7-openjdk-amd64/jre/lib/amd64/xawt/libmawt.so
7f8e6c7ec000-7f8e6c9eb000 ---p 00053000 08:03 3934319                    /usr/lib/jvm/java-7-openjdk-amd64/jre/lib/amd64/xawt/libmawt.so
7f8e6c9eb000-7f8e6c9ec000 r--p 00052000 08:03 3934319                    /usr/lib/jvm/java-7-openjdk-amd64/jre/lib/amd64/xawt/libmawt.so
7f8e6c9ec000-7f8e6c9ef000 rw-p 00053000 08:03 3934319                    /usr/lib/jvm/java-7-openjdk-amd64/jre/lib/amd64/xawt/libmawt.so
7f8e6c9ef000-7f8e6c9f0000 rw-p 00000000 00:00 0 
7f8e6c9f0000-7f8e6ca91000 r-xp 00000000 08:03 3934218                    /usr/lib/jvm/java-7-openjdk-amd64/jre/lib/amd64/libawt.so
7f8e6ca91000-7f8e6cc90000 ---p 000a1000 08:03 3934218                    /usr/lib/jvm/java-7-openjdk-amd64/jre/lib/amd64/libawt.so
7f8e6cc90000-7f8e6cc91000 r--p 000a0000 08:03 3934218                    /usr/lib/jvm/java-7-openjdk-amd64/jre/lib/amd64/libawt.so
7f8e6cc91000-7f8e6cc9c000 rw-p 000a1000 08:03 3934218                    /usr/lib/jvm/java-7-openjdk-amd64/jre/lib/amd64/libawt.so
7f8e6cc9c000-7f8e6ccc1000 rw-p 00000000 00:00 0 
7f8e6ccc1000-7f8e6ccfe000 r-xp 00000000 08:03 10486182                   /tmp/libgdxchobe/5502b6ed/libgdx64.so
7f8e6ccfe000-7f8e6cefd000 ---p 0003d000 08:03 10486182                   /tmp/libgdxchobe/5502b6ed/libgdx64.so
7f8e6cefd000-7f8e6cefe000 r--p 0003c000 08:03 10486182                   /tmp/libgdxchobe/5502b6ed/libgdx64.so
7f8e6cefe000-7f8e6ceff000 rw-p 0003d000 08:03 10486182                   /tmp/libgdxchobe/5502b6ed/libgdx64.so
7f8e6ceff000-7f8e6cf00000 ---p 00000000 00:00 0 
7f8e6cf00000-7f8e6d000000 rw-p 00000000 00:00 0 
7f8e6d000000-7f8e6d270000 rwxp 00000000 00:00 0 
7f8e6d270000-7f8e7036a000 rw-p 00000000 00:00 0 
7f8e7036a000-7f8e74000000 ---p 00000000 00:00 0 
7f8e7401b000-7f8e7401c000 rw-s 00005000 00:05 7289                       /dev/ati/card0
7f8e7401c000-7f8e7402c000 rw-s e0200000 00:05 7289                       /dev/ati/card0
7f8e7402c000-7f8e7402e000 rw-s 00002000 00:05 7289                       /dev/ati/card0
7f8e7402e000-7f8e74035000 r--s 00000000 08:03 4206154                    /usr/lib/x86_64-linux-gnu/gconv/gconv-modules.cache
7f8e74035000-7f8e7403e000 r--s 000b9000 08:03 3934170                    /usr/lib/jvm/java-7-openjdk-amd64/jre/lib/resources.jar
7f8e7403e000-7f8e74043000 r--s 0004c000 08:03 3934152                    /usr/lib/jvm/java-7-openjdk-amd64/jre/lib/jsse.jar
7f8e74043000-7f8e74044000 r--s 00002000 08:03 10488693                   /home/chobe/.gradle/caches/modules-2/files-2.1/net.java.jinput/jinput-platform/2.0.5/53f9c919f34d2ca9de8c51fc4e1e8282029a9232/jinput-platform-2.0.5-natives-osx.jar
7f8e74044000-7f8e74045000 r--s 00025000 08:03 10488692                   /home/chobe/.gradle/caches/modules-2/files-2.1/net.java.jinput/jinput-platform/2.0.5/385ee093e01f587f30ee1c8a2ee7d408fd732e16/jinput-platform-2.0.5-natives-windows.jar
7f8e74045000-7f8e74046000 r--s 00002000 08:03 10488691                   /home/chobe/.gradle/caches/modules-2/files-2.1/net.java.jinput/jinput-platform/2.0.5/7ff832a6eb9ab6a767f1ade2b548092d0fa64795/jinput-platform-2.0.5-natives-linux.jar
7f8e74046000-7f8e74047000 r--s 00001000 08:03 10488690                   /home/chobe/.gradle/caches/modules-2/files-2.1/net.java.jutils/jutils/1.0.0/e12fe1fda814bd348c1579329c86943d2cd3c6a6/jutils-1.0.0.jar
7f8e74047000-7f8e7404b000 r--s 0002f000 08:03 10488689                   /home/chobe/.gradle/caches/modules-2/files-2.1/net.java.jinput/jinput/2.0.5/39c7796b469a600f72380316f6b1f11db6c2c7c4/jinput-2.0.5.jar
7f8e7404b000-7f8e7404c000 r--s 00080000 08:03 10488688                   /home/chobe/.gradle/caches/modules-2/files-2.1/org.lwjgl.lwjgl/lwjgl-platform/2.9.1/2d12c83fdfbc04ecabf02c7bc8cc54d034f0daac/lwjgl-platform-2.9.1-natives-osx.jar
7f8e7404c000-7f8e7404d000 r--s 0008b000 08:03 10488687                   /home/chobe/.gradle/caches/modules-2/files-2.1/org.lwjgl.lwjgl/lwjgl-platform/2.9.1/aa9aae879af8eb378e22cfc64db56ec2ca9a44d1/lwjgl-platform-2.9.1-natives-linux.jar
7f8e7404d000-7f8e7404e000 r--s 00095000 08:03 10488686                   /home/chobe/.gradle/caches/modules-2/files-2.1/org.lwjgl.lwjgl/lwjgl-platform/2.9.1/4c517eca808522457dd95ee8fc1fbcdbb602efbe/lwjgl-platform-2.9.1-natives-windows.jar
7f8e7404e000-7f8e74050000 r--s 00017000 08:03 10488685                   /home/chobe/.gradle/caches/modules-2/files-2.1/org.jcraft/jorbis/0.0.17/8872d22b293e8f5d7d56ff92be966e6dc28ebdc6/jorbis-0.0.17.jar
7f8e74050000-7f8e74051000 r--s 00015000 08:03 10488684                   /home/chobe/.gradle/caches/modules-2/files-2.1/com.badlogicgames.jlayer/jlayer/1.0.1-gdx/7cca83cec5c1b2f011362f4d85aabd71a73b049d/jlayer-1.0.1-gdx.jar
7f8e74051000-7f8e74055000 r--s 00027000 08:03 10488683                   /home/chobe/.gradle/caches/modules-2/files-2.1/org.lwjgl.lwjgl/lwjgl_util/2.9.1/290d7ba8a1bd9566f5ddf16ad06f09af5ec9b20e/lwjgl_util-2.9.1.jar
7f8e74055000-7f8e74063000 r--s 000ea000 08:03 10488682                   /home/chobe/.gradle/caches/modules-2/files-2.1/org.lwjgl.lwjgl/lwjgl/2.9.1/f58c5aabcef0e41718a564be9f8e412fff8db847/lwjgl-2.9.1.jar
7f8e74063000-7f8e74078000 r--s 00153000 08:03 10488660                   /home/chobe/.gradle/caches/modules-2/files-2.1/com.badlogicgames.gdx/gdx/1.1.0/686f5a609c717eb0769d3b954c501a49bf4fe351/gdx-1.1.0.jar
7f8e74078000-7f8e74079000 r--s 000cd000 08:03 10488678                   /home/chobe/.gradle/caches/modules-2/files-2.1/com.badlogicgames.gdx/gdx-platform/1.1.0/1c7ea4239c2d9adda420c15985fe3885c481fdcf/gdx-platform-1.1.0-natives-desktop.jar
7f8e74079000-7f8e7407c000 ---p 00000000 00:00 0 
7f8e7407c000-7f8e7417a000 rw-p 00000000 00:00 0 
7f8e7417a000-7f8e7417d000 ---p 00000000 00:00 0 
7f8e7417d000-7f8e7427b000 rw-p 00000000 00:00 0 
7f8e7427b000-7f8e7427e000 ---p 00000000 00:00 0 
7f8e7427e000-7f8e7437c000 rw-p 00000000 00:00 0 
7f8e7437c000-7f8e7437f000 ---p 00000000 00:00 0 
7f8e7437f000-7f8e7447d000 rw-p 00000000 00:00 0 
7f8e7447d000-7f8e74606000 r--p 00000000 08:03 4067802                    /usr/lib/locale/locale-archive
7f8e74606000-7f8e74609000 ---p 00000000 00:00 0 
7f8e74609000-7f8e74707000 rw-p 00000000 00:00 0 
7f8e74707000-7f8e7470a000 ---p 00000000 00:00 0 
7f8e7470a000-7f8e74808000 rw-p 00000000 00:00 0 
7f8e74808000-7f8e74809000 ---p 00000000 00:00 0 
7f8e74809000-7f8e75906000 rw-p 00000000 00:00 0 
7f8e75906000-7f8e75ab4000 r--s 01cfc000 08:03 3934153                    /usr/lib/jvm/java-7-openjdk-amd64/jre/lib/rt.jar
7f8e75ab4000-7f8e75de8000 rw-p 00000000 00:00 0 
7f8e75de8000-7f8e75de9000 ---p 00000000 00:00 0 
7f8e75de9000-7f8e75ee9000 rw-p 00000000 00:00 0 
7f8e75ee9000-7f8e75eea000 ---p 00000000 00:00 0 
7f8e75eea000-7f8e75fea000 rw-p 00000000 00:00 0 
7f8e75fea000-7f8e75feb000 ---p 00000000 00:00 0 
7f8e75feb000-7f8e760eb000 rw-p 00000000 00:00 0 
7f8e760eb000-7f8e760ec000 ---p 00000000 00:00 0 
7f8e760ec000-7f8e761f7000 rw-p 00000000 00:00 0 
7f8e761f7000-7f8e7623f000 rw-p 00000000 00:00 0 
7f8e7623f000-7f8e76254000 rw-p 00000000 00:00 0 
7f8e76254000-7f8e76385000 rw-p 00000000 00:00 0 
7f8e76385000-7f8e76390000 rw-p 00000000 00:00 0 
7f8e76390000-7f8e763d8000 rw-p 00000000 00:00 0 
7f8e763d8000-7f8e763ed000 rw-p 00000000 00:00 0 
7f8e763ed000-7f8e7651d000 rw-p 00000000 00:00 0 
7f8e7651d000-7f8e76528000 rw-p 00000000 00:00 0 
7f8e76528000-7f8e765c0000 rw-p 00000000 00:00 0 
7f8e765c0000-7f8e765c1000 rw-p 00000000 00:00 0 
7f8e765c1000-7f8e765c9000 r-xp 00000000 08:03 3934210                    /usr/lib/jvm/java-7-openjdk-amd64/jre/lib/amd64/libzip.so
7f8e765c9000-7f8e767c8000 ---p 00008000 08:03 3934210                    /usr/lib/jvm/java-7-openjdk-amd64/jre/lib/amd64/libzip.so
7f8e767c8000-7f8e767c9000 r--p 00007000 08:03 3934210                    /usr/lib/jvm/java-7-openjdk-amd64/jre/lib/amd64/libzip.so
7f8e767c9000-7f8e767ca000 rw-p 00008000 08:03 3934210                    /usr/lib/jvm/java-7-openjdk-amd64/jre/lib/amd64/libzip.so
7f8e767ca000-7f8e767d5000 r-xp 00000000 08:03 12192223                   /lib/x86_64-linux-gnu/libnss_files-2.19.so
7f8e767d5000-7f8e769d4000 ---p 0000b000 08:03 12192223                   /lib/x86_64-linux-gnu/libnss_files-2.19.so
7f8e769d4000-7f8e769d5000 r--p 0000a000 08:03 12192223                   /lib/x86_64-linux-gnu/libnss_files-2.19.so
7f8e769d5000-7f8e769d6000 rw-p 0000b000 08:03 12192223                   /lib/x86_64-linux-gnu/libnss_files-2.19.so
7f8e769d6000-7f8e769e0000 r-xp 00000000 08:03 12192211                   /lib/x86_64-linux-gnu/libnss_nis-2.19.so
7f8e769e0000-7f8e76bdf000 ---p 0000a000 08:03 12192211                   /lib/x86_64-linux-gnu/libnss_nis-2.19.so
7f8e76bdf000-7f8e76be0000 r--p 00009000 08:03 12192211                   /lib/x86_64-linux-gnu/libnss_nis-2.19.so
7f8e76be0000-7f8e76be1000 rw-p 0000a000 08:03 12192211                   /lib/x86_64-linux-gnu/libnss_nis-2.19.so
7f8e76be1000-7f8e76bf6000 r-xp 00000000 08:03 12192215                   /lib/x86_64-linux-gnu/libnsl-2.19.so
7f8e76bf6000-7f8e76df5000 ---p 00015000 08:03 12192215                   /lib/x86_64-linux-gnu/libnsl-2.19.so
7f8e76df5000-7f8e76df6000 r--p 00014000 08:03 12192215                   /lib/x86_64-linux-gnu/libnsl-2.19.so
7f8e76df6000-7f8e76df7000 rw-p 00015000 08:03 12192215                   /lib/x86_64-linux-gnu/libnsl-2.19.so
7f8e76df7000-7f8e76df9000 rw-p 00000000 00:00 0 
7f8e76df9000-7f8e76e00000 r-xp 00000000 08:03 12192212                   /lib/x86_64-linux-gnu/libnss_compat-2.19.so
7f8e76e00000-7f8e76fff000 ---p 00007000 08:03 12192212                   /lib/x86_64-linux-gnu/libnss_compat-2.19.so
7f8e76fff000-7f8e77000000 r--p 00006000 08:03 12192212                   /lib/x86_64-linux-gnu/libnss_compat-2.19.so
7f8e77000000-7f8e77001000 rw-p 00007000 08:03 12192212                   /lib/x86_64-linux-gnu/libnss_compat-2.19.so
7f8e77001000-7f8e7702c000 r-xp 00000000 08:03 3934215                    /usr/lib/jvm/java-7-openjdk-amd64/jre/lib/amd64/libjava.so
7f8e7702c000-7f8e7722b000 ---p 0002b000 08:03 3934215                    /usr/lib/jvm/java-7-openjdk-amd64/jre/lib/amd64/libjava.so
7f8e7722b000-7f8e7722c000 r--p 0002a000 08:03 3934215                    /usr/lib/jvm/java-7-openjdk-amd64/jre/lib/amd64/libjava.so
7f8e7722c000-7f8e7722e000 rw-p 0002b000 08:03 3934215                    /usr/lib/jvm/java-7-openjdk-amd64/jre/lib/amd64/libjava.so
7f8e7722e000-7f8e7723d000 r-xp 00000000 08:03 3934216                    /usr/lib/jvm/java-7-openjdk-amd64/jre/lib/amd64/libverify.so
7f8e7723d000-7f8e7743c000 ---p 0000f000 08:03 3934216                    /usr/lib/jvm/java-7-openjdk-amd64/jre/lib/amd64/libverify.so
7f8e7743c000-7f8e7743e000 r--p 0000e000 08:03 3934216                    /usr/lib/jvm/java-7-openjdk-amd64/jre/lib/amd64/libverify.so
7f8e7743e000-7f8e7743f000 rw-p 00010000 08:03 3934216                    /usr/lib/jvm/java-7-openjdk-amd64/jre/lib/amd64/libverify.so
7f8e7743f000-7f8e77446000 r-xp 00000000 08:03 12192213                   /lib/x86_64-linux-gnu/librt-2.19.so
7f8e77446000-7f8e77645000 ---p 00007000 08:03 12192213                   /lib/x86_64-linux-gnu/librt-2.19.so
7f8e77645000-7f8e77646000 r--p 00006000 08:03 12192213                   /lib/x86_64-linux-gnu/librt-2.19.so
7f8e77646000-7f8e77647000 rw-p 00007000 08:03 12192213                   /lib/x86_64-linux-gnu/librt-2.19.so
7f8e77647000-7f8e7765c000 r-xp 00000000 08:03 12190593                   /lib/x86_64-linux-gnu/libgcc_s.so.1
7f8e7765c000-7f8e7785c000 ---p 00015000 08:03 12190593                   /lib/x86_64-linux-gnu/libgcc_s.so.1
7f8e7785c000-7f8e7785d000 rw-p 00015000 08:03 12190593                   /lib/x86_64-linux-gnu/libgcc_s.so.1
7f8e7785d000-7f8e7795d000 r-xp 00000000 08:03 12192221                   /lib/x86_64-linux-gnu/libm-2.19.so
7f8e7795d000-7f8e77b5c000 ---p 00100000 08:03 12192221                   /lib/x86_64-linux-gnu/libm-2.19.so
7f8e77b5c000-7f8e77b5d000 r--p 000ff000 08:03 12192221                   /lib/x86_64-linux-gnu/libm-2.19.so
7f8e77b5d000-7f8e77b5e000 rw-p 00100000 08:03 12192221                   /lib/x86_64-linux-gnu/libm-2.19.so
7f8e77b5e000-7f8e77c46000 r-xp 00000000 08:03 4200440                    /usr/lib/x86_64-linux-gnu/libstdc++.so.6.0.17
7f8e77c46000-7f8e77e46000 ---p 000e8000 08:03 4200440                    /usr/lib/x86_64-linux-gnu/libstdc++.so.6.0.17
7f8e77e46000-7f8e77e4e000 r--p 000e8000 08:03 4200440                    /usr/lib/x86_64-linux-gnu/libstdc++.so.6.0.17
7f8e77e4e000-7f8e77e50000 rw-p 000f0000 08:03 4200440                    /usr/lib/x86_64-linux-gnu/libstdc++.so.6.0.17
7f8e77e50000-7f8e77e65000 rw-p 00000000 00:00 0 
7f8e77e65000-7f8e7892e000 r-xp 00000000 08:03 3934204                    /usr/lib/jvm/java-7-openjdk-amd64/jre/lib/amd64/server/libjvm.so
7f8e7892e000-7f8e78b2e000 ---p 00ac9000 08:03 3934204                    /usr/lib/jvm/java-7-openjdk-amd64/jre/lib/amd64/server/libjvm.so
7f8e78b2e000-7f8e78bc6000 r--p 00ac9000 08:03 3934204                    /usr/lib/jvm/java-7-openjdk-amd64/jre/lib/amd64/server/libjvm.so
7f8e78bc6000-7f8e78be9000 rw-p 00b61000 08:03 3934204                    /usr/lib/jvm/java-7-openjdk-amd64/jre/lib/amd64/server/libjvm.so
7f8e78be9000-7f8e78c16000 rw-p 00000000 00:00 0 
7f8e78c16000-7f8e78c2d000 r-xp 00000000 08:03 12192203                   /lib/x86_64-linux-gnu/libz.so.1.2.8
7f8e78c2d000-7f8e78e2c000 ---p 00017000 08:03 12192203                   /lib/x86_64-linux-gnu/libz.so.1.2.8
7f8e78e2c000-7f8e78e2d000 r--p 00016000 08:03 12192203                   /lib/x86_64-linux-gnu/libz.so.1.2.8
7f8e78e2d000-7f8e78e2e000 rw-p 00017000 08:03 12192203                   /lib/x86_64-linux-gnu/libz.so.1.2.8
7f8e78e2e000-7f8e78fcd000 r-xp 00000000 08:03 12192214                   /lib/x86_64-linux-gnu/libc-2.19.so
7f8e78fcd000-7f8e791cd000 ---p 0019f000 08:03 12192214                   /lib/x86_64-linux-gnu/libc-2.19.so
7f8e791cd000-7f8e791d1000 r--p 0019f000 08:03 12192214                   /lib/x86_64-linux-gnu/libc-2.19.so
7f8e791d1000-7f8e791d3000 rw-p 001a3000 08:03 12192214                   /lib/x86_64-linux-gnu/libc-2.19.so
7f8e791d3000-7f8e791d7000 rw-p 00000000 00:00 0 
7f8e791d7000-7f8e791da000 r-xp 00000000 08:03 12192219                   /lib/x86_64-linux-gnu/libdl-2.19.so
7f8e791da000-7f8e793d9000 ---p 00003000 08:03 12192219                   /lib/x86_64-linux-gnu/libdl-2.19.so
7f8e793d9000-7f8e793da000 r--p 00002000 08:03 12192219                   /lib/x86_64-linux-gnu/libdl-2.19.so
7f8e793da000-7f8e793db000 rw-p 00003000 08:03 12192219                   /lib/x86_64-linux-gnu/libdl-2.19.so
7f8e793db000-7f8e793e8000 r-xp 00000000 08:03 3934207                    /usr/lib/jvm/java-7-openjdk-amd64/jre/lib/amd64/jli/libjli.so
7f8e793e8000-7f8e795e7000 ---p 0000d000 08:03 3934207                    /usr/lib/jvm/java-7-openjdk-amd64/jre/lib/amd64/jli/libjli.so
7f8e795e7000-7f8e795e8000 r--p 0000c000 08:03 3934207                    /usr/lib/jvm/java-7-openjdk-amd64/jre/lib/amd64/jli/libjli.so
7f8e795e8000-7f8e795e9000 rw-p 0000d000 08:03 3934207                    /usr/lib/jvm/java-7-openjdk-amd64/jre/lib/amd64/jli/libjli.so
7f8e795e9000-7f8e79601000 r-xp 00000000 08:03 12192218                   /lib/x86_64-linux-gnu/libpthread-2.19.so
7f8e79601000-7f8e79800000 ---p 00018000 08:03 12192218                   /lib/x86_64-linux-gnu/libpthread-2.19.so
7f8e79800000-7f8e79801000 r--p 00017000 08:03 12192218                   /lib/x86_64-linux-gnu/libpthread-2.19.so
7f8e79801000-7f8e79802000 rw-p 00018000 08:03 12192218                   /lib/x86_64-linux-gnu/libpthread-2.19.so
7f8e79802000-7f8e79806000 rw-p 00000000 00:00 0 
7f8e79806000-7f8e79826000 r-xp 00000000 08:03 12192217                   /lib/x86_64-linux-gnu/ld-2.19.so
7f8e79826000-7f8e79829000 r--s 0001f000 08:03 10488677                   /home/chobe/.gradle/caches/modules-2/files-2.1/com.badlogicgames.gdx/gdx-backend-lwjgl/1.1.0/eafa409559820c1696e165e1280435f1332fc32b/gdx-backend-lwjgl-1.1.0.jar
7f8e79829000-7f8e7982c000 r--s 0001c000 08:01 772750                     /media/winDisk/Users/ChobeDucket/Documents/sheep/core/build/libs/core-1.0.jar
7f8e7982c000-7f8e79830000 r--s 0003b000 08:03 3934173                    /usr/lib/jvm/java-7-openjdk-amd64/jre/lib/ext/sunpkcs11.jar
7f8e79830000-7f8e79831000 r--s 00002000 08:03 3934178                    /usr/lib/jvm/java-7-openjdk-amd64/jre/lib/ext/dnsns.jar
7f8e79831000-7f8e79834000 r--s 00032000 08:03 3934176                    /usr/lib/jvm/java-7-openjdk-amd64/jre/lib/ext/sunjce_provider.jar
7f8e79834000-7f8e79836000 r--s 0000f000 08:03 3934175                    /usr/lib/jvm/java-7-openjdk-amd64/jre/lib/ext/pulse-java.jar
7f8e79836000-7f8e79838000 r--s 00012000 08:03 3934174                    /usr/lib/jvm/java-7-openjdk-amd64/jre/lib/ext/zipfs.jar
7f8e79838000-7f8e7983c000 r--s 00085000 08:03 3934172                    /usr/lib/jvm/java-7-openjdk-amd64/jre/lib/ext/localedata.jar
7f8e7983c000-7f8e7983d000 r--s 00007000 08:03 5645676                    /usr/share/java/java-atk-wrapper.jar
7f8e7983d000-7f8e79847000 rw-p 00000000 00:00 0 
7f8e79847000-7f8e798fd000 rw-p 00000000 00:00 0 
7f8e798fd000-7f8e79900000 ---p 00000000 00:00 0 
7f8e79900000-7f8e79a1a000 rw-p 00000000 00:00 0 
7f8e79a1a000-7f8e79a22000 rw-s 00000000 08:03 10490852                   /tmp/hsperfdata_chobe/8688 (deleted)
7f8e79a22000-7f8e79a23000 rw-p 00000000 00:00 0 
7f8e79a23000-7f8e79a24000 ---p 00000000 00:00 0 
7f8e79a24000-7f8e79a26000 rw-p 00000000 00:00 0 
7f8e79a26000-7f8e79a27000 r--p 00020000 08:03 12192217                   /lib/x86_64-linux-gnu/ld-2.19.so
7f8e79a27000-7f8e79a28000 rw-p 00021000 08:03 12192217                   /lib/x86_64-linux-gnu/ld-2.19.so
7f8e79a28000-7f8e79a29000 rw-p 00000000 00:00 0 
7fff69c92000-7fff69cb4000 rw-p 00000000 00:00 0                          [stack]
7fff69dff000-7fff69e00000 r-xp 00000000 00:00 0                          [vdso]
ffffffffff600000-ffffffffff601000 r-xp 00000000 00:00 0                  [vsyscall]

VM Arguments:
jvm_args: -Dfile.encoding=UTF-8 
java_command: com.mygdx.sheep.desktop.DesktopLauncher
Launcher Type: SUN_STANDARD

Environment Variables:
PATH=/usr/local/bin:/usr/bin:/bin:/usr/local/games:/usr/games:/home/chobe/.local/bin:/home/chobe/sdks/adt-bundle-linux-x86_64-20140321/sdk//platform-tools/adb:/home/chobe/sdks/adt-bundle-linux-x86_64-20140321/sdk//platform-tools/
USERNAME=chobe
SHELL=/bin/bash
DISPLAY=:0

Signal Handlers:
SIGSEGV: [libjvm.so+0x8f9750], sa_mask[0]=0x7ffbfeff, sa_flags=0x10000004
SIGBUS: [libjvm.so+0x8f9750], sa_mask[0]=0x7ffbfeff, sa_flags=0x10000004
SIGFPE: [libjvm.so+0x7827c0], sa_mask[0]=0x7ffbfeff, sa_flags=0x10000004
SIGPIPE: [libjvm.so+0x7827c0], sa_mask[0]=0x7ffbfeff, sa_flags=0x10000004
SIGXFSZ: [libjvm.so+0x7827c0], sa_mask[0]=0x7ffbfeff, sa_flags=0x10000004
SIGILL: [libjvm.so+0x7827c0], sa_mask[0]=0x7ffbfeff, sa_flags=0x10000004
SIGUSR1: SIG_DFL, sa_mask[0]=0x00000000, sa_flags=0x00000000
SIGUSR2: [libjvm.so+0x782ab0], sa_mask[0]=0x00000004, sa_flags=0x10000004
SIGHUP: [libjvm.so+0x782c20], sa_mask[0]=0x7ffbfeff, sa_flags=0x10000004
SIGINT: [libjvm.so+0x782c20], sa_mask[0]=0x7ffbfeff, sa_flags=0x10000004
SIGTERM: [libjvm.so+0x782c20], sa_mask[0]=0x7ffbfeff, sa_flags=0x10000004
SIGQUIT: [libjvm.so+0x782c20], sa_mask[0]=0x7ffbfeff, sa_flags=0x10000004


---------------  S Y S T E M  ---------------

OS:7.5

uname:Linux 3.2.0-4-amd64 #1 SMP Debian 3.2.57-3+deb7u1 x86_64
libc:glibc 2.19 NPTL 2.19 
rlimit: STACK 8192k, CORE 0k, NPROC 31105, NOFILE 4096, AS infinity
load average:0.36 0.51 0.55

/proc/meminfo:
MemTotal:        3993672 kB
MemFree:          905760 kB
Buffers:          115708 kB
Cached:           542448 kB
SwapCached:            0 kB
Active:          2049356 kB
Inactive:         689352 kB
Active(anon):    1574096 kB
Inactive(anon):   554124 kB
Active(file):     475260 kB
Inactive(file):   135228 kB
Unevictable:           0 kB
Mlocked:               0 kB
SwapTotal:       4120572 kB
SwapFree:        4120504 kB
Dirty:               492 kB
Writeback:             0 kB
AnonPages:       2080628 kB
Mapped:           249208 kB
Shmem:             47668 kB
Slab:             129724 kB
SReclaimable:     103080 kB
SUnreclaim:        26644 kB
KernelStack:        3624 kB
PageTables:        29264 kB
NFS_Unstable:          0 kB
Bounce:                0 kB
WritebackTmp:          0 kB
CommitLimit:     6117408 kB
Committed_AS:    4084672 kB
VmallocTotal:   34359738367 kB
VmallocUsed:      170472 kB
VmallocChunk:   34359561712 kB
HardwareCorrupted:     0 kB
AnonHugePages:         0 kB
HugePages_Total:       0
HugePages_Free:        0
HugePages_Rsvd:        0
HugePages_Surp:        0
Hugepagesize:       2048 kB
DirectMap4k:      402432 kB
DirectMap2M:     3725312 kB


CPU:total 4 (4 cores per cpu, 1 threads per core) family 6 model 15 stepping 11, cmov, cx8, fxsr, mmx, sse, sse2, sse3, ssse3, tsc

/proc/cpuinfo:
processor	: 0
vendor_id	: GenuineIntel
cpu family	: 6
model		: 15
model name	: Intel(R) Core(TM)2 Quad CPU    Q6600  @ 2.40GHz
stepping	: 11
cpu MHz		: 1596.000
cache size	: 4096 KB
physical id	: 0
siblings	: 4
core id		: 0
cpu cores	: 4
apicid		: 0
initial apicid	: 0
fpu		: yes
fpu_exception	: yes
cpuid level	: 10
wp		: yes
flags		: fpu vme de pse tsc msr pae mce cx8 apic sep mtrr pge mca cmov pat pse36 clflush dts acpi mmx fxsr sse sse2 ss ht tm pbe syscall nx lm constant_tsc arch_perfmon pebs bts rep_good nopl aperfmperf pni dtes64 monitor ds_cpl vmx est tm2 ssse3 cx16 xtpr pdcm lahf_lm dtherm tpr_shadow vnmi flexpriority
bogomips	: 4795.82
clflush size	: 64
cache_alignment	: 64
address sizes	: 36 bits physical, 48 bits virtual
power management:

processor	: 1
vendor_id	: GenuineIntel
cpu family	: 6
model		: 15
model name	: Intel(R) Core(TM)2 Quad CPU    Q6600  @ 2.40GHz
stepping	: 11
cpu MHz		: 1596.000
cache size	: 4096 KB
physical id	: 0
siblings	: 4
core id		: 2
cpu cores	: 4
apicid		: 2
initial apicid	: 2
fpu		: yes
fpu_exception	: yes
cpuid level	: 10
wp		: yes
flags		: fpu vme de pse tsc msr pae mce cx8 apic sep mtrr pge mca cmov pat pse36 clflush dts acpi mmx fxsr sse sse2 ss ht tm pbe syscall nx lm constant_tsc arch_perfmon pebs bts rep_good nopl aperfmperf pni dtes64 monitor ds_cpl vmx est tm2 ssse3 cx16 xtpr pdcm lahf_lm dtherm tpr_shadow vnmi flexpriority
bogomips	: 4795.58
clflush size	: 64
cache_alignment	: 64
address sizes	: 36 bits physical, 48 bits virtual
power management:

processor	: 2
vendor_id	: GenuineIntel
cpu family	: 6
model		: 15
model name	: Intel(R) Core(TM)2 Quad CPU    Q6600  @ 2.40GHz
stepping	: 11
cpu MHz		: 1596.000
cache size	: 4096 KB
physical id	: 0
siblings	: 4
core id		: 1
cpu cores	: 4
apicid		: 1
initial apicid	: 1
fpu		: yes
fpu_exception	: yes
cpuid level	: 10
wp		: yes
flags		: fpu vme de pse tsc msr pae mce cx8 apic sep mtrr pge mca cmov pat pse36 clflush dts acpi mmx fxsr sse sse2 ss ht tm pbe syscall nx lm constant_tsc arch_perfmon pebs bts rep_good nopl aperfmperf pni dtes64 monitor ds_cpl vmx est tm2 ssse3 cx16 xtpr pdcm lahf_lm dtherm tpr_shadow vnmi flexpriority
bogomips	: 4795.56
clflush size	: 64
cache_alignment	: 64
address sizes	: 36 bits physical, 48 bits virtual
power management:

processor	: 3
vendor_id	: GenuineIntel
cpu family	: 6
model		: 15
model name	: Intel(R) Core(TM)2 Quad CPU    Q6600  @ 2.40GHz
stepping	: 11
cpu MHz		: 2394.000
cache size	: 4096 KB
physical id	: 0
siblings	: 4
core id		: 3
cpu cores	: 4
apicid		: 3
initial apicid	: 3
fpu		: yes
fpu_exception	: yes
cpuid level	: 10
wp		: yes
flags		: fpu vme de pse tsc msr pae mce cx8 apic sep mtrr pge mca cmov pat pse36 clflush dts acpi mmx fxsr sse sse2 ss ht tm pbe syscall nx lm constant_tsc arch_perfmon pebs bts rep_good nopl aperfmperf pni dtes64 monitor ds_cpl vmx est tm2 ssse3 cx16 xtpr pdcm lahf_lm dtherm tpr_shadow vnmi flexpriority
bogomips	: 4795.57
clflush size	: 64
cache_alignment	: 64
address sizes	: 36 bits physical, 48 bits virtual
power management:



Memory: 4k page, physical 3993672k(905760k free), swap 4120572k(4120504k free)

vm_info: OpenJDK 64-Bit Server VM (24.51-b03) for linux-amd64 JRE (1.7.0_55-b14), built on May  2 2014 11:33:06 by "buildd" with gcc 4.7.2

time: Fri Jul  4 10:45:51 2014
elapsed time: 6 seconds

