#
# A fatal error has been detected by the Java Runtime Environment:
#
#  SIGSEGV (0xb) at pc=0x00007fb37b5c5e38, pid=1903, tid=140409473447680
#
# JRE version: OpenJDK Runtime Environment (7.0_55-b14) (build 1.7.0_55-b14)
# Java VM: OpenJDK 64-Bit Server VM (24.51-b03 mixed mode linux-amd64 compressed oops)
# Problematic frame:
# C  [libX11.so.6+0x3ae38]  XQueryExtension+0x28
#
# Failed to write core dump. Core dumps have been disabled. To enable core dumping, try "ulimit -c unlimited" before starting Java again
#
# If you would like to submit a bug report, please include
# instructions on how to reproduce the bug and visit:
#   http://icedtea.classpath.org/bugzilla
#

---------------  T H R E A D  ---------------

Current thread (0x00007fb3b4076800):  VMThread [stack: 0x00007fb3a0b9b000,0x00007fb3a0c9c000] [id=1913]

siginfo:si_signo=SIGSEGV: si_errno=0, si_code=1 (SEGV_MAPERR), si_addr=0x00000000500086d8

Registers:
RAX=0x00007fb394000b10, RBX=0x0000000050007d70, RCX=0x00007fb3a0c9a6d8, RDX=0x00007fb3a0c9a6d4
RSP=0x00007fb3a0c9a670, RBP=0x00007fb370671600, RSI=0x00007fb370538992, RDI=0x0000000050007d70
R8 =0x00007fb3a0c9a6dc, R9 =0x0000000000000000, R10=0x00007fb3706713c0, R11=0x00007fb3ba6011c0
R12=0x00007fb370538992, R13=0x00007fb394000b10, R14=0x00007fb3a0c9aae0, R15=0x00007fb350027cf0
RIP=0x00007fb37b5c5e38, EFLAGS=0x0000000000010202, CSGSFS=0x0000000000000033, ERR=0x0000000000000004
  TRAPNO=0x000000000000000e

Top of Stack: (sp=0x00007fb3a0c9a670)
0x00007fb3a0c9a670:   0000000000000000 0000000000000000
0x00007fb3a0c9a680:   000000770000006e 0000000000000000
0x00007fb3a0c9a690:   000100010000007c 0000000050007d70
0x00007fb3a0c9a6a0:   00007fb370671600 00007fb370538992
0x00007fb3a0c9a6b0:   00007fb394000b10 00007fb3a0c9aae0
0x00007fb3a0c9a6c0:   00007fb350027cf0 00007fb37b5b9e72
0x00007fb3a0c9a6d0:   00007fb350027cf0 00007fb3ba645220
0x00007fb3a0c9a6e0:   0000000000000000 00007fb370671600
0x00007fb3a0c9a6f0:   0000000050007d70 00007fb37b8d371d
0x00007fb3a0c9a700:   00007fb370538992 0000001100000000
0x00007fb3a0c9a710:   00007fb300000005 0000000000000000
0x00007fb3a0c9a720:   00007fb3a0c9a790 0000000050007d70
0x00007fb3a0c9a730:   00007fb3a0c9a9d8 00007fb3a0c9aae0
0x00007fb3a0c9a740:   00007fb37068ae50 00007fb3704e13d9
0x00007fb3a0c9a750:   00000000ffffffff 00007fb350000a00
0x00007fb3a0c9a760:   00007fb3a0c9a790 00007fb3712b39e0
0x00007fb3a0c9a770:   00007fb3a0c9a9d8 00007fb3a0c9aae0
0x00007fb3a0c9a780:   0000000000000000 00007fb3704d5ae2
0x00007fb3a0c9a790:   00007fb3a0c9ab50 00007fb370538911
0x00007fb3a0c9a7a0:   00007fb3a0c9ab50 00007fb3bafb0058
0x00007fb3a0c9a7b0:   00007fb3bb1c31a8 00007fb3bb1c3740
0x00007fb3a0c9a7c0:   00007fb3bb19d000 00007fb3b40094f0
0x00007fb3a0c9a7d0:   00007fb3b400a020 00007fb3b400a530
0x00007fb3a0c9a7e0:   00007fb3b4017440 00007fb3b41b33e0
0x00007fb3a0c9a7f0:   00007fb3b42c2670 00007fb3b42be530
0x00007fb3a0c9a800:   00007fb3b41e0e00 00007fb3b41f1c50
0x00007fb3a0c9a810:   00007fb3b41f92f0 00007fb3b41f8dc0
0x00007fb3a0c9a820:   00007fb3b41f8890 00007fb3b41fcbe0
0x00007fb3a0c9a830:   00007fb3b41fc6c0 00007fb3b41fd990
0x00007fb3a0c9a840:   00007fb3b41fc1b0 00007fb3b41f8360
0x00007fb3a0c9a850:   00007fb3b41fa780 00007fb3b41fb1c0
0x00007fb3a0c9a860:   00007fb3b41faca0 00007fb3b41fb6e0 

Instructions: (pc=0x00007fb37b5c5e38)
0x00007fb37b5c5e18:   24 e0 48 89 fb 4c 89 6c 24 e8 4c 89 74 24 f0 49
0x00007fb37b5c5e28:   89 f4 4c 89 7c 24 f8 48 89 6c 24 d8 48 83 ec 58
0x00007fb37b5c5e38:   48 8b 87 68 09 00 00 49 89 d7 49 89 ce 4d 89 c5
0x00007fb37b5c5e48:   48 85 c0 74 02 ff 10 ba 08 00 00 00 be 62 00 00 

Register to memory mapping:

RAX=0x00007fb394000b10 is an unknown value
RBX=0x0000000050007d70 is an unknown value
RCX=0x00007fb3a0c9a6d8 is an unknown value
RDX=0x00007fb3a0c9a6d4 is an unknown value
RSP=0x00007fb3a0c9a670 is an unknown value
RBP=0x00007fb370671600: <offset 0x1cf600> in /usr/lib/x86_64-linux-gnu/libGL.so.1 at 0x00007fb3704a2000
RSI=0x00007fb370538992: <offset 0x96992> in /usr/lib/x86_64-linux-gnu/libGL.so.1 at 0x00007fb3704a2000
RDI=0x0000000050007d70 is an unknown value
R8 =0x00007fb3a0c9a6dc is an unknown value
R9 =0x0000000000000000 is an unknown value
R10=0x00007fb3706713c0: <offset 0x1cf3c0> in /usr/lib/x86_64-linux-gnu/libGL.so.1 at 0x00007fb3704a2000
R11=0x00007fb3ba6011c0: __cxa_finalize+0 in /lib/x86_64-linux-gnu/libc.so.6 at 0x00007fb3ba5c9000
R12=0x00007fb370538992: <offset 0x96992> in /usr/lib/x86_64-linux-gnu/libGL.so.1 at 0x00007fb3704a2000
R13=0x00007fb394000b10 is an unknown value
R14=0x00007fb3a0c9aae0 is an unknown value
R15=0x00007fb350027cf0 is an unknown value


Stack: [0x00007fb3a0b9b000,0x00007fb3a0c9c000],  sp=0x00007fb3a0c9a670,  free space=1021k
Native frames: (J=compiled Java code, j=interpreted, Vv=VM code, C=native code)
C  [libX11.so.6+0x3ae38]  XQueryExtension+0x28

VM_Operation (0x00007fb3707aa790): Exit, mode: safepoint, requested by thread 0x00007fb390001000


---------------  P R O C E S S  ---------------

Java Threads: ( => current thread )
  0x00007fb390002000 JavaThread "SIGTERM handler" daemon [_thread_blocked, id=1948, stack(0x00007fb3736b3000,0x00007fb3737b4000)]
  0x00007fb390001000 JavaThread "SIGINT handler" daemon [_thread_blocked, id=1938, stack(0x00007fb3706ab000,0x00007fb3707ac000)]
  0x00007fb3304c7800 JavaThread "Timer" [_thread_blocked, id=1935, stack(0x00007fb33f2df000,0x00007fb33f3e0000)]
  0x00007fb346867000 JavaThread "pool-1-thread-1" [_thread_blocked, id=1933, stack(0x00007fb35c182000,0x00007fb35c283000)]
  0x00007fb351549000 JavaThread "AsynchExecutor-Thread" daemon [_thread_blocked, id=1932, stack(0x00007fb35c583000,0x00007fb35c684000)]
  0x00007fb35000e000 JavaThread "process reaper" daemon [_thread_blocked, id=1928, stack(0x00007fb3b0013000,0x00007fb3b004c000)]
  0x00007fb3b400b000 JavaThread "DestroyJavaVM" [_thread_blocked, id=1906, stack(0x00007fb3bb098000,0x00007fb3bb199000)]
  0x00007fb3b42bd000 JavaThread "AWT-XAWT" daemon [_thread_blocked, id=1922, stack(0x00007fb373e2a000,0x00007fb373f2b000)]
  0x00007fb3b429d000 JavaThread "Java2D Disposer" daemon [_thread_blocked, id=1921, stack(0x00007fb373f2b000,0x00007fb37402c000)]
  0x00007fb3b40a7000 JavaThread "Service Thread" daemon [_thread_blocked, id=1919, stack(0x00007fb3a040c000,0x00007fb3a050d000)]
  0x00007fb3b40a5000 JavaThread "C2 CompilerThread1" daemon [_thread_blocked, id=1918, stack(0x00007fb3a050d000,0x00007fb3a060e000)]
  0x00007fb3b40a2000 JavaThread "C2 CompilerThread0" daemon [_thread_blocked, id=1917, stack(0x00007fb3a060e000,0x00007fb3a070f000)]
  0x00007fb3b407c800 JavaThread "Finalizer" daemon [_thread_blocked, id=1915, stack(0x00007fb3a0999000,0x00007fb3a0a9a000)]
  0x00007fb3b407a800 JavaThread "Reference Handler" daemon [_thread_blocked, id=1914, stack(0x00007fb3a0a9a000,0x00007fb3a0b9b000)]

Other Threads:
=>0x00007fb3b4076800 VMThread [stack: 0x00007fb3a0b9b000,0x00007fb3a0c9c000] [id=1913]

VM state:at safepoint (shutting down)

VM Mutex/Monitor currently owned by a thread:  ([mutex/lock_event])
[0x00007fb3b40077a0] Threads_lock - owner thread: 0x00007fb3b4076800

Heap
 PSYoungGen      total 18432K, used 5436K [0x00000000eba80000, 0x00000000ecf00000, 0x0000000100000000)
  eden space 15872K, 18% used [0x00000000eba80000,0x00000000ebd51b10,0x00000000eca00000)
  from space 2560K, 99% used [0x00000000ecc80000,0x00000000ecefd7f0,0x00000000ecf00000)
  to   space 2560K, 0% used [0x00000000eca00000,0x00000000eca00000,0x00000000ecc80000)
 ParOldGen       total 41472K, used 5061K [0x00000000c3000000, 0x00000000c5880000, 0x00000000eba80000)
  object space 41472K, 12% used [0x00000000c3000000,0x00000000c34f1780,0x00000000c5880000)
 PSPermGen       total 21504K, used 12611K [0x00000000b8a00000, 0x00000000b9f00000, 0x00000000c3000000)
  object space 21504K, 58% used [0x00000000b8a00000,0x00000000b9650fa8,0x00000000b9f00000)

Card table byte_map: [0x00007fb3b09af000,0x00007fb3b0beb000] byte_map_base: 0x00007fb3b03ea000

Polling page: 0x00007fb3bb1be000

Code Cache  [0x00007fb3b0beb000, 0x00007fb3b0e5b000, 0x00007fb3b3beb000)
 total_blobs=811 nmethods=268 adapters=497 free_code_cache=48010Kb largest_free_block=49137216

Compilation events (10 events):
Event: 34.985 Thread 0x00007fb3b40a5000 nmethod 265 0x00007fb3b0d06b90 code [0x00007fb3b0d06ce0, 0x00007fb3b0d06dc8]
Event: 34.985 Thread 0x00007fb3b40a2000 nmethod 264 0x00007fb3b0d04910 code [0x00007fb3b0d04a60, 0x00007fb3b0d04b68]
Event: 36.016 Thread 0x00007fb3b40a5000  267             java.lang.Object::equals (11 bytes)
Event: 36.016 Thread 0x00007fb3b40a5000 nmethod 267 0x00007fb3b0d04390 code [0x00007fb3b0d044c0, 0x00007fb3b0d04518]
Event: 36.017 Thread 0x00007fb3b40a5000  269             com.badlogic.gdx.graphics.g2d.SpriteBatch::end (90 bytes)
Event: 36.017 Thread 0x00007fb3b40a2000  268             com.badlogic.gdx.graphics.g2d.SpriteBatch::begin (65 bytes)
Event: 36.022 Thread 0x00007fb3b40a2000 nmethod 268 0x00007fb3b0d0af10 code [0x00007fb3b0d0b0e0, 0x00007fb3b0d0b450]
Event: 36.023 Thread 0x00007fb3b40a2000  270             com.badlogic.gdx.graphics.g2d.SpriteBatch::isBlendingEnabled (13 bytes)
Event: 36.023 Thread 0x00007fb3b40a5000 nmethod 269 0x00007fb3b0d0c1d0 code [0x00007fb3b0d0c3a0, 0x00007fb3b0d0c770]
Event: 36.023 Thread 0x00007fb3b40a2000 nmethod 270 0x00007fb3b0d0d2d0 code [0x00007fb3b0d0d400, 0x00007fb3b0d0d458]

GC Heap History (4 events):
Event: 1.699 GC heap before
{Heap before GC invocations=1 (full 0):
 PSYoungGen      total 18432K, used 15860K [0x00000000eba80000, 0x00000000ecf00000, 0x0000000100000000)
  eden space 15872K, 99% used [0x00000000eba80000,0x00000000ec9fd368,0x00000000eca00000)
  from space 2560K, 0% used [0x00000000ecc80000,0x00000000ecc80000,0x00000000ecf00000)
  to   space 2560K, 0% used [0x00000000eca00000,0x00000000eca00000,0x00000000ecc80000)
 ParOldGen       total 41472K, used 0K [0x00000000c3000000, 0x00000000c5880000, 0x00000000eba80000)
  object space 41472K, 0% used [0x00000000c3000000,0x00000000c3000000,0x00000000c5880000)
 PSPermGen       total 21504K, used 9243K [0x00000000b8a00000, 0x00000000b9f00000, 0x00000000c3000000)
  object space 21504K, 42% used [0x00000000b8a00000,0x00000000b9306c08,0x00000000b9f00000)
Event: 1.708 GC heap after
Heap after GC invocations=1 (full 0):
 PSYoungGen      total 18432K, used 2558K [0x00000000eba80000, 0x00000000ecf00000, 0x0000000100000000)
  eden space 15872K, 0% used [0x00000000eba80000,0x00000000eba80000,0x00000000eca00000)
  from space 2560K, 99% used [0x00000000eca00000,0x00000000ecc7fa20,0x00000000ecc80000)
  to   space 2560K, 0% used [0x00000000ecc80000,0x00000000ecc80000,0x00000000ecf00000)
 ParOldGen       total 41472K, used 2401K [0x00000000c3000000, 0x00000000c5880000, 0x00000000eba80000)
  object space 41472K, 5% used [0x00000000c3000000,0x00000000c3258540,0x00000000c5880000)
 PSPermGen       total 21504K, used 9243K [0x00000000b8a00000, 0x00000000b9f00000, 0x00000000c3000000)
  object space 21504K, 42% used [0x00000000b8a00000,0x00000000b9306c08,0x00000000b9f00000)
}
Event: 21.922 GC heap before
{Heap before GC invocations=2 (full 0):
 PSYoungGen      total 18432K, used 18430K [0x00000000eba80000, 0x00000000ecf00000, 0x0000000100000000)
  eden space 15872K, 100% used [0x00000000eba80000,0x00000000eca00000,0x00000000eca00000)
  from space 2560K, 99% used [0x00000000eca00000,0x00000000ecc7fa20,0x00000000ecc80000)
  to   space 2560K, 0% used [0x00000000ecc80000,0x00000000ecc80000,0x00000000ecf00000)
 ParOldGen       total 41472K, used 2401K [0x00000000c3000000, 0x00000000c5880000, 0x00000000eba80000)
  object space 41472K, 5% used [0x00000000c3000000,0x00000000c3258540,0x00000000c5880000)
 PSPermGen       total 21504K, used 12443K [0x00000000b8a00000, 0x00000000b9f00000, 0x00000000c3000000)
  object space 21504K, 57% used [0x00000000b8a00000,0x00000000b9626c60,0x00000000b9f00000)
Event: 21.933 GC heap after
Heap after GC invocations=2 (full 0):
 PSYoungGen      total 18432K, used 2549K [0x00000000eba80000, 0x00000000ecf00000, 0x0000000100000000)
  eden space 15872K, 0% used [0x00000000eba80000,0x00000000eba80000,0x00000000eca00000)
  from space 2560K, 99% used [0x00000000ecc80000,0x00000000ecefd7f0,0x00000000ecf00000)
  to   space 2560K, 0% used [0x00000000eca00000,0x00000000eca00000,0x00000000ecc80000)
 ParOldGen       total 41472K, used 5061K [0x00000000c3000000, 0x00000000c5880000, 0x00000000eba80000)
  object space 41472K, 12% used [0x00000000c3000000,0x00000000c34f1780,0x00000000c5880000)
 PSPermGen       total 21504K, used 12443K [0x00000000b8a00000, 0x00000000b9f00000, 0x00000000c3000000)
  object space 21504K, 57% used [0x00000000b8a00000,0x00000000b9626c60,0x00000000b9f00000)
}

Deoptimization events (8 events):
Event: 0.242 Thread 0x00007fb3b400b000 Uncommon trap: reason=class_check action=maybe_recompile pc=0x00007fb3b0c50280 method=java.util.Properties$LineReader.readLine()I @ 62
Event: 4.976 Thread 0x00007fb346867000 Uncommon trap: reason=unreached action=reinterpret pc=0x00007fb3b0c92e34 method=java.lang.Integer.parseInt(Ljava/lang/String;I)I @ 1
Event: 35.451 Thread 0x00007fb3b435f800 Uncommon trap: reason=class_check action=maybe_recompile pc=0x00007fb3b0cc710c method=com.badlogic.gdx.scenes.scene2d.ui.Widget.validate()V @ 89
Event: 35.451 Thread 0x00007fb3b435f800 Uncommon trap: reason=class_check action=maybe_recompile pc=0x00007fb3b0cc8ff4 method=com.badlogic.gdx.scenes.scene2d.ui.Table.drawBackground(Lcom/badlogic/gdx/graphics/g2d/Batch;FFF)V @ 58
Event: 35.467 Thread 0x00007fb3b435f800 Uncommon trap: reason=class_check action=maybe_recompile pc=0x00007fb3b0cc8ff4 method=com.badlogic.gdx.scenes.scene2d.ui.Table.drawBackground(Lcom/badlogic/gdx/graphics/g2d/Batch;FFF)V @ 58
Event: 35.483 Thread 0x00007fb3b435f800 Uncommon trap: reason=class_check action=maybe_recompile pc=0x00007fb3b0cc8ff4 method=com.badlogic.gdx.scenes.scene2d.ui.Table.drawBackground(Lcom/badlogic/gdx/graphics/g2d/Batch;FFF)V @ 58
Event: 35.500 Thread 0x00007fb3b435f800 Uncommon trap: reason=class_check action=maybe_recompile pc=0x00007fb3b0cc8ff4 method=com.badlogic.gdx.scenes.scene2d.ui.Table.drawBackground(Lcom/badlogic/gdx/graphics/g2d/Batch;FFF)V @ 58
Event: 35.516 Thread 0x00007fb3b435f800 Uncommon trap: reason=class_check action=maybe_recompile pc=0x00007fb3b0ca3ca8 method=com.badlogic.gdx.scenes.scene2d.ui.Table.drawBackground(Lcom/badlogic/gdx/graphics/g2d/Batch;FFF)V @ 58

Internal exceptions (10 events):
Event: 12.487 Thread 0x00007fb3b435f800 Threw 0x00000000ec7cc708 at /build/openjdk-7-kBcQ8a/openjdk-7-7u55-2.4.7/build/openjdk/hotspot/src/share/vm/prims/jvm.cpp:1244
Event: 12.488 Thread 0x00007fb3b435f800 Threw 0x00000000ec7d2140 at /build/openjdk-7-kBcQ8a/openjdk-7-7u55-2.4.7/build/openjdk/hotspot/src/share/vm/prims/jvm.cpp:1244
Event: 12.489 Thread 0x00007fb3b435f800 Threw 0x00000000ec7d6538 at /build/openjdk-7-kBcQ8a/openjdk-7-7u55-2.4.7/build/openjdk/hotspot/src/share/vm/prims/jvm.cpp:1244
Event: 12.489 Thread 0x00007fb3b435f800 Threw 0x00000000ec7dddb8 at /build/openjdk-7-kBcQ8a/openjdk-7-7u55-2.4.7/build/openjdk/hotspot/src/share/vm/prims/jvm.cpp:1244
Event: 12.490 Thread 0x00007fb3b435f800 Threw 0x00000000ec7e3420 at /build/openjdk-7-kBcQ8a/openjdk-7-7u55-2.4.7/build/openjdk/hotspot/src/share/vm/prims/jvm.cpp:1244
Event: 12.506 Thread 0x00007fb3b435f800 Threw 0x00000000ec841248 at /build/openjdk-7-kBcQ8a/openjdk-7-7u55-2.4.7/build/openjdk/hotspot/src/share/vm/interpreter/interpreterRuntime.cpp:347
Event: 34.916 Thread 0x00007fb3b435f800 Threw 0x00000000ebc4e950 at /build/openjdk-7-kBcQ8a/openjdk-7-7u55-2.4.7/build/openjdk/hotspot/src/share/vm/prims/jvm.cpp:1244
Event: 35.450 Thread 0x00007fb3b435f800 Threw 0x00000000ebc631e0 at /build/openjdk-7-kBcQ8a/openjdk-7-7u55-2.4.7/build/openjdk/hotspot/src/share/vm/prims/jvm.cpp:1244
Event: 35.450 Thread 0x00007fb3b435f800 Threw 0x00000000ebc683b0 at /build/openjdk-7-kBcQ8a/openjdk-7-7u55-2.4.7/build/openjdk/hotspot/src/share/vm/prims/jvm.cpp:1244
Event: 44.871 Thread 0x00007fb3536f1800 Threw 0x00000000ebd1d730 at /build/openjdk-7-kBcQ8a/openjdk-7-7u55-2.4.7/build/openjdk/hotspot/src/share/vm/prims/jvm.cpp:1244

Events (10 events):
Event: 44.871 loading class 0x00007fb3843e3490
Event: 44.871 loading class 0x00007fb3843e3490 done
Event: 44.872 loading class 0x00007fb3b4220740 done
Event: 44.872 Thread 0x00007fb390002000 Thread added: 0x00007fb390002000
Event: 45.027 Executing VM operation: RevokeBias
Event: 45.027 Executing VM operation: RevokeBias done
Event: 45.027 Thread 0x00007fb3536f1800 Thread exited: 0x00007fb3536f1800
Event: 45.028 Thread 0x00007fb3536f9000 Thread exited: 0x00007fb3536f9000
Event: 45.028 Thread 0x00007fb3b409f800 Thread exited: 0x00007fb3b409f800
Event: 45.028 Executing VM operation: Exit


Dynamic libraries:
00400000-00401000 r-xp 00000000 08:03 3934148                            /usr/lib/jvm/java-7-openjdk-amd64/jre/bin/java
00600000-00601000 r--p 00000000 08:03 3934148                            /usr/lib/jvm/java-7-openjdk-amd64/jre/bin/java
00601000-00602000 rw-p 00001000 08:03 3934148                            /usr/lib/jvm/java-7-openjdk-amd64/jre/bin/java
01b61000-01b82000 rw-p 00000000 00:00 0                                  [heap]
b8a00000-b9f00000 rw-p 00000000 00:00 0 
b9f00000-c3000000 rw-p 00000000 00:00 0 
c3000000-c5880000 rw-p 00000000 00:00 0 
c5880000-eba80000 rw-p 00000000 00:00 0 
eba80000-ecf00000 rw-p 00000000 00:00 0 
ecf00000-100000000 rw-p 00000000 00:00 0 
7fb328000000-7fb328021000 rw-p 00000000 00:00 0 
7fb328021000-7fb32c000000 ---p 00000000 00:00 0 
7fb330000000-7fb330bc5000 rw-p 00000000 00:00 0 
7fb330bc5000-7fb334000000 ---p 00000000 00:00 0 
7fb334000000-7fb334021000 rw-p 00000000 00:00 0 
7fb334021000-7fb338000000 ---p 00000000 00:00 0 
7fb338000000-7fb338051000 rw-p 00000000 00:00 0 
7fb338051000-7fb33c000000 ---p 00000000 00:00 0 
7fb33f2df000-7fb33f2e2000 ---p 00000000 00:00 0 
7fb33f2e2000-7fb33f3e0000 rw-p 00000000 00:00 0 
7fb33f3e0000-7fb33f5e0000 rw-s d4ff1000 00:05 7289                       /dev/ati/card0
7fb33f5e0000-7fb33f7e0000 rw-s d3d70000 00:05 7289                       /dev/ati/card0
7fb33f7e0000-7fb33f9e0000 rw-s d3b70000 00:05 7289                       /dev/ati/card0
7fb33f9e0000-7fb33f9e5000 r-xp 00000000 08:03 12192225                   /lib/x86_64-linux-gnu/libnss_dns-2.19.so
7fb33f9e5000-7fb33fbe4000 ---p 00005000 08:03 12192225                   /lib/x86_64-linux-gnu/libnss_dns-2.19.so
7fb33fbe4000-7fb33fbe5000 r--p 00004000 08:03 12192225                   /lib/x86_64-linux-gnu/libnss_dns-2.19.so
7fb33fbe5000-7fb33fbe6000 rw-p 00005000 08:03 12192225                   /lib/x86_64-linux-gnu/libnss_dns-2.19.so
7fb33fbe6000-7fb33fbe8000 r-xp 00000000 08:03 12058696                   /lib/libnss_mdns4_minimal.so.2
7fb33fbe8000-7fb33fde7000 ---p 00002000 08:03 12058696                   /lib/libnss_mdns4_minimal.so.2
7fb33fde7000-7fb33fde8000 rw-p 00001000 08:03 12058696                   /lib/libnss_mdns4_minimal.so.2
7fb33fde8000-7fb33fdff000 r-xp 00000000 08:03 3934214                    /usr/lib/jvm/java-7-openjdk-amd64/jre/lib/amd64/libnet.so
7fb33fdff000-7fb33fffe000 ---p 00017000 08:03 3934214                    /usr/lib/jvm/java-7-openjdk-amd64/jre/lib/amd64/libnet.so
7fb33fffe000-7fb33ffff000 r--p 00016000 08:03 3934214                    /usr/lib/jvm/java-7-openjdk-amd64/jre/lib/amd64/libnet.so
7fb33ffff000-7fb340000000 rw-p 00017000 08:03 3934214                    /usr/lib/jvm/java-7-openjdk-amd64/jre/lib/amd64/libnet.so
7fb340000000-7fb340671000 rw-p 00000000 00:00 0 
7fb340671000-7fb344000000 ---p 00000000 00:00 0 
7fb344000000-7fb347f32000 rw-p 00000000 00:00 0 
7fb347f32000-7fb348000000 ---p 00000000 00:00 0 
7fb348000000-7fb3480b4000 rw-p 00000000 00:00 0 
7fb3480b4000-7fb34c000000 ---p 00000000 00:00 0 
7fb34c000000-7fb34c0ae000 rw-p 00000000 00:00 0 
7fb34c0ae000-7fb350000000 ---p 00000000 00:00 0 
7fb350000000-7fb353f02000 rw-p 00000000 00:00 0 
7fb353f02000-7fb354000000 ---p 00000000 00:00 0 
7fb354000000-7fb354021000 rw-p 00000000 00:00 0 
7fb354021000-7fb358000000 ---p 00000000 00:00 0 
7fb358000000-7fb358021000 rw-p 00000000 00:00 0 
7fb358021000-7fb35c000000 ---p 00000000 00:00 0 
7fb35c081000-7fb35c084000 ---p 00000000 00:00 0 
7fb35c084000-7fb35c182000 rw-p 00000000 00:00 0 
7fb35c182000-7fb35c185000 ---p 00000000 00:00 0 
7fb35c185000-7fb35c283000 rw-p 00000000 00:00 0 
7fb35c283000-7fb35c483000 rw-s d389b000 00:05 7289                       /dev/ati/card0
7fb35c483000-7fb35c583000 rw-s 32834000 00:05 7289                       /dev/ati/card0
7fb35c583000-7fb35c586000 ---p 00000000 00:00 0 
7fb35c586000-7fb35c684000 rw-p 00000000 00:00 0 
7fb35c684000-7fb35c685000 ---p 00000000 00:00 0 
7fb35c685000-7fb35ce85000 rw-p 00000000 00:00 0 
7fb35ce85000-7fb35ce86000 ---p 00000000 00:00 0 
7fb35ce86000-7fb35d686000 rw-p 00000000 00:00 0 
7fb35d686000-7fb35dd86000 rw-s 00006000 00:05 7289                       /dev/ati/card0
7fb35dd86000-7fb35fc7e000 r-xp 00000000 08:03 4201338                    /usr/lib/x86_64-linux-gnu/dri/fglrx_dri.so
7fb35fc7e000-7fb35fd7d000 ---p 01ef8000 08:03 4201338                    /usr/lib/x86_64-linux-gnu/dri/fglrx_dri.so
7fb35fd7d000-7fb35fedb000 rwxp 01ef7000 08:03 4201338                    /usr/lib/x86_64-linux-gnu/dri/fglrx_dri.so
7fb35fedb000-7fb35ffff000 rwxp 00000000 00:00 0 
7fb364000000-7fb364021000 rw-p 00000000 00:00 0 
7fb364021000-7fb368000000 ---p 00000000 00:00 0 
7fb368000000-7fb368021000 rw-p 00000000 00:00 0 
7fb368021000-7fb36c000000 ---p 00000000 00:00 0 
7fb36c000000-7fb36c021000 rw-p 00000000 00:00 0 
7fb36c021000-7fb370000000 ---p 00000000 00:00 0 
7fb3700b0000-7fb370124000 rw-p 00000000 00:00 0 
7fb3701fb000-7fb370243000 rw-p 00000000 00:00 0 
7fb370243000-7fb370280000 r-xp 00000000 08:03 4201336                    /usr/lib/x86_64-linux-gnu/libatiadlxx.so
7fb370280000-7fb37037f000 ---p 0003d000 08:03 4201336                    /usr/lib/x86_64-linux-gnu/libatiadlxx.so
7fb37037f000-7fb370389000 rw-p 0003c000 08:03 4201336                    /usr/lib/x86_64-linux-gnu/libatiadlxx.so
7fb370389000-7fb370399000 rw-p 00000000 00:00 0 
7fb370399000-7fb3703a0000 r-xp 00000000 08:03 4201328                    /usr/lib/x86_64-linux-gnu/libatiuki.so.1.0
7fb3703a0000-7fb3704a0000 ---p 00007000 08:03 4201328                    /usr/lib/x86_64-linux-gnu/libatiuki.so.1.0
7fb3704a0000-7fb3704a1000 rw-p 00007000 08:03 4201328                    /usr/lib/x86_64-linux-gnu/libatiuki.so.1.0
7fb3704a1000-7fb3704a2000 rw-p 00000000 00:00 0 
7fb3704a2000-7fb370565000 r-xp 00000000 08:03 4201341                    /usr/lib/x86_64-linux-gnu/fglrx/fglrx-libGL.so.1.2
7fb370565000-7fb370664000 ---p 000c3000 08:03 4201341                    /usr/lib/x86_64-linux-gnu/fglrx/fglrx-libGL.so.1.2
7fb370664000-7fb37068b000 rwxp 000c2000 08:03 4201341                    /usr/lib/x86_64-linux-gnu/fglrx/fglrx-libGL.so.1.2
7fb37068b000-7fb3706ab000 rwxp 00000000 00:00 0 
7fb3706ab000-7fb3706ae000 ---p 00000000 00:00 0 
7fb3706ae000-7fb3707ac000 rw-p 00000000 00:00 0 
7fb3707ac000-7fb3707af000 ---p 00000000 00:00 0 
7fb3707af000-7fb3708ad000 rw-p 00000000 00:00 0 
7fb3708ad000-7fb3708ae000 ---p 00000000 00:00 0 
7fb3708ae000-7fb3710ae000 rw-p 00000000 00:00 0 
7fb3710ae000-7fb3710b4000 r-xp 00000000 08:03 4200289                    /usr/lib/x86_64-linux-gnu/libogg.so.0.8.0
7fb3710b4000-7fb3712b3000 ---p 00006000 08:03 4200289                    /usr/lib/x86_64-linux-gnu/libogg.so.0.8.0
7fb3712b3000-7fb3712b4000 rw-p 00005000 08:03 4200289                    /usr/lib/x86_64-linux-gnu/libogg.so.0.8.0
7fb3712b4000-7fb3712e0000 r-xp 00000000 08:03 4200496                    /usr/lib/x86_64-linux-gnu/libvorbis.so.0.4.5
7fb3712e0000-7fb3714df000 ---p 0002c000 08:03 4200496                    /usr/lib/x86_64-linux-gnu/libvorbis.so.0.4.5
7fb3714df000-7fb3714e0000 r--p 0002b000 08:03 4200496                    /usr/lib/x86_64-linux-gnu/libvorbis.so.0.4.5
7fb3714e0000-7fb3714e1000 rw-p 0002c000 08:03 4200496                    /usr/lib/x86_64-linux-gnu/libvorbis.so.0.4.5
7fb3714e1000-7fb371794000 r-xp 00000000 08:03 4200498                    /usr/lib/x86_64-linux-gnu/libvorbisenc.so.2.0.8
7fb371794000-7fb371993000 ---p 002b3000 08:03 4200498                    /usr/lib/x86_64-linux-gnu/libvorbisenc.so.2.0.8
7fb371993000-7fb3719af000 r--p 002b2000 08:03 4200498                    /usr/lib/x86_64-linux-gnu/libvorbisenc.so.2.0.8
7fb3719af000-7fb3719b0000 rw-p 002ce000 08:03 4200498                    /usr/lib/x86_64-linux-gnu/libvorbisenc.so.2.0.8
7fb3719b0000-7fb3719fb000 r-xp 00000000 08:03 4199700                    /usr/lib/x86_64-linux-gnu/libFLAC.so.8.2.0
7fb3719fb000-7fb371bfa000 ---p 0004b000 08:03 4199700                    /usr/lib/x86_64-linux-gnu/libFLAC.so.8.2.0
7fb371bfa000-7fb371bfb000 r--p 0004a000 08:03 4199700                    /usr/lib/x86_64-linux-gnu/libFLAC.so.8.2.0
7fb371bfb000-7fb371bfc000 rw-p 0004b000 08:03 4199700                    /usr/lib/x86_64-linux-gnu/libFLAC.so.8.2.0
7fb371bfc000-7fb371c00000 r-xp 00000000 08:03 12190707                   /lib/x86_64-linux-gnu/libuuid.so.1.3.0
7fb371c00000-7fb371dff000 ---p 00004000 08:03 12190707                   /lib/x86_64-linux-gnu/libuuid.so.1.3.0
7fb371dff000-7fb371e00000 r--p 00003000 08:03 12190707                   /lib/x86_64-linux-gnu/libuuid.so.1.3.0
7fb371e00000-7fb371e01000 rw-p 00004000 08:03 12190707                   /lib/x86_64-linux-gnu/libuuid.so.1.3.0
7fb371e01000-7fb371e05000 r-xp 00000000 08:03 12190559                   /lib/x86_64-linux-gnu/libattr.so.1.1.0
7fb371e05000-7fb372004000 ---p 00004000 08:03 12190559                   /lib/x86_64-linux-gnu/libattr.so.1.1.0
7fb372004000-7fb372005000 r--p 00003000 08:03 12190559                   /lib/x86_64-linux-gnu/libattr.so.1.1.0
7fb372005000-7fb372006000 rw-p 00004000 08:03 12190559                   /lib/x86_64-linux-gnu/libattr.so.1.1.0
7fb372006000-7fb37200b000 r-xp 00000000 08:03 4199797                    /usr/lib/x86_64-linux-gnu/libasyncns.so.0.3.1
7fb37200b000-7fb37220a000 ---p 00005000 08:03 4199797                    /usr/lib/x86_64-linux-gnu/libasyncns.so.0.3.1
7fb37220a000-7fb37220b000 rw-p 00004000 08:03 4199797                    /usr/lib/x86_64-linux-gnu/libasyncns.so.0.3.1
7fb37220b000-7fb37226c000 r-xp 00000000 08:03 4200411                    /usr/lib/x86_64-linux-gnu/libsndfile.so.1.0.25
7fb37226c000-7fb37246b000 ---p 00061000 08:03 4200411                    /usr/lib/x86_64-linux-gnu/libsndfile.so.1.0.25
7fb37246b000-7fb37246d000 r--p 00060000 08:03 4200411                    /usr/lib/x86_64-linux-gnu/libsndfile.so.1.0.25
7fb37246d000-7fb37246e000 rw-p 00062000 08:03 4200411                    /usr/lib/x86_64-linux-gnu/libsndfile.so.1.0.25
7fb37246e000-7fb372472000 rw-p 00000000 00:00 0 
7fb372472000-7fb37247b000 r-xp 00000000 08:03 12190709                   /lib/x86_64-linux-gnu/libwrap.so.0.7.6
7fb37247b000-7fb37267a000 ---p 00009000 08:03 12190709                   /lib/x86_64-linux-gnu/libwrap.so.0.7.6
7fb37267a000-7fb37267b000 r--p 00008000 08:03 12190709                   /lib/x86_64-linux-gnu/libwrap.so.0.7.6
7fb37267b000-7fb37267c000 rw-p 00009000 08:03 12190709                   /lib/x86_64-linux-gnu/libwrap.so.0.7.6
7fb37267c000-7fb37267d000 rw-p 00000000 00:00 0 
7fb37267d000-7fb372684000 r-xp 00000000 08:03 4199720                    /usr/lib/x86_64-linux-gnu/libSM.so.6.0.1
7fb372684000-7fb372883000 ---p 00007000 08:03 4199720                    /usr/lib/x86_64-linux-gnu/libSM.so.6.0.1
7fb372883000-7fb372884000 rw-p 00006000 08:03 4199720                    /usr/lib/x86_64-linux-gnu/libSM.so.6.0.1
7fb372884000-7fb37289b000 r-xp 00000000 08:03 4199710                    /usr/lib/x86_64-linux-gnu/libICE.so.6.3.0
7fb37289b000-7fb372a9a000 ---p 00017000 08:03 4199710                    /usr/lib/x86_64-linux-gnu/libICE.so.6.3.0
7fb372a9a000-7fb372a9c000 rw-p 00016000 08:03 4199710                    /usr/lib/x86_64-linux-gnu/libICE.so.6.3.0
7fb372a9c000-7fb372a9f000 rw-p 00000000 00:00 0 
7fb372a9f000-7fb372aa0000 r-xp 00000000 08:03 4199726                    /usr/lib/x86_64-linux-gnu/libX11-xcb.so.1.0.0
7fb372aa0000-7fb372c9f000 ---p 00001000 08:03 4199726                    /usr/lib/x86_64-linux-gnu/libX11-xcb.so.1.0.0
7fb372c9f000-7fb372ca0000 rw-p 00000000 08:03 4199726                    /usr/lib/x86_64-linux-gnu/libX11-xcb.so.1.0.0
7fb372ca0000-7fb372ca4000 r-xp 00000000 08:03 12190572                   /lib/x86_64-linux-gnu/libcap.so.2.22
7fb372ca4000-7fb372ea3000 ---p 00004000 08:03 12190572                   /lib/x86_64-linux-gnu/libcap.so.2.22
7fb372ea3000-7fb372ea4000 rw-p 00003000 08:03 12190572                   /lib/x86_64-linux-gnu/libcap.so.2.22
7fb372ea4000-7fb372f05000 r-xp 00000000 08:03 4325923                    /usr/lib/x86_64-linux-gnu/pulseaudio/libpulsecommon-2.0.so
7fb372f05000-7fb373104000 ---p 00061000 08:03 4325923                    /usr/lib/x86_64-linux-gnu/pulseaudio/libpulsecommon-2.0.so
7fb373104000-7fb373105000 r--p 00060000 08:03 4325923                    /usr/lib/x86_64-linux-gnu/pulseaudio/libpulsecommon-2.0.so
7fb373105000-7fb373107000 rw-p 00061000 08:03 4325923                    /usr/lib/x86_64-linux-gnu/pulseaudio/libpulsecommon-2.0.so
7fb373107000-7fb373110000 r-xp 00000000 08:03 12190608                   /lib/x86_64-linux-gnu/libjson.so.0.1.0
7fb373110000-7fb37330f000 ---p 00009000 08:03 12190608                   /lib/x86_64-linux-gnu/libjson.so.0.1.0
7fb37330f000-7fb373310000 r--p 00008000 08:03 12190608                   /lib/x86_64-linux-gnu/libjson.so.0.1.0
7fb373310000-7fb373311000 rw-p 00009000 08:03 12190608                   /lib/x86_64-linux-gnu/libjson.so.0.1.0
7fb373311000-7fb37335a000 r-xp 00000000 08:03 4200364                    /usr/lib/x86_64-linux-gnu/libpulse.so.0.14.2
7fb37335a000-7fb373559000 ---p 00049000 08:03 4200364                    /usr/lib/x86_64-linux-gnu/libpulse.so.0.14.2
7fb373559000-7fb37355a000 r--p 00048000 08:03 4200364                    /usr/lib/x86_64-linux-gnu/libpulse.so.0.14.2
7fb37355a000-7fb37355b000 rw-p 00049000 08:03 4200364                    /usr/lib/x86_64-linux-gnu/libpulse.so.0.14.2
7fb3736b3000-7fb3736b6000 ---p 00000000 00:00 0 
7fb3736b6000-7fb3737b4000 rw-p 00000000 00:00 0 
7fb3737b4000-7fb3737b8000 r-xp 00000000 08:03 4199775                    /usr/lib/x86_64-linux-gnu/libXxf86vm.so.1.0.0
7fb3737b8000-7fb3739b8000 ---p 00004000 08:03 4199775                    /usr/lib/x86_64-linux-gnu/libXxf86vm.so.1.0.0
7fb3739b8000-7fb3739b9000 r--p 00004000 08:03 4199775                    /usr/lib/x86_64-linux-gnu/libXxf86vm.so.1.0.0
7fb3739b9000-7fb3739ba000 rw-p 00005000 08:03 4199775                    /usr/lib/x86_64-linux-gnu/libXxf86vm.so.1.0.0
7fb3739ba000-7fb373a26000 r-xp 00000000 08:01 301131                     /media/winDisk/Users/ChobeDucket/Documents/sheep/android/assets/.temp/7b43be9b/liblwjgl64.so
7fb373a26000-7fb373c25000 ---p 0006c000 08:01 301131                     /media/winDisk/Users/ChobeDucket/Documents/sheep/android/assets/.temp/7b43be9b/liblwjgl64.so
7fb373c25000-7fb373c27000 r--p 0006b000 08:01 301131                     /media/winDisk/Users/ChobeDucket/Documents/sheep/android/assets/.temp/7b43be9b/liblwjgl64.so
7fb373c27000-7fb373c28000 rw-p 0006d000 08:01 301131                     /media/winDisk/Users/ChobeDucket/Documents/sheep/android/assets/.temp/7b43be9b/liblwjgl64.so
7fb373c28000-7fb373c29000 r-xp 00000000 08:03 3934229                    /usr/lib/jvm/java-7-openjdk-amd64/jre/lib/amd64/libjawt.so
7fb373c29000-7fb373e28000 ---p 00001000 08:03 3934229                    /usr/lib/jvm/java-7-openjdk-amd64/jre/lib/amd64/libjawt.so
7fb373e28000-7fb373e29000 r--p 00000000 08:03 3934229                    /usr/lib/jvm/java-7-openjdk-amd64/jre/lib/amd64/libjawt.so
7fb373e29000-7fb373e2a000 rw-p 00001000 08:03 3934229                    /usr/lib/jvm/java-7-openjdk-amd64/jre/lib/amd64/libjawt.so
7fb373e2a000-7fb373e2d000 ---p 00000000 00:00 0 
7fb373e2d000-7fb373f2b000 rw-p 00000000 00:00 0 
7fb373f2b000-7fb373f2e000 ---p 00000000 00:00 0 
7fb373f2e000-7fb37402c000 rw-p 00000000 00:00 0 
7fb37402c000-7fb37402f000 r-xp 00000000 08:03 12190599                   /lib/x86_64-linux-gnu/libgpg-error.so.0.8.0
7fb37402f000-7fb37422e000 ---p 00003000 08:03 12190599                   /lib/x86_64-linux-gnu/libgpg-error.so.0.8.0
7fb37422e000-7fb37422f000 rw-p 00002000 08:03 12190599                   /lib/x86_64-linux-gnu/libgpg-error.so.0.8.0
7fb37422f000-7fb374273000 r-xp 00000000 08:03 12190580                   /lib/x86_64-linux-gnu/libdbus-1.so.3.7.2
7fb374273000-7fb374473000 ---p 00044000 08:03 12190580                   /lib/x86_64-linux-gnu/libdbus-1.so.3.7.2
7fb374473000-7fb374474000 r--p 00044000 08:03 12190580                   /lib/x86_64-linux-gnu/libdbus-1.so.3.7.2
7fb374474000-7fb374475000 rw-p 00045000 08:03 12190580                   /lib/x86_64-linux-gnu/libdbus-1.so.3.7.2
7fb374475000-7fb374486000 r-xp 00000000 08:03 4200305                    /usr/lib/x86_64-linux-gnu/libp11-kit.so.0.0.0
7fb374486000-7fb374685000 ---p 00011000 08:03 4200305                    /usr/lib/x86_64-linux-gnu/libp11-kit.so.0.0.0
7fb374685000-7fb374686000 r--p 00010000 08:03 4200305                    /usr/lib/x86_64-linux-gnu/libp11-kit.so.0.0.0
7fb374686000-7fb374687000 rw-p 00011000 08:03 4200305                    /usr/lib/x86_64-linux-gnu/libp11-kit.so.0.0.0
7fb374687000-7fb374701000 r-xp 00000000 08:03 12190595                   /lib/x86_64-linux-gnu/libgcrypt.so.11.7.0
7fb374701000-7fb374901000 ---p 0007a000 08:03 12190595                   /lib/x86_64-linux-gnu/libgcrypt.so.11.7.0
7fb374901000-7fb374902000 r--p 0007a000 08:03 12190595                   /lib/x86_64-linux-gnu/libgcrypt.so.11.7.0
7fb374902000-7fb374905000 rw-p 0007b000 08:03 12190595                   /lib/x86_64-linux-gnu/libgcrypt.so.11.7.0
7fb374905000-7fb374915000 r-xp 00000000 08:03 4200448                    /usr/lib/x86_64-linux-gnu/libtasn1.so.3.1.16
7fb374915000-7fb374b14000 ---p 00010000 08:03 4200448                    /usr/lib/x86_64-linux-gnu/libtasn1.so.3.1.16
7fb374b14000-7fb374b15000 r--p 0000f000 08:03 4200448                    /usr/lib/x86_64-linux-gnu/libtasn1.so.3.1.16
7fb374b15000-7fb374b16000 rw-p 00010000 08:03 4200448                    /usr/lib/x86_64-linux-gnu/libtasn1.so.3.1.16
7fb374b16000-7fb374b19000 r-xp 00000000 08:03 12190610                   /lib/x86_64-linux-gnu/libkeyutils.so.1.4
7fb374b19000-7fb374d18000 ---p 00003000 08:03 12190610                   /lib/x86_64-linux-gnu/libkeyutils.so.1.4
7fb374d18000-7fb374d19000 r--p 00002000 08:03 12190610                   /lib/x86_64-linux-gnu/libkeyutils.so.1.4
7fb374d19000-7fb374d1a000 rw-p 00003000 08:03 12190610                   /lib/x86_64-linux-gnu/libkeyutils.so.1.4
7fb374d1a000-7fb374d22000 r-xp 00000000 08:03 4200208                    /usr/lib/x86_64-linux-gnu/libkrb5support.so.0.1
7fb374d22000-7fb374f21000 ---p 00008000 08:03 4200208                    /usr/lib/x86_64-linux-gnu/libkrb5support.so.0.1
7fb374f21000-7fb374f22000 r--p 00007000 08:03 4200208                    /usr/lib/x86_64-linux-gnu/libkrb5support.so.0.1
7fb374f22000-7fb374f23000 rw-p 00008000 08:03 4200208                    /usr/lib/x86_64-linux-gnu/libkrb5support.so.0.1
7fb374f23000-7fb374f26000 r-xp 00000000 08:03 12190576                   /lib/x86_64-linux-gnu/libcom_err.so.2.1
7fb374f26000-7fb375125000 ---p 00003000 08:03 12190576                   /lib/x86_64-linux-gnu/libcom_err.so.2.1
7fb375125000-7fb375126000 r--p 00002000 08:03 12190576                   /lib/x86_64-linux-gnu/libcom_err.so.2.1
7fb375126000-7fb375127000 rw-p 00003000 08:03 12190576                   /lib/x86_64-linux-gnu/libcom_err.so.2.1
7fb375127000-7fb37514d000 r-xp 00000000 08:03 4200198                    /usr/lib/x86_64-linux-gnu/libk5crypto.so.3.1
7fb37514d000-7fb37534d000 ---p 00026000 08:03 4200198                    /usr/lib/x86_64-linux-gnu/libk5crypto.so.3.1
7fb37534d000-7fb37534e000 r--p 00026000 08:03 4200198                    /usr/lib/x86_64-linux-gnu/libk5crypto.so.3.1
7fb37534e000-7fb37534f000 rw-p 00027000 08:03 4200198                    /usr/lib/x86_64-linux-gnu/libk5crypto.so.3.1
7fb37534f000-7fb375350000 rw-p 00000000 00:00 0 
7fb375350000-7fb375419000 r-xp 00000000 08:03 4200206                    /usr/lib/x86_64-linux-gnu/libkrb5.so.3.3
7fb375419000-7fb375618000 ---p 000c9000 08:03 4200206                    /usr/lib/x86_64-linux-gnu/libkrb5.so.3.3
7fb375618000-7fb375622000 r--p 000c8000 08:03 4200206                    /usr/lib/x86_64-linux-gnu/libkrb5.so.3.3
7fb375622000-7fb375624000 rw-p 000d2000 08:03 4200206                    /usr/lib/x86_64-linux-gnu/libkrb5.so.3.3
7fb375624000-7fb375629000 r-xp 00000000 08:03 4199743                    /usr/lib/x86_64-linux-gnu/libXdmcp.so.6.0.0
7fb375629000-7fb375828000 ---p 00005000 08:03 4199743                    /usr/lib/x86_64-linux-gnu/libXdmcp.so.6.0.0
7fb375828000-7fb375829000 rw-p 00004000 08:03 4199743                    /usr/lib/x86_64-linux-gnu/libXdmcp.so.6.0.0
7fb375829000-7fb37582b000 r-xp 00000000 08:03 4199732                    /usr/lib/x86_64-linux-gnu/libXau.so.6.0.0
7fb37582b000-7fb375a2b000 ---p 00002000 08:03 4199732                    /usr/lib/x86_64-linux-gnu/libXau.so.6.0.0
7fb375a2b000-7fb375a2c000 rw-p 00002000 08:03 4199732                    /usr/lib/x86_64-linux-gnu/libXau.so.6.0.0
7fb375a2c000-7fb375a3c000 r-xp 00000000 08:03 4199807                    /usr/lib/x86_64-linux-gnu/libavahi-client.so.3.2.9
7fb375a3c000-7fb375c3b000 ---p 00010000 08:03 4199807                    /usr/lib/x86_64-linux-gnu/libavahi-client.so.3.2.9
7fb375c3b000-7fb375c3c000 r--p 0000f000 08:03 4199807                    /usr/lib/x86_64-linux-gnu/libavahi-client.so.3.2.9
7fb375c3c000-7fb375c3d000 rw-p 00010000 08:03 4199807                    /usr/lib/x86_64-linux-gnu/libavahi-client.so.3.2.9
7fb375c3d000-7fb375c49000 r-xp 00000000 08:03 4199809                    /usr/lib/x86_64-linux-gnu/libavahi-common.so.3.5.3
7fb375c49000-7fb375e48000 ---p 0000c000 08:03 4199809                    /usr/lib/x86_64-linux-gnu/libavahi-common.so.3.5.3
7fb375e48000-7fb375e49000 r--p 0000b000 08:03 4199809                    /usr/lib/x86_64-linux-gnu/libavahi-common.so.3.5.3
7fb375e49000-7fb375e4a000 rw-p 0000c000 08:03 4199809                    /usr/lib/x86_64-linux-gnu/libavahi-common.so.3.5.3
7fb375e4a000-7fb375f03000 r-xp 00000000 08:03 4200060                    /usr/lib/x86_64-linux-gnu/libgnutls.so.26.22.4
7fb375f03000-7fb376102000 ---p 000b9000 08:03 4200060                    /usr/lib/x86_64-linux-gnu/libgnutls.so.26.22.4
7fb376102000-7fb376108000 r--p 000b8000 08:03 4200060                    /usr/lib/x86_64-linux-gnu/libgnutls.so.26.22.4
7fb376108000-7fb37610a000 rw-p 000be000 08:03 4200060                    /usr/lib/x86_64-linux-gnu/libgnutls.so.26.22.4
7fb37610a000-7fb376146000 r-xp 00000000 08:03 4200085                    /usr/lib/x86_64-linux-gnu/libgssapi_krb5.so.2.2
7fb376146000-7fb376346000 ---p 0003c000 08:03 4200085                    /usr/lib/x86_64-linux-gnu/libgssapi_krb5.so.2.2
7fb376346000-7fb376347000 r--p 0003c000 08:03 4200085                    /usr/lib/x86_64-linux-gnu/libgssapi_krb5.so.2.2
7fb376347000-7fb376349000 rw-p 0003d000 08:03 4200085                    /usr/lib/x86_64-linux-gnu/libgssapi_krb5.so.2.2
7fb376349000-7fb376385000 r-xp 00000000 08:03 12190663                   /lib/x86_64-linux-gnu/libpcre.so.3.13.1
7fb376385000-7fb376585000 ---p 0003c000 08:03 12190663                   /lib/x86_64-linux-gnu/libpcre.so.3.13.1
7fb376585000-7fb376586000 rw-p 0003c000 08:03 12190663                   /lib/x86_64-linux-gnu/libpcre.so.3.13.1
7fb376586000-7fb376592000 r-xp 00000000 08:03 4199961                    /usr/lib/x86_64-linux-gnu/libffi.so.5.0.10
7fb376592000-7fb376792000 ---p 0000c000 08:03 4199961                    /usr/lib/x86_64-linux-gnu/libffi.so.5.0.10
7fb376792000-7fb376793000 rw-p 0000c000 08:03 4199961                    /usr/lib/x86_64-linux-gnu/libffi.so.5.0.10
7fb376793000-7fb3767ba000 r-xp 00000000 08:03 12190588                   /lib/x86_64-linux-gnu/libexpat.so.1.6.0
7fb3767ba000-7fb3769ba000 ---p 00027000 08:03 12190588                   /lib/x86_64-linux-gnu/libexpat.so.1.6.0
7fb3769ba000-7fb3769bc000 r--p 00027000 08:03 12190588                   /lib/x86_64-linux-gnu/libexpat.so.1.6.0
7fb3769bc000-7fb3769bd000 rw-p 00029000 08:03 12190588                   /lib/x86_64-linux-gnu/libexpat.so.1.6.0
7fb3769bd000-7fb3769c5000 r-xp 00000000 08:03 4200521                    /usr/lib/x86_64-linux-gnu/libxcb-render.so.0.0.0
7fb3769c5000-7fb376bc5000 ---p 00008000 08:03 4200521                    /usr/lib/x86_64-linux-gnu/libxcb-render.so.0.0.0
7fb376bc5000-7fb376bc6000 r--p 00008000 08:03 4200521                    /usr/lib/x86_64-linux-gnu/libxcb-render.so.0.0.0
7fb376bc6000-7fb376bc7000 rw-p 00009000 08:03 4200521                    /usr/lib/x86_64-linux-gnu/libxcb-render.so.0.0.0
7fb376bc7000-7fb376bc9000 r-xp 00000000 08:03 4200525                    /usr/lib/x86_64-linux-gnu/libxcb-shm.so.0.0.0
7fb376bc9000-7fb376dc8000 ---p 00002000 08:03 4200525                    /usr/lib/x86_64-linux-gnu/libxcb-shm.so.0.0.0
7fb376dc8000-7fb376dc9000 r--p 00001000 08:03 4200525                    /usr/lib/x86_64-linux-gnu/libxcb-shm.so.0.0.0
7fb376dc9000-7fb376dca000 rw-p 00002000 08:03 4200525                    /usr/lib/x86_64-linux-gnu/libxcb-shm.so.0.0.0
7fb376dca000-7fb376e4a000 r-xp 00000000 08:03 4200335                    /usr/lib/x86_64-linux-gnu/libpixman-1.so.0.26.0
7fb376e4a000-7fb37704a000 ---p 00080000 08:03 4200335                    /usr/lib/x86_64-linux-gnu/libpixman-1.so.0.26.0
7fb37704a000-7fb377050000 rw-p 00080000 08:03 4200335                    /usr/lib/x86_64-linux-gnu/libpixman-1.so.0.26.0
7fb377050000-7fb377076000 r-xp 00000000 08:03 12190665                   /lib/x86_64-linux-gnu/libpng12.so.0.49.0
7fb377076000-7fb377275000 ---p 00026000 08:03 12190665                   /lib/x86_64-linux-gnu/libpng12.so.0.49.0
7fb377275000-7fb377276000 r--p 00025000 08:03 12190665                   /lib/x86_64-linux-gnu/libpng12.so.0.49.0
7fb377276000-7fb377277000 rw-p 00026000 08:03 12190665                   /lib/x86_64-linux-gnu/libpng12.so.0.49.0
7fb377277000-7fb37728b000 r-xp 00000000 08:03 12192206                   /lib/x86_64-linux-gnu/libresolv-2.19.so
7fb37728b000-7fb37748a000 ---p 00014000 08:03 12192206                   /lib/x86_64-linux-gnu/libresolv-2.19.so
7fb37748a000-7fb37748b000 r--p 00013000 08:03 12192206                   /lib/x86_64-linux-gnu/libresolv-2.19.so
7fb37748b000-7fb37748c000 rw-p 00014000 08:03 12192206                   /lib/x86_64-linux-gnu/libresolv-2.19.so
7fb37748c000-7fb37748e000 rw-p 00000000 00:00 0 
7fb37748e000-7fb3774ac000 r-xp 00000000 08:03 12190680                   /lib/x86_64-linux-gnu/libselinux.so.1
7fb3774ac000-7fb3776ab000 ---p 0001e000 08:03 12190680                   /lib/x86_64-linux-gnu/libselinux.so.1
7fb3776ab000-7fb3776ac000 r--p 0001d000 08:03 12190680                   /lib/x86_64-linux-gnu/libselinux.so.1
7fb3776ac000-7fb3776ad000 rw-p 0001e000 08:03 12190680                   /lib/x86_64-linux-gnu/libselinux.so.1
7fb3776ad000-7fb3776ae000 rw-p 00000000 00:00 0 
7fb3776ae000-7fb3776b1000 r-xp 00000000 08:03 4200052                    /usr/lib/x86_64-linux-gnu/libgmodule-2.0.so.0.3200.4
7fb3776b1000-7fb3778b0000 ---p 00003000 08:03 4200052                    /usr/lib/x86_64-linux-gnu/libgmodule-2.0.so.0.3200.4
7fb3778b0000-7fb3778b1000 r--p 00002000 08:03 4200052                    /usr/lib/x86_64-linux-gnu/libgmodule-2.0.so.0.3200.4
7fb3778b1000-7fb3778b2000 rw-p 00003000 08:03 4200052                    /usr/lib/x86_64-linux-gnu/libgmodule-2.0.so.0.3200.4
7fb3778b2000-7fb3778bc000 r-xp 00000000 08:03 4199739                    /usr/lib/x86_64-linux-gnu/libXcursor.so.1.0.2
7fb3778bc000-7fb377abb000 ---p 0000a000 08:03 4199739                    /usr/lib/x86_64-linux-gnu/libXcursor.so.1.0.2
7fb377abb000-7fb377abc000 rw-p 00009000 08:03 4199739                    /usr/lib/x86_64-linux-gnu/libXcursor.so.1.0.2
7fb377abc000-7fb377ac3000 r-xp 00000000 08:03 4199761                    /usr/lib/x86_64-linux-gnu/libXrandr.so.2.2.0
7fb377ac3000-7fb377cc3000 ---p 00007000 08:03 4199761                    /usr/lib/x86_64-linux-gnu/libXrandr.so.2.2.0
7fb377cc3000-7fb377cc4000 rw-p 00007000 08:03 4199761                    /usr/lib/x86_64-linux-gnu/libXrandr.so.2.2.0
7fb377cc4000-7fb377cc6000 r-xp 00000000 08:03 4199753                    /usr/lib/x86_64-linux-gnu/libXinerama.so.1.0.0
7fb377cc6000-7fb377ec5000 ---p 00002000 08:03 4199753                    /usr/lib/x86_64-linux-gnu/libXinerama.so.1.0.0
7fb377ec5000-7fb377ec6000 rw-p 00001000 08:03 4199753                    /usr/lib/x86_64-linux-gnu/libXinerama.so.1.0.0
7fb377ec6000-7fb377ecb000 r-xp 00000000 08:03 4199747                    /usr/lib/x86_64-linux-gnu/libXfixes.so.3.1.0
7fb377ecb000-7fb3780ca000 ---p 00005000 08:03 4199747                    /usr/lib/x86_64-linux-gnu/libXfixes.so.3.1.0
7fb3780ca000-7fb3780cb000 r--p 00004000 08:03 4199747                    /usr/lib/x86_64-linux-gnu/libXfixes.so.3.1.0
7fb3780cb000-7fb3780cc000 rw-p 00005000 08:03 4199747                    /usr/lib/x86_64-linux-gnu/libXfixes.so.3.1.0
7fb3780cc000-7fb3780ce000 r-xp 00000000 08:03 4199741                    /usr/lib/x86_64-linux-gnu/libXdamage.so.1.1.0
7fb3780ce000-7fb3782cd000 ---p 00002000 08:03 4199741                    /usr/lib/x86_64-linux-gnu/libXdamage.so.1.1.0
7fb3782cd000-7fb3782ce000 rw-p 00001000 08:03 4199741                    /usr/lib/x86_64-linux-gnu/libXdamage.so.1.1.0
7fb3782ce000-7fb3782d0000 r-xp 00000000 08:03 4199737                    /usr/lib/x86_64-linux-gnu/libXcomposite.so.1.0.0
7fb3782d0000-7fb3784cf000 ---p 00002000 08:03 4199737                    /usr/lib/x86_64-linux-gnu/libXcomposite.so.1.0.0
7fb3784cf000-7fb3784d0000 rw-p 00001000 08:03 4199737                    /usr/lib/x86_64-linux-gnu/libXcomposite.so.1.0.0
7fb3784d0000-7fb3784ef000 r-xp 00000000 08:03 4200529                    /usr/lib/x86_64-linux-gnu/libxcb.so.1.1.0
7fb3784ef000-7fb3786ee000 ---p 0001f000 08:03 4200529                    /usr/lib/x86_64-linux-gnu/libxcb.so.1.1.0
7fb3786ee000-7fb3786ef000 r--p 0001e000 08:03 4200529                    /usr/lib/x86_64-linux-gnu/libxcb.so.1.1.0
7fb3786ef000-7fb3786f0000 rw-p 0001f000 08:03 4200529                    /usr/lib/x86_64-linux-gnu/libxcb.so.1.1.0
7fb3786f0000-7fb378743000 r-xp 00000000 08:03 4199889                    /usr/lib/x86_64-linux-gnu/libcups.so.2
7fb378743000-7fb378942000 ---p 00053000 08:03 4199889                    /usr/lib/x86_64-linux-gnu/libcups.so.2
7fb378942000-7fb378947000 r--p 00052000 08:03 4199889                    /usr/lib/x86_64-linux-gnu/libcups.so.2
7fb378947000-7fb378948000 rw-p 00057000 08:03 4199889                    /usr/lib/x86_64-linux-gnu/libcups.so.2
7fb378948000-7fb378a3d000 r-xp 00000000 08:03 12190597                   /lib/x86_64-linux-gnu/libglib-2.0.so.0.3200.4
7fb378a3d000-7fb378c3d000 ---p 000f5000 08:03 12190597                   /lib/x86_64-linux-gnu/libglib-2.0.so.0.3200.4
7fb378c3d000-7fb378c3e000 r--p 000f5000 08:03 12190597                   /lib/x86_64-linux-gnu/libglib-2.0.so.0.3200.4
7fb378c3e000-7fb378c3f000 rw-p 000f6000 08:03 12190597                   /lib/x86_64-linux-gnu/libglib-2.0.so.0.3200.4
7fb378c3f000-7fb378c40000 rw-p 00000000 00:00 0 
7fb378c40000-7fb378c41000 r-xp 00000000 08:03 4200137                    /usr/lib/x86_64-linux-gnu/libgthread-2.0.so.0.3200.4
7fb378c41000-7fb378e40000 ---p 00001000 08:03 4200137                    /usr/lib/x86_64-linux-gnu/libgthread-2.0.so.0.3200.4
7fb378e40000-7fb378e41000 r--p 00000000 08:03 4200137                    /usr/lib/x86_64-linux-gnu/libgthread-2.0.so.0.3200.4
7fb378e41000-7fb378e42000 rw-p 00001000 08:03 4200137                    /usr/lib/x86_64-linux-gnu/libgthread-2.0.so.0.3200.4
7fb378e42000-7fb378e90000 r-xp 00000000 08:03 4200068                    /usr/lib/x86_64-linux-gnu/libgobject-2.0.so.0.3200.4
7fb378e90000-7fb379090000 ---p 0004e000 08:03 4200068                    /usr/lib/x86_64-linux-gnu/libgobject-2.0.so.0.3200.4
7fb379090000-7fb379091000 r--p 0004e000 08:03 4200068                    /usr/lib/x86_64-linux-gnu/libgobject-2.0.so.0.3200.4
7fb379091000-7fb379092000 rw-p 0004f000 08:03 4200068                    /usr/lib/x86_64-linux-gnu/libgobject-2.0.so.0.3200.4
7fb379092000-7fb3790c7000 r-xp 00000000 08:03 4199999                    /usr/lib/x86_64-linux-gnu/libfontconfig.so.1.5.0
7fb3790c7000-7fb3792c7000 ---p 00035000 08:03 4199999                    /usr/lib/x86_64-linux-gnu/libfontconfig.so.1.5.0
7fb3792c7000-7fb3792c8000 r--p 00035000 08:03 4199999                    /usr/lib/x86_64-linux-gnu/libfontconfig.so.1.5.0
7fb3792c8000-7fb3792c9000 rw-p 00036000 08:03 4199999                    /usr/lib/x86_64-linux-gnu/libfontconfig.so.1.5.0
7fb3792c9000-7fb379362000 r-xp 00000000 08:03 4200007                    /usr/lib/x86_64-linux-gnu/libfreetype.so.6.8.1
7fb379362000-7fb379561000 ---p 00099000 08:03 4200007                    /usr/lib/x86_64-linux-gnu/libfreetype.so.6.8.1
7fb379561000-7fb379567000 r--p 00098000 08:03 4200007                    /usr/lib/x86_64-linux-gnu/libfreetype.so.6.8.1
7fb379567000-7fb379568000 rw-p 0009e000 08:03 4200007                    /usr/lib/x86_64-linux-gnu/libfreetype.so.6.8.1
7fb379568000-7fb3795b2000 r-xp 00000000 08:03 4200313                    /usr/lib/x86_64-linux-gnu/libpango-1.0.so.0.3000.0
7fb3795b2000-7fb3797b2000 ---p 0004a000 08:03 4200313                    /usr/lib/x86_64-linux-gnu/libpango-1.0.so.0.3000.0
7fb3797b2000-7fb3797b4000 r--p 0004a000 08:03 4200313                    /usr/lib/x86_64-linux-gnu/libpango-1.0.so.0.3000.0
7fb3797b4000-7fb3797b5000 rw-p 0004c000 08:03 4200313                    /usr/lib/x86_64-linux-gnu/libpango-1.0.so.0.3000.0
7fb3797b5000-7fb3798a9000 r-xp 00000000 08:03 4199843                    /usr/lib/x86_64-linux-gnu/libcairo.so.2.11200.2
7fb3798a9000-7fb379aa8000 ---p 000f4000 08:03 4199843                    /usr/lib/x86_64-linux-gnu/libcairo.so.2.11200.2
7fb379aa8000-7fb379aab000 r--p 000f3000 08:03 4199843                    /usr/lib/x86_64-linux-gnu/libcairo.so.2.11200.2
7fb379aab000-7fb379aac000 rw-p 000f6000 08:03 4199843                    /usr/lib/x86_64-linux-gnu/libcairo.so.2.11200.2
7fb379aac000-7fb379aae000 rw-p 00000000 00:00 0 
7fb379aae000-7fb379acd000 r-xp 00000000 08:03 4200030                    /usr/lib/x86_64-linux-gnu/libgdk_pixbuf-2.0.so.0.2600.1
7fb379acd000-7fb379ccc000 ---p 0001f000 08:03 4200030                    /usr/lib/x86_64-linux-gnu/libgdk_pixbuf-2.0.so.0.2600.1
7fb379ccc000-7fb379ccd000 r--p 0001e000 08:03 4200030                    /usr/lib/x86_64-linux-gnu/libgdk_pixbuf-2.0.so.0.2600.1
7fb379ccd000-7fb379cce000 rw-p 0001f000 08:03 4200030                    /usr/lib/x86_64-linux-gnu/libgdk_pixbuf-2.0.so.0.2600.1
7fb379cce000-7fb379cda000 r-xp 00000000 08:03 4200315                    /usr/lib/x86_64-linux-gnu/libpangocairo-1.0.so.0.3000.0
7fb379cda000-7fb379ed9000 ---p 0000c000 08:03 4200315                    /usr/lib/x86_64-linux-gnu/libpangocairo-1.0.so.0.3000.0
7fb379ed9000-7fb379eda000 r--p 0000b000 08:03 4200315                    /usr/lib/x86_64-linux-gnu/libpangocairo-1.0.so.0.3000.0
7fb379eda000-7fb379edb000 rw-p 0000c000 08:03 4200315                    /usr/lib/x86_64-linux-gnu/libpangocairo-1.0.so.0.3000.0
7fb379edb000-7fb379f05000 r-xp 00000000 08:03 4200317                    /usr/lib/x86_64-linux-gnu/libpangoft2-1.0.so.0.3000.0
7fb379f05000-7fb37a104000 ---p 0002a000 08:03 4200317                    /usr/lib/x86_64-linux-gnu/libpangoft2-1.0.so.0.3000.0
7fb37a104000-7fb37a105000 r--p 00029000 08:03 4200317                    /usr/lib/x86_64-linux-gnu/libpangoft2-1.0.so.0.3000.0
7fb37a105000-7fb37a106000 rw-p 0002a000 08:03 4200317                    /usr/lib/x86_64-linux-gnu/libpangoft2-1.0.so.0.3000.0
7fb37a106000-7fb37a252000 r-xp 00000000 08:03 4200042                    /usr/lib/x86_64-linux-gnu/libgio-2.0.so.0.3200.4
7fb37a252000-7fb37a451000 ---p 0014c000 08:03 4200042                    /usr/lib/x86_64-linux-gnu/libgio-2.0.so.0.3200.4
7fb37a451000-7fb37a455000 r--p 0014b000 08:03 4200042                    /usr/lib/x86_64-linux-gnu/libgio-2.0.so.0.3200.4
7fb37a455000-7fb37a457000 rw-p 0014f000 08:03 4200042                    /usr/lib/x86_64-linux-gnu/libgio-2.0.so.0.3200.4
7fb37a457000-7fb37a459000 rw-p 00000000 00:00 0 
7fb37a459000-7fb37a47a000 r-xp 00000000 08:03 4199799                    /usr/lib/x86_64-linux-gnu/libatk-1.0.so.0.20409.1
7fb37a47a000-7fb37a679000 ---p 00021000 08:03 4199799                    /usr/lib/x86_64-linux-gnu/libatk-1.0.so.0.20409.1
7fb37a679000-7fb37a67b000 r--p 00020000 08:03 4199799                    /usr/lib/x86_64-linux-gnu/libatk-1.0.so.0.20409.1
7fb37a67b000-7fb37a67c000 rw-p 00022000 08:03 4199799                    /usr/lib/x86_64-linux-gnu/libatk-1.0.so.0.20409.1
7fb37a67c000-7fb37a72b000 r-xp 00000000 08:03 4200028                    /usr/lib/x86_64-linux-gnu/libgdk-x11-2.0.so.0.2400.10
7fb37a72b000-7fb37a92a000 ---p 000af000 08:03 4200028                    /usr/lib/x86_64-linux-gnu/libgdk-x11-2.0.so.0.2400.10
7fb37a92a000-7fb37a92f000 rw-p 000ae000 08:03 4200028                    /usr/lib/x86_64-linux-gnu/libgdk-x11-2.0.so.0.2400.10
7fb37a92f000-7fb37ad61000 r-xp 00000000 08:03 4200141                    /usr/lib/x86_64-linux-gnu/libgtk-x11-2.0.so.0.2400.10
7fb37ad61000-7fb37af61000 ---p 00432000 08:03 4200141                    /usr/lib/x86_64-linux-gnu/libgtk-x11-2.0.so.0.2400.10
7fb37af61000-7fb37af6c000 rw-p 00432000 08:03 4200141                    /usr/lib/x86_64-linux-gnu/libgtk-x11-2.0.so.0.2400.10
7fb37af6c000-7fb37af6e000 rw-p 00000000 00:00 0 
7fb37af6e000-7fb37af7c000 r-xp 00000000 08:03 4199751                    /usr/lib/x86_64-linux-gnu/libXi.so.6.1.0
7fb37af7c000-7fb37b17c000 ---p 0000e000 08:03 4199751                    /usr/lib/x86_64-linux-gnu/libXi.so.6.1.0
7fb37b17c000-7fb37b17d000 rw-p 0000e000 08:03 4199751                    /usr/lib/x86_64-linux-gnu/libXi.so.6.1.0
7fb37b17d000-7fb37b182000 r-xp 00000000 08:03 4199769                    /usr/lib/x86_64-linux-gnu/libXtst.so.6.1.0
7fb37b182000-7fb37b381000 ---p 00005000 08:03 4199769                    /usr/lib/x86_64-linux-gnu/libXtst.so.6.1.0
7fb37b381000-7fb37b382000 rw-p 00004000 08:03 4199769                    /usr/lib/x86_64-linux-gnu/libXtst.so.6.1.0
7fb37b382000-7fb37b38b000 r-xp 00000000 08:03 4199763                    /usr/lib/x86_64-linux-gnu/libXrender.so.1.3.0
7fb37b38b000-7fb37b58a000 ---p 00009000 08:03 4199763                    /usr/lib/x86_64-linux-gnu/libXrender.so.1.3.0
7fb37b58a000-7fb37b58b000 rw-p 00008000 08:03 4199763                    /usr/lib/x86_64-linux-gnu/libXrender.so.1.3.0
7fb37b58b000-7fb37b6c0000 r-xp 00000000 08:03 4199728                    /usr/lib/x86_64-linux-gnu/libX11.so.6.3.0
7fb37b6c0000-7fb37b8c0000 ---p 00135000 08:03 4199728                    /usr/lib/x86_64-linux-gnu/libX11.so.6.3.0
7fb37b8c0000-7fb37b8c6000 rw-p 00135000 08:03 4199728                    /usr/lib/x86_64-linux-gnu/libX11.so.6.3.0
7fb37b8c6000-7fb37b8d7000 r-xp 00000000 08:03 4199745                    /usr/lib/x86_64-linux-gnu/libXext.so.6.4.0
7fb37b8d7000-7fb37bad7000 ---p 00011000 08:03 4199745                    /usr/lib/x86_64-linux-gnu/libXext.so.6.4.0
7fb37bad7000-7fb37bad8000 rw-p 00011000 08:03 4199745                    /usr/lib/x86_64-linux-gnu/libXext.so.6.4.0
7fb37bad8000-7fb37bb2b000 r-xp 00000000 08:03 3934319                    /usr/lib/jvm/java-7-openjdk-amd64/jre/lib/amd64/xawt/libmawt.so
7fb37bb2b000-7fb37bd2a000 ---p 00053000 08:03 3934319                    /usr/lib/jvm/java-7-openjdk-amd64/jre/lib/amd64/xawt/libmawt.so
7fb37bd2a000-7fb37bd2b000 r--p 00052000 08:03 3934319                    /usr/lib/jvm/java-7-openjdk-amd64/jre/lib/amd64/xawt/libmawt.so
7fb37bd2b000-7fb37bd2e000 rw-p 00053000 08:03 3934319                    /usr/lib/jvm/java-7-openjdk-amd64/jre/lib/amd64/xawt/libmawt.so
7fb37bd2e000-7fb37bd2f000 rw-p 00000000 00:00 0 
7fb37bd2f000-7fb37bdd0000 r-xp 00000000 08:03 3934218                    /usr/lib/jvm/java-7-openjdk-amd64/jre/lib/amd64/libawt.so
7fb37bdd0000-7fb37bfcf000 ---p 000a1000 08:03 3934218                    /usr/lib/jvm/java-7-openjdk-amd64/jre/lib/amd64/libawt.so
7fb37bfcf000-7fb37bfd0000 r--p 000a0000 08:03 3934218                    /usr/lib/jvm/java-7-openjdk-amd64/jre/lib/amd64/libawt.so
7fb37bfd0000-7fb37bfdb000 rw-p 000a1000 08:03 3934218                    /usr/lib/jvm/java-7-openjdk-amd64/jre/lib/amd64/libawt.so
7fb37bfdb000-7fb37c000000 rw-p 00000000 00:00 0 
7fb37c000000-7fb37c021000 rw-p 00000000 00:00 0 
7fb37c021000-7fb380000000 ---p 00000000 00:00 0 
7fb380000000-7fb380021000 rw-p 00000000 00:00 0 
7fb380021000-7fb384000000 ---p 00000000 00:00 0 
7fb384000000-7fb384ede000 rw-p 00000000 00:00 0 
7fb384ede000-7fb388000000 ---p 00000000 00:00 0 
7fb388000000-7fb3888a0000 rw-p 00000000 00:00 0 
7fb3888a0000-7fb38c000000 ---p 00000000 00:00 0 
7fb38c000000-7fb38c021000 rw-p 00000000 00:00 0 
7fb38c021000-7fb390000000 ---p 00000000 00:00 0 
7fb390000000-7fb390021000 rw-p 00000000 00:00 0 
7fb390021000-7fb394000000 ---p 00000000 00:00 0 
7fb394000000-7fb394021000 rw-p 00000000 00:00 0 
7fb394021000-7fb398000000 ---p 00000000 00:00 0 
7fb398000000-7fb398021000 rw-p 00000000 00:00 0 
7fb398021000-7fb39c000000 ---p 00000000 00:00 0 
7fb39c000000-7fb39c021000 rw-p 00000000 00:00 0 
7fb39c021000-7fb3a0000000 ---p 00000000 00:00 0 
7fb3a0003000-7fb3a0080000 rw-p 00000000 00:00 0 
7fb3a0080000-7fb3a00bd000 r-xp 00000000 08:03 10486182                   /tmp/libgdxchobe/5502b6ed/libgdx64.so
7fb3a00bd000-7fb3a02bc000 ---p 0003d000 08:03 10486182                   /tmp/libgdxchobe/5502b6ed/libgdx64.so
7fb3a02bc000-7fb3a02bd000 r--p 0003c000 08:03 10486182                   /tmp/libgdxchobe/5502b6ed/libgdx64.so
7fb3a02bd000-7fb3a02be000 rw-p 0003d000 08:03 10486182                   /tmp/libgdxchobe/5502b6ed/libgdx64.so
7fb3a02be000-7fb3a02bf000 r--s 00002000 08:03 10488693                   /home/chobe/.gradle/caches/modules-2/files-2.1/net.java.jinput/jinput-platform/2.0.5/53f9c919f34d2ca9de8c51fc4e1e8282029a9232/jinput-platform-2.0.5-natives-osx.jar
7fb3a02bf000-7fb3a02c0000 r--s 00025000 08:03 10488692                   /home/chobe/.gradle/caches/modules-2/files-2.1/net.java.jinput/jinput-platform/2.0.5/385ee093e01f587f30ee1c8a2ee7d408fd732e16/jinput-platform-2.0.5-natives-windows.jar
7fb3a02c0000-7fb3a02c1000 r--s 00002000 08:03 10488691                   /home/chobe/.gradle/caches/modules-2/files-2.1/net.java.jinput/jinput-platform/2.0.5/7ff832a6eb9ab6a767f1ade2b548092d0fa64795/jinput-platform-2.0.5-natives-linux.jar
7fb3a02c1000-7fb3a02c2000 r--s 00001000 08:03 10488690                   /home/chobe/.gradle/caches/modules-2/files-2.1/net.java.jutils/jutils/1.0.0/e12fe1fda814bd348c1579329c86943d2cd3c6a6/jutils-1.0.0.jar
7fb3a02c2000-7fb3a02c6000 r--s 0002f000 08:03 10488689                   /home/chobe/.gradle/caches/modules-2/files-2.1/net.java.jinput/jinput/2.0.5/39c7796b469a600f72380316f6b1f11db6c2c7c4/jinput-2.0.5.jar
7fb3a02c6000-7fb3a02c7000 r--s 00080000 08:03 10488688                   /home/chobe/.gradle/caches/modules-2/files-2.1/org.lwjgl.lwjgl/lwjgl-platform/2.9.1/2d12c83fdfbc04ecabf02c7bc8cc54d034f0daac/lwjgl-platform-2.9.1-natives-osx.jar
7fb3a02c7000-7fb3a02c8000 r--s 0008b000 08:03 10488687                   /home/chobe/.gradle/caches/modules-2/files-2.1/org.lwjgl.lwjgl/lwjgl-platform/2.9.1/aa9aae879af8eb378e22cfc64db56ec2ca9a44d1/lwjgl-platform-2.9.1-natives-linux.jar
7fb3a02c8000-7fb3a02c9000 r--s 00095000 08:03 10488686                   /home/chobe/.gradle/caches/modules-2/files-2.1/org.lwjgl.lwjgl/lwjgl-platform/2.9.1/4c517eca808522457dd95ee8fc1fbcdbb602efbe/lwjgl-platform-2.9.1-natives-windows.jar
7fb3a02c9000-7fb3a02cb000 r--s 00017000 08:03 10488685                   /home/chobe/.gradle/caches/modules-2/files-2.1/org.jcraft/jorbis/0.0.17/8872d22b293e8f5d7d56ff92be966e6dc28ebdc6/jorbis-0.0.17.jar
7fb3a02cb000-7fb3a02cc000 r--s 00015000 08:03 10488684                   /home/chobe/.gradle/caches/modules-2/files-2.1/com.badlogicgames.jlayer/jlayer/1.0.1-gdx/7cca83cec5c1b2f011362f4d85aabd71a73b049d/jlayer-1.0.1-gdx.jar
7fb3a02cc000-7fb3a02d0000 r--s 00027000 08:03 10488683                   /home/chobe/.gradle/caches/modules-2/files-2.1/org.lwjgl.lwjgl/lwjgl_util/2.9.1/290d7ba8a1bd9566f5ddf16ad06f09af5ec9b20e/lwjgl_util-2.9.1.jar
7fb3a02d0000-7fb3a02de000 r--s 000ea000 08:03 10488682                   /home/chobe/.gradle/caches/modules-2/files-2.1/org.lwjgl.lwjgl/lwjgl/2.9.1/f58c5aabcef0e41718a564be9f8e412fff8db847/lwjgl-2.9.1.jar
7fb3a02de000-7fb3a02f3000 r--s 00153000 08:03 10488660                   /home/chobe/.gradle/caches/modules-2/files-2.1/com.badlogicgames.gdx/gdx/1.1.0/686f5a609c717eb0769d3b954c501a49bf4fe351/gdx-1.1.0.jar
7fb3a02f3000-7fb3a02f4000 r--s 000cd000 08:03 10488678                   /home/chobe/.gradle/caches/modules-2/files-2.1/com.badlogicgames.gdx/gdx-platform/1.1.0/1c7ea4239c2d9adda420c15985fe3885c481fdcf/gdx-platform-1.1.0-natives-desktop.jar
7fb3a02f4000-7fb3a02f7000 r--s 0001f000 08:03 10488677                   /home/chobe/.gradle/caches/modules-2/files-2.1/com.badlogicgames.gdx/gdx-backend-lwjgl/1.1.0/eafa409559820c1696e165e1280435f1332fc32b/gdx-backend-lwjgl-1.1.0.jar
7fb3a02f7000-7fb3a02fa000 r--s 0001d000 08:01 772750                     /media/winDisk/Users/ChobeDucket/Documents/sheep/core/build/libs/core-1.0.jar
7fb3a02fa000-7fb3a02fe000 r--s 0003b000 08:03 3934173                    /usr/lib/jvm/java-7-openjdk-amd64/jre/lib/ext/sunpkcs11.jar
7fb3a02fe000-7fb3a02ff000 r--s 00002000 08:03 3934178                    /usr/lib/jvm/java-7-openjdk-amd64/jre/lib/ext/dnsns.jar
7fb3a02ff000-7fb3a0302000 r--s 00032000 08:03 3934176                    /usr/lib/jvm/java-7-openjdk-amd64/jre/lib/ext/sunjce_provider.jar
7fb3a0302000-7fb3a0304000 r--s 0000f000 08:03 3934175                    /usr/lib/jvm/java-7-openjdk-amd64/jre/lib/ext/pulse-java.jar
7fb3a0304000-7fb3a0306000 r--s 00012000 08:03 3934174                    /usr/lib/jvm/java-7-openjdk-amd64/jre/lib/ext/zipfs.jar
7fb3a0306000-7fb3a030a000 r--s 00085000 08:03 3934172                    /usr/lib/jvm/java-7-openjdk-amd64/jre/lib/ext/localedata.jar
7fb3a030a000-7fb3a030b000 r--s 00007000 08:03 5645676                    /usr/share/java/java-atk-wrapper.jar
7fb3a030b000-7fb3a030c000 ---p 00000000 00:00 0 
7fb3a030c000-7fb3a040c000 rw-p 00000000 00:00 0 
7fb3a040c000-7fb3a040f000 ---p 00000000 00:00 0 
7fb3a040f000-7fb3a050d000 rw-p 00000000 00:00 0 
7fb3a050d000-7fb3a0510000 ---p 00000000 00:00 0 
7fb3a0510000-7fb3a060e000 rw-p 00000000 00:00 0 
7fb3a060e000-7fb3a0611000 ---p 00000000 00:00 0 
7fb3a0611000-7fb3a070f000 rw-p 00000000 00:00 0 
7fb3a070f000-7fb3a0712000 ---p 00000000 00:00 0 
7fb3a0712000-7fb3a0810000 rw-p 00000000 00:00 0 
7fb3a0810000-7fb3a0999000 r--p 00000000 08:03 4067802                    /usr/lib/locale/locale-archive
7fb3a0999000-7fb3a099c000 ---p 00000000 00:00 0 
7fb3a099c000-7fb3a0a9a000 rw-p 00000000 00:00 0 
7fb3a0a9a000-7fb3a0a9d000 ---p 00000000 00:00 0 
7fb3a0a9d000-7fb3a0b9b000 rw-p 00000000 00:00 0 
7fb3a0b9b000-7fb3a0b9c000 ---p 00000000 00:00 0 
7fb3a0b9c000-7fb3a4000000 rw-p 00000000 00:00 0 
7fb3a4000000-7fb3a4021000 rw-p 00000000 00:00 0 
7fb3a4021000-7fb3a8000000 ---p 00000000 00:00 0 
7fb3a8000000-7fb3a8021000 rw-p 00000000 00:00 0 
7fb3a8021000-7fb3ac000000 ---p 00000000 00:00 0 
7fb3ac000000-7fb3ac021000 rw-p 00000000 00:00 0 
7fb3ac021000-7fb3b0000000 ---p 00000000 00:00 0 
7fb3b0003000-7fb3b0013000 rw-s e0200000 00:05 7289                       /dev/ati/card0
7fb3b0013000-7fb3b0016000 ---p 00000000 00:00 0 
7fb3b0016000-7fb3b004c000 rw-p 00000000 00:00 0 
7fb3b004c000-7fb3b0055000 r--s 000b9000 08:03 3934170                    /usr/lib/jvm/java-7-openjdk-amd64/jre/lib/resources.jar
7fb3b0055000-7fb3b009e000 rw-p 00000000 00:00 0 
7fb3b009e000-7fb3b024c000 r--s 01cfc000 08:03 3934153                    /usr/lib/jvm/java-7-openjdk-amd64/jre/lib/rt.jar
7fb3b024c000-7fb3b0558000 rw-p 00000000 00:00 0 
7fb3b0558000-7fb3b0559000 ---p 00000000 00:00 0 
7fb3b0559000-7fb3b0659000 rw-p 00000000 00:00 0 
7fb3b0659000-7fb3b065a000 ---p 00000000 00:00 0 
7fb3b065a000-7fb3b075a000 rw-p 00000000 00:00 0 
7fb3b075a000-7fb3b075b000 ---p 00000000 00:00 0 
7fb3b075b000-7fb3b085b000 rw-p 00000000 00:00 0 
7fb3b085b000-7fb3b085c000 ---p 00000000 00:00 0 
7fb3b085c000-7fb3b0967000 rw-p 00000000 00:00 0 
7fb3b0967000-7fb3b09af000 rw-p 00000000 00:00 0 
7fb3b09af000-7fb3b09ba000 rw-p 00000000 00:00 0 
7fb3b09ba000-7fb3b0a02000 rw-p 00000000 00:00 0 
7fb3b0a02000-7fb3b0a17000 rw-p 00000000 00:00 0 
7fb3b0a17000-7fb3b0b47000 rw-p 00000000 00:00 0 
7fb3b0b47000-7fb3b0b52000 rw-p 00000000 00:00 0 
7fb3b0b52000-7fb3b0bea000 rw-p 00000000 00:00 0 
7fb3b0bea000-7fb3b0beb000 rw-p 00000000 00:00 0 
7fb3b0beb000-7fb3b0e5b000 rwxp 00000000 00:00 0 
7fb3b0e5b000-7fb3b3beb000 rw-p 00000000 00:00 0 
7fb3b3beb000-7fb3b3bf3000 r-xp 00000000 08:03 3934210                    /usr/lib/jvm/java-7-openjdk-amd64/jre/lib/amd64/libzip.so
7fb3b3bf3000-7fb3b3df2000 ---p 00008000 08:03 3934210                    /usr/lib/jvm/java-7-openjdk-amd64/jre/lib/amd64/libzip.so
7fb3b3df2000-7fb3b3df3000 r--p 00007000 08:03 3934210                    /usr/lib/jvm/java-7-openjdk-amd64/jre/lib/amd64/libzip.so
7fb3b3df3000-7fb3b3df4000 rw-p 00008000 08:03 3934210                    /usr/lib/jvm/java-7-openjdk-amd64/jre/lib/amd64/libzip.so
7fb3b3df4000-7fb3b3dff000 r-xp 00000000 08:03 12192223                   /lib/x86_64-linux-gnu/libnss_files-2.19.so
7fb3b3dff000-7fb3b3ffe000 ---p 0000b000 08:03 12192223                   /lib/x86_64-linux-gnu/libnss_files-2.19.so
7fb3b3ffe000-7fb3b3fff000 r--p 0000a000 08:03 12192223                   /lib/x86_64-linux-gnu/libnss_files-2.19.so
7fb3b3fff000-7fb3b4000000 rw-p 0000b000 08:03 12192223                   /lib/x86_64-linux-gnu/libnss_files-2.19.so
7fb3b4000000-7fb3b4372000 rw-p 00000000 00:00 0 
7fb3b4372000-7fb3b8000000 ---p 00000000 00:00 0 
7fb3b8003000-7fb3b8040000 rw-p 00000000 00:00 0 
7fb3b8040000-7fb3b8171000 rw-p 00000000 00:00 0 
7fb3b8171000-7fb3b817b000 r-xp 00000000 08:03 12192211                   /lib/x86_64-linux-gnu/libnss_nis-2.19.so
7fb3b817b000-7fb3b837a000 ---p 0000a000 08:03 12192211                   /lib/x86_64-linux-gnu/libnss_nis-2.19.so
7fb3b837a000-7fb3b837b000 r--p 00009000 08:03 12192211                   /lib/x86_64-linux-gnu/libnss_nis-2.19.so
7fb3b837b000-7fb3b837c000 rw-p 0000a000 08:03 12192211                   /lib/x86_64-linux-gnu/libnss_nis-2.19.so
7fb3b837c000-7fb3b8391000 r-xp 00000000 08:03 12192215                   /lib/x86_64-linux-gnu/libnsl-2.19.so
7fb3b8391000-7fb3b8590000 ---p 00015000 08:03 12192215                   /lib/x86_64-linux-gnu/libnsl-2.19.so
7fb3b8590000-7fb3b8591000 r--p 00014000 08:03 12192215                   /lib/x86_64-linux-gnu/libnsl-2.19.so
7fb3b8591000-7fb3b8592000 rw-p 00015000 08:03 12192215                   /lib/x86_64-linux-gnu/libnsl-2.19.so
7fb3b8592000-7fb3b8594000 rw-p 00000000 00:00 0 
7fb3b8594000-7fb3b859b000 r-xp 00000000 08:03 12192212                   /lib/x86_64-linux-gnu/libnss_compat-2.19.so
7fb3b859b000-7fb3b879a000 ---p 00007000 08:03 12192212                   /lib/x86_64-linux-gnu/libnss_compat-2.19.so
7fb3b879a000-7fb3b879b000 r--p 00006000 08:03 12192212                   /lib/x86_64-linux-gnu/libnss_compat-2.19.so
7fb3b879b000-7fb3b879c000 rw-p 00007000 08:03 12192212                   /lib/x86_64-linux-gnu/libnss_compat-2.19.so
7fb3b879c000-7fb3b87c7000 r-xp 00000000 08:03 3934215                    /usr/lib/jvm/java-7-openjdk-amd64/jre/lib/amd64/libjava.so
7fb3b87c7000-7fb3b89c6000 ---p 0002b000 08:03 3934215                    /usr/lib/jvm/java-7-openjdk-amd64/jre/lib/amd64/libjava.so
7fb3b89c6000-7fb3b89c7000 r--p 0002a000 08:03 3934215                    /usr/lib/jvm/java-7-openjdk-amd64/jre/lib/amd64/libjava.so
7fb3b89c7000-7fb3b89c9000 rw-p 0002b000 08:03 3934215                    /usr/lib/jvm/java-7-openjdk-amd64/jre/lib/amd64/libjava.so
7fb3b89c9000-7fb3b89d8000 r-xp 00000000 08:03 3934216                    /usr/lib/jvm/java-7-openjdk-amd64/jre/lib/amd64/libverify.so
7fb3b89d8000-7fb3b8bd7000 ---p 0000f000 08:03 3934216                    /usr/lib/jvm/java-7-openjdk-amd64/jre/lib/amd64/libverify.so
7fb3b8bd7000-7fb3b8bd9000 r--p 0000e000 08:03 3934216                    /usr/lib/jvm/java-7-openjdk-amd64/jre/lib/amd64/libverify.so
7fb3b8bd9000-7fb3b8bda000 rw-p 00010000 08:03 3934216                    /usr/lib/jvm/java-7-openjdk-amd64/jre/lib/amd64/libverify.so
7fb3b8bda000-7fb3b8be1000 r-xp 00000000 08:03 12192213                   /lib/x86_64-linux-gnu/librt-2.19.so
7fb3b8be1000-7fb3b8de0000 ---p 00007000 08:03 12192213                   /lib/x86_64-linux-gnu/librt-2.19.so
7fb3b8de0000-7fb3b8de1000 r--p 00006000 08:03 12192213                   /lib/x86_64-linux-gnu/librt-2.19.so
7fb3b8de1000-7fb3b8de2000 rw-p 00007000 08:03 12192213                   /lib/x86_64-linux-gnu/librt-2.19.so
7fb3b8de2000-7fb3b8df7000 r-xp 00000000 08:03 12190593                   /lib/x86_64-linux-gnu/libgcc_s.so.1
7fb3b8df7000-7fb3b8ff7000 ---p 00015000 08:03 12190593                   /lib/x86_64-linux-gnu/libgcc_s.so.1
7fb3b8ff7000-7fb3b8ff8000 rw-p 00015000 08:03 12190593                   /lib/x86_64-linux-gnu/libgcc_s.so.1
7fb3b8ff8000-7fb3b90f8000 r-xp 00000000 08:03 12192221                   /lib/x86_64-linux-gnu/libm-2.19.so
7fb3b90f8000-7fb3b92f7000 ---p 00100000 08:03 12192221                   /lib/x86_64-linux-gnu/libm-2.19.so
7fb3b92f7000-7fb3b92f8000 r--p 000ff000 08:03 12192221                   /lib/x86_64-linux-gnu/libm-2.19.so
7fb3b92f8000-7fb3b92f9000 rw-p 00100000 08:03 12192221                   /lib/x86_64-linux-gnu/libm-2.19.so
7fb3b92f9000-7fb3b93e1000 r-xp 00000000 08:03 4200440                    /usr/lib/x86_64-linux-gnu/libstdc++.so.6.0.17
7fb3b93e1000-7fb3b95e1000 ---p 000e8000 08:03 4200440                    /usr/lib/x86_64-linux-gnu/libstdc++.so.6.0.17
7fb3b95e1000-7fb3b95e9000 r--p 000e8000 08:03 4200440                    /usr/lib/x86_64-linux-gnu/libstdc++.so.6.0.17
7fb3b95e9000-7fb3b95eb000 rw-p 000f0000 08:03 4200440                    /usr/lib/x86_64-linux-gnu/libstdc++.so.6.0.17
7fb3b95eb000-7fb3b9600000 rw-p 00000000 00:00 0 
7fb3b9600000-7fb3ba0c9000 r-xp 00000000 08:03 3934204                    /usr/lib/jvm/java-7-openjdk-amd64/jre/lib/amd64/server/libjvm.so
7fb3ba0c9000-7fb3ba2c9000 ---p 00ac9000 08:03 3934204                    /usr/lib/jvm/java-7-openjdk-amd64/jre/lib/amd64/server/libjvm.so
7fb3ba2c9000-7fb3ba361000 r--p 00ac9000 08:03 3934204                    /usr/lib/jvm/java-7-openjdk-amd64/jre/lib/amd64/server/libjvm.so
7fb3ba361000-7fb3ba384000 rw-p 00b61000 08:03 3934204                    /usr/lib/jvm/java-7-openjdk-amd64/jre/lib/amd64/server/libjvm.so
7fb3ba384000-7fb3ba3b1000 rw-p 00000000 00:00 0 
7fb3ba3b1000-7fb3ba3c8000 r-xp 00000000 08:03 12192203                   /lib/x86_64-linux-gnu/libz.so.1.2.8
7fb3ba3c8000-7fb3ba5c7000 ---p 00017000 08:03 12192203                   /lib/x86_64-linux-gnu/libz.so.1.2.8
7fb3ba5c7000-7fb3ba5c8000 r--p 00016000 08:03 12192203                   /lib/x86_64-linux-gnu/libz.so.1.2.8
7fb3ba5c8000-7fb3ba5c9000 rw-p 00017000 08:03 12192203                   /lib/x86_64-linux-gnu/libz.so.1.2.8
7fb3ba5c9000-7fb3ba768000 r-xp 00000000 08:03 12192214                   /lib/x86_64-linux-gnu/libc-2.19.so
7fb3ba768000-7fb3ba968000 ---p 0019f000 08:03 12192214                   /lib/x86_64-linux-gnu/libc-2.19.so
7fb3ba968000-7fb3ba96c000 r--p 0019f000 08:03 12192214                   /lib/x86_64-linux-gnu/libc-2.19.so
7fb3ba96c000-7fb3ba96e000 rw-p 001a3000 08:03 12192214                   /lib/x86_64-linux-gnu/libc-2.19.so
7fb3ba96e000-7fb3ba972000 rw-p 00000000 00:00 0 
7fb3ba972000-7fb3ba975000 r-xp 00000000 08:03 12192219                   /lib/x86_64-linux-gnu/libdl-2.19.so
7fb3ba975000-7fb3bab74000 ---p 00003000 08:03 12192219                   /lib/x86_64-linux-gnu/libdl-2.19.so
7fb3bab74000-7fb3bab75000 r--p 00002000 08:03 12192219                   /lib/x86_64-linux-gnu/libdl-2.19.so
7fb3bab75000-7fb3bab76000 rw-p 00003000 08:03 12192219                   /lib/x86_64-linux-gnu/libdl-2.19.so
7fb3bab76000-7fb3bab83000 r-xp 00000000 08:03 3934207                    /usr/lib/jvm/java-7-openjdk-amd64/jre/lib/amd64/jli/libjli.so
7fb3bab83000-7fb3bad82000 ---p 0000d000 08:03 3934207                    /usr/lib/jvm/java-7-openjdk-amd64/jre/lib/amd64/jli/libjli.so
7fb3bad82000-7fb3bad83000 r--p 0000c000 08:03 3934207                    /usr/lib/jvm/java-7-openjdk-amd64/jre/lib/amd64/jli/libjli.so
7fb3bad83000-7fb3bad84000 rw-p 0000d000 08:03 3934207                    /usr/lib/jvm/java-7-openjdk-amd64/jre/lib/amd64/jli/libjli.so
7fb3bad84000-7fb3bad9c000 r-xp 00000000 08:03 12192218                   /lib/x86_64-linux-gnu/libpthread-2.19.so
7fb3bad9c000-7fb3baf9b000 ---p 00018000 08:03 12192218                   /lib/x86_64-linux-gnu/libpthread-2.19.so
7fb3baf9b000-7fb3baf9c000 r--p 00017000 08:03 12192218                   /lib/x86_64-linux-gnu/libpthread-2.19.so
7fb3baf9c000-7fb3baf9d000 rw-p 00018000 08:03 12192218                   /lib/x86_64-linux-gnu/libpthread-2.19.so
7fb3baf9d000-7fb3bafa1000 rw-p 00000000 00:00 0 
7fb3bafa1000-7fb3bafc1000 r-xp 00000000 08:03 12192217                   /lib/x86_64-linux-gnu/ld-2.19.so
7fb3bafc9000-7fb3bafca000 rw-s 00005000 00:05 7289                       /dev/ati/card0
7fb3bafca000-7fb3bafcc000 rw-s 00002000 00:05 7289                       /dev/ati/card0
7fb3bafcc000-7fb3bafd3000 r--s 00000000 08:03 4206154                    /usr/lib/x86_64-linux-gnu/gconv/gconv-modules.cache
7fb3bafd3000-7fb3bafd8000 r--s 0004c000 08:03 3934152                    /usr/lib/jvm/java-7-openjdk-amd64/jre/lib/jsse.jar
7fb3bafd8000-7fb3bafe2000 rw-p 00000000 00:00 0 
7fb3bafe2000-7fb3bb098000 rw-p 00000000 00:00 0 
7fb3bb098000-7fb3bb09b000 ---p 00000000 00:00 0 
7fb3bb09b000-7fb3bb1b5000 rw-p 00000000 00:00 0 
7fb3bb1b5000-7fb3bb1bd000 rw-s 00000000 08:03 10490851                   /tmp/hsperfdata_chobe/1903 (deleted)
7fb3bb1bd000-7fb3bb1be000 rw-p 00000000 00:00 0 
7fb3bb1be000-7fb3bb1bf000 ---p 00000000 00:00 0 
7fb3bb1bf000-7fb3bb1c1000 rw-p 00000000 00:00 0 
7fb3bb1c1000-7fb3bb1c2000 r--p 00020000 08:03 12192217                   /lib/x86_64-linux-gnu/ld-2.19.so
7fb3bb1c2000-7fb3bb1c3000 rw-p 00021000 08:03 12192217                   /lib/x86_64-linux-gnu/ld-2.19.so
7fb3bb1c3000-7fb3bb1c4000 rw-p 00000000 00:00 0 
7fffd077a000-7fffd079c000 rw-p 00000000 00:00 0                          [stack]
7fffd07ff000-7fffd0800000 r-xp 00000000 00:00 0                          [vdso]
ffffffffff600000-ffffffffff601000 r-xp 00000000 00:00 0                  [vsyscall]

VM Arguments:
jvm_args: -Dfile.encoding=UTF-8 
java_command: com.mygdx.sheep.desktop.DesktopLauncher
Launcher Type: SUN_STANDARD

Environment Variables:
PATH=/usr/local/bin:/usr/bin:/bin:/usr/local/games:/usr/games:/home/chobe/.local/bin:/home/chobe/sdks/adt-bundle-linux-x86_64-20140321/sdk//platform-tools/adb:/home/chobe/sdks/adt-bundle-linux-x86_64-20140321/sdk//platform-tools/
USERNAME=chobe
SHELL=/bin/bash
DISPLAY=:0

Signal Handlers:
SIGSEGV: [libjvm.so+0x8f9750], sa_mask[0]=0x7ffbfeff, sa_flags=0x10000004
SIGBUS: [libjvm.so+0x8f9750], sa_mask[0]=0x7ffbfeff, sa_flags=0x10000004
SIGFPE: [libjvm.so+0x7827c0], sa_mask[0]=0x7ffbfeff, sa_flags=0x10000004
SIGPIPE: [libjvm.so+0x7827c0], sa_mask[0]=0x7ffbfeff, sa_flags=0x10000004
SIGXFSZ: [libjvm.so+0x7827c0], sa_mask[0]=0x7ffbfeff, sa_flags=0x10000004
SIGILL: [libjvm.so+0x7827c0], sa_mask[0]=0x7ffbfeff, sa_flags=0x10000004
SIGUSR1: SIG_DFL, sa_mask[0]=0x00000000, sa_flags=0x00000000
SIGUSR2: [libjvm.so+0x782ab0], sa_mask[0]=0x00000004, sa_flags=0x10000004
SIGHUP: [libjvm.so+0x782c20], sa_mask[0]=0x7ffbfeff, sa_flags=0x10000004
SIGINT: [libjvm.so+0x782c20], sa_mask[0]=0x7ffbfeff, sa_flags=0x10000004
SIGTERM: [libjvm.so+0x782c20], sa_mask[0]=0x7ffbfeff, sa_flags=0x10000004
SIGQUIT: [libjvm.so+0x782c20], sa_mask[0]=0x7ffbfeff, sa_flags=0x10000004


---------------  S Y S T E M  ---------------

OS:7.5

uname:Linux 3.2.0-4-amd64 #1 SMP Debian 3.2.57-3+deb7u1 x86_64
libc:glibc 2.19 NPTL 2.19 
rlimit: STACK 8192k, CORE 0k, NPROC 31105, NOFILE 4096, AS infinity
load average:1.15 0.62 0.59

/proc/meminfo:
MemTotal:        3993672 kB
MemFree:         1480420 kB
Buffers:           83116 kB
Cached:          1071248 kB
SwapCached:       150124 kB
Active:          1460620 kB
Inactive:         760964 kB
Active(anon):     919184 kB
Inactive(anon):   181008 kB
Active(file):     541436 kB
Inactive(file):   579956 kB
Unevictable:           0 kB
Mlocked:               0 kB
SwapTotal:       4120572 kB
SwapFree:        3606960 kB
Dirty:               256 kB
Writeback:             0 kB
AnonPages:       1052236 kB
Mapped:           190992 kB
Shmem:             32972 kB
Slab:              96936 kB
SReclaimable:      67812 kB
SUnreclaim:        29124 kB
KernelStack:        3712 kB
PageTables:        27108 kB
NFS_Unstable:          0 kB
Bounce:                0 kB
WritebackTmp:          0 kB
CommitLimit:     6117408 kB
Committed_AS:    3321288 kB
VmallocTotal:   34359738367 kB
VmallocUsed:      170472 kB
VmallocChunk:   34359561712 kB
HardwareCorrupted:     0 kB
AnonHugePages:         0 kB
HugePages_Total:       0
HugePages_Free:        0
HugePages_Rsvd:        0
HugePages_Surp:        0
Hugepagesize:       2048 kB
DirectMap4k:      973824 kB
DirectMap2M:     3153920 kB


CPU:total 4 (4 cores per cpu, 1 threads per core) family 6 model 15 stepping 11, cmov, cx8, fxsr, mmx, sse, sse2, sse3, ssse3, tsc

/proc/cpuinfo:
processor	: 0
vendor_id	: GenuineIntel
cpu family	: 6
model		: 15
model name	: Intel(R) Core(TM)2 Quad CPU    Q6600  @ 2.40GHz
stepping	: 11
cpu MHz		: 2394.000
cache size	: 4096 KB
physical id	: 0
siblings	: 4
core id		: 0
cpu cores	: 4
apicid		: 0
initial apicid	: 0
fpu		: yes
fpu_exception	: yes
cpuid level	: 10
wp		: yes
flags		: fpu vme de pse tsc msr pae mce cx8 apic sep mtrr pge mca cmov pat pse36 clflush dts acpi mmx fxsr sse sse2 ss ht tm pbe syscall nx lm constant_tsc arch_perfmon pebs bts rep_good nopl aperfmperf pni dtes64 monitor ds_cpl vmx est tm2 ssse3 cx16 xtpr pdcm lahf_lm dtherm tpr_shadow vnmi flexpriority
bogomips	: 4795.82
clflush size	: 64
cache_alignment	: 64
address sizes	: 36 bits physical, 48 bits virtual
power management:

processor	: 1
vendor_id	: GenuineIntel
cpu family	: 6
model		: 15
model name	: Intel(R) Core(TM)2 Quad CPU    Q6600  @ 2.40GHz
stepping	: 11
cpu MHz		: 1596.000
cache size	: 4096 KB
physical id	: 0
siblings	: 4
core id		: 2
cpu cores	: 4
apicid		: 2
initial apicid	: 2
fpu		: yes
fpu_exception	: yes
cpuid level	: 10
wp		: yes
flags		: fpu vme de pse tsc msr pae mce cx8 apic sep mtrr pge mca cmov pat pse36 clflush dts acpi mmx fxsr sse sse2 ss ht tm pbe syscall nx lm constant_tsc arch_perfmon pebs bts rep_good nopl aperfmperf pni dtes64 monitor ds_cpl vmx est tm2 ssse3 cx16 xtpr pdcm lahf_lm dtherm tpr_shadow vnmi flexpriority
bogomips	: 4795.58
clflush size	: 64
cache_alignment	: 64
address sizes	: 36 bits physical, 48 bits virtual
power management:

processor	: 2
vendor_id	: GenuineIntel
cpu family	: 6
model		: 15
model name	: Intel(R) Core(TM)2 Quad CPU    Q6600  @ 2.40GHz
stepping	: 11
cpu MHz		: 2394.000
cache size	: 4096 KB
physical id	: 0
siblings	: 4
core id		: 1
cpu cores	: 4
apicid		: 1
initial apicid	: 1
fpu		: yes
fpu_exception	: yes
cpuid level	: 10
wp		: yes
flags		: fpu vme de pse tsc msr pae mce cx8 apic sep mtrr pge mca cmov pat pse36 clflush dts acpi mmx fxsr sse sse2 ss ht tm pbe syscall nx lm constant_tsc arch_perfmon pebs bts rep_good nopl aperfmperf pni dtes64 monitor ds_cpl vmx est tm2 ssse3 cx16 xtpr pdcm lahf_lm dtherm tpr_shadow vnmi flexpriority
bogomips	: 4795.56
clflush size	: 64
cache_alignment	: 64
address sizes	: 36 bits physical, 48 bits virtual
power management:

processor	: 3
vendor_id	: GenuineIntel
cpu family	: 6
model		: 15
model name	: Intel(R) Core(TM)2 Quad CPU    Q6600  @ 2.40GHz
stepping	: 11
cpu MHz		: 1596.000
cache size	: 4096 KB
physical id	: 0
siblings	: 4
core id		: 3
cpu cores	: 4
apicid		: 3
initial apicid	: 3
fpu		: yes
fpu_exception	: yes
cpuid level	: 10
wp		: yes
flags		: fpu vme de pse tsc msr pae mce cx8 apic sep mtrr pge mca cmov pat pse36 clflush dts acpi mmx fxsr sse sse2 ss ht tm pbe syscall nx lm constant_tsc arch_perfmon pebs bts rep_good nopl aperfmperf pni dtes64 monitor ds_cpl vmx est tm2 ssse3 cx16 xtpr pdcm lahf_lm dtherm tpr_shadow vnmi flexpriority
bogomips	: 4795.57
clflush size	: 64
cache_alignment	: 64
address sizes	: 36 bits physical, 48 bits virtual
power management:



Memory: 4k page, physical 3993672k(1480420k free), swap 4120572k(3606960k free)

vm_info: OpenJDK 64-Bit Server VM (24.51-b03) for linux-amd64 JRE (1.7.0_55-b14), built on May  2 2014 11:33:06 by "buildd" with gcc 4.7.2

time: Sun Jul  6 17:50:58 2014
elapsed time: 45 seconds

