#
# A fatal error has been detected by the Java Runtime Environment:
#
#  SIGSEGV (0xb) at pc=0x00007fb4049fde38, pid=29018, tid=140411276687104
#
# JRE version: OpenJDK Runtime Environment (7.0_55-b14) (build 1.7.0_55-b14)
# Java VM: OpenJDK 64-Bit Server VM (24.51-b03 mixed mode linux-amd64 compressed oops)
# Problematic frame:
# C  [libX11.so.6+0x3ae38]  XQueryExtension+0x28
#
# Failed to write core dump. Core dumps have been disabled. To enable core dumping, try "ulimit -c unlimited" before starting Java again
#
# If you would like to submit a bug report, please include
# instructions on how to reproduce the bug and visit:
#   http://icedtea.classpath.org/bugzilla
#

---------------  T H R E A D  ---------------

Current thread (0x00007fb410076800):  VMThread [stack: 0x00007fb40c34f000,0x00007fb40c450000] [id=29028]

siginfo:si_signo=SIGSEGV: si_errno=0, si_code=1 (SEGV_MAPERR), si_addr=0xffffffffb800f168

Registers:
RAX=0x00007fb3e8000b10, RBX=0xffffffffb800e800, RCX=0x00007fb40c44e6d8, RDX=0x00007fb40c44e6d4
RSP=0x00007fb40c44e670, RBP=0x00007fb3c18cd600, RSI=0x00007fb3c1794992, RDI=0xffffffffb800e800
R8 =0x00007fb40c44e6dc, R9 =0x0000000000000000, R10=0x00007fb3c18cd3c0, R11=0x00007fb417a321c0
R12=0x00007fb3c1794992, R13=0x00007fb3e8000b10, R14=0x00007fb40c44eae0, R15=0x00007fb3b8027d60
RIP=0x00007fb4049fde38, EFLAGS=0x0000000000010202, CSGSFS=0x0000000000000033, ERR=0x0000000000000005
  TRAPNO=0x000000000000000e

Top of Stack: (sp=0x00007fb40c44e670)
0x00007fb40c44e670:   0000000000000000 0000000000000000
0x00007fb40c44e680:   000000770000006e 0000000000000000
0x00007fb40c44e690:   000100010000007c ffffffffb800e800
0x00007fb40c44e6a0:   00007fb3c18cd600 00007fb3c1794992
0x00007fb40c44e6b0:   00007fb3e8000b10 00007fb40c44eae0
0x00007fb40c44e6c0:   00007fb3b8027d60 00007fb4049f1e72
0x00007fb40c44e6d0:   00007fb3b8027d60 00007fb417a76220
0x00007fb40c44e6e0:   0000000000000000 00007fb3c18cd600
0x00007fb40c44e6f0:   ffffffffb800e800 00007fb404d0b71d
0x00007fb40c44e700:   00007fb3c1794992 0000001100000000
0x00007fb40c44e710:   00007fb400000005 0000000000000000
0x00007fb40c44e720:   00007fb40c44e790 ffffffffb800e800
0x00007fb40c44e730:   00007fb40c44e9d8 00007fb40c44eae0
0x00007fb40c44e740:   00007fb3c18e6e50 00007fb3c173d3d9
0x00007fb40c44e750:   00000000ffffffff 00007fb3b8018f60
0x00007fb40c44e760:   00007fb40c44e790 00007fb3c640f9e0
0x00007fb40c44e770:   00007fb40c44e9d8 00007fb40c44eae0
0x00007fb40c44e780:   0000000000000000 00007fb3c1731ae2
0x00007fb40c44e790:   00007fb40c44eb50 00007fb3c1794911
0x00007fb40c44e7a0:   00007fb40c44eb50 00007fb4183e1058
0x00007fb40c44e7b0:   00007fb4185f41a8 00007fb4185f4740
0x00007fb40c44e7c0:   00007fb4185ce000 00007fb4100094f0
0x00007fb40c44e7d0:   00007fb41000a020 00007fb41000a530
0x00007fb40c44e7e0:   00007fb410017440 00007fb4101b34c0
0x00007fb40c44e7f0:   00007fb4102ba6d0 00007fb4102b6590
0x00007fb40c44e800:   00007fb4101ec090 00007fb4101f9fb0
0x00007fb40c44e810:   00007fb4102013d0 00007fb410200ea0
0x00007fb40c44e820:   00007fb410200970 00007fb410204cc0
0x00007fb40c44e830:   00007fb4102047a0 00007fb410205a70
0x00007fb40c44e840:   00007fb410204290 00007fb410200440
0x00007fb40c44e850:   00007fb410202860 00007fb4102032a0
0x00007fb40c44e860:   00007fb410202d80 00007fb4102037c0 

Instructions: (pc=0x00007fb4049fde38)
0x00007fb4049fde18:   24 e0 48 89 fb 4c 89 6c 24 e8 4c 89 74 24 f0 49
0x00007fb4049fde28:   89 f4 4c 89 7c 24 f8 48 89 6c 24 d8 48 83 ec 58
0x00007fb4049fde38:   48 8b 87 68 09 00 00 49 89 d7 49 89 ce 4d 89 c5
0x00007fb4049fde48:   48 85 c0 74 02 ff 10 ba 08 00 00 00 be 62 00 00 

Register to memory mapping:

RAX=0x00007fb3e8000b10 is an unknown value
RBX=0xffffffffb800e800 is an unknown value
RCX=0x00007fb40c44e6d8 is an unknown value
RDX=0x00007fb40c44e6d4 is an unknown value
RSP=0x00007fb40c44e670 is an unknown value
RBP=0x00007fb3c18cd600: <offset 0x1cf600> in /usr/lib/x86_64-linux-gnu/libGL.so.1 at 0x00007fb3c16fe000
RSI=0x00007fb3c1794992: <offset 0x96992> in /usr/lib/x86_64-linux-gnu/libGL.so.1 at 0x00007fb3c16fe000
RDI=0xffffffffb800e800 is an unknown value
R8 =0x00007fb40c44e6dc is an unknown value
R9 =0x0000000000000000 is an unknown value
R10=0x00007fb3c18cd3c0: <offset 0x1cf3c0> in /usr/lib/x86_64-linux-gnu/libGL.so.1 at 0x00007fb3c16fe000
R11=0x00007fb417a321c0: __cxa_finalize+0 in /lib/x86_64-linux-gnu/libc.so.6 at 0x00007fb4179fa000
R12=0x00007fb3c1794992: <offset 0x96992> in /usr/lib/x86_64-linux-gnu/libGL.so.1 at 0x00007fb3c16fe000
R13=0x00007fb3e8000b10 is an unknown value
R14=0x00007fb40c44eae0 is an unknown value
R15=0x00007fb3b8027d60 is an unknown value


Stack: [0x00007fb40c34f000,0x00007fb40c450000],  sp=0x00007fb40c44e670,  free space=1021k
Native frames: (J=compiled Java code, j=interpreted, Vv=VM code, C=native code)
C  [libX11.so.6+0x3ae38]  XQueryExtension+0x28

VM_Operation (0x00007fb3c1a066c0): Exit, mode: safepoint, requested by thread 0x00007fb410358000


---------------  P R O C E S S  ---------------

Java Threads: ( => current thread )
  0x00007fb392ff9000 JavaThread "pool-1-thread-3" [_thread_blocked, id=29050, stack(0x00007fb3b0d64000,0x00007fb3b0e65000)]
  0x00007fb392e65800 JavaThread "pool-1-thread-2" [_thread_blocked, id=29049, stack(0x00007fb3b0e65000,0x00007fb3b0f66000)]
  0x00007fb3924ec000 JavaThread "pool-1-thread-1" [_thread_blocked, id=29048, stack(0x00007fb3c0028000,0x00007fb3c0129000)]
  0x00007fb3b956d000 JavaThread "AsynchExecutor-Thread" daemon [_thread_blocked, id=29047, stack(0x00007fb3c0429000,0x00007fb3c052a000)]
  0x00007fb3b8018800 JavaThread "process reaper" daemon [_thread_blocked, id=29043, stack(0x00007fb414043000,0x00007fb41407c000)]
  0x00007fb41000b000 JavaThread "DestroyJavaVM" [_thread_blocked, id=29023, stack(0x00007fb4184c9000,0x00007fb4185ca000)]
  0x00007fb410358000 JavaThread "LWJGL Application" [_thread_blocked, id=29041, stack(0x00007fb3c1907000,0x00007fb3c1a08000)]
  0x00007fb4102b5000 JavaThread "AWT-XAWT" daemon [_thread_blocked, id=29037, stack(0x00007fb3f5161000,0x00007fb3f5262000)]
  0x00007fb410295000 JavaThread "Java2D Disposer" daemon [_thread_blocked, id=29036, stack(0x00007fb3fc00e000,0x00007fb3fc10f000)]
  0x00007fb4100a7000 JavaThread "Service Thread" daemon [_thread_blocked, id=29034, stack(0x00007fb4057c4000,0x00007fb4058c5000)]
  0x00007fb4100a5000 JavaThread "C2 CompilerThread1" daemon [_thread_blocked, id=29033, stack(0x00007fb4058c5000,0x00007fb4059c6000)]
  0x00007fb4100a2000 JavaThread "C2 CompilerThread0" daemon [_thread_blocked, id=29032, stack(0x00007fb40c04c000,0x00007fb40c14d000)]
  0x00007fb41009f800 JavaThread "Signal Dispatcher" daemon [_thread_blocked, id=29031, stack(0x00007fb4059c6000,0x00007fb405ac7000)]
  0x00007fb41007c800 JavaThread "Finalizer" daemon [_thread_blocked, id=29030, stack(0x00007fb40c14d000,0x00007fb40c24e000)]
  0x00007fb41007a800 JavaThread "Reference Handler" daemon [_thread_blocked, id=29029, stack(0x00007fb40c24e000,0x00007fb40c34f000)]

Other Threads:
=>0x00007fb410076800 VMThread [stack: 0x00007fb40c34f000,0x00007fb40c450000] [id=29028]

VM state:at safepoint (shutting down)

VM Mutex/Monitor currently owned by a thread:  ([mutex/lock_event])
[0x00007fb4100077a0] Threads_lock - owner thread: 0x00007fb410076800

Heap
 PSYoungGen      total 18432K, used 10533K [0x00000000eba80000, 0x00000000ecf00000, 0x0000000100000000)
  eden space 15872K, 50% used [0x00000000eba80000,0x00000000ec250de8,0x00000000eca00000)
  from space 2560K, 98% used [0x00000000ecc80000,0x00000000ecef8920,0x00000000ecf00000)
  to   space 2560K, 0% used [0x00000000eca00000,0x00000000eca00000,0x00000000ecc80000)
 ParOldGen       total 41472K, used 5873K [0x00000000c3000000, 0x00000000c5880000, 0x00000000eba80000)
  object space 41472K, 14% used [0x00000000c3000000,0x00000000c35bc538,0x00000000c5880000)
 PSPermGen       total 21504K, used 13146K [0x00000000b8a00000, 0x00000000b9f00000, 0x00000000c3000000)
  object space 21504K, 61% used [0x00000000b8a00000,0x00000000b96d6a20,0x00000000b9f00000)

Card table byte_map: [0x00007fb414f51000,0x00007fb41518d000] byte_map_base: 0x00007fb41498c000

Polling page: 0x00007fb4185ef000

Code Cache  [0x00007fb40d000000, 0x00007fb40d270000, 0x00007fb410000000)
 total_blobs=747 nmethods=199 adapters=502 free_code_cache=48218Kb largest_free_block=49350784

Compilation events (10 events):
Event: 23.397 Thread 0x00007fb4100a5000  196             com.badlogic.gdx.graphics.glutils.ShaderProgram::disableVertexAttribute (33 bytes)
Event: 23.397 Thread 0x00007fb4100a2000  197             com.badlogic.gdx.graphics.glutils.ShaderProgram::fetchAttributeLocation (49 bytes)
Event: 23.399 Thread 0x00007fb4100a2000 nmethod 197 0x00007fb40d0eb310 code [0x00007fb40d0eb480, 0x00007fb40d0eb5f8]
Event: 23.399 Thread 0x00007fb4100a2000  198             com.badlogic.gdx.backends.lwjgl.LwjglGL20::glDisableVertexAttribArray (5 bytes)
Event: 23.401 Thread 0x00007fb4100a2000 nmethod 198 0x00007fb40d0eaf10 code [0x00007fb40d0eb060, 0x00007fb40d0eb168]
Event: 23.401 Thread 0x00007fb4100a2000  199             org.lwjgl.opengl.GL20::glDisableVertexAttribArray (19 bytes)
Event: 23.402 Thread 0x00007fb4100a5000 nmethod 196 0x00007fb40d0a4790 code [0x00007fb40d0a4940, 0x00007fb40d0a4c70]
Event: 23.403 Thread 0x00007fb4100a2000 nmethod 199 0x00007fb40d0a4350 code [0x00007fb40d0a44a0, 0x00007fb40d0a4588]
Event: 23.646 Thread 0x00007fb4100a5000  200             java.util.concurrent.locks.ReentrantLock$NonfairSync::lock (25 bytes)
Event: 23.647 Thread 0x00007fb4100a5000 nmethod 200 0x00007fb40d0ef390 code [0x00007fb40d0ef500, 0x00007fb40d0ef610]

GC Heap History (4 events):
Event: 1.677 GC heap before
{Heap before GC invocations=1 (full 0):
 PSYoungGen      total 18432K, used 15872K [0x00000000eba80000, 0x00000000ecf00000, 0x0000000100000000)
  eden space 15872K, 100% used [0x00000000eba80000,0x00000000eca00000,0x00000000eca00000)
  from space 2560K, 0% used [0x00000000ecc80000,0x00000000ecc80000,0x00000000ecf00000)
  to   space 2560K, 0% used [0x00000000eca00000,0x00000000eca00000,0x00000000ecc80000)
 ParOldGen       total 41472K, used 0K [0x00000000c3000000, 0x00000000c5880000, 0x00000000eba80000)
  object space 41472K, 0% used [0x00000000c3000000,0x00000000c3000000,0x00000000c5880000)
 PSPermGen       total 21504K, used 9254K [0x00000000b8a00000, 0x00000000b9f00000, 0x00000000c3000000)
  object space 21504K, 43% used [0x00000000b8a00000,0x00000000b9309990,0x00000000b9f00000)
Event: 1.687 GC heap after
Heap after GC invocations=1 (full 0):
 PSYoungGen      total 18432K, used 2558K [0x00000000eba80000, 0x00000000ecf00000, 0x0000000100000000)
  eden space 15872K, 0% used [0x00000000eba80000,0x00000000eba80000,0x00000000eca00000)
  from space 2560K, 99% used [0x00000000eca00000,0x00000000ecc7fa20,0x00000000ecc80000)
  to   space 2560K, 0% used [0x00000000ecc80000,0x00000000ecc80000,0x00000000ecf00000)
 ParOldGen       total 41472K, used 2403K [0x00000000c3000000, 0x00000000c5880000, 0x00000000eba80000)
  object space 41472K, 5% used [0x00000000c3000000,0x00000000c3258f38,0x00000000c5880000)
 PSPermGen       total 21504K, used 9254K [0x00000000b8a00000, 0x00000000b9f00000, 0x00000000c3000000)
  object space 21504K, 43% used [0x00000000b8a00000,0x00000000b9309990,0x00000000b9f00000)
}
Event: 7.382 GC heap before
{Heap before GC invocations=2 (full 0):
 PSYoungGen      total 18432K, used 18430K [0x00000000eba80000, 0x00000000ecf00000, 0x0000000100000000)
  eden space 15872K, 100% used [0x00000000eba80000,0x00000000eca00000,0x00000000eca00000)
  from space 2560K, 99% used [0x00000000eca00000,0x00000000ecc7fa20,0x00000000ecc80000)
  to   space 2560K, 0% used [0x00000000ecc80000,0x00000000ecc80000,0x00000000ecf00000)
 ParOldGen       total 41472K, used 2403K [0x00000000c3000000, 0x00000000c5880000, 0x00000000eba80000)
  object space 41472K, 5% used [0x00000000c3000000,0x00000000c3258f38,0x00000000c5880000)
 PSPermGen       total 21504K, used 13050K [0x00000000b8a00000, 0x00000000b9f00000, 0x00000000c3000000)
  object space 21504K, 60% used [0x00000000b8a00000,0x00000000b96bebf0,0x00000000b9f00000)
Event: 7.395 GC heap after
Heap after GC invocations=2 (full 0):
 PSYoungGen      total 18432K, used 2530K [0x00000000eba80000, 0x00000000ecf00000, 0x0000000100000000)
  eden space 15872K, 0% used [0x00000000eba80000,0x00000000eba80000,0x00000000eca00000)
  from space 2560K, 98% used [0x00000000ecc80000,0x00000000ecef8920,0x00000000ecf00000)
  to   space 2560K, 0% used [0x00000000eca00000,0x00000000eca00000,0x00000000ecc80000)
 ParOldGen       total 41472K, used 5873K [0x00000000c3000000, 0x00000000c5880000, 0x00000000eba80000)
  object space 41472K, 14% used [0x00000000c3000000,0x00000000c35bc538,0x00000000c5880000)
 PSPermGen       total 21504K, used 13050K [0x00000000b8a00000, 0x00000000b9f00000, 0x00000000c3000000)
  object space 21504K, 60% used [0x00000000b8a00000,0x00000000b96bebf0,0x00000000b9f00000)
}

Deoptimization events (5 events):
Event: 0.215 Thread 0x00007fb41000b000 Uncommon trap: reason=class_check action=maybe_recompile pc=0x00007fb40d065288 method=java.util.Properties$LineReader.readLine()I @ 62
Event: 5.444 Thread 0x00007fb3924ec000 Uncommon trap: reason=unreached action=reinterpret pc=0x00007fb40d0a4ab4 method=java.lang.Integer.parseInt(Ljava/lang/String;I)I @ 1
Event: 5.725 Thread 0x00007fb392ff9000 Uncommon trap: reason=class_check action=maybe_recompile pc=0x00007fb40d065288 method=java.util.Properties$LineReader.readLine()I @ 62
Event: 5.725 Thread 0x00007fb392ff9000 Uncommon trap: reason=class_check action=maybe_recompile pc=0x00007fb40d065288 method=java.util.Properties$LineReader.readLine()I @ 62
Event: 5.728 Thread 0x00007fb392ff9000 Uncommon trap: reason=class_check action=maybe_recompile pc=0x00007fb40d065288 method=java.util.Properties$LineReader.readLine()I @ 62

Internal exceptions (10 events):
Event: 6.080 Thread 0x00007fb410358000 Threw 0x00000000ec7e60f8 at /build/openjdk-7-kBcQ8a/openjdk-7-7u55-2.4.7/build/openjdk/hotspot/src/share/vm/prims/jvm.cpp:1244
Event: 6.081 Thread 0x00007fb410358000 Threw 0x00000000ec7ea588 at /build/openjdk-7-kBcQ8a/openjdk-7-7u55-2.4.7/build/openjdk/hotspot/src/share/vm/prims/jvm.cpp:1244
Event: 6.082 Thread 0x00007fb410358000 Threw 0x00000000ec7ef650 at /build/openjdk-7-kBcQ8a/openjdk-7-7u55-2.4.7/build/openjdk/hotspot/src/share/vm/prims/jvm.cpp:1244
Event: 6.082 Thread 0x00007fb410358000 Threw 0x00000000ec7f4fc0 at /build/openjdk-7-kBcQ8a/openjdk-7-7u55-2.4.7/build/openjdk/hotspot/src/share/vm/prims/jvm.cpp:1244
Event: 6.083 Thread 0x00007fb410358000 Threw 0x00000000ec7faa50 at /build/openjdk-7-kBcQ8a/openjdk-7-7u55-2.4.7/build/openjdk/hotspot/src/share/vm/prims/jvm.cpp:1244
Event: 6.380 Thread 0x00007fb410358000 Threw 0x00000000ec950d20 at /build/openjdk-7-kBcQ8a/openjdk-7-7u55-2.4.7/build/openjdk/hotspot/src/share/vm/prims/jvm.cpp:1244
Event: 10.297 Thread 0x00007fb410358000 Threw 0x00000000ebbe8e78 at /build/openjdk-7-kBcQ8a/openjdk-7-7u55-2.4.7/build/openjdk/hotspot/src/share/vm/prims/jvm.cpp:1244
Event: 23.679 Thread 0x00007fb410358000 Threw 0x00000000ec21fe08 at /build/openjdk-7-kBcQ8a/openjdk-7-7u55-2.4.7/build/openjdk/hotspot/src/share/vm/prims/jvm.cpp:1244
Event: 23.688 Thread 0x00007fb410358000 Threw 0x00000000ec224280 at /build/openjdk-7-kBcQ8a/openjdk-7-7u55-2.4.7/build/openjdk/hotspot/src/share/vm/prims/jvm.cpp:1244
Event: 23.693 Thread 0x00007fb410358000 Threw 0x00000000ec229598 at /build/openjdk-7-kBcQ8a/openjdk-7-7u55-2.4.7/build/openjdk/hotspot/src/share/vm/prims/jvm.cpp:1244

Events (10 events):
Event: 23.850 loading class 0x00007fb3dc1468b0 done
Event: 23.850 Thread 0x00007fb3b84ec800 Thread added: 0x00007fb3b84ec800
Event: 23.850 loading class 0x00007fb3dc15c570
Event: 23.851 loading class 0x00007fb3dc17def0
Event: 23.851 loading class 0x00007fb3dc17def0 done
Event: 23.851 loading class 0x00007fb3dc17df20
Event: 23.851 loading class 0x00007fb3dc17df20 done
Event: 23.851 loading class 0x00007fb3dc15c570 done
Event: 23.852 Thread 0x00007fb3b84ec800 Thread exited: 0x00007fb3b84ec800
Event: 23.852 Executing VM operation: Exit


Dynamic libraries:
00400000-00401000 r-xp 00000000 08:03 3934148                            /usr/lib/jvm/java-7-openjdk-amd64/jre/bin/java
00600000-00601000 r--p 00000000 08:03 3934148                            /usr/lib/jvm/java-7-openjdk-amd64/jre/bin/java
00601000-00602000 rw-p 00001000 08:03 3934148                            /usr/lib/jvm/java-7-openjdk-amd64/jre/bin/java
00f62000-01187000 rw-p 00000000 00:00 0                                  [heap]
b8a00000-b9f00000 rw-p 00000000 00:00 0 
b9f00000-c3000000 rw-p 00000000 00:00 0 
c3000000-c5880000 rw-p 00000000 00:00 0 
c5880000-eba80000 rw-p 00000000 00:00 0 
eba80000-ecf00000 rw-p 00000000 00:00 0 
ecf00000-100000000 rw-p 00000000 00:00 0 
7fb380000000-7fb380021000 rw-p 00000000 00:00 0 
7fb380021000-7fb384000000 ---p 00000000 00:00 0 
7fb388000000-7fb388021000 rw-p 00000000 00:00 0 
7fb388021000-7fb38c000000 ---p 00000000 00:00 0 
7fb38c000000-7fb38c041000 rw-p 00000000 00:00 0 
7fb38c041000-7fb390000000 ---p 00000000 00:00 0 
7fb390000000-7fb39379b000 rw-p 00000000 00:00 0 
7fb39379b000-7fb394000000 ---p 00000000 00:00 0 
7fb394000000-7fb394051000 rw-p 00000000 00:00 0 
7fb394051000-7fb398000000 ---p 00000000 00:00 0 
7fb398000000-7fb39bf1b000 rw-p 00000000 00:00 0 
7fb39bf1b000-7fb39c000000 ---p 00000000 00:00 0 
7fb3a0000000-7fb3a00ae000 rw-p 00000000 00:00 0 
7fb3a00ae000-7fb3a4000000 ---p 00000000 00:00 0 
7fb3a4000000-7fb3a47d6000 rw-p 00000000 00:00 0 
7fb3a47d6000-7fb3a8000000 ---p 00000000 00:00 0 
7fb3a8000000-7fb3a80b4000 rw-p 00000000 00:00 0 
7fb3a80b4000-7fb3ac000000 ---p 00000000 00:00 0 
7fb3ac000000-7fb3ac021000 rw-p 00000000 00:00 0 
7fb3ac021000-7fb3b0000000 ---p 00000000 00:00 0 
7fb3b0c63000-7fb3b0c66000 ---p 00000000 00:00 0 
7fb3b0c66000-7fb3b0d64000 rw-p 00000000 00:00 0 
7fb3b0d64000-7fb3b0d67000 ---p 00000000 00:00 0 
7fb3b0d67000-7fb3b0e65000 rw-p 00000000 00:00 0 
7fb3b0e65000-7fb3b0e68000 ---p 00000000 00:00 0 
7fb3b0e68000-7fb3b0f66000 rw-p 00000000 00:00 0 
7fb3b0f66000-7fb3b0f6b000 r-xp 00000000 08:03 12192225                   /lib/x86_64-linux-gnu/libnss_dns-2.19.so
7fb3b0f6b000-7fb3b116a000 ---p 00005000 08:03 12192225                   /lib/x86_64-linux-gnu/libnss_dns-2.19.so
7fb3b116a000-7fb3b116b000 r--p 00004000 08:03 12192225                   /lib/x86_64-linux-gnu/libnss_dns-2.19.so
7fb3b116b000-7fb3b116c000 rw-p 00005000 08:03 12192225                   /lib/x86_64-linux-gnu/libnss_dns-2.19.so
7fb3b116c000-7fb3b116e000 r-xp 00000000 08:03 12058696                   /lib/libnss_mdns4_minimal.so.2
7fb3b116e000-7fb3b136d000 ---p 00002000 08:03 12058696                   /lib/libnss_mdns4_minimal.so.2
7fb3b136d000-7fb3b136e000 rw-p 00001000 08:03 12058696                   /lib/libnss_mdns4_minimal.so.2
7fb3b136e000-7fb3b1385000 r-xp 00000000 08:03 3934214                    /usr/lib/jvm/java-7-openjdk-amd64/jre/lib/amd64/libnet.so
7fb3b1385000-7fb3b1584000 ---p 00017000 08:03 3934214                    /usr/lib/jvm/java-7-openjdk-amd64/jre/lib/amd64/libnet.so
7fb3b1584000-7fb3b1585000 r--p 00016000 08:03 3934214                    /usr/lib/jvm/java-7-openjdk-amd64/jre/lib/amd64/libnet.so
7fb3b1585000-7fb3b1586000 rw-p 00017000 08:03 3934214                    /usr/lib/jvm/java-7-openjdk-amd64/jre/lib/amd64/libnet.so
7fb3b1586000-7fb3b1587000 ---p 00000000 00:00 0 
7fb3b1587000-7fb3b1d87000 rw-p 00000000 00:00 0 
7fb3b1d87000-7fb3b3c7f000 r-xp 00000000 08:03 4201338                    /usr/lib/x86_64-linux-gnu/dri/fglrx_dri.so
7fb3b3c7f000-7fb3b3d7e000 ---p 01ef8000 08:03 4201338                    /usr/lib/x86_64-linux-gnu/dri/fglrx_dri.so
7fb3b3d7e000-7fb3b3edc000 rwxp 01ef7000 08:03 4201338                    /usr/lib/x86_64-linux-gnu/dri/fglrx_dri.so
7fb3b3edc000-7fb3b4000000 rwxp 00000000 00:00 0 
7fb3b4000000-7fb3b4021000 rw-p 00000000 00:00 0 
7fb3b4021000-7fb3b8000000 ---p 00000000 00:00 0 
7fb3b8000000-7fb3bbf08000 rw-p 00000000 00:00 0 
7fb3bbf08000-7fb3bc000000 ---p 00000000 00:00 0 
7fb3bc000000-7fb3bc021000 rw-p 00000000 00:00 0 
7fb3bc021000-7fb3c0000000 ---p 00000000 00:00 0 
7fb3c0028000-7fb3c002b000 ---p 00000000 00:00 0 
7fb3c002b000-7fb3c0129000 rw-p 00000000 00:00 0 
7fb3c0429000-7fb3c042c000 ---p 00000000 00:00 0 
7fb3c042c000-7fb3c052a000 rw-p 00000000 00:00 0 
7fb3c052a000-7fb3c052b000 ---p 00000000 00:00 0 
7fb3c052b000-7fb3c0d2b000 rw-p 00000000 00:00 0 
7fb3c0d9f000-7fb3c149f000 rw-s 00006000 00:05 7289                       /dev/ati/card0
7fb3c149f000-7fb3c14dc000 r-xp 00000000 08:03 4201336                    /usr/lib/x86_64-linux-gnu/libatiadlxx.so
7fb3c14dc000-7fb3c15db000 ---p 0003d000 08:03 4201336                    /usr/lib/x86_64-linux-gnu/libatiadlxx.so
7fb3c15db000-7fb3c15e5000 rw-p 0003c000 08:03 4201336                    /usr/lib/x86_64-linux-gnu/libatiadlxx.so
7fb3c15e5000-7fb3c15f5000 rw-p 00000000 00:00 0 
7fb3c15f5000-7fb3c15fc000 r-xp 00000000 08:03 4201328                    /usr/lib/x86_64-linux-gnu/libatiuki.so.1.0
7fb3c15fc000-7fb3c16fc000 ---p 00007000 08:03 4201328                    /usr/lib/x86_64-linux-gnu/libatiuki.so.1.0
7fb3c16fc000-7fb3c16fd000 rw-p 00007000 08:03 4201328                    /usr/lib/x86_64-linux-gnu/libatiuki.so.1.0
7fb3c16fd000-7fb3c16fe000 rw-p 00000000 00:00 0 
7fb3c16fe000-7fb3c17c1000 r-xp 00000000 08:03 4201341                    /usr/lib/x86_64-linux-gnu/fglrx/fglrx-libGL.so.1.2
7fb3c17c1000-7fb3c18c0000 ---p 000c3000 08:03 4201341                    /usr/lib/x86_64-linux-gnu/fglrx/fglrx-libGL.so.1.2
7fb3c18c0000-7fb3c18e7000 rwxp 000c2000 08:03 4201341                    /usr/lib/x86_64-linux-gnu/fglrx/fglrx-libGL.so.1.2
7fb3c18e7000-7fb3c1907000 rwxp 00000000 00:00 0 
7fb3c1907000-7fb3c190a000 ---p 00000000 00:00 0 
7fb3c190a000-7fb3c1a08000 rw-p 00000000 00:00 0 
7fb3c5a09000-7fb3c5a0a000 ---p 00000000 00:00 0 
7fb3c5a0a000-7fb3c620a000 rw-p 00000000 00:00 0 
7fb3c620a000-7fb3c6210000 r-xp 00000000 08:03 4200289                    /usr/lib/x86_64-linux-gnu/libogg.so.0.8.0
7fb3c6210000-7fb3c640f000 ---p 00006000 08:03 4200289                    /usr/lib/x86_64-linux-gnu/libogg.so.0.8.0
7fb3c640f000-7fb3c6410000 rw-p 00005000 08:03 4200289                    /usr/lib/x86_64-linux-gnu/libogg.so.0.8.0
7fb3c6410000-7fb3c643c000 r-xp 00000000 08:03 4200496                    /usr/lib/x86_64-linux-gnu/libvorbis.so.0.4.5
7fb3c643c000-7fb3c663b000 ---p 0002c000 08:03 4200496                    /usr/lib/x86_64-linux-gnu/libvorbis.so.0.4.5
7fb3c663b000-7fb3c663c000 r--p 0002b000 08:03 4200496                    /usr/lib/x86_64-linux-gnu/libvorbis.so.0.4.5
7fb3c663c000-7fb3c663d000 rw-p 0002c000 08:03 4200496                    /usr/lib/x86_64-linux-gnu/libvorbis.so.0.4.5
7fb3c663d000-7fb3c68f0000 r-xp 00000000 08:03 4200498                    /usr/lib/x86_64-linux-gnu/libvorbisenc.so.2.0.8
7fb3c68f0000-7fb3c6aef000 ---p 002b3000 08:03 4200498                    /usr/lib/x86_64-linux-gnu/libvorbisenc.so.2.0.8
7fb3c6aef000-7fb3c6b0b000 r--p 002b2000 08:03 4200498                    /usr/lib/x86_64-linux-gnu/libvorbisenc.so.2.0.8
7fb3c6b0b000-7fb3c6b0c000 rw-p 002ce000 08:03 4200498                    /usr/lib/x86_64-linux-gnu/libvorbisenc.so.2.0.8
7fb3c6b0c000-7fb3c6b57000 r-xp 00000000 08:03 4199700                    /usr/lib/x86_64-linux-gnu/libFLAC.so.8.2.0
7fb3c6b57000-7fb3c6d56000 ---p 0004b000 08:03 4199700                    /usr/lib/x86_64-linux-gnu/libFLAC.so.8.2.0
7fb3c6d56000-7fb3c6d57000 r--p 0004a000 08:03 4199700                    /usr/lib/x86_64-linux-gnu/libFLAC.so.8.2.0
7fb3c6d57000-7fb3c6d58000 rw-p 0004b000 08:03 4199700                    /usr/lib/x86_64-linux-gnu/libFLAC.so.8.2.0
7fb3c6d58000-7fb3c6d5c000 r-xp 00000000 08:03 12190707                   /lib/x86_64-linux-gnu/libuuid.so.1.3.0
7fb3c6d5c000-7fb3c6f5b000 ---p 00004000 08:03 12190707                   /lib/x86_64-linux-gnu/libuuid.so.1.3.0
7fb3c6f5b000-7fb3c6f5c000 r--p 00003000 08:03 12190707                   /lib/x86_64-linux-gnu/libuuid.so.1.3.0
7fb3c6f5c000-7fb3c6f5d000 rw-p 00004000 08:03 12190707                   /lib/x86_64-linux-gnu/libuuid.so.1.3.0
7fb3c6f5d000-7fb3c6f61000 r-xp 00000000 08:03 12190559                   /lib/x86_64-linux-gnu/libattr.so.1.1.0
7fb3c6f61000-7fb3c7160000 ---p 00004000 08:03 12190559                   /lib/x86_64-linux-gnu/libattr.so.1.1.0
7fb3c7160000-7fb3c7161000 r--p 00003000 08:03 12190559                   /lib/x86_64-linux-gnu/libattr.so.1.1.0
7fb3c7161000-7fb3c7162000 rw-p 00004000 08:03 12190559                   /lib/x86_64-linux-gnu/libattr.so.1.1.0
7fb3c7162000-7fb3c7167000 r-xp 00000000 08:03 4199797                    /usr/lib/x86_64-linux-gnu/libasyncns.so.0.3.1
7fb3c7167000-7fb3c7366000 ---p 00005000 08:03 4199797                    /usr/lib/x86_64-linux-gnu/libasyncns.so.0.3.1
7fb3c7366000-7fb3c7367000 rw-p 00004000 08:03 4199797                    /usr/lib/x86_64-linux-gnu/libasyncns.so.0.3.1
7fb3c7367000-7fb3c73c8000 r-xp 00000000 08:03 4200411                    /usr/lib/x86_64-linux-gnu/libsndfile.so.1.0.25
7fb3c73c8000-7fb3c75c7000 ---p 00061000 08:03 4200411                    /usr/lib/x86_64-linux-gnu/libsndfile.so.1.0.25
7fb3c75c7000-7fb3c75c9000 r--p 00060000 08:03 4200411                    /usr/lib/x86_64-linux-gnu/libsndfile.so.1.0.25
7fb3c75c9000-7fb3c75ca000 rw-p 00062000 08:03 4200411                    /usr/lib/x86_64-linux-gnu/libsndfile.so.1.0.25
7fb3c75ca000-7fb3c75ce000 rw-p 00000000 00:00 0 
7fb3c75ce000-7fb3c75d7000 r-xp 00000000 08:03 12190709                   /lib/x86_64-linux-gnu/libwrap.so.0.7.6
7fb3c75d7000-7fb3c77d6000 ---p 00009000 08:03 12190709                   /lib/x86_64-linux-gnu/libwrap.so.0.7.6
7fb3c77d6000-7fb3c77d7000 r--p 00008000 08:03 12190709                   /lib/x86_64-linux-gnu/libwrap.so.0.7.6
7fb3c77d7000-7fb3c77d8000 rw-p 00009000 08:03 12190709                   /lib/x86_64-linux-gnu/libwrap.so.0.7.6
7fb3c77d8000-7fb3c77d9000 rw-p 00000000 00:00 0 
7fb3c77d9000-7fb3c77e0000 r-xp 00000000 08:03 4199720                    /usr/lib/x86_64-linux-gnu/libSM.so.6.0.1
7fb3c77e0000-7fb3c79df000 ---p 00007000 08:03 4199720                    /usr/lib/x86_64-linux-gnu/libSM.so.6.0.1
7fb3c79df000-7fb3c79e0000 rw-p 00006000 08:03 4199720                    /usr/lib/x86_64-linux-gnu/libSM.so.6.0.1
7fb3c79e0000-7fb3c79f7000 r-xp 00000000 08:03 4199710                    /usr/lib/x86_64-linux-gnu/libICE.so.6.3.0
7fb3c79f7000-7fb3c7bf6000 ---p 00017000 08:03 4199710                    /usr/lib/x86_64-linux-gnu/libICE.so.6.3.0
7fb3c7bf6000-7fb3c7bf8000 rw-p 00016000 08:03 4199710                    /usr/lib/x86_64-linux-gnu/libICE.so.6.3.0
7fb3c7bf8000-7fb3c7bfb000 rw-p 00000000 00:00 0 
7fb3c7bfb000-7fb3c7bfc000 r-xp 00000000 08:03 4199726                    /usr/lib/x86_64-linux-gnu/libX11-xcb.so.1.0.0
7fb3c7bfc000-7fb3c7dfb000 ---p 00001000 08:03 4199726                    /usr/lib/x86_64-linux-gnu/libX11-xcb.so.1.0.0
7fb3c7dfb000-7fb3c7dfc000 rw-p 00000000 08:03 4199726                    /usr/lib/x86_64-linux-gnu/libX11-xcb.so.1.0.0
7fb3c7dfc000-7fb3c7e00000 r-xp 00000000 08:03 12190572                   /lib/x86_64-linux-gnu/libcap.so.2.22
7fb3c7e00000-7fb3c7fff000 ---p 00004000 08:03 12190572                   /lib/x86_64-linux-gnu/libcap.so.2.22
7fb3c7fff000-7fb3c8000000 rw-p 00003000 08:03 12190572                   /lib/x86_64-linux-gnu/libcap.so.2.22
7fb3c8000000-7fb3c8021000 rw-p 00000000 00:00 0 
7fb3c8021000-7fb3cc000000 ---p 00000000 00:00 0 
7fb3cc000000-7fb3cc021000 rw-p 00000000 00:00 0 
7fb3cc021000-7fb3d0000000 ---p 00000000 00:00 0 
7fb3d0000000-7fb3d0021000 rw-p 00000000 00:00 0 
7fb3d0021000-7fb3d4000000 ---p 00000000 00:00 0 
7fb3d4000000-7fb3d4021000 rw-p 00000000 00:00 0 
7fb3d4021000-7fb3d8000000 ---p 00000000 00:00 0 
7fb3d8000000-7fb3d84a0000 rw-p 00000000 00:00 0 
7fb3d84a0000-7fb3dc000000 ---p 00000000 00:00 0 
7fb3dc000000-7fb3dc3b4000 rw-p 00000000 00:00 0 
7fb3dc3b4000-7fb3e0000000 ---p 00000000 00:00 0 
7fb3e0000000-7fb3e0021000 rw-p 00000000 00:00 0 
7fb3e0021000-7fb3e4000000 ---p 00000000 00:00 0 
7fb3e4000000-7fb3e4021000 rw-p 00000000 00:00 0 
7fb3e4021000-7fb3e8000000 ---p 00000000 00:00 0 
7fb3e8000000-7fb3e8021000 rw-p 00000000 00:00 0 
7fb3e8021000-7fb3ec000000 ---p 00000000 00:00 0 
7fb3ec000000-7fb3ec021000 rw-p 00000000 00:00 0 
7fb3ec021000-7fb3f0000000 ---p 00000000 00:00 0 
7fb3f0000000-7fb3f0021000 rw-p 00000000 00:00 0 
7fb3f0021000-7fb3f4000000 ---p 00000000 00:00 0 
7fb3f40da000-7fb3f40dd000 ---p 00000000 00:00 0 
7fb3f40dd000-7fb3f41db000 rw-p 00000000 00:00 0 
7fb3f41db000-7fb3f423c000 r-xp 00000000 08:03 4325923                    /usr/lib/x86_64-linux-gnu/pulseaudio/libpulsecommon-2.0.so
7fb3f423c000-7fb3f443b000 ---p 00061000 08:03 4325923                    /usr/lib/x86_64-linux-gnu/pulseaudio/libpulsecommon-2.0.so
7fb3f443b000-7fb3f443c000 r--p 00060000 08:03 4325923                    /usr/lib/x86_64-linux-gnu/pulseaudio/libpulsecommon-2.0.so
7fb3f443c000-7fb3f443e000 rw-p 00061000 08:03 4325923                    /usr/lib/x86_64-linux-gnu/pulseaudio/libpulsecommon-2.0.so
7fb3f443e000-7fb3f4447000 r-xp 00000000 08:03 12190608                   /lib/x86_64-linux-gnu/libjson.so.0.1.0
7fb3f4447000-7fb3f4646000 ---p 00009000 08:03 12190608                   /lib/x86_64-linux-gnu/libjson.so.0.1.0
7fb3f4646000-7fb3f4647000 r--p 00008000 08:03 12190608                   /lib/x86_64-linux-gnu/libjson.so.0.1.0
7fb3f4647000-7fb3f4648000 rw-p 00009000 08:03 12190608                   /lib/x86_64-linux-gnu/libjson.so.0.1.0
7fb3f4648000-7fb3f4691000 r-xp 00000000 08:03 4200364                    /usr/lib/x86_64-linux-gnu/libpulse.so.0.14.2
7fb3f4691000-7fb3f4890000 ---p 00049000 08:03 4200364                    /usr/lib/x86_64-linux-gnu/libpulse.so.0.14.2
7fb3f4890000-7fb3f4891000 r--p 00048000 08:03 4200364                    /usr/lib/x86_64-linux-gnu/libpulse.so.0.14.2
7fb3f4891000-7fb3f4892000 rw-p 00049000 08:03 4200364                    /usr/lib/x86_64-linux-gnu/libpulse.so.0.14.2
7fb3f4aeb000-7fb3f4aef000 r-xp 00000000 08:03 4199775                    /usr/lib/x86_64-linux-gnu/libXxf86vm.so.1.0.0
7fb3f4aef000-7fb3f4cef000 ---p 00004000 08:03 4199775                    /usr/lib/x86_64-linux-gnu/libXxf86vm.so.1.0.0
7fb3f4cef000-7fb3f4cf0000 r--p 00004000 08:03 4199775                    /usr/lib/x86_64-linux-gnu/libXxf86vm.so.1.0.0
7fb3f4cf0000-7fb3f4cf1000 rw-p 00005000 08:03 4199775                    /usr/lib/x86_64-linux-gnu/libXxf86vm.so.1.0.0
7fb3f4cf1000-7fb3f4d5d000 r-xp 00000000 08:01 301131                     /media/winDisk/Users/ChobeDucket/Documents/sheep/android/assets/.temp/7b43be9b/liblwjgl64.so
7fb3f4d5d000-7fb3f4f5c000 ---p 0006c000 08:01 301131                     /media/winDisk/Users/ChobeDucket/Documents/sheep/android/assets/.temp/7b43be9b/liblwjgl64.so
7fb3f4f5c000-7fb3f4f5e000 r--p 0006b000 08:01 301131                     /media/winDisk/Users/ChobeDucket/Documents/sheep/android/assets/.temp/7b43be9b/liblwjgl64.so
7fb3f4f5e000-7fb3f4f5f000 rw-p 0006d000 08:01 301131                     /media/winDisk/Users/ChobeDucket/Documents/sheep/android/assets/.temp/7b43be9b/liblwjgl64.so
7fb3f4f5f000-7fb3f4f60000 r-xp 00000000 08:03 3934229                    /usr/lib/jvm/java-7-openjdk-amd64/jre/lib/amd64/libjawt.so
7fb3f4f60000-7fb3f515f000 ---p 00001000 08:03 3934229                    /usr/lib/jvm/java-7-openjdk-amd64/jre/lib/amd64/libjawt.so
7fb3f515f000-7fb3f5160000 r--p 00000000 08:03 3934229                    /usr/lib/jvm/java-7-openjdk-amd64/jre/lib/amd64/libjawt.so
7fb3f5160000-7fb3f5161000 rw-p 00001000 08:03 3934229                    /usr/lib/jvm/java-7-openjdk-amd64/jre/lib/amd64/libjawt.so
7fb3f5161000-7fb3f5164000 ---p 00000000 00:00 0 
7fb3f5164000-7fb3f5262000 rw-p 00000000 00:00 0 
7fb3f5262000-7fb3f5265000 r-xp 00000000 08:03 12190599                   /lib/x86_64-linux-gnu/libgpg-error.so.0.8.0
7fb3f5265000-7fb3f5464000 ---p 00003000 08:03 12190599                   /lib/x86_64-linux-gnu/libgpg-error.so.0.8.0
7fb3f5464000-7fb3f5465000 rw-p 00002000 08:03 12190599                   /lib/x86_64-linux-gnu/libgpg-error.so.0.8.0
7fb3f5465000-7fb3f54a9000 r-xp 00000000 08:03 12190580                   /lib/x86_64-linux-gnu/libdbus-1.so.3.7.2
7fb3f54a9000-7fb3f56a9000 ---p 00044000 08:03 12190580                   /lib/x86_64-linux-gnu/libdbus-1.so.3.7.2
7fb3f56a9000-7fb3f56aa000 r--p 00044000 08:03 12190580                   /lib/x86_64-linux-gnu/libdbus-1.so.3.7.2
7fb3f56aa000-7fb3f56ab000 rw-p 00045000 08:03 12190580                   /lib/x86_64-linux-gnu/libdbus-1.so.3.7.2
7fb3f56ab000-7fb3f56bc000 r-xp 00000000 08:03 4200305                    /usr/lib/x86_64-linux-gnu/libp11-kit.so.0.0.0
7fb3f56bc000-7fb3f58bb000 ---p 00011000 08:03 4200305                    /usr/lib/x86_64-linux-gnu/libp11-kit.so.0.0.0
7fb3f58bb000-7fb3f58bc000 r--p 00010000 08:03 4200305                    /usr/lib/x86_64-linux-gnu/libp11-kit.so.0.0.0
7fb3f58bc000-7fb3f58bd000 rw-p 00011000 08:03 4200305                    /usr/lib/x86_64-linux-gnu/libp11-kit.so.0.0.0
7fb3f58bd000-7fb3f5937000 r-xp 00000000 08:03 12190595                   /lib/x86_64-linux-gnu/libgcrypt.so.11.7.0
7fb3f5937000-7fb3f5b37000 ---p 0007a000 08:03 12190595                   /lib/x86_64-linux-gnu/libgcrypt.so.11.7.0
7fb3f5b37000-7fb3f5b38000 r--p 0007a000 08:03 12190595                   /lib/x86_64-linux-gnu/libgcrypt.so.11.7.0
7fb3f5b38000-7fb3f5b3b000 rw-p 0007b000 08:03 12190595                   /lib/x86_64-linux-gnu/libgcrypt.so.11.7.0
7fb3f5b3b000-7fb3f5b4b000 r-xp 00000000 08:03 4200448                    /usr/lib/x86_64-linux-gnu/libtasn1.so.3.1.16
7fb3f5b4b000-7fb3f5d4a000 ---p 00010000 08:03 4200448                    /usr/lib/x86_64-linux-gnu/libtasn1.so.3.1.16
7fb3f5d4a000-7fb3f5d4b000 r--p 0000f000 08:03 4200448                    /usr/lib/x86_64-linux-gnu/libtasn1.so.3.1.16
7fb3f5d4b000-7fb3f5d4c000 rw-p 00010000 08:03 4200448                    /usr/lib/x86_64-linux-gnu/libtasn1.so.3.1.16
7fb3f5d4c000-7fb3f5d4f000 r-xp 00000000 08:03 12190610                   /lib/x86_64-linux-gnu/libkeyutils.so.1.4
7fb3f5d4f000-7fb3f5f4e000 ---p 00003000 08:03 12190610                   /lib/x86_64-linux-gnu/libkeyutils.so.1.4
7fb3f5f4e000-7fb3f5f4f000 r--p 00002000 08:03 12190610                   /lib/x86_64-linux-gnu/libkeyutils.so.1.4
7fb3f5f4f000-7fb3f5f50000 rw-p 00003000 08:03 12190610                   /lib/x86_64-linux-gnu/libkeyutils.so.1.4
7fb3f5f50000-7fb3f5f58000 r-xp 00000000 08:03 4200208                    /usr/lib/x86_64-linux-gnu/libkrb5support.so.0.1
7fb3f5f58000-7fb3f6157000 ---p 00008000 08:03 4200208                    /usr/lib/x86_64-linux-gnu/libkrb5support.so.0.1
7fb3f6157000-7fb3f6158000 r--p 00007000 08:03 4200208                    /usr/lib/x86_64-linux-gnu/libkrb5support.so.0.1
7fb3f6158000-7fb3f6159000 rw-p 00008000 08:03 4200208                    /usr/lib/x86_64-linux-gnu/libkrb5support.so.0.1
7fb3f6159000-7fb3f615c000 r-xp 00000000 08:03 12190576                   /lib/x86_64-linux-gnu/libcom_err.so.2.1
7fb3f615c000-7fb3f635b000 ---p 00003000 08:03 12190576                   /lib/x86_64-linux-gnu/libcom_err.so.2.1
7fb3f635b000-7fb3f635c000 r--p 00002000 08:03 12190576                   /lib/x86_64-linux-gnu/libcom_err.so.2.1
7fb3f635c000-7fb3f635d000 rw-p 00003000 08:03 12190576                   /lib/x86_64-linux-gnu/libcom_err.so.2.1
7fb3f635d000-7fb3f6383000 r-xp 00000000 08:03 4200198                    /usr/lib/x86_64-linux-gnu/libk5crypto.so.3.1
7fb3f6383000-7fb3f6583000 ---p 00026000 08:03 4200198                    /usr/lib/x86_64-linux-gnu/libk5crypto.so.3.1
7fb3f6583000-7fb3f6584000 r--p 00026000 08:03 4200198                    /usr/lib/x86_64-linux-gnu/libk5crypto.so.3.1
7fb3f6584000-7fb3f6585000 rw-p 00027000 08:03 4200198                    /usr/lib/x86_64-linux-gnu/libk5crypto.so.3.1
7fb3f6585000-7fb3f6586000 rw-p 00000000 00:00 0 
7fb3f6586000-7fb3f664f000 r-xp 00000000 08:03 4200206                    /usr/lib/x86_64-linux-gnu/libkrb5.so.3.3
7fb3f664f000-7fb3f684e000 ---p 000c9000 08:03 4200206                    /usr/lib/x86_64-linux-gnu/libkrb5.so.3.3
7fb3f684e000-7fb3f6858000 r--p 000c8000 08:03 4200206                    /usr/lib/x86_64-linux-gnu/libkrb5.so.3.3
7fb3f6858000-7fb3f685a000 rw-p 000d2000 08:03 4200206                    /usr/lib/x86_64-linux-gnu/libkrb5.so.3.3
7fb3f685a000-7fb3f685f000 r-xp 00000000 08:03 4199743                    /usr/lib/x86_64-linux-gnu/libXdmcp.so.6.0.0
7fb3f685f000-7fb3f6a5e000 ---p 00005000 08:03 4199743                    /usr/lib/x86_64-linux-gnu/libXdmcp.so.6.0.0
7fb3f6a5e000-7fb3f6a5f000 rw-p 00004000 08:03 4199743                    /usr/lib/x86_64-linux-gnu/libXdmcp.so.6.0.0
7fb3f6a5f000-7fb3f6a61000 r-xp 00000000 08:03 4199732                    /usr/lib/x86_64-linux-gnu/libXau.so.6.0.0
7fb3f6a61000-7fb3f6c61000 ---p 00002000 08:03 4199732                    /usr/lib/x86_64-linux-gnu/libXau.so.6.0.0
7fb3f6c61000-7fb3f6c62000 rw-p 00002000 08:03 4199732                    /usr/lib/x86_64-linux-gnu/libXau.so.6.0.0
7fb3f6c62000-7fb3f6c72000 r-xp 00000000 08:03 4199807                    /usr/lib/x86_64-linux-gnu/libavahi-client.so.3.2.9
7fb3f6c72000-7fb3f6e71000 ---p 00010000 08:03 4199807                    /usr/lib/x86_64-linux-gnu/libavahi-client.so.3.2.9
7fb3f6e71000-7fb3f6e72000 r--p 0000f000 08:03 4199807                    /usr/lib/x86_64-linux-gnu/libavahi-client.so.3.2.9
7fb3f6e72000-7fb3f6e73000 rw-p 00010000 08:03 4199807                    /usr/lib/x86_64-linux-gnu/libavahi-client.so.3.2.9
7fb3f6e73000-7fb3f6e7f000 r-xp 00000000 08:03 4199809                    /usr/lib/x86_64-linux-gnu/libavahi-common.so.3.5.3
7fb3f6e7f000-7fb3f707e000 ---p 0000c000 08:03 4199809                    /usr/lib/x86_64-linux-gnu/libavahi-common.so.3.5.3
7fb3f707e000-7fb3f707f000 r--p 0000b000 08:03 4199809                    /usr/lib/x86_64-linux-gnu/libavahi-common.so.3.5.3
7fb3f707f000-7fb3f7080000 rw-p 0000c000 08:03 4199809                    /usr/lib/x86_64-linux-gnu/libavahi-common.so.3.5.3
7fb3f7080000-7fb3f7139000 r-xp 00000000 08:03 4200060                    /usr/lib/x86_64-linux-gnu/libgnutls.so.26.22.4
7fb3f7139000-7fb3f7338000 ---p 000b9000 08:03 4200060                    /usr/lib/x86_64-linux-gnu/libgnutls.so.26.22.4
7fb3f7338000-7fb3f733e000 r--p 000b8000 08:03 4200060                    /usr/lib/x86_64-linux-gnu/libgnutls.so.26.22.4
7fb3f733e000-7fb3f7340000 rw-p 000be000 08:03 4200060                    /usr/lib/x86_64-linux-gnu/libgnutls.so.26.22.4
7fb3f7340000-7fb3f737c000 r-xp 00000000 08:03 4200085                    /usr/lib/x86_64-linux-gnu/libgssapi_krb5.so.2.2
7fb3f737c000-7fb3f757c000 ---p 0003c000 08:03 4200085                    /usr/lib/x86_64-linux-gnu/libgssapi_krb5.so.2.2
7fb3f757c000-7fb3f757d000 r--p 0003c000 08:03 4200085                    /usr/lib/x86_64-linux-gnu/libgssapi_krb5.so.2.2
7fb3f757d000-7fb3f757f000 rw-p 0003d000 08:03 4200085                    /usr/lib/x86_64-linux-gnu/libgssapi_krb5.so.2.2
7fb3f757f000-7fb3f75bb000 r-xp 00000000 08:03 12190663                   /lib/x86_64-linux-gnu/libpcre.so.3.13.1
7fb3f75bb000-7fb3f77bb000 ---p 0003c000 08:03 12190663                   /lib/x86_64-linux-gnu/libpcre.so.3.13.1
7fb3f77bb000-7fb3f77bc000 rw-p 0003c000 08:03 12190663                   /lib/x86_64-linux-gnu/libpcre.so.3.13.1
7fb3f77bc000-7fb3f77c8000 r-xp 00000000 08:03 4199961                    /usr/lib/x86_64-linux-gnu/libffi.so.5.0.10
7fb3f77c8000-7fb3f79c8000 ---p 0000c000 08:03 4199961                    /usr/lib/x86_64-linux-gnu/libffi.so.5.0.10
7fb3f79c8000-7fb3f79c9000 rw-p 0000c000 08:03 4199961                    /usr/lib/x86_64-linux-gnu/libffi.so.5.0.10
7fb3f79c9000-7fb3f79f0000 r-xp 00000000 08:03 12190588                   /lib/x86_64-linux-gnu/libexpat.so.1.6.0
7fb3f79f0000-7fb3f7bf0000 ---p 00027000 08:03 12190588                   /lib/x86_64-linux-gnu/libexpat.so.1.6.0
7fb3f7bf0000-7fb3f7bf2000 r--p 00027000 08:03 12190588                   /lib/x86_64-linux-gnu/libexpat.so.1.6.0
7fb3f7bf2000-7fb3f7bf3000 rw-p 00029000 08:03 12190588                   /lib/x86_64-linux-gnu/libexpat.so.1.6.0
7fb3f7bf3000-7fb3f7bfb000 r-xp 00000000 08:03 4200521                    /usr/lib/x86_64-linux-gnu/libxcb-render.so.0.0.0
7fb3f7bfb000-7fb3f7dfb000 ---p 00008000 08:03 4200521                    /usr/lib/x86_64-linux-gnu/libxcb-render.so.0.0.0
7fb3f7dfb000-7fb3f7dfc000 r--p 00008000 08:03 4200521                    /usr/lib/x86_64-linux-gnu/libxcb-render.so.0.0.0
7fb3f7dfc000-7fb3f7dfd000 rw-p 00009000 08:03 4200521                    /usr/lib/x86_64-linux-gnu/libxcb-render.so.0.0.0
7fb3f7dfd000-7fb3f7dff000 r-xp 00000000 08:03 4200525                    /usr/lib/x86_64-linux-gnu/libxcb-shm.so.0.0.0
7fb3f7dff000-7fb3f7ffe000 ---p 00002000 08:03 4200525                    /usr/lib/x86_64-linux-gnu/libxcb-shm.so.0.0.0
7fb3f7ffe000-7fb3f7fff000 r--p 00001000 08:03 4200525                    /usr/lib/x86_64-linux-gnu/libxcb-shm.so.0.0.0
7fb3f7fff000-7fb3f8000000 rw-p 00002000 08:03 4200525                    /usr/lib/x86_64-linux-gnu/libxcb-shm.so.0.0.0
7fb3f8000000-7fb3f8021000 rw-p 00000000 00:00 0 
7fb3f8021000-7fb3fc000000 ---p 00000000 00:00 0 
7fb3fc00e000-7fb3fc011000 ---p 00000000 00:00 0 
7fb3fc011000-7fb3fc10f000 rw-p 00000000 00:00 0 
7fb3fc10f000-7fb3fc18f000 r-xp 00000000 08:03 4200335                    /usr/lib/x86_64-linux-gnu/libpixman-1.so.0.26.0
7fb3fc18f000-7fb3fc38f000 ---p 00080000 08:03 4200335                    /usr/lib/x86_64-linux-gnu/libpixman-1.so.0.26.0
7fb3fc38f000-7fb3fc395000 rw-p 00080000 08:03 4200335                    /usr/lib/x86_64-linux-gnu/libpixman-1.so.0.26.0
7fb3fc395000-7fb3fc3bb000 r-xp 00000000 08:03 12190665                   /lib/x86_64-linux-gnu/libpng12.so.0.49.0
7fb3fc3bb000-7fb3fc5ba000 ---p 00026000 08:03 12190665                   /lib/x86_64-linux-gnu/libpng12.so.0.49.0
7fb3fc5ba000-7fb3fc5bb000 r--p 00025000 08:03 12190665                   /lib/x86_64-linux-gnu/libpng12.so.0.49.0
7fb3fc5bb000-7fb3fc5bc000 rw-p 00026000 08:03 12190665                   /lib/x86_64-linux-gnu/libpng12.so.0.49.0
7fb3fc5bc000-7fb3fc5d0000 r-xp 00000000 08:03 12192206                   /lib/x86_64-linux-gnu/libresolv-2.19.so
7fb3fc5d0000-7fb3fc7cf000 ---p 00014000 08:03 12192206                   /lib/x86_64-linux-gnu/libresolv-2.19.so
7fb3fc7cf000-7fb3fc7d0000 r--p 00013000 08:03 12192206                   /lib/x86_64-linux-gnu/libresolv-2.19.so
7fb3fc7d0000-7fb3fc7d1000 rw-p 00014000 08:03 12192206                   /lib/x86_64-linux-gnu/libresolv-2.19.so
7fb3fc7d1000-7fb3fc7d3000 rw-p 00000000 00:00 0 
7fb3fc7d3000-7fb3fc7f1000 r-xp 00000000 08:03 12190680                   /lib/x86_64-linux-gnu/libselinux.so.1
7fb3fc7f1000-7fb3fc9f0000 ---p 0001e000 08:03 12190680                   /lib/x86_64-linux-gnu/libselinux.so.1
7fb3fc9f0000-7fb3fc9f1000 r--p 0001d000 08:03 12190680                   /lib/x86_64-linux-gnu/libselinux.so.1
7fb3fc9f1000-7fb3fc9f2000 rw-p 0001e000 08:03 12190680                   /lib/x86_64-linux-gnu/libselinux.so.1
7fb3fc9f2000-7fb3fc9f3000 rw-p 00000000 00:00 0 
7fb3fc9f3000-7fb3fc9f6000 r-xp 00000000 08:03 4200052                    /usr/lib/x86_64-linux-gnu/libgmodule-2.0.so.0.3200.4
7fb3fc9f6000-7fb3fcbf5000 ---p 00003000 08:03 4200052                    /usr/lib/x86_64-linux-gnu/libgmodule-2.0.so.0.3200.4
7fb3fcbf5000-7fb3fcbf6000 r--p 00002000 08:03 4200052                    /usr/lib/x86_64-linux-gnu/libgmodule-2.0.so.0.3200.4
7fb3fcbf6000-7fb3fcbf7000 rw-p 00003000 08:03 4200052                    /usr/lib/x86_64-linux-gnu/libgmodule-2.0.so.0.3200.4
7fb3fcbf7000-7fb3fcc01000 r-xp 00000000 08:03 4199739                    /usr/lib/x86_64-linux-gnu/libXcursor.so.1.0.2
7fb3fcc01000-7fb3fce00000 ---p 0000a000 08:03 4199739                    /usr/lib/x86_64-linux-gnu/libXcursor.so.1.0.2
7fb3fce00000-7fb3fce01000 rw-p 00009000 08:03 4199739                    /usr/lib/x86_64-linux-gnu/libXcursor.so.1.0.2
7fb3fce01000-7fb3fce08000 r-xp 00000000 08:03 4199761                    /usr/lib/x86_64-linux-gnu/libXrandr.so.2.2.0
7fb3fce08000-7fb3fd008000 ---p 00007000 08:03 4199761                    /usr/lib/x86_64-linux-gnu/libXrandr.so.2.2.0
7fb3fd008000-7fb3fd009000 rw-p 00007000 08:03 4199761                    /usr/lib/x86_64-linux-gnu/libXrandr.so.2.2.0
7fb3fd009000-7fb3fd00b000 r-xp 00000000 08:03 4199753                    /usr/lib/x86_64-linux-gnu/libXinerama.so.1.0.0
7fb3fd00b000-7fb3fd20a000 ---p 00002000 08:03 4199753                    /usr/lib/x86_64-linux-gnu/libXinerama.so.1.0.0
7fb3fd20a000-7fb3fd20b000 rw-p 00001000 08:03 4199753                    /usr/lib/x86_64-linux-gnu/libXinerama.so.1.0.0
7fb3fd20b000-7fb3fd210000 r-xp 00000000 08:03 4199747                    /usr/lib/x86_64-linux-gnu/libXfixes.so.3.1.0
7fb3fd210000-7fb3fd40f000 ---p 00005000 08:03 4199747                    /usr/lib/x86_64-linux-gnu/libXfixes.so.3.1.0
7fb3fd40f000-7fb3fd410000 r--p 00004000 08:03 4199747                    /usr/lib/x86_64-linux-gnu/libXfixes.so.3.1.0
7fb3fd410000-7fb3fd411000 rw-p 00005000 08:03 4199747                    /usr/lib/x86_64-linux-gnu/libXfixes.so.3.1.0
7fb3fd411000-7fb3fd413000 r-xp 00000000 08:03 4199741                    /usr/lib/x86_64-linux-gnu/libXdamage.so.1.1.0
7fb3fd413000-7fb3fd612000 ---p 00002000 08:03 4199741                    /usr/lib/x86_64-linux-gnu/libXdamage.so.1.1.0
7fb3fd612000-7fb3fd613000 rw-p 00001000 08:03 4199741                    /usr/lib/x86_64-linux-gnu/libXdamage.so.1.1.0
7fb3fd613000-7fb3fd615000 r-xp 00000000 08:03 4199737                    /usr/lib/x86_64-linux-gnu/libXcomposite.so.1.0.0
7fb3fd615000-7fb3fd814000 ---p 00002000 08:03 4199737                    /usr/lib/x86_64-linux-gnu/libXcomposite.so.1.0.0
7fb3fd814000-7fb3fd815000 rw-p 00001000 08:03 4199737                    /usr/lib/x86_64-linux-gnu/libXcomposite.so.1.0.0
7fb3fd815000-7fb3fd834000 r-xp 00000000 08:03 4200529                    /usr/lib/x86_64-linux-gnu/libxcb.so.1.1.0
7fb3fd834000-7fb3fda33000 ---p 0001f000 08:03 4200529                    /usr/lib/x86_64-linux-gnu/libxcb.so.1.1.0
7fb3fda33000-7fb3fda34000 r--p 0001e000 08:03 4200529                    /usr/lib/x86_64-linux-gnu/libxcb.so.1.1.0
7fb3fda34000-7fb3fda35000 rw-p 0001f000 08:03 4200529                    /usr/lib/x86_64-linux-gnu/libxcb.so.1.1.0
7fb3fda35000-7fb3fda88000 r-xp 00000000 08:03 4199889                    /usr/lib/x86_64-linux-gnu/libcups.so.2
7fb3fda88000-7fb3fdc87000 ---p 00053000 08:03 4199889                    /usr/lib/x86_64-linux-gnu/libcups.so.2
7fb3fdc87000-7fb3fdc8c000 r--p 00052000 08:03 4199889                    /usr/lib/x86_64-linux-gnu/libcups.so.2
7fb3fdc8c000-7fb3fdc8d000 rw-p 00057000 08:03 4199889                    /usr/lib/x86_64-linux-gnu/libcups.so.2
7fb3fdc8d000-7fb3fdd82000 r-xp 00000000 08:03 12190597                   /lib/x86_64-linux-gnu/libglib-2.0.so.0.3200.4
7fb3fdd82000-7fb3fdf82000 ---p 000f5000 08:03 12190597                   /lib/x86_64-linux-gnu/libglib-2.0.so.0.3200.4
7fb3fdf82000-7fb3fdf83000 r--p 000f5000 08:03 12190597                   /lib/x86_64-linux-gnu/libglib-2.0.so.0.3200.4
7fb3fdf83000-7fb3fdf84000 rw-p 000f6000 08:03 12190597                   /lib/x86_64-linux-gnu/libglib-2.0.so.0.3200.4
7fb3fdf84000-7fb3fdf85000 rw-p 00000000 00:00 0 
7fb3fdf85000-7fb3fdf86000 r-xp 00000000 08:03 4200137                    /usr/lib/x86_64-linux-gnu/libgthread-2.0.so.0.3200.4
7fb3fdf86000-7fb3fe185000 ---p 00001000 08:03 4200137                    /usr/lib/x86_64-linux-gnu/libgthread-2.0.so.0.3200.4
7fb3fe185000-7fb3fe186000 r--p 00000000 08:03 4200137                    /usr/lib/x86_64-linux-gnu/libgthread-2.0.so.0.3200.4
7fb3fe186000-7fb3fe187000 rw-p 00001000 08:03 4200137                    /usr/lib/x86_64-linux-gnu/libgthread-2.0.so.0.3200.4
7fb3fe187000-7fb3fe1d5000 r-xp 00000000 08:03 4200068                    /usr/lib/x86_64-linux-gnu/libgobject-2.0.so.0.3200.4
7fb3fe1d5000-7fb3fe3d5000 ---p 0004e000 08:03 4200068                    /usr/lib/x86_64-linux-gnu/libgobject-2.0.so.0.3200.4
7fb3fe3d5000-7fb3fe3d6000 r--p 0004e000 08:03 4200068                    /usr/lib/x86_64-linux-gnu/libgobject-2.0.so.0.3200.4
7fb3fe3d6000-7fb3fe3d7000 rw-p 0004f000 08:03 4200068                    /usr/lib/x86_64-linux-gnu/libgobject-2.0.so.0.3200.4
7fb3fe3d7000-7fb3fe40c000 r-xp 00000000 08:03 4199999                    /usr/lib/x86_64-linux-gnu/libfontconfig.so.1.5.0
7fb3fe40c000-7fb3fe60c000 ---p 00035000 08:03 4199999                    /usr/lib/x86_64-linux-gnu/libfontconfig.so.1.5.0
7fb3fe60c000-7fb3fe60d000 r--p 00035000 08:03 4199999                    /usr/lib/x86_64-linux-gnu/libfontconfig.so.1.5.0
7fb3fe60d000-7fb3fe60e000 rw-p 00036000 08:03 4199999                    /usr/lib/x86_64-linux-gnu/libfontconfig.so.1.5.0
7fb3fe60e000-7fb3fe6a7000 r-xp 00000000 08:03 4200007                    /usr/lib/x86_64-linux-gnu/libfreetype.so.6.8.1
7fb3fe6a7000-7fb3fe8a6000 ---p 00099000 08:03 4200007                    /usr/lib/x86_64-linux-gnu/libfreetype.so.6.8.1
7fb3fe8a6000-7fb3fe8ac000 r--p 00098000 08:03 4200007                    /usr/lib/x86_64-linux-gnu/libfreetype.so.6.8.1
7fb3fe8ac000-7fb3fe8ad000 rw-p 0009e000 08:03 4200007                    /usr/lib/x86_64-linux-gnu/libfreetype.so.6.8.1
7fb3fe8ad000-7fb3fe8f7000 r-xp 00000000 08:03 4200313                    /usr/lib/x86_64-linux-gnu/libpango-1.0.so.0.3000.0
7fb3fe8f7000-7fb3feaf7000 ---p 0004a000 08:03 4200313                    /usr/lib/x86_64-linux-gnu/libpango-1.0.so.0.3000.0
7fb3feaf7000-7fb3feaf9000 r--p 0004a000 08:03 4200313                    /usr/lib/x86_64-linux-gnu/libpango-1.0.so.0.3000.0
7fb3feaf9000-7fb3feafa000 rw-p 0004c000 08:03 4200313                    /usr/lib/x86_64-linux-gnu/libpango-1.0.so.0.3000.0
7fb3feafa000-7fb3febee000 r-xp 00000000 08:03 4199843                    /usr/lib/x86_64-linux-gnu/libcairo.so.2.11200.2
7fb3febee000-7fb3feded000 ---p 000f4000 08:03 4199843                    /usr/lib/x86_64-linux-gnu/libcairo.so.2.11200.2
7fb3feded000-7fb3fedf0000 r--p 000f3000 08:03 4199843                    /usr/lib/x86_64-linux-gnu/libcairo.so.2.11200.2
7fb3fedf0000-7fb3fedf1000 rw-p 000f6000 08:03 4199843                    /usr/lib/x86_64-linux-gnu/libcairo.so.2.11200.2
7fb3fedf1000-7fb3fedf3000 rw-p 00000000 00:00 0 
7fb3fedf3000-7fb3fee12000 r-xp 00000000 08:03 4200030                    /usr/lib/x86_64-linux-gnu/libgdk_pixbuf-2.0.so.0.2600.1
7fb3fee12000-7fb3ff011000 ---p 0001f000 08:03 4200030                    /usr/lib/x86_64-linux-gnu/libgdk_pixbuf-2.0.so.0.2600.1
7fb3ff011000-7fb3ff012000 r--p 0001e000 08:03 4200030                    /usr/lib/x86_64-linux-gnu/libgdk_pixbuf-2.0.so.0.2600.1
7fb3ff012000-7fb3ff013000 rw-p 0001f000 08:03 4200030                    /usr/lib/x86_64-linux-gnu/libgdk_pixbuf-2.0.so.0.2600.1
7fb3ff013000-7fb3ff01f000 r-xp 00000000 08:03 4200315                    /usr/lib/x86_64-linux-gnu/libpangocairo-1.0.so.0.3000.0
7fb3ff01f000-7fb3ff21e000 ---p 0000c000 08:03 4200315                    /usr/lib/x86_64-linux-gnu/libpangocairo-1.0.so.0.3000.0
7fb3ff21e000-7fb3ff21f000 r--p 0000b000 08:03 4200315                    /usr/lib/x86_64-linux-gnu/libpangocairo-1.0.so.0.3000.0
7fb3ff21f000-7fb3ff220000 rw-p 0000c000 08:03 4200315                    /usr/lib/x86_64-linux-gnu/libpangocairo-1.0.so.0.3000.0
7fb3ff220000-7fb3ff24a000 r-xp 00000000 08:03 4200317                    /usr/lib/x86_64-linux-gnu/libpangoft2-1.0.so.0.3000.0
7fb3ff24a000-7fb3ff449000 ---p 0002a000 08:03 4200317                    /usr/lib/x86_64-linux-gnu/libpangoft2-1.0.so.0.3000.0
7fb3ff449000-7fb3ff44a000 r--p 00029000 08:03 4200317                    /usr/lib/x86_64-linux-gnu/libpangoft2-1.0.so.0.3000.0
7fb3ff44a000-7fb3ff44b000 rw-p 0002a000 08:03 4200317                    /usr/lib/x86_64-linux-gnu/libpangoft2-1.0.so.0.3000.0
7fb3ff44b000-7fb3ff597000 r-xp 00000000 08:03 4200042                    /usr/lib/x86_64-linux-gnu/libgio-2.0.so.0.3200.4
7fb3ff597000-7fb3ff796000 ---p 0014c000 08:03 4200042                    /usr/lib/x86_64-linux-gnu/libgio-2.0.so.0.3200.4
7fb3ff796000-7fb3ff79a000 r--p 0014b000 08:03 4200042                    /usr/lib/x86_64-linux-gnu/libgio-2.0.so.0.3200.4
7fb3ff79a000-7fb3ff79c000 rw-p 0014f000 08:03 4200042                    /usr/lib/x86_64-linux-gnu/libgio-2.0.so.0.3200.4
7fb3ff79c000-7fb3ff79e000 rw-p 00000000 00:00 0 
7fb3ff79e000-7fb3ff7bf000 r-xp 00000000 08:03 4199799                    /usr/lib/x86_64-linux-gnu/libatk-1.0.so.0.20409.1
7fb3ff7bf000-7fb3ff9be000 ---p 00021000 08:03 4199799                    /usr/lib/x86_64-linux-gnu/libatk-1.0.so.0.20409.1
7fb3ff9be000-7fb3ff9c0000 r--p 00020000 08:03 4199799                    /usr/lib/x86_64-linux-gnu/libatk-1.0.so.0.20409.1
7fb3ff9c0000-7fb3ff9c1000 rw-p 00022000 08:03 4199799                    /usr/lib/x86_64-linux-gnu/libatk-1.0.so.0.20409.1
7fb3ff9c1000-7fb3ffdf3000 r-xp 00000000 08:03 4200141                    /usr/lib/x86_64-linux-gnu/libgtk-x11-2.0.so.0.2400.10
7fb3ffdf3000-7fb3ffff3000 ---p 00432000 08:03 4200141                    /usr/lib/x86_64-linux-gnu/libgtk-x11-2.0.so.0.2400.10
7fb3ffff3000-7fb3ffffe000 rw-p 00432000 08:03 4200141                    /usr/lib/x86_64-linux-gnu/libgtk-x11-2.0.so.0.2400.10
7fb3ffffe000-7fb400000000 rw-p 00000000 00:00 0 
7fb400000000-7fb400021000 rw-p 00000000 00:00 0 
7fb400021000-7fb404000000 ---p 00000000 00:00 0 
7fb404076000-7fb4040f3000 rw-p 00000000 00:00 0 
7fb4040f3000-7fb4041a2000 r-xp 00000000 08:03 4200028                    /usr/lib/x86_64-linux-gnu/libgdk-x11-2.0.so.0.2400.10
7fb4041a2000-7fb4043a1000 ---p 000af000 08:03 4200028                    /usr/lib/x86_64-linux-gnu/libgdk-x11-2.0.so.0.2400.10
7fb4043a1000-7fb4043a6000 rw-p 000ae000 08:03 4200028                    /usr/lib/x86_64-linux-gnu/libgdk-x11-2.0.so.0.2400.10
7fb4043a6000-7fb4043b4000 r-xp 00000000 08:03 4199751                    /usr/lib/x86_64-linux-gnu/libXi.so.6.1.0
7fb4043b4000-7fb4045b4000 ---p 0000e000 08:03 4199751                    /usr/lib/x86_64-linux-gnu/libXi.so.6.1.0
7fb4045b4000-7fb4045b5000 rw-p 0000e000 08:03 4199751                    /usr/lib/x86_64-linux-gnu/libXi.so.6.1.0
7fb4045b5000-7fb4045ba000 r-xp 00000000 08:03 4199769                    /usr/lib/x86_64-linux-gnu/libXtst.so.6.1.0
7fb4045ba000-7fb4047b9000 ---p 00005000 08:03 4199769                    /usr/lib/x86_64-linux-gnu/libXtst.so.6.1.0
7fb4047b9000-7fb4047ba000 rw-p 00004000 08:03 4199769                    /usr/lib/x86_64-linux-gnu/libXtst.so.6.1.0
7fb4047ba000-7fb4047c3000 r-xp 00000000 08:03 4199763                    /usr/lib/x86_64-linux-gnu/libXrender.so.1.3.0
7fb4047c3000-7fb4049c2000 ---p 00009000 08:03 4199763                    /usr/lib/x86_64-linux-gnu/libXrender.so.1.3.0
7fb4049c2000-7fb4049c3000 rw-p 00008000 08:03 4199763                    /usr/lib/x86_64-linux-gnu/libXrender.so.1.3.0
7fb4049c3000-7fb404af8000 r-xp 00000000 08:03 4199728                    /usr/lib/x86_64-linux-gnu/libX11.so.6.3.0
7fb404af8000-7fb404cf8000 ---p 00135000 08:03 4199728                    /usr/lib/x86_64-linux-gnu/libX11.so.6.3.0
7fb404cf8000-7fb404cfe000 rw-p 00135000 08:03 4199728                    /usr/lib/x86_64-linux-gnu/libX11.so.6.3.0
7fb404cfe000-7fb404d0f000 r-xp 00000000 08:03 4199745                    /usr/lib/x86_64-linux-gnu/libXext.so.6.4.0
7fb404d0f000-7fb404f0f000 ---p 00011000 08:03 4199745                    /usr/lib/x86_64-linux-gnu/libXext.so.6.4.0
7fb404f0f000-7fb404f10000 rw-p 00011000 08:03 4199745                    /usr/lib/x86_64-linux-gnu/libXext.so.6.4.0
7fb404f10000-7fb404f63000 r-xp 00000000 08:03 3934319                    /usr/lib/jvm/java-7-openjdk-amd64/jre/lib/amd64/xawt/libmawt.so
7fb404f63000-7fb405162000 ---p 00053000 08:03 3934319                    /usr/lib/jvm/java-7-openjdk-amd64/jre/lib/amd64/xawt/libmawt.so
7fb405162000-7fb405163000 r--p 00052000 08:03 3934319                    /usr/lib/jvm/java-7-openjdk-amd64/jre/lib/amd64/xawt/libmawt.so
7fb405163000-7fb405166000 rw-p 00053000 08:03 3934319                    /usr/lib/jvm/java-7-openjdk-amd64/jre/lib/amd64/xawt/libmawt.so
7fb405166000-7fb405167000 rw-p 00000000 00:00 0 
7fb405167000-7fb405208000 r-xp 00000000 08:03 3934218                    /usr/lib/jvm/java-7-openjdk-amd64/jre/lib/amd64/libawt.so
7fb405208000-7fb405407000 ---p 000a1000 08:03 3934218                    /usr/lib/jvm/java-7-openjdk-amd64/jre/lib/amd64/libawt.so
7fb405407000-7fb405408000 r--p 000a0000 08:03 3934218                    /usr/lib/jvm/java-7-openjdk-amd64/jre/lib/amd64/libawt.so
7fb405408000-7fb405413000 rw-p 000a1000 08:03 3934218                    /usr/lib/jvm/java-7-openjdk-amd64/jre/lib/amd64/libawt.so
7fb405413000-7fb405438000 rw-p 00000000 00:00 0 
7fb405438000-7fb405475000 r-xp 00000000 08:03 10486182                   /tmp/libgdxchobe/5502b6ed/libgdx64.so
7fb405475000-7fb405674000 ---p 0003d000 08:03 10486182                   /tmp/libgdxchobe/5502b6ed/libgdx64.so
7fb405674000-7fb405675000 r--p 0003c000 08:03 10486182                   /tmp/libgdxchobe/5502b6ed/libgdx64.so
7fb405675000-7fb405676000 rw-p 0003d000 08:03 10486182                   /tmp/libgdxchobe/5502b6ed/libgdx64.so
7fb405676000-7fb405677000 r--s 00002000 08:03 10488693                   /home/chobe/.gradle/caches/modules-2/files-2.1/net.java.jinput/jinput-platform/2.0.5/53f9c919f34d2ca9de8c51fc4e1e8282029a9232/jinput-platform-2.0.5-natives-osx.jar
7fb405677000-7fb405678000 r--s 00025000 08:03 10488692                   /home/chobe/.gradle/caches/modules-2/files-2.1/net.java.jinput/jinput-platform/2.0.5/385ee093e01f587f30ee1c8a2ee7d408fd732e16/jinput-platform-2.0.5-natives-windows.jar
7fb405678000-7fb405679000 r--s 00002000 08:03 10488691                   /home/chobe/.gradle/caches/modules-2/files-2.1/net.java.jinput/jinput-platform/2.0.5/7ff832a6eb9ab6a767f1ade2b548092d0fa64795/jinput-platform-2.0.5-natives-linux.jar
7fb405679000-7fb40567a000 r--s 00001000 08:03 10488690                   /home/chobe/.gradle/caches/modules-2/files-2.1/net.java.jutils/jutils/1.0.0/e12fe1fda814bd348c1579329c86943d2cd3c6a6/jutils-1.0.0.jar
7fb40567a000-7fb40567e000 r--s 0002f000 08:03 10488689                   /home/chobe/.gradle/caches/modules-2/files-2.1/net.java.jinput/jinput/2.0.5/39c7796b469a600f72380316f6b1f11db6c2c7c4/jinput-2.0.5.jar
7fb40567e000-7fb40567f000 r--s 00080000 08:03 10488688                   /home/chobe/.gradle/caches/modules-2/files-2.1/org.lwjgl.lwjgl/lwjgl-platform/2.9.1/2d12c83fdfbc04ecabf02c7bc8cc54d034f0daac/lwjgl-platform-2.9.1-natives-osx.jar
7fb40567f000-7fb405680000 r--s 0008b000 08:03 10488687                   /home/chobe/.gradle/caches/modules-2/files-2.1/org.lwjgl.lwjgl/lwjgl-platform/2.9.1/aa9aae879af8eb378e22cfc64db56ec2ca9a44d1/lwjgl-platform-2.9.1-natives-linux.jar
7fb405680000-7fb405681000 r--s 00095000 08:03 10488686                   /home/chobe/.gradle/caches/modules-2/files-2.1/org.lwjgl.lwjgl/lwjgl-platform/2.9.1/4c517eca808522457dd95ee8fc1fbcdbb602efbe/lwjgl-platform-2.9.1-natives-windows.jar
7fb405681000-7fb405683000 r--s 00017000 08:03 10488685                   /home/chobe/.gradle/caches/modules-2/files-2.1/org.jcraft/jorbis/0.0.17/8872d22b293e8f5d7d56ff92be966e6dc28ebdc6/jorbis-0.0.17.jar
7fb405683000-7fb405684000 r--s 00015000 08:03 10488684                   /home/chobe/.gradle/caches/modules-2/files-2.1/com.badlogicgames.jlayer/jlayer/1.0.1-gdx/7cca83cec5c1b2f011362f4d85aabd71a73b049d/jlayer-1.0.1-gdx.jar
7fb405684000-7fb405688000 r--s 00027000 08:03 10488683                   /home/chobe/.gradle/caches/modules-2/files-2.1/org.lwjgl.lwjgl/lwjgl_util/2.9.1/290d7ba8a1bd9566f5ddf16ad06f09af5ec9b20e/lwjgl_util-2.9.1.jar
7fb405688000-7fb405696000 r--s 000ea000 08:03 10488682                   /home/chobe/.gradle/caches/modules-2/files-2.1/org.lwjgl.lwjgl/lwjgl/2.9.1/f58c5aabcef0e41718a564be9f8e412fff8db847/lwjgl-2.9.1.jar
7fb405696000-7fb4056ab000 r--s 00153000 08:03 10488660                   /home/chobe/.gradle/caches/modules-2/files-2.1/com.badlogicgames.gdx/gdx/1.1.0/686f5a609c717eb0769d3b954c501a49bf4fe351/gdx-1.1.0.jar
7fb4056ab000-7fb4056ac000 r--s 000cd000 08:03 10488678                   /home/chobe/.gradle/caches/modules-2/files-2.1/com.badlogicgames.gdx/gdx-platform/1.1.0/1c7ea4239c2d9adda420c15985fe3885c481fdcf/gdx-platform-1.1.0-natives-desktop.jar
7fb4056ac000-7fb4056af000 r--s 0001f000 08:03 10488677                   /home/chobe/.gradle/caches/modules-2/files-2.1/com.badlogicgames.gdx/gdx-backend-lwjgl/1.1.0/eafa409559820c1696e165e1280435f1332fc32b/gdx-backend-lwjgl-1.1.0.jar
7fb4056af000-7fb4056b2000 r--s 00020000 08:01 772750                     /media/winDisk/Users/ChobeDucket/Documents/sheep/core/build/libs/core-1.0.jar
7fb4056b2000-7fb4056b6000 r--s 0003b000 08:03 3934173                    /usr/lib/jvm/java-7-openjdk-amd64/jre/lib/ext/sunpkcs11.jar
7fb4056b6000-7fb4056b7000 r--s 00002000 08:03 3934178                    /usr/lib/jvm/java-7-openjdk-amd64/jre/lib/ext/dnsns.jar
7fb4056b7000-7fb4056ba000 r--s 00032000 08:03 3934176                    /usr/lib/jvm/java-7-openjdk-amd64/jre/lib/ext/sunjce_provider.jar
7fb4056ba000-7fb4056bc000 r--s 0000f000 08:03 3934175                    /usr/lib/jvm/java-7-openjdk-amd64/jre/lib/ext/pulse-java.jar
7fb4056bc000-7fb4056be000 r--s 00012000 08:03 3934174                    /usr/lib/jvm/java-7-openjdk-amd64/jre/lib/ext/zipfs.jar
7fb4056be000-7fb4056c2000 r--s 00085000 08:03 3934172                    /usr/lib/jvm/java-7-openjdk-amd64/jre/lib/ext/localedata.jar
7fb4056c2000-7fb4056c3000 r--s 00007000 08:03 5645676                    /usr/share/java/java-atk-wrapper.jar
7fb4056c3000-7fb4056c4000 ---p 00000000 00:00 0 
7fb4056c4000-7fb4057c4000 rw-p 00000000 00:00 0 
7fb4057c4000-7fb4057c7000 ---p 00000000 00:00 0 
7fb4057c7000-7fb4058c5000 rw-p 00000000 00:00 0 
7fb4058c5000-7fb4058c8000 ---p 00000000 00:00 0 
7fb4058c8000-7fb4059c6000 rw-p 00000000 00:00 0 
7fb4059c6000-7fb4059c9000 ---p 00000000 00:00 0 
7fb4059c9000-7fb405ac7000 rw-p 00000000 00:00 0 
7fb405ac7000-7fb405c50000 r--p 00000000 08:03 4067802                    /usr/lib/locale/locale-archive
7fb405c50000-7fb408000000 rw-p 00000000 00:00 0 
7fb408000000-7fb408021000 rw-p 00000000 00:00 0 
7fb408021000-7fb40c000000 ---p 00000000 00:00 0 
7fb40c004000-7fb40c04c000 rw-p 00000000 00:00 0 
7fb40c04c000-7fb40c04f000 ---p 00000000 00:00 0 
7fb40c04f000-7fb40c14d000 rw-p 00000000 00:00 0 
7fb40c14d000-7fb40c150000 ---p 00000000 00:00 0 
7fb40c150000-7fb40c24e000 rw-p 00000000 00:00 0 
7fb40c24e000-7fb40c251000 ---p 00000000 00:00 0 
7fb40c251000-7fb40c34f000 rw-p 00000000 00:00 0 
7fb40c34f000-7fb40c350000 ---p 00000000 00:00 0 
7fb40c350000-7fb40d000000 rw-p 00000000 00:00 0 
7fb40d000000-7fb40d270000 rwxp 00000000 00:00 0 
7fb40d270000-7fb41036a000 rw-p 00000000 00:00 0 
7fb41036a000-7fb414000000 ---p 00000000 00:00 0 
7fb414028000-7fb414033000 r--s 00203000 08:03 3934232                    /usr/lib/jvm/java-7-openjdk-amd64/jre/lib/charsets.jar
7fb414033000-7fb414043000 rw-s e0200000 00:05 7289                       /dev/ati/card0
7fb414043000-7fb414046000 ---p 00000000 00:00 0 
7fb414046000-7fb41407c000 rw-p 00000000 00:00 0 
7fb41407c000-7fb414085000 r--s 000b9000 08:03 3934170                    /usr/lib/jvm/java-7-openjdk-amd64/jre/lib/resources.jar
7fb414085000-7fb4144d2000 rw-p 00000000 00:00 0 
7fb4144d2000-7fb414680000 r--s 01cfc000 08:03 3934153                    /usr/lib/jvm/java-7-openjdk-amd64/jre/lib/rt.jar
7fb414680000-7fb4149b4000 rw-p 00000000 00:00 0 
7fb4149b4000-7fb4149b5000 ---p 00000000 00:00 0 
7fb4149b5000-7fb414ab5000 rw-p 00000000 00:00 0 
7fb414ab5000-7fb414ab6000 ---p 00000000 00:00 0 
7fb414ab6000-7fb414bb6000 rw-p 00000000 00:00 0 
7fb414bb6000-7fb414bb7000 ---p 00000000 00:00 0 
7fb414bb7000-7fb414cb7000 rw-p 00000000 00:00 0 
7fb414cb7000-7fb414cb8000 ---p 00000000 00:00 0 
7fb414cb8000-7fb414dc3000 rw-p 00000000 00:00 0 
7fb414dc3000-7fb414e0b000 rw-p 00000000 00:00 0 
7fb414e0b000-7fb414e20000 rw-p 00000000 00:00 0 
7fb414e20000-7fb414f51000 rw-p 00000000 00:00 0 
7fb414f51000-7fb414f5c000 rw-p 00000000 00:00 0 
7fb414f5c000-7fb414fa4000 rw-p 00000000 00:00 0 
7fb414fa4000-7fb414fb9000 rw-p 00000000 00:00 0 
7fb414fb9000-7fb4150e9000 rw-p 00000000 00:00 0 
7fb4150e9000-7fb4150f4000 rw-p 00000000 00:00 0 
7fb4150f4000-7fb41518c000 rw-p 00000000 00:00 0 
7fb41518c000-7fb41518d000 rw-p 00000000 00:00 0 
7fb41518d000-7fb415195000 r-xp 00000000 08:03 3934210                    /usr/lib/jvm/java-7-openjdk-amd64/jre/lib/amd64/libzip.so
7fb415195000-7fb415394000 ---p 00008000 08:03 3934210                    /usr/lib/jvm/java-7-openjdk-amd64/jre/lib/amd64/libzip.so
7fb415394000-7fb415395000 r--p 00007000 08:03 3934210                    /usr/lib/jvm/java-7-openjdk-amd64/jre/lib/amd64/libzip.so
7fb415395000-7fb415396000 rw-p 00008000 08:03 3934210                    /usr/lib/jvm/java-7-openjdk-amd64/jre/lib/amd64/libzip.so
7fb415396000-7fb4153a1000 r-xp 00000000 08:03 12192223                   /lib/x86_64-linux-gnu/libnss_files-2.19.so
7fb4153a1000-7fb4155a0000 ---p 0000b000 08:03 12192223                   /lib/x86_64-linux-gnu/libnss_files-2.19.so
7fb4155a0000-7fb4155a1000 r--p 0000a000 08:03 12192223                   /lib/x86_64-linux-gnu/libnss_files-2.19.so
7fb4155a1000-7fb4155a2000 rw-p 0000b000 08:03 12192223                   /lib/x86_64-linux-gnu/libnss_files-2.19.so
7fb4155a2000-7fb4155ac000 r-xp 00000000 08:03 12192211                   /lib/x86_64-linux-gnu/libnss_nis-2.19.so
7fb4155ac000-7fb4157ab000 ---p 0000a000 08:03 12192211                   /lib/x86_64-linux-gnu/libnss_nis-2.19.so
7fb4157ab000-7fb4157ac000 r--p 00009000 08:03 12192211                   /lib/x86_64-linux-gnu/libnss_nis-2.19.so
7fb4157ac000-7fb4157ad000 rw-p 0000a000 08:03 12192211                   /lib/x86_64-linux-gnu/libnss_nis-2.19.so
7fb4157ad000-7fb4157c2000 r-xp 00000000 08:03 12192215                   /lib/x86_64-linux-gnu/libnsl-2.19.so
7fb4157c2000-7fb4159c1000 ---p 00015000 08:03 12192215                   /lib/x86_64-linux-gnu/libnsl-2.19.so
7fb4159c1000-7fb4159c2000 r--p 00014000 08:03 12192215                   /lib/x86_64-linux-gnu/libnsl-2.19.so
7fb4159c2000-7fb4159c3000 rw-p 00015000 08:03 12192215                   /lib/x86_64-linux-gnu/libnsl-2.19.so
7fb4159c3000-7fb4159c5000 rw-p 00000000 00:00 0 
7fb4159c5000-7fb4159cc000 r-xp 00000000 08:03 12192212                   /lib/x86_64-linux-gnu/libnss_compat-2.19.so
7fb4159cc000-7fb415bcb000 ---p 00007000 08:03 12192212                   /lib/x86_64-linux-gnu/libnss_compat-2.19.so
7fb415bcb000-7fb415bcc000 r--p 00006000 08:03 12192212                   /lib/x86_64-linux-gnu/libnss_compat-2.19.so
7fb415bcc000-7fb415bcd000 rw-p 00007000 08:03 12192212                   /lib/x86_64-linux-gnu/libnss_compat-2.19.so
7fb415bcd000-7fb415bf8000 r-xp 00000000 08:03 3934215                    /usr/lib/jvm/java-7-openjdk-amd64/jre/lib/amd64/libjava.so
7fb415bf8000-7fb415df7000 ---p 0002b000 08:03 3934215                    /usr/lib/jvm/java-7-openjdk-amd64/jre/lib/amd64/libjava.so
7fb415df7000-7fb415df8000 r--p 0002a000 08:03 3934215                    /usr/lib/jvm/java-7-openjdk-amd64/jre/lib/amd64/libjava.so
7fb415df8000-7fb415dfa000 rw-p 0002b000 08:03 3934215                    /usr/lib/jvm/java-7-openjdk-amd64/jre/lib/amd64/libjava.so
7fb415dfa000-7fb415e09000 r-xp 00000000 08:03 3934216                    /usr/lib/jvm/java-7-openjdk-amd64/jre/lib/amd64/libverify.so
7fb415e09000-7fb416008000 ---p 0000f000 08:03 3934216                    /usr/lib/jvm/java-7-openjdk-amd64/jre/lib/amd64/libverify.so
7fb416008000-7fb41600a000 r--p 0000e000 08:03 3934216                    /usr/lib/jvm/java-7-openjdk-amd64/jre/lib/amd64/libverify.so
7fb41600a000-7fb41600b000 rw-p 00010000 08:03 3934216                    /usr/lib/jvm/java-7-openjdk-amd64/jre/lib/amd64/libverify.so
7fb41600b000-7fb416012000 r-xp 00000000 08:03 12192213                   /lib/x86_64-linux-gnu/librt-2.19.so
7fb416012000-7fb416211000 ---p 00007000 08:03 12192213                   /lib/x86_64-linux-gnu/librt-2.19.so
7fb416211000-7fb416212000 r--p 00006000 08:03 12192213                   /lib/x86_64-linux-gnu/librt-2.19.so
7fb416212000-7fb416213000 rw-p 00007000 08:03 12192213                   /lib/x86_64-linux-gnu/librt-2.19.so
7fb416213000-7fb416228000 r-xp 00000000 08:03 12190593                   /lib/x86_64-linux-gnu/libgcc_s.so.1
7fb416228000-7fb416428000 ---p 00015000 08:03 12190593                   /lib/x86_64-linux-gnu/libgcc_s.so.1
7fb416428000-7fb416429000 rw-p 00015000 08:03 12190593                   /lib/x86_64-linux-gnu/libgcc_s.so.1
7fb416429000-7fb416529000 r-xp 00000000 08:03 12192221                   /lib/x86_64-linux-gnu/libm-2.19.so
7fb416529000-7fb416728000 ---p 00100000 08:03 12192221                   /lib/x86_64-linux-gnu/libm-2.19.so
7fb416728000-7fb416729000 r--p 000ff000 08:03 12192221                   /lib/x86_64-linux-gnu/libm-2.19.so
7fb416729000-7fb41672a000 rw-p 00100000 08:03 12192221                   /lib/x86_64-linux-gnu/libm-2.19.so
7fb41672a000-7fb416812000 r-xp 00000000 08:03 4200440                    /usr/lib/x86_64-linux-gnu/libstdc++.so.6.0.17
7fb416812000-7fb416a12000 ---p 000e8000 08:03 4200440                    /usr/lib/x86_64-linux-gnu/libstdc++.so.6.0.17
7fb416a12000-7fb416a1a000 r--p 000e8000 08:03 4200440                    /usr/lib/x86_64-linux-gnu/libstdc++.so.6.0.17
7fb416a1a000-7fb416a1c000 rw-p 000f0000 08:03 4200440                    /usr/lib/x86_64-linux-gnu/libstdc++.so.6.0.17
7fb416a1c000-7fb416a31000 rw-p 00000000 00:00 0 
7fb416a31000-7fb4174fa000 r-xp 00000000 08:03 3934204                    /usr/lib/jvm/java-7-openjdk-amd64/jre/lib/amd64/server/libjvm.so
7fb4174fa000-7fb4176fa000 ---p 00ac9000 08:03 3934204                    /usr/lib/jvm/java-7-openjdk-amd64/jre/lib/amd64/server/libjvm.so
7fb4176fa000-7fb417792000 r--p 00ac9000 08:03 3934204                    /usr/lib/jvm/java-7-openjdk-amd64/jre/lib/amd64/server/libjvm.so
7fb417792000-7fb4177b5000 rw-p 00b61000 08:03 3934204                    /usr/lib/jvm/java-7-openjdk-amd64/jre/lib/amd64/server/libjvm.so
7fb4177b5000-7fb4177e2000 rw-p 00000000 00:00 0 
7fb4177e2000-7fb4177f9000 r-xp 00000000 08:03 12192203                   /lib/x86_64-linux-gnu/libz.so.1.2.8
7fb4177f9000-7fb4179f8000 ---p 00017000 08:03 12192203                   /lib/x86_64-linux-gnu/libz.so.1.2.8
7fb4179f8000-7fb4179f9000 r--p 00016000 08:03 12192203                   /lib/x86_64-linux-gnu/libz.so.1.2.8
7fb4179f9000-7fb4179fa000 rw-p 00017000 08:03 12192203                   /lib/x86_64-linux-gnu/libz.so.1.2.8
7fb4179fa000-7fb417b99000 r-xp 00000000 08:03 12192214                   /lib/x86_64-linux-gnu/libc-2.19.so
7fb417b99000-7fb417d99000 ---p 0019f000 08:03 12192214                   /lib/x86_64-linux-gnu/libc-2.19.so
7fb417d99000-7fb417d9d000 r--p 0019f000 08:03 12192214                   /lib/x86_64-linux-gnu/libc-2.19.so
7fb417d9d000-7fb417d9f000 rw-p 001a3000 08:03 12192214                   /lib/x86_64-linux-gnu/libc-2.19.so
7fb417d9f000-7fb417da3000 rw-p 00000000 00:00 0 
7fb417da3000-7fb417da6000 r-xp 00000000 08:03 12192219                   /lib/x86_64-linux-gnu/libdl-2.19.so
7fb417da6000-7fb417fa5000 ---p 00003000 08:03 12192219                   /lib/x86_64-linux-gnu/libdl-2.19.so
7fb417fa5000-7fb417fa6000 r--p 00002000 08:03 12192219                   /lib/x86_64-linux-gnu/libdl-2.19.so
7fb417fa6000-7fb417fa7000 rw-p 00003000 08:03 12192219                   /lib/x86_64-linux-gnu/libdl-2.19.so
7fb417fa7000-7fb417fb4000 r-xp 00000000 08:03 3934207                    /usr/lib/jvm/java-7-openjdk-amd64/jre/lib/amd64/jli/libjli.so
7fb417fb4000-7fb4181b3000 ---p 0000d000 08:03 3934207                    /usr/lib/jvm/java-7-openjdk-amd64/jre/lib/amd64/jli/libjli.so
7fb4181b3000-7fb4181b4000 r--p 0000c000 08:03 3934207                    /usr/lib/jvm/java-7-openjdk-amd64/jre/lib/amd64/jli/libjli.so
7fb4181b4000-7fb4181b5000 rw-p 0000d000 08:03 3934207                    /usr/lib/jvm/java-7-openjdk-amd64/jre/lib/amd64/jli/libjli.so
7fb4181b5000-7fb4181cd000 r-xp 00000000 08:03 12192218                   /lib/x86_64-linux-gnu/libpthread-2.19.so
7fb4181cd000-7fb4183cc000 ---p 00018000 08:03 12192218                   /lib/x86_64-linux-gnu/libpthread-2.19.so
7fb4183cc000-7fb4183cd000 r--p 00017000 08:03 12192218                   /lib/x86_64-linux-gnu/libpthread-2.19.so
7fb4183cd000-7fb4183ce000 rw-p 00018000 08:03 12192218                   /lib/x86_64-linux-gnu/libpthread-2.19.so
7fb4183ce000-7fb4183d2000 rw-p 00000000 00:00 0 
7fb4183d2000-7fb4183f2000 r-xp 00000000 08:03 12192217                   /lib/x86_64-linux-gnu/ld-2.19.so
7fb4183fa000-7fb4183fb000 rw-s 00005000 00:05 7289                       /dev/ati/card0
7fb4183fb000-7fb4183fd000 rw-s 00002000 00:05 7289                       /dev/ati/card0
7fb4183fd000-7fb418404000 r--s 00000000 08:03 4206154                    /usr/lib/x86_64-linux-gnu/gconv/gconv-modules.cache
7fb418404000-7fb418409000 r--s 0004c000 08:03 3934152                    /usr/lib/jvm/java-7-openjdk-amd64/jre/lib/jsse.jar
7fb418409000-7fb418413000 rw-p 00000000 00:00 0 
7fb418413000-7fb4184c9000 rw-p 00000000 00:00 0 
7fb4184c9000-7fb4184cc000 ---p 00000000 00:00 0 
7fb4184cc000-7fb4185e6000 rw-p 00000000 00:00 0 
7fb4185e6000-7fb4185ee000 rw-s 00000000 08:03 10490934                   /tmp/hsperfdata_chobe/29018 (deleted)
7fb4185ee000-7fb4185ef000 rw-p 00000000 00:00 0 
7fb4185ef000-7fb4185f0000 ---p 00000000 00:00 0 
7fb4185f0000-7fb4185f2000 rw-p 00000000 00:00 0 
7fb4185f2000-7fb4185f3000 r--p 00020000 08:03 12192217                   /lib/x86_64-linux-gnu/ld-2.19.so
7fb4185f3000-7fb4185f4000 rw-p 00021000 08:03 12192217                   /lib/x86_64-linux-gnu/ld-2.19.so
7fb4185f4000-7fb4185f5000 rw-p 00000000 00:00 0 
7fffbcf3f000-7fffbcf61000 rw-p 00000000 00:00 0                          [stack]
7fffbcfff000-7fffbd000000 r-xp 00000000 00:00 0                          [vdso]
ffffffffff600000-ffffffffff601000 r-xp 00000000 00:00 0                  [vsyscall]

VM Arguments:
jvm_args: -Dfile.encoding=UTF-8 
java_command: com.mygdx.sheep.desktop.DesktopLauncher
Launcher Type: SUN_STANDARD

Environment Variables:
PATH=/usr/local/bin:/usr/bin:/bin:/usr/local/games:/usr/games:/home/chobe/.local/bin:/home/chobe/sdks/adt-bundle-linux-x86_64-20140321/sdk//platform-tools/adb:/home/chobe/sdks/adt-bundle-linux-x86_64-20140321/sdk//platform-tools/
USERNAME=chobe
SHELL=/bin/bash
DISPLAY=:0

Signal Handlers:
SIGSEGV: [libjvm.so+0x8f9750], sa_mask[0]=0x7ffbfeff, sa_flags=0x10000004
SIGBUS: [libjvm.so+0x8f9750], sa_mask[0]=0x7ffbfeff, sa_flags=0x10000004
SIGFPE: [libjvm.so+0x7827c0], sa_mask[0]=0x7ffbfeff, sa_flags=0x10000004
SIGPIPE: [libjvm.so+0x7827c0], sa_mask[0]=0x7ffbfeff, sa_flags=0x10000004
SIGXFSZ: [libjvm.so+0x7827c0], sa_mask[0]=0x7ffbfeff, sa_flags=0x10000004
SIGILL: [libjvm.so+0x7827c0], sa_mask[0]=0x7ffbfeff, sa_flags=0x10000004
SIGUSR1: SIG_DFL, sa_mask[0]=0x00000000, sa_flags=0x00000000
SIGUSR2: [libjvm.so+0x782ab0], sa_mask[0]=0x00000004, sa_flags=0x10000004
SIGHUP: [libjvm.so+0x782c20], sa_mask[0]=0x7ffbfeff, sa_flags=0x10000004
SIGINT: [libjvm.so+0x782c20], sa_mask[0]=0x7ffbfeff, sa_flags=0x10000004
SIGTERM: [libjvm.so+0x782c20], sa_mask[0]=0x7ffbfeff, sa_flags=0x10000004
SIGQUIT: [libjvm.so+0x782c20], sa_mask[0]=0x7ffbfeff, sa_flags=0x10000004


---------------  S Y S T E M  ---------------

OS:7.5

uname:Linux 3.2.0-4-amd64 #1 SMP Debian 3.2.57-3+deb7u1 x86_64
libc:glibc 2.19 NPTL 2.19 
rlimit: STACK 8192k, CORE 0k, NPROC 31105, NOFILE 4096, AS infinity
load average:0.67 0.47 0.61

/proc/meminfo:
MemTotal:        3993672 kB
MemFree:         1476212 kB
Buffers:           83512 kB
Cached:           569556 kB
SwapCached:       237696 kB
Active:          1571532 kB
Inactive:         648008 kB
Active(anon):    1339380 kB
Inactive(anon):   253892 kB
Active(file):     232152 kB
Inactive(file):   394116 kB
Unevictable:           0 kB
Mlocked:               0 kB
SwapTotal:       4120572 kB
SwapFree:        3478892 kB
Dirty:               272 kB
Writeback:             0 kB
AnonPages:       1552440 kB
Mapped:           179500 kB
Shmem:             26800 kB
Slab:              76156 kB
SReclaimable:      47628 kB
SUnreclaim:        28528 kB
KernelStack:        3840 kB
PageTables:        30104 kB
NFS_Unstable:          0 kB
Bounce:                0 kB
WritebackTmp:          0 kB
CommitLimit:     6117408 kB
Committed_AS:    4023924 kB
VmallocTotal:   34359738367 kB
VmallocUsed:      170472 kB
VmallocChunk:   34359561712 kB
HardwareCorrupted:     0 kB
AnonHugePages:         0 kB
HugePages_Total:       0
HugePages_Free:        0
HugePages_Rsvd:        0
HugePages_Surp:        0
Hugepagesize:       2048 kB
DirectMap4k:     1172480 kB
DirectMap2M:     2955264 kB


CPU:total 4 (4 cores per cpu, 1 threads per core) family 6 model 15 stepping 11, cmov, cx8, fxsr, mmx, sse, sse2, sse3, ssse3, tsc

/proc/cpuinfo:
processor	: 0
vendor_id	: GenuineIntel
cpu family	: 6
model		: 15
model name	: Intel(R) Core(TM)2 Quad CPU    Q6600  @ 2.40GHz
stepping	: 11
cpu MHz		: 2394.000
cache size	: 4096 KB
physical id	: 0
siblings	: 4
core id		: 0
cpu cores	: 4
apicid		: 0
initial apicid	: 0
fpu		: yes
fpu_exception	: yes
cpuid level	: 10
wp		: yes
flags		: fpu vme de pse tsc msr pae mce cx8 apic sep mtrr pge mca cmov pat pse36 clflush dts acpi mmx fxsr sse sse2 ss ht tm pbe syscall nx lm constant_tsc arch_perfmon pebs bts rep_good nopl aperfmperf pni dtes64 monitor ds_cpl vmx est tm2 ssse3 cx16 xtpr pdcm lahf_lm dtherm tpr_shadow vnmi flexpriority
bogomips	: 4795.82
clflush size	: 64
cache_alignment	: 64
address sizes	: 36 bits physical, 48 bits virtual
power management:

processor	: 1
vendor_id	: GenuineIntel
cpu family	: 6
model		: 15
model name	: Intel(R) Core(TM)2 Quad CPU    Q6600  @ 2.40GHz
stepping	: 11
cpu MHz		: 1596.000
cache size	: 4096 KB
physical id	: 0
siblings	: 4
core id		: 2
cpu cores	: 4
apicid		: 2
initial apicid	: 2
fpu		: yes
fpu_exception	: yes
cpuid level	: 10
wp		: yes
flags		: fpu vme de pse tsc msr pae mce cx8 apic sep mtrr pge mca cmov pat pse36 clflush dts acpi mmx fxsr sse sse2 ss ht tm pbe syscall nx lm constant_tsc arch_perfmon pebs bts rep_good nopl aperfmperf pni dtes64 monitor ds_cpl vmx est tm2 ssse3 cx16 xtpr pdcm lahf_lm dtherm tpr_shadow vnmi flexpriority
bogomips	: 4795.58
clflush size	: 64
cache_alignment	: 64
address sizes	: 36 bits physical, 48 bits virtual
power management:

processor	: 2
vendor_id	: GenuineIntel
cpu family	: 6
model		: 15
model name	: Intel(R) Core(TM)2 Quad CPU    Q6600  @ 2.40GHz
stepping	: 11
cpu MHz		: 1596.000
cache size	: 4096 KB
physical id	: 0
siblings	: 4
core id		: 1
cpu cores	: 4
apicid		: 1
initial apicid	: 1
fpu		: yes
fpu_exception	: yes
cpuid level	: 10
wp		: yes
flags		: fpu vme de pse tsc msr pae mce cx8 apic sep mtrr pge mca cmov pat pse36 clflush dts acpi mmx fxsr sse sse2 ss ht tm pbe syscall nx lm constant_tsc arch_perfmon pebs bts rep_good nopl aperfmperf pni dtes64 monitor ds_cpl vmx est tm2 ssse3 cx16 xtpr pdcm lahf_lm dtherm tpr_shadow vnmi flexpriority
bogomips	: 4795.56
clflush size	: 64
cache_alignment	: 64
address sizes	: 36 bits physical, 48 bits virtual
power management:

processor	: 3
vendor_id	: GenuineIntel
cpu family	: 6
model		: 15
model name	: Intel(R) Core(TM)2 Quad CPU    Q6600  @ 2.40GHz
stepping	: 11
cpu MHz		: 2394.000
cache size	: 4096 KB
physical id	: 0
siblings	: 4
core id		: 3
cpu cores	: 4
apicid		: 3
initial apicid	: 3
fpu		: yes
fpu_exception	: yes
cpuid level	: 10
wp		: yes
flags		: fpu vme de pse tsc msr pae mce cx8 apic sep mtrr pge mca cmov pat pse36 clflush dts acpi mmx fxsr sse sse2 ss ht tm pbe syscall nx lm constant_tsc arch_perfmon pebs bts rep_good nopl aperfmperf pni dtes64 monitor ds_cpl vmx est tm2 ssse3 cx16 xtpr pdcm lahf_lm dtherm tpr_shadow vnmi flexpriority
bogomips	: 4795.57
clflush size	: 64
cache_alignment	: 64
address sizes	: 36 bits physical, 48 bits virtual
power management:



Memory: 4k page, physical 3993672k(1476212k free), swap 4120572k(3478892k free)

vm_info: OpenJDK 64-Bit Server VM (24.51-b03) for linux-amd64 JRE (1.7.0_55-b14), built on May  2 2014 11:33:06 by "buildd" with gcc 4.7.2

time: Mon Jul  7 22:39:44 2014
elapsed time: 24 seconds

