#
# A fatal error has been detected by the Java Runtime Environment:
#
#  SIGSEGV (0xb) at pc=0x00007f1ece14be38, pid=13436, tid=139770306692864
#
# JRE version: OpenJDK Runtime Environment (7.0_55-b14) (build 1.7.0_55-b14)
# Java VM: OpenJDK 64-Bit Server VM (24.51-b03 mixed mode linux-amd64 compressed oops)
# Problematic frame:
# C  [libX11.so.6+0x3ae38]  XQueryExtension+0x28
#
# Failed to write core dump. Core dumps have been disabled. To enable core dumping, try "ulimit -c unlimited" before starting Java again
#
# If you would like to submit a bug report, please include
# instructions on how to reproduce the bug and visit:
#   http://icedtea.classpath.org/bugzilla
#

---------------  T H R E A D  ---------------

Current thread (0x00000000015b0000):  VMThread [stack: 0x00007f1ecf6b0000,0x00007f1ecf7b1000] [id=13447]

siginfo:si_signo=SIGSEGV: si_errno=0, si_code=1 (SEGV_MAPERR), si_addr=0xffffffffc80d0058

Registers:
RAX=0x00000000015385b0, RBX=0xffffffffc80cf6f0, RCX=0x00007f1ecf7af668, RDX=0x00007f1ecf7af664
RSP=0x00007f1ecf7af600, RBP=0x00007f1ebb109600, RSI=0x00007f1ebafd0992, RDI=0xffffffffc80cf6f0
R8 =0x00007f1ecf7af66c, R9 =0x0000000000000000, R10=0x00007f1ed938e768, R11=0x00007f1ed903d0d0
R12=0x00007f1ebafd0992, R13=0x00000000015385b0, R14=0x00007f1ec81c5230, R15=0x00007f1ec80d28b0
RIP=0x00007f1ece14be38, EFLAGS=0x0000000000010206, CSGSFS=0x0000000000000033, ERR=0x0000000000000005
  TRAPNO=0x000000000000000e

Top of Stack: (sp=0x00007f1ecf7af600)
0x00007f1ecf7af600:   0000000000000020 00007f1ecf7af730
0x00007f1ecf7af610:   00007f1ed90145c8 00007f1ed9bba9e8
0x00007f1ecf7af620:   00007f1ed90145c8 ffffffffc80cf6f0
0x00007f1ecf7af630:   00007f1ebb109600 00007f1ebafd0992
0x00007f1ecf7af640:   00000000015385b0 00007f1ec81c5230
0x00007f1ecf7af650:   00007f1ec80d28b0 00007f1ece13fe72
0x00007f1ecf7af660:   00007f1ec81c5230 0000000000000000
0x00007f1ecf7af670:   0000000000000000 00007f1ebb109600
0x00007f1ecf7af680:   ffffffffc80cf6f0 00007f1ece45971d
0x00007f1ecf7af690:   00007f1ebafd0992 00000011d90145c8
0x00007f1ecf7af6a0:   00007f1ecf7af720 0000000000000000
0x00007f1ecf7af6b0:   00007f1ecf7af720 ffffffffc80cf6f0
0x00007f1ecf7af6c0:   00007f1ed9bdf048 00007f1ec81c5230
0x00007f1ecf7af6d0:   00007f1ebb122e50 00007f1ebaf793d9
0x00007f1ecf7af6e0:   0000000000000000 0000000000000063
0x00007f1ecf7af6f0:   00007f1ecf7af720 0000000000000000
0x00007f1ecf7af700:   00007f1ed9bdf048 00007f1ec81c5230
0x00007f1ecf7af710:   0000000000000054 00007f1ebaf6dae2
0x00007f1ecf7af720:   00007f1ecf7afae0 00007f1ebafd0911
0x00007f1ecf7af730:   00007f1ecf7afae0 00007f1ed99cd4ec
0x00007f1ecf7af740:   00007f1ed9be01c8 00007f1ed9be0758
0x00007f1ecf7af750:   00007f1ed9bba000 00000000015433d0
0x00007f1ecf7af760:   0000000001543ec0 00000000015443c0
0x00007f1ecf7af770:   00000000015512a0 000000000173fa70
0x00007f1ecf7af780:   0000000001841540 000000000183d480
0x00007f1ecf7af790:   0000000001777920 00000000017862e0
0x00007f1ecf7af7a0:   000000000178d8a0 000000000178d370
0x00007f1ecf7af7b0:   000000000178ce50 0000000001791130
0x00007f1ecf7af7c0:   0000000001790c20 0000000001791ec0
0x00007f1ecf7af7d0:   0000000001790720 000000000178c920
0x00007f1ecf7af7e0:   000000000178ed10 000000000178f740
0x00007f1ecf7af7f0:   000000000178f220 000000000178fc50 

Instructions: (pc=0x00007f1ece14be38)
0x00007f1ece14be18:   24 e0 48 89 fb 4c 89 6c 24 e8 4c 89 74 24 f0 49
0x00007f1ece14be28:   89 f4 4c 89 7c 24 f8 48 89 6c 24 d8 48 83 ec 58
0x00007f1ece14be38:   48 8b 87 68 09 00 00 49 89 d7 49 89 ce 4d 89 c5
0x00007f1ece14be48:   48 85 c0 74 02 ff 10 ba 08 00 00 00 be 62 00 00 

Register to memory mapping:

RAX=0x00000000015385b0 is an unknown value
RBX=0xffffffffc80cf6f0 is an unknown value
RCX=0x00007f1ecf7af668 is an unknown value
RDX=0x00007f1ecf7af664 is an unknown value
RSP=0x00007f1ecf7af600 is an unknown value
RBP=0x00007f1ebb109600: <offset 0x1cf600> in /usr/lib/x86_64-linux-gnu/libGL.so.1 at 0x00007f1ebaf3a000
RSI=0x00007f1ebafd0992: <offset 0x96992> in /usr/lib/x86_64-linux-gnu/libGL.so.1 at 0x00007f1ebaf3a000
RDI=0xffffffffc80cf6f0 is an unknown value
R8 =0x00007f1ecf7af66c is an unknown value
R9 =0x0000000000000000 is an unknown value
R10=0x00007f1ed938e768: <offset 0x388768> in /lib/x86_64-linux-gnu/libc.so.6 at 0x00007f1ed9006000
R11=0x00007f1ed903d0d0: __cxa_finalize+0 in /lib/x86_64-linux-gnu/libc.so.6 at 0x00007f1ed9006000
R12=0x00007f1ebafd0992: <offset 0x96992> in /usr/lib/x86_64-linux-gnu/libGL.so.1 at 0x00007f1ebaf3a000
R13=0x00000000015385b0 is an unknown value
R14=0x00007f1ec81c5230 is an unknown value
R15=0x00007f1ec80d28b0 is an unknown value


Stack: [0x00007f1ecf6b0000,0x00007f1ecf7b1000],  sp=0x00007f1ecf7af600,  free space=1021k
Native frames: (J=compiled Java code, j=interpreted, Vv=VM code, C=native code)
C  [libX11.so.6+0x3ae38]  XQueryExtension+0x28

VM_Operation (0x00007f1ebb242650): Exit, mode: safepoint, requested by thread 0x00007f1ec80ad000


---------------  P R O C E S S  ---------------

Java Threads: ( => current thread )
  0x00000000018f5000 JavaThread "AsynchExecutor-Thread" daemon [_thread_blocked, id=13466, stack(0x00007f1eb710b000,0x00007f1eb720c000)]
  0x00000000018e3800 JavaThread "process reaper" daemon [_thread_blocked, id=13462, stack(0x00007f1ecc0b5000,0x00007f1ecc0ee000)]
  0x00007f1ec80ae000 JavaThread "DestroyJavaVM" [_thread_blocked, id=13442, stack(0x00007f1ed9ab5000,0x00007f1ed9bb6000)]
  0x00007f1ec80ad000 JavaThread "LWJGL Application" [_thread_blocked, id=13460, stack(0x00007f1ebb143000,0x00007f1ebb244000)]
  0x0000000001839800 JavaThread "AWT-XAWT" daemon [_thread_blocked, id=13456, stack(0x00007f1ec28c3000,0x00007f1ec29c4000)]
  0x0000000001817800 JavaThread "Java2D Disposer" daemon [_thread_blocked, id=13455, stack(0x00007f1ec29c4000,0x00007f1ec2ac5000)]
  0x00007f1ec802c000 JavaThread "Service Thread" daemon [_thread_blocked, id=13453, stack(0x00007f1ecef33000,0x00007f1ecf034000)]
  0x00007f1ec8029800 JavaThread "C2 CompilerThread1" daemon [_thread_blocked, id=13452, stack(0x00007f1ecf034000,0x00007f1ecf135000)]
  0x00007f1ec8026800 JavaThread "C2 CompilerThread0" daemon [_thread_blocked, id=13451, stack(0x00007f1ecf135000,0x00007f1ecf236000)]
  0x00007f1ec8024000 JavaThread "Signal Dispatcher" daemon [_thread_blocked, id=13450, stack(0x00007f1ecf236000,0x00007f1ecf337000)]
  0x00007f1ec8001000 JavaThread "Finalizer" daemon [_thread_blocked, id=13449, stack(0x00007f1ecf4ae000,0x00007f1ecf5af000)]
  0x00000000015b4800 JavaThread "Reference Handler" daemon [_thread_blocked, id=13448, stack(0x00007f1ecf5af000,0x00007f1ecf6b0000)]

Other Threads:
=>0x00000000015b0000 VMThread [stack: 0x00007f1ecf6b0000,0x00007f1ecf7b1000] [id=13447]

VM state:at safepoint (shutting down)

VM Mutex/Monitor currently owned by a thread:  ([mutex/lock_event])
[0x0000000001541520] Threads_lock - owner thread: 0x00000000015b0000

Heap
 PSYoungGen      total 18432K, used 10572K [0x00000000eba80000, 0x00000000ecf00000, 0x0000000100000000)
  eden space 15872K, 50% used [0x00000000eba80000,0x00000000ec25a950,0x00000000eca00000)
  from space 2560K, 98% used [0x00000000eca00000,0x00000000ecc78900,0x00000000ecc80000)
  to   space 2560K, 0% used [0x00000000ecc80000,0x00000000ecc80000,0x00000000ecf00000)
 ParOldGen       total 41472K, used 2130K [0x00000000c3000000, 0x00000000c5880000, 0x00000000eba80000)
  object space 41472K, 5% used [0x00000000c3000000,0x00000000c3214a20,0x00000000c5880000)
 PSPermGen       total 21504K, used 10011K [0x00000000b8a00000, 0x00000000b9f00000, 0x00000000c3000000)
  object space 21504K, 46% used [0x00000000b8a00000,0x00000000b93c6f50,0x00000000b9f00000)

Card table byte_map: [0x00007f1ed35dd000,0x00007f1ed3819000] byte_map_base: 0x00007f1ed3018000

Polling page: 0x00007f1ed9bdb000

Code Cache  [0x00007f1ed3819000, 0x00007f1ed3a89000, 0x00007f1ed6819000)
 total_blobs=628 nmethods=108 adapters=474 free_code_cache=48356Kb largest_free_block=49498880

Compilation events (10 events):
Event: 11.864 Thread 0x00007f1ec8026800  104             java.nio.HeapByteBuffer::ix (7 bytes)
Event: 11.865 Thread 0x00007f1ec8026800 nmethod 104 0x00007f1ed38db0d0 code [0x00007f1ed38db200, 0x00007f1ed38db258]
Event: 11.981 Thread 0x00007f1ec8029800  105             com.badlogic.gdx.graphics.Texture::getWidth (10 bytes)
Event: 11.981 Thread 0x00007f1ec8026800  106             com.badlogic.gdx.graphics.Texture::getHeight (10 bytes)
Event: 11.983 Thread 0x00007f1ec8026800 nmethod 106 0x00007f1ed38dbf10 code [0x00007f1ed38dc060, 0x00007f1ed38dc118]
Event: 11.983 Thread 0x00007f1ec8029800 nmethod 105 0x00007f1ed38dbbd0 code [0x00007f1ed38dbd20, 0x00007f1ed38dbdd8]
Event: 12.498 Thread 0x00007f1ec8026800  107             com.badlogic.gdx.math.Frustum::update (263 bytes)
Event: 12.524 Thread 0x00007f1ec8026800 nmethod 107 0x00007f1ed38e2890 code [0x00007f1ed38e2b00, 0x00007f1ed38e3a08]
Event: 12.565 Thread 0x00007f1ec8029800  108             com.badlogic.gdx.graphics.g2d.SpriteBatch::switchTexture (32 bytes)
Event: 12.567 Thread 0x00007f1ec8029800 nmethod 108 0x00007f1ed38e1910 code [0x00007f1ed38e1aa0, 0x00007f1ed38e1c68]

GC Heap History (2 events):
Event: 1.625 GC heap before
{Heap before GC invocations=1 (full 0):
 PSYoungGen      total 18432K, used 15872K [0x00000000eba80000, 0x00000000ecf00000, 0x0000000100000000)
  eden space 15872K, 100% used [0x00000000eba80000,0x00000000eca00000,0x00000000eca00000)
  from space 2560K, 0% used [0x00000000ecc80000,0x00000000ecc80000,0x00000000ecf00000)
  to   space 2560K, 0% used [0x00000000eca00000,0x00000000eca00000,0x00000000ecc80000)
 ParOldGen       total 41472K, used 0K [0x00000000c3000000, 0x00000000c5880000, 0x00000000eba80000)
  object space 41472K, 0% used [0x00000000c3000000,0x00000000c3000000,0x00000000c5880000)
 PSPermGen       total 21504K, used 9313K [0x00000000b8a00000, 0x00000000b9f00000, 0x00000000c3000000)
  object space 21504K, 43% used [0x00000000b8a00000,0x00000000b93184c0,0x00000000b9f00000)
Event: 1.637 GC heap after
Heap after GC invocations=1 (full 0):
 PSYoungGen      total 18432K, used 2530K [0x00000000eba80000, 0x00000000ecf00000, 0x0000000100000000)
  eden space 15872K, 0% used [0x00000000eba80000,0x00000000eba80000,0x00000000eca00000)
  from space 2560K, 98% used [0x00000000eca00000,0x00000000ecc78900,0x00000000ecc80000)
  to   space 2560K, 0% used [0x00000000ecc80000,0x00000000ecc80000,0x00000000ecf00000)
 ParOldGen       total 41472K, used 2130K [0x00000000c3000000, 0x00000000c5880000, 0x00000000eba80000)
  object space 41472K, 5% used [0x00000000c3000000,0x00000000c3214a20,0x00000000c5880000)
 PSPermGen       total 21504K, used 9313K [0x00000000b8a00000, 0x00000000b9f00000, 0x00000000c3000000)
  object space 21504K, 43% used [0x00000000b8a00000,0x00000000b93184c0,0x00000000b9f00000)
}

Deoptimization events (1 events):
Event: 0.236 Thread 0x0000000001545000 Uncommon trap: reason=class_check action=maybe_recompile pc=0x00007f1ed387e280 method=java.util.Properties$LineReader.readLine()I @ 62

Internal exceptions (10 events):
Event: 4.102 Thread 0x00007f1ec80ad000 Threw 0x00000000ec018440 at /build/openjdk-7-kBcQ8a/openjdk-7-7u55-2.4.7/build/openjdk/hotspot/src/share/vm/prims/jvm.cpp:1244
Event: 4.103 Thread 0x00007f1ec80ad000 Threw 0x00000000ec01c9b0 at /build/openjdk-7-kBcQ8a/openjdk-7-7u55-2.4.7/build/openjdk/hotspot/src/share/vm/prims/jvm.cpp:1244
Event: 4.103 Thread 0x00007f1ec80ad000 Threw 0x00000000ec021c08 at /build/openjdk-7-kBcQ8a/openjdk-7-7u55-2.4.7/build/openjdk/hotspot/src/share/vm/prims/jvm.cpp:1244
Event: 4.103 Thread 0x00007f1ec80ad000 Threw 0x00000000ec0262e0 at /build/openjdk-7-kBcQ8a/openjdk-7-7u55-2.4.7/build/openjdk/hotspot/src/share/vm/prims/jvm.cpp:1244
Event: 4.104 Thread 0x00007f1ec80ad000 Threw 0x00000000ec02a540 at /build/openjdk-7-kBcQ8a/openjdk-7-7u55-2.4.7/build/openjdk/hotspot/src/share/vm/prims/jvm.cpp:1244
Event: 4.104 Thread 0x00007f1ec80ad000 Threw 0x00000000ec02e780 at /build/openjdk-7-kBcQ8a/openjdk-7-7u55-2.4.7/build/openjdk/hotspot/src/share/vm/prims/jvm.cpp:1244
Event: 4.466 Thread 0x00007f1ec80ad000 Threw 0x00000000ec046c58 at /build/openjdk-7-kBcQ8a/openjdk-7-7u55-2.4.7/build/openjdk/hotspot/src/share/vm/prims/jvm.cpp:1244
Event: 12.865 Thread 0x00007f1ec80ad000 Threw 0x00000000ec224978 at /build/openjdk-7-kBcQ8a/openjdk-7-7u55-2.4.7/build/openjdk/hotspot/src/share/vm/prims/jvm.cpp:1244
Event: 12.873 Thread 0x00007f1ec80ad000 Threw 0x00000000ec228e40 at /build/openjdk-7-kBcQ8a/openjdk-7-7u55-2.4.7/build/openjdk/hotspot/src/share/vm/prims/jvm.cpp:1244
Event: 12.879 Thread 0x00007f1ec80ad000 Threw 0x00000000ec22e1e0 at /build/openjdk-7-kBcQ8a/openjdk-7-7u55-2.4.7/build/openjdk/hotspot/src/share/vm/prims/jvm.cpp:1244

Events (10 events):
Event: 13.036 loading class 0x00007f1ec8227850 done
Event: 13.036 Thread 0x0000000003c84800 Thread added: 0x0000000003c84800
Event: 13.036 loading class 0x00007f1ec818e230
Event: 13.036 loading class 0x00007f1ec817dba0
Event: 13.036 loading class 0x00007f1ec817dba0 done
Event: 13.036 loading class 0x00007f1ec817dbd0
Event: 13.036 loading class 0x00007f1ec817dbd0 done
Event: 13.036 loading class 0x00007f1ec818e230 done
Event: 13.037 Thread 0x0000000003c84800 Thread exited: 0x0000000003c84800
Event: 13.037 Executing VM operation: Exit


Dynamic libraries:
00400000-00401000 r-xp 00000000 08:03 3934148                            /usr/lib/jvm/java-7-openjdk-amd64/jre/bin/java
00600000-00601000 r--p 00000000 08:03 3934148                            /usr/lib/jvm/java-7-openjdk-amd64/jre/bin/java
00601000-00602000 rw-p 00001000 08:03 3934148                            /usr/lib/jvm/java-7-openjdk-amd64/jre/bin/java
01536000-0490e000 rw-p 00000000 00:00 0                                  [heap]
b8a00000-b9f00000 rw-p 00000000 00:00 0 
b9f00000-c3000000 rw-p 00000000 00:00 0 
c3000000-c5880000 rw-p 00000000 00:00 0 
c5880000-eba80000 rw-p 00000000 00:00 0 
eba80000-ecf00000 rw-p 00000000 00:00 0 
ecf00000-100000000 rw-p 00000000 00:00 0 
7f1eb0000000-7f1eb030b000 rw-p 00000000 00:00 0 
7f1eb030b000-7f1eb4000000 ---p 00000000 00:00 0 
7f1eb710b000-7f1eb710e000 ---p 00000000 00:00 0 
7f1eb710e000-7f1eb720c000 rw-p 00000000 00:00 0 
7f1eb720c000-7f1eb720d000 ---p 00000000 00:00 0 
7f1eb720d000-7f1eb7a0d000 rw-p 00000000 00:00 0 
7f1eb7a0d000-7f1eb7a0e000 ---p 00000000 00:00 0 
7f1eb7a0e000-7f1eb820e000 rw-p 00000000 00:00 0 
7f1eb831a000-7f1eb8362000 rw-p 00000000 00:00 0 
7f1eb8362000-7f1eb8a62000 rw-s 0c5a5000 00:05 8262                       /dev/ati/card0
7f1eb8a62000-7f1eb8a9f000 r-xp 00000000 08:03 4201336                    /usr/lib/x86_64-linux-gnu/libatiadlxx.so
7f1eb8a9f000-7f1eb8b9e000 ---p 0003d000 08:03 4201336                    /usr/lib/x86_64-linux-gnu/libatiadlxx.so
7f1eb8b9e000-7f1eb8ba8000 rw-p 0003c000 08:03 4201336                    /usr/lib/x86_64-linux-gnu/libatiadlxx.so
7f1eb8ba8000-7f1eb8bb8000 rw-p 00000000 00:00 0 
7f1eb8bb8000-7f1eb8bbf000 r-xp 00000000 08:03 4201328                    /usr/lib/x86_64-linux-gnu/libatiuki.so.1.0
7f1eb8bbf000-7f1eb8cbf000 ---p 00007000 08:03 4201328                    /usr/lib/x86_64-linux-gnu/libatiuki.so.1.0
7f1eb8cbf000-7f1eb8cc0000 rw-p 00007000 08:03 4201328                    /usr/lib/x86_64-linux-gnu/libatiuki.so.1.0
7f1eb8cc0000-7f1eb8cc1000 rw-p 00000000 00:00 0 
7f1eb8cc1000-7f1ebabb9000 r-xp 00000000 08:03 4201338                    /usr/lib/x86_64-linux-gnu/dri/fglrx_dri.so
7f1ebabb9000-7f1ebacb8000 ---p 01ef8000 08:03 4201338                    /usr/lib/x86_64-linux-gnu/dri/fglrx_dri.so
7f1ebacb8000-7f1ebae16000 rwxp 01ef7000 08:03 4201338                    /usr/lib/x86_64-linux-gnu/dri/fglrx_dri.so
7f1ebae16000-7f1ebaf3a000 rwxp 00000000 00:00 0 
7f1ebaf3a000-7f1ebaffd000 r-xp 00000000 08:03 4201341                    /usr/lib/x86_64-linux-gnu/fglrx/fglrx-libGL.so.1.2
7f1ebaffd000-7f1ebb0fc000 ---p 000c3000 08:03 4201341                    /usr/lib/x86_64-linux-gnu/fglrx/fglrx-libGL.so.1.2
7f1ebb0fc000-7f1ebb123000 rwxp 000c2000 08:03 4201341                    /usr/lib/x86_64-linux-gnu/fglrx/fglrx-libGL.so.1.2
7f1ebb123000-7f1ebb143000 rwxp 00000000 00:00 0 
7f1ebb143000-7f1ebb146000 ---p 00000000 00:00 0 
7f1ebb146000-7f1ebb244000 rw-p 00000000 00:00 0 
7f1ebb244000-7f1ebb247000 ---p 00000000 00:00 0 
7f1ebb247000-7f1ebb345000 rw-p 00000000 00:00 0 
7f1ebf346000-7f1ebf347000 ---p 00000000 00:00 0 
7f1ebf347000-7f1ebfb47000 rw-p 00000000 00:00 0 
7f1ebfb47000-7f1ebfb4d000 r-xp 00000000 08:03 4200289                    /usr/lib/x86_64-linux-gnu/libogg.so.0.8.0
7f1ebfb4d000-7f1ebfd4c000 ---p 00006000 08:03 4200289                    /usr/lib/x86_64-linux-gnu/libogg.so.0.8.0
7f1ebfd4c000-7f1ebfd4d000 rw-p 00005000 08:03 4200289                    /usr/lib/x86_64-linux-gnu/libogg.so.0.8.0
7f1ebfd4d000-7f1ebfd79000 r-xp 00000000 08:03 4200496                    /usr/lib/x86_64-linux-gnu/libvorbis.so.0.4.5
7f1ebfd79000-7f1ebff78000 ---p 0002c000 08:03 4200496                    /usr/lib/x86_64-linux-gnu/libvorbis.so.0.4.5
7f1ebff78000-7f1ebff79000 r--p 0002b000 08:03 4200496                    /usr/lib/x86_64-linux-gnu/libvorbis.so.0.4.5
7f1ebff79000-7f1ebff7a000 rw-p 0002c000 08:03 4200496                    /usr/lib/x86_64-linux-gnu/libvorbis.so.0.4.5
7f1ebff7a000-7f1ec022d000 r-xp 00000000 08:03 4200498                    /usr/lib/x86_64-linux-gnu/libvorbisenc.so.2.0.8
7f1ec022d000-7f1ec042c000 ---p 002b3000 08:03 4200498                    /usr/lib/x86_64-linux-gnu/libvorbisenc.so.2.0.8
7f1ec042c000-7f1ec0448000 r--p 002b2000 08:03 4200498                    /usr/lib/x86_64-linux-gnu/libvorbisenc.so.2.0.8
7f1ec0448000-7f1ec0449000 rw-p 002ce000 08:03 4200498                    /usr/lib/x86_64-linux-gnu/libvorbisenc.so.2.0.8
7f1ec0449000-7f1ec0494000 r-xp 00000000 08:03 4199700                    /usr/lib/x86_64-linux-gnu/libFLAC.so.8.2.0
7f1ec0494000-7f1ec0693000 ---p 0004b000 08:03 4199700                    /usr/lib/x86_64-linux-gnu/libFLAC.so.8.2.0
7f1ec0693000-7f1ec0694000 r--p 0004a000 08:03 4199700                    /usr/lib/x86_64-linux-gnu/libFLAC.so.8.2.0
7f1ec0694000-7f1ec0695000 rw-p 0004b000 08:03 4199700                    /usr/lib/x86_64-linux-gnu/libFLAC.so.8.2.0
7f1ec0695000-7f1ec0699000 r-xp 00000000 08:03 12190707                   /lib/x86_64-linux-gnu/libuuid.so.1.3.0
7f1ec0699000-7f1ec0898000 ---p 00004000 08:03 12190707                   /lib/x86_64-linux-gnu/libuuid.so.1.3.0
7f1ec0898000-7f1ec0899000 r--p 00003000 08:03 12190707                   /lib/x86_64-linux-gnu/libuuid.so.1.3.0
7f1ec0899000-7f1ec089a000 rw-p 00004000 08:03 12190707                   /lib/x86_64-linux-gnu/libuuid.so.1.3.0
7f1ec089a000-7f1ec089e000 r-xp 00000000 08:03 12190559                   /lib/x86_64-linux-gnu/libattr.so.1.1.0
7f1ec089e000-7f1ec0a9d000 ---p 00004000 08:03 12190559                   /lib/x86_64-linux-gnu/libattr.so.1.1.0
7f1ec0a9d000-7f1ec0a9e000 r--p 00003000 08:03 12190559                   /lib/x86_64-linux-gnu/libattr.so.1.1.0
7f1ec0a9e000-7f1ec0a9f000 rw-p 00004000 08:03 12190559                   /lib/x86_64-linux-gnu/libattr.so.1.1.0
7f1ec0a9f000-7f1ec0aa4000 r-xp 00000000 08:03 4199797                    /usr/lib/x86_64-linux-gnu/libasyncns.so.0.3.1
7f1ec0aa4000-7f1ec0ca3000 ---p 00005000 08:03 4199797                    /usr/lib/x86_64-linux-gnu/libasyncns.so.0.3.1
7f1ec0ca3000-7f1ec0ca4000 rw-p 00004000 08:03 4199797                    /usr/lib/x86_64-linux-gnu/libasyncns.so.0.3.1
7f1ec0ca4000-7f1ec0d05000 r-xp 00000000 08:03 4200411                    /usr/lib/x86_64-linux-gnu/libsndfile.so.1.0.25
7f1ec0d05000-7f1ec0f04000 ---p 00061000 08:03 4200411                    /usr/lib/x86_64-linux-gnu/libsndfile.so.1.0.25
7f1ec0f04000-7f1ec0f06000 r--p 00060000 08:03 4200411                    /usr/lib/x86_64-linux-gnu/libsndfile.so.1.0.25
7f1ec0f06000-7f1ec0f07000 rw-p 00062000 08:03 4200411                    /usr/lib/x86_64-linux-gnu/libsndfile.so.1.0.25
7f1ec0f07000-7f1ec0f0b000 rw-p 00000000 00:00 0 
7f1ec0f0b000-7f1ec0f14000 r-xp 00000000 08:03 12190709                   /lib/x86_64-linux-gnu/libwrap.so.0.7.6
7f1ec0f14000-7f1ec1113000 ---p 00009000 08:03 12190709                   /lib/x86_64-linux-gnu/libwrap.so.0.7.6
7f1ec1113000-7f1ec1114000 r--p 00008000 08:03 12190709                   /lib/x86_64-linux-gnu/libwrap.so.0.7.6
7f1ec1114000-7f1ec1115000 rw-p 00009000 08:03 12190709                   /lib/x86_64-linux-gnu/libwrap.so.0.7.6
7f1ec1115000-7f1ec1116000 rw-p 00000000 00:00 0 
7f1ec1116000-7f1ec111d000 r-xp 00000000 08:03 4199720                    /usr/lib/x86_64-linux-gnu/libSM.so.6.0.1
7f1ec111d000-7f1ec131c000 ---p 00007000 08:03 4199720                    /usr/lib/x86_64-linux-gnu/libSM.so.6.0.1
7f1ec131c000-7f1ec131d000 rw-p 00006000 08:03 4199720                    /usr/lib/x86_64-linux-gnu/libSM.so.6.0.1
7f1ec131d000-7f1ec1334000 r-xp 00000000 08:03 4199710                    /usr/lib/x86_64-linux-gnu/libICE.so.6.3.0
7f1ec1334000-7f1ec1533000 ---p 00017000 08:03 4199710                    /usr/lib/x86_64-linux-gnu/libICE.so.6.3.0
7f1ec1533000-7f1ec1535000 rw-p 00016000 08:03 4199710                    /usr/lib/x86_64-linux-gnu/libICE.so.6.3.0
7f1ec1535000-7f1ec1538000 rw-p 00000000 00:00 0 
7f1ec1538000-7f1ec1539000 r-xp 00000000 08:03 4199726                    /usr/lib/x86_64-linux-gnu/libX11-xcb.so.1.0.0
7f1ec1539000-7f1ec1738000 ---p 00001000 08:03 4199726                    /usr/lib/x86_64-linux-gnu/libX11-xcb.so.1.0.0
7f1ec1738000-7f1ec1739000 rw-p 00000000 08:03 4199726                    /usr/lib/x86_64-linux-gnu/libX11-xcb.so.1.0.0
7f1ec1739000-7f1ec173d000 r-xp 00000000 08:03 12190572                   /lib/x86_64-linux-gnu/libcap.so.2.22
7f1ec173d000-7f1ec193c000 ---p 00004000 08:03 12190572                   /lib/x86_64-linux-gnu/libcap.so.2.22
7f1ec193c000-7f1ec193d000 rw-p 00003000 08:03 12190572                   /lib/x86_64-linux-gnu/libcap.so.2.22
7f1ec193d000-7f1ec199e000 r-xp 00000000 08:03 4325923                    /usr/lib/x86_64-linux-gnu/pulseaudio/libpulsecommon-2.0.so
7f1ec199e000-7f1ec1b9d000 ---p 00061000 08:03 4325923                    /usr/lib/x86_64-linux-gnu/pulseaudio/libpulsecommon-2.0.so
7f1ec1b9d000-7f1ec1b9e000 r--p 00060000 08:03 4325923                    /usr/lib/x86_64-linux-gnu/pulseaudio/libpulsecommon-2.0.so
7f1ec1b9e000-7f1ec1ba0000 rw-p 00061000 08:03 4325923                    /usr/lib/x86_64-linux-gnu/pulseaudio/libpulsecommon-2.0.so
7f1ec1ba0000-7f1ec1ba9000 r-xp 00000000 08:03 12190608                   /lib/x86_64-linux-gnu/libjson.so.0.1.0
7f1ec1ba9000-7f1ec1da8000 ---p 00009000 08:03 12190608                   /lib/x86_64-linux-gnu/libjson.so.0.1.0
7f1ec1da8000-7f1ec1da9000 r--p 00008000 08:03 12190608                   /lib/x86_64-linux-gnu/libjson.so.0.1.0
7f1ec1da9000-7f1ec1daa000 rw-p 00009000 08:03 12190608                   /lib/x86_64-linux-gnu/libjson.so.0.1.0
7f1ec1daa000-7f1ec1df3000 r-xp 00000000 08:03 4200364                    /usr/lib/x86_64-linux-gnu/libpulse.so.0.14.2
7f1ec1df3000-7f1ec1ff2000 ---p 00049000 08:03 4200364                    /usr/lib/x86_64-linux-gnu/libpulse.so.0.14.2
7f1ec1ff2000-7f1ec1ff3000 r--p 00048000 08:03 4200364                    /usr/lib/x86_64-linux-gnu/libpulse.so.0.14.2
7f1ec1ff3000-7f1ec1ff4000 rw-p 00049000 08:03 4200364                    /usr/lib/x86_64-linux-gnu/libpulse.so.0.14.2
7f1ec224d000-7f1ec2251000 r-xp 00000000 08:03 4199775                    /usr/lib/x86_64-linux-gnu/libXxf86vm.so.1.0.0
7f1ec2251000-7f1ec2451000 ---p 00004000 08:03 4199775                    /usr/lib/x86_64-linux-gnu/libXxf86vm.so.1.0.0
7f1ec2451000-7f1ec2452000 r--p 00004000 08:03 4199775                    /usr/lib/x86_64-linux-gnu/libXxf86vm.so.1.0.0
7f1ec2452000-7f1ec2453000 rw-p 00005000 08:03 4199775                    /usr/lib/x86_64-linux-gnu/libXxf86vm.so.1.0.0
7f1ec2453000-7f1ec24bf000 r-xp 00000000 08:01 300856                     /media/winDisk/Users/ChobeDucket/Documents/sheep/android/assets/.temp/7b43be9b/liblwjgl64.so
7f1ec24bf000-7f1ec26be000 ---p 0006c000 08:01 300856                     /media/winDisk/Users/ChobeDucket/Documents/sheep/android/assets/.temp/7b43be9b/liblwjgl64.so
7f1ec26be000-7f1ec26c0000 r--p 0006b000 08:01 300856                     /media/winDisk/Users/ChobeDucket/Documents/sheep/android/assets/.temp/7b43be9b/liblwjgl64.so
7f1ec26c0000-7f1ec26c1000 rw-p 0006d000 08:01 300856                     /media/winDisk/Users/ChobeDucket/Documents/sheep/android/assets/.temp/7b43be9b/liblwjgl64.so
7f1ec26c1000-7f1ec26c2000 r-xp 00000000 08:03 3934229                    /usr/lib/jvm/java-7-openjdk-amd64/jre/lib/amd64/libjawt.so
7f1ec26c2000-7f1ec28c1000 ---p 00001000 08:03 3934229                    /usr/lib/jvm/java-7-openjdk-amd64/jre/lib/amd64/libjawt.so
7f1ec28c1000-7f1ec28c2000 r--p 00000000 08:03 3934229                    /usr/lib/jvm/java-7-openjdk-amd64/jre/lib/amd64/libjawt.so
7f1ec28c2000-7f1ec28c3000 rw-p 00001000 08:03 3934229                    /usr/lib/jvm/java-7-openjdk-amd64/jre/lib/amd64/libjawt.so
7f1ec28c3000-7f1ec28c6000 ---p 00000000 00:00 0 
7f1ec28c6000-7f1ec29c4000 rw-p 00000000 00:00 0 
7f1ec29c4000-7f1ec29c7000 ---p 00000000 00:00 0 
7f1ec29c7000-7f1ec2ac5000 rw-p 00000000 00:00 0 
7f1ec2ac5000-7f1ec2ac8000 r-xp 00000000 08:03 12190599                   /lib/x86_64-linux-gnu/libgpg-error.so.0.8.0
7f1ec2ac8000-7f1ec2cc7000 ---p 00003000 08:03 12190599                   /lib/x86_64-linux-gnu/libgpg-error.so.0.8.0
7f1ec2cc7000-7f1ec2cc8000 rw-p 00002000 08:03 12190599                   /lib/x86_64-linux-gnu/libgpg-error.so.0.8.0
7f1ec2cc8000-7f1ec2d0c000 r-xp 00000000 08:03 12190580                   /lib/x86_64-linux-gnu/libdbus-1.so.3.7.2
7f1ec2d0c000-7f1ec2f0c000 ---p 00044000 08:03 12190580                   /lib/x86_64-linux-gnu/libdbus-1.so.3.7.2
7f1ec2f0c000-7f1ec2f0d000 r--p 00044000 08:03 12190580                   /lib/x86_64-linux-gnu/libdbus-1.so.3.7.2
7f1ec2f0d000-7f1ec2f0e000 rw-p 00045000 08:03 12190580                   /lib/x86_64-linux-gnu/libdbus-1.so.3.7.2
7f1ec2f0e000-7f1ec2f1f000 r-xp 00000000 08:03 4200305                    /usr/lib/x86_64-linux-gnu/libp11-kit.so.0.0.0
7f1ec2f1f000-7f1ec311e000 ---p 00011000 08:03 4200305                    /usr/lib/x86_64-linux-gnu/libp11-kit.so.0.0.0
7f1ec311e000-7f1ec311f000 r--p 00010000 08:03 4200305                    /usr/lib/x86_64-linux-gnu/libp11-kit.so.0.0.0
7f1ec311f000-7f1ec3120000 rw-p 00011000 08:03 4200305                    /usr/lib/x86_64-linux-gnu/libp11-kit.so.0.0.0
7f1ec3120000-7f1ec319a000 r-xp 00000000 08:03 12190595                   /lib/x86_64-linux-gnu/libgcrypt.so.11.7.0
7f1ec319a000-7f1ec339a000 ---p 0007a000 08:03 12190595                   /lib/x86_64-linux-gnu/libgcrypt.so.11.7.0
7f1ec339a000-7f1ec339b000 r--p 0007a000 08:03 12190595                   /lib/x86_64-linux-gnu/libgcrypt.so.11.7.0
7f1ec339b000-7f1ec339e000 rw-p 0007b000 08:03 12190595                   /lib/x86_64-linux-gnu/libgcrypt.so.11.7.0
7f1ec339e000-7f1ec33ae000 r-xp 00000000 08:03 4200448                    /usr/lib/x86_64-linux-gnu/libtasn1.so.3.1.16
7f1ec33ae000-7f1ec35ad000 ---p 00010000 08:03 4200448                    /usr/lib/x86_64-linux-gnu/libtasn1.so.3.1.16
7f1ec35ad000-7f1ec35ae000 r--p 0000f000 08:03 4200448                    /usr/lib/x86_64-linux-gnu/libtasn1.so.3.1.16
7f1ec35ae000-7f1ec35af000 rw-p 00010000 08:03 4200448                    /usr/lib/x86_64-linux-gnu/libtasn1.so.3.1.16
7f1ec35af000-7f1ec35b2000 r-xp 00000000 08:03 12190610                   /lib/x86_64-linux-gnu/libkeyutils.so.1.4
7f1ec35b2000-7f1ec37b1000 ---p 00003000 08:03 12190610                   /lib/x86_64-linux-gnu/libkeyutils.so.1.4
7f1ec37b1000-7f1ec37b2000 r--p 00002000 08:03 12190610                   /lib/x86_64-linux-gnu/libkeyutils.so.1.4
7f1ec37b2000-7f1ec37b3000 rw-p 00003000 08:03 12190610                   /lib/x86_64-linux-gnu/libkeyutils.so.1.4
7f1ec37b3000-7f1ec37bb000 r-xp 00000000 08:03 4200208                    /usr/lib/x86_64-linux-gnu/libkrb5support.so.0.1
7f1ec37bb000-7f1ec39ba000 ---p 00008000 08:03 4200208                    /usr/lib/x86_64-linux-gnu/libkrb5support.so.0.1
7f1ec39ba000-7f1ec39bb000 r--p 00007000 08:03 4200208                    /usr/lib/x86_64-linux-gnu/libkrb5support.so.0.1
7f1ec39bb000-7f1ec39bc000 rw-p 00008000 08:03 4200208                    /usr/lib/x86_64-linux-gnu/libkrb5support.so.0.1
7f1ec39bc000-7f1ec39bf000 r-xp 00000000 08:03 12190576                   /lib/x86_64-linux-gnu/libcom_err.so.2.1
7f1ec39bf000-7f1ec3bbe000 ---p 00003000 08:03 12190576                   /lib/x86_64-linux-gnu/libcom_err.so.2.1
7f1ec3bbe000-7f1ec3bbf000 r--p 00002000 08:03 12190576                   /lib/x86_64-linux-gnu/libcom_err.so.2.1
7f1ec3bbf000-7f1ec3bc0000 rw-p 00003000 08:03 12190576                   /lib/x86_64-linux-gnu/libcom_err.so.2.1
7f1ec3bc0000-7f1ec3be6000 r-xp 00000000 08:03 4200198                    /usr/lib/x86_64-linux-gnu/libk5crypto.so.3.1
7f1ec3be6000-7f1ec3de6000 ---p 00026000 08:03 4200198                    /usr/lib/x86_64-linux-gnu/libk5crypto.so.3.1
7f1ec3de6000-7f1ec3de7000 r--p 00026000 08:03 4200198                    /usr/lib/x86_64-linux-gnu/libk5crypto.so.3.1
7f1ec3de7000-7f1ec3de8000 rw-p 00027000 08:03 4200198                    /usr/lib/x86_64-linux-gnu/libk5crypto.so.3.1
7f1ec3de8000-7f1ec3de9000 rw-p 00000000 00:00 0 
7f1ec3de9000-7f1ec3eb2000 r-xp 00000000 08:03 4200206                    /usr/lib/x86_64-linux-gnu/libkrb5.so.3.3
7f1ec3eb2000-7f1ec40b1000 ---p 000c9000 08:03 4200206                    /usr/lib/x86_64-linux-gnu/libkrb5.so.3.3
7f1ec40b1000-7f1ec40bb000 r--p 000c8000 08:03 4200206                    /usr/lib/x86_64-linux-gnu/libkrb5.so.3.3
7f1ec40bb000-7f1ec40bd000 rw-p 000d2000 08:03 4200206                    /usr/lib/x86_64-linux-gnu/libkrb5.so.3.3
7f1ec40bd000-7f1ec40c2000 r-xp 00000000 08:03 4199743                    /usr/lib/x86_64-linux-gnu/libXdmcp.so.6.0.0
7f1ec40c2000-7f1ec42c1000 ---p 00005000 08:03 4199743                    /usr/lib/x86_64-linux-gnu/libXdmcp.so.6.0.0
7f1ec42c1000-7f1ec42c2000 rw-p 00004000 08:03 4199743                    /usr/lib/x86_64-linux-gnu/libXdmcp.so.6.0.0
7f1ec42c2000-7f1ec42c4000 r-xp 00000000 08:03 4199732                    /usr/lib/x86_64-linux-gnu/libXau.so.6.0.0
7f1ec42c4000-7f1ec44c4000 ---p 00002000 08:03 4199732                    /usr/lib/x86_64-linux-gnu/libXau.so.6.0.0
7f1ec44c4000-7f1ec44c5000 rw-p 00002000 08:03 4199732                    /usr/lib/x86_64-linux-gnu/libXau.so.6.0.0
7f1ec44c5000-7f1ec44d5000 r-xp 00000000 08:03 4199807                    /usr/lib/x86_64-linux-gnu/libavahi-client.so.3.2.9
7f1ec44d5000-7f1ec46d4000 ---p 00010000 08:03 4199807                    /usr/lib/x86_64-linux-gnu/libavahi-client.so.3.2.9
7f1ec46d4000-7f1ec46d5000 r--p 0000f000 08:03 4199807                    /usr/lib/x86_64-linux-gnu/libavahi-client.so.3.2.9
7f1ec46d5000-7f1ec46d6000 rw-p 00010000 08:03 4199807                    /usr/lib/x86_64-linux-gnu/libavahi-client.so.3.2.9
7f1ec46d6000-7f1ec46e2000 r-xp 00000000 08:03 4199809                    /usr/lib/x86_64-linux-gnu/libavahi-common.so.3.5.3
7f1ec46e2000-7f1ec48e1000 ---p 0000c000 08:03 4199809                    /usr/lib/x86_64-linux-gnu/libavahi-common.so.3.5.3
7f1ec48e1000-7f1ec48e2000 r--p 0000b000 08:03 4199809                    /usr/lib/x86_64-linux-gnu/libavahi-common.so.3.5.3
7f1ec48e2000-7f1ec48e3000 rw-p 0000c000 08:03 4199809                    /usr/lib/x86_64-linux-gnu/libavahi-common.so.3.5.3
7f1ec48e3000-7f1ec499c000 r-xp 00000000 08:03 4200060                    /usr/lib/x86_64-linux-gnu/libgnutls.so.26.22.4
7f1ec499c000-7f1ec4b9b000 ---p 000b9000 08:03 4200060                    /usr/lib/x86_64-linux-gnu/libgnutls.so.26.22.4
7f1ec4b9b000-7f1ec4ba1000 r--p 000b8000 08:03 4200060                    /usr/lib/x86_64-linux-gnu/libgnutls.so.26.22.4
7f1ec4ba1000-7f1ec4ba3000 rw-p 000be000 08:03 4200060                    /usr/lib/x86_64-linux-gnu/libgnutls.so.26.22.4
7f1ec4ba3000-7f1ec4bdf000 r-xp 00000000 08:03 4200085                    /usr/lib/x86_64-linux-gnu/libgssapi_krb5.so.2.2
7f1ec4bdf000-7f1ec4ddf000 ---p 0003c000 08:03 4200085                    /usr/lib/x86_64-linux-gnu/libgssapi_krb5.so.2.2
7f1ec4ddf000-7f1ec4de0000 r--p 0003c000 08:03 4200085                    /usr/lib/x86_64-linux-gnu/libgssapi_krb5.so.2.2
7f1ec4de0000-7f1ec4de2000 rw-p 0003d000 08:03 4200085                    /usr/lib/x86_64-linux-gnu/libgssapi_krb5.so.2.2
7f1ec4de2000-7f1ec4e1e000 r-xp 00000000 08:03 12190663                   /lib/x86_64-linux-gnu/libpcre.so.3.13.1
7f1ec4e1e000-7f1ec501e000 ---p 0003c000 08:03 12190663                   /lib/x86_64-linux-gnu/libpcre.so.3.13.1
7f1ec501e000-7f1ec501f000 rw-p 0003c000 08:03 12190663                   /lib/x86_64-linux-gnu/libpcre.so.3.13.1
7f1ec501f000-7f1ec502b000 r-xp 00000000 08:03 4199961                    /usr/lib/x86_64-linux-gnu/libffi.so.5.0.10
7f1ec502b000-7f1ec522b000 ---p 0000c000 08:03 4199961                    /usr/lib/x86_64-linux-gnu/libffi.so.5.0.10
7f1ec522b000-7f1ec522c000 rw-p 0000c000 08:03 4199961                    /usr/lib/x86_64-linux-gnu/libffi.so.5.0.10
7f1ec522c000-7f1ec5253000 r-xp 00000000 08:03 12190588                   /lib/x86_64-linux-gnu/libexpat.so.1.6.0
7f1ec5253000-7f1ec5453000 ---p 00027000 08:03 12190588                   /lib/x86_64-linux-gnu/libexpat.so.1.6.0
7f1ec5453000-7f1ec5455000 r--p 00027000 08:03 12190588                   /lib/x86_64-linux-gnu/libexpat.so.1.6.0
7f1ec5455000-7f1ec5456000 rw-p 00029000 08:03 12190588                   /lib/x86_64-linux-gnu/libexpat.so.1.6.0
7f1ec5456000-7f1ec545e000 r-xp 00000000 08:03 4200521                    /usr/lib/x86_64-linux-gnu/libxcb-render.so.0.0.0
7f1ec545e000-7f1ec565e000 ---p 00008000 08:03 4200521                    /usr/lib/x86_64-linux-gnu/libxcb-render.so.0.0.0
7f1ec565e000-7f1ec565f000 r--p 00008000 08:03 4200521                    /usr/lib/x86_64-linux-gnu/libxcb-render.so.0.0.0
7f1ec565f000-7f1ec5660000 rw-p 00009000 08:03 4200521                    /usr/lib/x86_64-linux-gnu/libxcb-render.so.0.0.0
7f1ec5660000-7f1ec5662000 r-xp 00000000 08:03 4200525                    /usr/lib/x86_64-linux-gnu/libxcb-shm.so.0.0.0
7f1ec5662000-7f1ec5861000 ---p 00002000 08:03 4200525                    /usr/lib/x86_64-linux-gnu/libxcb-shm.so.0.0.0
7f1ec5861000-7f1ec5862000 r--p 00001000 08:03 4200525                    /usr/lib/x86_64-linux-gnu/libxcb-shm.so.0.0.0
7f1ec5862000-7f1ec5863000 rw-p 00002000 08:03 4200525                    /usr/lib/x86_64-linux-gnu/libxcb-shm.so.0.0.0
7f1ec5863000-7f1ec58e3000 r-xp 00000000 08:03 4200335                    /usr/lib/x86_64-linux-gnu/libpixman-1.so.0.26.0
7f1ec58e3000-7f1ec5ae3000 ---p 00080000 08:03 4200335                    /usr/lib/x86_64-linux-gnu/libpixman-1.so.0.26.0
7f1ec5ae3000-7f1ec5ae9000 rw-p 00080000 08:03 4200335                    /usr/lib/x86_64-linux-gnu/libpixman-1.so.0.26.0
7f1ec5ae9000-7f1ec5b0f000 r-xp 00000000 08:03 12190665                   /lib/x86_64-linux-gnu/libpng12.so.0.49.0
7f1ec5b0f000-7f1ec5d0e000 ---p 00026000 08:03 12190665                   /lib/x86_64-linux-gnu/libpng12.so.0.49.0
7f1ec5d0e000-7f1ec5d0f000 r--p 00025000 08:03 12190665                   /lib/x86_64-linux-gnu/libpng12.so.0.49.0
7f1ec5d0f000-7f1ec5d10000 rw-p 00026000 08:03 12190665                   /lib/x86_64-linux-gnu/libpng12.so.0.49.0
7f1ec5d10000-7f1ec5d23000 r-xp 00000000 08:03 12190676                   /lib/x86_64-linux-gnu/libresolv-2.13.so
7f1ec5d23000-7f1ec5f22000 ---p 00013000 08:03 12190676                   /lib/x86_64-linux-gnu/libresolv-2.13.so
7f1ec5f22000-7f1ec5f23000 r--p 00012000 08:03 12190676                   /lib/x86_64-linux-gnu/libresolv-2.13.so
7f1ec5f23000-7f1ec5f24000 rw-p 00013000 08:03 12190676                   /lib/x86_64-linux-gnu/libresolv-2.13.so
7f1ec5f24000-7f1ec5f26000 rw-p 00000000 00:00 0 
7f1ec5f26000-7f1ec5f44000 r-xp 00000000 08:03 12190680                   /lib/x86_64-linux-gnu/libselinux.so.1
7f1ec5f44000-7f1ec6143000 ---p 0001e000 08:03 12190680                   /lib/x86_64-linux-gnu/libselinux.so.1
7f1ec6143000-7f1ec6144000 r--p 0001d000 08:03 12190680                   /lib/x86_64-linux-gnu/libselinux.so.1
7f1ec6144000-7f1ec6145000 rw-p 0001e000 08:03 12190680                   /lib/x86_64-linux-gnu/libselinux.so.1
7f1ec6145000-7f1ec6146000 rw-p 00000000 00:00 0 
7f1ec6146000-7f1ec6149000 r-xp 00000000 08:03 4200052                    /usr/lib/x86_64-linux-gnu/libgmodule-2.0.so.0.3200.4
7f1ec6149000-7f1ec6348000 ---p 00003000 08:03 4200052                    /usr/lib/x86_64-linux-gnu/libgmodule-2.0.so.0.3200.4
7f1ec6348000-7f1ec6349000 r--p 00002000 08:03 4200052                    /usr/lib/x86_64-linux-gnu/libgmodule-2.0.so.0.3200.4
7f1ec6349000-7f1ec634a000 rw-p 00003000 08:03 4200052                    /usr/lib/x86_64-linux-gnu/libgmodule-2.0.so.0.3200.4
7f1ec634a000-7f1ec6354000 r-xp 00000000 08:03 4199739                    /usr/lib/x86_64-linux-gnu/libXcursor.so.1.0.2
7f1ec6354000-7f1ec6553000 ---p 0000a000 08:03 4199739                    /usr/lib/x86_64-linux-gnu/libXcursor.so.1.0.2
7f1ec6553000-7f1ec6554000 rw-p 00009000 08:03 4199739                    /usr/lib/x86_64-linux-gnu/libXcursor.so.1.0.2
7f1ec6554000-7f1ec655b000 r-xp 00000000 08:03 4199761                    /usr/lib/x86_64-linux-gnu/libXrandr.so.2.2.0
7f1ec655b000-7f1ec675b000 ---p 00007000 08:03 4199761                    /usr/lib/x86_64-linux-gnu/libXrandr.so.2.2.0
7f1ec675b000-7f1ec675c000 rw-p 00007000 08:03 4199761                    /usr/lib/x86_64-linux-gnu/libXrandr.so.2.2.0
7f1ec675c000-7f1ec675e000 r-xp 00000000 08:03 4199753                    /usr/lib/x86_64-linux-gnu/libXinerama.so.1.0.0
7f1ec675e000-7f1ec695d000 ---p 00002000 08:03 4199753                    /usr/lib/x86_64-linux-gnu/libXinerama.so.1.0.0
7f1ec695d000-7f1ec695e000 rw-p 00001000 08:03 4199753                    /usr/lib/x86_64-linux-gnu/libXinerama.so.1.0.0
7f1ec695e000-7f1ec6963000 r-xp 00000000 08:03 4199747                    /usr/lib/x86_64-linux-gnu/libXfixes.so.3.1.0
7f1ec6963000-7f1ec6b62000 ---p 00005000 08:03 4199747                    /usr/lib/x86_64-linux-gnu/libXfixes.so.3.1.0
7f1ec6b62000-7f1ec6b63000 r--p 00004000 08:03 4199747                    /usr/lib/x86_64-linux-gnu/libXfixes.so.3.1.0
7f1ec6b63000-7f1ec6b64000 rw-p 00005000 08:03 4199747                    /usr/lib/x86_64-linux-gnu/libXfixes.so.3.1.0
7f1ec6b64000-7f1ec6b66000 r-xp 00000000 08:03 4199741                    /usr/lib/x86_64-linux-gnu/libXdamage.so.1.1.0
7f1ec6b66000-7f1ec6d65000 ---p 00002000 08:03 4199741                    /usr/lib/x86_64-linux-gnu/libXdamage.so.1.1.0
7f1ec6d65000-7f1ec6d66000 rw-p 00001000 08:03 4199741                    /usr/lib/x86_64-linux-gnu/libXdamage.so.1.1.0
7f1ec6d66000-7f1ec6d68000 r-xp 00000000 08:03 4199737                    /usr/lib/x86_64-linux-gnu/libXcomposite.so.1.0.0
7f1ec6d68000-7f1ec6f67000 ---p 00002000 08:03 4199737                    /usr/lib/x86_64-linux-gnu/libXcomposite.so.1.0.0
7f1ec6f67000-7f1ec6f68000 rw-p 00001000 08:03 4199737                    /usr/lib/x86_64-linux-gnu/libXcomposite.so.1.0.0
7f1ec6f68000-7f1ec6f87000 r-xp 00000000 08:03 4200529                    /usr/lib/x86_64-linux-gnu/libxcb.so.1.1.0
7f1ec6f87000-7f1ec7186000 ---p 0001f000 08:03 4200529                    /usr/lib/x86_64-linux-gnu/libxcb.so.1.1.0
7f1ec7186000-7f1ec7187000 r--p 0001e000 08:03 4200529                    /usr/lib/x86_64-linux-gnu/libxcb.so.1.1.0
7f1ec7187000-7f1ec7188000 rw-p 0001f000 08:03 4200529                    /usr/lib/x86_64-linux-gnu/libxcb.so.1.1.0
7f1ec7188000-7f1ec71db000 r-xp 00000000 08:03 4199889                    /usr/lib/x86_64-linux-gnu/libcups.so.2
7f1ec71db000-7f1ec73da000 ---p 00053000 08:03 4199889                    /usr/lib/x86_64-linux-gnu/libcups.so.2
7f1ec73da000-7f1ec73df000 r--p 00052000 08:03 4199889                    /usr/lib/x86_64-linux-gnu/libcups.so.2
7f1ec73df000-7f1ec73e0000 rw-p 00057000 08:03 4199889                    /usr/lib/x86_64-linux-gnu/libcups.so.2
7f1ec73e0000-7f1ec74d5000 r-xp 00000000 08:03 12190597                   /lib/x86_64-linux-gnu/libglib-2.0.so.0.3200.4
7f1ec74d5000-7f1ec76d5000 ---p 000f5000 08:03 12190597                   /lib/x86_64-linux-gnu/libglib-2.0.so.0.3200.4
7f1ec76d5000-7f1ec76d6000 r--p 000f5000 08:03 12190597                   /lib/x86_64-linux-gnu/libglib-2.0.so.0.3200.4
7f1ec76d6000-7f1ec76d7000 rw-p 000f6000 08:03 12190597                   /lib/x86_64-linux-gnu/libglib-2.0.so.0.3200.4
7f1ec76d7000-7f1ec76d8000 rw-p 00000000 00:00 0 
7f1ec76d8000-7f1ec76d9000 r-xp 00000000 08:03 4200137                    /usr/lib/x86_64-linux-gnu/libgthread-2.0.so.0.3200.4
7f1ec76d9000-7f1ec78d8000 ---p 00001000 08:03 4200137                    /usr/lib/x86_64-linux-gnu/libgthread-2.0.so.0.3200.4
7f1ec78d8000-7f1ec78d9000 r--p 00000000 08:03 4200137                    /usr/lib/x86_64-linux-gnu/libgthread-2.0.so.0.3200.4
7f1ec78d9000-7f1ec78da000 rw-p 00001000 08:03 4200137                    /usr/lib/x86_64-linux-gnu/libgthread-2.0.so.0.3200.4
7f1ec78da000-7f1ec7928000 r-xp 00000000 08:03 4200068                    /usr/lib/x86_64-linux-gnu/libgobject-2.0.so.0.3200.4
7f1ec7928000-7f1ec7b28000 ---p 0004e000 08:03 4200068                    /usr/lib/x86_64-linux-gnu/libgobject-2.0.so.0.3200.4
7f1ec7b28000-7f1ec7b29000 r--p 0004e000 08:03 4200068                    /usr/lib/x86_64-linux-gnu/libgobject-2.0.so.0.3200.4
7f1ec7b29000-7f1ec7b2a000 rw-p 0004f000 08:03 4200068                    /usr/lib/x86_64-linux-gnu/libgobject-2.0.so.0.3200.4
7f1ec7b2a000-7f1ec7b5f000 r-xp 00000000 08:03 4199999                    /usr/lib/x86_64-linux-gnu/libfontconfig.so.1.5.0
7f1ec7b5f000-7f1ec7d5f000 ---p 00035000 08:03 4199999                    /usr/lib/x86_64-linux-gnu/libfontconfig.so.1.5.0
7f1ec7d5f000-7f1ec7d60000 r--p 00035000 08:03 4199999                    /usr/lib/x86_64-linux-gnu/libfontconfig.so.1.5.0
7f1ec7d60000-7f1ec7d61000 rw-p 00036000 08:03 4199999                    /usr/lib/x86_64-linux-gnu/libfontconfig.so.1.5.0
7f1ec7d61000-7f1ec7dfa000 r-xp 00000000 08:03 4200007                    /usr/lib/x86_64-linux-gnu/libfreetype.so.6.8.1
7f1ec7dfa000-7f1ec7ff9000 ---p 00099000 08:03 4200007                    /usr/lib/x86_64-linux-gnu/libfreetype.so.6.8.1
7f1ec7ff9000-7f1ec7fff000 r--p 00098000 08:03 4200007                    /usr/lib/x86_64-linux-gnu/libfreetype.so.6.8.1
7f1ec7fff000-7f1ec8000000 rw-p 0009e000 08:03 4200007                    /usr/lib/x86_64-linux-gnu/libfreetype.so.6.8.1
7f1ec8000000-7f1ec9357000 rw-p 00000000 00:00 0 
7f1ec9357000-7f1ecc000000 ---p 00000000 00:00 0 
7f1ecc038000-7f1ecc0b5000 rw-p 00000000 00:00 0 
7f1ecc0b5000-7f1ecc0b8000 ---p 00000000 00:00 0 
7f1ecc0b8000-7f1ecc0ee000 rw-p 00000000 00:00 0 
7f1ecc0ee000-7f1ecc138000 r-xp 00000000 08:03 4200313                    /usr/lib/x86_64-linux-gnu/libpango-1.0.so.0.3000.0
7f1ecc138000-7f1ecc338000 ---p 0004a000 08:03 4200313                    /usr/lib/x86_64-linux-gnu/libpango-1.0.so.0.3000.0
7f1ecc338000-7f1ecc33a000 r--p 0004a000 08:03 4200313                    /usr/lib/x86_64-linux-gnu/libpango-1.0.so.0.3000.0
7f1ecc33a000-7f1ecc33b000 rw-p 0004c000 08:03 4200313                    /usr/lib/x86_64-linux-gnu/libpango-1.0.so.0.3000.0
7f1ecc33b000-7f1ecc42f000 r-xp 00000000 08:03 4199843                    /usr/lib/x86_64-linux-gnu/libcairo.so.2.11200.2
7f1ecc42f000-7f1ecc62e000 ---p 000f4000 08:03 4199843                    /usr/lib/x86_64-linux-gnu/libcairo.so.2.11200.2
7f1ecc62e000-7f1ecc631000 r--p 000f3000 08:03 4199843                    /usr/lib/x86_64-linux-gnu/libcairo.so.2.11200.2
7f1ecc631000-7f1ecc632000 rw-p 000f6000 08:03 4199843                    /usr/lib/x86_64-linux-gnu/libcairo.so.2.11200.2
7f1ecc632000-7f1ecc634000 rw-p 00000000 00:00 0 
7f1ecc634000-7f1ecc653000 r-xp 00000000 08:03 4200030                    /usr/lib/x86_64-linux-gnu/libgdk_pixbuf-2.0.so.0.2600.1
7f1ecc653000-7f1ecc852000 ---p 0001f000 08:03 4200030                    /usr/lib/x86_64-linux-gnu/libgdk_pixbuf-2.0.so.0.2600.1
7f1ecc852000-7f1ecc853000 r--p 0001e000 08:03 4200030                    /usr/lib/x86_64-linux-gnu/libgdk_pixbuf-2.0.so.0.2600.1
7f1ecc853000-7f1ecc854000 rw-p 0001f000 08:03 4200030                    /usr/lib/x86_64-linux-gnu/libgdk_pixbuf-2.0.so.0.2600.1
7f1ecc854000-7f1ecc860000 r-xp 00000000 08:03 4200315                    /usr/lib/x86_64-linux-gnu/libpangocairo-1.0.so.0.3000.0
7f1ecc860000-7f1ecca5f000 ---p 0000c000 08:03 4200315                    /usr/lib/x86_64-linux-gnu/libpangocairo-1.0.so.0.3000.0
7f1ecca5f000-7f1ecca60000 r--p 0000b000 08:03 4200315                    /usr/lib/x86_64-linux-gnu/libpangocairo-1.0.so.0.3000.0
7f1ecca60000-7f1ecca61000 rw-p 0000c000 08:03 4200315                    /usr/lib/x86_64-linux-gnu/libpangocairo-1.0.so.0.3000.0
7f1ecca61000-7f1ecca8b000 r-xp 00000000 08:03 4200317                    /usr/lib/x86_64-linux-gnu/libpangoft2-1.0.so.0.3000.0
7f1ecca8b000-7f1eccc8a000 ---p 0002a000 08:03 4200317                    /usr/lib/x86_64-linux-gnu/libpangoft2-1.0.so.0.3000.0
7f1eccc8a000-7f1eccc8b000 r--p 00029000 08:03 4200317                    /usr/lib/x86_64-linux-gnu/libpangoft2-1.0.so.0.3000.0
7f1eccc8b000-7f1eccc8c000 rw-p 0002a000 08:03 4200317                    /usr/lib/x86_64-linux-gnu/libpangoft2-1.0.so.0.3000.0
7f1eccc8c000-7f1eccdd8000 r-xp 00000000 08:03 4200042                    /usr/lib/x86_64-linux-gnu/libgio-2.0.so.0.3200.4
7f1eccdd8000-7f1eccfd7000 ---p 0014c000 08:03 4200042                    /usr/lib/x86_64-linux-gnu/libgio-2.0.so.0.3200.4
7f1eccfd7000-7f1eccfdb000 r--p 0014b000 08:03 4200042                    /usr/lib/x86_64-linux-gnu/libgio-2.0.so.0.3200.4
7f1eccfdb000-7f1eccfdd000 rw-p 0014f000 08:03 4200042                    /usr/lib/x86_64-linux-gnu/libgio-2.0.so.0.3200.4
7f1eccfdd000-7f1eccfdf000 rw-p 00000000 00:00 0 
7f1eccfdf000-7f1ecd000000 r-xp 00000000 08:03 4199799                    /usr/lib/x86_64-linux-gnu/libatk-1.0.so.0.20409.1
7f1ecd000000-7f1ecd1ff000 ---p 00021000 08:03 4199799                    /usr/lib/x86_64-linux-gnu/libatk-1.0.so.0.20409.1
7f1ecd1ff000-7f1ecd201000 r--p 00020000 08:03 4199799                    /usr/lib/x86_64-linux-gnu/libatk-1.0.so.0.20409.1
7f1ecd201000-7f1ecd202000 rw-p 00022000 08:03 4199799                    /usr/lib/x86_64-linux-gnu/libatk-1.0.so.0.20409.1
7f1ecd202000-7f1ecd2b1000 r-xp 00000000 08:03 4200028                    /usr/lib/x86_64-linux-gnu/libgdk-x11-2.0.so.0.2400.10
7f1ecd2b1000-7f1ecd4b0000 ---p 000af000 08:03 4200028                    /usr/lib/x86_64-linux-gnu/libgdk-x11-2.0.so.0.2400.10
7f1ecd4b0000-7f1ecd4b5000 rw-p 000ae000 08:03 4200028                    /usr/lib/x86_64-linux-gnu/libgdk-x11-2.0.so.0.2400.10
7f1ecd4b5000-7f1ecd8e7000 r-xp 00000000 08:03 4200141                    /usr/lib/x86_64-linux-gnu/libgtk-x11-2.0.so.0.2400.10
7f1ecd8e7000-7f1ecdae7000 ---p 00432000 08:03 4200141                    /usr/lib/x86_64-linux-gnu/libgtk-x11-2.0.so.0.2400.10
7f1ecdae7000-7f1ecdaf2000 rw-p 00432000 08:03 4200141                    /usr/lib/x86_64-linux-gnu/libgtk-x11-2.0.so.0.2400.10
7f1ecdaf2000-7f1ecdaf4000 rw-p 00000000 00:00 0 
7f1ecdaf4000-7f1ecdb02000 r-xp 00000000 08:03 4199751                    /usr/lib/x86_64-linux-gnu/libXi.so.6.1.0
7f1ecdb02000-7f1ecdd02000 ---p 0000e000 08:03 4199751                    /usr/lib/x86_64-linux-gnu/libXi.so.6.1.0
7f1ecdd02000-7f1ecdd03000 rw-p 0000e000 08:03 4199751                    /usr/lib/x86_64-linux-gnu/libXi.so.6.1.0
7f1ecdd03000-7f1ecdd08000 r-xp 00000000 08:03 4199769                    /usr/lib/x86_64-linux-gnu/libXtst.so.6.1.0
7f1ecdd08000-7f1ecdf07000 ---p 00005000 08:03 4199769                    /usr/lib/x86_64-linux-gnu/libXtst.so.6.1.0
7f1ecdf07000-7f1ecdf08000 rw-p 00004000 08:03 4199769                    /usr/lib/x86_64-linux-gnu/libXtst.so.6.1.0
7f1ecdf08000-7f1ecdf11000 r-xp 00000000 08:03 4199763                    /usr/lib/x86_64-linux-gnu/libXrender.so.1.3.0
7f1ecdf11000-7f1ece110000 ---p 00009000 08:03 4199763                    /usr/lib/x86_64-linux-gnu/libXrender.so.1.3.0
7f1ece110000-7f1ece111000 rw-p 00008000 08:03 4199763                    /usr/lib/x86_64-linux-gnu/libXrender.so.1.3.0
7f1ece111000-7f1ece246000 r-xp 00000000 08:03 4199728                    /usr/lib/x86_64-linux-gnu/libX11.so.6.3.0
7f1ece246000-7f1ece446000 ---p 00135000 08:03 4199728                    /usr/lib/x86_64-linux-gnu/libX11.so.6.3.0
7f1ece446000-7f1ece44c000 rw-p 00135000 08:03 4199728                    /usr/lib/x86_64-linux-gnu/libX11.so.6.3.0
7f1ece44c000-7f1ece45d000 r-xp 00000000 08:03 4199745                    /usr/lib/x86_64-linux-gnu/libXext.so.6.4.0
7f1ece45d000-7f1ece65d000 ---p 00011000 08:03 4199745                    /usr/lib/x86_64-linux-gnu/libXext.so.6.4.0
7f1ece65d000-7f1ece65e000 rw-p 00011000 08:03 4199745                    /usr/lib/x86_64-linux-gnu/libXext.so.6.4.0
7f1ece666000-7f1ece676000 rw-s e0200000 00:05 8262                       /dev/ati/card0
7f1ece676000-7f1ece67f000 r--s 000b9000 08:03 3934170                    /usr/lib/jvm/java-7-openjdk-amd64/jre/lib/resources.jar
7f1ece67f000-7f1ece6d2000 r-xp 00000000 08:03 3934319                    /usr/lib/jvm/java-7-openjdk-amd64/jre/lib/amd64/xawt/libmawt.so
7f1ece6d2000-7f1ece8d1000 ---p 00053000 08:03 3934319                    /usr/lib/jvm/java-7-openjdk-amd64/jre/lib/amd64/xawt/libmawt.so
7f1ece8d1000-7f1ece8d2000 r--p 00052000 08:03 3934319                    /usr/lib/jvm/java-7-openjdk-amd64/jre/lib/amd64/xawt/libmawt.so
7f1ece8d2000-7f1ece8d5000 rw-p 00053000 08:03 3934319                    /usr/lib/jvm/java-7-openjdk-amd64/jre/lib/amd64/xawt/libmawt.so
7f1ece8d5000-7f1ece8d6000 rw-p 00000000 00:00 0 
7f1ece8d6000-7f1ece977000 r-xp 00000000 08:03 3934218                    /usr/lib/jvm/java-7-openjdk-amd64/jre/lib/amd64/libawt.so
7f1ece977000-7f1eceb76000 ---p 000a1000 08:03 3934218                    /usr/lib/jvm/java-7-openjdk-amd64/jre/lib/amd64/libawt.so
7f1eceb76000-7f1eceb77000 r--p 000a0000 08:03 3934218                    /usr/lib/jvm/java-7-openjdk-amd64/jre/lib/amd64/libawt.so
7f1eceb77000-7f1eceb82000 rw-p 000a1000 08:03 3934218                    /usr/lib/jvm/java-7-openjdk-amd64/jre/lib/amd64/libawt.so
7f1eceb82000-7f1eceba7000 rw-p 00000000 00:00 0 
7f1eceba7000-7f1ecebe4000 r-xp 00000000 08:03 10486184                   /tmp/libgdxchobe/5502b6ed/libgdx64.so
7f1ecebe4000-7f1ecede3000 ---p 0003d000 08:03 10486184                   /tmp/libgdxchobe/5502b6ed/libgdx64.so
7f1ecede3000-7f1ecede4000 r--p 0003c000 08:03 10486184                   /tmp/libgdxchobe/5502b6ed/libgdx64.so
7f1ecede4000-7f1ecede5000 rw-p 0003d000 08:03 10486184                   /tmp/libgdxchobe/5502b6ed/libgdx64.so
7f1ecede5000-7f1ecede6000 r--s 00002000 08:03 10488693                   /home/chobe/.gradle/caches/modules-2/files-2.1/net.java.jinput/jinput-platform/2.0.5/53f9c919f34d2ca9de8c51fc4e1e8282029a9232/jinput-platform-2.0.5-natives-osx.jar
7f1ecede6000-7f1ecede7000 r--s 00025000 08:03 10488692                   /home/chobe/.gradle/caches/modules-2/files-2.1/net.java.jinput/jinput-platform/2.0.5/385ee093e01f587f30ee1c8a2ee7d408fd732e16/jinput-platform-2.0.5-natives-windows.jar
7f1ecede7000-7f1ecede8000 r--s 00002000 08:03 10488691                   /home/chobe/.gradle/caches/modules-2/files-2.1/net.java.jinput/jinput-platform/2.0.5/7ff832a6eb9ab6a767f1ade2b548092d0fa64795/jinput-platform-2.0.5-natives-linux.jar
7f1ecede8000-7f1ecede9000 r--s 00001000 08:03 10488690                   /home/chobe/.gradle/caches/modules-2/files-2.1/net.java.jutils/jutils/1.0.0/e12fe1fda814bd348c1579329c86943d2cd3c6a6/jutils-1.0.0.jar
7f1ecede9000-7f1eceded000 r--s 0002f000 08:03 10488689                   /home/chobe/.gradle/caches/modules-2/files-2.1/net.java.jinput/jinput/2.0.5/39c7796b469a600f72380316f6b1f11db6c2c7c4/jinput-2.0.5.jar
7f1eceded000-7f1ecedee000 r--s 00080000 08:03 10488688                   /home/chobe/.gradle/caches/modules-2/files-2.1/org.lwjgl.lwjgl/lwjgl-platform/2.9.1/2d12c83fdfbc04ecabf02c7bc8cc54d034f0daac/lwjgl-platform-2.9.1-natives-osx.jar
7f1ecedee000-7f1ecedef000 r--s 0008b000 08:03 10488687                   /home/chobe/.gradle/caches/modules-2/files-2.1/org.lwjgl.lwjgl/lwjgl-platform/2.9.1/aa9aae879af8eb378e22cfc64db56ec2ca9a44d1/lwjgl-platform-2.9.1-natives-linux.jar
7f1ecedef000-7f1ecedf0000 r--s 00095000 08:03 10488686                   /home/chobe/.gradle/caches/modules-2/files-2.1/org.lwjgl.lwjgl/lwjgl-platform/2.9.1/4c517eca808522457dd95ee8fc1fbcdbb602efbe/lwjgl-platform-2.9.1-natives-windows.jar
7f1ecedf0000-7f1ecedf2000 r--s 00017000 08:03 10488685                   /home/chobe/.gradle/caches/modules-2/files-2.1/org.jcraft/jorbis/0.0.17/8872d22b293e8f5d7d56ff92be966e6dc28ebdc6/jorbis-0.0.17.jar
7f1ecedf2000-7f1ecedf3000 r--s 00015000 08:03 10488684                   /home/chobe/.gradle/caches/modules-2/files-2.1/com.badlogicgames.jlayer/jlayer/1.0.1-gdx/7cca83cec5c1b2f011362f4d85aabd71a73b049d/jlayer-1.0.1-gdx.jar
7f1ecedf3000-7f1ecedf7000 r--s 00027000 08:03 10488683                   /home/chobe/.gradle/caches/modules-2/files-2.1/org.lwjgl.lwjgl/lwjgl_util/2.9.1/290d7ba8a1bd9566f5ddf16ad06f09af5ec9b20e/lwjgl_util-2.9.1.jar
7f1ecedf7000-7f1ecee05000 r--s 000ea000 08:03 10488682                   /home/chobe/.gradle/caches/modules-2/files-2.1/org.lwjgl.lwjgl/lwjgl/2.9.1/f58c5aabcef0e41718a564be9f8e412fff8db847/lwjgl-2.9.1.jar
7f1ecee05000-7f1ecee1a000 r--s 00153000 08:03 10488660                   /home/chobe/.gradle/caches/modules-2/files-2.1/com.badlogicgames.gdx/gdx/1.1.0/686f5a609c717eb0769d3b954c501a49bf4fe351/gdx-1.1.0.jar
7f1ecee1a000-7f1ecee1b000 r--s 000cd000 08:03 10488678                   /home/chobe/.gradle/caches/modules-2/files-2.1/com.badlogicgames.gdx/gdx-platform/1.1.0/1c7ea4239c2d9adda420c15985fe3885c481fdcf/gdx-platform-1.1.0-natives-desktop.jar
7f1ecee1b000-7f1ecee1e000 r--s 0001f000 08:03 10488677                   /home/chobe/.gradle/caches/modules-2/files-2.1/com.badlogicgames.gdx/gdx-backend-lwjgl/1.1.0/eafa409559820c1696e165e1280435f1332fc32b/gdx-backend-lwjgl-1.1.0.jar
7f1ecee1e000-7f1ecee21000 r--s 00017000 08:01 754491                     /media/winDisk/Users/ChobeDucket/Documents/sheep/core/build/libs/core-1.0.jar
7f1ecee21000-7f1ecee25000 r--s 0003b000 08:03 3934173                    /usr/lib/jvm/java-7-openjdk-amd64/jre/lib/ext/sunpkcs11.jar
7f1ecee25000-7f1ecee26000 r--s 00002000 08:03 3934178                    /usr/lib/jvm/java-7-openjdk-amd64/jre/lib/ext/dnsns.jar
7f1ecee26000-7f1ecee29000 r--s 00032000 08:03 3934176                    /usr/lib/jvm/java-7-openjdk-amd64/jre/lib/ext/sunjce_provider.jar
7f1ecee29000-7f1ecee2b000 r--s 0000f000 08:03 3934175                    /usr/lib/jvm/java-7-openjdk-amd64/jre/lib/ext/pulse-java.jar
7f1ecee2b000-7f1ecee2d000 r--s 00012000 08:03 3934174                    /usr/lib/jvm/java-7-openjdk-amd64/jre/lib/ext/zipfs.jar
7f1ecee2d000-7f1ecee31000 r--s 00085000 08:03 3934172                    /usr/lib/jvm/java-7-openjdk-amd64/jre/lib/ext/localedata.jar
7f1ecee31000-7f1ecee32000 r--s 00007000 08:03 5645676                    /usr/share/java/java-atk-wrapper.jar
7f1ecee32000-7f1ecee33000 ---p 00000000 00:00 0 
7f1ecee33000-7f1ecef33000 rw-p 00000000 00:00 0 
7f1ecef33000-7f1ecef36000 ---p 00000000 00:00 0 
7f1ecef36000-7f1ecf034000 rw-p 00000000 00:00 0 
7f1ecf034000-7f1ecf037000 ---p 00000000 00:00 0 
7f1ecf037000-7f1ecf135000 rw-p 00000000 00:00 0 
7f1ecf135000-7f1ecf138000 ---p 00000000 00:00 0 
7f1ecf138000-7f1ecf236000 rw-p 00000000 00:00 0 
7f1ecf236000-7f1ecf239000 ---p 00000000 00:00 0 
7f1ecf239000-7f1ecf337000 rw-p 00000000 00:00 0 
7f1ecf337000-7f1ecf4ae000 r--p 00000000 08:03 4066468                    /usr/lib/locale/locale-archive
7f1ecf4ae000-7f1ecf4b1000 ---p 00000000 00:00 0 
7f1ecf4b1000-7f1ecf5af000 rw-p 00000000 00:00 0 
7f1ecf5af000-7f1ecf5b2000 ---p 00000000 00:00 0 
7f1ecf5b2000-7f1ecf6b0000 rw-p 00000000 00:00 0 
7f1ecf6b0000-7f1ecf6b1000 ---p 00000000 00:00 0 
7f1ecf6b1000-7f1ed07ae000 rw-p 00000000 00:00 0 
7f1ed07ae000-7f1ed095c000 r--s 01cfc000 08:03 3934153                    /usr/lib/jvm/java-7-openjdk-amd64/jre/lib/rt.jar
7f1ed095c000-7f1ed3040000 rw-p 00000000 00:00 0 
7f1ed3040000-7f1ed3041000 ---p 00000000 00:00 0 
7f1ed3041000-7f1ed3141000 rw-p 00000000 00:00 0 
7f1ed3141000-7f1ed3142000 ---p 00000000 00:00 0 
7f1ed3142000-7f1ed3242000 rw-p 00000000 00:00 0 
7f1ed3242000-7f1ed3243000 ---p 00000000 00:00 0 
7f1ed3243000-7f1ed3343000 rw-p 00000000 00:00 0 
7f1ed3343000-7f1ed3344000 ---p 00000000 00:00 0 
7f1ed3344000-7f1ed344f000 rw-p 00000000 00:00 0 
7f1ed344f000-7f1ed3497000 rw-p 00000000 00:00 0 
7f1ed3497000-7f1ed34ac000 rw-p 00000000 00:00 0 
7f1ed34ac000-7f1ed35dd000 rw-p 00000000 00:00 0 
7f1ed35dd000-7f1ed35e8000 rw-p 00000000 00:00 0 
7f1ed35e8000-7f1ed3630000 rw-p 00000000 00:00 0 
7f1ed3630000-7f1ed3645000 rw-p 00000000 00:00 0 
7f1ed3645000-7f1ed3775000 rw-p 00000000 00:00 0 
7f1ed3775000-7f1ed3780000 rw-p 00000000 00:00 0 
7f1ed3780000-7f1ed3818000 rw-p 00000000 00:00 0 
7f1ed3818000-7f1ed3819000 rw-p 00000000 00:00 0 
7f1ed3819000-7f1ed3a89000 rwxp 00000000 00:00 0 
7f1ed3a89000-7f1ed6819000 rw-p 00000000 00:00 0 
7f1ed6819000-7f1ed6821000 r-xp 00000000 08:03 3934210                    /usr/lib/jvm/java-7-openjdk-amd64/jre/lib/amd64/libzip.so
7f1ed6821000-7f1ed6a20000 ---p 00008000 08:03 3934210                    /usr/lib/jvm/java-7-openjdk-amd64/jre/lib/amd64/libzip.so
7f1ed6a20000-7f1ed6a21000 r--p 00007000 08:03 3934210                    /usr/lib/jvm/java-7-openjdk-amd64/jre/lib/amd64/libzip.so
7f1ed6a21000-7f1ed6a22000 rw-p 00008000 08:03 3934210                    /usr/lib/jvm/java-7-openjdk-amd64/jre/lib/amd64/libzip.so
7f1ed6a22000-7f1ed6a2d000 r-xp 00000000 08:03 12190641                   /lib/x86_64-linux-gnu/libnss_files-2.13.so
7f1ed6a2d000-7f1ed6c2c000 ---p 0000b000 08:03 12190641                   /lib/x86_64-linux-gnu/libnss_files-2.13.so
7f1ed6c2c000-7f1ed6c2d000 r--p 0000a000 08:03 12190641                   /lib/x86_64-linux-gnu/libnss_files-2.13.so
7f1ed6c2d000-7f1ed6c2e000 rw-p 0000b000 08:03 12190641                   /lib/x86_64-linux-gnu/libnss_files-2.13.so
7f1ed6c2e000-7f1ed6c38000 r-xp 00000000 08:03 12190645                   /lib/x86_64-linux-gnu/libnss_nis-2.13.so
7f1ed6c38000-7f1ed6e37000 ---p 0000a000 08:03 12190645                   /lib/x86_64-linux-gnu/libnss_nis-2.13.so
7f1ed6e37000-7f1ed6e38000 r--p 00009000 08:03 12190645                   /lib/x86_64-linux-gnu/libnss_nis-2.13.so
7f1ed6e38000-7f1ed6e39000 rw-p 0000a000 08:03 12190645                   /lib/x86_64-linux-gnu/libnss_nis-2.13.so
7f1ed6e39000-7f1ed6e4e000 r-xp 00000000 08:03 12190635                   /lib/x86_64-linux-gnu/libnsl-2.13.so
7f1ed6e4e000-7f1ed704d000 ---p 00015000 08:03 12190635                   /lib/x86_64-linux-gnu/libnsl-2.13.so
7f1ed704d000-7f1ed704e000 r--p 00014000 08:03 12190635                   /lib/x86_64-linux-gnu/libnsl-2.13.so
7f1ed704e000-7f1ed704f000 rw-p 00015000 08:03 12190635                   /lib/x86_64-linux-gnu/libnsl-2.13.so
7f1ed704f000-7f1ed7051000 rw-p 00000000 00:00 0 
7f1ed7051000-7f1ed7058000 r-xp 00000000 08:03 12190637                   /lib/x86_64-linux-gnu/libnss_compat-2.13.so
7f1ed7058000-7f1ed7257000 ---p 00007000 08:03 12190637                   /lib/x86_64-linux-gnu/libnss_compat-2.13.so
7f1ed7257000-7f1ed7258000 r--p 00006000 08:03 12190637                   /lib/x86_64-linux-gnu/libnss_compat-2.13.so
7f1ed7258000-7f1ed7259000 rw-p 00007000 08:03 12190637                   /lib/x86_64-linux-gnu/libnss_compat-2.13.so
7f1ed7259000-7f1ed7284000 r-xp 00000000 08:03 3934215                    /usr/lib/jvm/java-7-openjdk-amd64/jre/lib/amd64/libjava.so
7f1ed7284000-7f1ed7483000 ---p 0002b000 08:03 3934215                    /usr/lib/jvm/java-7-openjdk-amd64/jre/lib/amd64/libjava.so
7f1ed7483000-7f1ed7484000 r--p 0002a000 08:03 3934215                    /usr/lib/jvm/java-7-openjdk-amd64/jre/lib/amd64/libjava.so
7f1ed7484000-7f1ed7486000 rw-p 0002b000 08:03 3934215                    /usr/lib/jvm/java-7-openjdk-amd64/jre/lib/amd64/libjava.so
7f1ed7486000-7f1ed7495000 r-xp 00000000 08:03 3934216                    /usr/lib/jvm/java-7-openjdk-amd64/jre/lib/amd64/libverify.so
7f1ed7495000-7f1ed7694000 ---p 0000f000 08:03 3934216                    /usr/lib/jvm/java-7-openjdk-amd64/jre/lib/amd64/libverify.so
7f1ed7694000-7f1ed7696000 r--p 0000e000 08:03 3934216                    /usr/lib/jvm/java-7-openjdk-amd64/jre/lib/amd64/libverify.so
7f1ed7696000-7f1ed7697000 rw-p 00010000 08:03 3934216                    /usr/lib/jvm/java-7-openjdk-amd64/jre/lib/amd64/libverify.so
7f1ed7697000-7f1ed769e000 r-xp 00000000 08:03 12190678                   /lib/x86_64-linux-gnu/librt-2.13.so
7f1ed769e000-7f1ed789d000 ---p 00007000 08:03 12190678                   /lib/x86_64-linux-gnu/librt-2.13.so
7f1ed789d000-7f1ed789e000 r--p 00006000 08:03 12190678                   /lib/x86_64-linux-gnu/librt-2.13.so
7f1ed789e000-7f1ed789f000 rw-p 00007000 08:03 12190678                   /lib/x86_64-linux-gnu/librt-2.13.so
7f1ed789f000-7f1ed78b4000 r-xp 00000000 08:03 12190593                   /lib/x86_64-linux-gnu/libgcc_s.so.1
7f1ed78b4000-7f1ed7ab4000 ---p 00015000 08:03 12190593                   /lib/x86_64-linux-gnu/libgcc_s.so.1
7f1ed7ab4000-7f1ed7ab5000 rw-p 00015000 08:03 12190593                   /lib/x86_64-linux-gnu/libgcc_s.so.1
7f1ed7ab5000-7f1ed7b36000 r-xp 00000000 08:03 12190616                   /lib/x86_64-linux-gnu/libm-2.13.so
7f1ed7b36000-7f1ed7d35000 ---p 00081000 08:03 12190616                   /lib/x86_64-linux-gnu/libm-2.13.so
7f1ed7d35000-7f1ed7d36000 r--p 00080000 08:03 12190616                   /lib/x86_64-linux-gnu/libm-2.13.so
7f1ed7d36000-7f1ed7d37000 rw-p 00081000 08:03 12190616                   /lib/x86_64-linux-gnu/libm-2.13.so
7f1ed7d37000-7f1ed7e1f000 r-xp 00000000 08:03 4200440                    /usr/lib/x86_64-linux-gnu/libstdc++.so.6.0.17
7f1ed7e1f000-7f1ed801f000 ---p 000e8000 08:03 4200440                    /usr/lib/x86_64-linux-gnu/libstdc++.so.6.0.17
7f1ed801f000-7f1ed8027000 r--p 000e8000 08:03 4200440                    /usr/lib/x86_64-linux-gnu/libstdc++.so.6.0.17
7f1ed8027000-7f1ed8029000 rw-p 000f0000 08:03 4200440                    /usr/lib/x86_64-linux-gnu/libstdc++.so.6.0.17
7f1ed8029000-7f1ed803e000 rw-p 00000000 00:00 0 
7f1ed803e000-7f1ed8b07000 r-xp 00000000 08:03 3934204                    /usr/lib/jvm/java-7-openjdk-amd64/jre/lib/amd64/server/libjvm.so
7f1ed8b07000-7f1ed8d07000 ---p 00ac9000 08:03 3934204                    /usr/lib/jvm/java-7-openjdk-amd64/jre/lib/amd64/server/libjvm.so
7f1ed8d07000-7f1ed8d9f000 r--p 00ac9000 08:03 3934204                    /usr/lib/jvm/java-7-openjdk-amd64/jre/lib/amd64/server/libjvm.so
7f1ed8d9f000-7f1ed8dc2000 rw-p 00b61000 08:03 3934204                    /usr/lib/jvm/java-7-openjdk-amd64/jre/lib/amd64/server/libjvm.so
7f1ed8dc2000-7f1ed8def000 rw-p 00000000 00:00 0 
7f1ed8def000-7f1ed8e05000 r-xp 00000000 08:03 12190712                   /lib/x86_64-linux-gnu/libz.so.1.2.7
7f1ed8e05000-7f1ed9004000 ---p 00016000 08:03 12190712                   /lib/x86_64-linux-gnu/libz.so.1.2.7
7f1ed9004000-7f1ed9005000 r--p 00015000 08:03 12190712                   /lib/x86_64-linux-gnu/libz.so.1.2.7
7f1ed9005000-7f1ed9006000 rw-p 00016000 08:03 12190712                   /lib/x86_64-linux-gnu/libz.so.1.2.7
7f1ed9006000-7f1ed9188000 r-xp 00000000 08:03 12190569                   /lib/x86_64-linux-gnu/libc-2.13.so
7f1ed9188000-7f1ed9387000 ---p 00182000 08:03 12190569                   /lib/x86_64-linux-gnu/libc-2.13.so
7f1ed9387000-7f1ed938b000 r--p 00181000 08:03 12190569                   /lib/x86_64-linux-gnu/libc-2.13.so
7f1ed938b000-7f1ed938c000 rw-p 00185000 08:03 12190569                   /lib/x86_64-linux-gnu/libc-2.13.so
7f1ed938c000-7f1ed9391000 rw-p 00000000 00:00 0 
7f1ed9391000-7f1ed9393000 r-xp 00000000 08:03 12190583                   /lib/x86_64-linux-gnu/libdl-2.13.so
7f1ed9393000-7f1ed9593000 ---p 00002000 08:03 12190583                   /lib/x86_64-linux-gnu/libdl-2.13.so
7f1ed9593000-7f1ed9594000 r--p 00002000 08:03 12190583                   /lib/x86_64-linux-gnu/libdl-2.13.so
7f1ed9594000-7f1ed9595000 rw-p 00003000 08:03 12190583                   /lib/x86_64-linux-gnu/libdl-2.13.so
7f1ed9595000-7f1ed95a2000 r-xp 00000000 08:03 3934207                    /usr/lib/jvm/java-7-openjdk-amd64/jre/lib/amd64/jli/libjli.so
7f1ed95a2000-7f1ed97a1000 ---p 0000d000 08:03 3934207                    /usr/lib/jvm/java-7-openjdk-amd64/jre/lib/amd64/jli/libjli.so
7f1ed97a1000-7f1ed97a2000 r--p 0000c000 08:03 3934207                    /usr/lib/jvm/java-7-openjdk-amd64/jre/lib/amd64/jli/libjli.so
7f1ed97a2000-7f1ed97a3000 rw-p 0000d000 08:03 3934207                    /usr/lib/jvm/java-7-openjdk-amd64/jre/lib/amd64/jli/libjli.so
7f1ed97a3000-7f1ed97ba000 r-xp 00000000 08:03 12190670                   /lib/x86_64-linux-gnu/libpthread-2.13.so
7f1ed97ba000-7f1ed99b9000 ---p 00017000 08:03 12190670                   /lib/x86_64-linux-gnu/libpthread-2.13.so
7f1ed99b9000-7f1ed99ba000 r--p 00016000 08:03 12190670                   /lib/x86_64-linux-gnu/libpthread-2.13.so
7f1ed99ba000-7f1ed99bb000 rw-p 00017000 08:03 12190670                   /lib/x86_64-linux-gnu/libpthread-2.13.so
7f1ed99bb000-7f1ed99bf000 rw-p 00000000 00:00 0 
7f1ed99bf000-7f1ed99df000 r-xp 00000000 08:03 12190547                   /lib/x86_64-linux-gnu/ld-2.13.so
7f1ed99e6000-7f1ed99e7000 rw-s 0c5a4000 00:05 8262                       /dev/ati/card0
7f1ed99e7000-7f1ed99e9000 rw-s 0c5a1000 00:05 8262                       /dev/ati/card0
7f1ed99e9000-7f1ed99f0000 r--s 00000000 08:03 4199493                    /usr/lib/x86_64-linux-gnu/gconv/gconv-modules.cache
7f1ed99f0000-7f1ed99f5000 r--s 0004c000 08:03 3934152                    /usr/lib/jvm/java-7-openjdk-amd64/jre/lib/jsse.jar
7f1ed99f5000-7f1ed99ff000 rw-p 00000000 00:00 0 
7f1ed99ff000-7f1ed9ab5000 rw-p 00000000 00:00 0 
7f1ed9ab5000-7f1ed9ab8000 ---p 00000000 00:00 0 
7f1ed9ab8000-7f1ed9bd2000 rw-p 00000000 00:00 0 
7f1ed9bd2000-7f1ed9bda000 rw-s 00000000 08:03 10490880                   /tmp/hsperfdata_chobe/13436 (deleted)
7f1ed9bda000-7f1ed9bdb000 rw-p 00000000 00:00 0 
7f1ed9bdb000-7f1ed9bdc000 ---p 00000000 00:00 0 
7f1ed9bdc000-7f1ed9bde000 rw-p 00000000 00:00 0 
7f1ed9bde000-7f1ed9bdf000 r--p 0001f000 08:03 12190547                   /lib/x86_64-linux-gnu/ld-2.13.so
7f1ed9bdf000-7f1ed9be0000 rw-p 00020000 08:03 12190547                   /lib/x86_64-linux-gnu/ld-2.13.so
7f1ed9be0000-7f1ed9be1000 rw-p 00000000 00:00 0 
7fff13788000-7fff137aa000 rw-p 00000000 00:00 0                          [stack]
7fff137ff000-7fff13800000 r-xp 00000000 00:00 0                          [vdso]
ffffffffff600000-ffffffffff601000 r-xp 00000000 00:00 0                  [vsyscall]

VM Arguments:
jvm_args: -Dfile.encoding=UTF-8 
java_command: com.mygdx.sheep.desktop.DesktopLauncher
Launcher Type: SUN_STANDARD

Environment Variables:
PATH=/usr/local/bin:/usr/bin:/bin:/usr/local/games:/usr/games:/home/chobe/.local/bin:/home/chobe/sdks/adt-bundle-linux-x86_64-20140321/sdk//platform-tools/adb:/home/chobe/sdks/adt-bundle-linux-x86_64-20140321/sdk//platform-tools/
USERNAME=chobe
SHELL=/bin/bash
DISPLAY=:0

Signal Handlers:
SIGSEGV: [libjvm.so+0x8f9750], sa_mask[0]=0x7ffbfeff, sa_flags=0x10000004
SIGBUS: [libjvm.so+0x8f9750], sa_mask[0]=0x7ffbfeff, sa_flags=0x10000004
SIGFPE: [libjvm.so+0x7827c0], sa_mask[0]=0x7ffbfeff, sa_flags=0x10000004
SIGPIPE: [libjvm.so+0x7827c0], sa_mask[0]=0x7ffbfeff, sa_flags=0x10000004
SIGXFSZ: [libjvm.so+0x7827c0], sa_mask[0]=0x7ffbfeff, sa_flags=0x10000004
SIGILL: [libjvm.so+0x7827c0], sa_mask[0]=0x7ffbfeff, sa_flags=0x10000004
SIGUSR1: SIG_DFL, sa_mask[0]=0x00000000, sa_flags=0x00000000
SIGUSR2: [libjvm.so+0x782ab0], sa_mask[0]=0x00000004, sa_flags=0x10000004
SIGHUP: [libjvm.so+0x782c20], sa_mask[0]=0x7ffbfeff, sa_flags=0x10000004
SIGINT: [libjvm.so+0x782c20], sa_mask[0]=0x7ffbfeff, sa_flags=0x10000004
SIGTERM: [libjvm.so+0x782c20], sa_mask[0]=0x7ffbfeff, sa_flags=0x10000004
SIGQUIT: [libjvm.so+0x782c20], sa_mask[0]=0x7ffbfeff, sa_flags=0x10000004


---------------  S Y S T E M  ---------------

OS:7.5

uname:Linux 3.2.0-4-amd64 #1 SMP Debian 3.2.57-3+deb7u1 x86_64
libc:glibc 2.13 NPTL 2.13 
rlimit: STACK 8192k, CORE 0k, NPROC 31105, NOFILE 4096, AS infinity
load average:0.59 0.78 0.74

/proc/meminfo:
MemTotal:        3993672 kB
MemFree:          148668 kB
Buffers:          262784 kB
Cached:          1133256 kB
SwapCached:        65644 kB
Active:          2109396 kB
Inactive:        1366148 kB
Active(anon):    1663332 kB
Inactive(anon):   466316 kB
Active(file):     446064 kB
Inactive(file):   899832 kB
Unevictable:           0 kB
Mlocked:               0 kB
SwapTotal:       4120572 kB
SwapFree:        3924072 kB
Dirty:               340 kB
Writeback:             0 kB
AnonPages:       2016264 kB
Mapped:           277220 kB
Shmem:             50144 kB
Slab:             147568 kB
SReclaimable:     117268 kB
SUnreclaim:        30300 kB
KernelStack:        3944 kB
PageTables:        31836 kB
NFS_Unstable:          0 kB
Bounce:                0 kB
WritebackTmp:          0 kB
CommitLimit:     6117408 kB
Committed_AS:    4570828 kB
VmallocTotal:   34359738367 kB
VmallocUsed:      170472 kB
VmallocChunk:   34359561560 kB
HardwareCorrupted:     0 kB
AnonHugePages:         0 kB
HugePages_Total:       0
HugePages_Free:        0
HugePages_Rsvd:        0
HugePages_Surp:        0
Hugepagesize:       2048 kB
DirectMap4k:      275456 kB
DirectMap2M:     3852288 kB


CPU:total 4 (4 cores per cpu, 1 threads per core) family 6 model 15 stepping 11, cmov, cx8, fxsr, mmx, sse, sse2, sse3, ssse3, tsc

/proc/cpuinfo:
processor	: 0
vendor_id	: GenuineIntel
cpu family	: 6
model		: 15
model name	: Intel(R) Core(TM)2 Quad CPU    Q6600  @ 2.40GHz
stepping	: 11
cpu MHz		: 1596.000
cache size	: 4096 KB
physical id	: 0
siblings	: 4
core id		: 0
cpu cores	: 4
apicid		: 0
initial apicid	: 0
fpu		: yes
fpu_exception	: yes
cpuid level	: 10
wp		: yes
flags		: fpu vme de pse tsc msr pae mce cx8 apic sep mtrr pge mca cmov pat pse36 clflush dts acpi mmx fxsr sse sse2 ss ht tm pbe syscall nx lm constant_tsc arch_perfmon pebs bts rep_good nopl aperfmperf pni dtes64 monitor ds_cpl vmx est tm2 ssse3 cx16 xtpr pdcm lahf_lm dtherm tpr_shadow vnmi flexpriority
bogomips	: 4794.82
clflush size	: 64
cache_alignment	: 64
address sizes	: 36 bits physical, 48 bits virtual
power management:

processor	: 1
vendor_id	: GenuineIntel
cpu family	: 6
model		: 15
model name	: Intel(R) Core(TM)2 Quad CPU    Q6600  @ 2.40GHz
stepping	: 11
cpu MHz		: 1596.000
cache size	: 4096 KB
physical id	: 0
siblings	: 4
core id		: 2
cpu cores	: 4
apicid		: 2
initial apicid	: 2
fpu		: yes
fpu_exception	: yes
cpuid level	: 10
wp		: yes
flags		: fpu vme de pse tsc msr pae mce cx8 apic sep mtrr pge mca cmov pat pse36 clflush dts acpi mmx fxsr sse sse2 ss ht tm pbe syscall nx lm constant_tsc arch_perfmon pebs bts rep_good nopl aperfmperf pni dtes64 monitor ds_cpl vmx est tm2 ssse3 cx16 xtpr pdcm lahf_lm dtherm tpr_shadow vnmi flexpriority
bogomips	: 4795.58
clflush size	: 64
cache_alignment	: 64
address sizes	: 36 bits physical, 48 bits virtual
power management:

processor	: 2
vendor_id	: GenuineIntel
cpu family	: 6
model		: 15
model name	: Intel(R) Core(TM)2 Quad CPU    Q6600  @ 2.40GHz
stepping	: 11
cpu MHz		: 1596.000
cache size	: 4096 KB
physical id	: 0
siblings	: 4
core id		: 1
cpu cores	: 4
apicid		: 1
initial apicid	: 1
fpu		: yes
fpu_exception	: yes
cpuid level	: 10
wp		: yes
flags		: fpu vme de pse tsc msr pae mce cx8 apic sep mtrr pge mca cmov pat pse36 clflush dts acpi mmx fxsr sse sse2 ss ht tm pbe syscall nx lm constant_tsc arch_perfmon pebs bts rep_good nopl aperfmperf pni dtes64 monitor ds_cpl vmx est tm2 ssse3 cx16 xtpr pdcm lahf_lm dtherm tpr_shadow vnmi flexpriority
bogomips	: 4795.56
clflush size	: 64
cache_alignment	: 64
address sizes	: 36 bits physical, 48 bits virtual
power management:

processor	: 3
vendor_id	: GenuineIntel
cpu family	: 6
model		: 15
model name	: Intel(R) Core(TM)2 Quad CPU    Q6600  @ 2.40GHz
stepping	: 11
cpu MHz		: 1596.000
cache size	: 4096 KB
physical id	: 0
siblings	: 4
core id		: 3
cpu cores	: 4
apicid		: 3
initial apicid	: 3
fpu		: yes
fpu_exception	: yes
cpuid level	: 10
wp		: yes
flags		: fpu vme de pse tsc msr pae mce cx8 apic sep mtrr pge mca cmov pat pse36 clflush dts acpi mmx fxsr sse sse2 ss ht tm pbe syscall nx lm constant_tsc arch_perfmon pebs bts rep_good nopl aperfmperf pni dtes64 monitor ds_cpl vmx est tm2 ssse3 cx16 xtpr pdcm lahf_lm dtherm tpr_shadow vnmi flexpriority
bogomips	: 4795.57
clflush size	: 64
cache_alignment	: 64
address sizes	: 36 bits physical, 48 bits virtual
power management:



Memory: 4k page, physical 3993672k(148668k free), swap 4120572k(3924072k free)

vm_info: OpenJDK 64-Bit Server VM (24.51-b03) for linux-amd64 JRE (1.7.0_55-b14), built on May  2 2014 11:33:06 by "buildd" with gcc 4.7.2

time: Tue Jul  1 22:56:46 2014
elapsed time: 13 seconds

