#
# A fatal error has been detected by the Java Runtime Environment:
#
#  SIGSEGV (0xb) at pc=0x00007fc9a3aede38, pid=7249, tid=140504640268032
#
# JRE version: OpenJDK Runtime Environment (7.0_55-b14) (build 1.7.0_55-b14)
# Java VM: OpenJDK 64-Bit Server VM (24.51-b03 mixed mode linux-amd64 compressed oops)
# Problematic frame:
# C  [libX11.so.6+0x3ae38]  XQueryExtension+0x28
#
# Failed to write core dump. Core dumps have been disabled. To enable core dumping, try "ulimit -c unlimited" before starting Java again
#
# If you would like to submit a bug report, please include
# instructions on how to reproduce the bug and visit:
#   http://icedtea.classpath.org/bugzilla
#

---------------  T H R E A D  ---------------

Current thread (0x00007fc9dc076800):  VMThread [stack: 0x00007fc9c91c2000,0x00007fc9c92c3000] [id=7259]

siginfo:si_signo=SIGSEGV: si_errno=0, si_code=1 (SEGV_MAPERR), si_addr=0x000000007800add8

Registers:
RAX=0x00007fc9bc000b10, RBX=0x000000007800a470, RCX=0x00007fc9c92c16e8, RDX=0x00007fc9c92c16e4
RSP=0x00007fc9c92c1680, RBP=0x00007fc994d50600, RSI=0x00007fc994c17992, RDI=0x000000007800a470
R8 =0x00007fc9c92c16ec, R9 =0x0000000000000000, R10=0x00007fc994d503c0, R11=0x00007fc9e2cf11c0
R12=0x00007fc994c17992, R13=0x00007fc9bc000b10, R14=0x00007fc9c92c1ad8, R15=0x00007fc978024110
RIP=0x00007fc9a3aede38, EFLAGS=0x0000000000010202, CSGSFS=0x0000000000000033, ERR=0x0000000000000004
  TRAPNO=0x000000000000000e

Top of Stack: (sp=0x00007fc9c92c1680)
0x00007fc9c92c1680:   0000000000000000 0000000000000000
0x00007fc9c92c1690:   000000770000006e 0000000000000000
0x00007fc9c92c16a0:   000100010000007c 000000007800a470
0x00007fc9c92c16b0:   00007fc994d50600 00007fc994c17992
0x00007fc9c92c16c0:   00007fc9bc000b10 00007fc9c92c1ad8
0x00007fc9c92c16d0:   00007fc978024110 00007fc9a3ae1e72
0x00007fc9c92c16e0:   00007fc978024110 00007fc9e2d35220
0x00007fc9c92c16f0:   0000000000000000 00007fc994d50600
0x00007fc9c92c1700:   000000007800a470 00007fc9a3dfb71d
0x00007fc9c92c1710:   00007fc994c17992 0000001100000000
0x00007fc9c92c1720:   00007fc900000005 0000000000000000
0x00007fc9c92c1730:   00007fc9c92c17a0 000000007800a470
0x00007fc9c92c1740:   00007fc9c92c1a60 00007fc9c92c1ad8
0x00007fc9c92c1750:   00007fc994d69e50 00007fc994bc03d9
0x00007fc9c92c1760:   00000000ffffffff 00007fc978001d30
0x00007fc9c92c1770:   00007fc9c92c17a0 00007fc9958919e0
0x00007fc9c92c1780:   00007fc9c92c1a60 00007fc9c92c1ad8
0x00007fc9c92c1790:   0000000000000000 00007fc994bb4ae2
0x00007fc9c92c17a0:   00007fc9c92c1b50 00007fc994c17911
0x00007fc9c92c17b0:   00007fc9c92c1b50 00007fc9e36a0058
0x00007fc9c92c17c0:   00007fc9e38b31a8 00007fc9e38b3740
0x00007fc9c92c17d0:   00007fc9e388d000 00007fc9dc0094f0
0x00007fc9c92c17e0:   00007fc9dc00a020 00007fc9dc00a530
0x00007fc9c92c17f0:   00007fc9dc017440 00007fc9dc1b2a60
0x00007fc9c92c1800:   00007fc9dc2d9c60 00007fc9dc2d5b40
0x00007fc9c92c1810:   00007fc9dc1e6400 00007fc9dc1e9380
0x00007fc9c92c1820:   00007fc9dc1f0920 00007fc9dc1f03f0
0x00007fc9c92c1830:   00007fc9dc1efec0 00007fc9dc1f4210
0x00007fc9c92c1840:   00007fc9dc1f3cf0 00007fc9dc1f4fc0
0x00007fc9c92c1850:   00007fc9dc1f37e0 00007fc9dc1ef990
0x00007fc9c92c1860:   00007fc9dc1f1db0 00007fc9dc1f27f0
0x00007fc9c92c1870:   00007fc9dc1f22d0 00007fc9dc1f2d10 

Instructions: (pc=0x00007fc9a3aede38)
0x00007fc9a3aede18:   24 e0 48 89 fb 4c 89 6c 24 e8 4c 89 74 24 f0 49
0x00007fc9a3aede28:   89 f4 4c 89 7c 24 f8 48 89 6c 24 d8 48 83 ec 58
0x00007fc9a3aede38:   48 8b 87 68 09 00 00 49 89 d7 49 89 ce 4d 89 c5
0x00007fc9a3aede48:   48 85 c0 74 02 ff 10 ba 08 00 00 00 be 62 00 00 

Register to memory mapping:

RAX=0x00007fc9bc000b10 is an unknown value
RBX=0x000000007800a470 is an unknown value
RCX=0x00007fc9c92c16e8 is an unknown value
RDX=0x00007fc9c92c16e4 is an unknown value
RSP=0x00007fc9c92c1680 is an unknown value
RBP=0x00007fc994d50600: <offset 0x1cf600> in /usr/lib/x86_64-linux-gnu/libGL.so.1 at 0x00007fc994b81000
RSI=0x00007fc994c17992: <offset 0x96992> in /usr/lib/x86_64-linux-gnu/libGL.so.1 at 0x00007fc994b81000
RDI=0x000000007800a470 is an unknown value
R8 =0x00007fc9c92c16ec is an unknown value
R9 =0x0000000000000000 is an unknown value
R10=0x00007fc994d503c0: <offset 0x1cf3c0> in /usr/lib/x86_64-linux-gnu/libGL.so.1 at 0x00007fc994b81000
R11=0x00007fc9e2cf11c0: __cxa_finalize+0 in /lib/x86_64-linux-gnu/libc.so.6 at 0x00007fc9e2cb9000
R12=0x00007fc994c17992: <offset 0x96992> in /usr/lib/x86_64-linux-gnu/libGL.so.1 at 0x00007fc994b81000
R13=0x00007fc9bc000b10 is an unknown value
R14=0x00007fc9c92c1ad8 is an unknown value
R15=0x00007fc978024110 is an unknown value


Stack: [0x00007fc9c91c2000,0x00007fc9c92c3000],  sp=0x00007fc9c92c1680,  free space=1021k
Native frames: (J=compiled Java code, j=interpreted, Vv=VM code, C=native code)
C  [libX11.so.6+0x3ae38]  XQueryExtension+0x28

VM_Operation (0x00007fc983ffe6c0): Exit, mode: safepoint, requested by thread 0x00007fc9dc377000


---------------  P R O C E S S  ---------------

Java Threads: ( => current thread )
  0x00007fc978e78000 JavaThread "AsynchExecutor-Thread" daemon [_thread_blocked, id=7278, stack(0x00007fc988c83000,0x00007fc988d84000)]
  0x00007fc978010800 JavaThread "process reaper" daemon [_thread_blocked, id=7274, stack(0x00007fc9e000d000,0x00007fc9e0046000)]
  0x00007fc9dc00b000 JavaThread "DestroyJavaVM" [_thread_blocked, id=7254, stack(0x00007fc9e3788000,0x00007fc9e3889000)]
  0x00007fc9dc377000 JavaThread "LWJGL Application" [_thread_blocked, id=7272, stack(0x00007fc983eff000,0x00007fc984000000)]
  0x00007fc9dc2d5000 JavaThread "AWT-XAWT" daemon [_thread_blocked, id=7268, stack(0x00007fc99c453000,0x00007fc99c554000)]
  0x00007fc9dc2b2800 JavaThread "Java2D Disposer" daemon [_thread_blocked, id=7267, stack(0x00007fc9c807f000,0x00007fc9c8180000)]
  0x00007fc9dc0a7000 JavaThread "Service Thread" daemon [_thread_blocked, id=7265, stack(0x00007fc9c8a33000,0x00007fc9c8b34000)]
  0x00007fc9dc0a5000 JavaThread "C2 CompilerThread1" daemon [_thread_blocked, id=7264, stack(0x00007fc9c8b34000,0x00007fc9c8c35000)]
  0x00007fc9dc0a2000 JavaThread "C2 CompilerThread0" daemon [_thread_blocked, id=7263, stack(0x00007fc9c8c35000,0x00007fc9c8d36000)]
  0x00007fc9dc09f800 JavaThread "Signal Dispatcher" daemon [_thread_blocked, id=7262, stack(0x00007fc9c8d36000,0x00007fc9c8e37000)]
  0x00007fc9dc07c800 JavaThread "Finalizer" daemon [_thread_blocked, id=7261, stack(0x00007fc9c8fc0000,0x00007fc9c90c1000)]
  0x00007fc9dc07a800 JavaThread "Reference Handler" daemon [_thread_blocked, id=7260, stack(0x00007fc9c90c1000,0x00007fc9c91c2000)]

Other Threads:
=>0x00007fc9dc076800 VMThread [stack: 0x00007fc9c91c2000,0x00007fc9c92c3000] [id=7259]

VM state:at safepoint (shutting down)

VM Mutex/Monitor currently owned by a thread:  ([mutex/lock_event])
[0x00007fc9dc0077a0] Threads_lock - owner thread: 0x00007fc9dc076800

Heap
 PSYoungGen      total 18432K, used 8426K [0x00000000eba80000, 0x00000000ecf00000, 0x0000000100000000)
  eden space 15872K, 37% used [0x00000000eba80000,0x00000000ec041fb0,0x00000000eca00000)
  from space 2560K, 98% used [0x00000000eca00000,0x00000000ecc78900,0x00000000ecc80000)
  to   space 2560K, 0% used [0x00000000ecc80000,0x00000000ecc80000,0x00000000ecf00000)
 ParOldGen       total 41472K, used 2168K [0x00000000c3000000, 0x00000000c5880000, 0x00000000eba80000)
  object space 41472K, 5% used [0x00000000c3000000,0x00000000c321e030,0x00000000c5880000)
 PSPermGen       total 21504K, used 9921K [0x00000000b8a00000, 0x00000000b9f00000, 0x00000000c3000000)
  object space 21504K, 46% used [0x00000000b8a00000,0x00000000b93b05a8,0x00000000b9f00000)

Card table byte_map: [0x00007fc9e0210000,0x00007fc9e044c000] byte_map_base: 0x00007fc9dfc4b000

Polling page: 0x00007fc9e38ae000

Code Cache  [0x00007fc9d9000000, 0x00007fc9d9270000, 0x00007fc9dc000000)
 total_blobs=597 nmethods=79 adapters=473 free_code_cache=48458Kb largest_free_block=49601152

Compilation events (10 events):
Event: 4.721 Thread 0x00007fc9dc0a2000 nmethod 73 0x00007fc9d90a8390 code [0x00007fc9d90a84c0, 0x00007fc9d90a8518]
Event: 4.721 Thread 0x00007fc9dc0a2000   75             org.lwjgl.opengl.GLChecks::ensureArrayVBOdisabled (27 bytes)
Event: 4.723 Thread 0x00007fc9dc0a2000 nmethod 75 0x00007fc9d90ae790 code [0x00007fc9d90ae8e0, 0x00007fc9d90ae9b8]
Event: 4.724 Thread 0x00007fc9dc0a2000   77             com.badlogic.gdx.graphics.glutils.IndexArray::getNumIndices (8 bytes)
Event: 4.724 Thread 0x00007fc9dc0a2000 nmethod 77 0x00007fc9d90a9e50 code [0x00007fc9d90a9f80, 0x00007fc9d90a9ff8]
Event: 4.737 Thread 0x00007fc9dc0a5000 nmethod 74 0x00007fc9d90aca90 code [0x00007fc9d90accc0, 0x00007fc9d90ad780]
Event: 4.838 Thread 0x00007fc9dc0a2000   78             com.badlogic.gdx.math.Vector3::set (17 bytes)
Event: 4.838 Thread 0x00007fc9dc0a2000 nmethod 78 0x00007fc9d90b0c10 code [0x00007fc9d90b0d40, 0x00007fc9d90b0d98]
Event: 4.870 Thread 0x00007fc9dc0a5000   79             java.nio.Buffer::remaining (10 bytes)
Event: 4.870 Thread 0x00007fc9dc0a5000 nmethod 79 0x00007fc9d90b0a10 code [0x00007fc9d90b0b40, 0x00007fc9d90b0b98]

GC Heap History (2 events):
Event: 1.628 GC heap before
{Heap before GC invocations=1 (full 0):
 PSYoungGen      total 18432K, used 15872K [0x00000000eba80000, 0x00000000ecf00000, 0x0000000100000000)
  eden space 15872K, 100% used [0x00000000eba80000,0x00000000eca00000,0x00000000eca00000)
  from space 2560K, 0% used [0x00000000ecc80000,0x00000000ecc80000,0x00000000ecf00000)
  to   space 2560K, 0% used [0x00000000eca00000,0x00000000eca00000,0x00000000ecc80000)
 ParOldGen       total 41472K, used 0K [0x00000000c3000000, 0x00000000c5880000, 0x00000000eba80000)
  object space 41472K, 0% used [0x00000000c3000000,0x00000000c3000000,0x00000000c5880000)
 PSPermGen       total 21504K, used 9325K [0x00000000b8a00000, 0x00000000b9f00000, 0x00000000c3000000)
  object space 21504K, 43% used [0x00000000b8a00000,0x00000000b931b488,0x00000000b9f00000)
Event: 1.642 GC heap after
Heap after GC invocations=1 (full 0):
 PSYoungGen      total 18432K, used 2530K [0x00000000eba80000, 0x00000000ecf00000, 0x0000000100000000)
  eden space 15872K, 0% used [0x00000000eba80000,0x00000000eba80000,0x00000000eca00000)
  from space 2560K, 98% used [0x00000000eca00000,0x00000000ecc78900,0x00000000ecc80000)
  to   space 2560K, 0% used [0x00000000ecc80000,0x00000000ecc80000,0x00000000ecf00000)
 ParOldGen       total 41472K, used 2168K [0x00000000c3000000, 0x00000000c5880000, 0x00000000eba80000)
  object space 41472K, 5% used [0x00000000c3000000,0x00000000c321e030,0x00000000c5880000)
 PSPermGen       total 21504K, used 9325K [0x00000000b8a00000, 0x00000000b9f00000, 0x00000000c3000000)
  object space 21504K, 43% used [0x00000000b8a00000,0x00000000b931b488,0x00000000b9f00000)
}

Deoptimization events (1 events):
Event: 0.226 Thread 0x00007fc9dc00b000 Uncommon trap: reason=class_check action=maybe_recompile pc=0x00007fc9d9064f80 method=java.util.Properties$LineReader.readLine()I @ 62

Internal exceptions (10 events):
Event: 3.235 Thread 0x00007fc9dc377000 Threw 0x00000000ebeca6d8 at /build/openjdk-7-kBcQ8a/openjdk-7-7u55-2.4.7/build/openjdk/hotspot/src/share/vm/prims/jvm.cpp:1244
Event: 3.290 Thread 0x00007fc9dc377000 Threw 0x00000000ebf1a0d0 at /build/openjdk-7-kBcQ8a/openjdk-7-7u55-2.4.7/build/openjdk/hotspot/src/share/vm/prims/jvm.cpp:1244
Event: 3.292 Thread 0x00007fc9dc377000 Threw 0x00000000ebf1eaa0 at /build/openjdk-7-kBcQ8a/openjdk-7-7u55-2.4.7/build/openjdk/hotspot/src/share/vm/prims/jvm.cpp:1244
Event: 3.293 Thread 0x00007fc9dc377000 Threw 0x00000000ebf23470 at /build/openjdk-7-kBcQ8a/openjdk-7-7u55-2.4.7/build/openjdk/hotspot/src/share/vm/prims/jvm.cpp:1244
Event: 3.294 Thread 0x00007fc9dc377000 Threw 0x00000000ebf28028 at /build/openjdk-7-kBcQ8a/openjdk-7-7u55-2.4.7/build/openjdk/hotspot/src/share/vm/prims/jvm.cpp:1244
Event: 3.295 Thread 0x00007fc9dc377000 Threw 0x00000000ebf31fc8 at /build/openjdk-7-kBcQ8a/openjdk-7-7u55-2.4.7/build/openjdk/hotspot/src/share/vm/prims/jvm.cpp:1244
Event: 3.325 Thread 0x00007fc9dc377000 Threw 0x00000000ebf828a8 at /build/openjdk-7-kBcQ8a/openjdk-7-7u55-2.4.7/build/openjdk/hotspot/src/share/vm/prims/jvm.cpp:1244
Event: 5.270 Thread 0x00007fc9dc377000 Threw 0x00000000ec00c3b0 at /build/openjdk-7-kBcQ8a/openjdk-7-7u55-2.4.7/build/openjdk/hotspot/src/share/vm/prims/jvm.cpp:1244
Event: 5.278 Thread 0x00007fc9dc377000 Threw 0x00000000ec010878 at /build/openjdk-7-kBcQ8a/openjdk-7-7u55-2.4.7/build/openjdk/hotspot/src/share/vm/prims/jvm.cpp:1244
Event: 5.283 Thread 0x00007fc9dc377000 Threw 0x00000000ec015c38 at /build/openjdk-7-kBcQ8a/openjdk-7-7u55-2.4.7/build/openjdk/hotspot/src/share/vm/prims/jvm.cpp:1244

Events (10 events):
Event: 5.443 loading class 0x00007fc9dc26ac40 done
Event: 5.444 Thread 0x00007fc978d1f000 Thread added: 0x00007fc978d1f000
Event: 5.444 loading class 0x00007fc9dc22fd40
Event: 5.444 loading class 0x00007fc9ac15ec10
Event: 5.444 loading class 0x00007fc9ac15ec10 done
Event: 5.444 loading class 0x00007fc9ac15ec40
Event: 5.444 loading class 0x00007fc9ac15ec40 done
Event: 5.444 loading class 0x00007fc9dc22fd40 done
Event: 5.445 Thread 0x00007fc978d1f000 Thread exited: 0x00007fc978d1f000
Event: 5.445 Executing VM operation: Exit


Dynamic libraries:
00400000-00401000 r-xp 00000000 08:03 3934148                            /usr/lib/jvm/java-7-openjdk-amd64/jre/bin/java
00600000-00601000 r--p 00000000 08:03 3934148                            /usr/lib/jvm/java-7-openjdk-amd64/jre/bin/java
00601000-00602000 rw-p 00001000 08:03 3934148                            /usr/lib/jvm/java-7-openjdk-amd64/jre/bin/java
01012000-01237000 rw-p 00000000 00:00 0                                  [heap]
b8a00000-b9f00000 rw-p 00000000 00:00 0 
b9f00000-c3000000 rw-p 00000000 00:00 0 
c3000000-c5880000 rw-p 00000000 00:00 0 
c5880000-eba80000 rw-p 00000000 00:00 0 
eba80000-ecf00000 rw-p 00000000 00:00 0 
ecf00000-100000000 rw-p 00000000 00:00 0 
7fc960000000-7fc96044a000 rw-p 00000000 00:00 0 
7fc96044a000-7fc964000000 ---p 00000000 00:00 0 
7fc968000000-7fc9680ae000 rw-p 00000000 00:00 0 
7fc9680ae000-7fc96c000000 ---p 00000000 00:00 0 
7fc96c000000-7fc96c30b000 rw-p 00000000 00:00 0 
7fc96c30b000-7fc970000000 ---p 00000000 00:00 0 
7fc970000000-7fc970021000 rw-p 00000000 00:00 0 
7fc970021000-7fc974000000 ---p 00000000 00:00 0 
7fc974000000-7fc9740b4000 rw-p 00000000 00:00 0 
7fc9740b4000-7fc978000000 ---p 00000000 00:00 0 
7fc978000000-7fc97bfa2000 rw-p 00000000 00:00 0 
7fc97bfa2000-7fc97c000000 ---p 00000000 00:00 0 
7fc97c000000-7fc97c021000 rw-p 00000000 00:00 0 
7fc97c021000-7fc980000000 ---p 00000000 00:00 0 
7fc983eff000-7fc983f02000 ---p 00000000 00:00 0 
7fc983f02000-7fc984000000 rw-p 00000000 00:00 0 
7fc984000000-7fc984021000 rw-p 00000000 00:00 0 
7fc984021000-7fc988000000 ---p 00000000 00:00 0 
7fc988c83000-7fc988c86000 ---p 00000000 00:00 0 
7fc988c86000-7fc988d84000 rw-p 00000000 00:00 0 
7fc988d84000-7fc988d85000 ---p 00000000 00:00 0 
7fc988d85000-7fc989585000 rw-p 00000000 00:00 0 
7fc989585000-7fc989586000 ---p 00000000 00:00 0 
7fc989586000-7fc989d86000 rw-p 00000000 00:00 0 
7fc989d86000-7fc98bc7e000 r-xp 00000000 08:03 4201338                    /usr/lib/x86_64-linux-gnu/dri/fglrx_dri.so
7fc98bc7e000-7fc98bd7d000 ---p 01ef8000 08:03 4201338                    /usr/lib/x86_64-linux-gnu/dri/fglrx_dri.so
7fc98bd7d000-7fc98bedb000 rwxp 01ef7000 08:03 4201338                    /usr/lib/x86_64-linux-gnu/dri/fglrx_dri.so
7fc98bedb000-7fc98bfff000 rwxp 00000000 00:00 0 
7fc990000000-7fc990021000 rw-p 00000000 00:00 0 
7fc990021000-7fc994000000 ---p 00000000 00:00 0 
7fc994222000-7fc994922000 rw-s 00006000 00:05 6137                       /dev/ati/card0
7fc994922000-7fc99495f000 r-xp 00000000 08:03 4201336                    /usr/lib/x86_64-linux-gnu/libatiadlxx.so
7fc99495f000-7fc994a5e000 ---p 0003d000 08:03 4201336                    /usr/lib/x86_64-linux-gnu/libatiadlxx.so
7fc994a5e000-7fc994a68000 rw-p 0003c000 08:03 4201336                    /usr/lib/x86_64-linux-gnu/libatiadlxx.so
7fc994a68000-7fc994a78000 rw-p 00000000 00:00 0 
7fc994a78000-7fc994a7f000 r-xp 00000000 08:03 4201328                    /usr/lib/x86_64-linux-gnu/libatiuki.so.1.0
7fc994a7f000-7fc994b7f000 ---p 00007000 08:03 4201328                    /usr/lib/x86_64-linux-gnu/libatiuki.so.1.0
7fc994b7f000-7fc994b80000 rw-p 00007000 08:03 4201328                    /usr/lib/x86_64-linux-gnu/libatiuki.so.1.0
7fc994b80000-7fc994b81000 rw-p 00000000 00:00 0 
7fc994b81000-7fc994c44000 r-xp 00000000 08:03 4201341                    /usr/lib/x86_64-linux-gnu/fglrx/fglrx-libGL.so.1.2
7fc994c44000-7fc994d43000 ---p 000c3000 08:03 4201341                    /usr/lib/x86_64-linux-gnu/fglrx/fglrx-libGL.so.1.2
7fc994d43000-7fc994d6a000 rwxp 000c2000 08:03 4201341                    /usr/lib/x86_64-linux-gnu/fglrx/fglrx-libGL.so.1.2
7fc994d6a000-7fc994d8a000 rwxp 00000000 00:00 0 
7fc994d8a000-7fc994d8d000 ---p 00000000 00:00 0 
7fc994d8d000-7fc994e8b000 rw-p 00000000 00:00 0 
7fc994e8b000-7fc994e8c000 ---p 00000000 00:00 0 
7fc994e8c000-7fc99568c000 rw-p 00000000 00:00 0 
7fc99568c000-7fc995692000 r-xp 00000000 08:03 4200289                    /usr/lib/x86_64-linux-gnu/libogg.so.0.8.0
7fc995692000-7fc995891000 ---p 00006000 08:03 4200289                    /usr/lib/x86_64-linux-gnu/libogg.so.0.8.0
7fc995891000-7fc995892000 rw-p 00005000 08:03 4200289                    /usr/lib/x86_64-linux-gnu/libogg.so.0.8.0
7fc995892000-7fc9958be000 r-xp 00000000 08:03 4200496                    /usr/lib/x86_64-linux-gnu/libvorbis.so.0.4.5
7fc9958be000-7fc995abd000 ---p 0002c000 08:03 4200496                    /usr/lib/x86_64-linux-gnu/libvorbis.so.0.4.5
7fc995abd000-7fc995abe000 r--p 0002b000 08:03 4200496                    /usr/lib/x86_64-linux-gnu/libvorbis.so.0.4.5
7fc995abe000-7fc995abf000 rw-p 0002c000 08:03 4200496                    /usr/lib/x86_64-linux-gnu/libvorbis.so.0.4.5
7fc995abf000-7fc995d72000 r-xp 00000000 08:03 4200498                    /usr/lib/x86_64-linux-gnu/libvorbisenc.so.2.0.8
7fc995d72000-7fc995f71000 ---p 002b3000 08:03 4200498                    /usr/lib/x86_64-linux-gnu/libvorbisenc.so.2.0.8
7fc995f71000-7fc995f8d000 r--p 002b2000 08:03 4200498                    /usr/lib/x86_64-linux-gnu/libvorbisenc.so.2.0.8
7fc995f8d000-7fc995f8e000 rw-p 002ce000 08:03 4200498                    /usr/lib/x86_64-linux-gnu/libvorbisenc.so.2.0.8
7fc995f8e000-7fc995fd9000 r-xp 00000000 08:03 4199700                    /usr/lib/x86_64-linux-gnu/libFLAC.so.8.2.0
7fc995fd9000-7fc9961d8000 ---p 0004b000 08:03 4199700                    /usr/lib/x86_64-linux-gnu/libFLAC.so.8.2.0
7fc9961d8000-7fc9961d9000 r--p 0004a000 08:03 4199700                    /usr/lib/x86_64-linux-gnu/libFLAC.so.8.2.0
7fc9961d9000-7fc9961da000 rw-p 0004b000 08:03 4199700                    /usr/lib/x86_64-linux-gnu/libFLAC.so.8.2.0
7fc9961da000-7fc9961de000 r-xp 00000000 08:03 12190707                   /lib/x86_64-linux-gnu/libuuid.so.1.3.0
7fc9961de000-7fc9963dd000 ---p 00004000 08:03 12190707                   /lib/x86_64-linux-gnu/libuuid.so.1.3.0
7fc9963dd000-7fc9963de000 r--p 00003000 08:03 12190707                   /lib/x86_64-linux-gnu/libuuid.so.1.3.0
7fc9963de000-7fc9963df000 rw-p 00004000 08:03 12190707                   /lib/x86_64-linux-gnu/libuuid.so.1.3.0
7fc9963df000-7fc9963e3000 r-xp 00000000 08:03 12190559                   /lib/x86_64-linux-gnu/libattr.so.1.1.0
7fc9963e3000-7fc9965e2000 ---p 00004000 08:03 12190559                   /lib/x86_64-linux-gnu/libattr.so.1.1.0
7fc9965e2000-7fc9965e3000 r--p 00003000 08:03 12190559                   /lib/x86_64-linux-gnu/libattr.so.1.1.0
7fc9965e3000-7fc9965e4000 rw-p 00004000 08:03 12190559                   /lib/x86_64-linux-gnu/libattr.so.1.1.0
7fc9965e4000-7fc9965e9000 r-xp 00000000 08:03 4199797                    /usr/lib/x86_64-linux-gnu/libasyncns.so.0.3.1
7fc9965e9000-7fc9967e8000 ---p 00005000 08:03 4199797                    /usr/lib/x86_64-linux-gnu/libasyncns.so.0.3.1
7fc9967e8000-7fc9967e9000 rw-p 00004000 08:03 4199797                    /usr/lib/x86_64-linux-gnu/libasyncns.so.0.3.1
7fc9967e9000-7fc99684a000 r-xp 00000000 08:03 4200411                    /usr/lib/x86_64-linux-gnu/libsndfile.so.1.0.25
7fc99684a000-7fc996a49000 ---p 00061000 08:03 4200411                    /usr/lib/x86_64-linux-gnu/libsndfile.so.1.0.25
7fc996a49000-7fc996a4b000 r--p 00060000 08:03 4200411                    /usr/lib/x86_64-linux-gnu/libsndfile.so.1.0.25
7fc996a4b000-7fc996a4c000 rw-p 00062000 08:03 4200411                    /usr/lib/x86_64-linux-gnu/libsndfile.so.1.0.25
7fc996a4c000-7fc996a50000 rw-p 00000000 00:00 0 
7fc996a50000-7fc996a59000 r-xp 00000000 08:03 12190709                   /lib/x86_64-linux-gnu/libwrap.so.0.7.6
7fc996a59000-7fc996c58000 ---p 00009000 08:03 12190709                   /lib/x86_64-linux-gnu/libwrap.so.0.7.6
7fc996c58000-7fc996c59000 r--p 00008000 08:03 12190709                   /lib/x86_64-linux-gnu/libwrap.so.0.7.6
7fc996c59000-7fc996c5a000 rw-p 00009000 08:03 12190709                   /lib/x86_64-linux-gnu/libwrap.so.0.7.6
7fc996c5a000-7fc996c5b000 rw-p 00000000 00:00 0 
7fc996c5b000-7fc996c62000 r-xp 00000000 08:03 4199720                    /usr/lib/x86_64-linux-gnu/libSM.so.6.0.1
7fc996c62000-7fc996e61000 ---p 00007000 08:03 4199720                    /usr/lib/x86_64-linux-gnu/libSM.so.6.0.1
7fc996e61000-7fc996e62000 rw-p 00006000 08:03 4199720                    /usr/lib/x86_64-linux-gnu/libSM.so.6.0.1
7fc996e62000-7fc996e79000 r-xp 00000000 08:03 4199710                    /usr/lib/x86_64-linux-gnu/libICE.so.6.3.0
7fc996e79000-7fc997078000 ---p 00017000 08:03 4199710                    /usr/lib/x86_64-linux-gnu/libICE.so.6.3.0
7fc997078000-7fc99707a000 rw-p 00016000 08:03 4199710                    /usr/lib/x86_64-linux-gnu/libICE.so.6.3.0
7fc99707a000-7fc99707d000 rw-p 00000000 00:00 0 
7fc99707d000-7fc99707e000 r-xp 00000000 08:03 4199726                    /usr/lib/x86_64-linux-gnu/libX11-xcb.so.1.0.0
7fc99707e000-7fc99727d000 ---p 00001000 08:03 4199726                    /usr/lib/x86_64-linux-gnu/libX11-xcb.so.1.0.0
7fc99727d000-7fc99727e000 rw-p 00000000 08:03 4199726                    /usr/lib/x86_64-linux-gnu/libX11-xcb.so.1.0.0
7fc99727e000-7fc997282000 r-xp 00000000 08:03 12190572                   /lib/x86_64-linux-gnu/libcap.so.2.22
7fc997282000-7fc997481000 ---p 00004000 08:03 12190572                   /lib/x86_64-linux-gnu/libcap.so.2.22
7fc997481000-7fc997482000 rw-p 00003000 08:03 12190572                   /lib/x86_64-linux-gnu/libcap.so.2.22
7fc997482000-7fc9974e3000 r-xp 00000000 08:03 4325923                    /usr/lib/x86_64-linux-gnu/pulseaudio/libpulsecommon-2.0.so
7fc9974e3000-7fc9976e2000 ---p 00061000 08:03 4325923                    /usr/lib/x86_64-linux-gnu/pulseaudio/libpulsecommon-2.0.so
7fc9976e2000-7fc9976e3000 r--p 00060000 08:03 4325923                    /usr/lib/x86_64-linux-gnu/pulseaudio/libpulsecommon-2.0.so
7fc9976e3000-7fc9976e5000 rw-p 00061000 08:03 4325923                    /usr/lib/x86_64-linux-gnu/pulseaudio/libpulsecommon-2.0.so
7fc9976e5000-7fc9976ee000 r-xp 00000000 08:03 12190608                   /lib/x86_64-linux-gnu/libjson.so.0.1.0
7fc9976ee000-7fc9978ed000 ---p 00009000 08:03 12190608                   /lib/x86_64-linux-gnu/libjson.so.0.1.0
7fc9978ed000-7fc9978ee000 r--p 00008000 08:03 12190608                   /lib/x86_64-linux-gnu/libjson.so.0.1.0
7fc9978ee000-7fc9978ef000 rw-p 00009000 08:03 12190608                   /lib/x86_64-linux-gnu/libjson.so.0.1.0
7fc9978ef000-7fc997938000 r-xp 00000000 08:03 4200364                    /usr/lib/x86_64-linux-gnu/libpulse.so.0.14.2
7fc997938000-7fc997b37000 ---p 00049000 08:03 4200364                    /usr/lib/x86_64-linux-gnu/libpulse.so.0.14.2
7fc997b37000-7fc997b38000 r--p 00048000 08:03 4200364                    /usr/lib/x86_64-linux-gnu/libpulse.so.0.14.2
7fc997b38000-7fc997b39000 rw-p 00049000 08:03 4200364                    /usr/lib/x86_64-linux-gnu/libpulse.so.0.14.2
7fc997d92000-7fc997dfe000 r-xp 00000000 08:01 300856                     /media/winDisk/Users/ChobeDucket/Documents/sheep/android/assets/.temp/7b43be9b/liblwjgl64.so
7fc997dfe000-7fc997ffd000 ---p 0006c000 08:01 300856                     /media/winDisk/Users/ChobeDucket/Documents/sheep/android/assets/.temp/7b43be9b/liblwjgl64.so
7fc997ffd000-7fc997fff000 r--p 0006b000 08:01 300856                     /media/winDisk/Users/ChobeDucket/Documents/sheep/android/assets/.temp/7b43be9b/liblwjgl64.so
7fc997fff000-7fc998000000 rw-p 0006d000 08:01 300856                     /media/winDisk/Users/ChobeDucket/Documents/sheep/android/assets/.temp/7b43be9b/liblwjgl64.so
7fc998000000-7fc998021000 rw-p 00000000 00:00 0 
7fc998021000-7fc99c000000 ---p 00000000 00:00 0 
7fc99c04b000-7fc99c04f000 r-xp 00000000 08:03 4199775                    /usr/lib/x86_64-linux-gnu/libXxf86vm.so.1.0.0
7fc99c04f000-7fc99c24f000 ---p 00004000 08:03 4199775                    /usr/lib/x86_64-linux-gnu/libXxf86vm.so.1.0.0
7fc99c24f000-7fc99c250000 r--p 00004000 08:03 4199775                    /usr/lib/x86_64-linux-gnu/libXxf86vm.so.1.0.0
7fc99c250000-7fc99c251000 rw-p 00005000 08:03 4199775                    /usr/lib/x86_64-linux-gnu/libXxf86vm.so.1.0.0
7fc99c251000-7fc99c252000 r-xp 00000000 08:03 3934229                    /usr/lib/jvm/java-7-openjdk-amd64/jre/lib/amd64/libjawt.so
7fc99c252000-7fc99c451000 ---p 00001000 08:03 3934229                    /usr/lib/jvm/java-7-openjdk-amd64/jre/lib/amd64/libjawt.so
7fc99c451000-7fc99c452000 r--p 00000000 08:03 3934229                    /usr/lib/jvm/java-7-openjdk-amd64/jre/lib/amd64/libjawt.so
7fc99c452000-7fc99c453000 rw-p 00001000 08:03 3934229                    /usr/lib/jvm/java-7-openjdk-amd64/jre/lib/amd64/libjawt.so
7fc99c453000-7fc99c456000 ---p 00000000 00:00 0 
7fc99c456000-7fc99c554000 rw-p 00000000 00:00 0 
7fc99c554000-7fc99c557000 r-xp 00000000 08:03 12190599                   /lib/x86_64-linux-gnu/libgpg-error.so.0.8.0
7fc99c557000-7fc99c756000 ---p 00003000 08:03 12190599                   /lib/x86_64-linux-gnu/libgpg-error.so.0.8.0
7fc99c756000-7fc99c757000 rw-p 00002000 08:03 12190599                   /lib/x86_64-linux-gnu/libgpg-error.so.0.8.0
7fc99c757000-7fc99c79b000 r-xp 00000000 08:03 12190580                   /lib/x86_64-linux-gnu/libdbus-1.so.3.7.2
7fc99c79b000-7fc99c99b000 ---p 00044000 08:03 12190580                   /lib/x86_64-linux-gnu/libdbus-1.so.3.7.2
7fc99c99b000-7fc99c99c000 r--p 00044000 08:03 12190580                   /lib/x86_64-linux-gnu/libdbus-1.so.3.7.2
7fc99c99c000-7fc99c99d000 rw-p 00045000 08:03 12190580                   /lib/x86_64-linux-gnu/libdbus-1.so.3.7.2
7fc99c99d000-7fc99c9ae000 r-xp 00000000 08:03 4200305                    /usr/lib/x86_64-linux-gnu/libp11-kit.so.0.0.0
7fc99c9ae000-7fc99cbad000 ---p 00011000 08:03 4200305                    /usr/lib/x86_64-linux-gnu/libp11-kit.so.0.0.0
7fc99cbad000-7fc99cbae000 r--p 00010000 08:03 4200305                    /usr/lib/x86_64-linux-gnu/libp11-kit.so.0.0.0
7fc99cbae000-7fc99cbaf000 rw-p 00011000 08:03 4200305                    /usr/lib/x86_64-linux-gnu/libp11-kit.so.0.0.0
7fc99cbaf000-7fc99cc29000 r-xp 00000000 08:03 12190595                   /lib/x86_64-linux-gnu/libgcrypt.so.11.7.0
7fc99cc29000-7fc99ce29000 ---p 0007a000 08:03 12190595                   /lib/x86_64-linux-gnu/libgcrypt.so.11.7.0
7fc99ce29000-7fc99ce2a000 r--p 0007a000 08:03 12190595                   /lib/x86_64-linux-gnu/libgcrypt.so.11.7.0
7fc99ce2a000-7fc99ce2d000 rw-p 0007b000 08:03 12190595                   /lib/x86_64-linux-gnu/libgcrypt.so.11.7.0
7fc99ce2d000-7fc99ce3d000 r-xp 00000000 08:03 4200448                    /usr/lib/x86_64-linux-gnu/libtasn1.so.3.1.16
7fc99ce3d000-7fc99d03c000 ---p 00010000 08:03 4200448                    /usr/lib/x86_64-linux-gnu/libtasn1.so.3.1.16
7fc99d03c000-7fc99d03d000 r--p 0000f000 08:03 4200448                    /usr/lib/x86_64-linux-gnu/libtasn1.so.3.1.16
7fc99d03d000-7fc99d03e000 rw-p 00010000 08:03 4200448                    /usr/lib/x86_64-linux-gnu/libtasn1.so.3.1.16
7fc99d03e000-7fc99d041000 r-xp 00000000 08:03 12190610                   /lib/x86_64-linux-gnu/libkeyutils.so.1.4
7fc99d041000-7fc99d240000 ---p 00003000 08:03 12190610                   /lib/x86_64-linux-gnu/libkeyutils.so.1.4
7fc99d240000-7fc99d241000 r--p 00002000 08:03 12190610                   /lib/x86_64-linux-gnu/libkeyutils.so.1.4
7fc99d241000-7fc99d242000 rw-p 00003000 08:03 12190610                   /lib/x86_64-linux-gnu/libkeyutils.so.1.4
7fc99d242000-7fc99d24a000 r-xp 00000000 08:03 4200208                    /usr/lib/x86_64-linux-gnu/libkrb5support.so.0.1
7fc99d24a000-7fc99d449000 ---p 00008000 08:03 4200208                    /usr/lib/x86_64-linux-gnu/libkrb5support.so.0.1
7fc99d449000-7fc99d44a000 r--p 00007000 08:03 4200208                    /usr/lib/x86_64-linux-gnu/libkrb5support.so.0.1
7fc99d44a000-7fc99d44b000 rw-p 00008000 08:03 4200208                    /usr/lib/x86_64-linux-gnu/libkrb5support.so.0.1
7fc99d44b000-7fc99d44e000 r-xp 00000000 08:03 12190576                   /lib/x86_64-linux-gnu/libcom_err.so.2.1
7fc99d44e000-7fc99d64d000 ---p 00003000 08:03 12190576                   /lib/x86_64-linux-gnu/libcom_err.so.2.1
7fc99d64d000-7fc99d64e000 r--p 00002000 08:03 12190576                   /lib/x86_64-linux-gnu/libcom_err.so.2.1
7fc99d64e000-7fc99d64f000 rw-p 00003000 08:03 12190576                   /lib/x86_64-linux-gnu/libcom_err.so.2.1
7fc99d64f000-7fc99d675000 r-xp 00000000 08:03 4200198                    /usr/lib/x86_64-linux-gnu/libk5crypto.so.3.1
7fc99d675000-7fc99d875000 ---p 00026000 08:03 4200198                    /usr/lib/x86_64-linux-gnu/libk5crypto.so.3.1
7fc99d875000-7fc99d876000 r--p 00026000 08:03 4200198                    /usr/lib/x86_64-linux-gnu/libk5crypto.so.3.1
7fc99d876000-7fc99d877000 rw-p 00027000 08:03 4200198                    /usr/lib/x86_64-linux-gnu/libk5crypto.so.3.1
7fc99d877000-7fc99d878000 rw-p 00000000 00:00 0 
7fc99d878000-7fc99d941000 r-xp 00000000 08:03 4200206                    /usr/lib/x86_64-linux-gnu/libkrb5.so.3.3
7fc99d941000-7fc99db40000 ---p 000c9000 08:03 4200206                    /usr/lib/x86_64-linux-gnu/libkrb5.so.3.3
7fc99db40000-7fc99db4a000 r--p 000c8000 08:03 4200206                    /usr/lib/x86_64-linux-gnu/libkrb5.so.3.3
7fc99db4a000-7fc99db4c000 rw-p 000d2000 08:03 4200206                    /usr/lib/x86_64-linux-gnu/libkrb5.so.3.3
7fc99db4c000-7fc99db51000 r-xp 00000000 08:03 4199743                    /usr/lib/x86_64-linux-gnu/libXdmcp.so.6.0.0
7fc99db51000-7fc99dd50000 ---p 00005000 08:03 4199743                    /usr/lib/x86_64-linux-gnu/libXdmcp.so.6.0.0
7fc99dd50000-7fc99dd51000 rw-p 00004000 08:03 4199743                    /usr/lib/x86_64-linux-gnu/libXdmcp.so.6.0.0
7fc99dd51000-7fc99dd53000 r-xp 00000000 08:03 4199732                    /usr/lib/x86_64-linux-gnu/libXau.so.6.0.0
7fc99dd53000-7fc99df53000 ---p 00002000 08:03 4199732                    /usr/lib/x86_64-linux-gnu/libXau.so.6.0.0
7fc99df53000-7fc99df54000 rw-p 00002000 08:03 4199732                    /usr/lib/x86_64-linux-gnu/libXau.so.6.0.0
7fc99df54000-7fc99df64000 r-xp 00000000 08:03 4199807                    /usr/lib/x86_64-linux-gnu/libavahi-client.so.3.2.9
7fc99df64000-7fc99e163000 ---p 00010000 08:03 4199807                    /usr/lib/x86_64-linux-gnu/libavahi-client.so.3.2.9
7fc99e163000-7fc99e164000 r--p 0000f000 08:03 4199807                    /usr/lib/x86_64-linux-gnu/libavahi-client.so.3.2.9
7fc99e164000-7fc99e165000 rw-p 00010000 08:03 4199807                    /usr/lib/x86_64-linux-gnu/libavahi-client.so.3.2.9
7fc99e165000-7fc99e171000 r-xp 00000000 08:03 4199809                    /usr/lib/x86_64-linux-gnu/libavahi-common.so.3.5.3
7fc99e171000-7fc99e370000 ---p 0000c000 08:03 4199809                    /usr/lib/x86_64-linux-gnu/libavahi-common.so.3.5.3
7fc99e370000-7fc99e371000 r--p 0000b000 08:03 4199809                    /usr/lib/x86_64-linux-gnu/libavahi-common.so.3.5.3
7fc99e371000-7fc99e372000 rw-p 0000c000 08:03 4199809                    /usr/lib/x86_64-linux-gnu/libavahi-common.so.3.5.3
7fc99e372000-7fc99e42b000 r-xp 00000000 08:03 4200060                    /usr/lib/x86_64-linux-gnu/libgnutls.so.26.22.4
7fc99e42b000-7fc99e62a000 ---p 000b9000 08:03 4200060                    /usr/lib/x86_64-linux-gnu/libgnutls.so.26.22.4
7fc99e62a000-7fc99e630000 r--p 000b8000 08:03 4200060                    /usr/lib/x86_64-linux-gnu/libgnutls.so.26.22.4
7fc99e630000-7fc99e632000 rw-p 000be000 08:03 4200060                    /usr/lib/x86_64-linux-gnu/libgnutls.so.26.22.4
7fc99e632000-7fc99e66e000 r-xp 00000000 08:03 4200085                    /usr/lib/x86_64-linux-gnu/libgssapi_krb5.so.2.2
7fc99e66e000-7fc99e86e000 ---p 0003c000 08:03 4200085                    /usr/lib/x86_64-linux-gnu/libgssapi_krb5.so.2.2
7fc99e86e000-7fc99e86f000 r--p 0003c000 08:03 4200085                    /usr/lib/x86_64-linux-gnu/libgssapi_krb5.so.2.2
7fc99e86f000-7fc99e871000 rw-p 0003d000 08:03 4200085                    /usr/lib/x86_64-linux-gnu/libgssapi_krb5.so.2.2
7fc99e871000-7fc99e8ad000 r-xp 00000000 08:03 12190663                   /lib/x86_64-linux-gnu/libpcre.so.3.13.1
7fc99e8ad000-7fc99eaad000 ---p 0003c000 08:03 12190663                   /lib/x86_64-linux-gnu/libpcre.so.3.13.1
7fc99eaad000-7fc99eaae000 rw-p 0003c000 08:03 12190663                   /lib/x86_64-linux-gnu/libpcre.so.3.13.1
7fc99eaae000-7fc99eaba000 r-xp 00000000 08:03 4199961                    /usr/lib/x86_64-linux-gnu/libffi.so.5.0.10
7fc99eaba000-7fc99ecba000 ---p 0000c000 08:03 4199961                    /usr/lib/x86_64-linux-gnu/libffi.so.5.0.10
7fc99ecba000-7fc99ecbb000 rw-p 0000c000 08:03 4199961                    /usr/lib/x86_64-linux-gnu/libffi.so.5.0.10
7fc99ecbb000-7fc99ece2000 r-xp 00000000 08:03 12190588                   /lib/x86_64-linux-gnu/libexpat.so.1.6.0
7fc99ece2000-7fc99eee2000 ---p 00027000 08:03 12190588                   /lib/x86_64-linux-gnu/libexpat.so.1.6.0
7fc99eee2000-7fc99eee4000 r--p 00027000 08:03 12190588                   /lib/x86_64-linux-gnu/libexpat.so.1.6.0
7fc99eee4000-7fc99eee5000 rw-p 00029000 08:03 12190588                   /lib/x86_64-linux-gnu/libexpat.so.1.6.0
7fc99eee5000-7fc99eeed000 r-xp 00000000 08:03 4200521                    /usr/lib/x86_64-linux-gnu/libxcb-render.so.0.0.0
7fc99eeed000-7fc99f0ed000 ---p 00008000 08:03 4200521                    /usr/lib/x86_64-linux-gnu/libxcb-render.so.0.0.0
7fc99f0ed000-7fc99f0ee000 r--p 00008000 08:03 4200521                    /usr/lib/x86_64-linux-gnu/libxcb-render.so.0.0.0
7fc99f0ee000-7fc99f0ef000 rw-p 00009000 08:03 4200521                    /usr/lib/x86_64-linux-gnu/libxcb-render.so.0.0.0
7fc99f0ef000-7fc99f0f1000 r-xp 00000000 08:03 4200525                    /usr/lib/x86_64-linux-gnu/libxcb-shm.so.0.0.0
7fc99f0f1000-7fc99f2f0000 ---p 00002000 08:03 4200525                    /usr/lib/x86_64-linux-gnu/libxcb-shm.so.0.0.0
7fc99f2f0000-7fc99f2f1000 r--p 00001000 08:03 4200525                    /usr/lib/x86_64-linux-gnu/libxcb-shm.so.0.0.0
7fc99f2f1000-7fc99f2f2000 rw-p 00002000 08:03 4200525                    /usr/lib/x86_64-linux-gnu/libxcb-shm.so.0.0.0
7fc99f2f2000-7fc99f372000 r-xp 00000000 08:03 4200335                    /usr/lib/x86_64-linux-gnu/libpixman-1.so.0.26.0
7fc99f372000-7fc99f572000 ---p 00080000 08:03 4200335                    /usr/lib/x86_64-linux-gnu/libpixman-1.so.0.26.0
7fc99f572000-7fc99f578000 rw-p 00080000 08:03 4200335                    /usr/lib/x86_64-linux-gnu/libpixman-1.so.0.26.0
7fc99f578000-7fc99f59e000 r-xp 00000000 08:03 12190665                   /lib/x86_64-linux-gnu/libpng12.so.0.49.0
7fc99f59e000-7fc99f79d000 ---p 00026000 08:03 12190665                   /lib/x86_64-linux-gnu/libpng12.so.0.49.0
7fc99f79d000-7fc99f79e000 r--p 00025000 08:03 12190665                   /lib/x86_64-linux-gnu/libpng12.so.0.49.0
7fc99f79e000-7fc99f79f000 rw-p 00026000 08:03 12190665                   /lib/x86_64-linux-gnu/libpng12.so.0.49.0
7fc99f79f000-7fc99f7b3000 r-xp 00000000 08:03 12192206                   /lib/x86_64-linux-gnu/libresolv-2.19.so
7fc99f7b3000-7fc99f9b2000 ---p 00014000 08:03 12192206                   /lib/x86_64-linux-gnu/libresolv-2.19.so
7fc99f9b2000-7fc99f9b3000 r--p 00013000 08:03 12192206                   /lib/x86_64-linux-gnu/libresolv-2.19.so
7fc99f9b3000-7fc99f9b4000 rw-p 00014000 08:03 12192206                   /lib/x86_64-linux-gnu/libresolv-2.19.so
7fc99f9b4000-7fc99f9b6000 rw-p 00000000 00:00 0 
7fc99f9b6000-7fc99f9d4000 r-xp 00000000 08:03 12190680                   /lib/x86_64-linux-gnu/libselinux.so.1
7fc99f9d4000-7fc99fbd3000 ---p 0001e000 08:03 12190680                   /lib/x86_64-linux-gnu/libselinux.so.1
7fc99fbd3000-7fc99fbd4000 r--p 0001d000 08:03 12190680                   /lib/x86_64-linux-gnu/libselinux.so.1
7fc99fbd4000-7fc99fbd5000 rw-p 0001e000 08:03 12190680                   /lib/x86_64-linux-gnu/libselinux.so.1
7fc99fbd5000-7fc99fbd6000 rw-p 00000000 00:00 0 
7fc99fbd6000-7fc99fbd9000 r-xp 00000000 08:03 4200052                    /usr/lib/x86_64-linux-gnu/libgmodule-2.0.so.0.3200.4
7fc99fbd9000-7fc99fdd8000 ---p 00003000 08:03 4200052                    /usr/lib/x86_64-linux-gnu/libgmodule-2.0.so.0.3200.4
7fc99fdd8000-7fc99fdd9000 r--p 00002000 08:03 4200052                    /usr/lib/x86_64-linux-gnu/libgmodule-2.0.so.0.3200.4
7fc99fdd9000-7fc99fdda000 rw-p 00003000 08:03 4200052                    /usr/lib/x86_64-linux-gnu/libgmodule-2.0.so.0.3200.4
7fc99fdda000-7fc99fde4000 r-xp 00000000 08:03 4199739                    /usr/lib/x86_64-linux-gnu/libXcursor.so.1.0.2
7fc99fde4000-7fc99ffe3000 ---p 0000a000 08:03 4199739                    /usr/lib/x86_64-linux-gnu/libXcursor.so.1.0.2
7fc99ffe3000-7fc99ffe4000 rw-p 00009000 08:03 4199739                    /usr/lib/x86_64-linux-gnu/libXcursor.so.1.0.2
7fc99ffe4000-7fc99ffeb000 r-xp 00000000 08:03 4199761                    /usr/lib/x86_64-linux-gnu/libXrandr.so.2.2.0
7fc99ffeb000-7fc9a01eb000 ---p 00007000 08:03 4199761                    /usr/lib/x86_64-linux-gnu/libXrandr.so.2.2.0
7fc9a01eb000-7fc9a01ec000 rw-p 00007000 08:03 4199761                    /usr/lib/x86_64-linux-gnu/libXrandr.so.2.2.0
7fc9a01ec000-7fc9a01ee000 r-xp 00000000 08:03 4199753                    /usr/lib/x86_64-linux-gnu/libXinerama.so.1.0.0
7fc9a01ee000-7fc9a03ed000 ---p 00002000 08:03 4199753                    /usr/lib/x86_64-linux-gnu/libXinerama.so.1.0.0
7fc9a03ed000-7fc9a03ee000 rw-p 00001000 08:03 4199753                    /usr/lib/x86_64-linux-gnu/libXinerama.so.1.0.0
7fc9a03ee000-7fc9a03f3000 r-xp 00000000 08:03 4199747                    /usr/lib/x86_64-linux-gnu/libXfixes.so.3.1.0
7fc9a03f3000-7fc9a05f2000 ---p 00005000 08:03 4199747                    /usr/lib/x86_64-linux-gnu/libXfixes.so.3.1.0
7fc9a05f2000-7fc9a05f3000 r--p 00004000 08:03 4199747                    /usr/lib/x86_64-linux-gnu/libXfixes.so.3.1.0
7fc9a05f3000-7fc9a05f4000 rw-p 00005000 08:03 4199747                    /usr/lib/x86_64-linux-gnu/libXfixes.so.3.1.0
7fc9a05f4000-7fc9a05f6000 r-xp 00000000 08:03 4199741                    /usr/lib/x86_64-linux-gnu/libXdamage.so.1.1.0
7fc9a05f6000-7fc9a07f5000 ---p 00002000 08:03 4199741                    /usr/lib/x86_64-linux-gnu/libXdamage.so.1.1.0
7fc9a07f5000-7fc9a07f6000 rw-p 00001000 08:03 4199741                    /usr/lib/x86_64-linux-gnu/libXdamage.so.1.1.0
7fc9a07f6000-7fc9a07f8000 r-xp 00000000 08:03 4199737                    /usr/lib/x86_64-linux-gnu/libXcomposite.so.1.0.0
7fc9a07f8000-7fc9a09f7000 ---p 00002000 08:03 4199737                    /usr/lib/x86_64-linux-gnu/libXcomposite.so.1.0.0
7fc9a09f7000-7fc9a09f8000 rw-p 00001000 08:03 4199737                    /usr/lib/x86_64-linux-gnu/libXcomposite.so.1.0.0
7fc9a09f8000-7fc9a0a17000 r-xp 00000000 08:03 4200529                    /usr/lib/x86_64-linux-gnu/libxcb.so.1.1.0
7fc9a0a17000-7fc9a0c16000 ---p 0001f000 08:03 4200529                    /usr/lib/x86_64-linux-gnu/libxcb.so.1.1.0
7fc9a0c16000-7fc9a0c17000 r--p 0001e000 08:03 4200529                    /usr/lib/x86_64-linux-gnu/libxcb.so.1.1.0
7fc9a0c17000-7fc9a0c18000 rw-p 0001f000 08:03 4200529                    /usr/lib/x86_64-linux-gnu/libxcb.so.1.1.0
7fc9a0c18000-7fc9a0c6b000 r-xp 00000000 08:03 4199889                    /usr/lib/x86_64-linux-gnu/libcups.so.2
7fc9a0c6b000-7fc9a0e6a000 ---p 00053000 08:03 4199889                    /usr/lib/x86_64-linux-gnu/libcups.so.2
7fc9a0e6a000-7fc9a0e6f000 r--p 00052000 08:03 4199889                    /usr/lib/x86_64-linux-gnu/libcups.so.2
7fc9a0e6f000-7fc9a0e70000 rw-p 00057000 08:03 4199889                    /usr/lib/x86_64-linux-gnu/libcups.so.2
7fc9a0e70000-7fc9a0f65000 r-xp 00000000 08:03 12190597                   /lib/x86_64-linux-gnu/libglib-2.0.so.0.3200.4
7fc9a0f65000-7fc9a1165000 ---p 000f5000 08:03 12190597                   /lib/x86_64-linux-gnu/libglib-2.0.so.0.3200.4
7fc9a1165000-7fc9a1166000 r--p 000f5000 08:03 12190597                   /lib/x86_64-linux-gnu/libglib-2.0.so.0.3200.4
7fc9a1166000-7fc9a1167000 rw-p 000f6000 08:03 12190597                   /lib/x86_64-linux-gnu/libglib-2.0.so.0.3200.4
7fc9a1167000-7fc9a1168000 rw-p 00000000 00:00 0 
7fc9a1168000-7fc9a1169000 r-xp 00000000 08:03 4200137                    /usr/lib/x86_64-linux-gnu/libgthread-2.0.so.0.3200.4
7fc9a1169000-7fc9a1368000 ---p 00001000 08:03 4200137                    /usr/lib/x86_64-linux-gnu/libgthread-2.0.so.0.3200.4
7fc9a1368000-7fc9a1369000 r--p 00000000 08:03 4200137                    /usr/lib/x86_64-linux-gnu/libgthread-2.0.so.0.3200.4
7fc9a1369000-7fc9a136a000 rw-p 00001000 08:03 4200137                    /usr/lib/x86_64-linux-gnu/libgthread-2.0.so.0.3200.4
7fc9a136a000-7fc9a13b8000 r-xp 00000000 08:03 4200068                    /usr/lib/x86_64-linux-gnu/libgobject-2.0.so.0.3200.4
7fc9a13b8000-7fc9a15b8000 ---p 0004e000 08:03 4200068                    /usr/lib/x86_64-linux-gnu/libgobject-2.0.so.0.3200.4
7fc9a15b8000-7fc9a15b9000 r--p 0004e000 08:03 4200068                    /usr/lib/x86_64-linux-gnu/libgobject-2.0.so.0.3200.4
7fc9a15b9000-7fc9a15ba000 rw-p 0004f000 08:03 4200068                    /usr/lib/x86_64-linux-gnu/libgobject-2.0.so.0.3200.4
7fc9a15ba000-7fc9a15ef000 r-xp 00000000 08:03 4199999                    /usr/lib/x86_64-linux-gnu/libfontconfig.so.1.5.0
7fc9a15ef000-7fc9a17ef000 ---p 00035000 08:03 4199999                    /usr/lib/x86_64-linux-gnu/libfontconfig.so.1.5.0
7fc9a17ef000-7fc9a17f0000 r--p 00035000 08:03 4199999                    /usr/lib/x86_64-linux-gnu/libfontconfig.so.1.5.0
7fc9a17f0000-7fc9a17f1000 rw-p 00036000 08:03 4199999                    /usr/lib/x86_64-linux-gnu/libfontconfig.so.1.5.0
7fc9a17f1000-7fc9a188a000 r-xp 00000000 08:03 4200007                    /usr/lib/x86_64-linux-gnu/libfreetype.so.6.8.1
7fc9a188a000-7fc9a1a89000 ---p 00099000 08:03 4200007                    /usr/lib/x86_64-linux-gnu/libfreetype.so.6.8.1
7fc9a1a89000-7fc9a1a8f000 r--p 00098000 08:03 4200007                    /usr/lib/x86_64-linux-gnu/libfreetype.so.6.8.1
7fc9a1a8f000-7fc9a1a90000 rw-p 0009e000 08:03 4200007                    /usr/lib/x86_64-linux-gnu/libfreetype.so.6.8.1
7fc9a1a90000-7fc9a1ada000 r-xp 00000000 08:03 4200313                    /usr/lib/x86_64-linux-gnu/libpango-1.0.so.0.3000.0
7fc9a1ada000-7fc9a1cda000 ---p 0004a000 08:03 4200313                    /usr/lib/x86_64-linux-gnu/libpango-1.0.so.0.3000.0
7fc9a1cda000-7fc9a1cdc000 r--p 0004a000 08:03 4200313                    /usr/lib/x86_64-linux-gnu/libpango-1.0.so.0.3000.0
7fc9a1cdc000-7fc9a1cdd000 rw-p 0004c000 08:03 4200313                    /usr/lib/x86_64-linux-gnu/libpango-1.0.so.0.3000.0
7fc9a1cdd000-7fc9a1dd1000 r-xp 00000000 08:03 4199843                    /usr/lib/x86_64-linux-gnu/libcairo.so.2.11200.2
7fc9a1dd1000-7fc9a1fd0000 ---p 000f4000 08:03 4199843                    /usr/lib/x86_64-linux-gnu/libcairo.so.2.11200.2
7fc9a1fd0000-7fc9a1fd3000 r--p 000f3000 08:03 4199843                    /usr/lib/x86_64-linux-gnu/libcairo.so.2.11200.2
7fc9a1fd3000-7fc9a1fd4000 rw-p 000f6000 08:03 4199843                    /usr/lib/x86_64-linux-gnu/libcairo.so.2.11200.2
7fc9a1fd4000-7fc9a1fd6000 rw-p 00000000 00:00 0 
7fc9a1fd6000-7fc9a1ff5000 r-xp 00000000 08:03 4200030                    /usr/lib/x86_64-linux-gnu/libgdk_pixbuf-2.0.so.0.2600.1
7fc9a1ff5000-7fc9a21f4000 ---p 0001f000 08:03 4200030                    /usr/lib/x86_64-linux-gnu/libgdk_pixbuf-2.0.so.0.2600.1
7fc9a21f4000-7fc9a21f5000 r--p 0001e000 08:03 4200030                    /usr/lib/x86_64-linux-gnu/libgdk_pixbuf-2.0.so.0.2600.1
7fc9a21f5000-7fc9a21f6000 rw-p 0001f000 08:03 4200030                    /usr/lib/x86_64-linux-gnu/libgdk_pixbuf-2.0.so.0.2600.1
7fc9a21f6000-7fc9a2202000 r-xp 00000000 08:03 4200315                    /usr/lib/x86_64-linux-gnu/libpangocairo-1.0.so.0.3000.0
7fc9a2202000-7fc9a2401000 ---p 0000c000 08:03 4200315                    /usr/lib/x86_64-linux-gnu/libpangocairo-1.0.so.0.3000.0
7fc9a2401000-7fc9a2402000 r--p 0000b000 08:03 4200315                    /usr/lib/x86_64-linux-gnu/libpangocairo-1.0.so.0.3000.0
7fc9a2402000-7fc9a2403000 rw-p 0000c000 08:03 4200315                    /usr/lib/x86_64-linux-gnu/libpangocairo-1.0.so.0.3000.0
7fc9a2403000-7fc9a242d000 r-xp 00000000 08:03 4200317                    /usr/lib/x86_64-linux-gnu/libpangoft2-1.0.so.0.3000.0
7fc9a242d000-7fc9a262c000 ---p 0002a000 08:03 4200317                    /usr/lib/x86_64-linux-gnu/libpangoft2-1.0.so.0.3000.0
7fc9a262c000-7fc9a262d000 r--p 00029000 08:03 4200317                    /usr/lib/x86_64-linux-gnu/libpangoft2-1.0.so.0.3000.0
7fc9a262d000-7fc9a262e000 rw-p 0002a000 08:03 4200317                    /usr/lib/x86_64-linux-gnu/libpangoft2-1.0.so.0.3000.0
7fc9a262e000-7fc9a277a000 r-xp 00000000 08:03 4200042                    /usr/lib/x86_64-linux-gnu/libgio-2.0.so.0.3200.4
7fc9a277a000-7fc9a2979000 ---p 0014c000 08:03 4200042                    /usr/lib/x86_64-linux-gnu/libgio-2.0.so.0.3200.4
7fc9a2979000-7fc9a297d000 r--p 0014b000 08:03 4200042                    /usr/lib/x86_64-linux-gnu/libgio-2.0.so.0.3200.4
7fc9a297d000-7fc9a297f000 rw-p 0014f000 08:03 4200042                    /usr/lib/x86_64-linux-gnu/libgio-2.0.so.0.3200.4
7fc9a297f000-7fc9a2981000 rw-p 00000000 00:00 0 
7fc9a2981000-7fc9a29a2000 r-xp 00000000 08:03 4199799                    /usr/lib/x86_64-linux-gnu/libatk-1.0.so.0.20409.1
7fc9a29a2000-7fc9a2ba1000 ---p 00021000 08:03 4199799                    /usr/lib/x86_64-linux-gnu/libatk-1.0.so.0.20409.1
7fc9a2ba1000-7fc9a2ba3000 r--p 00020000 08:03 4199799                    /usr/lib/x86_64-linux-gnu/libatk-1.0.so.0.20409.1
7fc9a2ba3000-7fc9a2ba4000 rw-p 00022000 08:03 4199799                    /usr/lib/x86_64-linux-gnu/libatk-1.0.so.0.20409.1
7fc9a2ba4000-7fc9a2c53000 r-xp 00000000 08:03 4200028                    /usr/lib/x86_64-linux-gnu/libgdk-x11-2.0.so.0.2400.10
7fc9a2c53000-7fc9a2e52000 ---p 000af000 08:03 4200028                    /usr/lib/x86_64-linux-gnu/libgdk-x11-2.0.so.0.2400.10
7fc9a2e52000-7fc9a2e57000 rw-p 000ae000 08:03 4200028                    /usr/lib/x86_64-linux-gnu/libgdk-x11-2.0.so.0.2400.10
7fc9a2e57000-7fc9a3289000 r-xp 00000000 08:03 4200141                    /usr/lib/x86_64-linux-gnu/libgtk-x11-2.0.so.0.2400.10
7fc9a3289000-7fc9a3489000 ---p 00432000 08:03 4200141                    /usr/lib/x86_64-linux-gnu/libgtk-x11-2.0.so.0.2400.10
7fc9a3489000-7fc9a3494000 rw-p 00432000 08:03 4200141                    /usr/lib/x86_64-linux-gnu/libgtk-x11-2.0.so.0.2400.10
7fc9a3494000-7fc9a3496000 rw-p 00000000 00:00 0 
7fc9a3496000-7fc9a34a4000 r-xp 00000000 08:03 4199751                    /usr/lib/x86_64-linux-gnu/libXi.so.6.1.0
7fc9a34a4000-7fc9a36a4000 ---p 0000e000 08:03 4199751                    /usr/lib/x86_64-linux-gnu/libXi.so.6.1.0
7fc9a36a4000-7fc9a36a5000 rw-p 0000e000 08:03 4199751                    /usr/lib/x86_64-linux-gnu/libXi.so.6.1.0
7fc9a36a5000-7fc9a36aa000 r-xp 00000000 08:03 4199769                    /usr/lib/x86_64-linux-gnu/libXtst.so.6.1.0
7fc9a36aa000-7fc9a38a9000 ---p 00005000 08:03 4199769                    /usr/lib/x86_64-linux-gnu/libXtst.so.6.1.0
7fc9a38a9000-7fc9a38aa000 rw-p 00004000 08:03 4199769                    /usr/lib/x86_64-linux-gnu/libXtst.so.6.1.0
7fc9a38aa000-7fc9a38b3000 r-xp 00000000 08:03 4199763                    /usr/lib/x86_64-linux-gnu/libXrender.so.1.3.0
7fc9a38b3000-7fc9a3ab2000 ---p 00009000 08:03 4199763                    /usr/lib/x86_64-linux-gnu/libXrender.so.1.3.0
7fc9a3ab2000-7fc9a3ab3000 rw-p 00008000 08:03 4199763                    /usr/lib/x86_64-linux-gnu/libXrender.so.1.3.0
7fc9a3ab3000-7fc9a3be8000 r-xp 00000000 08:03 4199728                    /usr/lib/x86_64-linux-gnu/libX11.so.6.3.0
7fc9a3be8000-7fc9a3de8000 ---p 00135000 08:03 4199728                    /usr/lib/x86_64-linux-gnu/libX11.so.6.3.0
7fc9a3de8000-7fc9a3dee000 rw-p 00135000 08:03 4199728                    /usr/lib/x86_64-linux-gnu/libX11.so.6.3.0
7fc9a3dee000-7fc9a3dff000 r-xp 00000000 08:03 4199745                    /usr/lib/x86_64-linux-gnu/libXext.so.6.4.0
7fc9a3dff000-7fc9a3fff000 ---p 00011000 08:03 4199745                    /usr/lib/x86_64-linux-gnu/libXext.so.6.4.0
7fc9a3fff000-7fc9a4000000 rw-p 00011000 08:03 4199745                    /usr/lib/x86_64-linux-gnu/libXext.so.6.4.0
7fc9a4000000-7fc9a4021000 rw-p 00000000 00:00 0 
7fc9a4021000-7fc9a8000000 ---p 00000000 00:00 0 
7fc9a8000000-7fc9a8021000 rw-p 00000000 00:00 0 
7fc9a8021000-7fc9ac000000 ---p 00000000 00:00 0 
7fc9ac000000-7fc9ac1f6000 rw-p 00000000 00:00 0 
7fc9ac1f6000-7fc9b0000000 ---p 00000000 00:00 0 
7fc9b0000000-7fc9b02ef000 rw-p 00000000 00:00 0 
7fc9b02ef000-7fc9b4000000 ---p 00000000 00:00 0 
7fc9b4000000-7fc9b4021000 rw-p 00000000 00:00 0 
7fc9b4021000-7fc9b8000000 ---p 00000000 00:00 0 
7fc9b8000000-7fc9b8021000 rw-p 00000000 00:00 0 
7fc9b8021000-7fc9bc000000 ---p 00000000 00:00 0 
7fc9bc000000-7fc9bc021000 rw-p 00000000 00:00 0 
7fc9bc021000-7fc9c0000000 ---p 00000000 00:00 0 
7fc9c0000000-7fc9c0021000 rw-p 00000000 00:00 0 
7fc9c0021000-7fc9c4000000 ---p 00000000 00:00 0 
7fc9c4000000-7fc9c4021000 rw-p 00000000 00:00 0 
7fc9c4021000-7fc9c8000000 ---p 00000000 00:00 0 
7fc9c8037000-7fc9c807f000 rw-p 00000000 00:00 0 
7fc9c807f000-7fc9c8082000 ---p 00000000 00:00 0 
7fc9c8082000-7fc9c8180000 rw-p 00000000 00:00 0 
7fc9c8180000-7fc9c81d3000 r-xp 00000000 08:03 3934319                    /usr/lib/jvm/java-7-openjdk-amd64/jre/lib/amd64/xawt/libmawt.so
7fc9c81d3000-7fc9c83d2000 ---p 00053000 08:03 3934319                    /usr/lib/jvm/java-7-openjdk-amd64/jre/lib/amd64/xawt/libmawt.so
7fc9c83d2000-7fc9c83d3000 r--p 00052000 08:03 3934319                    /usr/lib/jvm/java-7-openjdk-amd64/jre/lib/amd64/xawt/libmawt.so
7fc9c83d3000-7fc9c83d6000 rw-p 00053000 08:03 3934319                    /usr/lib/jvm/java-7-openjdk-amd64/jre/lib/amd64/xawt/libmawt.so
7fc9c83d6000-7fc9c83d7000 rw-p 00000000 00:00 0 
7fc9c83d7000-7fc9c8478000 r-xp 00000000 08:03 3934218                    /usr/lib/jvm/java-7-openjdk-amd64/jre/lib/amd64/libawt.so
7fc9c8478000-7fc9c8677000 ---p 000a1000 08:03 3934218                    /usr/lib/jvm/java-7-openjdk-amd64/jre/lib/amd64/libawt.so
7fc9c8677000-7fc9c8678000 r--p 000a0000 08:03 3934218                    /usr/lib/jvm/java-7-openjdk-amd64/jre/lib/amd64/libawt.so
7fc9c8678000-7fc9c8683000 rw-p 000a1000 08:03 3934218                    /usr/lib/jvm/java-7-openjdk-amd64/jre/lib/amd64/libawt.so
7fc9c8683000-7fc9c86a8000 rw-p 00000000 00:00 0 
7fc9c86a8000-7fc9c86e5000 r-xp 00000000 08:03 10486183                   /tmp/libgdxchobe/5502b6ed/libgdx64.so
7fc9c86e5000-7fc9c88e4000 ---p 0003d000 08:03 10486183                   /tmp/libgdxchobe/5502b6ed/libgdx64.so
7fc9c88e4000-7fc9c88e5000 r--p 0003c000 08:03 10486183                   /tmp/libgdxchobe/5502b6ed/libgdx64.so
7fc9c88e5000-7fc9c88e6000 rw-p 0003d000 08:03 10486183                   /tmp/libgdxchobe/5502b6ed/libgdx64.so
7fc9c88e6000-7fc9c88e7000 r--s 00002000 08:03 10488693                   /home/chobe/.gradle/caches/modules-2/files-2.1/net.java.jinput/jinput-platform/2.0.5/53f9c919f34d2ca9de8c51fc4e1e8282029a9232/jinput-platform-2.0.5-natives-osx.jar
7fc9c88e7000-7fc9c88e8000 r--s 00025000 08:03 10488692                   /home/chobe/.gradle/caches/modules-2/files-2.1/net.java.jinput/jinput-platform/2.0.5/385ee093e01f587f30ee1c8a2ee7d408fd732e16/jinput-platform-2.0.5-natives-windows.jar
7fc9c88e8000-7fc9c88e9000 r--s 00002000 08:03 10488691                   /home/chobe/.gradle/caches/modules-2/files-2.1/net.java.jinput/jinput-platform/2.0.5/7ff832a6eb9ab6a767f1ade2b548092d0fa64795/jinput-platform-2.0.5-natives-linux.jar
7fc9c88e9000-7fc9c88ea000 r--s 00001000 08:03 10488690                   /home/chobe/.gradle/caches/modules-2/files-2.1/net.java.jutils/jutils/1.0.0/e12fe1fda814bd348c1579329c86943d2cd3c6a6/jutils-1.0.0.jar
7fc9c88ea000-7fc9c88ee000 r--s 0002f000 08:03 10488689                   /home/chobe/.gradle/caches/modules-2/files-2.1/net.java.jinput/jinput/2.0.5/39c7796b469a600f72380316f6b1f11db6c2c7c4/jinput-2.0.5.jar
7fc9c88ee000-7fc9c88ef000 r--s 00080000 08:03 10488688                   /home/chobe/.gradle/caches/modules-2/files-2.1/org.lwjgl.lwjgl/lwjgl-platform/2.9.1/2d12c83fdfbc04ecabf02c7bc8cc54d034f0daac/lwjgl-platform-2.9.1-natives-osx.jar
7fc9c88ef000-7fc9c88f0000 r--s 0008b000 08:03 10488687                   /home/chobe/.gradle/caches/modules-2/files-2.1/org.lwjgl.lwjgl/lwjgl-platform/2.9.1/aa9aae879af8eb378e22cfc64db56ec2ca9a44d1/lwjgl-platform-2.9.1-natives-linux.jar
7fc9c88f0000-7fc9c88f1000 r--s 00095000 08:03 10488686                   /home/chobe/.gradle/caches/modules-2/files-2.1/org.lwjgl.lwjgl/lwjgl-platform/2.9.1/4c517eca808522457dd95ee8fc1fbcdbb602efbe/lwjgl-platform-2.9.1-natives-windows.jar
7fc9c88f1000-7fc9c88f3000 r--s 00017000 08:03 10488685                   /home/chobe/.gradle/caches/modules-2/files-2.1/org.jcraft/jorbis/0.0.17/8872d22b293e8f5d7d56ff92be966e6dc28ebdc6/jorbis-0.0.17.jar
7fc9c88f3000-7fc9c88f4000 r--s 00015000 08:03 10488684                   /home/chobe/.gradle/caches/modules-2/files-2.1/com.badlogicgames.jlayer/jlayer/1.0.1-gdx/7cca83cec5c1b2f011362f4d85aabd71a73b049d/jlayer-1.0.1-gdx.jar
7fc9c88f4000-7fc9c88f8000 r--s 00027000 08:03 10488683                   /home/chobe/.gradle/caches/modules-2/files-2.1/org.lwjgl.lwjgl/lwjgl_util/2.9.1/290d7ba8a1bd9566f5ddf16ad06f09af5ec9b20e/lwjgl_util-2.9.1.jar
7fc9c88f8000-7fc9c8906000 r--s 000ea000 08:03 10488682                   /home/chobe/.gradle/caches/modules-2/files-2.1/org.lwjgl.lwjgl/lwjgl/2.9.1/f58c5aabcef0e41718a564be9f8e412fff8db847/lwjgl-2.9.1.jar
7fc9c8906000-7fc9c891b000 r--s 00153000 08:03 10488660                   /home/chobe/.gradle/caches/modules-2/files-2.1/com.badlogicgames.gdx/gdx/1.1.0/686f5a609c717eb0769d3b954c501a49bf4fe351/gdx-1.1.0.jar
7fc9c891b000-7fc9c891c000 r--s 000cd000 08:03 10488678                   /home/chobe/.gradle/caches/modules-2/files-2.1/com.badlogicgames.gdx/gdx-platform/1.1.0/1c7ea4239c2d9adda420c15985fe3885c481fdcf/gdx-platform-1.1.0-natives-desktop.jar
7fc9c891c000-7fc9c891f000 r--s 0001f000 08:03 10488677                   /home/chobe/.gradle/caches/modules-2/files-2.1/com.badlogicgames.gdx/gdx-backend-lwjgl/1.1.0/eafa409559820c1696e165e1280435f1332fc32b/gdx-backend-lwjgl-1.1.0.jar
7fc9c891f000-7fc9c8921000 r--s 00018000 08:01 754491                     /media/winDisk/Users/ChobeDucket/Documents/sheep/core/build/libs/core-1.0.jar
7fc9c8921000-7fc9c8925000 r--s 0003b000 08:03 3934173                    /usr/lib/jvm/java-7-openjdk-amd64/jre/lib/ext/sunpkcs11.jar
7fc9c8925000-7fc9c8926000 r--s 00002000 08:03 3934178                    /usr/lib/jvm/java-7-openjdk-amd64/jre/lib/ext/dnsns.jar
7fc9c8926000-7fc9c8929000 r--s 00032000 08:03 3934176                    /usr/lib/jvm/java-7-openjdk-amd64/jre/lib/ext/sunjce_provider.jar
7fc9c8929000-7fc9c892b000 r--s 0000f000 08:03 3934175                    /usr/lib/jvm/java-7-openjdk-amd64/jre/lib/ext/pulse-java.jar
7fc9c892b000-7fc9c892d000 r--s 00012000 08:03 3934174                    /usr/lib/jvm/java-7-openjdk-amd64/jre/lib/ext/zipfs.jar
7fc9c892d000-7fc9c8931000 r--s 00085000 08:03 3934172                    /usr/lib/jvm/java-7-openjdk-amd64/jre/lib/ext/localedata.jar
7fc9c8931000-7fc9c8932000 r--s 00007000 08:03 5645676                    /usr/share/java/java-atk-wrapper.jar
7fc9c8932000-7fc9c8933000 ---p 00000000 00:00 0 
7fc9c8933000-7fc9c8a33000 rw-p 00000000 00:00 0 
7fc9c8a33000-7fc9c8a36000 ---p 00000000 00:00 0 
7fc9c8a36000-7fc9c8b34000 rw-p 00000000 00:00 0 
7fc9c8b34000-7fc9c8b37000 ---p 00000000 00:00 0 
7fc9c8b37000-7fc9c8c35000 rw-p 00000000 00:00 0 
7fc9c8c35000-7fc9c8c38000 ---p 00000000 00:00 0 
7fc9c8c38000-7fc9c8d36000 rw-p 00000000 00:00 0 
7fc9c8d36000-7fc9c8d39000 ---p 00000000 00:00 0 
7fc9c8d39000-7fc9c8e37000 rw-p 00000000 00:00 0 
7fc9c8e37000-7fc9c8fc0000 r--p 00000000 08:03 4067802                    /usr/lib/locale/locale-archive
7fc9c8fc0000-7fc9c8fc3000 ---p 00000000 00:00 0 
7fc9c8fc3000-7fc9c90c1000 rw-p 00000000 00:00 0 
7fc9c90c1000-7fc9c90c4000 ---p 00000000 00:00 0 
7fc9c90c4000-7fc9c91c2000 rw-p 00000000 00:00 0 
7fc9c91c2000-7fc9c91c3000 ---p 00000000 00:00 0 
7fc9c91c3000-7fc9cc000000 rw-p 00000000 00:00 0 
7fc9cc000000-7fc9cc021000 rw-p 00000000 00:00 0 
7fc9cc021000-7fc9d0000000 ---p 00000000 00:00 0 
7fc9d0000000-7fc9d0021000 rw-p 00000000 00:00 0 
7fc9d0021000-7fc9d4000000 ---p 00000000 00:00 0 
7fc9d4000000-7fc9d4021000 rw-p 00000000 00:00 0 
7fc9d4021000-7fc9d8000000 ---p 00000000 00:00 0 
7fc9d8045000-7fc9d80c2000 rw-p 00000000 00:00 0 
7fc9d80c2000-7fc9d80d2000 rw-s e0200000 00:05 6137                       /dev/ati/card0
7fc9d80d2000-7fc9d8742000 rw-p 00000000 00:00 0 
7fc9d8742000-7fc9d88f0000 r--s 01cfc000 08:03 3934153                    /usr/lib/jvm/java-7-openjdk-amd64/jre/lib/rt.jar
7fc9d88f0000-7fc9d8bfc000 rw-p 00000000 00:00 0 
7fc9d8bfc000-7fc9d8bfd000 ---p 00000000 00:00 0 
7fc9d8bfd000-7fc9d8cfd000 rw-p 00000000 00:00 0 
7fc9d8cfd000-7fc9d8cfe000 ---p 00000000 00:00 0 
7fc9d8cfe000-7fc9d8dfe000 rw-p 00000000 00:00 0 
7fc9d8dfe000-7fc9d8dff000 ---p 00000000 00:00 0 
7fc9d8dff000-7fc9d8eff000 rw-p 00000000 00:00 0 
7fc9d8eff000-7fc9d8f00000 ---p 00000000 00:00 0 
7fc9d8f00000-7fc9d9000000 rw-p 00000000 00:00 0 
7fc9d9000000-7fc9d9270000 rwxp 00000000 00:00 0 
7fc9d9270000-7fc9dc389000 rw-p 00000000 00:00 0 
7fc9dc389000-7fc9e0000000 ---p 00000000 00:00 0 
7fc9e000d000-7fc9e0010000 ---p 00000000 00:00 0 
7fc9e0010000-7fc9e0046000 rw-p 00000000 00:00 0 
7fc9e0046000-7fc9e004f000 r--s 000b9000 08:03 3934170                    /usr/lib/jvm/java-7-openjdk-amd64/jre/lib/resources.jar
7fc9e004f000-7fc9e0082000 rw-p 00000000 00:00 0 
7fc9e0082000-7fc9e00ca000 rw-p 00000000 00:00 0 
7fc9e00ca000-7fc9e00df000 rw-p 00000000 00:00 0 
7fc9e00df000-7fc9e0210000 rw-p 00000000 00:00 0 
7fc9e0210000-7fc9e021b000 rw-p 00000000 00:00 0 
7fc9e021b000-7fc9e0263000 rw-p 00000000 00:00 0 
7fc9e0263000-7fc9e0278000 rw-p 00000000 00:00 0 
7fc9e0278000-7fc9e03a8000 rw-p 00000000 00:00 0 
7fc9e03a8000-7fc9e03b3000 rw-p 00000000 00:00 0 
7fc9e03b3000-7fc9e044b000 rw-p 00000000 00:00 0 
7fc9e044b000-7fc9e044c000 rw-p 00000000 00:00 0 
7fc9e044c000-7fc9e0454000 r-xp 00000000 08:03 3934210                    /usr/lib/jvm/java-7-openjdk-amd64/jre/lib/amd64/libzip.so
7fc9e0454000-7fc9e0653000 ---p 00008000 08:03 3934210                    /usr/lib/jvm/java-7-openjdk-amd64/jre/lib/amd64/libzip.so
7fc9e0653000-7fc9e0654000 r--p 00007000 08:03 3934210                    /usr/lib/jvm/java-7-openjdk-amd64/jre/lib/amd64/libzip.so
7fc9e0654000-7fc9e0655000 rw-p 00008000 08:03 3934210                    /usr/lib/jvm/java-7-openjdk-amd64/jre/lib/amd64/libzip.so
7fc9e0655000-7fc9e0660000 r-xp 00000000 08:03 12192223                   /lib/x86_64-linux-gnu/libnss_files-2.19.so
7fc9e0660000-7fc9e085f000 ---p 0000b000 08:03 12192223                   /lib/x86_64-linux-gnu/libnss_files-2.19.so
7fc9e085f000-7fc9e0860000 r--p 0000a000 08:03 12192223                   /lib/x86_64-linux-gnu/libnss_files-2.19.so
7fc9e0860000-7fc9e0861000 rw-p 0000b000 08:03 12192223                   /lib/x86_64-linux-gnu/libnss_files-2.19.so
7fc9e0861000-7fc9e086b000 r-xp 00000000 08:03 12192211                   /lib/x86_64-linux-gnu/libnss_nis-2.19.so
7fc9e086b000-7fc9e0a6a000 ---p 0000a000 08:03 12192211                   /lib/x86_64-linux-gnu/libnss_nis-2.19.so
7fc9e0a6a000-7fc9e0a6b000 r--p 00009000 08:03 12192211                   /lib/x86_64-linux-gnu/libnss_nis-2.19.so
7fc9e0a6b000-7fc9e0a6c000 rw-p 0000a000 08:03 12192211                   /lib/x86_64-linux-gnu/libnss_nis-2.19.so
7fc9e0a6c000-7fc9e0a81000 r-xp 00000000 08:03 12192215                   /lib/x86_64-linux-gnu/libnsl-2.19.so
7fc9e0a81000-7fc9e0c80000 ---p 00015000 08:03 12192215                   /lib/x86_64-linux-gnu/libnsl-2.19.so
7fc9e0c80000-7fc9e0c81000 r--p 00014000 08:03 12192215                   /lib/x86_64-linux-gnu/libnsl-2.19.so
7fc9e0c81000-7fc9e0c82000 rw-p 00015000 08:03 12192215                   /lib/x86_64-linux-gnu/libnsl-2.19.so
7fc9e0c82000-7fc9e0c84000 rw-p 00000000 00:00 0 
7fc9e0c84000-7fc9e0c8b000 r-xp 00000000 08:03 12192212                   /lib/x86_64-linux-gnu/libnss_compat-2.19.so
7fc9e0c8b000-7fc9e0e8a000 ---p 00007000 08:03 12192212                   /lib/x86_64-linux-gnu/libnss_compat-2.19.so
7fc9e0e8a000-7fc9e0e8b000 r--p 00006000 08:03 12192212                   /lib/x86_64-linux-gnu/libnss_compat-2.19.so
7fc9e0e8b000-7fc9e0e8c000 rw-p 00007000 08:03 12192212                   /lib/x86_64-linux-gnu/libnss_compat-2.19.so
7fc9e0e8c000-7fc9e0eb7000 r-xp 00000000 08:03 3934215                    /usr/lib/jvm/java-7-openjdk-amd64/jre/lib/amd64/libjava.so
7fc9e0eb7000-7fc9e10b6000 ---p 0002b000 08:03 3934215                    /usr/lib/jvm/java-7-openjdk-amd64/jre/lib/amd64/libjava.so
7fc9e10b6000-7fc9e10b7000 r--p 0002a000 08:03 3934215                    /usr/lib/jvm/java-7-openjdk-amd64/jre/lib/amd64/libjava.so
7fc9e10b7000-7fc9e10b9000 rw-p 0002b000 08:03 3934215                    /usr/lib/jvm/java-7-openjdk-amd64/jre/lib/amd64/libjava.so
7fc9e10b9000-7fc9e10c8000 r-xp 00000000 08:03 3934216                    /usr/lib/jvm/java-7-openjdk-amd64/jre/lib/amd64/libverify.so
7fc9e10c8000-7fc9e12c7000 ---p 0000f000 08:03 3934216                    /usr/lib/jvm/java-7-openjdk-amd64/jre/lib/amd64/libverify.so
7fc9e12c7000-7fc9e12c9000 r--p 0000e000 08:03 3934216                    /usr/lib/jvm/java-7-openjdk-amd64/jre/lib/amd64/libverify.so
7fc9e12c9000-7fc9e12ca000 rw-p 00010000 08:03 3934216                    /usr/lib/jvm/java-7-openjdk-amd64/jre/lib/amd64/libverify.so
7fc9e12ca000-7fc9e12d1000 r-xp 00000000 08:03 12192213                   /lib/x86_64-linux-gnu/librt-2.19.so
7fc9e12d1000-7fc9e14d0000 ---p 00007000 08:03 12192213                   /lib/x86_64-linux-gnu/librt-2.19.so
7fc9e14d0000-7fc9e14d1000 r--p 00006000 08:03 12192213                   /lib/x86_64-linux-gnu/librt-2.19.so
7fc9e14d1000-7fc9e14d2000 rw-p 00007000 08:03 12192213                   /lib/x86_64-linux-gnu/librt-2.19.so
7fc9e14d2000-7fc9e14e7000 r-xp 00000000 08:03 12190593                   /lib/x86_64-linux-gnu/libgcc_s.so.1
7fc9e14e7000-7fc9e16e7000 ---p 00015000 08:03 12190593                   /lib/x86_64-linux-gnu/libgcc_s.so.1
7fc9e16e7000-7fc9e16e8000 rw-p 00015000 08:03 12190593                   /lib/x86_64-linux-gnu/libgcc_s.so.1
7fc9e16e8000-7fc9e17e8000 r-xp 00000000 08:03 12192221                   /lib/x86_64-linux-gnu/libm-2.19.so
7fc9e17e8000-7fc9e19e7000 ---p 00100000 08:03 12192221                   /lib/x86_64-linux-gnu/libm-2.19.so
7fc9e19e7000-7fc9e19e8000 r--p 000ff000 08:03 12192221                   /lib/x86_64-linux-gnu/libm-2.19.so
7fc9e19e8000-7fc9e19e9000 rw-p 00100000 08:03 12192221                   /lib/x86_64-linux-gnu/libm-2.19.so
7fc9e19e9000-7fc9e1ad1000 r-xp 00000000 08:03 4200440                    /usr/lib/x86_64-linux-gnu/libstdc++.so.6.0.17
7fc9e1ad1000-7fc9e1cd1000 ---p 000e8000 08:03 4200440                    /usr/lib/x86_64-linux-gnu/libstdc++.so.6.0.17
7fc9e1cd1000-7fc9e1cd9000 r--p 000e8000 08:03 4200440                    /usr/lib/x86_64-linux-gnu/libstdc++.so.6.0.17
7fc9e1cd9000-7fc9e1cdb000 rw-p 000f0000 08:03 4200440                    /usr/lib/x86_64-linux-gnu/libstdc++.so.6.0.17
7fc9e1cdb000-7fc9e1cf0000 rw-p 00000000 00:00 0 
7fc9e1cf0000-7fc9e27b9000 r-xp 00000000 08:03 3934204                    /usr/lib/jvm/java-7-openjdk-amd64/jre/lib/amd64/server/libjvm.so
7fc9e27b9000-7fc9e29b9000 ---p 00ac9000 08:03 3934204                    /usr/lib/jvm/java-7-openjdk-amd64/jre/lib/amd64/server/libjvm.so
7fc9e29b9000-7fc9e2a51000 r--p 00ac9000 08:03 3934204                    /usr/lib/jvm/java-7-openjdk-amd64/jre/lib/amd64/server/libjvm.so
7fc9e2a51000-7fc9e2a74000 rw-p 00b61000 08:03 3934204                    /usr/lib/jvm/java-7-openjdk-amd64/jre/lib/amd64/server/libjvm.so
7fc9e2a74000-7fc9e2aa1000 rw-p 00000000 00:00 0 
7fc9e2aa1000-7fc9e2ab8000 r-xp 00000000 08:03 12192203                   /lib/x86_64-linux-gnu/libz.so.1.2.8
7fc9e2ab8000-7fc9e2cb7000 ---p 00017000 08:03 12192203                   /lib/x86_64-linux-gnu/libz.so.1.2.8
7fc9e2cb7000-7fc9e2cb8000 r--p 00016000 08:03 12192203                   /lib/x86_64-linux-gnu/libz.so.1.2.8
7fc9e2cb8000-7fc9e2cb9000 rw-p 00017000 08:03 12192203                   /lib/x86_64-linux-gnu/libz.so.1.2.8
7fc9e2cb9000-7fc9e2e58000 r-xp 00000000 08:03 12192214                   /lib/x86_64-linux-gnu/libc-2.19.so
7fc9e2e58000-7fc9e3058000 ---p 0019f000 08:03 12192214                   /lib/x86_64-linux-gnu/libc-2.19.so
7fc9e3058000-7fc9e305c000 r--p 0019f000 08:03 12192214                   /lib/x86_64-linux-gnu/libc-2.19.so
7fc9e305c000-7fc9e305e000 rw-p 001a3000 08:03 12192214                   /lib/x86_64-linux-gnu/libc-2.19.so
7fc9e305e000-7fc9e3062000 rw-p 00000000 00:00 0 
7fc9e3062000-7fc9e3065000 r-xp 00000000 08:03 12192219                   /lib/x86_64-linux-gnu/libdl-2.19.so
7fc9e3065000-7fc9e3264000 ---p 00003000 08:03 12192219                   /lib/x86_64-linux-gnu/libdl-2.19.so
7fc9e3264000-7fc9e3265000 r--p 00002000 08:03 12192219                   /lib/x86_64-linux-gnu/libdl-2.19.so
7fc9e3265000-7fc9e3266000 rw-p 00003000 08:03 12192219                   /lib/x86_64-linux-gnu/libdl-2.19.so
7fc9e3266000-7fc9e3273000 r-xp 00000000 08:03 3934207                    /usr/lib/jvm/java-7-openjdk-amd64/jre/lib/amd64/jli/libjli.so
7fc9e3273000-7fc9e3472000 ---p 0000d000 08:03 3934207                    /usr/lib/jvm/java-7-openjdk-amd64/jre/lib/amd64/jli/libjli.so
7fc9e3472000-7fc9e3473000 r--p 0000c000 08:03 3934207                    /usr/lib/jvm/java-7-openjdk-amd64/jre/lib/amd64/jli/libjli.so
7fc9e3473000-7fc9e3474000 rw-p 0000d000 08:03 3934207                    /usr/lib/jvm/java-7-openjdk-amd64/jre/lib/amd64/jli/libjli.so
7fc9e3474000-7fc9e348c000 r-xp 00000000 08:03 12192218                   /lib/x86_64-linux-gnu/libpthread-2.19.so
7fc9e348c000-7fc9e368b000 ---p 00018000 08:03 12192218                   /lib/x86_64-linux-gnu/libpthread-2.19.so
7fc9e368b000-7fc9e368c000 r--p 00017000 08:03 12192218                   /lib/x86_64-linux-gnu/libpthread-2.19.so
7fc9e368c000-7fc9e368d000 rw-p 00018000 08:03 12192218                   /lib/x86_64-linux-gnu/libpthread-2.19.so
7fc9e368d000-7fc9e3691000 rw-p 00000000 00:00 0 
7fc9e3691000-7fc9e36b1000 r-xp 00000000 08:03 12192217                   /lib/x86_64-linux-gnu/ld-2.19.so
7fc9e36b9000-7fc9e36ba000 rw-s 00005000 00:05 6137                       /dev/ati/card0
7fc9e36ba000-7fc9e36bc000 rw-s 00002000 00:05 6137                       /dev/ati/card0
7fc9e36bc000-7fc9e36c3000 r--s 00000000 08:03 4206154                    /usr/lib/x86_64-linux-gnu/gconv/gconv-modules.cache
7fc9e36c3000-7fc9e36c8000 r--s 0004c000 08:03 3934152                    /usr/lib/jvm/java-7-openjdk-amd64/jre/lib/jsse.jar
7fc9e36c8000-7fc9e36d2000 rw-p 00000000 00:00 0 
7fc9e36d2000-7fc9e3788000 rw-p 00000000 00:00 0 
7fc9e3788000-7fc9e378b000 ---p 00000000 00:00 0 
7fc9e378b000-7fc9e38a5000 rw-p 00000000 00:00 0 
7fc9e38a5000-7fc9e38ad000 rw-s 00000000 08:03 10486340                   /tmp/hsperfdata_chobe/7249 (deleted)
7fc9e38ad000-7fc9e38ae000 rw-p 00000000 00:00 0 
7fc9e38ae000-7fc9e38af000 ---p 00000000 00:00 0 
7fc9e38af000-7fc9e38b1000 rw-p 00000000 00:00 0 
7fc9e38b1000-7fc9e38b2000 r--p 00020000 08:03 12192217                   /lib/x86_64-linux-gnu/ld-2.19.so
7fc9e38b2000-7fc9e38b3000 rw-p 00021000 08:03 12192217                   /lib/x86_64-linux-gnu/ld-2.19.so
7fc9e38b3000-7fc9e38b4000 rw-p 00000000 00:00 0 
7fff808fa000-7fff8091c000 rw-p 00000000 00:00 0                          [stack]
7fff809d2000-7fff809d3000 r-xp 00000000 00:00 0                          [vdso]
ffffffffff600000-ffffffffff601000 r-xp 00000000 00:00 0                  [vsyscall]

VM Arguments:
jvm_args: -Dfile.encoding=UTF-8 
java_command: com.mygdx.sheep.desktop.DesktopLauncher
Launcher Type: SUN_STANDARD

Environment Variables:
PATH=/usr/local/bin:/usr/bin:/bin:/usr/local/games:/usr/games:/home/chobe/.local/bin:/home/chobe/sdks/adt-bundle-linux-x86_64-20140321/sdk//platform-tools/adb:/home/chobe/sdks/adt-bundle-linux-x86_64-20140321/sdk//platform-tools/
USERNAME=chobe
SHELL=/bin/bash
DISPLAY=:0

Signal Handlers:
SIGSEGV: [libjvm.so+0x8f9750], sa_mask[0]=0x7ffbfeff, sa_flags=0x10000004
SIGBUS: [libjvm.so+0x8f9750], sa_mask[0]=0x7ffbfeff, sa_flags=0x10000004
SIGFPE: [libjvm.so+0x7827c0], sa_mask[0]=0x7ffbfeff, sa_flags=0x10000004
SIGPIPE: [libjvm.so+0x7827c0], sa_mask[0]=0x7ffbfeff, sa_flags=0x10000004
SIGXFSZ: [libjvm.so+0x7827c0], sa_mask[0]=0x7ffbfeff, sa_flags=0x10000004
SIGILL: [libjvm.so+0x7827c0], sa_mask[0]=0x7ffbfeff, sa_flags=0x10000004
SIGUSR1: SIG_DFL, sa_mask[0]=0x00000000, sa_flags=0x00000000
SIGUSR2: [libjvm.so+0x782ab0], sa_mask[0]=0x00000004, sa_flags=0x10000004
SIGHUP: [libjvm.so+0x782c20], sa_mask[0]=0x7ffbfeff, sa_flags=0x10000004
SIGINT: [libjvm.so+0x782c20], sa_mask[0]=0x7ffbfeff, sa_flags=0x10000004
SIGTERM: [libjvm.so+0x782c20], sa_mask[0]=0x7ffbfeff, sa_flags=0x10000004
SIGQUIT: [libjvm.so+0x782c20], sa_mask[0]=0x7ffbfeff, sa_flags=0x10000004


---------------  S Y S T E M  ---------------

OS:7.5

uname:Linux 3.2.0-4-amd64 #1 SMP Debian 3.2.57-3+deb7u1 x86_64
libc:glibc 2.19 NPTL 2.19 
rlimit: STACK 8192k, CORE 0k, NPROC 31105, NOFILE 4096, AS infinity
load average:0.34 0.41 0.51

/proc/meminfo:
MemTotal:        3993672 kB
MemFree:          376892 kB
Buffers:          157552 kB
Cached:          1031992 kB
SwapCached:           44 kB
Active:          2186864 kB
Inactive:        1091508 kB
Active(anon):    1725076 kB
Inactive(anon):   403256 kB
Active(file):     461788 kB
Inactive(file):   688252 kB
Unevictable:           0 kB
Mlocked:               0 kB
SwapTotal:       4120572 kB
SwapFree:        4120496 kB
Dirty:              1420 kB
Writeback:             0 kB
AnonPages:       2088912 kB
Mapped:           262940 kB
Shmem:             39396 kB
Slab:             146388 kB
SReclaimable:     119740 kB
SUnreclaim:        26648 kB
KernelStack:        3560 kB
PageTables:        28328 kB
NFS_Unstable:          0 kB
Bounce:                0 kB
WritebackTmp:          0 kB
CommitLimit:     6117408 kB
Committed_AS:    4163804 kB
VmallocTotal:   34359738367 kB
VmallocUsed:      170488 kB
VmallocChunk:   34359561688 kB
HardwareCorrupted:     0 kB
AnonHugePages:         0 kB
HugePages_Total:       0
HugePages_Free:        0
HugePages_Rsvd:        0
HugePages_Surp:        0
Hugepagesize:       2048 kB
DirectMap4k:      101376 kB
DirectMap2M:     4026368 kB


CPU:total 4 (4 cores per cpu, 1 threads per core) family 6 model 15 stepping 11, cmov, cx8, fxsr, mmx, sse, sse2, sse3, ssse3, tsc

/proc/cpuinfo:
processor	: 0
vendor_id	: GenuineIntel
cpu family	: 6
model		: 15
model name	: Intel(R) Core(TM)2 Quad CPU    Q6600  @ 2.40GHz
stepping	: 11
cpu MHz		: 1596.000
cache size	: 4096 KB
physical id	: 0
siblings	: 4
core id		: 0
cpu cores	: 4
apicid		: 0
initial apicid	: 0
fpu		: yes
fpu_exception	: yes
cpuid level	: 10
wp		: yes
flags		: fpu vme de pse tsc msr pae mce cx8 apic sep mtrr pge mca cmov pat pse36 clflush dts acpi mmx fxsr sse sse2 ss ht tm pbe syscall nx lm constant_tsc arch_perfmon pebs bts rep_good nopl aperfmperf pni dtes64 monitor ds_cpl vmx est tm2 ssse3 cx16 xtpr pdcm lahf_lm dtherm tpr_shadow vnmi flexpriority
bogomips	: 4795.16
clflush size	: 64
cache_alignment	: 64
address sizes	: 36 bits physical, 48 bits virtual
power management:

processor	: 1
vendor_id	: GenuineIntel
cpu family	: 6
model		: 15
model name	: Intel(R) Core(TM)2 Quad CPU    Q6600  @ 2.40GHz
stepping	: 11
cpu MHz		: 2394.000
cache size	: 4096 KB
physical id	: 0
siblings	: 4
core id		: 2
cpu cores	: 4
apicid		: 2
initial apicid	: 2
fpu		: yes
fpu_exception	: yes
cpuid level	: 10
wp		: yes
flags		: fpu vme de pse tsc msr pae mce cx8 apic sep mtrr pge mca cmov pat pse36 clflush dts acpi mmx fxsr sse sse2 ss ht tm pbe syscall nx lm constant_tsc arch_perfmon pebs bts rep_good nopl aperfmperf pni dtes64 monitor ds_cpl vmx est tm2 ssse3 cx16 xtpr pdcm lahf_lm dtherm tpr_shadow vnmi flexpriority
bogomips	: 4795.51
clflush size	: 64
cache_alignment	: 64
address sizes	: 36 bits physical, 48 bits virtual
power management:

processor	: 2
vendor_id	: GenuineIntel
cpu family	: 6
model		: 15
model name	: Intel(R) Core(TM)2 Quad CPU    Q6600  @ 2.40GHz
stepping	: 11
cpu MHz		: 2394.000
cache size	: 4096 KB
physical id	: 0
siblings	: 4
core id		: 1
cpu cores	: 4
apicid		: 1
initial apicid	: 1
fpu		: yes
fpu_exception	: yes
cpuid level	: 10
wp		: yes
flags		: fpu vme de pse tsc msr pae mce cx8 apic sep mtrr pge mca cmov pat pse36 clflush dts acpi mmx fxsr sse sse2 ss ht tm pbe syscall nx lm constant_tsc arch_perfmon pebs bts rep_good nopl aperfmperf pni dtes64 monitor ds_cpl vmx est tm2 ssse3 cx16 xtpr pdcm lahf_lm dtherm tpr_shadow vnmi flexpriority
bogomips	: 4795.49
clflush size	: 64
cache_alignment	: 64
address sizes	: 36 bits physical, 48 bits virtual
power management:

processor	: 3
vendor_id	: GenuineIntel
cpu family	: 6
model		: 15
model name	: Intel(R) Core(TM)2 Quad CPU    Q6600  @ 2.40GHz
stepping	: 11
cpu MHz		: 1596.000
cache size	: 4096 KB
physical id	: 0
siblings	: 4
core id		: 3
cpu cores	: 4
apicid		: 3
initial apicid	: 3
fpu		: yes
fpu_exception	: yes
cpuid level	: 10
wp		: yes
flags		: fpu vme de pse tsc msr pae mce cx8 apic sep mtrr pge mca cmov pat pse36 clflush dts acpi mmx fxsr sse sse2 ss ht tm pbe syscall nx lm constant_tsc arch_perfmon pebs bts rep_good nopl aperfmperf pni dtes64 monitor ds_cpl vmx est tm2 ssse3 cx16 xtpr pdcm lahf_lm dtherm tpr_shadow vnmi flexpriority
bogomips	: 4795.51
clflush size	: 64
cache_alignment	: 64
address sizes	: 36 bits physical, 48 bits virtual
power management:



Memory: 4k page, physical 3993672k(385820k free), swap 4120572k(4120496k free)

vm_info: OpenJDK 64-Bit Server VM (24.51-b03) for linux-amd64 JRE (1.7.0_55-b14), built on May  2 2014 11:33:06 by "buildd" with gcc 4.7.2

time: Wed Jul  2 07:11:15 2014
elapsed time: 5 seconds

