#
# A fatal error has been detected by the Java Runtime Environment:
#
#  SIGSEGV (0xb) at pc=0x00007f82e05c5e38, pid=25480, tid=140200228267776
#
# JRE version: OpenJDK Runtime Environment (7.0_55-b14) (build 1.7.0_55-b14)
# Java VM: OpenJDK 64-Bit Server VM (24.51-b03 mixed mode linux-amd64 compressed oops)
# Problematic frame:
# C  [libX11.so.6+0x3ae38]  XQueryExtension+0x28
#
# Failed to write core dump. Core dumps have been disabled. To enable core dumping, try "ulimit -c unlimited" before starting Java again
#
# If you would like to submit a bug report, please include
# instructions on how to reproduce the bug and visit:
#   http://icedtea.classpath.org/bugzilla
#

---------------  T H R E A D  ---------------

Current thread (0x00007f82e4076800):  VMThread [stack: 0x00007f82e8bda000,0x00007f82e8cdb000] [id=25491]

siginfo:si_signo=SIGSEGV: si_errno=0, si_code=1 (SEGV_MAPERR), si_addr=0xffffffff8c00f168

Registers:
RAX=0x00007f82bc000b10, RBX=0xffffffff8c00e800, RCX=0x00007f82e8cd96d8, RDX=0x00007f82e8cd96d4
RSP=0x00007f82e8cd9670, RBP=0x00007f82970f3600, RSI=0x00007f8296fba992, RDI=0xffffffff8c00e800
R8 =0x00007f82e8cd96dc, R9 =0x0000000000000000, R10=0x00007f82970f33c0, R11=0x00007f82ed2381c0
R12=0x00007f8296fba992, R13=0x00007f82bc000b10, R14=0x00007f82e8cd9ae0, R15=0x00007f828c027d60
RIP=0x00007f82e05c5e38, EFLAGS=0x0000000000010202, CSGSFS=0x0000000000000033, ERR=0x0000000000000005
  TRAPNO=0x000000000000000e

Top of Stack: (sp=0x00007f82e8cd9670)
0x00007f82e8cd9670:   0000000000000000 0000000000000000
0x00007f82e8cd9680:   000000770000006e 0000000000000000
0x00007f82e8cd9690:   000100010000007c ffffffff8c00e800
0x00007f82e8cd96a0:   00007f82970f3600 00007f8296fba992
0x00007f82e8cd96b0:   00007f82bc000b10 00007f82e8cd9ae0
0x00007f82e8cd96c0:   00007f828c027d60 00007f82e05b9e72
0x00007f82e8cd96d0:   00007f828c027d60 00007f82ed27c220
0x00007f82e8cd96e0:   0000000000000000 00007f82970f3600
0x00007f82e8cd96f0:   ffffffff8c00e800 00007f82e08d371d
0x00007f82e8cd9700:   00007f8296fba992 0000001100000000
0x00007f82e8cd9710:   00007f8200000005 0000000000000000
0x00007f82e8cd9720:   00007f82e8cd9790 ffffffff8c00e800
0x00007f82e8cd9730:   00007f82e8cd99d8 00007f82e8cd9ae0
0x00007f82e8cd9740:   00007f829710ce50 00007f8296f633d9
0x00007f82e8cd9750:   00000000ffffffff 00007f828c00adf0
0x00007f82e8cd9760:   00007f82e8cd9790 00007f82c825f9e0
0x00007f82e8cd9770:   00007f82e8cd99d8 00007f82e8cd9ae0
0x00007f82e8cd9780:   0000000000000000 00007f8296f57ae2
0x00007f82e8cd9790:   00007f82e8cd9b50 00007f8296fba911
0x00007f82e8cd97a0:   00007f82e8cd9b50 00007f82edbe7058
0x00007f82e8cd97b0:   00007f82eddfa1a8 00007f82eddfa740
0x00007f82e8cd97c0:   00007f82eddd4000 00007f82e40094f0
0x00007f82e8cd97d0:   00007f82e400a020 00007f82e400a530
0x00007f82e8cd97e0:   00007f82e4017440 00007f82e41bb0b0
0x00007f82e8cd97f0:   00007f82e42b22c0 00007f82e42ae180
0x00007f82e8cd9800:   00007f82e41ebc90 00007f82e41f9bb0
0x00007f82e8cd9810:   00007f82e4200fd0 00007f82e4200aa0
0x00007f82e8cd9820:   00007f82e4200570 00007f82e42048c0
0x00007f82e8cd9830:   00007f82e42043a0 00007f82e4205670
0x00007f82e8cd9840:   00007f82e4203e90 00007f82e4200040
0x00007f82e8cd9850:   00007f82e4202460 00007f82e4202ea0
0x00007f82e8cd9860:   00007f82e4202980 00007f82e42033c0 

Instructions: (pc=0x00007f82e05c5e38)
0x00007f82e05c5e18:   24 e0 48 89 fb 4c 89 6c 24 e8 4c 89 74 24 f0 49
0x00007f82e05c5e28:   89 f4 4c 89 7c 24 f8 48 89 6c 24 d8 48 83 ec 58
0x00007f82e05c5e38:   48 8b 87 68 09 00 00 49 89 d7 49 89 ce 4d 89 c5
0x00007f82e05c5e48:   48 85 c0 74 02 ff 10 ba 08 00 00 00 be 62 00 00 

Register to memory mapping:

RAX=0x00007f82bc000b10 is an unknown value
RBX=0xffffffff8c00e800 is an unknown value
RCX=0x00007f82e8cd96d8 is an unknown value
RDX=0x00007f82e8cd96d4 is an unknown value
RSP=0x00007f82e8cd9670 is an unknown value
RBP=0x00007f82970f3600: <offset 0x1cf600> in /usr/lib/x86_64-linux-gnu/libGL.so.1 at 0x00007f8296f24000
RSI=0x00007f8296fba992: <offset 0x96992> in /usr/lib/x86_64-linux-gnu/libGL.so.1 at 0x00007f8296f24000
RDI=0xffffffff8c00e800 is an unknown value
R8 =0x00007f82e8cd96dc is an unknown value
R9 =0x0000000000000000 is an unknown value
R10=0x00007f82970f33c0: <offset 0x1cf3c0> in /usr/lib/x86_64-linux-gnu/libGL.so.1 at 0x00007f8296f24000
R11=0x00007f82ed2381c0: __cxa_finalize+0 in /lib/x86_64-linux-gnu/libc.so.6 at 0x00007f82ed200000
R12=0x00007f8296fba992: <offset 0x96992> in /usr/lib/x86_64-linux-gnu/libGL.so.1 at 0x00007f8296f24000
R13=0x00007f82bc000b10 is an unknown value
R14=0x00007f82e8cd9ae0 is an unknown value
R15=0x00007f828c027d60 is an unknown value


Stack: [0x00007f82e8bda000,0x00007f82e8cdb000],  sp=0x00007f82e8cd9670,  free space=1021k
Native frames: (J=compiled Java code, j=interpreted, Vv=VM code, C=native code)
C  [libX11.so.6+0x3ae38]  XQueryExtension+0x28

VM_Operation (0x00007f829722c6c0): Exit, mode: safepoint, requested by thread 0x00007f82e4350000


---------------  P R O C E S S  ---------------

Java Threads: ( => current thread )
  0x00007f826634c800 JavaThread "pool-1-thread-2" [_thread_blocked, id=25512, stack(0x00007f82865dc000,0x00007f82866dd000)]
  0x00007f826fe80000 JavaThread "pool-1-thread-1" [_thread_blocked, id=25511, stack(0x00007f8286cfd000,0x00007f8286dfe000)]
  0x00007f828d462000 JavaThread "AsynchExecutor-Thread" daemon [_thread_blocked, id=25510, stack(0x00007f829414d000,0x00007f829424e000)]
  0x00007f828c01b800 JavaThread "process reaper" daemon [_thread_blocked, id=25506, stack(0x00007f82e807d000,0x00007f82e80b6000)]
  0x00007f82e400b000 JavaThread "DestroyJavaVM" [_thread_blocked, id=25486, stack(0x00007f82edccf000,0x00007f82eddd0000)]
  0x00007f82e4350000 JavaThread "LWJGL Application" [_thread_blocked, id=25504, stack(0x00007f829712d000,0x00007f829722e000)]
  0x00007f82e42ad000 JavaThread "AWT-XAWT" daemon [_thread_blocked, id=25500, stack(0x00007f82ca907000,0x00007f82caa08000)]
  0x00007f82e428d000 JavaThread "Java2D Disposer" daemon [_thread_blocked, id=25499, stack(0x00007f82e007c000,0x00007f82e017d000)]
  0x00007f82e40a7000 JavaThread "Service Thread" daemon [_thread_blocked, id=25497, stack(0x00007f82e844b000,0x00007f82e854c000)]
  0x00007f82e40a5000 JavaThread "C2 CompilerThread1" daemon [_thread_blocked, id=25496, stack(0x00007f82e854c000,0x00007f82e864d000)]
  0x00007f82e40a2000 JavaThread "C2 CompilerThread0" daemon [_thread_blocked, id=25495, stack(0x00007f82e864d000,0x00007f82e874e000)]
  0x00007f82e409f800 JavaThread "Signal Dispatcher" daemon [_thread_blocked, id=25494, stack(0x00007f82e874e000,0x00007f82e884f000)]
  0x00007f82e407c800 JavaThread "Finalizer" daemon [_thread_blocked, id=25493, stack(0x00007f82e89d8000,0x00007f82e8ad9000)]
  0x00007f82e407a800 JavaThread "Reference Handler" daemon [_thread_blocked, id=25492, stack(0x00007f82e8ad9000,0x00007f82e8bda000)]

Other Threads:
=>0x00007f82e4076800 VMThread [stack: 0x00007f82e8bda000,0x00007f82e8cdb000] [id=25491]

VM state:at safepoint (shutting down)

VM Mutex/Monitor currently owned by a thread:  ([mutex/lock_event])
[0x00007f82e40077a0] Threads_lock - owner thread: 0x00007f82e4076800

Heap
 PSYoungGen      total 18432K, used 7065K [0x00000000eba80000, 0x00000000ecf00000, 0x0000000100000000)
  eden space 15872K, 28% used [0x00000000eba80000,0x00000000ebee85f0,0x00000000eca00000)
  from space 2560K, 99% used [0x00000000ecc80000,0x00000000ecefdf90,0x00000000ecf00000)
  to   space 2560K, 0% used [0x00000000eca00000,0x00000000eca00000,0x00000000ecc80000)
 ParOldGen       total 41472K, used 5786K [0x00000000c3000000, 0x00000000c5880000, 0x00000000eba80000)
  object space 41472K, 13% used [0x00000000c3000000,0x00000000c35a6bc0,0x00000000c5880000)
 PSPermGen       total 21504K, used 13168K [0x00000000b8a00000, 0x00000000b9f00000, 0x00000000c3000000)
  object space 21504K, 61% used [0x00000000b8a00000,0x00000000b96dc3a8,0x00000000b9f00000)

Card table byte_map: [0x00007f82ea757000,0x00007f82ea993000] byte_map_base: 0x00007f82ea192000

Polling page: 0x00007f82eddf5000

Code Cache  [0x00007f82e1000000, 0x00007f82e1270000, 0x00007f82e4000000)
 total_blobs=781 nmethods=233 adapters=502 free_code_cache=48112Kb largest_free_block=49242432

Compilation events (10 events):
Event: 53.199 Thread 0x00007f82e40a5000 nmethod 231 0x00007f82e1100450 code [0x00007f82e1100580, 0x00007f82e11005d8]
Event: 53.200 Thread 0x00007f82e40a2000 nmethod 228 0x00007f82e10ff950 code [0x00007f82e10ffb40, 0x00007f82e10fffe0]
Event: 55.310 Thread 0x00007f82e40a5000  232             java.nio.Buffer::flip (20 bytes)
Event: 55.311 Thread 0x00007f82e40a5000 nmethod 232 0x00007f82e10ff750 code [0x00007f82e10ff880, 0x00007f82e10ff8d8]
Event: 56.011 Thread 0x00007f82e40a2000  233             com.badlogic.gdx.utils.IntArray::add (48 bytes)
Event: 56.012 Thread 0x00007f82e40a2000 nmethod 233 0x00007f82e10fee50 code [0x00007f82e10fefc0, 0x00007f82e10ff0e8]
Event: 56.061 Thread 0x00007f82e40a5000  234             com.badlogic.gdx.graphics.g2d.BitmapFontCache::addGlyph (337 bytes)
Event: 56.071 Thread 0x00007f82e40a5000 nmethod 234 0x00007f82e10f5b90 code [0x00007f82e10f5dc0, 0x00007f82e10f6788]
Event: 56.078 Thread 0x00007f82e40a2000  235             com.badlogic.gdx.graphics.g2d.BitmapFontCache::addToCache (675 bytes)
Event: 56.101 Thread 0x00007f82e40a2000 nmethod 235 0x00007f82e1107d50 code [0x00007f82e1107fe0, 0x00007f82e11090d8]

GC Heap History (4 events):
Event: 2.115 GC heap before
{Heap before GC invocations=1 (full 0):
 PSYoungGen      total 18432K, used 15872K [0x00000000eba80000, 0x00000000ecf00000, 0x0000000100000000)
  eden space 15872K, 100% used [0x00000000eba80000,0x00000000eca00000,0x00000000eca00000)
  from space 2560K, 0% used [0x00000000ecc80000,0x00000000ecc80000,0x00000000ecf00000)
  to   space 2560K, 0% used [0x00000000eca00000,0x00000000eca00000,0x00000000ecc80000)
 ParOldGen       total 41472K, used 0K [0x00000000c3000000, 0x00000000c5880000, 0x00000000eba80000)
  object space 41472K, 0% used [0x00000000c3000000,0x00000000c3000000,0x00000000c5880000)
 PSPermGen       total 21504K, used 9249K [0x00000000b8a00000, 0x00000000b9f00000, 0x00000000c3000000)
  object space 21504K, 43% used [0x00000000b8a00000,0x00000000b9308678,0x00000000b9f00000)
Event: 2.124 GC heap after
Heap after GC invocations=1 (full 0):
 PSYoungGen      total 18432K, used 2530K [0x00000000eba80000, 0x00000000ecf00000, 0x0000000100000000)
  eden space 15872K, 0% used [0x00000000eba80000,0x00000000eba80000,0x00000000eca00000)
  from space 2560K, 98% used [0x00000000eca00000,0x00000000ecc78900,0x00000000ecc80000)
  to   space 2560K, 0% used [0x00000000ecc80000,0x00000000ecc80000,0x00000000ecf00000)
 ParOldGen       total 41472K, used 2447K [0x00000000c3000000, 0x00000000c5880000, 0x00000000eba80000)
  object space 41472K, 5% used [0x00000000c3000000,0x00000000c3263d80,0x00000000c5880000)
 PSPermGen       total 21504K, used 9249K [0x00000000b8a00000, 0x00000000b9f00000, 0x00000000c3000000)
  object space 21504K, 43% used [0x00000000b8a00000,0x00000000b9308678,0x00000000b9f00000)
}
Event: 12.295 GC heap before
{Heap before GC invocations=2 (full 0):
 PSYoungGen      total 18432K, used 18402K [0x00000000eba80000, 0x00000000ecf00000, 0x0000000100000000)
  eden space 15872K, 100% used [0x00000000eba80000,0x00000000eca00000,0x00000000eca00000)
  from space 2560K, 98% used [0x00000000eca00000,0x00000000ecc78900,0x00000000ecc80000)
  to   space 2560K, 0% used [0x00000000ecc80000,0x00000000ecc80000,0x00000000ecf00000)
 ParOldGen       total 41472K, used 2447K [0x00000000c3000000, 0x00000000c5880000, 0x00000000eba80000)
  object space 41472K, 5% used [0x00000000c3000000,0x00000000c3263d80,0x00000000c5880000)
 PSPermGen       total 21504K, used 13065K [0x00000000b8a00000, 0x00000000b9f00000, 0x00000000c3000000)
  object space 21504K, 60% used [0x00000000b8a00000,0x00000000b96c2708,0x00000000b9f00000)
Event: 12.305 GC heap after
Heap after GC invocations=2 (full 0):
 PSYoungGen      total 18432K, used 2551K [0x00000000eba80000, 0x00000000ecf00000, 0x0000000100000000)
  eden space 15872K, 0% used [0x00000000eba80000,0x00000000eba80000,0x00000000eca00000)
  from space 2560K, 99% used [0x00000000ecc80000,0x00000000ecefdf90,0x00000000ecf00000)
  to   space 2560K, 0% used [0x00000000eca00000,0x00000000eca00000,0x00000000ecc80000)
 ParOldGen       total 41472K, used 5786K [0x00000000c3000000, 0x00000000c5880000, 0x00000000eba80000)
  object space 41472K, 13% used [0x00000000c3000000,0x00000000c35a6bc0,0x00000000c5880000)
 PSPermGen       total 21504K, used 13065K [0x00000000b8a00000, 0x00000000b9f00000, 0x00000000c3000000)
  object space 21504K, 60% used [0x00000000b8a00000,0x00000000b96c2708,0x00000000b9f00000)
}

Deoptimization events (5 events):
Event: 0.226 Thread 0x00007f82e400b000 Uncommon trap: reason=class_check action=maybe_recompile pc=0x00007f82e1065288 method=java.util.Properties$LineReader.readLine()I @ 62
Event: 6.937 Thread 0x00007f826fe80000 Uncommon trap: reason=unreached action=reinterpret pc=0x00007f82e10a50f4 method=java.lang.Integer.parseInt(Ljava/lang/String;I)I @ 1
Event: 8.253 Thread 0x00007f826634c800 Uncommon trap: reason=class_check action=maybe_recompile pc=0x00007f82e1065288 method=java.util.Properties$LineReader.readLine()I @ 62
Event: 8.253 Thread 0x00007f826634c800 Uncommon trap: reason=class_check action=maybe_recompile pc=0x00007f82e1065288 method=java.util.Properties$LineReader.readLine()I @ 62
Event: 8.256 Thread 0x00007f826634c800 Uncommon trap: reason=class_check action=maybe_recompile pc=0x00007f82e1065288 method=java.util.Properties$LineReader.readLine()I @ 62

Internal exceptions (10 events):
Event: 8.315 Thread 0x00007f82e4350000 Threw 0x00000000ec75e0a8 at /build/openjdk-7-kBcQ8a/openjdk-7-7u55-2.4.7/build/openjdk/hotspot/src/share/vm/prims/jvm.cpp:1244
Event: 8.813 Thread 0x00007f82e4350000 Threw 0x00000000ec958b80 at /build/openjdk-7-kBcQ8a/openjdk-7-7u55-2.4.7/build/openjdk/hotspot/src/share/vm/prims/jvm.cpp:1244
Event: 11.508 Thread 0x00007f82e4350000 Threw 0x00000000ec9dc320 at /build/openjdk-7-kBcQ8a/openjdk-7-7u55-2.4.7/build/openjdk/hotspot/src/share/vm/prims/jvm.cpp:1244
Event: 12.329 Thread 0x00007f82e4350000 Threw 0x00000000eba81528 at /build/openjdk-7-kBcQ8a/openjdk-7-7u55-2.4.7/build/openjdk/hotspot/src/share/vm/prims/jvm.cpp:1244
Event: 12.330 Thread 0x00007f82e4350000 Threw 0x00000000eba8f708 at /build/openjdk-7-kBcQ8a/openjdk-7-7u55-2.4.7/build/openjdk/hotspot/src/share/vm/prims/jvm.cpp:1244
Event: 12.331 Thread 0x00007f82e4350000 Threw 0x00000000eba93e30 at /build/openjdk-7-kBcQ8a/openjdk-7-7u55-2.4.7/build/openjdk/hotspot/src/share/vm/prims/jvm.cpp:1244
Event: 13.112 Thread 0x00007f82e4350000 Threw 0x00000000ebaa8bc0 at /build/openjdk-7-kBcQ8a/openjdk-7-7u55-2.4.7/build/openjdk/hotspot/src/share/vm/prims/jvm.cpp:1244
Event: 57.794 Thread 0x00007f82e4350000 Threw 0x00000000ebeaa958 at /build/openjdk-7-kBcQ8a/openjdk-7-7u55-2.4.7/build/openjdk/hotspot/src/share/vm/prims/jvm.cpp:1244
Event: 57.804 Thread 0x00007f82e4350000 Threw 0x00000000ebeaedd0 at /build/openjdk-7-kBcQ8a/openjdk-7-7u55-2.4.7/build/openjdk/hotspot/src/share/vm/prims/jvm.cpp:1244
Event: 57.809 Thread 0x00007f82e4350000 Threw 0x00000000ebeb40e8 at /build/openjdk-7-kBcQ8a/openjdk-7-7u55-2.4.7/build/openjdk/hotspot/src/share/vm/prims/jvm.cpp:1244

Events (10 events):
Event: 58.032 loading class 0x00007f82ac01d3a0 done
Event: 58.032 Thread 0x00007f828d1e3800 Thread added: 0x00007f828d1e3800
Event: 58.032 loading class 0x00007f82ac0a59b0
Event: 58.032 loading class 0x00007f82b0104020
Event: 58.032 loading class 0x00007f82b0104020 done
Event: 58.032 loading class 0x00007f82b0104050
Event: 58.032 loading class 0x00007f82b0104050 done
Event: 58.032 loading class 0x00007f82ac0a59b0 done
Event: 58.033 Thread 0x00007f828d1e3800 Thread exited: 0x00007f828d1e3800
Event: 58.033 Executing VM operation: Exit


Dynamic libraries:
00400000-00401000 r-xp 00000000 08:03 3934148                            /usr/lib/jvm/java-7-openjdk-amd64/jre/bin/java
00600000-00601000 r--p 00000000 08:03 3934148                            /usr/lib/jvm/java-7-openjdk-amd64/jre/bin/java
00601000-00602000 rw-p 00001000 08:03 3934148                            /usr/lib/jvm/java-7-openjdk-amd64/jre/bin/java
00a76000-00c9b000 rw-p 00000000 00:00 0                                  [heap]
b8a00000-b9f00000 rw-p 00000000 00:00 0 
b9f00000-c3000000 rw-p 00000000 00:00 0 
c3000000-c5880000 rw-p 00000000 00:00 0 
c5880000-eba80000 rw-p 00000000 00:00 0 
eba80000-ecf00000 rw-p 00000000 00:00 0 
ecf00000-100000000 rw-p 00000000 00:00 0 
7f825c000000-7f825c049000 rw-p 00000000 00:00 0 
7f825c049000-7f8260000000 ---p 00000000 00:00 0 
7f8260000000-7f8260021000 rw-p 00000000 00:00 0 
7f8260021000-7f8264000000 ---p 00000000 00:00 0 
7f8264000000-7f82675cc000 rw-p 00000000 00:00 0 
7f82675cc000-7f8268000000 ---p 00000000 00:00 0 
7f8268000000-7f8268049000 rw-p 00000000 00:00 0 
7f8268049000-7f826c000000 ---p 00000000 00:00 0 
7f826c000000-7f826fffc000 rw-p 00000000 00:00 0 
7f826fffc000-7f8270000000 ---p 00000000 00:00 0 
7f8274000000-7f82740ae000 rw-p 00000000 00:00 0 
7f82740ae000-7f8278000000 ---p 00000000 00:00 0 
7f8278000000-7f82787d6000 rw-p 00000000 00:00 0 
7f82787d6000-7f827c000000 ---p 00000000 00:00 0 
7f827c000000-7f827c0b4000 rw-p 00000000 00:00 0 
7f827c0b4000-7f8280000000 ---p 00000000 00:00 0 
7f8280000000-7f8280021000 rw-p 00000000 00:00 0 
7f8280021000-7f8284000000 ---p 00000000 00:00 0 
7f8285ed8000-7f8285edb000 ---p 00000000 00:00 0 
7f8285edb000-7f8285fd9000 rw-p 00000000 00:00 0 
7f82865dc000-7f82865df000 ---p 00000000 00:00 0 
7f82865df000-7f82866dd000 rw-p 00000000 00:00 0 
7f82866dd000-7f82866e2000 r-xp 00000000 08:03 12192225                   /lib/x86_64-linux-gnu/libnss_dns-2.19.so
7f82866e2000-7f82868e1000 ---p 00005000 08:03 12192225                   /lib/x86_64-linux-gnu/libnss_dns-2.19.so
7f82868e1000-7f82868e2000 r--p 00004000 08:03 12192225                   /lib/x86_64-linux-gnu/libnss_dns-2.19.so
7f82868e2000-7f82868e3000 rw-p 00005000 08:03 12192225                   /lib/x86_64-linux-gnu/libnss_dns-2.19.so
7f82868e3000-7f82868e5000 r-xp 00000000 08:03 12058696                   /lib/libnss_mdns4_minimal.so.2
7f82868e5000-7f8286ae4000 ---p 00002000 08:03 12058696                   /lib/libnss_mdns4_minimal.so.2
7f8286ae4000-7f8286ae5000 rw-p 00001000 08:03 12058696                   /lib/libnss_mdns4_minimal.so.2
7f8286ae5000-7f8286afc000 r-xp 00000000 08:03 3934214                    /usr/lib/jvm/java-7-openjdk-amd64/jre/lib/amd64/libnet.so
7f8286afc000-7f8286cfb000 ---p 00017000 08:03 3934214                    /usr/lib/jvm/java-7-openjdk-amd64/jre/lib/amd64/libnet.so
7f8286cfb000-7f8286cfc000 r--p 00016000 08:03 3934214                    /usr/lib/jvm/java-7-openjdk-amd64/jre/lib/amd64/libnet.so
7f8286cfc000-7f8286cfd000 rw-p 00017000 08:03 3934214                    /usr/lib/jvm/java-7-openjdk-amd64/jre/lib/amd64/libnet.so
7f8286cfd000-7f8286d00000 ---p 00000000 00:00 0 
7f8286d00000-7f8286dfe000 rw-p 00000000 00:00 0 
7f8286ffe000-7f8286fff000 ---p 00000000 00:00 0 
7f8286fff000-7f82877ff000 rw-p 00000000 00:00 0 
7f82877ff000-7f8287800000 ---p 00000000 00:00 0 
7f8287800000-7f8288000000 rw-p 00000000 00:00 0 
7f8288000000-7f8288021000 rw-p 00000000 00:00 0 
7f8288021000-7f828c000000 ---p 00000000 00:00 0 
7f828c000000-7f828ff22000 rw-p 00000000 00:00 0 
7f828ff22000-7f8290000000 ---p 00000000 00:00 0 
7f8290000000-7f8290021000 rw-p 00000000 00:00 0 
7f8290021000-7f8294000000 ---p 00000000 00:00 0 
7f829414d000-7f8294150000 ---p 00000000 00:00 0 
7f8294150000-7f829424e000 rw-p 00000000 00:00 0 
7f829434c000-7f8294a4c000 rw-s 00006000 00:05 7289                       /dev/ati/card0
7f8294a4c000-7f8294a89000 r-xp 00000000 08:03 4201336                    /usr/lib/x86_64-linux-gnu/libatiadlxx.so
7f8294a89000-7f8294b88000 ---p 0003d000 08:03 4201336                    /usr/lib/x86_64-linux-gnu/libatiadlxx.so
7f8294b88000-7f8294b92000 rw-p 0003c000 08:03 4201336                    /usr/lib/x86_64-linux-gnu/libatiadlxx.so
7f8294b92000-7f8294ba2000 rw-p 00000000 00:00 0 
7f8294ba2000-7f8294ba9000 r-xp 00000000 08:03 4201328                    /usr/lib/x86_64-linux-gnu/libatiuki.so.1.0
7f8294ba9000-7f8294ca9000 ---p 00007000 08:03 4201328                    /usr/lib/x86_64-linux-gnu/libatiuki.so.1.0
7f8294ca9000-7f8294caa000 rw-p 00007000 08:03 4201328                    /usr/lib/x86_64-linux-gnu/libatiuki.so.1.0
7f8294caa000-7f8294cab000 rw-p 00000000 00:00 0 
7f8294cab000-7f8296ba3000 r-xp 00000000 08:03 4201338                    /usr/lib/x86_64-linux-gnu/dri/fglrx_dri.so
7f8296ba3000-7f8296ca2000 ---p 01ef8000 08:03 4201338                    /usr/lib/x86_64-linux-gnu/dri/fglrx_dri.so
7f8296ca2000-7f8296e00000 rwxp 01ef7000 08:03 4201338                    /usr/lib/x86_64-linux-gnu/dri/fglrx_dri.so
7f8296e00000-7f8296f24000 rwxp 00000000 00:00 0 
7f8296f24000-7f8296fe7000 r-xp 00000000 08:03 4201341                    /usr/lib/x86_64-linux-gnu/fglrx/fglrx-libGL.so.1.2
7f8296fe7000-7f82970e6000 ---p 000c3000 08:03 4201341                    /usr/lib/x86_64-linux-gnu/fglrx/fglrx-libGL.so.1.2
7f82970e6000-7f829710d000 rwxp 000c2000 08:03 4201341                    /usr/lib/x86_64-linux-gnu/fglrx/fglrx-libGL.so.1.2
7f829710d000-7f829712d000 rwxp 00000000 00:00 0 
7f829712d000-7f8297130000 ---p 00000000 00:00 0 
7f8297130000-7f829722e000 rw-p 00000000 00:00 0 
7f829722e000-7f8297231000 ---p 00000000 00:00 0 
7f8297231000-7f829732f000 rw-p 00000000 00:00 0 
7f829b330000-7f829b331000 ---p 00000000 00:00 0 
7f829b331000-7f829bb31000 rw-p 00000000 00:00 0 
7f829bb31000-7f829bde4000 r-xp 00000000 08:03 4200498                    /usr/lib/x86_64-linux-gnu/libvorbisenc.so.2.0.8
7f829bde4000-7f829bfe3000 ---p 002b3000 08:03 4200498                    /usr/lib/x86_64-linux-gnu/libvorbisenc.so.2.0.8
7f829bfe3000-7f829bfff000 r--p 002b2000 08:03 4200498                    /usr/lib/x86_64-linux-gnu/libvorbisenc.so.2.0.8
7f829bfff000-7f829c000000 rw-p 002ce000 08:03 4200498                    /usr/lib/x86_64-linux-gnu/libvorbisenc.so.2.0.8
7f829c000000-7f829c021000 rw-p 00000000 00:00 0 
7f829c021000-7f82a0000000 ---p 00000000 00:00 0 
7f82a0000000-7f82a0021000 rw-p 00000000 00:00 0 
7f82a0021000-7f82a4000000 ---p 00000000 00:00 0 
7f82a4000000-7f82a4021000 rw-p 00000000 00:00 0 
7f82a4021000-7f82a8000000 ---p 00000000 00:00 0 
7f82a8000000-7f82a8021000 rw-p 00000000 00:00 0 
7f82a8021000-7f82ac000000 ---p 00000000 00:00 0 
7f82ac000000-7f82ac3d0000 rw-p 00000000 00:00 0 
7f82ac3d0000-7f82b0000000 ---p 00000000 00:00 0 
7f82b0000000-7f82b0922000 rw-p 00000000 00:00 0 
7f82b0922000-7f82b4000000 ---p 00000000 00:00 0 
7f82b4000000-7f82b4021000 rw-p 00000000 00:00 0 
7f82b4021000-7f82b8000000 ---p 00000000 00:00 0 
7f82b8000000-7f82b8021000 rw-p 00000000 00:00 0 
7f82b8021000-7f82bc000000 ---p 00000000 00:00 0 
7f82bc000000-7f82bc021000 rw-p 00000000 00:00 0 
7f82bc021000-7f82c0000000 ---p 00000000 00:00 0 
7f82c0000000-7f82c0021000 rw-p 00000000 00:00 0 
7f82c0021000-7f82c4000000 ---p 00000000 00:00 0 
7f82c4000000-7f82c4021000 rw-p 00000000 00:00 0 
7f82c4021000-7f82c8000000 ---p 00000000 00:00 0 
7f82c805a000-7f82c8060000 r-xp 00000000 08:03 4200289                    /usr/lib/x86_64-linux-gnu/libogg.so.0.8.0
7f82c8060000-7f82c825f000 ---p 00006000 08:03 4200289                    /usr/lib/x86_64-linux-gnu/libogg.so.0.8.0
7f82c825f000-7f82c8260000 rw-p 00005000 08:03 4200289                    /usr/lib/x86_64-linux-gnu/libogg.so.0.8.0
7f82c8260000-7f82c828c000 r-xp 00000000 08:03 4200496                    /usr/lib/x86_64-linux-gnu/libvorbis.so.0.4.5
7f82c828c000-7f82c848b000 ---p 0002c000 08:03 4200496                    /usr/lib/x86_64-linux-gnu/libvorbis.so.0.4.5
7f82c848b000-7f82c848c000 r--p 0002b000 08:03 4200496                    /usr/lib/x86_64-linux-gnu/libvorbis.so.0.4.5
7f82c848c000-7f82c848d000 rw-p 0002c000 08:03 4200496                    /usr/lib/x86_64-linux-gnu/libvorbis.so.0.4.5
7f82c848d000-7f82c84d8000 r-xp 00000000 08:03 4199700                    /usr/lib/x86_64-linux-gnu/libFLAC.so.8.2.0
7f82c84d8000-7f82c86d7000 ---p 0004b000 08:03 4199700                    /usr/lib/x86_64-linux-gnu/libFLAC.so.8.2.0
7f82c86d7000-7f82c86d8000 r--p 0004a000 08:03 4199700                    /usr/lib/x86_64-linux-gnu/libFLAC.so.8.2.0
7f82c86d8000-7f82c86d9000 rw-p 0004b000 08:03 4199700                    /usr/lib/x86_64-linux-gnu/libFLAC.so.8.2.0
7f82c86d9000-7f82c86dd000 r-xp 00000000 08:03 12190707                   /lib/x86_64-linux-gnu/libuuid.so.1.3.0
7f82c86dd000-7f82c88dc000 ---p 00004000 08:03 12190707                   /lib/x86_64-linux-gnu/libuuid.so.1.3.0
7f82c88dc000-7f82c88dd000 r--p 00003000 08:03 12190707                   /lib/x86_64-linux-gnu/libuuid.so.1.3.0
7f82c88dd000-7f82c88de000 rw-p 00004000 08:03 12190707                   /lib/x86_64-linux-gnu/libuuid.so.1.3.0
7f82c88de000-7f82c88e2000 r-xp 00000000 08:03 12190559                   /lib/x86_64-linux-gnu/libattr.so.1.1.0
7f82c88e2000-7f82c8ae1000 ---p 00004000 08:03 12190559                   /lib/x86_64-linux-gnu/libattr.so.1.1.0
7f82c8ae1000-7f82c8ae2000 r--p 00003000 08:03 12190559                   /lib/x86_64-linux-gnu/libattr.so.1.1.0
7f82c8ae2000-7f82c8ae3000 rw-p 00004000 08:03 12190559                   /lib/x86_64-linux-gnu/libattr.so.1.1.0
7f82c8ae3000-7f82c8ae8000 r-xp 00000000 08:03 4199797                    /usr/lib/x86_64-linux-gnu/libasyncns.so.0.3.1
7f82c8ae8000-7f82c8ce7000 ---p 00005000 08:03 4199797                    /usr/lib/x86_64-linux-gnu/libasyncns.so.0.3.1
7f82c8ce7000-7f82c8ce8000 rw-p 00004000 08:03 4199797                    /usr/lib/x86_64-linux-gnu/libasyncns.so.0.3.1
7f82c8ce8000-7f82c8d49000 r-xp 00000000 08:03 4200411                    /usr/lib/x86_64-linux-gnu/libsndfile.so.1.0.25
7f82c8d49000-7f82c8f48000 ---p 00061000 08:03 4200411                    /usr/lib/x86_64-linux-gnu/libsndfile.so.1.0.25
7f82c8f48000-7f82c8f4a000 r--p 00060000 08:03 4200411                    /usr/lib/x86_64-linux-gnu/libsndfile.so.1.0.25
7f82c8f4a000-7f82c8f4b000 rw-p 00062000 08:03 4200411                    /usr/lib/x86_64-linux-gnu/libsndfile.so.1.0.25
7f82c8f4b000-7f82c8f4f000 rw-p 00000000 00:00 0 
7f82c8f4f000-7f82c8f58000 r-xp 00000000 08:03 12190709                   /lib/x86_64-linux-gnu/libwrap.so.0.7.6
7f82c8f58000-7f82c9157000 ---p 00009000 08:03 12190709                   /lib/x86_64-linux-gnu/libwrap.so.0.7.6
7f82c9157000-7f82c9158000 r--p 00008000 08:03 12190709                   /lib/x86_64-linux-gnu/libwrap.so.0.7.6
7f82c9158000-7f82c9159000 rw-p 00009000 08:03 12190709                   /lib/x86_64-linux-gnu/libwrap.so.0.7.6
7f82c9159000-7f82c915a000 rw-p 00000000 00:00 0 
7f82c915a000-7f82c9161000 r-xp 00000000 08:03 4199720                    /usr/lib/x86_64-linux-gnu/libSM.so.6.0.1
7f82c9161000-7f82c9360000 ---p 00007000 08:03 4199720                    /usr/lib/x86_64-linux-gnu/libSM.so.6.0.1
7f82c9360000-7f82c9361000 rw-p 00006000 08:03 4199720                    /usr/lib/x86_64-linux-gnu/libSM.so.6.0.1
7f82c9361000-7f82c9378000 r-xp 00000000 08:03 4199710                    /usr/lib/x86_64-linux-gnu/libICE.so.6.3.0
7f82c9378000-7f82c9577000 ---p 00017000 08:03 4199710                    /usr/lib/x86_64-linux-gnu/libICE.so.6.3.0
7f82c9577000-7f82c9579000 rw-p 00016000 08:03 4199710                    /usr/lib/x86_64-linux-gnu/libICE.so.6.3.0
7f82c9579000-7f82c957c000 rw-p 00000000 00:00 0 
7f82c957c000-7f82c957d000 r-xp 00000000 08:03 4199726                    /usr/lib/x86_64-linux-gnu/libX11-xcb.so.1.0.0
7f82c957d000-7f82c977c000 ---p 00001000 08:03 4199726                    /usr/lib/x86_64-linux-gnu/libX11-xcb.so.1.0.0
7f82c977c000-7f82c977d000 rw-p 00000000 08:03 4199726                    /usr/lib/x86_64-linux-gnu/libX11-xcb.so.1.0.0
7f82c977d000-7f82c9781000 r-xp 00000000 08:03 12190572                   /lib/x86_64-linux-gnu/libcap.so.2.22
7f82c9781000-7f82c9980000 ---p 00004000 08:03 12190572                   /lib/x86_64-linux-gnu/libcap.so.2.22
7f82c9980000-7f82c9981000 rw-p 00003000 08:03 12190572                   /lib/x86_64-linux-gnu/libcap.so.2.22
7f82c9981000-7f82c99e2000 r-xp 00000000 08:03 4325923                    /usr/lib/x86_64-linux-gnu/pulseaudio/libpulsecommon-2.0.so
7f82c99e2000-7f82c9be1000 ---p 00061000 08:03 4325923                    /usr/lib/x86_64-linux-gnu/pulseaudio/libpulsecommon-2.0.so
7f82c9be1000-7f82c9be2000 r--p 00060000 08:03 4325923                    /usr/lib/x86_64-linux-gnu/pulseaudio/libpulsecommon-2.0.so
7f82c9be2000-7f82c9be4000 rw-p 00061000 08:03 4325923                    /usr/lib/x86_64-linux-gnu/pulseaudio/libpulsecommon-2.0.so
7f82c9be4000-7f82c9bed000 r-xp 00000000 08:03 12190608                   /lib/x86_64-linux-gnu/libjson.so.0.1.0
7f82c9bed000-7f82c9dec000 ---p 00009000 08:03 12190608                   /lib/x86_64-linux-gnu/libjson.so.0.1.0
7f82c9dec000-7f82c9ded000 r--p 00008000 08:03 12190608                   /lib/x86_64-linux-gnu/libjson.so.0.1.0
7f82c9ded000-7f82c9dee000 rw-p 00009000 08:03 12190608                   /lib/x86_64-linux-gnu/libjson.so.0.1.0
7f82c9dee000-7f82c9e37000 r-xp 00000000 08:03 4200364                    /usr/lib/x86_64-linux-gnu/libpulse.so.0.14.2
7f82c9e37000-7f82ca036000 ---p 00049000 08:03 4200364                    /usr/lib/x86_64-linux-gnu/libpulse.so.0.14.2
7f82ca036000-7f82ca037000 r--p 00048000 08:03 4200364                    /usr/lib/x86_64-linux-gnu/libpulse.so.0.14.2
7f82ca037000-7f82ca038000 rw-p 00049000 08:03 4200364                    /usr/lib/x86_64-linux-gnu/libpulse.so.0.14.2
7f82ca291000-7f82ca295000 r-xp 00000000 08:03 4199775                    /usr/lib/x86_64-linux-gnu/libXxf86vm.so.1.0.0
7f82ca295000-7f82ca495000 ---p 00004000 08:03 4199775                    /usr/lib/x86_64-linux-gnu/libXxf86vm.so.1.0.0
7f82ca495000-7f82ca496000 r--p 00004000 08:03 4199775                    /usr/lib/x86_64-linux-gnu/libXxf86vm.so.1.0.0
7f82ca496000-7f82ca497000 rw-p 00005000 08:03 4199775                    /usr/lib/x86_64-linux-gnu/libXxf86vm.so.1.0.0
7f82ca497000-7f82ca503000 r-xp 00000000 08:01 301131                     /media/winDisk/Users/ChobeDucket/Documents/sheep/android/assets/.temp/7b43be9b/liblwjgl64.so
7f82ca503000-7f82ca702000 ---p 0006c000 08:01 301131                     /media/winDisk/Users/ChobeDucket/Documents/sheep/android/assets/.temp/7b43be9b/liblwjgl64.so
7f82ca702000-7f82ca704000 r--p 0006b000 08:01 301131                     /media/winDisk/Users/ChobeDucket/Documents/sheep/android/assets/.temp/7b43be9b/liblwjgl64.so
7f82ca704000-7f82ca705000 rw-p 0006d000 08:01 301131                     /media/winDisk/Users/ChobeDucket/Documents/sheep/android/assets/.temp/7b43be9b/liblwjgl64.so
7f82ca705000-7f82ca706000 r-xp 00000000 08:03 3934229                    /usr/lib/jvm/java-7-openjdk-amd64/jre/lib/amd64/libjawt.so
7f82ca706000-7f82ca905000 ---p 00001000 08:03 3934229                    /usr/lib/jvm/java-7-openjdk-amd64/jre/lib/amd64/libjawt.so
7f82ca905000-7f82ca906000 r--p 00000000 08:03 3934229                    /usr/lib/jvm/java-7-openjdk-amd64/jre/lib/amd64/libjawt.so
7f82ca906000-7f82ca907000 rw-p 00001000 08:03 3934229                    /usr/lib/jvm/java-7-openjdk-amd64/jre/lib/amd64/libjawt.so
7f82ca907000-7f82ca90a000 ---p 00000000 00:00 0 
7f82ca90a000-7f82caa08000 rw-p 00000000 00:00 0 
7f82caa08000-7f82caa0b000 r-xp 00000000 08:03 12190599                   /lib/x86_64-linux-gnu/libgpg-error.so.0.8.0
7f82caa0b000-7f82cac0a000 ---p 00003000 08:03 12190599                   /lib/x86_64-linux-gnu/libgpg-error.so.0.8.0
7f82cac0a000-7f82cac0b000 rw-p 00002000 08:03 12190599                   /lib/x86_64-linux-gnu/libgpg-error.so.0.8.0
7f82cac0b000-7f82cac4f000 r-xp 00000000 08:03 12190580                   /lib/x86_64-linux-gnu/libdbus-1.so.3.7.2
7f82cac4f000-7f82cae4f000 ---p 00044000 08:03 12190580                   /lib/x86_64-linux-gnu/libdbus-1.so.3.7.2
7f82cae4f000-7f82cae50000 r--p 00044000 08:03 12190580                   /lib/x86_64-linux-gnu/libdbus-1.so.3.7.2
7f82cae50000-7f82cae51000 rw-p 00045000 08:03 12190580                   /lib/x86_64-linux-gnu/libdbus-1.so.3.7.2
7f82cae51000-7f82cae62000 r-xp 00000000 08:03 4200305                    /usr/lib/x86_64-linux-gnu/libp11-kit.so.0.0.0
7f82cae62000-7f82cb061000 ---p 00011000 08:03 4200305                    /usr/lib/x86_64-linux-gnu/libp11-kit.so.0.0.0
7f82cb061000-7f82cb062000 r--p 00010000 08:03 4200305                    /usr/lib/x86_64-linux-gnu/libp11-kit.so.0.0.0
7f82cb062000-7f82cb063000 rw-p 00011000 08:03 4200305                    /usr/lib/x86_64-linux-gnu/libp11-kit.so.0.0.0
7f82cb063000-7f82cb0dd000 r-xp 00000000 08:03 12190595                   /lib/x86_64-linux-gnu/libgcrypt.so.11.7.0
7f82cb0dd000-7f82cb2dd000 ---p 0007a000 08:03 12190595                   /lib/x86_64-linux-gnu/libgcrypt.so.11.7.0
7f82cb2dd000-7f82cb2de000 r--p 0007a000 08:03 12190595                   /lib/x86_64-linux-gnu/libgcrypt.so.11.7.0
7f82cb2de000-7f82cb2e1000 rw-p 0007b000 08:03 12190595                   /lib/x86_64-linux-gnu/libgcrypt.so.11.7.0
7f82cb2e1000-7f82cb2f1000 r-xp 00000000 08:03 4200448                    /usr/lib/x86_64-linux-gnu/libtasn1.so.3.1.16
7f82cb2f1000-7f82cb4f0000 ---p 00010000 08:03 4200448                    /usr/lib/x86_64-linux-gnu/libtasn1.so.3.1.16
7f82cb4f0000-7f82cb4f1000 r--p 0000f000 08:03 4200448                    /usr/lib/x86_64-linux-gnu/libtasn1.so.3.1.16
7f82cb4f1000-7f82cb4f2000 rw-p 00010000 08:03 4200448                    /usr/lib/x86_64-linux-gnu/libtasn1.so.3.1.16
7f82cb4f2000-7f82cb4f5000 r-xp 00000000 08:03 12190610                   /lib/x86_64-linux-gnu/libkeyutils.so.1.4
7f82cb4f5000-7f82cb6f4000 ---p 00003000 08:03 12190610                   /lib/x86_64-linux-gnu/libkeyutils.so.1.4
7f82cb6f4000-7f82cb6f5000 r--p 00002000 08:03 12190610                   /lib/x86_64-linux-gnu/libkeyutils.so.1.4
7f82cb6f5000-7f82cb6f6000 rw-p 00003000 08:03 12190610                   /lib/x86_64-linux-gnu/libkeyutils.so.1.4
7f82cb6f6000-7f82cb6fe000 r-xp 00000000 08:03 4200208                    /usr/lib/x86_64-linux-gnu/libkrb5support.so.0.1
7f82cb6fe000-7f82cb8fd000 ---p 00008000 08:03 4200208                    /usr/lib/x86_64-linux-gnu/libkrb5support.so.0.1
7f82cb8fd000-7f82cb8fe000 r--p 00007000 08:03 4200208                    /usr/lib/x86_64-linux-gnu/libkrb5support.so.0.1
7f82cb8fe000-7f82cb8ff000 rw-p 00008000 08:03 4200208                    /usr/lib/x86_64-linux-gnu/libkrb5support.so.0.1
7f82cb8ff000-7f82cb902000 r-xp 00000000 08:03 12190576                   /lib/x86_64-linux-gnu/libcom_err.so.2.1
7f82cb902000-7f82cbb01000 ---p 00003000 08:03 12190576                   /lib/x86_64-linux-gnu/libcom_err.so.2.1
7f82cbb01000-7f82cbb02000 r--p 00002000 08:03 12190576                   /lib/x86_64-linux-gnu/libcom_err.so.2.1
7f82cbb02000-7f82cbb03000 rw-p 00003000 08:03 12190576                   /lib/x86_64-linux-gnu/libcom_err.so.2.1
7f82cbb03000-7f82cbb29000 r-xp 00000000 08:03 4200198                    /usr/lib/x86_64-linux-gnu/libk5crypto.so.3.1
7f82cbb29000-7f82cbd29000 ---p 00026000 08:03 4200198                    /usr/lib/x86_64-linux-gnu/libk5crypto.so.3.1
7f82cbd29000-7f82cbd2a000 r--p 00026000 08:03 4200198                    /usr/lib/x86_64-linux-gnu/libk5crypto.so.3.1
7f82cbd2a000-7f82cbd2b000 rw-p 00027000 08:03 4200198                    /usr/lib/x86_64-linux-gnu/libk5crypto.so.3.1
7f82cbd2b000-7f82cbd2c000 rw-p 00000000 00:00 0 
7f82cbd2c000-7f82cbdf5000 r-xp 00000000 08:03 4200206                    /usr/lib/x86_64-linux-gnu/libkrb5.so.3.3
7f82cbdf5000-7f82cbff4000 ---p 000c9000 08:03 4200206                    /usr/lib/x86_64-linux-gnu/libkrb5.so.3.3
7f82cbff4000-7f82cbffe000 r--p 000c8000 08:03 4200206                    /usr/lib/x86_64-linux-gnu/libkrb5.so.3.3
7f82cbffe000-7f82cc000000 rw-p 000d2000 08:03 4200206                    /usr/lib/x86_64-linux-gnu/libkrb5.so.3.3
7f82cc000000-7f82cc021000 rw-p 00000000 00:00 0 
7f82cc021000-7f82d0000000 ---p 00000000 00:00 0 
7f82d003f000-7f82d00bc000 rw-p 00000000 00:00 0 
7f82d00bc000-7f82d00c1000 r-xp 00000000 08:03 4199743                    /usr/lib/x86_64-linux-gnu/libXdmcp.so.6.0.0
7f82d00c1000-7f82d02c0000 ---p 00005000 08:03 4199743                    /usr/lib/x86_64-linux-gnu/libXdmcp.so.6.0.0
7f82d02c0000-7f82d02c1000 rw-p 00004000 08:03 4199743                    /usr/lib/x86_64-linux-gnu/libXdmcp.so.6.0.0
7f82d02c1000-7f82d02c3000 r-xp 00000000 08:03 4199732                    /usr/lib/x86_64-linux-gnu/libXau.so.6.0.0
7f82d02c3000-7f82d04c3000 ---p 00002000 08:03 4199732                    /usr/lib/x86_64-linux-gnu/libXau.so.6.0.0
7f82d04c3000-7f82d04c4000 rw-p 00002000 08:03 4199732                    /usr/lib/x86_64-linux-gnu/libXau.so.6.0.0
7f82d04c4000-7f82d04d4000 r-xp 00000000 08:03 4199807                    /usr/lib/x86_64-linux-gnu/libavahi-client.so.3.2.9
7f82d04d4000-7f82d06d3000 ---p 00010000 08:03 4199807                    /usr/lib/x86_64-linux-gnu/libavahi-client.so.3.2.9
7f82d06d3000-7f82d06d4000 r--p 0000f000 08:03 4199807                    /usr/lib/x86_64-linux-gnu/libavahi-client.so.3.2.9
7f82d06d4000-7f82d06d5000 rw-p 00010000 08:03 4199807                    /usr/lib/x86_64-linux-gnu/libavahi-client.so.3.2.9
7f82d06d5000-7f82d06e1000 r-xp 00000000 08:03 4199809                    /usr/lib/x86_64-linux-gnu/libavahi-common.so.3.5.3
7f82d06e1000-7f82d08e0000 ---p 0000c000 08:03 4199809                    /usr/lib/x86_64-linux-gnu/libavahi-common.so.3.5.3
7f82d08e0000-7f82d08e1000 r--p 0000b000 08:03 4199809                    /usr/lib/x86_64-linux-gnu/libavahi-common.so.3.5.3
7f82d08e1000-7f82d08e2000 rw-p 0000c000 08:03 4199809                    /usr/lib/x86_64-linux-gnu/libavahi-common.so.3.5.3
7f82d08e2000-7f82d099b000 r-xp 00000000 08:03 4200060                    /usr/lib/x86_64-linux-gnu/libgnutls.so.26.22.4
7f82d099b000-7f82d0b9a000 ---p 000b9000 08:03 4200060                    /usr/lib/x86_64-linux-gnu/libgnutls.so.26.22.4
7f82d0b9a000-7f82d0ba0000 r--p 000b8000 08:03 4200060                    /usr/lib/x86_64-linux-gnu/libgnutls.so.26.22.4
7f82d0ba0000-7f82d0ba2000 rw-p 000be000 08:03 4200060                    /usr/lib/x86_64-linux-gnu/libgnutls.so.26.22.4
7f82d0ba2000-7f82d0bde000 r-xp 00000000 08:03 4200085                    /usr/lib/x86_64-linux-gnu/libgssapi_krb5.so.2.2
7f82d0bde000-7f82d0dde000 ---p 0003c000 08:03 4200085                    /usr/lib/x86_64-linux-gnu/libgssapi_krb5.so.2.2
7f82d0dde000-7f82d0ddf000 r--p 0003c000 08:03 4200085                    /usr/lib/x86_64-linux-gnu/libgssapi_krb5.so.2.2
7f82d0ddf000-7f82d0de1000 rw-p 0003d000 08:03 4200085                    /usr/lib/x86_64-linux-gnu/libgssapi_krb5.so.2.2
7f82d0de1000-7f82d0e1d000 r-xp 00000000 08:03 12190663                   /lib/x86_64-linux-gnu/libpcre.so.3.13.1
7f82d0e1d000-7f82d101d000 ---p 0003c000 08:03 12190663                   /lib/x86_64-linux-gnu/libpcre.so.3.13.1
7f82d101d000-7f82d101e000 rw-p 0003c000 08:03 12190663                   /lib/x86_64-linux-gnu/libpcre.so.3.13.1
7f82d101e000-7f82d102a000 r-xp 00000000 08:03 4199961                    /usr/lib/x86_64-linux-gnu/libffi.so.5.0.10
7f82d102a000-7f82d122a000 ---p 0000c000 08:03 4199961                    /usr/lib/x86_64-linux-gnu/libffi.so.5.0.10
7f82d122a000-7f82d122b000 rw-p 0000c000 08:03 4199961                    /usr/lib/x86_64-linux-gnu/libffi.so.5.0.10
7f82d122b000-7f82d1252000 r-xp 00000000 08:03 12190588                   /lib/x86_64-linux-gnu/libexpat.so.1.6.0
7f82d1252000-7f82d1452000 ---p 00027000 08:03 12190588                   /lib/x86_64-linux-gnu/libexpat.so.1.6.0
7f82d1452000-7f82d1454000 r--p 00027000 08:03 12190588                   /lib/x86_64-linux-gnu/libexpat.so.1.6.0
7f82d1454000-7f82d1455000 rw-p 00029000 08:03 12190588                   /lib/x86_64-linux-gnu/libexpat.so.1.6.0
7f82d1455000-7f82d145d000 r-xp 00000000 08:03 4200521                    /usr/lib/x86_64-linux-gnu/libxcb-render.so.0.0.0
7f82d145d000-7f82d165d000 ---p 00008000 08:03 4200521                    /usr/lib/x86_64-linux-gnu/libxcb-render.so.0.0.0
7f82d165d000-7f82d165e000 r--p 00008000 08:03 4200521                    /usr/lib/x86_64-linux-gnu/libxcb-render.so.0.0.0
7f82d165e000-7f82d165f000 rw-p 00009000 08:03 4200521                    /usr/lib/x86_64-linux-gnu/libxcb-render.so.0.0.0
7f82d165f000-7f82d1661000 r-xp 00000000 08:03 4200525                    /usr/lib/x86_64-linux-gnu/libxcb-shm.so.0.0.0
7f82d1661000-7f82d1860000 ---p 00002000 08:03 4200525                    /usr/lib/x86_64-linux-gnu/libxcb-shm.so.0.0.0
7f82d1860000-7f82d1861000 r--p 00001000 08:03 4200525                    /usr/lib/x86_64-linux-gnu/libxcb-shm.so.0.0.0
7f82d1861000-7f82d1862000 rw-p 00002000 08:03 4200525                    /usr/lib/x86_64-linux-gnu/libxcb-shm.so.0.0.0
7f82d1862000-7f82d18e2000 r-xp 00000000 08:03 4200335                    /usr/lib/x86_64-linux-gnu/libpixman-1.so.0.26.0
7f82d18e2000-7f82d1ae2000 ---p 00080000 08:03 4200335                    /usr/lib/x86_64-linux-gnu/libpixman-1.so.0.26.0
7f82d1ae2000-7f82d1ae8000 rw-p 00080000 08:03 4200335                    /usr/lib/x86_64-linux-gnu/libpixman-1.so.0.26.0
7f82d1ae8000-7f82d1b0e000 r-xp 00000000 08:03 12190665                   /lib/x86_64-linux-gnu/libpng12.so.0.49.0
7f82d1b0e000-7f82d1d0d000 ---p 00026000 08:03 12190665                   /lib/x86_64-linux-gnu/libpng12.so.0.49.0
7f82d1d0d000-7f82d1d0e000 r--p 00025000 08:03 12190665                   /lib/x86_64-linux-gnu/libpng12.so.0.49.0
7f82d1d0e000-7f82d1d0f000 rw-p 00026000 08:03 12190665                   /lib/x86_64-linux-gnu/libpng12.so.0.49.0
7f82d1d0f000-7f82d1d23000 r-xp 00000000 08:03 12192206                   /lib/x86_64-linux-gnu/libresolv-2.19.so
7f82d1d23000-7f82d1f22000 ---p 00014000 08:03 12192206                   /lib/x86_64-linux-gnu/libresolv-2.19.so
7f82d1f22000-7f82d1f23000 r--p 00013000 08:03 12192206                   /lib/x86_64-linux-gnu/libresolv-2.19.so
7f82d1f23000-7f82d1f24000 rw-p 00014000 08:03 12192206                   /lib/x86_64-linux-gnu/libresolv-2.19.so
7f82d1f24000-7f82d1f26000 rw-p 00000000 00:00 0 
7f82d1f26000-7f82d1f44000 r-xp 00000000 08:03 12190680                   /lib/x86_64-linux-gnu/libselinux.so.1
7f82d1f44000-7f82d2143000 ---p 0001e000 08:03 12190680                   /lib/x86_64-linux-gnu/libselinux.so.1
7f82d2143000-7f82d2144000 r--p 0001d000 08:03 12190680                   /lib/x86_64-linux-gnu/libselinux.so.1
7f82d2144000-7f82d2145000 rw-p 0001e000 08:03 12190680                   /lib/x86_64-linux-gnu/libselinux.so.1
7f82d2145000-7f82d2146000 rw-p 00000000 00:00 0 
7f82d2146000-7f82d2149000 r-xp 00000000 08:03 4200052                    /usr/lib/x86_64-linux-gnu/libgmodule-2.0.so.0.3200.4
7f82d2149000-7f82d2348000 ---p 00003000 08:03 4200052                    /usr/lib/x86_64-linux-gnu/libgmodule-2.0.so.0.3200.4
7f82d2348000-7f82d2349000 r--p 00002000 08:03 4200052                    /usr/lib/x86_64-linux-gnu/libgmodule-2.0.so.0.3200.4
7f82d2349000-7f82d234a000 rw-p 00003000 08:03 4200052                    /usr/lib/x86_64-linux-gnu/libgmodule-2.0.so.0.3200.4
7f82d234a000-7f82d2354000 r-xp 00000000 08:03 4199739                    /usr/lib/x86_64-linux-gnu/libXcursor.so.1.0.2
7f82d2354000-7f82d2553000 ---p 0000a000 08:03 4199739                    /usr/lib/x86_64-linux-gnu/libXcursor.so.1.0.2
7f82d2553000-7f82d2554000 rw-p 00009000 08:03 4199739                    /usr/lib/x86_64-linux-gnu/libXcursor.so.1.0.2
7f82d2554000-7f82d255b000 r-xp 00000000 08:03 4199761                    /usr/lib/x86_64-linux-gnu/libXrandr.so.2.2.0
7f82d255b000-7f82d275b000 ---p 00007000 08:03 4199761                    /usr/lib/x86_64-linux-gnu/libXrandr.so.2.2.0
7f82d275b000-7f82d275c000 rw-p 00007000 08:03 4199761                    /usr/lib/x86_64-linux-gnu/libXrandr.so.2.2.0
7f82d275c000-7f82d275e000 r-xp 00000000 08:03 4199753                    /usr/lib/x86_64-linux-gnu/libXinerama.so.1.0.0
7f82d275e000-7f82d295d000 ---p 00002000 08:03 4199753                    /usr/lib/x86_64-linux-gnu/libXinerama.so.1.0.0
7f82d295d000-7f82d295e000 rw-p 00001000 08:03 4199753                    /usr/lib/x86_64-linux-gnu/libXinerama.so.1.0.0
7f82d295e000-7f82d2963000 r-xp 00000000 08:03 4199747                    /usr/lib/x86_64-linux-gnu/libXfixes.so.3.1.0
7f82d2963000-7f82d2b62000 ---p 00005000 08:03 4199747                    /usr/lib/x86_64-linux-gnu/libXfixes.so.3.1.0
7f82d2b62000-7f82d2b63000 r--p 00004000 08:03 4199747                    /usr/lib/x86_64-linux-gnu/libXfixes.so.3.1.0
7f82d2b63000-7f82d2b64000 rw-p 00005000 08:03 4199747                    /usr/lib/x86_64-linux-gnu/libXfixes.so.3.1.0
7f82d2b64000-7f82d2b66000 r-xp 00000000 08:03 4199741                    /usr/lib/x86_64-linux-gnu/libXdamage.so.1.1.0
7f82d2b66000-7f82d2d65000 ---p 00002000 08:03 4199741                    /usr/lib/x86_64-linux-gnu/libXdamage.so.1.1.0
7f82d2d65000-7f82d2d66000 rw-p 00001000 08:03 4199741                    /usr/lib/x86_64-linux-gnu/libXdamage.so.1.1.0
7f82d2d66000-7f82d2d68000 r-xp 00000000 08:03 4199737                    /usr/lib/x86_64-linux-gnu/libXcomposite.so.1.0.0
7f82d2d68000-7f82d2f67000 ---p 00002000 08:03 4199737                    /usr/lib/x86_64-linux-gnu/libXcomposite.so.1.0.0
7f82d2f67000-7f82d2f68000 rw-p 00001000 08:03 4199737                    /usr/lib/x86_64-linux-gnu/libXcomposite.so.1.0.0
7f82d2f68000-7f82d2f87000 r-xp 00000000 08:03 4200529                    /usr/lib/x86_64-linux-gnu/libxcb.so.1.1.0
7f82d2f87000-7f82d3186000 ---p 0001f000 08:03 4200529                    /usr/lib/x86_64-linux-gnu/libxcb.so.1.1.0
7f82d3186000-7f82d3187000 r--p 0001e000 08:03 4200529                    /usr/lib/x86_64-linux-gnu/libxcb.so.1.1.0
7f82d3187000-7f82d3188000 rw-p 0001f000 08:03 4200529                    /usr/lib/x86_64-linux-gnu/libxcb.so.1.1.0
7f82d3188000-7f82d31db000 r-xp 00000000 08:03 4199889                    /usr/lib/x86_64-linux-gnu/libcups.so.2
7f82d31db000-7f82d33da000 ---p 00053000 08:03 4199889                    /usr/lib/x86_64-linux-gnu/libcups.so.2
7f82d33da000-7f82d33df000 r--p 00052000 08:03 4199889                    /usr/lib/x86_64-linux-gnu/libcups.so.2
7f82d33df000-7f82d33e0000 rw-p 00057000 08:03 4199889                    /usr/lib/x86_64-linux-gnu/libcups.so.2
7f82d33e0000-7f82d34d5000 r-xp 00000000 08:03 12190597                   /lib/x86_64-linux-gnu/libglib-2.0.so.0.3200.4
7f82d34d5000-7f82d36d5000 ---p 000f5000 08:03 12190597                   /lib/x86_64-linux-gnu/libglib-2.0.so.0.3200.4
7f82d36d5000-7f82d36d6000 r--p 000f5000 08:03 12190597                   /lib/x86_64-linux-gnu/libglib-2.0.so.0.3200.4
7f82d36d6000-7f82d36d7000 rw-p 000f6000 08:03 12190597                   /lib/x86_64-linux-gnu/libglib-2.0.so.0.3200.4
7f82d36d7000-7f82d36d8000 rw-p 00000000 00:00 0 
7f82d36d8000-7f82d36d9000 r-xp 00000000 08:03 4200137                    /usr/lib/x86_64-linux-gnu/libgthread-2.0.so.0.3200.4
7f82d36d9000-7f82d38d8000 ---p 00001000 08:03 4200137                    /usr/lib/x86_64-linux-gnu/libgthread-2.0.so.0.3200.4
7f82d38d8000-7f82d38d9000 r--p 00000000 08:03 4200137                    /usr/lib/x86_64-linux-gnu/libgthread-2.0.so.0.3200.4
7f82d38d9000-7f82d38da000 rw-p 00001000 08:03 4200137                    /usr/lib/x86_64-linux-gnu/libgthread-2.0.so.0.3200.4
7f82d38da000-7f82d3928000 r-xp 00000000 08:03 4200068                    /usr/lib/x86_64-linux-gnu/libgobject-2.0.so.0.3200.4
7f82d3928000-7f82d3b28000 ---p 0004e000 08:03 4200068                    /usr/lib/x86_64-linux-gnu/libgobject-2.0.so.0.3200.4
7f82d3b28000-7f82d3b29000 r--p 0004e000 08:03 4200068                    /usr/lib/x86_64-linux-gnu/libgobject-2.0.so.0.3200.4
7f82d3b29000-7f82d3b2a000 rw-p 0004f000 08:03 4200068                    /usr/lib/x86_64-linux-gnu/libgobject-2.0.so.0.3200.4
7f82d3b2a000-7f82d3b5f000 r-xp 00000000 08:03 4199999                    /usr/lib/x86_64-linux-gnu/libfontconfig.so.1.5.0
7f82d3b5f000-7f82d3d5f000 ---p 00035000 08:03 4199999                    /usr/lib/x86_64-linux-gnu/libfontconfig.so.1.5.0
7f82d3d5f000-7f82d3d60000 r--p 00035000 08:03 4199999                    /usr/lib/x86_64-linux-gnu/libfontconfig.so.1.5.0
7f82d3d60000-7f82d3d61000 rw-p 00036000 08:03 4199999                    /usr/lib/x86_64-linux-gnu/libfontconfig.so.1.5.0
7f82d3d61000-7f82d3dfa000 r-xp 00000000 08:03 4200007                    /usr/lib/x86_64-linux-gnu/libfreetype.so.6.8.1
7f82d3dfa000-7f82d3ff9000 ---p 00099000 08:03 4200007                    /usr/lib/x86_64-linux-gnu/libfreetype.so.6.8.1
7f82d3ff9000-7f82d3fff000 r--p 00098000 08:03 4200007                    /usr/lib/x86_64-linux-gnu/libfreetype.so.6.8.1
7f82d3fff000-7f82d4000000 rw-p 0009e000 08:03 4200007                    /usr/lib/x86_64-linux-gnu/libfreetype.so.6.8.1
7f82d4000000-7f82d4021000 rw-p 00000000 00:00 0 
7f82d4021000-7f82d8000000 ---p 00000000 00:00 0 
7f82d803b000-7f82d8085000 r-xp 00000000 08:03 4200313                    /usr/lib/x86_64-linux-gnu/libpango-1.0.so.0.3000.0
7f82d8085000-7f82d8285000 ---p 0004a000 08:03 4200313                    /usr/lib/x86_64-linux-gnu/libpango-1.0.so.0.3000.0
7f82d8285000-7f82d8287000 r--p 0004a000 08:03 4200313                    /usr/lib/x86_64-linux-gnu/libpango-1.0.so.0.3000.0
7f82d8287000-7f82d8288000 rw-p 0004c000 08:03 4200313                    /usr/lib/x86_64-linux-gnu/libpango-1.0.so.0.3000.0
7f82d8288000-7f82d837c000 r-xp 00000000 08:03 4199843                    /usr/lib/x86_64-linux-gnu/libcairo.so.2.11200.2
7f82d837c000-7f82d857b000 ---p 000f4000 08:03 4199843                    /usr/lib/x86_64-linux-gnu/libcairo.so.2.11200.2
7f82d857b000-7f82d857e000 r--p 000f3000 08:03 4199843                    /usr/lib/x86_64-linux-gnu/libcairo.so.2.11200.2
7f82d857e000-7f82d857f000 rw-p 000f6000 08:03 4199843                    /usr/lib/x86_64-linux-gnu/libcairo.so.2.11200.2
7f82d857f000-7f82d8581000 rw-p 00000000 00:00 0 
7f82d8581000-7f82d85a0000 r-xp 00000000 08:03 4200030                    /usr/lib/x86_64-linux-gnu/libgdk_pixbuf-2.0.so.0.2600.1
7f82d85a0000-7f82d879f000 ---p 0001f000 08:03 4200030                    /usr/lib/x86_64-linux-gnu/libgdk_pixbuf-2.0.so.0.2600.1
7f82d879f000-7f82d87a0000 r--p 0001e000 08:03 4200030                    /usr/lib/x86_64-linux-gnu/libgdk_pixbuf-2.0.so.0.2600.1
7f82d87a0000-7f82d87a1000 rw-p 0001f000 08:03 4200030                    /usr/lib/x86_64-linux-gnu/libgdk_pixbuf-2.0.so.0.2600.1
7f82d87a1000-7f82d87ad000 r-xp 00000000 08:03 4200315                    /usr/lib/x86_64-linux-gnu/libpangocairo-1.0.so.0.3000.0
7f82d87ad000-7f82d89ac000 ---p 0000c000 08:03 4200315                    /usr/lib/x86_64-linux-gnu/libpangocairo-1.0.so.0.3000.0
7f82d89ac000-7f82d89ad000 r--p 0000b000 08:03 4200315                    /usr/lib/x86_64-linux-gnu/libpangocairo-1.0.so.0.3000.0
7f82d89ad000-7f82d89ae000 rw-p 0000c000 08:03 4200315                    /usr/lib/x86_64-linux-gnu/libpangocairo-1.0.so.0.3000.0
7f82d89ae000-7f82d89d8000 r-xp 00000000 08:03 4200317                    /usr/lib/x86_64-linux-gnu/libpangoft2-1.0.so.0.3000.0
7f82d89d8000-7f82d8bd7000 ---p 0002a000 08:03 4200317                    /usr/lib/x86_64-linux-gnu/libpangoft2-1.0.so.0.3000.0
7f82d8bd7000-7f82d8bd8000 r--p 00029000 08:03 4200317                    /usr/lib/x86_64-linux-gnu/libpangoft2-1.0.so.0.3000.0
7f82d8bd8000-7f82d8bd9000 rw-p 0002a000 08:03 4200317                    /usr/lib/x86_64-linux-gnu/libpangoft2-1.0.so.0.3000.0
7f82d8bd9000-7f82d8d25000 r-xp 00000000 08:03 4200042                    /usr/lib/x86_64-linux-gnu/libgio-2.0.so.0.3200.4
7f82d8d25000-7f82d8f24000 ---p 0014c000 08:03 4200042                    /usr/lib/x86_64-linux-gnu/libgio-2.0.so.0.3200.4
7f82d8f24000-7f82d8f28000 r--p 0014b000 08:03 4200042                    /usr/lib/x86_64-linux-gnu/libgio-2.0.so.0.3200.4
7f82d8f28000-7f82d8f2a000 rw-p 0014f000 08:03 4200042                    /usr/lib/x86_64-linux-gnu/libgio-2.0.so.0.3200.4
7f82d8f2a000-7f82d8f2c000 rw-p 00000000 00:00 0 
7f82d8f2c000-7f82d8f4d000 r-xp 00000000 08:03 4199799                    /usr/lib/x86_64-linux-gnu/libatk-1.0.so.0.20409.1
7f82d8f4d000-7f82d914c000 ---p 00021000 08:03 4199799                    /usr/lib/x86_64-linux-gnu/libatk-1.0.so.0.20409.1
7f82d914c000-7f82d914e000 r--p 00020000 08:03 4199799                    /usr/lib/x86_64-linux-gnu/libatk-1.0.so.0.20409.1
7f82d914e000-7f82d914f000 rw-p 00022000 08:03 4199799                    /usr/lib/x86_64-linux-gnu/libatk-1.0.so.0.20409.1
7f82d914f000-7f82d91fe000 r-xp 00000000 08:03 4200028                    /usr/lib/x86_64-linux-gnu/libgdk-x11-2.0.so.0.2400.10
7f82d91fe000-7f82d93fd000 ---p 000af000 08:03 4200028                    /usr/lib/x86_64-linux-gnu/libgdk-x11-2.0.so.0.2400.10
7f82d93fd000-7f82d9402000 rw-p 000ae000 08:03 4200028                    /usr/lib/x86_64-linux-gnu/libgdk-x11-2.0.so.0.2400.10
7f82d9402000-7f82d9834000 r-xp 00000000 08:03 4200141                    /usr/lib/x86_64-linux-gnu/libgtk-x11-2.0.so.0.2400.10
7f82d9834000-7f82d9a34000 ---p 00432000 08:03 4200141                    /usr/lib/x86_64-linux-gnu/libgtk-x11-2.0.so.0.2400.10
7f82d9a34000-7f82d9a3f000 rw-p 00432000 08:03 4200141                    /usr/lib/x86_64-linux-gnu/libgtk-x11-2.0.so.0.2400.10
7f82d9a3f000-7f82d9a41000 rw-p 00000000 00:00 0 
7f82d9a41000-7f82d9a4f000 r-xp 00000000 08:03 4199751                    /usr/lib/x86_64-linux-gnu/libXi.so.6.1.0
7f82d9a4f000-7f82d9c4f000 ---p 0000e000 08:03 4199751                    /usr/lib/x86_64-linux-gnu/libXi.so.6.1.0
7f82d9c4f000-7f82d9c50000 rw-p 0000e000 08:03 4199751                    /usr/lib/x86_64-linux-gnu/libXi.so.6.1.0
7f82d9c50000-7f82dc000000 rw-p 00000000 00:00 0 
7f82dc000000-7f82dc021000 rw-p 00000000 00:00 0 
7f82dc021000-7f82e0000000 ---p 00000000 00:00 0 
7f82e007c000-7f82e007f000 ---p 00000000 00:00 0 
7f82e007f000-7f82e017d000 rw-p 00000000 00:00 0 
7f82e017d000-7f82e0182000 r-xp 00000000 08:03 4199769                    /usr/lib/x86_64-linux-gnu/libXtst.so.6.1.0
7f82e0182000-7f82e0381000 ---p 00005000 08:03 4199769                    /usr/lib/x86_64-linux-gnu/libXtst.so.6.1.0
7f82e0381000-7f82e0382000 rw-p 00004000 08:03 4199769                    /usr/lib/x86_64-linux-gnu/libXtst.so.6.1.0
7f82e0382000-7f82e038b000 r-xp 00000000 08:03 4199763                    /usr/lib/x86_64-linux-gnu/libXrender.so.1.3.0
7f82e038b000-7f82e058a000 ---p 00009000 08:03 4199763                    /usr/lib/x86_64-linux-gnu/libXrender.so.1.3.0
7f82e058a000-7f82e058b000 rw-p 00008000 08:03 4199763                    /usr/lib/x86_64-linux-gnu/libXrender.so.1.3.0
7f82e058b000-7f82e06c0000 r-xp 00000000 08:03 4199728                    /usr/lib/x86_64-linux-gnu/libX11.so.6.3.0
7f82e06c0000-7f82e08c0000 ---p 00135000 08:03 4199728                    /usr/lib/x86_64-linux-gnu/libX11.so.6.3.0
7f82e08c0000-7f82e08c6000 rw-p 00135000 08:03 4199728                    /usr/lib/x86_64-linux-gnu/libX11.so.6.3.0
7f82e08c6000-7f82e08d7000 r-xp 00000000 08:03 4199745                    /usr/lib/x86_64-linux-gnu/libXext.so.6.4.0
7f82e08d7000-7f82e0ad7000 ---p 00011000 08:03 4199745                    /usr/lib/x86_64-linux-gnu/libXext.so.6.4.0
7f82e0ad7000-7f82e0ad8000 rw-p 00011000 08:03 4199745                    /usr/lib/x86_64-linux-gnu/libXext.so.6.4.0
7f82e0ad8000-7f82e0b2b000 r-xp 00000000 08:03 3934319                    /usr/lib/jvm/java-7-openjdk-amd64/jre/lib/amd64/xawt/libmawt.so
7f82e0b2b000-7f82e0d2a000 ---p 00053000 08:03 3934319                    /usr/lib/jvm/java-7-openjdk-amd64/jre/lib/amd64/xawt/libmawt.so
7f82e0d2a000-7f82e0d2b000 r--p 00052000 08:03 3934319                    /usr/lib/jvm/java-7-openjdk-amd64/jre/lib/amd64/xawt/libmawt.so
7f82e0d2b000-7f82e0d2e000 rw-p 00053000 08:03 3934319                    /usr/lib/jvm/java-7-openjdk-amd64/jre/lib/amd64/xawt/libmawt.so
7f82e0d2e000-7f82e0d2f000 rw-p 00000000 00:00 0 
7f82e0d2f000-7f82e0dd0000 r-xp 00000000 08:03 3934218                    /usr/lib/jvm/java-7-openjdk-amd64/jre/lib/amd64/libawt.so
7f82e0dd0000-7f82e0fcf000 ---p 000a1000 08:03 3934218                    /usr/lib/jvm/java-7-openjdk-amd64/jre/lib/amd64/libawt.so
7f82e0fcf000-7f82e0fd0000 r--p 000a0000 08:03 3934218                    /usr/lib/jvm/java-7-openjdk-amd64/jre/lib/amd64/libawt.so
7f82e0fd0000-7f82e0fdb000 rw-p 000a1000 08:03 3934218                    /usr/lib/jvm/java-7-openjdk-amd64/jre/lib/amd64/libawt.so
7f82e0fdb000-7f82e1000000 rw-p 00000000 00:00 0 
7f82e1000000-7f82e1270000 rwxp 00000000 00:00 0 
7f82e1270000-7f82e4362000 rw-p 00000000 00:00 0 
7f82e4362000-7f82e8000000 ---p 00000000 00:00 0 
7f82e801a000-7f82e8025000 r--s 00203000 08:03 3934232                    /usr/lib/jvm/java-7-openjdk-amd64/jre/lib/charsets.jar
7f82e8025000-7f82e806d000 rw-p 00000000 00:00 0 
7f82e806d000-7f82e807d000 rw-s e0200000 00:05 7289                       /dev/ati/card0
7f82e807d000-7f82e8080000 ---p 00000000 00:00 0 
7f82e8080000-7f82e80b6000 rw-p 00000000 00:00 0 
7f82e80b6000-7f82e80bf000 r--s 000b9000 08:03 3934170                    /usr/lib/jvm/java-7-openjdk-amd64/jre/lib/resources.jar
7f82e80bf000-7f82e80fc000 r-xp 00000000 08:03 10486182                   /tmp/libgdxchobe/5502b6ed/libgdx64.so
7f82e80fc000-7f82e82fb000 ---p 0003d000 08:03 10486182                   /tmp/libgdxchobe/5502b6ed/libgdx64.so
7f82e82fb000-7f82e82fc000 r--p 0003c000 08:03 10486182                   /tmp/libgdxchobe/5502b6ed/libgdx64.so
7f82e82fc000-7f82e82fd000 rw-p 0003d000 08:03 10486182                   /tmp/libgdxchobe/5502b6ed/libgdx64.so
7f82e82fd000-7f82e82fe000 r--s 00002000 08:03 10488693                   /home/chobe/.gradle/caches/modules-2/files-2.1/net.java.jinput/jinput-platform/2.0.5/53f9c919f34d2ca9de8c51fc4e1e8282029a9232/jinput-platform-2.0.5-natives-osx.jar
7f82e82fe000-7f82e82ff000 r--s 00025000 08:03 10488692                   /home/chobe/.gradle/caches/modules-2/files-2.1/net.java.jinput/jinput-platform/2.0.5/385ee093e01f587f30ee1c8a2ee7d408fd732e16/jinput-platform-2.0.5-natives-windows.jar
7f82e82ff000-7f82e8300000 r--s 00002000 08:03 10488691                   /home/chobe/.gradle/caches/modules-2/files-2.1/net.java.jinput/jinput-platform/2.0.5/7ff832a6eb9ab6a767f1ade2b548092d0fa64795/jinput-platform-2.0.5-natives-linux.jar
7f82e8300000-7f82e8301000 r--s 00001000 08:03 10488690                   /home/chobe/.gradle/caches/modules-2/files-2.1/net.java.jutils/jutils/1.0.0/e12fe1fda814bd348c1579329c86943d2cd3c6a6/jutils-1.0.0.jar
7f82e8301000-7f82e8305000 r--s 0002f000 08:03 10488689                   /home/chobe/.gradle/caches/modules-2/files-2.1/net.java.jinput/jinput/2.0.5/39c7796b469a600f72380316f6b1f11db6c2c7c4/jinput-2.0.5.jar
7f82e8305000-7f82e8306000 r--s 00080000 08:03 10488688                   /home/chobe/.gradle/caches/modules-2/files-2.1/org.lwjgl.lwjgl/lwjgl-platform/2.9.1/2d12c83fdfbc04ecabf02c7bc8cc54d034f0daac/lwjgl-platform-2.9.1-natives-osx.jar
7f82e8306000-7f82e8307000 r--s 0008b000 08:03 10488687                   /home/chobe/.gradle/caches/modules-2/files-2.1/org.lwjgl.lwjgl/lwjgl-platform/2.9.1/aa9aae879af8eb378e22cfc64db56ec2ca9a44d1/lwjgl-platform-2.9.1-natives-linux.jar
7f82e8307000-7f82e8308000 r--s 00095000 08:03 10488686                   /home/chobe/.gradle/caches/modules-2/files-2.1/org.lwjgl.lwjgl/lwjgl-platform/2.9.1/4c517eca808522457dd95ee8fc1fbcdbb602efbe/lwjgl-platform-2.9.1-natives-windows.jar
7f82e8308000-7f82e830a000 r--s 00017000 08:03 10488685                   /home/chobe/.gradle/caches/modules-2/files-2.1/org.jcraft/jorbis/0.0.17/8872d22b293e8f5d7d56ff92be966e6dc28ebdc6/jorbis-0.0.17.jar
7f82e830a000-7f82e830b000 r--s 00015000 08:03 10488684                   /home/chobe/.gradle/caches/modules-2/files-2.1/com.badlogicgames.jlayer/jlayer/1.0.1-gdx/7cca83cec5c1b2f011362f4d85aabd71a73b049d/jlayer-1.0.1-gdx.jar
7f82e830b000-7f82e830f000 r--s 00027000 08:03 10488683                   /home/chobe/.gradle/caches/modules-2/files-2.1/org.lwjgl.lwjgl/lwjgl_util/2.9.1/290d7ba8a1bd9566f5ddf16ad06f09af5ec9b20e/lwjgl_util-2.9.1.jar
7f82e830f000-7f82e831d000 r--s 000ea000 08:03 10488682                   /home/chobe/.gradle/caches/modules-2/files-2.1/org.lwjgl.lwjgl/lwjgl/2.9.1/f58c5aabcef0e41718a564be9f8e412fff8db847/lwjgl-2.9.1.jar
7f82e831d000-7f82e8332000 r--s 00153000 08:03 10488660                   /home/chobe/.gradle/caches/modules-2/files-2.1/com.badlogicgames.gdx/gdx/1.1.0/686f5a609c717eb0769d3b954c501a49bf4fe351/gdx-1.1.0.jar
7f82e8332000-7f82e8333000 r--s 000cd000 08:03 10488678                   /home/chobe/.gradle/caches/modules-2/files-2.1/com.badlogicgames.gdx/gdx-platform/1.1.0/1c7ea4239c2d9adda420c15985fe3885c481fdcf/gdx-platform-1.1.0-natives-desktop.jar
7f82e8333000-7f82e8336000 r--s 0001f000 08:03 10488677                   /home/chobe/.gradle/caches/modules-2/files-2.1/com.badlogicgames.gdx/gdx-backend-lwjgl/1.1.0/eafa409559820c1696e165e1280435f1332fc32b/gdx-backend-lwjgl-1.1.0.jar
7f82e8336000-7f82e8339000 r--s 0001f000 08:01 772750                     /media/winDisk/Users/ChobeDucket/Documents/sheep/core/build/libs/core-1.0.jar
7f82e8339000-7f82e833d000 r--s 0003b000 08:03 3934173                    /usr/lib/jvm/java-7-openjdk-amd64/jre/lib/ext/sunpkcs11.jar
7f82e833d000-7f82e833e000 r--s 00002000 08:03 3934178                    /usr/lib/jvm/java-7-openjdk-amd64/jre/lib/ext/dnsns.jar
7f82e833e000-7f82e8341000 r--s 00032000 08:03 3934176                    /usr/lib/jvm/java-7-openjdk-amd64/jre/lib/ext/sunjce_provider.jar
7f82e8341000-7f82e8343000 r--s 0000f000 08:03 3934175                    /usr/lib/jvm/java-7-openjdk-amd64/jre/lib/ext/pulse-java.jar
7f82e8343000-7f82e8345000 r--s 00012000 08:03 3934174                    /usr/lib/jvm/java-7-openjdk-amd64/jre/lib/ext/zipfs.jar
7f82e8345000-7f82e8349000 r--s 00085000 08:03 3934172                    /usr/lib/jvm/java-7-openjdk-amd64/jre/lib/ext/localedata.jar
7f82e8349000-7f82e834a000 r--s 00007000 08:03 5645676                    /usr/share/java/java-atk-wrapper.jar
7f82e834a000-7f82e834b000 ---p 00000000 00:00 0 
7f82e834b000-7f82e844b000 rw-p 00000000 00:00 0 
7f82e844b000-7f82e844e000 ---p 00000000 00:00 0 
7f82e844e000-7f82e854c000 rw-p 00000000 00:00 0 
7f82e854c000-7f82e854f000 ---p 00000000 00:00 0 
7f82e854f000-7f82e864d000 rw-p 00000000 00:00 0 
7f82e864d000-7f82e8650000 ---p 00000000 00:00 0 
7f82e8650000-7f82e874e000 rw-p 00000000 00:00 0 
7f82e874e000-7f82e8751000 ---p 00000000 00:00 0 
7f82e8751000-7f82e884f000 rw-p 00000000 00:00 0 
7f82e884f000-7f82e89d8000 r--p 00000000 08:03 4067802                    /usr/lib/locale/locale-archive
7f82e89d8000-7f82e89db000 ---p 00000000 00:00 0 
7f82e89db000-7f82e8ad9000 rw-p 00000000 00:00 0 
7f82e8ad9000-7f82e8adc000 ---p 00000000 00:00 0 
7f82e8adc000-7f82e8bda000 rw-p 00000000 00:00 0 
7f82e8bda000-7f82e8bdb000 ---p 00000000 00:00 0 
7f82e8bdb000-7f82e9cd8000 rw-p 00000000 00:00 0 
7f82e9cd8000-7f82e9e86000 r--s 01cfc000 08:03 3934153                    /usr/lib/jvm/java-7-openjdk-amd64/jre/lib/rt.jar
7f82e9e86000-7f82ea1ba000 rw-p 00000000 00:00 0 
7f82ea1ba000-7f82ea1bb000 ---p 00000000 00:00 0 
7f82ea1bb000-7f82ea2bb000 rw-p 00000000 00:00 0 
7f82ea2bb000-7f82ea2bc000 ---p 00000000 00:00 0 
7f82ea2bc000-7f82ea3bc000 rw-p 00000000 00:00 0 
7f82ea3bc000-7f82ea3bd000 ---p 00000000 00:00 0 
7f82ea3bd000-7f82ea4bd000 rw-p 00000000 00:00 0 
7f82ea4bd000-7f82ea4be000 ---p 00000000 00:00 0 
7f82ea4be000-7f82ea5c9000 rw-p 00000000 00:00 0 
7f82ea5c9000-7f82ea611000 rw-p 00000000 00:00 0 
7f82ea611000-7f82ea626000 rw-p 00000000 00:00 0 
7f82ea626000-7f82ea757000 rw-p 00000000 00:00 0 
7f82ea757000-7f82ea762000 rw-p 00000000 00:00 0 
7f82ea762000-7f82ea7aa000 rw-p 00000000 00:00 0 
7f82ea7aa000-7f82ea7bf000 rw-p 00000000 00:00 0 
7f82ea7bf000-7f82ea8ef000 rw-p 00000000 00:00 0 
7f82ea8ef000-7f82ea8fa000 rw-p 00000000 00:00 0 
7f82ea8fa000-7f82ea992000 rw-p 00000000 00:00 0 
7f82ea992000-7f82ea993000 rw-p 00000000 00:00 0 
7f82ea993000-7f82ea99b000 r-xp 00000000 08:03 3934210                    /usr/lib/jvm/java-7-openjdk-amd64/jre/lib/amd64/libzip.so
7f82ea99b000-7f82eab9a000 ---p 00008000 08:03 3934210                    /usr/lib/jvm/java-7-openjdk-amd64/jre/lib/amd64/libzip.so
7f82eab9a000-7f82eab9b000 r--p 00007000 08:03 3934210                    /usr/lib/jvm/java-7-openjdk-amd64/jre/lib/amd64/libzip.so
7f82eab9b000-7f82eab9c000 rw-p 00008000 08:03 3934210                    /usr/lib/jvm/java-7-openjdk-amd64/jre/lib/amd64/libzip.so
7f82eab9c000-7f82eaba7000 r-xp 00000000 08:03 12192223                   /lib/x86_64-linux-gnu/libnss_files-2.19.so
7f82eaba7000-7f82eada6000 ---p 0000b000 08:03 12192223                   /lib/x86_64-linux-gnu/libnss_files-2.19.so
7f82eada6000-7f82eada7000 r--p 0000a000 08:03 12192223                   /lib/x86_64-linux-gnu/libnss_files-2.19.so
7f82eada7000-7f82eada8000 rw-p 0000b000 08:03 12192223                   /lib/x86_64-linux-gnu/libnss_files-2.19.so
7f82eada8000-7f82eadb2000 r-xp 00000000 08:03 12192211                   /lib/x86_64-linux-gnu/libnss_nis-2.19.so
7f82eadb2000-7f82eafb1000 ---p 0000a000 08:03 12192211                   /lib/x86_64-linux-gnu/libnss_nis-2.19.so
7f82eafb1000-7f82eafb2000 r--p 00009000 08:03 12192211                   /lib/x86_64-linux-gnu/libnss_nis-2.19.so
7f82eafb2000-7f82eafb3000 rw-p 0000a000 08:03 12192211                   /lib/x86_64-linux-gnu/libnss_nis-2.19.so
7f82eafb3000-7f82eafc8000 r-xp 00000000 08:03 12192215                   /lib/x86_64-linux-gnu/libnsl-2.19.so
7f82eafc8000-7f82eb1c7000 ---p 00015000 08:03 12192215                   /lib/x86_64-linux-gnu/libnsl-2.19.so
7f82eb1c7000-7f82eb1c8000 r--p 00014000 08:03 12192215                   /lib/x86_64-linux-gnu/libnsl-2.19.so
7f82eb1c8000-7f82eb1c9000 rw-p 00015000 08:03 12192215                   /lib/x86_64-linux-gnu/libnsl-2.19.so
7f82eb1c9000-7f82eb1cb000 rw-p 00000000 00:00 0 
7f82eb1cb000-7f82eb1d2000 r-xp 00000000 08:03 12192212                   /lib/x86_64-linux-gnu/libnss_compat-2.19.so
7f82eb1d2000-7f82eb3d1000 ---p 00007000 08:03 12192212                   /lib/x86_64-linux-gnu/libnss_compat-2.19.so
7f82eb3d1000-7f82eb3d2000 r--p 00006000 08:03 12192212                   /lib/x86_64-linux-gnu/libnss_compat-2.19.so
7f82eb3d2000-7f82eb3d3000 rw-p 00007000 08:03 12192212                   /lib/x86_64-linux-gnu/libnss_compat-2.19.so
7f82eb3d3000-7f82eb3fe000 r-xp 00000000 08:03 3934215                    /usr/lib/jvm/java-7-openjdk-amd64/jre/lib/amd64/libjava.so
7f82eb3fe000-7f82eb5fd000 ---p 0002b000 08:03 3934215                    /usr/lib/jvm/java-7-openjdk-amd64/jre/lib/amd64/libjava.so
7f82eb5fd000-7f82eb5fe000 r--p 0002a000 08:03 3934215                    /usr/lib/jvm/java-7-openjdk-amd64/jre/lib/amd64/libjava.so
7f82eb5fe000-7f82eb600000 rw-p 0002b000 08:03 3934215                    /usr/lib/jvm/java-7-openjdk-amd64/jre/lib/amd64/libjava.so
7f82eb600000-7f82eb60f000 r-xp 00000000 08:03 3934216                    /usr/lib/jvm/java-7-openjdk-amd64/jre/lib/amd64/libverify.so
7f82eb60f000-7f82eb80e000 ---p 0000f000 08:03 3934216                    /usr/lib/jvm/java-7-openjdk-amd64/jre/lib/amd64/libverify.so
7f82eb80e000-7f82eb810000 r--p 0000e000 08:03 3934216                    /usr/lib/jvm/java-7-openjdk-amd64/jre/lib/amd64/libverify.so
7f82eb810000-7f82eb811000 rw-p 00010000 08:03 3934216                    /usr/lib/jvm/java-7-openjdk-amd64/jre/lib/amd64/libverify.so
7f82eb811000-7f82eb818000 r-xp 00000000 08:03 12192213                   /lib/x86_64-linux-gnu/librt-2.19.so
7f82eb818000-7f82eba17000 ---p 00007000 08:03 12192213                   /lib/x86_64-linux-gnu/librt-2.19.so
7f82eba17000-7f82eba18000 r--p 00006000 08:03 12192213                   /lib/x86_64-linux-gnu/librt-2.19.so
7f82eba18000-7f82eba19000 rw-p 00007000 08:03 12192213                   /lib/x86_64-linux-gnu/librt-2.19.so
7f82eba19000-7f82eba2e000 r-xp 00000000 08:03 12190593                   /lib/x86_64-linux-gnu/libgcc_s.so.1
7f82eba2e000-7f82ebc2e000 ---p 00015000 08:03 12190593                   /lib/x86_64-linux-gnu/libgcc_s.so.1
7f82ebc2e000-7f82ebc2f000 rw-p 00015000 08:03 12190593                   /lib/x86_64-linux-gnu/libgcc_s.so.1
7f82ebc2f000-7f82ebd2f000 r-xp 00000000 08:03 12192221                   /lib/x86_64-linux-gnu/libm-2.19.so
7f82ebd2f000-7f82ebf2e000 ---p 00100000 08:03 12192221                   /lib/x86_64-linux-gnu/libm-2.19.so
7f82ebf2e000-7f82ebf2f000 r--p 000ff000 08:03 12192221                   /lib/x86_64-linux-gnu/libm-2.19.so
7f82ebf2f000-7f82ebf30000 rw-p 00100000 08:03 12192221                   /lib/x86_64-linux-gnu/libm-2.19.so
7f82ebf30000-7f82ec018000 r-xp 00000000 08:03 4200440                    /usr/lib/x86_64-linux-gnu/libstdc++.so.6.0.17
7f82ec018000-7f82ec218000 ---p 000e8000 08:03 4200440                    /usr/lib/x86_64-linux-gnu/libstdc++.so.6.0.17
7f82ec218000-7f82ec220000 r--p 000e8000 08:03 4200440                    /usr/lib/x86_64-linux-gnu/libstdc++.so.6.0.17
7f82ec220000-7f82ec222000 rw-p 000f0000 08:03 4200440                    /usr/lib/x86_64-linux-gnu/libstdc++.so.6.0.17
7f82ec222000-7f82ec237000 rw-p 00000000 00:00 0 
7f82ec237000-7f82ecd00000 r-xp 00000000 08:03 3934204                    /usr/lib/jvm/java-7-openjdk-amd64/jre/lib/amd64/server/libjvm.so
7f82ecd00000-7f82ecf00000 ---p 00ac9000 08:03 3934204                    /usr/lib/jvm/java-7-openjdk-amd64/jre/lib/amd64/server/libjvm.so
7f82ecf00000-7f82ecf98000 r--p 00ac9000 08:03 3934204                    /usr/lib/jvm/java-7-openjdk-amd64/jre/lib/amd64/server/libjvm.so
7f82ecf98000-7f82ecfbb000 rw-p 00b61000 08:03 3934204                    /usr/lib/jvm/java-7-openjdk-amd64/jre/lib/amd64/server/libjvm.so
7f82ecfbb000-7f82ecfe8000 rw-p 00000000 00:00 0 
7f82ecfe8000-7f82ecfff000 r-xp 00000000 08:03 12192203                   /lib/x86_64-linux-gnu/libz.so.1.2.8
7f82ecfff000-7f82ed1fe000 ---p 00017000 08:03 12192203                   /lib/x86_64-linux-gnu/libz.so.1.2.8
7f82ed1fe000-7f82ed1ff000 r--p 00016000 08:03 12192203                   /lib/x86_64-linux-gnu/libz.so.1.2.8
7f82ed1ff000-7f82ed200000 rw-p 00017000 08:03 12192203                   /lib/x86_64-linux-gnu/libz.so.1.2.8
7f82ed200000-7f82ed39f000 r-xp 00000000 08:03 12192214                   /lib/x86_64-linux-gnu/libc-2.19.so
7f82ed39f000-7f82ed59f000 ---p 0019f000 08:03 12192214                   /lib/x86_64-linux-gnu/libc-2.19.so
7f82ed59f000-7f82ed5a3000 r--p 0019f000 08:03 12192214                   /lib/x86_64-linux-gnu/libc-2.19.so
7f82ed5a3000-7f82ed5a5000 rw-p 001a3000 08:03 12192214                   /lib/x86_64-linux-gnu/libc-2.19.so
7f82ed5a5000-7f82ed5a9000 rw-p 00000000 00:00 0 
7f82ed5a9000-7f82ed5ac000 r-xp 00000000 08:03 12192219                   /lib/x86_64-linux-gnu/libdl-2.19.so
7f82ed5ac000-7f82ed7ab000 ---p 00003000 08:03 12192219                   /lib/x86_64-linux-gnu/libdl-2.19.so
7f82ed7ab000-7f82ed7ac000 r--p 00002000 08:03 12192219                   /lib/x86_64-linux-gnu/libdl-2.19.so
7f82ed7ac000-7f82ed7ad000 rw-p 00003000 08:03 12192219                   /lib/x86_64-linux-gnu/libdl-2.19.so
7f82ed7ad000-7f82ed7ba000 r-xp 00000000 08:03 3934207                    /usr/lib/jvm/java-7-openjdk-amd64/jre/lib/amd64/jli/libjli.so
7f82ed7ba000-7f82ed9b9000 ---p 0000d000 08:03 3934207                    /usr/lib/jvm/java-7-openjdk-amd64/jre/lib/amd64/jli/libjli.so
7f82ed9b9000-7f82ed9ba000 r--p 0000c000 08:03 3934207                    /usr/lib/jvm/java-7-openjdk-amd64/jre/lib/amd64/jli/libjli.so
7f82ed9ba000-7f82ed9bb000 rw-p 0000d000 08:03 3934207                    /usr/lib/jvm/java-7-openjdk-amd64/jre/lib/amd64/jli/libjli.so
7f82ed9bb000-7f82ed9d3000 r-xp 00000000 08:03 12192218                   /lib/x86_64-linux-gnu/libpthread-2.19.so
7f82ed9d3000-7f82edbd2000 ---p 00018000 08:03 12192218                   /lib/x86_64-linux-gnu/libpthread-2.19.so
7f82edbd2000-7f82edbd3000 r--p 00017000 08:03 12192218                   /lib/x86_64-linux-gnu/libpthread-2.19.so
7f82edbd3000-7f82edbd4000 rw-p 00018000 08:03 12192218                   /lib/x86_64-linux-gnu/libpthread-2.19.so
7f82edbd4000-7f82edbd8000 rw-p 00000000 00:00 0 
7f82edbd8000-7f82edbf8000 r-xp 00000000 08:03 12192217                   /lib/x86_64-linux-gnu/ld-2.19.so
7f82edc00000-7f82edc01000 rw-s 00005000 00:05 7289                       /dev/ati/card0
7f82edc01000-7f82edc03000 rw-s 00002000 00:05 7289                       /dev/ati/card0
7f82edc03000-7f82edc0a000 r--s 00000000 08:03 4206154                    /usr/lib/x86_64-linux-gnu/gconv/gconv-modules.cache
7f82edc0a000-7f82edc0f000 r--s 0004c000 08:03 3934152                    /usr/lib/jvm/java-7-openjdk-amd64/jre/lib/jsse.jar
7f82edc0f000-7f82edc19000 rw-p 00000000 00:00 0 
7f82edc19000-7f82edccf000 rw-p 00000000 00:00 0 
7f82edccf000-7f82edcd2000 ---p 00000000 00:00 0 
7f82edcd2000-7f82eddec000 rw-p 00000000 00:00 0 
7f82eddec000-7f82eddf4000 rw-s 00000000 08:03 10490934                   /tmp/hsperfdata_chobe/25480 (deleted)
7f82eddf4000-7f82eddf5000 rw-p 00000000 00:00 0 
7f82eddf5000-7f82eddf6000 ---p 00000000 00:00 0 
7f82eddf6000-7f82eddf8000 rw-p 00000000 00:00 0 
7f82eddf8000-7f82eddf9000 r--p 00020000 08:03 12192217                   /lib/x86_64-linux-gnu/ld-2.19.so
7f82eddf9000-7f82eddfa000 rw-p 00021000 08:03 12192217                   /lib/x86_64-linux-gnu/ld-2.19.so
7f82eddfa000-7f82eddfb000 rw-p 00000000 00:00 0 
7fffb5bee000-7fffb5c10000 rw-p 00000000 00:00 0                          [stack]
7fffb5c33000-7fffb5c34000 r-xp 00000000 00:00 0                          [vdso]
ffffffffff600000-ffffffffff601000 r-xp 00000000 00:00 0                  [vsyscall]

VM Arguments:
jvm_args: -Dfile.encoding=UTF-8 
java_command: com.mygdx.sheep.desktop.DesktopLauncher
Launcher Type: SUN_STANDARD

Environment Variables:
PATH=/usr/local/bin:/usr/bin:/bin:/usr/local/games:/usr/games:/home/chobe/.local/bin:/home/chobe/sdks/adt-bundle-linux-x86_64-20140321/sdk//platform-tools/adb:/home/chobe/sdks/adt-bundle-linux-x86_64-20140321/sdk//platform-tools/
USERNAME=chobe
SHELL=/bin/bash
DISPLAY=:0

Signal Handlers:
SIGSEGV: [libjvm.so+0x8f9750], sa_mask[0]=0x7ffbfeff, sa_flags=0x10000004
SIGBUS: [libjvm.so+0x8f9750], sa_mask[0]=0x7ffbfeff, sa_flags=0x10000004
SIGFPE: [libjvm.so+0x7827c0], sa_mask[0]=0x7ffbfeff, sa_flags=0x10000004
SIGPIPE: [libjvm.so+0x7827c0], sa_mask[0]=0x7ffbfeff, sa_flags=0x10000004
SIGXFSZ: [libjvm.so+0x7827c0], sa_mask[0]=0x7ffbfeff, sa_flags=0x10000004
SIGILL: [libjvm.so+0x7827c0], sa_mask[0]=0x7ffbfeff, sa_flags=0x10000004
SIGUSR1: SIG_DFL, sa_mask[0]=0x00000000, sa_flags=0x00000000
SIGUSR2: [libjvm.so+0x782ab0], sa_mask[0]=0x00000004, sa_flags=0x10000004
SIGHUP: [libjvm.so+0x782c20], sa_mask[0]=0x7ffbfeff, sa_flags=0x10000004
SIGINT: [libjvm.so+0x782c20], sa_mask[0]=0x7ffbfeff, sa_flags=0x10000004
SIGTERM: [libjvm.so+0x782c20], sa_mask[0]=0x7ffbfeff, sa_flags=0x10000004
SIGQUIT: [libjvm.so+0x782c20], sa_mask[0]=0x7ffbfeff, sa_flags=0x10000004


---------------  S Y S T E M  ---------------

OS:7.5

uname:Linux 3.2.0-4-amd64 #1 SMP Debian 3.2.57-3+deb7u1 x86_64
libc:glibc 2.19 NPTL 2.19 
rlimit: STACK 8192k, CORE 0k, NPROC 31105, NOFILE 4096, AS infinity
load average:1.52 0.75 0.64

/proc/meminfo:
MemTotal:        3993672 kB
MemFree:         1945072 kB
Buffers:           43168 kB
Cached:           347724 kB
SwapCached:       254704 kB
Active:          1081924 kB
Inactive:         693640 kB
Active(anon):     962736 kB
Inactive(anon):   423328 kB
Active(file):     119188 kB
Inactive(file):   270312 kB
Unevictable:           0 kB
Mlocked:               0 kB
SwapTotal:       4120572 kB
SwapFree:        3439488 kB
Dirty:                80 kB
Writeback:             0 kB
AnonPages:       1358712 kB
Mapped:           100948 kB
Shmem:              1388 kB
Slab:              69392 kB
SReclaimable:      41168 kB
SUnreclaim:        28224 kB
KernelStack:        3248 kB
PageTables:        24696 kB
NFS_Unstable:          0 kB
Bounce:                0 kB
WritebackTmp:          0 kB
CommitLimit:     6117408 kB
Committed_AS:    3136716 kB
VmallocTotal:   34359738367 kB
VmallocUsed:      170472 kB
VmallocChunk:   34359561712 kB
HardwareCorrupted:     0 kB
AnonHugePages:         0 kB
HugePages_Total:       0
HugePages_Free:        0
HugePages_Rsvd:        0
HugePages_Surp:        0
Hugepagesize:       2048 kB
DirectMap4k:     1149952 kB
DirectMap2M:     2977792 kB


CPU:total 4 (4 cores per cpu, 1 threads per core) family 6 model 15 stepping 11, cmov, cx8, fxsr, mmx, sse, sse2, sse3, ssse3, tsc

/proc/cpuinfo:
processor	: 0
vendor_id	: GenuineIntel
cpu family	: 6
model		: 15
model name	: Intel(R) Core(TM)2 Quad CPU    Q6600  @ 2.40GHz
stepping	: 11
cpu MHz		: 1596.000
cache size	: 4096 KB
physical id	: 0
siblings	: 4
core id		: 0
cpu cores	: 4
apicid		: 0
initial apicid	: 0
fpu		: yes
fpu_exception	: yes
cpuid level	: 10
wp		: yes
flags		: fpu vme de pse tsc msr pae mce cx8 apic sep mtrr pge mca cmov pat pse36 clflush dts acpi mmx fxsr sse sse2 ss ht tm pbe syscall nx lm constant_tsc arch_perfmon pebs bts rep_good nopl aperfmperf pni dtes64 monitor ds_cpl vmx est tm2 ssse3 cx16 xtpr pdcm lahf_lm dtherm tpr_shadow vnmi flexpriority
bogomips	: 4795.82
clflush size	: 64
cache_alignment	: 64
address sizes	: 36 bits physical, 48 bits virtual
power management:

processor	: 1
vendor_id	: GenuineIntel
cpu family	: 6
model		: 15
model name	: Intel(R) Core(TM)2 Quad CPU    Q6600  @ 2.40GHz
stepping	: 11
cpu MHz		: 1596.000
cache size	: 4096 KB
physical id	: 0
siblings	: 4
core id		: 2
cpu cores	: 4
apicid		: 2
initial apicid	: 2
fpu		: yes
fpu_exception	: yes
cpuid level	: 10
wp		: yes
flags		: fpu vme de pse tsc msr pae mce cx8 apic sep mtrr pge mca cmov pat pse36 clflush dts acpi mmx fxsr sse sse2 ss ht tm pbe syscall nx lm constant_tsc arch_perfmon pebs bts rep_good nopl aperfmperf pni dtes64 monitor ds_cpl vmx est tm2 ssse3 cx16 xtpr pdcm lahf_lm dtherm tpr_shadow vnmi flexpriority
bogomips	: 4795.58
clflush size	: 64
cache_alignment	: 64
address sizes	: 36 bits physical, 48 bits virtual
power management:

processor	: 2
vendor_id	: GenuineIntel
cpu family	: 6
model		: 15
model name	: Intel(R) Core(TM)2 Quad CPU    Q6600  @ 2.40GHz
stepping	: 11
cpu MHz		: 1596.000
cache size	: 4096 KB
physical id	: 0
siblings	: 4
core id		: 1
cpu cores	: 4
apicid		: 1
initial apicid	: 1
fpu		: yes
fpu_exception	: yes
cpuid level	: 10
wp		: yes
flags		: fpu vme de pse tsc msr pae mce cx8 apic sep mtrr pge mca cmov pat pse36 clflush dts acpi mmx fxsr sse sse2 ss ht tm pbe syscall nx lm constant_tsc arch_perfmon pebs bts rep_good nopl aperfmperf pni dtes64 monitor ds_cpl vmx est tm2 ssse3 cx16 xtpr pdcm lahf_lm dtherm tpr_shadow vnmi flexpriority
bogomips	: 4795.56
clflush size	: 64
cache_alignment	: 64
address sizes	: 36 bits physical, 48 bits virtual
power management:

processor	: 3
vendor_id	: GenuineIntel
cpu family	: 6
model		: 15
model name	: Intel(R) Core(TM)2 Quad CPU    Q6600  @ 2.40GHz
stepping	: 11
cpu MHz		: 2394.000
cache size	: 4096 KB
physical id	: 0
siblings	: 4
core id		: 3
cpu cores	: 4
apicid		: 3
initial apicid	: 3
fpu		: yes
fpu_exception	: yes
cpuid level	: 10
wp		: yes
flags		: fpu vme de pse tsc msr pae mce cx8 apic sep mtrr pge mca cmov pat pse36 clflush dts acpi mmx fxsr sse sse2 ss ht tm pbe syscall nx lm constant_tsc arch_perfmon pebs bts rep_good nopl aperfmperf pni dtes64 monitor ds_cpl vmx est tm2 ssse3 cx16 xtpr pdcm lahf_lm dtherm tpr_shadow vnmi flexpriority
bogomips	: 4795.57
clflush size	: 64
cache_alignment	: 64
address sizes	: 36 bits physical, 48 bits virtual
power management:



Memory: 4k page, physical 3993672k(1945072k free), swap 4120572k(3439488k free)

vm_info: OpenJDK 64-Bit Server VM (24.51-b03) for linux-amd64 JRE (1.7.0_55-b14), built on May  2 2014 11:33:06 by "buildd" with gcc 4.7.2

time: Mon Jul  7 20:52:52 2014
elapsed time: 58 seconds

