#
# A fatal error has been detected by the Java Runtime Environment:
#
#  SIGSEGV (0xb) at pc=0x00007ffd842f7e38, pid=4606, tid=140726844573440
#
# JRE version: OpenJDK Runtime Environment (7.0_55-b14) (build 1.7.0_55-b14)
# Java VM: OpenJDK 64-Bit Server VM (24.51-b03 mixed mode linux-amd64 compressed oops)
# Problematic frame:
# C  [libX11.so.6+0x3ae38]  XQueryExtension+0x28
#
# Failed to write core dump. Core dumps have been disabled. To enable core dumping, try "ulimit -c unlimited" before starting Java again
#
# If you would like to submit a bug report, please include
# instructions on how to reproduce the bug and visit:
#   http://icedtea.classpath.org/bugzilla
#

---------------  T H R E A D  ---------------

Current thread (0x00007ffd98076800):  VMThread [stack: 0x00007ffd8584c000,0x00007ffd8594d000] [id=4625]

siginfo:si_signo=SIGSEGV: si_errno=0, si_code=1 (SEGV_MAPERR), si_addr=0x00000000340086d8

Registers:
RAX=0x00007ffd78000b10, RBX=0x0000000034007d70, RCX=0x00007ffd8594b6d8, RDX=0x00007ffd8594b6d4
RSP=0x00007ffd8594b670, RBP=0x00007ffd51318600, RSI=0x00007ffd511df992, RDI=0x0000000034007d70
R8 =0x00007ffd8594b6dc, R9 =0x0000000000000000, R10=0x00007ffd513183c0, R11=0x00007ffd9f2e11c0
R12=0x00007ffd511df992, R13=0x00007ffd78000b10, R14=0x00007ffd8594bae0, R15=0x00007ffd34027cf0
RIP=0x00007ffd842f7e38, EFLAGS=0x0000000000010202, CSGSFS=0x0000000000000033, ERR=0x0000000000000004
  TRAPNO=0x000000000000000e

Top of Stack: (sp=0x00007ffd8594b670)
0x00007ffd8594b670:   0000000000000000 0000000000000000
0x00007ffd8594b680:   000000770000006e 0000000000000000
0x00007ffd8594b690:   000100010000007c 0000000034007d70
0x00007ffd8594b6a0:   00007ffd51318600 00007ffd511df992
0x00007ffd8594b6b0:   00007ffd78000b10 00007ffd8594bae0
0x00007ffd8594b6c0:   00007ffd34027cf0 00007ffd842ebe72
0x00007ffd8594b6d0:   00007ffd34027cf0 00007ffd9f325220
0x00007ffd8594b6e0:   0000000000000000 00007ffd51318600
0x00007ffd8594b6f0:   0000000034007d70 00007ffd8460571d
0x00007ffd8594b700:   00007ffd511df992 0000001100000000
0x00007ffd8594b710:   00007ffd00000005 0000000000000000
0x00007ffd8594b720:   00007ffd8594b790 0000000034007d70
0x00007ffd8594b730:   00007ffd8594b9d8 00007ffd8594bae0
0x00007ffd8594b740:   00007ffd51331e50 00007ffd511883d9
0x00007ffd8594b750:   00000000ffffffff 00007ffd34000a00
0x00007ffd8594b760:   00007ffd8594b790 00007ffd51d589e0
0x00007ffd8594b770:   00007ffd8594b9d8 00007ffd8594bae0
0x00007ffd8594b780:   0000000000000000 00007ffd5117cae2
0x00007ffd8594b790:   00007ffd8594bb50 00007ffd511df911
0x00007ffd8594b7a0:   00007ffd8594bb50 00007ffd9fc90058
0x00007ffd8594b7b0:   00007ffd9fea31a8 00007ffd9fea3740
0x00007ffd8594b7c0:   00007ffd9fe7d000 00007ffd980094f0
0x00007ffd8594b7d0:   00007ffd9800a020 00007ffd9800a530
0x00007ffd8594b7e0:   00007ffd98017440 00007ffd981b3430
0x00007ffd8594b7f0:   00007ffd982a26f0 00007ffd9829e5b0
0x00007ffd8594b800:   00007ffd981e0e50 00007ffd981f1ca0
0x00007ffd8594b810:   00007ffd981f9340 00007ffd981f8e10
0x00007ffd8594b820:   00007ffd981f88e0 00007ffd981fcc30
0x00007ffd8594b830:   00007ffd981fc710 00007ffd981fd9e0
0x00007ffd8594b840:   00007ffd981fc200 00007ffd981f83b0
0x00007ffd8594b850:   00007ffd981fa7d0 00007ffd981fb210
0x00007ffd8594b860:   00007ffd981facf0 00007ffd981fb730 

Instructions: (pc=0x00007ffd842f7e38)
0x00007ffd842f7e18:   24 e0 48 89 fb 4c 89 6c 24 e8 4c 89 74 24 f0 49
0x00007ffd842f7e28:   89 f4 4c 89 7c 24 f8 48 89 6c 24 d8 48 83 ec 58
0x00007ffd842f7e38:   48 8b 87 68 09 00 00 49 89 d7 49 89 ce 4d 89 c5
0x00007ffd842f7e48:   48 85 c0 74 02 ff 10 ba 08 00 00 00 be 62 00 00 

Register to memory mapping:

RAX=0x00007ffd78000b10 is an unknown value
RBX=0x0000000034007d70 is an unknown value
RCX=0x00007ffd8594b6d8 is an unknown value
RDX=0x00007ffd8594b6d4 is an unknown value
RSP=0x00007ffd8594b670 is an unknown value
RBP=0x00007ffd51318600: <offset 0x1cf600> in /usr/lib/x86_64-linux-gnu/libGL.so.1 at 0x00007ffd51149000
RSI=0x00007ffd511df992: <offset 0x96992> in /usr/lib/x86_64-linux-gnu/libGL.so.1 at 0x00007ffd51149000
RDI=0x0000000034007d70 is an unknown value
R8 =0x00007ffd8594b6dc is an unknown value
R9 =0x0000000000000000 is an unknown value
R10=0x00007ffd513183c0: <offset 0x1cf3c0> in /usr/lib/x86_64-linux-gnu/libGL.so.1 at 0x00007ffd51149000
R11=0x00007ffd9f2e11c0: __cxa_finalize+0 in /lib/x86_64-linux-gnu/libc.so.6 at 0x00007ffd9f2a9000
R12=0x00007ffd511df992: <offset 0x96992> in /usr/lib/x86_64-linux-gnu/libGL.so.1 at 0x00007ffd51149000
R13=0x00007ffd78000b10 is an unknown value
R14=0x00007ffd8594bae0 is an unknown value
R15=0x00007ffd34027cf0 is an unknown value


Stack: [0x00007ffd8584c000,0x00007ffd8594d000],  sp=0x00007ffd8594b670,  free space=1021k
Native frames: (J=compiled Java code, j=interpreted, Vv=VM code, C=native code)
C  [libX11.so.6+0x3ae38]  XQueryExtension+0x28

VM_Operation (0x00007ffd3fffe6c0): Exit, mode: safepoint, requested by thread 0x00007ffd9833f800


---------------  P R O C E S S  ---------------

Java Threads: ( => current thread )
  0x00007ffd20044000 JavaThread "Keep-Alive-Timer" daemon [_thread_blocked, id=4655, stack(0x00007ffd4427b000,0x00007ffd4437c000)]
  0x00007ffd1e7e2000 JavaThread "pool-1-thread-1" [_thread_blocked, id=4652, stack(0x00007ffd50227000,0x00007ffd50328000)]
  0x00007ffd3529b800 JavaThread "AsynchExecutor-Thread" daemon [_thread_blocked, id=4649, stack(0x00007ffd50628000,0x00007ffd50729000)]
  0x00007ffd3400e000 JavaThread "process reaper" daemon [_thread_blocked, id=4644, stack(0x00007ffd94045000,0x00007ffd9407e000)]
  0x00007ffd9800b000 JavaThread "DestroyJavaVM" [_thread_blocked, id=4609, stack(0x00007ffd9fd78000,0x00007ffd9fe79000)]
  0x00007ffd9833f800 JavaThread "LWJGL Application" [_thread_blocked, id=4641, stack(0x00007ffd3feff000,0x00007ffd40000000)]
  0x00007ffd9829d000 JavaThread "AWT-XAWT" daemon [_thread_blocked, id=4637, stack(0x00007ffd58aa8000,0x00007ffd58ba9000)]
  0x00007ffd9827d000 JavaThread "Java2D Disposer" daemon [_thread_blocked, id=4636, stack(0x00007ffd58ba9000,0x00007ffd58caa000)]
  0x00007ffd980a7000 JavaThread "Service Thread" daemon [_thread_blocked, id=4634, stack(0x00007ffd850bd000,0x00007ffd851be000)]
  0x00007ffd980a5000 JavaThread "C2 CompilerThread1" daemon [_thread_blocked, id=4633, stack(0x00007ffd851be000,0x00007ffd852bf000)]
  0x00007ffd980a2000 JavaThread "C2 CompilerThread0" daemon [_thread_blocked, id=4632, stack(0x00007ffd852bf000,0x00007ffd853c0000)]
  0x00007ffd9809f800 JavaThread "Signal Dispatcher" daemon [_thread_blocked, id=4630, stack(0x00007ffd853c0000,0x00007ffd854c1000)]
  0x00007ffd9807c800 JavaThread "Finalizer" daemon [_thread_blocked, id=4629, stack(0x00007ffd8564a000,0x00007ffd8574b000)]
  0x00007ffd9807a800 JavaThread "Reference Handler" daemon [_thread_blocked, id=4627, stack(0x00007ffd8574b000,0x00007ffd8584c000)]

Other Threads:
=>0x00007ffd98076800 VMThread [stack: 0x00007ffd8584c000,0x00007ffd8594d000] [id=4625]

VM state:at safepoint (shutting down)

VM Mutex/Monitor currently owned by a thread:  ([mutex/lock_event])
[0x00007ffd980077a0] Threads_lock - owner thread: 0x00007ffd98076800

Heap
 PSYoungGen      total 18432K, used 7037K [0x00000000eba80000, 0x00000000ecf00000, 0x0000000100000000)
  eden space 15872K, 28% used [0x00000000eba80000,0x00000000ebee2620,0x00000000eca00000)
  from space 2560K, 99% used [0x00000000ecc80000,0x00000000ecefd090,0x00000000ecf00000)
  to   space 2560K, 0% used [0x00000000eca00000,0x00000000eca00000,0x00000000ecc80000)
 ParOldGen       total 41472K, used 5340K [0x00000000c3000000, 0x00000000c5880000, 0x00000000eba80000)
  object space 41472K, 12% used [0x00000000c3000000,0x00000000c35373e0,0x00000000c5880000)
 PSPermGen       total 21504K, used 13318K [0x00000000b8a00000, 0x00000000b9f00000, 0x00000000c3000000)
  object space 21504K, 61% used [0x00000000b8a00000,0x00000000b9701968,0x00000000b9f00000)

Card table byte_map: [0x00007ffd9c800000,0x00007ffd9ca3c000] byte_map_base: 0x00007ffd9c23b000

Polling page: 0x00007ffd9fe9e000

Code Cache  [0x00007ffd95000000, 0x00007ffd95270000, 0x00007ffd98000000)
 total_blobs=745 nmethods=197 adapters=502 free_code_cache=48198Kb largest_free_block=49337280

Compilation events (10 events):
Event: 20.077 Thread 0x00007ffd980a2000  194             com.badlogic.gdx.graphics.g2d.SpriteBatch::setupMatrices (76 bytes)
Event: 20.077 Thread 0x00007ffd980a5000  195             com.badlogic.gdx.graphics.glutils.ShaderProgram::setUniformi (30 bytes)
Event: 20.085 Thread 0x00007ffd980a5000 nmethod 195 0x00007ffd950eea50 code [0x00007ffd950eec00, 0x00007ffd950eef70]
Event: 20.086 Thread 0x00007ffd980a5000  196             com.badlogic.gdx.backends.lwjgl.LwjglGL20::glUniform1i (6 bytes)
Event: 20.087 Thread 0x00007ffd980a2000 nmethod 194 0x00007ffd950effd0 code [0x00007ffd950f01c0, 0x00007ffd950f06b0]
Event: 20.087 Thread 0x00007ffd980a2000  197             org.lwjgl.opengl.GL20::glUniform1i (20 bytes)
Event: 20.088 Thread 0x00007ffd980a5000 nmethod 196 0x00007ffd950f1010 code [0x00007ffd950f1160, 0x00007ffd950f1268]
Event: 20.089 Thread 0x00007ffd980a2000 nmethod 197 0x00007ffd950efbd0 code [0x00007ffd950efd20, 0x00007ffd950efe28]
Event: 20.460 Thread 0x00007ffd980a5000  199             com.badlogic.gdx.graphics.g2d.SpriteBatch::draw (312 bytes)
Event: 20.469 Thread 0x00007ffd980a5000 nmethod 199 0x00007ffd950f1ed0 code [0x00007ffd950f20a0, 0x00007ffd950f2598]

GC Heap History (4 events):
Event: 1.694 GC heap before
{Heap before GC invocations=1 (full 0):
 PSYoungGen      total 18432K, used 15861K [0x00000000eba80000, 0x00000000ecf00000, 0x0000000100000000)
  eden space 15872K, 99% used [0x00000000eba80000,0x00000000ec9fd490,0x00000000eca00000)
  from space 2560K, 0% used [0x00000000ecc80000,0x00000000ecc80000,0x00000000ecf00000)
  to   space 2560K, 0% used [0x00000000eca00000,0x00000000eca00000,0x00000000ecc80000)
 ParOldGen       total 41472K, used 0K [0x00000000c3000000, 0x00000000c5880000, 0x00000000eba80000)
  object space 41472K, 0% used [0x00000000c3000000,0x00000000c3000000,0x00000000c5880000)
 PSPermGen       total 21504K, used 9244K [0x00000000b8a00000, 0x00000000b9f00000, 0x00000000c3000000)
  object space 21504K, 42% used [0x00000000b8a00000,0x00000000b9307058,0x00000000b9f00000)
Event: 1.704 GC heap after
Heap after GC invocations=1 (full 0):
 PSYoungGen      total 18432K, used 2554K [0x00000000eba80000, 0x00000000ecf00000, 0x0000000100000000)
  eden space 15872K, 0% used [0x00000000eba80000,0x00000000eba80000,0x00000000eca00000)
  from space 2560K, 99% used [0x00000000eca00000,0x00000000ecc7eb40,0x00000000ecc80000)
  to   space 2560K, 0% used [0x00000000ecc80000,0x00000000ecc80000,0x00000000ecf00000)
 ParOldGen       total 41472K, used 2422K [0x00000000c3000000, 0x00000000c5880000, 0x00000000eba80000)
  object space 41472K, 5% used [0x00000000c3000000,0x00000000c325d948,0x00000000c5880000)
 PSPermGen       total 21504K, used 9244K [0x00000000b8a00000, 0x00000000b9f00000, 0x00000000c3000000)
  object space 21504K, 42% used [0x00000000b8a00000,0x00000000b9307058,0x00000000b9f00000)
}
Event: 14.341 GC heap before
{Heap before GC invocations=2 (full 0):
 PSYoungGen      total 18432K, used 18426K [0x00000000eba80000, 0x00000000ecf00000, 0x0000000100000000)
  eden space 15872K, 100% used [0x00000000eba80000,0x00000000eca00000,0x00000000eca00000)
  from space 2560K, 99% used [0x00000000eca00000,0x00000000ecc7eb40,0x00000000ecc80000)
  to   space 2560K, 0% used [0x00000000ecc80000,0x00000000ecc80000,0x00000000ecf00000)
 ParOldGen       total 41472K, used 2422K [0x00000000c3000000, 0x00000000c5880000, 0x00000000eba80000)
  object space 41472K, 5% used [0x00000000c3000000,0x00000000c325d948,0x00000000c5880000)
 PSPermGen       total 21504K, used 12803K [0x00000000b8a00000, 0x00000000b9f00000, 0x00000000c3000000)
  object space 21504K, 59% used [0x00000000b8a00000,0x00000000b9680dc0,0x00000000b9f00000)
Event: 14.350 GC heap after
Heap after GC invocations=2 (full 0):
 PSYoungGen      total 18432K, used 2548K [0x00000000eba80000, 0x00000000ecf00000, 0x0000000100000000)
  eden space 15872K, 0% used [0x00000000eba80000,0x00000000eba80000,0x00000000eca00000)
  from space 2560K, 99% used [0x00000000ecc80000,0x00000000ecefd090,0x00000000ecf00000)
  to   space 2560K, 0% used [0x00000000eca00000,0x00000000eca00000,0x00000000ecc80000)
 ParOldGen       total 41472K, used 5340K [0x00000000c3000000, 0x00000000c5880000, 0x00000000eba80000)
  object space 41472K, 12% used [0x00000000c3000000,0x00000000c35373e0,0x00000000c5880000)
 PSPermGen       total 21504K, used 12803K [0x00000000b8a00000, 0x00000000b9f00000, 0x00000000c3000000)
  object space 21504K, 59% used [0x00000000b8a00000,0x00000000b9680dc0,0x00000000b9f00000)
}

Deoptimization events (9 events):
Event: 0.225 Thread 0x00007ffd9800b000 Uncommon trap: reason=class_check action=maybe_recompile pc=0x00007ffd95064cc0 method=java.util.Properties$LineReader.readLine()I @ 62
Event: 5.007 Thread 0x00007ffd1e7e2000 Uncommon trap: reason=unreached action=reinterpret pc=0x00007ffd950a74f4 method=java.lang.Integer.parseInt(Ljava/lang/String;I)I @ 1
Event: 11.417 Thread 0x00007ffd9833f800 Uncommon trap: reason=class_check action=maybe_recompile pc=0x00007ffd950d94a8 method=com.badlogic.gdx.scenes.scene2d.ui.Table.drawBackground(Lcom/badlogic/gdx/graphics/g2d/Batch;FFF)V @ 58
Event: 11.422 Thread 0x00007ffd9833f800 Uncommon trap: reason=class_check action=maybe_recompile pc=0x00007ffd950d94a8 method=com.badlogic.gdx.scenes.scene2d.ui.Table.drawBackground(Lcom/badlogic/gdx/graphics/g2d/Batch;FFF)V @ 58
Event: 11.463 Thread 0x00007ffd9833f800 Uncommon trap: reason=class_check action=maybe_recompile pc=0x00007ffd950d94a8 method=com.badlogic.gdx.scenes.scene2d.ui.Table.drawBackground(Lcom/badlogic/gdx/graphics/g2d/Batch;FFF)V @ 58
Event: 11.464 Thread 0x00007ffd9833f800 Uncommon trap: reason=class_check action=maybe_recompile pc=0x00007ffd950d94a8 method=com.badlogic.gdx.scenes.scene2d.ui.Table.drawBackground(Lcom/badlogic/gdx/graphics/g2d/Batch;FFF)V @ 58
Event: 14.280 Thread 0x00007ffd1e7e2000 Uncommon trap: reason=class_check action=maybe_recompile pc=0x00007ffd95064cc0 method=java.util.Properties$LineReader.readLine()I @ 62
Event: 14.280 Thread 0x00007ffd1e7e2000 Uncommon trap: reason=class_check action=maybe_recompile pc=0x00007ffd95064cc0 method=java.util.Properties$LineReader.readLine()I @ 62
Event: 14.284 Thread 0x00007ffd1e7e2000 Uncommon trap: reason=class_check action=maybe_recompile pc=0x00007ffd95064cc0 method=java.util.Properties$LineReader.readLine()I @ 62

Internal exceptions (10 events):
Event: 17.827 Thread 0x00007ffd9833f800 Threw 0x00000000ebda1440 at /build/openjdk-7-kBcQ8a/openjdk-7-7u55-2.4.7/build/openjdk/hotspot/src/share/vm/prims/jvm.cpp:1244
Event: 17.828 Thread 0x00007ffd9833f800 Threw 0x00000000ebda5838 at /build/openjdk-7-kBcQ8a/openjdk-7-7u55-2.4.7/build/openjdk/hotspot/src/share/vm/prims/jvm.cpp:1244
Event: 17.829 Thread 0x00007ffd9833f800 Threw 0x00000000ebdad0d0 at /build/openjdk-7-kBcQ8a/openjdk-7-7u55-2.4.7/build/openjdk/hotspot/src/share/vm/prims/jvm.cpp:1244
Event: 17.832 Thread 0x00007ffd9833f800 Threw 0x00000000ebdb4268 at /build/openjdk-7-kBcQ8a/openjdk-7-7u55-2.4.7/build/openjdk/hotspot/src/share/vm/interpreter/interpreterRuntime.cpp:347
Event: 17.833 Thread 0x00007ffd9833f800 Threw 0x00000000ebdb5630 at /build/openjdk-7-kBcQ8a/openjdk-7-7u55-2.4.7/build/openjdk/hotspot/src/share/vm/prims/jvm.cpp:1244
Event: 17.842 Thread 0x00007ffd9833f800 Threw 0x00000000ebde1378 at /build/openjdk-7-kBcQ8a/openjdk-7-7u55-2.4.7/build/openjdk/hotspot/src/share/vm/prims/jvm.cpp:1244
Event: 17.844 Thread 0x00007ffd9833f800 Threw 0x00000000ebde89a8 at /build/openjdk-7-kBcQ8a/openjdk-7-7u55-2.4.7/build/openjdk/hotspot/src/share/vm/prims/jvm.cpp:1244
Event: 20.710 Thread 0x00007ffd9833f800 Threw 0x00000000ebe90f48 at /build/openjdk-7-kBcQ8a/openjdk-7-7u55-2.4.7/build/openjdk/hotspot/src/share/vm/prims/jvm.cpp:1244
Event: 20.722 Thread 0x00007ffd9833f800 Threw 0x00000000ebe95410 at /build/openjdk-7-kBcQ8a/openjdk-7-7u55-2.4.7/build/openjdk/hotspot/src/share/vm/prims/jvm.cpp:1244
Event: 20.727 Thread 0x00007ffd9833f800 Threw 0x00000000ebe9a7b0 at /build/openjdk-7-kBcQ8a/openjdk-7-7u55-2.4.7/build/openjdk/hotspot/src/share/vm/prims/jvm.cpp:1244

Events (10 events):
Event: 20.889 loading class 0x00007ffd681164b0 done
Event: 20.889 Thread 0x00007ffd143e7000 Thread added: 0x00007ffd143e7000
Event: 20.889 loading class 0x00007ffd98228780
Event: 20.889 loading class 0x00007ffd685a9e20
Event: 20.889 loading class 0x00007ffd685a9e20 done
Event: 20.889 loading class 0x00007ffd685a9e50
Event: 20.889 loading class 0x00007ffd685a9e50 done
Event: 20.890 loading class 0x00007ffd98228780 done
Event: 20.897 Thread 0x00007ffd143e7000 Thread exited: 0x00007ffd143e7000
Event: 20.898 Executing VM operation: Exit


Dynamic libraries:
00400000-00401000 r-xp 00000000 08:03 3934148                            /usr/lib/jvm/java-7-openjdk-amd64/jre/bin/java
00600000-00601000 r--p 00000000 08:03 3934148                            /usr/lib/jvm/java-7-openjdk-amd64/jre/bin/java
00601000-00602000 rw-p 00001000 08:03 3934148                            /usr/lib/jvm/java-7-openjdk-amd64/jre/bin/java
01dd4000-01df5000 rw-p 00000000 00:00 0                                  [heap]
b8a00000-b9f00000 rw-p 00000000 00:00 0 
b9f00000-c3000000 rw-p 00000000 00:00 0 
c3000000-c5880000 rw-p 00000000 00:00 0 
c5880000-eba80000 rw-p 00000000 00:00 0 
eba80000-ecf00000 rw-p 00000000 00:00 0 
ecf00000-100000000 rw-p 00000000 00:00 0 
7ffd0c000000-7ffd0c021000 rw-p 00000000 00:00 0 
7ffd0c021000-7ffd10000000 ---p 00000000 00:00 0 
7ffd14000000-7ffd14ad1000 rw-p 00000000 00:00 0 
7ffd14ad1000-7ffd18000000 ---p 00000000 00:00 0 
7ffd18000000-7ffd18021000 rw-p 00000000 00:00 0 
7ffd18021000-7ffd1c000000 ---p 00000000 00:00 0 
7ffd1c000000-7ffd1ffac000 rw-p 00000000 00:00 0 
7ffd1ffac000-7ffd20000000 ---p 00000000 00:00 0 
7ffd20000000-7ffd20084000 rw-p 00000000 00:00 0 
7ffd20084000-7ffd24000000 ---p 00000000 00:00 0 
7ffd24000000-7ffd240ae000 rw-p 00000000 00:00 0 
7ffd240ae000-7ffd28000000 ---p 00000000 00:00 0 
7ffd28000000-7ffd28671000 rw-p 00000000 00:00 0 
7ffd28671000-7ffd2c000000 ---p 00000000 00:00 0 
7ffd2c000000-7ffd2c021000 rw-p 00000000 00:00 0 
7ffd2c021000-7ffd30000000 ---p 00000000 00:00 0 
7ffd30000000-7ffd300b4000 rw-p 00000000 00:00 0 
7ffd300b4000-7ffd34000000 ---p 00000000 00:00 0 
7ffd34000000-7ffd37f87000 rw-p 00000000 00:00 0 
7ffd37f87000-7ffd38000000 ---p 00000000 00:00 0 
7ffd38000000-7ffd38021000 rw-p 00000000 00:00 0 
7ffd38021000-7ffd3c000000 ---p 00000000 00:00 0 
7ffd3feff000-7ffd3ff02000 ---p 00000000 00:00 0 
7ffd3ff02000-7ffd40000000 rw-p 00000000 00:00 0 
7ffd40000000-7ffd40021000 rw-p 00000000 00:00 0 
7ffd40021000-7ffd44000000 ---p 00000000 00:00 0 
7ffd4417a000-7ffd4417d000 ---p 00000000 00:00 0 
7ffd4417d000-7ffd4427b000 rw-p 00000000 00:00 0 
7ffd4427b000-7ffd4427e000 ---p 00000000 00:00 0 
7ffd4427e000-7ffd4437c000 rw-p 00000000 00:00 0 
7ffd4497c000-7ffd44981000 r-xp 00000000 08:03 12192225                   /lib/x86_64-linux-gnu/libnss_dns-2.19.so
7ffd44981000-7ffd44b80000 ---p 00005000 08:03 12192225                   /lib/x86_64-linux-gnu/libnss_dns-2.19.so
7ffd44b80000-7ffd44b81000 r--p 00004000 08:03 12192225                   /lib/x86_64-linux-gnu/libnss_dns-2.19.so
7ffd44b81000-7ffd44b82000 rw-p 00005000 08:03 12192225                   /lib/x86_64-linux-gnu/libnss_dns-2.19.so
7ffd44b82000-7ffd44b84000 r-xp 00000000 08:03 12058696                   /lib/libnss_mdns4_minimal.so.2
7ffd44b84000-7ffd44d83000 ---p 00002000 08:03 12058696                   /lib/libnss_mdns4_minimal.so.2
7ffd44d83000-7ffd44d84000 rw-p 00001000 08:03 12058696                   /lib/libnss_mdns4_minimal.so.2
7ffd44d84000-7ffd44d85000 ---p 00000000 00:00 0 
7ffd44d85000-7ffd45585000 rw-p 00000000 00:00 0 
7ffd45585000-7ffd45586000 ---p 00000000 00:00 0 
7ffd45586000-7ffd45d86000 rw-p 00000000 00:00 0 
7ffd45d86000-7ffd47c7e000 r-xp 00000000 08:03 4201338                    /usr/lib/x86_64-linux-gnu/dri/fglrx_dri.so
7ffd47c7e000-7ffd47d7d000 ---p 01ef8000 08:03 4201338                    /usr/lib/x86_64-linux-gnu/dri/fglrx_dri.so
7ffd47d7d000-7ffd47edb000 rwxp 01ef7000 08:03 4201338                    /usr/lib/x86_64-linux-gnu/dri/fglrx_dri.so
7ffd47edb000-7ffd47fff000 rwxp 00000000 00:00 0 
7ffd4c000000-7ffd4c021000 rw-p 00000000 00:00 0 
7ffd4c021000-7ffd50000000 ---p 00000000 00:00 0 
7ffd5000f000-7ffd50026000 r-xp 00000000 08:03 3934214                    /usr/lib/jvm/java-7-openjdk-amd64/jre/lib/amd64/libnet.so
7ffd50026000-7ffd50225000 ---p 00017000 08:03 3934214                    /usr/lib/jvm/java-7-openjdk-amd64/jre/lib/amd64/libnet.so
7ffd50225000-7ffd50226000 r--p 00016000 08:03 3934214                    /usr/lib/jvm/java-7-openjdk-amd64/jre/lib/amd64/libnet.so
7ffd50226000-7ffd50227000 rw-p 00017000 08:03 3934214                    /usr/lib/jvm/java-7-openjdk-amd64/jre/lib/amd64/libnet.so
7ffd50227000-7ffd5022a000 ---p 00000000 00:00 0 
7ffd5022a000-7ffd50328000 rw-p 00000000 00:00 0 
7ffd50628000-7ffd5062b000 ---p 00000000 00:00 0 
7ffd5062b000-7ffd50729000 rw-p 00000000 00:00 0 
7ffd507ea000-7ffd50eea000 rw-s 00006000 00:05 7289                       /dev/ati/card0
7ffd50eea000-7ffd50f27000 r-xp 00000000 08:03 4201336                    /usr/lib/x86_64-linux-gnu/libatiadlxx.so
7ffd50f27000-7ffd51026000 ---p 0003d000 08:03 4201336                    /usr/lib/x86_64-linux-gnu/libatiadlxx.so
7ffd51026000-7ffd51030000 rw-p 0003c000 08:03 4201336                    /usr/lib/x86_64-linux-gnu/libatiadlxx.so
7ffd51030000-7ffd51040000 rw-p 00000000 00:00 0 
7ffd51040000-7ffd51047000 r-xp 00000000 08:03 4201328                    /usr/lib/x86_64-linux-gnu/libatiuki.so.1.0
7ffd51047000-7ffd51147000 ---p 00007000 08:03 4201328                    /usr/lib/x86_64-linux-gnu/libatiuki.so.1.0
7ffd51147000-7ffd51148000 rw-p 00007000 08:03 4201328                    /usr/lib/x86_64-linux-gnu/libatiuki.so.1.0
7ffd51148000-7ffd51149000 rw-p 00000000 00:00 0 
7ffd51149000-7ffd5120c000 r-xp 00000000 08:03 4201341                    /usr/lib/x86_64-linux-gnu/fglrx/fglrx-libGL.so.1.2
7ffd5120c000-7ffd5130b000 ---p 000c3000 08:03 4201341                    /usr/lib/x86_64-linux-gnu/fglrx/fglrx-libGL.so.1.2
7ffd5130b000-7ffd51332000 rwxp 000c2000 08:03 4201341                    /usr/lib/x86_64-linux-gnu/fglrx/fglrx-libGL.so.1.2
7ffd51332000-7ffd51352000 rwxp 00000000 00:00 0 
7ffd51352000-7ffd51353000 ---p 00000000 00:00 0 
7ffd51353000-7ffd51b53000 rw-p 00000000 00:00 0 
7ffd51b53000-7ffd51b59000 r-xp 00000000 08:03 4200289                    /usr/lib/x86_64-linux-gnu/libogg.so.0.8.0
7ffd51b59000-7ffd51d58000 ---p 00006000 08:03 4200289                    /usr/lib/x86_64-linux-gnu/libogg.so.0.8.0
7ffd51d58000-7ffd51d59000 rw-p 00005000 08:03 4200289                    /usr/lib/x86_64-linux-gnu/libogg.so.0.8.0
7ffd51d59000-7ffd51d85000 r-xp 00000000 08:03 4200496                    /usr/lib/x86_64-linux-gnu/libvorbis.so.0.4.5
7ffd51d85000-7ffd51f84000 ---p 0002c000 08:03 4200496                    /usr/lib/x86_64-linux-gnu/libvorbis.so.0.4.5
7ffd51f84000-7ffd51f85000 r--p 0002b000 08:03 4200496                    /usr/lib/x86_64-linux-gnu/libvorbis.so.0.4.5
7ffd51f85000-7ffd51f86000 rw-p 0002c000 08:03 4200496                    /usr/lib/x86_64-linux-gnu/libvorbis.so.0.4.5
7ffd51f86000-7ffd52239000 r-xp 00000000 08:03 4200498                    /usr/lib/x86_64-linux-gnu/libvorbisenc.so.2.0.8
7ffd52239000-7ffd52438000 ---p 002b3000 08:03 4200498                    /usr/lib/x86_64-linux-gnu/libvorbisenc.so.2.0.8
7ffd52438000-7ffd52454000 r--p 002b2000 08:03 4200498                    /usr/lib/x86_64-linux-gnu/libvorbisenc.so.2.0.8
7ffd52454000-7ffd52455000 rw-p 002ce000 08:03 4200498                    /usr/lib/x86_64-linux-gnu/libvorbisenc.so.2.0.8
7ffd52455000-7ffd524a0000 r-xp 00000000 08:03 4199700                    /usr/lib/x86_64-linux-gnu/libFLAC.so.8.2.0
7ffd524a0000-7ffd5269f000 ---p 0004b000 08:03 4199700                    /usr/lib/x86_64-linux-gnu/libFLAC.so.8.2.0
7ffd5269f000-7ffd526a0000 r--p 0004a000 08:03 4199700                    /usr/lib/x86_64-linux-gnu/libFLAC.so.8.2.0
7ffd526a0000-7ffd526a1000 rw-p 0004b000 08:03 4199700                    /usr/lib/x86_64-linux-gnu/libFLAC.so.8.2.0
7ffd526a1000-7ffd526a5000 r-xp 00000000 08:03 12190707                   /lib/x86_64-linux-gnu/libuuid.so.1.3.0
7ffd526a5000-7ffd528a4000 ---p 00004000 08:03 12190707                   /lib/x86_64-linux-gnu/libuuid.so.1.3.0
7ffd528a4000-7ffd528a5000 r--p 00003000 08:03 12190707                   /lib/x86_64-linux-gnu/libuuid.so.1.3.0
7ffd528a5000-7ffd528a6000 rw-p 00004000 08:03 12190707                   /lib/x86_64-linux-gnu/libuuid.so.1.3.0
7ffd528a6000-7ffd528aa000 r-xp 00000000 08:03 12190559                   /lib/x86_64-linux-gnu/libattr.so.1.1.0
7ffd528aa000-7ffd52aa9000 ---p 00004000 08:03 12190559                   /lib/x86_64-linux-gnu/libattr.so.1.1.0
7ffd52aa9000-7ffd52aaa000 r--p 00003000 08:03 12190559                   /lib/x86_64-linux-gnu/libattr.so.1.1.0
7ffd52aaa000-7ffd52aab000 rw-p 00004000 08:03 12190559                   /lib/x86_64-linux-gnu/libattr.so.1.1.0
7ffd52aab000-7ffd52ab0000 r-xp 00000000 08:03 4199797                    /usr/lib/x86_64-linux-gnu/libasyncns.so.0.3.1
7ffd52ab0000-7ffd52caf000 ---p 00005000 08:03 4199797                    /usr/lib/x86_64-linux-gnu/libasyncns.so.0.3.1
7ffd52caf000-7ffd52cb0000 rw-p 00004000 08:03 4199797                    /usr/lib/x86_64-linux-gnu/libasyncns.so.0.3.1
7ffd52cb0000-7ffd52d11000 r-xp 00000000 08:03 4200411                    /usr/lib/x86_64-linux-gnu/libsndfile.so.1.0.25
7ffd52d11000-7ffd52f10000 ---p 00061000 08:03 4200411                    /usr/lib/x86_64-linux-gnu/libsndfile.so.1.0.25
7ffd52f10000-7ffd52f12000 r--p 00060000 08:03 4200411                    /usr/lib/x86_64-linux-gnu/libsndfile.so.1.0.25
7ffd52f12000-7ffd52f13000 rw-p 00062000 08:03 4200411                    /usr/lib/x86_64-linux-gnu/libsndfile.so.1.0.25
7ffd52f13000-7ffd52f17000 rw-p 00000000 00:00 0 
7ffd52f17000-7ffd52f20000 r-xp 00000000 08:03 12190709                   /lib/x86_64-linux-gnu/libwrap.so.0.7.6
7ffd52f20000-7ffd5311f000 ---p 00009000 08:03 12190709                   /lib/x86_64-linux-gnu/libwrap.so.0.7.6
7ffd5311f000-7ffd53120000 r--p 00008000 08:03 12190709                   /lib/x86_64-linux-gnu/libwrap.so.0.7.6
7ffd53120000-7ffd53121000 rw-p 00009000 08:03 12190709                   /lib/x86_64-linux-gnu/libwrap.so.0.7.6
7ffd53121000-7ffd53122000 rw-p 00000000 00:00 0 
7ffd53122000-7ffd53129000 r-xp 00000000 08:03 4199720                    /usr/lib/x86_64-linux-gnu/libSM.so.6.0.1
7ffd53129000-7ffd53328000 ---p 00007000 08:03 4199720                    /usr/lib/x86_64-linux-gnu/libSM.so.6.0.1
7ffd53328000-7ffd53329000 rw-p 00006000 08:03 4199720                    /usr/lib/x86_64-linux-gnu/libSM.so.6.0.1
7ffd53329000-7ffd53340000 r-xp 00000000 08:03 4199710                    /usr/lib/x86_64-linux-gnu/libICE.so.6.3.0
7ffd53340000-7ffd5353f000 ---p 00017000 08:03 4199710                    /usr/lib/x86_64-linux-gnu/libICE.so.6.3.0
7ffd5353f000-7ffd53541000 rw-p 00016000 08:03 4199710                    /usr/lib/x86_64-linux-gnu/libICE.so.6.3.0
7ffd53541000-7ffd53544000 rw-p 00000000 00:00 0 
7ffd53544000-7ffd53545000 r-xp 00000000 08:03 4199726                    /usr/lib/x86_64-linux-gnu/libX11-xcb.so.1.0.0
7ffd53545000-7ffd53744000 ---p 00001000 08:03 4199726                    /usr/lib/x86_64-linux-gnu/libX11-xcb.so.1.0.0
7ffd53744000-7ffd53745000 rw-p 00000000 08:03 4199726                    /usr/lib/x86_64-linux-gnu/libX11-xcb.so.1.0.0
7ffd53745000-7ffd53749000 r-xp 00000000 08:03 12190572                   /lib/x86_64-linux-gnu/libcap.so.2.22
7ffd53749000-7ffd53948000 ---p 00004000 08:03 12190572                   /lib/x86_64-linux-gnu/libcap.so.2.22
7ffd53948000-7ffd53949000 rw-p 00003000 08:03 12190572                   /lib/x86_64-linux-gnu/libcap.so.2.22
7ffd53949000-7ffd539aa000 r-xp 00000000 08:03 4325923                    /usr/lib/x86_64-linux-gnu/pulseaudio/libpulsecommon-2.0.so
7ffd539aa000-7ffd53ba9000 ---p 00061000 08:03 4325923                    /usr/lib/x86_64-linux-gnu/pulseaudio/libpulsecommon-2.0.so
7ffd53ba9000-7ffd53baa000 r--p 00060000 08:03 4325923                    /usr/lib/x86_64-linux-gnu/pulseaudio/libpulsecommon-2.0.so
7ffd53baa000-7ffd53bac000 rw-p 00061000 08:03 4325923                    /usr/lib/x86_64-linux-gnu/pulseaudio/libpulsecommon-2.0.so
7ffd53bac000-7ffd53bb5000 r-xp 00000000 08:03 12190608                   /lib/x86_64-linux-gnu/libjson.so.0.1.0
7ffd53bb5000-7ffd53db4000 ---p 00009000 08:03 12190608                   /lib/x86_64-linux-gnu/libjson.so.0.1.0
7ffd53db4000-7ffd53db5000 r--p 00008000 08:03 12190608                   /lib/x86_64-linux-gnu/libjson.so.0.1.0
7ffd53db5000-7ffd53db6000 rw-p 00009000 08:03 12190608                   /lib/x86_64-linux-gnu/libjson.so.0.1.0
7ffd53db6000-7ffd53dff000 r-xp 00000000 08:03 4200364                    /usr/lib/x86_64-linux-gnu/libpulse.so.0.14.2
7ffd53dff000-7ffd53ffe000 ---p 00049000 08:03 4200364                    /usr/lib/x86_64-linux-gnu/libpulse.so.0.14.2
7ffd53ffe000-7ffd53fff000 r--p 00048000 08:03 4200364                    /usr/lib/x86_64-linux-gnu/libpulse.so.0.14.2
7ffd53fff000-7ffd54000000 rw-p 00049000 08:03 4200364                    /usr/lib/x86_64-linux-gnu/libpulse.so.0.14.2
7ffd54000000-7ffd54021000 rw-p 00000000 00:00 0 
7ffd54021000-7ffd58000000 ---p 00000000 00:00 0 
7ffd58090000-7ffd580d8000 rw-p 00000000 00:00 0 
7ffd580d8000-7ffd580db000 ---p 00000000 00:00 0 
7ffd580db000-7ffd581d9000 rw-p 00000000 00:00 0 
7ffd58432000-7ffd58436000 r-xp 00000000 08:03 4199775                    /usr/lib/x86_64-linux-gnu/libXxf86vm.so.1.0.0
7ffd58436000-7ffd58636000 ---p 00004000 08:03 4199775                    /usr/lib/x86_64-linux-gnu/libXxf86vm.so.1.0.0
7ffd58636000-7ffd58637000 r--p 00004000 08:03 4199775                    /usr/lib/x86_64-linux-gnu/libXxf86vm.so.1.0.0
7ffd58637000-7ffd58638000 rw-p 00005000 08:03 4199775                    /usr/lib/x86_64-linux-gnu/libXxf86vm.so.1.0.0
7ffd58638000-7ffd586a4000 r-xp 00000000 08:01 301131                     /media/winDisk/Users/ChobeDucket/Documents/sheep/android/assets/.temp/7b43be9b/liblwjgl64.so
7ffd586a4000-7ffd588a3000 ---p 0006c000 08:01 301131                     /media/winDisk/Users/ChobeDucket/Documents/sheep/android/assets/.temp/7b43be9b/liblwjgl64.so
7ffd588a3000-7ffd588a5000 r--p 0006b000 08:01 301131                     /media/winDisk/Users/ChobeDucket/Documents/sheep/android/assets/.temp/7b43be9b/liblwjgl64.so
7ffd588a5000-7ffd588a6000 rw-p 0006d000 08:01 301131                     /media/winDisk/Users/ChobeDucket/Documents/sheep/android/assets/.temp/7b43be9b/liblwjgl64.so
7ffd588a6000-7ffd588a7000 r-xp 00000000 08:03 3934229                    /usr/lib/jvm/java-7-openjdk-amd64/jre/lib/amd64/libjawt.so
7ffd588a7000-7ffd58aa6000 ---p 00001000 08:03 3934229                    /usr/lib/jvm/java-7-openjdk-amd64/jre/lib/amd64/libjawt.so
7ffd58aa6000-7ffd58aa7000 r--p 00000000 08:03 3934229                    /usr/lib/jvm/java-7-openjdk-amd64/jre/lib/amd64/libjawt.so
7ffd58aa7000-7ffd58aa8000 rw-p 00001000 08:03 3934229                    /usr/lib/jvm/java-7-openjdk-amd64/jre/lib/amd64/libjawt.so
7ffd58aa8000-7ffd58aab000 ---p 00000000 00:00 0 
7ffd58aab000-7ffd58ba9000 rw-p 00000000 00:00 0 
7ffd58ba9000-7ffd58bac000 ---p 00000000 00:00 0 
7ffd58bac000-7ffd58caa000 rw-p 00000000 00:00 0 
7ffd58caa000-7ffd58cad000 r-xp 00000000 08:03 12190599                   /lib/x86_64-linux-gnu/libgpg-error.so.0.8.0
7ffd58cad000-7ffd58eac000 ---p 00003000 08:03 12190599                   /lib/x86_64-linux-gnu/libgpg-error.so.0.8.0
7ffd58eac000-7ffd58ead000 rw-p 00002000 08:03 12190599                   /lib/x86_64-linux-gnu/libgpg-error.so.0.8.0
7ffd58ead000-7ffd58ef1000 r-xp 00000000 08:03 12190580                   /lib/x86_64-linux-gnu/libdbus-1.so.3.7.2
7ffd58ef1000-7ffd590f1000 ---p 00044000 08:03 12190580                   /lib/x86_64-linux-gnu/libdbus-1.so.3.7.2
7ffd590f1000-7ffd590f2000 r--p 00044000 08:03 12190580                   /lib/x86_64-linux-gnu/libdbus-1.so.3.7.2
7ffd590f2000-7ffd590f3000 rw-p 00045000 08:03 12190580                   /lib/x86_64-linux-gnu/libdbus-1.so.3.7.2
7ffd590f3000-7ffd59104000 r-xp 00000000 08:03 4200305                    /usr/lib/x86_64-linux-gnu/libp11-kit.so.0.0.0
7ffd59104000-7ffd59303000 ---p 00011000 08:03 4200305                    /usr/lib/x86_64-linux-gnu/libp11-kit.so.0.0.0
7ffd59303000-7ffd59304000 r--p 00010000 08:03 4200305                    /usr/lib/x86_64-linux-gnu/libp11-kit.so.0.0.0
7ffd59304000-7ffd59305000 rw-p 00011000 08:03 4200305                    /usr/lib/x86_64-linux-gnu/libp11-kit.so.0.0.0
7ffd59305000-7ffd5937f000 r-xp 00000000 08:03 12190595                   /lib/x86_64-linux-gnu/libgcrypt.so.11.7.0
7ffd5937f000-7ffd5957f000 ---p 0007a000 08:03 12190595                   /lib/x86_64-linux-gnu/libgcrypt.so.11.7.0
7ffd5957f000-7ffd59580000 r--p 0007a000 08:03 12190595                   /lib/x86_64-linux-gnu/libgcrypt.so.11.7.0
7ffd59580000-7ffd59583000 rw-p 0007b000 08:03 12190595                   /lib/x86_64-linux-gnu/libgcrypt.so.11.7.0
7ffd59583000-7ffd59593000 r-xp 00000000 08:03 4200448                    /usr/lib/x86_64-linux-gnu/libtasn1.so.3.1.16
7ffd59593000-7ffd59792000 ---p 00010000 08:03 4200448                    /usr/lib/x86_64-linux-gnu/libtasn1.so.3.1.16
7ffd59792000-7ffd59793000 r--p 0000f000 08:03 4200448                    /usr/lib/x86_64-linux-gnu/libtasn1.so.3.1.16
7ffd59793000-7ffd59794000 rw-p 00010000 08:03 4200448                    /usr/lib/x86_64-linux-gnu/libtasn1.so.3.1.16
7ffd59794000-7ffd59797000 r-xp 00000000 08:03 12190610                   /lib/x86_64-linux-gnu/libkeyutils.so.1.4
7ffd59797000-7ffd59996000 ---p 00003000 08:03 12190610                   /lib/x86_64-linux-gnu/libkeyutils.so.1.4
7ffd59996000-7ffd59997000 r--p 00002000 08:03 12190610                   /lib/x86_64-linux-gnu/libkeyutils.so.1.4
7ffd59997000-7ffd59998000 rw-p 00003000 08:03 12190610                   /lib/x86_64-linux-gnu/libkeyutils.so.1.4
7ffd59998000-7ffd599a0000 r-xp 00000000 08:03 4200208                    /usr/lib/x86_64-linux-gnu/libkrb5support.so.0.1
7ffd599a0000-7ffd59b9f000 ---p 00008000 08:03 4200208                    /usr/lib/x86_64-linux-gnu/libkrb5support.so.0.1
7ffd59b9f000-7ffd59ba0000 r--p 00007000 08:03 4200208                    /usr/lib/x86_64-linux-gnu/libkrb5support.so.0.1
7ffd59ba0000-7ffd59ba1000 rw-p 00008000 08:03 4200208                    /usr/lib/x86_64-linux-gnu/libkrb5support.so.0.1
7ffd59ba1000-7ffd59ba4000 r-xp 00000000 08:03 12190576                   /lib/x86_64-linux-gnu/libcom_err.so.2.1
7ffd59ba4000-7ffd59da3000 ---p 00003000 08:03 12190576                   /lib/x86_64-linux-gnu/libcom_err.so.2.1
7ffd59da3000-7ffd59da4000 r--p 00002000 08:03 12190576                   /lib/x86_64-linux-gnu/libcom_err.so.2.1
7ffd59da4000-7ffd59da5000 rw-p 00003000 08:03 12190576                   /lib/x86_64-linux-gnu/libcom_err.so.2.1
7ffd59da5000-7ffd59dcb000 r-xp 00000000 08:03 4200198                    /usr/lib/x86_64-linux-gnu/libk5crypto.so.3.1
7ffd59dcb000-7ffd59fcb000 ---p 00026000 08:03 4200198                    /usr/lib/x86_64-linux-gnu/libk5crypto.so.3.1
7ffd59fcb000-7ffd59fcc000 r--p 00026000 08:03 4200198                    /usr/lib/x86_64-linux-gnu/libk5crypto.so.3.1
7ffd59fcc000-7ffd59fcd000 rw-p 00027000 08:03 4200198                    /usr/lib/x86_64-linux-gnu/libk5crypto.so.3.1
7ffd59fcd000-7ffd59fce000 rw-p 00000000 00:00 0 
7ffd59fce000-7ffd5a097000 r-xp 00000000 08:03 4200206                    /usr/lib/x86_64-linux-gnu/libkrb5.so.3.3
7ffd5a097000-7ffd5a296000 ---p 000c9000 08:03 4200206                    /usr/lib/x86_64-linux-gnu/libkrb5.so.3.3
7ffd5a296000-7ffd5a2a0000 r--p 000c8000 08:03 4200206                    /usr/lib/x86_64-linux-gnu/libkrb5.so.3.3
7ffd5a2a0000-7ffd5a2a2000 rw-p 000d2000 08:03 4200206                    /usr/lib/x86_64-linux-gnu/libkrb5.so.3.3
7ffd5a2a2000-7ffd5a2a7000 r-xp 00000000 08:03 4199743                    /usr/lib/x86_64-linux-gnu/libXdmcp.so.6.0.0
7ffd5a2a7000-7ffd5a4a6000 ---p 00005000 08:03 4199743                    /usr/lib/x86_64-linux-gnu/libXdmcp.so.6.0.0
7ffd5a4a6000-7ffd5a4a7000 rw-p 00004000 08:03 4199743                    /usr/lib/x86_64-linux-gnu/libXdmcp.so.6.0.0
7ffd5a4a7000-7ffd5a4a9000 r-xp 00000000 08:03 4199732                    /usr/lib/x86_64-linux-gnu/libXau.so.6.0.0
7ffd5a4a9000-7ffd5a6a9000 ---p 00002000 08:03 4199732                    /usr/lib/x86_64-linux-gnu/libXau.so.6.0.0
7ffd5a6a9000-7ffd5a6aa000 rw-p 00002000 08:03 4199732                    /usr/lib/x86_64-linux-gnu/libXau.so.6.0.0
7ffd5a6aa000-7ffd5a6ba000 r-xp 00000000 08:03 4199807                    /usr/lib/x86_64-linux-gnu/libavahi-client.so.3.2.9
7ffd5a6ba000-7ffd5a8b9000 ---p 00010000 08:03 4199807                    /usr/lib/x86_64-linux-gnu/libavahi-client.so.3.2.9
7ffd5a8b9000-7ffd5a8ba000 r--p 0000f000 08:03 4199807                    /usr/lib/x86_64-linux-gnu/libavahi-client.so.3.2.9
7ffd5a8ba000-7ffd5a8bb000 rw-p 00010000 08:03 4199807                    /usr/lib/x86_64-linux-gnu/libavahi-client.so.3.2.9
7ffd5a8bb000-7ffd5a8c7000 r-xp 00000000 08:03 4199809                    /usr/lib/x86_64-linux-gnu/libavahi-common.so.3.5.3
7ffd5a8c7000-7ffd5aac6000 ---p 0000c000 08:03 4199809                    /usr/lib/x86_64-linux-gnu/libavahi-common.so.3.5.3
7ffd5aac6000-7ffd5aac7000 r--p 0000b000 08:03 4199809                    /usr/lib/x86_64-linux-gnu/libavahi-common.so.3.5.3
7ffd5aac7000-7ffd5aac8000 rw-p 0000c000 08:03 4199809                    /usr/lib/x86_64-linux-gnu/libavahi-common.so.3.5.3
7ffd5aac8000-7ffd5ab81000 r-xp 00000000 08:03 4200060                    /usr/lib/x86_64-linux-gnu/libgnutls.so.26.22.4
7ffd5ab81000-7ffd5ad80000 ---p 000b9000 08:03 4200060                    /usr/lib/x86_64-linux-gnu/libgnutls.so.26.22.4
7ffd5ad80000-7ffd5ad86000 r--p 000b8000 08:03 4200060                    /usr/lib/x86_64-linux-gnu/libgnutls.so.26.22.4
7ffd5ad86000-7ffd5ad88000 rw-p 000be000 08:03 4200060                    /usr/lib/x86_64-linux-gnu/libgnutls.so.26.22.4
7ffd5ad88000-7ffd5adc4000 r-xp 00000000 08:03 4200085                    /usr/lib/x86_64-linux-gnu/libgssapi_krb5.so.2.2
7ffd5adc4000-7ffd5afc4000 ---p 0003c000 08:03 4200085                    /usr/lib/x86_64-linux-gnu/libgssapi_krb5.so.2.2
7ffd5afc4000-7ffd5afc5000 r--p 0003c000 08:03 4200085                    /usr/lib/x86_64-linux-gnu/libgssapi_krb5.so.2.2
7ffd5afc5000-7ffd5afc7000 rw-p 0003d000 08:03 4200085                    /usr/lib/x86_64-linux-gnu/libgssapi_krb5.so.2.2
7ffd5afc7000-7ffd5b003000 r-xp 00000000 08:03 12190663                   /lib/x86_64-linux-gnu/libpcre.so.3.13.1
7ffd5b003000-7ffd5b203000 ---p 0003c000 08:03 12190663                   /lib/x86_64-linux-gnu/libpcre.so.3.13.1
7ffd5b203000-7ffd5b204000 rw-p 0003c000 08:03 12190663                   /lib/x86_64-linux-gnu/libpcre.so.3.13.1
7ffd5b204000-7ffd5b210000 r-xp 00000000 08:03 4199961                    /usr/lib/x86_64-linux-gnu/libffi.so.5.0.10
7ffd5b210000-7ffd5b410000 ---p 0000c000 08:03 4199961                    /usr/lib/x86_64-linux-gnu/libffi.so.5.0.10
7ffd5b410000-7ffd5b411000 rw-p 0000c000 08:03 4199961                    /usr/lib/x86_64-linux-gnu/libffi.so.5.0.10
7ffd5b411000-7ffd5b438000 r-xp 00000000 08:03 12190588                   /lib/x86_64-linux-gnu/libexpat.so.1.6.0
7ffd5b438000-7ffd5b638000 ---p 00027000 08:03 12190588                   /lib/x86_64-linux-gnu/libexpat.so.1.6.0
7ffd5b638000-7ffd5b63a000 r--p 00027000 08:03 12190588                   /lib/x86_64-linux-gnu/libexpat.so.1.6.0
7ffd5b63a000-7ffd5b63b000 rw-p 00029000 08:03 12190588                   /lib/x86_64-linux-gnu/libexpat.so.1.6.0
7ffd5b63b000-7ffd5b643000 r-xp 00000000 08:03 4200521                    /usr/lib/x86_64-linux-gnu/libxcb-render.so.0.0.0
7ffd5b643000-7ffd5b843000 ---p 00008000 08:03 4200521                    /usr/lib/x86_64-linux-gnu/libxcb-render.so.0.0.0
7ffd5b843000-7ffd5b844000 r--p 00008000 08:03 4200521                    /usr/lib/x86_64-linux-gnu/libxcb-render.so.0.0.0
7ffd5b844000-7ffd5b845000 rw-p 00009000 08:03 4200521                    /usr/lib/x86_64-linux-gnu/libxcb-render.so.0.0.0
7ffd5b845000-7ffd5b847000 r-xp 00000000 08:03 4200525                    /usr/lib/x86_64-linux-gnu/libxcb-shm.so.0.0.0
7ffd5b847000-7ffd5ba46000 ---p 00002000 08:03 4200525                    /usr/lib/x86_64-linux-gnu/libxcb-shm.so.0.0.0
7ffd5ba46000-7ffd5ba47000 r--p 00001000 08:03 4200525                    /usr/lib/x86_64-linux-gnu/libxcb-shm.so.0.0.0
7ffd5ba47000-7ffd5ba48000 rw-p 00002000 08:03 4200525                    /usr/lib/x86_64-linux-gnu/libxcb-shm.so.0.0.0
7ffd5ba48000-7ffd5bac8000 r-xp 00000000 08:03 4200335                    /usr/lib/x86_64-linux-gnu/libpixman-1.so.0.26.0
7ffd5bac8000-7ffd5bcc8000 ---p 00080000 08:03 4200335                    /usr/lib/x86_64-linux-gnu/libpixman-1.so.0.26.0
7ffd5bcc8000-7ffd5bcce000 rw-p 00080000 08:03 4200335                    /usr/lib/x86_64-linux-gnu/libpixman-1.so.0.26.0
7ffd5bcce000-7ffd5bcf4000 r-xp 00000000 08:03 12190665                   /lib/x86_64-linux-gnu/libpng12.so.0.49.0
7ffd5bcf4000-7ffd5bef3000 ---p 00026000 08:03 12190665                   /lib/x86_64-linux-gnu/libpng12.so.0.49.0
7ffd5bef3000-7ffd5bef4000 r--p 00025000 08:03 12190665                   /lib/x86_64-linux-gnu/libpng12.so.0.49.0
7ffd5bef4000-7ffd5bef5000 rw-p 00026000 08:03 12190665                   /lib/x86_64-linux-gnu/libpng12.so.0.49.0
7ffd5bef5000-7ffd5bf09000 r-xp 00000000 08:03 12192206                   /lib/x86_64-linux-gnu/libresolv-2.19.so
7ffd5bf09000-7ffd5c108000 ---p 00014000 08:03 12192206                   /lib/x86_64-linux-gnu/libresolv-2.19.so
7ffd5c108000-7ffd5c109000 r--p 00013000 08:03 12192206                   /lib/x86_64-linux-gnu/libresolv-2.19.so
7ffd5c109000-7ffd5c10a000 rw-p 00014000 08:03 12192206                   /lib/x86_64-linux-gnu/libresolv-2.19.so
7ffd5c10a000-7ffd5c10c000 rw-p 00000000 00:00 0 
7ffd5c10c000-7ffd5c12a000 r-xp 00000000 08:03 12190680                   /lib/x86_64-linux-gnu/libselinux.so.1
7ffd5c12a000-7ffd5c329000 ---p 0001e000 08:03 12190680                   /lib/x86_64-linux-gnu/libselinux.so.1
7ffd5c329000-7ffd5c32a000 r--p 0001d000 08:03 12190680                   /lib/x86_64-linux-gnu/libselinux.so.1
7ffd5c32a000-7ffd5c32b000 rw-p 0001e000 08:03 12190680                   /lib/x86_64-linux-gnu/libselinux.so.1
7ffd5c32b000-7ffd5c32c000 rw-p 00000000 00:00 0 
7ffd5c32c000-7ffd5c32f000 r-xp 00000000 08:03 4200052                    /usr/lib/x86_64-linux-gnu/libgmodule-2.0.so.0.3200.4
7ffd5c32f000-7ffd5c52e000 ---p 00003000 08:03 4200052                    /usr/lib/x86_64-linux-gnu/libgmodule-2.0.so.0.3200.4
7ffd5c52e000-7ffd5c52f000 r--p 00002000 08:03 4200052                    /usr/lib/x86_64-linux-gnu/libgmodule-2.0.so.0.3200.4
7ffd5c52f000-7ffd5c530000 rw-p 00003000 08:03 4200052                    /usr/lib/x86_64-linux-gnu/libgmodule-2.0.so.0.3200.4
7ffd5c530000-7ffd5c53a000 r-xp 00000000 08:03 4199739                    /usr/lib/x86_64-linux-gnu/libXcursor.so.1.0.2
7ffd5c53a000-7ffd5c739000 ---p 0000a000 08:03 4199739                    /usr/lib/x86_64-linux-gnu/libXcursor.so.1.0.2
7ffd5c739000-7ffd5c73a000 rw-p 00009000 08:03 4199739                    /usr/lib/x86_64-linux-gnu/libXcursor.so.1.0.2
7ffd5c73a000-7ffd5c741000 r-xp 00000000 08:03 4199761                    /usr/lib/x86_64-linux-gnu/libXrandr.so.2.2.0
7ffd5c741000-7ffd5c941000 ---p 00007000 08:03 4199761                    /usr/lib/x86_64-linux-gnu/libXrandr.so.2.2.0
7ffd5c941000-7ffd5c942000 rw-p 00007000 08:03 4199761                    /usr/lib/x86_64-linux-gnu/libXrandr.so.2.2.0
7ffd5c942000-7ffd5c944000 r-xp 00000000 08:03 4199753                    /usr/lib/x86_64-linux-gnu/libXinerama.so.1.0.0
7ffd5c944000-7ffd5cb43000 ---p 00002000 08:03 4199753                    /usr/lib/x86_64-linux-gnu/libXinerama.so.1.0.0
7ffd5cb43000-7ffd5cb44000 rw-p 00001000 08:03 4199753                    /usr/lib/x86_64-linux-gnu/libXinerama.so.1.0.0
7ffd5cb44000-7ffd5cb49000 r-xp 00000000 08:03 4199747                    /usr/lib/x86_64-linux-gnu/libXfixes.so.3.1.0
7ffd5cb49000-7ffd5cd48000 ---p 00005000 08:03 4199747                    /usr/lib/x86_64-linux-gnu/libXfixes.so.3.1.0
7ffd5cd48000-7ffd5cd49000 r--p 00004000 08:03 4199747                    /usr/lib/x86_64-linux-gnu/libXfixes.so.3.1.0
7ffd5cd49000-7ffd5cd4a000 rw-p 00005000 08:03 4199747                    /usr/lib/x86_64-linux-gnu/libXfixes.so.3.1.0
7ffd5cd4a000-7ffd5cd4c000 r-xp 00000000 08:03 4199741                    /usr/lib/x86_64-linux-gnu/libXdamage.so.1.1.0
7ffd5cd4c000-7ffd5cf4b000 ---p 00002000 08:03 4199741                    /usr/lib/x86_64-linux-gnu/libXdamage.so.1.1.0
7ffd5cf4b000-7ffd5cf4c000 rw-p 00001000 08:03 4199741                    /usr/lib/x86_64-linux-gnu/libXdamage.so.1.1.0
7ffd5cf4c000-7ffd5cf4e000 r-xp 00000000 08:03 4199737                    /usr/lib/x86_64-linux-gnu/libXcomposite.so.1.0.0
7ffd5cf4e000-7ffd5d14d000 ---p 00002000 08:03 4199737                    /usr/lib/x86_64-linux-gnu/libXcomposite.so.1.0.0
7ffd5d14d000-7ffd5d14e000 rw-p 00001000 08:03 4199737                    /usr/lib/x86_64-linux-gnu/libXcomposite.so.1.0.0
7ffd5d14e000-7ffd5d16d000 r-xp 00000000 08:03 4200529                    /usr/lib/x86_64-linux-gnu/libxcb.so.1.1.0
7ffd5d16d000-7ffd5d36c000 ---p 0001f000 08:03 4200529                    /usr/lib/x86_64-linux-gnu/libxcb.so.1.1.0
7ffd5d36c000-7ffd5d36d000 r--p 0001e000 08:03 4200529                    /usr/lib/x86_64-linux-gnu/libxcb.so.1.1.0
7ffd5d36d000-7ffd5d36e000 rw-p 0001f000 08:03 4200529                    /usr/lib/x86_64-linux-gnu/libxcb.so.1.1.0
7ffd5d36e000-7ffd5d3c1000 r-xp 00000000 08:03 4199889                    /usr/lib/x86_64-linux-gnu/libcups.so.2
7ffd5d3c1000-7ffd5d5c0000 ---p 00053000 08:03 4199889                    /usr/lib/x86_64-linux-gnu/libcups.so.2
7ffd5d5c0000-7ffd5d5c5000 r--p 00052000 08:03 4199889                    /usr/lib/x86_64-linux-gnu/libcups.so.2
7ffd5d5c5000-7ffd5d5c6000 rw-p 00057000 08:03 4199889                    /usr/lib/x86_64-linux-gnu/libcups.so.2
7ffd5d5c6000-7ffd5d6bb000 r-xp 00000000 08:03 12190597                   /lib/x86_64-linux-gnu/libglib-2.0.so.0.3200.4
7ffd5d6bb000-7ffd5d8bb000 ---p 000f5000 08:03 12190597                   /lib/x86_64-linux-gnu/libglib-2.0.so.0.3200.4
7ffd5d8bb000-7ffd5d8bc000 r--p 000f5000 08:03 12190597                   /lib/x86_64-linux-gnu/libglib-2.0.so.0.3200.4
7ffd5d8bc000-7ffd5d8bd000 rw-p 000f6000 08:03 12190597                   /lib/x86_64-linux-gnu/libglib-2.0.so.0.3200.4
7ffd5d8bd000-7ffd5d8be000 rw-p 00000000 00:00 0 
7ffd5d8be000-7ffd5d8bf000 r-xp 00000000 08:03 4200137                    /usr/lib/x86_64-linux-gnu/libgthread-2.0.so.0.3200.4
7ffd5d8bf000-7ffd5dabe000 ---p 00001000 08:03 4200137                    /usr/lib/x86_64-linux-gnu/libgthread-2.0.so.0.3200.4
7ffd5dabe000-7ffd5dabf000 r--p 00000000 08:03 4200137                    /usr/lib/x86_64-linux-gnu/libgthread-2.0.so.0.3200.4
7ffd5dabf000-7ffd5dac0000 rw-p 00001000 08:03 4200137                    /usr/lib/x86_64-linux-gnu/libgthread-2.0.so.0.3200.4
7ffd5dac0000-7ffd5db0e000 r-xp 00000000 08:03 4200068                    /usr/lib/x86_64-linux-gnu/libgobject-2.0.so.0.3200.4
7ffd5db0e000-7ffd5dd0e000 ---p 0004e000 08:03 4200068                    /usr/lib/x86_64-linux-gnu/libgobject-2.0.so.0.3200.4
7ffd5dd0e000-7ffd5dd0f000 r--p 0004e000 08:03 4200068                    /usr/lib/x86_64-linux-gnu/libgobject-2.0.so.0.3200.4
7ffd5dd0f000-7ffd5dd10000 rw-p 0004f000 08:03 4200068                    /usr/lib/x86_64-linux-gnu/libgobject-2.0.so.0.3200.4
7ffd5dd10000-7ffd5dd45000 r-xp 00000000 08:03 4199999                    /usr/lib/x86_64-linux-gnu/libfontconfig.so.1.5.0
7ffd5dd45000-7ffd5df45000 ---p 00035000 08:03 4199999                    /usr/lib/x86_64-linux-gnu/libfontconfig.so.1.5.0
7ffd5df45000-7ffd5df46000 r--p 00035000 08:03 4199999                    /usr/lib/x86_64-linux-gnu/libfontconfig.so.1.5.0
7ffd5df46000-7ffd5df47000 rw-p 00036000 08:03 4199999                    /usr/lib/x86_64-linux-gnu/libfontconfig.so.1.5.0
7ffd5df47000-7ffd5dfe0000 r-xp 00000000 08:03 4200007                    /usr/lib/x86_64-linux-gnu/libfreetype.so.6.8.1
7ffd5dfe0000-7ffd5e1df000 ---p 00099000 08:03 4200007                    /usr/lib/x86_64-linux-gnu/libfreetype.so.6.8.1
7ffd5e1df000-7ffd5e1e5000 r--p 00098000 08:03 4200007                    /usr/lib/x86_64-linux-gnu/libfreetype.so.6.8.1
7ffd5e1e5000-7ffd5e1e6000 rw-p 0009e000 08:03 4200007                    /usr/lib/x86_64-linux-gnu/libfreetype.so.6.8.1
7ffd5e1e6000-7ffd5e230000 r-xp 00000000 08:03 4200313                    /usr/lib/x86_64-linux-gnu/libpango-1.0.so.0.3000.0
7ffd5e230000-7ffd5e430000 ---p 0004a000 08:03 4200313                    /usr/lib/x86_64-linux-gnu/libpango-1.0.so.0.3000.0
7ffd5e430000-7ffd5e432000 r--p 0004a000 08:03 4200313                    /usr/lib/x86_64-linux-gnu/libpango-1.0.so.0.3000.0
7ffd5e432000-7ffd5e433000 rw-p 0004c000 08:03 4200313                    /usr/lib/x86_64-linux-gnu/libpango-1.0.so.0.3000.0
7ffd5e433000-7ffd5e527000 r-xp 00000000 08:03 4199843                    /usr/lib/x86_64-linux-gnu/libcairo.so.2.11200.2
7ffd5e527000-7ffd5e726000 ---p 000f4000 08:03 4199843                    /usr/lib/x86_64-linux-gnu/libcairo.so.2.11200.2
7ffd5e726000-7ffd5e729000 r--p 000f3000 08:03 4199843                    /usr/lib/x86_64-linux-gnu/libcairo.so.2.11200.2
7ffd5e729000-7ffd5e72a000 rw-p 000f6000 08:03 4199843                    /usr/lib/x86_64-linux-gnu/libcairo.so.2.11200.2
7ffd5e72a000-7ffd5e72c000 rw-p 00000000 00:00 0 
7ffd5e72c000-7ffd5e74b000 r-xp 00000000 08:03 4200030                    /usr/lib/x86_64-linux-gnu/libgdk_pixbuf-2.0.so.0.2600.1
7ffd5e74b000-7ffd5e94a000 ---p 0001f000 08:03 4200030                    /usr/lib/x86_64-linux-gnu/libgdk_pixbuf-2.0.so.0.2600.1
7ffd5e94a000-7ffd5e94b000 r--p 0001e000 08:03 4200030                    /usr/lib/x86_64-linux-gnu/libgdk_pixbuf-2.0.so.0.2600.1
7ffd5e94b000-7ffd5e94c000 rw-p 0001f000 08:03 4200030                    /usr/lib/x86_64-linux-gnu/libgdk_pixbuf-2.0.so.0.2600.1
7ffd5e94c000-7ffd5e958000 r-xp 00000000 08:03 4200315                    /usr/lib/x86_64-linux-gnu/libpangocairo-1.0.so.0.3000.0
7ffd5e958000-7ffd5eb57000 ---p 0000c000 08:03 4200315                    /usr/lib/x86_64-linux-gnu/libpangocairo-1.0.so.0.3000.0
7ffd5eb57000-7ffd5eb58000 r--p 0000b000 08:03 4200315                    /usr/lib/x86_64-linux-gnu/libpangocairo-1.0.so.0.3000.0
7ffd5eb58000-7ffd5eb59000 rw-p 0000c000 08:03 4200315                    /usr/lib/x86_64-linux-gnu/libpangocairo-1.0.so.0.3000.0
7ffd5eb59000-7ffd5eb83000 r-xp 00000000 08:03 4200317                    /usr/lib/x86_64-linux-gnu/libpangoft2-1.0.so.0.3000.0
7ffd5eb83000-7ffd5ed82000 ---p 0002a000 08:03 4200317                    /usr/lib/x86_64-linux-gnu/libpangoft2-1.0.so.0.3000.0
7ffd5ed82000-7ffd5ed83000 r--p 00029000 08:03 4200317                    /usr/lib/x86_64-linux-gnu/libpangoft2-1.0.so.0.3000.0
7ffd5ed83000-7ffd5ed84000 rw-p 0002a000 08:03 4200317                    /usr/lib/x86_64-linux-gnu/libpangoft2-1.0.so.0.3000.0
7ffd5ed84000-7ffd5eed0000 r-xp 00000000 08:03 4200042                    /usr/lib/x86_64-linux-gnu/libgio-2.0.so.0.3200.4
7ffd5eed0000-7ffd5f0cf000 ---p 0014c000 08:03 4200042                    /usr/lib/x86_64-linux-gnu/libgio-2.0.so.0.3200.4
7ffd5f0cf000-7ffd5f0d3000 r--p 0014b000 08:03 4200042                    /usr/lib/x86_64-linux-gnu/libgio-2.0.so.0.3200.4
7ffd5f0d3000-7ffd5f0d5000 rw-p 0014f000 08:03 4200042                    /usr/lib/x86_64-linux-gnu/libgio-2.0.so.0.3200.4
7ffd5f0d5000-7ffd5f0d7000 rw-p 00000000 00:00 0 
7ffd5f0d7000-7ffd5f0f8000 r-xp 00000000 08:03 4199799                    /usr/lib/x86_64-linux-gnu/libatk-1.0.so.0.20409.1
7ffd5f0f8000-7ffd5f2f7000 ---p 00021000 08:03 4199799                    /usr/lib/x86_64-linux-gnu/libatk-1.0.so.0.20409.1
7ffd5f2f7000-7ffd5f2f9000 r--p 00020000 08:03 4199799                    /usr/lib/x86_64-linux-gnu/libatk-1.0.so.0.20409.1
7ffd5f2f9000-7ffd5f2fa000 rw-p 00022000 08:03 4199799                    /usr/lib/x86_64-linux-gnu/libatk-1.0.so.0.20409.1
7ffd5f2fa000-7ffd5f3a9000 r-xp 00000000 08:03 4200028                    /usr/lib/x86_64-linux-gnu/libgdk-x11-2.0.so.0.2400.10
7ffd5f3a9000-7ffd5f5a8000 ---p 000af000 08:03 4200028                    /usr/lib/x86_64-linux-gnu/libgdk-x11-2.0.so.0.2400.10
7ffd5f5a8000-7ffd5f5ad000 rw-p 000ae000 08:03 4200028                    /usr/lib/x86_64-linux-gnu/libgdk-x11-2.0.so.0.2400.10
7ffd5f5ad000-7ffd5f9df000 r-xp 00000000 08:03 4200141                    /usr/lib/x86_64-linux-gnu/libgtk-x11-2.0.so.0.2400.10
7ffd5f9df000-7ffd5fbdf000 ---p 00432000 08:03 4200141                    /usr/lib/x86_64-linux-gnu/libgtk-x11-2.0.so.0.2400.10
7ffd5fbdf000-7ffd5fbea000 rw-p 00432000 08:03 4200141                    /usr/lib/x86_64-linux-gnu/libgtk-x11-2.0.so.0.2400.10
7ffd5fbea000-7ffd5fbec000 rw-p 00000000 00:00 0 
7ffd5fbec000-7ffd5fbfa000 r-xp 00000000 08:03 4199751                    /usr/lib/x86_64-linux-gnu/libXi.so.6.1.0
7ffd5fbfa000-7ffd5fdfa000 ---p 0000e000 08:03 4199751                    /usr/lib/x86_64-linux-gnu/libXi.so.6.1.0
7ffd5fdfa000-7ffd5fdfb000 rw-p 0000e000 08:03 4199751                    /usr/lib/x86_64-linux-gnu/libXi.so.6.1.0
7ffd5fdfb000-7ffd5fe00000 r-xp 00000000 08:03 4199769                    /usr/lib/x86_64-linux-gnu/libXtst.so.6.1.0
7ffd5fe00000-7ffd5ffff000 ---p 00005000 08:03 4199769                    /usr/lib/x86_64-linux-gnu/libXtst.so.6.1.0
7ffd5ffff000-7ffd60000000 rw-p 00004000 08:03 4199769                    /usr/lib/x86_64-linux-gnu/libXtst.so.6.1.0
7ffd60000000-7ffd60021000 rw-p 00000000 00:00 0 
7ffd60021000-7ffd64000000 ---p 00000000 00:00 0 
7ffd64000000-7ffd64021000 rw-p 00000000 00:00 0 
7ffd64021000-7ffd68000000 ---p 00000000 00:00 0 
7ffd68000000-7ffd688c3000 rw-p 00000000 00:00 0 
7ffd688c3000-7ffd6c000000 ---p 00000000 00:00 0 
7ffd6c000000-7ffd6c6d4000 rw-p 00000000 00:00 0 
7ffd6c6d4000-7ffd70000000 ---p 00000000 00:00 0 
7ffd70000000-7ffd70021000 rw-p 00000000 00:00 0 
7ffd70021000-7ffd74000000 ---p 00000000 00:00 0 
7ffd74000000-7ffd74021000 rw-p 00000000 00:00 0 
7ffd74021000-7ffd78000000 ---p 00000000 00:00 0 
7ffd78000000-7ffd78021000 rw-p 00000000 00:00 0 
7ffd78021000-7ffd7c000000 ---p 00000000 00:00 0 
7ffd7c000000-7ffd7c021000 rw-p 00000000 00:00 0 
7ffd7c021000-7ffd80000000 ---p 00000000 00:00 0 
7ffd80000000-7ffd80021000 rw-p 00000000 00:00 0 
7ffd80021000-7ffd84000000 ---p 00000000 00:00 0 
7ffd84037000-7ffd840b4000 rw-p 00000000 00:00 0 
7ffd840b4000-7ffd840bd000 r-xp 00000000 08:03 4199763                    /usr/lib/x86_64-linux-gnu/libXrender.so.1.3.0
7ffd840bd000-7ffd842bc000 ---p 00009000 08:03 4199763                    /usr/lib/x86_64-linux-gnu/libXrender.so.1.3.0
7ffd842bc000-7ffd842bd000 rw-p 00008000 08:03 4199763                    /usr/lib/x86_64-linux-gnu/libXrender.so.1.3.0
7ffd842bd000-7ffd843f2000 r-xp 00000000 08:03 4199728                    /usr/lib/x86_64-linux-gnu/libX11.so.6.3.0
7ffd843f2000-7ffd845f2000 ---p 00135000 08:03 4199728                    /usr/lib/x86_64-linux-gnu/libX11.so.6.3.0
7ffd845f2000-7ffd845f8000 rw-p 00135000 08:03 4199728                    /usr/lib/x86_64-linux-gnu/libX11.so.6.3.0
7ffd845f8000-7ffd84609000 r-xp 00000000 08:03 4199745                    /usr/lib/x86_64-linux-gnu/libXext.so.6.4.0
7ffd84609000-7ffd84809000 ---p 00011000 08:03 4199745                    /usr/lib/x86_64-linux-gnu/libXext.so.6.4.0
7ffd84809000-7ffd8480a000 rw-p 00011000 08:03 4199745                    /usr/lib/x86_64-linux-gnu/libXext.so.6.4.0
7ffd8480a000-7ffd8485d000 r-xp 00000000 08:03 3934319                    /usr/lib/jvm/java-7-openjdk-amd64/jre/lib/amd64/xawt/libmawt.so
7ffd8485d000-7ffd84a5c000 ---p 00053000 08:03 3934319                    /usr/lib/jvm/java-7-openjdk-amd64/jre/lib/amd64/xawt/libmawt.so
7ffd84a5c000-7ffd84a5d000 r--p 00052000 08:03 3934319                    /usr/lib/jvm/java-7-openjdk-amd64/jre/lib/amd64/xawt/libmawt.so
7ffd84a5d000-7ffd84a60000 rw-p 00053000 08:03 3934319                    /usr/lib/jvm/java-7-openjdk-amd64/jre/lib/amd64/xawt/libmawt.so
7ffd84a60000-7ffd84a61000 rw-p 00000000 00:00 0 
7ffd84a61000-7ffd84b02000 r-xp 00000000 08:03 3934218                    /usr/lib/jvm/java-7-openjdk-amd64/jre/lib/amd64/libawt.so
7ffd84b02000-7ffd84d01000 ---p 000a1000 08:03 3934218                    /usr/lib/jvm/java-7-openjdk-amd64/jre/lib/amd64/libawt.so
7ffd84d01000-7ffd84d02000 r--p 000a0000 08:03 3934218                    /usr/lib/jvm/java-7-openjdk-amd64/jre/lib/amd64/libawt.so
7ffd84d02000-7ffd84d0d000 rw-p 000a1000 08:03 3934218                    /usr/lib/jvm/java-7-openjdk-amd64/jre/lib/amd64/libawt.so
7ffd84d0d000-7ffd84d32000 rw-p 00000000 00:00 0 
7ffd84d32000-7ffd84d6f000 r-xp 00000000 08:03 10486182                   /tmp/libgdxchobe/5502b6ed/libgdx64.so
7ffd84d6f000-7ffd84f6e000 ---p 0003d000 08:03 10486182                   /tmp/libgdxchobe/5502b6ed/libgdx64.so
7ffd84f6e000-7ffd84f6f000 r--p 0003c000 08:03 10486182                   /tmp/libgdxchobe/5502b6ed/libgdx64.so
7ffd84f6f000-7ffd84f70000 rw-p 0003d000 08:03 10486182                   /tmp/libgdxchobe/5502b6ed/libgdx64.so
7ffd84f70000-7ffd84f71000 r--s 00002000 08:03 10488693                   /home/chobe/.gradle/caches/modules-2/files-2.1/net.java.jinput/jinput-platform/2.0.5/53f9c919f34d2ca9de8c51fc4e1e8282029a9232/jinput-platform-2.0.5-natives-osx.jar
7ffd84f71000-7ffd84f72000 r--s 00025000 08:03 10488692                   /home/chobe/.gradle/caches/modules-2/files-2.1/net.java.jinput/jinput-platform/2.0.5/385ee093e01f587f30ee1c8a2ee7d408fd732e16/jinput-platform-2.0.5-natives-windows.jar
7ffd84f72000-7ffd84f73000 r--s 00002000 08:03 10488691                   /home/chobe/.gradle/caches/modules-2/files-2.1/net.java.jinput/jinput-platform/2.0.5/7ff832a6eb9ab6a767f1ade2b548092d0fa64795/jinput-platform-2.0.5-natives-linux.jar
7ffd84f73000-7ffd84f74000 r--s 00001000 08:03 10488690                   /home/chobe/.gradle/caches/modules-2/files-2.1/net.java.jutils/jutils/1.0.0/e12fe1fda814bd348c1579329c86943d2cd3c6a6/jutils-1.0.0.jar
7ffd84f74000-7ffd84f78000 r--s 0002f000 08:03 10488689                   /home/chobe/.gradle/caches/modules-2/files-2.1/net.java.jinput/jinput/2.0.5/39c7796b469a600f72380316f6b1f11db6c2c7c4/jinput-2.0.5.jar
7ffd84f78000-7ffd84f79000 r--s 00080000 08:03 10488688                   /home/chobe/.gradle/caches/modules-2/files-2.1/org.lwjgl.lwjgl/lwjgl-platform/2.9.1/2d12c83fdfbc04ecabf02c7bc8cc54d034f0daac/lwjgl-platform-2.9.1-natives-osx.jar
7ffd84f79000-7ffd84f7a000 r--s 0008b000 08:03 10488687                   /home/chobe/.gradle/caches/modules-2/files-2.1/org.lwjgl.lwjgl/lwjgl-platform/2.9.1/aa9aae879af8eb378e22cfc64db56ec2ca9a44d1/lwjgl-platform-2.9.1-natives-linux.jar
7ffd84f7a000-7ffd84f7b000 r--s 00095000 08:03 10488686                   /home/chobe/.gradle/caches/modules-2/files-2.1/org.lwjgl.lwjgl/lwjgl-platform/2.9.1/4c517eca808522457dd95ee8fc1fbcdbb602efbe/lwjgl-platform-2.9.1-natives-windows.jar
7ffd84f7b000-7ffd84f7d000 r--s 00017000 08:03 10488685                   /home/chobe/.gradle/caches/modules-2/files-2.1/org.jcraft/jorbis/0.0.17/8872d22b293e8f5d7d56ff92be966e6dc28ebdc6/jorbis-0.0.17.jar
7ffd84f7d000-7ffd84f7e000 r--s 00015000 08:03 10488684                   /home/chobe/.gradle/caches/modules-2/files-2.1/com.badlogicgames.jlayer/jlayer/1.0.1-gdx/7cca83cec5c1b2f011362f4d85aabd71a73b049d/jlayer-1.0.1-gdx.jar
7ffd84f7e000-7ffd84f82000 r--s 00027000 08:03 10488683                   /home/chobe/.gradle/caches/modules-2/files-2.1/org.lwjgl.lwjgl/lwjgl_util/2.9.1/290d7ba8a1bd9566f5ddf16ad06f09af5ec9b20e/lwjgl_util-2.9.1.jar
7ffd84f82000-7ffd84f90000 r--s 000ea000 08:03 10488682                   /home/chobe/.gradle/caches/modules-2/files-2.1/org.lwjgl.lwjgl/lwjgl/2.9.1/f58c5aabcef0e41718a564be9f8e412fff8db847/lwjgl-2.9.1.jar
7ffd84f90000-7ffd84fa5000 r--s 00153000 08:03 10488660                   /home/chobe/.gradle/caches/modules-2/files-2.1/com.badlogicgames.gdx/gdx/1.1.0/686f5a609c717eb0769d3b954c501a49bf4fe351/gdx-1.1.0.jar
7ffd84fa5000-7ffd84fa6000 r--s 000cd000 08:03 10488678                   /home/chobe/.gradle/caches/modules-2/files-2.1/com.badlogicgames.gdx/gdx-platform/1.1.0/1c7ea4239c2d9adda420c15985fe3885c481fdcf/gdx-platform-1.1.0-natives-desktop.jar
7ffd84fa6000-7ffd84fa9000 r--s 0001f000 08:03 10488677                   /home/chobe/.gradle/caches/modules-2/files-2.1/com.badlogicgames.gdx/gdx-backend-lwjgl/1.1.0/eafa409559820c1696e165e1280435f1332fc32b/gdx-backend-lwjgl-1.1.0.jar
7ffd84fa9000-7ffd84fab000 r--s 0001e000 08:01 772750                     /media/winDisk/Users/ChobeDucket/Documents/sheep/core/build/libs/core-1.0.jar
7ffd84fab000-7ffd84faf000 r--s 0003b000 08:03 3934173                    /usr/lib/jvm/java-7-openjdk-amd64/jre/lib/ext/sunpkcs11.jar
7ffd84faf000-7ffd84fb0000 r--s 00002000 08:03 3934178                    /usr/lib/jvm/java-7-openjdk-amd64/jre/lib/ext/dnsns.jar
7ffd84fb0000-7ffd84fb3000 r--s 00032000 08:03 3934176                    /usr/lib/jvm/java-7-openjdk-amd64/jre/lib/ext/sunjce_provider.jar
7ffd84fb3000-7ffd84fb5000 r--s 0000f000 08:03 3934175                    /usr/lib/jvm/java-7-openjdk-amd64/jre/lib/ext/pulse-java.jar
7ffd84fb5000-7ffd84fb7000 r--s 00012000 08:03 3934174                    /usr/lib/jvm/java-7-openjdk-amd64/jre/lib/ext/zipfs.jar
7ffd84fb7000-7ffd84fbb000 r--s 00085000 08:03 3934172                    /usr/lib/jvm/java-7-openjdk-amd64/jre/lib/ext/localedata.jar
7ffd84fbb000-7ffd84fbc000 r--s 00007000 08:03 5645676                    /usr/share/java/java-atk-wrapper.jar
7ffd84fbc000-7ffd84fbd000 ---p 00000000 00:00 0 
7ffd84fbd000-7ffd850bd000 rw-p 00000000 00:00 0 
7ffd850bd000-7ffd850c0000 ---p 00000000 00:00 0 
7ffd850c0000-7ffd851be000 rw-p 00000000 00:00 0 
7ffd851be000-7ffd851c1000 ---p 00000000 00:00 0 
7ffd851c1000-7ffd852bf000 rw-p 00000000 00:00 0 
7ffd852bf000-7ffd852c2000 ---p 00000000 00:00 0 
7ffd852c2000-7ffd853c0000 rw-p 00000000 00:00 0 
7ffd853c0000-7ffd853c3000 ---p 00000000 00:00 0 
7ffd853c3000-7ffd854c1000 rw-p 00000000 00:00 0 
7ffd854c1000-7ffd8564a000 r--p 00000000 08:03 4067802                    /usr/lib/locale/locale-archive
7ffd8564a000-7ffd8564d000 ---p 00000000 00:00 0 
7ffd8564d000-7ffd8574b000 rw-p 00000000 00:00 0 
7ffd8574b000-7ffd8574e000 ---p 00000000 00:00 0 
7ffd8574e000-7ffd8584c000 rw-p 00000000 00:00 0 
7ffd8584c000-7ffd8584d000 ---p 00000000 00:00 0 
7ffd8584d000-7ffd88000000 rw-p 00000000 00:00 0 
7ffd88000000-7ffd88021000 rw-p 00000000 00:00 0 
7ffd88021000-7ffd8c000000 ---p 00000000 00:00 0 
7ffd8c000000-7ffd8c021000 rw-p 00000000 00:00 0 
7ffd8c021000-7ffd90000000 ---p 00000000 00:00 0 
7ffd90000000-7ffd90021000 rw-p 00000000 00:00 0 
7ffd90021000-7ffd94000000 ---p 00000000 00:00 0 
7ffd9402a000-7ffd94035000 r--s 00203000 08:03 3934232                    /usr/lib/jvm/java-7-openjdk-amd64/jre/lib/charsets.jar
7ffd94035000-7ffd94045000 rw-s e0200000 00:05 7289                       /dev/ati/card0
7ffd94045000-7ffd94048000 ---p 00000000 00:00 0 
7ffd94048000-7ffd9407e000 rw-p 00000000 00:00 0 
7ffd9407e000-7ffd94087000 r--s 000b9000 08:03 3934170                    /usr/lib/jvm/java-7-openjdk-amd64/jre/lib/resources.jar
7ffd94087000-7ffd94d81000 rw-p 00000000 00:00 0 
7ffd94d81000-7ffd94f2f000 r--s 01cfc000 08:03 3934153                    /usr/lib/jvm/java-7-openjdk-amd64/jre/lib/rt.jar
7ffd94f2f000-7ffd95000000 rw-p 00000000 00:00 0 
7ffd95000000-7ffd95270000 rwxp 00000000 00:00 0 
7ffd95270000-7ffd98352000 rw-p 00000000 00:00 0 
7ffd98352000-7ffd9c000000 ---p 00000000 00:00 0 
7ffd9c000000-7ffd9c263000 rw-p 00000000 00:00 0 
7ffd9c263000-7ffd9c264000 ---p 00000000 00:00 0 
7ffd9c264000-7ffd9c364000 rw-p 00000000 00:00 0 
7ffd9c364000-7ffd9c365000 ---p 00000000 00:00 0 
7ffd9c365000-7ffd9c465000 rw-p 00000000 00:00 0 
7ffd9c465000-7ffd9c466000 ---p 00000000 00:00 0 
7ffd9c466000-7ffd9c566000 rw-p 00000000 00:00 0 
7ffd9c566000-7ffd9c567000 ---p 00000000 00:00 0 
7ffd9c567000-7ffd9c672000 rw-p 00000000 00:00 0 
7ffd9c672000-7ffd9c6ba000 rw-p 00000000 00:00 0 
7ffd9c6ba000-7ffd9c6cf000 rw-p 00000000 00:00 0 
7ffd9c6cf000-7ffd9c800000 rw-p 00000000 00:00 0 
7ffd9c800000-7ffd9c80b000 rw-p 00000000 00:00 0 
7ffd9c80b000-7ffd9c853000 rw-p 00000000 00:00 0 
7ffd9c853000-7ffd9c868000 rw-p 00000000 00:00 0 
7ffd9c868000-7ffd9c998000 rw-p 00000000 00:00 0 
7ffd9c998000-7ffd9c9a3000 rw-p 00000000 00:00 0 
7ffd9c9a3000-7ffd9ca3b000 rw-p 00000000 00:00 0 
7ffd9ca3b000-7ffd9ca3c000 rw-p 00000000 00:00 0 
7ffd9ca3c000-7ffd9ca44000 r-xp 00000000 08:03 3934210                    /usr/lib/jvm/java-7-openjdk-amd64/jre/lib/amd64/libzip.so
7ffd9ca44000-7ffd9cc43000 ---p 00008000 08:03 3934210                    /usr/lib/jvm/java-7-openjdk-amd64/jre/lib/amd64/libzip.so
7ffd9cc43000-7ffd9cc44000 r--p 00007000 08:03 3934210                    /usr/lib/jvm/java-7-openjdk-amd64/jre/lib/amd64/libzip.so
7ffd9cc44000-7ffd9cc45000 rw-p 00008000 08:03 3934210                    /usr/lib/jvm/java-7-openjdk-amd64/jre/lib/amd64/libzip.so
7ffd9cc45000-7ffd9cc50000 r-xp 00000000 08:03 12192223                   /lib/x86_64-linux-gnu/libnss_files-2.19.so
7ffd9cc50000-7ffd9ce4f000 ---p 0000b000 08:03 12192223                   /lib/x86_64-linux-gnu/libnss_files-2.19.so
7ffd9ce4f000-7ffd9ce50000 r--p 0000a000 08:03 12192223                   /lib/x86_64-linux-gnu/libnss_files-2.19.so
7ffd9ce50000-7ffd9ce51000 rw-p 0000b000 08:03 12192223                   /lib/x86_64-linux-gnu/libnss_files-2.19.so
7ffd9ce51000-7ffd9ce5b000 r-xp 00000000 08:03 12192211                   /lib/x86_64-linux-gnu/libnss_nis-2.19.so
7ffd9ce5b000-7ffd9d05a000 ---p 0000a000 08:03 12192211                   /lib/x86_64-linux-gnu/libnss_nis-2.19.so
7ffd9d05a000-7ffd9d05b000 r--p 00009000 08:03 12192211                   /lib/x86_64-linux-gnu/libnss_nis-2.19.so
7ffd9d05b000-7ffd9d05c000 rw-p 0000a000 08:03 12192211                   /lib/x86_64-linux-gnu/libnss_nis-2.19.so
7ffd9d05c000-7ffd9d071000 r-xp 00000000 08:03 12192215                   /lib/x86_64-linux-gnu/libnsl-2.19.so
7ffd9d071000-7ffd9d270000 ---p 00015000 08:03 12192215                   /lib/x86_64-linux-gnu/libnsl-2.19.so
7ffd9d270000-7ffd9d271000 r--p 00014000 08:03 12192215                   /lib/x86_64-linux-gnu/libnsl-2.19.so
7ffd9d271000-7ffd9d272000 rw-p 00015000 08:03 12192215                   /lib/x86_64-linux-gnu/libnsl-2.19.so
7ffd9d272000-7ffd9d274000 rw-p 00000000 00:00 0 
7ffd9d274000-7ffd9d27b000 r-xp 00000000 08:03 12192212                   /lib/x86_64-linux-gnu/libnss_compat-2.19.so
7ffd9d27b000-7ffd9d47a000 ---p 00007000 08:03 12192212                   /lib/x86_64-linux-gnu/libnss_compat-2.19.so
7ffd9d47a000-7ffd9d47b000 r--p 00006000 08:03 12192212                   /lib/x86_64-linux-gnu/libnss_compat-2.19.so
7ffd9d47b000-7ffd9d47c000 rw-p 00007000 08:03 12192212                   /lib/x86_64-linux-gnu/libnss_compat-2.19.so
7ffd9d47c000-7ffd9d4a7000 r-xp 00000000 08:03 3934215                    /usr/lib/jvm/java-7-openjdk-amd64/jre/lib/amd64/libjava.so
7ffd9d4a7000-7ffd9d6a6000 ---p 0002b000 08:03 3934215                    /usr/lib/jvm/java-7-openjdk-amd64/jre/lib/amd64/libjava.so
7ffd9d6a6000-7ffd9d6a7000 r--p 0002a000 08:03 3934215                    /usr/lib/jvm/java-7-openjdk-amd64/jre/lib/amd64/libjava.so
7ffd9d6a7000-7ffd9d6a9000 rw-p 0002b000 08:03 3934215                    /usr/lib/jvm/java-7-openjdk-amd64/jre/lib/amd64/libjava.so
7ffd9d6a9000-7ffd9d6b8000 r-xp 00000000 08:03 3934216                    /usr/lib/jvm/java-7-openjdk-amd64/jre/lib/amd64/libverify.so
7ffd9d6b8000-7ffd9d8b7000 ---p 0000f000 08:03 3934216                    /usr/lib/jvm/java-7-openjdk-amd64/jre/lib/amd64/libverify.so
7ffd9d8b7000-7ffd9d8b9000 r--p 0000e000 08:03 3934216                    /usr/lib/jvm/java-7-openjdk-amd64/jre/lib/amd64/libverify.so
7ffd9d8b9000-7ffd9d8ba000 rw-p 00010000 08:03 3934216                    /usr/lib/jvm/java-7-openjdk-amd64/jre/lib/amd64/libverify.so
7ffd9d8ba000-7ffd9d8c1000 r-xp 00000000 08:03 12192213                   /lib/x86_64-linux-gnu/librt-2.19.so
7ffd9d8c1000-7ffd9dac0000 ---p 00007000 08:03 12192213                   /lib/x86_64-linux-gnu/librt-2.19.so
7ffd9dac0000-7ffd9dac1000 r--p 00006000 08:03 12192213                   /lib/x86_64-linux-gnu/librt-2.19.so
7ffd9dac1000-7ffd9dac2000 rw-p 00007000 08:03 12192213                   /lib/x86_64-linux-gnu/librt-2.19.so
7ffd9dac2000-7ffd9dad7000 r-xp 00000000 08:03 12190593                   /lib/x86_64-linux-gnu/libgcc_s.so.1
7ffd9dad7000-7ffd9dcd7000 ---p 00015000 08:03 12190593                   /lib/x86_64-linux-gnu/libgcc_s.so.1
7ffd9dcd7000-7ffd9dcd8000 rw-p 00015000 08:03 12190593                   /lib/x86_64-linux-gnu/libgcc_s.so.1
7ffd9dcd8000-7ffd9ddd8000 r-xp 00000000 08:03 12192221                   /lib/x86_64-linux-gnu/libm-2.19.so
7ffd9ddd8000-7ffd9dfd7000 ---p 00100000 08:03 12192221                   /lib/x86_64-linux-gnu/libm-2.19.so
7ffd9dfd7000-7ffd9dfd8000 r--p 000ff000 08:03 12192221                   /lib/x86_64-linux-gnu/libm-2.19.so
7ffd9dfd8000-7ffd9dfd9000 rw-p 00100000 08:03 12192221                   /lib/x86_64-linux-gnu/libm-2.19.so
7ffd9dfd9000-7ffd9e0c1000 r-xp 00000000 08:03 4200440                    /usr/lib/x86_64-linux-gnu/libstdc++.so.6.0.17
7ffd9e0c1000-7ffd9e2c1000 ---p 000e8000 08:03 4200440                    /usr/lib/x86_64-linux-gnu/libstdc++.so.6.0.17
7ffd9e2c1000-7ffd9e2c9000 r--p 000e8000 08:03 4200440                    /usr/lib/x86_64-linux-gnu/libstdc++.so.6.0.17
7ffd9e2c9000-7ffd9e2cb000 rw-p 000f0000 08:03 4200440                    /usr/lib/x86_64-linux-gnu/libstdc++.so.6.0.17
7ffd9e2cb000-7ffd9e2e0000 rw-p 00000000 00:00 0 
7ffd9e2e0000-7ffd9eda9000 r-xp 00000000 08:03 3934204                    /usr/lib/jvm/java-7-openjdk-amd64/jre/lib/amd64/server/libjvm.so
7ffd9eda9000-7ffd9efa9000 ---p 00ac9000 08:03 3934204                    /usr/lib/jvm/java-7-openjdk-amd64/jre/lib/amd64/server/libjvm.so
7ffd9efa9000-7ffd9f041000 r--p 00ac9000 08:03 3934204                    /usr/lib/jvm/java-7-openjdk-amd64/jre/lib/amd64/server/libjvm.so
7ffd9f041000-7ffd9f064000 rw-p 00b61000 08:03 3934204                    /usr/lib/jvm/java-7-openjdk-amd64/jre/lib/amd64/server/libjvm.so
7ffd9f064000-7ffd9f091000 rw-p 00000000 00:00 0 
7ffd9f091000-7ffd9f0a8000 r-xp 00000000 08:03 12192203                   /lib/x86_64-linux-gnu/libz.so.1.2.8
7ffd9f0a8000-7ffd9f2a7000 ---p 00017000 08:03 12192203                   /lib/x86_64-linux-gnu/libz.so.1.2.8
7ffd9f2a7000-7ffd9f2a8000 r--p 00016000 08:03 12192203                   /lib/x86_64-linux-gnu/libz.so.1.2.8
7ffd9f2a8000-7ffd9f2a9000 rw-p 00017000 08:03 12192203                   /lib/x86_64-linux-gnu/libz.so.1.2.8
7ffd9f2a9000-7ffd9f448000 r-xp 00000000 08:03 12192214                   /lib/x86_64-linux-gnu/libc-2.19.so
7ffd9f448000-7ffd9f648000 ---p 0019f000 08:03 12192214                   /lib/x86_64-linux-gnu/libc-2.19.so
7ffd9f648000-7ffd9f64c000 r--p 0019f000 08:03 12192214                   /lib/x86_64-linux-gnu/libc-2.19.so
7ffd9f64c000-7ffd9f64e000 rw-p 001a3000 08:03 12192214                   /lib/x86_64-linux-gnu/libc-2.19.so
7ffd9f64e000-7ffd9f652000 rw-p 00000000 00:00 0 
7ffd9f652000-7ffd9f655000 r-xp 00000000 08:03 12192219                   /lib/x86_64-linux-gnu/libdl-2.19.so
7ffd9f655000-7ffd9f854000 ---p 00003000 08:03 12192219                   /lib/x86_64-linux-gnu/libdl-2.19.so
7ffd9f854000-7ffd9f855000 r--p 00002000 08:03 12192219                   /lib/x86_64-linux-gnu/libdl-2.19.so
7ffd9f855000-7ffd9f856000 rw-p 00003000 08:03 12192219                   /lib/x86_64-linux-gnu/libdl-2.19.so
7ffd9f856000-7ffd9f863000 r-xp 00000000 08:03 3934207                    /usr/lib/jvm/java-7-openjdk-amd64/jre/lib/amd64/jli/libjli.so
7ffd9f863000-7ffd9fa62000 ---p 0000d000 08:03 3934207                    /usr/lib/jvm/java-7-openjdk-amd64/jre/lib/amd64/jli/libjli.so
7ffd9fa62000-7ffd9fa63000 r--p 0000c000 08:03 3934207                    /usr/lib/jvm/java-7-openjdk-amd64/jre/lib/amd64/jli/libjli.so
7ffd9fa63000-7ffd9fa64000 rw-p 0000d000 08:03 3934207                    /usr/lib/jvm/java-7-openjdk-amd64/jre/lib/amd64/jli/libjli.so
7ffd9fa64000-7ffd9fa7c000 r-xp 00000000 08:03 12192218                   /lib/x86_64-linux-gnu/libpthread-2.19.so
7ffd9fa7c000-7ffd9fc7b000 ---p 00018000 08:03 12192218                   /lib/x86_64-linux-gnu/libpthread-2.19.so
7ffd9fc7b000-7ffd9fc7c000 r--p 00017000 08:03 12192218                   /lib/x86_64-linux-gnu/libpthread-2.19.so
7ffd9fc7c000-7ffd9fc7d000 rw-p 00018000 08:03 12192218                   /lib/x86_64-linux-gnu/libpthread-2.19.so
7ffd9fc7d000-7ffd9fc81000 rw-p 00000000 00:00 0 
7ffd9fc81000-7ffd9fca1000 r-xp 00000000 08:03 12192217                   /lib/x86_64-linux-gnu/ld-2.19.so
7ffd9fca9000-7ffd9fcaa000 rw-s 00005000 00:05 7289                       /dev/ati/card0
7ffd9fcaa000-7ffd9fcac000 rw-s 00002000 00:05 7289                       /dev/ati/card0
7ffd9fcac000-7ffd9fcb3000 r--s 00000000 08:03 4206154                    /usr/lib/x86_64-linux-gnu/gconv/gconv-modules.cache
7ffd9fcb3000-7ffd9fcb8000 r--s 0004c000 08:03 3934152                    /usr/lib/jvm/java-7-openjdk-amd64/jre/lib/jsse.jar
7ffd9fcb8000-7ffd9fcc2000 rw-p 00000000 00:00 0 
7ffd9fcc2000-7ffd9fd78000 rw-p 00000000 00:00 0 
7ffd9fd78000-7ffd9fd7b000 ---p 00000000 00:00 0 
7ffd9fd7b000-7ffd9fe95000 rw-p 00000000 00:00 0 
7ffd9fe95000-7ffd9fe9d000 rw-s 00000000 08:03 10486200                   /tmp/hsperfdata_chobe/4606 (deleted)
7ffd9fe9d000-7ffd9fe9e000 rw-p 00000000 00:00 0 
7ffd9fe9e000-7ffd9fe9f000 ---p 00000000 00:00 0 
7ffd9fe9f000-7ffd9fea1000 rw-p 00000000 00:00 0 
7ffd9fea1000-7ffd9fea2000 r--p 00020000 08:03 12192217                   /lib/x86_64-linux-gnu/ld-2.19.so
7ffd9fea2000-7ffd9fea3000 rw-p 00021000 08:03 12192217                   /lib/x86_64-linux-gnu/ld-2.19.so
7ffd9fea3000-7ffd9fea4000 rw-p 00000000 00:00 0 
7fffbe9ee000-7fffbea10000 rw-p 00000000 00:00 0                          [stack]
7fffbeb2c000-7fffbeb2d000 r-xp 00000000 00:00 0                          [vdso]
ffffffffff600000-ffffffffff601000 r-xp 00000000 00:00 0                  [vsyscall]

VM Arguments:
jvm_args: -Dfile.encoding=UTF-8 
java_command: com.mygdx.sheep.desktop.DesktopLauncher
Launcher Type: SUN_STANDARD

Environment Variables:
PATH=/usr/local/bin:/usr/bin:/bin:/usr/local/games:/usr/games:/home/chobe/.local/bin:/home/chobe/sdks/adt-bundle-linux-x86_64-20140321/sdk//platform-tools/adb:/home/chobe/sdks/adt-bundle-linux-x86_64-20140321/sdk//platform-tools/
USERNAME=chobe
SHELL=/bin/bash
DISPLAY=:0

Signal Handlers:
SIGSEGV: [libjvm.so+0x8f9750], sa_mask[0]=0x7ffbfeff, sa_flags=0x10000004
SIGBUS: [libjvm.so+0x8f9750], sa_mask[0]=0x7ffbfeff, sa_flags=0x10000004
SIGFPE: [libjvm.so+0x7827c0], sa_mask[0]=0x7ffbfeff, sa_flags=0x10000004
SIGPIPE: [libjvm.so+0x7827c0], sa_mask[0]=0x7ffbfeff, sa_flags=0x10000004
SIGXFSZ: [libjvm.so+0x7827c0], sa_mask[0]=0x7ffbfeff, sa_flags=0x10000004
SIGILL: [libjvm.so+0x7827c0], sa_mask[0]=0x7ffbfeff, sa_flags=0x10000004
SIGUSR1: SIG_DFL, sa_mask[0]=0x00000000, sa_flags=0x00000000
SIGUSR2: [libjvm.so+0x782ab0], sa_mask[0]=0x00000004, sa_flags=0x10000004
SIGHUP: [libjvm.so+0x782c20], sa_mask[0]=0x7ffbfeff, sa_flags=0x10000004
SIGINT: [libjvm.so+0x782c20], sa_mask[0]=0x7ffbfeff, sa_flags=0x10000004
SIGTERM: [libjvm.so+0x782c20], sa_mask[0]=0x7ffbfeff, sa_flags=0x10000004
SIGQUIT: [libjvm.so+0x782c20], sa_mask[0]=0x7ffbfeff, sa_flags=0x10000004


---------------  S Y S T E M  ---------------

OS:7.5

uname:Linux 3.2.0-4-amd64 #1 SMP Debian 3.2.57-3+deb7u1 x86_64
libc:glibc 2.19 NPTL 2.19 
rlimit: STACK 8192k, CORE 0k, NPROC 31105, NOFILE 4096, AS infinity
load average:1.96 1.20 0.80

/proc/meminfo:
MemTotal:        3993672 kB
MemFree:         1150376 kB
Buffers:           94080 kB
Cached:          1059224 kB
SwapCached:       149144 kB
Active:          1566256 kB
Inactive:         962236 kB
Active(anon):    1004964 kB
Inactive(anon):   393016 kB
Active(file):     561292 kB
Inactive(file):   569220 kB
Unevictable:           0 kB
Mlocked:               0 kB
SwapTotal:       4120572 kB
SwapFree:        3612640 kB
Dirty:              4004 kB
Writeback:             0 kB
AnonPages:       1361100 kB
Mapped:           182952 kB
Shmem:             22792 kB
Slab:             103032 kB
SReclaimable:      73612 kB
SUnreclaim:        29420 kB
KernelStack:        3632 kB
PageTables:        28252 kB
NFS_Unstable:          0 kB
Bounce:                0 kB
WritebackTmp:          0 kB
CommitLimit:     6117408 kB
Committed_AS:    3714188 kB
VmallocTotal:   34359738367 kB
VmallocUsed:      170472 kB
VmallocChunk:   34359561712 kB
HardwareCorrupted:     0 kB
AnonHugePages:         0 kB
HugePages_Total:       0
HugePages_Free:        0
HugePages_Rsvd:        0
HugePages_Surp:        0
Hugepagesize:       2048 kB
DirectMap4k:      975872 kB
DirectMap2M:     3151872 kB


CPU:total 4 (4 cores per cpu, 1 threads per core) family 6 model 15 stepping 11, cmov, cx8, fxsr, mmx, sse, sse2, sse3, ssse3, tsc

/proc/cpuinfo:
processor	: 0
vendor_id	: GenuineIntel
cpu family	: 6
model		: 15
model name	: Intel(R) Core(TM)2 Quad CPU    Q6600  @ 2.40GHz
stepping	: 11
cpu MHz		: 2394.000
cache size	: 4096 KB
physical id	: 0
siblings	: 4
core id		: 0
cpu cores	: 4
apicid		: 0
initial apicid	: 0
fpu		: yes
fpu_exception	: yes
cpuid level	: 10
wp		: yes
flags		: fpu vme de pse tsc msr pae mce cx8 apic sep mtrr pge mca cmov pat pse36 clflush dts acpi mmx fxsr sse sse2 ss ht tm pbe syscall nx lm constant_tsc arch_perfmon pebs bts rep_good nopl aperfmperf pni dtes64 monitor ds_cpl vmx est tm2 ssse3 cx16 xtpr pdcm lahf_lm dtherm tpr_shadow vnmi flexpriority
bogomips	: 4795.82
clflush size	: 64
cache_alignment	: 64
address sizes	: 36 bits physical, 48 bits virtual
power management:

processor	: 1
vendor_id	: GenuineIntel
cpu family	: 6
model		: 15
model name	: Intel(R) Core(TM)2 Quad CPU    Q6600  @ 2.40GHz
stepping	: 11
cpu MHz		: 1596.000
cache size	: 4096 KB
physical id	: 0
siblings	: 4
core id		: 2
cpu cores	: 4
apicid		: 2
initial apicid	: 2
fpu		: yes
fpu_exception	: yes
cpuid level	: 10
wp		: yes
flags		: fpu vme de pse tsc msr pae mce cx8 apic sep mtrr pge mca cmov pat pse36 clflush dts acpi mmx fxsr sse sse2 ss ht tm pbe syscall nx lm constant_tsc arch_perfmon pebs bts rep_good nopl aperfmperf pni dtes64 monitor ds_cpl vmx est tm2 ssse3 cx16 xtpr pdcm lahf_lm dtherm tpr_shadow vnmi flexpriority
bogomips	: 4795.58
clflush size	: 64
cache_alignment	: 64
address sizes	: 36 bits physical, 48 bits virtual
power management:

processor	: 2
vendor_id	: GenuineIntel
cpu family	: 6
model		: 15
model name	: Intel(R) Core(TM)2 Quad CPU    Q6600  @ 2.40GHz
stepping	: 11
cpu MHz		: 1596.000
cache size	: 4096 KB
physical id	: 0
siblings	: 4
core id		: 1
cpu cores	: 4
apicid		: 1
initial apicid	: 1
fpu		: yes
fpu_exception	: yes
cpuid level	: 10
wp		: yes
flags		: fpu vme de pse tsc msr pae mce cx8 apic sep mtrr pge mca cmov pat pse36 clflush dts acpi mmx fxsr sse sse2 ss ht tm pbe syscall nx lm constant_tsc arch_perfmon pebs bts rep_good nopl aperfmperf pni dtes64 monitor ds_cpl vmx est tm2 ssse3 cx16 xtpr pdcm lahf_lm dtherm tpr_shadow vnmi flexpriority
bogomips	: 4795.56
clflush size	: 64
cache_alignment	: 64
address sizes	: 36 bits physical, 48 bits virtual
power management:

processor	: 3
vendor_id	: GenuineIntel
cpu family	: 6
model		: 15
model name	: Intel(R) Core(TM)2 Quad CPU    Q6600  @ 2.40GHz
stepping	: 11
cpu MHz		: 1596.000
cache size	: 4096 KB
physical id	: 0
siblings	: 4
core id		: 3
cpu cores	: 4
apicid		: 3
initial apicid	: 3
fpu		: yes
fpu_exception	: yes
cpuid level	: 10
wp		: yes
flags		: fpu vme de pse tsc msr pae mce cx8 apic sep mtrr pge mca cmov pat pse36 clflush dts acpi mmx fxsr sse sse2 ss ht tm pbe syscall nx lm constant_tsc arch_perfmon pebs bts rep_good nopl aperfmperf pni dtes64 monitor ds_cpl vmx est tm2 ssse3 cx16 xtpr pdcm lahf_lm dtherm tpr_shadow vnmi flexpriority
bogomips	: 4795.57
clflush size	: 64
cache_alignment	: 64
address sizes	: 36 bits physical, 48 bits virtual
power management:



Memory: 4k page, physical 3993672k(1150376k free), swap 4120572k(3612640k free)

vm_info: OpenJDK 64-Bit Server VM (24.51-b03) for linux-amd64 JRE (1.7.0_55-b14), built on May  2 2014 11:33:06 by "buildd" with gcc 4.7.2

time: Sun Jul  6 19:08:24 2014
elapsed time: 21 seconds

