#
# A fatal error has been detected by the Java Runtime Environment:
#
#  SIGSEGV (0xb) at pc=0x00007f94504f8e38, pid=31004, tid=140275002697472
#
# JRE version: OpenJDK Runtime Environment (7.0_55-b14) (build 1.7.0_55-b14)
# Java VM: OpenJDK 64-Bit Server VM (24.51-b03 mixed mode linux-amd64 compressed oops)
# Problematic frame:
# C  [libX11.so.6+0x3ae38]  XQueryExtension+0x28
#
# Failed to write core dump. Core dumps have been disabled. To enable core dumping, try "ulimit -c unlimited" before starting Java again
#
# If you would like to submit a bug report, please include
# instructions on how to reproduce the bug and visit:
#   http://icedtea.classpath.org/bugzilla
#

---------------  T H R E A D  ---------------

Current thread (0x00007f945c076800):  VMThread [stack: 0x00007f9451a4e000,0x00007f9451b4f000] [id=31014]

siginfo:si_signo=SIGSEGV: si_errno=0, si_code=1 (SEGV_MAPERR), si_addr=0x00000000040148d8

Registers:
RAX=0x00007f9434008b00, RBX=0x0000000004013f70, RCX=0x00007f9451b4d6d8, RDX=0x00007f9451b4d6d4
RSP=0x00007f9451b4d670, RBP=0x00007f940d35f600, RSI=0x00007f940d226992, RDI=0x0000000004013f70
R8 =0x00007f9451b4d6dc, R9 =0x0000000000000000, R10=0x00007f940d35f3c0, R11=0x00007f94634dc1c0
R12=0x00007f940d226992, R13=0x00007f9434008b00, R14=0x00007f9451b4dae0, R15=0x00007f9404026210
RIP=0x00007f94504f8e38, EFLAGS=0x0000000000010202, CSGSFS=0x0000000000000033, ERR=0x0000000000000004
  TRAPNO=0x000000000000000e

Top of Stack: (sp=0x00007f9451b4d670)
0x00007f9451b4d670:   0000000000000000 0000000000000000
0x00007f9451b4d680:   000000770000006e 0000000000000000
0x00007f9451b4d690:   000100010000007c 0000000004013f70
0x00007f9451b4d6a0:   00007f940d35f600 00007f940d226992
0x00007f9451b4d6b0:   00007f9434008b00 00007f9451b4dae0
0x00007f9451b4d6c0:   00007f9404026210 00007f94504ece72
0x00007f9451b4d6d0:   00007f9404026210 00007f9463520220
0x00007f9451b4d6e0:   0000000000000000 00007f940d35f600
0x00007f9451b4d6f0:   0000000004013f70 00007f945080671d
0x00007f9451b4d700:   00007f940d226992 0000001100000000
0x00007f9451b4d710:   00007f9400000005 0000000000000000
0x00007f9451b4d720:   00007f9451b4d790 0000000004013f70
0x00007f9451b4d730:   00007f9451b4d9d8 00007f9451b4dae0
0x00007f9451b4d740:   00007f940d378e50 00007f940d1cf3d9
0x00007f9451b4d750:   00000000ffffffff 00007f940401be90
0x00007f9451b4d760:   00007f9451b4d790 00007f9411fa29e0
0x00007f9451b4d770:   00007f9451b4d9d8 00007f9451b4dae0
0x00007f9451b4d780:   0000000000000000 00007f940d1c3ae2
0x00007f9451b4d790:   00007f9451b4db50 00007f940d226911
0x00007f9451b4d7a0:   00007f9451b4db50 00007f9463e8b058
0x00007f9451b4d7b0:   00007f946409e1a8 00007f946409e740
0x00007f9451b4d7c0:   00007f9464078000 00007f945c0094f0
0x00007f9451b4d7d0:   00007f945c00a020 00007f945c00a530
0x00007f9451b4d7e0:   00007f945c017440 00007f945c1bb370
0x00007f9451b4d7f0:   00007f945c2ba560 00007f945c2b6420
0x00007f9451b4d800:   00007f945c1fbf30 00007f945c209e50
0x00007f9451b4d810:   00007f945c211270 00007f945c210d40
0x00007f9451b4d820:   00007f945c210810 00007f945c214b60
0x00007f9451b4d830:   00007f945c214640 00007f945c215910
0x00007f9451b4d840:   00007f945c214130 00007f945c2102e0
0x00007f9451b4d850:   00007f945c212700 00007f945c213140
0x00007f9451b4d860:   00007f945c212c20 00007f945c213660 

Instructions: (pc=0x00007f94504f8e38)
0x00007f94504f8e18:   24 e0 48 89 fb 4c 89 6c 24 e8 4c 89 74 24 f0 49
0x00007f94504f8e28:   89 f4 4c 89 7c 24 f8 48 89 6c 24 d8 48 83 ec 58
0x00007f94504f8e38:   48 8b 87 68 09 00 00 49 89 d7 49 89 ce 4d 89 c5
0x00007f94504f8e48:   48 85 c0 74 02 ff 10 ba 08 00 00 00 be 62 00 00 

Register to memory mapping:

RAX=0x00007f9434008b00 is an unknown value
RBX=0x0000000004013f70 is an unknown value
RCX=0x00007f9451b4d6d8 is an unknown value
RDX=0x00007f9451b4d6d4 is an unknown value
RSP=0x00007f9451b4d670 is an unknown value
RBP=0x00007f940d35f600: <offset 0x1cf600> in /usr/lib/x86_64-linux-gnu/libGL.so.1 at 0x00007f940d190000
RSI=0x00007f940d226992: <offset 0x96992> in /usr/lib/x86_64-linux-gnu/libGL.so.1 at 0x00007f940d190000
RDI=0x0000000004013f70 is an unknown value
R8 =0x00007f9451b4d6dc is an unknown value
R9 =0x0000000000000000 is an unknown value
R10=0x00007f940d35f3c0: <offset 0x1cf3c0> in /usr/lib/x86_64-linux-gnu/libGL.so.1 at 0x00007f940d190000
R11=0x00007f94634dc1c0: __cxa_finalize+0 in /lib/x86_64-linux-gnu/libc.so.6 at 0x00007f94634a4000
R12=0x00007f940d226992: <offset 0x96992> in /usr/lib/x86_64-linux-gnu/libGL.so.1 at 0x00007f940d190000
R13=0x00007f9434008b00 is an unknown value
R14=0x00007f9451b4dae0 is an unknown value
R15=0x00007f9404026210 is an unknown value


Stack: [0x00007f9451a4e000,0x00007f9451b4f000],  sp=0x00007f9451b4d670,  free space=1021k
Native frames: (J=compiled Java code, j=interpreted, Vv=VM code, C=native code)
C  [libX11.so.6+0x3ae38]  XQueryExtension+0x28

VM_Operation (0x00007f940d4986c0): Exit, mode: safepoint, requested by thread 0x00007f945c357800


---------------  P R O C E S S  ---------------

Java Threads: ( => current thread )
  0x00007f93def10000 JavaThread "pool-1-thread-3" [_thread_blocked, id=31036, stack(0x00007f93fc77b000,0x00007f93fc87c000)]
  0x00007f93def1e000 JavaThread "pool-1-thread-2" [_thread_blocked, id=31035, stack(0x00007f93fc87c000,0x00007f93fc97d000)]
  0x00007f93de3e9000 JavaThread "pool-1-thread-1" [_thread_blocked, id=31034, stack(0x00007f940c2bb000,0x00007f940c3bc000)]
  0x00007f9405441000 JavaThread "AsynchExecutor-Thread" daemon [_thread_blocked, id=31033, stack(0x00007f940c6bc000,0x00007f940c7bd000)]
  0x00007f940401a800 JavaThread "process reaper" daemon [_thread_blocked, id=31029, stack(0x00007f945801e000,0x00007f9458057000)]
  0x00007f945c00b000 JavaThread "DestroyJavaVM" [_thread_blocked, id=31009, stack(0x00007f9463f73000,0x00007f9464074000)]
  0x00007f945c357800 JavaThread "LWJGL Application" [_thread_blocked, id=31027, stack(0x00007f940d399000,0x00007f940d49a000)]
  0x00007f945c2b5000 JavaThread "AWT-XAWT" daemon [_thread_blocked, id=31023, stack(0x00007f9440bb3000,0x00007f9440cb4000)]
  0x00007f945c295000 JavaThread "Java2D Disposer" daemon [_thread_blocked, id=31022, stack(0x00007f9440cb4000,0x00007f9440db5000)]
  0x00007f945c0a7000 JavaThread "Service Thread" daemon [_thread_blocked, id=31020, stack(0x00007f94512bf000,0x00007f94513c0000)]
  0x00007f945c0a5000 JavaThread "C2 CompilerThread1" daemon [_thread_blocked, id=31019, stack(0x00007f94513c0000,0x00007f94514c1000)]
  0x00007f945c0a2000 JavaThread "C2 CompilerThread0" daemon [_thread_blocked, id=31018, stack(0x00007f94514c1000,0x00007f94515c2000)]
  0x00007f945c09f800 JavaThread "Signal Dispatcher" daemon [_thread_blocked, id=31017, stack(0x00007f94515c2000,0x00007f94516c3000)]
  0x00007f945c07c800 JavaThread "Finalizer" daemon [_thread_blocked, id=31016, stack(0x00007f945184c000,0x00007f945194d000)]
  0x00007f945c07a800 JavaThread "Reference Handler" daemon [_thread_blocked, id=31015, stack(0x00007f945194d000,0x00007f9451a4e000)]

Other Threads:
=>0x00007f945c076800 VMThread [stack: 0x00007f9451a4e000,0x00007f9451b4f000] [id=31014]

VM state:at safepoint (shutting down)

VM Mutex/Monitor currently owned by a thread:  ([mutex/lock_event])
[0x00007f945c0077a0] Threads_lock - owner thread: 0x00007f945c076800

Heap
 PSYoungGen      total 18432K, used 5777K [0x00000000eba80000, 0x00000000ecf00000, 0x0000000100000000)
  eden space 15872K, 20% used [0x00000000eba80000,0x00000000ebdabbe0,0x00000000eca00000)
  from space 2560K, 98% used [0x00000000ecc80000,0x00000000ecef8920,0x00000000ecf00000)
  to   space 2560K, 0% used [0x00000000eca00000,0x00000000eca00000,0x00000000ecc80000)
 ParOldGen       total 41472K, used 5868K [0x00000000c3000000, 0x00000000c5880000, 0x00000000eba80000)
  object space 41472K, 14% used [0x00000000c3000000,0x00000000c35bb3b8,0x00000000c5880000)
 PSPermGen       total 21504K, used 13303K [0x00000000b8a00000, 0x00000000b9f00000, 0x00000000c3000000)
  object space 21504K, 61% used [0x00000000b8a00000,0x00000000b96fdf48,0x00000000b9f00000)

Card table byte_map: [0x00007f94609fb000,0x00007f9460c37000] byte_map_base: 0x00007f9460436000

Polling page: 0x00007f9464099000

Code Cache  [0x00007f9459000000, 0x00007f9459270000, 0x00007f945c000000)
 total_blobs=752 nmethods=204 adapters=502 free_code_cache=48042Kb largest_free_block=49123968

Compilation events (10 events):
Event: 21.184 Thread 0x00007f945c0a5000  202             com.badlogic.gdx.backends.lwjgl.LwjglGL20::glDepthMask (5 bytes)
Event: 21.184 Thread 0x00007f945c0a2000  203             org.lwjgl.opengl.GL11::glDepthMask (19 bytes)
Event: 21.187 Thread 0x00007f945c0a2000 nmethod 203 0x00007f94590e3c50 code [0x00007f94590e3da0, 0x00007f94590e3e88]
Event: 21.187 Thread 0x00007f945c0a5000 nmethod 202 0x00007f94590e3850 code [0x00007f94590e39a0, 0x00007f94590e3aa8]
Event: 21.284 Thread 0x00007f945c0a2000  205             com.badlogic.gdx.scenes.scene2d.Actor::notify (180 bytes)
Event: 21.290 Thread 0x00007f945c0a2000 nmethod 205 0x00007f9459111b50 code [0x00007f9459111d00, 0x00007f9459112168]
Event: 21.501 Thread 0x00007f945c0a5000  206             com.badlogic.gdx.scenes.scene2d.utils.ClickListener::isVisualPressed (52 bytes)
Event: 21.503 Thread 0x00007f945c0a5000 nmethod 206 0x00007f9459111850 code [0x00007f94591119a0, 0x00007f9459111a98]
Event: 21.685 Thread 0x00007f945c0a2000  207             com.badlogic.gdx.scenes.scene2d.ui.Widget::validate (93 bytes)
Event: 21.687 Thread 0x00007f945c0a2000 nmethod 207 0x00007f9459111310 code [0x00007f94591114a0, 0x00007f9459111620]

GC Heap History (4 events):
Event: 1.674 GC heap before
{Heap before GC invocations=1 (full 0):
 PSYoungGen      total 18432K, used 15872K [0x00000000eba80000, 0x00000000ecf00000, 0x0000000100000000)
  eden space 15872K, 100% used [0x00000000eba80000,0x00000000eca00000,0x00000000eca00000)
  from space 2560K, 0% used [0x00000000ecc80000,0x00000000ecc80000,0x00000000ecf00000)
  to   space 2560K, 0% used [0x00000000eca00000,0x00000000eca00000,0x00000000ecc80000)
 ParOldGen       total 41472K, used 0K [0x00000000c3000000, 0x00000000c5880000, 0x00000000eba80000)
  object space 41472K, 0% used [0x00000000c3000000,0x00000000c3000000,0x00000000c5880000)
 PSPermGen       total 21504K, used 9259K [0x00000000b8a00000, 0x00000000b9f00000, 0x00000000c3000000)
  object space 21504K, 43% used [0x00000000b8a00000,0x00000000b930aeb8,0x00000000b9f00000)
Event: 1.683 GC heap after
Heap after GC invocations=1 (full 0):
 PSYoungGen      total 18432K, used 2544K [0x00000000eba80000, 0x00000000ecf00000, 0x0000000100000000)
  eden space 15872K, 0% used [0x00000000eba80000,0x00000000eba80000,0x00000000eca00000)
  from space 2560K, 99% used [0x00000000eca00000,0x00000000ecc7c190,0x00000000ecc80000)
  to   space 2560K, 0% used [0x00000000ecc80000,0x00000000ecc80000,0x00000000ecf00000)
 ParOldGen       total 41472K, used 2424K [0x00000000c3000000, 0x00000000c5880000, 0x00000000eba80000)
  object space 41472K, 5% used [0x00000000c3000000,0x00000000c325e2b0,0x00000000c5880000)
 PSPermGen       total 21504K, used 9259K [0x00000000b8a00000, 0x00000000b9f00000, 0x00000000c3000000)
  object space 21504K, 43% used [0x00000000b8a00000,0x00000000b930aeb8,0x00000000b9f00000)
}
Event: 7.530 GC heap before
{Heap before GC invocations=2 (full 0):
 PSYoungGen      total 18432K, used 18416K [0x00000000eba80000, 0x00000000ecf00000, 0x0000000100000000)
  eden space 15872K, 100% used [0x00000000eba80000,0x00000000eca00000,0x00000000eca00000)
  from space 2560K, 99% used [0x00000000eca00000,0x00000000ecc7c190,0x00000000ecc80000)
  to   space 2560K, 0% used [0x00000000ecc80000,0x00000000ecc80000,0x00000000ecf00000)
 ParOldGen       total 41472K, used 2424K [0x00000000c3000000, 0x00000000c5880000, 0x00000000eba80000)
  object space 41472K, 5% used [0x00000000c3000000,0x00000000c325e2b0,0x00000000c5880000)
 PSPermGen       total 21504K, used 13048K [0x00000000b8a00000, 0x00000000b9f00000, 0x00000000c3000000)
  object space 21504K, 60% used [0x00000000b8a00000,0x00000000b96be3e0,0x00000000b9f00000)
Event: 7.539 GC heap after
Heap after GC invocations=2 (full 0):
 PSYoungGen      total 18432K, used 2530K [0x00000000eba80000, 0x00000000ecf00000, 0x0000000100000000)
  eden space 15872K, 0% used [0x00000000eba80000,0x00000000eba80000,0x00000000eca00000)
  from space 2560K, 98% used [0x00000000ecc80000,0x00000000ecef8920,0x00000000ecf00000)
  to   space 2560K, 0% used [0x00000000eca00000,0x00000000eca00000,0x00000000ecc80000)
 ParOldGen       total 41472K, used 5868K [0x00000000c3000000, 0x00000000c5880000, 0x00000000eba80000)
  object space 41472K, 14% used [0x00000000c3000000,0x00000000c35bb3b8,0x00000000c5880000)
 PSPermGen       total 21504K, used 13048K [0x00000000b8a00000, 0x00000000b9f00000, 0x00000000c3000000)
  object space 21504K, 60% used [0x00000000b8a00000,0x00000000b96be3e0,0x00000000b9f00000)
}

Deoptimization events (10 events):
Event: 5.729 Thread 0x00007f93def10000 Uncommon trap: reason=class_check action=maybe_recompile pc=0x00007f9459066778 method=java.util.Properties$LineReader.readLine()I @ 62
Event: 5.732 Thread 0x00007f93def10000 Uncommon trap: reason=class_check action=maybe_recompile pc=0x00007f9459066778 method=java.util.Properties$LineReader.readLine()I @ 62
Event: 18.418 Thread 0x00007f945c357800 Uncommon trap: reason=unreached action=reinterpret pc=0x00007f94590eb798 method=java.lang.Object.equals(Ljava/lang/Object;)Z @ 2
Event: 18.418 Thread 0x00007f945c357800 Uncommon trap: reason=unreached action=reinterpret pc=0x00007f94590a5344 method=java.lang.Object.equals(Ljava/lang/Object;)Z @ 2
Event: 18.430 Thread 0x00007f945c357800 Uncommon trap: reason=class_check action=maybe_recompile pc=0x00007f94590f286c method=com.mygdx.sheep.SheepGame.render(FF)V @ 232
Event: 18.484 Thread 0x00007f945c357800 Uncommon trap: reason=class_check action=maybe_recompile pc=0x00007f94590f286c method=com.mygdx.sheep.SheepGame.render(FF)V @ 232
Event: 18.501 Thread 0x00007f945c357800 Uncommon trap: reason=class_check action=maybe_recompile pc=0x00007f94590f286c method=com.mygdx.sheep.SheepGame.render(FF)V @ 232
Event: 18.518 Thread 0x00007f945c357800 Uncommon trap: reason=class_check action=maybe_recompile pc=0x00007f94590f286c method=com.mygdx.sheep.SheepGame.render(FF)V @ 232
Event: 21.151 Thread 0x00007f945c357800 Uncommon trap: reason=array_check action=maybe_recompile pc=0x00007f94591010d8 method=com.badlogic.gdx.utils.Array.add(Ljava/lang/Object;)V @ 46
Event: 21.151 Thread 0x00007f945c357800 Uncommon trap: reason=array_check action=maybe_recompile pc=0x00007f94591010d8 method=com.badlogic.gdx.utils.Array.add(Ljava/lang/Object;)V @ 46

Internal exceptions (10 events):
Event: 8.670 Thread 0x00007f945c357800 Threw 0x00000000ebb22a00 at /build/openjdk-7-kBcQ8a/openjdk-7-7u55-2.4.7/build/openjdk/hotspot/src/share/vm/prims/jvm.cpp:1244
Event: 8.670 Thread 0x00007f945c357800 Threw 0x00000000ebb26290 at /build/openjdk-7-kBcQ8a/openjdk-7-7u55-2.4.7/build/openjdk/hotspot/src/share/vm/prims/jvm.cpp:1244
Event: 18.418 Thread 0x00007f945c357800 Threw 0x00000000ebc75a38 at /build/openjdk-7-kBcQ8a/openjdk-7-7u55-2.4.7/build/openjdk/hotspot/src/share/vm/prims/jvm.cpp:1244
Event: 18.419 Thread 0x00007f945c357800 Threw 0x00000000ebc79e30 at /build/openjdk-7-kBcQ8a/openjdk-7-7u55-2.4.7/build/openjdk/hotspot/src/share/vm/prims/jvm.cpp:1244
Event: 18.420 Thread 0x00007f945c357800 Threw 0x00000000ebc816c8 at /build/openjdk-7-kBcQ8a/openjdk-7-7u55-2.4.7/build/openjdk/hotspot/src/share/vm/prims/jvm.cpp:1244
Event: 18.424 Thread 0x00007f945c357800 Threw 0x00000000ebc88860 at /build/openjdk-7-kBcQ8a/openjdk-7-7u55-2.4.7/build/openjdk/hotspot/src/share/vm/interpreter/interpreterRuntime.cpp:347
Event: 18.424 Thread 0x00007f945c357800 Threw 0x00000000ebc89c28 at /build/openjdk-7-kBcQ8a/openjdk-7-7u55-2.4.7/build/openjdk/hotspot/src/share/vm/prims/jvm.cpp:1244
Event: 21.901 Thread 0x00007f945c357800 Threw 0x00000000ebd1e7b0 at /build/openjdk-7-kBcQ8a/openjdk-7-7u55-2.4.7/build/openjdk/hotspot/src/share/vm/prims/jvm.cpp:1244
Event: 21.909 Thread 0x00007f945c357800 Threw 0x00000000ebd22c78 at /build/openjdk-7-kBcQ8a/openjdk-7-7u55-2.4.7/build/openjdk/hotspot/src/share/vm/prims/jvm.cpp:1244
Event: 21.914 Thread 0x00007f945c357800 Threw 0x00000000ebd28018 at /build/openjdk-7-kBcQ8a/openjdk-7-7u55-2.4.7/build/openjdk/hotspot/src/share/vm/prims/jvm.cpp:1244

Events (10 events):
Event: 22.072 loading class 0x00007f945c0ab530 done
Event: 22.072 Thread 0x00007f9405179800 Thread added: 0x00007f9405179800
Event: 22.072 loading class 0x00007f945c240620
Event: 22.073 loading class 0x00007f9428030f40
Event: 22.073 loading class 0x00007f9428030f40 done
Event: 22.073 loading class 0x00007f9428030f70
Event: 22.073 loading class 0x00007f9428030f70 done
Event: 22.073 loading class 0x00007f945c240620 done
Event: 22.077 Thread 0x00007f9405179800 Thread exited: 0x00007f9405179800
Event: 22.077 Executing VM operation: Exit


Dynamic libraries:
00400000-00401000 r-xp 00000000 08:03 3934148                            /usr/lib/jvm/java-7-openjdk-amd64/jre/bin/java
00600000-00601000 r--p 00000000 08:03 3934148                            /usr/lib/jvm/java-7-openjdk-amd64/jre/bin/java
00601000-00602000 rw-p 00001000 08:03 3934148                            /usr/lib/jvm/java-7-openjdk-amd64/jre/bin/java
02059000-0227e000 rw-p 00000000 00:00 0                                  [heap]
b8a00000-b9f00000 rw-p 00000000 00:00 0 
b9f00000-c3000000 rw-p 00000000 00:00 0 
c3000000-c5880000 rw-p 00000000 00:00 0 
c5880000-eba80000 rw-p 00000000 00:00 0 
eba80000-ecf00000 rw-p 00000000 00:00 0 
ecf00000-100000000 rw-p 00000000 00:00 0 
7f93cc000000-7f93cc021000 rw-p 00000000 00:00 0 
7f93cc021000-7f93d0000000 ---p 00000000 00:00 0 
7f93d4000000-7f93d4021000 rw-p 00000000 00:00 0 
7f93d4021000-7f93d8000000 ---p 00000000 00:00 0 
7f93d8000000-7f93d8041000 rw-p 00000000 00:00 0 
7f93d8041000-7f93dc000000 ---p 00000000 00:00 0 
7f93dc000000-7f93df609000 rw-p 00000000 00:00 0 
7f93df609000-7f93e0000000 ---p 00000000 00:00 0 
7f93e0000000-7f93e0051000 rw-p 00000000 00:00 0 
7f93e0051000-7f93e4000000 ---p 00000000 00:00 0 
7f93e4000000-7f93e7ff1000 rw-p 00000000 00:00 0 
7f93e7ff1000-7f93e8000000 ---p 00000000 00:00 0 
7f93ec000000-7f93ec0ae000 rw-p 00000000 00:00 0 
7f93ec0ae000-7f93f0000000 ---p 00000000 00:00 0 
7f93f0000000-7f93f07d8000 rw-p 00000000 00:00 0 
7f93f07d8000-7f93f4000000 ---p 00000000 00:00 0 
7f93f4000000-7f93f40b4000 rw-p 00000000 00:00 0 
7f93f40b4000-7f93f8000000 ---p 00000000 00:00 0 
7f93f8000000-7f93f8021000 rw-p 00000000 00:00 0 
7f93f8021000-7f93fc000000 ---p 00000000 00:00 0 
7f93fc67a000-7f93fc67d000 ---p 00000000 00:00 0 
7f93fc67d000-7f93fc77b000 rw-p 00000000 00:00 0 
7f93fc77b000-7f93fc77e000 ---p 00000000 00:00 0 
7f93fc77e000-7f93fc87c000 rw-p 00000000 00:00 0 
7f93fc87c000-7f93fc87f000 ---p 00000000 00:00 0 
7f93fc87f000-7f93fc97d000 rw-p 00000000 00:00 0 
7f93fc97d000-7f93fc982000 r-xp 00000000 08:03 12192225                   /lib/x86_64-linux-gnu/libnss_dns-2.19.so
7f93fc982000-7f93fcb81000 ---p 00005000 08:03 12192225                   /lib/x86_64-linux-gnu/libnss_dns-2.19.so
7f93fcb81000-7f93fcb82000 r--p 00004000 08:03 12192225                   /lib/x86_64-linux-gnu/libnss_dns-2.19.so
7f93fcb82000-7f93fcb83000 rw-p 00005000 08:03 12192225                   /lib/x86_64-linux-gnu/libnss_dns-2.19.so
7f93fcb83000-7f93fcb85000 r-xp 00000000 08:03 12058696                   /lib/libnss_mdns4_minimal.so.2
7f93fcb85000-7f93fcd84000 ---p 00002000 08:03 12058696                   /lib/libnss_mdns4_minimal.so.2
7f93fcd84000-7f93fcd85000 rw-p 00001000 08:03 12058696                   /lib/libnss_mdns4_minimal.so.2
7f93fcd85000-7f93fcd86000 ---p 00000000 00:00 0 
7f93fcd86000-7f93fd586000 rw-p 00000000 00:00 0 
7f93fd586000-7f93fd587000 ---p 00000000 00:00 0 
7f93fd587000-7f93fdd87000 rw-p 00000000 00:00 0 
7f93fdd87000-7f93ffc7f000 r-xp 00000000 08:03 4201338                    /usr/lib/x86_64-linux-gnu/dri/fglrx_dri.so
7f93ffc7f000-7f93ffd7e000 ---p 01ef8000 08:03 4201338                    /usr/lib/x86_64-linux-gnu/dri/fglrx_dri.so
7f93ffd7e000-7f93ffedc000 rwxp 01ef7000 08:03 4201338                    /usr/lib/x86_64-linux-gnu/dri/fglrx_dri.so
7f93ffedc000-7f9400000000 rwxp 00000000 00:00 0 
7f9400000000-7f9400021000 rw-p 00000000 00:00 0 
7f9400021000-7f9404000000 ---p 00000000 00:00 0 
7f9404000000-7f9407f2c000 rw-p 00000000 00:00 0 
7f9407f2c000-7f9408000000 ---p 00000000 00:00 0 
7f9408000000-7f9408021000 rw-p 00000000 00:00 0 
7f9408021000-7f940c000000 ---p 00000000 00:00 0 
7f940c0a3000-7f940c0ba000 r-xp 00000000 08:03 3934214                    /usr/lib/jvm/java-7-openjdk-amd64/jre/lib/amd64/libnet.so
7f940c0ba000-7f940c2b9000 ---p 00017000 08:03 3934214                    /usr/lib/jvm/java-7-openjdk-amd64/jre/lib/amd64/libnet.so
7f940c2b9000-7f940c2ba000 r--p 00016000 08:03 3934214                    /usr/lib/jvm/java-7-openjdk-amd64/jre/lib/amd64/libnet.so
7f940c2ba000-7f940c2bb000 rw-p 00017000 08:03 3934214                    /usr/lib/jvm/java-7-openjdk-amd64/jre/lib/amd64/libnet.so
7f940c2bb000-7f940c2be000 ---p 00000000 00:00 0 
7f940c2be000-7f940c3bc000 rw-p 00000000 00:00 0 
7f940c6bc000-7f940c6bf000 ---p 00000000 00:00 0 
7f940c6bf000-7f940c7bd000 rw-p 00000000 00:00 0 
7f940c831000-7f940cf31000 rw-s 00006000 00:05 7289                       /dev/ati/card0
7f940cf31000-7f940cf6e000 r-xp 00000000 08:03 4201336                    /usr/lib/x86_64-linux-gnu/libatiadlxx.so
7f940cf6e000-7f940d06d000 ---p 0003d000 08:03 4201336                    /usr/lib/x86_64-linux-gnu/libatiadlxx.so
7f940d06d000-7f940d077000 rw-p 0003c000 08:03 4201336                    /usr/lib/x86_64-linux-gnu/libatiadlxx.so
7f940d077000-7f940d087000 rw-p 00000000 00:00 0 
7f940d087000-7f940d08e000 r-xp 00000000 08:03 4201328                    /usr/lib/x86_64-linux-gnu/libatiuki.so.1.0
7f940d08e000-7f940d18e000 ---p 00007000 08:03 4201328                    /usr/lib/x86_64-linux-gnu/libatiuki.so.1.0
7f940d18e000-7f940d18f000 rw-p 00007000 08:03 4201328                    /usr/lib/x86_64-linux-gnu/libatiuki.so.1.0
7f940d18f000-7f940d190000 rw-p 00000000 00:00 0 
7f940d190000-7f940d253000 r-xp 00000000 08:03 4201341                    /usr/lib/x86_64-linux-gnu/fglrx/fglrx-libGL.so.1.2
7f940d253000-7f940d352000 ---p 000c3000 08:03 4201341                    /usr/lib/x86_64-linux-gnu/fglrx/fglrx-libGL.so.1.2
7f940d352000-7f940d379000 rwxp 000c2000 08:03 4201341                    /usr/lib/x86_64-linux-gnu/fglrx/fglrx-libGL.so.1.2
7f940d379000-7f940d399000 rwxp 00000000 00:00 0 
7f940d399000-7f940d39c000 ---p 00000000 00:00 0 
7f940d39c000-7f940d49a000 rw-p 00000000 00:00 0 
7f940d49a000-7f940d49d000 ---p 00000000 00:00 0 
7f940d49d000-7f940d59b000 rw-p 00000000 00:00 0 
7f941159c000-7f941159d000 ---p 00000000 00:00 0 
7f941159d000-7f9411d9d000 rw-p 00000000 00:00 0 
7f9411d9d000-7f9411da3000 r-xp 00000000 08:03 4200289                    /usr/lib/x86_64-linux-gnu/libogg.so.0.8.0
7f9411da3000-7f9411fa2000 ---p 00006000 08:03 4200289                    /usr/lib/x86_64-linux-gnu/libogg.so.0.8.0
7f9411fa2000-7f9411fa3000 rw-p 00005000 08:03 4200289                    /usr/lib/x86_64-linux-gnu/libogg.so.0.8.0
7f9411fa3000-7f9411fcf000 r-xp 00000000 08:03 4200496                    /usr/lib/x86_64-linux-gnu/libvorbis.so.0.4.5
7f9411fcf000-7f94121ce000 ---p 0002c000 08:03 4200496                    /usr/lib/x86_64-linux-gnu/libvorbis.so.0.4.5
7f94121ce000-7f94121cf000 r--p 0002b000 08:03 4200496                    /usr/lib/x86_64-linux-gnu/libvorbis.so.0.4.5
7f94121cf000-7f94121d0000 rw-p 0002c000 08:03 4200496                    /usr/lib/x86_64-linux-gnu/libvorbis.so.0.4.5
7f94121d0000-7f9412483000 r-xp 00000000 08:03 4200498                    /usr/lib/x86_64-linux-gnu/libvorbisenc.so.2.0.8
7f9412483000-7f9412682000 ---p 002b3000 08:03 4200498                    /usr/lib/x86_64-linux-gnu/libvorbisenc.so.2.0.8
7f9412682000-7f941269e000 r--p 002b2000 08:03 4200498                    /usr/lib/x86_64-linux-gnu/libvorbisenc.so.2.0.8
7f941269e000-7f941269f000 rw-p 002ce000 08:03 4200498                    /usr/lib/x86_64-linux-gnu/libvorbisenc.so.2.0.8
7f941269f000-7f94126ea000 r-xp 00000000 08:03 4199700                    /usr/lib/x86_64-linux-gnu/libFLAC.so.8.2.0
7f94126ea000-7f94128e9000 ---p 0004b000 08:03 4199700                    /usr/lib/x86_64-linux-gnu/libFLAC.so.8.2.0
7f94128e9000-7f94128ea000 r--p 0004a000 08:03 4199700                    /usr/lib/x86_64-linux-gnu/libFLAC.so.8.2.0
7f94128ea000-7f94128eb000 rw-p 0004b000 08:03 4199700                    /usr/lib/x86_64-linux-gnu/libFLAC.so.8.2.0
7f94128eb000-7f94128ef000 r-xp 00000000 08:03 12190707                   /lib/x86_64-linux-gnu/libuuid.so.1.3.0
7f94128ef000-7f9412aee000 ---p 00004000 08:03 12190707                   /lib/x86_64-linux-gnu/libuuid.so.1.3.0
7f9412aee000-7f9412aef000 r--p 00003000 08:03 12190707                   /lib/x86_64-linux-gnu/libuuid.so.1.3.0
7f9412aef000-7f9412af0000 rw-p 00004000 08:03 12190707                   /lib/x86_64-linux-gnu/libuuid.so.1.3.0
7f9412af0000-7f9412af4000 r-xp 00000000 08:03 12190559                   /lib/x86_64-linux-gnu/libattr.so.1.1.0
7f9412af4000-7f9412cf3000 ---p 00004000 08:03 12190559                   /lib/x86_64-linux-gnu/libattr.so.1.1.0
7f9412cf3000-7f9412cf4000 r--p 00003000 08:03 12190559                   /lib/x86_64-linux-gnu/libattr.so.1.1.0
7f9412cf4000-7f9412cf5000 rw-p 00004000 08:03 12190559                   /lib/x86_64-linux-gnu/libattr.so.1.1.0
7f9412cf5000-7f9412cfa000 r-xp 00000000 08:03 4199797                    /usr/lib/x86_64-linux-gnu/libasyncns.so.0.3.1
7f9412cfa000-7f9412ef9000 ---p 00005000 08:03 4199797                    /usr/lib/x86_64-linux-gnu/libasyncns.so.0.3.1
7f9412ef9000-7f9412efa000 rw-p 00004000 08:03 4199797                    /usr/lib/x86_64-linux-gnu/libasyncns.so.0.3.1
7f9412efa000-7f9412f5b000 r-xp 00000000 08:03 4200411                    /usr/lib/x86_64-linux-gnu/libsndfile.so.1.0.25
7f9412f5b000-7f941315a000 ---p 00061000 08:03 4200411                    /usr/lib/x86_64-linux-gnu/libsndfile.so.1.0.25
7f941315a000-7f941315c000 r--p 00060000 08:03 4200411                    /usr/lib/x86_64-linux-gnu/libsndfile.so.1.0.25
7f941315c000-7f941315d000 rw-p 00062000 08:03 4200411                    /usr/lib/x86_64-linux-gnu/libsndfile.so.1.0.25
7f941315d000-7f9413161000 rw-p 00000000 00:00 0 
7f9413161000-7f941316a000 r-xp 00000000 08:03 12190709                   /lib/x86_64-linux-gnu/libwrap.so.0.7.6
7f941316a000-7f9413369000 ---p 00009000 08:03 12190709                   /lib/x86_64-linux-gnu/libwrap.so.0.7.6
7f9413369000-7f941336a000 r--p 00008000 08:03 12190709                   /lib/x86_64-linux-gnu/libwrap.so.0.7.6
7f941336a000-7f941336b000 rw-p 00009000 08:03 12190709                   /lib/x86_64-linux-gnu/libwrap.so.0.7.6
7f941336b000-7f941336c000 rw-p 00000000 00:00 0 
7f941336c000-7f9413373000 r-xp 00000000 08:03 4199720                    /usr/lib/x86_64-linux-gnu/libSM.so.6.0.1
7f9413373000-7f9413572000 ---p 00007000 08:03 4199720                    /usr/lib/x86_64-linux-gnu/libSM.so.6.0.1
7f9413572000-7f9413573000 rw-p 00006000 08:03 4199720                    /usr/lib/x86_64-linux-gnu/libSM.so.6.0.1
7f9413573000-7f941358a000 r-xp 00000000 08:03 4199710                    /usr/lib/x86_64-linux-gnu/libICE.so.6.3.0
7f941358a000-7f9413789000 ---p 00017000 08:03 4199710                    /usr/lib/x86_64-linux-gnu/libICE.so.6.3.0
7f9413789000-7f941378b000 rw-p 00016000 08:03 4199710                    /usr/lib/x86_64-linux-gnu/libICE.so.6.3.0
7f941378b000-7f941378e000 rw-p 00000000 00:00 0 
7f941378e000-7f941378f000 r-xp 00000000 08:03 4199726                    /usr/lib/x86_64-linux-gnu/libX11-xcb.so.1.0.0
7f941378f000-7f941398e000 ---p 00001000 08:03 4199726                    /usr/lib/x86_64-linux-gnu/libX11-xcb.so.1.0.0
7f941398e000-7f941398f000 rw-p 00000000 08:03 4199726                    /usr/lib/x86_64-linux-gnu/libX11-xcb.so.1.0.0
7f941398f000-7f9413993000 r-xp 00000000 08:03 12190572                   /lib/x86_64-linux-gnu/libcap.so.2.22
7f9413993000-7f9413b92000 ---p 00004000 08:03 12190572                   /lib/x86_64-linux-gnu/libcap.so.2.22
7f9413b92000-7f9413b93000 rw-p 00003000 08:03 12190572                   /lib/x86_64-linux-gnu/libcap.so.2.22
7f9413b93000-7f9413bf4000 r-xp 00000000 08:03 4325923                    /usr/lib/x86_64-linux-gnu/pulseaudio/libpulsecommon-2.0.so
7f9413bf4000-7f9413df3000 ---p 00061000 08:03 4325923                    /usr/lib/x86_64-linux-gnu/pulseaudio/libpulsecommon-2.0.so
7f9413df3000-7f9413df4000 r--p 00060000 08:03 4325923                    /usr/lib/x86_64-linux-gnu/pulseaudio/libpulsecommon-2.0.so
7f9413df4000-7f9413df6000 rw-p 00061000 08:03 4325923                    /usr/lib/x86_64-linux-gnu/pulseaudio/libpulsecommon-2.0.so
7f9413df6000-7f9413dff000 r-xp 00000000 08:03 12190608                   /lib/x86_64-linux-gnu/libjson.so.0.1.0
7f9413dff000-7f9413ffe000 ---p 00009000 08:03 12190608                   /lib/x86_64-linux-gnu/libjson.so.0.1.0
7f9413ffe000-7f9413fff000 r--p 00008000 08:03 12190608                   /lib/x86_64-linux-gnu/libjson.so.0.1.0
7f9413fff000-7f9414000000 rw-p 00009000 08:03 12190608                   /lib/x86_64-linux-gnu/libjson.so.0.1.0
7f9414000000-7f9414021000 rw-p 00000000 00:00 0 
7f9414021000-7f9418000000 ---p 00000000 00:00 0 
7f9418000000-7f9418021000 rw-p 00000000 00:00 0 
7f9418021000-7f941c000000 ---p 00000000 00:00 0 
7f941c000000-7f941c021000 rw-p 00000000 00:00 0 
7f941c021000-7f9420000000 ---p 00000000 00:00 0 
7f9420000000-7f9420021000 rw-p 00000000 00:00 0 
7f9420021000-7f9424000000 ---p 00000000 00:00 0 
7f9424000000-7f94248a9000 rw-p 00000000 00:00 0 
7f94248a9000-7f9428000000 ---p 00000000 00:00 0 
7f9428000000-7f9429482000 rw-p 00000000 00:00 0 
7f9429482000-7f942c000000 ---p 00000000 00:00 0 
7f942c000000-7f942c021000 rw-p 00000000 00:00 0 
7f942c021000-7f9430000000 ---p 00000000 00:00 0 
7f9430000000-7f9430021000 rw-p 00000000 00:00 0 
7f9430021000-7f9434000000 ---p 00000000 00:00 0 
7f9434000000-7f9434021000 rw-p 00000000 00:00 0 
7f9434021000-7f9438000000 ---p 00000000 00:00 0 
7f9438000000-7f9438021000 rw-p 00000000 00:00 0 
7f9438021000-7f943c000000 ---p 00000000 00:00 0 
7f943c000000-7f943c021000 rw-p 00000000 00:00 0 
7f943c021000-7f9440000000 ---p 00000000 00:00 0 
7f944009a000-7f94400e3000 r-xp 00000000 08:03 4200364                    /usr/lib/x86_64-linux-gnu/libpulse.so.0.14.2
7f94400e3000-7f94402e2000 ---p 00049000 08:03 4200364                    /usr/lib/x86_64-linux-gnu/libpulse.so.0.14.2
7f94402e2000-7f94402e3000 r--p 00048000 08:03 4200364                    /usr/lib/x86_64-linux-gnu/libpulse.so.0.14.2
7f94402e3000-7f94402e4000 rw-p 00049000 08:03 4200364                    /usr/lib/x86_64-linux-gnu/libpulse.so.0.14.2
7f944053d000-7f9440541000 r-xp 00000000 08:03 4199775                    /usr/lib/x86_64-linux-gnu/libXxf86vm.so.1.0.0
7f9440541000-7f9440741000 ---p 00004000 08:03 4199775                    /usr/lib/x86_64-linux-gnu/libXxf86vm.so.1.0.0
7f9440741000-7f9440742000 r--p 00004000 08:03 4199775                    /usr/lib/x86_64-linux-gnu/libXxf86vm.so.1.0.0
7f9440742000-7f9440743000 rw-p 00005000 08:03 4199775                    /usr/lib/x86_64-linux-gnu/libXxf86vm.so.1.0.0
7f9440743000-7f94407af000 r-xp 00000000 08:01 301131                     /media/winDisk/Users/ChobeDucket/Documents/sheep/android/assets/.temp/7b43be9b/liblwjgl64.so
7f94407af000-7f94409ae000 ---p 0006c000 08:01 301131                     /media/winDisk/Users/ChobeDucket/Documents/sheep/android/assets/.temp/7b43be9b/liblwjgl64.so
7f94409ae000-7f94409b0000 r--p 0006b000 08:01 301131                     /media/winDisk/Users/ChobeDucket/Documents/sheep/android/assets/.temp/7b43be9b/liblwjgl64.so
7f94409b0000-7f94409b1000 rw-p 0006d000 08:01 301131                     /media/winDisk/Users/ChobeDucket/Documents/sheep/android/assets/.temp/7b43be9b/liblwjgl64.so
7f94409b1000-7f94409b2000 r-xp 00000000 08:03 3934229                    /usr/lib/jvm/java-7-openjdk-amd64/jre/lib/amd64/libjawt.so
7f94409b2000-7f9440bb1000 ---p 00001000 08:03 3934229                    /usr/lib/jvm/java-7-openjdk-amd64/jre/lib/amd64/libjawt.so
7f9440bb1000-7f9440bb2000 r--p 00000000 08:03 3934229                    /usr/lib/jvm/java-7-openjdk-amd64/jre/lib/amd64/libjawt.so
7f9440bb2000-7f9440bb3000 rw-p 00001000 08:03 3934229                    /usr/lib/jvm/java-7-openjdk-amd64/jre/lib/amd64/libjawt.so
7f9440bb3000-7f9440bb6000 ---p 00000000 00:00 0 
7f9440bb6000-7f9440cb4000 rw-p 00000000 00:00 0 
7f9440cb4000-7f9440cb7000 ---p 00000000 00:00 0 
7f9440cb7000-7f9440db5000 rw-p 00000000 00:00 0 
7f9440db5000-7f9440db8000 r-xp 00000000 08:03 12190599                   /lib/x86_64-linux-gnu/libgpg-error.so.0.8.0
7f9440db8000-7f9440fb7000 ---p 00003000 08:03 12190599                   /lib/x86_64-linux-gnu/libgpg-error.so.0.8.0
7f9440fb7000-7f9440fb8000 rw-p 00002000 08:03 12190599                   /lib/x86_64-linux-gnu/libgpg-error.so.0.8.0
7f9440fb8000-7f9440ffc000 r-xp 00000000 08:03 12190580                   /lib/x86_64-linux-gnu/libdbus-1.so.3.7.2
7f9440ffc000-7f94411fc000 ---p 00044000 08:03 12190580                   /lib/x86_64-linux-gnu/libdbus-1.so.3.7.2
7f94411fc000-7f94411fd000 r--p 00044000 08:03 12190580                   /lib/x86_64-linux-gnu/libdbus-1.so.3.7.2
7f94411fd000-7f94411fe000 rw-p 00045000 08:03 12190580                   /lib/x86_64-linux-gnu/libdbus-1.so.3.7.2
7f94411fe000-7f944120f000 r-xp 00000000 08:03 4200305                    /usr/lib/x86_64-linux-gnu/libp11-kit.so.0.0.0
7f944120f000-7f944140e000 ---p 00011000 08:03 4200305                    /usr/lib/x86_64-linux-gnu/libp11-kit.so.0.0.0
7f944140e000-7f944140f000 r--p 00010000 08:03 4200305                    /usr/lib/x86_64-linux-gnu/libp11-kit.so.0.0.0
7f944140f000-7f9441410000 rw-p 00011000 08:03 4200305                    /usr/lib/x86_64-linux-gnu/libp11-kit.so.0.0.0
7f9441410000-7f944148a000 r-xp 00000000 08:03 12190595                   /lib/x86_64-linux-gnu/libgcrypt.so.11.7.0
7f944148a000-7f944168a000 ---p 0007a000 08:03 12190595                   /lib/x86_64-linux-gnu/libgcrypt.so.11.7.0
7f944168a000-7f944168b000 r--p 0007a000 08:03 12190595                   /lib/x86_64-linux-gnu/libgcrypt.so.11.7.0
7f944168b000-7f944168e000 rw-p 0007b000 08:03 12190595                   /lib/x86_64-linux-gnu/libgcrypt.so.11.7.0
7f944168e000-7f944169e000 r-xp 00000000 08:03 4200448                    /usr/lib/x86_64-linux-gnu/libtasn1.so.3.1.16
7f944169e000-7f944189d000 ---p 00010000 08:03 4200448                    /usr/lib/x86_64-linux-gnu/libtasn1.so.3.1.16
7f944189d000-7f944189e000 r--p 0000f000 08:03 4200448                    /usr/lib/x86_64-linux-gnu/libtasn1.so.3.1.16
7f944189e000-7f944189f000 rw-p 00010000 08:03 4200448                    /usr/lib/x86_64-linux-gnu/libtasn1.so.3.1.16
7f944189f000-7f94418a2000 r-xp 00000000 08:03 12190610                   /lib/x86_64-linux-gnu/libkeyutils.so.1.4
7f94418a2000-7f9441aa1000 ---p 00003000 08:03 12190610                   /lib/x86_64-linux-gnu/libkeyutils.so.1.4
7f9441aa1000-7f9441aa2000 r--p 00002000 08:03 12190610                   /lib/x86_64-linux-gnu/libkeyutils.so.1.4
7f9441aa2000-7f9441aa3000 rw-p 00003000 08:03 12190610                   /lib/x86_64-linux-gnu/libkeyutils.so.1.4
7f9441aa3000-7f9441aab000 r-xp 00000000 08:03 4200208                    /usr/lib/x86_64-linux-gnu/libkrb5support.so.0.1
7f9441aab000-7f9441caa000 ---p 00008000 08:03 4200208                    /usr/lib/x86_64-linux-gnu/libkrb5support.so.0.1
7f9441caa000-7f9441cab000 r--p 00007000 08:03 4200208                    /usr/lib/x86_64-linux-gnu/libkrb5support.so.0.1
7f9441cab000-7f9441cac000 rw-p 00008000 08:03 4200208                    /usr/lib/x86_64-linux-gnu/libkrb5support.so.0.1
7f9441cac000-7f9441caf000 r-xp 00000000 08:03 12190576                   /lib/x86_64-linux-gnu/libcom_err.so.2.1
7f9441caf000-7f9441eae000 ---p 00003000 08:03 12190576                   /lib/x86_64-linux-gnu/libcom_err.so.2.1
7f9441eae000-7f9441eaf000 r--p 00002000 08:03 12190576                   /lib/x86_64-linux-gnu/libcom_err.so.2.1
7f9441eaf000-7f9441eb0000 rw-p 00003000 08:03 12190576                   /lib/x86_64-linux-gnu/libcom_err.so.2.1
7f9441eb0000-7f9441ed6000 r-xp 00000000 08:03 4200198                    /usr/lib/x86_64-linux-gnu/libk5crypto.so.3.1
7f9441ed6000-7f94420d6000 ---p 00026000 08:03 4200198                    /usr/lib/x86_64-linux-gnu/libk5crypto.so.3.1
7f94420d6000-7f94420d7000 r--p 00026000 08:03 4200198                    /usr/lib/x86_64-linux-gnu/libk5crypto.so.3.1
7f94420d7000-7f94420d8000 rw-p 00027000 08:03 4200198                    /usr/lib/x86_64-linux-gnu/libk5crypto.so.3.1
7f94420d8000-7f94420d9000 rw-p 00000000 00:00 0 
7f94420d9000-7f94421a2000 r-xp 00000000 08:03 4200206                    /usr/lib/x86_64-linux-gnu/libkrb5.so.3.3
7f94421a2000-7f94423a1000 ---p 000c9000 08:03 4200206                    /usr/lib/x86_64-linux-gnu/libkrb5.so.3.3
7f94423a1000-7f94423ab000 r--p 000c8000 08:03 4200206                    /usr/lib/x86_64-linux-gnu/libkrb5.so.3.3
7f94423ab000-7f94423ad000 rw-p 000d2000 08:03 4200206                    /usr/lib/x86_64-linux-gnu/libkrb5.so.3.3
7f94423ad000-7f94423b2000 r-xp 00000000 08:03 4199743                    /usr/lib/x86_64-linux-gnu/libXdmcp.so.6.0.0
7f94423b2000-7f94425b1000 ---p 00005000 08:03 4199743                    /usr/lib/x86_64-linux-gnu/libXdmcp.so.6.0.0
7f94425b1000-7f94425b2000 rw-p 00004000 08:03 4199743                    /usr/lib/x86_64-linux-gnu/libXdmcp.so.6.0.0
7f94425b2000-7f94425b4000 r-xp 00000000 08:03 4199732                    /usr/lib/x86_64-linux-gnu/libXau.so.6.0.0
7f94425b4000-7f94427b4000 ---p 00002000 08:03 4199732                    /usr/lib/x86_64-linux-gnu/libXau.so.6.0.0
7f94427b4000-7f94427b5000 rw-p 00002000 08:03 4199732                    /usr/lib/x86_64-linux-gnu/libXau.so.6.0.0
7f94427b5000-7f94427c5000 r-xp 00000000 08:03 4199807                    /usr/lib/x86_64-linux-gnu/libavahi-client.so.3.2.9
7f94427c5000-7f94429c4000 ---p 00010000 08:03 4199807                    /usr/lib/x86_64-linux-gnu/libavahi-client.so.3.2.9
7f94429c4000-7f94429c5000 r--p 0000f000 08:03 4199807                    /usr/lib/x86_64-linux-gnu/libavahi-client.so.3.2.9
7f94429c5000-7f94429c6000 rw-p 00010000 08:03 4199807                    /usr/lib/x86_64-linux-gnu/libavahi-client.so.3.2.9
7f94429c6000-7f94429d2000 r-xp 00000000 08:03 4199809                    /usr/lib/x86_64-linux-gnu/libavahi-common.so.3.5.3
7f94429d2000-7f9442bd1000 ---p 0000c000 08:03 4199809                    /usr/lib/x86_64-linux-gnu/libavahi-common.so.3.5.3
7f9442bd1000-7f9442bd2000 r--p 0000b000 08:03 4199809                    /usr/lib/x86_64-linux-gnu/libavahi-common.so.3.5.3
7f9442bd2000-7f9442bd3000 rw-p 0000c000 08:03 4199809                    /usr/lib/x86_64-linux-gnu/libavahi-common.so.3.5.3
7f9442bd3000-7f9442c8c000 r-xp 00000000 08:03 4200060                    /usr/lib/x86_64-linux-gnu/libgnutls.so.26.22.4
7f9442c8c000-7f9442e8b000 ---p 000b9000 08:03 4200060                    /usr/lib/x86_64-linux-gnu/libgnutls.so.26.22.4
7f9442e8b000-7f9442e91000 r--p 000b8000 08:03 4200060                    /usr/lib/x86_64-linux-gnu/libgnutls.so.26.22.4
7f9442e91000-7f9442e93000 rw-p 000be000 08:03 4200060                    /usr/lib/x86_64-linux-gnu/libgnutls.so.26.22.4
7f9442e93000-7f9442ecf000 r-xp 00000000 08:03 4200085                    /usr/lib/x86_64-linux-gnu/libgssapi_krb5.so.2.2
7f9442ecf000-7f94430cf000 ---p 0003c000 08:03 4200085                    /usr/lib/x86_64-linux-gnu/libgssapi_krb5.so.2.2
7f94430cf000-7f94430d0000 r--p 0003c000 08:03 4200085                    /usr/lib/x86_64-linux-gnu/libgssapi_krb5.so.2.2
7f94430d0000-7f94430d2000 rw-p 0003d000 08:03 4200085                    /usr/lib/x86_64-linux-gnu/libgssapi_krb5.so.2.2
7f94430d2000-7f944310e000 r-xp 00000000 08:03 12190663                   /lib/x86_64-linux-gnu/libpcre.so.3.13.1
7f944310e000-7f944330e000 ---p 0003c000 08:03 12190663                   /lib/x86_64-linux-gnu/libpcre.so.3.13.1
7f944330e000-7f944330f000 rw-p 0003c000 08:03 12190663                   /lib/x86_64-linux-gnu/libpcre.so.3.13.1
7f944330f000-7f944331b000 r-xp 00000000 08:03 4199961                    /usr/lib/x86_64-linux-gnu/libffi.so.5.0.10
7f944331b000-7f944351b000 ---p 0000c000 08:03 4199961                    /usr/lib/x86_64-linux-gnu/libffi.so.5.0.10
7f944351b000-7f944351c000 rw-p 0000c000 08:03 4199961                    /usr/lib/x86_64-linux-gnu/libffi.so.5.0.10
7f944351c000-7f9443543000 r-xp 00000000 08:03 12190588                   /lib/x86_64-linux-gnu/libexpat.so.1.6.0
7f9443543000-7f9443743000 ---p 00027000 08:03 12190588                   /lib/x86_64-linux-gnu/libexpat.so.1.6.0
7f9443743000-7f9443745000 r--p 00027000 08:03 12190588                   /lib/x86_64-linux-gnu/libexpat.so.1.6.0
7f9443745000-7f9443746000 rw-p 00029000 08:03 12190588                   /lib/x86_64-linux-gnu/libexpat.so.1.6.0
7f9443746000-7f944374e000 r-xp 00000000 08:03 4200521                    /usr/lib/x86_64-linux-gnu/libxcb-render.so.0.0.0
7f944374e000-7f944394e000 ---p 00008000 08:03 4200521                    /usr/lib/x86_64-linux-gnu/libxcb-render.so.0.0.0
7f944394e000-7f944394f000 r--p 00008000 08:03 4200521                    /usr/lib/x86_64-linux-gnu/libxcb-render.so.0.0.0
7f944394f000-7f9443950000 rw-p 00009000 08:03 4200521                    /usr/lib/x86_64-linux-gnu/libxcb-render.so.0.0.0
7f9443950000-7f9443952000 r-xp 00000000 08:03 4200525                    /usr/lib/x86_64-linux-gnu/libxcb-shm.so.0.0.0
7f9443952000-7f9443b51000 ---p 00002000 08:03 4200525                    /usr/lib/x86_64-linux-gnu/libxcb-shm.so.0.0.0
7f9443b51000-7f9443b52000 r--p 00001000 08:03 4200525                    /usr/lib/x86_64-linux-gnu/libxcb-shm.so.0.0.0
7f9443b52000-7f9443b53000 rw-p 00002000 08:03 4200525                    /usr/lib/x86_64-linux-gnu/libxcb-shm.so.0.0.0
7f9443b53000-7f9443bd3000 r-xp 00000000 08:03 4200335                    /usr/lib/x86_64-linux-gnu/libpixman-1.so.0.26.0
7f9443bd3000-7f9443dd3000 ---p 00080000 08:03 4200335                    /usr/lib/x86_64-linux-gnu/libpixman-1.so.0.26.0
7f9443dd3000-7f9443dd9000 rw-p 00080000 08:03 4200335                    /usr/lib/x86_64-linux-gnu/libpixman-1.so.0.26.0
7f9443dd9000-7f9443dff000 r-xp 00000000 08:03 12190665                   /lib/x86_64-linux-gnu/libpng12.so.0.49.0
7f9443dff000-7f9443ffe000 ---p 00026000 08:03 12190665                   /lib/x86_64-linux-gnu/libpng12.so.0.49.0
7f9443ffe000-7f9443fff000 r--p 00025000 08:03 12190665                   /lib/x86_64-linux-gnu/libpng12.so.0.49.0
7f9443fff000-7f9444000000 rw-p 00026000 08:03 12190665                   /lib/x86_64-linux-gnu/libpng12.so.0.49.0
7f9444000000-7f9444021000 rw-p 00000000 00:00 0 
7f9444021000-7f9448000000 ---p 00000000 00:00 0 
7f94480b2000-7f94480fa000 rw-p 00000000 00:00 0 
7f94480fa000-7f944810e000 r-xp 00000000 08:03 12192206                   /lib/x86_64-linux-gnu/libresolv-2.19.so
7f944810e000-7f944830d000 ---p 00014000 08:03 12192206                   /lib/x86_64-linux-gnu/libresolv-2.19.so
7f944830d000-7f944830e000 r--p 00013000 08:03 12192206                   /lib/x86_64-linux-gnu/libresolv-2.19.so
7f944830e000-7f944830f000 rw-p 00014000 08:03 12192206                   /lib/x86_64-linux-gnu/libresolv-2.19.so
7f944830f000-7f9448311000 rw-p 00000000 00:00 0 
7f9448311000-7f944832f000 r-xp 00000000 08:03 12190680                   /lib/x86_64-linux-gnu/libselinux.so.1
7f944832f000-7f944852e000 ---p 0001e000 08:03 12190680                   /lib/x86_64-linux-gnu/libselinux.so.1
7f944852e000-7f944852f000 r--p 0001d000 08:03 12190680                   /lib/x86_64-linux-gnu/libselinux.so.1
7f944852f000-7f9448530000 rw-p 0001e000 08:03 12190680                   /lib/x86_64-linux-gnu/libselinux.so.1
7f9448530000-7f9448531000 rw-p 00000000 00:00 0 
7f9448531000-7f9448534000 r-xp 00000000 08:03 4200052                    /usr/lib/x86_64-linux-gnu/libgmodule-2.0.so.0.3200.4
7f9448534000-7f9448733000 ---p 00003000 08:03 4200052                    /usr/lib/x86_64-linux-gnu/libgmodule-2.0.so.0.3200.4
7f9448733000-7f9448734000 r--p 00002000 08:03 4200052                    /usr/lib/x86_64-linux-gnu/libgmodule-2.0.so.0.3200.4
7f9448734000-7f9448735000 rw-p 00003000 08:03 4200052                    /usr/lib/x86_64-linux-gnu/libgmodule-2.0.so.0.3200.4
7f9448735000-7f944873f000 r-xp 00000000 08:03 4199739                    /usr/lib/x86_64-linux-gnu/libXcursor.so.1.0.2
7f944873f000-7f944893e000 ---p 0000a000 08:03 4199739                    /usr/lib/x86_64-linux-gnu/libXcursor.so.1.0.2
7f944893e000-7f944893f000 rw-p 00009000 08:03 4199739                    /usr/lib/x86_64-linux-gnu/libXcursor.so.1.0.2
7f944893f000-7f9448946000 r-xp 00000000 08:03 4199761                    /usr/lib/x86_64-linux-gnu/libXrandr.so.2.2.0
7f9448946000-7f9448b46000 ---p 00007000 08:03 4199761                    /usr/lib/x86_64-linux-gnu/libXrandr.so.2.2.0
7f9448b46000-7f9448b47000 rw-p 00007000 08:03 4199761                    /usr/lib/x86_64-linux-gnu/libXrandr.so.2.2.0
7f9448b47000-7f9448b49000 r-xp 00000000 08:03 4199753                    /usr/lib/x86_64-linux-gnu/libXinerama.so.1.0.0
7f9448b49000-7f9448d48000 ---p 00002000 08:03 4199753                    /usr/lib/x86_64-linux-gnu/libXinerama.so.1.0.0
7f9448d48000-7f9448d49000 rw-p 00001000 08:03 4199753                    /usr/lib/x86_64-linux-gnu/libXinerama.so.1.0.0
7f9448d49000-7f9448d4e000 r-xp 00000000 08:03 4199747                    /usr/lib/x86_64-linux-gnu/libXfixes.so.3.1.0
7f9448d4e000-7f9448f4d000 ---p 00005000 08:03 4199747                    /usr/lib/x86_64-linux-gnu/libXfixes.so.3.1.0
7f9448f4d000-7f9448f4e000 r--p 00004000 08:03 4199747                    /usr/lib/x86_64-linux-gnu/libXfixes.so.3.1.0
7f9448f4e000-7f9448f4f000 rw-p 00005000 08:03 4199747                    /usr/lib/x86_64-linux-gnu/libXfixes.so.3.1.0
7f9448f4f000-7f9448f51000 r-xp 00000000 08:03 4199741                    /usr/lib/x86_64-linux-gnu/libXdamage.so.1.1.0
7f9448f51000-7f9449150000 ---p 00002000 08:03 4199741                    /usr/lib/x86_64-linux-gnu/libXdamage.so.1.1.0
7f9449150000-7f9449151000 rw-p 00001000 08:03 4199741                    /usr/lib/x86_64-linux-gnu/libXdamage.so.1.1.0
7f9449151000-7f9449153000 r-xp 00000000 08:03 4199737                    /usr/lib/x86_64-linux-gnu/libXcomposite.so.1.0.0
7f9449153000-7f9449352000 ---p 00002000 08:03 4199737                    /usr/lib/x86_64-linux-gnu/libXcomposite.so.1.0.0
7f9449352000-7f9449353000 rw-p 00001000 08:03 4199737                    /usr/lib/x86_64-linux-gnu/libXcomposite.so.1.0.0
7f9449353000-7f9449372000 r-xp 00000000 08:03 4200529                    /usr/lib/x86_64-linux-gnu/libxcb.so.1.1.0
7f9449372000-7f9449571000 ---p 0001f000 08:03 4200529                    /usr/lib/x86_64-linux-gnu/libxcb.so.1.1.0
7f9449571000-7f9449572000 r--p 0001e000 08:03 4200529                    /usr/lib/x86_64-linux-gnu/libxcb.so.1.1.0
7f9449572000-7f9449573000 rw-p 0001f000 08:03 4200529                    /usr/lib/x86_64-linux-gnu/libxcb.so.1.1.0
7f9449573000-7f94495c6000 r-xp 00000000 08:03 4199889                    /usr/lib/x86_64-linux-gnu/libcups.so.2
7f94495c6000-7f94497c5000 ---p 00053000 08:03 4199889                    /usr/lib/x86_64-linux-gnu/libcups.so.2
7f94497c5000-7f94497ca000 r--p 00052000 08:03 4199889                    /usr/lib/x86_64-linux-gnu/libcups.so.2
7f94497ca000-7f94497cb000 rw-p 00057000 08:03 4199889                    /usr/lib/x86_64-linux-gnu/libcups.so.2
7f94497cb000-7f94498c0000 r-xp 00000000 08:03 12190597                   /lib/x86_64-linux-gnu/libglib-2.0.so.0.3200.4
7f94498c0000-7f9449ac0000 ---p 000f5000 08:03 12190597                   /lib/x86_64-linux-gnu/libglib-2.0.so.0.3200.4
7f9449ac0000-7f9449ac1000 r--p 000f5000 08:03 12190597                   /lib/x86_64-linux-gnu/libglib-2.0.so.0.3200.4
7f9449ac1000-7f9449ac2000 rw-p 000f6000 08:03 12190597                   /lib/x86_64-linux-gnu/libglib-2.0.so.0.3200.4
7f9449ac2000-7f9449ac3000 rw-p 00000000 00:00 0 
7f9449ac3000-7f9449ac4000 r-xp 00000000 08:03 4200137                    /usr/lib/x86_64-linux-gnu/libgthread-2.0.so.0.3200.4
7f9449ac4000-7f9449cc3000 ---p 00001000 08:03 4200137                    /usr/lib/x86_64-linux-gnu/libgthread-2.0.so.0.3200.4
7f9449cc3000-7f9449cc4000 r--p 00000000 08:03 4200137                    /usr/lib/x86_64-linux-gnu/libgthread-2.0.so.0.3200.4
7f9449cc4000-7f9449cc5000 rw-p 00001000 08:03 4200137                    /usr/lib/x86_64-linux-gnu/libgthread-2.0.so.0.3200.4
7f9449cc5000-7f9449d13000 r-xp 00000000 08:03 4200068                    /usr/lib/x86_64-linux-gnu/libgobject-2.0.so.0.3200.4
7f9449d13000-7f9449f13000 ---p 0004e000 08:03 4200068                    /usr/lib/x86_64-linux-gnu/libgobject-2.0.so.0.3200.4
7f9449f13000-7f9449f14000 r--p 0004e000 08:03 4200068                    /usr/lib/x86_64-linux-gnu/libgobject-2.0.so.0.3200.4
7f9449f14000-7f9449f15000 rw-p 0004f000 08:03 4200068                    /usr/lib/x86_64-linux-gnu/libgobject-2.0.so.0.3200.4
7f9449f15000-7f9449f4a000 r-xp 00000000 08:03 4199999                    /usr/lib/x86_64-linux-gnu/libfontconfig.so.1.5.0
7f9449f4a000-7f944a14a000 ---p 00035000 08:03 4199999                    /usr/lib/x86_64-linux-gnu/libfontconfig.so.1.5.0
7f944a14a000-7f944a14b000 r--p 00035000 08:03 4199999                    /usr/lib/x86_64-linux-gnu/libfontconfig.so.1.5.0
7f944a14b000-7f944a14c000 rw-p 00036000 08:03 4199999                    /usr/lib/x86_64-linux-gnu/libfontconfig.so.1.5.0
7f944a14c000-7f944a1e5000 r-xp 00000000 08:03 4200007                    /usr/lib/x86_64-linux-gnu/libfreetype.so.6.8.1
7f944a1e5000-7f944a3e4000 ---p 00099000 08:03 4200007                    /usr/lib/x86_64-linux-gnu/libfreetype.so.6.8.1
7f944a3e4000-7f944a3ea000 r--p 00098000 08:03 4200007                    /usr/lib/x86_64-linux-gnu/libfreetype.so.6.8.1
7f944a3ea000-7f944a3eb000 rw-p 0009e000 08:03 4200007                    /usr/lib/x86_64-linux-gnu/libfreetype.so.6.8.1
7f944a3eb000-7f944a435000 r-xp 00000000 08:03 4200313                    /usr/lib/x86_64-linux-gnu/libpango-1.0.so.0.3000.0
7f944a435000-7f944a635000 ---p 0004a000 08:03 4200313                    /usr/lib/x86_64-linux-gnu/libpango-1.0.so.0.3000.0
7f944a635000-7f944a637000 r--p 0004a000 08:03 4200313                    /usr/lib/x86_64-linux-gnu/libpango-1.0.so.0.3000.0
7f944a637000-7f944a638000 rw-p 0004c000 08:03 4200313                    /usr/lib/x86_64-linux-gnu/libpango-1.0.so.0.3000.0
7f944a638000-7f944a72c000 r-xp 00000000 08:03 4199843                    /usr/lib/x86_64-linux-gnu/libcairo.so.2.11200.2
7f944a72c000-7f944a92b000 ---p 000f4000 08:03 4199843                    /usr/lib/x86_64-linux-gnu/libcairo.so.2.11200.2
7f944a92b000-7f944a92e000 r--p 000f3000 08:03 4199843                    /usr/lib/x86_64-linux-gnu/libcairo.so.2.11200.2
7f944a92e000-7f944a92f000 rw-p 000f6000 08:03 4199843                    /usr/lib/x86_64-linux-gnu/libcairo.so.2.11200.2
7f944a92f000-7f944a931000 rw-p 00000000 00:00 0 
7f944a931000-7f944a950000 r-xp 00000000 08:03 4200030                    /usr/lib/x86_64-linux-gnu/libgdk_pixbuf-2.0.so.0.2600.1
7f944a950000-7f944ab4f000 ---p 0001f000 08:03 4200030                    /usr/lib/x86_64-linux-gnu/libgdk_pixbuf-2.0.so.0.2600.1
7f944ab4f000-7f944ab50000 r--p 0001e000 08:03 4200030                    /usr/lib/x86_64-linux-gnu/libgdk_pixbuf-2.0.so.0.2600.1
7f944ab50000-7f944ab51000 rw-p 0001f000 08:03 4200030                    /usr/lib/x86_64-linux-gnu/libgdk_pixbuf-2.0.so.0.2600.1
7f944ab51000-7f944ab5d000 r-xp 00000000 08:03 4200315                    /usr/lib/x86_64-linux-gnu/libpangocairo-1.0.so.0.3000.0
7f944ab5d000-7f944ad5c000 ---p 0000c000 08:03 4200315                    /usr/lib/x86_64-linux-gnu/libpangocairo-1.0.so.0.3000.0
7f944ad5c000-7f944ad5d000 r--p 0000b000 08:03 4200315                    /usr/lib/x86_64-linux-gnu/libpangocairo-1.0.so.0.3000.0
7f944ad5d000-7f944ad5e000 rw-p 0000c000 08:03 4200315                    /usr/lib/x86_64-linux-gnu/libpangocairo-1.0.so.0.3000.0
7f944ad5e000-7f944ad88000 r-xp 00000000 08:03 4200317                    /usr/lib/x86_64-linux-gnu/libpangoft2-1.0.so.0.3000.0
7f944ad88000-7f944af87000 ---p 0002a000 08:03 4200317                    /usr/lib/x86_64-linux-gnu/libpangoft2-1.0.so.0.3000.0
7f944af87000-7f944af88000 r--p 00029000 08:03 4200317                    /usr/lib/x86_64-linux-gnu/libpangoft2-1.0.so.0.3000.0
7f944af88000-7f944af89000 rw-p 0002a000 08:03 4200317                    /usr/lib/x86_64-linux-gnu/libpangoft2-1.0.so.0.3000.0
7f944af89000-7f944b0d5000 r-xp 00000000 08:03 4200042                    /usr/lib/x86_64-linux-gnu/libgio-2.0.so.0.3200.4
7f944b0d5000-7f944b2d4000 ---p 0014c000 08:03 4200042                    /usr/lib/x86_64-linux-gnu/libgio-2.0.so.0.3200.4
7f944b2d4000-7f944b2d8000 r--p 0014b000 08:03 4200042                    /usr/lib/x86_64-linux-gnu/libgio-2.0.so.0.3200.4
7f944b2d8000-7f944b2da000 rw-p 0014f000 08:03 4200042                    /usr/lib/x86_64-linux-gnu/libgio-2.0.so.0.3200.4
7f944b2da000-7f944b2dc000 rw-p 00000000 00:00 0 
7f944b2dc000-7f944b2fd000 r-xp 00000000 08:03 4199799                    /usr/lib/x86_64-linux-gnu/libatk-1.0.so.0.20409.1
7f944b2fd000-7f944b4fc000 ---p 00021000 08:03 4199799                    /usr/lib/x86_64-linux-gnu/libatk-1.0.so.0.20409.1
7f944b4fc000-7f944b4fe000 r--p 00020000 08:03 4199799                    /usr/lib/x86_64-linux-gnu/libatk-1.0.so.0.20409.1
7f944b4fe000-7f944b4ff000 rw-p 00022000 08:03 4199799                    /usr/lib/x86_64-linux-gnu/libatk-1.0.so.0.20409.1
7f944b4ff000-7f944b5ae000 r-xp 00000000 08:03 4200028                    /usr/lib/x86_64-linux-gnu/libgdk-x11-2.0.so.0.2400.10
7f944b5ae000-7f944b7ad000 ---p 000af000 08:03 4200028                    /usr/lib/x86_64-linux-gnu/libgdk-x11-2.0.so.0.2400.10
7f944b7ad000-7f944b7b2000 rw-p 000ae000 08:03 4200028                    /usr/lib/x86_64-linux-gnu/libgdk-x11-2.0.so.0.2400.10
7f944b7b2000-7f944bbe4000 r-xp 00000000 08:03 4200141                    /usr/lib/x86_64-linux-gnu/libgtk-x11-2.0.so.0.2400.10
7f944bbe4000-7f944bde4000 ---p 00432000 08:03 4200141                    /usr/lib/x86_64-linux-gnu/libgtk-x11-2.0.so.0.2400.10
7f944bde4000-7f944bdef000 rw-p 00432000 08:03 4200141                    /usr/lib/x86_64-linux-gnu/libgtk-x11-2.0.so.0.2400.10
7f944bdef000-7f944bdf1000 rw-p 00000000 00:00 0 
7f944bdf1000-7f944bdff000 r-xp 00000000 08:03 4199751                    /usr/lib/x86_64-linux-gnu/libXi.so.6.1.0
7f944bdff000-7f944bfff000 ---p 0000e000 08:03 4199751                    /usr/lib/x86_64-linux-gnu/libXi.so.6.1.0
7f944bfff000-7f944c000000 rw-p 0000e000 08:03 4199751                    /usr/lib/x86_64-linux-gnu/libXi.so.6.1.0
7f944c000000-7f944c021000 rw-p 00000000 00:00 0 
7f944c021000-7f9450000000 ---p 00000000 00:00 0 
7f9450033000-7f94500b0000 rw-p 00000000 00:00 0 
7f94500b0000-7f94500b5000 r-xp 00000000 08:03 4199769                    /usr/lib/x86_64-linux-gnu/libXtst.so.6.1.0
7f94500b5000-7f94502b4000 ---p 00005000 08:03 4199769                    /usr/lib/x86_64-linux-gnu/libXtst.so.6.1.0
7f94502b4000-7f94502b5000 rw-p 00004000 08:03 4199769                    /usr/lib/x86_64-linux-gnu/libXtst.so.6.1.0
7f94502b5000-7f94502be000 r-xp 00000000 08:03 4199763                    /usr/lib/x86_64-linux-gnu/libXrender.so.1.3.0
7f94502be000-7f94504bd000 ---p 00009000 08:03 4199763                    /usr/lib/x86_64-linux-gnu/libXrender.so.1.3.0
7f94504bd000-7f94504be000 rw-p 00008000 08:03 4199763                    /usr/lib/x86_64-linux-gnu/libXrender.so.1.3.0
7f94504be000-7f94505f3000 r-xp 00000000 08:03 4199728                    /usr/lib/x86_64-linux-gnu/libX11.so.6.3.0
7f94505f3000-7f94507f3000 ---p 00135000 08:03 4199728                    /usr/lib/x86_64-linux-gnu/libX11.so.6.3.0
7f94507f3000-7f94507f9000 rw-p 00135000 08:03 4199728                    /usr/lib/x86_64-linux-gnu/libX11.so.6.3.0
7f94507f9000-7f945080a000 r-xp 00000000 08:03 4199745                    /usr/lib/x86_64-linux-gnu/libXext.so.6.4.0
7f945080a000-7f9450a0a000 ---p 00011000 08:03 4199745                    /usr/lib/x86_64-linux-gnu/libXext.so.6.4.0
7f9450a0a000-7f9450a0b000 rw-p 00011000 08:03 4199745                    /usr/lib/x86_64-linux-gnu/libXext.so.6.4.0
7f9450a0b000-7f9450a5e000 r-xp 00000000 08:03 3934319                    /usr/lib/jvm/java-7-openjdk-amd64/jre/lib/amd64/xawt/libmawt.so
7f9450a5e000-7f9450c5d000 ---p 00053000 08:03 3934319                    /usr/lib/jvm/java-7-openjdk-amd64/jre/lib/amd64/xawt/libmawt.so
7f9450c5d000-7f9450c5e000 r--p 00052000 08:03 3934319                    /usr/lib/jvm/java-7-openjdk-amd64/jre/lib/amd64/xawt/libmawt.so
7f9450c5e000-7f9450c61000 rw-p 00053000 08:03 3934319                    /usr/lib/jvm/java-7-openjdk-amd64/jre/lib/amd64/xawt/libmawt.so
7f9450c61000-7f9450c62000 rw-p 00000000 00:00 0 
7f9450c62000-7f9450d03000 r-xp 00000000 08:03 3934218                    /usr/lib/jvm/java-7-openjdk-amd64/jre/lib/amd64/libawt.so
7f9450d03000-7f9450f02000 ---p 000a1000 08:03 3934218                    /usr/lib/jvm/java-7-openjdk-amd64/jre/lib/amd64/libawt.so
7f9450f02000-7f9450f03000 r--p 000a0000 08:03 3934218                    /usr/lib/jvm/java-7-openjdk-amd64/jre/lib/amd64/libawt.so
7f9450f03000-7f9450f0e000 rw-p 000a1000 08:03 3934218                    /usr/lib/jvm/java-7-openjdk-amd64/jre/lib/amd64/libawt.so
7f9450f0e000-7f9450f33000 rw-p 00000000 00:00 0 
7f9450f33000-7f9450f70000 r-xp 00000000 08:03 10486182                   /tmp/libgdxchobe/5502b6ed/libgdx64.so
7f9450f70000-7f945116f000 ---p 0003d000 08:03 10486182                   /tmp/libgdxchobe/5502b6ed/libgdx64.so
7f945116f000-7f9451170000 r--p 0003c000 08:03 10486182                   /tmp/libgdxchobe/5502b6ed/libgdx64.so
7f9451170000-7f9451171000 rw-p 0003d000 08:03 10486182                   /tmp/libgdxchobe/5502b6ed/libgdx64.so
7f9451171000-7f9451172000 r--s 00002000 08:03 10488693                   /home/chobe/.gradle/caches/modules-2/files-2.1/net.java.jinput/jinput-platform/2.0.5/53f9c919f34d2ca9de8c51fc4e1e8282029a9232/jinput-platform-2.0.5-natives-osx.jar
7f9451172000-7f9451173000 r--s 00025000 08:03 10488692                   /home/chobe/.gradle/caches/modules-2/files-2.1/net.java.jinput/jinput-platform/2.0.5/385ee093e01f587f30ee1c8a2ee7d408fd732e16/jinput-platform-2.0.5-natives-windows.jar
7f9451173000-7f9451174000 r--s 00002000 08:03 10488691                   /home/chobe/.gradle/caches/modules-2/files-2.1/net.java.jinput/jinput-platform/2.0.5/7ff832a6eb9ab6a767f1ade2b548092d0fa64795/jinput-platform-2.0.5-natives-linux.jar
7f9451174000-7f9451175000 r--s 00001000 08:03 10488690                   /home/chobe/.gradle/caches/modules-2/files-2.1/net.java.jutils/jutils/1.0.0/e12fe1fda814bd348c1579329c86943d2cd3c6a6/jutils-1.0.0.jar
7f9451175000-7f9451179000 r--s 0002f000 08:03 10488689                   /home/chobe/.gradle/caches/modules-2/files-2.1/net.java.jinput/jinput/2.0.5/39c7796b469a600f72380316f6b1f11db6c2c7c4/jinput-2.0.5.jar
7f9451179000-7f945117a000 r--s 00080000 08:03 10488688                   /home/chobe/.gradle/caches/modules-2/files-2.1/org.lwjgl.lwjgl/lwjgl-platform/2.9.1/2d12c83fdfbc04ecabf02c7bc8cc54d034f0daac/lwjgl-platform-2.9.1-natives-osx.jar
7f945117a000-7f945117b000 r--s 0008b000 08:03 10488687                   /home/chobe/.gradle/caches/modules-2/files-2.1/org.lwjgl.lwjgl/lwjgl-platform/2.9.1/aa9aae879af8eb378e22cfc64db56ec2ca9a44d1/lwjgl-platform-2.9.1-natives-linux.jar
7f945117b000-7f945117c000 r--s 00095000 08:03 10488686                   /home/chobe/.gradle/caches/modules-2/files-2.1/org.lwjgl.lwjgl/lwjgl-platform/2.9.1/4c517eca808522457dd95ee8fc1fbcdbb602efbe/lwjgl-platform-2.9.1-natives-windows.jar
7f945117c000-7f945117e000 r--s 00017000 08:03 10488685                   /home/chobe/.gradle/caches/modules-2/files-2.1/org.jcraft/jorbis/0.0.17/8872d22b293e8f5d7d56ff92be966e6dc28ebdc6/jorbis-0.0.17.jar
7f945117e000-7f945117f000 r--s 00015000 08:03 10488684                   /home/chobe/.gradle/caches/modules-2/files-2.1/com.badlogicgames.jlayer/jlayer/1.0.1-gdx/7cca83cec5c1b2f011362f4d85aabd71a73b049d/jlayer-1.0.1-gdx.jar
7f945117f000-7f9451183000 r--s 00027000 08:03 10488683                   /home/chobe/.gradle/caches/modules-2/files-2.1/org.lwjgl.lwjgl/lwjgl_util/2.9.1/290d7ba8a1bd9566f5ddf16ad06f09af5ec9b20e/lwjgl_util-2.9.1.jar
7f9451183000-7f9451191000 r--s 000ea000 08:03 10488682                   /home/chobe/.gradle/caches/modules-2/files-2.1/org.lwjgl.lwjgl/lwjgl/2.9.1/f58c5aabcef0e41718a564be9f8e412fff8db847/lwjgl-2.9.1.jar
7f9451191000-7f94511a6000 r--s 00153000 08:03 10488660                   /home/chobe/.gradle/caches/modules-2/files-2.1/com.badlogicgames.gdx/gdx/1.1.0/686f5a609c717eb0769d3b954c501a49bf4fe351/gdx-1.1.0.jar
7f94511a6000-7f94511a7000 r--s 000cd000 08:03 10488678                   /home/chobe/.gradle/caches/modules-2/files-2.1/com.badlogicgames.gdx/gdx-platform/1.1.0/1c7ea4239c2d9adda420c15985fe3885c481fdcf/gdx-platform-1.1.0-natives-desktop.jar
7f94511a7000-7f94511aa000 r--s 0001f000 08:03 10488677                   /home/chobe/.gradle/caches/modules-2/files-2.1/com.badlogicgames.gdx/gdx-backend-lwjgl/1.1.0/eafa409559820c1696e165e1280435f1332fc32b/gdx-backend-lwjgl-1.1.0.jar
7f94511aa000-7f94511ad000 r--s 00020000 08:01 772750                     /media/winDisk/Users/ChobeDucket/Documents/sheep/core/build/libs/core-1.0.jar
7f94511ad000-7f94511b1000 r--s 0003b000 08:03 3934173                    /usr/lib/jvm/java-7-openjdk-amd64/jre/lib/ext/sunpkcs11.jar
7f94511b1000-7f94511b2000 r--s 00002000 08:03 3934178                    /usr/lib/jvm/java-7-openjdk-amd64/jre/lib/ext/dnsns.jar
7f94511b2000-7f94511b5000 r--s 00032000 08:03 3934176                    /usr/lib/jvm/java-7-openjdk-amd64/jre/lib/ext/sunjce_provider.jar
7f94511b5000-7f94511b7000 r--s 0000f000 08:03 3934175                    /usr/lib/jvm/java-7-openjdk-amd64/jre/lib/ext/pulse-java.jar
7f94511b7000-7f94511b9000 r--s 00012000 08:03 3934174                    /usr/lib/jvm/java-7-openjdk-amd64/jre/lib/ext/zipfs.jar
7f94511b9000-7f94511bd000 r--s 00085000 08:03 3934172                    /usr/lib/jvm/java-7-openjdk-amd64/jre/lib/ext/localedata.jar
7f94511bd000-7f94511be000 r--s 00007000 08:03 5645676                    /usr/share/java/java-atk-wrapper.jar
7f94511be000-7f94511bf000 ---p 00000000 00:00 0 
7f94511bf000-7f94512bf000 rw-p 00000000 00:00 0 
7f94512bf000-7f94512c2000 ---p 00000000 00:00 0 
7f94512c2000-7f94513c0000 rw-p 00000000 00:00 0 
7f94513c0000-7f94513c3000 ---p 00000000 00:00 0 
7f94513c3000-7f94514c1000 rw-p 00000000 00:00 0 
7f94514c1000-7f94514c4000 ---p 00000000 00:00 0 
7f94514c4000-7f94515c2000 rw-p 00000000 00:00 0 
7f94515c2000-7f94515c5000 ---p 00000000 00:00 0 
7f94515c5000-7f94516c3000 rw-p 00000000 00:00 0 
7f94516c3000-7f945184c000 r--p 00000000 08:03 4067802                    /usr/lib/locale/locale-archive
7f945184c000-7f945184f000 ---p 00000000 00:00 0 
7f945184f000-7f945194d000 rw-p 00000000 00:00 0 
7f945194d000-7f9451950000 ---p 00000000 00:00 0 
7f9451950000-7f9451a4e000 rw-p 00000000 00:00 0 
7f9451a4e000-7f9451a4f000 ---p 00000000 00:00 0 
7f9451a4f000-7f9454000000 rw-p 00000000 00:00 0 
7f9454000000-7f9454021000 rw-p 00000000 00:00 0 
7f9454021000-7f9458000000 ---p 00000000 00:00 0 
7f945801e000-7f9458021000 ---p 00000000 00:00 0 
7f9458021000-7f9458e52000 rw-p 00000000 00:00 0 
7f9458e52000-7f9459000000 r--s 01cfc000 08:03 3934153                    /usr/lib/jvm/java-7-openjdk-amd64/jre/lib/rt.jar
7f9459000000-7f9459270000 rwxp 00000000 00:00 0 
7f9459270000-7f945c36a000 rw-p 00000000 00:00 0 
7f945c36a000-7f9460000000 ---p 00000000 00:00 0 
7f9460005000-7f9460010000 r--s 00203000 08:03 3934232                    /usr/lib/jvm/java-7-openjdk-amd64/jre/lib/charsets.jar
7f9460010000-7f9460020000 rw-s e0200000 00:05 7289                       /dev/ati/card0
7f9460020000-7f9460029000 r--s 000b9000 08:03 3934170                    /usr/lib/jvm/java-7-openjdk-amd64/jre/lib/resources.jar
7f9460029000-7f946045e000 rw-p 00000000 00:00 0 
7f946045e000-7f946045f000 ---p 00000000 00:00 0 
7f946045f000-7f946055f000 rw-p 00000000 00:00 0 
7f946055f000-7f9460560000 ---p 00000000 00:00 0 
7f9460560000-7f9460660000 rw-p 00000000 00:00 0 
7f9460660000-7f9460661000 ---p 00000000 00:00 0 
7f9460661000-7f9460761000 rw-p 00000000 00:00 0 
7f9460761000-7f9460762000 ---p 00000000 00:00 0 
7f9460762000-7f946086d000 rw-p 00000000 00:00 0 
7f946086d000-7f94608b5000 rw-p 00000000 00:00 0 
7f94608b5000-7f94608ca000 rw-p 00000000 00:00 0 
7f94608ca000-7f94609fb000 rw-p 00000000 00:00 0 
7f94609fb000-7f9460a06000 rw-p 00000000 00:00 0 
7f9460a06000-7f9460a4e000 rw-p 00000000 00:00 0 
7f9460a4e000-7f9460a63000 rw-p 00000000 00:00 0 
7f9460a63000-7f9460b93000 rw-p 00000000 00:00 0 
7f9460b93000-7f9460b9e000 rw-p 00000000 00:00 0 
7f9460b9e000-7f9460c36000 rw-p 00000000 00:00 0 
7f9460c36000-7f9460c37000 rw-p 00000000 00:00 0 
7f9460c37000-7f9460c3f000 r-xp 00000000 08:03 3934210                    /usr/lib/jvm/java-7-openjdk-amd64/jre/lib/amd64/libzip.so
7f9460c3f000-7f9460e3e000 ---p 00008000 08:03 3934210                    /usr/lib/jvm/java-7-openjdk-amd64/jre/lib/amd64/libzip.so
7f9460e3e000-7f9460e3f000 r--p 00007000 08:03 3934210                    /usr/lib/jvm/java-7-openjdk-amd64/jre/lib/amd64/libzip.so
7f9460e3f000-7f9460e40000 rw-p 00008000 08:03 3934210                    /usr/lib/jvm/java-7-openjdk-amd64/jre/lib/amd64/libzip.so
7f9460e40000-7f9460e4b000 r-xp 00000000 08:03 12192223                   /lib/x86_64-linux-gnu/libnss_files-2.19.so
7f9460e4b000-7f946104a000 ---p 0000b000 08:03 12192223                   /lib/x86_64-linux-gnu/libnss_files-2.19.so
7f946104a000-7f946104b000 r--p 0000a000 08:03 12192223                   /lib/x86_64-linux-gnu/libnss_files-2.19.so
7f946104b000-7f946104c000 rw-p 0000b000 08:03 12192223                   /lib/x86_64-linux-gnu/libnss_files-2.19.so
7f946104c000-7f9461056000 r-xp 00000000 08:03 12192211                   /lib/x86_64-linux-gnu/libnss_nis-2.19.so
7f9461056000-7f9461255000 ---p 0000a000 08:03 12192211                   /lib/x86_64-linux-gnu/libnss_nis-2.19.so
7f9461255000-7f9461256000 r--p 00009000 08:03 12192211                   /lib/x86_64-linux-gnu/libnss_nis-2.19.so
7f9461256000-7f9461257000 rw-p 0000a000 08:03 12192211                   /lib/x86_64-linux-gnu/libnss_nis-2.19.so
7f9461257000-7f946126c000 r-xp 00000000 08:03 12192215                   /lib/x86_64-linux-gnu/libnsl-2.19.so
7f946126c000-7f946146b000 ---p 00015000 08:03 12192215                   /lib/x86_64-linux-gnu/libnsl-2.19.so
7f946146b000-7f946146c000 r--p 00014000 08:03 12192215                   /lib/x86_64-linux-gnu/libnsl-2.19.so
7f946146c000-7f946146d000 rw-p 00015000 08:03 12192215                   /lib/x86_64-linux-gnu/libnsl-2.19.so
7f946146d000-7f946146f000 rw-p 00000000 00:00 0 
7f946146f000-7f9461476000 r-xp 00000000 08:03 12192212                   /lib/x86_64-linux-gnu/libnss_compat-2.19.so
7f9461476000-7f9461675000 ---p 00007000 08:03 12192212                   /lib/x86_64-linux-gnu/libnss_compat-2.19.so
7f9461675000-7f9461676000 r--p 00006000 08:03 12192212                   /lib/x86_64-linux-gnu/libnss_compat-2.19.so
7f9461676000-7f9461677000 rw-p 00007000 08:03 12192212                   /lib/x86_64-linux-gnu/libnss_compat-2.19.so
7f9461677000-7f94616a2000 r-xp 00000000 08:03 3934215                    /usr/lib/jvm/java-7-openjdk-amd64/jre/lib/amd64/libjava.so
7f94616a2000-7f94618a1000 ---p 0002b000 08:03 3934215                    /usr/lib/jvm/java-7-openjdk-amd64/jre/lib/amd64/libjava.so
7f94618a1000-7f94618a2000 r--p 0002a000 08:03 3934215                    /usr/lib/jvm/java-7-openjdk-amd64/jre/lib/amd64/libjava.so
7f94618a2000-7f94618a4000 rw-p 0002b000 08:03 3934215                    /usr/lib/jvm/java-7-openjdk-amd64/jre/lib/amd64/libjava.so
7f94618a4000-7f94618b3000 r-xp 00000000 08:03 3934216                    /usr/lib/jvm/java-7-openjdk-amd64/jre/lib/amd64/libverify.so
7f94618b3000-7f9461ab2000 ---p 0000f000 08:03 3934216                    /usr/lib/jvm/java-7-openjdk-amd64/jre/lib/amd64/libverify.so
7f9461ab2000-7f9461ab4000 r--p 0000e000 08:03 3934216                    /usr/lib/jvm/java-7-openjdk-amd64/jre/lib/amd64/libverify.so
7f9461ab4000-7f9461ab5000 rw-p 00010000 08:03 3934216                    /usr/lib/jvm/java-7-openjdk-amd64/jre/lib/amd64/libverify.so
7f9461ab5000-7f9461abc000 r-xp 00000000 08:03 12192213                   /lib/x86_64-linux-gnu/librt-2.19.so
7f9461abc000-7f9461cbb000 ---p 00007000 08:03 12192213                   /lib/x86_64-linux-gnu/librt-2.19.so
7f9461cbb000-7f9461cbc000 r--p 00006000 08:03 12192213                   /lib/x86_64-linux-gnu/librt-2.19.so
7f9461cbc000-7f9461cbd000 rw-p 00007000 08:03 12192213                   /lib/x86_64-linux-gnu/librt-2.19.so
7f9461cbd000-7f9461cd2000 r-xp 00000000 08:03 12190593                   /lib/x86_64-linux-gnu/libgcc_s.so.1
7f9461cd2000-7f9461ed2000 ---p 00015000 08:03 12190593                   /lib/x86_64-linux-gnu/libgcc_s.so.1
7f9461ed2000-7f9461ed3000 rw-p 00015000 08:03 12190593                   /lib/x86_64-linux-gnu/libgcc_s.so.1
7f9461ed3000-7f9461fd3000 r-xp 00000000 08:03 12192221                   /lib/x86_64-linux-gnu/libm-2.19.so
7f9461fd3000-7f94621d2000 ---p 00100000 08:03 12192221                   /lib/x86_64-linux-gnu/libm-2.19.so
7f94621d2000-7f94621d3000 r--p 000ff000 08:03 12192221                   /lib/x86_64-linux-gnu/libm-2.19.so
7f94621d3000-7f94621d4000 rw-p 00100000 08:03 12192221                   /lib/x86_64-linux-gnu/libm-2.19.so
7f94621d4000-7f94622bc000 r-xp 00000000 08:03 4200440                    /usr/lib/x86_64-linux-gnu/libstdc++.so.6.0.17
7f94622bc000-7f94624bc000 ---p 000e8000 08:03 4200440                    /usr/lib/x86_64-linux-gnu/libstdc++.so.6.0.17
7f94624bc000-7f94624c4000 r--p 000e8000 08:03 4200440                    /usr/lib/x86_64-linux-gnu/libstdc++.so.6.0.17
7f94624c4000-7f94624c6000 rw-p 000f0000 08:03 4200440                    /usr/lib/x86_64-linux-gnu/libstdc++.so.6.0.17
7f94624c6000-7f94624db000 rw-p 00000000 00:00 0 
7f94624db000-7f9462fa4000 r-xp 00000000 08:03 3934204                    /usr/lib/jvm/java-7-openjdk-amd64/jre/lib/amd64/server/libjvm.so
7f9462fa4000-7f94631a4000 ---p 00ac9000 08:03 3934204                    /usr/lib/jvm/java-7-openjdk-amd64/jre/lib/amd64/server/libjvm.so
7f94631a4000-7f946323c000 r--p 00ac9000 08:03 3934204                    /usr/lib/jvm/java-7-openjdk-amd64/jre/lib/amd64/server/libjvm.so
7f946323c000-7f946325f000 rw-p 00b61000 08:03 3934204                    /usr/lib/jvm/java-7-openjdk-amd64/jre/lib/amd64/server/libjvm.so
7f946325f000-7f946328c000 rw-p 00000000 00:00 0 
7f946328c000-7f94632a3000 r-xp 00000000 08:03 12192203                   /lib/x86_64-linux-gnu/libz.so.1.2.8
7f94632a3000-7f94634a2000 ---p 00017000 08:03 12192203                   /lib/x86_64-linux-gnu/libz.so.1.2.8
7f94634a2000-7f94634a3000 r--p 00016000 08:03 12192203                   /lib/x86_64-linux-gnu/libz.so.1.2.8
7f94634a3000-7f94634a4000 rw-p 00017000 08:03 12192203                   /lib/x86_64-linux-gnu/libz.so.1.2.8
7f94634a4000-7f9463643000 r-xp 00000000 08:03 12192214                   /lib/x86_64-linux-gnu/libc-2.19.so
7f9463643000-7f9463843000 ---p 0019f000 08:03 12192214                   /lib/x86_64-linux-gnu/libc-2.19.so
7f9463843000-7f9463847000 r--p 0019f000 08:03 12192214                   /lib/x86_64-linux-gnu/libc-2.19.so
7f9463847000-7f9463849000 rw-p 001a3000 08:03 12192214                   /lib/x86_64-linux-gnu/libc-2.19.so
7f9463849000-7f946384d000 rw-p 00000000 00:00 0 
7f946384d000-7f9463850000 r-xp 00000000 08:03 12192219                   /lib/x86_64-linux-gnu/libdl-2.19.so
7f9463850000-7f9463a4f000 ---p 00003000 08:03 12192219                   /lib/x86_64-linux-gnu/libdl-2.19.so
7f9463a4f000-7f9463a50000 r--p 00002000 08:03 12192219                   /lib/x86_64-linux-gnu/libdl-2.19.so
7f9463a50000-7f9463a51000 rw-p 00003000 08:03 12192219                   /lib/x86_64-linux-gnu/libdl-2.19.so
7f9463a51000-7f9463a5e000 r-xp 00000000 08:03 3934207                    /usr/lib/jvm/java-7-openjdk-amd64/jre/lib/amd64/jli/libjli.so
7f9463a5e000-7f9463c5d000 ---p 0000d000 08:03 3934207                    /usr/lib/jvm/java-7-openjdk-amd64/jre/lib/amd64/jli/libjli.so
7f9463c5d000-7f9463c5e000 r--p 0000c000 08:03 3934207                    /usr/lib/jvm/java-7-openjdk-amd64/jre/lib/amd64/jli/libjli.so
7f9463c5e000-7f9463c5f000 rw-p 0000d000 08:03 3934207                    /usr/lib/jvm/java-7-openjdk-amd64/jre/lib/amd64/jli/libjli.so
7f9463c5f000-7f9463c77000 r-xp 00000000 08:03 12192218                   /lib/x86_64-linux-gnu/libpthread-2.19.so
7f9463c77000-7f9463e76000 ---p 00018000 08:03 12192218                   /lib/x86_64-linux-gnu/libpthread-2.19.so
7f9463e76000-7f9463e77000 r--p 00017000 08:03 12192218                   /lib/x86_64-linux-gnu/libpthread-2.19.so
7f9463e77000-7f9463e78000 rw-p 00018000 08:03 12192218                   /lib/x86_64-linux-gnu/libpthread-2.19.so
7f9463e78000-7f9463e7c000 rw-p 00000000 00:00 0 
7f9463e7c000-7f9463e9c000 r-xp 00000000 08:03 12192217                   /lib/x86_64-linux-gnu/ld-2.19.so
7f9463ea4000-7f9463ea5000 rw-s 00005000 00:05 7289                       /dev/ati/card0
7f9463ea5000-7f9463ea7000 rw-s 00002000 00:05 7289                       /dev/ati/card0
7f9463ea7000-7f9463eae000 r--s 00000000 08:03 4206154                    /usr/lib/x86_64-linux-gnu/gconv/gconv-modules.cache
7f9463eae000-7f9463eb3000 r--s 0004c000 08:03 3934152                    /usr/lib/jvm/java-7-openjdk-amd64/jre/lib/jsse.jar
7f9463eb3000-7f9463ebd000 rw-p 00000000 00:00 0 
7f9463ebd000-7f9463f73000 rw-p 00000000 00:00 0 
7f9463f73000-7f9463f76000 ---p 00000000 00:00 0 
7f9463f76000-7f9464090000 rw-p 00000000 00:00 0 
7f9464090000-7f9464098000 rw-s 00000000 08:03 10490934                   /tmp/hsperfdata_chobe/31004 (deleted)
7f9464098000-7f9464099000 rw-p 00000000 00:00 0 
7f9464099000-7f946409a000 ---p 00000000 00:00 0 
7f946409a000-7f946409c000 rw-p 00000000 00:00 0 
7f946409c000-7f946409d000 r--p 00020000 08:03 12192217                   /lib/x86_64-linux-gnu/ld-2.19.so
7f946409d000-7f946409e000 rw-p 00021000 08:03 12192217                   /lib/x86_64-linux-gnu/ld-2.19.so
7f946409e000-7f946409f000 rw-p 00000000 00:00 0 
7fff658b6000-7fff658d8000 rw-p 00000000 00:00 0                          [stack]
7fff65930000-7fff65931000 r-xp 00000000 00:00 0                          [vdso]
ffffffffff600000-ffffffffff601000 r-xp 00000000 00:00 0                  [vsyscall]

VM Arguments:
jvm_args: -Dfile.encoding=UTF-8 
java_command: com.mygdx.sheep.desktop.DesktopLauncher
Launcher Type: SUN_STANDARD

Environment Variables:
PATH=/usr/local/bin:/usr/bin:/bin:/usr/local/games:/usr/games:/home/chobe/.local/bin:/home/chobe/sdks/adt-bundle-linux-x86_64-20140321/sdk//platform-tools/adb:/home/chobe/sdks/adt-bundle-linux-x86_64-20140321/sdk//platform-tools/
USERNAME=chobe
SHELL=/bin/bash
DISPLAY=:0

Signal Handlers:
SIGSEGV: [libjvm.so+0x8f9750], sa_mask[0]=0x7ffbfeff, sa_flags=0x10000004
SIGBUS: [libjvm.so+0x8f9750], sa_mask[0]=0x7ffbfeff, sa_flags=0x10000004
SIGFPE: [libjvm.so+0x7827c0], sa_mask[0]=0x7ffbfeff, sa_flags=0x10000004
SIGPIPE: [libjvm.so+0x7827c0], sa_mask[0]=0x7ffbfeff, sa_flags=0x10000004
SIGXFSZ: [libjvm.so+0x7827c0], sa_mask[0]=0x7ffbfeff, sa_flags=0x10000004
SIGILL: [libjvm.so+0x7827c0], sa_mask[0]=0x7ffbfeff, sa_flags=0x10000004
SIGUSR1: SIG_DFL, sa_mask[0]=0x00000000, sa_flags=0x00000000
SIGUSR2: [libjvm.so+0x782ab0], sa_mask[0]=0x00000004, sa_flags=0x10000004
SIGHUP: [libjvm.so+0x782c20], sa_mask[0]=0x7ffbfeff, sa_flags=0x10000004
SIGINT: [libjvm.so+0x782c20], sa_mask[0]=0x7ffbfeff, sa_flags=0x10000004
SIGTERM: [libjvm.so+0x782c20], sa_mask[0]=0x7ffbfeff, sa_flags=0x10000004
SIGQUIT: [libjvm.so+0x782c20], sa_mask[0]=0x7ffbfeff, sa_flags=0x10000004


---------------  S Y S T E M  ---------------

OS:7.5

uname:Linux 3.2.0-4-amd64 #1 SMP Debian 3.2.57-3+deb7u1 x86_64
libc:glibc 2.19 NPTL 2.19 
rlimit: STACK 8192k, CORE 0k, NPROC 31105, NOFILE 4096, AS infinity
load average:1.28 0.69 0.54

/proc/meminfo:
MemTotal:        3993672 kB
MemFree:         1278076 kB
Buffers:          103788 kB
Cached:           584260 kB
SwapCached:       237924 kB
Active:          1770212 kB
Inactive:         660732 kB
Active(anon):    1515608 kB
Inactive(anon):   256504 kB
Active(file):     254604 kB
Inactive(file):   404228 kB
Unevictable:           0 kB
Mlocked:               0 kB
SwapTotal:       4120572 kB
SwapFree:        3478996 kB
Dirty:               208 kB
Writeback:             0 kB
AnonPages:       1728708 kB
Mapped:           184484 kB
Shmem:             29216 kB
Slab:              79584 kB
SReclaimable:      50884 kB
SUnreclaim:        28700 kB
KernelStack:        4064 kB
PageTables:        32688 kB
NFS_Unstable:          0 kB
Bounce:                0 kB
WritebackTmp:          0 kB
CommitLimit:     6117408 kB
Committed_AS:    4415776 kB
VmallocTotal:   34359738367 kB
VmallocUsed:      170472 kB
VmallocChunk:   34359561712 kB
HardwareCorrupted:     0 kB
AnonHugePages:         0 kB
HugePages_Total:       0
HugePages_Free:        0
HugePages_Rsvd:        0
HugePages_Surp:        0
Hugepagesize:       2048 kB
DirectMap4k:     1172480 kB
DirectMap2M:     2955264 kB


CPU:total 4 (4 cores per cpu, 1 threads per core) family 6 model 15 stepping 11, cmov, cx8, fxsr, mmx, sse, sse2, sse3, ssse3, tsc

/proc/cpuinfo:
processor	: 0
vendor_id	: GenuineIntel
cpu family	: 6
model		: 15
model name	: Intel(R) Core(TM)2 Quad CPU    Q6600  @ 2.40GHz
stepping	: 11
cpu MHz		: 2394.000
cache size	: 4096 KB
physical id	: 0
siblings	: 4
core id		: 0
cpu cores	: 4
apicid		: 0
initial apicid	: 0
fpu		: yes
fpu_exception	: yes
cpuid level	: 10
wp		: yes
flags		: fpu vme de pse tsc msr pae mce cx8 apic sep mtrr pge mca cmov pat pse36 clflush dts acpi mmx fxsr sse sse2 ss ht tm pbe syscall nx lm constant_tsc arch_perfmon pebs bts rep_good nopl aperfmperf pni dtes64 monitor ds_cpl vmx est tm2 ssse3 cx16 xtpr pdcm lahf_lm dtherm tpr_shadow vnmi flexpriority
bogomips	: 4795.82
clflush size	: 64
cache_alignment	: 64
address sizes	: 36 bits physical, 48 bits virtual
power management:

processor	: 1
vendor_id	: GenuineIntel
cpu family	: 6
model		: 15
model name	: Intel(R) Core(TM)2 Quad CPU    Q6600  @ 2.40GHz
stepping	: 11
cpu MHz		: 1596.000
cache size	: 4096 KB
physical id	: 0
siblings	: 4
core id		: 2
cpu cores	: 4
apicid		: 2
initial apicid	: 2
fpu		: yes
fpu_exception	: yes
cpuid level	: 10
wp		: yes
flags		: fpu vme de pse tsc msr pae mce cx8 apic sep mtrr pge mca cmov pat pse36 clflush dts acpi mmx fxsr sse sse2 ss ht tm pbe syscall nx lm constant_tsc arch_perfmon pebs bts rep_good nopl aperfmperf pni dtes64 monitor ds_cpl vmx est tm2 ssse3 cx16 xtpr pdcm lahf_lm dtherm tpr_shadow vnmi flexpriority
bogomips	: 4795.58
clflush size	: 64
cache_alignment	: 64
address sizes	: 36 bits physical, 48 bits virtual
power management:

processor	: 2
vendor_id	: GenuineIntel
cpu family	: 6
model		: 15
model name	: Intel(R) Core(TM)2 Quad CPU    Q6600  @ 2.40GHz
stepping	: 11
cpu MHz		: 2394.000
cache size	: 4096 KB
physical id	: 0
siblings	: 4
core id		: 1
cpu cores	: 4
apicid		: 1
initial apicid	: 1
fpu		: yes
fpu_exception	: yes
cpuid level	: 10
wp		: yes
flags		: fpu vme de pse tsc msr pae mce cx8 apic sep mtrr pge mca cmov pat pse36 clflush dts acpi mmx fxsr sse sse2 ss ht tm pbe syscall nx lm constant_tsc arch_perfmon pebs bts rep_good nopl aperfmperf pni dtes64 monitor ds_cpl vmx est tm2 ssse3 cx16 xtpr pdcm lahf_lm dtherm tpr_shadow vnmi flexpriority
bogomips	: 4795.56
clflush size	: 64
cache_alignment	: 64
address sizes	: 36 bits physical, 48 bits virtual
power management:

processor	: 3
vendor_id	: GenuineIntel
cpu family	: 6
model		: 15
model name	: Intel(R) Core(TM)2 Quad CPU    Q6600  @ 2.40GHz
stepping	: 11
cpu MHz		: 1596.000
cache size	: 4096 KB
physical id	: 0
siblings	: 4
core id		: 3
cpu cores	: 4
apicid		: 3
initial apicid	: 3
fpu		: yes
fpu_exception	: yes
cpuid level	: 10
wp		: yes
flags		: fpu vme de pse tsc msr pae mce cx8 apic sep mtrr pge mca cmov pat pse36 clflush dts acpi mmx fxsr sse sse2 ss ht tm pbe syscall nx lm constant_tsc arch_perfmon pebs bts rep_good nopl aperfmperf pni dtes64 monitor ds_cpl vmx est tm2 ssse3 cx16 xtpr pdcm lahf_lm dtherm tpr_shadow vnmi flexpriority
bogomips	: 4795.57
clflush size	: 64
cache_alignment	: 64
address sizes	: 36 bits physical, 48 bits virtual
power management:



Memory: 4k page, physical 3993672k(1277952k free), swap 4120572k(3478996k free)

vm_info: OpenJDK 64-Bit Server VM (24.51-b03) for linux-amd64 JRE (1.7.0_55-b14), built on May  2 2014 11:33:06 by "buildd" with gcc 4.7.2

time: Mon Jul  7 23:23:23 2014
elapsed time: 22 seconds

