#
# A fatal error has been detected by the Java Runtime Environment:
#
#  SIGSEGV (0xb) at pc=0x00007fbe0a4f1e38, pid=6999, tid=140454216574720
#
# JRE version: OpenJDK Runtime Environment (7.0_55-b14) (build 1.7.0_55-b14)
# Java VM: OpenJDK 64-Bit Server VM (24.51-b03 mixed mode linux-amd64 compressed oops)
# Problematic frame:
# C  [libX11.so.6+0x3ae38]  XQueryExtension+0x28
#
# Failed to write core dump. Core dumps have been disabled. To enable core dumping, try "ulimit -c unlimited" before starting Java again
#
# If you would like to submit a bug report, please include
# instructions on how to reproduce the bug and visit:
#   http://icedtea.classpath.org/bugzilla
#

---------------  T H R E A D  ---------------

Current thread (0x00007fbe1c076800):  VMThread [stack: 0x00007fbe0b9fa000,0x00007fbe0bafb000] [id=7009]

siginfo:si_signo=SIGSEGV: si_errno=0, si_code=1 (SEGV_MAPERR), si_addr=0xffffffffc0017938

Registers:
RAX=0x00007fbe00000b10, RBX=0xffffffffc0016fd0, RCX=0x00007fbe0baf96e8, RDX=0x00007fbe0baf96e4
RSP=0x00007fbe0baf9680, RBP=0x00007fbdd73bd600, RSI=0x00007fbdd7284992, RDI=0xffffffffc0016fd0
R8 =0x00007fbe0baf96ec, R9 =0x0000000000000000, R10=0x00007fbdd73bd3c0, R11=0x00007fbe2550f1c0
R12=0x00007fbdd7284992, R13=0x00007fbe00000b10, R14=0x00007fbe0baf9ad8, R15=0x00007fbdc0027d30
RIP=0x00007fbe0a4f1e38, EFLAGS=0x0000000000010202, CSGSFS=0x0000000000000033, ERR=0x0000000000000005
  TRAPNO=0x000000000000000e

Top of Stack: (sp=0x00007fbe0baf9680)
0x00007fbe0baf9680:   0000000000000000 0000000000000000
0x00007fbe0baf9690:   000000770000006e 0000000000000000
0x00007fbe0baf96a0:   000100010000007c ffffffffc0016fd0
0x00007fbe0baf96b0:   00007fbdd73bd600 00007fbdd7284992
0x00007fbe0baf96c0:   00007fbe00000b10 00007fbe0baf9ad8
0x00007fbe0baf96d0:   00007fbdc0027d30 00007fbe0a4e5e72
0x00007fbe0baf96e0:   00007fbdc0027d30 00007fbe25553220
0x00007fbe0baf96f0:   0000000000000000 00007fbdd73bd600
0x00007fbe0baf9700:   ffffffffc0016fd0 00007fbe0a7ff71d
0x00007fbe0baf9710:   00007fbdd7284992 0000001100000000
0x00007fbe0baf9720:   00007fbe00000005 0000000000000000
0x00007fbe0baf9730:   00007fbe0baf97a0 ffffffffc0016fd0
0x00007fbe0baf9740:   00007fbe0baf9a60 00007fbe0baf9ad8
0x00007fbe0baf9750:   00007fbdd73d6e50 00007fbdd722d3d9
0x00007fbe0baf9760:   00000000ffffffff 00007fbdc0010ee0
0x00007fbe0baf9770:   00007fbe0baf97a0 00007fbdd7fff9e0
0x00007fbe0baf9780:   00007fbe0baf9a60 00007fbe0baf9ad8
0x00007fbe0baf9790:   0000000000000000 00007fbdd7221ae2
0x00007fbe0baf97a0:   00007fbe0baf9b50 00007fbdd7284911
0x00007fbe0baf97b0:   00007fbe0baf9b50 00007fbe25ebe058
0x00007fbe0baf97c0:   00007fbe260d11a8 00007fbe260d1740
0x00007fbe0baf97d0:   00007fbe260ab000 00007fbe1c0094f0
0x00007fbe0baf97e0:   00007fbe1c00a020 00007fbe1c00a530
0x00007fbe0baf97f0:   00007fbe1c017440 00007fbe1c1bc570
0x00007fbe0baf9800:   00007fbe1c283980 00007fbe1c27f8b0
0x00007fbe0baf9810:   00007fbe1c1ead80 00007fbe1c1faea0
0x00007fbe0baf9820:   00007fbe1c202540 00007fbe1c202010
0x00007fbe0baf9830:   00007fbe1c201ae0 00007fbe1c205e30
0x00007fbe0baf9840:   00007fbe1c205910 00007fbe1c206be0
0x00007fbe0baf9850:   00007fbe1c205400 00007fbe1c2015b0
0x00007fbe0baf9860:   00007fbe1c2039d0 00007fbe1c204410
0x00007fbe0baf9870:   00007fbe1c203ef0 00007fbe1c204930 

Instructions: (pc=0x00007fbe0a4f1e38)
0x00007fbe0a4f1e18:   24 e0 48 89 fb 4c 89 6c 24 e8 4c 89 74 24 f0 49
0x00007fbe0a4f1e28:   89 f4 4c 89 7c 24 f8 48 89 6c 24 d8 48 83 ec 58
0x00007fbe0a4f1e38:   48 8b 87 68 09 00 00 49 89 d7 49 89 ce 4d 89 c5
0x00007fbe0a4f1e48:   48 85 c0 74 02 ff 10 ba 08 00 00 00 be 62 00 00 

Register to memory mapping:

RAX=0x00007fbe00000b10 is an unknown value
RBX=0xffffffffc0016fd0 is an unknown value
RCX=0x00007fbe0baf96e8 is an unknown value
RDX=0x00007fbe0baf96e4 is an unknown value
RSP=0x00007fbe0baf9680 is an unknown value
RBP=0x00007fbdd73bd600: <offset 0x1cf600> in /usr/lib/x86_64-linux-gnu/libGL.so.1 at 0x00007fbdd71ee000
RSI=0x00007fbdd7284992: <offset 0x96992> in /usr/lib/x86_64-linux-gnu/libGL.so.1 at 0x00007fbdd71ee000
RDI=0xffffffffc0016fd0 is an unknown value
R8 =0x00007fbe0baf96ec is an unknown value
R9 =0x0000000000000000 is an unknown value
R10=0x00007fbdd73bd3c0: <offset 0x1cf3c0> in /usr/lib/x86_64-linux-gnu/libGL.so.1 at 0x00007fbdd71ee000
R11=0x00007fbe2550f1c0: __cxa_finalize+0 in /lib/x86_64-linux-gnu/libc.so.6 at 0x00007fbe254d7000
R12=0x00007fbdd7284992: <offset 0x96992> in /usr/lib/x86_64-linux-gnu/libGL.so.1 at 0x00007fbdd71ee000
R13=0x00007fbe00000b10 is an unknown value
R14=0x00007fbe0baf9ad8 is an unknown value
R15=0x00007fbdc0027d30 is an unknown value


Stack: [0x00007fbe0b9fa000,0x00007fbe0bafb000],  sp=0x00007fbe0baf9680,  free space=1021k
Native frames: (J=compiled Java code, j=interpreted, Vv=VM code, C=native code)
C  [libX11.so.6+0x3ae38]  XQueryExtension+0x28

VM_Operation (0x00007fbdd74f66c0): Exit, mode: safepoint, requested by thread 0x00007fbe1c321800


---------------  P R O C E S S  ---------------

Java Threads: ( => current thread )
  0x00007fbdc0e97800 JavaThread "AsynchExecutor-Thread" daemon [_thread_blocked, id=7028, stack(0x00007fbdd4515000,0x00007fbdd4616000)]
  0x00007fbdc001b800 JavaThread "process reaper" daemon [_thread_blocked, id=7024, stack(0x00007fbe18081000,0x00007fbe180ba000)]
  0x00007fbe1c00b000 JavaThread "DestroyJavaVM" [_thread_blocked, id=7001, stack(0x00007fbe25fa6000,0x00007fbe260a7000)]
  0x00007fbe1c321800 JavaThread "LWJGL Application" [_thread_blocked, id=7022, stack(0x00007fbdd73f7000,0x00007fbdd74f8000)]
  0x00007fbe1c27e800 JavaThread "AWT-XAWT" daemon [_thread_in_native, id=7018, stack(0x00007fbddebdb000,0x00007fbddecdc000)]
  0x00007fbe1c25c800 JavaThread "Java2D Disposer" daemon [_thread_blocked, id=7017, stack(0x00007fbe080f4000,0x00007fbe081f5000)]
  0x00007fbe1c0a7000 JavaThread "Service Thread" daemon [_thread_blocked, id=7015, stack(0x00007fbe0b26b000,0x00007fbe0b36c000)]
  0x00007fbe1c0a5000 JavaThread "C2 CompilerThread1" daemon [_thread_blocked, id=7014, stack(0x00007fbe0b36c000,0x00007fbe0b46d000)]
  0x00007fbe1c0a2000 JavaThread "C2 CompilerThread0" daemon [_thread_blocked, id=7013, stack(0x00007fbe0b46d000,0x00007fbe0b56e000)]
  0x00007fbe1c09f800 JavaThread "Signal Dispatcher" daemon [_thread_blocked, id=7012, stack(0x00007fbe0b56e000,0x00007fbe0b66f000)]
  0x00007fbe1c07c800 JavaThread "Finalizer" daemon [_thread_blocked, id=7011, stack(0x00007fbe0b7f8000,0x00007fbe0b8f9000)]
  0x00007fbe1c07a800 JavaThread "Reference Handler" daemon [_thread_blocked, id=7010, stack(0x00007fbe0b8f9000,0x00007fbe0b9fa000)]

Other Threads:
=>0x00007fbe1c076800 VMThread [stack: 0x00007fbe0b9fa000,0x00007fbe0bafb000] [id=7009]

VM state:at safepoint (shutting down)

VM Mutex/Monitor currently owned by a thread:  ([mutex/lock_event])
[0x00007fbe1c0077a0] Threads_lock - owner thread: 0x00007fbe1c076800

Heap
 PSYoungGen      total 18432K, used 2896K [0x00000000eba80000, 0x00000000ecf00000, 0x0000000100000000)
  eden space 15872K, 2% used [0x00000000eba80000,0x00000000ebadb710,0x00000000eca00000)
  from space 2560K, 98% used [0x00000000ecc80000,0x00000000ecef8900,0x00000000ecf00000)
  to   space 2560K, 0% used [0x00000000eca00000,0x00000000eca00000,0x00000000ecc80000)
 ParOldGen       total 41472K, used 3983K [0x00000000c3000000, 0x00000000c5880000, 0x00000000eba80000)
  object space 41472K, 9% used [0x00000000c3000000,0x00000000c33e3fa8,0x00000000c5880000)
 PSPermGen       total 21504K, used 10317K [0x00000000b8a00000, 0x00000000b9f00000, 0x00000000c3000000)
  object space 21504K, 47% used [0x00000000b8a00000,0x00000000b94135d8,0x00000000b9f00000)

Card table byte_map: [0x00007fbe22a2e000,0x00007fbe22c6a000] byte_map_base: 0x00007fbe22469000

Polling page: 0x00007fbe260cc000

Code Cache  [0x00007fbe19000000, 0x00007fbe19270000, 0x00007fbe1c000000)
 total_blobs=755 nmethods=235 adapters=474 free_code_cache=48133Kb largest_free_block=49246016

Compilation events (10 events):
Event: 54.517 Thread 0x00007fbe1c0a2000  239             com.badlogic.gdx.utils.viewport.Viewport::unproject (70 bytes)
Event: 54.517 Thread 0x00007fbe1c0a5000  240             com.badlogic.gdx.scenes.scene2d.ui.ImageButton::updateImage (190 bytes)
Event: 54.523 Thread 0x00007fbe1c0a5000 nmethod 240 0x00007fbe190e6cd0 code [0x00007fbe190e6e80, 0x00007fbe190e7220]
Event: 54.528 Thread 0x00007fbe1c0a2000 nmethod 239 0x00007fbe190cb090 code [0x00007fbe190cb260, 0x00007fbe190cb9b8]
Event: 54.551 Thread 0x00007fbe1c0a5000  241             com.badlogic.gdx.scenes.scene2d.ui.ImageButton::draw (11 bytes)
Event: 54.559 Thread 0x00007fbe1c0a5000 nmethod 241 0x00007fbe190f4b10 code [0x00007fbe190f4ce0, 0x00007fbe190f5150]
Event: 54.734 Thread 0x00007fbe1c0a2000  242             com.badlogic.gdx.scenes.scene2d.Stage::hit (37 bytes)
Event: 54.736 Thread 0x00007fbe1c0a2000 nmethod 242 0x00007fbe190baf90 code [0x00007fbe190bb120, 0x00007fbe190bb428]
Event: 55.667 Thread 0x00007fbe1c0a5000  244             java.nio.DirectIntBufferU::get (16 bytes)
Event: 55.668 Thread 0x00007fbe1c0a5000 nmethod 244 0x00007fbe190bd890 code [0x00007fbe190bd9c0, 0x00007fbe190bda38]

GC Heap History (4 events):
Event: 4.328 GC heap before
{Heap before GC invocations=1 (full 0):
 PSYoungGen      total 18432K, used 15872K [0x00000000eba80000, 0x00000000ecf00000, 0x0000000100000000)
  eden space 15872K, 100% used [0x00000000eba80000,0x00000000eca00000,0x00000000eca00000)
  from space 2560K, 0% used [0x00000000ecc80000,0x00000000ecc80000,0x00000000ecf00000)
  to   space 2560K, 0% used [0x00000000eca00000,0x00000000eca00000,0x00000000ecc80000)
 ParOldGen       total 41472K, used 0K [0x00000000c3000000, 0x00000000c5880000, 0x00000000eba80000)
  object space 41472K, 0% used [0x00000000c3000000,0x00000000c3000000,0x00000000c5880000)
 PSPermGen       total 21504K, used 9327K [0x00000000b8a00000, 0x00000000b9f00000, 0x00000000c3000000)
  object space 21504K, 43% used [0x00000000b8a00000,0x00000000b931bfa8,0x00000000b9f00000)
Event: 4.338 GC heap after
Heap after GC invocations=1 (full 0):
 PSYoungGen      total 18432K, used 2530K [0x00000000eba80000, 0x00000000ecf00000, 0x0000000100000000)
  eden space 15872K, 0% used [0x00000000eba80000,0x00000000eba80000,0x00000000eca00000)
  from space 2560K, 98% used [0x00000000eca00000,0x00000000ecc78900,0x00000000ecc80000)
  to   space 2560K, 0% used [0x00000000ecc80000,0x00000000ecc80000,0x00000000ecf00000)
 ParOldGen       total 41472K, used 2174K [0x00000000c3000000, 0x00000000c5880000, 0x00000000eba80000)
  object space 41472K, 5% used [0x00000000c3000000,0x00000000c321f898,0x00000000c5880000)
 PSPermGen       total 21504K, used 9327K [0x00000000b8a00000, 0x00000000b9f00000, 0x00000000c3000000)
  object space 21504K, 43% used [0x00000000b8a00000,0x00000000b931bfa8,0x00000000b9f00000)
}
Event: 56.873 GC heap before
{Heap before GC invocations=2 (full 0):
 PSYoungGen      total 18432K, used 18402K [0x00000000eba80000, 0x00000000ecf00000, 0x0000000100000000)
  eden space 15872K, 100% used [0x00000000eba80000,0x00000000eca00000,0x00000000eca00000)
  from space 2560K, 98% used [0x00000000eca00000,0x00000000ecc78900,0x00000000ecc80000)
  to   space 2560K, 0% used [0x00000000ecc80000,0x00000000ecc80000,0x00000000ecf00000)
 ParOldGen       total 41472K, used 2174K [0x00000000c3000000, 0x00000000c5880000, 0x00000000eba80000)
  object space 41472K, 5% used [0x00000000c3000000,0x00000000c321f898,0x00000000c5880000)
 PSPermGen       total 21504K, used 10291K [0x00000000b8a00000, 0x00000000b9f00000, 0x00000000c3000000)
  object space 21504K, 47% used [0x00000000b8a00000,0x00000000b940cff0,0x00000000b9f00000)
Event: 56.881 GC heap after
Heap after GC invocations=2 (full 0):
 PSYoungGen      total 18432K, used 2530K [0x00000000eba80000, 0x00000000ecf00000, 0x0000000100000000)
  eden space 15872K, 0% used [0x00000000eba80000,0x00000000eba80000,0x00000000eca00000)
  from space 2560K, 98% used [0x00000000ecc80000,0x00000000ecef8900,0x00000000ecf00000)
  to   space 2560K, 0% used [0x00000000eca00000,0x00000000eca00000,0x00000000ecc80000)
 ParOldGen       total 41472K, used 3983K [0x00000000c3000000, 0x00000000c5880000, 0x00000000eba80000)
  object space 41472K, 9% used [0x00000000c3000000,0x00000000c33e3fa8,0x00000000c5880000)
 PSPermGen       total 21504K, used 10291K [0x00000000b8a00000, 0x00000000b9f00000, 0x00000000c3000000)
  object space 21504K, 47% used [0x00000000b8a00000,0x00000000b940cff0,0x00000000b9f00000)
}

Deoptimization events (10 events):
Event: 30.318 Thread 0x00007fbe1c321800 Uncommon trap: reason=class_check action=maybe_recompile pc=0x00007fbe190c6fb0 method=com.badlogic.gdx.graphics.Texture.getHeight()I @ 4
Event: 32.017 Thread 0x00007fbe1c321800 Uncommon trap: reason=unreached action=reinterpret pc=0x00007fbe190bab3c method=com.badlogic.gdx.utils.SnapshotArray.modified()V @ 23
Event: 46.751 Thread 0x00007fbe1c321800 Uncommon trap: reason=bimorphic action=maybe_recompile pc=0x00007fbe190ebb40 method=com.mygdx.sheep.SheepGame.render(FF)V @ 458
Event: 46.751 Thread 0x00007fbe1c321800 Uncommon trap: reason=class_check action=maybe_recompile pc=0x00007fbe190f3c88 method=com.mygdx.sheep.tiles.Tile.drawSprite(Lcom/badlogic/gdx/graphics/g2d/SpriteBatch;Lcom/badlogic/gdx/graphics/Texture;FFZF)V @ 85
Event: 46.759 Thread 0x00007fbe1c321800 Uncommon trap: reason=class_check action=maybe_recompile pc=0x00007fbe190f3c88 method=com.mygdx.sheep.tiles.Tile.drawSprite(Lcom/badlogic/gdx/graphics/g2d/SpriteBatch;Lcom/badlogic/gdx/graphics/Texture;FFZF)V @ 85
Event: 46.784 Thread 0x00007fbe1c321800 Uncommon trap: reason=bimorphic action=maybe_recompile pc=0x00007fbe190ebb40 method=com.mygdx.sheep.SheepGame.render(FF)V @ 458
Event: 46.784 Thread 0x00007fbe1c321800 Uncommon trap: reason=class_check action=maybe_recompile pc=0x00007fbe190f3c88 method=com.mygdx.sheep.tiles.Tile.drawSprite(Lcom/badlogic/gdx/graphics/g2d/SpriteBatch;Lcom/badlogic/gdx/graphics/Texture;FFZF)V @ 85
Event: 46.784 Thread 0x00007fbe1c321800 Uncommon trap: reason=class_check action=maybe_recompile pc=0x00007fbe190f3c88 method=com.mygdx.sheep.tiles.Tile.drawSprite(Lcom/badlogic/gdx/graphics/g2d/SpriteBatch;Lcom/badlogic/gdx/graphics/Texture;FFZF)V @ 85
Event: 46.800 Thread 0x00007fbe1c321800 Uncommon trap: reason=bimorphic action=maybe_recompile pc=0x00007fbe190ebb40 method=com.mygdx.sheep.SheepGame.render(FF)V @ 458
Event: 46.817 Thread 0x00007fbe1c321800 Uncommon trap: reason=bimorphic action=maybe_recompile pc=0x00007fbe190ebb40 method=com.mygdx.sheep.SheepGame.render(FF)V @ 458

Internal exceptions (10 events):
Event: 33.920 Thread 0x00007fbe1c321800 Threw 0x00000000ec71f1a8 at /build/openjdk-7-kBcQ8a/openjdk-7-7u55-2.4.7/build/openjdk/hotspot/src/share/vm/prims/jvm.cpp:1244
Event: 33.920 Thread 0x00007fbe1c321800 Threw 0x00000000ec726b28 at /build/openjdk-7-kBcQ8a/openjdk-7-7u55-2.4.7/build/openjdk/hotspot/src/share/vm/prims/jvm.cpp:1244
Event: 33.921 Thread 0x00007fbe1c321800 Threw 0x00000000ec72bfc8 at /build/openjdk-7-kBcQ8a/openjdk-7-7u55-2.4.7/build/openjdk/hotspot/src/share/vm/prims/jvm.cpp:1244
Event: 33.922 Thread 0x00007fbe1c321800 Threw 0x00000000ec732fe0 at /build/openjdk-7-kBcQ8a/openjdk-7-7u55-2.4.7/build/openjdk/hotspot/src/share/vm/prims/jvm.cpp:1244
Event: 33.923 Thread 0x00007fbe1c321800 Threw 0x00000000ec737780 at /build/openjdk-7-kBcQ8a/openjdk-7-7u55-2.4.7/build/openjdk/hotspot/src/share/vm/prims/jvm.cpp:1244
Event: 33.956 Thread 0x00007fbe1c321800 Threw 0x00000000ec781d60 at /build/openjdk-7-kBcQ8a/openjdk-7-7u55-2.4.7/build/openjdk/hotspot/src/share/vm/interpreter/interpreterRuntime.cpp:347
Event: 33.961 Thread 0x00007fbe1c321800 Threw 0x00000000ec7a3858 at /build/openjdk-7-kBcQ8a/openjdk-7-7u55-2.4.7/build/openjdk/hotspot/src/share/vm/prims/jvm.cpp:1244
Event: 56.817 Thread 0x00007fbe1c321800 Threw 0x00000000ec9d4ab0 at /build/openjdk-7-kBcQ8a/openjdk-7-7u55-2.4.7/build/openjdk/hotspot/src/share/vm/prims/jvm.cpp:1244
Event: 56.825 Thread 0x00007fbe1c321800 Threw 0x00000000ec9d9800 at /build/openjdk-7-kBcQ8a/openjdk-7-7u55-2.4.7/build/openjdk/hotspot/src/share/vm/prims/jvm.cpp:1244
Event: 56.830 Thread 0x00007fbe1c321800 Threw 0x00000000ec9deb18 at /build/openjdk-7-kBcQ8a/openjdk-7-7u55-2.4.7/build/openjdk/hotspot/src/share/vm/prims/jvm.cpp:1244

Events (10 events):
Event: 56.998 loading class 0x00007fbdf40153b0 done
Event: 56.998 Thread 0x00007fbdc2ec0000 Thread added: 0x00007fbdc2ec0000
Event: 56.998 loading class 0x00007fbe1c1cd930
Event: 57.010 loading class 0x00007fbdf411d5a0
Event: 57.023 loading class 0x00007fbdf411d5a0 done
Event: 57.023 loading class 0x00007fbdf411d5d0
Event: 57.024 loading class 0x00007fbdf411d5d0 done
Event: 57.024 loading class 0x00007fbe1c1cd930 done
Event: 57.032 Thread 0x00007fbdc2ec0000 Thread exited: 0x00007fbdc2ec0000
Event: 57.032 Executing VM operation: Exit


Dynamic libraries:
00400000-00401000 r-xp 00000000 08:03 3934148                            /usr/lib/jvm/java-7-openjdk-amd64/jre/bin/java
00600000-00601000 r--p 00000000 08:03 3934148                            /usr/lib/jvm/java-7-openjdk-amd64/jre/bin/java
00601000-00602000 rw-p 00001000 08:03 3934148                            /usr/lib/jvm/java-7-openjdk-amd64/jre/bin/java
00ef0000-00f11000 rw-p 00000000 00:00 0                                  [heap]
b8a00000-b9f00000 rw-p 00000000 00:00 0 
b9f00000-c3000000 rw-p 00000000 00:00 0 
c3000000-c5880000 rw-p 00000000 00:00 0 
c5880000-eba80000 rw-p 00000000 00:00 0 
eba80000-ecf00000 rw-p 00000000 00:00 0 
ecf00000-100000000 rw-p 00000000 00:00 0 
7fbda8000000-7fbda8021000 rw-p 00000000 00:00 0 
7fbda8021000-7fbdac000000 ---p 00000000 00:00 0 
7fbdac000000-7fbdac0ae000 rw-p 00000000 00:00 0 
7fbdac0ae000-7fbdb0000000 ---p 00000000 00:00 0 
7fbdb0000000-7fbdb030b000 rw-p 00000000 00:00 0 
7fbdb030b000-7fbdb4000000 ---p 00000000 00:00 0 
7fbdb4000000-7fbdb4021000 rw-p 00000000 00:00 0 
7fbdb4021000-7fbdb8000000 ---p 00000000 00:00 0 
7fbdb8000000-7fbdb80b4000 rw-p 00000000 00:00 0 
7fbdb80b4000-7fbdbc000000 ---p 00000000 00:00 0 
7fbdbc000000-7fbdbc021000 rw-p 00000000 00:00 0 
7fbdbc021000-7fbdc0000000 ---p 00000000 00:00 0 
7fbdc0000000-7fbdc3fc9000 rw-p 00000000 00:00 0 
7fbdc3fc9000-7fbdc4000000 ---p 00000000 00:00 0 
7fbdc4000000-7fbdc4021000 rw-p 00000000 00:00 0 
7fbdc4021000-7fbdc8000000 ---p 00000000 00:00 0 
7fbdcacfc000-7fbdcacff000 ---p 00000000 00:00 0 
7fbdcacff000-7fbdcadfd000 rw-p 00000000 00:00 0 
7fbdcaffd000-7fbdcaffe000 ---p 00000000 00:00 0 
7fbdcaffe000-7fbdcb7fe000 rw-p 00000000 00:00 0 
7fbdcb7fe000-7fbdcb7ff000 ---p 00000000 00:00 0 
7fbdcb7ff000-7fbdcbfff000 rw-p 00000000 00:00 0 
7fbdd0000000-7fbdd0021000 rw-p 00000000 00:00 0 
7fbdd0021000-7fbdd4000000 ---p 00000000 00:00 0 
7fbdd4515000-7fbdd4518000 ---p 00000000 00:00 0 
7fbdd4518000-7fbdd4616000 rw-p 00000000 00:00 0 
7fbdd4616000-7fbdd4d16000 rw-s 00006000 00:05 3819                       /dev/ati/card0
7fbdd4d16000-7fbdd4d53000 r-xp 00000000 08:03 4201336                    /usr/lib/x86_64-linux-gnu/libatiadlxx.so
7fbdd4d53000-7fbdd4e52000 ---p 0003d000 08:03 4201336                    /usr/lib/x86_64-linux-gnu/libatiadlxx.so
7fbdd4e52000-7fbdd4e5c000 rw-p 0003c000 08:03 4201336                    /usr/lib/x86_64-linux-gnu/libatiadlxx.so
7fbdd4e5c000-7fbdd4e6c000 rw-p 00000000 00:00 0 
7fbdd4e6c000-7fbdd4e73000 r-xp 00000000 08:03 4201328                    /usr/lib/x86_64-linux-gnu/libatiuki.so.1.0
7fbdd4e73000-7fbdd4f73000 ---p 00007000 08:03 4201328                    /usr/lib/x86_64-linux-gnu/libatiuki.so.1.0
7fbdd4f73000-7fbdd4f74000 rw-p 00007000 08:03 4201328                    /usr/lib/x86_64-linux-gnu/libatiuki.so.1.0
7fbdd4f74000-7fbdd4f75000 rw-p 00000000 00:00 0 
7fbdd4f75000-7fbdd6e6d000 r-xp 00000000 08:03 4201338                    /usr/lib/x86_64-linux-gnu/dri/fglrx_dri.so
7fbdd6e6d000-7fbdd6f6c000 ---p 01ef8000 08:03 4201338                    /usr/lib/x86_64-linux-gnu/dri/fglrx_dri.so
7fbdd6f6c000-7fbdd70ca000 rwxp 01ef7000 08:03 4201338                    /usr/lib/x86_64-linux-gnu/dri/fglrx_dri.so
7fbdd70ca000-7fbdd71ee000 rwxp 00000000 00:00 0 
7fbdd71ee000-7fbdd72b1000 r-xp 00000000 08:03 4201341                    /usr/lib/x86_64-linux-gnu/fglrx/fglrx-libGL.so.1.2
7fbdd72b1000-7fbdd73b0000 ---p 000c3000 08:03 4201341                    /usr/lib/x86_64-linux-gnu/fglrx/fglrx-libGL.so.1.2
7fbdd73b0000-7fbdd73d7000 rwxp 000c2000 08:03 4201341                    /usr/lib/x86_64-linux-gnu/fglrx/fglrx-libGL.so.1.2
7fbdd73d7000-7fbdd73f7000 rwxp 00000000 00:00 0 
7fbdd73f7000-7fbdd73fa000 ---p 00000000 00:00 0 
7fbdd73fa000-7fbdd74f8000 rw-p 00000000 00:00 0 
7fbdd74f8000-7fbdd74fb000 ---p 00000000 00:00 0 
7fbdd74fb000-7fbdd75f9000 rw-p 00000000 00:00 0 
7fbdd75f9000-7fbdd75fa000 ---p 00000000 00:00 0 
7fbdd75fa000-7fbdd7dfa000 rw-p 00000000 00:00 0 
7fbdd7dfa000-7fbdd7e00000 r-xp 00000000 08:03 4200289                    /usr/lib/x86_64-linux-gnu/libogg.so.0.8.0
7fbdd7e00000-7fbdd7fff000 ---p 00006000 08:03 4200289                    /usr/lib/x86_64-linux-gnu/libogg.so.0.8.0
7fbdd7fff000-7fbdd8000000 rw-p 00005000 08:03 4200289                    /usr/lib/x86_64-linux-gnu/libogg.so.0.8.0
7fbdd8000000-7fbdd8021000 rw-p 00000000 00:00 0 
7fbdd8021000-7fbddc000000 ---p 00000000 00:00 0 
7fbddc065000-7fbddc091000 r-xp 00000000 08:03 4200496                    /usr/lib/x86_64-linux-gnu/libvorbis.so.0.4.5
7fbddc091000-7fbddc290000 ---p 0002c000 08:03 4200496                    /usr/lib/x86_64-linux-gnu/libvorbis.so.0.4.5
7fbddc290000-7fbddc291000 r--p 0002b000 08:03 4200496                    /usr/lib/x86_64-linux-gnu/libvorbis.so.0.4.5
7fbddc291000-7fbddc292000 rw-p 0002c000 08:03 4200496                    /usr/lib/x86_64-linux-gnu/libvorbis.so.0.4.5
7fbddc292000-7fbddc545000 r-xp 00000000 08:03 4200498                    /usr/lib/x86_64-linux-gnu/libvorbisenc.so.2.0.8
7fbddc545000-7fbddc744000 ---p 002b3000 08:03 4200498                    /usr/lib/x86_64-linux-gnu/libvorbisenc.so.2.0.8
7fbddc744000-7fbddc760000 r--p 002b2000 08:03 4200498                    /usr/lib/x86_64-linux-gnu/libvorbisenc.so.2.0.8
7fbddc760000-7fbddc761000 rw-p 002ce000 08:03 4200498                    /usr/lib/x86_64-linux-gnu/libvorbisenc.so.2.0.8
7fbddc761000-7fbddc7ac000 r-xp 00000000 08:03 4199700                    /usr/lib/x86_64-linux-gnu/libFLAC.so.8.2.0
7fbddc7ac000-7fbddc9ab000 ---p 0004b000 08:03 4199700                    /usr/lib/x86_64-linux-gnu/libFLAC.so.8.2.0
7fbddc9ab000-7fbddc9ac000 r--p 0004a000 08:03 4199700                    /usr/lib/x86_64-linux-gnu/libFLAC.so.8.2.0
7fbddc9ac000-7fbddc9ad000 rw-p 0004b000 08:03 4199700                    /usr/lib/x86_64-linux-gnu/libFLAC.so.8.2.0
7fbddc9ad000-7fbddc9b1000 r-xp 00000000 08:03 12190707                   /lib/x86_64-linux-gnu/libuuid.so.1.3.0
7fbddc9b1000-7fbddcbb0000 ---p 00004000 08:03 12190707                   /lib/x86_64-linux-gnu/libuuid.so.1.3.0
7fbddcbb0000-7fbddcbb1000 r--p 00003000 08:03 12190707                   /lib/x86_64-linux-gnu/libuuid.so.1.3.0
7fbddcbb1000-7fbddcbb2000 rw-p 00004000 08:03 12190707                   /lib/x86_64-linux-gnu/libuuid.so.1.3.0
7fbddcbb2000-7fbddcbb6000 r-xp 00000000 08:03 12190559                   /lib/x86_64-linux-gnu/libattr.so.1.1.0
7fbddcbb6000-7fbddcdb5000 ---p 00004000 08:03 12190559                   /lib/x86_64-linux-gnu/libattr.so.1.1.0
7fbddcdb5000-7fbddcdb6000 r--p 00003000 08:03 12190559                   /lib/x86_64-linux-gnu/libattr.so.1.1.0
7fbddcdb6000-7fbddcdb7000 rw-p 00004000 08:03 12190559                   /lib/x86_64-linux-gnu/libattr.so.1.1.0
7fbddcdb7000-7fbddcdbc000 r-xp 00000000 08:03 4199797                    /usr/lib/x86_64-linux-gnu/libasyncns.so.0.3.1
7fbddcdbc000-7fbddcfbb000 ---p 00005000 08:03 4199797                    /usr/lib/x86_64-linux-gnu/libasyncns.so.0.3.1
7fbddcfbb000-7fbddcfbc000 rw-p 00004000 08:03 4199797                    /usr/lib/x86_64-linux-gnu/libasyncns.so.0.3.1
7fbddcfbc000-7fbddd01d000 r-xp 00000000 08:03 4200411                    /usr/lib/x86_64-linux-gnu/libsndfile.so.1.0.25
7fbddd01d000-7fbddd21c000 ---p 00061000 08:03 4200411                    /usr/lib/x86_64-linux-gnu/libsndfile.so.1.0.25
7fbddd21c000-7fbddd21e000 r--p 00060000 08:03 4200411                    /usr/lib/x86_64-linux-gnu/libsndfile.so.1.0.25
7fbddd21e000-7fbddd21f000 rw-p 00062000 08:03 4200411                    /usr/lib/x86_64-linux-gnu/libsndfile.so.1.0.25
7fbddd21f000-7fbddd223000 rw-p 00000000 00:00 0 
7fbddd223000-7fbddd22c000 r-xp 00000000 08:03 12190709                   /lib/x86_64-linux-gnu/libwrap.so.0.7.6
7fbddd22c000-7fbddd42b000 ---p 00009000 08:03 12190709                   /lib/x86_64-linux-gnu/libwrap.so.0.7.6
7fbddd42b000-7fbddd42c000 r--p 00008000 08:03 12190709                   /lib/x86_64-linux-gnu/libwrap.so.0.7.6
7fbddd42c000-7fbddd42d000 rw-p 00009000 08:03 12190709                   /lib/x86_64-linux-gnu/libwrap.so.0.7.6
7fbddd42d000-7fbddd42e000 rw-p 00000000 00:00 0 
7fbddd42e000-7fbddd435000 r-xp 00000000 08:03 4199720                    /usr/lib/x86_64-linux-gnu/libSM.so.6.0.1
7fbddd435000-7fbddd634000 ---p 00007000 08:03 4199720                    /usr/lib/x86_64-linux-gnu/libSM.so.6.0.1
7fbddd634000-7fbddd635000 rw-p 00006000 08:03 4199720                    /usr/lib/x86_64-linux-gnu/libSM.so.6.0.1
7fbddd635000-7fbddd64c000 r-xp 00000000 08:03 4199710                    /usr/lib/x86_64-linux-gnu/libICE.so.6.3.0
7fbddd64c000-7fbddd84b000 ---p 00017000 08:03 4199710                    /usr/lib/x86_64-linux-gnu/libICE.so.6.3.0
7fbddd84b000-7fbddd84d000 rw-p 00016000 08:03 4199710                    /usr/lib/x86_64-linux-gnu/libICE.so.6.3.0
7fbddd84d000-7fbddd850000 rw-p 00000000 00:00 0 
7fbddd850000-7fbddd851000 r-xp 00000000 08:03 4199726                    /usr/lib/x86_64-linux-gnu/libX11-xcb.so.1.0.0
7fbddd851000-7fbddda50000 ---p 00001000 08:03 4199726                    /usr/lib/x86_64-linux-gnu/libX11-xcb.so.1.0.0
7fbddda50000-7fbddda51000 rw-p 00000000 08:03 4199726                    /usr/lib/x86_64-linux-gnu/libX11-xcb.so.1.0.0
7fbddda51000-7fbddda55000 r-xp 00000000 08:03 12190572                   /lib/x86_64-linux-gnu/libcap.so.2.22
7fbddda55000-7fbdddc54000 ---p 00004000 08:03 12190572                   /lib/x86_64-linux-gnu/libcap.so.2.22
7fbdddc54000-7fbdddc55000 rw-p 00003000 08:03 12190572                   /lib/x86_64-linux-gnu/libcap.so.2.22
7fbdddc55000-7fbdddcb6000 r-xp 00000000 08:03 4325923                    /usr/lib/x86_64-linux-gnu/pulseaudio/libpulsecommon-2.0.so
7fbdddcb6000-7fbdddeb5000 ---p 00061000 08:03 4325923                    /usr/lib/x86_64-linux-gnu/pulseaudio/libpulsecommon-2.0.so
7fbdddeb5000-7fbdddeb6000 r--p 00060000 08:03 4325923                    /usr/lib/x86_64-linux-gnu/pulseaudio/libpulsecommon-2.0.so
7fbdddeb6000-7fbdddeb8000 rw-p 00061000 08:03 4325923                    /usr/lib/x86_64-linux-gnu/pulseaudio/libpulsecommon-2.0.so
7fbdddeb8000-7fbdddec1000 r-xp 00000000 08:03 12190608                   /lib/x86_64-linux-gnu/libjson.so.0.1.0
7fbdddec1000-7fbdde0c0000 ---p 00009000 08:03 12190608                   /lib/x86_64-linux-gnu/libjson.so.0.1.0
7fbdde0c0000-7fbdde0c1000 r--p 00008000 08:03 12190608                   /lib/x86_64-linux-gnu/libjson.so.0.1.0
7fbdde0c1000-7fbdde0c2000 rw-p 00009000 08:03 12190608                   /lib/x86_64-linux-gnu/libjson.so.0.1.0
7fbdde0c2000-7fbdde10b000 r-xp 00000000 08:03 4200364                    /usr/lib/x86_64-linux-gnu/libpulse.so.0.14.2
7fbdde10b000-7fbdde30a000 ---p 00049000 08:03 4200364                    /usr/lib/x86_64-linux-gnu/libpulse.so.0.14.2
7fbdde30a000-7fbdde30b000 r--p 00048000 08:03 4200364                    /usr/lib/x86_64-linux-gnu/libpulse.so.0.14.2
7fbdde30b000-7fbdde30c000 rw-p 00049000 08:03 4200364                    /usr/lib/x86_64-linux-gnu/libpulse.so.0.14.2
7fbdde565000-7fbdde569000 r-xp 00000000 08:03 4199775                    /usr/lib/x86_64-linux-gnu/libXxf86vm.so.1.0.0
7fbdde569000-7fbdde769000 ---p 00004000 08:03 4199775                    /usr/lib/x86_64-linux-gnu/libXxf86vm.so.1.0.0
7fbdde769000-7fbdde76a000 r--p 00004000 08:03 4199775                    /usr/lib/x86_64-linux-gnu/libXxf86vm.so.1.0.0
7fbdde76a000-7fbdde76b000 rw-p 00005000 08:03 4199775                    /usr/lib/x86_64-linux-gnu/libXxf86vm.so.1.0.0
7fbdde76b000-7fbdde7d7000 r-xp 00000000 08:01 300856                     /media/winDisk/Users/ChobeDucket/Documents/sheep/android/assets/.temp/7b43be9b/liblwjgl64.so
7fbdde7d7000-7fbdde9d6000 ---p 0006c000 08:01 300856                     /media/winDisk/Users/ChobeDucket/Documents/sheep/android/assets/.temp/7b43be9b/liblwjgl64.so
7fbdde9d6000-7fbdde9d8000 r--p 0006b000 08:01 300856                     /media/winDisk/Users/ChobeDucket/Documents/sheep/android/assets/.temp/7b43be9b/liblwjgl64.so
7fbdde9d8000-7fbdde9d9000 rw-p 0006d000 08:01 300856                     /media/winDisk/Users/ChobeDucket/Documents/sheep/android/assets/.temp/7b43be9b/liblwjgl64.so
7fbdde9d9000-7fbdde9da000 r-xp 00000000 08:03 3934229                    /usr/lib/jvm/java-7-openjdk-amd64/jre/lib/amd64/libjawt.so
7fbdde9da000-7fbddebd9000 ---p 00001000 08:03 3934229                    /usr/lib/jvm/java-7-openjdk-amd64/jre/lib/amd64/libjawt.so
7fbddebd9000-7fbddebda000 r--p 00000000 08:03 3934229                    /usr/lib/jvm/java-7-openjdk-amd64/jre/lib/amd64/libjawt.so
7fbddebda000-7fbddebdb000 rw-p 00001000 08:03 3934229                    /usr/lib/jvm/java-7-openjdk-amd64/jre/lib/amd64/libjawt.so
7fbddebdb000-7fbddebde000 ---p 00000000 00:00 0 
7fbddebde000-7fbddecdc000 rw-p 00000000 00:00 0 
7fbddecdc000-7fbddecdf000 r-xp 00000000 08:03 12190599                   /lib/x86_64-linux-gnu/libgpg-error.so.0.8.0
7fbddecdf000-7fbddeede000 ---p 00003000 08:03 12190599                   /lib/x86_64-linux-gnu/libgpg-error.so.0.8.0
7fbddeede000-7fbddeedf000 rw-p 00002000 08:03 12190599                   /lib/x86_64-linux-gnu/libgpg-error.so.0.8.0
7fbddeedf000-7fbddef23000 r-xp 00000000 08:03 12190580                   /lib/x86_64-linux-gnu/libdbus-1.so.3.7.2
7fbddef23000-7fbddf123000 ---p 00044000 08:03 12190580                   /lib/x86_64-linux-gnu/libdbus-1.so.3.7.2
7fbddf123000-7fbddf124000 r--p 00044000 08:03 12190580                   /lib/x86_64-linux-gnu/libdbus-1.so.3.7.2
7fbddf124000-7fbddf125000 rw-p 00045000 08:03 12190580                   /lib/x86_64-linux-gnu/libdbus-1.so.3.7.2
7fbddf125000-7fbddf136000 r-xp 00000000 08:03 4200305                    /usr/lib/x86_64-linux-gnu/libp11-kit.so.0.0.0
7fbddf136000-7fbddf335000 ---p 00011000 08:03 4200305                    /usr/lib/x86_64-linux-gnu/libp11-kit.so.0.0.0
7fbddf335000-7fbddf336000 r--p 00010000 08:03 4200305                    /usr/lib/x86_64-linux-gnu/libp11-kit.so.0.0.0
7fbddf336000-7fbddf337000 rw-p 00011000 08:03 4200305                    /usr/lib/x86_64-linux-gnu/libp11-kit.so.0.0.0
7fbddf337000-7fbddf3b1000 r-xp 00000000 08:03 12190595                   /lib/x86_64-linux-gnu/libgcrypt.so.11.7.0
7fbddf3b1000-7fbddf5b1000 ---p 0007a000 08:03 12190595                   /lib/x86_64-linux-gnu/libgcrypt.so.11.7.0
7fbddf5b1000-7fbddf5b2000 r--p 0007a000 08:03 12190595                   /lib/x86_64-linux-gnu/libgcrypt.so.11.7.0
7fbddf5b2000-7fbddf5b5000 rw-p 0007b000 08:03 12190595                   /lib/x86_64-linux-gnu/libgcrypt.so.11.7.0
7fbddf5b5000-7fbddf5c5000 r-xp 00000000 08:03 4200448                    /usr/lib/x86_64-linux-gnu/libtasn1.so.3.1.16
7fbddf5c5000-7fbddf7c4000 ---p 00010000 08:03 4200448                    /usr/lib/x86_64-linux-gnu/libtasn1.so.3.1.16
7fbddf7c4000-7fbddf7c5000 r--p 0000f000 08:03 4200448                    /usr/lib/x86_64-linux-gnu/libtasn1.so.3.1.16
7fbddf7c5000-7fbddf7c6000 rw-p 00010000 08:03 4200448                    /usr/lib/x86_64-linux-gnu/libtasn1.so.3.1.16
7fbddf7c6000-7fbddf7c9000 r-xp 00000000 08:03 12190610                   /lib/x86_64-linux-gnu/libkeyutils.so.1.4
7fbddf7c9000-7fbddf9c8000 ---p 00003000 08:03 12190610                   /lib/x86_64-linux-gnu/libkeyutils.so.1.4
7fbddf9c8000-7fbddf9c9000 r--p 00002000 08:03 12190610                   /lib/x86_64-linux-gnu/libkeyutils.so.1.4
7fbddf9c9000-7fbddf9ca000 rw-p 00003000 08:03 12190610                   /lib/x86_64-linux-gnu/libkeyutils.so.1.4
7fbddf9ca000-7fbddf9d2000 r-xp 00000000 08:03 4200208                    /usr/lib/x86_64-linux-gnu/libkrb5support.so.0.1
7fbddf9d2000-7fbddfbd1000 ---p 00008000 08:03 4200208                    /usr/lib/x86_64-linux-gnu/libkrb5support.so.0.1
7fbddfbd1000-7fbddfbd2000 r--p 00007000 08:03 4200208                    /usr/lib/x86_64-linux-gnu/libkrb5support.so.0.1
7fbddfbd2000-7fbddfbd3000 rw-p 00008000 08:03 4200208                    /usr/lib/x86_64-linux-gnu/libkrb5support.so.0.1
7fbddfbd3000-7fbddfbd6000 r-xp 00000000 08:03 12190576                   /lib/x86_64-linux-gnu/libcom_err.so.2.1
7fbddfbd6000-7fbddfdd5000 ---p 00003000 08:03 12190576                   /lib/x86_64-linux-gnu/libcom_err.so.2.1
7fbddfdd5000-7fbddfdd6000 r--p 00002000 08:03 12190576                   /lib/x86_64-linux-gnu/libcom_err.so.2.1
7fbddfdd6000-7fbddfdd7000 rw-p 00003000 08:03 12190576                   /lib/x86_64-linux-gnu/libcom_err.so.2.1
7fbddfdd7000-7fbddfdfd000 r-xp 00000000 08:03 4200198                    /usr/lib/x86_64-linux-gnu/libk5crypto.so.3.1
7fbddfdfd000-7fbddfffd000 ---p 00026000 08:03 4200198                    /usr/lib/x86_64-linux-gnu/libk5crypto.so.3.1
7fbddfffd000-7fbddfffe000 r--p 00026000 08:03 4200198                    /usr/lib/x86_64-linux-gnu/libk5crypto.so.3.1
7fbddfffe000-7fbddffff000 rw-p 00027000 08:03 4200198                    /usr/lib/x86_64-linux-gnu/libk5crypto.so.3.1
7fbddffff000-7fbde0000000 rw-p 00000000 00:00 0 
7fbde0000000-7fbde0021000 rw-p 00000000 00:00 0 
7fbde0021000-7fbde4000000 ---p 00000000 00:00 0 
7fbde4087000-7fbde4150000 r-xp 00000000 08:03 4200206                    /usr/lib/x86_64-linux-gnu/libkrb5.so.3.3
7fbde4150000-7fbde434f000 ---p 000c9000 08:03 4200206                    /usr/lib/x86_64-linux-gnu/libkrb5.so.3.3
7fbde434f000-7fbde4359000 r--p 000c8000 08:03 4200206                    /usr/lib/x86_64-linux-gnu/libkrb5.so.3.3
7fbde4359000-7fbde435b000 rw-p 000d2000 08:03 4200206                    /usr/lib/x86_64-linux-gnu/libkrb5.so.3.3
7fbde435b000-7fbde4360000 r-xp 00000000 08:03 4199743                    /usr/lib/x86_64-linux-gnu/libXdmcp.so.6.0.0
7fbde4360000-7fbde455f000 ---p 00005000 08:03 4199743                    /usr/lib/x86_64-linux-gnu/libXdmcp.so.6.0.0
7fbde455f000-7fbde4560000 rw-p 00004000 08:03 4199743                    /usr/lib/x86_64-linux-gnu/libXdmcp.so.6.0.0
7fbde4560000-7fbde4562000 r-xp 00000000 08:03 4199732                    /usr/lib/x86_64-linux-gnu/libXau.so.6.0.0
7fbde4562000-7fbde4762000 ---p 00002000 08:03 4199732                    /usr/lib/x86_64-linux-gnu/libXau.so.6.0.0
7fbde4762000-7fbde4763000 rw-p 00002000 08:03 4199732                    /usr/lib/x86_64-linux-gnu/libXau.so.6.0.0
7fbde4763000-7fbde4773000 r-xp 00000000 08:03 4199807                    /usr/lib/x86_64-linux-gnu/libavahi-client.so.3.2.9
7fbde4773000-7fbde4972000 ---p 00010000 08:03 4199807                    /usr/lib/x86_64-linux-gnu/libavahi-client.so.3.2.9
7fbde4972000-7fbde4973000 r--p 0000f000 08:03 4199807                    /usr/lib/x86_64-linux-gnu/libavahi-client.so.3.2.9
7fbde4973000-7fbde4974000 rw-p 00010000 08:03 4199807                    /usr/lib/x86_64-linux-gnu/libavahi-client.so.3.2.9
7fbde4974000-7fbde4980000 r-xp 00000000 08:03 4199809                    /usr/lib/x86_64-linux-gnu/libavahi-common.so.3.5.3
7fbde4980000-7fbde4b7f000 ---p 0000c000 08:03 4199809                    /usr/lib/x86_64-linux-gnu/libavahi-common.so.3.5.3
7fbde4b7f000-7fbde4b80000 r--p 0000b000 08:03 4199809                    /usr/lib/x86_64-linux-gnu/libavahi-common.so.3.5.3
7fbde4b80000-7fbde4b81000 rw-p 0000c000 08:03 4199809                    /usr/lib/x86_64-linux-gnu/libavahi-common.so.3.5.3
7fbde4b81000-7fbde4c3a000 r-xp 00000000 08:03 4200060                    /usr/lib/x86_64-linux-gnu/libgnutls.so.26.22.4
7fbde4c3a000-7fbde4e39000 ---p 000b9000 08:03 4200060                    /usr/lib/x86_64-linux-gnu/libgnutls.so.26.22.4
7fbde4e39000-7fbde4e3f000 r--p 000b8000 08:03 4200060                    /usr/lib/x86_64-linux-gnu/libgnutls.so.26.22.4
7fbde4e3f000-7fbde4e41000 rw-p 000be000 08:03 4200060                    /usr/lib/x86_64-linux-gnu/libgnutls.so.26.22.4
7fbde4e41000-7fbde4e7d000 r-xp 00000000 08:03 4200085                    /usr/lib/x86_64-linux-gnu/libgssapi_krb5.so.2.2
7fbde4e7d000-7fbde507d000 ---p 0003c000 08:03 4200085                    /usr/lib/x86_64-linux-gnu/libgssapi_krb5.so.2.2
7fbde507d000-7fbde507e000 r--p 0003c000 08:03 4200085                    /usr/lib/x86_64-linux-gnu/libgssapi_krb5.so.2.2
7fbde507e000-7fbde5080000 rw-p 0003d000 08:03 4200085                    /usr/lib/x86_64-linux-gnu/libgssapi_krb5.so.2.2
7fbde5080000-7fbde50bc000 r-xp 00000000 08:03 12190663                   /lib/x86_64-linux-gnu/libpcre.so.3.13.1
7fbde50bc000-7fbde52bc000 ---p 0003c000 08:03 12190663                   /lib/x86_64-linux-gnu/libpcre.so.3.13.1
7fbde52bc000-7fbde52bd000 rw-p 0003c000 08:03 12190663                   /lib/x86_64-linux-gnu/libpcre.so.3.13.1
7fbde52bd000-7fbde52c9000 r-xp 00000000 08:03 4199961                    /usr/lib/x86_64-linux-gnu/libffi.so.5.0.10
7fbde52c9000-7fbde54c9000 ---p 0000c000 08:03 4199961                    /usr/lib/x86_64-linux-gnu/libffi.so.5.0.10
7fbde54c9000-7fbde54ca000 rw-p 0000c000 08:03 4199961                    /usr/lib/x86_64-linux-gnu/libffi.so.5.0.10
7fbde54ca000-7fbde54f1000 r-xp 00000000 08:03 12190588                   /lib/x86_64-linux-gnu/libexpat.so.1.6.0
7fbde54f1000-7fbde56f1000 ---p 00027000 08:03 12190588                   /lib/x86_64-linux-gnu/libexpat.so.1.6.0
7fbde56f1000-7fbde56f3000 r--p 00027000 08:03 12190588                   /lib/x86_64-linux-gnu/libexpat.so.1.6.0
7fbde56f3000-7fbde56f4000 rw-p 00029000 08:03 12190588                   /lib/x86_64-linux-gnu/libexpat.so.1.6.0
7fbde56f4000-7fbde56fc000 r-xp 00000000 08:03 4200521                    /usr/lib/x86_64-linux-gnu/libxcb-render.so.0.0.0
7fbde56fc000-7fbde58fc000 ---p 00008000 08:03 4200521                    /usr/lib/x86_64-linux-gnu/libxcb-render.so.0.0.0
7fbde58fc000-7fbde58fd000 r--p 00008000 08:03 4200521                    /usr/lib/x86_64-linux-gnu/libxcb-render.so.0.0.0
7fbde58fd000-7fbde58fe000 rw-p 00009000 08:03 4200521                    /usr/lib/x86_64-linux-gnu/libxcb-render.so.0.0.0
7fbde58fe000-7fbde5900000 r-xp 00000000 08:03 4200525                    /usr/lib/x86_64-linux-gnu/libxcb-shm.so.0.0.0
7fbde5900000-7fbde5aff000 ---p 00002000 08:03 4200525                    /usr/lib/x86_64-linux-gnu/libxcb-shm.so.0.0.0
7fbde5aff000-7fbde5b00000 r--p 00001000 08:03 4200525                    /usr/lib/x86_64-linux-gnu/libxcb-shm.so.0.0.0
7fbde5b00000-7fbde5b01000 rw-p 00002000 08:03 4200525                    /usr/lib/x86_64-linux-gnu/libxcb-shm.so.0.0.0
7fbde5b01000-7fbde5b81000 r-xp 00000000 08:03 4200335                    /usr/lib/x86_64-linux-gnu/libpixman-1.so.0.26.0
7fbde5b81000-7fbde5d81000 ---p 00080000 08:03 4200335                    /usr/lib/x86_64-linux-gnu/libpixman-1.so.0.26.0
7fbde5d81000-7fbde5d87000 rw-p 00080000 08:03 4200335                    /usr/lib/x86_64-linux-gnu/libpixman-1.so.0.26.0
7fbde5d87000-7fbde5dad000 r-xp 00000000 08:03 12190665                   /lib/x86_64-linux-gnu/libpng12.so.0.49.0
7fbde5dad000-7fbde5fac000 ---p 00026000 08:03 12190665                   /lib/x86_64-linux-gnu/libpng12.so.0.49.0
7fbde5fac000-7fbde5fad000 r--p 00025000 08:03 12190665                   /lib/x86_64-linux-gnu/libpng12.so.0.49.0
7fbde5fad000-7fbde5fae000 rw-p 00026000 08:03 12190665                   /lib/x86_64-linux-gnu/libpng12.so.0.49.0
7fbde5fae000-7fbde5fc2000 r-xp 00000000 08:03 12192206                   /lib/x86_64-linux-gnu/libresolv-2.19.so
7fbde5fc2000-7fbde61c1000 ---p 00014000 08:03 12192206                   /lib/x86_64-linux-gnu/libresolv-2.19.so
7fbde61c1000-7fbde61c2000 r--p 00013000 08:03 12192206                   /lib/x86_64-linux-gnu/libresolv-2.19.so
7fbde61c2000-7fbde61c3000 rw-p 00014000 08:03 12192206                   /lib/x86_64-linux-gnu/libresolv-2.19.so
7fbde61c3000-7fbde61c5000 rw-p 00000000 00:00 0 
7fbde61c5000-7fbde61e3000 r-xp 00000000 08:03 12190680                   /lib/x86_64-linux-gnu/libselinux.so.1
7fbde61e3000-7fbde63e2000 ---p 0001e000 08:03 12190680                   /lib/x86_64-linux-gnu/libselinux.so.1
7fbde63e2000-7fbde63e3000 r--p 0001d000 08:03 12190680                   /lib/x86_64-linux-gnu/libselinux.so.1
7fbde63e3000-7fbde63e4000 rw-p 0001e000 08:03 12190680                   /lib/x86_64-linux-gnu/libselinux.so.1
7fbde63e4000-7fbde63e5000 rw-p 00000000 00:00 0 
7fbde63e5000-7fbde63e8000 r-xp 00000000 08:03 4200052                    /usr/lib/x86_64-linux-gnu/libgmodule-2.0.so.0.3200.4
7fbde63e8000-7fbde65e7000 ---p 00003000 08:03 4200052                    /usr/lib/x86_64-linux-gnu/libgmodule-2.0.so.0.3200.4
7fbde65e7000-7fbde65e8000 r--p 00002000 08:03 4200052                    /usr/lib/x86_64-linux-gnu/libgmodule-2.0.so.0.3200.4
7fbde65e8000-7fbde65e9000 rw-p 00003000 08:03 4200052                    /usr/lib/x86_64-linux-gnu/libgmodule-2.0.so.0.3200.4
7fbde65e9000-7fbde65f3000 r-xp 00000000 08:03 4199739                    /usr/lib/x86_64-linux-gnu/libXcursor.so.1.0.2
7fbde65f3000-7fbde67f2000 ---p 0000a000 08:03 4199739                    /usr/lib/x86_64-linux-gnu/libXcursor.so.1.0.2
7fbde67f2000-7fbde67f3000 rw-p 00009000 08:03 4199739                    /usr/lib/x86_64-linux-gnu/libXcursor.so.1.0.2
7fbde67f3000-7fbde67fa000 r-xp 00000000 08:03 4199761                    /usr/lib/x86_64-linux-gnu/libXrandr.so.2.2.0
7fbde67fa000-7fbde69fa000 ---p 00007000 08:03 4199761                    /usr/lib/x86_64-linux-gnu/libXrandr.so.2.2.0
7fbde69fa000-7fbde69fb000 rw-p 00007000 08:03 4199761                    /usr/lib/x86_64-linux-gnu/libXrandr.so.2.2.0
7fbde69fb000-7fbde69fd000 r-xp 00000000 08:03 4199753                    /usr/lib/x86_64-linux-gnu/libXinerama.so.1.0.0
7fbde69fd000-7fbde6bfc000 ---p 00002000 08:03 4199753                    /usr/lib/x86_64-linux-gnu/libXinerama.so.1.0.0
7fbde6bfc000-7fbde6bfd000 rw-p 00001000 08:03 4199753                    /usr/lib/x86_64-linux-gnu/libXinerama.so.1.0.0
7fbde6bfd000-7fbde6c02000 r-xp 00000000 08:03 4199747                    /usr/lib/x86_64-linux-gnu/libXfixes.so.3.1.0
7fbde6c02000-7fbde6e01000 ---p 00005000 08:03 4199747                    /usr/lib/x86_64-linux-gnu/libXfixes.so.3.1.0
7fbde6e01000-7fbde6e02000 r--p 00004000 08:03 4199747                    /usr/lib/x86_64-linux-gnu/libXfixes.so.3.1.0
7fbde6e02000-7fbde6e03000 rw-p 00005000 08:03 4199747                    /usr/lib/x86_64-linux-gnu/libXfixes.so.3.1.0
7fbde6e03000-7fbde6e05000 r-xp 00000000 08:03 4199741                    /usr/lib/x86_64-linux-gnu/libXdamage.so.1.1.0
7fbde6e05000-7fbde7004000 ---p 00002000 08:03 4199741                    /usr/lib/x86_64-linux-gnu/libXdamage.so.1.1.0
7fbde7004000-7fbde7005000 rw-p 00001000 08:03 4199741                    /usr/lib/x86_64-linux-gnu/libXdamage.so.1.1.0
7fbde7005000-7fbde7007000 r-xp 00000000 08:03 4199737                    /usr/lib/x86_64-linux-gnu/libXcomposite.so.1.0.0
7fbde7007000-7fbde7206000 ---p 00002000 08:03 4199737                    /usr/lib/x86_64-linux-gnu/libXcomposite.so.1.0.0
7fbde7206000-7fbde7207000 rw-p 00001000 08:03 4199737                    /usr/lib/x86_64-linux-gnu/libXcomposite.so.1.0.0
7fbde7207000-7fbde7226000 r-xp 00000000 08:03 4200529                    /usr/lib/x86_64-linux-gnu/libxcb.so.1.1.0
7fbde7226000-7fbde7425000 ---p 0001f000 08:03 4200529                    /usr/lib/x86_64-linux-gnu/libxcb.so.1.1.0
7fbde7425000-7fbde7426000 r--p 0001e000 08:03 4200529                    /usr/lib/x86_64-linux-gnu/libxcb.so.1.1.0
7fbde7426000-7fbde7427000 rw-p 0001f000 08:03 4200529                    /usr/lib/x86_64-linux-gnu/libxcb.so.1.1.0
7fbde7427000-7fbde747a000 r-xp 00000000 08:03 4199889                    /usr/lib/x86_64-linux-gnu/libcups.so.2
7fbde747a000-7fbde7679000 ---p 00053000 08:03 4199889                    /usr/lib/x86_64-linux-gnu/libcups.so.2
7fbde7679000-7fbde767e000 r--p 00052000 08:03 4199889                    /usr/lib/x86_64-linux-gnu/libcups.so.2
7fbde767e000-7fbde767f000 rw-p 00057000 08:03 4199889                    /usr/lib/x86_64-linux-gnu/libcups.so.2
7fbde767f000-7fbde7774000 r-xp 00000000 08:03 12190597                   /lib/x86_64-linux-gnu/libglib-2.0.so.0.3200.4
7fbde7774000-7fbde7974000 ---p 000f5000 08:03 12190597                   /lib/x86_64-linux-gnu/libglib-2.0.so.0.3200.4
7fbde7974000-7fbde7975000 r--p 000f5000 08:03 12190597                   /lib/x86_64-linux-gnu/libglib-2.0.so.0.3200.4
7fbde7975000-7fbde7976000 rw-p 000f6000 08:03 12190597                   /lib/x86_64-linux-gnu/libglib-2.0.so.0.3200.4
7fbde7976000-7fbde7977000 rw-p 00000000 00:00 0 
7fbde7977000-7fbde7978000 r-xp 00000000 08:03 4200137                    /usr/lib/x86_64-linux-gnu/libgthread-2.0.so.0.3200.4
7fbde7978000-7fbde7b77000 ---p 00001000 08:03 4200137                    /usr/lib/x86_64-linux-gnu/libgthread-2.0.so.0.3200.4
7fbde7b77000-7fbde7b78000 r--p 00000000 08:03 4200137                    /usr/lib/x86_64-linux-gnu/libgthread-2.0.so.0.3200.4
7fbde7b78000-7fbde7b79000 rw-p 00001000 08:03 4200137                    /usr/lib/x86_64-linux-gnu/libgthread-2.0.so.0.3200.4
7fbde7b79000-7fbde7bc7000 r-xp 00000000 08:03 4200068                    /usr/lib/x86_64-linux-gnu/libgobject-2.0.so.0.3200.4
7fbde7bc7000-7fbde7dc7000 ---p 0004e000 08:03 4200068                    /usr/lib/x86_64-linux-gnu/libgobject-2.0.so.0.3200.4
7fbde7dc7000-7fbde7dc8000 r--p 0004e000 08:03 4200068                    /usr/lib/x86_64-linux-gnu/libgobject-2.0.so.0.3200.4
7fbde7dc8000-7fbde7dc9000 rw-p 0004f000 08:03 4200068                    /usr/lib/x86_64-linux-gnu/libgobject-2.0.so.0.3200.4
7fbde7dc9000-7fbde7dfe000 r-xp 00000000 08:03 4199999                    /usr/lib/x86_64-linux-gnu/libfontconfig.so.1.5.0
7fbde7dfe000-7fbde7ffe000 ---p 00035000 08:03 4199999                    /usr/lib/x86_64-linux-gnu/libfontconfig.so.1.5.0
7fbde7ffe000-7fbde7fff000 r--p 00035000 08:03 4199999                    /usr/lib/x86_64-linux-gnu/libfontconfig.so.1.5.0
7fbde7fff000-7fbde8000000 rw-p 00036000 08:03 4199999                    /usr/lib/x86_64-linux-gnu/libfontconfig.so.1.5.0
7fbde8000000-7fbde84f9000 rw-p 00000000 00:00 0 
7fbde84f9000-7fbdec000000 ---p 00000000 00:00 0 
7fbdec000000-7fbdec021000 rw-p 00000000 00:00 0 
7fbdec021000-7fbdf0000000 ---p 00000000 00:00 0 
7fbdf0000000-7fbdf0021000 rw-p 00000000 00:00 0 
7fbdf0021000-7fbdf4000000 ---p 00000000 00:00 0 
7fbdf4000000-7fbdf4942000 rw-p 00000000 00:00 0 
7fbdf4942000-7fbdf8000000 ---p 00000000 00:00 0 
7fbdf8000000-7fbdf8021000 rw-p 00000000 00:00 0 
7fbdf8021000-7fbdfc000000 ---p 00000000 00:00 0 
7fbdfc000000-7fbdfc021000 rw-p 00000000 00:00 0 
7fbdfc021000-7fbe00000000 ---p 00000000 00:00 0 
7fbe00000000-7fbe00021000 rw-p 00000000 00:00 0 
7fbe00021000-7fbe04000000 ---p 00000000 00:00 0 
7fbe04000000-7fbe04021000 rw-p 00000000 00:00 0 
7fbe04021000-7fbe08000000 ---p 00000000 00:00 0 
7fbe08077000-7fbe080f4000 rw-p 00000000 00:00 0 
7fbe080f4000-7fbe080f7000 ---p 00000000 00:00 0 
7fbe080f7000-7fbe081f5000 rw-p 00000000 00:00 0 
7fbe081f5000-7fbe0828e000 r-xp 00000000 08:03 4200007                    /usr/lib/x86_64-linux-gnu/libfreetype.so.6.8.1
7fbe0828e000-7fbe0848d000 ---p 00099000 08:03 4200007                    /usr/lib/x86_64-linux-gnu/libfreetype.so.6.8.1
7fbe0848d000-7fbe08493000 r--p 00098000 08:03 4200007                    /usr/lib/x86_64-linux-gnu/libfreetype.so.6.8.1
7fbe08493000-7fbe08494000 rw-p 0009e000 08:03 4200007                    /usr/lib/x86_64-linux-gnu/libfreetype.so.6.8.1
7fbe08494000-7fbe084de000 r-xp 00000000 08:03 4200313                    /usr/lib/x86_64-linux-gnu/libpango-1.0.so.0.3000.0
7fbe084de000-7fbe086de000 ---p 0004a000 08:03 4200313                    /usr/lib/x86_64-linux-gnu/libpango-1.0.so.0.3000.0
7fbe086de000-7fbe086e0000 r--p 0004a000 08:03 4200313                    /usr/lib/x86_64-linux-gnu/libpango-1.0.so.0.3000.0
7fbe086e0000-7fbe086e1000 rw-p 0004c000 08:03 4200313                    /usr/lib/x86_64-linux-gnu/libpango-1.0.so.0.3000.0
7fbe086e1000-7fbe087d5000 r-xp 00000000 08:03 4199843                    /usr/lib/x86_64-linux-gnu/libcairo.so.2.11200.2
7fbe087d5000-7fbe089d4000 ---p 000f4000 08:03 4199843                    /usr/lib/x86_64-linux-gnu/libcairo.so.2.11200.2
7fbe089d4000-7fbe089d7000 r--p 000f3000 08:03 4199843                    /usr/lib/x86_64-linux-gnu/libcairo.so.2.11200.2
7fbe089d7000-7fbe089d8000 rw-p 000f6000 08:03 4199843                    /usr/lib/x86_64-linux-gnu/libcairo.so.2.11200.2
7fbe089d8000-7fbe089da000 rw-p 00000000 00:00 0 
7fbe089da000-7fbe089f9000 r-xp 00000000 08:03 4200030                    /usr/lib/x86_64-linux-gnu/libgdk_pixbuf-2.0.so.0.2600.1
7fbe089f9000-7fbe08bf8000 ---p 0001f000 08:03 4200030                    /usr/lib/x86_64-linux-gnu/libgdk_pixbuf-2.0.so.0.2600.1
7fbe08bf8000-7fbe08bf9000 r--p 0001e000 08:03 4200030                    /usr/lib/x86_64-linux-gnu/libgdk_pixbuf-2.0.so.0.2600.1
7fbe08bf9000-7fbe08bfa000 rw-p 0001f000 08:03 4200030                    /usr/lib/x86_64-linux-gnu/libgdk_pixbuf-2.0.so.0.2600.1
7fbe08bfa000-7fbe08c06000 r-xp 00000000 08:03 4200315                    /usr/lib/x86_64-linux-gnu/libpangocairo-1.0.so.0.3000.0
7fbe08c06000-7fbe08e05000 ---p 0000c000 08:03 4200315                    /usr/lib/x86_64-linux-gnu/libpangocairo-1.0.so.0.3000.0
7fbe08e05000-7fbe08e06000 r--p 0000b000 08:03 4200315                    /usr/lib/x86_64-linux-gnu/libpangocairo-1.0.so.0.3000.0
7fbe08e06000-7fbe08e07000 rw-p 0000c000 08:03 4200315                    /usr/lib/x86_64-linux-gnu/libpangocairo-1.0.so.0.3000.0
7fbe08e07000-7fbe08e31000 r-xp 00000000 08:03 4200317                    /usr/lib/x86_64-linux-gnu/libpangoft2-1.0.so.0.3000.0
7fbe08e31000-7fbe09030000 ---p 0002a000 08:03 4200317                    /usr/lib/x86_64-linux-gnu/libpangoft2-1.0.so.0.3000.0
7fbe09030000-7fbe09031000 r--p 00029000 08:03 4200317                    /usr/lib/x86_64-linux-gnu/libpangoft2-1.0.so.0.3000.0
7fbe09031000-7fbe09032000 rw-p 0002a000 08:03 4200317                    /usr/lib/x86_64-linux-gnu/libpangoft2-1.0.so.0.3000.0
7fbe09032000-7fbe0917e000 r-xp 00000000 08:03 4200042                    /usr/lib/x86_64-linux-gnu/libgio-2.0.so.0.3200.4
7fbe0917e000-7fbe0937d000 ---p 0014c000 08:03 4200042                    /usr/lib/x86_64-linux-gnu/libgio-2.0.so.0.3200.4
7fbe0937d000-7fbe09381000 r--p 0014b000 08:03 4200042                    /usr/lib/x86_64-linux-gnu/libgio-2.0.so.0.3200.4
7fbe09381000-7fbe09383000 rw-p 0014f000 08:03 4200042                    /usr/lib/x86_64-linux-gnu/libgio-2.0.so.0.3200.4
7fbe09383000-7fbe09385000 rw-p 00000000 00:00 0 
7fbe09385000-7fbe093a6000 r-xp 00000000 08:03 4199799                    /usr/lib/x86_64-linux-gnu/libatk-1.0.so.0.20409.1
7fbe093a6000-7fbe095a5000 ---p 00021000 08:03 4199799                    /usr/lib/x86_64-linux-gnu/libatk-1.0.so.0.20409.1
7fbe095a5000-7fbe095a7000 r--p 00020000 08:03 4199799                    /usr/lib/x86_64-linux-gnu/libatk-1.0.so.0.20409.1
7fbe095a7000-7fbe095a8000 rw-p 00022000 08:03 4199799                    /usr/lib/x86_64-linux-gnu/libatk-1.0.so.0.20409.1
7fbe095a8000-7fbe09657000 r-xp 00000000 08:03 4200028                    /usr/lib/x86_64-linux-gnu/libgdk-x11-2.0.so.0.2400.10
7fbe09657000-7fbe09856000 ---p 000af000 08:03 4200028                    /usr/lib/x86_64-linux-gnu/libgdk-x11-2.0.so.0.2400.10
7fbe09856000-7fbe0985b000 rw-p 000ae000 08:03 4200028                    /usr/lib/x86_64-linux-gnu/libgdk-x11-2.0.so.0.2400.10
7fbe0985b000-7fbe09c8d000 r-xp 00000000 08:03 4200141                    /usr/lib/x86_64-linux-gnu/libgtk-x11-2.0.so.0.2400.10
7fbe09c8d000-7fbe09e8d000 ---p 00432000 08:03 4200141                    /usr/lib/x86_64-linux-gnu/libgtk-x11-2.0.so.0.2400.10
7fbe09e8d000-7fbe09e98000 rw-p 00432000 08:03 4200141                    /usr/lib/x86_64-linux-gnu/libgtk-x11-2.0.so.0.2400.10
7fbe09e98000-7fbe09e9a000 rw-p 00000000 00:00 0 
7fbe09e9a000-7fbe09ea8000 r-xp 00000000 08:03 4199751                    /usr/lib/x86_64-linux-gnu/libXi.so.6.1.0
7fbe09ea8000-7fbe0a0a8000 ---p 0000e000 08:03 4199751                    /usr/lib/x86_64-linux-gnu/libXi.so.6.1.0
7fbe0a0a8000-7fbe0a0a9000 rw-p 0000e000 08:03 4199751                    /usr/lib/x86_64-linux-gnu/libXi.so.6.1.0
7fbe0a0a9000-7fbe0a0ae000 r-xp 00000000 08:03 4199769                    /usr/lib/x86_64-linux-gnu/libXtst.so.6.1.0
7fbe0a0ae000-7fbe0a2ad000 ---p 00005000 08:03 4199769                    /usr/lib/x86_64-linux-gnu/libXtst.so.6.1.0
7fbe0a2ad000-7fbe0a2ae000 rw-p 00004000 08:03 4199769                    /usr/lib/x86_64-linux-gnu/libXtst.so.6.1.0
7fbe0a2ae000-7fbe0a2b7000 r-xp 00000000 08:03 4199763                    /usr/lib/x86_64-linux-gnu/libXrender.so.1.3.0
7fbe0a2b7000-7fbe0a4b6000 ---p 00009000 08:03 4199763                    /usr/lib/x86_64-linux-gnu/libXrender.so.1.3.0
7fbe0a4b6000-7fbe0a4b7000 rw-p 00008000 08:03 4199763                    /usr/lib/x86_64-linux-gnu/libXrender.so.1.3.0
7fbe0a4b7000-7fbe0a5ec000 r-xp 00000000 08:03 4199728                    /usr/lib/x86_64-linux-gnu/libX11.so.6.3.0
7fbe0a5ec000-7fbe0a7ec000 ---p 00135000 08:03 4199728                    /usr/lib/x86_64-linux-gnu/libX11.so.6.3.0
7fbe0a7ec000-7fbe0a7f2000 rw-p 00135000 08:03 4199728                    /usr/lib/x86_64-linux-gnu/libX11.so.6.3.0
7fbe0a7f2000-7fbe0a803000 r-xp 00000000 08:03 4199745                    /usr/lib/x86_64-linux-gnu/libXext.so.6.4.0
7fbe0a803000-7fbe0aa03000 ---p 00011000 08:03 4199745                    /usr/lib/x86_64-linux-gnu/libXext.so.6.4.0
7fbe0aa03000-7fbe0aa04000 rw-p 00011000 08:03 4199745                    /usr/lib/x86_64-linux-gnu/libXext.so.6.4.0
7fbe0aa04000-7fbe0aa57000 r-xp 00000000 08:03 3934319                    /usr/lib/jvm/java-7-openjdk-amd64/jre/lib/amd64/xawt/libmawt.so
7fbe0aa57000-7fbe0ac56000 ---p 00053000 08:03 3934319                    /usr/lib/jvm/java-7-openjdk-amd64/jre/lib/amd64/xawt/libmawt.so
7fbe0ac56000-7fbe0ac57000 r--p 00052000 08:03 3934319                    /usr/lib/jvm/java-7-openjdk-amd64/jre/lib/amd64/xawt/libmawt.so
7fbe0ac57000-7fbe0ac5a000 rw-p 00053000 08:03 3934319                    /usr/lib/jvm/java-7-openjdk-amd64/jre/lib/amd64/xawt/libmawt.so
7fbe0ac5a000-7fbe0ac5b000 rw-p 00000000 00:00 0 
7fbe0ac5b000-7fbe0acfc000 r-xp 00000000 08:03 3934218                    /usr/lib/jvm/java-7-openjdk-amd64/jre/lib/amd64/libawt.so
7fbe0acfc000-7fbe0aefb000 ---p 000a1000 08:03 3934218                    /usr/lib/jvm/java-7-openjdk-amd64/jre/lib/amd64/libawt.so
7fbe0aefb000-7fbe0aefc000 r--p 000a0000 08:03 3934218                    /usr/lib/jvm/java-7-openjdk-amd64/jre/lib/amd64/libawt.so
7fbe0aefc000-7fbe0af07000 rw-p 000a1000 08:03 3934218                    /usr/lib/jvm/java-7-openjdk-amd64/jre/lib/amd64/libawt.so
7fbe0af07000-7fbe0af2c000 rw-p 00000000 00:00 0 
7fbe0af2c000-7fbe0af69000 r-xp 00000000 08:03 10486188                   /tmp/libgdxchobe/5502b6ed/libgdx64.so
7fbe0af69000-7fbe0b168000 ---p 0003d000 08:03 10486188                   /tmp/libgdxchobe/5502b6ed/libgdx64.so
7fbe0b168000-7fbe0b169000 r--p 0003c000 08:03 10486188                   /tmp/libgdxchobe/5502b6ed/libgdx64.so
7fbe0b169000-7fbe0b16a000 rw-p 0003d000 08:03 10486188                   /tmp/libgdxchobe/5502b6ed/libgdx64.so
7fbe0b16a000-7fbe0b16b000 ---p 00000000 00:00 0 
7fbe0b16b000-7fbe0b26b000 rw-p 00000000 00:00 0 
7fbe0b26b000-7fbe0b26e000 ---p 00000000 00:00 0 
7fbe0b26e000-7fbe0b36c000 rw-p 00000000 00:00 0 
7fbe0b36c000-7fbe0b36f000 ---p 00000000 00:00 0 
7fbe0b36f000-7fbe0b46d000 rw-p 00000000 00:00 0 
7fbe0b46d000-7fbe0b470000 ---p 00000000 00:00 0 
7fbe0b470000-7fbe0b56e000 rw-p 00000000 00:00 0 
7fbe0b56e000-7fbe0b571000 ---p 00000000 00:00 0 
7fbe0b571000-7fbe0b66f000 rw-p 00000000 00:00 0 
7fbe0b66f000-7fbe0b7f8000 r--p 00000000 08:03 4067802                    /usr/lib/locale/locale-archive
7fbe0b7f8000-7fbe0b7fb000 ---p 00000000 00:00 0 
7fbe0b7fb000-7fbe0b8f9000 rw-p 00000000 00:00 0 
7fbe0b8f9000-7fbe0b8fc000 ---p 00000000 00:00 0 
7fbe0b8fc000-7fbe0b9fa000 rw-p 00000000 00:00 0 
7fbe0b9fa000-7fbe0b9fb000 ---p 00000000 00:00 0 
7fbe0b9fb000-7fbe0c000000 rw-p 00000000 00:00 0 
7fbe0c000000-7fbe0c021000 rw-p 00000000 00:00 0 
7fbe0c021000-7fbe10000000 ---p 00000000 00:00 0 
7fbe10000000-7fbe10021000 rw-p 00000000 00:00 0 
7fbe10021000-7fbe14000000 ---p 00000000 00:00 0 
7fbe14000000-7fbe14021000 rw-p 00000000 00:00 0 
7fbe14021000-7fbe18000000 ---p 00000000 00:00 0 
7fbe18028000-7fbe18070000 rw-p 00000000 00:00 0 
7fbe18070000-7fbe18071000 rw-s 00005000 00:05 3819                       /dev/ati/card0
7fbe18071000-7fbe18081000 rw-s e0200000 00:05 3819                       /dev/ati/card0
7fbe18081000-7fbe18084000 ---p 00000000 00:00 0 
7fbe18084000-7fbe180ba000 rw-p 00000000 00:00 0 
7fbe180ba000-7fbe180c1000 r--s 00000000 08:03 4206154                    /usr/lib/x86_64-linux-gnu/gconv/gconv-modules.cache
7fbe180c1000-7fbe180ca000 r--s 000b9000 08:03 3934170                    /usr/lib/jvm/java-7-openjdk-amd64/jre/lib/resources.jar
7fbe180ca000-7fbe18ba1000 rw-p 00000000 00:00 0 
7fbe18ba1000-7fbe18d4f000 r--s 01cfc000 08:03 3934153                    /usr/lib/jvm/java-7-openjdk-amd64/jre/lib/rt.jar
7fbe18d4f000-7fbe19000000 rw-p 00000000 00:00 0 
7fbe19000000-7fbe19270000 rwxp 00000000 00:00 0 
7fbe19270000-7fbe1c334000 rw-p 00000000 00:00 0 
7fbe1c334000-7fbe20000000 ---p 00000000 00:00 0 
7fbe20000000-7fbe20002000 rw-s 00002000 00:05 3819                       /dev/ati/card0
7fbe20002000-7fbe20007000 r--s 0004c000 08:03 3934152                    /usr/lib/jvm/java-7-openjdk-amd64/jre/lib/jsse.jar
7fbe20007000-7fbe20008000 r--s 00002000 08:03 10488693                   /home/chobe/.gradle/caches/modules-2/files-2.1/net.java.jinput/jinput-platform/2.0.5/53f9c919f34d2ca9de8c51fc4e1e8282029a9232/jinput-platform-2.0.5-natives-osx.jar
7fbe20008000-7fbe20009000 r--s 00025000 08:03 10488692                   /home/chobe/.gradle/caches/modules-2/files-2.1/net.java.jinput/jinput-platform/2.0.5/385ee093e01f587f30ee1c8a2ee7d408fd732e16/jinput-platform-2.0.5-natives-windows.jar
7fbe20009000-7fbe2000a000 r--s 00002000 08:03 10488691                   /home/chobe/.gradle/caches/modules-2/files-2.1/net.java.jinput/jinput-platform/2.0.5/7ff832a6eb9ab6a767f1ade2b548092d0fa64795/jinput-platform-2.0.5-natives-linux.jar
7fbe2000a000-7fbe2000b000 r--s 00001000 08:03 10488690                   /home/chobe/.gradle/caches/modules-2/files-2.1/net.java.jutils/jutils/1.0.0/e12fe1fda814bd348c1579329c86943d2cd3c6a6/jutils-1.0.0.jar
7fbe2000b000-7fbe2000f000 r--s 0002f000 08:03 10488689                   /home/chobe/.gradle/caches/modules-2/files-2.1/net.java.jinput/jinput/2.0.5/39c7796b469a600f72380316f6b1f11db6c2c7c4/jinput-2.0.5.jar
7fbe2000f000-7fbe20010000 r--s 00080000 08:03 10488688                   /home/chobe/.gradle/caches/modules-2/files-2.1/org.lwjgl.lwjgl/lwjgl-platform/2.9.1/2d12c83fdfbc04ecabf02c7bc8cc54d034f0daac/lwjgl-platform-2.9.1-natives-osx.jar
7fbe20010000-7fbe20011000 r--s 0008b000 08:03 10488687                   /home/chobe/.gradle/caches/modules-2/files-2.1/org.lwjgl.lwjgl/lwjgl-platform/2.9.1/aa9aae879af8eb378e22cfc64db56ec2ca9a44d1/lwjgl-platform-2.9.1-natives-linux.jar
7fbe20011000-7fbe20012000 r--s 00095000 08:03 10488686                   /home/chobe/.gradle/caches/modules-2/files-2.1/org.lwjgl.lwjgl/lwjgl-platform/2.9.1/4c517eca808522457dd95ee8fc1fbcdbb602efbe/lwjgl-platform-2.9.1-natives-windows.jar
7fbe20012000-7fbe20014000 r--s 00017000 08:03 10488685                   /home/chobe/.gradle/caches/modules-2/files-2.1/org.jcraft/jorbis/0.0.17/8872d22b293e8f5d7d56ff92be966e6dc28ebdc6/jorbis-0.0.17.jar
7fbe20014000-7fbe20015000 r--s 00015000 08:03 10488684                   /home/chobe/.gradle/caches/modules-2/files-2.1/com.badlogicgames.jlayer/jlayer/1.0.1-gdx/7cca83cec5c1b2f011362f4d85aabd71a73b049d/jlayer-1.0.1-gdx.jar
7fbe20015000-7fbe20019000 r--s 00027000 08:03 10488683                   /home/chobe/.gradle/caches/modules-2/files-2.1/org.lwjgl.lwjgl/lwjgl_util/2.9.1/290d7ba8a1bd9566f5ddf16ad06f09af5ec9b20e/lwjgl_util-2.9.1.jar
7fbe20019000-7fbe20027000 r--s 000ea000 08:03 10488682                   /home/chobe/.gradle/caches/modules-2/files-2.1/org.lwjgl.lwjgl/lwjgl/2.9.1/f58c5aabcef0e41718a564be9f8e412fff8db847/lwjgl-2.9.1.jar
7fbe20027000-7fbe2003c000 r--s 00153000 08:03 10488660                   /home/chobe/.gradle/caches/modules-2/files-2.1/com.badlogicgames.gdx/gdx/1.1.0/686f5a609c717eb0769d3b954c501a49bf4fe351/gdx-1.1.0.jar
7fbe2003c000-7fbe2003d000 r--s 000cd000 08:03 10488678                   /home/chobe/.gradle/caches/modules-2/files-2.1/com.badlogicgames.gdx/gdx-platform/1.1.0/1c7ea4239c2d9adda420c15985fe3885c481fdcf/gdx-platform-1.1.0-natives-desktop.jar
7fbe2003d000-7fbe22491000 rw-p 00000000 00:00 0 
7fbe22491000-7fbe22492000 ---p 00000000 00:00 0 
7fbe22492000-7fbe22592000 rw-p 00000000 00:00 0 
7fbe22592000-7fbe22593000 ---p 00000000 00:00 0 
7fbe22593000-7fbe22693000 rw-p 00000000 00:00 0 
7fbe22693000-7fbe22694000 ---p 00000000 00:00 0 
7fbe22694000-7fbe22794000 rw-p 00000000 00:00 0 
7fbe22794000-7fbe22795000 ---p 00000000 00:00 0 
7fbe22795000-7fbe228a0000 rw-p 00000000 00:00 0 
7fbe228a0000-7fbe228e8000 rw-p 00000000 00:00 0 
7fbe228e8000-7fbe228fd000 rw-p 00000000 00:00 0 
7fbe228fd000-7fbe22a2e000 rw-p 00000000 00:00 0 
7fbe22a2e000-7fbe22a39000 rw-p 00000000 00:00 0 
7fbe22a39000-7fbe22a81000 rw-p 00000000 00:00 0 
7fbe22a81000-7fbe22a96000 rw-p 00000000 00:00 0 
7fbe22a96000-7fbe22bc6000 rw-p 00000000 00:00 0 
7fbe22bc6000-7fbe22bd1000 rw-p 00000000 00:00 0 
7fbe22bd1000-7fbe22c69000 rw-p 00000000 00:00 0 
7fbe22c69000-7fbe22c6a000 rw-p 00000000 00:00 0 
7fbe22c6a000-7fbe22c72000 r-xp 00000000 08:03 3934210                    /usr/lib/jvm/java-7-openjdk-amd64/jre/lib/amd64/libzip.so
7fbe22c72000-7fbe22e71000 ---p 00008000 08:03 3934210                    /usr/lib/jvm/java-7-openjdk-amd64/jre/lib/amd64/libzip.so
7fbe22e71000-7fbe22e72000 r--p 00007000 08:03 3934210                    /usr/lib/jvm/java-7-openjdk-amd64/jre/lib/amd64/libzip.so
7fbe22e72000-7fbe22e73000 rw-p 00008000 08:03 3934210                    /usr/lib/jvm/java-7-openjdk-amd64/jre/lib/amd64/libzip.so
7fbe22e73000-7fbe22e7e000 r-xp 00000000 08:03 12192223                   /lib/x86_64-linux-gnu/libnss_files-2.19.so
7fbe22e7e000-7fbe2307d000 ---p 0000b000 08:03 12192223                   /lib/x86_64-linux-gnu/libnss_files-2.19.so
7fbe2307d000-7fbe2307e000 r--p 0000a000 08:03 12192223                   /lib/x86_64-linux-gnu/libnss_files-2.19.so
7fbe2307e000-7fbe2307f000 rw-p 0000b000 08:03 12192223                   /lib/x86_64-linux-gnu/libnss_files-2.19.so
7fbe2307f000-7fbe23089000 r-xp 00000000 08:03 12192211                   /lib/x86_64-linux-gnu/libnss_nis-2.19.so
7fbe23089000-7fbe23288000 ---p 0000a000 08:03 12192211                   /lib/x86_64-linux-gnu/libnss_nis-2.19.so
7fbe23288000-7fbe23289000 r--p 00009000 08:03 12192211                   /lib/x86_64-linux-gnu/libnss_nis-2.19.so
7fbe23289000-7fbe2328a000 rw-p 0000a000 08:03 12192211                   /lib/x86_64-linux-gnu/libnss_nis-2.19.so
7fbe2328a000-7fbe2329f000 r-xp 00000000 08:03 12192215                   /lib/x86_64-linux-gnu/libnsl-2.19.so
7fbe2329f000-7fbe2349e000 ---p 00015000 08:03 12192215                   /lib/x86_64-linux-gnu/libnsl-2.19.so
7fbe2349e000-7fbe2349f000 r--p 00014000 08:03 12192215                   /lib/x86_64-linux-gnu/libnsl-2.19.so
7fbe2349f000-7fbe234a0000 rw-p 00015000 08:03 12192215                   /lib/x86_64-linux-gnu/libnsl-2.19.so
7fbe234a0000-7fbe234a2000 rw-p 00000000 00:00 0 
7fbe234a2000-7fbe234a9000 r-xp 00000000 08:03 12192212                   /lib/x86_64-linux-gnu/libnss_compat-2.19.so
7fbe234a9000-7fbe236a8000 ---p 00007000 08:03 12192212                   /lib/x86_64-linux-gnu/libnss_compat-2.19.so
7fbe236a8000-7fbe236a9000 r--p 00006000 08:03 12192212                   /lib/x86_64-linux-gnu/libnss_compat-2.19.so
7fbe236a9000-7fbe236aa000 rw-p 00007000 08:03 12192212                   /lib/x86_64-linux-gnu/libnss_compat-2.19.so
7fbe236aa000-7fbe236d5000 r-xp 00000000 08:03 3934215                    /usr/lib/jvm/java-7-openjdk-amd64/jre/lib/amd64/libjava.so
7fbe236d5000-7fbe238d4000 ---p 0002b000 08:03 3934215                    /usr/lib/jvm/java-7-openjdk-amd64/jre/lib/amd64/libjava.so
7fbe238d4000-7fbe238d5000 r--p 0002a000 08:03 3934215                    /usr/lib/jvm/java-7-openjdk-amd64/jre/lib/amd64/libjava.so
7fbe238d5000-7fbe238d7000 rw-p 0002b000 08:03 3934215                    /usr/lib/jvm/java-7-openjdk-amd64/jre/lib/amd64/libjava.so
7fbe238d7000-7fbe238e6000 r-xp 00000000 08:03 3934216                    /usr/lib/jvm/java-7-openjdk-amd64/jre/lib/amd64/libverify.so
7fbe238e6000-7fbe23ae5000 ---p 0000f000 08:03 3934216                    /usr/lib/jvm/java-7-openjdk-amd64/jre/lib/amd64/libverify.so
7fbe23ae5000-7fbe23ae7000 r--p 0000e000 08:03 3934216                    /usr/lib/jvm/java-7-openjdk-amd64/jre/lib/amd64/libverify.so
7fbe23ae7000-7fbe23ae8000 rw-p 00010000 08:03 3934216                    /usr/lib/jvm/java-7-openjdk-amd64/jre/lib/amd64/libverify.so
7fbe23ae8000-7fbe23aef000 r-xp 00000000 08:03 12192213                   /lib/x86_64-linux-gnu/librt-2.19.so
7fbe23aef000-7fbe23cee000 ---p 00007000 08:03 12192213                   /lib/x86_64-linux-gnu/librt-2.19.so
7fbe23cee000-7fbe23cef000 r--p 00006000 08:03 12192213                   /lib/x86_64-linux-gnu/librt-2.19.so
7fbe23cef000-7fbe23cf0000 rw-p 00007000 08:03 12192213                   /lib/x86_64-linux-gnu/librt-2.19.so
7fbe23cf0000-7fbe23d05000 r-xp 00000000 08:03 12190593                   /lib/x86_64-linux-gnu/libgcc_s.so.1
7fbe23d05000-7fbe23f05000 ---p 00015000 08:03 12190593                   /lib/x86_64-linux-gnu/libgcc_s.so.1
7fbe23f05000-7fbe23f06000 rw-p 00015000 08:03 12190593                   /lib/x86_64-linux-gnu/libgcc_s.so.1
7fbe23f06000-7fbe24006000 r-xp 00000000 08:03 12192221                   /lib/x86_64-linux-gnu/libm-2.19.so
7fbe24006000-7fbe24205000 ---p 00100000 08:03 12192221                   /lib/x86_64-linux-gnu/libm-2.19.so
7fbe24205000-7fbe24206000 r--p 000ff000 08:03 12192221                   /lib/x86_64-linux-gnu/libm-2.19.so
7fbe24206000-7fbe24207000 rw-p 00100000 08:03 12192221                   /lib/x86_64-linux-gnu/libm-2.19.so
7fbe24207000-7fbe242ef000 r-xp 00000000 08:03 4200440                    /usr/lib/x86_64-linux-gnu/libstdc++.so.6.0.17
7fbe242ef000-7fbe244ef000 ---p 000e8000 08:03 4200440                    /usr/lib/x86_64-linux-gnu/libstdc++.so.6.0.17
7fbe244ef000-7fbe244f7000 r--p 000e8000 08:03 4200440                    /usr/lib/x86_64-linux-gnu/libstdc++.so.6.0.17
7fbe244f7000-7fbe244f9000 rw-p 000f0000 08:03 4200440                    /usr/lib/x86_64-linux-gnu/libstdc++.so.6.0.17
7fbe244f9000-7fbe2450e000 rw-p 00000000 00:00 0 
7fbe2450e000-7fbe24fd7000 r-xp 00000000 08:03 3934204                    /usr/lib/jvm/java-7-openjdk-amd64/jre/lib/amd64/server/libjvm.so
7fbe24fd7000-7fbe251d7000 ---p 00ac9000 08:03 3934204                    /usr/lib/jvm/java-7-openjdk-amd64/jre/lib/amd64/server/libjvm.so
7fbe251d7000-7fbe2526f000 r--p 00ac9000 08:03 3934204                    /usr/lib/jvm/java-7-openjdk-amd64/jre/lib/amd64/server/libjvm.so
7fbe2526f000-7fbe25292000 rw-p 00b61000 08:03 3934204                    /usr/lib/jvm/java-7-openjdk-amd64/jre/lib/amd64/server/libjvm.so
7fbe25292000-7fbe252bf000 rw-p 00000000 00:00 0 
7fbe252bf000-7fbe252d6000 r-xp 00000000 08:03 12192203                   /lib/x86_64-linux-gnu/libz.so.1.2.8
7fbe252d6000-7fbe254d5000 ---p 00017000 08:03 12192203                   /lib/x86_64-linux-gnu/libz.so.1.2.8
7fbe254d5000-7fbe254d6000 r--p 00016000 08:03 12192203                   /lib/x86_64-linux-gnu/libz.so.1.2.8
7fbe254d6000-7fbe254d7000 rw-p 00017000 08:03 12192203                   /lib/x86_64-linux-gnu/libz.so.1.2.8
7fbe254d7000-7fbe25676000 r-xp 00000000 08:03 12192214                   /lib/x86_64-linux-gnu/libc-2.19.so
7fbe25676000-7fbe25876000 ---p 0019f000 08:03 12192214                   /lib/x86_64-linux-gnu/libc-2.19.so
7fbe25876000-7fbe2587a000 r--p 0019f000 08:03 12192214                   /lib/x86_64-linux-gnu/libc-2.19.so
7fbe2587a000-7fbe2587c000 rw-p 001a3000 08:03 12192214                   /lib/x86_64-linux-gnu/libc-2.19.so
7fbe2587c000-7fbe25880000 rw-p 00000000 00:00 0 
7fbe25880000-7fbe25883000 r-xp 00000000 08:03 12192219                   /lib/x86_64-linux-gnu/libdl-2.19.so
7fbe25883000-7fbe25a82000 ---p 00003000 08:03 12192219                   /lib/x86_64-linux-gnu/libdl-2.19.so
7fbe25a82000-7fbe25a83000 r--p 00002000 08:03 12192219                   /lib/x86_64-linux-gnu/libdl-2.19.so
7fbe25a83000-7fbe25a84000 rw-p 00003000 08:03 12192219                   /lib/x86_64-linux-gnu/libdl-2.19.so
7fbe25a84000-7fbe25a91000 r-xp 00000000 08:03 3934207                    /usr/lib/jvm/java-7-openjdk-amd64/jre/lib/amd64/jli/libjli.so
7fbe25a91000-7fbe25c90000 ---p 0000d000 08:03 3934207                    /usr/lib/jvm/java-7-openjdk-amd64/jre/lib/amd64/jli/libjli.so
7fbe25c90000-7fbe25c91000 r--p 0000c000 08:03 3934207                    /usr/lib/jvm/java-7-openjdk-amd64/jre/lib/amd64/jli/libjli.so
7fbe25c91000-7fbe25c92000 rw-p 0000d000 08:03 3934207                    /usr/lib/jvm/java-7-openjdk-amd64/jre/lib/amd64/jli/libjli.so
7fbe25c92000-7fbe25caa000 r-xp 00000000 08:03 12192218                   /lib/x86_64-linux-gnu/libpthread-2.19.so
7fbe25caa000-7fbe25ea9000 ---p 00018000 08:03 12192218                   /lib/x86_64-linux-gnu/libpthread-2.19.so
7fbe25ea9000-7fbe25eaa000 r--p 00017000 08:03 12192218                   /lib/x86_64-linux-gnu/libpthread-2.19.so
7fbe25eaa000-7fbe25eab000 rw-p 00018000 08:03 12192218                   /lib/x86_64-linux-gnu/libpthread-2.19.so
7fbe25eab000-7fbe25eaf000 rw-p 00000000 00:00 0 
7fbe25eaf000-7fbe25ecf000 r-xp 00000000 08:03 12192217                   /lib/x86_64-linux-gnu/ld-2.19.so
7fbe25ecf000-7fbe25ed2000 r--s 0001f000 08:03 10488677                   /home/chobe/.gradle/caches/modules-2/files-2.1/com.badlogicgames.gdx/gdx-backend-lwjgl/1.1.0/eafa409559820c1696e165e1280435f1332fc32b/gdx-backend-lwjgl-1.1.0.jar
7fbe25ed2000-7fbe25ed5000 r--s 00017000 08:01 754491                     /media/winDisk/Users/ChobeDucket/Documents/sheep/core/build/libs/core-1.0.jar
7fbe25ed5000-7fbe25ed9000 r--s 0003b000 08:03 3934173                    /usr/lib/jvm/java-7-openjdk-amd64/jre/lib/ext/sunpkcs11.jar
7fbe25ed9000-7fbe25eda000 r--s 00002000 08:03 3934178                    /usr/lib/jvm/java-7-openjdk-amd64/jre/lib/ext/dnsns.jar
7fbe25eda000-7fbe25edd000 r--s 00032000 08:03 3934176                    /usr/lib/jvm/java-7-openjdk-amd64/jre/lib/ext/sunjce_provider.jar
7fbe25edd000-7fbe25edf000 r--s 0000f000 08:03 3934175                    /usr/lib/jvm/java-7-openjdk-amd64/jre/lib/ext/pulse-java.jar
7fbe25edf000-7fbe25ee1000 r--s 00012000 08:03 3934174                    /usr/lib/jvm/java-7-openjdk-amd64/jre/lib/ext/zipfs.jar
7fbe25ee1000-7fbe25ee5000 r--s 00085000 08:03 3934172                    /usr/lib/jvm/java-7-openjdk-amd64/jre/lib/ext/localedata.jar
7fbe25ee5000-7fbe25ee6000 r--s 00007000 08:03 5645676                    /usr/share/java/java-atk-wrapper.jar
7fbe25ee6000-7fbe25ef0000 rw-p 00000000 00:00 0 
7fbe25ef0000-7fbe25fa6000 rw-p 00000000 00:00 0 
7fbe25fa6000-7fbe25fa9000 ---p 00000000 00:00 0 
7fbe25fa9000-7fbe260c3000 rw-p 00000000 00:00 0 
7fbe260c3000-7fbe260cb000 rw-s 00000000 08:03 10486183                   /tmp/hsperfdata_chobe/6999 (deleted)
7fbe260cb000-7fbe260cc000 rw-p 00000000 00:00 0 
7fbe260cc000-7fbe260cd000 ---p 00000000 00:00 0 
7fbe260cd000-7fbe260cf000 rw-p 00000000 00:00 0 
7fbe260cf000-7fbe260d0000 r--p 00020000 08:03 12192217                   /lib/x86_64-linux-gnu/ld-2.19.so
7fbe260d0000-7fbe260d1000 rw-p 00021000 08:03 12192217                   /lib/x86_64-linux-gnu/ld-2.19.so
7fbe260d1000-7fbe260d2000 rw-p 00000000 00:00 0 
7fff73f36000-7fff73f58000 rw-p 00000000 00:00 0                          [stack]
7fff73fff000-7fff74000000 r-xp 00000000 00:00 0                          [vdso]
ffffffffff600000-ffffffffff601000 r-xp 00000000 00:00 0                  [vsyscall]

VM Arguments:
jvm_args: -Dfile.encoding=UTF-8 
java_command: com.mygdx.sheep.desktop.DesktopLauncher
Launcher Type: SUN_STANDARD

Environment Variables:
PATH=/usr/local/bin:/usr/bin:/bin:/usr/local/games:/usr/games:/home/chobe/.local/bin:/home/chobe/sdks/adt-bundle-linux-x86_64-20140321/sdk//platform-tools/adb:/home/chobe/sdks/adt-bundle-linux-x86_64-20140321/sdk//platform-tools/
USERNAME=chobe
SHELL=/bin/bash
DISPLAY=:0

Signal Handlers:
SIGSEGV: [libjvm.so+0x8f9750], sa_mask[0]=0x7ffbfeff, sa_flags=0x10000004
SIGBUS: [libjvm.so+0x8f9750], sa_mask[0]=0x7ffbfeff, sa_flags=0x10000004
SIGFPE: [libjvm.so+0x7827c0], sa_mask[0]=0x7ffbfeff, sa_flags=0x10000004
SIGPIPE: [libjvm.so+0x7827c0], sa_mask[0]=0x7ffbfeff, sa_flags=0x10000004
SIGXFSZ: [libjvm.so+0x7827c0], sa_mask[0]=0x7ffbfeff, sa_flags=0x10000004
SIGILL: [libjvm.so+0x7827c0], sa_mask[0]=0x7ffbfeff, sa_flags=0x10000004
SIGUSR1: SIG_DFL, sa_mask[0]=0x00000000, sa_flags=0x00000000
SIGUSR2: [libjvm.so+0x782ab0], sa_mask[0]=0x00000004, sa_flags=0x10000004
SIGHUP: [libjvm.so+0x782c20], sa_mask[0]=0x7ffbfeff, sa_flags=0x10000004
SIGINT: [libjvm.so+0x782c20], sa_mask[0]=0x7ffbfeff, sa_flags=0x10000004
SIGTERM: [libjvm.so+0x782c20], sa_mask[0]=0x7ffbfeff, sa_flags=0x10000004
SIGQUIT: [libjvm.so+0x782c20], sa_mask[0]=0x7ffbfeff, sa_flags=0x10000004


---------------  S Y S T E M  ---------------

OS:7.5

uname:Linux 3.2.0-4-amd64 #1 SMP Debian 3.2.57-3+deb7u1 x86_64
libc:glibc 2.19 NPTL 2.19 
rlimit: STACK 8192k, CORE 0k, NPROC 31105, NOFILE 4096, AS infinity
load average:2.19 1.17 0.69

/proc/meminfo:
MemTotal:        3993672 kB
MemFree:          523308 kB
Buffers:          149248 kB
Cached:          1077604 kB
SwapCached:            0 kB
Active:          2389236 kB
Inactive:         735228 kB
Active(anon):    1899368 kB
Inactive(anon):    39288 kB
Active(file):     489868 kB
Inactive(file):   695940 kB
Unevictable:           0 kB
Mlocked:               0 kB
SwapTotal:       4120572 kB
SwapFree:        4120572 kB
Dirty:               184 kB
Writeback:             0 kB
AnonPages:       1898008 kB
Mapped:           241764 kB
Shmem:             40608 kB
Slab:             142980 kB
SReclaimable:     115152 kB
SUnreclaim:        27828 kB
KernelStack:        3832 kB
PageTables:        30420 kB
NFS_Unstable:          0 kB
Bounce:                0 kB
WritebackTmp:          0 kB
CommitLimit:     6117408 kB
Committed_AS:    4306468 kB
VmallocTotal:   34359738367 kB
VmallocUsed:      170472 kB
VmallocChunk:   34359561652 kB
HardwareCorrupted:     0 kB
AnonHugePages:         0 kB
HugePages_Total:       0
HugePages_Free:        0
HugePages_Rsvd:        0
HugePages_Surp:        0
Hugepagesize:       2048 kB
DirectMap4k:       99328 kB
DirectMap2M:     4028416 kB


CPU:total 4 (4 cores per cpu, 1 threads per core) family 6 model 15 stepping 11, cmov, cx8, fxsr, mmx, sse, sse2, sse3, ssse3, tsc

/proc/cpuinfo:
processor	: 0
vendor_id	: GenuineIntel
cpu family	: 6
model		: 15
model name	: Intel(R) Core(TM)2 Quad CPU    Q6600  @ 2.40GHz
stepping	: 11
cpu MHz		: 1596.000
cache size	: 4096 KB
physical id	: 0
siblings	: 4
core id		: 0
cpu cores	: 4
apicid		: 0
initial apicid	: 0
fpu		: yes
fpu_exception	: yes
cpuid level	: 10
wp		: yes
flags		: fpu vme de pse tsc msr pae mce cx8 apic sep mtrr pge mca cmov pat pse36 clflush dts acpi mmx fxsr sse sse2 ss ht tm pbe syscall nx lm constant_tsc arch_perfmon pebs bts rep_good nopl aperfmperf pni dtes64 monitor ds_cpl vmx est tm2 ssse3 cx16 xtpr pdcm lahf_lm dtherm tpr_shadow vnmi flexpriority
bogomips	: 4795.12
clflush size	: 64
cache_alignment	: 64
address sizes	: 36 bits physical, 48 bits virtual
power management:

processor	: 1
vendor_id	: GenuineIntel
cpu family	: 6
model		: 15
model name	: Intel(R) Core(TM)2 Quad CPU    Q6600  @ 2.40GHz
stepping	: 11
cpu MHz		: 1596.000
cache size	: 4096 KB
physical id	: 0
siblings	: 4
core id		: 2
cpu cores	: 4
apicid		: 2
initial apicid	: 2
fpu		: yes
fpu_exception	: yes
cpuid level	: 10
wp		: yes
flags		: fpu vme de pse tsc msr pae mce cx8 apic sep mtrr pge mca cmov pat pse36 clflush dts acpi mmx fxsr sse sse2 ss ht tm pbe syscall nx lm constant_tsc arch_perfmon pebs bts rep_good nopl aperfmperf pni dtes64 monitor ds_cpl vmx est tm2 ssse3 cx16 xtpr pdcm lahf_lm dtherm tpr_shadow vnmi flexpriority
bogomips	: 4795.50
clflush size	: 64
cache_alignment	: 64
address sizes	: 36 bits physical, 48 bits virtual
power management:

processor	: 2
vendor_id	: GenuineIntel
cpu family	: 6
model		: 15
model name	: Intel(R) Core(TM)2 Quad CPU    Q6600  @ 2.40GHz
stepping	: 11
cpu MHz		: 1596.000
cache size	: 4096 KB
physical id	: 0
siblings	: 4
core id		: 1
cpu cores	: 4
apicid		: 1
initial apicid	: 1
fpu		: yes
fpu_exception	: yes
cpuid level	: 10
wp		: yes
flags		: fpu vme de pse tsc msr pae mce cx8 apic sep mtrr pge mca cmov pat pse36 clflush dts acpi mmx fxsr sse sse2 ss ht tm pbe syscall nx lm constant_tsc arch_perfmon pebs bts rep_good nopl aperfmperf pni dtes64 monitor ds_cpl vmx est tm2 ssse3 cx16 xtpr pdcm lahf_lm dtherm tpr_shadow vnmi flexpriority
bogomips	: 4795.48
clflush size	: 64
cache_alignment	: 64
address sizes	: 36 bits physical, 48 bits virtual
power management:

processor	: 3
vendor_id	: GenuineIntel
cpu family	: 6
model		: 15
model name	: Intel(R) Core(TM)2 Quad CPU    Q6600  @ 2.40GHz
stepping	: 11
cpu MHz		: 1596.000
cache size	: 4096 KB
physical id	: 0
siblings	: 4
core id		: 3
cpu cores	: 4
apicid		: 3
initial apicid	: 3
fpu		: yes
fpu_exception	: yes
cpuid level	: 10
wp		: yes
flags		: fpu vme de pse tsc msr pae mce cx8 apic sep mtrr pge mca cmov pat pse36 clflush dts acpi mmx fxsr sse sse2 ss ht tm pbe syscall nx lm constant_tsc arch_perfmon pebs bts rep_good nopl aperfmperf pni dtes64 monitor ds_cpl vmx est tm2 ssse3 cx16 xtpr pdcm lahf_lm dtherm tpr_shadow vnmi flexpriority
bogomips	: 4795.51
clflush size	: 64
cache_alignment	: 64
address sizes	: 36 bits physical, 48 bits virtual
power management:



Memory: 4k page, physical 3993672k(523308k free), swap 4120572k(4120572k free)

vm_info: OpenJDK 64-Bit Server VM (24.51-b03) for linux-amd64 JRE (1.7.0_55-b14), built on May  2 2014 11:33:06 by "buildd" with gcc 4.7.2

time: Wed Jul  2 02:33:51 2014
elapsed time: 57 seconds

