#
# A fatal error has been detected by the Java Runtime Environment:
#
#  SIGSEGV (0xb) at pc=0x00007ff41fcffe38, pid=25723, tid=140687112832768
#
# JRE version: OpenJDK Runtime Environment (7.0_55-b14) (build 1.7.0_55-b14)
# Java VM: OpenJDK 64-Bit Server VM (24.51-b03 mixed mode linux-amd64 compressed oops)
# Problematic frame:
# C  [libX11.so.6+0x3ae38]  XQueryExtension+0x28
#
# Failed to write core dump. Core dumps have been disabled. To enable core dumping, try "ulimit -c unlimited" before starting Java again
#
# If you would like to submit a bug report, please include
# instructions on how to reproduce the bug and visit:
#   http://icedtea.classpath.org/bugzilla
#

---------------  T H R E A D  ---------------

Current thread (0x00007ff458076800):  VMThread [stack: 0x00007ff445528000,0x00007ff445629000] [id=25734]

siginfo:si_signo=SIGSEGV: si_errno=0, si_code=1 (SEGV_MAPERR), si_addr=0xfffffffff400be48

Registers:
RAX=0x00007ff438000b10, RBX=0xfffffffff400b4e0, RCX=0x00007ff4456276d8, RDX=0x00007ff4456276d4
RSP=0x00007ff445627670, RBP=0x00007ff410fbe600, RSI=0x00007ff410e85992, RDI=0xfffffffff400b4e0
R8 =0x00007ff4456276dc, R9 =0x0000000000000000, R10=0x00007ff410fbe3c0, R11=0x00007ff45efbb1c0
R12=0x00007ff410e85992, R13=0x00007ff438000b10, R14=0x00007ff445627ae0, R15=0x00007ff3f4002140
RIP=0x00007ff41fcffe38, EFLAGS=0x0000000000010202, CSGSFS=0x0000000000000033, ERR=0x0000000000000005
  TRAPNO=0x000000000000000e

Top of Stack: (sp=0x00007ff445627670)
0x00007ff445627670:   0000000000000000 0000000000000000
0x00007ff445627680:   000000770000006e 0000000000000000
0x00007ff445627690:   000100010000007c fffffffff400b4e0
0x00007ff4456276a0:   00007ff410fbe600 00007ff410e85992
0x00007ff4456276b0:   00007ff438000b10 00007ff445627ae0
0x00007ff4456276c0:   00007ff3f4002140 00007ff41fcf3e72
0x00007ff4456276d0:   00007ff3f4002140 00007ff45efff220
0x00007ff4456276e0:   0000000000000000 00007ff410fbe600
0x00007ff4456276f0:   fffffffff400b4e0 00007ff4442e071d
0x00007ff445627700:   00007ff410e85992 0000001100000000
0x00007ff445627710:   00007ff400000005 0000000000000000
0x00007ff445627720:   00007ff445627790 fffffffff400b4e0
0x00007ff445627730:   00007ff4456279d8 00007ff445627ae0
0x00007ff445627740:   00007ff410fd7e50 00007ff410e2e3d9
0x00007ff445627750:   00000000ffffffff 00007ff3f4003bf0
0x00007ff445627760:   00007ff445627790 00007ff411aff9e0
0x00007ff445627770:   00007ff4456279d8 00007ff445627ae0
0x00007ff445627780:   0000000000000000 00007ff410e22ae2
0x00007ff445627790:   00007ff445627b50 00007ff410e85911
0x00007ff4456277a0:   00007ff445627b50 00007ff45f96a058
0x00007ff4456277b0:   00007ff45fb7d1a8 00007ff45fb7d740
0x00007ff4456277c0:   00007ff45fb57000 00007ff4580094f0
0x00007ff4456277d0:   00007ff45800a020 00007ff45800a530
0x00007ff4456277e0:   00007ff458017440 00007ff4581ab180
0x00007ff4456277f0:   00007ff4582ca420 00007ff4582c6330
0x00007ff445627800:   00007ff4581e0ba0 00007ff4581f19f0
0x00007ff445627810:   00007ff4581f9090 00007ff4581f8b60
0x00007ff445627820:   00007ff4581f8630 00007ff4581fc980
0x00007ff445627830:   00007ff4581fc460 00007ff4581fd730
0x00007ff445627840:   00007ff4581fbf50 00007ff4581f8100
0x00007ff445627850:   00007ff4581fa520 00007ff4581faf60
0x00007ff445627860:   00007ff4581faa40 00007ff4581fb480 

Instructions: (pc=0x00007ff41fcffe38)
0x00007ff41fcffe18:   24 e0 48 89 fb 4c 89 6c 24 e8 4c 89 74 24 f0 49
0x00007ff41fcffe28:   89 f4 4c 89 7c 24 f8 48 89 6c 24 d8 48 83 ec 58
0x00007ff41fcffe38:   48 8b 87 68 09 00 00 49 89 d7 49 89 ce 4d 89 c5
0x00007ff41fcffe48:   48 85 c0 74 02 ff 10 ba 08 00 00 00 be 62 00 00 

Register to memory mapping:

RAX=0x00007ff438000b10 is an unknown value
RBX=0xfffffffff400b4e0 is an unknown value
RCX=0x00007ff4456276d8 is an unknown value
RDX=0x00007ff4456276d4 is an unknown value
RSP=0x00007ff445627670 is an unknown value
RBP=0x00007ff410fbe600: <offset 0x1cf600> in /usr/lib/x86_64-linux-gnu/libGL.so.1 at 0x00007ff410def000
RSI=0x00007ff410e85992: <offset 0x96992> in /usr/lib/x86_64-linux-gnu/libGL.so.1 at 0x00007ff410def000
RDI=0xfffffffff400b4e0 is an unknown value
R8 =0x00007ff4456276dc is an unknown value
R9 =0x0000000000000000 is an unknown value
R10=0x00007ff410fbe3c0: <offset 0x1cf3c0> in /usr/lib/x86_64-linux-gnu/libGL.so.1 at 0x00007ff410def000
R11=0x00007ff45efbb1c0: __cxa_finalize+0 in /lib/x86_64-linux-gnu/libc.so.6 at 0x00007ff45ef83000
R12=0x00007ff410e85992: <offset 0x96992> in /usr/lib/x86_64-linux-gnu/libGL.so.1 at 0x00007ff410def000
R13=0x00007ff438000b10 is an unknown value
R14=0x00007ff445627ae0 is an unknown value
R15=0x00007ff3f4002140 is an unknown value


Stack: [0x00007ff445528000,0x00007ff445629000],  sp=0x00007ff445627670,  free space=1021k
Native frames: (J=compiled Java code, j=interpreted, Vv=VM code, C=native code)
C  [libX11.so.6+0x3ae38]  XQueryExtension+0x28

VM_Operation (0x00007ff3ffffe790): Exit, mode: safepoint, requested by thread 0x00007ff434001000


---------------  P R O C E S S  ---------------

Java Threads: ( => current thread )
  0x00007ff400003800 JavaThread "process reaper" daemon [_thread_blocked, id=25814, stack(0x00007ff45402d000,0x00007ff454066000)]
  0x00007ff434001000 JavaThread "SIGTERM handler" daemon [_thread_blocked, id=25810, stack(0x00007ff3ffeff000,0x00007ff400000000)]
  0x00007ff3dfe80000 JavaThread "pool-1-thread-3" [_thread_blocked, id=25799, stack(0x00007ff3dbeff000,0x00007ff3dc000000)]
  0x00007ff3f54fe800 JavaThread "AsynchExecutor-Thread" daemon [_thread_blocked, id=25753, stack(0x00007ff41031b000,0x00007ff41041c000)]
  0x00007ff45800b000 JavaThread "DestroyJavaVM" [_thread_blocked, id=25729, stack(0x00007ff45fa52000,0x00007ff45fb53000)]
  0x00007ff4582c5000 JavaThread "AWT-XAWT" daemon [_thread_blocked, id=25743, stack(0x00007ff41876d000,0x00007ff41886e000)]
  0x00007ff4582a5000 JavaThread "Java2D Disposer" daemon [_thread_blocked, id=25742, stack(0x00007ff41886e000,0x00007ff41896f000)]
  0x00007ff4580a7000 JavaThread "Service Thread" daemon [_thread_blocked, id=25740, stack(0x00007ff444d99000,0x00007ff444e9a000)]
  0x00007ff4580a5000 JavaThread "C2 CompilerThread1" daemon [_thread_blocked, id=25739, stack(0x00007ff444e9a000,0x00007ff444f9b000)]
  0x00007ff4580a2000 JavaThread "C2 CompilerThread0" daemon [_thread_blocked, id=25738, stack(0x00007ff444f9b000,0x00007ff44509c000)]
  0x00007ff45809f800 JavaThread "Signal Dispatcher" daemon [_thread_blocked, id=25737, stack(0x00007ff44509c000,0x00007ff44519d000)]
  0x00007ff45807c800 JavaThread "Finalizer" daemon [_thread_blocked, id=25736, stack(0x00007ff445326000,0x00007ff445427000)]
  0x00007ff45807a800 JavaThread "Reference Handler" daemon [_thread_blocked, id=25735, stack(0x00007ff445427000,0x00007ff445528000)]

Other Threads:
=>0x00007ff458076800 VMThread [stack: 0x00007ff445528000,0x00007ff445629000] [id=25734]

VM state:at safepoint (shutting down)

VM Mutex/Monitor currently owned by a thread:  ([mutex/lock_event])
[0x00007ff4580077a0] Threads_lock - owner thread: 0x00007ff458076800

Heap
 PSYoungGen      total 18432K, used 7658K [0x00000000eba80000, 0x00000000ecf00000, 0x0000000100000000)
  eden space 15872K, 32% used [0x00000000eba80000,0x00000000ebf7f090,0x00000000eca00000)
  from space 2560K, 99% used [0x00000000eca00000,0x00000000ecc7ba50,0x00000000ecc80000)
  to   space 2560K, 0% used [0x00000000ecc80000,0x00000000ecc80000,0x00000000ecf00000)
 ParOldGen       total 41472K, used 5797K [0x00000000c3000000, 0x00000000c5880000, 0x00000000eba80000)
  object space 41472K, 13% used [0x00000000c3000000,0x00000000c35a9640,0x00000000c5880000)
 PSPermGen       total 21504K, used 13236K [0x00000000b8a00000, 0x00000000b9f00000, 0x00000000c3000000)
  object space 21504K, 61% used [0x00000000b8a00000,0x00000000b96ed268,0x00000000b9f00000)

Card table byte_map: [0x00007ff45c4da000,0x00007ff45c716000] byte_map_base: 0x00007ff45bf15000

Polling page: 0x00007ff45fb78000

Code Cache  [0x00007ff455000000, 0x00007ff455270000, 0x00007ff458000000)
 total_blobs=909 nmethods=361 adapters=502 free_code_cache=47817Kb largest_free_block=48926912

Compilation events (10 events):
Event: 175.808 Thread 0x00007ff4580a2000  360             org.lwjgl.opengl.Sync$RunningAvg::dampenForLowResTicker (42 bytes)
Event: 175.815 Thread 0x00007ff4580a2000 nmethod 360 0x00007ff45512f890 code [0x00007ff45512fa40, 0x00007ff45512fdd8]
Event: 179.075 Thread 0x00007ff4580a5000  361   !         org.lwjgl.input.Mouse::next (235 bytes)
Event: 179.086 Thread 0x00007ff4580a5000 nmethod 361 0x00007ff455153d90 code [0x00007ff455154020, 0x00007ff455154c40]
Event: 185.541 Thread 0x00007ff4580a2000  362             org.lwjgl.opengl.LinuxDisplay::getDisplay (39 bytes)
Event: 185.542 Thread 0x00007ff4580a2000 nmethod 362 0x00007ff455132f90 code [0x00007ff4551330c0, 0x00007ff455133138]
Event: 188.309 Thread 0x00007ff4580a5000  363             org.lwjgl.opengl.LinuxDisplay::processEvents (449 bytes)
Event: 188.326 Thread 0x00007ff4580a5000 nmethod 363 0x00007ff45514bd90 code [0x00007ff45514c240, 0x00007ff45514cd60]
Event: 190.925 Thread 0x00007ff4580a2000  364             java.nio.HeapByteBuffer::_put (8 bytes)
Event: 190.925 Thread 0x00007ff4580a2000 nmethod 364 0x00007ff45512f5d0 code [0x00007ff45512f720, 0x00007ff45512f7b8]

GC Heap History (6 events):
Event: 1.662 GC heap before
{Heap before GC invocations=1 (full 0):
 PSYoungGen      total 18432K, used 15872K [0x00000000eba80000, 0x00000000ecf00000, 0x0000000100000000)
  eden space 15872K, 100% used [0x00000000eba80000,0x00000000eca00000,0x00000000eca00000)
  from space 2560K, 0% used [0x00000000ecc80000,0x00000000ecc80000,0x00000000ecf00000)
  to   space 2560K, 0% used [0x00000000eca00000,0x00000000eca00000,0x00000000ecc80000)
 ParOldGen       total 41472K, used 0K [0x00000000c3000000, 0x00000000c5880000, 0x00000000eba80000)
  object space 41472K, 0% used [0x00000000c3000000,0x00000000c3000000,0x00000000c5880000)
 PSPermGen       total 21504K, used 9249K [0x00000000b8a00000, 0x00000000b9f00000, 0x00000000c3000000)
  object space 21504K, 43% used [0x00000000b8a00000,0x00000000b9308638,0x00000000b9f00000)
Event: 1.671 GC heap after
Heap after GC invocations=1 (full 0):
 PSYoungGen      total 18432K, used 2548K [0x00000000eba80000, 0x00000000ecf00000, 0x0000000100000000)
  eden space 15872K, 0% used [0x00000000eba80000,0x00000000eba80000,0x00000000eca00000)
  from space 2560K, 99% used [0x00000000eca00000,0x00000000ecc7d070,0x00000000ecc80000)
  to   space 2560K, 0% used [0x00000000ecc80000,0x00000000ecc80000,0x00000000ecf00000)
 ParOldGen       total 41472K, used 2428K [0x00000000c3000000, 0x00000000c5880000, 0x00000000eba80000)
  object space 41472K, 5% used [0x00000000c3000000,0x00000000c325f040,0x00000000c5880000)
 PSPermGen       total 21504K, used 9249K [0x00000000b8a00000, 0x00000000b9f00000, 0x00000000c3000000)
  object space 21504K, 43% used [0x00000000b8a00000,0x00000000b9308638,0x00000000b9f00000)
}
Event: 10.143 GC heap before
{Heap before GC invocations=2 (full 0):
 PSYoungGen      total 18432K, used 18420K [0x00000000eba80000, 0x00000000ecf00000, 0x0000000100000000)
  eden space 15872K, 100% used [0x00000000eba80000,0x00000000eca00000,0x00000000eca00000)
  from space 2560K, 99% used [0x00000000eca00000,0x00000000ecc7d070,0x00000000ecc80000)
  to   space 2560K, 0% used [0x00000000ecc80000,0x00000000ecc80000,0x00000000ecf00000)
 ParOldGen       total 41472K, used 2428K [0x00000000c3000000, 0x00000000c5880000, 0x00000000eba80000)
  object space 41472K, 5% used [0x00000000c3000000,0x00000000c325f040,0x00000000c5880000)
 PSPermGen       total 21504K, used 13073K [0x00000000b8a00000, 0x00000000b9f00000, 0x00000000c3000000)
  object space 21504K, 60% used [0x00000000b8a00000,0x00000000b96c44b0,0x00000000b9f00000)
Event: 10.154 GC heap after
Heap after GC invocations=2 (full 0):
 PSYoungGen      total 18432K, used 2558K [0x00000000eba80000, 0x00000000ecf00000, 0x0000000100000000)
  eden space 15872K, 0% used [0x00000000eba80000,0x00000000eba80000,0x00000000eca00000)
  from space 2560K, 99% used [0x00000000ecc80000,0x00000000eceffa60,0x00000000ecf00000)
  to   space 2560K, 0% used [0x00000000eca00000,0x00000000eca00000,0x00000000ecc80000)
 ParOldGen       total 41472K, used 5789K [0x00000000c3000000, 0x00000000c5880000, 0x00000000eba80000)
  object space 41472K, 13% used [0x00000000c3000000,0x00000000c35a7640,0x00000000c5880000)
 PSPermGen       total 21504K, used 13073K [0x00000000b8a00000, 0x00000000b9f00000, 0x00000000c3000000)
  object space 21504K, 60% used [0x00000000b8a00000,0x00000000b96c44b0,0x00000000b9f00000)
}
Event: 144.893 GC heap before
{Heap before GC invocations=3 (full 0):
 PSYoungGen      total 18432K, used 18430K [0x00000000eba80000, 0x00000000ecf00000, 0x0000000100000000)
  eden space 15872K, 100% used [0x00000000eba80000,0x00000000eca00000,0x00000000eca00000)
  from space 2560K, 99% used [0x00000000ecc80000,0x00000000eceffa60,0x00000000ecf00000)
  to   space 2560K, 0% used [0x00000000eca00000,0x00000000eca00000,0x00000000ecc80000)
 ParOldGen       total 41472K, used 5789K [0x00000000c3000000, 0x00000000c5880000, 0x00000000eba80000)
  object space 41472K, 13% used [0x00000000c3000000,0x00000000c35a7640,0x00000000c5880000)
 PSPermGen       total 21504K, used 13190K [0x00000000b8a00000, 0x00000000b9f00000, 0x00000000c3000000)
  object space 21504K, 61% used [0x00000000b8a00000,0x00000000b96e1b00,0x00000000b9f00000)
Event: 144.897 GC heap after
Heap after GC invocations=3 (full 0):
 PSYoungGen      total 18432K, used 2542K [0x00000000eba80000, 0x00000000ecf00000, 0x0000000100000000)
  eden space 15872K, 0% used [0x00000000eba80000,0x00000000eba80000,0x00000000eca00000)
  from space 2560K, 99% used [0x00000000eca00000,0x00000000ecc7ba50,0x00000000ecc80000)
  to   space 2560K, 0% used [0x00000000ecc80000,0x00000000ecc80000,0x00000000ecf00000)
 ParOldGen       total 41472K, used 5797K [0x00000000c3000000, 0x00000000c5880000, 0x00000000eba80000)
  object space 41472K, 13% used [0x00000000c3000000,0x00000000c35a9640,0x00000000c5880000)
 PSPermGen       total 21504K, used 13190K [0x00000000b8a00000, 0x00000000b9f00000, 0x00000000c3000000)
  object space 21504K, 61% used [0x00000000b8a00000,0x00000000b96e1b00,0x00000000b9f00000)
}

Deoptimization events (10 events):
Event: 5.658 Thread 0x00007ff3d6ff9000 Uncommon trap: reason=class_check action=maybe_recompile pc=0x00007ff455066780 method=java.util.Properties$LineReader.readLine()I @ 62
Event: 5.658 Thread 0x00007ff3d6ff9000 Uncommon trap: reason=class_check action=maybe_recompile pc=0x00007ff455066780 method=java.util.Properties$LineReader.readLine()I @ 62
Event: 5.662 Thread 0x00007ff3d6ff9000 Uncommon trap: reason=class_check action=maybe_recompile pc=0x00007ff455066780 method=java.util.Properties$LineReader.readLine()I @ 62
Event: 151.374 Thread 0x00007ff3dfe80000 Uncommon trap: reason=unreached action=reinterpret pc=0x00007ff455122b80 method=java.lang.ThreadLocal$ThreadLocalMap.getEntry(Ljava/lang/ThreadLocal;)Ljava/lang/ThreadLocal$ThreadLocalMap$Entry; @ 21
Event: 158.656 Thread 0x00007ff3dfe80000 Uncommon trap: reason=unreached action=reinterpret pc=0x00007ff4550af2f4 method=java.lang.AbstractStringBuilder.append(Ljava/lang/String;)Ljava/lang/AbstractStringBuilder; @ 1
Event: 158.659 Thread 0x00007ff458367800 Uncommon trap: reason=predicate action=maybe_recompile pc=0x00007ff4550cbad8 method=com.badlogic.gdx.graphics.g2d.BitmapFontCache.requireSequence(Ljava/lang/CharSequence;II)V @ 80
Event: 158.659 Thread 0x00007ff458367800 Uncommon trap: reason=class_check action=maybe_recompile pc=0x00007ff455101aec method=com.badlogic.gdx.graphics.g2d.BitmapFontCache.addToCache(Ljava/lang/CharSequence;FFII)F @ 358
Event: 158.659 Thread 0x00007ff458367800 Uncommon trap: reason=class_check action=maybe_recompile pc=0x00007ff455101aec method=com.badlogic.gdx.graphics.g2d.BitmapFontCache.addToCache(Ljava/lang/CharSequence;FFII)F @ 358
Event: 158.659 Thread 0x00007ff458367800 Uncommon trap: reason=class_check action=maybe_recompile pc=0x00007ff455101aec method=com.badlogic.gdx.graphics.g2d.BitmapFontCache.addToCache(Ljava/lang/CharSequence;FFII)F @ 358
Event: 190.575 Thread 0x00007ff458367800 Uncommon trap: reason=class_check action=maybe_recompile pc=0x00007ff455101aec method=com.badlogic.gdx.graphics.g2d.BitmapFontCache.addToCache(Ljava/lang/CharSequence;FFII)F @ 358

Internal exceptions (10 events):
Event: 6.662 Thread 0x00007ff458367800 Threw 0x00000000ec90d3b8 at /build/openjdk-7-kBcQ8a/openjdk-7-7u55-2.4.7/build/openjdk/hotspot/src/share/vm/prims/jvm.cpp:1244
Event: 8.261 Thread 0x00007ff458367800 Threw 0x00000000ec972698 at /build/openjdk-7-kBcQ8a/openjdk-7-7u55-2.4.7/build/openjdk/hotspot/src/share/vm/prims/jvm.cpp:1244
Event: 8.462 Thread 0x00007ff458367800 Threw 0x00000000ec97c6a8 at /build/openjdk-7-kBcQ8a/openjdk-7-7u55-2.4.7/build/openjdk/hotspot/src/share/vm/prims/jvm.cpp:1244
Event: 8.463 Thread 0x00007ff458367800 Threw 0x00000000ec98b700 at /build/openjdk-7-kBcQ8a/openjdk-7-7u55-2.4.7/build/openjdk/hotspot/src/share/vm/prims/jvm.cpp:1244
Event: 8.464 Thread 0x00007ff458367800 Threw 0x00000000ec98fe28 at /build/openjdk-7-kBcQ8a/openjdk-7-7u55-2.4.7/build/openjdk/hotspot/src/share/vm/prims/jvm.cpp:1244
Event: 9.111 Thread 0x00007ff458367800 Threw 0x00000000ec9a7930 at /build/openjdk-7-kBcQ8a/openjdk-7-7u55-2.4.7/build/openjdk/hotspot/src/share/vm/prims/jvm.cpp:1244
Event: 151.374 Thread 0x00007ff3dfe80000 Implicit null exception at 0x00007ff455122ad0 to 0x00007ff455122b65
Event: 158.656 Thread 0x00007ff3dfe80000 Implicit null exception at 0x00007ff4550aefa5 to 0x00007ff4550af2e1
Event: 191.491 Thread 0x00007ff458367800 Threw 0x00000000ebeace28 at /build/openjdk-7-kBcQ8a/openjdk-7-7u55-2.4.7/build/openjdk/hotspot/src/share/vm/interpreter/linkResolver.cpp:883
Event: 197.632 Thread 0x00007ff3f5546000 Threw 0x00000000ebf4acd0 at /build/openjdk-7-kBcQ8a/openjdk-7-7u55-2.4.7/build/openjdk/hotspot/src/share/vm/prims/jvm.cpp:1244

Events (10 events):
Event: 197.632 loading class 0x00007ff42c1154b0 done
Event: 197.632 loading class 0x00007ff42c1154e0
Event: 197.632 loading class 0x00007ff42c1154e0 done
Event: 197.632 loading class 0x00007ff4582204e0 done
Event: 197.633 Thread 0x00007ff400003800 Thread added: 0x00007ff400003800
Event: 197.786 Executing VM operation: RevokeBias
Event: 197.786 Executing VM operation: RevokeBias done
Event: 197.786 Thread 0x00007ff3f5546000 Thread exited: 0x00007ff3f5546000
Event: 197.787 Thread 0x00007ff3f5547000 Thread exited: 0x00007ff3f5547000
Event: 197.787 Executing VM operation: Exit


Dynamic libraries:
00400000-00401000 r-xp 00000000 08:03 3934148                            /usr/lib/jvm/java-7-openjdk-amd64/jre/bin/java
00600000-00601000 r--p 00000000 08:03 3934148                            /usr/lib/jvm/java-7-openjdk-amd64/jre/bin/java
00601000-00602000 rw-p 00001000 08:03 3934148                            /usr/lib/jvm/java-7-openjdk-amd64/jre/bin/java
0177c000-019a1000 rw-p 00000000 00:00 0                                  [heap]
b8a00000-b9f00000 rw-p 00000000 00:00 0 
b9f00000-c3000000 rw-p 00000000 00:00 0 
c3000000-c5880000 rw-p 00000000 00:00 0 
c5880000-eba80000 rw-p 00000000 00:00 0 
eba80000-ecf00000 rw-p 00000000 00:00 0 
ecf00000-100000000 rw-p 00000000 00:00 0 
7ff3cc000000-7ff3cc051000 rw-p 00000000 00:00 0 
7ff3cc051000-7ff3d0000000 ---p 00000000 00:00 0 
7ff3d0000000-7ff3d0021000 rw-p 00000000 00:00 0 
7ff3d0021000-7ff3d4000000 ---p 00000000 00:00 0 
7ff3d4000000-7ff3d76ed000 rw-p 00000000 00:00 0 
7ff3d76ed000-7ff3d8000000 ---p 00000000 00:00 0 
7ff3dbeff000-7ff3dbf02000 ---p 00000000 00:00 0 
7ff3dbf02000-7ff3dc000000 rw-p 00000000 00:00 0 
7ff3dc000000-7ff3dffcd000 rw-p 00000000 00:00 0 
7ff3dffcd000-7ff3e0000000 ---p 00000000 00:00 0 
7ff3e0000000-7ff3e004e000 rw-p 00000000 00:00 0 
7ff3e004e000-7ff3e4000000 ---p 00000000 00:00 0 
7ff3e4000000-7ff3e40ae000 rw-p 00000000 00:00 0 
7ff3e40ae000-7ff3e8000000 ---p 00000000 00:00 0 
7ff3e8000000-7ff3e87d6000 rw-p 00000000 00:00 0 
7ff3e87d6000-7ff3ec000000 ---p 00000000 00:00 0 
7ff3ec000000-7ff3ec021000 rw-p 00000000 00:00 0 
7ff3ec021000-7ff3f0000000 ---p 00000000 00:00 0 
7ff3f0000000-7ff3f00b4000 rw-p 00000000 00:00 0 
7ff3f00b4000-7ff3f4000000 ---p 00000000 00:00 0 
7ff3f4000000-7ff3f7f51000 rw-p 00000000 00:00 0 
7ff3f7f51000-7ff3f8000000 ---p 00000000 00:00 0 
7ff3f8000000-7ff3f8021000 rw-p 00000000 00:00 0 
7ff3f8021000-7ff3fc000000 ---p 00000000 00:00 0 
7ff3ffcff000-7ff3ffeff000 rw-s d480e000 00:05 7289                       /dev/ati/card0
7ff3ffeff000-7ff3fff02000 ---p 00000000 00:00 0 
7ff3fff02000-7ff400000000 rw-p 00000000 00:00 0 
7ff400000000-7ff400021000 rw-p 00000000 00:00 0 
7ff400021000-7ff404000000 ---p 00000000 00:00 0 
7ff404161000-7ff404164000 ---p 00000000 00:00 0 
7ff404164000-7ff404262000 rw-p 00000000 00:00 0 
7ff404262000-7ff404463000 rw-s d419b000 00:05 7289                       /dev/ati/card0
7ff404463000-7ff404663000 rw-s d2ed9000 00:05 7289                       /dev/ati/card0
7ff404663000-7ff404666000 ---p 00000000 00:00 0 
7ff404666000-7ff404764000 rw-p 00000000 00:00 0 
7ff404764000-7ff404769000 r-xp 00000000 08:03 12192225                   /lib/x86_64-linux-gnu/libnss_dns-2.19.so
7ff404769000-7ff404968000 ---p 00005000 08:03 12192225                   /lib/x86_64-linux-gnu/libnss_dns-2.19.so
7ff404968000-7ff404969000 r--p 00004000 08:03 12192225                   /lib/x86_64-linux-gnu/libnss_dns-2.19.so
7ff404969000-7ff40496a000 rw-p 00005000 08:03 12192225                   /lib/x86_64-linux-gnu/libnss_dns-2.19.so
7ff40496a000-7ff40496c000 r-xp 00000000 08:03 12058696                   /lib/libnss_mdns4_minimal.so.2
7ff40496c000-7ff404b6b000 ---p 00002000 08:03 12058696                   /lib/libnss_mdns4_minimal.so.2
7ff404b6b000-7ff404b6c000 rw-p 00001000 08:03 12058696                   /lib/libnss_mdns4_minimal.so.2
7ff404b6c000-7ff404b83000 r-xp 00000000 08:03 3934214                    /usr/lib/jvm/java-7-openjdk-amd64/jre/lib/amd64/libnet.so
7ff404b83000-7ff404d82000 ---p 00017000 08:03 3934214                    /usr/lib/jvm/java-7-openjdk-amd64/jre/lib/amd64/libnet.so
7ff404d82000-7ff404d83000 r--p 00016000 08:03 3934214                    /usr/lib/jvm/java-7-openjdk-amd64/jre/lib/amd64/libnet.so
7ff404d83000-7ff404d84000 rw-p 00017000 08:03 3934214                    /usr/lib/jvm/java-7-openjdk-amd64/jre/lib/amd64/libnet.so
7ff404d84000-7ff404d85000 ---p 00000000 00:00 0 
7ff404d85000-7ff405585000 rw-p 00000000 00:00 0 
7ff405585000-7ff405586000 ---p 00000000 00:00 0 
7ff405586000-7ff405d86000 rw-p 00000000 00:00 0 
7ff405d86000-7ff407c7e000 r-xp 00000000 08:03 4201338                    /usr/lib/x86_64-linux-gnu/dri/fglrx_dri.so
7ff407c7e000-7ff407d7d000 ---p 01ef8000 08:03 4201338                    /usr/lib/x86_64-linux-gnu/dri/fglrx_dri.so
7ff407d7d000-7ff407edb000 rwxp 01ef7000 08:03 4201338                    /usr/lib/x86_64-linux-gnu/dri/fglrx_dri.so
7ff407edb000-7ff407fff000 rwxp 00000000 00:00 0 
7ff40c000000-7ff40c021000 rw-p 00000000 00:00 0 
7ff40c021000-7ff410000000 ---p 00000000 00:00 0 
7ff41001b000-7ff41021b000 rw-s d389b000 00:05 7289                       /dev/ati/card0
7ff41021b000-7ff41031b000 rw-s 33e7f000 00:05 7289                       /dev/ati/card0
7ff41031b000-7ff41031e000 ---p 00000000 00:00 0 
7ff41031e000-7ff41041c000 rw-p 00000000 00:00 0 
7ff41041c000-7ff410490000 rw-p 00000000 00:00 0 
7ff410490000-7ff410b90000 rw-s 00006000 00:05 7289                       /dev/ati/card0
7ff410b90000-7ff410bcd000 r-xp 00000000 08:03 4201336                    /usr/lib/x86_64-linux-gnu/libatiadlxx.so
7ff410bcd000-7ff410ccc000 ---p 0003d000 08:03 4201336                    /usr/lib/x86_64-linux-gnu/libatiadlxx.so
7ff410ccc000-7ff410cd6000 rw-p 0003c000 08:03 4201336                    /usr/lib/x86_64-linux-gnu/libatiadlxx.so
7ff410cd6000-7ff410ce6000 rw-p 00000000 00:00 0 
7ff410ce6000-7ff410ced000 r-xp 00000000 08:03 4201328                    /usr/lib/x86_64-linux-gnu/libatiuki.so.1.0
7ff410ced000-7ff410ded000 ---p 00007000 08:03 4201328                    /usr/lib/x86_64-linux-gnu/libatiuki.so.1.0
7ff410ded000-7ff410dee000 rw-p 00007000 08:03 4201328                    /usr/lib/x86_64-linux-gnu/libatiuki.so.1.0
7ff410dee000-7ff410def000 rw-p 00000000 00:00 0 
7ff410def000-7ff410eb2000 r-xp 00000000 08:03 4201341                    /usr/lib/x86_64-linux-gnu/fglrx/fglrx-libGL.so.1.2
7ff410eb2000-7ff410fb1000 ---p 000c3000 08:03 4201341                    /usr/lib/x86_64-linux-gnu/fglrx/fglrx-libGL.so.1.2
7ff410fb1000-7ff410fd8000 rwxp 000c2000 08:03 4201341                    /usr/lib/x86_64-linux-gnu/fglrx/fglrx-libGL.so.1.2
7ff410fd8000-7ff410ff8000 rwxp 00000000 00:00 0 
7ff410ff8000-7ff410ffb000 ---p 00000000 00:00 0 
7ff410ffb000-7ff4110f9000 rw-p 00000000 00:00 0 
7ff4110f9000-7ff4110fa000 ---p 00000000 00:00 0 
7ff4110fa000-7ff4118fa000 rw-p 00000000 00:00 0 
7ff4118fa000-7ff411900000 r-xp 00000000 08:03 4200289                    /usr/lib/x86_64-linux-gnu/libogg.so.0.8.0
7ff411900000-7ff411aff000 ---p 00006000 08:03 4200289                    /usr/lib/x86_64-linux-gnu/libogg.so.0.8.0
7ff411aff000-7ff411b00000 rw-p 00005000 08:03 4200289                    /usr/lib/x86_64-linux-gnu/libogg.so.0.8.0
7ff411b00000-7ff411b2c000 r-xp 00000000 08:03 4200496                    /usr/lib/x86_64-linux-gnu/libvorbis.so.0.4.5
7ff411b2c000-7ff411d2b000 ---p 0002c000 08:03 4200496                    /usr/lib/x86_64-linux-gnu/libvorbis.so.0.4.5
7ff411d2b000-7ff411d2c000 r--p 0002b000 08:03 4200496                    /usr/lib/x86_64-linux-gnu/libvorbis.so.0.4.5
7ff411d2c000-7ff411d2d000 rw-p 0002c000 08:03 4200496                    /usr/lib/x86_64-linux-gnu/libvorbis.so.0.4.5
7ff411d2d000-7ff411fe0000 r-xp 00000000 08:03 4200498                    /usr/lib/x86_64-linux-gnu/libvorbisenc.so.2.0.8
7ff411fe0000-7ff4121df000 ---p 002b3000 08:03 4200498                    /usr/lib/x86_64-linux-gnu/libvorbisenc.so.2.0.8
7ff4121df000-7ff4121fb000 r--p 002b2000 08:03 4200498                    /usr/lib/x86_64-linux-gnu/libvorbisenc.so.2.0.8
7ff4121fb000-7ff4121fc000 rw-p 002ce000 08:03 4200498                    /usr/lib/x86_64-linux-gnu/libvorbisenc.so.2.0.8
7ff4121fc000-7ff412247000 r-xp 00000000 08:03 4199700                    /usr/lib/x86_64-linux-gnu/libFLAC.so.8.2.0
7ff412247000-7ff412446000 ---p 0004b000 08:03 4199700                    /usr/lib/x86_64-linux-gnu/libFLAC.so.8.2.0
7ff412446000-7ff412447000 r--p 0004a000 08:03 4199700                    /usr/lib/x86_64-linux-gnu/libFLAC.so.8.2.0
7ff412447000-7ff412448000 rw-p 0004b000 08:03 4199700                    /usr/lib/x86_64-linux-gnu/libFLAC.so.8.2.0
7ff412448000-7ff41244c000 r-xp 00000000 08:03 12190707                   /lib/x86_64-linux-gnu/libuuid.so.1.3.0
7ff41244c000-7ff41264b000 ---p 00004000 08:03 12190707                   /lib/x86_64-linux-gnu/libuuid.so.1.3.0
7ff41264b000-7ff41264c000 r--p 00003000 08:03 12190707                   /lib/x86_64-linux-gnu/libuuid.so.1.3.0
7ff41264c000-7ff41264d000 rw-p 00004000 08:03 12190707                   /lib/x86_64-linux-gnu/libuuid.so.1.3.0
7ff41264d000-7ff412651000 r-xp 00000000 08:03 12190559                   /lib/x86_64-linux-gnu/libattr.so.1.1.0
7ff412651000-7ff412850000 ---p 00004000 08:03 12190559                   /lib/x86_64-linux-gnu/libattr.so.1.1.0
7ff412850000-7ff412851000 r--p 00003000 08:03 12190559                   /lib/x86_64-linux-gnu/libattr.so.1.1.0
7ff412851000-7ff412852000 rw-p 00004000 08:03 12190559                   /lib/x86_64-linux-gnu/libattr.so.1.1.0
7ff412852000-7ff412857000 r-xp 00000000 08:03 4199797                    /usr/lib/x86_64-linux-gnu/libasyncns.so.0.3.1
7ff412857000-7ff412a56000 ---p 00005000 08:03 4199797                    /usr/lib/x86_64-linux-gnu/libasyncns.so.0.3.1
7ff412a56000-7ff412a57000 rw-p 00004000 08:03 4199797                    /usr/lib/x86_64-linux-gnu/libasyncns.so.0.3.1
7ff412a57000-7ff412ab8000 r-xp 00000000 08:03 4200411                    /usr/lib/x86_64-linux-gnu/libsndfile.so.1.0.25
7ff412ab8000-7ff412cb7000 ---p 00061000 08:03 4200411                    /usr/lib/x86_64-linux-gnu/libsndfile.so.1.0.25
7ff412cb7000-7ff412cb9000 r--p 00060000 08:03 4200411                    /usr/lib/x86_64-linux-gnu/libsndfile.so.1.0.25
7ff412cb9000-7ff412cba000 rw-p 00062000 08:03 4200411                    /usr/lib/x86_64-linux-gnu/libsndfile.so.1.0.25
7ff412cba000-7ff412cbe000 rw-p 00000000 00:00 0 
7ff412cbe000-7ff412cc7000 r-xp 00000000 08:03 12190709                   /lib/x86_64-linux-gnu/libwrap.so.0.7.6
7ff412cc7000-7ff412ec6000 ---p 00009000 08:03 12190709                   /lib/x86_64-linux-gnu/libwrap.so.0.7.6
7ff412ec6000-7ff412ec7000 r--p 00008000 08:03 12190709                   /lib/x86_64-linux-gnu/libwrap.so.0.7.6
7ff412ec7000-7ff412ec8000 rw-p 00009000 08:03 12190709                   /lib/x86_64-linux-gnu/libwrap.so.0.7.6
7ff412ec8000-7ff412ec9000 rw-p 00000000 00:00 0 
7ff412ec9000-7ff412ed0000 r-xp 00000000 08:03 4199720                    /usr/lib/x86_64-linux-gnu/libSM.so.6.0.1
7ff412ed0000-7ff4130cf000 ---p 00007000 08:03 4199720                    /usr/lib/x86_64-linux-gnu/libSM.so.6.0.1
7ff4130cf000-7ff4130d0000 rw-p 00006000 08:03 4199720                    /usr/lib/x86_64-linux-gnu/libSM.so.6.0.1
7ff4130d0000-7ff4130e7000 r-xp 00000000 08:03 4199710                    /usr/lib/x86_64-linux-gnu/libICE.so.6.3.0
7ff4130e7000-7ff4132e6000 ---p 00017000 08:03 4199710                    /usr/lib/x86_64-linux-gnu/libICE.so.6.3.0
7ff4132e6000-7ff4132e8000 rw-p 00016000 08:03 4199710                    /usr/lib/x86_64-linux-gnu/libICE.so.6.3.0
7ff4132e8000-7ff4132eb000 rw-p 00000000 00:00 0 
7ff4132eb000-7ff4132ec000 r-xp 00000000 08:03 4199726                    /usr/lib/x86_64-linux-gnu/libX11-xcb.so.1.0.0
7ff4132ec000-7ff4134eb000 ---p 00001000 08:03 4199726                    /usr/lib/x86_64-linux-gnu/libX11-xcb.so.1.0.0
7ff4134eb000-7ff4134ec000 rw-p 00000000 08:03 4199726                    /usr/lib/x86_64-linux-gnu/libX11-xcb.so.1.0.0
7ff4134ec000-7ff4134f0000 r-xp 00000000 08:03 12190572                   /lib/x86_64-linux-gnu/libcap.so.2.22
7ff4134f0000-7ff4136ef000 ---p 00004000 08:03 12190572                   /lib/x86_64-linux-gnu/libcap.so.2.22
7ff4136ef000-7ff4136f0000 rw-p 00003000 08:03 12190572                   /lib/x86_64-linux-gnu/libcap.so.2.22
7ff4136f0000-7ff413751000 r-xp 00000000 08:03 4325923                    /usr/lib/x86_64-linux-gnu/pulseaudio/libpulsecommon-2.0.so
7ff413751000-7ff413950000 ---p 00061000 08:03 4325923                    /usr/lib/x86_64-linux-gnu/pulseaudio/libpulsecommon-2.0.so
7ff413950000-7ff413951000 r--p 00060000 08:03 4325923                    /usr/lib/x86_64-linux-gnu/pulseaudio/libpulsecommon-2.0.so
7ff413951000-7ff413953000 rw-p 00061000 08:03 4325923                    /usr/lib/x86_64-linux-gnu/pulseaudio/libpulsecommon-2.0.so
7ff413953000-7ff41395c000 r-xp 00000000 08:03 12190608                   /lib/x86_64-linux-gnu/libjson.so.0.1.0
7ff41395c000-7ff413b5b000 ---p 00009000 08:03 12190608                   /lib/x86_64-linux-gnu/libjson.so.0.1.0
7ff413b5b000-7ff413b5c000 r--p 00008000 08:03 12190608                   /lib/x86_64-linux-gnu/libjson.so.0.1.0
7ff413b5c000-7ff413b5d000 rw-p 00009000 08:03 12190608                   /lib/x86_64-linux-gnu/libjson.so.0.1.0
7ff413b5d000-7ff413ba6000 r-xp 00000000 08:03 4200364                    /usr/lib/x86_64-linux-gnu/libpulse.so.0.14.2
7ff413ba6000-7ff413da5000 ---p 00049000 08:03 4200364                    /usr/lib/x86_64-linux-gnu/libpulse.so.0.14.2
7ff413da5000-7ff413da6000 r--p 00048000 08:03 4200364                    /usr/lib/x86_64-linux-gnu/libpulse.so.0.14.2
7ff413da6000-7ff413da7000 rw-p 00049000 08:03 4200364                    /usr/lib/x86_64-linux-gnu/libpulse.so.0.14.2
7ff414000000-7ff414021000 rw-p 00000000 00:00 0 
7ff414021000-7ff418000000 ---p 00000000 00:00 0 
7ff4180f7000-7ff4180fb000 r-xp 00000000 08:03 4199775                    /usr/lib/x86_64-linux-gnu/libXxf86vm.so.1.0.0
7ff4180fb000-7ff4182fb000 ---p 00004000 08:03 4199775                    /usr/lib/x86_64-linux-gnu/libXxf86vm.so.1.0.0
7ff4182fb000-7ff4182fc000 r--p 00004000 08:03 4199775                    /usr/lib/x86_64-linux-gnu/libXxf86vm.so.1.0.0
7ff4182fc000-7ff4182fd000 rw-p 00005000 08:03 4199775                    /usr/lib/x86_64-linux-gnu/libXxf86vm.so.1.0.0
7ff4182fd000-7ff418369000 r-xp 00000000 08:01 301131                     /media/winDisk/Users/ChobeDucket/Documents/sheep/android/assets/.temp/7b43be9b/liblwjgl64.so
7ff418369000-7ff418568000 ---p 0006c000 08:01 301131                     /media/winDisk/Users/ChobeDucket/Documents/sheep/android/assets/.temp/7b43be9b/liblwjgl64.so
7ff418568000-7ff41856a000 r--p 0006b000 08:01 301131                     /media/winDisk/Users/ChobeDucket/Documents/sheep/android/assets/.temp/7b43be9b/liblwjgl64.so
7ff41856a000-7ff41856b000 rw-p 0006d000 08:01 301131                     /media/winDisk/Users/ChobeDucket/Documents/sheep/android/assets/.temp/7b43be9b/liblwjgl64.so
7ff41856b000-7ff41856c000 r-xp 00000000 08:03 3934229                    /usr/lib/jvm/java-7-openjdk-amd64/jre/lib/amd64/libjawt.so
7ff41856c000-7ff41876b000 ---p 00001000 08:03 3934229                    /usr/lib/jvm/java-7-openjdk-amd64/jre/lib/amd64/libjawt.so
7ff41876b000-7ff41876c000 r--p 00000000 08:03 3934229                    /usr/lib/jvm/java-7-openjdk-amd64/jre/lib/amd64/libjawt.so
7ff41876c000-7ff41876d000 rw-p 00001000 08:03 3934229                    /usr/lib/jvm/java-7-openjdk-amd64/jre/lib/amd64/libjawt.so
7ff41876d000-7ff418770000 ---p 00000000 00:00 0 
7ff418770000-7ff41886e000 rw-p 00000000 00:00 0 
7ff41886e000-7ff418871000 ---p 00000000 00:00 0 
7ff418871000-7ff41896f000 rw-p 00000000 00:00 0 
7ff41896f000-7ff418972000 r-xp 00000000 08:03 12190599                   /lib/x86_64-linux-gnu/libgpg-error.so.0.8.0
7ff418972000-7ff418b71000 ---p 00003000 08:03 12190599                   /lib/x86_64-linux-gnu/libgpg-error.so.0.8.0
7ff418b71000-7ff418b72000 rw-p 00002000 08:03 12190599                   /lib/x86_64-linux-gnu/libgpg-error.so.0.8.0
7ff418b72000-7ff418bb6000 r-xp 00000000 08:03 12190580                   /lib/x86_64-linux-gnu/libdbus-1.so.3.7.2
7ff418bb6000-7ff418db6000 ---p 00044000 08:03 12190580                   /lib/x86_64-linux-gnu/libdbus-1.so.3.7.2
7ff418db6000-7ff418db7000 r--p 00044000 08:03 12190580                   /lib/x86_64-linux-gnu/libdbus-1.so.3.7.2
7ff418db7000-7ff418db8000 rw-p 00045000 08:03 12190580                   /lib/x86_64-linux-gnu/libdbus-1.so.3.7.2
7ff418db8000-7ff418dc9000 r-xp 00000000 08:03 4200305                    /usr/lib/x86_64-linux-gnu/libp11-kit.so.0.0.0
7ff418dc9000-7ff418fc8000 ---p 00011000 08:03 4200305                    /usr/lib/x86_64-linux-gnu/libp11-kit.so.0.0.0
7ff418fc8000-7ff418fc9000 r--p 00010000 08:03 4200305                    /usr/lib/x86_64-linux-gnu/libp11-kit.so.0.0.0
7ff418fc9000-7ff418fca000 rw-p 00011000 08:03 4200305                    /usr/lib/x86_64-linux-gnu/libp11-kit.so.0.0.0
7ff418fca000-7ff419044000 r-xp 00000000 08:03 12190595                   /lib/x86_64-linux-gnu/libgcrypt.so.11.7.0
7ff419044000-7ff419244000 ---p 0007a000 08:03 12190595                   /lib/x86_64-linux-gnu/libgcrypt.so.11.7.0
7ff419244000-7ff419245000 r--p 0007a000 08:03 12190595                   /lib/x86_64-linux-gnu/libgcrypt.so.11.7.0
7ff419245000-7ff419248000 rw-p 0007b000 08:03 12190595                   /lib/x86_64-linux-gnu/libgcrypt.so.11.7.0
7ff419248000-7ff419258000 r-xp 00000000 08:03 4200448                    /usr/lib/x86_64-linux-gnu/libtasn1.so.3.1.16
7ff419258000-7ff419457000 ---p 00010000 08:03 4200448                    /usr/lib/x86_64-linux-gnu/libtasn1.so.3.1.16
7ff419457000-7ff419458000 r--p 0000f000 08:03 4200448                    /usr/lib/x86_64-linux-gnu/libtasn1.so.3.1.16
7ff419458000-7ff419459000 rw-p 00010000 08:03 4200448                    /usr/lib/x86_64-linux-gnu/libtasn1.so.3.1.16
7ff419459000-7ff41945c000 r-xp 00000000 08:03 12190610                   /lib/x86_64-linux-gnu/libkeyutils.so.1.4
7ff41945c000-7ff41965b000 ---p 00003000 08:03 12190610                   /lib/x86_64-linux-gnu/libkeyutils.so.1.4
7ff41965b000-7ff41965c000 r--p 00002000 08:03 12190610                   /lib/x86_64-linux-gnu/libkeyutils.so.1.4
7ff41965c000-7ff41965d000 rw-p 00003000 08:03 12190610                   /lib/x86_64-linux-gnu/libkeyutils.so.1.4
7ff41965d000-7ff419665000 r-xp 00000000 08:03 4200208                    /usr/lib/x86_64-linux-gnu/libkrb5support.so.0.1
7ff419665000-7ff419864000 ---p 00008000 08:03 4200208                    /usr/lib/x86_64-linux-gnu/libkrb5support.so.0.1
7ff419864000-7ff419865000 r--p 00007000 08:03 4200208                    /usr/lib/x86_64-linux-gnu/libkrb5support.so.0.1
7ff419865000-7ff419866000 rw-p 00008000 08:03 4200208                    /usr/lib/x86_64-linux-gnu/libkrb5support.so.0.1
7ff419866000-7ff419869000 r-xp 00000000 08:03 12190576                   /lib/x86_64-linux-gnu/libcom_err.so.2.1
7ff419869000-7ff419a68000 ---p 00003000 08:03 12190576                   /lib/x86_64-linux-gnu/libcom_err.so.2.1
7ff419a68000-7ff419a69000 r--p 00002000 08:03 12190576                   /lib/x86_64-linux-gnu/libcom_err.so.2.1
7ff419a69000-7ff419a6a000 rw-p 00003000 08:03 12190576                   /lib/x86_64-linux-gnu/libcom_err.so.2.1
7ff419a6a000-7ff419a90000 r-xp 00000000 08:03 4200198                    /usr/lib/x86_64-linux-gnu/libk5crypto.so.3.1
7ff419a90000-7ff419c90000 ---p 00026000 08:03 4200198                    /usr/lib/x86_64-linux-gnu/libk5crypto.so.3.1
7ff419c90000-7ff419c91000 r--p 00026000 08:03 4200198                    /usr/lib/x86_64-linux-gnu/libk5crypto.so.3.1
7ff419c91000-7ff419c92000 rw-p 00027000 08:03 4200198                    /usr/lib/x86_64-linux-gnu/libk5crypto.so.3.1
7ff419c92000-7ff419c93000 rw-p 00000000 00:00 0 
7ff419c93000-7ff419d5c000 r-xp 00000000 08:03 4200206                    /usr/lib/x86_64-linux-gnu/libkrb5.so.3.3
7ff419d5c000-7ff419f5b000 ---p 000c9000 08:03 4200206                    /usr/lib/x86_64-linux-gnu/libkrb5.so.3.3
7ff419f5b000-7ff419f65000 r--p 000c8000 08:03 4200206                    /usr/lib/x86_64-linux-gnu/libkrb5.so.3.3
7ff419f65000-7ff419f67000 rw-p 000d2000 08:03 4200206                    /usr/lib/x86_64-linux-gnu/libkrb5.so.3.3
7ff419f67000-7ff419f6c000 r-xp 00000000 08:03 4199743                    /usr/lib/x86_64-linux-gnu/libXdmcp.so.6.0.0
7ff419f6c000-7ff41a16b000 ---p 00005000 08:03 4199743                    /usr/lib/x86_64-linux-gnu/libXdmcp.so.6.0.0
7ff41a16b000-7ff41a16c000 rw-p 00004000 08:03 4199743                    /usr/lib/x86_64-linux-gnu/libXdmcp.so.6.0.0
7ff41a16c000-7ff41a16e000 r-xp 00000000 08:03 4199732                    /usr/lib/x86_64-linux-gnu/libXau.so.6.0.0
7ff41a16e000-7ff41a36e000 ---p 00002000 08:03 4199732                    /usr/lib/x86_64-linux-gnu/libXau.so.6.0.0
7ff41a36e000-7ff41a36f000 rw-p 00002000 08:03 4199732                    /usr/lib/x86_64-linux-gnu/libXau.so.6.0.0
7ff41a36f000-7ff41a37f000 r-xp 00000000 08:03 4199807                    /usr/lib/x86_64-linux-gnu/libavahi-client.so.3.2.9
7ff41a37f000-7ff41a57e000 ---p 00010000 08:03 4199807                    /usr/lib/x86_64-linux-gnu/libavahi-client.so.3.2.9
7ff41a57e000-7ff41a57f000 r--p 0000f000 08:03 4199807                    /usr/lib/x86_64-linux-gnu/libavahi-client.so.3.2.9
7ff41a57f000-7ff41a580000 rw-p 00010000 08:03 4199807                    /usr/lib/x86_64-linux-gnu/libavahi-client.so.3.2.9
7ff41a580000-7ff41a58c000 r-xp 00000000 08:03 4199809                    /usr/lib/x86_64-linux-gnu/libavahi-common.so.3.5.3
7ff41a58c000-7ff41a78b000 ---p 0000c000 08:03 4199809                    /usr/lib/x86_64-linux-gnu/libavahi-common.so.3.5.3
7ff41a78b000-7ff41a78c000 r--p 0000b000 08:03 4199809                    /usr/lib/x86_64-linux-gnu/libavahi-common.so.3.5.3
7ff41a78c000-7ff41a78d000 rw-p 0000c000 08:03 4199809                    /usr/lib/x86_64-linux-gnu/libavahi-common.so.3.5.3
7ff41a78d000-7ff41a846000 r-xp 00000000 08:03 4200060                    /usr/lib/x86_64-linux-gnu/libgnutls.so.26.22.4
7ff41a846000-7ff41aa45000 ---p 000b9000 08:03 4200060                    /usr/lib/x86_64-linux-gnu/libgnutls.so.26.22.4
7ff41aa45000-7ff41aa4b000 r--p 000b8000 08:03 4200060                    /usr/lib/x86_64-linux-gnu/libgnutls.so.26.22.4
7ff41aa4b000-7ff41aa4d000 rw-p 000be000 08:03 4200060                    /usr/lib/x86_64-linux-gnu/libgnutls.so.26.22.4
7ff41aa4d000-7ff41aa89000 r-xp 00000000 08:03 4200085                    /usr/lib/x86_64-linux-gnu/libgssapi_krb5.so.2.2
7ff41aa89000-7ff41ac89000 ---p 0003c000 08:03 4200085                    /usr/lib/x86_64-linux-gnu/libgssapi_krb5.so.2.2
7ff41ac89000-7ff41ac8a000 r--p 0003c000 08:03 4200085                    /usr/lib/x86_64-linux-gnu/libgssapi_krb5.so.2.2
7ff41ac8a000-7ff41ac8c000 rw-p 0003d000 08:03 4200085                    /usr/lib/x86_64-linux-gnu/libgssapi_krb5.so.2.2
7ff41ac8c000-7ff41acc8000 r-xp 00000000 08:03 12190663                   /lib/x86_64-linux-gnu/libpcre.so.3.13.1
7ff41acc8000-7ff41aec8000 ---p 0003c000 08:03 12190663                   /lib/x86_64-linux-gnu/libpcre.so.3.13.1
7ff41aec8000-7ff41aec9000 rw-p 0003c000 08:03 12190663                   /lib/x86_64-linux-gnu/libpcre.so.3.13.1
7ff41aec9000-7ff41aed5000 r-xp 00000000 08:03 4199961                    /usr/lib/x86_64-linux-gnu/libffi.so.5.0.10
7ff41aed5000-7ff41b0d5000 ---p 0000c000 08:03 4199961                    /usr/lib/x86_64-linux-gnu/libffi.so.5.0.10
7ff41b0d5000-7ff41b0d6000 rw-p 0000c000 08:03 4199961                    /usr/lib/x86_64-linux-gnu/libffi.so.5.0.10
7ff41b0d6000-7ff41b0fd000 r-xp 00000000 08:03 12190588                   /lib/x86_64-linux-gnu/libexpat.so.1.6.0
7ff41b0fd000-7ff41b2fd000 ---p 00027000 08:03 12190588                   /lib/x86_64-linux-gnu/libexpat.so.1.6.0
7ff41b2fd000-7ff41b2ff000 r--p 00027000 08:03 12190588                   /lib/x86_64-linux-gnu/libexpat.so.1.6.0
7ff41b2ff000-7ff41b300000 rw-p 00029000 08:03 12190588                   /lib/x86_64-linux-gnu/libexpat.so.1.6.0
7ff41b300000-7ff41b308000 r-xp 00000000 08:03 4200521                    /usr/lib/x86_64-linux-gnu/libxcb-render.so.0.0.0
7ff41b308000-7ff41b508000 ---p 00008000 08:03 4200521                    /usr/lib/x86_64-linux-gnu/libxcb-render.so.0.0.0
7ff41b508000-7ff41b509000 r--p 00008000 08:03 4200521                    /usr/lib/x86_64-linux-gnu/libxcb-render.so.0.0.0
7ff41b509000-7ff41b50a000 rw-p 00009000 08:03 4200521                    /usr/lib/x86_64-linux-gnu/libxcb-render.so.0.0.0
7ff41b50a000-7ff41b50c000 r-xp 00000000 08:03 4200525                    /usr/lib/x86_64-linux-gnu/libxcb-shm.so.0.0.0
7ff41b50c000-7ff41b70b000 ---p 00002000 08:03 4200525                    /usr/lib/x86_64-linux-gnu/libxcb-shm.so.0.0.0
7ff41b70b000-7ff41b70c000 r--p 00001000 08:03 4200525                    /usr/lib/x86_64-linux-gnu/libxcb-shm.so.0.0.0
7ff41b70c000-7ff41b70d000 rw-p 00002000 08:03 4200525                    /usr/lib/x86_64-linux-gnu/libxcb-shm.so.0.0.0
7ff41b70d000-7ff41b78d000 r-xp 00000000 08:03 4200335                    /usr/lib/x86_64-linux-gnu/libpixman-1.so.0.26.0
7ff41b78d000-7ff41b98d000 ---p 00080000 08:03 4200335                    /usr/lib/x86_64-linux-gnu/libpixman-1.so.0.26.0
7ff41b98d000-7ff41b993000 rw-p 00080000 08:03 4200335                    /usr/lib/x86_64-linux-gnu/libpixman-1.so.0.26.0
7ff41b993000-7ff41b9b9000 r-xp 00000000 08:03 12190665                   /lib/x86_64-linux-gnu/libpng12.so.0.49.0
7ff41b9b9000-7ff41bbb8000 ---p 00026000 08:03 12190665                   /lib/x86_64-linux-gnu/libpng12.so.0.49.0
7ff41bbb8000-7ff41bbb9000 r--p 00025000 08:03 12190665                   /lib/x86_64-linux-gnu/libpng12.so.0.49.0
7ff41bbb9000-7ff41bbba000 rw-p 00026000 08:03 12190665                   /lib/x86_64-linux-gnu/libpng12.so.0.49.0
7ff41bbba000-7ff41bbce000 r-xp 00000000 08:03 12192206                   /lib/x86_64-linux-gnu/libresolv-2.19.so
7ff41bbce000-7ff41bdcd000 ---p 00014000 08:03 12192206                   /lib/x86_64-linux-gnu/libresolv-2.19.so
7ff41bdcd000-7ff41bdce000 r--p 00013000 08:03 12192206                   /lib/x86_64-linux-gnu/libresolv-2.19.so
7ff41bdce000-7ff41bdcf000 rw-p 00014000 08:03 12192206                   /lib/x86_64-linux-gnu/libresolv-2.19.so
7ff41bdcf000-7ff41bdd1000 rw-p 00000000 00:00 0 
7ff41bdd1000-7ff41bdef000 r-xp 00000000 08:03 12190680                   /lib/x86_64-linux-gnu/libselinux.so.1
7ff41bdef000-7ff41bfee000 ---p 0001e000 08:03 12190680                   /lib/x86_64-linux-gnu/libselinux.so.1
7ff41bfee000-7ff41bfef000 r--p 0001d000 08:03 12190680                   /lib/x86_64-linux-gnu/libselinux.so.1
7ff41bfef000-7ff41bff0000 rw-p 0001e000 08:03 12190680                   /lib/x86_64-linux-gnu/libselinux.so.1
7ff41bff0000-7ff41bff1000 rw-p 00000000 00:00 0 
7ff41bff1000-7ff41bff4000 r-xp 00000000 08:03 4200052                    /usr/lib/x86_64-linux-gnu/libgmodule-2.0.so.0.3200.4
7ff41bff4000-7ff41c1f3000 ---p 00003000 08:03 4200052                    /usr/lib/x86_64-linux-gnu/libgmodule-2.0.so.0.3200.4
7ff41c1f3000-7ff41c1f4000 r--p 00002000 08:03 4200052                    /usr/lib/x86_64-linux-gnu/libgmodule-2.0.so.0.3200.4
7ff41c1f4000-7ff41c1f5000 rw-p 00003000 08:03 4200052                    /usr/lib/x86_64-linux-gnu/libgmodule-2.0.so.0.3200.4
7ff41c1f5000-7ff41c1ff000 r-xp 00000000 08:03 4199739                    /usr/lib/x86_64-linux-gnu/libXcursor.so.1.0.2
7ff41c1ff000-7ff41c3fe000 ---p 0000a000 08:03 4199739                    /usr/lib/x86_64-linux-gnu/libXcursor.so.1.0.2
7ff41c3fe000-7ff41c3ff000 rw-p 00009000 08:03 4199739                    /usr/lib/x86_64-linux-gnu/libXcursor.so.1.0.2
7ff41c3ff000-7ff41c406000 r-xp 00000000 08:03 4199761                    /usr/lib/x86_64-linux-gnu/libXrandr.so.2.2.0
7ff41c406000-7ff41c606000 ---p 00007000 08:03 4199761                    /usr/lib/x86_64-linux-gnu/libXrandr.so.2.2.0
7ff41c606000-7ff41c607000 rw-p 00007000 08:03 4199761                    /usr/lib/x86_64-linux-gnu/libXrandr.so.2.2.0
7ff41c607000-7ff41c609000 r-xp 00000000 08:03 4199753                    /usr/lib/x86_64-linux-gnu/libXinerama.so.1.0.0
7ff41c609000-7ff41c808000 ---p 00002000 08:03 4199753                    /usr/lib/x86_64-linux-gnu/libXinerama.so.1.0.0
7ff41c808000-7ff41c809000 rw-p 00001000 08:03 4199753                    /usr/lib/x86_64-linux-gnu/libXinerama.so.1.0.0
7ff41c809000-7ff41c80e000 r-xp 00000000 08:03 4199747                    /usr/lib/x86_64-linux-gnu/libXfixes.so.3.1.0
7ff41c80e000-7ff41ca0d000 ---p 00005000 08:03 4199747                    /usr/lib/x86_64-linux-gnu/libXfixes.so.3.1.0
7ff41ca0d000-7ff41ca0e000 r--p 00004000 08:03 4199747                    /usr/lib/x86_64-linux-gnu/libXfixes.so.3.1.0
7ff41ca0e000-7ff41ca0f000 rw-p 00005000 08:03 4199747                    /usr/lib/x86_64-linux-gnu/libXfixes.so.3.1.0
7ff41ca0f000-7ff41ca11000 r-xp 00000000 08:03 4199741                    /usr/lib/x86_64-linux-gnu/libXdamage.so.1.1.0
7ff41ca11000-7ff41cc10000 ---p 00002000 08:03 4199741                    /usr/lib/x86_64-linux-gnu/libXdamage.so.1.1.0
7ff41cc10000-7ff41cc11000 rw-p 00001000 08:03 4199741                    /usr/lib/x86_64-linux-gnu/libXdamage.so.1.1.0
7ff41cc11000-7ff41cc13000 r-xp 00000000 08:03 4199737                    /usr/lib/x86_64-linux-gnu/libXcomposite.so.1.0.0
7ff41cc13000-7ff41ce12000 ---p 00002000 08:03 4199737                    /usr/lib/x86_64-linux-gnu/libXcomposite.so.1.0.0
7ff41ce12000-7ff41ce13000 rw-p 00001000 08:03 4199737                    /usr/lib/x86_64-linux-gnu/libXcomposite.so.1.0.0
7ff41ce13000-7ff41ce32000 r-xp 00000000 08:03 4200529                    /usr/lib/x86_64-linux-gnu/libxcb.so.1.1.0
7ff41ce32000-7ff41d031000 ---p 0001f000 08:03 4200529                    /usr/lib/x86_64-linux-gnu/libxcb.so.1.1.0
7ff41d031000-7ff41d032000 r--p 0001e000 08:03 4200529                    /usr/lib/x86_64-linux-gnu/libxcb.so.1.1.0
7ff41d032000-7ff41d033000 rw-p 0001f000 08:03 4200529                    /usr/lib/x86_64-linux-gnu/libxcb.so.1.1.0
7ff41d033000-7ff41d086000 r-xp 00000000 08:03 4199889                    /usr/lib/x86_64-linux-gnu/libcups.so.2
7ff41d086000-7ff41d285000 ---p 00053000 08:03 4199889                    /usr/lib/x86_64-linux-gnu/libcups.so.2
7ff41d285000-7ff41d28a000 r--p 00052000 08:03 4199889                    /usr/lib/x86_64-linux-gnu/libcups.so.2
7ff41d28a000-7ff41d28b000 rw-p 00057000 08:03 4199889                    /usr/lib/x86_64-linux-gnu/libcups.so.2
7ff41d28b000-7ff41d380000 r-xp 00000000 08:03 12190597                   /lib/x86_64-linux-gnu/libglib-2.0.so.0.3200.4
7ff41d380000-7ff41d580000 ---p 000f5000 08:03 12190597                   /lib/x86_64-linux-gnu/libglib-2.0.so.0.3200.4
7ff41d580000-7ff41d581000 r--p 000f5000 08:03 12190597                   /lib/x86_64-linux-gnu/libglib-2.0.so.0.3200.4
7ff41d581000-7ff41d582000 rw-p 000f6000 08:03 12190597                   /lib/x86_64-linux-gnu/libglib-2.0.so.0.3200.4
7ff41d582000-7ff41d583000 rw-p 00000000 00:00 0 
7ff41d583000-7ff41d584000 r-xp 00000000 08:03 4200137                    /usr/lib/x86_64-linux-gnu/libgthread-2.0.so.0.3200.4
7ff41d584000-7ff41d783000 ---p 00001000 08:03 4200137                    /usr/lib/x86_64-linux-gnu/libgthread-2.0.so.0.3200.4
7ff41d783000-7ff41d784000 r--p 00000000 08:03 4200137                    /usr/lib/x86_64-linux-gnu/libgthread-2.0.so.0.3200.4
7ff41d784000-7ff41d785000 rw-p 00001000 08:03 4200137                    /usr/lib/x86_64-linux-gnu/libgthread-2.0.so.0.3200.4
7ff41d785000-7ff41d7d3000 r-xp 00000000 08:03 4200068                    /usr/lib/x86_64-linux-gnu/libgobject-2.0.so.0.3200.4
7ff41d7d3000-7ff41d9d3000 ---p 0004e000 08:03 4200068                    /usr/lib/x86_64-linux-gnu/libgobject-2.0.so.0.3200.4
7ff41d9d3000-7ff41d9d4000 r--p 0004e000 08:03 4200068                    /usr/lib/x86_64-linux-gnu/libgobject-2.0.so.0.3200.4
7ff41d9d4000-7ff41d9d5000 rw-p 0004f000 08:03 4200068                    /usr/lib/x86_64-linux-gnu/libgobject-2.0.so.0.3200.4
7ff41d9d5000-7ff41da0a000 r-xp 00000000 08:03 4199999                    /usr/lib/x86_64-linux-gnu/libfontconfig.so.1.5.0
7ff41da0a000-7ff41dc0a000 ---p 00035000 08:03 4199999                    /usr/lib/x86_64-linux-gnu/libfontconfig.so.1.5.0
7ff41dc0a000-7ff41dc0b000 r--p 00035000 08:03 4199999                    /usr/lib/x86_64-linux-gnu/libfontconfig.so.1.5.0
7ff41dc0b000-7ff41dc0c000 rw-p 00036000 08:03 4199999                    /usr/lib/x86_64-linux-gnu/libfontconfig.so.1.5.0
7ff41dc0c000-7ff41dca5000 r-xp 00000000 08:03 4200007                    /usr/lib/x86_64-linux-gnu/libfreetype.so.6.8.1
7ff41dca5000-7ff41dea4000 ---p 00099000 08:03 4200007                    /usr/lib/x86_64-linux-gnu/libfreetype.so.6.8.1
7ff41dea4000-7ff41deaa000 r--p 00098000 08:03 4200007                    /usr/lib/x86_64-linux-gnu/libfreetype.so.6.8.1
7ff41deaa000-7ff41deab000 rw-p 0009e000 08:03 4200007                    /usr/lib/x86_64-linux-gnu/libfreetype.so.6.8.1
7ff41deab000-7ff41def5000 r-xp 00000000 08:03 4200313                    /usr/lib/x86_64-linux-gnu/libpango-1.0.so.0.3000.0
7ff41def5000-7ff41e0f5000 ---p 0004a000 08:03 4200313                    /usr/lib/x86_64-linux-gnu/libpango-1.0.so.0.3000.0
7ff41e0f5000-7ff41e0f7000 r--p 0004a000 08:03 4200313                    /usr/lib/x86_64-linux-gnu/libpango-1.0.so.0.3000.0
7ff41e0f7000-7ff41e0f8000 rw-p 0004c000 08:03 4200313                    /usr/lib/x86_64-linux-gnu/libpango-1.0.so.0.3000.0
7ff41e0f8000-7ff41e1ec000 r-xp 00000000 08:03 4199843                    /usr/lib/x86_64-linux-gnu/libcairo.so.2.11200.2
7ff41e1ec000-7ff41e3eb000 ---p 000f4000 08:03 4199843                    /usr/lib/x86_64-linux-gnu/libcairo.so.2.11200.2
7ff41e3eb000-7ff41e3ee000 r--p 000f3000 08:03 4199843                    /usr/lib/x86_64-linux-gnu/libcairo.so.2.11200.2
7ff41e3ee000-7ff41e3ef000 rw-p 000f6000 08:03 4199843                    /usr/lib/x86_64-linux-gnu/libcairo.so.2.11200.2
7ff41e3ef000-7ff41e3f1000 rw-p 00000000 00:00 0 
7ff41e3f1000-7ff41e410000 r-xp 00000000 08:03 4200030                    /usr/lib/x86_64-linux-gnu/libgdk_pixbuf-2.0.so.0.2600.1
7ff41e410000-7ff41e60f000 ---p 0001f000 08:03 4200030                    /usr/lib/x86_64-linux-gnu/libgdk_pixbuf-2.0.so.0.2600.1
7ff41e60f000-7ff41e610000 r--p 0001e000 08:03 4200030                    /usr/lib/x86_64-linux-gnu/libgdk_pixbuf-2.0.so.0.2600.1
7ff41e610000-7ff41e611000 rw-p 0001f000 08:03 4200030                    /usr/lib/x86_64-linux-gnu/libgdk_pixbuf-2.0.so.0.2600.1
7ff41e611000-7ff41e61d000 r-xp 00000000 08:03 4200315                    /usr/lib/x86_64-linux-gnu/libpangocairo-1.0.so.0.3000.0
7ff41e61d000-7ff41e81c000 ---p 0000c000 08:03 4200315                    /usr/lib/x86_64-linux-gnu/libpangocairo-1.0.so.0.3000.0
7ff41e81c000-7ff41e81d000 r--p 0000b000 08:03 4200315                    /usr/lib/x86_64-linux-gnu/libpangocairo-1.0.so.0.3000.0
7ff41e81d000-7ff41e81e000 rw-p 0000c000 08:03 4200315                    /usr/lib/x86_64-linux-gnu/libpangocairo-1.0.so.0.3000.0
7ff41e81e000-7ff41e848000 r-xp 00000000 08:03 4200317                    /usr/lib/x86_64-linux-gnu/libpangoft2-1.0.so.0.3000.0
7ff41e848000-7ff41ea47000 ---p 0002a000 08:03 4200317                    /usr/lib/x86_64-linux-gnu/libpangoft2-1.0.so.0.3000.0
7ff41ea47000-7ff41ea48000 r--p 00029000 08:03 4200317                    /usr/lib/x86_64-linux-gnu/libpangoft2-1.0.so.0.3000.0
7ff41ea48000-7ff41ea49000 rw-p 0002a000 08:03 4200317                    /usr/lib/x86_64-linux-gnu/libpangoft2-1.0.so.0.3000.0
7ff41ea49000-7ff41eb95000 r-xp 00000000 08:03 4200042                    /usr/lib/x86_64-linux-gnu/libgio-2.0.so.0.3200.4
7ff41eb95000-7ff41ed94000 ---p 0014c000 08:03 4200042                    /usr/lib/x86_64-linux-gnu/libgio-2.0.so.0.3200.4
7ff41ed94000-7ff41ed98000 r--p 0014b000 08:03 4200042                    /usr/lib/x86_64-linux-gnu/libgio-2.0.so.0.3200.4
7ff41ed98000-7ff41ed9a000 rw-p 0014f000 08:03 4200042                    /usr/lib/x86_64-linux-gnu/libgio-2.0.so.0.3200.4
7ff41ed9a000-7ff41ed9c000 rw-p 00000000 00:00 0 
7ff41ed9c000-7ff41edbd000 r-xp 00000000 08:03 4199799                    /usr/lib/x86_64-linux-gnu/libatk-1.0.so.0.20409.1
7ff41edbd000-7ff41efbc000 ---p 00021000 08:03 4199799                    /usr/lib/x86_64-linux-gnu/libatk-1.0.so.0.20409.1
7ff41efbc000-7ff41efbe000 r--p 00020000 08:03 4199799                    /usr/lib/x86_64-linux-gnu/libatk-1.0.so.0.20409.1
7ff41efbe000-7ff41efbf000 rw-p 00022000 08:03 4199799                    /usr/lib/x86_64-linux-gnu/libatk-1.0.so.0.20409.1
7ff41efbf000-7ff41f06e000 r-xp 00000000 08:03 4200028                    /usr/lib/x86_64-linux-gnu/libgdk-x11-2.0.so.0.2400.10
7ff41f06e000-7ff41f26d000 ---p 000af000 08:03 4200028                    /usr/lib/x86_64-linux-gnu/libgdk-x11-2.0.so.0.2400.10
7ff41f26d000-7ff41f272000 rw-p 000ae000 08:03 4200028                    /usr/lib/x86_64-linux-gnu/libgdk-x11-2.0.so.0.2400.10
7ff41f272000-7ff41f6a4000 r-xp 00000000 08:03 4200141                    /usr/lib/x86_64-linux-gnu/libgtk-x11-2.0.so.0.2400.10
7ff41f6a4000-7ff41f8a4000 ---p 00432000 08:03 4200141                    /usr/lib/x86_64-linux-gnu/libgtk-x11-2.0.so.0.2400.10
7ff41f8a4000-7ff41f8af000 rw-p 00432000 08:03 4200141                    /usr/lib/x86_64-linux-gnu/libgtk-x11-2.0.so.0.2400.10
7ff41f8af000-7ff41f8b1000 rw-p 00000000 00:00 0 
7ff41f8b1000-7ff41f8bf000 r-xp 00000000 08:03 4199751                    /usr/lib/x86_64-linux-gnu/libXi.so.6.1.0
7ff41f8bf000-7ff41fabf000 ---p 0000e000 08:03 4199751                    /usr/lib/x86_64-linux-gnu/libXi.so.6.1.0
7ff41fabf000-7ff41fac0000 rw-p 0000e000 08:03 4199751                    /usr/lib/x86_64-linux-gnu/libXi.so.6.1.0
7ff41fac0000-7ff41fac5000 r-xp 00000000 08:03 4199769                    /usr/lib/x86_64-linux-gnu/libXtst.so.6.1.0
7ff41fac5000-7ff41fcc4000 ---p 00005000 08:03 4199769                    /usr/lib/x86_64-linux-gnu/libXtst.so.6.1.0
7ff41fcc4000-7ff41fcc5000 rw-p 00004000 08:03 4199769                    /usr/lib/x86_64-linux-gnu/libXtst.so.6.1.0
7ff41fcc5000-7ff41fdfa000 r-xp 00000000 08:03 4199728                    /usr/lib/x86_64-linux-gnu/libX11.so.6.3.0
7ff41fdfa000-7ff41fffa000 ---p 00135000 08:03 4199728                    /usr/lib/x86_64-linux-gnu/libX11.so.6.3.0
7ff41fffa000-7ff420000000 rw-p 00135000 08:03 4199728                    /usr/lib/x86_64-linux-gnu/libX11.so.6.3.0
7ff420000000-7ff420021000 rw-p 00000000 00:00 0 
7ff420021000-7ff424000000 ---p 00000000 00:00 0 
7ff424000000-7ff424021000 rw-p 00000000 00:00 0 
7ff424021000-7ff428000000 ---p 00000000 00:00 0 
7ff428000000-7ff4285c6000 rw-p 00000000 00:00 0 
7ff4285c6000-7ff42c000000 ---p 00000000 00:00 0 
7ff42c000000-7ff42c826000 rw-p 00000000 00:00 0 
7ff42c826000-7ff430000000 ---p 00000000 00:00 0 
7ff430000000-7ff430021000 rw-p 00000000 00:00 0 
7ff430021000-7ff434000000 ---p 00000000 00:00 0 
7ff434000000-7ff434021000 rw-p 00000000 00:00 0 
7ff434021000-7ff438000000 ---p 00000000 00:00 0 
7ff438000000-7ff438021000 rw-p 00000000 00:00 0 
7ff438021000-7ff43c000000 ---p 00000000 00:00 0 
7ff43c000000-7ff43c021000 rw-p 00000000 00:00 0 
7ff43c021000-7ff440000000 ---p 00000000 00:00 0 
7ff440000000-7ff440021000 rw-p 00000000 00:00 0 
7ff440021000-7ff444000000 ---p 00000000 00:00 0 
7ff444005000-7ff4440ca000 rw-p 00000000 00:00 0 
7ff4440ca000-7ff4440d3000 r-xp 00000000 08:03 4199763                    /usr/lib/x86_64-linux-gnu/libXrender.so.1.3.0
7ff4440d3000-7ff4442d2000 ---p 00009000 08:03 4199763                    /usr/lib/x86_64-linux-gnu/libXrender.so.1.3.0
7ff4442d2000-7ff4442d3000 rw-p 00008000 08:03 4199763                    /usr/lib/x86_64-linux-gnu/libXrender.so.1.3.0
7ff4442d3000-7ff4442e4000 r-xp 00000000 08:03 4199745                    /usr/lib/x86_64-linux-gnu/libXext.so.6.4.0
7ff4442e4000-7ff4444e4000 ---p 00011000 08:03 4199745                    /usr/lib/x86_64-linux-gnu/libXext.so.6.4.0
7ff4444e4000-7ff4444e5000 rw-p 00011000 08:03 4199745                    /usr/lib/x86_64-linux-gnu/libXext.so.6.4.0
7ff4444e5000-7ff444538000 r-xp 00000000 08:03 3934319                    /usr/lib/jvm/java-7-openjdk-amd64/jre/lib/amd64/xawt/libmawt.so
7ff444538000-7ff444737000 ---p 00053000 08:03 3934319                    /usr/lib/jvm/java-7-openjdk-amd64/jre/lib/amd64/xawt/libmawt.so
7ff444737000-7ff444738000 r--p 00052000 08:03 3934319                    /usr/lib/jvm/java-7-openjdk-amd64/jre/lib/amd64/xawt/libmawt.so
7ff444738000-7ff44473b000 rw-p 00053000 08:03 3934319                    /usr/lib/jvm/java-7-openjdk-amd64/jre/lib/amd64/xawt/libmawt.so
7ff44473b000-7ff44473c000 rw-p 00000000 00:00 0 
7ff44473c000-7ff4447dd000 r-xp 00000000 08:03 3934218                    /usr/lib/jvm/java-7-openjdk-amd64/jre/lib/amd64/libawt.so
7ff4447dd000-7ff4449dc000 ---p 000a1000 08:03 3934218                    /usr/lib/jvm/java-7-openjdk-amd64/jre/lib/amd64/libawt.so
7ff4449dc000-7ff4449dd000 r--p 000a0000 08:03 3934218                    /usr/lib/jvm/java-7-openjdk-amd64/jre/lib/amd64/libawt.so
7ff4449dd000-7ff4449e8000 rw-p 000a1000 08:03 3934218                    /usr/lib/jvm/java-7-openjdk-amd64/jre/lib/amd64/libawt.so
7ff4449e8000-7ff444a0d000 rw-p 00000000 00:00 0 
7ff444a0d000-7ff444a4a000 r-xp 00000000 08:03 10486182                   /tmp/libgdxchobe/5502b6ed/libgdx64.so
7ff444a4a000-7ff444c49000 ---p 0003d000 08:03 10486182                   /tmp/libgdxchobe/5502b6ed/libgdx64.so
7ff444c49000-7ff444c4a000 r--p 0003c000 08:03 10486182                   /tmp/libgdxchobe/5502b6ed/libgdx64.so
7ff444c4a000-7ff444c4b000 rw-p 0003d000 08:03 10486182                   /tmp/libgdxchobe/5502b6ed/libgdx64.so
7ff444c4b000-7ff444c4c000 r--s 00002000 08:03 10488693                   /home/chobe/.gradle/caches/modules-2/files-2.1/net.java.jinput/jinput-platform/2.0.5/53f9c919f34d2ca9de8c51fc4e1e8282029a9232/jinput-platform-2.0.5-natives-osx.jar
7ff444c4c000-7ff444c4d000 r--s 00025000 08:03 10488692                   /home/chobe/.gradle/caches/modules-2/files-2.1/net.java.jinput/jinput-platform/2.0.5/385ee093e01f587f30ee1c8a2ee7d408fd732e16/jinput-platform-2.0.5-natives-windows.jar
7ff444c4d000-7ff444c4e000 r--s 00002000 08:03 10488691                   /home/chobe/.gradle/caches/modules-2/files-2.1/net.java.jinput/jinput-platform/2.0.5/7ff832a6eb9ab6a767f1ade2b548092d0fa64795/jinput-platform-2.0.5-natives-linux.jar
7ff444c4e000-7ff444c4f000 r--s 00001000 08:03 10488690                   /home/chobe/.gradle/caches/modules-2/files-2.1/net.java.jutils/jutils/1.0.0/e12fe1fda814bd348c1579329c86943d2cd3c6a6/jutils-1.0.0.jar
7ff444c4f000-7ff444c53000 r--s 0002f000 08:03 10488689                   /home/chobe/.gradle/caches/modules-2/files-2.1/net.java.jinput/jinput/2.0.5/39c7796b469a600f72380316f6b1f11db6c2c7c4/jinput-2.0.5.jar
7ff444c53000-7ff444c54000 r--s 00080000 08:03 10488688                   /home/chobe/.gradle/caches/modules-2/files-2.1/org.lwjgl.lwjgl/lwjgl-platform/2.9.1/2d12c83fdfbc04ecabf02c7bc8cc54d034f0daac/lwjgl-platform-2.9.1-natives-osx.jar
7ff444c54000-7ff444c55000 r--s 0008b000 08:03 10488687                   /home/chobe/.gradle/caches/modules-2/files-2.1/org.lwjgl.lwjgl/lwjgl-platform/2.9.1/aa9aae879af8eb378e22cfc64db56ec2ca9a44d1/lwjgl-platform-2.9.1-natives-linux.jar
7ff444c55000-7ff444c56000 r--s 00095000 08:03 10488686                   /home/chobe/.gradle/caches/modules-2/files-2.1/org.lwjgl.lwjgl/lwjgl-platform/2.9.1/4c517eca808522457dd95ee8fc1fbcdbb602efbe/lwjgl-platform-2.9.1-natives-windows.jar
7ff444c56000-7ff444c58000 r--s 00017000 08:03 10488685                   /home/chobe/.gradle/caches/modules-2/files-2.1/org.jcraft/jorbis/0.0.17/8872d22b293e8f5d7d56ff92be966e6dc28ebdc6/jorbis-0.0.17.jar
7ff444c58000-7ff444c59000 r--s 00015000 08:03 10488684                   /home/chobe/.gradle/caches/modules-2/files-2.1/com.badlogicgames.jlayer/jlayer/1.0.1-gdx/7cca83cec5c1b2f011362f4d85aabd71a73b049d/jlayer-1.0.1-gdx.jar
7ff444c59000-7ff444c5d000 r--s 00027000 08:03 10488683                   /home/chobe/.gradle/caches/modules-2/files-2.1/org.lwjgl.lwjgl/lwjgl_util/2.9.1/290d7ba8a1bd9566f5ddf16ad06f09af5ec9b20e/lwjgl_util-2.9.1.jar
7ff444c5d000-7ff444c6b000 r--s 000ea000 08:03 10488682                   /home/chobe/.gradle/caches/modules-2/files-2.1/org.lwjgl.lwjgl/lwjgl/2.9.1/f58c5aabcef0e41718a564be9f8e412fff8db847/lwjgl-2.9.1.jar
7ff444c6b000-7ff444c80000 r--s 00153000 08:03 10488660                   /home/chobe/.gradle/caches/modules-2/files-2.1/com.badlogicgames.gdx/gdx/1.1.0/686f5a609c717eb0769d3b954c501a49bf4fe351/gdx-1.1.0.jar
7ff444c80000-7ff444c81000 r--s 000cd000 08:03 10488678                   /home/chobe/.gradle/caches/modules-2/files-2.1/com.badlogicgames.gdx/gdx-platform/1.1.0/1c7ea4239c2d9adda420c15985fe3885c481fdcf/gdx-platform-1.1.0-natives-desktop.jar
7ff444c81000-7ff444c84000 r--s 0001f000 08:03 10488677                   /home/chobe/.gradle/caches/modules-2/files-2.1/com.badlogicgames.gdx/gdx-backend-lwjgl/1.1.0/eafa409559820c1696e165e1280435f1332fc32b/gdx-backend-lwjgl-1.1.0.jar
7ff444c84000-7ff444c87000 r--s 0001f000 08:01 772750                     /media/winDisk/Users/ChobeDucket/Documents/sheep/core/build/libs/core-1.0.jar
7ff444c87000-7ff444c8b000 r--s 0003b000 08:03 3934173                    /usr/lib/jvm/java-7-openjdk-amd64/jre/lib/ext/sunpkcs11.jar
7ff444c8b000-7ff444c8c000 r--s 00002000 08:03 3934178                    /usr/lib/jvm/java-7-openjdk-amd64/jre/lib/ext/dnsns.jar
7ff444c8c000-7ff444c8f000 r--s 00032000 08:03 3934176                    /usr/lib/jvm/java-7-openjdk-amd64/jre/lib/ext/sunjce_provider.jar
7ff444c8f000-7ff444c91000 r--s 0000f000 08:03 3934175                    /usr/lib/jvm/java-7-openjdk-amd64/jre/lib/ext/pulse-java.jar
7ff444c91000-7ff444c93000 r--s 00012000 08:03 3934174                    /usr/lib/jvm/java-7-openjdk-amd64/jre/lib/ext/zipfs.jar
7ff444c93000-7ff444c97000 r--s 00085000 08:03 3934172                    /usr/lib/jvm/java-7-openjdk-amd64/jre/lib/ext/localedata.jar
7ff444c97000-7ff444c98000 r--s 00007000 08:03 5645676                    /usr/share/java/java-atk-wrapper.jar
7ff444c98000-7ff444c99000 ---p 00000000 00:00 0 
7ff444c99000-7ff444d99000 rw-p 00000000 00:00 0 
7ff444d99000-7ff444d9c000 ---p 00000000 00:00 0 
7ff444d9c000-7ff444e9a000 rw-p 00000000 00:00 0 
7ff444e9a000-7ff444e9d000 ---p 00000000 00:00 0 
7ff444e9d000-7ff444f9b000 rw-p 00000000 00:00 0 
7ff444f9b000-7ff444f9e000 ---p 00000000 00:00 0 
7ff444f9e000-7ff44509c000 rw-p 00000000 00:00 0 
7ff44509c000-7ff44509f000 ---p 00000000 00:00 0 
7ff44509f000-7ff44519d000 rw-p 00000000 00:00 0 
7ff44519d000-7ff445326000 r--p 00000000 08:03 4067802                    /usr/lib/locale/locale-archive
7ff445326000-7ff445329000 ---p 00000000 00:00 0 
7ff445329000-7ff445427000 rw-p 00000000 00:00 0 
7ff445427000-7ff44542a000 ---p 00000000 00:00 0 
7ff44542a000-7ff445528000 rw-p 00000000 00:00 0 
7ff445528000-7ff445529000 ---p 00000000 00:00 0 
7ff445529000-7ff448000000 rw-p 00000000 00:00 0 
7ff448000000-7ff448021000 rw-p 00000000 00:00 0 
7ff448021000-7ff44c000000 ---p 00000000 00:00 0 
7ff44c000000-7ff44c021000 rw-p 00000000 00:00 0 
7ff44c021000-7ff450000000 ---p 00000000 00:00 0 
7ff450000000-7ff450021000 rw-p 00000000 00:00 0 
7ff450021000-7ff454000000 ---p 00000000 00:00 0 
7ff454022000-7ff45402d000 r--s 00203000 08:03 3934232                    /usr/lib/jvm/java-7-openjdk-amd64/jre/lib/charsets.jar
7ff45402d000-7ff454030000 ---p 00000000 00:00 0 
7ff454030000-7ff454066000 rw-p 00000000 00:00 0 
7ff454066000-7ff45406f000 r--s 000b9000 08:03 3934170                    /usr/lib/jvm/java-7-openjdk-amd64/jre/lib/resources.jar
7ff45406f000-7ff454a45000 rw-p 00000000 00:00 0 
7ff454a45000-7ff454bf3000 r--s 01cfc000 08:03 3934153                    /usr/lib/jvm/java-7-openjdk-amd64/jre/lib/rt.jar
7ff454bf3000-7ff454eff000 rw-p 00000000 00:00 0 
7ff454eff000-7ff454f00000 ---p 00000000 00:00 0 
7ff454f00000-7ff455000000 rw-p 00000000 00:00 0 
7ff455000000-7ff455270000 rwxp 00000000 00:00 0 
7ff455270000-7ff45837a000 rw-p 00000000 00:00 0 
7ff45837a000-7ff45c000000 ---p 00000000 00:00 0 
7ff45c005000-7ff45c006000 rw-s 00005000 00:05 7289                       /dev/ati/card0
7ff45c006000-7ff45c016000 rw-s e0200000 00:05 7289                       /dev/ati/card0
7ff45c016000-7ff45c03e000 rw-p 00000000 00:00 0 
7ff45c03e000-7ff45c03f000 ---p 00000000 00:00 0 
7ff45c03f000-7ff45c13f000 rw-p 00000000 00:00 0 
7ff45c13f000-7ff45c140000 ---p 00000000 00:00 0 
7ff45c140000-7ff45c240000 rw-p 00000000 00:00 0 
7ff45c240000-7ff45c241000 ---p 00000000 00:00 0 
7ff45c241000-7ff45c34c000 rw-p 00000000 00:00 0 
7ff45c34c000-7ff45c394000 rw-p 00000000 00:00 0 
7ff45c394000-7ff45c3a9000 rw-p 00000000 00:00 0 
7ff45c3a9000-7ff45c4da000 rw-p 00000000 00:00 0 
7ff45c4da000-7ff45c4e5000 rw-p 00000000 00:00 0 
7ff45c4e5000-7ff45c52d000 rw-p 00000000 00:00 0 
7ff45c52d000-7ff45c542000 rw-p 00000000 00:00 0 
7ff45c542000-7ff45c672000 rw-p 00000000 00:00 0 
7ff45c672000-7ff45c67d000 rw-p 00000000 00:00 0 
7ff45c67d000-7ff45c715000 rw-p 00000000 00:00 0 
7ff45c715000-7ff45c716000 rw-p 00000000 00:00 0 
7ff45c716000-7ff45c71e000 r-xp 00000000 08:03 3934210                    /usr/lib/jvm/java-7-openjdk-amd64/jre/lib/amd64/libzip.so
7ff45c71e000-7ff45c91d000 ---p 00008000 08:03 3934210                    /usr/lib/jvm/java-7-openjdk-amd64/jre/lib/amd64/libzip.so
7ff45c91d000-7ff45c91e000 r--p 00007000 08:03 3934210                    /usr/lib/jvm/java-7-openjdk-amd64/jre/lib/amd64/libzip.so
7ff45c91e000-7ff45c91f000 rw-p 00008000 08:03 3934210                    /usr/lib/jvm/java-7-openjdk-amd64/jre/lib/amd64/libzip.so
7ff45c91f000-7ff45c92a000 r-xp 00000000 08:03 12192223                   /lib/x86_64-linux-gnu/libnss_files-2.19.so
7ff45c92a000-7ff45cb29000 ---p 0000b000 08:03 12192223                   /lib/x86_64-linux-gnu/libnss_files-2.19.so
7ff45cb29000-7ff45cb2a000 r--p 0000a000 08:03 12192223                   /lib/x86_64-linux-gnu/libnss_files-2.19.so
7ff45cb2a000-7ff45cb2b000 rw-p 0000b000 08:03 12192223                   /lib/x86_64-linux-gnu/libnss_files-2.19.so
7ff45cb2b000-7ff45cb35000 r-xp 00000000 08:03 12192211                   /lib/x86_64-linux-gnu/libnss_nis-2.19.so
7ff45cb35000-7ff45cd34000 ---p 0000a000 08:03 12192211                   /lib/x86_64-linux-gnu/libnss_nis-2.19.so
7ff45cd34000-7ff45cd35000 r--p 00009000 08:03 12192211                   /lib/x86_64-linux-gnu/libnss_nis-2.19.so
7ff45cd35000-7ff45cd36000 rw-p 0000a000 08:03 12192211                   /lib/x86_64-linux-gnu/libnss_nis-2.19.so
7ff45cd36000-7ff45cd4b000 r-xp 00000000 08:03 12192215                   /lib/x86_64-linux-gnu/libnsl-2.19.so
7ff45cd4b000-7ff45cf4a000 ---p 00015000 08:03 12192215                   /lib/x86_64-linux-gnu/libnsl-2.19.so
7ff45cf4a000-7ff45cf4b000 r--p 00014000 08:03 12192215                   /lib/x86_64-linux-gnu/libnsl-2.19.so
7ff45cf4b000-7ff45cf4c000 rw-p 00015000 08:03 12192215                   /lib/x86_64-linux-gnu/libnsl-2.19.so
7ff45cf4c000-7ff45cf4e000 rw-p 00000000 00:00 0 
7ff45cf4e000-7ff45cf55000 r-xp 00000000 08:03 12192212                   /lib/x86_64-linux-gnu/libnss_compat-2.19.so
7ff45cf55000-7ff45d154000 ---p 00007000 08:03 12192212                   /lib/x86_64-linux-gnu/libnss_compat-2.19.so
7ff45d154000-7ff45d155000 r--p 00006000 08:03 12192212                   /lib/x86_64-linux-gnu/libnss_compat-2.19.so
7ff45d155000-7ff45d156000 rw-p 00007000 08:03 12192212                   /lib/x86_64-linux-gnu/libnss_compat-2.19.so
7ff45d156000-7ff45d181000 r-xp 00000000 08:03 3934215                    /usr/lib/jvm/java-7-openjdk-amd64/jre/lib/amd64/libjava.so
7ff45d181000-7ff45d380000 ---p 0002b000 08:03 3934215                    /usr/lib/jvm/java-7-openjdk-amd64/jre/lib/amd64/libjava.so
7ff45d380000-7ff45d381000 r--p 0002a000 08:03 3934215                    /usr/lib/jvm/java-7-openjdk-amd64/jre/lib/amd64/libjava.so
7ff45d381000-7ff45d383000 rw-p 0002b000 08:03 3934215                    /usr/lib/jvm/java-7-openjdk-amd64/jre/lib/amd64/libjava.so
7ff45d383000-7ff45d392000 r-xp 00000000 08:03 3934216                    /usr/lib/jvm/java-7-openjdk-amd64/jre/lib/amd64/libverify.so
7ff45d392000-7ff45d591000 ---p 0000f000 08:03 3934216                    /usr/lib/jvm/java-7-openjdk-amd64/jre/lib/amd64/libverify.so
7ff45d591000-7ff45d593000 r--p 0000e000 08:03 3934216                    /usr/lib/jvm/java-7-openjdk-amd64/jre/lib/amd64/libverify.so
7ff45d593000-7ff45d594000 rw-p 00010000 08:03 3934216                    /usr/lib/jvm/java-7-openjdk-amd64/jre/lib/amd64/libverify.so
7ff45d594000-7ff45d59b000 r-xp 00000000 08:03 12192213                   /lib/x86_64-linux-gnu/librt-2.19.so
7ff45d59b000-7ff45d79a000 ---p 00007000 08:03 12192213                   /lib/x86_64-linux-gnu/librt-2.19.so
7ff45d79a000-7ff45d79b000 r--p 00006000 08:03 12192213                   /lib/x86_64-linux-gnu/librt-2.19.so
7ff45d79b000-7ff45d79c000 rw-p 00007000 08:03 12192213                   /lib/x86_64-linux-gnu/librt-2.19.so
7ff45d79c000-7ff45d7b1000 r-xp 00000000 08:03 12190593                   /lib/x86_64-linux-gnu/libgcc_s.so.1
7ff45d7b1000-7ff45d9b1000 ---p 00015000 08:03 12190593                   /lib/x86_64-linux-gnu/libgcc_s.so.1
7ff45d9b1000-7ff45d9b2000 rw-p 00015000 08:03 12190593                   /lib/x86_64-linux-gnu/libgcc_s.so.1
7ff45d9b2000-7ff45dab2000 r-xp 00000000 08:03 12192221                   /lib/x86_64-linux-gnu/libm-2.19.so
7ff45dab2000-7ff45dcb1000 ---p 00100000 08:03 12192221                   /lib/x86_64-linux-gnu/libm-2.19.so
7ff45dcb1000-7ff45dcb2000 r--p 000ff000 08:03 12192221                   /lib/x86_64-linux-gnu/libm-2.19.so
7ff45dcb2000-7ff45dcb3000 rw-p 00100000 08:03 12192221                   /lib/x86_64-linux-gnu/libm-2.19.so
7ff45dcb3000-7ff45dd9b000 r-xp 00000000 08:03 4200440                    /usr/lib/x86_64-linux-gnu/libstdc++.so.6.0.17
7ff45dd9b000-7ff45df9b000 ---p 000e8000 08:03 4200440                    /usr/lib/x86_64-linux-gnu/libstdc++.so.6.0.17
7ff45df9b000-7ff45dfa3000 r--p 000e8000 08:03 4200440                    /usr/lib/x86_64-linux-gnu/libstdc++.so.6.0.17
7ff45dfa3000-7ff45dfa5000 rw-p 000f0000 08:03 4200440                    /usr/lib/x86_64-linux-gnu/libstdc++.so.6.0.17
7ff45dfa5000-7ff45dfba000 rw-p 00000000 00:00 0 
7ff45dfba000-7ff45ea83000 r-xp 00000000 08:03 3934204                    /usr/lib/jvm/java-7-openjdk-amd64/jre/lib/amd64/server/libjvm.so
7ff45ea83000-7ff45ec83000 ---p 00ac9000 08:03 3934204                    /usr/lib/jvm/java-7-openjdk-amd64/jre/lib/amd64/server/libjvm.so
7ff45ec83000-7ff45ed1b000 r--p 00ac9000 08:03 3934204                    /usr/lib/jvm/java-7-openjdk-amd64/jre/lib/amd64/server/libjvm.so
7ff45ed1b000-7ff45ed3e000 rw-p 00b61000 08:03 3934204                    /usr/lib/jvm/java-7-openjdk-amd64/jre/lib/amd64/server/libjvm.so
7ff45ed3e000-7ff45ed6b000 rw-p 00000000 00:00 0 
7ff45ed6b000-7ff45ed82000 r-xp 00000000 08:03 12192203                   /lib/x86_64-linux-gnu/libz.so.1.2.8
7ff45ed82000-7ff45ef81000 ---p 00017000 08:03 12192203                   /lib/x86_64-linux-gnu/libz.so.1.2.8
7ff45ef81000-7ff45ef82000 r--p 00016000 08:03 12192203                   /lib/x86_64-linux-gnu/libz.so.1.2.8
7ff45ef82000-7ff45ef83000 rw-p 00017000 08:03 12192203                   /lib/x86_64-linux-gnu/libz.so.1.2.8
7ff45ef83000-7ff45f122000 r-xp 00000000 08:03 12192214                   /lib/x86_64-linux-gnu/libc-2.19.so
7ff45f122000-7ff45f322000 ---p 0019f000 08:03 12192214                   /lib/x86_64-linux-gnu/libc-2.19.so
7ff45f322000-7ff45f326000 r--p 0019f000 08:03 12192214                   /lib/x86_64-linux-gnu/libc-2.19.so
7ff45f326000-7ff45f328000 rw-p 001a3000 08:03 12192214                   /lib/x86_64-linux-gnu/libc-2.19.so
7ff45f328000-7ff45f32c000 rw-p 00000000 00:00 0 
7ff45f32c000-7ff45f32f000 r-xp 00000000 08:03 12192219                   /lib/x86_64-linux-gnu/libdl-2.19.so
7ff45f32f000-7ff45f52e000 ---p 00003000 08:03 12192219                   /lib/x86_64-linux-gnu/libdl-2.19.so
7ff45f52e000-7ff45f52f000 r--p 00002000 08:03 12192219                   /lib/x86_64-linux-gnu/libdl-2.19.so
7ff45f52f000-7ff45f530000 rw-p 00003000 08:03 12192219                   /lib/x86_64-linux-gnu/libdl-2.19.so
7ff45f530000-7ff45f53d000 r-xp 00000000 08:03 3934207                    /usr/lib/jvm/java-7-openjdk-amd64/jre/lib/amd64/jli/libjli.so
7ff45f53d000-7ff45f73c000 ---p 0000d000 08:03 3934207                    /usr/lib/jvm/java-7-openjdk-amd64/jre/lib/amd64/jli/libjli.so
7ff45f73c000-7ff45f73d000 r--p 0000c000 08:03 3934207                    /usr/lib/jvm/java-7-openjdk-amd64/jre/lib/amd64/jli/libjli.so
7ff45f73d000-7ff45f73e000 rw-p 0000d000 08:03 3934207                    /usr/lib/jvm/java-7-openjdk-amd64/jre/lib/amd64/jli/libjli.so
7ff45f73e000-7ff45f756000 r-xp 00000000 08:03 12192218                   /lib/x86_64-linux-gnu/libpthread-2.19.so
7ff45f756000-7ff45f955000 ---p 00018000 08:03 12192218                   /lib/x86_64-linux-gnu/libpthread-2.19.so
7ff45f955000-7ff45f956000 r--p 00017000 08:03 12192218                   /lib/x86_64-linux-gnu/libpthread-2.19.so
7ff45f956000-7ff45f957000 rw-p 00018000 08:03 12192218                   /lib/x86_64-linux-gnu/libpthread-2.19.so
7ff45f957000-7ff45f95b000 rw-p 00000000 00:00 0 
7ff45f95b000-7ff45f97b000 r-xp 00000000 08:03 12192217                   /lib/x86_64-linux-gnu/ld-2.19.so
7ff45f984000-7ff45f986000 rw-s 00002000 00:05 7289                       /dev/ati/card0
7ff45f986000-7ff45f98d000 r--s 00000000 08:03 4206154                    /usr/lib/x86_64-linux-gnu/gconv/gconv-modules.cache
7ff45f98d000-7ff45f992000 r--s 0004c000 08:03 3934152                    /usr/lib/jvm/java-7-openjdk-amd64/jre/lib/jsse.jar
7ff45f992000-7ff45f99c000 rw-p 00000000 00:00 0 
7ff45f99c000-7ff45fa52000 rw-p 00000000 00:00 0 
7ff45fa52000-7ff45fa55000 ---p 00000000 00:00 0 
7ff45fa55000-7ff45fb6f000 rw-p 00000000 00:00 0 
7ff45fb6f000-7ff45fb77000 rw-s 00000000 08:03 10490934                   /tmp/hsperfdata_chobe/25723 (deleted)
7ff45fb77000-7ff45fb78000 rw-p 00000000 00:00 0 
7ff45fb78000-7ff45fb79000 ---p 00000000 00:00 0 
7ff45fb79000-7ff45fb7b000 rw-p 00000000 00:00 0 
7ff45fb7b000-7ff45fb7c000 r--p 00020000 08:03 12192217                   /lib/x86_64-linux-gnu/ld-2.19.so
7ff45fb7c000-7ff45fb7d000 rw-p 00021000 08:03 12192217                   /lib/x86_64-linux-gnu/ld-2.19.so
7ff45fb7d000-7ff45fb7e000 rw-p 00000000 00:00 0 
7fffaada3000-7fffaadc5000 rw-p 00000000 00:00 0                          [stack]
7fffaadff000-7fffaae00000 r-xp 00000000 00:00 0                          [vdso]
ffffffffff600000-ffffffffff601000 r-xp 00000000 00:00 0                  [vsyscall]

VM Arguments:
jvm_args: -Dfile.encoding=UTF-8 
java_command: com.mygdx.sheep.desktop.DesktopLauncher
Launcher Type: SUN_STANDARD

Environment Variables:
PATH=/usr/local/bin:/usr/bin:/bin:/usr/local/games:/usr/games:/home/chobe/.local/bin:/home/chobe/sdks/adt-bundle-linux-x86_64-20140321/sdk//platform-tools/adb:/home/chobe/sdks/adt-bundle-linux-x86_64-20140321/sdk//platform-tools/
USERNAME=chobe
SHELL=/bin/bash
DISPLAY=:0

Signal Handlers:
SIGSEGV: [libjvm.so+0x8f9750], sa_mask[0]=0x7ffbfeff, sa_flags=0x10000004
SIGBUS: [libjvm.so+0x8f9750], sa_mask[0]=0x7ffbfeff, sa_flags=0x10000004
SIGFPE: [libjvm.so+0x7827c0], sa_mask[0]=0x7ffbfeff, sa_flags=0x10000004
SIGPIPE: [libjvm.so+0x7827c0], sa_mask[0]=0x7ffbfeff, sa_flags=0x10000004
SIGXFSZ: [libjvm.so+0x7827c0], sa_mask[0]=0x7ffbfeff, sa_flags=0x10000004
SIGILL: [libjvm.so+0x7827c0], sa_mask[0]=0x7ffbfeff, sa_flags=0x10000004
SIGUSR1: SIG_DFL, sa_mask[0]=0x00000000, sa_flags=0x00000000
SIGUSR2: [libjvm.so+0x782ab0], sa_mask[0]=0x00000004, sa_flags=0x10000004
SIGHUP: [libjvm.so+0x782c20], sa_mask[0]=0x7ffbfeff, sa_flags=0x10000004
SIGINT: [libjvm.so+0x782c20], sa_mask[0]=0x7ffbfeff, sa_flags=0x10000004
SIGTERM: [libjvm.so+0x782c20], sa_mask[0]=0x7ffbfeff, sa_flags=0x10000004
SIGQUIT: [libjvm.so+0x782c20], sa_mask[0]=0x7ffbfeff, sa_flags=0x10000004


---------------  S Y S T E M  ---------------

OS:7.5

uname:Linux 3.2.0-4-amd64 #1 SMP Debian 3.2.57-3+deb7u1 x86_64
libc:glibc 2.19 NPTL 2.19 
rlimit: STACK 8192k, CORE 0k, NPROC 31105, NOFILE 4096, AS infinity
load average:1.78 1.31 0.89

/proc/meminfo:
MemTotal:        3993672 kB
MemFree:         2066548 kB
Buffers:           45316 kB
Cached:           406780 kB
SwapCached:       247824 kB
Active:          1065236 kB
Inactive:         589228 kB
Active(anon):     927660 kB
Inactive(anon):   303488 kB
Active(file):     137576 kB
Inactive(file):   285740 kB
Unevictable:           0 kB
Mlocked:               0 kB
SwapTotal:       4120572 kB
SwapFree:        3452200 kB
Dirty:               168 kB
Writeback:             0 kB
AnonPages:       1145900 kB
Mapped:           176752 kB
Shmem:             28540 kB
Slab:              71276 kB
SReclaimable:      42700 kB
SUnreclaim:        28576 kB
KernelStack:        3616 kB
PageTables:        27768 kB
NFS_Unstable:          0 kB
Bounce:                0 kB
WritebackTmp:          0 kB
CommitLimit:     6117408 kB
Committed_AS:    3737496 kB
VmallocTotal:   34359738367 kB
VmallocUsed:      170472 kB
VmallocChunk:   34359561712 kB
HardwareCorrupted:     0 kB
AnonHugePages:         0 kB
HugePages_Total:       0
HugePages_Free:        0
HugePages_Rsvd:        0
HugePages_Surp:        0
Hugepagesize:       2048 kB
DirectMap4k:     1149952 kB
DirectMap2M:     2977792 kB


CPU:total 4 (4 cores per cpu, 1 threads per core) family 6 model 15 stepping 11, cmov, cx8, fxsr, mmx, sse, sse2, sse3, ssse3, tsc

/proc/cpuinfo:
processor	: 0
vendor_id	: GenuineIntel
cpu family	: 6
model		: 15
model name	: Intel(R) Core(TM)2 Quad CPU    Q6600  @ 2.40GHz
stepping	: 11
cpu MHz		: 2394.000
cache size	: 4096 KB
physical id	: 0
siblings	: 4
core id		: 0
cpu cores	: 4
apicid		: 0
initial apicid	: 0
fpu		: yes
fpu_exception	: yes
cpuid level	: 10
wp		: yes
flags		: fpu vme de pse tsc msr pae mce cx8 apic sep mtrr pge mca cmov pat pse36 clflush dts acpi mmx fxsr sse sse2 ss ht tm pbe syscall nx lm constant_tsc arch_perfmon pebs bts rep_good nopl aperfmperf pni dtes64 monitor ds_cpl vmx est tm2 ssse3 cx16 xtpr pdcm lahf_lm dtherm tpr_shadow vnmi flexpriority
bogomips	: 4795.82
clflush size	: 64
cache_alignment	: 64
address sizes	: 36 bits physical, 48 bits virtual
power management:

processor	: 1
vendor_id	: GenuineIntel
cpu family	: 6
model		: 15
model name	: Intel(R) Core(TM)2 Quad CPU    Q6600  @ 2.40GHz
stepping	: 11
cpu MHz		: 2394.000
cache size	: 4096 KB
physical id	: 0
siblings	: 4
core id		: 2
cpu cores	: 4
apicid		: 2
initial apicid	: 2
fpu		: yes
fpu_exception	: yes
cpuid level	: 10
wp		: yes
flags		: fpu vme de pse tsc msr pae mce cx8 apic sep mtrr pge mca cmov pat pse36 clflush dts acpi mmx fxsr sse sse2 ss ht tm pbe syscall nx lm constant_tsc arch_perfmon pebs bts rep_good nopl aperfmperf pni dtes64 monitor ds_cpl vmx est tm2 ssse3 cx16 xtpr pdcm lahf_lm dtherm tpr_shadow vnmi flexpriority
bogomips	: 4795.58
clflush size	: 64
cache_alignment	: 64
address sizes	: 36 bits physical, 48 bits virtual
power management:

processor	: 2
vendor_id	: GenuineIntel
cpu family	: 6
model		: 15
model name	: Intel(R) Core(TM)2 Quad CPU    Q6600  @ 2.40GHz
stepping	: 11
cpu MHz		: 2394.000
cache size	: 4096 KB
physical id	: 0
siblings	: 4
core id		: 1
cpu cores	: 4
apicid		: 1
initial apicid	: 1
fpu		: yes
fpu_exception	: yes
cpuid level	: 10
wp		: yes
flags		: fpu vme de pse tsc msr pae mce cx8 apic sep mtrr pge mca cmov pat pse36 clflush dts acpi mmx fxsr sse sse2 ss ht tm pbe syscall nx lm constant_tsc arch_perfmon pebs bts rep_good nopl aperfmperf pni dtes64 monitor ds_cpl vmx est tm2 ssse3 cx16 xtpr pdcm lahf_lm dtherm tpr_shadow vnmi flexpriority
bogomips	: 4795.56
clflush size	: 64
cache_alignment	: 64
address sizes	: 36 bits physical, 48 bits virtual
power management:

processor	: 3
vendor_id	: GenuineIntel
cpu family	: 6
model		: 15
model name	: Intel(R) Core(TM)2 Quad CPU    Q6600  @ 2.40GHz
stepping	: 11
cpu MHz		: 2394.000
cache size	: 4096 KB
physical id	: 0
siblings	: 4
core id		: 3
cpu cores	: 4
apicid		: 3
initial apicid	: 3
fpu		: yes
fpu_exception	: yes
cpuid level	: 10
wp		: yes
flags		: fpu vme de pse tsc msr pae mce cx8 apic sep mtrr pge mca cmov pat pse36 clflush dts acpi mmx fxsr sse sse2 ss ht tm pbe syscall nx lm constant_tsc arch_perfmon pebs bts rep_good nopl aperfmperf pni dtes64 monitor ds_cpl vmx est tm2 ssse3 cx16 xtpr pdcm lahf_lm dtherm tpr_shadow vnmi flexpriority
bogomips	: 4795.57
clflush size	: 64
cache_alignment	: 64
address sizes	: 36 bits physical, 48 bits virtual
power management:



Memory: 4k page, physical 3993672k(2143552k free), swap 4120572k(3457272k free)

vm_info: OpenJDK 64-Bit Server VM (24.51-b03) for linux-amd64 JRE (1.7.0_55-b14), built on May  2 2014 11:33:06 by "buildd" with gcc 4.7.2

time: Mon Jul  7 20:57:32 2014
elapsed time: 198 seconds

