#
# A fatal error has been detected by the Java Runtime Environment:
#
#  SIGSEGV (0xb) at pc=0x00007f7ffa0fde38, pid=10297, tid=140187656394496
#
# JRE version: OpenJDK Runtime Environment (7.0_55-b14) (build 1.7.0_55-b14)
# Java VM: OpenJDK 64-Bit Server VM (24.51-b03 mixed mode linux-amd64 compressed oops)
# Problematic frame:
# C  [libX11.so.6+0x3ae38]  XQueryExtension+0x28
#
# Failed to write core dump. Core dumps have been disabled. To enable core dumping, try "ulimit -c unlimited" before starting Java again
#
# If you would like to submit a bug report, please include
# instructions on how to reproduce the bug and visit:
#   http://icedtea.classpath.org/bugzilla
#

---------------  T H R E A D  ---------------

Current thread (0x0000000001d7f000):  VMThread [stack: 0x00007f7ffb661000,0x00007f7ffb762000] [id=10307]

siginfo:si_signo=SIGSEGV: si_errno=0, si_code=1 (SEGV_MAPERR), si_addr=0xfffffffff424b408

Registers:
RAX=0x0000000001d075b0, RBX=0xfffffffff424aaa0, RCX=0x00007f7ffb760668, RDX=0x00007f7ffb760664
RSP=0x00007f7ffb760600, RBP=0x00007f7fe7109600, RSI=0x00007f7fe6fd0992, RDI=0xfffffffff424aaa0
R8 =0x00007f7ffb76066c, R9 =0x0000000000000000, R10=0x00007f800533f768, R11=0x00007f8004fee0d0
R12=0x00007f7fe6fd0992, R13=0x0000000001d075b0, R14=0x00007f7ff424c7f0, R15=0x00007f7ff4249a00
RIP=0x00007f7ffa0fde38, EFLAGS=0x0000000000010206, CSGSFS=0x0000000000000033, ERR=0x0000000000000005
  TRAPNO=0x000000000000000e

Top of Stack: (sp=0x00007f7ffb760600)
0x00007f7ffb760600:   0000000000000020 00007f7ffb760730
0x00007f7ffb760610:   00007f8004fc55c8 00007f8005b6b9e8
0x00007f7ffb760620:   00007f8004fc55c8 fffffffff424aaa0
0x00007f7ffb760630:   00007f7fe7109600 00007f7fe6fd0992
0x00007f7ffb760640:   0000000001d075b0 00007f7ff424c7f0
0x00007f7ffb760650:   00007f7ff4249a00 00007f7ffa0f1e72
0x00007f7ffb760660:   00007f7ff424c7f0 0000000000000000
0x00007f7ffb760670:   0000000000000000 00007f7fe7109600
0x00007f7ffb760680:   fffffffff424aaa0 00007f7ffa40b71d
0x00007f7ffb760690:   00007f7fe6fd0992 0000001104fc55c8
0x00007f7ffb7606a0:   00007f7ffb760720 0000000000000000
0x00007f7ffb7606b0:   00007f7ffb760720 fffffffff424aaa0
0x00007f7ffb7606c0:   00007f8005b90048 00007f7ff424c7f0
0x00007f7ffb7606d0:   00007f7fe7122e50 00007f7fe6f793d9
0x00007f7ffb7606e0:   0000000000000000 0000000000000063
0x00007f7ffb7606f0:   00007f7ffb760720 0000000000000000
0x00007f7ffb760700:   00007f8005b90048 00007f7ff424c7f0
0x00007f7ffb760710:   0000000000000054 00007f7fe6f6dae2
0x00007f7ffb760720:   00007f7ffb760ae0 00007f7fe6fd0911
0x00007f7ffb760730:   00007f7ffb760ae0 00007f800597e4ec
0x00007f7ffb760740:   00007f8005b911c8 00007f8005b91758
0x00007f7ffb760750:   00007f8005b6b000 0000000001d123d0
0x00007f7ffb760760:   0000000001d12ec0 0000000001d133c0
0x00007f7ffb760770:   0000000001d202a0 0000000001f32b00
0x00007f7ffb760780:   00007f7ff417f900 00007f7ff417bb90
0x00007f7ffb760790:   0000000001f5f230 0000000001f75f80
0x00007f7ffb7607a0:   00007f7ff409f4d0 00007f7ff4092400
0x00007f7ffb7607b0:   00007f7ff4091ee0 00007f7ff40a2960
0x00007f7ffb7607c0:   00007f7ff40a2450 00007f7ff40a36f0
0x00007f7ffb7607d0:   00007f7ff40a1f50 00007f7ff40919b0
0x00007f7ffb7607e0:   00007f7ff40a0540 00007f7ff40a0f70
0x00007f7ffb7607f0:   00007f7ff40a0a50 00007f7ff40a1480 

Instructions: (pc=0x00007f7ffa0fde38)
0x00007f7ffa0fde18:   24 e0 48 89 fb 4c 89 6c 24 e8 4c 89 74 24 f0 49
0x00007f7ffa0fde28:   89 f4 4c 89 7c 24 f8 48 89 6c 24 d8 48 83 ec 58
0x00007f7ffa0fde38:   48 8b 87 68 09 00 00 49 89 d7 49 89 ce 4d 89 c5
0x00007f7ffa0fde48:   48 85 c0 74 02 ff 10 ba 08 00 00 00 be 62 00 00 

Register to memory mapping:

RAX=0x0000000001d075b0 is an unknown value
RBX=0xfffffffff424aaa0 is an unknown value
RCX=0x00007f7ffb760668 is an unknown value
RDX=0x00007f7ffb760664 is an unknown value
RSP=0x00007f7ffb760600 is an unknown value
RBP=0x00007f7fe7109600: <offset 0x1cf600> in /usr/lib/x86_64-linux-gnu/libGL.so.1 at 0x00007f7fe6f3a000
RSI=0x00007f7fe6fd0992: <offset 0x96992> in /usr/lib/x86_64-linux-gnu/libGL.so.1 at 0x00007f7fe6f3a000
RDI=0xfffffffff424aaa0 is an unknown value
R8 =0x00007f7ffb76066c is an unknown value
R9 =0x0000000000000000 is an unknown value
R10=0x00007f800533f768: <offset 0x388768> in /lib/x86_64-linux-gnu/libc.so.6 at 0x00007f8004fb7000
R11=0x00007f8004fee0d0: __cxa_finalize+0 in /lib/x86_64-linux-gnu/libc.so.6 at 0x00007f8004fb7000
R12=0x00007f7fe6fd0992: <offset 0x96992> in /usr/lib/x86_64-linux-gnu/libGL.so.1 at 0x00007f7fe6f3a000
R13=0x0000000001d075b0 is an unknown value
R14=0x00007f7ff424c7f0 is an unknown value
R15=0x00007f7ff4249a00 is an unknown value


Stack: [0x00007f7ffb661000,0x00007f7ffb762000],  sp=0x00007f7ffb760600,  free space=1021k
Native frames: (J=compiled Java code, j=interpreted, Vv=VM code, C=native code)
C  [libX11.so.6+0x3ae38]  XQueryExtension+0x28

VM_Operation (0x00007f7fe7242650): Exit, mode: safepoint, requested by thread 0x00007f7ff4236800


---------------  P R O C E S S  ---------------

Java Threads: ( => current thread )
  0x00007f7fdc052800 JavaThread "AsynchExecutor-Thread" daemon [_thread_blocked, id=10326, stack(0x00007f7fe3096000,0x00007f7fe3197000)]
  0x0000000001fc3000 JavaThread "process reaper" daemon [_thread_blocked, id=10322, stack(0x00007f7ff8067000,0x00007f7ff80a0000)]
  0x00007f7ff40aa800 JavaThread "DestroyJavaVM" [_thread_blocked, id=10302, stack(0x00007f8005a66000,0x00007f8005b67000)]
  0x00007f7ff4236800 JavaThread "LWJGL Application" [_thread_blocked, id=10320, stack(0x00007f7fe7143000,0x00007f7fe7244000)]
  0x00007f7ff417a000 JavaThread "AWT-XAWT" daemon [_thread_blocked, id=10316, stack(0x00007f7fee8c3000,0x00007f7fee9c4000)]
  0x00007f7ff415b000 JavaThread "Java2D Disposer" daemon [_thread_blocked, id=10315, stack(0x00007f7fee9c4000,0x00007f7feeac5000)]
  0x0000000001db7000 JavaThread "Service Thread" daemon [_thread_blocked, id=10313, stack(0x00007f7ffaee4000,0x00007f7ffafe5000)]
  0x0000000001db4000 JavaThread "C2 CompilerThread1" daemon [_thread_blocked, id=10312, stack(0x00007f7ffafe5000,0x00007f7ffb0e6000)]
  0x0000000001db0800 JavaThread "C2 CompilerThread0" daemon [_thread_blocked, id=10311, stack(0x00007f7ffb0e6000,0x00007f7ffb1e7000)]
  0x0000000001dae800 JavaThread "Signal Dispatcher" daemon [_thread_blocked, id=10310, stack(0x00007f7ffb1e7000,0x00007f7ffb2e8000)]
  0x0000000001d85800 JavaThread "Finalizer" daemon [_thread_blocked, id=10309, stack(0x00007f7ffb45f000,0x00007f7ffb560000)]
  0x0000000001d83800 JavaThread "Reference Handler" daemon [_thread_blocked, id=10308, stack(0x00007f7ffb560000,0x00007f7ffb661000)]

Other Threads:
=>0x0000000001d7f000 VMThread [stack: 0x00007f7ffb661000,0x00007f7ffb762000] [id=10307]

VM state:at safepoint (shutting down)

VM Mutex/Monitor currently owned by a thread:  ([mutex/lock_event])
[0x0000000001d10520] Threads_lock - owner thread: 0x0000000001d7f000

Heap
 PSYoungGen      total 18432K, used 9046K [0x00000000eba80000, 0x00000000ecf00000, 0x0000000100000000)
  eden space 15872K, 41% used [0x00000000eba80000,0x00000000ec0dd098,0x00000000eca00000)
  from space 2560K, 98% used [0x00000000eca00000,0x00000000ecc78900,0x00000000ecc80000)
  to   space 2560K, 0% used [0x00000000ecc80000,0x00000000ecc80000,0x00000000ecf00000)
 ParOldGen       total 41472K, used 2135K [0x00000000c3000000, 0x00000000c5880000, 0x00000000eba80000)
  object space 41472K, 5% used [0x00000000c3000000,0x00000000c3215f30,0x00000000c5880000)
 PSPermGen       total 21504K, used 9852K [0x00000000b8a00000, 0x00000000b9f00000, 0x00000000c3000000)
  object space 21504K, 45% used [0x00000000b8a00000,0x00000000b939f1a8,0x00000000b9f00000)

Card table byte_map: [0x00007f7fff58e000,0x00007f7fff7ca000] byte_map_base: 0x00007f7ffefc9000

Polling page: 0x00007f8005b8c000

Code Cache  [0x00007f7fff7ca000, 0x00007f7fffa3a000, 0x00007f80027ca000)
 total_blobs=636 nmethods=122 adapters=468 free_code_cache=48329Kb largest_free_block=49470784

Compilation events (10 events):
Event: 10.596 Thread 0x0000000001db4000 nmethod 114 0x00007f7fff87c910 code [0x00007f7fff87ca60, 0x00007f7fff87cb38]
Event: 10.596 Thread 0x0000000001db0800 nmethod 113 0x00007f7fff87c590 code [0x00007f7fff87c6e0, 0x00007f7fff87c7b8]
Event: 10.778 Thread 0x0000000001db4000  115             com.badlogic.gdx.math.Frustum::update (263 bytes)
Event: 10.803 Thread 0x0000000001db4000 nmethod 115 0x00007f7fff88fa10 code [0x00007f7fff88fc80, 0x00007f7fff890b88]
Event: 11.245 Thread 0x0000000001db0800  120             com.badlogic.gdx.scenes.scene2d.ui.Button::draw (305 bytes)
Event: 11.281 Thread 0x0000000001db0800 nmethod 120 0x00007f7fff8981d0 code [0x00007f7fff8985c0, 0x00007f7fff899970]
Event: 11.379 Thread 0x0000000001db4000  121             java.util.concurrent.locks.AbstractQueuedSynchronizer::getState (5 bytes)
Event: 11.379 Thread 0x0000000001db4000 nmethod 121 0x00007f7fff889190 code [0x00007f7fff8892c0, 0x00007f7fff889318]
Event: 11.595 Thread 0x0000000001db0800  122             org.lwjgl.opengl.Display::getWidth (30 bytes)
Event: 11.597 Thread 0x0000000001db0800 nmethod 122 0x00007f7fff8842d0 code [0x00007f7fff884420, 0x00007f7fff8846f8]

GC Heap History (2 events):
Event: 1.669 GC heap before
{Heap before GC invocations=1 (full 0):
 PSYoungGen      total 18432K, used 15872K [0x00000000eba80000, 0x00000000ecf00000, 0x0000000100000000)
  eden space 15872K, 100% used [0x00000000eba80000,0x00000000eca00000,0x00000000eca00000)
  from space 2560K, 0% used [0x00000000ecc80000,0x00000000ecc80000,0x00000000ecf00000)
  to   space 2560K, 0% used [0x00000000eca00000,0x00000000eca00000,0x00000000ecc80000)
 ParOldGen       total 41472K, used 0K [0x00000000c3000000, 0x00000000c5880000, 0x00000000eba80000)
  object space 41472K, 0% used [0x00000000c3000000,0x00000000c3000000,0x00000000c5880000)
 PSPermGen       total 21504K, used 9279K [0x00000000b8a00000, 0x00000000b9f00000, 0x00000000c3000000)
  object space 21504K, 43% used [0x00000000b8a00000,0x00000000b930ff20,0x00000000b9f00000)
Event: 1.684 GC heap after
Heap after GC invocations=1 (full 0):
 PSYoungGen      total 18432K, used 2530K [0x00000000eba80000, 0x00000000ecf00000, 0x0000000100000000)
  eden space 15872K, 0% used [0x00000000eba80000,0x00000000eba80000,0x00000000eca00000)
  from space 2560K, 98% used [0x00000000eca00000,0x00000000ecc78900,0x00000000ecc80000)
  to   space 2560K, 0% used [0x00000000ecc80000,0x00000000ecc80000,0x00000000ecf00000)
 ParOldGen       total 41472K, used 2135K [0x00000000c3000000, 0x00000000c5880000, 0x00000000eba80000)
  object space 41472K, 5% used [0x00000000c3000000,0x00000000c3215f30,0x00000000c5880000)
 PSPermGen       total 21504K, used 9279K [0x00000000b8a00000, 0x00000000b9f00000, 0x00000000c3000000)
  object space 21504K, 43% used [0x00000000b8a00000,0x00000000b930ff20,0x00000000b9f00000)
}

Deoptimization events (5 events):
Event: 0.232 Thread 0x0000000001d14000 Uncommon trap: reason=class_check action=maybe_recompile pc=0x00007f7fff82f2c0 method=java.util.Properties$LineReader.readLine()I @ 62
Event: 7.697 Thread 0x00007f7ff4236800 Uncommon trap: reason=unreached action=reinterpret pc=0x00007f7fff874f04 method=com.badlogic.gdx.scenes.scene2d.Stage.act(F)V @ 32
Event: 9.522 Thread 0x00007f7ff4236800 Uncommon trap: reason=bimorphic action=maybe_recompile pc=0x00007f7fff888ba0 method=com.badlogic.gdx.scenes.scene2d.ui.WidgetGroup.validate()V @ 114
Event: 9.522 Thread 0x00007f7ff4236800 Uncommon trap: reason=bimorphic action=maybe_recompile pc=0x00007f7fff888ba0 method=com.badlogic.gdx.scenes.scene2d.ui.WidgetGroup.validate()V @ 114
Event: 9.522 Thread 0x00007f7ff4236800 Uncommon trap: reason=bimorphic action=maybe_recompile pc=0x00007f7fff888ba0 method=com.badlogic.gdx.scenes.scene2d.ui.WidgetGroup.validate()V @ 114

Internal exceptions (10 events):
Event: 7.195 Thread 0x00007f7ff4236800 Threw 0x00000000ebfdcc48 at /build/openjdk-7-kBcQ8a/openjdk-7-7u55-2.4.7/build/openjdk/hotspot/src/share/vm/prims/jvm.cpp:1244
Event: 7.679 Thread 0x00007f7ff4236800 Threw 0x00000000ec001f40 at /build/openjdk-7-kBcQ8a/openjdk-7-7u55-2.4.7/build/openjdk/hotspot/src/share/vm/prims/jvm.cpp:1244
Event: 7.679 Thread 0x00007f7ff4236800 Threw 0x00000000ec007da8 at /build/openjdk-7-kBcQ8a/openjdk-7-7u55-2.4.7/build/openjdk/hotspot/src/share/vm/prims/jvm.cpp:1244
Event: 7.680 Thread 0x00007f7ff4236800 Threw 0x00000000ec00b7a8 at /build/openjdk-7-kBcQ8a/openjdk-7-7u55-2.4.7/build/openjdk/hotspot/src/share/vm/prims/jvm.cpp:1244
Event: 9.512 Thread 0x00007f7ff4236800 Threw 0x00000000ec0218a8 at /build/openjdk-7-kBcQ8a/openjdk-7-7u55-2.4.7/build/openjdk/hotspot/src/share/vm/prims/jvm.cpp:1244
Event: 9.513 Thread 0x00007f7ff4236800 Threw 0x00000000ec026a38 at /build/openjdk-7-kBcQ8a/openjdk-7-7u55-2.4.7/build/openjdk/hotspot/src/share/vm/prims/jvm.cpp:1244
Event: 9.514 Thread 0x00007f7ff4236800 Threw 0x00000000ec02bb68 at /build/openjdk-7-kBcQ8a/openjdk-7-7u55-2.4.7/build/openjdk/hotspot/src/share/vm/prims/jvm.cpp:1244
Event: 11.628 Thread 0x00007f7ff4236800 Threw 0x00000000ec0841f0 at /build/openjdk-7-kBcQ8a/openjdk-7-7u55-2.4.7/build/openjdk/hotspot/src/share/vm/prims/jvm.cpp:1244
Event: 11.636 Thread 0x00007f7ff4236800 Threw 0x00000000ec0889d0 at /build/openjdk-7-kBcQ8a/openjdk-7-7u55-2.4.7/build/openjdk/hotspot/src/share/vm/prims/jvm.cpp:1244
Event: 11.642 Thread 0x00007f7ff4236800 Threw 0x00000000ec08dd70 at /build/openjdk-7-kBcQ8a/openjdk-7-7u55-2.4.7/build/openjdk/hotspot/src/share/vm/prims/jvm.cpp:1244

Events (10 events):
Event: 11.802 loading class 0x00007f7ff407cb60 done
Event: 11.802 Thread 0x00007f7fdc04c000 Thread added: 0x00007f7fdc04c000
Event: 11.802 loading class 0x000000000203c890
Event: 11.802 loading class 0x00007f7ff40f00e0
Event: 11.802 loading class 0x00007f7ff40f00e0 done
Event: 11.803 loading class 0x00007f7ff40f0110
Event: 11.803 loading class 0x00007f7ff40f0110 done
Event: 11.803 loading class 0x000000000203c890 done
Event: 11.806 Thread 0x00007f7fdc04c000 Thread exited: 0x00007f7fdc04c000
Event: 11.806 Executing VM operation: Exit


Dynamic libraries:
00400000-00401000 r-xp 00000000 08:03 3934148                            /usr/lib/jvm/java-7-openjdk-amd64/jre/bin/java
00600000-00601000 r--p 00000000 08:03 3934148                            /usr/lib/jvm/java-7-openjdk-amd64/jre/bin/java
00601000-00602000 rw-p 00001000 08:03 3934148                            /usr/lib/jvm/java-7-openjdk-amd64/jre/bin/java
01d05000-03000000 rw-p 00000000 00:00 0                                  [heap]
b8a00000-b9f00000 rw-p 00000000 00:00 0 
b9f00000-c3000000 rw-p 00000000 00:00 0 
c3000000-c5880000 rw-p 00000000 00:00 0 
c5880000-eba80000 rw-p 00000000 00:00 0 
eba80000-ecf00000 rw-p 00000000 00:00 0 
ecf00000-100000000 rw-p 00000000 00:00 0 
7f7fdc000000-7f7fdf654000 rw-p 00000000 00:00 0 
7f7fdf654000-7f7fe0000000 ---p 00000000 00:00 0 
7f7fe3096000-7f7fe3099000 ---p 00000000 00:00 0 
7f7fe3099000-7f7fe3197000 rw-p 00000000 00:00 0 
7f7fe3197000-7f7fe3198000 ---p 00000000 00:00 0 
7f7fe3198000-7f7fe3998000 rw-p 00000000 00:00 0 
7f7fe3998000-7f7fe3999000 ---p 00000000 00:00 0 
7f7fe3999000-7f7fe4199000 rw-p 00000000 00:00 0 
7f7fe42e5000-7f7fe49e5000 rw-s 00006000 00:05 8297                       /dev/ati/card0
7f7fe49e5000-7f7fe4a62000 rw-p 00000000 00:00 0 
7f7fe4a62000-7f7fe4a9f000 r-xp 00000000 08:03 4201336                    /usr/lib/x86_64-linux-gnu/libatiadlxx.so
7f7fe4a9f000-7f7fe4b9e000 ---p 0003d000 08:03 4201336                    /usr/lib/x86_64-linux-gnu/libatiadlxx.so
7f7fe4b9e000-7f7fe4ba8000 rw-p 0003c000 08:03 4201336                    /usr/lib/x86_64-linux-gnu/libatiadlxx.so
7f7fe4ba8000-7f7fe4bb8000 rw-p 00000000 00:00 0 
7f7fe4bb8000-7f7fe4bbf000 r-xp 00000000 08:03 4201328                    /usr/lib/x86_64-linux-gnu/libatiuki.so.1.0
7f7fe4bbf000-7f7fe4cbf000 ---p 00007000 08:03 4201328                    /usr/lib/x86_64-linux-gnu/libatiuki.so.1.0
7f7fe4cbf000-7f7fe4cc0000 rw-p 00007000 08:03 4201328                    /usr/lib/x86_64-linux-gnu/libatiuki.so.1.0
7f7fe4cc0000-7f7fe4cc1000 rw-p 00000000 00:00 0 
7f7fe4cc1000-7f7fe6bb9000 r-xp 00000000 08:03 4201338                    /usr/lib/x86_64-linux-gnu/dri/fglrx_dri.so
7f7fe6bb9000-7f7fe6cb8000 ---p 01ef8000 08:03 4201338                    /usr/lib/x86_64-linux-gnu/dri/fglrx_dri.so
7f7fe6cb8000-7f7fe6e16000 rwxp 01ef7000 08:03 4201338                    /usr/lib/x86_64-linux-gnu/dri/fglrx_dri.so
7f7fe6e16000-7f7fe6f3a000 rwxp 00000000 00:00 0 
7f7fe6f3a000-7f7fe6ffd000 r-xp 00000000 08:03 4201341                    /usr/lib/x86_64-linux-gnu/fglrx/fglrx-libGL.so.1.2
7f7fe6ffd000-7f7fe70fc000 ---p 000c3000 08:03 4201341                    /usr/lib/x86_64-linux-gnu/fglrx/fglrx-libGL.so.1.2
7f7fe70fc000-7f7fe7123000 rwxp 000c2000 08:03 4201341                    /usr/lib/x86_64-linux-gnu/fglrx/fglrx-libGL.so.1.2
7f7fe7123000-7f7fe7143000 rwxp 00000000 00:00 0 
7f7fe7143000-7f7fe7146000 ---p 00000000 00:00 0 
7f7fe7146000-7f7fe7244000 rw-p 00000000 00:00 0 
7f7fe7244000-7f7fe7247000 ---p 00000000 00:00 0 
7f7fe7247000-7f7fe7345000 rw-p 00000000 00:00 0 
7f7feb346000-7f7feb347000 ---p 00000000 00:00 0 
7f7feb347000-7f7febb47000 rw-p 00000000 00:00 0 
7f7febb47000-7f7febb4d000 r-xp 00000000 08:03 4200289                    /usr/lib/x86_64-linux-gnu/libogg.so.0.8.0
7f7febb4d000-7f7febd4c000 ---p 00006000 08:03 4200289                    /usr/lib/x86_64-linux-gnu/libogg.so.0.8.0
7f7febd4c000-7f7febd4d000 rw-p 00005000 08:03 4200289                    /usr/lib/x86_64-linux-gnu/libogg.so.0.8.0
7f7febd4d000-7f7febd79000 r-xp 00000000 08:03 4200496                    /usr/lib/x86_64-linux-gnu/libvorbis.so.0.4.5
7f7febd79000-7f7febf78000 ---p 0002c000 08:03 4200496                    /usr/lib/x86_64-linux-gnu/libvorbis.so.0.4.5
7f7febf78000-7f7febf79000 r--p 0002b000 08:03 4200496                    /usr/lib/x86_64-linux-gnu/libvorbis.so.0.4.5
7f7febf79000-7f7febf7a000 rw-p 0002c000 08:03 4200496                    /usr/lib/x86_64-linux-gnu/libvorbis.so.0.4.5
7f7febf7a000-7f7fec22d000 r-xp 00000000 08:03 4200498                    /usr/lib/x86_64-linux-gnu/libvorbisenc.so.2.0.8
7f7fec22d000-7f7fec42c000 ---p 002b3000 08:03 4200498                    /usr/lib/x86_64-linux-gnu/libvorbisenc.so.2.0.8
7f7fec42c000-7f7fec448000 r--p 002b2000 08:03 4200498                    /usr/lib/x86_64-linux-gnu/libvorbisenc.so.2.0.8
7f7fec448000-7f7fec449000 rw-p 002ce000 08:03 4200498                    /usr/lib/x86_64-linux-gnu/libvorbisenc.so.2.0.8
7f7fec449000-7f7fec494000 r-xp 00000000 08:03 4199700                    /usr/lib/x86_64-linux-gnu/libFLAC.so.8.2.0
7f7fec494000-7f7fec693000 ---p 0004b000 08:03 4199700                    /usr/lib/x86_64-linux-gnu/libFLAC.so.8.2.0
7f7fec693000-7f7fec694000 r--p 0004a000 08:03 4199700                    /usr/lib/x86_64-linux-gnu/libFLAC.so.8.2.0
7f7fec694000-7f7fec695000 rw-p 0004b000 08:03 4199700                    /usr/lib/x86_64-linux-gnu/libFLAC.so.8.2.0
7f7fec695000-7f7fec699000 r-xp 00000000 08:03 12190707                   /lib/x86_64-linux-gnu/libuuid.so.1.3.0
7f7fec699000-7f7fec898000 ---p 00004000 08:03 12190707                   /lib/x86_64-linux-gnu/libuuid.so.1.3.0
7f7fec898000-7f7fec899000 r--p 00003000 08:03 12190707                   /lib/x86_64-linux-gnu/libuuid.so.1.3.0
7f7fec899000-7f7fec89a000 rw-p 00004000 08:03 12190707                   /lib/x86_64-linux-gnu/libuuid.so.1.3.0
7f7fec89a000-7f7fec89e000 r-xp 00000000 08:03 12190559                   /lib/x86_64-linux-gnu/libattr.so.1.1.0
7f7fec89e000-7f7feca9d000 ---p 00004000 08:03 12190559                   /lib/x86_64-linux-gnu/libattr.so.1.1.0
7f7feca9d000-7f7feca9e000 r--p 00003000 08:03 12190559                   /lib/x86_64-linux-gnu/libattr.so.1.1.0
7f7feca9e000-7f7feca9f000 rw-p 00004000 08:03 12190559                   /lib/x86_64-linux-gnu/libattr.so.1.1.0
7f7feca9f000-7f7fecaa4000 r-xp 00000000 08:03 4199797                    /usr/lib/x86_64-linux-gnu/libasyncns.so.0.3.1
7f7fecaa4000-7f7fecca3000 ---p 00005000 08:03 4199797                    /usr/lib/x86_64-linux-gnu/libasyncns.so.0.3.1
7f7fecca3000-7f7fecca4000 rw-p 00004000 08:03 4199797                    /usr/lib/x86_64-linux-gnu/libasyncns.so.0.3.1
7f7fecca4000-7f7fecd05000 r-xp 00000000 08:03 4200411                    /usr/lib/x86_64-linux-gnu/libsndfile.so.1.0.25
7f7fecd05000-7f7fecf04000 ---p 00061000 08:03 4200411                    /usr/lib/x86_64-linux-gnu/libsndfile.so.1.0.25
7f7fecf04000-7f7fecf06000 r--p 00060000 08:03 4200411                    /usr/lib/x86_64-linux-gnu/libsndfile.so.1.0.25
7f7fecf06000-7f7fecf07000 rw-p 00062000 08:03 4200411                    /usr/lib/x86_64-linux-gnu/libsndfile.so.1.0.25
7f7fecf07000-7f7fecf0b000 rw-p 00000000 00:00 0 
7f7fecf0b000-7f7fecf14000 r-xp 00000000 08:03 12190709                   /lib/x86_64-linux-gnu/libwrap.so.0.7.6
7f7fecf14000-7f7fed113000 ---p 00009000 08:03 12190709                   /lib/x86_64-linux-gnu/libwrap.so.0.7.6
7f7fed113000-7f7fed114000 r--p 00008000 08:03 12190709                   /lib/x86_64-linux-gnu/libwrap.so.0.7.6
7f7fed114000-7f7fed115000 rw-p 00009000 08:03 12190709                   /lib/x86_64-linux-gnu/libwrap.so.0.7.6
7f7fed115000-7f7fed116000 rw-p 00000000 00:00 0 
7f7fed116000-7f7fed11d000 r-xp 00000000 08:03 4199720                    /usr/lib/x86_64-linux-gnu/libSM.so.6.0.1
7f7fed11d000-7f7fed31c000 ---p 00007000 08:03 4199720                    /usr/lib/x86_64-linux-gnu/libSM.so.6.0.1
7f7fed31c000-7f7fed31d000 rw-p 00006000 08:03 4199720                    /usr/lib/x86_64-linux-gnu/libSM.so.6.0.1
7f7fed31d000-7f7fed334000 r-xp 00000000 08:03 4199710                    /usr/lib/x86_64-linux-gnu/libICE.so.6.3.0
7f7fed334000-7f7fed533000 ---p 00017000 08:03 4199710                    /usr/lib/x86_64-linux-gnu/libICE.so.6.3.0
7f7fed533000-7f7fed535000 rw-p 00016000 08:03 4199710                    /usr/lib/x86_64-linux-gnu/libICE.so.6.3.0
7f7fed535000-7f7fed538000 rw-p 00000000 00:00 0 
7f7fed538000-7f7fed539000 r-xp 00000000 08:03 4199726                    /usr/lib/x86_64-linux-gnu/libX11-xcb.so.1.0.0
7f7fed539000-7f7fed738000 ---p 00001000 08:03 4199726                    /usr/lib/x86_64-linux-gnu/libX11-xcb.so.1.0.0
7f7fed738000-7f7fed739000 rw-p 00000000 08:03 4199726                    /usr/lib/x86_64-linux-gnu/libX11-xcb.so.1.0.0
7f7fed739000-7f7fed73d000 r-xp 00000000 08:03 12190572                   /lib/x86_64-linux-gnu/libcap.so.2.22
7f7fed73d000-7f7fed93c000 ---p 00004000 08:03 12190572                   /lib/x86_64-linux-gnu/libcap.so.2.22
7f7fed93c000-7f7fed93d000 rw-p 00003000 08:03 12190572                   /lib/x86_64-linux-gnu/libcap.so.2.22
7f7fed93d000-7f7fed99e000 r-xp 00000000 08:03 4325923                    /usr/lib/x86_64-linux-gnu/pulseaudio/libpulsecommon-2.0.so
7f7fed99e000-7f7fedb9d000 ---p 00061000 08:03 4325923                    /usr/lib/x86_64-linux-gnu/pulseaudio/libpulsecommon-2.0.so
7f7fedb9d000-7f7fedb9e000 r--p 00060000 08:03 4325923                    /usr/lib/x86_64-linux-gnu/pulseaudio/libpulsecommon-2.0.so
7f7fedb9e000-7f7fedba0000 rw-p 00061000 08:03 4325923                    /usr/lib/x86_64-linux-gnu/pulseaudio/libpulsecommon-2.0.so
7f7fedba0000-7f7fedba9000 r-xp 00000000 08:03 12190608                   /lib/x86_64-linux-gnu/libjson.so.0.1.0
7f7fedba9000-7f7fedda8000 ---p 00009000 08:03 12190608                   /lib/x86_64-linux-gnu/libjson.so.0.1.0
7f7fedda8000-7f7fedda9000 r--p 00008000 08:03 12190608                   /lib/x86_64-linux-gnu/libjson.so.0.1.0
7f7fedda9000-7f7feddaa000 rw-p 00009000 08:03 12190608                   /lib/x86_64-linux-gnu/libjson.so.0.1.0
7f7feddaa000-7f7feddf3000 r-xp 00000000 08:03 4200364                    /usr/lib/x86_64-linux-gnu/libpulse.so.0.14.2
7f7feddf3000-7f7fedff2000 ---p 00049000 08:03 4200364                    /usr/lib/x86_64-linux-gnu/libpulse.so.0.14.2
7f7fedff2000-7f7fedff3000 r--p 00048000 08:03 4200364                    /usr/lib/x86_64-linux-gnu/libpulse.so.0.14.2
7f7fedff3000-7f7fedff4000 rw-p 00049000 08:03 4200364                    /usr/lib/x86_64-linux-gnu/libpulse.so.0.14.2
7f7fee24d000-7f7fee251000 r-xp 00000000 08:03 4199775                    /usr/lib/x86_64-linux-gnu/libXxf86vm.so.1.0.0
7f7fee251000-7f7fee451000 ---p 00004000 08:03 4199775                    /usr/lib/x86_64-linux-gnu/libXxf86vm.so.1.0.0
7f7fee451000-7f7fee452000 r--p 00004000 08:03 4199775                    /usr/lib/x86_64-linux-gnu/libXxf86vm.so.1.0.0
7f7fee452000-7f7fee453000 rw-p 00005000 08:03 4199775                    /usr/lib/x86_64-linux-gnu/libXxf86vm.so.1.0.0
7f7fee453000-7f7fee4bf000 r-xp 00000000 08:01 300856                     /media/winDisk/Users/ChobeDucket/Documents/sheep/android/assets/.temp/7b43be9b/liblwjgl64.so
7f7fee4bf000-7f7fee6be000 ---p 0006c000 08:01 300856                     /media/winDisk/Users/ChobeDucket/Documents/sheep/android/assets/.temp/7b43be9b/liblwjgl64.so
7f7fee6be000-7f7fee6c0000 r--p 0006b000 08:01 300856                     /media/winDisk/Users/ChobeDucket/Documents/sheep/android/assets/.temp/7b43be9b/liblwjgl64.so
7f7fee6c0000-7f7fee6c1000 rw-p 0006d000 08:01 300856                     /media/winDisk/Users/ChobeDucket/Documents/sheep/android/assets/.temp/7b43be9b/liblwjgl64.so
7f7fee6c1000-7f7fee6c2000 r-xp 00000000 08:03 3934229                    /usr/lib/jvm/java-7-openjdk-amd64/jre/lib/amd64/libjawt.so
7f7fee6c2000-7f7fee8c1000 ---p 00001000 08:03 3934229                    /usr/lib/jvm/java-7-openjdk-amd64/jre/lib/amd64/libjawt.so
7f7fee8c1000-7f7fee8c2000 r--p 00000000 08:03 3934229                    /usr/lib/jvm/java-7-openjdk-amd64/jre/lib/amd64/libjawt.so
7f7fee8c2000-7f7fee8c3000 rw-p 00001000 08:03 3934229                    /usr/lib/jvm/java-7-openjdk-amd64/jre/lib/amd64/libjawt.so
7f7fee8c3000-7f7fee8c6000 ---p 00000000 00:00 0 
7f7fee8c6000-7f7fee9c4000 rw-p 00000000 00:00 0 
7f7fee9c4000-7f7fee9c7000 ---p 00000000 00:00 0 
7f7fee9c7000-7f7feeac5000 rw-p 00000000 00:00 0 
7f7feeac5000-7f7feeac8000 r-xp 00000000 08:03 12190599                   /lib/x86_64-linux-gnu/libgpg-error.so.0.8.0
7f7feeac8000-7f7feecc7000 ---p 00003000 08:03 12190599                   /lib/x86_64-linux-gnu/libgpg-error.so.0.8.0
7f7feecc7000-7f7feecc8000 rw-p 00002000 08:03 12190599                   /lib/x86_64-linux-gnu/libgpg-error.so.0.8.0
7f7feecc8000-7f7feed0c000 r-xp 00000000 08:03 12190580                   /lib/x86_64-linux-gnu/libdbus-1.so.3.7.2
7f7feed0c000-7f7feef0c000 ---p 00044000 08:03 12190580                   /lib/x86_64-linux-gnu/libdbus-1.so.3.7.2
7f7feef0c000-7f7feef0d000 r--p 00044000 08:03 12190580                   /lib/x86_64-linux-gnu/libdbus-1.so.3.7.2
7f7feef0d000-7f7feef0e000 rw-p 00045000 08:03 12190580                   /lib/x86_64-linux-gnu/libdbus-1.so.3.7.2
7f7feef0e000-7f7feef1f000 r-xp 00000000 08:03 4200305                    /usr/lib/x86_64-linux-gnu/libp11-kit.so.0.0.0
7f7feef1f000-7f7fef11e000 ---p 00011000 08:03 4200305                    /usr/lib/x86_64-linux-gnu/libp11-kit.so.0.0.0
7f7fef11e000-7f7fef11f000 r--p 00010000 08:03 4200305                    /usr/lib/x86_64-linux-gnu/libp11-kit.so.0.0.0
7f7fef11f000-7f7fef120000 rw-p 00011000 08:03 4200305                    /usr/lib/x86_64-linux-gnu/libp11-kit.so.0.0.0
7f7fef120000-7f7fef19a000 r-xp 00000000 08:03 12190595                   /lib/x86_64-linux-gnu/libgcrypt.so.11.7.0
7f7fef19a000-7f7fef39a000 ---p 0007a000 08:03 12190595                   /lib/x86_64-linux-gnu/libgcrypt.so.11.7.0
7f7fef39a000-7f7fef39b000 r--p 0007a000 08:03 12190595                   /lib/x86_64-linux-gnu/libgcrypt.so.11.7.0
7f7fef39b000-7f7fef39e000 rw-p 0007b000 08:03 12190595                   /lib/x86_64-linux-gnu/libgcrypt.so.11.7.0
7f7fef39e000-7f7fef3ae000 r-xp 00000000 08:03 4200448                    /usr/lib/x86_64-linux-gnu/libtasn1.so.3.1.16
7f7fef3ae000-7f7fef5ad000 ---p 00010000 08:03 4200448                    /usr/lib/x86_64-linux-gnu/libtasn1.so.3.1.16
7f7fef5ad000-7f7fef5ae000 r--p 0000f000 08:03 4200448                    /usr/lib/x86_64-linux-gnu/libtasn1.so.3.1.16
7f7fef5ae000-7f7fef5af000 rw-p 00010000 08:03 4200448                    /usr/lib/x86_64-linux-gnu/libtasn1.so.3.1.16
7f7fef5af000-7f7fef5b2000 r-xp 00000000 08:03 12190610                   /lib/x86_64-linux-gnu/libkeyutils.so.1.4
7f7fef5b2000-7f7fef7b1000 ---p 00003000 08:03 12190610                   /lib/x86_64-linux-gnu/libkeyutils.so.1.4
7f7fef7b1000-7f7fef7b2000 r--p 00002000 08:03 12190610                   /lib/x86_64-linux-gnu/libkeyutils.so.1.4
7f7fef7b2000-7f7fef7b3000 rw-p 00003000 08:03 12190610                   /lib/x86_64-linux-gnu/libkeyutils.so.1.4
7f7fef7b3000-7f7fef7bb000 r-xp 00000000 08:03 4200208                    /usr/lib/x86_64-linux-gnu/libkrb5support.so.0.1
7f7fef7bb000-7f7fef9ba000 ---p 00008000 08:03 4200208                    /usr/lib/x86_64-linux-gnu/libkrb5support.so.0.1
7f7fef9ba000-7f7fef9bb000 r--p 00007000 08:03 4200208                    /usr/lib/x86_64-linux-gnu/libkrb5support.so.0.1
7f7fef9bb000-7f7fef9bc000 rw-p 00008000 08:03 4200208                    /usr/lib/x86_64-linux-gnu/libkrb5support.so.0.1
7f7fef9bc000-7f7fef9bf000 r-xp 00000000 08:03 12190576                   /lib/x86_64-linux-gnu/libcom_err.so.2.1
7f7fef9bf000-7f7fefbbe000 ---p 00003000 08:03 12190576                   /lib/x86_64-linux-gnu/libcom_err.so.2.1
7f7fefbbe000-7f7fefbbf000 r--p 00002000 08:03 12190576                   /lib/x86_64-linux-gnu/libcom_err.so.2.1
7f7fefbbf000-7f7fefbc0000 rw-p 00003000 08:03 12190576                   /lib/x86_64-linux-gnu/libcom_err.so.2.1
7f7fefbc0000-7f7fefbe6000 r-xp 00000000 08:03 4200198                    /usr/lib/x86_64-linux-gnu/libk5crypto.so.3.1
7f7fefbe6000-7f7fefde6000 ---p 00026000 08:03 4200198                    /usr/lib/x86_64-linux-gnu/libk5crypto.so.3.1
7f7fefde6000-7f7fefde7000 r--p 00026000 08:03 4200198                    /usr/lib/x86_64-linux-gnu/libk5crypto.so.3.1
7f7fefde7000-7f7fefde8000 rw-p 00027000 08:03 4200198                    /usr/lib/x86_64-linux-gnu/libk5crypto.so.3.1
7f7fefde8000-7f7fefde9000 rw-p 00000000 00:00 0 
7f7fefde9000-7f7fefeb2000 r-xp 00000000 08:03 4200206                    /usr/lib/x86_64-linux-gnu/libkrb5.so.3.3
7f7fefeb2000-7f7ff00b1000 ---p 000c9000 08:03 4200206                    /usr/lib/x86_64-linux-gnu/libkrb5.so.3.3
7f7ff00b1000-7f7ff00bb000 r--p 000c8000 08:03 4200206                    /usr/lib/x86_64-linux-gnu/libkrb5.so.3.3
7f7ff00bb000-7f7ff00bd000 rw-p 000d2000 08:03 4200206                    /usr/lib/x86_64-linux-gnu/libkrb5.so.3.3
7f7ff00bd000-7f7ff00c2000 r-xp 00000000 08:03 4199743                    /usr/lib/x86_64-linux-gnu/libXdmcp.so.6.0.0
7f7ff00c2000-7f7ff02c1000 ---p 00005000 08:03 4199743                    /usr/lib/x86_64-linux-gnu/libXdmcp.so.6.0.0
7f7ff02c1000-7f7ff02c2000 rw-p 00004000 08:03 4199743                    /usr/lib/x86_64-linux-gnu/libXdmcp.so.6.0.0
7f7ff02c2000-7f7ff02c4000 r-xp 00000000 08:03 4199732                    /usr/lib/x86_64-linux-gnu/libXau.so.6.0.0
7f7ff02c4000-7f7ff04c4000 ---p 00002000 08:03 4199732                    /usr/lib/x86_64-linux-gnu/libXau.so.6.0.0
7f7ff04c4000-7f7ff04c5000 rw-p 00002000 08:03 4199732                    /usr/lib/x86_64-linux-gnu/libXau.so.6.0.0
7f7ff04c5000-7f7ff04d5000 r-xp 00000000 08:03 4199807                    /usr/lib/x86_64-linux-gnu/libavahi-client.so.3.2.9
7f7ff04d5000-7f7ff06d4000 ---p 00010000 08:03 4199807                    /usr/lib/x86_64-linux-gnu/libavahi-client.so.3.2.9
7f7ff06d4000-7f7ff06d5000 r--p 0000f000 08:03 4199807                    /usr/lib/x86_64-linux-gnu/libavahi-client.so.3.2.9
7f7ff06d5000-7f7ff06d6000 rw-p 00010000 08:03 4199807                    /usr/lib/x86_64-linux-gnu/libavahi-client.so.3.2.9
7f7ff06d6000-7f7ff06e2000 r-xp 00000000 08:03 4199809                    /usr/lib/x86_64-linux-gnu/libavahi-common.so.3.5.3
7f7ff06e2000-7f7ff08e1000 ---p 0000c000 08:03 4199809                    /usr/lib/x86_64-linux-gnu/libavahi-common.so.3.5.3
7f7ff08e1000-7f7ff08e2000 r--p 0000b000 08:03 4199809                    /usr/lib/x86_64-linux-gnu/libavahi-common.so.3.5.3
7f7ff08e2000-7f7ff08e3000 rw-p 0000c000 08:03 4199809                    /usr/lib/x86_64-linux-gnu/libavahi-common.so.3.5.3
7f7ff08e3000-7f7ff099c000 r-xp 00000000 08:03 4200060                    /usr/lib/x86_64-linux-gnu/libgnutls.so.26.22.4
7f7ff099c000-7f7ff0b9b000 ---p 000b9000 08:03 4200060                    /usr/lib/x86_64-linux-gnu/libgnutls.so.26.22.4
7f7ff0b9b000-7f7ff0ba1000 r--p 000b8000 08:03 4200060                    /usr/lib/x86_64-linux-gnu/libgnutls.so.26.22.4
7f7ff0ba1000-7f7ff0ba3000 rw-p 000be000 08:03 4200060                    /usr/lib/x86_64-linux-gnu/libgnutls.so.26.22.4
7f7ff0ba3000-7f7ff0bdf000 r-xp 00000000 08:03 4200085                    /usr/lib/x86_64-linux-gnu/libgssapi_krb5.so.2.2
7f7ff0bdf000-7f7ff0ddf000 ---p 0003c000 08:03 4200085                    /usr/lib/x86_64-linux-gnu/libgssapi_krb5.so.2.2
7f7ff0ddf000-7f7ff0de0000 r--p 0003c000 08:03 4200085                    /usr/lib/x86_64-linux-gnu/libgssapi_krb5.so.2.2
7f7ff0de0000-7f7ff0de2000 rw-p 0003d000 08:03 4200085                    /usr/lib/x86_64-linux-gnu/libgssapi_krb5.so.2.2
7f7ff0de2000-7f7ff0e1e000 r-xp 00000000 08:03 12190663                   /lib/x86_64-linux-gnu/libpcre.so.3.13.1
7f7ff0e1e000-7f7ff101e000 ---p 0003c000 08:03 12190663                   /lib/x86_64-linux-gnu/libpcre.so.3.13.1
7f7ff101e000-7f7ff101f000 rw-p 0003c000 08:03 12190663                   /lib/x86_64-linux-gnu/libpcre.so.3.13.1
7f7ff101f000-7f7ff102b000 r-xp 00000000 08:03 4199961                    /usr/lib/x86_64-linux-gnu/libffi.so.5.0.10
7f7ff102b000-7f7ff122b000 ---p 0000c000 08:03 4199961                    /usr/lib/x86_64-linux-gnu/libffi.so.5.0.10
7f7ff122b000-7f7ff122c000 rw-p 0000c000 08:03 4199961                    /usr/lib/x86_64-linux-gnu/libffi.so.5.0.10
7f7ff122c000-7f7ff1253000 r-xp 00000000 08:03 12190588                   /lib/x86_64-linux-gnu/libexpat.so.1.6.0
7f7ff1253000-7f7ff1453000 ---p 00027000 08:03 12190588                   /lib/x86_64-linux-gnu/libexpat.so.1.6.0
7f7ff1453000-7f7ff1455000 r--p 00027000 08:03 12190588                   /lib/x86_64-linux-gnu/libexpat.so.1.6.0
7f7ff1455000-7f7ff1456000 rw-p 00029000 08:03 12190588                   /lib/x86_64-linux-gnu/libexpat.so.1.6.0
7f7ff1456000-7f7ff145e000 r-xp 00000000 08:03 4200521                    /usr/lib/x86_64-linux-gnu/libxcb-render.so.0.0.0
7f7ff145e000-7f7ff165e000 ---p 00008000 08:03 4200521                    /usr/lib/x86_64-linux-gnu/libxcb-render.so.0.0.0
7f7ff165e000-7f7ff165f000 r--p 00008000 08:03 4200521                    /usr/lib/x86_64-linux-gnu/libxcb-render.so.0.0.0
7f7ff165f000-7f7ff1660000 rw-p 00009000 08:03 4200521                    /usr/lib/x86_64-linux-gnu/libxcb-render.so.0.0.0
7f7ff1660000-7f7ff1662000 r-xp 00000000 08:03 4200525                    /usr/lib/x86_64-linux-gnu/libxcb-shm.so.0.0.0
7f7ff1662000-7f7ff1861000 ---p 00002000 08:03 4200525                    /usr/lib/x86_64-linux-gnu/libxcb-shm.so.0.0.0
7f7ff1861000-7f7ff1862000 r--p 00001000 08:03 4200525                    /usr/lib/x86_64-linux-gnu/libxcb-shm.so.0.0.0
7f7ff1862000-7f7ff1863000 rw-p 00002000 08:03 4200525                    /usr/lib/x86_64-linux-gnu/libxcb-shm.so.0.0.0
7f7ff1863000-7f7ff18e3000 r-xp 00000000 08:03 4200335                    /usr/lib/x86_64-linux-gnu/libpixman-1.so.0.26.0
7f7ff18e3000-7f7ff1ae3000 ---p 00080000 08:03 4200335                    /usr/lib/x86_64-linux-gnu/libpixman-1.so.0.26.0
7f7ff1ae3000-7f7ff1ae9000 rw-p 00080000 08:03 4200335                    /usr/lib/x86_64-linux-gnu/libpixman-1.so.0.26.0
7f7ff1ae9000-7f7ff1b0f000 r-xp 00000000 08:03 12190665                   /lib/x86_64-linux-gnu/libpng12.so.0.49.0
7f7ff1b0f000-7f7ff1d0e000 ---p 00026000 08:03 12190665                   /lib/x86_64-linux-gnu/libpng12.so.0.49.0
7f7ff1d0e000-7f7ff1d0f000 r--p 00025000 08:03 12190665                   /lib/x86_64-linux-gnu/libpng12.so.0.49.0
7f7ff1d0f000-7f7ff1d10000 rw-p 00026000 08:03 12190665                   /lib/x86_64-linux-gnu/libpng12.so.0.49.0
7f7ff1d10000-7f7ff1d23000 r-xp 00000000 08:03 12190676                   /lib/x86_64-linux-gnu/libresolv-2.13.so
7f7ff1d23000-7f7ff1f22000 ---p 00013000 08:03 12190676                   /lib/x86_64-linux-gnu/libresolv-2.13.so
7f7ff1f22000-7f7ff1f23000 r--p 00012000 08:03 12190676                   /lib/x86_64-linux-gnu/libresolv-2.13.so
7f7ff1f23000-7f7ff1f24000 rw-p 00013000 08:03 12190676                   /lib/x86_64-linux-gnu/libresolv-2.13.so
7f7ff1f24000-7f7ff1f26000 rw-p 00000000 00:00 0 
7f7ff1f26000-7f7ff1f44000 r-xp 00000000 08:03 12190680                   /lib/x86_64-linux-gnu/libselinux.so.1
7f7ff1f44000-7f7ff2143000 ---p 0001e000 08:03 12190680                   /lib/x86_64-linux-gnu/libselinux.so.1
7f7ff2143000-7f7ff2144000 r--p 0001d000 08:03 12190680                   /lib/x86_64-linux-gnu/libselinux.so.1
7f7ff2144000-7f7ff2145000 rw-p 0001e000 08:03 12190680                   /lib/x86_64-linux-gnu/libselinux.so.1
7f7ff2145000-7f7ff2146000 rw-p 00000000 00:00 0 
7f7ff2146000-7f7ff2149000 r-xp 00000000 08:03 4200052                    /usr/lib/x86_64-linux-gnu/libgmodule-2.0.so.0.3200.4
7f7ff2149000-7f7ff2348000 ---p 00003000 08:03 4200052                    /usr/lib/x86_64-linux-gnu/libgmodule-2.0.so.0.3200.4
7f7ff2348000-7f7ff2349000 r--p 00002000 08:03 4200052                    /usr/lib/x86_64-linux-gnu/libgmodule-2.0.so.0.3200.4
7f7ff2349000-7f7ff234a000 rw-p 00003000 08:03 4200052                    /usr/lib/x86_64-linux-gnu/libgmodule-2.0.so.0.3200.4
7f7ff234a000-7f7ff2354000 r-xp 00000000 08:03 4199739                    /usr/lib/x86_64-linux-gnu/libXcursor.so.1.0.2
7f7ff2354000-7f7ff2553000 ---p 0000a000 08:03 4199739                    /usr/lib/x86_64-linux-gnu/libXcursor.so.1.0.2
7f7ff2553000-7f7ff2554000 rw-p 00009000 08:03 4199739                    /usr/lib/x86_64-linux-gnu/libXcursor.so.1.0.2
7f7ff2554000-7f7ff255b000 r-xp 00000000 08:03 4199761                    /usr/lib/x86_64-linux-gnu/libXrandr.so.2.2.0
7f7ff255b000-7f7ff275b000 ---p 00007000 08:03 4199761                    /usr/lib/x86_64-linux-gnu/libXrandr.so.2.2.0
7f7ff275b000-7f7ff275c000 rw-p 00007000 08:03 4199761                    /usr/lib/x86_64-linux-gnu/libXrandr.so.2.2.0
7f7ff275c000-7f7ff275e000 r-xp 00000000 08:03 4199753                    /usr/lib/x86_64-linux-gnu/libXinerama.so.1.0.0
7f7ff275e000-7f7ff295d000 ---p 00002000 08:03 4199753                    /usr/lib/x86_64-linux-gnu/libXinerama.so.1.0.0
7f7ff295d000-7f7ff295e000 rw-p 00001000 08:03 4199753                    /usr/lib/x86_64-linux-gnu/libXinerama.so.1.0.0
7f7ff295e000-7f7ff2963000 r-xp 00000000 08:03 4199747                    /usr/lib/x86_64-linux-gnu/libXfixes.so.3.1.0
7f7ff2963000-7f7ff2b62000 ---p 00005000 08:03 4199747                    /usr/lib/x86_64-linux-gnu/libXfixes.so.3.1.0
7f7ff2b62000-7f7ff2b63000 r--p 00004000 08:03 4199747                    /usr/lib/x86_64-linux-gnu/libXfixes.so.3.1.0
7f7ff2b63000-7f7ff2b64000 rw-p 00005000 08:03 4199747                    /usr/lib/x86_64-linux-gnu/libXfixes.so.3.1.0
7f7ff2b64000-7f7ff2b66000 r-xp 00000000 08:03 4199741                    /usr/lib/x86_64-linux-gnu/libXdamage.so.1.1.0
7f7ff2b66000-7f7ff2d65000 ---p 00002000 08:03 4199741                    /usr/lib/x86_64-linux-gnu/libXdamage.so.1.1.0
7f7ff2d65000-7f7ff2d66000 rw-p 00001000 08:03 4199741                    /usr/lib/x86_64-linux-gnu/libXdamage.so.1.1.0
7f7ff2d66000-7f7ff2d68000 r-xp 00000000 08:03 4199737                    /usr/lib/x86_64-linux-gnu/libXcomposite.so.1.0.0
7f7ff2d68000-7f7ff2f67000 ---p 00002000 08:03 4199737                    /usr/lib/x86_64-linux-gnu/libXcomposite.so.1.0.0
7f7ff2f67000-7f7ff2f68000 rw-p 00001000 08:03 4199737                    /usr/lib/x86_64-linux-gnu/libXcomposite.so.1.0.0
7f7ff2f68000-7f7ff2f87000 r-xp 00000000 08:03 4200529                    /usr/lib/x86_64-linux-gnu/libxcb.so.1.1.0
7f7ff2f87000-7f7ff3186000 ---p 0001f000 08:03 4200529                    /usr/lib/x86_64-linux-gnu/libxcb.so.1.1.0
7f7ff3186000-7f7ff3187000 r--p 0001e000 08:03 4200529                    /usr/lib/x86_64-linux-gnu/libxcb.so.1.1.0
7f7ff3187000-7f7ff3188000 rw-p 0001f000 08:03 4200529                    /usr/lib/x86_64-linux-gnu/libxcb.so.1.1.0
7f7ff3188000-7f7ff31db000 r-xp 00000000 08:03 4199889                    /usr/lib/x86_64-linux-gnu/libcups.so.2
7f7ff31db000-7f7ff33da000 ---p 00053000 08:03 4199889                    /usr/lib/x86_64-linux-gnu/libcups.so.2
7f7ff33da000-7f7ff33df000 r--p 00052000 08:03 4199889                    /usr/lib/x86_64-linux-gnu/libcups.so.2
7f7ff33df000-7f7ff33e0000 rw-p 00057000 08:03 4199889                    /usr/lib/x86_64-linux-gnu/libcups.so.2
7f7ff33e0000-7f7ff34d5000 r-xp 00000000 08:03 12190597                   /lib/x86_64-linux-gnu/libglib-2.0.so.0.3200.4
7f7ff34d5000-7f7ff36d5000 ---p 000f5000 08:03 12190597                   /lib/x86_64-linux-gnu/libglib-2.0.so.0.3200.4
7f7ff36d5000-7f7ff36d6000 r--p 000f5000 08:03 12190597                   /lib/x86_64-linux-gnu/libglib-2.0.so.0.3200.4
7f7ff36d6000-7f7ff36d7000 rw-p 000f6000 08:03 12190597                   /lib/x86_64-linux-gnu/libglib-2.0.so.0.3200.4
7f7ff36d7000-7f7ff36d8000 rw-p 00000000 00:00 0 
7f7ff36d8000-7f7ff36d9000 r-xp 00000000 08:03 4200137                    /usr/lib/x86_64-linux-gnu/libgthread-2.0.so.0.3200.4
7f7ff36d9000-7f7ff38d8000 ---p 00001000 08:03 4200137                    /usr/lib/x86_64-linux-gnu/libgthread-2.0.so.0.3200.4
7f7ff38d8000-7f7ff38d9000 r--p 00000000 08:03 4200137                    /usr/lib/x86_64-linux-gnu/libgthread-2.0.so.0.3200.4
7f7ff38d9000-7f7ff38da000 rw-p 00001000 08:03 4200137                    /usr/lib/x86_64-linux-gnu/libgthread-2.0.so.0.3200.4
7f7ff38da000-7f7ff3928000 r-xp 00000000 08:03 4200068                    /usr/lib/x86_64-linux-gnu/libgobject-2.0.so.0.3200.4
7f7ff3928000-7f7ff3b28000 ---p 0004e000 08:03 4200068                    /usr/lib/x86_64-linux-gnu/libgobject-2.0.so.0.3200.4
7f7ff3b28000-7f7ff3b29000 r--p 0004e000 08:03 4200068                    /usr/lib/x86_64-linux-gnu/libgobject-2.0.so.0.3200.4
7f7ff3b29000-7f7ff3b2a000 rw-p 0004f000 08:03 4200068                    /usr/lib/x86_64-linux-gnu/libgobject-2.0.so.0.3200.4
7f7ff3b2a000-7f7ff3b5f000 r-xp 00000000 08:03 4199999                    /usr/lib/x86_64-linux-gnu/libfontconfig.so.1.5.0
7f7ff3b5f000-7f7ff3d5f000 ---p 00035000 08:03 4199999                    /usr/lib/x86_64-linux-gnu/libfontconfig.so.1.5.0
7f7ff3d5f000-7f7ff3d60000 r--p 00035000 08:03 4199999                    /usr/lib/x86_64-linux-gnu/libfontconfig.so.1.5.0
7f7ff3d60000-7f7ff3d61000 rw-p 00036000 08:03 4199999                    /usr/lib/x86_64-linux-gnu/libfontconfig.so.1.5.0
7f7ff3d61000-7f7ff3dfa000 r-xp 00000000 08:03 4200007                    /usr/lib/x86_64-linux-gnu/libfreetype.so.6.8.1
7f7ff3dfa000-7f7ff3ff9000 ---p 00099000 08:03 4200007                    /usr/lib/x86_64-linux-gnu/libfreetype.so.6.8.1
7f7ff3ff9000-7f7ff3fff000 r--p 00098000 08:03 4200007                    /usr/lib/x86_64-linux-gnu/libfreetype.so.6.8.1
7f7ff3fff000-7f7ff4000000 rw-p 0009e000 08:03 4200007                    /usr/lib/x86_64-linux-gnu/libfreetype.so.6.8.1
7f7ff4000000-7f7ff4692000 rw-p 00000000 00:00 0 
7f7ff4692000-7f7ff8000000 ---p 00000000 00:00 0 
7f7ff801f000-7f7ff8067000 rw-p 00000000 00:00 0 
7f7ff8067000-7f7ff806a000 ---p 00000000 00:00 0 
7f7ff806a000-7f7ff80a0000 rw-p 00000000 00:00 0 
7f7ff80a0000-7f7ff80ea000 r-xp 00000000 08:03 4200313                    /usr/lib/x86_64-linux-gnu/libpango-1.0.so.0.3000.0
7f7ff80ea000-7f7ff82ea000 ---p 0004a000 08:03 4200313                    /usr/lib/x86_64-linux-gnu/libpango-1.0.so.0.3000.0
7f7ff82ea000-7f7ff82ec000 r--p 0004a000 08:03 4200313                    /usr/lib/x86_64-linux-gnu/libpango-1.0.so.0.3000.0
7f7ff82ec000-7f7ff82ed000 rw-p 0004c000 08:03 4200313                    /usr/lib/x86_64-linux-gnu/libpango-1.0.so.0.3000.0
7f7ff82ed000-7f7ff83e1000 r-xp 00000000 08:03 4199843                    /usr/lib/x86_64-linux-gnu/libcairo.so.2.11200.2
7f7ff83e1000-7f7ff85e0000 ---p 000f4000 08:03 4199843                    /usr/lib/x86_64-linux-gnu/libcairo.so.2.11200.2
7f7ff85e0000-7f7ff85e3000 r--p 000f3000 08:03 4199843                    /usr/lib/x86_64-linux-gnu/libcairo.so.2.11200.2
7f7ff85e3000-7f7ff85e4000 rw-p 000f6000 08:03 4199843                    /usr/lib/x86_64-linux-gnu/libcairo.so.2.11200.2
7f7ff85e4000-7f7ff85e6000 rw-p 00000000 00:00 0 
7f7ff85e6000-7f7ff8605000 r-xp 00000000 08:03 4200030                    /usr/lib/x86_64-linux-gnu/libgdk_pixbuf-2.0.so.0.2600.1
7f7ff8605000-7f7ff8804000 ---p 0001f000 08:03 4200030                    /usr/lib/x86_64-linux-gnu/libgdk_pixbuf-2.0.so.0.2600.1
7f7ff8804000-7f7ff8805000 r--p 0001e000 08:03 4200030                    /usr/lib/x86_64-linux-gnu/libgdk_pixbuf-2.0.so.0.2600.1
7f7ff8805000-7f7ff8806000 rw-p 0001f000 08:03 4200030                    /usr/lib/x86_64-linux-gnu/libgdk_pixbuf-2.0.so.0.2600.1
7f7ff8806000-7f7ff8812000 r-xp 00000000 08:03 4200315                    /usr/lib/x86_64-linux-gnu/libpangocairo-1.0.so.0.3000.0
7f7ff8812000-7f7ff8a11000 ---p 0000c000 08:03 4200315                    /usr/lib/x86_64-linux-gnu/libpangocairo-1.0.so.0.3000.0
7f7ff8a11000-7f7ff8a12000 r--p 0000b000 08:03 4200315                    /usr/lib/x86_64-linux-gnu/libpangocairo-1.0.so.0.3000.0
7f7ff8a12000-7f7ff8a13000 rw-p 0000c000 08:03 4200315                    /usr/lib/x86_64-linux-gnu/libpangocairo-1.0.so.0.3000.0
7f7ff8a13000-7f7ff8a3d000 r-xp 00000000 08:03 4200317                    /usr/lib/x86_64-linux-gnu/libpangoft2-1.0.so.0.3000.0
7f7ff8a3d000-7f7ff8c3c000 ---p 0002a000 08:03 4200317                    /usr/lib/x86_64-linux-gnu/libpangoft2-1.0.so.0.3000.0
7f7ff8c3c000-7f7ff8c3d000 r--p 00029000 08:03 4200317                    /usr/lib/x86_64-linux-gnu/libpangoft2-1.0.so.0.3000.0
7f7ff8c3d000-7f7ff8c3e000 rw-p 0002a000 08:03 4200317                    /usr/lib/x86_64-linux-gnu/libpangoft2-1.0.so.0.3000.0
7f7ff8c3e000-7f7ff8d8a000 r-xp 00000000 08:03 4200042                    /usr/lib/x86_64-linux-gnu/libgio-2.0.so.0.3200.4
7f7ff8d8a000-7f7ff8f89000 ---p 0014c000 08:03 4200042                    /usr/lib/x86_64-linux-gnu/libgio-2.0.so.0.3200.4
7f7ff8f89000-7f7ff8f8d000 r--p 0014b000 08:03 4200042                    /usr/lib/x86_64-linux-gnu/libgio-2.0.so.0.3200.4
7f7ff8f8d000-7f7ff8f8f000 rw-p 0014f000 08:03 4200042                    /usr/lib/x86_64-linux-gnu/libgio-2.0.so.0.3200.4
7f7ff8f8f000-7f7ff8f91000 rw-p 00000000 00:00 0 
7f7ff8f91000-7f7ff8fb2000 r-xp 00000000 08:03 4199799                    /usr/lib/x86_64-linux-gnu/libatk-1.0.so.0.20409.1
7f7ff8fb2000-7f7ff91b1000 ---p 00021000 08:03 4199799                    /usr/lib/x86_64-linux-gnu/libatk-1.0.so.0.20409.1
7f7ff91b1000-7f7ff91b3000 r--p 00020000 08:03 4199799                    /usr/lib/x86_64-linux-gnu/libatk-1.0.so.0.20409.1
7f7ff91b3000-7f7ff91b4000 rw-p 00022000 08:03 4199799                    /usr/lib/x86_64-linux-gnu/libatk-1.0.so.0.20409.1
7f7ff91b4000-7f7ff9263000 r-xp 00000000 08:03 4200028                    /usr/lib/x86_64-linux-gnu/libgdk-x11-2.0.so.0.2400.10
7f7ff9263000-7f7ff9462000 ---p 000af000 08:03 4200028                    /usr/lib/x86_64-linux-gnu/libgdk-x11-2.0.so.0.2400.10
7f7ff9462000-7f7ff9467000 rw-p 000ae000 08:03 4200028                    /usr/lib/x86_64-linux-gnu/libgdk-x11-2.0.so.0.2400.10
7f7ff9467000-7f7ff9899000 r-xp 00000000 08:03 4200141                    /usr/lib/x86_64-linux-gnu/libgtk-x11-2.0.so.0.2400.10
7f7ff9899000-7f7ff9a99000 ---p 00432000 08:03 4200141                    /usr/lib/x86_64-linux-gnu/libgtk-x11-2.0.so.0.2400.10
7f7ff9a99000-7f7ff9aa4000 rw-p 00432000 08:03 4200141                    /usr/lib/x86_64-linux-gnu/libgtk-x11-2.0.so.0.2400.10
7f7ff9aa4000-7f7ff9aa6000 rw-p 00000000 00:00 0 
7f7ff9aa6000-7f7ff9ab4000 r-xp 00000000 08:03 4199751                    /usr/lib/x86_64-linux-gnu/libXi.so.6.1.0
7f7ff9ab4000-7f7ff9cb4000 ---p 0000e000 08:03 4199751                    /usr/lib/x86_64-linux-gnu/libXi.so.6.1.0
7f7ff9cb4000-7f7ff9cb5000 rw-p 0000e000 08:03 4199751                    /usr/lib/x86_64-linux-gnu/libXi.so.6.1.0
7f7ff9cb5000-7f7ff9cba000 r-xp 00000000 08:03 4199769                    /usr/lib/x86_64-linux-gnu/libXtst.so.6.1.0
7f7ff9cba000-7f7ff9eb9000 ---p 00005000 08:03 4199769                    /usr/lib/x86_64-linux-gnu/libXtst.so.6.1.0
7f7ff9eb9000-7f7ff9eba000 rw-p 00004000 08:03 4199769                    /usr/lib/x86_64-linux-gnu/libXtst.so.6.1.0
7f7ff9eba000-7f7ff9ec3000 r-xp 00000000 08:03 4199763                    /usr/lib/x86_64-linux-gnu/libXrender.so.1.3.0
7f7ff9ec3000-7f7ffa0c2000 ---p 00009000 08:03 4199763                    /usr/lib/x86_64-linux-gnu/libXrender.so.1.3.0
7f7ffa0c2000-7f7ffa0c3000 rw-p 00008000 08:03 4199763                    /usr/lib/x86_64-linux-gnu/libXrender.so.1.3.0
7f7ffa0c3000-7f7ffa1f8000 r-xp 00000000 08:03 4199728                    /usr/lib/x86_64-linux-gnu/libX11.so.6.3.0
7f7ffa1f8000-7f7ffa3f8000 ---p 00135000 08:03 4199728                    /usr/lib/x86_64-linux-gnu/libX11.so.6.3.0
7f7ffa3f8000-7f7ffa3fe000 rw-p 00135000 08:03 4199728                    /usr/lib/x86_64-linux-gnu/libX11.so.6.3.0
7f7ffa3fe000-7f7ffa40f000 r-xp 00000000 08:03 4199745                    /usr/lib/x86_64-linux-gnu/libXext.so.6.4.0
7f7ffa40f000-7f7ffa60f000 ---p 00011000 08:03 4199745                    /usr/lib/x86_64-linux-gnu/libXext.so.6.4.0
7f7ffa60f000-7f7ffa610000 rw-p 00011000 08:03 4199745                    /usr/lib/x86_64-linux-gnu/libXext.so.6.4.0
7f7ffa618000-7f7ffa628000 rw-s e0200000 00:05 8297                       /dev/ati/card0
7f7ffa628000-7f7ffa631000 r--s 000b9000 08:03 3934170                    /usr/lib/jvm/java-7-openjdk-amd64/jre/lib/resources.jar
7f7ffa631000-7f7ffa684000 r-xp 00000000 08:03 3934319                    /usr/lib/jvm/java-7-openjdk-amd64/jre/lib/amd64/xawt/libmawt.so
7f7ffa684000-7f7ffa883000 ---p 00053000 08:03 3934319                    /usr/lib/jvm/java-7-openjdk-amd64/jre/lib/amd64/xawt/libmawt.so
7f7ffa883000-7f7ffa884000 r--p 00052000 08:03 3934319                    /usr/lib/jvm/java-7-openjdk-amd64/jre/lib/amd64/xawt/libmawt.so
7f7ffa884000-7f7ffa887000 rw-p 00053000 08:03 3934319                    /usr/lib/jvm/java-7-openjdk-amd64/jre/lib/amd64/xawt/libmawt.so
7f7ffa887000-7f7ffa888000 rw-p 00000000 00:00 0 
7f7ffa888000-7f7ffa929000 r-xp 00000000 08:03 3934218                    /usr/lib/jvm/java-7-openjdk-amd64/jre/lib/amd64/libawt.so
7f7ffa929000-7f7ffab28000 ---p 000a1000 08:03 3934218                    /usr/lib/jvm/java-7-openjdk-amd64/jre/lib/amd64/libawt.so
7f7ffab28000-7f7ffab29000 r--p 000a0000 08:03 3934218                    /usr/lib/jvm/java-7-openjdk-amd64/jre/lib/amd64/libawt.so
7f7ffab29000-7f7ffab34000 rw-p 000a1000 08:03 3934218                    /usr/lib/jvm/java-7-openjdk-amd64/jre/lib/amd64/libawt.so
7f7ffab34000-7f7ffab59000 rw-p 00000000 00:00 0 
7f7ffab59000-7f7ffab96000 r-xp 00000000 08:03 10490694                   /tmp/libgdxchobe/5502b6ed/libgdx64.so
7f7ffab96000-7f7ffad95000 ---p 0003d000 08:03 10490694                   /tmp/libgdxchobe/5502b6ed/libgdx64.so
7f7ffad95000-7f7ffad96000 r--p 0003c000 08:03 10490694                   /tmp/libgdxchobe/5502b6ed/libgdx64.so
7f7ffad96000-7f7ffad97000 rw-p 0003d000 08:03 10490694                   /tmp/libgdxchobe/5502b6ed/libgdx64.so
7f7ffad97000-7f7ffad98000 r--s 00002000 08:03 10488693                   /home/chobe/.gradle/caches/modules-2/files-2.1/net.java.jinput/jinput-platform/2.0.5/53f9c919f34d2ca9de8c51fc4e1e8282029a9232/jinput-platform-2.0.5-natives-osx.jar
7f7ffad98000-7f7ffad99000 r--s 00025000 08:03 10488692                   /home/chobe/.gradle/caches/modules-2/files-2.1/net.java.jinput/jinput-platform/2.0.5/385ee093e01f587f30ee1c8a2ee7d408fd732e16/jinput-platform-2.0.5-natives-windows.jar
7f7ffad99000-7f7ffad9a000 r--s 00002000 08:03 10488691                   /home/chobe/.gradle/caches/modules-2/files-2.1/net.java.jinput/jinput-platform/2.0.5/7ff832a6eb9ab6a767f1ade2b548092d0fa64795/jinput-platform-2.0.5-natives-linux.jar
7f7ffad9a000-7f7ffad9b000 r--s 00001000 08:03 10488690                   /home/chobe/.gradle/caches/modules-2/files-2.1/net.java.jutils/jutils/1.0.0/e12fe1fda814bd348c1579329c86943d2cd3c6a6/jutils-1.0.0.jar
7f7ffad9b000-7f7ffad9f000 r--s 0002f000 08:03 10488689                   /home/chobe/.gradle/caches/modules-2/files-2.1/net.java.jinput/jinput/2.0.5/39c7796b469a600f72380316f6b1f11db6c2c7c4/jinput-2.0.5.jar
7f7ffad9f000-7f7ffada0000 r--s 00080000 08:03 10488688                   /home/chobe/.gradle/caches/modules-2/files-2.1/org.lwjgl.lwjgl/lwjgl-platform/2.9.1/2d12c83fdfbc04ecabf02c7bc8cc54d034f0daac/lwjgl-platform-2.9.1-natives-osx.jar
7f7ffada0000-7f7ffada1000 r--s 0008b000 08:03 10488687                   /home/chobe/.gradle/caches/modules-2/files-2.1/org.lwjgl.lwjgl/lwjgl-platform/2.9.1/aa9aae879af8eb378e22cfc64db56ec2ca9a44d1/lwjgl-platform-2.9.1-natives-linux.jar
7f7ffada1000-7f7ffada2000 r--s 00095000 08:03 10488686                   /home/chobe/.gradle/caches/modules-2/files-2.1/org.lwjgl.lwjgl/lwjgl-platform/2.9.1/4c517eca808522457dd95ee8fc1fbcdbb602efbe/lwjgl-platform-2.9.1-natives-windows.jar
7f7ffada2000-7f7ffada4000 r--s 00017000 08:03 10488685                   /home/chobe/.gradle/caches/modules-2/files-2.1/org.jcraft/jorbis/0.0.17/8872d22b293e8f5d7d56ff92be966e6dc28ebdc6/jorbis-0.0.17.jar
7f7ffada4000-7f7ffada5000 r--s 00015000 08:03 10488684                   /home/chobe/.gradle/caches/modules-2/files-2.1/com.badlogicgames.jlayer/jlayer/1.0.1-gdx/7cca83cec5c1b2f011362f4d85aabd71a73b049d/jlayer-1.0.1-gdx.jar
7f7ffada5000-7f7ffada9000 r--s 00027000 08:03 10488683                   /home/chobe/.gradle/caches/modules-2/files-2.1/org.lwjgl.lwjgl/lwjgl_util/2.9.1/290d7ba8a1bd9566f5ddf16ad06f09af5ec9b20e/lwjgl_util-2.9.1.jar
7f7ffada9000-7f7ffadb7000 r--s 000ea000 08:03 10488682                   /home/chobe/.gradle/caches/modules-2/files-2.1/org.lwjgl.lwjgl/lwjgl/2.9.1/f58c5aabcef0e41718a564be9f8e412fff8db847/lwjgl-2.9.1.jar
7f7ffadb7000-7f7ffadcc000 r--s 00153000 08:03 10488660                   /home/chobe/.gradle/caches/modules-2/files-2.1/com.badlogicgames.gdx/gdx/1.1.0/686f5a609c717eb0769d3b954c501a49bf4fe351/gdx-1.1.0.jar
7f7ffadcc000-7f7ffadcd000 r--s 000cd000 08:03 10488678                   /home/chobe/.gradle/caches/modules-2/files-2.1/com.badlogicgames.gdx/gdx-platform/1.1.0/1c7ea4239c2d9adda420c15985fe3885c481fdcf/gdx-platform-1.1.0-natives-desktop.jar
7f7ffadcd000-7f7ffadd0000 r--s 0001f000 08:03 10488677                   /home/chobe/.gradle/caches/modules-2/files-2.1/com.badlogicgames.gdx/gdx-backend-lwjgl/1.1.0/eafa409559820c1696e165e1280435f1332fc32b/gdx-backend-lwjgl-1.1.0.jar
7f7ffadd0000-7f7ffadd2000 r--s 00016000 08:01 754491                     /media/winDisk/Users/ChobeDucket/Documents/sheep/core/build/libs/core-1.0.jar
7f7ffadd2000-7f7ffadd6000 r--s 0003b000 08:03 3934173                    /usr/lib/jvm/java-7-openjdk-amd64/jre/lib/ext/sunpkcs11.jar
7f7ffadd6000-7f7ffadd7000 r--s 00002000 08:03 3934178                    /usr/lib/jvm/java-7-openjdk-amd64/jre/lib/ext/dnsns.jar
7f7ffadd7000-7f7ffadda000 r--s 00032000 08:03 3934176                    /usr/lib/jvm/java-7-openjdk-amd64/jre/lib/ext/sunjce_provider.jar
7f7ffadda000-7f7ffaddc000 r--s 0000f000 08:03 3934175                    /usr/lib/jvm/java-7-openjdk-amd64/jre/lib/ext/pulse-java.jar
7f7ffaddc000-7f7ffadde000 r--s 00012000 08:03 3934174                    /usr/lib/jvm/java-7-openjdk-amd64/jre/lib/ext/zipfs.jar
7f7ffadde000-7f7ffade2000 r--s 00085000 08:03 3934172                    /usr/lib/jvm/java-7-openjdk-amd64/jre/lib/ext/localedata.jar
7f7ffade2000-7f7ffade3000 r--s 00007000 08:03 5645676                    /usr/share/java/java-atk-wrapper.jar
7f7ffade3000-7f7ffade4000 ---p 00000000 00:00 0 
7f7ffade4000-7f7ffaee4000 rw-p 00000000 00:00 0 
7f7ffaee4000-7f7ffaee7000 ---p 00000000 00:00 0 
7f7ffaee7000-7f7ffafe5000 rw-p 00000000 00:00 0 
7f7ffafe5000-7f7ffafe8000 ---p 00000000 00:00 0 
7f7ffafe8000-7f7ffb0e6000 rw-p 00000000 00:00 0 
7f7ffb0e6000-7f7ffb0e9000 ---p 00000000 00:00 0 
7f7ffb0e9000-7f7ffb1e7000 rw-p 00000000 00:00 0 
7f7ffb1e7000-7f7ffb1ea000 ---p 00000000 00:00 0 
7f7ffb1ea000-7f7ffb2e8000 rw-p 00000000 00:00 0 
7f7ffb2e8000-7f7ffb45f000 r--p 00000000 08:03 4066468                    /usr/lib/locale/locale-archive
7f7ffb45f000-7f7ffb462000 ---p 00000000 00:00 0 
7f7ffb462000-7f7ffb560000 rw-p 00000000 00:00 0 
7f7ffb560000-7f7ffb563000 ---p 00000000 00:00 0 
7f7ffb563000-7f7ffb661000 rw-p 00000000 00:00 0 
7f7ffb661000-7f7ffb662000 ---p 00000000 00:00 0 
7f7ffb662000-7f7ffc75f000 rw-p 00000000 00:00 0 
7f7ffc75f000-7f7ffc90d000 r--s 01cfc000 08:03 3934153                    /usr/lib/jvm/java-7-openjdk-amd64/jre/lib/rt.jar
7f7ffc90d000-7f7ffeff1000 rw-p 00000000 00:00 0 
7f7ffeff1000-7f7ffeff2000 ---p 00000000 00:00 0 
7f7ffeff2000-7f7fff0f2000 rw-p 00000000 00:00 0 
7f7fff0f2000-7f7fff0f3000 ---p 00000000 00:00 0 
7f7fff0f3000-7f7fff1f3000 rw-p 00000000 00:00 0 
7f7fff1f3000-7f7fff1f4000 ---p 00000000 00:00 0 
7f7fff1f4000-7f7fff2f4000 rw-p 00000000 00:00 0 
7f7fff2f4000-7f7fff2f5000 ---p 00000000 00:00 0 
7f7fff2f5000-7f7fff400000 rw-p 00000000 00:00 0 
7f7fff400000-7f7fff448000 rw-p 00000000 00:00 0 
7f7fff448000-7f7fff45d000 rw-p 00000000 00:00 0 
7f7fff45d000-7f7fff58e000 rw-p 00000000 00:00 0 
7f7fff58e000-7f7fff599000 rw-p 00000000 00:00 0 
7f7fff599000-7f7fff5e1000 rw-p 00000000 00:00 0 
7f7fff5e1000-7f7fff5f6000 rw-p 00000000 00:00 0 
7f7fff5f6000-7f7fff726000 rw-p 00000000 00:00 0 
7f7fff726000-7f7fff731000 rw-p 00000000 00:00 0 
7f7fff731000-7f7fff7c9000 rw-p 00000000 00:00 0 
7f7fff7c9000-7f7fff7ca000 rw-p 00000000 00:00 0 
7f7fff7ca000-7f7fffa3a000 rwxp 00000000 00:00 0 
7f7fffa3a000-7f80027ca000 rw-p 00000000 00:00 0 
7f80027ca000-7f80027d2000 r-xp 00000000 08:03 3934210                    /usr/lib/jvm/java-7-openjdk-amd64/jre/lib/amd64/libzip.so
7f80027d2000-7f80029d1000 ---p 00008000 08:03 3934210                    /usr/lib/jvm/java-7-openjdk-amd64/jre/lib/amd64/libzip.so
7f80029d1000-7f80029d2000 r--p 00007000 08:03 3934210                    /usr/lib/jvm/java-7-openjdk-amd64/jre/lib/amd64/libzip.so
7f80029d2000-7f80029d3000 rw-p 00008000 08:03 3934210                    /usr/lib/jvm/java-7-openjdk-amd64/jre/lib/amd64/libzip.so
7f80029d3000-7f80029de000 r-xp 00000000 08:03 12190641                   /lib/x86_64-linux-gnu/libnss_files-2.13.so
7f80029de000-7f8002bdd000 ---p 0000b000 08:03 12190641                   /lib/x86_64-linux-gnu/libnss_files-2.13.so
7f8002bdd000-7f8002bde000 r--p 0000a000 08:03 12190641                   /lib/x86_64-linux-gnu/libnss_files-2.13.so
7f8002bde000-7f8002bdf000 rw-p 0000b000 08:03 12190641                   /lib/x86_64-linux-gnu/libnss_files-2.13.so
7f8002bdf000-7f8002be9000 r-xp 00000000 08:03 12190645                   /lib/x86_64-linux-gnu/libnss_nis-2.13.so
7f8002be9000-7f8002de8000 ---p 0000a000 08:03 12190645                   /lib/x86_64-linux-gnu/libnss_nis-2.13.so
7f8002de8000-7f8002de9000 r--p 00009000 08:03 12190645                   /lib/x86_64-linux-gnu/libnss_nis-2.13.so
7f8002de9000-7f8002dea000 rw-p 0000a000 08:03 12190645                   /lib/x86_64-linux-gnu/libnss_nis-2.13.so
7f8002dea000-7f8002dff000 r-xp 00000000 08:03 12190635                   /lib/x86_64-linux-gnu/libnsl-2.13.so
7f8002dff000-7f8002ffe000 ---p 00015000 08:03 12190635                   /lib/x86_64-linux-gnu/libnsl-2.13.so
7f8002ffe000-7f8002fff000 r--p 00014000 08:03 12190635                   /lib/x86_64-linux-gnu/libnsl-2.13.so
7f8002fff000-7f8003000000 rw-p 00015000 08:03 12190635                   /lib/x86_64-linux-gnu/libnsl-2.13.so
7f8003000000-7f8003002000 rw-p 00000000 00:00 0 
7f8003002000-7f8003009000 r-xp 00000000 08:03 12190637                   /lib/x86_64-linux-gnu/libnss_compat-2.13.so
7f8003009000-7f8003208000 ---p 00007000 08:03 12190637                   /lib/x86_64-linux-gnu/libnss_compat-2.13.so
7f8003208000-7f8003209000 r--p 00006000 08:03 12190637                   /lib/x86_64-linux-gnu/libnss_compat-2.13.so
7f8003209000-7f800320a000 rw-p 00007000 08:03 12190637                   /lib/x86_64-linux-gnu/libnss_compat-2.13.so
7f800320a000-7f8003235000 r-xp 00000000 08:03 3934215                    /usr/lib/jvm/java-7-openjdk-amd64/jre/lib/amd64/libjava.so
7f8003235000-7f8003434000 ---p 0002b000 08:03 3934215                    /usr/lib/jvm/java-7-openjdk-amd64/jre/lib/amd64/libjava.so
7f8003434000-7f8003435000 r--p 0002a000 08:03 3934215                    /usr/lib/jvm/java-7-openjdk-amd64/jre/lib/amd64/libjava.so
7f8003435000-7f8003437000 rw-p 0002b000 08:03 3934215                    /usr/lib/jvm/java-7-openjdk-amd64/jre/lib/amd64/libjava.so
7f8003437000-7f8003446000 r-xp 00000000 08:03 3934216                    /usr/lib/jvm/java-7-openjdk-amd64/jre/lib/amd64/libverify.so
7f8003446000-7f8003645000 ---p 0000f000 08:03 3934216                    /usr/lib/jvm/java-7-openjdk-amd64/jre/lib/amd64/libverify.so
7f8003645000-7f8003647000 r--p 0000e000 08:03 3934216                    /usr/lib/jvm/java-7-openjdk-amd64/jre/lib/amd64/libverify.so
7f8003647000-7f8003648000 rw-p 00010000 08:03 3934216                    /usr/lib/jvm/java-7-openjdk-amd64/jre/lib/amd64/libverify.so
7f8003648000-7f800364f000 r-xp 00000000 08:03 12190678                   /lib/x86_64-linux-gnu/librt-2.13.so
7f800364f000-7f800384e000 ---p 00007000 08:03 12190678                   /lib/x86_64-linux-gnu/librt-2.13.so
7f800384e000-7f800384f000 r--p 00006000 08:03 12190678                   /lib/x86_64-linux-gnu/librt-2.13.so
7f800384f000-7f8003850000 rw-p 00007000 08:03 12190678                   /lib/x86_64-linux-gnu/librt-2.13.so
7f8003850000-7f8003865000 r-xp 00000000 08:03 12190593                   /lib/x86_64-linux-gnu/libgcc_s.so.1
7f8003865000-7f8003a65000 ---p 00015000 08:03 12190593                   /lib/x86_64-linux-gnu/libgcc_s.so.1
7f8003a65000-7f8003a66000 rw-p 00015000 08:03 12190593                   /lib/x86_64-linux-gnu/libgcc_s.so.1
7f8003a66000-7f8003ae7000 r-xp 00000000 08:03 12190616                   /lib/x86_64-linux-gnu/libm-2.13.so
7f8003ae7000-7f8003ce6000 ---p 00081000 08:03 12190616                   /lib/x86_64-linux-gnu/libm-2.13.so
7f8003ce6000-7f8003ce7000 r--p 00080000 08:03 12190616                   /lib/x86_64-linux-gnu/libm-2.13.so
7f8003ce7000-7f8003ce8000 rw-p 00081000 08:03 12190616                   /lib/x86_64-linux-gnu/libm-2.13.so
7f8003ce8000-7f8003dd0000 r-xp 00000000 08:03 4200440                    /usr/lib/x86_64-linux-gnu/libstdc++.so.6.0.17
7f8003dd0000-7f8003fd0000 ---p 000e8000 08:03 4200440                    /usr/lib/x86_64-linux-gnu/libstdc++.so.6.0.17
7f8003fd0000-7f8003fd8000 r--p 000e8000 08:03 4200440                    /usr/lib/x86_64-linux-gnu/libstdc++.so.6.0.17
7f8003fd8000-7f8003fda000 rw-p 000f0000 08:03 4200440                    /usr/lib/x86_64-linux-gnu/libstdc++.so.6.0.17
7f8003fda000-7f8003fef000 rw-p 00000000 00:00 0 
7f8003fef000-7f8004ab8000 r-xp 00000000 08:03 3934204                    /usr/lib/jvm/java-7-openjdk-amd64/jre/lib/amd64/server/libjvm.so
7f8004ab8000-7f8004cb8000 ---p 00ac9000 08:03 3934204                    /usr/lib/jvm/java-7-openjdk-amd64/jre/lib/amd64/server/libjvm.so
7f8004cb8000-7f8004d50000 r--p 00ac9000 08:03 3934204                    /usr/lib/jvm/java-7-openjdk-amd64/jre/lib/amd64/server/libjvm.so
7f8004d50000-7f8004d73000 rw-p 00b61000 08:03 3934204                    /usr/lib/jvm/java-7-openjdk-amd64/jre/lib/amd64/server/libjvm.so
7f8004d73000-7f8004da0000 rw-p 00000000 00:00 0 
7f8004da0000-7f8004db6000 r-xp 00000000 08:03 12190712                   /lib/x86_64-linux-gnu/libz.so.1.2.7
7f8004db6000-7f8004fb5000 ---p 00016000 08:03 12190712                   /lib/x86_64-linux-gnu/libz.so.1.2.7
7f8004fb5000-7f8004fb6000 r--p 00015000 08:03 12190712                   /lib/x86_64-linux-gnu/libz.so.1.2.7
7f8004fb6000-7f8004fb7000 rw-p 00016000 08:03 12190712                   /lib/x86_64-linux-gnu/libz.so.1.2.7
7f8004fb7000-7f8005139000 r-xp 00000000 08:03 12190569                   /lib/x86_64-linux-gnu/libc-2.13.so
7f8005139000-7f8005338000 ---p 00182000 08:03 12190569                   /lib/x86_64-linux-gnu/libc-2.13.so
7f8005338000-7f800533c000 r--p 00181000 08:03 12190569                   /lib/x86_64-linux-gnu/libc-2.13.so
7f800533c000-7f800533d000 rw-p 00185000 08:03 12190569                   /lib/x86_64-linux-gnu/libc-2.13.so
7f800533d000-7f8005342000 rw-p 00000000 00:00 0 
7f8005342000-7f8005344000 r-xp 00000000 08:03 12190583                   /lib/x86_64-linux-gnu/libdl-2.13.so
7f8005344000-7f8005544000 ---p 00002000 08:03 12190583                   /lib/x86_64-linux-gnu/libdl-2.13.so
7f8005544000-7f8005545000 r--p 00002000 08:03 12190583                   /lib/x86_64-linux-gnu/libdl-2.13.so
7f8005545000-7f8005546000 rw-p 00003000 08:03 12190583                   /lib/x86_64-linux-gnu/libdl-2.13.so
7f8005546000-7f8005553000 r-xp 00000000 08:03 3934207                    /usr/lib/jvm/java-7-openjdk-amd64/jre/lib/amd64/jli/libjli.so
7f8005553000-7f8005752000 ---p 0000d000 08:03 3934207                    /usr/lib/jvm/java-7-openjdk-amd64/jre/lib/amd64/jli/libjli.so
7f8005752000-7f8005753000 r--p 0000c000 08:03 3934207                    /usr/lib/jvm/java-7-openjdk-amd64/jre/lib/amd64/jli/libjli.so
7f8005753000-7f8005754000 rw-p 0000d000 08:03 3934207                    /usr/lib/jvm/java-7-openjdk-amd64/jre/lib/amd64/jli/libjli.so
7f8005754000-7f800576b000 r-xp 00000000 08:03 12190670                   /lib/x86_64-linux-gnu/libpthread-2.13.so
7f800576b000-7f800596a000 ---p 00017000 08:03 12190670                   /lib/x86_64-linux-gnu/libpthread-2.13.so
7f800596a000-7f800596b000 r--p 00016000 08:03 12190670                   /lib/x86_64-linux-gnu/libpthread-2.13.so
7f800596b000-7f800596c000 rw-p 00017000 08:03 12190670                   /lib/x86_64-linux-gnu/libpthread-2.13.so
7f800596c000-7f8005970000 rw-p 00000000 00:00 0 
7f8005970000-7f8005990000 r-xp 00000000 08:03 12190547                   /lib/x86_64-linux-gnu/ld-2.13.so
7f8005997000-7f8005998000 rw-s 00005000 00:05 8297                       /dev/ati/card0
7f8005998000-7f800599a000 rw-s 00002000 00:05 8297                       /dev/ati/card0
7f800599a000-7f80059a1000 r--s 00000000 08:03 4199493                    /usr/lib/x86_64-linux-gnu/gconv/gconv-modules.cache
7f80059a1000-7f80059a6000 r--s 0004c000 08:03 3934152                    /usr/lib/jvm/java-7-openjdk-amd64/jre/lib/jsse.jar
7f80059a6000-7f80059b0000 rw-p 00000000 00:00 0 
7f80059b0000-7f8005a66000 rw-p 00000000 00:00 0 
7f8005a66000-7f8005a69000 ---p 00000000 00:00 0 
7f8005a69000-7f8005b83000 rw-p 00000000 00:00 0 
7f8005b83000-7f8005b8b000 rw-s 00000000 08:03 10486166                   /tmp/hsperfdata_chobe/10297 (deleted)
7f8005b8b000-7f8005b8c000 rw-p 00000000 00:00 0 
7f8005b8c000-7f8005b8d000 ---p 00000000 00:00 0 
7f8005b8d000-7f8005b8f000 rw-p 00000000 00:00 0 
7f8005b8f000-7f8005b90000 r--p 0001f000 08:03 12190547                   /lib/x86_64-linux-gnu/ld-2.13.so
7f8005b90000-7f8005b91000 rw-p 00020000 08:03 12190547                   /lib/x86_64-linux-gnu/ld-2.13.so
7f8005b91000-7f8005b92000 rw-p 00000000 00:00 0 
7fff3ead6000-7fff3eaf8000 rw-p 00000000 00:00 0                          [stack]
7fff3eb64000-7fff3eb65000 r-xp 00000000 00:00 0                          [vdso]
ffffffffff600000-ffffffffff601000 r-xp 00000000 00:00 0                  [vsyscall]

VM Arguments:
jvm_args: -Dfile.encoding=UTF-8 
java_command: com.mygdx.sheep.desktop.DesktopLauncher
Launcher Type: SUN_STANDARD

Environment Variables:
PATH=/usr/local/bin:/usr/bin:/bin:/usr/local/games:/usr/games:/home/chobe/.local/bin:/home/chobe/sdks/adt-bundle-linux-x86_64-20140321/sdk//platform-tools/adb:/home/chobe/sdks/adt-bundle-linux-x86_64-20140321/sdk//platform-tools/
USERNAME=chobe
SHELL=/bin/bash
DISPLAY=:0

Signal Handlers:
SIGSEGV: [libjvm.so+0x8f9750], sa_mask[0]=0x7ffbfeff, sa_flags=0x10000004
SIGBUS: [libjvm.so+0x8f9750], sa_mask[0]=0x7ffbfeff, sa_flags=0x10000004
SIGFPE: [libjvm.so+0x7827c0], sa_mask[0]=0x7ffbfeff, sa_flags=0x10000004
SIGPIPE: [libjvm.so+0x7827c0], sa_mask[0]=0x7ffbfeff, sa_flags=0x10000004
SIGXFSZ: [libjvm.so+0x7827c0], sa_mask[0]=0x7ffbfeff, sa_flags=0x10000004
SIGILL: [libjvm.so+0x7827c0], sa_mask[0]=0x7ffbfeff, sa_flags=0x10000004
SIGUSR1: SIG_DFL, sa_mask[0]=0x00000000, sa_flags=0x00000000
SIGUSR2: [libjvm.so+0x782ab0], sa_mask[0]=0x00000004, sa_flags=0x10000004
SIGHUP: [libjvm.so+0x782c20], sa_mask[0]=0x7ffbfeff, sa_flags=0x10000004
SIGINT: [libjvm.so+0x782c20], sa_mask[0]=0x7ffbfeff, sa_flags=0x10000004
SIGTERM: [libjvm.so+0x782c20], sa_mask[0]=0x7ffbfeff, sa_flags=0x10000004
SIGQUIT: [libjvm.so+0x782c20], sa_mask[0]=0x7ffbfeff, sa_flags=0x10000004


---------------  S Y S T E M  ---------------

OS:7.5

uname:Linux 3.2.0-4-amd64 #1 SMP Debian 3.2.57-3+deb7u1 x86_64
libc:glibc 2.13 NPTL 2.13 
rlimit: STACK 8192k, CORE 0k, NPROC 31105, NOFILE 4096, AS infinity
load average:1.05 0.69 0.71

/proc/meminfo:
MemTotal:        3993672 kB
MemFree:          209280 kB
Buffers:          464784 kB
Cached:           859052 kB
SwapCached:            0 kB
Active:          2304860 kB
Inactive:        1053644 kB
Active(anon):    1650208 kB
Inactive(anon):   401876 kB
Active(file):     654652 kB
Inactive(file):   651768 kB
Unevictable:           0 kB
Mlocked:               0 kB
SwapTotal:       4120572 kB
SwapFree:        4120516 kB
Dirty:               480 kB
Writeback:             0 kB
AnonPages:       2034744 kB
Mapped:           209808 kB
Shmem:             17376 kB
Slab:             237808 kB
SReclaimable:     211204 kB
SUnreclaim:        26604 kB
KernelStack:        3456 kB
PageTables:        24200 kB
NFS_Unstable:          0 kB
Bounce:                0 kB
WritebackTmp:          0 kB
CommitLimit:     6117408 kB
Committed_AS:    3885860 kB
VmallocTotal:   34359738367 kB
VmallocUsed:      168424 kB
VmallocChunk:   34359565747 kB
HardwareCorrupted:     0 kB
AnonHugePages:         0 kB
HugePages_Total:       0
HugePages_Free:        0
HugePages_Rsvd:        0
HugePages_Surp:        0
Hugepagesize:       2048 kB
DirectMap4k:       89088 kB
DirectMap2M:     4038656 kB


CPU:total 4 (4 cores per cpu, 1 threads per core) family 6 model 15 stepping 11, cmov, cx8, fxsr, mmx, sse, sse2, sse3, ssse3, tsc

/proc/cpuinfo:
processor	: 0
vendor_id	: GenuineIntel
cpu family	: 6
model		: 15
model name	: Intel(R) Core(TM)2 Quad CPU    Q6600  @ 2.40GHz
stepping	: 11
cpu MHz		: 1596.000
cache size	: 4096 KB
physical id	: 0
siblings	: 4
core id		: 0
cpu cores	: 4
apicid		: 0
initial apicid	: 0
fpu		: yes
fpu_exception	: yes
cpuid level	: 10
wp		: yes
flags		: fpu vme de pse tsc msr pae mce cx8 apic sep mtrr pge mca cmov pat pse36 clflush dts acpi mmx fxsr sse sse2 ss ht tm pbe syscall nx lm constant_tsc arch_perfmon pebs bts rep_good nopl aperfmperf pni dtes64 monitor ds_cpl vmx est tm2 ssse3 cx16 xtpr pdcm lahf_lm dtherm tpr_shadow vnmi flexpriority
bogomips	: 4794.97
clflush size	: 64
cache_alignment	: 64
address sizes	: 36 bits physical, 48 bits virtual
power management:

processor	: 1
vendor_id	: GenuineIntel
cpu family	: 6
model		: 15
model name	: Intel(R) Core(TM)2 Quad CPU    Q6600  @ 2.40GHz
stepping	: 11
cpu MHz		: 1596.000
cache size	: 4096 KB
physical id	: 0
siblings	: 4
core id		: 2
cpu cores	: 4
apicid		: 2
initial apicid	: 2
fpu		: yes
fpu_exception	: yes
cpuid level	: 10
wp		: yes
flags		: fpu vme de pse tsc msr pae mce cx8 apic sep mtrr pge mca cmov pat pse36 clflush dts acpi mmx fxsr sse sse2 ss ht tm pbe syscall nx lm constant_tsc arch_perfmon pebs bts rep_good nopl aperfmperf pni dtes64 monitor ds_cpl vmx est tm2 ssse3 cx16 xtpr pdcm lahf_lm dtherm tpr_shadow vnmi flexpriority
bogomips	: 4795.51
clflush size	: 64
cache_alignment	: 64
address sizes	: 36 bits physical, 48 bits virtual
power management:

processor	: 2
vendor_id	: GenuineIntel
cpu family	: 6
model		: 15
model name	: Intel(R) Core(TM)2 Quad CPU    Q6600  @ 2.40GHz
stepping	: 11
cpu MHz		: 1596.000
cache size	: 4096 KB
physical id	: 0
siblings	: 4
core id		: 1
cpu cores	: 4
apicid		: 1
initial apicid	: 1
fpu		: yes
fpu_exception	: yes
cpuid level	: 10
wp		: yes
flags		: fpu vme de pse tsc msr pae mce cx8 apic sep mtrr pge mca cmov pat pse36 clflush dts acpi mmx fxsr sse sse2 ss ht tm pbe syscall nx lm constant_tsc arch_perfmon pebs bts rep_good nopl aperfmperf pni dtes64 monitor ds_cpl vmx est tm2 ssse3 cx16 xtpr pdcm lahf_lm dtherm tpr_shadow vnmi flexpriority
bogomips	: 4795.50
clflush size	: 64
cache_alignment	: 64
address sizes	: 36 bits physical, 48 bits virtual
power management:

processor	: 3
vendor_id	: GenuineIntel
cpu family	: 6
model		: 15
model name	: Intel(R) Core(TM)2 Quad CPU    Q6600  @ 2.40GHz
stepping	: 11
cpu MHz		: 2394.000
cache size	: 4096 KB
physical id	: 0
siblings	: 4
core id		: 3
cpu cores	: 4
apicid		: 3
initial apicid	: 3
fpu		: yes
fpu_exception	: yes
cpuid level	: 10
wp		: yes
flags		: fpu vme de pse tsc msr pae mce cx8 apic sep mtrr pge mca cmov pat pse36 clflush dts acpi mmx fxsr sse sse2 ss ht tm pbe syscall nx lm constant_tsc arch_perfmon pebs bts rep_good nopl aperfmperf pni dtes64 monitor ds_cpl vmx est tm2 ssse3 cx16 xtpr pdcm lahf_lm dtherm tpr_shadow vnmi flexpriority
bogomips	: 4795.49
clflush size	: 64
cache_alignment	: 64
address sizes	: 36 bits physical, 48 bits virtual
power management:



Memory: 4k page, physical 3993672k(209280k free), swap 4120572k(4120516k free)

vm_info: OpenJDK 64-Bit Server VM (24.51-b03) for linux-amd64 JRE (1.7.0_55-b14), built on May  2 2014 11:33:06 by "buildd" with gcc 4.7.2

time: Sun Jun 29 21:23:14 2014
elapsed time: 12 seconds

