#
# A fatal error has been detected by the Java Runtime Environment:
#
#  SIGSEGV (0xb) at pc=0x00007f616fcffe38, pid=6926, tid=140056557856512
#
# JRE version: OpenJDK Runtime Environment (7.0_55-b14) (build 1.7.0_55-b14)
# Java VM: OpenJDK 64-Bit Server VM (24.51-b03 mixed mode linux-amd64 compressed oops)
# Problematic frame:
# C  [libX11.so.6+0x3ae38]  XQueryExtension+0x28
#
# Failed to write core dump. Core dumps have been disabled. To enable core dumping, try "ulimit -c unlimited" before starting Java again
#
# If you would like to submit a bug report, please include
# instructions on how to reproduce the bug and visit:
#   http://icedtea.classpath.org/bugzilla
#

---------------  T H R E A D  ---------------

Current thread (0x0000000001af1000):  VMThread [stack: 0x00007f6175512000,0x00007f6175613000] [id=6936]

siginfo:si_signo=SIGSEGV: si_errno=0, si_code=1 (SEGV_MAPERR), si_addr=0x0000000068240528

Registers:
RAX=0x0000000001a795b0, RBX=0x000000006823fbc0, RCX=0x00007f6175611668, RDX=0x00007f6175611664
RSP=0x00007f6175611600, RBP=0x00007f615cec0600, RSI=0x00007f615cd87992, RDI=0x000000006823fbc0
R8 =0x00007f617561166c, R9 =0x0000000000000000, R10=0x00007f617f1f0768, R11=0x00007f617ee9f0d0
R12=0x00007f615cd87992, R13=0x0000000001a795b0, R14=0x00007f616823ef10, R15=0x00007f6168254720
RIP=0x00007f616fcffe38, EFLAGS=0x0000000000010206, CSGSFS=0x0000000000000033, ERR=0x0000000000000004
  TRAPNO=0x000000000000000e

Top of Stack: (sp=0x00007f6175611600)
0x00007f6175611600:   0000000000000020 00007f6175611730
0x00007f6175611610:   00007f617ee765c8 00007f617fa1c9e8
0x00007f6175611620:   00007f617ee765c8 000000006823fbc0
0x00007f6175611630:   00007f615cec0600 00007f615cd87992
0x00007f6175611640:   0000000001a795b0 00007f616823ef10
0x00007f6175611650:   00007f6168254720 00007f616fcf3e72
0x00007f6175611660:   00007f616823ef10 0000000000000000
0x00007f6175611670:   0000000000000000 00007f615cec0600
0x00007f6175611680:   000000006823fbc0 00007f61742cd71d
0x00007f6175611690:   00007f615cd87992 000000117ee765c8
0x00007f61756116a0:   00007f6175611720 0000000000000000
0x00007f61756116b0:   00007f6175611720 000000006823fbc0
0x00007f61756116c0:   00007f617fa41048 00007f616823ef10
0x00007f61756116d0:   00007f615ced9e50 00007f615cd303d9
0x00007f61756116e0:   0000000000000000 0000000000000063
0x00007f61756116f0:   00007f6175611720 0000000000000000
0x00007f6175611700:   00007f617fa41048 00007f616823ef10
0x00007f6175611710:   0000000000000054 00007f615cd24ae2
0x00007f6175611720:   00007f6175611ae0 00007f615cd87911
0x00007f6175611730:   00007f6175611ae0 00007f617f82f4ec
0x00007f6175611740:   00007f617fa421c8 00007f617fa42758
0x00007f6175611750:   00007f617fa1c000 0000000001a843d0
0x00007f6175611760:   0000000001a84ec0 0000000001a853c0
0x00007f6175611770:   0000000001a922a0 00007f61680a3d50
0x00007f6175611780:   00007f616819b250 00007f6168197120
0x00007f6175611790:   00007f61680da560 00007f61680eaa10
0x00007f61756117a0:   00007f61680f1b80 00007f61680f1650
0x00007f61756117b0:   00007f61680f1130 00007f61680f5410
0x00007f61756117c0:   00007f61680f4f00 00007f61680f61a0
0x00007f61756117d0:   00007f61680f4a00 00007f61680f0c00
0x00007f61756117e0:   00007f61680f2ff0 00007f61680f3a20
0x00007f61756117f0:   00007f61680f3500 00007f61680f3f30 

Instructions: (pc=0x00007f616fcffe38)
0x00007f616fcffe18:   24 e0 48 89 fb 4c 89 6c 24 e8 4c 89 74 24 f0 49
0x00007f616fcffe28:   89 f4 4c 89 7c 24 f8 48 89 6c 24 d8 48 83 ec 58
0x00007f616fcffe38:   48 8b 87 68 09 00 00 49 89 d7 49 89 ce 4d 89 c5
0x00007f616fcffe48:   48 85 c0 74 02 ff 10 ba 08 00 00 00 be 62 00 00 

Register to memory mapping:

RAX=0x0000000001a795b0 is an unknown value
RBX=0x000000006823fbc0 is an unknown value
RCX=0x00007f6175611668 is an unknown value
RDX=0x00007f6175611664 is an unknown value
RSP=0x00007f6175611600 is an unknown value
RBP=0x00007f615cec0600: <offset 0x1cf600> in /usr/lib/x86_64-linux-gnu/libGL.so.1 at 0x00007f615ccf1000
RSI=0x00007f615cd87992: <offset 0x96992> in /usr/lib/x86_64-linux-gnu/libGL.so.1 at 0x00007f615ccf1000
RDI=0x000000006823fbc0 is an unknown value
R8 =0x00007f617561166c is an unknown value
R9 =0x0000000000000000 is an unknown value
R10=0x00007f617f1f0768: <offset 0x388768> in /lib/x86_64-linux-gnu/libc.so.6 at 0x00007f617ee68000
R11=0x00007f617ee9f0d0: __cxa_finalize+0 in /lib/x86_64-linux-gnu/libc.so.6 at 0x00007f617ee68000
R12=0x00007f615cd87992: <offset 0x96992> in /usr/lib/x86_64-linux-gnu/libGL.so.1 at 0x00007f615ccf1000
R13=0x0000000001a795b0 is an unknown value
R14=0x00007f616823ef10 is an unknown value
R15=0x00007f6168254720 is an unknown value


Stack: [0x00007f6175512000,0x00007f6175613000],  sp=0x00007f6175611600,  free space=1021k
Native frames: (J=compiled Java code, j=interpreted, Vv=VM code, C=native code)
C  [libX11.so.6+0x3ae38]  XQueryExtension+0x28

VM_Operation (0x00007f615cff9650): Exit, mode: safepoint, requested by thread 0x00007f6168239000


---------------  P R O C E S S  ---------------

Java Threads: ( => current thread )
  0x00007f6169090800 JavaThread "AsynchExecutor-Thread" daemon [_thread_blocked, id=6956, stack(0x00007f6158f18000,0x00007f6159019000)]
  0x0000000001c88800 JavaThread "process reaper" daemon [_thread_blocked, id=6951, stack(0x00007f617407e000,0x00007f61740b7000)]
  0x00007f6168105800 JavaThread "DestroyJavaVM" [_thread_blocked, id=6931, stack(0x00007f617f917000,0x00007f617fa18000)]
  0x00007f6168239000 JavaThread "LWJGL Application" [_thread_blocked, id=6949, stack(0x00007f615cefa000,0x00007f615cffb000)]
  0x00007f6168196000 JavaThread "AWT-XAWT" daemon [_thread_blocked, id=6945, stack(0x00007f616467a000,0x00007f616477b000)]
  0x00007f6168174000 JavaThread "Java2D Disposer" daemon [_thread_blocked, id=6944, stack(0x00007f616c0f4000,0x00007f616c1f5000)]
  0x00007f6170001800 JavaThread "Service Thread" daemon [_thread_blocked, id=6942, stack(0x00007f6174d95000,0x00007f6174e96000)]
  0x0000000001b25800 JavaThread "C2 CompilerThread1" daemon [_thread_blocked, id=6941, stack(0x00007f6174e96000,0x00007f6174f97000)]
  0x0000000001b22800 JavaThread "C2 CompilerThread0" daemon [_thread_blocked, id=6940, stack(0x00007f6174f97000,0x00007f6175098000)]
  0x0000000001b20800 JavaThread "Signal Dispatcher" daemon [_thread_blocked, id=6939, stack(0x00007f6175098000,0x00007f6175199000)]
  0x0000000001af7800 JavaThread "Finalizer" daemon [_thread_blocked, id=6938, stack(0x00007f6175310000,0x00007f6175411000)]
  0x0000000001af5800 JavaThread "Reference Handler" daemon [_thread_blocked, id=6937, stack(0x00007f6175411000,0x00007f6175512000)]

Other Threads:
=>0x0000000001af1000 VMThread [stack: 0x00007f6175512000,0x00007f6175613000] [id=6936]

VM state:at safepoint (shutting down)

VM Mutex/Monitor currently owned by a thread:  ([mutex/lock_event])
[0x0000000001a82520] Threads_lock - owner thread: 0x0000000001af1000

Heap
 PSYoungGen      total 18432K, used 11175K [0x00000000eba80000, 0x00000000ecf00000, 0x0000000100000000)
  eden space 15872K, 54% used [0x00000000eba80000,0x00000000ec2f1460,0x00000000eca00000)
  from space 2560K, 98% used [0x00000000eca00000,0x00000000ecc78900,0x00000000ecc80000)
  to   space 2560K, 0% used [0x00000000ecc80000,0x00000000ecc80000,0x00000000ecf00000)
 ParOldGen       total 41472K, used 2147K [0x00000000c3000000, 0x00000000c5880000, 0x00000000eba80000)
  object space 41472K, 5% used [0x00000000c3000000,0x00000000c3218f50,0x00000000c5880000)
 PSPermGen       total 21504K, used 10035K [0x00000000b8a00000, 0x00000000b9f00000, 0x00000000c3000000)
  object space 21504K, 46% used [0x00000000b8a00000,0x00000000b93cccd8,0x00000000b9f00000)

Card table byte_map: [0x00007f617943f000,0x00007f617967b000] byte_map_base: 0x00007f6178e7a000

Polling page: 0x00007f617fa3d000

Code Cache  [0x00007f617967b000, 0x00007f61798eb000, 0x00007f617c67b000)
 total_blobs=641 nmethods=121 adapters=474 free_code_cache=48332Kb largest_free_block=49468608

Compilation events (10 events):
Event: 17.364 Thread 0x0000000001b22800  115             com.badlogic.gdx.graphics.glutils.ShaderProgram::fetchUniformLocation (9 bytes)
Event: 17.364 Thread 0x0000000001b25800  116             com.badlogic.gdx.graphics.glutils.ShaderProgram::fetchUniformLocation (95 bytes)
Event: 17.367 Thread 0x0000000001b22800 nmethod 115 0x00007f6179735310 code [0x00007f6179735480, 0x00007f6179735618]
Event: 17.367 Thread 0x0000000001b25800 nmethod 116 0x00007f6179745ed0 code [0x00007f6179746040, 0x00007f61797461d8]
Event: 17.494 Thread 0x0000000001b22800  117             com.badlogic.gdx.scenes.scene2d.Actor::getX (5 bytes)
Event: 17.494 Thread 0x0000000001b25800  118             com.badlogic.gdx.scenes.scene2d.Actor::getY (5 bytes)
Event: 17.494 Thread 0x0000000001b22800 nmethod 117 0x00007f6179740050 code [0x00007f6179740180, 0x00007f61797401d8]
Event: 17.494 Thread 0x0000000001b25800 nmethod 118 0x00007f6179745cd0 code [0x00007f6179745e00, 0x00007f6179745e58]
Event: 17.593 Thread 0x0000000001b22800  119             java.util.concurrent.locks.AbstractOwnableSynchronizer::getExclusiveOwnerThread (5 bytes)
Event: 17.594 Thread 0x0000000001b22800 nmethod 119 0x00007f6179745a50 code [0x00007f6179745b80, 0x00007f6179745bd8]

GC Heap History (2 events):
Event: 1.941 GC heap before
{Heap before GC invocations=1 (full 0):
 PSYoungGen      total 18432K, used 15872K [0x00000000eba80000, 0x00000000ecf00000, 0x0000000100000000)
  eden space 15872K, 100% used [0x00000000eba80000,0x00000000eca00000,0x00000000eca00000)
  from space 2560K, 0% used [0x00000000ecc80000,0x00000000ecc80000,0x00000000ecf00000)
  to   space 2560K, 0% used [0x00000000eca00000,0x00000000eca00000,0x00000000ecc80000)
 ParOldGen       total 41472K, used 0K [0x00000000c3000000, 0x00000000c5880000, 0x00000000eba80000)
  object space 41472K, 0% used [0x00000000c3000000,0x00000000c3000000,0x00000000c5880000)
 PSPermGen       total 21504K, used 9301K [0x00000000b8a00000, 0x00000000b9f00000, 0x00000000c3000000)
  object space 21504K, 43% used [0x00000000b8a00000,0x00000000b9315400,0x00000000b9f00000)
Event: 1.950 GC heap after
Heap after GC invocations=1 (full 0):
 PSYoungGen      total 18432K, used 2530K [0x00000000eba80000, 0x00000000ecf00000, 0x0000000100000000)
  eden space 15872K, 0% used [0x00000000eba80000,0x00000000eba80000,0x00000000eca00000)
  from space 2560K, 98% used [0x00000000eca00000,0x00000000ecc78900,0x00000000ecc80000)
  to   space 2560K, 0% used [0x00000000ecc80000,0x00000000ecc80000,0x00000000ecf00000)
 ParOldGen       total 41472K, used 2147K [0x00000000c3000000, 0x00000000c5880000, 0x00000000eba80000)
  object space 41472K, 5% used [0x00000000c3000000,0x00000000c3218f50,0x00000000c5880000)
 PSPermGen       total 21504K, used 9301K [0x00000000b8a00000, 0x00000000b9f00000, 0x00000000c3000000)
  object space 21504K, 43% used [0x00000000b8a00000,0x00000000b9315400,0x00000000b9f00000)
}

Deoptimization events (1 events):
Event: 0.217 Thread 0x0000000001a86000 Uncommon trap: reason=class_check action=maybe_recompile pc=0x00007f61796e1a18 method=java.util.Properties$LineReader.readLine()I @ 62

Internal exceptions (10 events):
Event: 4.204 Thread 0x00007f6168239000 Threw 0x00000000ebfd06c8 at /build/openjdk-7-kBcQ8a/openjdk-7-7u55-2.4.7/build/openjdk/hotspot/src/share/vm/prims/jvm.cpp:1244
Event: 4.205 Thread 0x00007f6168239000 Threw 0x00000000ebfd4908 at /build/openjdk-7-kBcQ8a/openjdk-7-7u55-2.4.7/build/openjdk/hotspot/src/share/vm/prims/jvm.cpp:1244
Event: 4.444 Thread 0x00007f6168239000 Threw 0x00000000ebfe27f0 at /build/openjdk-7-kBcQ8a/openjdk-7-7u55-2.4.7/build/openjdk/hotspot/src/share/vm/prims/jvm.cpp:1244
Event: 4.861 Thread 0x00007f6168239000 Threw 0x00000000ebff7d90 at /build/openjdk-7-kBcQ8a/openjdk-7-7u55-2.4.7/build/openjdk/hotspot/src/share/vm/prims/jvm.cpp:1244
Event: 4.862 Thread 0x00007f6168239000 Threw 0x00000000ebffd060 at /build/openjdk-7-kBcQ8a/openjdk-7-7u55-2.4.7/build/openjdk/hotspot/src/share/vm/prims/jvm.cpp:1244
Event: 4.863 Thread 0x00007f6168239000 Threw 0x00000000ec004048 at /build/openjdk-7-kBcQ8a/openjdk-7-7u55-2.4.7/build/openjdk/hotspot/src/share/vm/prims/jvm.cpp:1244
Event: 4.863 Thread 0x00007f6168239000 Threw 0x00000000ec009870 at /build/openjdk-7-kBcQ8a/openjdk-7-7u55-2.4.7/build/openjdk/hotspot/src/share/vm/prims/jvm.cpp:1244
Event: 19.777 Thread 0x00007f6168239000 Threw 0x00000000ec2ae910 at /build/openjdk-7-kBcQ8a/openjdk-7-7u55-2.4.7/build/openjdk/hotspot/src/share/vm/prims/jvm.cpp:1244
Event: 19.785 Thread 0x00007f6168239000 Threw 0x00000000ec2b2dd8 at /build/openjdk-7-kBcQ8a/openjdk-7-7u55-2.4.7/build/openjdk/hotspot/src/share/vm/prims/jvm.cpp:1244
Event: 19.791 Thread 0x00007f6168239000 Threw 0x00000000ec2b8178 at /build/openjdk-7-kBcQ8a/openjdk-7-7u55-2.4.7/build/openjdk/hotspot/src/share/vm/prims/jvm.cpp:1244

Events (10 events):
Event: 20.012 loading class 0x0000000001cfab80 done
Event: 20.015 Thread 0x00007f6170235000 Thread added: 0x00007f6170235000
Event: 20.015 loading class 0x0000000001cb63c0
Event: 20.016 loading class 0x00007f617010b850
Event: 20.016 loading class 0x00007f617010b850 done
Event: 20.016 loading class 0x00007f617010b880
Event: 20.016 loading class 0x00007f617010b880 done
Event: 20.016 loading class 0x0000000001cb63c0 done
Event: 20.017 Thread 0x00007f6170235000 Thread exited: 0x00007f6170235000
Event: 20.017 Executing VM operation: Exit


Dynamic libraries:
00400000-00401000 r-xp 00000000 08:03 3934148                            /usr/lib/jvm/java-7-openjdk-amd64/jre/bin/java
00600000-00601000 r--p 00000000 08:03 3934148                            /usr/lib/jvm/java-7-openjdk-amd64/jre/bin/java
00601000-00602000 rw-p 00001000 08:03 3934148                            /usr/lib/jvm/java-7-openjdk-amd64/jre/bin/java
01a77000-020da000 rw-p 00000000 00:00 0                                  [heap]
b8a00000-b9f00000 rw-p 00000000 00:00 0 
b9f00000-c3000000 rw-p 00000000 00:00 0 
c3000000-c5880000 rw-p 00000000 00:00 0 
c5880000-eba80000 rw-p 00000000 00:00 0 
eba80000-ecf00000 rw-p 00000000 00:00 0 
ecf00000-100000000 rw-p 00000000 00:00 0 
7f6158717000-7f615871a000 ---p 00000000 00:00 0 
7f615871a000-7f6158818000 rw-p 00000000 00:00 0 
7f6158f18000-7f6158f1b000 ---p 00000000 00:00 0 
7f6158f1b000-7f6159019000 rw-p 00000000 00:00 0 
7f6159019000-7f615901a000 ---p 00000000 00:00 0 
7f615901a000-7f615981a000 rw-p 00000000 00:00 0 
7f615981a000-7f615981b000 ---p 00000000 00:00 0 
7f615981b000-7f615a01b000 rw-p 00000000 00:00 0 
7f615a119000-7f615a819000 rw-s 00006000 00:05 8262                       /dev/ati/card0
7f615a819000-7f615a856000 r-xp 00000000 08:03 4201336                    /usr/lib/x86_64-linux-gnu/libatiadlxx.so
7f615a856000-7f615a955000 ---p 0003d000 08:03 4201336                    /usr/lib/x86_64-linux-gnu/libatiadlxx.so
7f615a955000-7f615a95f000 rw-p 0003c000 08:03 4201336                    /usr/lib/x86_64-linux-gnu/libatiadlxx.so
7f615a95f000-7f615a96f000 rw-p 00000000 00:00 0 
7f615a96f000-7f615a976000 r-xp 00000000 08:03 4201328                    /usr/lib/x86_64-linux-gnu/libatiuki.so.1.0
7f615a976000-7f615aa76000 ---p 00007000 08:03 4201328                    /usr/lib/x86_64-linux-gnu/libatiuki.so.1.0
7f615aa76000-7f615aa77000 rw-p 00007000 08:03 4201328                    /usr/lib/x86_64-linux-gnu/libatiuki.so.1.0
7f615aa77000-7f615aa78000 rw-p 00000000 00:00 0 
7f615aa78000-7f615c970000 r-xp 00000000 08:03 4201338                    /usr/lib/x86_64-linux-gnu/dri/fglrx_dri.so
7f615c970000-7f615ca6f000 ---p 01ef8000 08:03 4201338                    /usr/lib/x86_64-linux-gnu/dri/fglrx_dri.so
7f615ca6f000-7f615cbcd000 rwxp 01ef7000 08:03 4201338                    /usr/lib/x86_64-linux-gnu/dri/fglrx_dri.so
7f615cbcd000-7f615ccf1000 rwxp 00000000 00:00 0 
7f615ccf1000-7f615cdb4000 r-xp 00000000 08:03 4201341                    /usr/lib/x86_64-linux-gnu/fglrx/fglrx-libGL.so.1.2
7f615cdb4000-7f615ceb3000 ---p 000c3000 08:03 4201341                    /usr/lib/x86_64-linux-gnu/fglrx/fglrx-libGL.so.1.2
7f615ceb3000-7f615ceda000 rwxp 000c2000 08:03 4201341                    /usr/lib/x86_64-linux-gnu/fglrx/fglrx-libGL.so.1.2
7f615ceda000-7f615cefa000 rwxp 00000000 00:00 0 
7f615cefa000-7f615cefd000 ---p 00000000 00:00 0 
7f615cefd000-7f615cffb000 rw-p 00000000 00:00 0 
7f615cffb000-7f615cffe000 ---p 00000000 00:00 0 
7f615cffe000-7f615d0fc000 rw-p 00000000 00:00 0 
7f61610fd000-7f61610fe000 ---p 00000000 00:00 0 
7f61610fe000-7f61618fe000 rw-p 00000000 00:00 0 
7f61618fe000-7f6161904000 r-xp 00000000 08:03 4200289                    /usr/lib/x86_64-linux-gnu/libogg.so.0.8.0
7f6161904000-7f6161b03000 ---p 00006000 08:03 4200289                    /usr/lib/x86_64-linux-gnu/libogg.so.0.8.0
7f6161b03000-7f6161b04000 rw-p 00005000 08:03 4200289                    /usr/lib/x86_64-linux-gnu/libogg.so.0.8.0
7f6161b04000-7f6161b30000 r-xp 00000000 08:03 4200496                    /usr/lib/x86_64-linux-gnu/libvorbis.so.0.4.5
7f6161b30000-7f6161d2f000 ---p 0002c000 08:03 4200496                    /usr/lib/x86_64-linux-gnu/libvorbis.so.0.4.5
7f6161d2f000-7f6161d30000 r--p 0002b000 08:03 4200496                    /usr/lib/x86_64-linux-gnu/libvorbis.so.0.4.5
7f6161d30000-7f6161d31000 rw-p 0002c000 08:03 4200496                    /usr/lib/x86_64-linux-gnu/libvorbis.so.0.4.5
7f6161d31000-7f6161fe4000 r-xp 00000000 08:03 4200498                    /usr/lib/x86_64-linux-gnu/libvorbisenc.so.2.0.8
7f6161fe4000-7f61621e3000 ---p 002b3000 08:03 4200498                    /usr/lib/x86_64-linux-gnu/libvorbisenc.so.2.0.8
7f61621e3000-7f61621ff000 r--p 002b2000 08:03 4200498                    /usr/lib/x86_64-linux-gnu/libvorbisenc.so.2.0.8
7f61621ff000-7f6162200000 rw-p 002ce000 08:03 4200498                    /usr/lib/x86_64-linux-gnu/libvorbisenc.so.2.0.8
7f6162200000-7f616224b000 r-xp 00000000 08:03 4199700                    /usr/lib/x86_64-linux-gnu/libFLAC.so.8.2.0
7f616224b000-7f616244a000 ---p 0004b000 08:03 4199700                    /usr/lib/x86_64-linux-gnu/libFLAC.so.8.2.0
7f616244a000-7f616244b000 r--p 0004a000 08:03 4199700                    /usr/lib/x86_64-linux-gnu/libFLAC.so.8.2.0
7f616244b000-7f616244c000 rw-p 0004b000 08:03 4199700                    /usr/lib/x86_64-linux-gnu/libFLAC.so.8.2.0
7f616244c000-7f6162450000 r-xp 00000000 08:03 12190707                   /lib/x86_64-linux-gnu/libuuid.so.1.3.0
7f6162450000-7f616264f000 ---p 00004000 08:03 12190707                   /lib/x86_64-linux-gnu/libuuid.so.1.3.0
7f616264f000-7f6162650000 r--p 00003000 08:03 12190707                   /lib/x86_64-linux-gnu/libuuid.so.1.3.0
7f6162650000-7f6162651000 rw-p 00004000 08:03 12190707                   /lib/x86_64-linux-gnu/libuuid.so.1.3.0
7f6162651000-7f6162655000 r-xp 00000000 08:03 12190559                   /lib/x86_64-linux-gnu/libattr.so.1.1.0
7f6162655000-7f6162854000 ---p 00004000 08:03 12190559                   /lib/x86_64-linux-gnu/libattr.so.1.1.0
7f6162854000-7f6162855000 r--p 00003000 08:03 12190559                   /lib/x86_64-linux-gnu/libattr.so.1.1.0
7f6162855000-7f6162856000 rw-p 00004000 08:03 12190559                   /lib/x86_64-linux-gnu/libattr.so.1.1.0
7f6162856000-7f616285b000 r-xp 00000000 08:03 4199797                    /usr/lib/x86_64-linux-gnu/libasyncns.so.0.3.1
7f616285b000-7f6162a5a000 ---p 00005000 08:03 4199797                    /usr/lib/x86_64-linux-gnu/libasyncns.so.0.3.1
7f6162a5a000-7f6162a5b000 rw-p 00004000 08:03 4199797                    /usr/lib/x86_64-linux-gnu/libasyncns.so.0.3.1
7f6162a5b000-7f6162abc000 r-xp 00000000 08:03 4200411                    /usr/lib/x86_64-linux-gnu/libsndfile.so.1.0.25
7f6162abc000-7f6162cbb000 ---p 00061000 08:03 4200411                    /usr/lib/x86_64-linux-gnu/libsndfile.so.1.0.25
7f6162cbb000-7f6162cbd000 r--p 00060000 08:03 4200411                    /usr/lib/x86_64-linux-gnu/libsndfile.so.1.0.25
7f6162cbd000-7f6162cbe000 rw-p 00062000 08:03 4200411                    /usr/lib/x86_64-linux-gnu/libsndfile.so.1.0.25
7f6162cbe000-7f6162cc2000 rw-p 00000000 00:00 0 
7f6162cc2000-7f6162ccb000 r-xp 00000000 08:03 12190709                   /lib/x86_64-linux-gnu/libwrap.so.0.7.6
7f6162ccb000-7f6162eca000 ---p 00009000 08:03 12190709                   /lib/x86_64-linux-gnu/libwrap.so.0.7.6
7f6162eca000-7f6162ecb000 r--p 00008000 08:03 12190709                   /lib/x86_64-linux-gnu/libwrap.so.0.7.6
7f6162ecb000-7f6162ecc000 rw-p 00009000 08:03 12190709                   /lib/x86_64-linux-gnu/libwrap.so.0.7.6
7f6162ecc000-7f6162ecd000 rw-p 00000000 00:00 0 
7f6162ecd000-7f6162ed4000 r-xp 00000000 08:03 4199720                    /usr/lib/x86_64-linux-gnu/libSM.so.6.0.1
7f6162ed4000-7f61630d3000 ---p 00007000 08:03 4199720                    /usr/lib/x86_64-linux-gnu/libSM.so.6.0.1
7f61630d3000-7f61630d4000 rw-p 00006000 08:03 4199720                    /usr/lib/x86_64-linux-gnu/libSM.so.6.0.1
7f61630d4000-7f61630eb000 r-xp 00000000 08:03 4199710                    /usr/lib/x86_64-linux-gnu/libICE.so.6.3.0
7f61630eb000-7f61632ea000 ---p 00017000 08:03 4199710                    /usr/lib/x86_64-linux-gnu/libICE.so.6.3.0
7f61632ea000-7f61632ec000 rw-p 00016000 08:03 4199710                    /usr/lib/x86_64-linux-gnu/libICE.so.6.3.0
7f61632ec000-7f61632ef000 rw-p 00000000 00:00 0 
7f61632ef000-7f61632f0000 r-xp 00000000 08:03 4199726                    /usr/lib/x86_64-linux-gnu/libX11-xcb.so.1.0.0
7f61632f0000-7f61634ef000 ---p 00001000 08:03 4199726                    /usr/lib/x86_64-linux-gnu/libX11-xcb.so.1.0.0
7f61634ef000-7f61634f0000 rw-p 00000000 08:03 4199726                    /usr/lib/x86_64-linux-gnu/libX11-xcb.so.1.0.0
7f61634f0000-7f61634f4000 r-xp 00000000 08:03 12190572                   /lib/x86_64-linux-gnu/libcap.so.2.22
7f61634f4000-7f61636f3000 ---p 00004000 08:03 12190572                   /lib/x86_64-linux-gnu/libcap.so.2.22
7f61636f3000-7f61636f4000 rw-p 00003000 08:03 12190572                   /lib/x86_64-linux-gnu/libcap.so.2.22
7f61636f4000-7f6163755000 r-xp 00000000 08:03 4325923                    /usr/lib/x86_64-linux-gnu/pulseaudio/libpulsecommon-2.0.so
7f6163755000-7f6163954000 ---p 00061000 08:03 4325923                    /usr/lib/x86_64-linux-gnu/pulseaudio/libpulsecommon-2.0.so
7f6163954000-7f6163955000 r--p 00060000 08:03 4325923                    /usr/lib/x86_64-linux-gnu/pulseaudio/libpulsecommon-2.0.so
7f6163955000-7f6163957000 rw-p 00061000 08:03 4325923                    /usr/lib/x86_64-linux-gnu/pulseaudio/libpulsecommon-2.0.so
7f6163957000-7f6163960000 r-xp 00000000 08:03 12190608                   /lib/x86_64-linux-gnu/libjson.so.0.1.0
7f6163960000-7f6163b5f000 ---p 00009000 08:03 12190608                   /lib/x86_64-linux-gnu/libjson.so.0.1.0
7f6163b5f000-7f6163b60000 r--p 00008000 08:03 12190608                   /lib/x86_64-linux-gnu/libjson.so.0.1.0
7f6163b60000-7f6163b61000 rw-p 00009000 08:03 12190608                   /lib/x86_64-linux-gnu/libjson.so.0.1.0
7f6163b61000-7f6163baa000 r-xp 00000000 08:03 4200364                    /usr/lib/x86_64-linux-gnu/libpulse.so.0.14.2
7f6163baa000-7f6163da9000 ---p 00049000 08:03 4200364                    /usr/lib/x86_64-linux-gnu/libpulse.so.0.14.2
7f6163da9000-7f6163daa000 r--p 00048000 08:03 4200364                    /usr/lib/x86_64-linux-gnu/libpulse.so.0.14.2
7f6163daa000-7f6163dab000 rw-p 00049000 08:03 4200364                    /usr/lib/x86_64-linux-gnu/libpulse.so.0.14.2
7f6164004000-7f6164008000 r-xp 00000000 08:03 4199775                    /usr/lib/x86_64-linux-gnu/libXxf86vm.so.1.0.0
7f6164008000-7f6164208000 ---p 00004000 08:03 4199775                    /usr/lib/x86_64-linux-gnu/libXxf86vm.so.1.0.0
7f6164208000-7f6164209000 r--p 00004000 08:03 4199775                    /usr/lib/x86_64-linux-gnu/libXxf86vm.so.1.0.0
7f6164209000-7f616420a000 rw-p 00005000 08:03 4199775                    /usr/lib/x86_64-linux-gnu/libXxf86vm.so.1.0.0
7f616420a000-7f6164276000 r-xp 00000000 08:01 300856                     /media/winDisk/Users/ChobeDucket/Documents/sheep/android/assets/.temp/7b43be9b/liblwjgl64.so
7f6164276000-7f6164475000 ---p 0006c000 08:01 300856                     /media/winDisk/Users/ChobeDucket/Documents/sheep/android/assets/.temp/7b43be9b/liblwjgl64.so
7f6164475000-7f6164477000 r--p 0006b000 08:01 300856                     /media/winDisk/Users/ChobeDucket/Documents/sheep/android/assets/.temp/7b43be9b/liblwjgl64.so
7f6164477000-7f6164478000 rw-p 0006d000 08:01 300856                     /media/winDisk/Users/ChobeDucket/Documents/sheep/android/assets/.temp/7b43be9b/liblwjgl64.so
7f6164478000-7f6164479000 r-xp 00000000 08:03 3934229                    /usr/lib/jvm/java-7-openjdk-amd64/jre/lib/amd64/libjawt.so
7f6164479000-7f6164678000 ---p 00001000 08:03 3934229                    /usr/lib/jvm/java-7-openjdk-amd64/jre/lib/amd64/libjawt.so
7f6164678000-7f6164679000 r--p 00000000 08:03 3934229                    /usr/lib/jvm/java-7-openjdk-amd64/jre/lib/amd64/libjawt.so
7f6164679000-7f616467a000 rw-p 00001000 08:03 3934229                    /usr/lib/jvm/java-7-openjdk-amd64/jre/lib/amd64/libjawt.so
7f616467a000-7f616467d000 ---p 00000000 00:00 0 
7f616467d000-7f616477b000 rw-p 00000000 00:00 0 
7f616477b000-7f616477e000 r-xp 00000000 08:03 12190599                   /lib/x86_64-linux-gnu/libgpg-error.so.0.8.0
7f616477e000-7f616497d000 ---p 00003000 08:03 12190599                   /lib/x86_64-linux-gnu/libgpg-error.so.0.8.0
7f616497d000-7f616497e000 rw-p 00002000 08:03 12190599                   /lib/x86_64-linux-gnu/libgpg-error.so.0.8.0
7f616497e000-7f61649c2000 r-xp 00000000 08:03 12190580                   /lib/x86_64-linux-gnu/libdbus-1.so.3.7.2
7f61649c2000-7f6164bc2000 ---p 00044000 08:03 12190580                   /lib/x86_64-linux-gnu/libdbus-1.so.3.7.2
7f6164bc2000-7f6164bc3000 r--p 00044000 08:03 12190580                   /lib/x86_64-linux-gnu/libdbus-1.so.3.7.2
7f6164bc3000-7f6164bc4000 rw-p 00045000 08:03 12190580                   /lib/x86_64-linux-gnu/libdbus-1.so.3.7.2
7f6164bc4000-7f6164bd5000 r-xp 00000000 08:03 4200305                    /usr/lib/x86_64-linux-gnu/libp11-kit.so.0.0.0
7f6164bd5000-7f6164dd4000 ---p 00011000 08:03 4200305                    /usr/lib/x86_64-linux-gnu/libp11-kit.so.0.0.0
7f6164dd4000-7f6164dd5000 r--p 00010000 08:03 4200305                    /usr/lib/x86_64-linux-gnu/libp11-kit.so.0.0.0
7f6164dd5000-7f6164dd6000 rw-p 00011000 08:03 4200305                    /usr/lib/x86_64-linux-gnu/libp11-kit.so.0.0.0
7f6164dd6000-7f6164e50000 r-xp 00000000 08:03 12190595                   /lib/x86_64-linux-gnu/libgcrypt.so.11.7.0
7f6164e50000-7f6165050000 ---p 0007a000 08:03 12190595                   /lib/x86_64-linux-gnu/libgcrypt.so.11.7.0
7f6165050000-7f6165051000 r--p 0007a000 08:03 12190595                   /lib/x86_64-linux-gnu/libgcrypt.so.11.7.0
7f6165051000-7f6165054000 rw-p 0007b000 08:03 12190595                   /lib/x86_64-linux-gnu/libgcrypt.so.11.7.0
7f6165054000-7f6165064000 r-xp 00000000 08:03 4200448                    /usr/lib/x86_64-linux-gnu/libtasn1.so.3.1.16
7f6165064000-7f6165263000 ---p 00010000 08:03 4200448                    /usr/lib/x86_64-linux-gnu/libtasn1.so.3.1.16
7f6165263000-7f6165264000 r--p 0000f000 08:03 4200448                    /usr/lib/x86_64-linux-gnu/libtasn1.so.3.1.16
7f6165264000-7f6165265000 rw-p 00010000 08:03 4200448                    /usr/lib/x86_64-linux-gnu/libtasn1.so.3.1.16
7f6165265000-7f6165268000 r-xp 00000000 08:03 12190610                   /lib/x86_64-linux-gnu/libkeyutils.so.1.4
7f6165268000-7f6165467000 ---p 00003000 08:03 12190610                   /lib/x86_64-linux-gnu/libkeyutils.so.1.4
7f6165467000-7f6165468000 r--p 00002000 08:03 12190610                   /lib/x86_64-linux-gnu/libkeyutils.so.1.4
7f6165468000-7f6165469000 rw-p 00003000 08:03 12190610                   /lib/x86_64-linux-gnu/libkeyutils.so.1.4
7f6165469000-7f6165471000 r-xp 00000000 08:03 4200208                    /usr/lib/x86_64-linux-gnu/libkrb5support.so.0.1
7f6165471000-7f6165670000 ---p 00008000 08:03 4200208                    /usr/lib/x86_64-linux-gnu/libkrb5support.so.0.1
7f6165670000-7f6165671000 r--p 00007000 08:03 4200208                    /usr/lib/x86_64-linux-gnu/libkrb5support.so.0.1
7f6165671000-7f6165672000 rw-p 00008000 08:03 4200208                    /usr/lib/x86_64-linux-gnu/libkrb5support.so.0.1
7f6165672000-7f6165675000 r-xp 00000000 08:03 12190576                   /lib/x86_64-linux-gnu/libcom_err.so.2.1
7f6165675000-7f6165874000 ---p 00003000 08:03 12190576                   /lib/x86_64-linux-gnu/libcom_err.so.2.1
7f6165874000-7f6165875000 r--p 00002000 08:03 12190576                   /lib/x86_64-linux-gnu/libcom_err.so.2.1
7f6165875000-7f6165876000 rw-p 00003000 08:03 12190576                   /lib/x86_64-linux-gnu/libcom_err.so.2.1
7f6165876000-7f616589c000 r-xp 00000000 08:03 4200198                    /usr/lib/x86_64-linux-gnu/libk5crypto.so.3.1
7f616589c000-7f6165a9c000 ---p 00026000 08:03 4200198                    /usr/lib/x86_64-linux-gnu/libk5crypto.so.3.1
7f6165a9c000-7f6165a9d000 r--p 00026000 08:03 4200198                    /usr/lib/x86_64-linux-gnu/libk5crypto.so.3.1
7f6165a9d000-7f6165a9e000 rw-p 00027000 08:03 4200198                    /usr/lib/x86_64-linux-gnu/libk5crypto.so.3.1
7f6165a9e000-7f6165a9f000 rw-p 00000000 00:00 0 
7f6165a9f000-7f6165b68000 r-xp 00000000 08:03 4200206                    /usr/lib/x86_64-linux-gnu/libkrb5.so.3.3
7f6165b68000-7f6165d67000 ---p 000c9000 08:03 4200206                    /usr/lib/x86_64-linux-gnu/libkrb5.so.3.3
7f6165d67000-7f6165d71000 r--p 000c8000 08:03 4200206                    /usr/lib/x86_64-linux-gnu/libkrb5.so.3.3
7f6165d71000-7f6165d73000 rw-p 000d2000 08:03 4200206                    /usr/lib/x86_64-linux-gnu/libkrb5.so.3.3
7f6165d73000-7f6165d78000 r-xp 00000000 08:03 4199743                    /usr/lib/x86_64-linux-gnu/libXdmcp.so.6.0.0
7f6165d78000-7f6165f77000 ---p 00005000 08:03 4199743                    /usr/lib/x86_64-linux-gnu/libXdmcp.so.6.0.0
7f6165f77000-7f6165f78000 rw-p 00004000 08:03 4199743                    /usr/lib/x86_64-linux-gnu/libXdmcp.so.6.0.0
7f6165f78000-7f6165f7a000 r-xp 00000000 08:03 4199732                    /usr/lib/x86_64-linux-gnu/libXau.so.6.0.0
7f6165f7a000-7f616617a000 ---p 00002000 08:03 4199732                    /usr/lib/x86_64-linux-gnu/libXau.so.6.0.0
7f616617a000-7f616617b000 rw-p 00002000 08:03 4199732                    /usr/lib/x86_64-linux-gnu/libXau.so.6.0.0
7f616617b000-7f616618b000 r-xp 00000000 08:03 4199807                    /usr/lib/x86_64-linux-gnu/libavahi-client.so.3.2.9
7f616618b000-7f616638a000 ---p 00010000 08:03 4199807                    /usr/lib/x86_64-linux-gnu/libavahi-client.so.3.2.9
7f616638a000-7f616638b000 r--p 0000f000 08:03 4199807                    /usr/lib/x86_64-linux-gnu/libavahi-client.so.3.2.9
7f616638b000-7f616638c000 rw-p 00010000 08:03 4199807                    /usr/lib/x86_64-linux-gnu/libavahi-client.so.3.2.9
7f616638c000-7f6166398000 r-xp 00000000 08:03 4199809                    /usr/lib/x86_64-linux-gnu/libavahi-common.so.3.5.3
7f6166398000-7f6166597000 ---p 0000c000 08:03 4199809                    /usr/lib/x86_64-linux-gnu/libavahi-common.so.3.5.3
7f6166597000-7f6166598000 r--p 0000b000 08:03 4199809                    /usr/lib/x86_64-linux-gnu/libavahi-common.so.3.5.3
7f6166598000-7f6166599000 rw-p 0000c000 08:03 4199809                    /usr/lib/x86_64-linux-gnu/libavahi-common.so.3.5.3
7f6166599000-7f6166652000 r-xp 00000000 08:03 4200060                    /usr/lib/x86_64-linux-gnu/libgnutls.so.26.22.4
7f6166652000-7f6166851000 ---p 000b9000 08:03 4200060                    /usr/lib/x86_64-linux-gnu/libgnutls.so.26.22.4
7f6166851000-7f6166857000 r--p 000b8000 08:03 4200060                    /usr/lib/x86_64-linux-gnu/libgnutls.so.26.22.4
7f6166857000-7f6166859000 rw-p 000be000 08:03 4200060                    /usr/lib/x86_64-linux-gnu/libgnutls.so.26.22.4
7f6166859000-7f6166895000 r-xp 00000000 08:03 4200085                    /usr/lib/x86_64-linux-gnu/libgssapi_krb5.so.2.2
7f6166895000-7f6166a95000 ---p 0003c000 08:03 4200085                    /usr/lib/x86_64-linux-gnu/libgssapi_krb5.so.2.2
7f6166a95000-7f6166a96000 r--p 0003c000 08:03 4200085                    /usr/lib/x86_64-linux-gnu/libgssapi_krb5.so.2.2
7f6166a96000-7f6166a98000 rw-p 0003d000 08:03 4200085                    /usr/lib/x86_64-linux-gnu/libgssapi_krb5.so.2.2
7f6166a98000-7f6166ad4000 r-xp 00000000 08:03 12190663                   /lib/x86_64-linux-gnu/libpcre.so.3.13.1
7f6166ad4000-7f6166cd4000 ---p 0003c000 08:03 12190663                   /lib/x86_64-linux-gnu/libpcre.so.3.13.1
7f6166cd4000-7f6166cd5000 rw-p 0003c000 08:03 12190663                   /lib/x86_64-linux-gnu/libpcre.so.3.13.1
7f6166cd5000-7f6166ce1000 r-xp 00000000 08:03 4199961                    /usr/lib/x86_64-linux-gnu/libffi.so.5.0.10
7f6166ce1000-7f6166ee1000 ---p 0000c000 08:03 4199961                    /usr/lib/x86_64-linux-gnu/libffi.so.5.0.10
7f6166ee1000-7f6166ee2000 rw-p 0000c000 08:03 4199961                    /usr/lib/x86_64-linux-gnu/libffi.so.5.0.10
7f6166ee2000-7f6166f09000 r-xp 00000000 08:03 12190588                   /lib/x86_64-linux-gnu/libexpat.so.1.6.0
7f6166f09000-7f6167109000 ---p 00027000 08:03 12190588                   /lib/x86_64-linux-gnu/libexpat.so.1.6.0
7f6167109000-7f616710b000 r--p 00027000 08:03 12190588                   /lib/x86_64-linux-gnu/libexpat.so.1.6.0
7f616710b000-7f616710c000 rw-p 00029000 08:03 12190588                   /lib/x86_64-linux-gnu/libexpat.so.1.6.0
7f616710c000-7f6167114000 r-xp 00000000 08:03 4200521                    /usr/lib/x86_64-linux-gnu/libxcb-render.so.0.0.0
7f6167114000-7f6167314000 ---p 00008000 08:03 4200521                    /usr/lib/x86_64-linux-gnu/libxcb-render.so.0.0.0
7f6167314000-7f6167315000 r--p 00008000 08:03 4200521                    /usr/lib/x86_64-linux-gnu/libxcb-render.so.0.0.0
7f6167315000-7f6167316000 rw-p 00009000 08:03 4200521                    /usr/lib/x86_64-linux-gnu/libxcb-render.so.0.0.0
7f6167316000-7f6167318000 r-xp 00000000 08:03 4200525                    /usr/lib/x86_64-linux-gnu/libxcb-shm.so.0.0.0
7f6167318000-7f6167517000 ---p 00002000 08:03 4200525                    /usr/lib/x86_64-linux-gnu/libxcb-shm.so.0.0.0
7f6167517000-7f6167518000 r--p 00001000 08:03 4200525                    /usr/lib/x86_64-linux-gnu/libxcb-shm.so.0.0.0
7f6167518000-7f6167519000 rw-p 00002000 08:03 4200525                    /usr/lib/x86_64-linux-gnu/libxcb-shm.so.0.0.0
7f6167519000-7f6167599000 r-xp 00000000 08:03 4200335                    /usr/lib/x86_64-linux-gnu/libpixman-1.so.0.26.0
7f6167599000-7f6167799000 ---p 00080000 08:03 4200335                    /usr/lib/x86_64-linux-gnu/libpixman-1.so.0.26.0
7f6167799000-7f616779f000 rw-p 00080000 08:03 4200335                    /usr/lib/x86_64-linux-gnu/libpixman-1.so.0.26.0
7f616779f000-7f61677c5000 r-xp 00000000 08:03 12190665                   /lib/x86_64-linux-gnu/libpng12.so.0.49.0
7f61677c5000-7f61679c4000 ---p 00026000 08:03 12190665                   /lib/x86_64-linux-gnu/libpng12.so.0.49.0
7f61679c4000-7f61679c5000 r--p 00025000 08:03 12190665                   /lib/x86_64-linux-gnu/libpng12.so.0.49.0
7f61679c5000-7f61679c6000 rw-p 00026000 08:03 12190665                   /lib/x86_64-linux-gnu/libpng12.so.0.49.0
7f61679c6000-7f61679d9000 r-xp 00000000 08:03 12190676                   /lib/x86_64-linux-gnu/libresolv-2.13.so
7f61679d9000-7f6167bd8000 ---p 00013000 08:03 12190676                   /lib/x86_64-linux-gnu/libresolv-2.13.so
7f6167bd8000-7f6167bd9000 r--p 00012000 08:03 12190676                   /lib/x86_64-linux-gnu/libresolv-2.13.so
7f6167bd9000-7f6167bda000 rw-p 00013000 08:03 12190676                   /lib/x86_64-linux-gnu/libresolv-2.13.so
7f6167bda000-7f6167bdc000 rw-p 00000000 00:00 0 
7f6167bdc000-7f6167bfa000 r-xp 00000000 08:03 12190680                   /lib/x86_64-linux-gnu/libselinux.so.1
7f6167bfa000-7f6167df9000 ---p 0001e000 08:03 12190680                   /lib/x86_64-linux-gnu/libselinux.so.1
7f6167df9000-7f6167dfa000 r--p 0001d000 08:03 12190680                   /lib/x86_64-linux-gnu/libselinux.so.1
7f6167dfa000-7f6167dfb000 rw-p 0001e000 08:03 12190680                   /lib/x86_64-linux-gnu/libselinux.so.1
7f6167dfb000-7f6167dfc000 rw-p 00000000 00:00 0 
7f6167dfc000-7f6167dff000 r-xp 00000000 08:03 4200052                    /usr/lib/x86_64-linux-gnu/libgmodule-2.0.so.0.3200.4
7f6167dff000-7f6167ffe000 ---p 00003000 08:03 4200052                    /usr/lib/x86_64-linux-gnu/libgmodule-2.0.so.0.3200.4
7f6167ffe000-7f6167fff000 r--p 00002000 08:03 4200052                    /usr/lib/x86_64-linux-gnu/libgmodule-2.0.so.0.3200.4
7f6167fff000-7f6168000000 rw-p 00003000 08:03 4200052                    /usr/lib/x86_64-linux-gnu/libgmodule-2.0.so.0.3200.4
7f6168000000-7f6169220000 rw-p 00000000 00:00 0 
7f6169220000-7f616c000000 ---p 00000000 00:00 0 
7f616c077000-7f616c0f4000 rw-p 00000000 00:00 0 
7f616c0f4000-7f616c0f7000 ---p 00000000 00:00 0 
7f616c0f7000-7f616c1f5000 rw-p 00000000 00:00 0 
7f616c1f5000-7f616c1ff000 r-xp 00000000 08:03 4199739                    /usr/lib/x86_64-linux-gnu/libXcursor.so.1.0.2
7f616c1ff000-7f616c3fe000 ---p 0000a000 08:03 4199739                    /usr/lib/x86_64-linux-gnu/libXcursor.so.1.0.2
7f616c3fe000-7f616c3ff000 rw-p 00009000 08:03 4199739                    /usr/lib/x86_64-linux-gnu/libXcursor.so.1.0.2
7f616c3ff000-7f616c406000 r-xp 00000000 08:03 4199761                    /usr/lib/x86_64-linux-gnu/libXrandr.so.2.2.0
7f616c406000-7f616c606000 ---p 00007000 08:03 4199761                    /usr/lib/x86_64-linux-gnu/libXrandr.so.2.2.0
7f616c606000-7f616c607000 rw-p 00007000 08:03 4199761                    /usr/lib/x86_64-linux-gnu/libXrandr.so.2.2.0
7f616c607000-7f616c609000 r-xp 00000000 08:03 4199753                    /usr/lib/x86_64-linux-gnu/libXinerama.so.1.0.0
7f616c609000-7f616c808000 ---p 00002000 08:03 4199753                    /usr/lib/x86_64-linux-gnu/libXinerama.so.1.0.0
7f616c808000-7f616c809000 rw-p 00001000 08:03 4199753                    /usr/lib/x86_64-linux-gnu/libXinerama.so.1.0.0
7f616c809000-7f616c80e000 r-xp 00000000 08:03 4199747                    /usr/lib/x86_64-linux-gnu/libXfixes.so.3.1.0
7f616c80e000-7f616ca0d000 ---p 00005000 08:03 4199747                    /usr/lib/x86_64-linux-gnu/libXfixes.so.3.1.0
7f616ca0d000-7f616ca0e000 r--p 00004000 08:03 4199747                    /usr/lib/x86_64-linux-gnu/libXfixes.so.3.1.0
7f616ca0e000-7f616ca0f000 rw-p 00005000 08:03 4199747                    /usr/lib/x86_64-linux-gnu/libXfixes.so.3.1.0
7f616ca0f000-7f616ca11000 r-xp 00000000 08:03 4199741                    /usr/lib/x86_64-linux-gnu/libXdamage.so.1.1.0
7f616ca11000-7f616cc10000 ---p 00002000 08:03 4199741                    /usr/lib/x86_64-linux-gnu/libXdamage.so.1.1.0
7f616cc10000-7f616cc11000 rw-p 00001000 08:03 4199741                    /usr/lib/x86_64-linux-gnu/libXdamage.so.1.1.0
7f616cc11000-7f616cc13000 r-xp 00000000 08:03 4199737                    /usr/lib/x86_64-linux-gnu/libXcomposite.so.1.0.0
7f616cc13000-7f616ce12000 ---p 00002000 08:03 4199737                    /usr/lib/x86_64-linux-gnu/libXcomposite.so.1.0.0
7f616ce12000-7f616ce13000 rw-p 00001000 08:03 4199737                    /usr/lib/x86_64-linux-gnu/libXcomposite.so.1.0.0
7f616ce13000-7f616ce32000 r-xp 00000000 08:03 4200529                    /usr/lib/x86_64-linux-gnu/libxcb.so.1.1.0
7f616ce32000-7f616d031000 ---p 0001f000 08:03 4200529                    /usr/lib/x86_64-linux-gnu/libxcb.so.1.1.0
7f616d031000-7f616d032000 r--p 0001e000 08:03 4200529                    /usr/lib/x86_64-linux-gnu/libxcb.so.1.1.0
7f616d032000-7f616d033000 rw-p 0001f000 08:03 4200529                    /usr/lib/x86_64-linux-gnu/libxcb.so.1.1.0
7f616d033000-7f616d086000 r-xp 00000000 08:03 4199889                    /usr/lib/x86_64-linux-gnu/libcups.so.2
7f616d086000-7f616d285000 ---p 00053000 08:03 4199889                    /usr/lib/x86_64-linux-gnu/libcups.so.2
7f616d285000-7f616d28a000 r--p 00052000 08:03 4199889                    /usr/lib/x86_64-linux-gnu/libcups.so.2
7f616d28a000-7f616d28b000 rw-p 00057000 08:03 4199889                    /usr/lib/x86_64-linux-gnu/libcups.so.2
7f616d28b000-7f616d380000 r-xp 00000000 08:03 12190597                   /lib/x86_64-linux-gnu/libglib-2.0.so.0.3200.4
7f616d380000-7f616d580000 ---p 000f5000 08:03 12190597                   /lib/x86_64-linux-gnu/libglib-2.0.so.0.3200.4
7f616d580000-7f616d581000 r--p 000f5000 08:03 12190597                   /lib/x86_64-linux-gnu/libglib-2.0.so.0.3200.4
7f616d581000-7f616d582000 rw-p 000f6000 08:03 12190597                   /lib/x86_64-linux-gnu/libglib-2.0.so.0.3200.4
7f616d582000-7f616d583000 rw-p 00000000 00:00 0 
7f616d583000-7f616d584000 r-xp 00000000 08:03 4200137                    /usr/lib/x86_64-linux-gnu/libgthread-2.0.so.0.3200.4
7f616d584000-7f616d783000 ---p 00001000 08:03 4200137                    /usr/lib/x86_64-linux-gnu/libgthread-2.0.so.0.3200.4
7f616d783000-7f616d784000 r--p 00000000 08:03 4200137                    /usr/lib/x86_64-linux-gnu/libgthread-2.0.so.0.3200.4
7f616d784000-7f616d785000 rw-p 00001000 08:03 4200137                    /usr/lib/x86_64-linux-gnu/libgthread-2.0.so.0.3200.4
7f616d785000-7f616d7d3000 r-xp 00000000 08:03 4200068                    /usr/lib/x86_64-linux-gnu/libgobject-2.0.so.0.3200.4
7f616d7d3000-7f616d9d3000 ---p 0004e000 08:03 4200068                    /usr/lib/x86_64-linux-gnu/libgobject-2.0.so.0.3200.4
7f616d9d3000-7f616d9d4000 r--p 0004e000 08:03 4200068                    /usr/lib/x86_64-linux-gnu/libgobject-2.0.so.0.3200.4
7f616d9d4000-7f616d9d5000 rw-p 0004f000 08:03 4200068                    /usr/lib/x86_64-linux-gnu/libgobject-2.0.so.0.3200.4
7f616d9d5000-7f616da0a000 r-xp 00000000 08:03 4199999                    /usr/lib/x86_64-linux-gnu/libfontconfig.so.1.5.0
7f616da0a000-7f616dc0a000 ---p 00035000 08:03 4199999                    /usr/lib/x86_64-linux-gnu/libfontconfig.so.1.5.0
7f616dc0a000-7f616dc0b000 r--p 00035000 08:03 4199999                    /usr/lib/x86_64-linux-gnu/libfontconfig.so.1.5.0
7f616dc0b000-7f616dc0c000 rw-p 00036000 08:03 4199999                    /usr/lib/x86_64-linux-gnu/libfontconfig.so.1.5.0
7f616dc0c000-7f616dca5000 r-xp 00000000 08:03 4200007                    /usr/lib/x86_64-linux-gnu/libfreetype.so.6.8.1
7f616dca5000-7f616dea4000 ---p 00099000 08:03 4200007                    /usr/lib/x86_64-linux-gnu/libfreetype.so.6.8.1
7f616dea4000-7f616deaa000 r--p 00098000 08:03 4200007                    /usr/lib/x86_64-linux-gnu/libfreetype.so.6.8.1
7f616deaa000-7f616deab000 rw-p 0009e000 08:03 4200007                    /usr/lib/x86_64-linux-gnu/libfreetype.so.6.8.1
7f616deab000-7f616def5000 r-xp 00000000 08:03 4200313                    /usr/lib/x86_64-linux-gnu/libpango-1.0.so.0.3000.0
7f616def5000-7f616e0f5000 ---p 0004a000 08:03 4200313                    /usr/lib/x86_64-linux-gnu/libpango-1.0.so.0.3000.0
7f616e0f5000-7f616e0f7000 r--p 0004a000 08:03 4200313                    /usr/lib/x86_64-linux-gnu/libpango-1.0.so.0.3000.0
7f616e0f7000-7f616e0f8000 rw-p 0004c000 08:03 4200313                    /usr/lib/x86_64-linux-gnu/libpango-1.0.so.0.3000.0
7f616e0f8000-7f616e1ec000 r-xp 00000000 08:03 4199843                    /usr/lib/x86_64-linux-gnu/libcairo.so.2.11200.2
7f616e1ec000-7f616e3eb000 ---p 000f4000 08:03 4199843                    /usr/lib/x86_64-linux-gnu/libcairo.so.2.11200.2
7f616e3eb000-7f616e3ee000 r--p 000f3000 08:03 4199843                    /usr/lib/x86_64-linux-gnu/libcairo.so.2.11200.2
7f616e3ee000-7f616e3ef000 rw-p 000f6000 08:03 4199843                    /usr/lib/x86_64-linux-gnu/libcairo.so.2.11200.2
7f616e3ef000-7f616e3f1000 rw-p 00000000 00:00 0 
7f616e3f1000-7f616e410000 r-xp 00000000 08:03 4200030                    /usr/lib/x86_64-linux-gnu/libgdk_pixbuf-2.0.so.0.2600.1
7f616e410000-7f616e60f000 ---p 0001f000 08:03 4200030                    /usr/lib/x86_64-linux-gnu/libgdk_pixbuf-2.0.so.0.2600.1
7f616e60f000-7f616e610000 r--p 0001e000 08:03 4200030                    /usr/lib/x86_64-linux-gnu/libgdk_pixbuf-2.0.so.0.2600.1
7f616e610000-7f616e611000 rw-p 0001f000 08:03 4200030                    /usr/lib/x86_64-linux-gnu/libgdk_pixbuf-2.0.so.0.2600.1
7f616e611000-7f616e61d000 r-xp 00000000 08:03 4200315                    /usr/lib/x86_64-linux-gnu/libpangocairo-1.0.so.0.3000.0
7f616e61d000-7f616e81c000 ---p 0000c000 08:03 4200315                    /usr/lib/x86_64-linux-gnu/libpangocairo-1.0.so.0.3000.0
7f616e81c000-7f616e81d000 r--p 0000b000 08:03 4200315                    /usr/lib/x86_64-linux-gnu/libpangocairo-1.0.so.0.3000.0
7f616e81d000-7f616e81e000 rw-p 0000c000 08:03 4200315                    /usr/lib/x86_64-linux-gnu/libpangocairo-1.0.so.0.3000.0
7f616e81e000-7f616e848000 r-xp 00000000 08:03 4200317                    /usr/lib/x86_64-linux-gnu/libpangoft2-1.0.so.0.3000.0
7f616e848000-7f616ea47000 ---p 0002a000 08:03 4200317                    /usr/lib/x86_64-linux-gnu/libpangoft2-1.0.so.0.3000.0
7f616ea47000-7f616ea48000 r--p 00029000 08:03 4200317                    /usr/lib/x86_64-linux-gnu/libpangoft2-1.0.so.0.3000.0
7f616ea48000-7f616ea49000 rw-p 0002a000 08:03 4200317                    /usr/lib/x86_64-linux-gnu/libpangoft2-1.0.so.0.3000.0
7f616ea49000-7f616eb95000 r-xp 00000000 08:03 4200042                    /usr/lib/x86_64-linux-gnu/libgio-2.0.so.0.3200.4
7f616eb95000-7f616ed94000 ---p 0014c000 08:03 4200042                    /usr/lib/x86_64-linux-gnu/libgio-2.0.so.0.3200.4
7f616ed94000-7f616ed98000 r--p 0014b000 08:03 4200042                    /usr/lib/x86_64-linux-gnu/libgio-2.0.so.0.3200.4
7f616ed98000-7f616ed9a000 rw-p 0014f000 08:03 4200042                    /usr/lib/x86_64-linux-gnu/libgio-2.0.so.0.3200.4
7f616ed9a000-7f616ed9c000 rw-p 00000000 00:00 0 
7f616ed9c000-7f616edbd000 r-xp 00000000 08:03 4199799                    /usr/lib/x86_64-linux-gnu/libatk-1.0.so.0.20409.1
7f616edbd000-7f616efbc000 ---p 00021000 08:03 4199799                    /usr/lib/x86_64-linux-gnu/libatk-1.0.so.0.20409.1
7f616efbc000-7f616efbe000 r--p 00020000 08:03 4199799                    /usr/lib/x86_64-linux-gnu/libatk-1.0.so.0.20409.1
7f616efbe000-7f616efbf000 rw-p 00022000 08:03 4199799                    /usr/lib/x86_64-linux-gnu/libatk-1.0.so.0.20409.1
7f616efbf000-7f616f06e000 r-xp 00000000 08:03 4200028                    /usr/lib/x86_64-linux-gnu/libgdk-x11-2.0.so.0.2400.10
7f616f06e000-7f616f26d000 ---p 000af000 08:03 4200028                    /usr/lib/x86_64-linux-gnu/libgdk-x11-2.0.so.0.2400.10
7f616f26d000-7f616f272000 rw-p 000ae000 08:03 4200028                    /usr/lib/x86_64-linux-gnu/libgdk-x11-2.0.so.0.2400.10
7f616f272000-7f616f6a4000 r-xp 00000000 08:03 4200141                    /usr/lib/x86_64-linux-gnu/libgtk-x11-2.0.so.0.2400.10
7f616f6a4000-7f616f8a4000 ---p 00432000 08:03 4200141                    /usr/lib/x86_64-linux-gnu/libgtk-x11-2.0.so.0.2400.10
7f616f8a4000-7f616f8af000 rw-p 00432000 08:03 4200141                    /usr/lib/x86_64-linux-gnu/libgtk-x11-2.0.so.0.2400.10
7f616f8af000-7f616f8b1000 rw-p 00000000 00:00 0 
7f616f8b1000-7f616f8bf000 r-xp 00000000 08:03 4199751                    /usr/lib/x86_64-linux-gnu/libXi.so.6.1.0
7f616f8bf000-7f616fabf000 ---p 0000e000 08:03 4199751                    /usr/lib/x86_64-linux-gnu/libXi.so.6.1.0
7f616fabf000-7f616fac0000 rw-p 0000e000 08:03 4199751                    /usr/lib/x86_64-linux-gnu/libXi.so.6.1.0
7f616fac0000-7f616fac5000 r-xp 00000000 08:03 4199769                    /usr/lib/x86_64-linux-gnu/libXtst.so.6.1.0
7f616fac5000-7f616fcc4000 ---p 00005000 08:03 4199769                    /usr/lib/x86_64-linux-gnu/libXtst.so.6.1.0
7f616fcc4000-7f616fcc5000 rw-p 00004000 08:03 4199769                    /usr/lib/x86_64-linux-gnu/libXtst.so.6.1.0
7f616fcc5000-7f616fdfa000 r-xp 00000000 08:03 4199728                    /usr/lib/x86_64-linux-gnu/libX11.so.6.3.0
7f616fdfa000-7f616fffa000 ---p 00135000 08:03 4199728                    /usr/lib/x86_64-linux-gnu/libX11.so.6.3.0
7f616fffa000-7f6170000000 rw-p 00135000 08:03 4199728                    /usr/lib/x86_64-linux-gnu/libX11.so.6.3.0
7f6170000000-7f6173892000 rw-p 00000000 00:00 0 
7f6173892000-7f6174000000 ---p 00000000 00:00 0 
7f6174026000-7f617406e000 rw-p 00000000 00:00 0 
7f617406e000-7f617407e000 rw-s e0200000 00:05 8262                       /dev/ati/card0
7f617407e000-7f6174081000 ---p 00000000 00:00 0 
7f6174081000-7f61740b7000 rw-p 00000000 00:00 0 
7f61740b7000-7f61740c0000 r-xp 00000000 08:03 4199763                    /usr/lib/x86_64-linux-gnu/libXrender.so.1.3.0
7f61740c0000-7f61742bf000 ---p 00009000 08:03 4199763                    /usr/lib/x86_64-linux-gnu/libXrender.so.1.3.0
7f61742bf000-7f61742c0000 rw-p 00008000 08:03 4199763                    /usr/lib/x86_64-linux-gnu/libXrender.so.1.3.0
7f61742c0000-7f61742d1000 r-xp 00000000 08:03 4199745                    /usr/lib/x86_64-linux-gnu/libXext.so.6.4.0
7f61742d1000-7f61744d1000 ---p 00011000 08:03 4199745                    /usr/lib/x86_64-linux-gnu/libXext.so.6.4.0
7f61744d1000-7f61744d2000 rw-p 00011000 08:03 4199745                    /usr/lib/x86_64-linux-gnu/libXext.so.6.4.0
7f61744e0000-7f61744e1000 rw-s 00005000 00:05 8262                       /dev/ati/card0
7f61744e1000-7f61744e3000 rw-s 00002000 00:05 8262                       /dev/ati/card0
7f61744e3000-7f61744ea000 r--s 00000000 08:03 4199493                    /usr/lib/x86_64-linux-gnu/gconv/gconv-modules.cache
7f61744ea000-7f61744f3000 r--s 000b9000 08:03 3934170                    /usr/lib/jvm/java-7-openjdk-amd64/jre/lib/resources.jar
7f61744f3000-7f6174546000 r-xp 00000000 08:03 3934319                    /usr/lib/jvm/java-7-openjdk-amd64/jre/lib/amd64/xawt/libmawt.so
7f6174546000-7f6174745000 ---p 00053000 08:03 3934319                    /usr/lib/jvm/java-7-openjdk-amd64/jre/lib/amd64/xawt/libmawt.so
7f6174745000-7f6174746000 r--p 00052000 08:03 3934319                    /usr/lib/jvm/java-7-openjdk-amd64/jre/lib/amd64/xawt/libmawt.so
7f6174746000-7f6174749000 rw-p 00053000 08:03 3934319                    /usr/lib/jvm/java-7-openjdk-amd64/jre/lib/amd64/xawt/libmawt.so
7f6174749000-7f617474a000 rw-p 00000000 00:00 0 
7f617474a000-7f61747eb000 r-xp 00000000 08:03 3934218                    /usr/lib/jvm/java-7-openjdk-amd64/jre/lib/amd64/libawt.so
7f61747eb000-7f61749ea000 ---p 000a1000 08:03 3934218                    /usr/lib/jvm/java-7-openjdk-amd64/jre/lib/amd64/libawt.so
7f61749ea000-7f61749eb000 r--p 000a0000 08:03 3934218                    /usr/lib/jvm/java-7-openjdk-amd64/jre/lib/amd64/libawt.so
7f61749eb000-7f61749f6000 rw-p 000a1000 08:03 3934218                    /usr/lib/jvm/java-7-openjdk-amd64/jre/lib/amd64/libawt.so
7f61749f6000-7f6174a1b000 rw-p 00000000 00:00 0 
7f6174a1b000-7f6174a20000 r--s 0004c000 08:03 3934152                    /usr/lib/jvm/java-7-openjdk-amd64/jre/lib/jsse.jar
7f6174a20000-7f6174a5d000 r-xp 00000000 08:03 10486184                   /tmp/libgdxchobe/5502b6ed/libgdx64.so
7f6174a5d000-7f6174c5c000 ---p 0003d000 08:03 10486184                   /tmp/libgdxchobe/5502b6ed/libgdx64.so
7f6174c5c000-7f6174c5d000 r--p 0003c000 08:03 10486184                   /tmp/libgdxchobe/5502b6ed/libgdx64.so
7f6174c5d000-7f6174c5e000 rw-p 0003d000 08:03 10486184                   /tmp/libgdxchobe/5502b6ed/libgdx64.so
7f6174c5e000-7f6174c5f000 r--s 00002000 08:03 10488693                   /home/chobe/.gradle/caches/modules-2/files-2.1/net.java.jinput/jinput-platform/2.0.5/53f9c919f34d2ca9de8c51fc4e1e8282029a9232/jinput-platform-2.0.5-natives-osx.jar
7f6174c5f000-7f6174c60000 r--s 00025000 08:03 10488692                   /home/chobe/.gradle/caches/modules-2/files-2.1/net.java.jinput/jinput-platform/2.0.5/385ee093e01f587f30ee1c8a2ee7d408fd732e16/jinput-platform-2.0.5-natives-windows.jar
7f6174c60000-7f6174c61000 r--s 00002000 08:03 10488691                   /home/chobe/.gradle/caches/modules-2/files-2.1/net.java.jinput/jinput-platform/2.0.5/7ff832a6eb9ab6a767f1ade2b548092d0fa64795/jinput-platform-2.0.5-natives-linux.jar
7f6174c61000-7f6174c62000 r--s 00001000 08:03 10488690                   /home/chobe/.gradle/caches/modules-2/files-2.1/net.java.jutils/jutils/1.0.0/e12fe1fda814bd348c1579329c86943d2cd3c6a6/jutils-1.0.0.jar
7f6174c62000-7f6174c66000 r--s 0002f000 08:03 10488689                   /home/chobe/.gradle/caches/modules-2/files-2.1/net.java.jinput/jinput/2.0.5/39c7796b469a600f72380316f6b1f11db6c2c7c4/jinput-2.0.5.jar
7f6174c66000-7f6174c67000 r--s 00080000 08:03 10488688                   /home/chobe/.gradle/caches/modules-2/files-2.1/org.lwjgl.lwjgl/lwjgl-platform/2.9.1/2d12c83fdfbc04ecabf02c7bc8cc54d034f0daac/lwjgl-platform-2.9.1-natives-osx.jar
7f6174c67000-7f6174c68000 r--s 0008b000 08:03 10488687                   /home/chobe/.gradle/caches/modules-2/files-2.1/org.lwjgl.lwjgl/lwjgl-platform/2.9.1/aa9aae879af8eb378e22cfc64db56ec2ca9a44d1/lwjgl-platform-2.9.1-natives-linux.jar
7f6174c68000-7f6174c7d000 r--s 00153000 08:03 10488660                   /home/chobe/.gradle/caches/modules-2/files-2.1/com.badlogicgames.gdx/gdx/1.1.0/686f5a609c717eb0769d3b954c501a49bf4fe351/gdx-1.1.0.jar
7f6174c7d000-7f6174c7e000 r--s 000cd000 08:03 10488678                   /home/chobe/.gradle/caches/modules-2/files-2.1/com.badlogicgames.gdx/gdx-platform/1.1.0/1c7ea4239c2d9adda420c15985fe3885c481fdcf/gdx-platform-1.1.0-natives-desktop.jar
7f6174c7e000-7f6174c81000 r--s 0001f000 08:03 10488677                   /home/chobe/.gradle/caches/modules-2/files-2.1/com.badlogicgames.gdx/gdx-backend-lwjgl/1.1.0/eafa409559820c1696e165e1280435f1332fc32b/gdx-backend-lwjgl-1.1.0.jar
7f6174c81000-7f6174c83000 r--s 00017000 08:01 754491                     /media/winDisk/Users/ChobeDucket/Documents/sheep/core/build/libs/core-1.0.jar
7f6174c83000-7f6174c87000 r--s 0003b000 08:03 3934173                    /usr/lib/jvm/java-7-openjdk-amd64/jre/lib/ext/sunpkcs11.jar
7f6174c87000-7f6174c88000 r--s 00002000 08:03 3934178                    /usr/lib/jvm/java-7-openjdk-amd64/jre/lib/ext/dnsns.jar
7f6174c88000-7f6174c8b000 r--s 00032000 08:03 3934176                    /usr/lib/jvm/java-7-openjdk-amd64/jre/lib/ext/sunjce_provider.jar
7f6174c8b000-7f6174c8d000 r--s 0000f000 08:03 3934175                    /usr/lib/jvm/java-7-openjdk-amd64/jre/lib/ext/pulse-java.jar
7f6174c8d000-7f6174c8f000 r--s 00012000 08:03 3934174                    /usr/lib/jvm/java-7-openjdk-amd64/jre/lib/ext/zipfs.jar
7f6174c8f000-7f6174c93000 r--s 00085000 08:03 3934172                    /usr/lib/jvm/java-7-openjdk-amd64/jre/lib/ext/localedata.jar
7f6174c93000-7f6174c94000 r--s 00007000 08:03 5645676                    /usr/share/java/java-atk-wrapper.jar
7f6174c94000-7f6174c95000 ---p 00000000 00:00 0 
7f6174c95000-7f6174d95000 rw-p 00000000 00:00 0 
7f6174d95000-7f6174d98000 ---p 00000000 00:00 0 
7f6174d98000-7f6174e96000 rw-p 00000000 00:00 0 
7f6174e96000-7f6174e99000 ---p 00000000 00:00 0 
7f6174e99000-7f6174f97000 rw-p 00000000 00:00 0 
7f6174f97000-7f6174f9a000 ---p 00000000 00:00 0 
7f6174f9a000-7f6175098000 rw-p 00000000 00:00 0 
7f6175098000-7f617509b000 ---p 00000000 00:00 0 
7f617509b000-7f6175199000 rw-p 00000000 00:00 0 
7f6175199000-7f6175310000 r--p 00000000 08:03 4066468                    /usr/lib/locale/locale-archive
7f6175310000-7f6175313000 ---p 00000000 00:00 0 
7f6175313000-7f6175411000 rw-p 00000000 00:00 0 
7f6175411000-7f6175414000 ---p 00000000 00:00 0 
7f6175414000-7f6175512000 rw-p 00000000 00:00 0 
7f6175512000-7f6175513000 ---p 00000000 00:00 0 
7f6175513000-7f6176610000 rw-p 00000000 00:00 0 
7f6176610000-7f61767be000 r--s 01cfc000 08:03 3934153                    /usr/lib/jvm/java-7-openjdk-amd64/jre/lib/rt.jar
7f61767be000-7f6178ea2000 rw-p 00000000 00:00 0 
7f6178ea2000-7f6178ea3000 ---p 00000000 00:00 0 
7f6178ea3000-7f6178fa3000 rw-p 00000000 00:00 0 
7f6178fa3000-7f6178fa4000 ---p 00000000 00:00 0 
7f6178fa4000-7f61790a4000 rw-p 00000000 00:00 0 
7f61790a4000-7f61790a5000 ---p 00000000 00:00 0 
7f61790a5000-7f61791a5000 rw-p 00000000 00:00 0 
7f61791a5000-7f61791a6000 ---p 00000000 00:00 0 
7f61791a6000-7f61792b1000 rw-p 00000000 00:00 0 
7f61792b1000-7f61792f9000 rw-p 00000000 00:00 0 
7f61792f9000-7f617930e000 rw-p 00000000 00:00 0 
7f617930e000-7f617943f000 rw-p 00000000 00:00 0 
7f617943f000-7f617944a000 rw-p 00000000 00:00 0 
7f617944a000-7f6179492000 rw-p 00000000 00:00 0 
7f6179492000-7f61794a7000 rw-p 00000000 00:00 0 
7f61794a7000-7f61795d7000 rw-p 00000000 00:00 0 
7f61795d7000-7f61795e2000 rw-p 00000000 00:00 0 
7f61795e2000-7f617967a000 rw-p 00000000 00:00 0 
7f617967a000-7f617967b000 rw-p 00000000 00:00 0 
7f617967b000-7f61798eb000 rwxp 00000000 00:00 0 
7f61798eb000-7f617c67b000 rw-p 00000000 00:00 0 
7f617c67b000-7f617c683000 r-xp 00000000 08:03 3934210                    /usr/lib/jvm/java-7-openjdk-amd64/jre/lib/amd64/libzip.so
7f617c683000-7f617c882000 ---p 00008000 08:03 3934210                    /usr/lib/jvm/java-7-openjdk-amd64/jre/lib/amd64/libzip.so
7f617c882000-7f617c883000 r--p 00007000 08:03 3934210                    /usr/lib/jvm/java-7-openjdk-amd64/jre/lib/amd64/libzip.so
7f617c883000-7f617c884000 rw-p 00008000 08:03 3934210                    /usr/lib/jvm/java-7-openjdk-amd64/jre/lib/amd64/libzip.so
7f617c884000-7f617c88f000 r-xp 00000000 08:03 12190641                   /lib/x86_64-linux-gnu/libnss_files-2.13.so
7f617c88f000-7f617ca8e000 ---p 0000b000 08:03 12190641                   /lib/x86_64-linux-gnu/libnss_files-2.13.so
7f617ca8e000-7f617ca8f000 r--p 0000a000 08:03 12190641                   /lib/x86_64-linux-gnu/libnss_files-2.13.so
7f617ca8f000-7f617ca90000 rw-p 0000b000 08:03 12190641                   /lib/x86_64-linux-gnu/libnss_files-2.13.so
7f617ca90000-7f617ca9a000 r-xp 00000000 08:03 12190645                   /lib/x86_64-linux-gnu/libnss_nis-2.13.so
7f617ca9a000-7f617cc99000 ---p 0000a000 08:03 12190645                   /lib/x86_64-linux-gnu/libnss_nis-2.13.so
7f617cc99000-7f617cc9a000 r--p 00009000 08:03 12190645                   /lib/x86_64-linux-gnu/libnss_nis-2.13.so
7f617cc9a000-7f617cc9b000 rw-p 0000a000 08:03 12190645                   /lib/x86_64-linux-gnu/libnss_nis-2.13.so
7f617cc9b000-7f617ccb0000 r-xp 00000000 08:03 12190635                   /lib/x86_64-linux-gnu/libnsl-2.13.so
7f617ccb0000-7f617ceaf000 ---p 00015000 08:03 12190635                   /lib/x86_64-linux-gnu/libnsl-2.13.so
7f617ceaf000-7f617ceb0000 r--p 00014000 08:03 12190635                   /lib/x86_64-linux-gnu/libnsl-2.13.so
7f617ceb0000-7f617ceb1000 rw-p 00015000 08:03 12190635                   /lib/x86_64-linux-gnu/libnsl-2.13.so
7f617ceb1000-7f617ceb3000 rw-p 00000000 00:00 0 
7f617ceb3000-7f617ceba000 r-xp 00000000 08:03 12190637                   /lib/x86_64-linux-gnu/libnss_compat-2.13.so
7f617ceba000-7f617d0b9000 ---p 00007000 08:03 12190637                   /lib/x86_64-linux-gnu/libnss_compat-2.13.so
7f617d0b9000-7f617d0ba000 r--p 00006000 08:03 12190637                   /lib/x86_64-linux-gnu/libnss_compat-2.13.so
7f617d0ba000-7f617d0bb000 rw-p 00007000 08:03 12190637                   /lib/x86_64-linux-gnu/libnss_compat-2.13.so
7f617d0bb000-7f617d0e6000 r-xp 00000000 08:03 3934215                    /usr/lib/jvm/java-7-openjdk-amd64/jre/lib/amd64/libjava.so
7f617d0e6000-7f617d2e5000 ---p 0002b000 08:03 3934215                    /usr/lib/jvm/java-7-openjdk-amd64/jre/lib/amd64/libjava.so
7f617d2e5000-7f617d2e6000 r--p 0002a000 08:03 3934215                    /usr/lib/jvm/java-7-openjdk-amd64/jre/lib/amd64/libjava.so
7f617d2e6000-7f617d2e8000 rw-p 0002b000 08:03 3934215                    /usr/lib/jvm/java-7-openjdk-amd64/jre/lib/amd64/libjava.so
7f617d2e8000-7f617d2f7000 r-xp 00000000 08:03 3934216                    /usr/lib/jvm/java-7-openjdk-amd64/jre/lib/amd64/libverify.so
7f617d2f7000-7f617d4f6000 ---p 0000f000 08:03 3934216                    /usr/lib/jvm/java-7-openjdk-amd64/jre/lib/amd64/libverify.so
7f617d4f6000-7f617d4f8000 r--p 0000e000 08:03 3934216                    /usr/lib/jvm/java-7-openjdk-amd64/jre/lib/amd64/libverify.so
7f617d4f8000-7f617d4f9000 rw-p 00010000 08:03 3934216                    /usr/lib/jvm/java-7-openjdk-amd64/jre/lib/amd64/libverify.so
7f617d4f9000-7f617d500000 r-xp 00000000 08:03 12190678                   /lib/x86_64-linux-gnu/librt-2.13.so
7f617d500000-7f617d6ff000 ---p 00007000 08:03 12190678                   /lib/x86_64-linux-gnu/librt-2.13.so
7f617d6ff000-7f617d700000 r--p 00006000 08:03 12190678                   /lib/x86_64-linux-gnu/librt-2.13.so
7f617d700000-7f617d701000 rw-p 00007000 08:03 12190678                   /lib/x86_64-linux-gnu/librt-2.13.so
7f617d701000-7f617d716000 r-xp 00000000 08:03 12190593                   /lib/x86_64-linux-gnu/libgcc_s.so.1
7f617d716000-7f617d916000 ---p 00015000 08:03 12190593                   /lib/x86_64-linux-gnu/libgcc_s.so.1
7f617d916000-7f617d917000 rw-p 00015000 08:03 12190593                   /lib/x86_64-linux-gnu/libgcc_s.so.1
7f617d917000-7f617d998000 r-xp 00000000 08:03 12190616                   /lib/x86_64-linux-gnu/libm-2.13.so
7f617d998000-7f617db97000 ---p 00081000 08:03 12190616                   /lib/x86_64-linux-gnu/libm-2.13.so
7f617db97000-7f617db98000 r--p 00080000 08:03 12190616                   /lib/x86_64-linux-gnu/libm-2.13.so
7f617db98000-7f617db99000 rw-p 00081000 08:03 12190616                   /lib/x86_64-linux-gnu/libm-2.13.so
7f617db99000-7f617dc81000 r-xp 00000000 08:03 4200440                    /usr/lib/x86_64-linux-gnu/libstdc++.so.6.0.17
7f617dc81000-7f617de81000 ---p 000e8000 08:03 4200440                    /usr/lib/x86_64-linux-gnu/libstdc++.so.6.0.17
7f617de81000-7f617de89000 r--p 000e8000 08:03 4200440                    /usr/lib/x86_64-linux-gnu/libstdc++.so.6.0.17
7f617de89000-7f617de8b000 rw-p 000f0000 08:03 4200440                    /usr/lib/x86_64-linux-gnu/libstdc++.so.6.0.17
7f617de8b000-7f617dea0000 rw-p 00000000 00:00 0 
7f617dea0000-7f617e969000 r-xp 00000000 08:03 3934204                    /usr/lib/jvm/java-7-openjdk-amd64/jre/lib/amd64/server/libjvm.so
7f617e969000-7f617eb69000 ---p 00ac9000 08:03 3934204                    /usr/lib/jvm/java-7-openjdk-amd64/jre/lib/amd64/server/libjvm.so
7f617eb69000-7f617ec01000 r--p 00ac9000 08:03 3934204                    /usr/lib/jvm/java-7-openjdk-amd64/jre/lib/amd64/server/libjvm.so
7f617ec01000-7f617ec24000 rw-p 00b61000 08:03 3934204                    /usr/lib/jvm/java-7-openjdk-amd64/jre/lib/amd64/server/libjvm.so
7f617ec24000-7f617ec51000 rw-p 00000000 00:00 0 
7f617ec51000-7f617ec67000 r-xp 00000000 08:03 12190712                   /lib/x86_64-linux-gnu/libz.so.1.2.7
7f617ec67000-7f617ee66000 ---p 00016000 08:03 12190712                   /lib/x86_64-linux-gnu/libz.so.1.2.7
7f617ee66000-7f617ee67000 r--p 00015000 08:03 12190712                   /lib/x86_64-linux-gnu/libz.so.1.2.7
7f617ee67000-7f617ee68000 rw-p 00016000 08:03 12190712                   /lib/x86_64-linux-gnu/libz.so.1.2.7
7f617ee68000-7f617efea000 r-xp 00000000 08:03 12190569                   /lib/x86_64-linux-gnu/libc-2.13.so
7f617efea000-7f617f1e9000 ---p 00182000 08:03 12190569                   /lib/x86_64-linux-gnu/libc-2.13.so
7f617f1e9000-7f617f1ed000 r--p 00181000 08:03 12190569                   /lib/x86_64-linux-gnu/libc-2.13.so
7f617f1ed000-7f617f1ee000 rw-p 00185000 08:03 12190569                   /lib/x86_64-linux-gnu/libc-2.13.so
7f617f1ee000-7f617f1f3000 rw-p 00000000 00:00 0 
7f617f1f3000-7f617f1f5000 r-xp 00000000 08:03 12190583                   /lib/x86_64-linux-gnu/libdl-2.13.so
7f617f1f5000-7f617f3f5000 ---p 00002000 08:03 12190583                   /lib/x86_64-linux-gnu/libdl-2.13.so
7f617f3f5000-7f617f3f6000 r--p 00002000 08:03 12190583                   /lib/x86_64-linux-gnu/libdl-2.13.so
7f617f3f6000-7f617f3f7000 rw-p 00003000 08:03 12190583                   /lib/x86_64-linux-gnu/libdl-2.13.so
7f617f3f7000-7f617f404000 r-xp 00000000 08:03 3934207                    /usr/lib/jvm/java-7-openjdk-amd64/jre/lib/amd64/jli/libjli.so
7f617f404000-7f617f603000 ---p 0000d000 08:03 3934207                    /usr/lib/jvm/java-7-openjdk-amd64/jre/lib/amd64/jli/libjli.so
7f617f603000-7f617f604000 r--p 0000c000 08:03 3934207                    /usr/lib/jvm/java-7-openjdk-amd64/jre/lib/amd64/jli/libjli.so
7f617f604000-7f617f605000 rw-p 0000d000 08:03 3934207                    /usr/lib/jvm/java-7-openjdk-amd64/jre/lib/amd64/jli/libjli.so
7f617f605000-7f617f61c000 r-xp 00000000 08:03 12190670                   /lib/x86_64-linux-gnu/libpthread-2.13.so
7f617f61c000-7f617f81b000 ---p 00017000 08:03 12190670                   /lib/x86_64-linux-gnu/libpthread-2.13.so
7f617f81b000-7f617f81c000 r--p 00016000 08:03 12190670                   /lib/x86_64-linux-gnu/libpthread-2.13.so
7f617f81c000-7f617f81d000 rw-p 00017000 08:03 12190670                   /lib/x86_64-linux-gnu/libpthread-2.13.so
7f617f81d000-7f617f821000 rw-p 00000000 00:00 0 
7f617f821000-7f617f841000 r-xp 00000000 08:03 12190547                   /lib/x86_64-linux-gnu/ld-2.13.so
7f617f841000-7f617f842000 r--s 00095000 08:03 10488686                   /home/chobe/.gradle/caches/modules-2/files-2.1/org.lwjgl.lwjgl/lwjgl-platform/2.9.1/4c517eca808522457dd95ee8fc1fbcdbb602efbe/lwjgl-platform-2.9.1-natives-windows.jar
7f617f842000-7f617f844000 r--s 00017000 08:03 10488685                   /home/chobe/.gradle/caches/modules-2/files-2.1/org.jcraft/jorbis/0.0.17/8872d22b293e8f5d7d56ff92be966e6dc28ebdc6/jorbis-0.0.17.jar
7f617f844000-7f617f845000 r--s 00015000 08:03 10488684                   /home/chobe/.gradle/caches/modules-2/files-2.1/com.badlogicgames.jlayer/jlayer/1.0.1-gdx/7cca83cec5c1b2f011362f4d85aabd71a73b049d/jlayer-1.0.1-gdx.jar
7f617f845000-7f617f849000 r--s 00027000 08:03 10488683                   /home/chobe/.gradle/caches/modules-2/files-2.1/org.lwjgl.lwjgl/lwjgl_util/2.9.1/290d7ba8a1bd9566f5ddf16ad06f09af5ec9b20e/lwjgl_util-2.9.1.jar
7f617f849000-7f617f857000 r--s 000ea000 08:03 10488682                   /home/chobe/.gradle/caches/modules-2/files-2.1/org.lwjgl.lwjgl/lwjgl/2.9.1/f58c5aabcef0e41718a564be9f8e412fff8db847/lwjgl-2.9.1.jar
7f617f857000-7f617f861000 rw-p 00000000 00:00 0 
7f617f861000-7f617f917000 rw-p 00000000 00:00 0 
7f617f917000-7f617f91a000 ---p 00000000 00:00 0 
7f617f91a000-7f617fa34000 rw-p 00000000 00:00 0 
7f617fa34000-7f617fa3c000 rw-s 00000000 08:03 10486181                   /tmp/hsperfdata_chobe/6926 (deleted)
7f617fa3c000-7f617fa3d000 rw-p 00000000 00:00 0 
7f617fa3d000-7f617fa3e000 ---p 00000000 00:00 0 
7f617fa3e000-7f617fa40000 rw-p 00000000 00:00 0 
7f617fa40000-7f617fa41000 r--p 0001f000 08:03 12190547                   /lib/x86_64-linux-gnu/ld-2.13.so
7f617fa41000-7f617fa42000 rw-p 00020000 08:03 12190547                   /lib/x86_64-linux-gnu/ld-2.13.so
7f617fa42000-7f617fa43000 rw-p 00000000 00:00 0 
7fff83933000-7fff83955000 rw-p 00000000 00:00 0                          [stack]
7fff839ff000-7fff83a00000 r-xp 00000000 00:00 0                          [vdso]
ffffffffff600000-ffffffffff601000 r-xp 00000000 00:00 0                  [vsyscall]

VM Arguments:
jvm_args: -Dfile.encoding=UTF-8 
java_command: com.mygdx.sheep.desktop.DesktopLauncher
Launcher Type: SUN_STANDARD

Environment Variables:
PATH=/usr/local/bin:/usr/bin:/bin:/usr/local/games:/usr/games:/home/chobe/.local/bin:/home/chobe/sdks/adt-bundle-linux-x86_64-20140321/sdk//platform-tools/adb:/home/chobe/sdks/adt-bundle-linux-x86_64-20140321/sdk//platform-tools/
USERNAME=chobe
SHELL=/bin/bash
DISPLAY=:0

Signal Handlers:
SIGSEGV: [libjvm.so+0x8f9750], sa_mask[0]=0x7ffbfeff, sa_flags=0x10000004
SIGBUS: [libjvm.so+0x8f9750], sa_mask[0]=0x7ffbfeff, sa_flags=0x10000004
SIGFPE: [libjvm.so+0x7827c0], sa_mask[0]=0x7ffbfeff, sa_flags=0x10000004
SIGPIPE: [libjvm.so+0x7827c0], sa_mask[0]=0x7ffbfeff, sa_flags=0x10000004
SIGXFSZ: [libjvm.so+0x7827c0], sa_mask[0]=0x7ffbfeff, sa_flags=0x10000004
SIGILL: [libjvm.so+0x7827c0], sa_mask[0]=0x7ffbfeff, sa_flags=0x10000004
SIGUSR1: SIG_DFL, sa_mask[0]=0x00000000, sa_flags=0x00000000
SIGUSR2: [libjvm.so+0x782ab0], sa_mask[0]=0x00000004, sa_flags=0x10000004
SIGHUP: [libjvm.so+0x782c20], sa_mask[0]=0x7ffbfeff, sa_flags=0x10000004
SIGINT: [libjvm.so+0x782c20], sa_mask[0]=0x7ffbfeff, sa_flags=0x10000004
SIGTERM: [libjvm.so+0x782c20], sa_mask[0]=0x7ffbfeff, sa_flags=0x10000004
SIGQUIT: [libjvm.so+0x782c20], sa_mask[0]=0x7ffbfeff, sa_flags=0x10000004


---------------  S Y S T E M  ---------------

OS:7.5

uname:Linux 3.2.0-4-amd64 #1 SMP Debian 3.2.57-3+deb7u1 x86_64
libc:glibc 2.13 NPTL 2.13 
rlimit: STACK 8192k, CORE 0k, NPROC 31105, NOFILE 4096, AS infinity
load average:0.96 0.47 0.37

/proc/meminfo:
MemTotal:        3993672 kB
MemFree:          683884 kB
Buffers:          206244 kB
Cached:           913228 kB
SwapCached:            0 kB
Active:          2323336 kB
Inactive:         631144 kB
Active(anon):    1836396 kB
Inactive(anon):    45248 kB
Active(file):     486940 kB
Inactive(file):   585896 kB
Unevictable:           0 kB
Mlocked:               0 kB
SwapTotal:       4120572 kB
SwapFree:        4120572 kB
Dirty:               408 kB
Writeback:             0 kB
AnonPages:       1835080 kB
Mapped:           254724 kB
Shmem:             46640 kB
Slab:             144668 kB
SReclaimable:     116944 kB
SUnreclaim:        27724 kB
KernelStack:        4000 kB
PageTables:        31776 kB
NFS_Unstable:          0 kB
Bounce:                0 kB
WritebackTmp:          0 kB
CommitLimit:     6117408 kB
Committed_AS:    4341684 kB
VmallocTotal:   34359738367 kB
VmallocUsed:      170472 kB
VmallocChunk:   34359561652 kB
HardwareCorrupted:     0 kB
AnonHugePages:         0 kB
HugePages_Total:       0
HugePages_Free:        0
HugePages_Rsvd:        0
HugePages_Surp:        0
Hugepagesize:       2048 kB
DirectMap4k:      158720 kB
DirectMap2M:     3969024 kB


CPU:total 4 (4 cores per cpu, 1 threads per core) family 6 model 15 stepping 11, cmov, cx8, fxsr, mmx, sse, sse2, sse3, ssse3, tsc

/proc/cpuinfo:
processor	: 0
vendor_id	: GenuineIntel
cpu family	: 6
model		: 15
model name	: Intel(R) Core(TM)2 Quad CPU    Q6600  @ 2.40GHz
stepping	: 11
cpu MHz		: 1596.000
cache size	: 4096 KB
physical id	: 0
siblings	: 4
core id		: 0
cpu cores	: 4
apicid		: 0
initial apicid	: 0
fpu		: yes
fpu_exception	: yes
cpuid level	: 10
wp		: yes
flags		: fpu vme de pse tsc msr pae mce cx8 apic sep mtrr pge mca cmov pat pse36 clflush dts acpi mmx fxsr sse sse2 ss ht tm pbe syscall nx lm constant_tsc arch_perfmon pebs bts rep_good nopl aperfmperf pni dtes64 monitor ds_cpl vmx est tm2 ssse3 cx16 xtpr pdcm lahf_lm dtherm tpr_shadow vnmi flexpriority
bogomips	: 4794.82
clflush size	: 64
cache_alignment	: 64
address sizes	: 36 bits physical, 48 bits virtual
power management:

processor	: 1
vendor_id	: GenuineIntel
cpu family	: 6
model		: 15
model name	: Intel(R) Core(TM)2 Quad CPU    Q6600  @ 2.40GHz
stepping	: 11
cpu MHz		: 1596.000
cache size	: 4096 KB
physical id	: 0
siblings	: 4
core id		: 2
cpu cores	: 4
apicid		: 2
initial apicid	: 2
fpu		: yes
fpu_exception	: yes
cpuid level	: 10
wp		: yes
flags		: fpu vme de pse tsc msr pae mce cx8 apic sep mtrr pge mca cmov pat pse36 clflush dts acpi mmx fxsr sse sse2 ss ht tm pbe syscall nx lm constant_tsc arch_perfmon pebs bts rep_good nopl aperfmperf pni dtes64 monitor ds_cpl vmx est tm2 ssse3 cx16 xtpr pdcm lahf_lm dtherm tpr_shadow vnmi flexpriority
bogomips	: 4795.58
clflush size	: 64
cache_alignment	: 64
address sizes	: 36 bits physical, 48 bits virtual
power management:

processor	: 2
vendor_id	: GenuineIntel
cpu family	: 6
model		: 15
model name	: Intel(R) Core(TM)2 Quad CPU    Q6600  @ 2.40GHz
stepping	: 11
cpu MHz		: 2394.000
cache size	: 4096 KB
physical id	: 0
siblings	: 4
core id		: 1
cpu cores	: 4
apicid		: 1
initial apicid	: 1
fpu		: yes
fpu_exception	: yes
cpuid level	: 10
wp		: yes
flags		: fpu vme de pse tsc msr pae mce cx8 apic sep mtrr pge mca cmov pat pse36 clflush dts acpi mmx fxsr sse sse2 ss ht tm pbe syscall nx lm constant_tsc arch_perfmon pebs bts rep_good nopl aperfmperf pni dtes64 monitor ds_cpl vmx est tm2 ssse3 cx16 xtpr pdcm lahf_lm dtherm tpr_shadow vnmi flexpriority
bogomips	: 4795.56
clflush size	: 64
cache_alignment	: 64
address sizes	: 36 bits physical, 48 bits virtual
power management:

processor	: 3
vendor_id	: GenuineIntel
cpu family	: 6
model		: 15
model name	: Intel(R) Core(TM)2 Quad CPU    Q6600  @ 2.40GHz
stepping	: 11
cpu MHz		: 1596.000
cache size	: 4096 KB
physical id	: 0
siblings	: 4
core id		: 3
cpu cores	: 4
apicid		: 3
initial apicid	: 3
fpu		: yes
fpu_exception	: yes
cpuid level	: 10
wp		: yes
flags		: fpu vme de pse tsc msr pae mce cx8 apic sep mtrr pge mca cmov pat pse36 clflush dts acpi mmx fxsr sse sse2 ss ht tm pbe syscall nx lm constant_tsc arch_perfmon pebs bts rep_good nopl aperfmperf pni dtes64 monitor ds_cpl vmx est tm2 ssse3 cx16 xtpr pdcm lahf_lm dtherm tpr_shadow vnmi flexpriority
bogomips	: 4795.57
clflush size	: 64
cache_alignment	: 64
address sizes	: 36 bits physical, 48 bits virtual
power management:



Memory: 4k page, physical 3993672k(683884k free), swap 4120572k(4120572k free)

vm_info: OpenJDK 64-Bit Server VM (24.51-b03) for linux-amd64 JRE (1.7.0_55-b14), built on May  2 2014 11:33:06 by "buildd" with gcc 4.7.2

time: Tue Jul  1 20:38:55 2014
elapsed time: 20 seconds

