#
# A fatal error has been detected by the Java Runtime Environment:
#
#  SIGSEGV (0xb) at pc=0x00007f92952f9e38, pid=7092, tid=140267568355072
#
# JRE version: OpenJDK Runtime Environment (7.0_55-b14) (build 1.7.0_55-b14)
# Java VM: OpenJDK 64-Bit Server VM (24.51-b03 mixed mode linux-amd64 compressed oops)
# Problematic frame:
# C  [libX11.so.6+0x3ae38]  XQueryExtension+0x28
#
# Failed to write core dump. Core dumps have been disabled. To enable core dumping, try "ulimit -c unlimited" before starting Java again
#
# If you would like to submit a bug report, please include
# instructions on how to reproduce the bug and visit:
#   http://icedtea.classpath.org/bugzilla
#

---------------  T H R E A D  ---------------

Current thread (0x0000000002425000):  VMThread [stack: 0x00007f929685d000,0x00007f929695e000] [id=7102]

siginfo:si_signo=SIGSEGV: si_errno=0, si_code=1 (SEGV_MAPERR), si_addr=0xffffffff902e5ba8

Registers:
RAX=0x00000000023ad5b0, RBX=0xffffffff902e5240, RCX=0x00007f929695c658, RDX=0x00007f929695c654
RSP=0x00007f929695c5f0, RBP=0x00007f9282319600, RSI=0x00007f92821e0992, RDI=0xffffffff902e5240
R8 =0x00007f929695c65c, R9 =0x0000000000000000, R10=0x00007f92a053b768, R11=0x00007f92a01ea0d0
R12=0x00007f92821e0992, R13=0x00000000023ad5b0, R14=0x00007f9290168bb0, R15=0x00007f92902f5020
RIP=0x00007f92952f9e38, EFLAGS=0x0000000000010206, CSGSFS=0x0000000000000033, ERR=0x0000000000000005
  TRAPNO=0x000000000000000e

Top of Stack: (sp=0x00007f929695c5f0)
0x00007f929695c5f0:   0000000000000020 00007f929695c720
0x00007f929695c600:   00007f92a01c15c8 00007f92a0d679e8
0x00007f929695c610:   00007f92a01c15c8 ffffffff902e5240
0x00007f929695c620:   00007f9282319600 00007f92821e0992
0x00007f929695c630:   00000000023ad5b0 00007f9290168bb0
0x00007f929695c640:   00007f92902f5020 00007f92952ede72
0x00007f929695c650:   00007f9290168bb0 0000000000000000
0x00007f929695c660:   0000000000000000 00007f9282319600
0x00007f929695c670:   ffffffff902e5240 00007f929560771d
0x00007f929695c680:   00007f92821e0992 00000011a01c15c8
0x00007f929695c690:   00007f929695c710 0000000000000000
0x00007f929695c6a0:   00007f929695c710 ffffffff902e5240
0x00007f929695c6b0:   00007f92a0d8c048 00007f9290168bb0
0x00007f929695c6c0:   00007f9282332e50 00007f92821893d9
0x00007f929695c6d0:   0000000000000000 0000000000000066
0x00007f929695c6e0:   00007f929695c710 0000000000000000
0x00007f929695c6f0:   00007f92a0d8c048 00007f9290168bb0
0x00007f929695c700:   0000000000000045 00007f928217dae2
0x00007f929695c710:   00007f929695cae0 00007f92821e0911
0x00007f929695c720:   00007f929695cae0 00007f92a0b7a4ec
0x00007f929695c730:   00007f92a0d8d1c8 00007f92a0d8d758
0x00007f929695c740:   00007f92a0d67000 00000000023b83d0
0x00007f929695c750:   00000000023b8ec0 00000000023b93c0
0x00007f929695c760:   00000000023c62a0 00007f92900feab0
0x00007f929695c770:   00007f92901fd600 00007f92901f95a0
0x00007f929695c780:   00007f929013d220 00007f929014d290
0x00007f929695c790:   00007f9290154850 00007f9290154320
0x00007f929695c7a0:   00007f9290153e00 00007f92901580e0
0x00007f929695c7b0:   00007f9290157bd0 00007f9290158e70
0x00007f929695c7c0:   00007f92901576d0 00007f92901538d0
0x00007f929695c7d0:   00007f9290155cc0 00007f92901566f0
0x00007f929695c7e0:   00007f92901561d0 00007f9290156c00 

Instructions: (pc=0x00007f92952f9e38)
0x00007f92952f9e18:   24 e0 48 89 fb 4c 89 6c 24 e8 4c 89 74 24 f0 49
0x00007f92952f9e28:   89 f4 4c 89 7c 24 f8 48 89 6c 24 d8 48 83 ec 58
0x00007f92952f9e38:   48 8b 87 68 09 00 00 49 89 d7 49 89 ce 4d 89 c5
0x00007f92952f9e48:   48 85 c0 74 02 ff 10 ba 08 00 00 00 be 62 00 00 

Register to memory mapping:

RAX=0x00000000023ad5b0 is an unknown value
RBX=0xffffffff902e5240 is an unknown value
RCX=0x00007f929695c658 is an unknown value
RDX=0x00007f929695c654 is an unknown value
RSP=0x00007f929695c5f0 is an unknown value
RBP=0x00007f9282319600: <offset 0x1cf600> in /usr/lib/x86_64-linux-gnu/libGL.so.1 at 0x00007f928214a000
RSI=0x00007f92821e0992: <offset 0x96992> in /usr/lib/x86_64-linux-gnu/libGL.so.1 at 0x00007f928214a000
RDI=0xffffffff902e5240 is an unknown value
R8 =0x00007f929695c65c is an unknown value
R9 =0x0000000000000000 is an unknown value
R10=0x00007f92a053b768: <offset 0x388768> in /lib/x86_64-linux-gnu/libc.so.6 at 0x00007f92a01b3000
R11=0x00007f92a01ea0d0: __cxa_finalize+0 in /lib/x86_64-linux-gnu/libc.so.6 at 0x00007f92a01b3000
R12=0x00007f92821e0992: <offset 0x96992> in /usr/lib/x86_64-linux-gnu/libGL.so.1 at 0x00007f928214a000
R13=0x00000000023ad5b0 is an unknown value
R14=0x00007f9290168bb0 is an unknown value
R15=0x00007f92902f5020 is an unknown value


Stack: [0x00007f929685d000,0x00007f929695e000],  sp=0x00007f929695c5f0,  free space=1021k
Native frames: (J=compiled Java code, j=interpreted, Vv=VM code, C=native code)
C  [libX11.so.6+0x3ae38]  XQueryExtension+0x28

VM_Operation (0x00007f9282452720): Exit, mode: safepoint, requested by thread 0x000000000259b000


---------------  P R O C E S S  ---------------

Java Threads: ( => current thread )
  0x00000000025b9800 JavaThread "SIGTERM handler" daemon [_thread_blocked, id=7138, stack(0x00007f928935c000,0x00007f928945d000)]
  0x000000000259b000 JavaThread "SIGINT handler" daemon [_thread_blocked, id=7126, stack(0x00007f9282353000,0x00007f9282454000)]
  0x00007f9290f46800 JavaThread "pool-1-thread-1" [_thread_blocked, id=7122, stack(0x00007f927daa6000,0x00007f927dba7000)]
  0x00007f9291121800 JavaThread "AsynchExecutor-Thread" daemon [_thread_blocked, id=7121, stack(0x00007f927e2a7000,0x00007f927e3a8000)]
  0x00000000025b6000 JavaThread "process reaper" daemon [_thread_blocked, id=7117, stack(0x00007f9294053000,0x00007f929408c000)]
  0x00007f9290168000 JavaThread "DestroyJavaVM" [_thread_blocked, id=7094, stack(0x00007f92a0c62000,0x00007f92a0d63000)]
  0x00007f92901f8800 JavaThread "AWT-XAWT" daemon [_thread_blocked, id=7111, stack(0x00007f9289ad3000,0x00007f9289bd4000)]
  0x000000000260e800 JavaThread "Java2D Disposer" daemon [_thread_blocked, id=7110, stack(0x00007f929408c000,0x00007f929418d000)]
  0x000000000245d000 JavaThread "Service Thread" daemon [_thread_blocked, id=7108, stack(0x00007f92960e0000,0x00007f92961e1000)]
  0x000000000245a000 JavaThread "C2 CompilerThread1" daemon [_thread_blocked, id=7107, stack(0x00007f92961e1000,0x00007f92962e2000)]
  0x0000000002456800 JavaThread "C2 CompilerThread0" daemon [_thread_blocked, id=7106, stack(0x00007f92962e2000,0x00007f92963e3000)]
  0x0000000002454800 JavaThread "Signal Dispatcher" daemon [_thread_blocked, id=7105, stack(0x00007f92963e3000,0x00007f92964e4000)]
  0x000000000242b800 JavaThread "Finalizer" daemon [_thread_blocked, id=7104, stack(0x00007f929665b000,0x00007f929675c000)]
  0x0000000002429800 JavaThread "Reference Handler" daemon [_thread_blocked, id=7103, stack(0x00007f929675c000,0x00007f929685d000)]

Other Threads:
=>0x0000000002425000 VMThread [stack: 0x00007f929685d000,0x00007f929695e000] [id=7102]

VM state:at safepoint (shutting down)

VM Mutex/Monitor currently owned by a thread:  ([mutex/lock_event])
[0x00000000023b6520] Threads_lock - owner thread: 0x0000000002425000

Heap
 PSYoungGen      total 18432K, used 11498K [0x00000000eba80000, 0x00000000ecf00000, 0x0000000100000000)
  eden space 15872K, 56% used [0x00000000eba80000,0x00000000ec342160,0x00000000eca00000)
  from space 2560K, 98% used [0x00000000eca00000,0x00000000ecc78900,0x00000000ecc80000)
  to   space 2560K, 0% used [0x00000000ecc80000,0x00000000ecc80000,0x00000000ecf00000)
 ParOldGen       total 41472K, used 2139K [0x00000000c3000000, 0x00000000c5880000, 0x00000000eba80000)
  object space 41472K, 5% used [0x00000000c3000000,0x00000000c3216f18,0x00000000c5880000)
 PSPermGen       total 21504K, used 10607K [0x00000000b8a00000, 0x00000000b9f00000, 0x00000000c3000000)
  object space 21504K, 49% used [0x00000000b8a00000,0x00000000b945bfe0,0x00000000b9f00000)

Card table byte_map: [0x00007f929a78a000,0x00007f929a9c6000] byte_map_base: 0x00007f929a1c5000

Polling page: 0x00007f92a0d88000

Code Cache  [0x00007f929a9c6000, 0x00007f929ac36000, 0x00007f929d9c6000)
 total_blobs=651 nmethods=123 adapters=482 free_code_cache=48360Kb largest_free_block=49486016

Compilation events (10 events):
Event: 16.890 Thread 0x0000000002456800  118             java.util.concurrent.locks.AbstractQueuedSynchronizer::setState (6 bytes)
Event: 16.890 Thread 0x0000000002456800 nmethod 118 0x00007f929aa88310 code [0x00007f929aa88440, 0x00007f929aa88498]
Event: 16.990 Thread 0x000000000245a000  119             com.badlogic.gdx.graphics.glutils.ShaderProgram::fetchUniformLocation (9 bytes)
Event: 16.990 Thread 0x0000000002456800  120             com.badlogic.gdx.graphics.glutils.ShaderProgram::fetchUniformLocation (95 bytes)
Event: 16.992 Thread 0x0000000002456800 nmethod 120 0x00007f929aa87e10 code [0x00007f929aa87f80, 0x00007f929aa88118]
Event: 16.992 Thread 0x000000000245a000 nmethod 119 0x00007f929aa7d850 code [0x00007f929aa7d9c0, 0x00007f929aa7db58]
Event: 17.223 Thread 0x0000000002456800  121             org.lwjgl.opengl.LinuxMouse::poll (106 bytes)
Event: 17.229 Thread 0x0000000002456800 nmethod 121 0x00007f929aa7d090 code [0x00007f929aa7d200, 0x00007f929aa7d538]
Event: 21.548 Thread 0x000000000245a000  123             java.util.concurrent.locks.AbstractQueuedSynchronizer::compareAndSetState (13 bytes)
Event: 21.549 Thread 0x000000000245a000 nmethod 123 0x00007f929aa87c10 code [0x00007f929aa87d40, 0x00007f929aa87d98]

GC Heap History (2 events):
Event: 1.695 GC heap before
{Heap before GC invocations=1 (full 0):
 PSYoungGen      total 18432K, used 15872K [0x00000000eba80000, 0x00000000ecf00000, 0x0000000100000000)
  eden space 15872K, 100% used [0x00000000eba80000,0x00000000eca00000,0x00000000eca00000)
  from space 2560K, 0% used [0x00000000ecc80000,0x00000000ecc80000,0x00000000ecf00000)
  to   space 2560K, 0% used [0x00000000eca00000,0x00000000eca00000,0x00000000ecc80000)
 ParOldGen       total 41472K, used 0K [0x00000000c3000000, 0x00000000c5880000, 0x00000000eba80000)
  object space 41472K, 0% used [0x00000000c3000000,0x00000000c3000000,0x00000000c5880000)
 PSPermGen       total 21504K, used 9315K [0x00000000b8a00000, 0x00000000b9f00000, 0x00000000c3000000)
  object space 21504K, 43% used [0x00000000b8a00000,0x00000000b9318d10,0x00000000b9f00000)
Event: 1.708 GC heap after
Heap after GC invocations=1 (full 0):
 PSYoungGen      total 18432K, used 2530K [0x00000000eba80000, 0x00000000ecf00000, 0x0000000100000000)
  eden space 15872K, 0% used [0x00000000eba80000,0x00000000eba80000,0x00000000eca00000)
  from space 2560K, 98% used [0x00000000eca00000,0x00000000ecc78900,0x00000000ecc80000)
  to   space 2560K, 0% used [0x00000000ecc80000,0x00000000ecc80000,0x00000000ecf00000)
 ParOldGen       total 41472K, used 2139K [0x00000000c3000000, 0x00000000c5880000, 0x00000000eba80000)
  object space 41472K, 5% used [0x00000000c3000000,0x00000000c3216f18,0x00000000c5880000)
 PSPermGen       total 21504K, used 9315K [0x00000000b8a00000, 0x00000000b9f00000, 0x00000000c3000000)
  object space 21504K, 43% used [0x00000000b8a00000,0x00000000b9318d10,0x00000000b9f00000)
}

Deoptimization events (1 events):
Event: 0.244 Thread 0x00000000023ba000 Uncommon trap: reason=class_check action=maybe_recompile pc=0x00007f929aa2b180 method=java.util.Properties$LineReader.readLine()I @ 62

Internal exceptions (10 events):
Event: 7.307 Thread 0x00007f92902de800 Threw 0x00000000ec023b30 at /build/openjdk-7-kBcQ8a/openjdk-7-7u55-2.4.7/build/openjdk/hotspot/src/share/vm/prims/jvm.cpp:1244
Event: 7.310 Thread 0x00007f92902de800 Threw 0x00000000ec02a720 at /build/openjdk-7-kBcQ8a/openjdk-7-7u55-2.4.7/build/openjdk/hotspot/src/share/vm/prims/jvm.cpp:1244
Event: 7.311 Thread 0x00007f92902de800 Threw 0x00000000ec02ef70 at /build/openjdk-7-kBcQ8a/openjdk-7-7u55-2.4.7/build/openjdk/hotspot/src/share/vm/prims/jvm.cpp:1244
Event: 7.315 Thread 0x00007f92902de800 Threw 0x00000000ec037030 at /build/openjdk-7-kBcQ8a/openjdk-7-7u55-2.4.7/build/openjdk/hotspot/src/share/vm/prims/jvm.cpp:1244
Event: 7.316 Thread 0x00007f92902de800 Threw 0x00000000ec03d5e8 at /build/openjdk-7-kBcQ8a/openjdk-7-7u55-2.4.7/build/openjdk/hotspot/src/share/vm/prims/jvm.cpp:1244
Event: 7.458 Thread 0x00007f9290f46800 Threw 0x00000000ec097a30 at /build/openjdk-7-kBcQ8a/openjdk-7-7u55-2.4.7/build/openjdk/hotspot/src/share/vm/prims/jvm.cpp:1244
Event: 7.459 Thread 0x00007f9290f46800 Threw 0x00000000ec09d198 at /build/openjdk-7-kBcQ8a/openjdk-7-7u55-2.4.7/build/openjdk/hotspot/src/share/vm/prims/jvm.cpp:1244
Event: 12.090 Thread 0x00007f92902de800 Threw 0x00000000ec136b40 at /build/openjdk-7-kBcQ8a/openjdk-7-7u55-2.4.7/build/openjdk/hotspot/src/share/vm/prims/jvm.cpp:1244
Event: 18.523 Thread 0x00007f92902de800 Threw 0x00000000ec273738 at /build/openjdk-7-kBcQ8a/openjdk-7-7u55-2.4.7/build/openjdk/hotspot/src/share/vm/interpreter/linkResolver.cpp:883
Event: 21.549 Thread 0x00000000024c4800 Threw 0x00000000ec30de00 at /build/openjdk-7-kBcQ8a/openjdk-7-7u55-2.4.7/build/openjdk/hotspot/src/share/vm/prims/jvm.cpp:1244

Events (10 events):
Event: 21.549 loading class 0x00007f92902478c0 done
Event: 21.549 loading class 0x00007f92902478f0
Event: 21.549 loading class 0x00007f92902478f0 done
Event: 21.549 loading class 0x00007f929023d270 done
Event: 21.551 Thread 0x00000000025b9800 Thread added: 0x00000000025b9800
Event: 21.705 Executing VM operation: RevokeBias
Event: 21.706 Executing VM operation: RevokeBias done
Event: 21.706 Thread 0x00000000024c4800 Thread exited: 0x00000000024c4800
Event: 21.707 Thread 0x00000000025b8800 Thread exited: 0x00000000025b8800
Event: 21.707 Executing VM operation: Exit


Dynamic libraries:
00400000-00401000 r-xp 00000000 08:03 3934148                            /usr/lib/jvm/java-7-openjdk-amd64/jre/bin/java
00600000-00601000 r--p 00000000 08:03 3934148                            /usr/lib/jvm/java-7-openjdk-amd64/jre/bin/java
00601000-00602000 rw-p 00001000 08:03 3934148                            /usr/lib/jvm/java-7-openjdk-amd64/jre/bin/java
023ab000-02768000 rw-p 00000000 00:00 0                                  [heap]
b8a00000-b9f00000 rw-p 00000000 00:00 0 
b9f00000-c3000000 rw-p 00000000 00:00 0 
c3000000-c5880000 rw-p 00000000 00:00 0 
c5880000-eba80000 rw-p 00000000 00:00 0 
eba80000-ecf00000 rw-p 00000000 00:00 0 
ecf00000-100000000 rw-p 00000000 00:00 0 
7f9270000000-7f92707dd000 rw-p 00000000 00:00 0 
7f92707dd000-7f9274000000 ---p 00000000 00:00 0 
7f9278000000-7f9278299000 rw-p 00000000 00:00 0 
7f9278299000-7f927c000000 ---p 00000000 00:00 0 
7f927d385000-7f927d388000 ---p 00000000 00:00 0 
7f927d388000-7f927d486000 rw-p 00000000 00:00 0 
7f927d486000-7f927d48b000 r-xp 00000000 08:03 12190639                   /lib/x86_64-linux-gnu/libnss_dns-2.13.so
7f927d48b000-7f927d68a000 ---p 00005000 08:03 12190639                   /lib/x86_64-linux-gnu/libnss_dns-2.13.so
7f927d68a000-7f927d68b000 r--p 00004000 08:03 12190639                   /lib/x86_64-linux-gnu/libnss_dns-2.13.so
7f927d68b000-7f927d68c000 rw-p 00005000 08:03 12190639                   /lib/x86_64-linux-gnu/libnss_dns-2.13.so
7f927d68c000-7f927d68e000 r-xp 00000000 08:03 12058696                   /lib/libnss_mdns4_minimal.so.2
7f927d68e000-7f927d88d000 ---p 00002000 08:03 12058696                   /lib/libnss_mdns4_minimal.so.2
7f927d88d000-7f927d88e000 rw-p 00001000 08:03 12058696                   /lib/libnss_mdns4_minimal.so.2
7f927d88e000-7f927d8a5000 r-xp 00000000 08:03 3934214                    /usr/lib/jvm/java-7-openjdk-amd64/jre/lib/amd64/libnet.so
7f927d8a5000-7f927daa4000 ---p 00017000 08:03 3934214                    /usr/lib/jvm/java-7-openjdk-amd64/jre/lib/amd64/libnet.so
7f927daa4000-7f927daa5000 r--p 00016000 08:03 3934214                    /usr/lib/jvm/java-7-openjdk-amd64/jre/lib/amd64/libnet.so
7f927daa5000-7f927daa6000 rw-p 00017000 08:03 3934214                    /usr/lib/jvm/java-7-openjdk-amd64/jre/lib/amd64/libnet.so
7f927daa6000-7f927daa9000 ---p 00000000 00:00 0 
7f927daa9000-7f927dba7000 rw-p 00000000 00:00 0 
7f927dba7000-7f927dda7000 rw-s d54d8000 00:05 7383                       /dev/ati/card0
7f927dda7000-7f927dfa7000 rw-s d3876000 00:05 7383                       /dev/ati/card0
7f927dfa7000-7f927e0a7000 rw-s 1fb93000 00:05 7383                       /dev/ati/card0
7f927e0a7000-7f927e2a7000 rw-s d3676000 00:05 7383                       /dev/ati/card0
7f927e2a7000-7f927e2aa000 ---p 00000000 00:00 0 
7f927e2aa000-7f927e3a8000 rw-p 00000000 00:00 0 
7f927e3a8000-7f927e3a9000 ---p 00000000 00:00 0 
7f927e3a9000-7f927eba9000 rw-p 00000000 00:00 0 
7f927eba9000-7f927ebaa000 ---p 00000000 00:00 0 
7f927ebaa000-7f927f3aa000 rw-p 00000000 00:00 0 
7f927f3aa000-7f927f41e000 rw-p 00000000 00:00 0 
7f927f4f5000-7f927fbf5000 rw-s 00006000 00:05 7383                       /dev/ati/card0
7f927fbf5000-7f927fc72000 rw-p 00000000 00:00 0 
7f927fc72000-7f927fcaf000 r-xp 00000000 08:03 4201336                    /usr/lib/x86_64-linux-gnu/libatiadlxx.so
7f927fcaf000-7f927fdae000 ---p 0003d000 08:03 4201336                    /usr/lib/x86_64-linux-gnu/libatiadlxx.so
7f927fdae000-7f927fdb8000 rw-p 0003c000 08:03 4201336                    /usr/lib/x86_64-linux-gnu/libatiadlxx.so
7f927fdb8000-7f927fdc8000 rw-p 00000000 00:00 0 
7f927fdc8000-7f927fdcf000 r-xp 00000000 08:03 4201328                    /usr/lib/x86_64-linux-gnu/libatiuki.so.1.0
7f927fdcf000-7f927fecf000 ---p 00007000 08:03 4201328                    /usr/lib/x86_64-linux-gnu/libatiuki.so.1.0
7f927fecf000-7f927fed0000 rw-p 00007000 08:03 4201328                    /usr/lib/x86_64-linux-gnu/libatiuki.so.1.0
7f927fed0000-7f927fed1000 rw-p 00000000 00:00 0 
7f927fed1000-7f9281dc9000 r-xp 00000000 08:03 4201338                    /usr/lib/x86_64-linux-gnu/dri/fglrx_dri.so
7f9281dc9000-7f9281ec8000 ---p 01ef8000 08:03 4201338                    /usr/lib/x86_64-linux-gnu/dri/fglrx_dri.so
7f9281ec8000-7f9282026000 rwxp 01ef7000 08:03 4201338                    /usr/lib/x86_64-linux-gnu/dri/fglrx_dri.so
7f9282026000-7f928214a000 rwxp 00000000 00:00 0 
7f928214a000-7f928220d000 r-xp 00000000 08:03 4201341                    /usr/lib/x86_64-linux-gnu/fglrx/fglrx-libGL.so.1.2
7f928220d000-7f928230c000 ---p 000c3000 08:03 4201341                    /usr/lib/x86_64-linux-gnu/fglrx/fglrx-libGL.so.1.2
7f928230c000-7f9282333000 rwxp 000c2000 08:03 4201341                    /usr/lib/x86_64-linux-gnu/fglrx/fglrx-libGL.so.1.2
7f9282333000-7f9282353000 rwxp 00000000 00:00 0 
7f9282353000-7f9282356000 ---p 00000000 00:00 0 
7f9282356000-7f9282454000 rw-p 00000000 00:00 0 
7f9282454000-7f9282457000 ---p 00000000 00:00 0 
7f9282457000-7f9282555000 rw-p 00000000 00:00 0 
7f9286556000-7f9286557000 ---p 00000000 00:00 0 
7f9286557000-7f9286d57000 rw-p 00000000 00:00 0 
7f9286d57000-7f9286d5d000 r-xp 00000000 08:03 4200289                    /usr/lib/x86_64-linux-gnu/libogg.so.0.8.0
7f9286d5d000-7f9286f5c000 ---p 00006000 08:03 4200289                    /usr/lib/x86_64-linux-gnu/libogg.so.0.8.0
7f9286f5c000-7f9286f5d000 rw-p 00005000 08:03 4200289                    /usr/lib/x86_64-linux-gnu/libogg.so.0.8.0
7f9286f5d000-7f9286f89000 r-xp 00000000 08:03 4200496                    /usr/lib/x86_64-linux-gnu/libvorbis.so.0.4.5
7f9286f89000-7f9287188000 ---p 0002c000 08:03 4200496                    /usr/lib/x86_64-linux-gnu/libvorbis.so.0.4.5
7f9287188000-7f9287189000 r--p 0002b000 08:03 4200496                    /usr/lib/x86_64-linux-gnu/libvorbis.so.0.4.5
7f9287189000-7f928718a000 rw-p 0002c000 08:03 4200496                    /usr/lib/x86_64-linux-gnu/libvorbis.so.0.4.5
7f928718a000-7f928743d000 r-xp 00000000 08:03 4200498                    /usr/lib/x86_64-linux-gnu/libvorbisenc.so.2.0.8
7f928743d000-7f928763c000 ---p 002b3000 08:03 4200498                    /usr/lib/x86_64-linux-gnu/libvorbisenc.so.2.0.8
7f928763c000-7f9287658000 r--p 002b2000 08:03 4200498                    /usr/lib/x86_64-linux-gnu/libvorbisenc.so.2.0.8
7f9287658000-7f9287659000 rw-p 002ce000 08:03 4200498                    /usr/lib/x86_64-linux-gnu/libvorbisenc.so.2.0.8
7f9287659000-7f92876a4000 r-xp 00000000 08:03 4199700                    /usr/lib/x86_64-linux-gnu/libFLAC.so.8.2.0
7f92876a4000-7f92878a3000 ---p 0004b000 08:03 4199700                    /usr/lib/x86_64-linux-gnu/libFLAC.so.8.2.0
7f92878a3000-7f92878a4000 r--p 0004a000 08:03 4199700                    /usr/lib/x86_64-linux-gnu/libFLAC.so.8.2.0
7f92878a4000-7f92878a5000 rw-p 0004b000 08:03 4199700                    /usr/lib/x86_64-linux-gnu/libFLAC.so.8.2.0
7f92878a5000-7f92878a9000 r-xp 00000000 08:03 12190707                   /lib/x86_64-linux-gnu/libuuid.so.1.3.0
7f92878a9000-7f9287aa8000 ---p 00004000 08:03 12190707                   /lib/x86_64-linux-gnu/libuuid.so.1.3.0
7f9287aa8000-7f9287aa9000 r--p 00003000 08:03 12190707                   /lib/x86_64-linux-gnu/libuuid.so.1.3.0
7f9287aa9000-7f9287aaa000 rw-p 00004000 08:03 12190707                   /lib/x86_64-linux-gnu/libuuid.so.1.3.0
7f9287aaa000-7f9287aae000 r-xp 00000000 08:03 12190559                   /lib/x86_64-linux-gnu/libattr.so.1.1.0
7f9287aae000-7f9287cad000 ---p 00004000 08:03 12190559                   /lib/x86_64-linux-gnu/libattr.so.1.1.0
7f9287cad000-7f9287cae000 r--p 00003000 08:03 12190559                   /lib/x86_64-linux-gnu/libattr.so.1.1.0
7f9287cae000-7f9287caf000 rw-p 00004000 08:03 12190559                   /lib/x86_64-linux-gnu/libattr.so.1.1.0
7f9287caf000-7f9287cb4000 r-xp 00000000 08:03 4199797                    /usr/lib/x86_64-linux-gnu/libasyncns.so.0.3.1
7f9287cb4000-7f9287eb3000 ---p 00005000 08:03 4199797                    /usr/lib/x86_64-linux-gnu/libasyncns.so.0.3.1
7f9287eb3000-7f9287eb4000 rw-p 00004000 08:03 4199797                    /usr/lib/x86_64-linux-gnu/libasyncns.so.0.3.1
7f9287eb4000-7f9287f15000 r-xp 00000000 08:03 4200411                    /usr/lib/x86_64-linux-gnu/libsndfile.so.1.0.25
7f9287f15000-7f9288114000 ---p 00061000 08:03 4200411                    /usr/lib/x86_64-linux-gnu/libsndfile.so.1.0.25
7f9288114000-7f9288116000 r--p 00060000 08:03 4200411                    /usr/lib/x86_64-linux-gnu/libsndfile.so.1.0.25
7f9288116000-7f9288117000 rw-p 00062000 08:03 4200411                    /usr/lib/x86_64-linux-gnu/libsndfile.so.1.0.25
7f9288117000-7f928811b000 rw-p 00000000 00:00 0 
7f928811b000-7f9288124000 r-xp 00000000 08:03 12190709                   /lib/x86_64-linux-gnu/libwrap.so.0.7.6
7f9288124000-7f9288323000 ---p 00009000 08:03 12190709                   /lib/x86_64-linux-gnu/libwrap.so.0.7.6
7f9288323000-7f9288324000 r--p 00008000 08:03 12190709                   /lib/x86_64-linux-gnu/libwrap.so.0.7.6
7f9288324000-7f9288325000 rw-p 00009000 08:03 12190709                   /lib/x86_64-linux-gnu/libwrap.so.0.7.6
7f9288325000-7f9288326000 rw-p 00000000 00:00 0 
7f9288326000-7f928832d000 r-xp 00000000 08:03 4199720                    /usr/lib/x86_64-linux-gnu/libSM.so.6.0.1
7f928832d000-7f928852c000 ---p 00007000 08:03 4199720                    /usr/lib/x86_64-linux-gnu/libSM.so.6.0.1
7f928852c000-7f928852d000 rw-p 00006000 08:03 4199720                    /usr/lib/x86_64-linux-gnu/libSM.so.6.0.1
7f928852d000-7f9288544000 r-xp 00000000 08:03 4199710                    /usr/lib/x86_64-linux-gnu/libICE.so.6.3.0
7f9288544000-7f9288743000 ---p 00017000 08:03 4199710                    /usr/lib/x86_64-linux-gnu/libICE.so.6.3.0
7f9288743000-7f9288745000 rw-p 00016000 08:03 4199710                    /usr/lib/x86_64-linux-gnu/libICE.so.6.3.0
7f9288745000-7f9288748000 rw-p 00000000 00:00 0 
7f9288748000-7f9288749000 r-xp 00000000 08:03 4199726                    /usr/lib/x86_64-linux-gnu/libX11-xcb.so.1.0.0
7f9288749000-7f9288948000 ---p 00001000 08:03 4199726                    /usr/lib/x86_64-linux-gnu/libX11-xcb.so.1.0.0
7f9288948000-7f9288949000 rw-p 00000000 08:03 4199726                    /usr/lib/x86_64-linux-gnu/libX11-xcb.so.1.0.0
7f9288949000-7f928894d000 r-xp 00000000 08:03 12190572                   /lib/x86_64-linux-gnu/libcap.so.2.22
7f928894d000-7f9288b4c000 ---p 00004000 08:03 12190572                   /lib/x86_64-linux-gnu/libcap.so.2.22
7f9288b4c000-7f9288b4d000 rw-p 00003000 08:03 12190572                   /lib/x86_64-linux-gnu/libcap.so.2.22
7f9288b4d000-7f9288bae000 r-xp 00000000 08:03 4325923                    /usr/lib/x86_64-linux-gnu/pulseaudio/libpulsecommon-2.0.so
7f9288bae000-7f9288dad000 ---p 00061000 08:03 4325923                    /usr/lib/x86_64-linux-gnu/pulseaudio/libpulsecommon-2.0.so
7f9288dad000-7f9288dae000 r--p 00060000 08:03 4325923                    /usr/lib/x86_64-linux-gnu/pulseaudio/libpulsecommon-2.0.so
7f9288dae000-7f9288db0000 rw-p 00061000 08:03 4325923                    /usr/lib/x86_64-linux-gnu/pulseaudio/libpulsecommon-2.0.so
7f9288db0000-7f9288db9000 r-xp 00000000 08:03 12190608                   /lib/x86_64-linux-gnu/libjson.so.0.1.0
7f9288db9000-7f9288fb8000 ---p 00009000 08:03 12190608                   /lib/x86_64-linux-gnu/libjson.so.0.1.0
7f9288fb8000-7f9288fb9000 r--p 00008000 08:03 12190608                   /lib/x86_64-linux-gnu/libjson.so.0.1.0
7f9288fb9000-7f9288fba000 rw-p 00009000 08:03 12190608                   /lib/x86_64-linux-gnu/libjson.so.0.1.0
7f9288fba000-7f9289003000 r-xp 00000000 08:03 4200364                    /usr/lib/x86_64-linux-gnu/libpulse.so.0.14.2
7f9289003000-7f9289202000 ---p 00049000 08:03 4200364                    /usr/lib/x86_64-linux-gnu/libpulse.so.0.14.2
7f9289202000-7f9289203000 r--p 00048000 08:03 4200364                    /usr/lib/x86_64-linux-gnu/libpulse.so.0.14.2
7f9289203000-7f9289204000 rw-p 00049000 08:03 4200364                    /usr/lib/x86_64-linux-gnu/libpulse.so.0.14.2
7f928935c000-7f928935f000 ---p 00000000 00:00 0 
7f928935f000-7f928945d000 rw-p 00000000 00:00 0 
7f928945d000-7f9289461000 r-xp 00000000 08:03 4199775                    /usr/lib/x86_64-linux-gnu/libXxf86vm.so.1.0.0
7f9289461000-7f9289661000 ---p 00004000 08:03 4199775                    /usr/lib/x86_64-linux-gnu/libXxf86vm.so.1.0.0
7f9289661000-7f9289662000 r--p 00004000 08:03 4199775                    /usr/lib/x86_64-linux-gnu/libXxf86vm.so.1.0.0
7f9289662000-7f9289663000 rw-p 00005000 08:03 4199775                    /usr/lib/x86_64-linux-gnu/libXxf86vm.so.1.0.0
7f9289663000-7f92896cf000 r-xp 00000000 08:01 300856                     /media/winDisk/Users/ChobeDucket/Documents/sheep/android/assets/.temp/7b43be9b/liblwjgl64.so
7f92896cf000-7f92898ce000 ---p 0006c000 08:01 300856                     /media/winDisk/Users/ChobeDucket/Documents/sheep/android/assets/.temp/7b43be9b/liblwjgl64.so
7f92898ce000-7f92898d0000 r--p 0006b000 08:01 300856                     /media/winDisk/Users/ChobeDucket/Documents/sheep/android/assets/.temp/7b43be9b/liblwjgl64.so
7f92898d0000-7f92898d1000 rw-p 0006d000 08:01 300856                     /media/winDisk/Users/ChobeDucket/Documents/sheep/android/assets/.temp/7b43be9b/liblwjgl64.so
7f92898d1000-7f92898d2000 r-xp 00000000 08:03 3934229                    /usr/lib/jvm/java-7-openjdk-amd64/jre/lib/amd64/libjawt.so
7f92898d2000-7f9289ad1000 ---p 00001000 08:03 3934229                    /usr/lib/jvm/java-7-openjdk-amd64/jre/lib/amd64/libjawt.so
7f9289ad1000-7f9289ad2000 r--p 00000000 08:03 3934229                    /usr/lib/jvm/java-7-openjdk-amd64/jre/lib/amd64/libjawt.so
7f9289ad2000-7f9289ad3000 rw-p 00001000 08:03 3934229                    /usr/lib/jvm/java-7-openjdk-amd64/jre/lib/amd64/libjawt.so
7f9289ad3000-7f9289ad6000 ---p 00000000 00:00 0 
7f9289ad6000-7f9289bd4000 rw-p 00000000 00:00 0 
7f9289bd4000-7f9289bd7000 r-xp 00000000 08:03 12190599                   /lib/x86_64-linux-gnu/libgpg-error.so.0.8.0
7f9289bd7000-7f9289dd6000 ---p 00003000 08:03 12190599                   /lib/x86_64-linux-gnu/libgpg-error.so.0.8.0
7f9289dd6000-7f9289dd7000 rw-p 00002000 08:03 12190599                   /lib/x86_64-linux-gnu/libgpg-error.so.0.8.0
7f9289dd7000-7f9289e1b000 r-xp 00000000 08:03 12190580                   /lib/x86_64-linux-gnu/libdbus-1.so.3.7.2
7f9289e1b000-7f928a01b000 ---p 00044000 08:03 12190580                   /lib/x86_64-linux-gnu/libdbus-1.so.3.7.2
7f928a01b000-7f928a01c000 r--p 00044000 08:03 12190580                   /lib/x86_64-linux-gnu/libdbus-1.so.3.7.2
7f928a01c000-7f928a01d000 rw-p 00045000 08:03 12190580                   /lib/x86_64-linux-gnu/libdbus-1.so.3.7.2
7f928a01d000-7f928a02e000 r-xp 00000000 08:03 4200305                    /usr/lib/x86_64-linux-gnu/libp11-kit.so.0.0.0
7f928a02e000-7f928a22d000 ---p 00011000 08:03 4200305                    /usr/lib/x86_64-linux-gnu/libp11-kit.so.0.0.0
7f928a22d000-7f928a22e000 r--p 00010000 08:03 4200305                    /usr/lib/x86_64-linux-gnu/libp11-kit.so.0.0.0
7f928a22e000-7f928a22f000 rw-p 00011000 08:03 4200305                    /usr/lib/x86_64-linux-gnu/libp11-kit.so.0.0.0
7f928a22f000-7f928a2a9000 r-xp 00000000 08:03 12190595                   /lib/x86_64-linux-gnu/libgcrypt.so.11.7.0
7f928a2a9000-7f928a4a9000 ---p 0007a000 08:03 12190595                   /lib/x86_64-linux-gnu/libgcrypt.so.11.7.0
7f928a4a9000-7f928a4aa000 r--p 0007a000 08:03 12190595                   /lib/x86_64-linux-gnu/libgcrypt.so.11.7.0
7f928a4aa000-7f928a4ad000 rw-p 0007b000 08:03 12190595                   /lib/x86_64-linux-gnu/libgcrypt.so.11.7.0
7f928a4ad000-7f928a4bd000 r-xp 00000000 08:03 4200448                    /usr/lib/x86_64-linux-gnu/libtasn1.so.3.1.16
7f928a4bd000-7f928a6bc000 ---p 00010000 08:03 4200448                    /usr/lib/x86_64-linux-gnu/libtasn1.so.3.1.16
7f928a6bc000-7f928a6bd000 r--p 0000f000 08:03 4200448                    /usr/lib/x86_64-linux-gnu/libtasn1.so.3.1.16
7f928a6bd000-7f928a6be000 rw-p 00010000 08:03 4200448                    /usr/lib/x86_64-linux-gnu/libtasn1.so.3.1.16
7f928a6be000-7f928a6c1000 r-xp 00000000 08:03 12190610                   /lib/x86_64-linux-gnu/libkeyutils.so.1.4
7f928a6c1000-7f928a8c0000 ---p 00003000 08:03 12190610                   /lib/x86_64-linux-gnu/libkeyutils.so.1.4
7f928a8c0000-7f928a8c1000 r--p 00002000 08:03 12190610                   /lib/x86_64-linux-gnu/libkeyutils.so.1.4
7f928a8c1000-7f928a8c2000 rw-p 00003000 08:03 12190610                   /lib/x86_64-linux-gnu/libkeyutils.so.1.4
7f928a8c2000-7f928a8ca000 r-xp 00000000 08:03 4200208                    /usr/lib/x86_64-linux-gnu/libkrb5support.so.0.1
7f928a8ca000-7f928aac9000 ---p 00008000 08:03 4200208                    /usr/lib/x86_64-linux-gnu/libkrb5support.so.0.1
7f928aac9000-7f928aaca000 r--p 00007000 08:03 4200208                    /usr/lib/x86_64-linux-gnu/libkrb5support.so.0.1
7f928aaca000-7f928aacb000 rw-p 00008000 08:03 4200208                    /usr/lib/x86_64-linux-gnu/libkrb5support.so.0.1
7f928aacb000-7f928aace000 r-xp 00000000 08:03 12190576                   /lib/x86_64-linux-gnu/libcom_err.so.2.1
7f928aace000-7f928accd000 ---p 00003000 08:03 12190576                   /lib/x86_64-linux-gnu/libcom_err.so.2.1
7f928accd000-7f928acce000 r--p 00002000 08:03 12190576                   /lib/x86_64-linux-gnu/libcom_err.so.2.1
7f928acce000-7f928accf000 rw-p 00003000 08:03 12190576                   /lib/x86_64-linux-gnu/libcom_err.so.2.1
7f928accf000-7f928acf5000 r-xp 00000000 08:03 4200198                    /usr/lib/x86_64-linux-gnu/libk5crypto.so.3.1
7f928acf5000-7f928aef5000 ---p 00026000 08:03 4200198                    /usr/lib/x86_64-linux-gnu/libk5crypto.so.3.1
7f928aef5000-7f928aef6000 r--p 00026000 08:03 4200198                    /usr/lib/x86_64-linux-gnu/libk5crypto.so.3.1
7f928aef6000-7f928aef7000 rw-p 00027000 08:03 4200198                    /usr/lib/x86_64-linux-gnu/libk5crypto.so.3.1
7f928aef7000-7f928aef8000 rw-p 00000000 00:00 0 
7f928aef8000-7f928afc1000 r-xp 00000000 08:03 4200206                    /usr/lib/x86_64-linux-gnu/libkrb5.so.3.3
7f928afc1000-7f928b1c0000 ---p 000c9000 08:03 4200206                    /usr/lib/x86_64-linux-gnu/libkrb5.so.3.3
7f928b1c0000-7f928b1ca000 r--p 000c8000 08:03 4200206                    /usr/lib/x86_64-linux-gnu/libkrb5.so.3.3
7f928b1ca000-7f928b1cc000 rw-p 000d2000 08:03 4200206                    /usr/lib/x86_64-linux-gnu/libkrb5.so.3.3
7f928b1cc000-7f928b1d1000 r-xp 00000000 08:03 4199743                    /usr/lib/x86_64-linux-gnu/libXdmcp.so.6.0.0
7f928b1d1000-7f928b3d0000 ---p 00005000 08:03 4199743                    /usr/lib/x86_64-linux-gnu/libXdmcp.so.6.0.0
7f928b3d0000-7f928b3d1000 rw-p 00004000 08:03 4199743                    /usr/lib/x86_64-linux-gnu/libXdmcp.so.6.0.0
7f928b3d1000-7f928b3d3000 r-xp 00000000 08:03 4199732                    /usr/lib/x86_64-linux-gnu/libXau.so.6.0.0
7f928b3d3000-7f928b5d3000 ---p 00002000 08:03 4199732                    /usr/lib/x86_64-linux-gnu/libXau.so.6.0.0
7f928b5d3000-7f928b5d4000 rw-p 00002000 08:03 4199732                    /usr/lib/x86_64-linux-gnu/libXau.so.6.0.0
7f928b5d4000-7f928b5e4000 r-xp 00000000 08:03 4199807                    /usr/lib/x86_64-linux-gnu/libavahi-client.so.3.2.9
7f928b5e4000-7f928b7e3000 ---p 00010000 08:03 4199807                    /usr/lib/x86_64-linux-gnu/libavahi-client.so.3.2.9
7f928b7e3000-7f928b7e4000 r--p 0000f000 08:03 4199807                    /usr/lib/x86_64-linux-gnu/libavahi-client.so.3.2.9
7f928b7e4000-7f928b7e5000 rw-p 00010000 08:03 4199807                    /usr/lib/x86_64-linux-gnu/libavahi-client.so.3.2.9
7f928b7e5000-7f928b7f1000 r-xp 00000000 08:03 4199809                    /usr/lib/x86_64-linux-gnu/libavahi-common.so.3.5.3
7f928b7f1000-7f928b9f0000 ---p 0000c000 08:03 4199809                    /usr/lib/x86_64-linux-gnu/libavahi-common.so.3.5.3
7f928b9f0000-7f928b9f1000 r--p 0000b000 08:03 4199809                    /usr/lib/x86_64-linux-gnu/libavahi-common.so.3.5.3
7f928b9f1000-7f928b9f2000 rw-p 0000c000 08:03 4199809                    /usr/lib/x86_64-linux-gnu/libavahi-common.so.3.5.3
7f928b9f2000-7f928baab000 r-xp 00000000 08:03 4200060                    /usr/lib/x86_64-linux-gnu/libgnutls.so.26.22.4
7f928baab000-7f928bcaa000 ---p 000b9000 08:03 4200060                    /usr/lib/x86_64-linux-gnu/libgnutls.so.26.22.4
7f928bcaa000-7f928bcb0000 r--p 000b8000 08:03 4200060                    /usr/lib/x86_64-linux-gnu/libgnutls.so.26.22.4
7f928bcb0000-7f928bcb2000 rw-p 000be000 08:03 4200060                    /usr/lib/x86_64-linux-gnu/libgnutls.so.26.22.4
7f928bcb2000-7f928bcee000 r-xp 00000000 08:03 4200085                    /usr/lib/x86_64-linux-gnu/libgssapi_krb5.so.2.2
7f928bcee000-7f928beee000 ---p 0003c000 08:03 4200085                    /usr/lib/x86_64-linux-gnu/libgssapi_krb5.so.2.2
7f928beee000-7f928beef000 r--p 0003c000 08:03 4200085                    /usr/lib/x86_64-linux-gnu/libgssapi_krb5.so.2.2
7f928beef000-7f928bef1000 rw-p 0003d000 08:03 4200085                    /usr/lib/x86_64-linux-gnu/libgssapi_krb5.so.2.2
7f928bef1000-7f928bf2d000 r-xp 00000000 08:03 12190663                   /lib/x86_64-linux-gnu/libpcre.so.3.13.1
7f928bf2d000-7f928c12d000 ---p 0003c000 08:03 12190663                   /lib/x86_64-linux-gnu/libpcre.so.3.13.1
7f928c12d000-7f928c12e000 rw-p 0003c000 08:03 12190663                   /lib/x86_64-linux-gnu/libpcre.so.3.13.1
7f928c12e000-7f928c13a000 r-xp 00000000 08:03 4199961                    /usr/lib/x86_64-linux-gnu/libffi.so.5.0.10
7f928c13a000-7f928c33a000 ---p 0000c000 08:03 4199961                    /usr/lib/x86_64-linux-gnu/libffi.so.5.0.10
7f928c33a000-7f928c33b000 rw-p 0000c000 08:03 4199961                    /usr/lib/x86_64-linux-gnu/libffi.so.5.0.10
7f928c33b000-7f928c362000 r-xp 00000000 08:03 12190588                   /lib/x86_64-linux-gnu/libexpat.so.1.6.0
7f928c362000-7f928c562000 ---p 00027000 08:03 12190588                   /lib/x86_64-linux-gnu/libexpat.so.1.6.0
7f928c562000-7f928c564000 r--p 00027000 08:03 12190588                   /lib/x86_64-linux-gnu/libexpat.so.1.6.0
7f928c564000-7f928c565000 rw-p 00029000 08:03 12190588                   /lib/x86_64-linux-gnu/libexpat.so.1.6.0
7f928c565000-7f928c56d000 r-xp 00000000 08:03 4200521                    /usr/lib/x86_64-linux-gnu/libxcb-render.so.0.0.0
7f928c56d000-7f928c76d000 ---p 00008000 08:03 4200521                    /usr/lib/x86_64-linux-gnu/libxcb-render.so.0.0.0
7f928c76d000-7f928c76e000 r--p 00008000 08:03 4200521                    /usr/lib/x86_64-linux-gnu/libxcb-render.so.0.0.0
7f928c76e000-7f928c76f000 rw-p 00009000 08:03 4200521                    /usr/lib/x86_64-linux-gnu/libxcb-render.so.0.0.0
7f928c76f000-7f928c771000 r-xp 00000000 08:03 4200525                    /usr/lib/x86_64-linux-gnu/libxcb-shm.so.0.0.0
7f928c771000-7f928c970000 ---p 00002000 08:03 4200525                    /usr/lib/x86_64-linux-gnu/libxcb-shm.so.0.0.0
7f928c970000-7f928c971000 r--p 00001000 08:03 4200525                    /usr/lib/x86_64-linux-gnu/libxcb-shm.so.0.0.0
7f928c971000-7f928c972000 rw-p 00002000 08:03 4200525                    /usr/lib/x86_64-linux-gnu/libxcb-shm.so.0.0.0
7f928c972000-7f928c9f2000 r-xp 00000000 08:03 4200335                    /usr/lib/x86_64-linux-gnu/libpixman-1.so.0.26.0
7f928c9f2000-7f928cbf2000 ---p 00080000 08:03 4200335                    /usr/lib/x86_64-linux-gnu/libpixman-1.so.0.26.0
7f928cbf2000-7f928cbf8000 rw-p 00080000 08:03 4200335                    /usr/lib/x86_64-linux-gnu/libpixman-1.so.0.26.0
7f928cbf8000-7f928cc1e000 r-xp 00000000 08:03 12190665                   /lib/x86_64-linux-gnu/libpng12.so.0.49.0
7f928cc1e000-7f928ce1d000 ---p 00026000 08:03 12190665                   /lib/x86_64-linux-gnu/libpng12.so.0.49.0
7f928ce1d000-7f928ce1e000 r--p 00025000 08:03 12190665                   /lib/x86_64-linux-gnu/libpng12.so.0.49.0
7f928ce1e000-7f928ce1f000 rw-p 00026000 08:03 12190665                   /lib/x86_64-linux-gnu/libpng12.so.0.49.0
7f928ce1f000-7f928ce32000 r-xp 00000000 08:03 12190676                   /lib/x86_64-linux-gnu/libresolv-2.13.so
7f928ce32000-7f928d031000 ---p 00013000 08:03 12190676                   /lib/x86_64-linux-gnu/libresolv-2.13.so
7f928d031000-7f928d032000 r--p 00012000 08:03 12190676                   /lib/x86_64-linux-gnu/libresolv-2.13.so
7f928d032000-7f928d033000 rw-p 00013000 08:03 12190676                   /lib/x86_64-linux-gnu/libresolv-2.13.so
7f928d033000-7f928d035000 rw-p 00000000 00:00 0 
7f928d035000-7f928d053000 r-xp 00000000 08:03 12190680                   /lib/x86_64-linux-gnu/libselinux.so.1
7f928d053000-7f928d252000 ---p 0001e000 08:03 12190680                   /lib/x86_64-linux-gnu/libselinux.so.1
7f928d252000-7f928d253000 r--p 0001d000 08:03 12190680                   /lib/x86_64-linux-gnu/libselinux.so.1
7f928d253000-7f928d254000 rw-p 0001e000 08:03 12190680                   /lib/x86_64-linux-gnu/libselinux.so.1
7f928d254000-7f928d255000 rw-p 00000000 00:00 0 
7f928d255000-7f928d258000 r-xp 00000000 08:03 4200052                    /usr/lib/x86_64-linux-gnu/libgmodule-2.0.so.0.3200.4
7f928d258000-7f928d457000 ---p 00003000 08:03 4200052                    /usr/lib/x86_64-linux-gnu/libgmodule-2.0.so.0.3200.4
7f928d457000-7f928d458000 r--p 00002000 08:03 4200052                    /usr/lib/x86_64-linux-gnu/libgmodule-2.0.so.0.3200.4
7f928d458000-7f928d459000 rw-p 00003000 08:03 4200052                    /usr/lib/x86_64-linux-gnu/libgmodule-2.0.so.0.3200.4
7f928d459000-7f928d463000 r-xp 00000000 08:03 4199739                    /usr/lib/x86_64-linux-gnu/libXcursor.so.1.0.2
7f928d463000-7f928d662000 ---p 0000a000 08:03 4199739                    /usr/lib/x86_64-linux-gnu/libXcursor.so.1.0.2
7f928d662000-7f928d663000 rw-p 00009000 08:03 4199739                    /usr/lib/x86_64-linux-gnu/libXcursor.so.1.0.2
7f928d663000-7f928d66a000 r-xp 00000000 08:03 4199761                    /usr/lib/x86_64-linux-gnu/libXrandr.so.2.2.0
7f928d66a000-7f928d86a000 ---p 00007000 08:03 4199761                    /usr/lib/x86_64-linux-gnu/libXrandr.so.2.2.0
7f928d86a000-7f928d86b000 rw-p 00007000 08:03 4199761                    /usr/lib/x86_64-linux-gnu/libXrandr.so.2.2.0
7f928d86b000-7f928d86d000 r-xp 00000000 08:03 4199753                    /usr/lib/x86_64-linux-gnu/libXinerama.so.1.0.0
7f928d86d000-7f928da6c000 ---p 00002000 08:03 4199753                    /usr/lib/x86_64-linux-gnu/libXinerama.so.1.0.0
7f928da6c000-7f928da6d000 rw-p 00001000 08:03 4199753                    /usr/lib/x86_64-linux-gnu/libXinerama.so.1.0.0
7f928da6d000-7f928da72000 r-xp 00000000 08:03 4199747                    /usr/lib/x86_64-linux-gnu/libXfixes.so.3.1.0
7f928da72000-7f928dc71000 ---p 00005000 08:03 4199747                    /usr/lib/x86_64-linux-gnu/libXfixes.so.3.1.0
7f928dc71000-7f928dc72000 r--p 00004000 08:03 4199747                    /usr/lib/x86_64-linux-gnu/libXfixes.so.3.1.0
7f928dc72000-7f928dc73000 rw-p 00005000 08:03 4199747                    /usr/lib/x86_64-linux-gnu/libXfixes.so.3.1.0
7f928dc73000-7f928dc75000 r-xp 00000000 08:03 4199741                    /usr/lib/x86_64-linux-gnu/libXdamage.so.1.1.0
7f928dc75000-7f928de74000 ---p 00002000 08:03 4199741                    /usr/lib/x86_64-linux-gnu/libXdamage.so.1.1.0
7f928de74000-7f928de75000 rw-p 00001000 08:03 4199741                    /usr/lib/x86_64-linux-gnu/libXdamage.so.1.1.0
7f928de75000-7f928de77000 r-xp 00000000 08:03 4199737                    /usr/lib/x86_64-linux-gnu/libXcomposite.so.1.0.0
7f928de77000-7f928e076000 ---p 00002000 08:03 4199737                    /usr/lib/x86_64-linux-gnu/libXcomposite.so.1.0.0
7f928e076000-7f928e077000 rw-p 00001000 08:03 4199737                    /usr/lib/x86_64-linux-gnu/libXcomposite.so.1.0.0
7f928e077000-7f928e096000 r-xp 00000000 08:03 4200529                    /usr/lib/x86_64-linux-gnu/libxcb.so.1.1.0
7f928e096000-7f928e295000 ---p 0001f000 08:03 4200529                    /usr/lib/x86_64-linux-gnu/libxcb.so.1.1.0
7f928e295000-7f928e296000 r--p 0001e000 08:03 4200529                    /usr/lib/x86_64-linux-gnu/libxcb.so.1.1.0
7f928e296000-7f928e297000 rw-p 0001f000 08:03 4200529                    /usr/lib/x86_64-linux-gnu/libxcb.so.1.1.0
7f928e297000-7f928e2ea000 r-xp 00000000 08:03 4199889                    /usr/lib/x86_64-linux-gnu/libcups.so.2
7f928e2ea000-7f928e4e9000 ---p 00053000 08:03 4199889                    /usr/lib/x86_64-linux-gnu/libcups.so.2
7f928e4e9000-7f928e4ee000 r--p 00052000 08:03 4199889                    /usr/lib/x86_64-linux-gnu/libcups.so.2
7f928e4ee000-7f928e4ef000 rw-p 00057000 08:03 4199889                    /usr/lib/x86_64-linux-gnu/libcups.so.2
7f928e4ef000-7f928e5e4000 r-xp 00000000 08:03 12190597                   /lib/x86_64-linux-gnu/libglib-2.0.so.0.3200.4
7f928e5e4000-7f928e7e4000 ---p 000f5000 08:03 12190597                   /lib/x86_64-linux-gnu/libglib-2.0.so.0.3200.4
7f928e7e4000-7f928e7e5000 r--p 000f5000 08:03 12190597                   /lib/x86_64-linux-gnu/libglib-2.0.so.0.3200.4
7f928e7e5000-7f928e7e6000 rw-p 000f6000 08:03 12190597                   /lib/x86_64-linux-gnu/libglib-2.0.so.0.3200.4
7f928e7e6000-7f928e7e7000 rw-p 00000000 00:00 0 
7f928e7e7000-7f928e7e8000 r-xp 00000000 08:03 4200137                    /usr/lib/x86_64-linux-gnu/libgthread-2.0.so.0.3200.4
7f928e7e8000-7f928e9e7000 ---p 00001000 08:03 4200137                    /usr/lib/x86_64-linux-gnu/libgthread-2.0.so.0.3200.4
7f928e9e7000-7f928e9e8000 r--p 00000000 08:03 4200137                    /usr/lib/x86_64-linux-gnu/libgthread-2.0.so.0.3200.4
7f928e9e8000-7f928e9e9000 rw-p 00001000 08:03 4200137                    /usr/lib/x86_64-linux-gnu/libgthread-2.0.so.0.3200.4
7f928e9e9000-7f928ea37000 r-xp 00000000 08:03 4200068                    /usr/lib/x86_64-linux-gnu/libgobject-2.0.so.0.3200.4
7f928ea37000-7f928ec37000 ---p 0004e000 08:03 4200068                    /usr/lib/x86_64-linux-gnu/libgobject-2.0.so.0.3200.4
7f928ec37000-7f928ec38000 r--p 0004e000 08:03 4200068                    /usr/lib/x86_64-linux-gnu/libgobject-2.0.so.0.3200.4
7f928ec38000-7f928ec39000 rw-p 0004f000 08:03 4200068                    /usr/lib/x86_64-linux-gnu/libgobject-2.0.so.0.3200.4
7f928ec39000-7f928ec6e000 r-xp 00000000 08:03 4199999                    /usr/lib/x86_64-linux-gnu/libfontconfig.so.1.5.0
7f928ec6e000-7f928ee6e000 ---p 00035000 08:03 4199999                    /usr/lib/x86_64-linux-gnu/libfontconfig.so.1.5.0
7f928ee6e000-7f928ee6f000 r--p 00035000 08:03 4199999                    /usr/lib/x86_64-linux-gnu/libfontconfig.so.1.5.0
7f928ee6f000-7f928ee70000 rw-p 00036000 08:03 4199999                    /usr/lib/x86_64-linux-gnu/libfontconfig.so.1.5.0
7f928ee70000-7f928ef09000 r-xp 00000000 08:03 4200007                    /usr/lib/x86_64-linux-gnu/libfreetype.so.6.8.1
7f928ef09000-7f928f108000 ---p 00099000 08:03 4200007                    /usr/lib/x86_64-linux-gnu/libfreetype.so.6.8.1
7f928f108000-7f928f10e000 r--p 00098000 08:03 4200007                    /usr/lib/x86_64-linux-gnu/libfreetype.so.6.8.1
7f928f10e000-7f928f10f000 rw-p 0009e000 08:03 4200007                    /usr/lib/x86_64-linux-gnu/libfreetype.so.6.8.1
7f928f10f000-7f928f159000 r-xp 00000000 08:03 4200313                    /usr/lib/x86_64-linux-gnu/libpango-1.0.so.0.3000.0
7f928f159000-7f928f359000 ---p 0004a000 08:03 4200313                    /usr/lib/x86_64-linux-gnu/libpango-1.0.so.0.3000.0
7f928f359000-7f928f35b000 r--p 0004a000 08:03 4200313                    /usr/lib/x86_64-linux-gnu/libpango-1.0.so.0.3000.0
7f928f35b000-7f928f35c000 rw-p 0004c000 08:03 4200313                    /usr/lib/x86_64-linux-gnu/libpango-1.0.so.0.3000.0
7f928f35c000-7f928f450000 r-xp 00000000 08:03 4199843                    /usr/lib/x86_64-linux-gnu/libcairo.so.2.11200.2
7f928f450000-7f928f64f000 ---p 000f4000 08:03 4199843                    /usr/lib/x86_64-linux-gnu/libcairo.so.2.11200.2
7f928f64f000-7f928f652000 r--p 000f3000 08:03 4199843                    /usr/lib/x86_64-linux-gnu/libcairo.so.2.11200.2
7f928f652000-7f928f653000 rw-p 000f6000 08:03 4199843                    /usr/lib/x86_64-linux-gnu/libcairo.so.2.11200.2
7f928f653000-7f928f655000 rw-p 00000000 00:00 0 
7f928f655000-7f928f674000 r-xp 00000000 08:03 4200030                    /usr/lib/x86_64-linux-gnu/libgdk_pixbuf-2.0.so.0.2600.1
7f928f674000-7f928f873000 ---p 0001f000 08:03 4200030                    /usr/lib/x86_64-linux-gnu/libgdk_pixbuf-2.0.so.0.2600.1
7f928f873000-7f928f874000 r--p 0001e000 08:03 4200030                    /usr/lib/x86_64-linux-gnu/libgdk_pixbuf-2.0.so.0.2600.1
7f928f874000-7f928f875000 rw-p 0001f000 08:03 4200030                    /usr/lib/x86_64-linux-gnu/libgdk_pixbuf-2.0.so.0.2600.1
7f928f875000-7f928f881000 r-xp 00000000 08:03 4200315                    /usr/lib/x86_64-linux-gnu/libpangocairo-1.0.so.0.3000.0
7f928f881000-7f928fa80000 ---p 0000c000 08:03 4200315                    /usr/lib/x86_64-linux-gnu/libpangocairo-1.0.so.0.3000.0
7f928fa80000-7f928fa81000 r--p 0000b000 08:03 4200315                    /usr/lib/x86_64-linux-gnu/libpangocairo-1.0.so.0.3000.0
7f928fa81000-7f928fa82000 rw-p 0000c000 08:03 4200315                    /usr/lib/x86_64-linux-gnu/libpangocairo-1.0.so.0.3000.0
7f928fa82000-7f928faac000 r-xp 00000000 08:03 4200317                    /usr/lib/x86_64-linux-gnu/libpangoft2-1.0.so.0.3000.0
7f928faac000-7f928fcab000 ---p 0002a000 08:03 4200317                    /usr/lib/x86_64-linux-gnu/libpangoft2-1.0.so.0.3000.0
7f928fcab000-7f928fcac000 r--p 00029000 08:03 4200317                    /usr/lib/x86_64-linux-gnu/libpangoft2-1.0.so.0.3000.0
7f928fcac000-7f928fcad000 rw-p 0002a000 08:03 4200317                    /usr/lib/x86_64-linux-gnu/libpangoft2-1.0.so.0.3000.0
7f928fcad000-7f928fdf9000 r-xp 00000000 08:03 4200042                    /usr/lib/x86_64-linux-gnu/libgio-2.0.so.0.3200.4
7f928fdf9000-7f928fff8000 ---p 0014c000 08:03 4200042                    /usr/lib/x86_64-linux-gnu/libgio-2.0.so.0.3200.4
7f928fff8000-7f928fffc000 r--p 0014b000 08:03 4200042                    /usr/lib/x86_64-linux-gnu/libgio-2.0.so.0.3200.4
7f928fffc000-7f928fffe000 rw-p 0014f000 08:03 4200042                    /usr/lib/x86_64-linux-gnu/libgio-2.0.so.0.3200.4
7f928fffe000-7f9290000000 rw-p 00000000 00:00 0 
7f9290000000-7f9293f5a000 rw-p 00000000 00:00 0 
7f9293f5a000-7f9294000000 ---p 00000000 00:00 0 
7f929400b000-7f9294053000 rw-p 00000000 00:00 0 
7f9294053000-7f9294056000 ---p 00000000 00:00 0 
7f9294056000-7f929408c000 rw-p 00000000 00:00 0 
7f929408c000-7f929408f000 ---p 00000000 00:00 0 
7f929408f000-7f929418d000 rw-p 00000000 00:00 0 
7f929418d000-7f92941ae000 r-xp 00000000 08:03 4199799                    /usr/lib/x86_64-linux-gnu/libatk-1.0.so.0.20409.1
7f92941ae000-7f92943ad000 ---p 00021000 08:03 4199799                    /usr/lib/x86_64-linux-gnu/libatk-1.0.so.0.20409.1
7f92943ad000-7f92943af000 r--p 00020000 08:03 4199799                    /usr/lib/x86_64-linux-gnu/libatk-1.0.so.0.20409.1
7f92943af000-7f92943b0000 rw-p 00022000 08:03 4199799                    /usr/lib/x86_64-linux-gnu/libatk-1.0.so.0.20409.1
7f92943b0000-7f929445f000 r-xp 00000000 08:03 4200028                    /usr/lib/x86_64-linux-gnu/libgdk-x11-2.0.so.0.2400.10
7f929445f000-7f929465e000 ---p 000af000 08:03 4200028                    /usr/lib/x86_64-linux-gnu/libgdk-x11-2.0.so.0.2400.10
7f929465e000-7f9294663000 rw-p 000ae000 08:03 4200028                    /usr/lib/x86_64-linux-gnu/libgdk-x11-2.0.so.0.2400.10
7f9294663000-7f9294a95000 r-xp 00000000 08:03 4200141                    /usr/lib/x86_64-linux-gnu/libgtk-x11-2.0.so.0.2400.10
7f9294a95000-7f9294c95000 ---p 00432000 08:03 4200141                    /usr/lib/x86_64-linux-gnu/libgtk-x11-2.0.so.0.2400.10
7f9294c95000-7f9294ca0000 rw-p 00432000 08:03 4200141                    /usr/lib/x86_64-linux-gnu/libgtk-x11-2.0.so.0.2400.10
7f9294ca0000-7f9294ca2000 rw-p 00000000 00:00 0 
7f9294ca2000-7f9294cb0000 r-xp 00000000 08:03 4199751                    /usr/lib/x86_64-linux-gnu/libXi.so.6.1.0
7f9294cb0000-7f9294eb0000 ---p 0000e000 08:03 4199751                    /usr/lib/x86_64-linux-gnu/libXi.so.6.1.0
7f9294eb0000-7f9294eb1000 rw-p 0000e000 08:03 4199751                    /usr/lib/x86_64-linux-gnu/libXi.so.6.1.0
7f9294eb1000-7f9294eb6000 r-xp 00000000 08:03 4199769                    /usr/lib/x86_64-linux-gnu/libXtst.so.6.1.0
7f9294eb6000-7f92950b5000 ---p 00005000 08:03 4199769                    /usr/lib/x86_64-linux-gnu/libXtst.so.6.1.0
7f92950b5000-7f92950b6000 rw-p 00004000 08:03 4199769                    /usr/lib/x86_64-linux-gnu/libXtst.so.6.1.0
7f92950b6000-7f92950bf000 r-xp 00000000 08:03 4199763                    /usr/lib/x86_64-linux-gnu/libXrender.so.1.3.0
7f92950bf000-7f92952be000 ---p 00009000 08:03 4199763                    /usr/lib/x86_64-linux-gnu/libXrender.so.1.3.0
7f92952be000-7f92952bf000 rw-p 00008000 08:03 4199763                    /usr/lib/x86_64-linux-gnu/libXrender.so.1.3.0
7f92952bf000-7f92953f4000 r-xp 00000000 08:03 4199728                    /usr/lib/x86_64-linux-gnu/libX11.so.6.3.0
7f92953f4000-7f92955f4000 ---p 00135000 08:03 4199728                    /usr/lib/x86_64-linux-gnu/libX11.so.6.3.0
7f92955f4000-7f92955fa000 rw-p 00135000 08:03 4199728                    /usr/lib/x86_64-linux-gnu/libX11.so.6.3.0
7f92955fa000-7f929560b000 r-xp 00000000 08:03 4199745                    /usr/lib/x86_64-linux-gnu/libXext.so.6.4.0
7f929560b000-7f929580b000 ---p 00011000 08:03 4199745                    /usr/lib/x86_64-linux-gnu/libXext.so.6.4.0
7f929580b000-7f929580c000 rw-p 00011000 08:03 4199745                    /usr/lib/x86_64-linux-gnu/libXext.so.6.4.0
7f929581a000-7f929581b000 rw-s 00005000 00:05 7383                       /dev/ati/card0
7f929581b000-7f929582b000 rw-s e0200000 00:05 7383                       /dev/ati/card0
7f929582b000-7f929582d000 rw-s 00002000 00:05 7383                       /dev/ati/card0
7f929582d000-7f9295880000 r-xp 00000000 08:03 3934319                    /usr/lib/jvm/java-7-openjdk-amd64/jre/lib/amd64/xawt/libmawt.so
7f9295880000-7f9295a7f000 ---p 00053000 08:03 3934319                    /usr/lib/jvm/java-7-openjdk-amd64/jre/lib/amd64/xawt/libmawt.so
7f9295a7f000-7f9295a80000 r--p 00052000 08:03 3934319                    /usr/lib/jvm/java-7-openjdk-amd64/jre/lib/amd64/xawt/libmawt.so
7f9295a80000-7f9295a83000 rw-p 00053000 08:03 3934319                    /usr/lib/jvm/java-7-openjdk-amd64/jre/lib/amd64/xawt/libmawt.so
7f9295a83000-7f9295a84000 rw-p 00000000 00:00 0 
7f9295a84000-7f9295b25000 r-xp 00000000 08:03 3934218                    /usr/lib/jvm/java-7-openjdk-amd64/jre/lib/amd64/libawt.so
7f9295b25000-7f9295d24000 ---p 000a1000 08:03 3934218                    /usr/lib/jvm/java-7-openjdk-amd64/jre/lib/amd64/libawt.so
7f9295d24000-7f9295d25000 r--p 000a0000 08:03 3934218                    /usr/lib/jvm/java-7-openjdk-amd64/jre/lib/amd64/libawt.so
7f9295d25000-7f9295d30000 rw-p 000a1000 08:03 3934218                    /usr/lib/jvm/java-7-openjdk-amd64/jre/lib/amd64/libawt.so
7f9295d30000-7f9295d55000 rw-p 00000000 00:00 0 
7f9295d55000-7f9295d92000 r-xp 00000000 08:03 10486178                   /tmp/libgdxchobe/5502b6ed/libgdx64.so
7f9295d92000-7f9295f91000 ---p 0003d000 08:03 10486178                   /tmp/libgdxchobe/5502b6ed/libgdx64.so
7f9295f91000-7f9295f92000 r--p 0003c000 08:03 10486178                   /tmp/libgdxchobe/5502b6ed/libgdx64.so
7f9295f92000-7f9295f93000 rw-p 0003d000 08:03 10486178                   /tmp/libgdxchobe/5502b6ed/libgdx64.so
7f9295f93000-7f9295f94000 r--s 00002000 08:03 10488693                   /home/chobe/.gradle/caches/modules-2/files-2.1/net.java.jinput/jinput-platform/2.0.5/53f9c919f34d2ca9de8c51fc4e1e8282029a9232/jinput-platform-2.0.5-natives-osx.jar
7f9295f94000-7f9295f95000 r--s 00025000 08:03 10488692                   /home/chobe/.gradle/caches/modules-2/files-2.1/net.java.jinput/jinput-platform/2.0.5/385ee093e01f587f30ee1c8a2ee7d408fd732e16/jinput-platform-2.0.5-natives-windows.jar
7f9295f95000-7f9295f96000 r--s 00002000 08:03 10488691                   /home/chobe/.gradle/caches/modules-2/files-2.1/net.java.jinput/jinput-platform/2.0.5/7ff832a6eb9ab6a767f1ade2b548092d0fa64795/jinput-platform-2.0.5-natives-linux.jar
7f9295f96000-7f9295f97000 r--s 00001000 08:03 10488690                   /home/chobe/.gradle/caches/modules-2/files-2.1/net.java.jutils/jutils/1.0.0/e12fe1fda814bd348c1579329c86943d2cd3c6a6/jutils-1.0.0.jar
7f9295f97000-7f9295f9b000 r--s 0002f000 08:03 10488689                   /home/chobe/.gradle/caches/modules-2/files-2.1/net.java.jinput/jinput/2.0.5/39c7796b469a600f72380316f6b1f11db6c2c7c4/jinput-2.0.5.jar
7f9295f9b000-7f9295f9c000 r--s 00080000 08:03 10488688                   /home/chobe/.gradle/caches/modules-2/files-2.1/org.lwjgl.lwjgl/lwjgl-platform/2.9.1/2d12c83fdfbc04ecabf02c7bc8cc54d034f0daac/lwjgl-platform-2.9.1-natives-osx.jar
7f9295f9c000-7f9295f9d000 r--s 0008b000 08:03 10488687                   /home/chobe/.gradle/caches/modules-2/files-2.1/org.lwjgl.lwjgl/lwjgl-platform/2.9.1/aa9aae879af8eb378e22cfc64db56ec2ca9a44d1/lwjgl-platform-2.9.1-natives-linux.jar
7f9295f9d000-7f9295f9e000 r--s 00095000 08:03 10488686                   /home/chobe/.gradle/caches/modules-2/files-2.1/org.lwjgl.lwjgl/lwjgl-platform/2.9.1/4c517eca808522457dd95ee8fc1fbcdbb602efbe/lwjgl-platform-2.9.1-natives-windows.jar
7f9295f9e000-7f9295fa0000 r--s 00017000 08:03 10488685                   /home/chobe/.gradle/caches/modules-2/files-2.1/org.jcraft/jorbis/0.0.17/8872d22b293e8f5d7d56ff92be966e6dc28ebdc6/jorbis-0.0.17.jar
7f9295fa0000-7f9295fa1000 r--s 00015000 08:03 10488684                   /home/chobe/.gradle/caches/modules-2/files-2.1/com.badlogicgames.jlayer/jlayer/1.0.1-gdx/7cca83cec5c1b2f011362f4d85aabd71a73b049d/jlayer-1.0.1-gdx.jar
7f9295fa1000-7f9295fa5000 r--s 00027000 08:03 10488683                   /home/chobe/.gradle/caches/modules-2/files-2.1/org.lwjgl.lwjgl/lwjgl_util/2.9.1/290d7ba8a1bd9566f5ddf16ad06f09af5ec9b20e/lwjgl_util-2.9.1.jar
7f9295fa5000-7f9295fb3000 r--s 000ea000 08:03 10488682                   /home/chobe/.gradle/caches/modules-2/files-2.1/org.lwjgl.lwjgl/lwjgl/2.9.1/f58c5aabcef0e41718a564be9f8e412fff8db847/lwjgl-2.9.1.jar
7f9295fb3000-7f9295fc8000 r--s 00153000 08:03 10488660                   /home/chobe/.gradle/caches/modules-2/files-2.1/com.badlogicgames.gdx/gdx/1.1.0/686f5a609c717eb0769d3b954c501a49bf4fe351/gdx-1.1.0.jar
7f9295fc8000-7f9295fc9000 r--s 000cd000 08:03 10488678                   /home/chobe/.gradle/caches/modules-2/files-2.1/com.badlogicgames.gdx/gdx-platform/1.1.0/1c7ea4239c2d9adda420c15985fe3885c481fdcf/gdx-platform-1.1.0-natives-desktop.jar
7f9295fc9000-7f9295fcc000 r--s 0001f000 08:03 10488677                   /home/chobe/.gradle/caches/modules-2/files-2.1/com.badlogicgames.gdx/gdx-backend-lwjgl/1.1.0/eafa409559820c1696e165e1280435f1332fc32b/gdx-backend-lwjgl-1.1.0.jar
7f9295fcc000-7f9295fce000 r--s 00017000 08:01 754491                     /media/winDisk/Users/ChobeDucket/Documents/sheep/core/build/libs/core-1.0.jar
7f9295fce000-7f9295fd2000 r--s 0003b000 08:03 3934173                    /usr/lib/jvm/java-7-openjdk-amd64/jre/lib/ext/sunpkcs11.jar
7f9295fd2000-7f9295fd3000 r--s 00002000 08:03 3934178                    /usr/lib/jvm/java-7-openjdk-amd64/jre/lib/ext/dnsns.jar
7f9295fd3000-7f9295fd6000 r--s 00032000 08:03 3934176                    /usr/lib/jvm/java-7-openjdk-amd64/jre/lib/ext/sunjce_provider.jar
7f9295fd6000-7f9295fd8000 r--s 0000f000 08:03 3934175                    /usr/lib/jvm/java-7-openjdk-amd64/jre/lib/ext/pulse-java.jar
7f9295fd8000-7f9295fda000 r--s 00012000 08:03 3934174                    /usr/lib/jvm/java-7-openjdk-amd64/jre/lib/ext/zipfs.jar
7f9295fda000-7f9295fde000 r--s 00085000 08:03 3934172                    /usr/lib/jvm/java-7-openjdk-amd64/jre/lib/ext/localedata.jar
7f9295fde000-7f9295fdf000 r--s 00007000 08:03 5645676                    /usr/share/java/java-atk-wrapper.jar
7f9295fdf000-7f9295fe0000 ---p 00000000 00:00 0 
7f9295fe0000-7f92960e0000 rw-p 00000000 00:00 0 
7f92960e0000-7f92960e3000 ---p 00000000 00:00 0 
7f92960e3000-7f92961e1000 rw-p 00000000 00:00 0 
7f92961e1000-7f92961e4000 ---p 00000000 00:00 0 
7f92961e4000-7f92962e2000 rw-p 00000000 00:00 0 
7f92962e2000-7f92962e5000 ---p 00000000 00:00 0 
7f92962e5000-7f92963e3000 rw-p 00000000 00:00 0 
7f92963e3000-7f92963e6000 ---p 00000000 00:00 0 
7f92963e6000-7f92964e4000 rw-p 00000000 00:00 0 
7f92964e4000-7f929665b000 r--p 00000000 08:03 4066468                    /usr/lib/locale/locale-archive
7f929665b000-7f929665e000 ---p 00000000 00:00 0 
7f929665e000-7f929675c000 rw-p 00000000 00:00 0 
7f929675c000-7f929675f000 ---p 00000000 00:00 0 
7f929675f000-7f929685d000 rw-p 00000000 00:00 0 
7f929685d000-7f929685e000 ---p 00000000 00:00 0 
7f929685e000-7f929795b000 rw-p 00000000 00:00 0 
7f929795b000-7f9297b09000 r--s 01cfc000 08:03 3934153                    /usr/lib/jvm/java-7-openjdk-amd64/jre/lib/rt.jar
7f9297b09000-7f929a1ed000 rw-p 00000000 00:00 0 
7f929a1ed000-7f929a1ee000 ---p 00000000 00:00 0 
7f929a1ee000-7f929a2ee000 rw-p 00000000 00:00 0 
7f929a2ee000-7f929a2ef000 ---p 00000000 00:00 0 
7f929a2ef000-7f929a3ef000 rw-p 00000000 00:00 0 
7f929a3ef000-7f929a3f0000 ---p 00000000 00:00 0 
7f929a3f0000-7f929a4f0000 rw-p 00000000 00:00 0 
7f929a4f0000-7f929a4f1000 ---p 00000000 00:00 0 
7f929a4f1000-7f929a5fc000 rw-p 00000000 00:00 0 
7f929a5fc000-7f929a644000 rw-p 00000000 00:00 0 
7f929a644000-7f929a659000 rw-p 00000000 00:00 0 
7f929a659000-7f929a78a000 rw-p 00000000 00:00 0 
7f929a78a000-7f929a795000 rw-p 00000000 00:00 0 
7f929a795000-7f929a7dd000 rw-p 00000000 00:00 0 
7f929a7dd000-7f929a7f2000 rw-p 00000000 00:00 0 
7f929a7f2000-7f929a922000 rw-p 00000000 00:00 0 
7f929a922000-7f929a92d000 rw-p 00000000 00:00 0 
7f929a92d000-7f929a9c5000 rw-p 00000000 00:00 0 
7f929a9c5000-7f929a9c6000 rw-p 00000000 00:00 0 
7f929a9c6000-7f929ac36000 rwxp 00000000 00:00 0 
7f929ac36000-7f929d9c6000 rw-p 00000000 00:00 0 
7f929d9c6000-7f929d9ce000 r-xp 00000000 08:03 3934210                    /usr/lib/jvm/java-7-openjdk-amd64/jre/lib/amd64/libzip.so
7f929d9ce000-7f929dbcd000 ---p 00008000 08:03 3934210                    /usr/lib/jvm/java-7-openjdk-amd64/jre/lib/amd64/libzip.so
7f929dbcd000-7f929dbce000 r--p 00007000 08:03 3934210                    /usr/lib/jvm/java-7-openjdk-amd64/jre/lib/amd64/libzip.so
7f929dbce000-7f929dbcf000 rw-p 00008000 08:03 3934210                    /usr/lib/jvm/java-7-openjdk-amd64/jre/lib/amd64/libzip.so
7f929dbcf000-7f929dbda000 r-xp 00000000 08:03 12190641                   /lib/x86_64-linux-gnu/libnss_files-2.13.so
7f929dbda000-7f929ddd9000 ---p 0000b000 08:03 12190641                   /lib/x86_64-linux-gnu/libnss_files-2.13.so
7f929ddd9000-7f929ddda000 r--p 0000a000 08:03 12190641                   /lib/x86_64-linux-gnu/libnss_files-2.13.so
7f929ddda000-7f929dddb000 rw-p 0000b000 08:03 12190641                   /lib/x86_64-linux-gnu/libnss_files-2.13.so
7f929dddb000-7f929dde5000 r-xp 00000000 08:03 12190645                   /lib/x86_64-linux-gnu/libnss_nis-2.13.so
7f929dde5000-7f929dfe4000 ---p 0000a000 08:03 12190645                   /lib/x86_64-linux-gnu/libnss_nis-2.13.so
7f929dfe4000-7f929dfe5000 r--p 00009000 08:03 12190645                   /lib/x86_64-linux-gnu/libnss_nis-2.13.so
7f929dfe5000-7f929dfe6000 rw-p 0000a000 08:03 12190645                   /lib/x86_64-linux-gnu/libnss_nis-2.13.so
7f929dfe6000-7f929dffb000 r-xp 00000000 08:03 12190635                   /lib/x86_64-linux-gnu/libnsl-2.13.so
7f929dffb000-7f929e1fa000 ---p 00015000 08:03 12190635                   /lib/x86_64-linux-gnu/libnsl-2.13.so
7f929e1fa000-7f929e1fb000 r--p 00014000 08:03 12190635                   /lib/x86_64-linux-gnu/libnsl-2.13.so
7f929e1fb000-7f929e1fc000 rw-p 00015000 08:03 12190635                   /lib/x86_64-linux-gnu/libnsl-2.13.so
7f929e1fc000-7f929e1fe000 rw-p 00000000 00:00 0 
7f929e1fe000-7f929e205000 r-xp 00000000 08:03 12190637                   /lib/x86_64-linux-gnu/libnss_compat-2.13.so
7f929e205000-7f929e404000 ---p 00007000 08:03 12190637                   /lib/x86_64-linux-gnu/libnss_compat-2.13.so
7f929e404000-7f929e405000 r--p 00006000 08:03 12190637                   /lib/x86_64-linux-gnu/libnss_compat-2.13.so
7f929e405000-7f929e406000 rw-p 00007000 08:03 12190637                   /lib/x86_64-linux-gnu/libnss_compat-2.13.so
7f929e406000-7f929e431000 r-xp 00000000 08:03 3934215                    /usr/lib/jvm/java-7-openjdk-amd64/jre/lib/amd64/libjava.so
7f929e431000-7f929e630000 ---p 0002b000 08:03 3934215                    /usr/lib/jvm/java-7-openjdk-amd64/jre/lib/amd64/libjava.so
7f929e630000-7f929e631000 r--p 0002a000 08:03 3934215                    /usr/lib/jvm/java-7-openjdk-amd64/jre/lib/amd64/libjava.so
7f929e631000-7f929e633000 rw-p 0002b000 08:03 3934215                    /usr/lib/jvm/java-7-openjdk-amd64/jre/lib/amd64/libjava.so
7f929e633000-7f929e642000 r-xp 00000000 08:03 3934216                    /usr/lib/jvm/java-7-openjdk-amd64/jre/lib/amd64/libverify.so
7f929e642000-7f929e841000 ---p 0000f000 08:03 3934216                    /usr/lib/jvm/java-7-openjdk-amd64/jre/lib/amd64/libverify.so
7f929e841000-7f929e843000 r--p 0000e000 08:03 3934216                    /usr/lib/jvm/java-7-openjdk-amd64/jre/lib/amd64/libverify.so
7f929e843000-7f929e844000 rw-p 00010000 08:03 3934216                    /usr/lib/jvm/java-7-openjdk-amd64/jre/lib/amd64/libverify.so
7f929e844000-7f929e84b000 r-xp 00000000 08:03 12190678                   /lib/x86_64-linux-gnu/librt-2.13.so
7f929e84b000-7f929ea4a000 ---p 00007000 08:03 12190678                   /lib/x86_64-linux-gnu/librt-2.13.so
7f929ea4a000-7f929ea4b000 r--p 00006000 08:03 12190678                   /lib/x86_64-linux-gnu/librt-2.13.so
7f929ea4b000-7f929ea4c000 rw-p 00007000 08:03 12190678                   /lib/x86_64-linux-gnu/librt-2.13.so
7f929ea4c000-7f929ea61000 r-xp 00000000 08:03 12190593                   /lib/x86_64-linux-gnu/libgcc_s.so.1
7f929ea61000-7f929ec61000 ---p 00015000 08:03 12190593                   /lib/x86_64-linux-gnu/libgcc_s.so.1
7f929ec61000-7f929ec62000 rw-p 00015000 08:03 12190593                   /lib/x86_64-linux-gnu/libgcc_s.so.1
7f929ec62000-7f929ece3000 r-xp 00000000 08:03 12190616                   /lib/x86_64-linux-gnu/libm-2.13.so
7f929ece3000-7f929eee2000 ---p 00081000 08:03 12190616                   /lib/x86_64-linux-gnu/libm-2.13.so
7f929eee2000-7f929eee3000 r--p 00080000 08:03 12190616                   /lib/x86_64-linux-gnu/libm-2.13.so
7f929eee3000-7f929eee4000 rw-p 00081000 08:03 12190616                   /lib/x86_64-linux-gnu/libm-2.13.so
7f929eee4000-7f929efcc000 r-xp 00000000 08:03 4200440                    /usr/lib/x86_64-linux-gnu/libstdc++.so.6.0.17
7f929efcc000-7f929f1cc000 ---p 000e8000 08:03 4200440                    /usr/lib/x86_64-linux-gnu/libstdc++.so.6.0.17
7f929f1cc000-7f929f1d4000 r--p 000e8000 08:03 4200440                    /usr/lib/x86_64-linux-gnu/libstdc++.so.6.0.17
7f929f1d4000-7f929f1d6000 rw-p 000f0000 08:03 4200440                    /usr/lib/x86_64-linux-gnu/libstdc++.so.6.0.17
7f929f1d6000-7f929f1eb000 rw-p 00000000 00:00 0 
7f929f1eb000-7f929fcb4000 r-xp 00000000 08:03 3934204                    /usr/lib/jvm/java-7-openjdk-amd64/jre/lib/amd64/server/libjvm.so
7f929fcb4000-7f929feb4000 ---p 00ac9000 08:03 3934204                    /usr/lib/jvm/java-7-openjdk-amd64/jre/lib/amd64/server/libjvm.so
7f929feb4000-7f929ff4c000 r--p 00ac9000 08:03 3934204                    /usr/lib/jvm/java-7-openjdk-amd64/jre/lib/amd64/server/libjvm.so
7f929ff4c000-7f929ff6f000 rw-p 00b61000 08:03 3934204                    /usr/lib/jvm/java-7-openjdk-amd64/jre/lib/amd64/server/libjvm.so
7f929ff6f000-7f929ff9c000 rw-p 00000000 00:00 0 
7f929ff9c000-7f929ffb2000 r-xp 00000000 08:03 12190712                   /lib/x86_64-linux-gnu/libz.so.1.2.7
7f929ffb2000-7f92a01b1000 ---p 00016000 08:03 12190712                   /lib/x86_64-linux-gnu/libz.so.1.2.7
7f92a01b1000-7f92a01b2000 r--p 00015000 08:03 12190712                   /lib/x86_64-linux-gnu/libz.so.1.2.7
7f92a01b2000-7f92a01b3000 rw-p 00016000 08:03 12190712                   /lib/x86_64-linux-gnu/libz.so.1.2.7
7f92a01b3000-7f92a0335000 r-xp 00000000 08:03 12190569                   /lib/x86_64-linux-gnu/libc-2.13.so
7f92a0335000-7f92a0534000 ---p 00182000 08:03 12190569                   /lib/x86_64-linux-gnu/libc-2.13.so
7f92a0534000-7f92a0538000 r--p 00181000 08:03 12190569                   /lib/x86_64-linux-gnu/libc-2.13.so
7f92a0538000-7f92a0539000 rw-p 00185000 08:03 12190569                   /lib/x86_64-linux-gnu/libc-2.13.so
7f92a0539000-7f92a053e000 rw-p 00000000 00:00 0 
7f92a053e000-7f92a0540000 r-xp 00000000 08:03 12190583                   /lib/x86_64-linux-gnu/libdl-2.13.so
7f92a0540000-7f92a0740000 ---p 00002000 08:03 12190583                   /lib/x86_64-linux-gnu/libdl-2.13.so
7f92a0740000-7f92a0741000 r--p 00002000 08:03 12190583                   /lib/x86_64-linux-gnu/libdl-2.13.so
7f92a0741000-7f92a0742000 rw-p 00003000 08:03 12190583                   /lib/x86_64-linux-gnu/libdl-2.13.so
7f92a0742000-7f92a074f000 r-xp 00000000 08:03 3934207                    /usr/lib/jvm/java-7-openjdk-amd64/jre/lib/amd64/jli/libjli.so
7f92a074f000-7f92a094e000 ---p 0000d000 08:03 3934207                    /usr/lib/jvm/java-7-openjdk-amd64/jre/lib/amd64/jli/libjli.so
7f92a094e000-7f92a094f000 r--p 0000c000 08:03 3934207                    /usr/lib/jvm/java-7-openjdk-amd64/jre/lib/amd64/jli/libjli.so
7f92a094f000-7f92a0950000 rw-p 0000d000 08:03 3934207                    /usr/lib/jvm/java-7-openjdk-amd64/jre/lib/amd64/jli/libjli.so
7f92a0950000-7f92a0967000 r-xp 00000000 08:03 12190670                   /lib/x86_64-linux-gnu/libpthread-2.13.so
7f92a0967000-7f92a0b66000 ---p 00017000 08:03 12190670                   /lib/x86_64-linux-gnu/libpthread-2.13.so
7f92a0b66000-7f92a0b67000 r--p 00016000 08:03 12190670                   /lib/x86_64-linux-gnu/libpthread-2.13.so
7f92a0b67000-7f92a0b68000 rw-p 00017000 08:03 12190670                   /lib/x86_64-linux-gnu/libpthread-2.13.so
7f92a0b68000-7f92a0b6c000 rw-p 00000000 00:00 0 
7f92a0b6c000-7f92a0b8c000 r-xp 00000000 08:03 12190547                   /lib/x86_64-linux-gnu/ld-2.13.so
7f92a0b8d000-7f92a0b94000 r--s 00000000 08:03 4199493                    /usr/lib/x86_64-linux-gnu/gconv/gconv-modules.cache
7f92a0b94000-7f92a0b9d000 r--s 000b9000 08:03 3934170                    /usr/lib/jvm/java-7-openjdk-amd64/jre/lib/resources.jar
7f92a0b9d000-7f92a0ba2000 r--s 0004c000 08:03 3934152                    /usr/lib/jvm/java-7-openjdk-amd64/jre/lib/jsse.jar
7f92a0ba2000-7f92a0bac000 rw-p 00000000 00:00 0 
7f92a0bac000-7f92a0c62000 rw-p 00000000 00:00 0 
7f92a0c62000-7f92a0c65000 ---p 00000000 00:00 0 
7f92a0c65000-7f92a0d7f000 rw-p 00000000 00:00 0 
7f92a0d7f000-7f92a0d87000 rw-s 00000000 08:03 10486348                   /tmp/hsperfdata_chobe/7092 (deleted)
7f92a0d87000-7f92a0d88000 rw-p 00000000 00:00 0 
7f92a0d88000-7f92a0d89000 ---p 00000000 00:00 0 
7f92a0d89000-7f92a0d8b000 rw-p 00000000 00:00 0 
7f92a0d8b000-7f92a0d8c000 r--p 0001f000 08:03 12190547                   /lib/x86_64-linux-gnu/ld-2.13.so
7f92a0d8c000-7f92a0d8d000 rw-p 00020000 08:03 12190547                   /lib/x86_64-linux-gnu/ld-2.13.so
7f92a0d8d000-7f92a0d8e000 rw-p 00000000 00:00 0 
7fff8211a000-7fff8213c000 rw-p 00000000 00:00 0                          [stack]
7fff821ff000-7fff82200000 r-xp 00000000 00:00 0                          [vdso]
ffffffffff600000-ffffffffff601000 r-xp 00000000 00:00 0                  [vsyscall]

VM Arguments:
jvm_args: -Dfile.encoding=UTF-8 
java_command: com.mygdx.sheep.desktop.DesktopLauncher
Launcher Type: SUN_STANDARD

Environment Variables:
PATH=/usr/local/bin:/usr/bin:/bin:/usr/local/games:/usr/games:/home/chobe/.local/bin:/home/chobe/sdks/adt-bundle-linux-x86_64-20140321/sdk//platform-tools/adb:/home/chobe/sdks/adt-bundle-linux-x86_64-20140321/sdk//platform-tools/
USERNAME=chobe
SHELL=/bin/bash
DISPLAY=:0

Signal Handlers:
SIGSEGV: [libjvm.so+0x8f9750], sa_mask[0]=0x7ffbfeff, sa_flags=0x10000004
SIGBUS: [libjvm.so+0x8f9750], sa_mask[0]=0x7ffbfeff, sa_flags=0x10000004
SIGFPE: [libjvm.so+0x7827c0], sa_mask[0]=0x7ffbfeff, sa_flags=0x10000004
SIGPIPE: [libjvm.so+0x7827c0], sa_mask[0]=0x7ffbfeff, sa_flags=0x10000004
SIGXFSZ: [libjvm.so+0x7827c0], sa_mask[0]=0x7ffbfeff, sa_flags=0x10000004
SIGILL: [libjvm.so+0x7827c0], sa_mask[0]=0x7ffbfeff, sa_flags=0x10000004
SIGUSR1: SIG_DFL, sa_mask[0]=0x00000000, sa_flags=0x00000000
SIGUSR2: [libjvm.so+0x782ab0], sa_mask[0]=0x00000004, sa_flags=0x10000004
SIGHUP: [libjvm.so+0x782c20], sa_mask[0]=0x7ffbfeff, sa_flags=0x10000004
SIGINT: [libjvm.so+0x782c20], sa_mask[0]=0x7ffbfeff, sa_flags=0x10000004
SIGTERM: [libjvm.so+0x782c20], sa_mask[0]=0x7ffbfeff, sa_flags=0x10000004
SIGQUIT: [libjvm.so+0x782c20], sa_mask[0]=0x7ffbfeff, sa_flags=0x10000004


---------------  S Y S T E M  ---------------

OS:7.5

uname:Linux 3.2.0-4-amd64 #1 SMP Debian 3.2.57-3+deb7u1 x86_64
libc:glibc 2.13 NPTL 2.13 
rlimit: STACK 8192k, CORE 0k, NPROC 31105, NOFILE 4096, AS infinity
load average:1.71 1.12 1.14

/proc/meminfo:
MemTotal:        3993672 kB
MemFree:          920224 kB
Buffers:          347980 kB
Cached:           939764 kB
SwapCached:            0 kB
Active:          1855768 kB
Inactive:         807424 kB
Active(anon):    1376896 kB
Inactive(anon):    38520 kB
Active(file):     478872 kB
Inactive(file):   768904 kB
Unevictable:           0 kB
Mlocked:               0 kB
SwapTotal:       4120572 kB
SwapFree:        4120572 kB
Dirty:               528 kB
Writeback:             0 kB
AnonPages:       1375352 kB
Mapped:           234888 kB
Shmem:             39964 kB
Slab:             223952 kB
SReclaimable:     196996 kB
SUnreclaim:        26956 kB
KernelStack:        3832 kB
PageTables:        26824 kB
NFS_Unstable:          0 kB
Bounce:                0 kB
WritebackTmp:          0 kB
CommitLimit:     6117408 kB
Committed_AS:    3353116 kB
VmallocTotal:   34359738367 kB
VmallocUsed:      170472 kB
VmallocChunk:   34359561652 kB
HardwareCorrupted:     0 kB
AnonHugePages:         0 kB
HugePages_Total:       0
HugePages_Free:        0
HugePages_Rsvd:        0
HugePages_Surp:        0
Hugepagesize:       2048 kB
DirectMap4k:      185344 kB
DirectMap2M:     3942400 kB


CPU:total 4 (4 cores per cpu, 1 threads per core) family 6 model 15 stepping 11, cmov, cx8, fxsr, mmx, sse, sse2, sse3, ssse3, tsc

/proc/cpuinfo:
processor	: 0
vendor_id	: GenuineIntel
cpu family	: 6
model		: 15
model name	: Intel(R) Core(TM)2 Quad CPU    Q6600  @ 2.40GHz
stepping	: 11
cpu MHz		: 1596.000
cache size	: 4096 KB
physical id	: 0
siblings	: 4
core id		: 0
cpu cores	: 4
apicid		: 0
initial apicid	: 0
fpu		: yes
fpu_exception	: yes
cpuid level	: 10
wp		: yes
flags		: fpu vme de pse tsc msr pae mce cx8 apic sep mtrr pge mca cmov pat pse36 clflush dts acpi mmx fxsr sse sse2 ss ht tm pbe syscall nx lm constant_tsc arch_perfmon pebs bts rep_good nopl aperfmperf pni dtes64 monitor ds_cpl vmx est tm2 ssse3 cx16 xtpr pdcm lahf_lm dtherm tpr_shadow vnmi flexpriority
bogomips	: 4795.59
clflush size	: 64
cache_alignment	: 64
address sizes	: 36 bits physical, 48 bits virtual
power management:

processor	: 1
vendor_id	: GenuineIntel
cpu family	: 6
model		: 15
model name	: Intel(R) Core(TM)2 Quad CPU    Q6600  @ 2.40GHz
stepping	: 11
cpu MHz		: 1596.000
cache size	: 4096 KB
physical id	: 0
siblings	: 4
core id		: 2
cpu cores	: 4
apicid		: 2
initial apicid	: 2
fpu		: yes
fpu_exception	: yes
cpuid level	: 10
wp		: yes
flags		: fpu vme de pse tsc msr pae mce cx8 apic sep mtrr pge mca cmov pat pse36 clflush dts acpi mmx fxsr sse sse2 ss ht tm pbe syscall nx lm constant_tsc arch_perfmon pebs bts rep_good nopl aperfmperf pni dtes64 monitor ds_cpl vmx est tm2 ssse3 cx16 xtpr pdcm lahf_lm dtherm tpr_shadow vnmi flexpriority
bogomips	: 4795.50
clflush size	: 64
cache_alignment	: 64
address sizes	: 36 bits physical, 48 bits virtual
power management:

processor	: 2
vendor_id	: GenuineIntel
cpu family	: 6
model		: 15
model name	: Intel(R) Core(TM)2 Quad CPU    Q6600  @ 2.40GHz
stepping	: 11
cpu MHz		: 1596.000
cache size	: 4096 KB
physical id	: 0
siblings	: 4
core id		: 1
cpu cores	: 4
apicid		: 1
initial apicid	: 1
fpu		: yes
fpu_exception	: yes
cpuid level	: 10
wp		: yes
flags		: fpu vme de pse tsc msr pae mce cx8 apic sep mtrr pge mca cmov pat pse36 clflush dts acpi mmx fxsr sse sse2 ss ht tm pbe syscall nx lm constant_tsc arch_perfmon pebs bts rep_good nopl aperfmperf pni dtes64 monitor ds_cpl vmx est tm2 ssse3 cx16 xtpr pdcm lahf_lm dtherm tpr_shadow vnmi flexpriority
bogomips	: 4795.49
clflush size	: 64
cache_alignment	: 64
address sizes	: 36 bits physical, 48 bits virtual
power management:

processor	: 3
vendor_id	: GenuineIntel
cpu family	: 6
model		: 15
model name	: Intel(R) Core(TM)2 Quad CPU    Q6600  @ 2.40GHz
stepping	: 11
cpu MHz		: 2394.000
cache size	: 4096 KB
physical id	: 0
siblings	: 4
core id		: 3
cpu cores	: 4
apicid		: 3
initial apicid	: 3
fpu		: yes
fpu_exception	: yes
cpuid level	: 10
wp		: yes
flags		: fpu vme de pse tsc msr pae mce cx8 apic sep mtrr pge mca cmov pat pse36 clflush dts acpi mmx fxsr sse sse2 ss ht tm pbe syscall nx lm constant_tsc arch_perfmon pebs bts rep_good nopl aperfmperf pni dtes64 monitor ds_cpl vmx est tm2 ssse3 cx16 xtpr pdcm lahf_lm dtherm tpr_shadow vnmi flexpriority
bogomips	: 4795.50
clflush size	: 64
cache_alignment	: 64
address sizes	: 36 bits physical, 48 bits virtual
power management:



Memory: 4k page, physical 3993672k(920224k free), swap 4120572k(4120572k free)

vm_info: OpenJDK 64-Bit Server VM (24.51-b03) for linux-amd64 JRE (1.7.0_55-b14), built on May  2 2014 11:33:06 by "buildd" with gcc 4.7.2

time: Tue Jul  1 06:50:45 2014
elapsed time: 21 seconds

