#
# A fatal error has been detected by the Java Runtime Environment:
#
#  SIGSEGV (0xb) at pc=0x00007f242e7ffe38, pid=7454, tid=139793399166720
#
# JRE version: OpenJDK Runtime Environment (7.0_55-b14) (build 1.7.0_55-b14)
# Java VM: OpenJDK 64-Bit Server VM (24.51-b03 mixed mode linux-amd64 compressed oops)
# Problematic frame:
# C  [libX11.so.6+0x3ae38]  XQueryExtension+0x28
#
# Failed to write core dump. Core dumps have been disabled. To enable core dumping, try "ulimit -c unlimited" before starting Java again
#
# If you would like to submit a bug report, please include
# instructions on how to reproduce the bug and visit:
#   http://icedtea.classpath.org/bugzilla
#

---------------  T H R E A D  ---------------

Current thread (0x0000000001eab000):  VMThread [stack: 0x00007f242fd63000,0x00007f242fe64000] [id=7464]

siginfo:si_signo=SIGSEGV: si_errno=0, si_code=1 (SEGV_MAPERR), si_addr=0x000000002005eec8

Registers:
RAX=0x0000000001e335b0, RBX=0x000000002005e560, RCX=0x00007f242fe62668, RDX=0x00007f242fe62664
RSP=0x00007f242fe62600, RBP=0x00007f241774d600, RSI=0x00007f2417614992, RDI=0x000000002005e560
R8 =0x00007f242fe6266c, R9 =0x0000000000000000, R10=0x00007f2439a41768, R11=0x00007f24396f00d0
R12=0x00007f2417614992, R13=0x0000000001e335b0, R14=0x00007f2420034ed0, R15=0x00007f242000e290
RIP=0x00007f242e7ffe38, EFLAGS=0x0000000000010206, CSGSFS=0x0000000000000033, ERR=0x0000000000000004
  TRAPNO=0x000000000000000e

Top of Stack: (sp=0x00007f242fe62600)
0x00007f242fe62600:   0000000000000020 00007f242fe62730
0x00007f242fe62610:   00007f24396c75c8 00007f243a26d9e8
0x00007f242fe62620:   00007f24396c75c8 000000002005e560
0x00007f242fe62630:   00007f241774d600 00007f2417614992
0x00007f242fe62640:   0000000001e335b0 00007f2420034ed0
0x00007f242fe62650:   00007f242000e290 00007f242e7f3e72
0x00007f242fe62660:   00007f2420034ed0 0000000000000000
0x00007f242fe62670:   0000000000000000 00007f241774d600
0x00007f242fe62680:   000000002005e560 00007f242eb0d71d
0x00007f242fe62690:   00007f2417614992 00000011396c75c8
0x00007f242fe626a0:   00007f242fe62720 0000000000000000
0x00007f242fe626b0:   00007f242fe62720 000000002005e560
0x00007f242fe626c0:   00007f243a292048 00007f2420034ed0
0x00007f242fe626d0:   00007f2417766e50 00007f24175bd3d9
0x00007f242fe626e0:   0000000000000000 0000000000000063
0x00007f242fe626f0:   00007f242fe62720 0000000000000000
0x00007f242fe62700:   00007f243a292048 00007f2420034ed0
0x00007f242fe62710:   0000000000000054 00007f24175b1ae2
0x00007f242fe62720:   00007f242fe62ae0 00007f2417614911
0x00007f242fe62730:   00007f242fe62ae0 00007f243a0804ec
0x00007f242fe62740:   00007f243a2931c8 00007f243a293758
0x00007f242fe62750:   00007f243a26d000 0000000001e3e3d0
0x00007f242fe62760:   0000000001e3eec0 0000000001e3f3c0
0x00007f242fe62770:   0000000001e4c2a0 00007f2428157810
0x00007f242fe62780:   00007f242829e7b0 00007f242829a6d0
0x00007f242fe62790:   00007f24281a5f70 00007f24281b5fe0
0x00007f242fe627a0:   00007f24281bd5a0 00007f24281bd070
0x00007f242fe627b0:   00007f24281bcb50 00007f24281c0e30
0x00007f242fe627c0:   00007f24281c0920 00007f24281c1bc0
0x00007f242fe627d0:   00007f24281c0420 00007f24281bc620
0x00007f242fe627e0:   00007f24281bea10 00007f24281bf440
0x00007f242fe627f0:   00007f24281bef20 00007f24281bf950 

Instructions: (pc=0x00007f242e7ffe38)
0x00007f242e7ffe18:   24 e0 48 89 fb 4c 89 6c 24 e8 4c 89 74 24 f0 49
0x00007f242e7ffe28:   89 f4 4c 89 7c 24 f8 48 89 6c 24 d8 48 83 ec 58
0x00007f242e7ffe38:   48 8b 87 68 09 00 00 49 89 d7 49 89 ce 4d 89 c5
0x00007f242e7ffe48:   48 85 c0 74 02 ff 10 ba 08 00 00 00 be 62 00 00 

Register to memory mapping:

RAX=0x0000000001e335b0 is an unknown value
RBX=0x000000002005e560 is an unknown value
RCX=0x00007f242fe62668 is an unknown value
RDX=0x00007f242fe62664 is an unknown value
RSP=0x00007f242fe62600 is an unknown value
RBP=0x00007f241774d600: <offset 0x1cf600> in /usr/lib/x86_64-linux-gnu/libGL.so.1 at 0x00007f241757e000
RSI=0x00007f2417614992: <offset 0x96992> in /usr/lib/x86_64-linux-gnu/libGL.so.1 at 0x00007f241757e000
RDI=0x000000002005e560 is an unknown value
R8 =0x00007f242fe6266c is an unknown value
R9 =0x0000000000000000 is an unknown value
R10=0x00007f2439a41768: <offset 0x388768> in /lib/x86_64-linux-gnu/libc.so.6 at 0x00007f24396b9000
R11=0x00007f24396f00d0: __cxa_finalize+0 in /lib/x86_64-linux-gnu/libc.so.6 at 0x00007f24396b9000
R12=0x00007f2417614992: <offset 0x96992> in /usr/lib/x86_64-linux-gnu/libGL.so.1 at 0x00007f241757e000
R13=0x0000000001e335b0 is an unknown value
R14=0x00007f2420034ed0 is an unknown value
R15=0x00007f242000e290 is an unknown value


Stack: [0x00007f242fd63000,0x00007f242fe64000],  sp=0x00007f242fe62600,  free space=1021k
Native frames: (J=compiled Java code, j=interpreted, Vv=VM code, C=native code)
C  [libX11.so.6+0x3ae38]  XQueryExtension+0x28

VM_Operation (0x00007f2417886650): Exit, mode: safepoint, requested by thread 0x00007f242833c000


---------------  P R O C E S S  ---------------

Java Threads: ( => current thread )
  0x00007f2428c76800 JavaThread "AsynchExecutor-Thread" daemon [_thread_blocked, id=7484, stack(0x00007f2413757000,0x00007f2413858000)]
  0x0000000001fb9800 JavaThread "process reaper" daemon [_thread_blocked, id=7479, stack(0x00007f242c03a000,0x00007f242c073000)]
  0x00007f24281d1000 JavaThread "DestroyJavaVM" [_thread_blocked, id=7456, stack(0x00007f243a168000,0x00007f243a269000)]
  0x00007f242833c000 JavaThread "LWJGL Application" [_thread_blocked, id=7477, stack(0x00007f2417787000,0x00007f2417888000)]
  0x00007f2428299800 JavaThread "AWT-XAWT" daemon [_thread_blocked, id=7473, stack(0x00007f241ef07000,0x00007f241f008000)]
  0x00007f2428277000 JavaThread "Java2D Disposer" daemon [_thread_blocked, id=7472, stack(0x00007f241f008000,0x00007f241f109000)]
  0x00007f242802c000 JavaThread "Service Thread" daemon [_thread_blocked, id=7470, stack(0x00007f242f5e6000,0x00007f242f6e7000)]
  0x00007f2428029800 JavaThread "C2 CompilerThread1" daemon [_thread_blocked, id=7469, stack(0x00007f242f6e7000,0x00007f242f7e8000)]
  0x00007f2428026800 JavaThread "C2 CompilerThread0" daemon [_thread_blocked, id=7468, stack(0x00007f242f7e8000,0x00007f242f8e9000)]
  0x00007f2428024000 JavaThread "Signal Dispatcher" daemon [_thread_blocked, id=7467, stack(0x00007f242f8e9000,0x00007f242f9ea000)]
  0x00007f2428001000 JavaThread "Finalizer" daemon [_thread_blocked, id=7466, stack(0x00007f242fb61000,0x00007f242fc62000)]
  0x0000000001eaf800 JavaThread "Reference Handler" daemon [_thread_blocked, id=7465, stack(0x00007f242fc62000,0x00007f242fd63000)]

Other Threads:
=>0x0000000001eab000 VMThread [stack: 0x00007f242fd63000,0x00007f242fe64000] [id=7464]

VM state:at safepoint (shutting down)

VM Mutex/Monitor currently owned by a thread:  ([mutex/lock_event])
[0x0000000001e3c520] Threads_lock - owner thread: 0x0000000001eab000

Heap
 PSYoungGen      total 18432K, used 7524K [0x00000000eba80000, 0x00000000ecf00000, 0x0000000100000000)
  eden space 15872K, 31% used [0x00000000eba80000,0x00000000ebf60a60,0x00000000eca00000)
  from space 2560K, 98% used [0x00000000eca00000,0x00000000ecc78900,0x00000000ecc80000)
  to   space 2560K, 0% used [0x00000000ecc80000,0x00000000ecc80000,0x00000000ecf00000)
 ParOldGen       total 41472K, used 2160K [0x00000000c3000000, 0x00000000c5880000, 0x00000000eba80000)
  object space 41472K, 5% used [0x00000000c3000000,0x00000000c321c010,0x00000000c5880000)
 PSPermGen       total 21504K, used 9827K [0x00000000b8a00000, 0x00000000b9f00000, 0x00000000c3000000)
  object space 21504K, 45% used [0x00000000b8a00000,0x00000000b9398c30,0x00000000b9f00000)

Card table byte_map: [0x00007f2433c90000,0x00007f2433ecc000] byte_map_base: 0x00007f24336cb000

Polling page: 0x00007f243a28e000

Code Cache  [0x00007f2433ecc000, 0x00007f243413c000, 0x00007f2436ecc000)
 total_blobs=584 nmethods=69 adapters=470 free_code_cache=48481Kb largest_free_block=49632256

Compilation events (10 events):
Event: 3.888 Thread 0x00007f2428026800   64             com.badlogic.gdx.graphics.VertexAttributes::get (7 bytes)
Event: 3.889 Thread 0x00007f2428026800 nmethod 64 0x00007f2433f6e3d0 code [0x00007f2433f6e520, 0x00007f2433f6e5b8]
Event: 4.404 Thread 0x00007f2428029800   65             org.lwjgl.MemoryUtil::getAddress0 (10 bytes)
Event: 4.404 Thread 0x00007f2428026800   66             org.lwjgl.MemoryUtilSun$AccessorUnsafe::getAddress (13 bytes)
Event: 4.405 Thread 0x00007f2428026800 nmethod 66 0x00007f2433f73610 code [0x00007f2433f73740, 0x00007f2433f737b8]
Event: 4.405 Thread 0x00007f2428029800 nmethod 65 0x00007f2433f75050 code [0x00007f2433f75180, 0x00007f2433f751f8]
Event: 5.320 Thread 0x00007f2428026800   68             com.badlogic.gdx.math.Vector3::set (17 bytes)
Event: 5.320 Thread 0x00007f2428026800 nmethod 68 0x00007f2433f74dd0 code [0x00007f2433f74f00, 0x00007f2433f74f58]
Event: 5.736 Thread 0x00007f2428029800   69             java.nio.Buffer::remaining (10 bytes)
Event: 5.737 Thread 0x00007f2428029800 nmethod 69 0x00007f2433f76a10 code [0x00007f2433f76b40, 0x00007f2433f76b98]

GC Heap History (2 events):
Event: 1.692 GC heap before
{Heap before GC invocations=1 (full 0):
 PSYoungGen      total 18432K, used 15872K [0x00000000eba80000, 0x00000000ecf00000, 0x0000000100000000)
  eden space 15872K, 100% used [0x00000000eba80000,0x00000000eca00000,0x00000000eca00000)
  from space 2560K, 0% used [0x00000000ecc80000,0x00000000ecc80000,0x00000000ecf00000)
  to   space 2560K, 0% used [0x00000000eca00000,0x00000000eca00000,0x00000000ecc80000)
 ParOldGen       total 41472K, used 0K [0x00000000c3000000, 0x00000000c5880000, 0x00000000eba80000)
  object space 41472K, 0% used [0x00000000c3000000,0x00000000c3000000,0x00000000c5880000)
 PSPermGen       total 21504K, used 9295K [0x00000000b8a00000, 0x00000000b9f00000, 0x00000000c3000000)
  object space 21504K, 43% used [0x00000000b8a00000,0x00000000b9313e68,0x00000000b9f00000)
Event: 1.705 GC heap after
Heap after GC invocations=1 (full 0):
 PSYoungGen      total 18432K, used 2530K [0x00000000eba80000, 0x00000000ecf00000, 0x0000000100000000)
  eden space 15872K, 0% used [0x00000000eba80000,0x00000000eba80000,0x00000000eca00000)
  from space 2560K, 98% used [0x00000000eca00000,0x00000000ecc78900,0x00000000ecc80000)
  to   space 2560K, 0% used [0x00000000ecc80000,0x00000000ecc80000,0x00000000ecf00000)
 ParOldGen       total 41472K, used 2160K [0x00000000c3000000, 0x00000000c5880000, 0x00000000eba80000)
  object space 41472K, 5% used [0x00000000c3000000,0x00000000c321c010,0x00000000c5880000)
 PSPermGen       total 21504K, used 9295K [0x00000000b8a00000, 0x00000000b9f00000, 0x00000000c3000000)
  object space 21504K, 43% used [0x00000000b8a00000,0x00000000b9313e68,0x00000000b9f00000)
}

Deoptimization events (1 events):
Event: 0.241 Thread 0x0000000001e40000 Uncommon trap: reason=class_check action=maybe_recompile pc=0x00007f2433f31268 method=java.util.Properties$LineReader.readLine()I @ 62

Internal exceptions (10 events):
Event: 3.190 Thread 0x00007f242833c000 Threw 0x00000000ebe85d70 at /build/openjdk-7-kBcQ8a/openjdk-7-7u55-2.4.7/build/openjdk/hotspot/src/share/vm/prims/jvm.cpp:1244
Event: 3.200 Thread 0x00007f242833c000 Threw 0x00000000ebea9228 at /build/openjdk-7-kBcQ8a/openjdk-7-7u55-2.4.7/build/openjdk/hotspot/src/share/vm/prims/jvm.cpp:1244
Event: 3.273 Thread 0x00007f242833c000 Threw 0x00000000ebeb0c70 at /build/openjdk-7-kBcQ8a/openjdk-7-7u55-2.4.7/build/openjdk/hotspot/src/share/vm/prims/jvm.cpp:1244
Event: 3.274 Thread 0x00007f242833c000 Threw 0x00000000ebeb5d38 at /build/openjdk-7-kBcQ8a/openjdk-7-7u55-2.4.7/build/openjdk/hotspot/src/share/vm/prims/jvm.cpp:1244
Event: 3.274 Thread 0x00007f242833c000 Threw 0x00000000ebebb6a8 at /build/openjdk-7-kBcQ8a/openjdk-7-7u55-2.4.7/build/openjdk/hotspot/src/share/vm/prims/jvm.cpp:1244
Event: 3.275 Thread 0x00007f242833c000 Threw 0x00000000ebec18f8 at /build/openjdk-7-kBcQ8a/openjdk-7-7u55-2.4.7/build/openjdk/hotspot/src/share/vm/prims/jvm.cpp:1244
Event: 3.276 Thread 0x00007f242833c000 Threw 0x00000000ebec7430 at /build/openjdk-7-kBcQ8a/openjdk-7-7u55-2.4.7/build/openjdk/hotspot/src/share/vm/prims/jvm.cpp:1244
Event: 6.803 Thread 0x00007f242833c000 Threw 0x00000000ebf094b0 at /build/openjdk-7-kBcQ8a/openjdk-7-7u55-2.4.7/build/openjdk/hotspot/src/share/vm/prims/jvm.cpp:1244
Event: 6.810 Thread 0x00007f242833c000 Threw 0x00000000ebf0d978 at /build/openjdk-7-kBcQ8a/openjdk-7-7u55-2.4.7/build/openjdk/hotspot/src/share/vm/prims/jvm.cpp:1244
Event: 6.817 Thread 0x00007f242833c000 Threw 0x00000000ebf12d18 at /build/openjdk-7-kBcQ8a/openjdk-7-7u55-2.4.7/build/openjdk/hotspot/src/share/vm/prims/jvm.cpp:1244

Events (10 events):
Event: 6.974 loading class 0x0000000001f0e020 done
Event: 6.974 Thread 0x00007f2420d99000 Thread added: 0x00007f2420d99000
Event: 6.974 loading class 0x00007f24281f28c0
Event: 6.974 loading class 0x00007f242007a500
Event: 6.974 loading class 0x00007f242007a500 done
Event: 6.974 loading class 0x00007f242007a530
Event: 6.974 loading class 0x00007f242007a530 done
Event: 6.974 loading class 0x00007f24281f28c0 done
Event: 6.976 Thread 0x00007f2420d99000 Thread exited: 0x00007f2420d99000
Event: 6.976 Executing VM operation: Exit


Dynamic libraries:
00400000-00401000 r-xp 00000000 08:03 3934148                            /usr/lib/jvm/java-7-openjdk-amd64/jre/bin/java
00600000-00601000 r--p 00000000 08:03 3934148                            /usr/lib/jvm/java-7-openjdk-amd64/jre/bin/java
00601000-00602000 rw-p 00001000 08:03 3934148                            /usr/lib/jvm/java-7-openjdk-amd64/jre/bin/java
01e31000-045a4000 rw-p 00000000 00:00 0                                  [heap]
b8a00000-b9f00000 rw-p 00000000 00:00 0 
b9f00000-c3000000 rw-p 00000000 00:00 0 
c3000000-c5880000 rw-p 00000000 00:00 0 
c5880000-eba80000 rw-p 00000000 00:00 0 
eba80000-ecf00000 rw-p 00000000 00:00 0 
ecf00000-100000000 rw-p 00000000 00:00 0 
7f2413757000-7f241375a000 ---p 00000000 00:00 0 
7f241375a000-7f2413858000 rw-p 00000000 00:00 0 
7f2413858000-7f2413859000 ---p 00000000 00:00 0 
7f2413859000-7f2414059000 rw-p 00000000 00:00 0 
7f2414059000-7f241405a000 ---p 00000000 00:00 0 
7f241405a000-7f241485a000 rw-p 00000000 00:00 0 
7f24149a6000-7f24150a6000 rw-s 00006000 00:05 8262                       /dev/ati/card0
7f24150a6000-7f24150e3000 r-xp 00000000 08:03 4201336                    /usr/lib/x86_64-linux-gnu/libatiadlxx.so
7f24150e3000-7f24151e2000 ---p 0003d000 08:03 4201336                    /usr/lib/x86_64-linux-gnu/libatiadlxx.so
7f24151e2000-7f24151ec000 rw-p 0003c000 08:03 4201336                    /usr/lib/x86_64-linux-gnu/libatiadlxx.so
7f24151ec000-7f24151fc000 rw-p 00000000 00:00 0 
7f24151fc000-7f2415203000 r-xp 00000000 08:03 4201328                    /usr/lib/x86_64-linux-gnu/libatiuki.so.1.0
7f2415203000-7f2415303000 ---p 00007000 08:03 4201328                    /usr/lib/x86_64-linux-gnu/libatiuki.so.1.0
7f2415303000-7f2415304000 rw-p 00007000 08:03 4201328                    /usr/lib/x86_64-linux-gnu/libatiuki.so.1.0
7f2415304000-7f2415305000 rw-p 00000000 00:00 0 
7f2415305000-7f24171fd000 r-xp 00000000 08:03 4201338                    /usr/lib/x86_64-linux-gnu/dri/fglrx_dri.so
7f24171fd000-7f24172fc000 ---p 01ef8000 08:03 4201338                    /usr/lib/x86_64-linux-gnu/dri/fglrx_dri.so
7f24172fc000-7f241745a000 rwxp 01ef7000 08:03 4201338                    /usr/lib/x86_64-linux-gnu/dri/fglrx_dri.so
7f241745a000-7f241757e000 rwxp 00000000 00:00 0 
7f241757e000-7f2417641000 r-xp 00000000 08:03 4201341                    /usr/lib/x86_64-linux-gnu/fglrx/fglrx-libGL.so.1.2
7f2417641000-7f2417740000 ---p 000c3000 08:03 4201341                    /usr/lib/x86_64-linux-gnu/fglrx/fglrx-libGL.so.1.2
7f2417740000-7f2417767000 rwxp 000c2000 08:03 4201341                    /usr/lib/x86_64-linux-gnu/fglrx/fglrx-libGL.so.1.2
7f2417767000-7f2417787000 rwxp 00000000 00:00 0 
7f2417787000-7f241778a000 ---p 00000000 00:00 0 
7f241778a000-7f2417888000 rw-p 00000000 00:00 0 
7f2417888000-7f241788b000 ---p 00000000 00:00 0 
7f241788b000-7f2417989000 rw-p 00000000 00:00 0 
7f241b98a000-7f241b98b000 ---p 00000000 00:00 0 
7f241b98b000-7f241c18b000 rw-p 00000000 00:00 0 
7f241c18b000-7f241c191000 r-xp 00000000 08:03 4200289                    /usr/lib/x86_64-linux-gnu/libogg.so.0.8.0
7f241c191000-7f241c390000 ---p 00006000 08:03 4200289                    /usr/lib/x86_64-linux-gnu/libogg.so.0.8.0
7f241c390000-7f241c391000 rw-p 00005000 08:03 4200289                    /usr/lib/x86_64-linux-gnu/libogg.so.0.8.0
7f241c391000-7f241c3bd000 r-xp 00000000 08:03 4200496                    /usr/lib/x86_64-linux-gnu/libvorbis.so.0.4.5
7f241c3bd000-7f241c5bc000 ---p 0002c000 08:03 4200496                    /usr/lib/x86_64-linux-gnu/libvorbis.so.0.4.5
7f241c5bc000-7f241c5bd000 r--p 0002b000 08:03 4200496                    /usr/lib/x86_64-linux-gnu/libvorbis.so.0.4.5
7f241c5bd000-7f241c5be000 rw-p 0002c000 08:03 4200496                    /usr/lib/x86_64-linux-gnu/libvorbis.so.0.4.5
7f241c5be000-7f241c871000 r-xp 00000000 08:03 4200498                    /usr/lib/x86_64-linux-gnu/libvorbisenc.so.2.0.8
7f241c871000-7f241ca70000 ---p 002b3000 08:03 4200498                    /usr/lib/x86_64-linux-gnu/libvorbisenc.so.2.0.8
7f241ca70000-7f241ca8c000 r--p 002b2000 08:03 4200498                    /usr/lib/x86_64-linux-gnu/libvorbisenc.so.2.0.8
7f241ca8c000-7f241ca8d000 rw-p 002ce000 08:03 4200498                    /usr/lib/x86_64-linux-gnu/libvorbisenc.so.2.0.8
7f241ca8d000-7f241cad8000 r-xp 00000000 08:03 4199700                    /usr/lib/x86_64-linux-gnu/libFLAC.so.8.2.0
7f241cad8000-7f241ccd7000 ---p 0004b000 08:03 4199700                    /usr/lib/x86_64-linux-gnu/libFLAC.so.8.2.0
7f241ccd7000-7f241ccd8000 r--p 0004a000 08:03 4199700                    /usr/lib/x86_64-linux-gnu/libFLAC.so.8.2.0
7f241ccd8000-7f241ccd9000 rw-p 0004b000 08:03 4199700                    /usr/lib/x86_64-linux-gnu/libFLAC.so.8.2.0
7f241ccd9000-7f241ccdd000 r-xp 00000000 08:03 12190707                   /lib/x86_64-linux-gnu/libuuid.so.1.3.0
7f241ccdd000-7f241cedc000 ---p 00004000 08:03 12190707                   /lib/x86_64-linux-gnu/libuuid.so.1.3.0
7f241cedc000-7f241cedd000 r--p 00003000 08:03 12190707                   /lib/x86_64-linux-gnu/libuuid.so.1.3.0
7f241cedd000-7f241cede000 rw-p 00004000 08:03 12190707                   /lib/x86_64-linux-gnu/libuuid.so.1.3.0
7f241cede000-7f241cee2000 r-xp 00000000 08:03 12190559                   /lib/x86_64-linux-gnu/libattr.so.1.1.0
7f241cee2000-7f241d0e1000 ---p 00004000 08:03 12190559                   /lib/x86_64-linux-gnu/libattr.so.1.1.0
7f241d0e1000-7f241d0e2000 r--p 00003000 08:03 12190559                   /lib/x86_64-linux-gnu/libattr.so.1.1.0
7f241d0e2000-7f241d0e3000 rw-p 00004000 08:03 12190559                   /lib/x86_64-linux-gnu/libattr.so.1.1.0
7f241d0e3000-7f241d0e8000 r-xp 00000000 08:03 4199797                    /usr/lib/x86_64-linux-gnu/libasyncns.so.0.3.1
7f241d0e8000-7f241d2e7000 ---p 00005000 08:03 4199797                    /usr/lib/x86_64-linux-gnu/libasyncns.so.0.3.1
7f241d2e7000-7f241d2e8000 rw-p 00004000 08:03 4199797                    /usr/lib/x86_64-linux-gnu/libasyncns.so.0.3.1
7f241d2e8000-7f241d349000 r-xp 00000000 08:03 4200411                    /usr/lib/x86_64-linux-gnu/libsndfile.so.1.0.25
7f241d349000-7f241d548000 ---p 00061000 08:03 4200411                    /usr/lib/x86_64-linux-gnu/libsndfile.so.1.0.25
7f241d548000-7f241d54a000 r--p 00060000 08:03 4200411                    /usr/lib/x86_64-linux-gnu/libsndfile.so.1.0.25
7f241d54a000-7f241d54b000 rw-p 00062000 08:03 4200411                    /usr/lib/x86_64-linux-gnu/libsndfile.so.1.0.25
7f241d54b000-7f241d54f000 rw-p 00000000 00:00 0 
7f241d54f000-7f241d558000 r-xp 00000000 08:03 12190709                   /lib/x86_64-linux-gnu/libwrap.so.0.7.6
7f241d558000-7f241d757000 ---p 00009000 08:03 12190709                   /lib/x86_64-linux-gnu/libwrap.so.0.7.6
7f241d757000-7f241d758000 r--p 00008000 08:03 12190709                   /lib/x86_64-linux-gnu/libwrap.so.0.7.6
7f241d758000-7f241d759000 rw-p 00009000 08:03 12190709                   /lib/x86_64-linux-gnu/libwrap.so.0.7.6
7f241d759000-7f241d75a000 rw-p 00000000 00:00 0 
7f241d75a000-7f241d761000 r-xp 00000000 08:03 4199720                    /usr/lib/x86_64-linux-gnu/libSM.so.6.0.1
7f241d761000-7f241d960000 ---p 00007000 08:03 4199720                    /usr/lib/x86_64-linux-gnu/libSM.so.6.0.1
7f241d960000-7f241d961000 rw-p 00006000 08:03 4199720                    /usr/lib/x86_64-linux-gnu/libSM.so.6.0.1
7f241d961000-7f241d978000 r-xp 00000000 08:03 4199710                    /usr/lib/x86_64-linux-gnu/libICE.so.6.3.0
7f241d978000-7f241db77000 ---p 00017000 08:03 4199710                    /usr/lib/x86_64-linux-gnu/libICE.so.6.3.0
7f241db77000-7f241db79000 rw-p 00016000 08:03 4199710                    /usr/lib/x86_64-linux-gnu/libICE.so.6.3.0
7f241db79000-7f241db7c000 rw-p 00000000 00:00 0 
7f241db7c000-7f241db7d000 r-xp 00000000 08:03 4199726                    /usr/lib/x86_64-linux-gnu/libX11-xcb.so.1.0.0
7f241db7d000-7f241dd7c000 ---p 00001000 08:03 4199726                    /usr/lib/x86_64-linux-gnu/libX11-xcb.so.1.0.0
7f241dd7c000-7f241dd7d000 rw-p 00000000 08:03 4199726                    /usr/lib/x86_64-linux-gnu/libX11-xcb.so.1.0.0
7f241dd7d000-7f241dd81000 r-xp 00000000 08:03 12190572                   /lib/x86_64-linux-gnu/libcap.so.2.22
7f241dd81000-7f241df80000 ---p 00004000 08:03 12190572                   /lib/x86_64-linux-gnu/libcap.so.2.22
7f241df80000-7f241df81000 rw-p 00003000 08:03 12190572                   /lib/x86_64-linux-gnu/libcap.so.2.22
7f241df81000-7f241dfe2000 r-xp 00000000 08:03 4325923                    /usr/lib/x86_64-linux-gnu/pulseaudio/libpulsecommon-2.0.so
7f241dfe2000-7f241e1e1000 ---p 00061000 08:03 4325923                    /usr/lib/x86_64-linux-gnu/pulseaudio/libpulsecommon-2.0.so
7f241e1e1000-7f241e1e2000 r--p 00060000 08:03 4325923                    /usr/lib/x86_64-linux-gnu/pulseaudio/libpulsecommon-2.0.so
7f241e1e2000-7f241e1e4000 rw-p 00061000 08:03 4325923                    /usr/lib/x86_64-linux-gnu/pulseaudio/libpulsecommon-2.0.so
7f241e1e4000-7f241e1ed000 r-xp 00000000 08:03 12190608                   /lib/x86_64-linux-gnu/libjson.so.0.1.0
7f241e1ed000-7f241e3ec000 ---p 00009000 08:03 12190608                   /lib/x86_64-linux-gnu/libjson.so.0.1.0
7f241e3ec000-7f241e3ed000 r--p 00008000 08:03 12190608                   /lib/x86_64-linux-gnu/libjson.so.0.1.0
7f241e3ed000-7f241e3ee000 rw-p 00009000 08:03 12190608                   /lib/x86_64-linux-gnu/libjson.so.0.1.0
7f241e3ee000-7f241e437000 r-xp 00000000 08:03 4200364                    /usr/lib/x86_64-linux-gnu/libpulse.so.0.14.2
7f241e437000-7f241e636000 ---p 00049000 08:03 4200364                    /usr/lib/x86_64-linux-gnu/libpulse.so.0.14.2
7f241e636000-7f241e637000 r--p 00048000 08:03 4200364                    /usr/lib/x86_64-linux-gnu/libpulse.so.0.14.2
7f241e637000-7f241e638000 rw-p 00049000 08:03 4200364                    /usr/lib/x86_64-linux-gnu/libpulse.so.0.14.2
7f241e891000-7f241e895000 r-xp 00000000 08:03 4199775                    /usr/lib/x86_64-linux-gnu/libXxf86vm.so.1.0.0
7f241e895000-7f241ea95000 ---p 00004000 08:03 4199775                    /usr/lib/x86_64-linux-gnu/libXxf86vm.so.1.0.0
7f241ea95000-7f241ea96000 r--p 00004000 08:03 4199775                    /usr/lib/x86_64-linux-gnu/libXxf86vm.so.1.0.0
7f241ea96000-7f241ea97000 rw-p 00005000 08:03 4199775                    /usr/lib/x86_64-linux-gnu/libXxf86vm.so.1.0.0
7f241ea97000-7f241eb03000 r-xp 00000000 08:01 300856                     /media/winDisk/Users/ChobeDucket/Documents/sheep/android/assets/.temp/7b43be9b/liblwjgl64.so
7f241eb03000-7f241ed02000 ---p 0006c000 08:01 300856                     /media/winDisk/Users/ChobeDucket/Documents/sheep/android/assets/.temp/7b43be9b/liblwjgl64.so
7f241ed02000-7f241ed04000 r--p 0006b000 08:01 300856                     /media/winDisk/Users/ChobeDucket/Documents/sheep/android/assets/.temp/7b43be9b/liblwjgl64.so
7f241ed04000-7f241ed05000 rw-p 0006d000 08:01 300856                     /media/winDisk/Users/ChobeDucket/Documents/sheep/android/assets/.temp/7b43be9b/liblwjgl64.so
7f241ed05000-7f241ed06000 r-xp 00000000 08:03 3934229                    /usr/lib/jvm/java-7-openjdk-amd64/jre/lib/amd64/libjawt.so
7f241ed06000-7f241ef05000 ---p 00001000 08:03 3934229                    /usr/lib/jvm/java-7-openjdk-amd64/jre/lib/amd64/libjawt.so
7f241ef05000-7f241ef06000 r--p 00000000 08:03 3934229                    /usr/lib/jvm/java-7-openjdk-amd64/jre/lib/amd64/libjawt.so
7f241ef06000-7f241ef07000 rw-p 00001000 08:03 3934229                    /usr/lib/jvm/java-7-openjdk-amd64/jre/lib/amd64/libjawt.so
7f241ef07000-7f241ef0a000 ---p 00000000 00:00 0 
7f241ef0a000-7f241f008000 rw-p 00000000 00:00 0 
7f241f008000-7f241f00b000 ---p 00000000 00:00 0 
7f241f00b000-7f241f109000 rw-p 00000000 00:00 0 
7f241f109000-7f241f10c000 r-xp 00000000 08:03 12190599                   /lib/x86_64-linux-gnu/libgpg-error.so.0.8.0
7f241f10c000-7f241f30b000 ---p 00003000 08:03 12190599                   /lib/x86_64-linux-gnu/libgpg-error.so.0.8.0
7f241f30b000-7f241f30c000 rw-p 00002000 08:03 12190599                   /lib/x86_64-linux-gnu/libgpg-error.so.0.8.0
7f241f30c000-7f241f350000 r-xp 00000000 08:03 12190580                   /lib/x86_64-linux-gnu/libdbus-1.so.3.7.2
7f241f350000-7f241f550000 ---p 00044000 08:03 12190580                   /lib/x86_64-linux-gnu/libdbus-1.so.3.7.2
7f241f550000-7f241f551000 r--p 00044000 08:03 12190580                   /lib/x86_64-linux-gnu/libdbus-1.so.3.7.2
7f241f551000-7f241f552000 rw-p 00045000 08:03 12190580                   /lib/x86_64-linux-gnu/libdbus-1.so.3.7.2
7f241f552000-7f241f563000 r-xp 00000000 08:03 4200305                    /usr/lib/x86_64-linux-gnu/libp11-kit.so.0.0.0
7f241f563000-7f241f762000 ---p 00011000 08:03 4200305                    /usr/lib/x86_64-linux-gnu/libp11-kit.so.0.0.0
7f241f762000-7f241f763000 r--p 00010000 08:03 4200305                    /usr/lib/x86_64-linux-gnu/libp11-kit.so.0.0.0
7f241f763000-7f241f764000 rw-p 00011000 08:03 4200305                    /usr/lib/x86_64-linux-gnu/libp11-kit.so.0.0.0
7f241f764000-7f241f7de000 r-xp 00000000 08:03 12190595                   /lib/x86_64-linux-gnu/libgcrypt.so.11.7.0
7f241f7de000-7f241f9de000 ---p 0007a000 08:03 12190595                   /lib/x86_64-linux-gnu/libgcrypt.so.11.7.0
7f241f9de000-7f241f9df000 r--p 0007a000 08:03 12190595                   /lib/x86_64-linux-gnu/libgcrypt.so.11.7.0
7f241f9df000-7f241f9e2000 rw-p 0007b000 08:03 12190595                   /lib/x86_64-linux-gnu/libgcrypt.so.11.7.0
7f241f9e2000-7f241f9f2000 r-xp 00000000 08:03 4200448                    /usr/lib/x86_64-linux-gnu/libtasn1.so.3.1.16
7f241f9f2000-7f241fbf1000 ---p 00010000 08:03 4200448                    /usr/lib/x86_64-linux-gnu/libtasn1.so.3.1.16
7f241fbf1000-7f241fbf2000 r--p 0000f000 08:03 4200448                    /usr/lib/x86_64-linux-gnu/libtasn1.so.3.1.16
7f241fbf2000-7f241fbf3000 rw-p 00010000 08:03 4200448                    /usr/lib/x86_64-linux-gnu/libtasn1.so.3.1.16
7f241fbf3000-7f241fbf6000 r-xp 00000000 08:03 12190610                   /lib/x86_64-linux-gnu/libkeyutils.so.1.4
7f241fbf6000-7f241fdf5000 ---p 00003000 08:03 12190610                   /lib/x86_64-linux-gnu/libkeyutils.so.1.4
7f241fdf5000-7f241fdf6000 r--p 00002000 08:03 12190610                   /lib/x86_64-linux-gnu/libkeyutils.so.1.4
7f241fdf6000-7f241fdf7000 rw-p 00003000 08:03 12190610                   /lib/x86_64-linux-gnu/libkeyutils.so.1.4
7f241fdf7000-7f241fdff000 r-xp 00000000 08:03 4200208                    /usr/lib/x86_64-linux-gnu/libkrb5support.so.0.1
7f241fdff000-7f241fffe000 ---p 00008000 08:03 4200208                    /usr/lib/x86_64-linux-gnu/libkrb5support.so.0.1
7f241fffe000-7f241ffff000 r--p 00007000 08:03 4200208                    /usr/lib/x86_64-linux-gnu/libkrb5support.so.0.1
7f241ffff000-7f2420000000 rw-p 00008000 08:03 4200208                    /usr/lib/x86_64-linux-gnu/libkrb5support.so.0.1
7f2420000000-7f2421a0c000 rw-p 00000000 00:00 0 
7f2421a0c000-7f2424000000 ---p 00000000 00:00 0 
7f242401d000-7f24240e2000 rw-p 00000000 00:00 0 
7f24240e2000-7f24240e5000 r-xp 00000000 08:03 12190576                   /lib/x86_64-linux-gnu/libcom_err.so.2.1
7f24240e5000-7f24242e4000 ---p 00003000 08:03 12190576                   /lib/x86_64-linux-gnu/libcom_err.so.2.1
7f24242e4000-7f24242e5000 r--p 00002000 08:03 12190576                   /lib/x86_64-linux-gnu/libcom_err.so.2.1
7f24242e5000-7f24242e6000 rw-p 00003000 08:03 12190576                   /lib/x86_64-linux-gnu/libcom_err.so.2.1
7f24242e6000-7f242430c000 r-xp 00000000 08:03 4200198                    /usr/lib/x86_64-linux-gnu/libk5crypto.so.3.1
7f242430c000-7f242450c000 ---p 00026000 08:03 4200198                    /usr/lib/x86_64-linux-gnu/libk5crypto.so.3.1
7f242450c000-7f242450d000 r--p 00026000 08:03 4200198                    /usr/lib/x86_64-linux-gnu/libk5crypto.so.3.1
7f242450d000-7f242450e000 rw-p 00027000 08:03 4200198                    /usr/lib/x86_64-linux-gnu/libk5crypto.so.3.1
7f242450e000-7f242450f000 rw-p 00000000 00:00 0 
7f242450f000-7f24245d8000 r-xp 00000000 08:03 4200206                    /usr/lib/x86_64-linux-gnu/libkrb5.so.3.3
7f24245d8000-7f24247d7000 ---p 000c9000 08:03 4200206                    /usr/lib/x86_64-linux-gnu/libkrb5.so.3.3
7f24247d7000-7f24247e1000 r--p 000c8000 08:03 4200206                    /usr/lib/x86_64-linux-gnu/libkrb5.so.3.3
7f24247e1000-7f24247e3000 rw-p 000d2000 08:03 4200206                    /usr/lib/x86_64-linux-gnu/libkrb5.so.3.3
7f24247e3000-7f24247e8000 r-xp 00000000 08:03 4199743                    /usr/lib/x86_64-linux-gnu/libXdmcp.so.6.0.0
7f24247e8000-7f24249e7000 ---p 00005000 08:03 4199743                    /usr/lib/x86_64-linux-gnu/libXdmcp.so.6.0.0
7f24249e7000-7f24249e8000 rw-p 00004000 08:03 4199743                    /usr/lib/x86_64-linux-gnu/libXdmcp.so.6.0.0
7f24249e8000-7f24249ea000 r-xp 00000000 08:03 4199732                    /usr/lib/x86_64-linux-gnu/libXau.so.6.0.0
7f24249ea000-7f2424bea000 ---p 00002000 08:03 4199732                    /usr/lib/x86_64-linux-gnu/libXau.so.6.0.0
7f2424bea000-7f2424beb000 rw-p 00002000 08:03 4199732                    /usr/lib/x86_64-linux-gnu/libXau.so.6.0.0
7f2424beb000-7f2424bfb000 r-xp 00000000 08:03 4199807                    /usr/lib/x86_64-linux-gnu/libavahi-client.so.3.2.9
7f2424bfb000-7f2424dfa000 ---p 00010000 08:03 4199807                    /usr/lib/x86_64-linux-gnu/libavahi-client.so.3.2.9
7f2424dfa000-7f2424dfb000 r--p 0000f000 08:03 4199807                    /usr/lib/x86_64-linux-gnu/libavahi-client.so.3.2.9
7f2424dfb000-7f2424dfc000 rw-p 00010000 08:03 4199807                    /usr/lib/x86_64-linux-gnu/libavahi-client.so.3.2.9
7f2424dfc000-7f2424e08000 r-xp 00000000 08:03 4199809                    /usr/lib/x86_64-linux-gnu/libavahi-common.so.3.5.3
7f2424e08000-7f2425007000 ---p 0000c000 08:03 4199809                    /usr/lib/x86_64-linux-gnu/libavahi-common.so.3.5.3
7f2425007000-7f2425008000 r--p 0000b000 08:03 4199809                    /usr/lib/x86_64-linux-gnu/libavahi-common.so.3.5.3
7f2425008000-7f2425009000 rw-p 0000c000 08:03 4199809                    /usr/lib/x86_64-linux-gnu/libavahi-common.so.3.5.3
7f2425009000-7f24250c2000 r-xp 00000000 08:03 4200060                    /usr/lib/x86_64-linux-gnu/libgnutls.so.26.22.4
7f24250c2000-7f24252c1000 ---p 000b9000 08:03 4200060                    /usr/lib/x86_64-linux-gnu/libgnutls.so.26.22.4
7f24252c1000-7f24252c7000 r--p 000b8000 08:03 4200060                    /usr/lib/x86_64-linux-gnu/libgnutls.so.26.22.4
7f24252c7000-7f24252c9000 rw-p 000be000 08:03 4200060                    /usr/lib/x86_64-linux-gnu/libgnutls.so.26.22.4
7f24252c9000-7f2425305000 r-xp 00000000 08:03 4200085                    /usr/lib/x86_64-linux-gnu/libgssapi_krb5.so.2.2
7f2425305000-7f2425505000 ---p 0003c000 08:03 4200085                    /usr/lib/x86_64-linux-gnu/libgssapi_krb5.so.2.2
7f2425505000-7f2425506000 r--p 0003c000 08:03 4200085                    /usr/lib/x86_64-linux-gnu/libgssapi_krb5.so.2.2
7f2425506000-7f2425508000 rw-p 0003d000 08:03 4200085                    /usr/lib/x86_64-linux-gnu/libgssapi_krb5.so.2.2
7f2425508000-7f2425544000 r-xp 00000000 08:03 12190663                   /lib/x86_64-linux-gnu/libpcre.so.3.13.1
7f2425544000-7f2425744000 ---p 0003c000 08:03 12190663                   /lib/x86_64-linux-gnu/libpcre.so.3.13.1
7f2425744000-7f2425745000 rw-p 0003c000 08:03 12190663                   /lib/x86_64-linux-gnu/libpcre.so.3.13.1
7f2425745000-7f2425751000 r-xp 00000000 08:03 4199961                    /usr/lib/x86_64-linux-gnu/libffi.so.5.0.10
7f2425751000-7f2425951000 ---p 0000c000 08:03 4199961                    /usr/lib/x86_64-linux-gnu/libffi.so.5.0.10
7f2425951000-7f2425952000 rw-p 0000c000 08:03 4199961                    /usr/lib/x86_64-linux-gnu/libffi.so.5.0.10
7f2425952000-7f2425979000 r-xp 00000000 08:03 12190588                   /lib/x86_64-linux-gnu/libexpat.so.1.6.0
7f2425979000-7f2425b79000 ---p 00027000 08:03 12190588                   /lib/x86_64-linux-gnu/libexpat.so.1.6.0
7f2425b79000-7f2425b7b000 r--p 00027000 08:03 12190588                   /lib/x86_64-linux-gnu/libexpat.so.1.6.0
7f2425b7b000-7f2425b7c000 rw-p 00029000 08:03 12190588                   /lib/x86_64-linux-gnu/libexpat.so.1.6.0
7f2425b7c000-7f2425b84000 r-xp 00000000 08:03 4200521                    /usr/lib/x86_64-linux-gnu/libxcb-render.so.0.0.0
7f2425b84000-7f2425d84000 ---p 00008000 08:03 4200521                    /usr/lib/x86_64-linux-gnu/libxcb-render.so.0.0.0
7f2425d84000-7f2425d85000 r--p 00008000 08:03 4200521                    /usr/lib/x86_64-linux-gnu/libxcb-render.so.0.0.0
7f2425d85000-7f2425d86000 rw-p 00009000 08:03 4200521                    /usr/lib/x86_64-linux-gnu/libxcb-render.so.0.0.0
7f2425d86000-7f2425d88000 r-xp 00000000 08:03 4200525                    /usr/lib/x86_64-linux-gnu/libxcb-shm.so.0.0.0
7f2425d88000-7f2425f87000 ---p 00002000 08:03 4200525                    /usr/lib/x86_64-linux-gnu/libxcb-shm.so.0.0.0
7f2425f87000-7f2425f88000 r--p 00001000 08:03 4200525                    /usr/lib/x86_64-linux-gnu/libxcb-shm.so.0.0.0
7f2425f88000-7f2425f89000 rw-p 00002000 08:03 4200525                    /usr/lib/x86_64-linux-gnu/libxcb-shm.so.0.0.0
7f2425f89000-7f2426009000 r-xp 00000000 08:03 4200335                    /usr/lib/x86_64-linux-gnu/libpixman-1.so.0.26.0
7f2426009000-7f2426209000 ---p 00080000 08:03 4200335                    /usr/lib/x86_64-linux-gnu/libpixman-1.so.0.26.0
7f2426209000-7f242620f000 rw-p 00080000 08:03 4200335                    /usr/lib/x86_64-linux-gnu/libpixman-1.so.0.26.0
7f242620f000-7f2426235000 r-xp 00000000 08:03 12190665                   /lib/x86_64-linux-gnu/libpng12.so.0.49.0
7f2426235000-7f2426434000 ---p 00026000 08:03 12190665                   /lib/x86_64-linux-gnu/libpng12.so.0.49.0
7f2426434000-7f2426435000 r--p 00025000 08:03 12190665                   /lib/x86_64-linux-gnu/libpng12.so.0.49.0
7f2426435000-7f2426436000 rw-p 00026000 08:03 12190665                   /lib/x86_64-linux-gnu/libpng12.so.0.49.0
7f2426436000-7f2426449000 r-xp 00000000 08:03 12190676                   /lib/x86_64-linux-gnu/libresolv-2.13.so
7f2426449000-7f2426648000 ---p 00013000 08:03 12190676                   /lib/x86_64-linux-gnu/libresolv-2.13.so
7f2426648000-7f2426649000 r--p 00012000 08:03 12190676                   /lib/x86_64-linux-gnu/libresolv-2.13.so
7f2426649000-7f242664a000 rw-p 00013000 08:03 12190676                   /lib/x86_64-linux-gnu/libresolv-2.13.so
7f242664a000-7f242664c000 rw-p 00000000 00:00 0 
7f242664c000-7f242666a000 r-xp 00000000 08:03 12190680                   /lib/x86_64-linux-gnu/libselinux.so.1
7f242666a000-7f2426869000 ---p 0001e000 08:03 12190680                   /lib/x86_64-linux-gnu/libselinux.so.1
7f2426869000-7f242686a000 r--p 0001d000 08:03 12190680                   /lib/x86_64-linux-gnu/libselinux.so.1
7f242686a000-7f242686b000 rw-p 0001e000 08:03 12190680                   /lib/x86_64-linux-gnu/libselinux.so.1
7f242686b000-7f242686c000 rw-p 00000000 00:00 0 
7f242686c000-7f242686f000 r-xp 00000000 08:03 4200052                    /usr/lib/x86_64-linux-gnu/libgmodule-2.0.so.0.3200.4
7f242686f000-7f2426a6e000 ---p 00003000 08:03 4200052                    /usr/lib/x86_64-linux-gnu/libgmodule-2.0.so.0.3200.4
7f2426a6e000-7f2426a6f000 r--p 00002000 08:03 4200052                    /usr/lib/x86_64-linux-gnu/libgmodule-2.0.so.0.3200.4
7f2426a6f000-7f2426a70000 rw-p 00003000 08:03 4200052                    /usr/lib/x86_64-linux-gnu/libgmodule-2.0.so.0.3200.4
7f2426a70000-7f2426a7a000 r-xp 00000000 08:03 4199739                    /usr/lib/x86_64-linux-gnu/libXcursor.so.1.0.2
7f2426a7a000-7f2426c79000 ---p 0000a000 08:03 4199739                    /usr/lib/x86_64-linux-gnu/libXcursor.so.1.0.2
7f2426c79000-7f2426c7a000 rw-p 00009000 08:03 4199739                    /usr/lib/x86_64-linux-gnu/libXcursor.so.1.0.2
7f2426c7a000-7f2426c81000 r-xp 00000000 08:03 4199761                    /usr/lib/x86_64-linux-gnu/libXrandr.so.2.2.0
7f2426c81000-7f2426e81000 ---p 00007000 08:03 4199761                    /usr/lib/x86_64-linux-gnu/libXrandr.so.2.2.0
7f2426e81000-7f2426e82000 rw-p 00007000 08:03 4199761                    /usr/lib/x86_64-linux-gnu/libXrandr.so.2.2.0
7f2426e82000-7f2426e84000 r-xp 00000000 08:03 4199753                    /usr/lib/x86_64-linux-gnu/libXinerama.so.1.0.0
7f2426e84000-7f2427083000 ---p 00002000 08:03 4199753                    /usr/lib/x86_64-linux-gnu/libXinerama.so.1.0.0
7f2427083000-7f2427084000 rw-p 00001000 08:03 4199753                    /usr/lib/x86_64-linux-gnu/libXinerama.so.1.0.0
7f2427084000-7f2427089000 r-xp 00000000 08:03 4199747                    /usr/lib/x86_64-linux-gnu/libXfixes.so.3.1.0
7f2427089000-7f2427288000 ---p 00005000 08:03 4199747                    /usr/lib/x86_64-linux-gnu/libXfixes.so.3.1.0
7f2427288000-7f2427289000 r--p 00004000 08:03 4199747                    /usr/lib/x86_64-linux-gnu/libXfixes.so.3.1.0
7f2427289000-7f242728a000 rw-p 00005000 08:03 4199747                    /usr/lib/x86_64-linux-gnu/libXfixes.so.3.1.0
7f242728a000-7f242728c000 r-xp 00000000 08:03 4199741                    /usr/lib/x86_64-linux-gnu/libXdamage.so.1.1.0
7f242728c000-7f242748b000 ---p 00002000 08:03 4199741                    /usr/lib/x86_64-linux-gnu/libXdamage.so.1.1.0
7f242748b000-7f242748c000 rw-p 00001000 08:03 4199741                    /usr/lib/x86_64-linux-gnu/libXdamage.so.1.1.0
7f242748c000-7f242748e000 r-xp 00000000 08:03 4199737                    /usr/lib/x86_64-linux-gnu/libXcomposite.so.1.0.0
7f242748e000-7f242768d000 ---p 00002000 08:03 4199737                    /usr/lib/x86_64-linux-gnu/libXcomposite.so.1.0.0
7f242768d000-7f242768e000 rw-p 00001000 08:03 4199737                    /usr/lib/x86_64-linux-gnu/libXcomposite.so.1.0.0
7f242768e000-7f24276ad000 r-xp 00000000 08:03 4200529                    /usr/lib/x86_64-linux-gnu/libxcb.so.1.1.0
7f24276ad000-7f24278ac000 ---p 0001f000 08:03 4200529                    /usr/lib/x86_64-linux-gnu/libxcb.so.1.1.0
7f24278ac000-7f24278ad000 r--p 0001e000 08:03 4200529                    /usr/lib/x86_64-linux-gnu/libxcb.so.1.1.0
7f24278ad000-7f24278ae000 rw-p 0001f000 08:03 4200529                    /usr/lib/x86_64-linux-gnu/libxcb.so.1.1.0
7f24278ae000-7f2427901000 r-xp 00000000 08:03 4199889                    /usr/lib/x86_64-linux-gnu/libcups.so.2
7f2427901000-7f2427b00000 ---p 00053000 08:03 4199889                    /usr/lib/x86_64-linux-gnu/libcups.so.2
7f2427b00000-7f2427b05000 r--p 00052000 08:03 4199889                    /usr/lib/x86_64-linux-gnu/libcups.so.2
7f2427b05000-7f2427b06000 rw-p 00057000 08:03 4199889                    /usr/lib/x86_64-linux-gnu/libcups.so.2
7f2427b06000-7f2427bfb000 r-xp 00000000 08:03 12190597                   /lib/x86_64-linux-gnu/libglib-2.0.so.0.3200.4
7f2427bfb000-7f2427dfb000 ---p 000f5000 08:03 12190597                   /lib/x86_64-linux-gnu/libglib-2.0.so.0.3200.4
7f2427dfb000-7f2427dfc000 r--p 000f5000 08:03 12190597                   /lib/x86_64-linux-gnu/libglib-2.0.so.0.3200.4
7f2427dfc000-7f2427dfd000 rw-p 000f6000 08:03 12190597                   /lib/x86_64-linux-gnu/libglib-2.0.so.0.3200.4
7f2427dfd000-7f2427dfe000 rw-p 00000000 00:00 0 
7f2427dfe000-7f2427dff000 r-xp 00000000 08:03 4200137                    /usr/lib/x86_64-linux-gnu/libgthread-2.0.so.0.3200.4
7f2427dff000-7f2427ffe000 ---p 00001000 08:03 4200137                    /usr/lib/x86_64-linux-gnu/libgthread-2.0.so.0.3200.4
7f2427ffe000-7f2427fff000 r--p 00000000 08:03 4200137                    /usr/lib/x86_64-linux-gnu/libgthread-2.0.so.0.3200.4
7f2427fff000-7f2428000000 rw-p 00001000 08:03 4200137                    /usr/lib/x86_64-linux-gnu/libgthread-2.0.so.0.3200.4
7f2428000000-7f2428f78000 rw-p 00000000 00:00 0 
7f2428f78000-7f242c000000 ---p 00000000 00:00 0 
7f242c03a000-7f242c03d000 ---p 00000000 00:00 0 
7f242c03d000-7f242c073000 rw-p 00000000 00:00 0 
7f242c073000-7f242c07c000 r--s 000b9000 08:03 3934170                    /usr/lib/jvm/java-7-openjdk-amd64/jre/lib/resources.jar
7f242c07c000-7f242c0ca000 r-xp 00000000 08:03 4200068                    /usr/lib/x86_64-linux-gnu/libgobject-2.0.so.0.3200.4
7f242c0ca000-7f242c2ca000 ---p 0004e000 08:03 4200068                    /usr/lib/x86_64-linux-gnu/libgobject-2.0.so.0.3200.4
7f242c2ca000-7f242c2cb000 r--p 0004e000 08:03 4200068                    /usr/lib/x86_64-linux-gnu/libgobject-2.0.so.0.3200.4
7f242c2cb000-7f242c2cc000 rw-p 0004f000 08:03 4200068                    /usr/lib/x86_64-linux-gnu/libgobject-2.0.so.0.3200.4
7f242c2cc000-7f242c301000 r-xp 00000000 08:03 4199999                    /usr/lib/x86_64-linux-gnu/libfontconfig.so.1.5.0
7f242c301000-7f242c501000 ---p 00035000 08:03 4199999                    /usr/lib/x86_64-linux-gnu/libfontconfig.so.1.5.0
7f242c501000-7f242c502000 r--p 00035000 08:03 4199999                    /usr/lib/x86_64-linux-gnu/libfontconfig.so.1.5.0
7f242c502000-7f242c503000 rw-p 00036000 08:03 4199999                    /usr/lib/x86_64-linux-gnu/libfontconfig.so.1.5.0
7f242c503000-7f242c59c000 r-xp 00000000 08:03 4200007                    /usr/lib/x86_64-linux-gnu/libfreetype.so.6.8.1
7f242c59c000-7f242c79b000 ---p 00099000 08:03 4200007                    /usr/lib/x86_64-linux-gnu/libfreetype.so.6.8.1
7f242c79b000-7f242c7a1000 r--p 00098000 08:03 4200007                    /usr/lib/x86_64-linux-gnu/libfreetype.so.6.8.1
7f242c7a1000-7f242c7a2000 rw-p 0009e000 08:03 4200007                    /usr/lib/x86_64-linux-gnu/libfreetype.so.6.8.1
7f242c7a2000-7f242c7ec000 r-xp 00000000 08:03 4200313                    /usr/lib/x86_64-linux-gnu/libpango-1.0.so.0.3000.0
7f242c7ec000-7f242c9ec000 ---p 0004a000 08:03 4200313                    /usr/lib/x86_64-linux-gnu/libpango-1.0.so.0.3000.0
7f242c9ec000-7f242c9ee000 r--p 0004a000 08:03 4200313                    /usr/lib/x86_64-linux-gnu/libpango-1.0.so.0.3000.0
7f242c9ee000-7f242c9ef000 rw-p 0004c000 08:03 4200313                    /usr/lib/x86_64-linux-gnu/libpango-1.0.so.0.3000.0
7f242c9ef000-7f242cae3000 r-xp 00000000 08:03 4199843                    /usr/lib/x86_64-linux-gnu/libcairo.so.2.11200.2
7f242cae3000-7f242cce2000 ---p 000f4000 08:03 4199843                    /usr/lib/x86_64-linux-gnu/libcairo.so.2.11200.2
7f242cce2000-7f242cce5000 r--p 000f3000 08:03 4199843                    /usr/lib/x86_64-linux-gnu/libcairo.so.2.11200.2
7f242cce5000-7f242cce6000 rw-p 000f6000 08:03 4199843                    /usr/lib/x86_64-linux-gnu/libcairo.so.2.11200.2
7f242cce6000-7f242cce8000 rw-p 00000000 00:00 0 
7f242cce8000-7f242cd07000 r-xp 00000000 08:03 4200030                    /usr/lib/x86_64-linux-gnu/libgdk_pixbuf-2.0.so.0.2600.1
7f242cd07000-7f242cf06000 ---p 0001f000 08:03 4200030                    /usr/lib/x86_64-linux-gnu/libgdk_pixbuf-2.0.so.0.2600.1
7f242cf06000-7f242cf07000 r--p 0001e000 08:03 4200030                    /usr/lib/x86_64-linux-gnu/libgdk_pixbuf-2.0.so.0.2600.1
7f242cf07000-7f242cf08000 rw-p 0001f000 08:03 4200030                    /usr/lib/x86_64-linux-gnu/libgdk_pixbuf-2.0.so.0.2600.1
7f242cf08000-7f242cf14000 r-xp 00000000 08:03 4200315                    /usr/lib/x86_64-linux-gnu/libpangocairo-1.0.so.0.3000.0
7f242cf14000-7f242d113000 ---p 0000c000 08:03 4200315                    /usr/lib/x86_64-linux-gnu/libpangocairo-1.0.so.0.3000.0
7f242d113000-7f242d114000 r--p 0000b000 08:03 4200315                    /usr/lib/x86_64-linux-gnu/libpangocairo-1.0.so.0.3000.0
7f242d114000-7f242d115000 rw-p 0000c000 08:03 4200315                    /usr/lib/x86_64-linux-gnu/libpangocairo-1.0.so.0.3000.0
7f242d115000-7f242d13f000 r-xp 00000000 08:03 4200317                    /usr/lib/x86_64-linux-gnu/libpangoft2-1.0.so.0.3000.0
7f242d13f000-7f242d33e000 ---p 0002a000 08:03 4200317                    /usr/lib/x86_64-linux-gnu/libpangoft2-1.0.so.0.3000.0
7f242d33e000-7f242d33f000 r--p 00029000 08:03 4200317                    /usr/lib/x86_64-linux-gnu/libpangoft2-1.0.so.0.3000.0
7f242d33f000-7f242d340000 rw-p 0002a000 08:03 4200317                    /usr/lib/x86_64-linux-gnu/libpangoft2-1.0.so.0.3000.0
7f242d340000-7f242d48c000 r-xp 00000000 08:03 4200042                    /usr/lib/x86_64-linux-gnu/libgio-2.0.so.0.3200.4
7f242d48c000-7f242d68b000 ---p 0014c000 08:03 4200042                    /usr/lib/x86_64-linux-gnu/libgio-2.0.so.0.3200.4
7f242d68b000-7f242d68f000 r--p 0014b000 08:03 4200042                    /usr/lib/x86_64-linux-gnu/libgio-2.0.so.0.3200.4
7f242d68f000-7f242d691000 rw-p 0014f000 08:03 4200042                    /usr/lib/x86_64-linux-gnu/libgio-2.0.so.0.3200.4
7f242d691000-7f242d693000 rw-p 00000000 00:00 0 
7f242d693000-7f242d6b4000 r-xp 00000000 08:03 4199799                    /usr/lib/x86_64-linux-gnu/libatk-1.0.so.0.20409.1
7f242d6b4000-7f242d8b3000 ---p 00021000 08:03 4199799                    /usr/lib/x86_64-linux-gnu/libatk-1.0.so.0.20409.1
7f242d8b3000-7f242d8b5000 r--p 00020000 08:03 4199799                    /usr/lib/x86_64-linux-gnu/libatk-1.0.so.0.20409.1
7f242d8b5000-7f242d8b6000 rw-p 00022000 08:03 4199799                    /usr/lib/x86_64-linux-gnu/libatk-1.0.so.0.20409.1
7f242d8b6000-7f242d965000 r-xp 00000000 08:03 4200028                    /usr/lib/x86_64-linux-gnu/libgdk-x11-2.0.so.0.2400.10
7f242d965000-7f242db64000 ---p 000af000 08:03 4200028                    /usr/lib/x86_64-linux-gnu/libgdk-x11-2.0.so.0.2400.10
7f242db64000-7f242db69000 rw-p 000ae000 08:03 4200028                    /usr/lib/x86_64-linux-gnu/libgdk-x11-2.0.so.0.2400.10
7f242db69000-7f242df9b000 r-xp 00000000 08:03 4200141                    /usr/lib/x86_64-linux-gnu/libgtk-x11-2.0.so.0.2400.10
7f242df9b000-7f242e19b000 ---p 00432000 08:03 4200141                    /usr/lib/x86_64-linux-gnu/libgtk-x11-2.0.so.0.2400.10
7f242e19b000-7f242e1a6000 rw-p 00432000 08:03 4200141                    /usr/lib/x86_64-linux-gnu/libgtk-x11-2.0.so.0.2400.10
7f242e1a6000-7f242e1a8000 rw-p 00000000 00:00 0 
7f242e1a8000-7f242e1b6000 r-xp 00000000 08:03 4199751                    /usr/lib/x86_64-linux-gnu/libXi.so.6.1.0
7f242e1b6000-7f242e3b6000 ---p 0000e000 08:03 4199751                    /usr/lib/x86_64-linux-gnu/libXi.so.6.1.0
7f242e3b6000-7f242e3b7000 rw-p 0000e000 08:03 4199751                    /usr/lib/x86_64-linux-gnu/libXi.so.6.1.0
7f242e3b7000-7f242e3bc000 r-xp 00000000 08:03 4199769                    /usr/lib/x86_64-linux-gnu/libXtst.so.6.1.0
7f242e3bc000-7f242e5bb000 ---p 00005000 08:03 4199769                    /usr/lib/x86_64-linux-gnu/libXtst.so.6.1.0
7f242e5bb000-7f242e5bc000 rw-p 00004000 08:03 4199769                    /usr/lib/x86_64-linux-gnu/libXtst.so.6.1.0
7f242e5bc000-7f242e5c5000 r-xp 00000000 08:03 4199763                    /usr/lib/x86_64-linux-gnu/libXrender.so.1.3.0
7f242e5c5000-7f242e7c4000 ---p 00009000 08:03 4199763                    /usr/lib/x86_64-linux-gnu/libXrender.so.1.3.0
7f242e7c4000-7f242e7c5000 rw-p 00008000 08:03 4199763                    /usr/lib/x86_64-linux-gnu/libXrender.so.1.3.0
7f242e7c5000-7f242e8fa000 r-xp 00000000 08:03 4199728                    /usr/lib/x86_64-linux-gnu/libX11.so.6.3.0
7f242e8fa000-7f242eafa000 ---p 00135000 08:03 4199728                    /usr/lib/x86_64-linux-gnu/libX11.so.6.3.0
7f242eafa000-7f242eb00000 rw-p 00135000 08:03 4199728                    /usr/lib/x86_64-linux-gnu/libX11.so.6.3.0
7f242eb00000-7f242eb11000 r-xp 00000000 08:03 4199745                    /usr/lib/x86_64-linux-gnu/libXext.so.6.4.0
7f242eb11000-7f242ed11000 ---p 00011000 08:03 4199745                    /usr/lib/x86_64-linux-gnu/libXext.so.6.4.0
7f242ed11000-7f242ed12000 rw-p 00011000 08:03 4199745                    /usr/lib/x86_64-linux-gnu/libXext.so.6.4.0
7f242ed20000-7f242ed21000 rw-s 00005000 00:05 8262                       /dev/ati/card0
7f242ed21000-7f242ed31000 rw-s e0200000 00:05 8262                       /dev/ati/card0
7f242ed31000-7f242ed33000 rw-s 00002000 00:05 8262                       /dev/ati/card0
7f242ed33000-7f242ed86000 r-xp 00000000 08:03 3934319                    /usr/lib/jvm/java-7-openjdk-amd64/jre/lib/amd64/xawt/libmawt.so
7f242ed86000-7f242ef85000 ---p 00053000 08:03 3934319                    /usr/lib/jvm/java-7-openjdk-amd64/jre/lib/amd64/xawt/libmawt.so
7f242ef85000-7f242ef86000 r--p 00052000 08:03 3934319                    /usr/lib/jvm/java-7-openjdk-amd64/jre/lib/amd64/xawt/libmawt.so
7f242ef86000-7f242ef89000 rw-p 00053000 08:03 3934319                    /usr/lib/jvm/java-7-openjdk-amd64/jre/lib/amd64/xawt/libmawt.so
7f242ef89000-7f242ef8a000 rw-p 00000000 00:00 0 
7f242ef8a000-7f242f02b000 r-xp 00000000 08:03 3934218                    /usr/lib/jvm/java-7-openjdk-amd64/jre/lib/amd64/libawt.so
7f242f02b000-7f242f22a000 ---p 000a1000 08:03 3934218                    /usr/lib/jvm/java-7-openjdk-amd64/jre/lib/amd64/libawt.so
7f242f22a000-7f242f22b000 r--p 000a0000 08:03 3934218                    /usr/lib/jvm/java-7-openjdk-amd64/jre/lib/amd64/libawt.so
7f242f22b000-7f242f236000 rw-p 000a1000 08:03 3934218                    /usr/lib/jvm/java-7-openjdk-amd64/jre/lib/amd64/libawt.so
7f242f236000-7f242f25b000 rw-p 00000000 00:00 0 
7f242f25b000-7f242f298000 r-xp 00000000 08:03 10486184                   /tmp/libgdxchobe/5502b6ed/libgdx64.so
7f242f298000-7f242f497000 ---p 0003d000 08:03 10486184                   /tmp/libgdxchobe/5502b6ed/libgdx64.so
7f242f497000-7f242f498000 r--p 0003c000 08:03 10486184                   /tmp/libgdxchobe/5502b6ed/libgdx64.so
7f242f498000-7f242f499000 rw-p 0003d000 08:03 10486184                   /tmp/libgdxchobe/5502b6ed/libgdx64.so
7f242f499000-7f242f49a000 r--s 00002000 08:03 10488693                   /home/chobe/.gradle/caches/modules-2/files-2.1/net.java.jinput/jinput-platform/2.0.5/53f9c919f34d2ca9de8c51fc4e1e8282029a9232/jinput-platform-2.0.5-natives-osx.jar
7f242f49a000-7f242f49b000 r--s 00025000 08:03 10488692                   /home/chobe/.gradle/caches/modules-2/files-2.1/net.java.jinput/jinput-platform/2.0.5/385ee093e01f587f30ee1c8a2ee7d408fd732e16/jinput-platform-2.0.5-natives-windows.jar
7f242f49b000-7f242f49c000 r--s 00002000 08:03 10488691                   /home/chobe/.gradle/caches/modules-2/files-2.1/net.java.jinput/jinput-platform/2.0.5/7ff832a6eb9ab6a767f1ade2b548092d0fa64795/jinput-platform-2.0.5-natives-linux.jar
7f242f49c000-7f242f49d000 r--s 00001000 08:03 10488690                   /home/chobe/.gradle/caches/modules-2/files-2.1/net.java.jutils/jutils/1.0.0/e12fe1fda814bd348c1579329c86943d2cd3c6a6/jutils-1.0.0.jar
7f242f49d000-7f242f4a1000 r--s 0002f000 08:03 10488689                   /home/chobe/.gradle/caches/modules-2/files-2.1/net.java.jinput/jinput/2.0.5/39c7796b469a600f72380316f6b1f11db6c2c7c4/jinput-2.0.5.jar
7f242f4a1000-7f242f4a2000 r--s 00080000 08:03 10488688                   /home/chobe/.gradle/caches/modules-2/files-2.1/org.lwjgl.lwjgl/lwjgl-platform/2.9.1/2d12c83fdfbc04ecabf02c7bc8cc54d034f0daac/lwjgl-platform-2.9.1-natives-osx.jar
7f242f4a2000-7f242f4a3000 r--s 0008b000 08:03 10488687                   /home/chobe/.gradle/caches/modules-2/files-2.1/org.lwjgl.lwjgl/lwjgl-platform/2.9.1/aa9aae879af8eb378e22cfc64db56ec2ca9a44d1/lwjgl-platform-2.9.1-natives-linux.jar
7f242f4a3000-7f242f4a4000 r--s 00095000 08:03 10488686                   /home/chobe/.gradle/caches/modules-2/files-2.1/org.lwjgl.lwjgl/lwjgl-platform/2.9.1/4c517eca808522457dd95ee8fc1fbcdbb602efbe/lwjgl-platform-2.9.1-natives-windows.jar
7f242f4a4000-7f242f4a6000 r--s 00017000 08:03 10488685                   /home/chobe/.gradle/caches/modules-2/files-2.1/org.jcraft/jorbis/0.0.17/8872d22b293e8f5d7d56ff92be966e6dc28ebdc6/jorbis-0.0.17.jar
7f242f4a6000-7f242f4a7000 r--s 00015000 08:03 10488684                   /home/chobe/.gradle/caches/modules-2/files-2.1/com.badlogicgames.jlayer/jlayer/1.0.1-gdx/7cca83cec5c1b2f011362f4d85aabd71a73b049d/jlayer-1.0.1-gdx.jar
7f242f4a7000-7f242f4ab000 r--s 00027000 08:03 10488683                   /home/chobe/.gradle/caches/modules-2/files-2.1/org.lwjgl.lwjgl/lwjgl_util/2.9.1/290d7ba8a1bd9566f5ddf16ad06f09af5ec9b20e/lwjgl_util-2.9.1.jar
7f242f4ab000-7f242f4b9000 r--s 000ea000 08:03 10488682                   /home/chobe/.gradle/caches/modules-2/files-2.1/org.lwjgl.lwjgl/lwjgl/2.9.1/f58c5aabcef0e41718a564be9f8e412fff8db847/lwjgl-2.9.1.jar
7f242f4b9000-7f242f4ce000 r--s 00153000 08:03 10488660                   /home/chobe/.gradle/caches/modules-2/files-2.1/com.badlogicgames.gdx/gdx/1.1.0/686f5a609c717eb0769d3b954c501a49bf4fe351/gdx-1.1.0.jar
7f242f4ce000-7f242f4cf000 r--s 000cd000 08:03 10488678                   /home/chobe/.gradle/caches/modules-2/files-2.1/com.badlogicgames.gdx/gdx-platform/1.1.0/1c7ea4239c2d9adda420c15985fe3885c481fdcf/gdx-platform-1.1.0-natives-desktop.jar
7f242f4cf000-7f242f4d2000 r--s 0001f000 08:03 10488677                   /home/chobe/.gradle/caches/modules-2/files-2.1/com.badlogicgames.gdx/gdx-backend-lwjgl/1.1.0/eafa409559820c1696e165e1280435f1332fc32b/gdx-backend-lwjgl-1.1.0.jar
7f242f4d2000-7f242f4d4000 r--s 00017000 08:01 754491                     /media/winDisk/Users/ChobeDucket/Documents/sheep/core/build/libs/core-1.0.jar
7f242f4d4000-7f242f4d8000 r--s 0003b000 08:03 3934173                    /usr/lib/jvm/java-7-openjdk-amd64/jre/lib/ext/sunpkcs11.jar
7f242f4d8000-7f242f4d9000 r--s 00002000 08:03 3934178                    /usr/lib/jvm/java-7-openjdk-amd64/jre/lib/ext/dnsns.jar
7f242f4d9000-7f242f4dc000 r--s 00032000 08:03 3934176                    /usr/lib/jvm/java-7-openjdk-amd64/jre/lib/ext/sunjce_provider.jar
7f242f4dc000-7f242f4de000 r--s 0000f000 08:03 3934175                    /usr/lib/jvm/java-7-openjdk-amd64/jre/lib/ext/pulse-java.jar
7f242f4de000-7f242f4e0000 r--s 00012000 08:03 3934174                    /usr/lib/jvm/java-7-openjdk-amd64/jre/lib/ext/zipfs.jar
7f242f4e0000-7f242f4e4000 r--s 00085000 08:03 3934172                    /usr/lib/jvm/java-7-openjdk-amd64/jre/lib/ext/localedata.jar
7f242f4e4000-7f242f4e5000 r--s 00007000 08:03 5645676                    /usr/share/java/java-atk-wrapper.jar
7f242f4e5000-7f242f4e6000 ---p 00000000 00:00 0 
7f242f4e6000-7f242f5e6000 rw-p 00000000 00:00 0 
7f242f5e6000-7f242f5e9000 ---p 00000000 00:00 0 
7f242f5e9000-7f242f6e7000 rw-p 00000000 00:00 0 
7f242f6e7000-7f242f6ea000 ---p 00000000 00:00 0 
7f242f6ea000-7f242f7e8000 rw-p 00000000 00:00 0 
7f242f7e8000-7f242f7eb000 ---p 00000000 00:00 0 
7f242f7eb000-7f242f8e9000 rw-p 00000000 00:00 0 
7f242f8e9000-7f242f8ec000 ---p 00000000 00:00 0 
7f242f8ec000-7f242f9ea000 rw-p 00000000 00:00 0 
7f242f9ea000-7f242fb61000 r--p 00000000 08:03 4066468                    /usr/lib/locale/locale-archive
7f242fb61000-7f242fb64000 ---p 00000000 00:00 0 
7f242fb64000-7f242fc62000 rw-p 00000000 00:00 0 
7f242fc62000-7f242fc65000 ---p 00000000 00:00 0 
7f242fc65000-7f242fd63000 rw-p 00000000 00:00 0 
7f242fd63000-7f242fd64000 ---p 00000000 00:00 0 
7f242fd64000-7f2430e61000 rw-p 00000000 00:00 0 
7f2430e61000-7f243100f000 r--s 01cfc000 08:03 3934153                    /usr/lib/jvm/java-7-openjdk-amd64/jre/lib/rt.jar
7f243100f000-7f24336f3000 rw-p 00000000 00:00 0 
7f24336f3000-7f24336f4000 ---p 00000000 00:00 0 
7f24336f4000-7f24337f4000 rw-p 00000000 00:00 0 
7f24337f4000-7f24337f5000 ---p 00000000 00:00 0 
7f24337f5000-7f24338f5000 rw-p 00000000 00:00 0 
7f24338f5000-7f24338f6000 ---p 00000000 00:00 0 
7f24338f6000-7f24339f6000 rw-p 00000000 00:00 0 
7f24339f6000-7f24339f7000 ---p 00000000 00:00 0 
7f24339f7000-7f2433b02000 rw-p 00000000 00:00 0 
7f2433b02000-7f2433b4a000 rw-p 00000000 00:00 0 
7f2433b4a000-7f2433b5f000 rw-p 00000000 00:00 0 
7f2433b5f000-7f2433c90000 rw-p 00000000 00:00 0 
7f2433c90000-7f2433c9b000 rw-p 00000000 00:00 0 
7f2433c9b000-7f2433ce3000 rw-p 00000000 00:00 0 
7f2433ce3000-7f2433cf8000 rw-p 00000000 00:00 0 
7f2433cf8000-7f2433e28000 rw-p 00000000 00:00 0 
7f2433e28000-7f2433e33000 rw-p 00000000 00:00 0 
7f2433e33000-7f2433ecb000 rw-p 00000000 00:00 0 
7f2433ecb000-7f2433ecc000 rw-p 00000000 00:00 0 
7f2433ecc000-7f243413c000 rwxp 00000000 00:00 0 
7f243413c000-7f2436ecc000 rw-p 00000000 00:00 0 
7f2436ecc000-7f2436ed4000 r-xp 00000000 08:03 3934210                    /usr/lib/jvm/java-7-openjdk-amd64/jre/lib/amd64/libzip.so
7f2436ed4000-7f24370d3000 ---p 00008000 08:03 3934210                    /usr/lib/jvm/java-7-openjdk-amd64/jre/lib/amd64/libzip.so
7f24370d3000-7f24370d4000 r--p 00007000 08:03 3934210                    /usr/lib/jvm/java-7-openjdk-amd64/jre/lib/amd64/libzip.so
7f24370d4000-7f24370d5000 rw-p 00008000 08:03 3934210                    /usr/lib/jvm/java-7-openjdk-amd64/jre/lib/amd64/libzip.so
7f24370d5000-7f24370e0000 r-xp 00000000 08:03 12190641                   /lib/x86_64-linux-gnu/libnss_files-2.13.so
7f24370e0000-7f24372df000 ---p 0000b000 08:03 12190641                   /lib/x86_64-linux-gnu/libnss_files-2.13.so
7f24372df000-7f24372e0000 r--p 0000a000 08:03 12190641                   /lib/x86_64-linux-gnu/libnss_files-2.13.so
7f24372e0000-7f24372e1000 rw-p 0000b000 08:03 12190641                   /lib/x86_64-linux-gnu/libnss_files-2.13.so
7f24372e1000-7f24372eb000 r-xp 00000000 08:03 12190645                   /lib/x86_64-linux-gnu/libnss_nis-2.13.so
7f24372eb000-7f24374ea000 ---p 0000a000 08:03 12190645                   /lib/x86_64-linux-gnu/libnss_nis-2.13.so
7f24374ea000-7f24374eb000 r--p 00009000 08:03 12190645                   /lib/x86_64-linux-gnu/libnss_nis-2.13.so
7f24374eb000-7f24374ec000 rw-p 0000a000 08:03 12190645                   /lib/x86_64-linux-gnu/libnss_nis-2.13.so
7f24374ec000-7f2437501000 r-xp 00000000 08:03 12190635                   /lib/x86_64-linux-gnu/libnsl-2.13.so
7f2437501000-7f2437700000 ---p 00015000 08:03 12190635                   /lib/x86_64-linux-gnu/libnsl-2.13.so
7f2437700000-7f2437701000 r--p 00014000 08:03 12190635                   /lib/x86_64-linux-gnu/libnsl-2.13.so
7f2437701000-7f2437702000 rw-p 00015000 08:03 12190635                   /lib/x86_64-linux-gnu/libnsl-2.13.so
7f2437702000-7f2437704000 rw-p 00000000 00:00 0 
7f2437704000-7f243770b000 r-xp 00000000 08:03 12190637                   /lib/x86_64-linux-gnu/libnss_compat-2.13.so
7f243770b000-7f243790a000 ---p 00007000 08:03 12190637                   /lib/x86_64-linux-gnu/libnss_compat-2.13.so
7f243790a000-7f243790b000 r--p 00006000 08:03 12190637                   /lib/x86_64-linux-gnu/libnss_compat-2.13.so
7f243790b000-7f243790c000 rw-p 00007000 08:03 12190637                   /lib/x86_64-linux-gnu/libnss_compat-2.13.so
7f243790c000-7f2437937000 r-xp 00000000 08:03 3934215                    /usr/lib/jvm/java-7-openjdk-amd64/jre/lib/amd64/libjava.so
7f2437937000-7f2437b36000 ---p 0002b000 08:03 3934215                    /usr/lib/jvm/java-7-openjdk-amd64/jre/lib/amd64/libjava.so
7f2437b36000-7f2437b37000 r--p 0002a000 08:03 3934215                    /usr/lib/jvm/java-7-openjdk-amd64/jre/lib/amd64/libjava.so
7f2437b37000-7f2437b39000 rw-p 0002b000 08:03 3934215                    /usr/lib/jvm/java-7-openjdk-amd64/jre/lib/amd64/libjava.so
7f2437b39000-7f2437b48000 r-xp 00000000 08:03 3934216                    /usr/lib/jvm/java-7-openjdk-amd64/jre/lib/amd64/libverify.so
7f2437b48000-7f2437d47000 ---p 0000f000 08:03 3934216                    /usr/lib/jvm/java-7-openjdk-amd64/jre/lib/amd64/libverify.so
7f2437d47000-7f2437d49000 r--p 0000e000 08:03 3934216                    /usr/lib/jvm/java-7-openjdk-amd64/jre/lib/amd64/libverify.so
7f2437d49000-7f2437d4a000 rw-p 00010000 08:03 3934216                    /usr/lib/jvm/java-7-openjdk-amd64/jre/lib/amd64/libverify.so
7f2437d4a000-7f2437d51000 r-xp 00000000 08:03 12190678                   /lib/x86_64-linux-gnu/librt-2.13.so
7f2437d51000-7f2437f50000 ---p 00007000 08:03 12190678                   /lib/x86_64-linux-gnu/librt-2.13.so
7f2437f50000-7f2437f51000 r--p 00006000 08:03 12190678                   /lib/x86_64-linux-gnu/librt-2.13.so
7f2437f51000-7f2437f52000 rw-p 00007000 08:03 12190678                   /lib/x86_64-linux-gnu/librt-2.13.so
7f2437f52000-7f2437f67000 r-xp 00000000 08:03 12190593                   /lib/x86_64-linux-gnu/libgcc_s.so.1
7f2437f67000-7f2438167000 ---p 00015000 08:03 12190593                   /lib/x86_64-linux-gnu/libgcc_s.so.1
7f2438167000-7f2438168000 rw-p 00015000 08:03 12190593                   /lib/x86_64-linux-gnu/libgcc_s.so.1
7f2438168000-7f24381e9000 r-xp 00000000 08:03 12190616                   /lib/x86_64-linux-gnu/libm-2.13.so
7f24381e9000-7f24383e8000 ---p 00081000 08:03 12190616                   /lib/x86_64-linux-gnu/libm-2.13.so
7f24383e8000-7f24383e9000 r--p 00080000 08:03 12190616                   /lib/x86_64-linux-gnu/libm-2.13.so
7f24383e9000-7f24383ea000 rw-p 00081000 08:03 12190616                   /lib/x86_64-linux-gnu/libm-2.13.so
7f24383ea000-7f24384d2000 r-xp 00000000 08:03 4200440                    /usr/lib/x86_64-linux-gnu/libstdc++.so.6.0.17
7f24384d2000-7f24386d2000 ---p 000e8000 08:03 4200440                    /usr/lib/x86_64-linux-gnu/libstdc++.so.6.0.17
7f24386d2000-7f24386da000 r--p 000e8000 08:03 4200440                    /usr/lib/x86_64-linux-gnu/libstdc++.so.6.0.17
7f24386da000-7f24386dc000 rw-p 000f0000 08:03 4200440                    /usr/lib/x86_64-linux-gnu/libstdc++.so.6.0.17
7f24386dc000-7f24386f1000 rw-p 00000000 00:00 0 
7f24386f1000-7f24391ba000 r-xp 00000000 08:03 3934204                    /usr/lib/jvm/java-7-openjdk-amd64/jre/lib/amd64/server/libjvm.so
7f24391ba000-7f24393ba000 ---p 00ac9000 08:03 3934204                    /usr/lib/jvm/java-7-openjdk-amd64/jre/lib/amd64/server/libjvm.so
7f24393ba000-7f2439452000 r--p 00ac9000 08:03 3934204                    /usr/lib/jvm/java-7-openjdk-amd64/jre/lib/amd64/server/libjvm.so
7f2439452000-7f2439475000 rw-p 00b61000 08:03 3934204                    /usr/lib/jvm/java-7-openjdk-amd64/jre/lib/amd64/server/libjvm.so
7f2439475000-7f24394a2000 rw-p 00000000 00:00 0 
7f24394a2000-7f24394b8000 r-xp 00000000 08:03 12190712                   /lib/x86_64-linux-gnu/libz.so.1.2.7
7f24394b8000-7f24396b7000 ---p 00016000 08:03 12190712                   /lib/x86_64-linux-gnu/libz.so.1.2.7
7f24396b7000-7f24396b8000 r--p 00015000 08:03 12190712                   /lib/x86_64-linux-gnu/libz.so.1.2.7
7f24396b8000-7f24396b9000 rw-p 00016000 08:03 12190712                   /lib/x86_64-linux-gnu/libz.so.1.2.7
7f24396b9000-7f243983b000 r-xp 00000000 08:03 12190569                   /lib/x86_64-linux-gnu/libc-2.13.so
7f243983b000-7f2439a3a000 ---p 00182000 08:03 12190569                   /lib/x86_64-linux-gnu/libc-2.13.so
7f2439a3a000-7f2439a3e000 r--p 00181000 08:03 12190569                   /lib/x86_64-linux-gnu/libc-2.13.so
7f2439a3e000-7f2439a3f000 rw-p 00185000 08:03 12190569                   /lib/x86_64-linux-gnu/libc-2.13.so
7f2439a3f000-7f2439a44000 rw-p 00000000 00:00 0 
7f2439a44000-7f2439a46000 r-xp 00000000 08:03 12190583                   /lib/x86_64-linux-gnu/libdl-2.13.so
7f2439a46000-7f2439c46000 ---p 00002000 08:03 12190583                   /lib/x86_64-linux-gnu/libdl-2.13.so
7f2439c46000-7f2439c47000 r--p 00002000 08:03 12190583                   /lib/x86_64-linux-gnu/libdl-2.13.so
7f2439c47000-7f2439c48000 rw-p 00003000 08:03 12190583                   /lib/x86_64-linux-gnu/libdl-2.13.so
7f2439c48000-7f2439c55000 r-xp 00000000 08:03 3934207                    /usr/lib/jvm/java-7-openjdk-amd64/jre/lib/amd64/jli/libjli.so
7f2439c55000-7f2439e54000 ---p 0000d000 08:03 3934207                    /usr/lib/jvm/java-7-openjdk-amd64/jre/lib/amd64/jli/libjli.so
7f2439e54000-7f2439e55000 r--p 0000c000 08:03 3934207                    /usr/lib/jvm/java-7-openjdk-amd64/jre/lib/amd64/jli/libjli.so
7f2439e55000-7f2439e56000 rw-p 0000d000 08:03 3934207                    /usr/lib/jvm/java-7-openjdk-amd64/jre/lib/amd64/jli/libjli.so
7f2439e56000-7f2439e6d000 r-xp 00000000 08:03 12190670                   /lib/x86_64-linux-gnu/libpthread-2.13.so
7f2439e6d000-7f243a06c000 ---p 00017000 08:03 12190670                   /lib/x86_64-linux-gnu/libpthread-2.13.so
7f243a06c000-7f243a06d000 r--p 00016000 08:03 12190670                   /lib/x86_64-linux-gnu/libpthread-2.13.so
7f243a06d000-7f243a06e000 rw-p 00017000 08:03 12190670                   /lib/x86_64-linux-gnu/libpthread-2.13.so
7f243a06e000-7f243a072000 rw-p 00000000 00:00 0 
7f243a072000-7f243a092000 r-xp 00000000 08:03 12190547                   /lib/x86_64-linux-gnu/ld-2.13.so
7f243a09c000-7f243a0a3000 r--s 00000000 08:03 4199493                    /usr/lib/x86_64-linux-gnu/gconv/gconv-modules.cache
7f243a0a3000-7f243a0a8000 r--s 0004c000 08:03 3934152                    /usr/lib/jvm/java-7-openjdk-amd64/jre/lib/jsse.jar
7f243a0a8000-7f243a0b2000 rw-p 00000000 00:00 0 
7f243a0b2000-7f243a168000 rw-p 00000000 00:00 0 
7f243a168000-7f243a16b000 ---p 00000000 00:00 0 
7f243a16b000-7f243a285000 rw-p 00000000 00:00 0 
7f243a285000-7f243a28d000 rw-s 00000000 08:03 10486339                   /tmp/hsperfdata_chobe/7454 (deleted)
7f243a28d000-7f243a28e000 rw-p 00000000 00:00 0 
7f243a28e000-7f243a28f000 ---p 00000000 00:00 0 
7f243a28f000-7f243a291000 rw-p 00000000 00:00 0 
7f243a291000-7f243a292000 r--p 0001f000 08:03 12190547                   /lib/x86_64-linux-gnu/ld-2.13.so
7f243a292000-7f243a293000 rw-p 00020000 08:03 12190547                   /lib/x86_64-linux-gnu/ld-2.13.so
7f243a293000-7f243a294000 rw-p 00000000 00:00 0 
7fff3a21f000-7fff3a241000 rw-p 00000000 00:00 0                          [stack]
7fff3a36f000-7fff3a370000 r-xp 00000000 00:00 0                          [vdso]
ffffffffff600000-ffffffffff601000 r-xp 00000000 00:00 0                  [vsyscall]

VM Arguments:
jvm_args: -Dfile.encoding=UTF-8 
java_command: com.mygdx.sheep.desktop.DesktopLauncher
Launcher Type: SUN_STANDARD

Environment Variables:
PATH=/usr/local/bin:/usr/bin:/bin:/usr/local/games:/usr/games:/home/chobe/.local/bin:/home/chobe/sdks/adt-bundle-linux-x86_64-20140321/sdk//platform-tools/adb:/home/chobe/sdks/adt-bundle-linux-x86_64-20140321/sdk//platform-tools/
USERNAME=chobe
SHELL=/bin/bash
DISPLAY=:0

Signal Handlers:
SIGSEGV: [libjvm.so+0x8f9750], sa_mask[0]=0x7ffbfeff, sa_flags=0x10000004
SIGBUS: [libjvm.so+0x8f9750], sa_mask[0]=0x7ffbfeff, sa_flags=0x10000004
SIGFPE: [libjvm.so+0x7827c0], sa_mask[0]=0x7ffbfeff, sa_flags=0x10000004
SIGPIPE: [libjvm.so+0x7827c0], sa_mask[0]=0x7ffbfeff, sa_flags=0x10000004
SIGXFSZ: [libjvm.so+0x7827c0], sa_mask[0]=0x7ffbfeff, sa_flags=0x10000004
SIGILL: [libjvm.so+0x7827c0], sa_mask[0]=0x7ffbfeff, sa_flags=0x10000004
SIGUSR1: SIG_DFL, sa_mask[0]=0x00000000, sa_flags=0x00000000
SIGUSR2: [libjvm.so+0x782ab0], sa_mask[0]=0x00000004, sa_flags=0x10000004
SIGHUP: [libjvm.so+0x782c20], sa_mask[0]=0x7ffbfeff, sa_flags=0x10000004
SIGINT: [libjvm.so+0x782c20], sa_mask[0]=0x7ffbfeff, sa_flags=0x10000004
SIGTERM: [libjvm.so+0x782c20], sa_mask[0]=0x7ffbfeff, sa_flags=0x10000004
SIGQUIT: [libjvm.so+0x782c20], sa_mask[0]=0x7ffbfeff, sa_flags=0x10000004


---------------  S Y S T E M  ---------------

OS:7.5

uname:Linux 3.2.0-4-amd64 #1 SMP Debian 3.2.57-3+deb7u1 x86_64
libc:glibc 2.13 NPTL 2.13 
rlimit: STACK 8192k, CORE 0k, NPROC 31105, NOFILE 4096, AS infinity
load average:0.58 0.56 0.45

/proc/meminfo:
MemTotal:        3993672 kB
MemFree:          150476 kB
Buffers:          200752 kB
Cached:           995852 kB
SwapCached:            0 kB
Active:          2440244 kB
Inactive:        1050800 kB
Active(anon):    1865240 kB
Inactive(anon):   475900 kB
Active(file):     575004 kB
Inactive(file):   574900 kB
Unevictable:           0 kB
Mlocked:               0 kB
SwapTotal:       4120572 kB
SwapFree:        4120480 kB
Dirty:              1400 kB
Writeback:             0 kB
AnonPages:       2294372 kB
Mapped:           255704 kB
Shmem:             46700 kB
Slab:             150136 kB
SReclaimable:     121072 kB
SUnreclaim:        29064 kB
KernelStack:        4096 kB
PageTables:        32688 kB
NFS_Unstable:          0 kB
Bounce:                0 kB
WritebackTmp:          0 kB
CommitLimit:     6117408 kB
Committed_AS:    4856640 kB
VmallocTotal:   34359738367 kB
VmallocUsed:      170472 kB
VmallocChunk:   34359561652 kB
HardwareCorrupted:     0 kB
AnonHugePages:         0 kB
HugePages_Total:       0
HugePages_Free:        0
HugePages_Rsvd:        0
HugePages_Surp:        0
Hugepagesize:       2048 kB
DirectMap4k:      168960 kB
DirectMap2M:     3958784 kB


CPU:total 4 (4 cores per cpu, 1 threads per core) family 6 model 15 stepping 11, cmov, cx8, fxsr, mmx, sse, sse2, sse3, ssse3, tsc

/proc/cpuinfo:
processor	: 0
vendor_id	: GenuineIntel
cpu family	: 6
model		: 15
model name	: Intel(R) Core(TM)2 Quad CPU    Q6600  @ 2.40GHz
stepping	: 11
cpu MHz		: 1596.000
cache size	: 4096 KB
physical id	: 0
siblings	: 4
core id		: 0
cpu cores	: 4
apicid		: 0
initial apicid	: 0
fpu		: yes
fpu_exception	: yes
cpuid level	: 10
wp		: yes
flags		: fpu vme de pse tsc msr pae mce cx8 apic sep mtrr pge mca cmov pat pse36 clflush dts acpi mmx fxsr sse sse2 ss ht tm pbe syscall nx lm constant_tsc arch_perfmon pebs bts rep_good nopl aperfmperf pni dtes64 monitor ds_cpl vmx est tm2 ssse3 cx16 xtpr pdcm lahf_lm dtherm tpr_shadow vnmi flexpriority
bogomips	: 4794.82
clflush size	: 64
cache_alignment	: 64
address sizes	: 36 bits physical, 48 bits virtual
power management:

processor	: 1
vendor_id	: GenuineIntel
cpu family	: 6
model		: 15
model name	: Intel(R) Core(TM)2 Quad CPU    Q6600  @ 2.40GHz
stepping	: 11
cpu MHz		: 2394.000
cache size	: 4096 KB
physical id	: 0
siblings	: 4
core id		: 2
cpu cores	: 4
apicid		: 2
initial apicid	: 2
fpu		: yes
fpu_exception	: yes
cpuid level	: 10
wp		: yes
flags		: fpu vme de pse tsc msr pae mce cx8 apic sep mtrr pge mca cmov pat pse36 clflush dts acpi mmx fxsr sse sse2 ss ht tm pbe syscall nx lm constant_tsc arch_perfmon pebs bts rep_good nopl aperfmperf pni dtes64 monitor ds_cpl vmx est tm2 ssse3 cx16 xtpr pdcm lahf_lm dtherm tpr_shadow vnmi flexpriority
bogomips	: 4795.58
clflush size	: 64
cache_alignment	: 64
address sizes	: 36 bits physical, 48 bits virtual
power management:

processor	: 2
vendor_id	: GenuineIntel
cpu family	: 6
model		: 15
model name	: Intel(R) Core(TM)2 Quad CPU    Q6600  @ 2.40GHz
stepping	: 11
cpu MHz		: 1596.000
cache size	: 4096 KB
physical id	: 0
siblings	: 4
core id		: 1
cpu cores	: 4
apicid		: 1
initial apicid	: 1
fpu		: yes
fpu_exception	: yes
cpuid level	: 10
wp		: yes
flags		: fpu vme de pse tsc msr pae mce cx8 apic sep mtrr pge mca cmov pat pse36 clflush dts acpi mmx fxsr sse sse2 ss ht tm pbe syscall nx lm constant_tsc arch_perfmon pebs bts rep_good nopl aperfmperf pni dtes64 monitor ds_cpl vmx est tm2 ssse3 cx16 xtpr pdcm lahf_lm dtherm tpr_shadow vnmi flexpriority
bogomips	: 4795.56
clflush size	: 64
cache_alignment	: 64
address sizes	: 36 bits physical, 48 bits virtual
power management:

processor	: 3
vendor_id	: GenuineIntel
cpu family	: 6
model		: 15
model name	: Intel(R) Core(TM)2 Quad CPU    Q6600  @ 2.40GHz
stepping	: 11
cpu MHz		: 1596.000
cache size	: 4096 KB
physical id	: 0
siblings	: 4
core id		: 3
cpu cores	: 4
apicid		: 3
initial apicid	: 3
fpu		: yes
fpu_exception	: yes
cpuid level	: 10
wp		: yes
flags		: fpu vme de pse tsc msr pae mce cx8 apic sep mtrr pge mca cmov pat pse36 clflush dts acpi mmx fxsr sse sse2 ss ht tm pbe syscall nx lm constant_tsc arch_perfmon pebs bts rep_good nopl aperfmperf pni dtes64 monitor ds_cpl vmx est tm2 ssse3 cx16 xtpr pdcm lahf_lm dtherm tpr_shadow vnmi flexpriority
bogomips	: 4795.57
clflush size	: 64
cache_alignment	: 64
address sizes	: 36 bits physical, 48 bits virtual
power management:



Memory: 4k page, physical 3993672k(150476k free), swap 4120572k(4120480k free)

vm_info: OpenJDK 64-Bit Server VM (24.51-b03) for linux-amd64 JRE (1.7.0_55-b14), built on May  2 2014 11:33:06 by "buildd" with gcc 4.7.2

time: Tue Jul  1 20:44:56 2014
elapsed time: 7 seconds

