#
# A fatal error has been detected by the Java Runtime Environment:
#
#  SIGSEGV (0xb) at pc=0x00007fc8487fbe38, pid=8346, tid=140498448996096
#
# JRE version: OpenJDK Runtime Environment (7.0_55-b14) (build 1.7.0_55-b14)
# Java VM: OpenJDK 64-Bit Server VM (24.51-b03 mixed mode linux-amd64 compressed oops)
# Problematic frame:
# C  [libX11.so.6+0x3ae38]  XQueryExtension+0x28
#
# Failed to write core dump. Core dumps have been disabled. To enable core dumping, try "ulimit -c unlimited" before starting Java again
#
# If you would like to submit a bug report, please include
# instructions on how to reproduce the bug and visit:
#   http://icedtea.classpath.org/bugzilla
#

---------------  T H R E A D  ---------------

Current thread (0x00007fc85c076800):  VMThread [stack: 0x00007fc85814d000,0x00007fc85824e000] [id=8356]

siginfo:si_signo=SIGSEGV: si_errno=0, si_code=1 (SEGV_MAPERR), si_addr=0x00000000000148f8

Registers:
RAX=0x00007fc83c000b10, RBX=0x0000000000013f90, RCX=0x00007fc85824c6e8, RDX=0x00007fc85824c6e4
RSP=0x00007fc85824c680, RBP=0x00007fc8157cd600, RSI=0x00007fc815694992, RDI=0x0000000000013f90
R8 =0x00007fc85824c6ec, R9 =0x0000000000000000, R10=0x00007fc8157cd3c0, R11=0x00007fc8638971c0
R12=0x00007fc815694992, R13=0x00007fc83c000b10, R14=0x00007fc85824cad8, R15=0x00007fc800024120
RIP=0x00007fc8487fbe38, EFLAGS=0x0000000000010202, CSGSFS=0x0000000000000033, ERR=0x0000000000000004
  TRAPNO=0x000000000000000e

Top of Stack: (sp=0x00007fc85824c680)
0x00007fc85824c680:   0000000000000000 0000000000000000
0x00007fc85824c690:   000000770000006e 0000000000000000
0x00007fc85824c6a0:   000100010000007c 0000000000013f90
0x00007fc85824c6b0:   00007fc8157cd600 00007fc815694992
0x00007fc85824c6c0:   00007fc83c000b10 00007fc85824cad8
0x00007fc85824c6d0:   00007fc800024120 00007fc8487efe72
0x00007fc85824c6e0:   00007fc800024120 00007fc8638db220
0x00007fc85824c6f0:   0000000000000000 00007fc8157cd600
0x00007fc85824c700:   0000000000013f90 00007fc848b0971d
0x00007fc85824c710:   00007fc815694992 0000001100000000
0x00007fc85824c720:   00007fc800000005 0000000000000000
0x00007fc85824c730:   00007fc85824c7a0 0000000000013f90
0x00007fc85824c740:   00007fc85824ca60 00007fc85824cad8
0x00007fc85824c750:   00007fc8157e6e50 00007fc81563d3d9
0x00007fc85824c760:   00000000ffffffff 00007fc80001bec0
0x00007fc85824c770:   00007fc85824c7a0 00007fc81640f9e0
0x00007fc85824c780:   00007fc85824ca60 00007fc85824cad8
0x00007fc85824c790:   0000000000000000 00007fc815631ae2
0x00007fc85824c7a0:   00007fc85824cb50 00007fc815694911
0x00007fc85824c7b0:   00007fc85824cb50 00007fc864246058
0x00007fc85824c7c0:   00007fc8644591a8 00007fc864459740
0x00007fc85824c7d0:   00007fc864433000 00007fc85c0094f0
0x00007fc85824c7e0:   00007fc85c00a020 00007fc85c00a530
0x00007fc85824c7f0:   00007fc85c017440 00007fc85c1aaae0
0x00007fc85824c800:   00007fc85c2c1d60 00007fc85c2bdc40
0x00007fc85824c810:   00007fc85c1d9270 00007fc85c1e9390
0x00007fc85824c820:   00007fc85c1f0a30 00007fc85c1f0500
0x00007fc85824c830:   00007fc85c1effd0 00007fc85c1f4320
0x00007fc85824c840:   00007fc85c1f3e00 00007fc85c1f50d0
0x00007fc85824c850:   00007fc85c1f38f0 00007fc85c1efaa0
0x00007fc85824c860:   00007fc85c1f1ec0 00007fc85c1f2900
0x00007fc85824c870:   00007fc85c1f23e0 00007fc85c1f2e20 

Instructions: (pc=0x00007fc8487fbe38)
0x00007fc8487fbe18:   24 e0 48 89 fb 4c 89 6c 24 e8 4c 89 74 24 f0 49
0x00007fc8487fbe28:   89 f4 4c 89 7c 24 f8 48 89 6c 24 d8 48 83 ec 58
0x00007fc8487fbe38:   48 8b 87 68 09 00 00 49 89 d7 49 89 ce 4d 89 c5
0x00007fc8487fbe48:   48 85 c0 74 02 ff 10 ba 08 00 00 00 be 62 00 00 

Register to memory mapping:

RAX=0x00007fc83c000b10 is an unknown value
RBX=0x0000000000013f90 is an unknown value
RCX=0x00007fc85824c6e8 is an unknown value
RDX=0x00007fc85824c6e4 is an unknown value
RSP=0x00007fc85824c680 is an unknown value
RBP=0x00007fc8157cd600: <offset 0x1cf600> in /usr/lib/x86_64-linux-gnu/libGL.so.1 at 0x00007fc8155fe000
RSI=0x00007fc815694992: <offset 0x96992> in /usr/lib/x86_64-linux-gnu/libGL.so.1 at 0x00007fc8155fe000
RDI=0x0000000000013f90 is an unknown value
R8 =0x00007fc85824c6ec is an unknown value
R9 =0x0000000000000000 is an unknown value
R10=0x00007fc8157cd3c0: <offset 0x1cf3c0> in /usr/lib/x86_64-linux-gnu/libGL.so.1 at 0x00007fc8155fe000
R11=0x00007fc8638971c0: __cxa_finalize+0 in /lib/x86_64-linux-gnu/libc.so.6 at 0x00007fc86385f000
R12=0x00007fc815694992: <offset 0x96992> in /usr/lib/x86_64-linux-gnu/libGL.so.1 at 0x00007fc8155fe000
R13=0x00007fc83c000b10 is an unknown value
R14=0x00007fc85824cad8 is an unknown value
R15=0x00007fc800024120 is an unknown value


Stack: [0x00007fc85814d000,0x00007fc85824e000],  sp=0x00007fc85824c680,  free space=1021k
Native frames: (J=compiled Java code, j=interpreted, Vv=VM code, C=native code)
C  [libX11.so.6+0x3ae38]  XQueryExtension+0x28

VM_Operation (0x00007fc8159066c0): Exit, mode: safepoint, requested by thread 0x00007fc85c35f800


---------------  P R O C E S S  ---------------

Java Threads: ( => current thread )
  0x00007fc800b2a000 JavaThread "AsynchExecutor-Thread" daemon [_thread_blocked, id=8375, stack(0x00007fc8142dc000,0x00007fc8143dd000)]
  0x00007fc80001a800 JavaThread "process reaper" daemon [_thread_blocked, id=8371, stack(0x00007fc8600aa000,0x00007fc8600e3000)]
  0x00007fc85c00b000 JavaThread "DestroyJavaVM" [_thread_blocked, id=8351, stack(0x00007fc86432e000,0x00007fc86442f000)]
  0x00007fc85c35f800 JavaThread "LWJGL Application" [_thread_blocked, id=8369, stack(0x00007fc815807000,0x00007fc815908000)]
  0x00007fc85c2bd000 JavaThread "AWT-XAWT" daemon [_thread_blocked, id=8365, stack(0x00007fc81cfbd000,0x00007fc81d0be000)]
  0x00007fc85c29a800 JavaThread "Java2D Disposer" daemon [_thread_blocked, id=8364, stack(0x00007fc8480a3000,0x00007fc8481a4000)]
  0x00007fc85c0a7000 JavaThread "Service Thread" daemon [_thread_blocked, id=8362, stack(0x00007fc8495c2000,0x00007fc8496c3000)]
  0x00007fc85c0a5000 JavaThread "C2 CompilerThread1" daemon [_thread_blocked, id=8361, stack(0x00007fc8496c3000,0x00007fc8497c4000)]
  0x00007fc85c0a2000 JavaThread "C2 CompilerThread0" daemon [_thread_blocked, id=8360, stack(0x00007fc8497c4000,0x00007fc8498c5000)]
  0x00007fc85c09f800 JavaThread "Signal Dispatcher" daemon [_thread_blocked, id=8359, stack(0x00007fc8498c5000,0x00007fc8499c6000)]
  0x00007fc85c07c800 JavaThread "Finalizer" daemon [_thread_blocked, id=8358, stack(0x00007fc849b4f000,0x00007fc849c50000)]
  0x00007fc85c07a800 JavaThread "Reference Handler" daemon [_thread_blocked, id=8357, stack(0x00007fc85804c000,0x00007fc85814d000)]

Other Threads:
=>0x00007fc85c076800 VMThread [stack: 0x00007fc85814d000,0x00007fc85824e000] [id=8356]

VM state:at safepoint (shutting down)

VM Mutex/Monitor currently owned by a thread:  ([mutex/lock_event])
[0x00007fc85c0077a0] Threads_lock - owner thread: 0x00007fc85c076800

Heap
 PSYoungGen      total 18432K, used 8227K [0x00000000eba80000, 0x00000000ecf00000, 0x0000000100000000)
  eden space 15872K, 35% used [0x00000000eba80000,0x00000000ec010380,0x00000000eca00000)
  from space 2560K, 98% used [0x00000000eca00000,0x00000000ecc78900,0x00000000ecc80000)
  to   space 2560K, 0% used [0x00000000ecc80000,0x00000000ecc80000,0x00000000ecf00000)
 ParOldGen       total 41472K, used 2180K [0x00000000c3000000, 0x00000000c5880000, 0x00000000eba80000)
  object space 41472K, 5% used [0x00000000c3000000,0x00000000c3221080,0x00000000c5880000)
 PSPermGen       total 21504K, used 9922K [0x00000000b8a00000, 0x00000000b9f00000, 0x00000000c3000000)
  object space 21504K, 46% used [0x00000000b8a00000,0x00000000b93b0b08,0x00000000b9f00000)

Card table byte_map: [0x00007fc860db6000,0x00007fc860ff2000] byte_map_base: 0x00007fc8607f1000

Polling page: 0x00007fc864454000

Code Cache  [0x00007fc859000000, 0x00007fc859270000, 0x00007fc85c000000)
 total_blobs=576 nmethods=58 adapters=473 free_code_cache=48490Kb largest_free_block=49635712

Compilation events (10 events):
Event: 5.113 Thread 0x00007fc85c0a2000   53             com.badlogic.gdx.graphics.g2d.BitmapFontCache::setColors (65 bytes)
Event: 5.119 Thread 0x00007fc85c0a2000 nmethod 53 0x00007fc8590a0e10 code [0x00007fc8590a0fa0, 0x00007fc8590a12b8]
Event: 5.130 Thread 0x00007fc85c0a5000   54             com.badlogic.gdx.utils.ObjectIntMap::get (84 bytes)
Event: 5.137 Thread 0x00007fc85c0a5000 nmethod 54 0x00007fc8590a77d0 code [0x00007fc8590a7980, 0x00007fc8590a7e88]
Event: 5.180 Thread 0x00007fc85c0a2000   55             com.badlogic.gdx.graphics.VertexAttributes::get (7 bytes)
Event: 5.181 Thread 0x00007fc85c0a2000 nmethod 55 0x00007fc8590a0b90 code [0x00007fc8590a0ce0, 0x00007fc8590a0d78]
Event: 5.314 Thread 0x00007fc85c0a5000   56             org.lwjgl.MemoryUtil::getAddress0 (10 bytes)
Event: 5.314 Thread 0x00007fc85c0a5000 nmethod 56 0x00007fc8590a3690 code [0x00007fc8590a37c0, 0x00007fc8590a3838]
Event: 5.314 Thread 0x00007fc85c0a5000   57             org.lwjgl.MemoryUtilSun$AccessorUnsafe::getAddress (13 bytes)
Event: 5.315 Thread 0x00007fc85c0a5000 nmethod 57 0x00007fc8590a71d0 code [0x00007fc8590a7300, 0x00007fc8590a7378]

GC Heap History (2 events):
Event: 2.098 GC heap before
{Heap before GC invocations=1 (full 0):
 PSYoungGen      total 18432K, used 15872K [0x00000000eba80000, 0x00000000ecf00000, 0x0000000100000000)
  eden space 15872K, 100% used [0x00000000eba80000,0x00000000eca00000,0x00000000eca00000)
  from space 2560K, 0% used [0x00000000ecc80000,0x00000000ecc80000,0x00000000ecf00000)
  to   space 2560K, 0% used [0x00000000eca00000,0x00000000eca00000,0x00000000ecc80000)
 ParOldGen       total 41472K, used 0K [0x00000000c3000000, 0x00000000c5880000, 0x00000000eba80000)
  object space 41472K, 0% used [0x00000000c3000000,0x00000000c3000000,0x00000000c5880000)
 PSPermGen       total 21504K, used 9325K [0x00000000b8a00000, 0x00000000b9f00000, 0x00000000c3000000)
  object space 21504K, 43% used [0x00000000b8a00000,0x00000000b931b6c0,0x00000000b9f00000)
Event: 2.109 GC heap after
Heap after GC invocations=1 (full 0):
 PSYoungGen      total 18432K, used 2530K [0x00000000eba80000, 0x00000000ecf00000, 0x0000000100000000)
  eden space 15872K, 0% used [0x00000000eba80000,0x00000000eba80000,0x00000000eca00000)
  from space 2560K, 98% used [0x00000000eca00000,0x00000000ecc78900,0x00000000ecc80000)
  to   space 2560K, 0% used [0x00000000ecc80000,0x00000000ecc80000,0x00000000ecf00000)
 ParOldGen       total 41472K, used 2180K [0x00000000c3000000, 0x00000000c5880000, 0x00000000eba80000)
  object space 41472K, 5% used [0x00000000c3000000,0x00000000c3221080,0x00000000c5880000)
 PSPermGen       total 21504K, used 9325K [0x00000000b8a00000, 0x00000000b9f00000, 0x00000000c3000000)
  object space 21504K, 43% used [0x00000000b8a00000,0x00000000b931b6c0,0x00000000b9f00000)
}

Deoptimization events (1 events):
Event: 0.228 Thread 0x00007fc85c00b000 Uncommon trap: reason=class_check action=maybe_recompile pc=0x00007fc859065280 method=java.util.Properties$LineReader.readLine()I @ 62

Internal exceptions (10 events):
Event: 4.242 Thread 0x00007fc85c35f800 Threw 0x00000000ebf36f58 at /build/openjdk-7-kBcQ8a/openjdk-7-7u55-2.4.7/build/openjdk/hotspot/src/share/vm/prims/jvm.cpp:1244
Event: 4.310 Thread 0x00007fc85c35f800 Threw 0x00000000ebf48a18 at /build/openjdk-7-kBcQ8a/openjdk-7-7u55-2.4.7/build/openjdk/hotspot/src/share/vm/prims/jvm.cpp:1244
Event: 4.381 Thread 0x00007fc85c35f800 Threw 0x00000000ebf779a0 at /build/openjdk-7-kBcQ8a/openjdk-7-7u55-2.4.7/build/openjdk/hotspot/src/share/vm/prims/jvm.cpp:1244
Event: 4.382 Thread 0x00007fc85c35f800 Threw 0x00000000ebf7ca68 at /build/openjdk-7-kBcQ8a/openjdk-7-7u55-2.4.7/build/openjdk/hotspot/src/share/vm/prims/jvm.cpp:1244
Event: 4.383 Thread 0x00007fc85c35f800 Threw 0x00000000ebf823d8 at /build/openjdk-7-kBcQ8a/openjdk-7-7u55-2.4.7/build/openjdk/hotspot/src/share/vm/prims/jvm.cpp:1244
Event: 4.385 Thread 0x00007fc85c35f800 Threw 0x00000000ebf87e68 at /build/openjdk-7-kBcQ8a/openjdk-7-7u55-2.4.7/build/openjdk/hotspot/src/share/vm/prims/jvm.cpp:1244
Event: 4.386 Thread 0x00007fc85c35f800 Threw 0x00000000ebf8d9a0 at /build/openjdk-7-kBcQ8a/openjdk-7-7u55-2.4.7/build/openjdk/hotspot/src/share/vm/prims/jvm.cpp:1244
Event: 5.712 Thread 0x00007fc85c35f800 Threw 0x00000000ebfd5a98 at /build/openjdk-7-kBcQ8a/openjdk-7-7u55-2.4.7/build/openjdk/hotspot/src/share/vm/prims/jvm.cpp:1244
Event: 5.719 Thread 0x00007fc85c35f800 Threw 0x00000000ebfd9f60 at /build/openjdk-7-kBcQ8a/openjdk-7-7u55-2.4.7/build/openjdk/hotspot/src/share/vm/prims/jvm.cpp:1244
Event: 5.724 Thread 0x00007fc85c35f800 Threw 0x00000000ebfdf300 at /build/openjdk-7-kBcQ8a/openjdk-7-7u55-2.4.7/build/openjdk/hotspot/src/share/vm/prims/jvm.cpp:1244

Events (10 events):
Event: 5.943 loading class 0x00007fc85c250120 done
Event: 5.943 Thread 0x00007fc800d59000 Thread added: 0x00007fc800d59000
Event: 5.943 loading class 0x00007fc85c21fe20
Event: 5.943 loading class 0x00007fc83007e1a0
Event: 5.943 loading class 0x00007fc83007e1a0 done
Event: 5.943 loading class 0x00007fc83007e1d0
Event: 5.943 loading class 0x00007fc83007e1d0 done
Event: 5.943 loading class 0x00007fc85c21fe20 done
Event: 5.944 Thread 0x00007fc800d59000 Thread exited: 0x00007fc800d59000
Event: 5.944 Executing VM operation: Exit


Dynamic libraries:
00400000-00401000 r-xp 00000000 08:03 3934148                            /usr/lib/jvm/java-7-openjdk-amd64/jre/bin/java
00600000-00601000 r--p 00000000 08:03 3934148                            /usr/lib/jvm/java-7-openjdk-amd64/jre/bin/java
00601000-00602000 rw-p 00001000 08:03 3934148                            /usr/lib/jvm/java-7-openjdk-amd64/jre/bin/java
02505000-0272a000 rw-p 00000000 00:00 0                                  [heap]
b8a00000-b9f00000 rw-p 00000000 00:00 0 
b9f00000-c3000000 rw-p 00000000 00:00 0 
c3000000-c5880000 rw-p 00000000 00:00 0 
c5880000-eba80000 rw-p 00000000 00:00 0 
eba80000-ecf00000 rw-p 00000000 00:00 0 
ecf00000-100000000 rw-p 00000000 00:00 0 
7fc7ec000000-7fc7ec0ae000 rw-p 00000000 00:00 0 
7fc7ec0ae000-7fc7f0000000 ---p 00000000 00:00 0 
7fc7f0000000-7fc7f030b000 rw-p 00000000 00:00 0 
7fc7f030b000-7fc7f4000000 ---p 00000000 00:00 0 
7fc7f4000000-7fc7f4021000 rw-p 00000000 00:00 0 
7fc7f4021000-7fc7f8000000 ---p 00000000 00:00 0 
7fc7f8000000-7fc7f80b4000 rw-p 00000000 00:00 0 
7fc7f80b4000-7fc7fc000000 ---p 00000000 00:00 0 
7fc7fc000000-7fc7fc021000 rw-p 00000000 00:00 0 
7fc7fc021000-7fc800000000 ---p 00000000 00:00 0 
7fc800000000-7fc803ff4000 rw-p 00000000 00:00 0 
7fc803ff4000-7fc804000000 ---p 00000000 00:00 0 
7fc804000000-7fc804021000 rw-p 00000000 00:00 0 
7fc804021000-7fc808000000 ---p 00000000 00:00 0 
7fc809585000-7fc809586000 ---p 00000000 00:00 0 
7fc809586000-7fc809d86000 rw-p 00000000 00:00 0 
7fc809d86000-7fc80bc7e000 r-xp 00000000 08:03 4201338                    /usr/lib/x86_64-linux-gnu/dri/fglrx_dri.so
7fc80bc7e000-7fc80bd7d000 ---p 01ef8000 08:03 4201338                    /usr/lib/x86_64-linux-gnu/dri/fglrx_dri.so
7fc80bd7d000-7fc80bedb000 rwxp 01ef7000 08:03 4201338                    /usr/lib/x86_64-linux-gnu/dri/fglrx_dri.so
7fc80bedb000-7fc80bfff000 rwxp 00000000 00:00 0 
7fc810000000-7fc810021000 rw-p 00000000 00:00 0 
7fc810021000-7fc814000000 ---p 00000000 00:00 0 
7fc8142dc000-7fc8142df000 ---p 00000000 00:00 0 
7fc8142df000-7fc8143dd000 rw-p 00000000 00:00 0 
7fc8143dd000-7fc8143de000 ---p 00000000 00:00 0 
7fc8143de000-7fc814bde000 rw-p 00000000 00:00 0 
7fc814c9f000-7fc81539f000 rw-s 00006000 00:05 3819                       /dev/ati/card0
7fc81539f000-7fc8153dc000 r-xp 00000000 08:03 4201336                    /usr/lib/x86_64-linux-gnu/libatiadlxx.so
7fc8153dc000-7fc8154db000 ---p 0003d000 08:03 4201336                    /usr/lib/x86_64-linux-gnu/libatiadlxx.so
7fc8154db000-7fc8154e5000 rw-p 0003c000 08:03 4201336                    /usr/lib/x86_64-linux-gnu/libatiadlxx.so
7fc8154e5000-7fc8154f5000 rw-p 00000000 00:00 0 
7fc8154f5000-7fc8154fc000 r-xp 00000000 08:03 4201328                    /usr/lib/x86_64-linux-gnu/libatiuki.so.1.0
7fc8154fc000-7fc8155fc000 ---p 00007000 08:03 4201328                    /usr/lib/x86_64-linux-gnu/libatiuki.so.1.0
7fc8155fc000-7fc8155fd000 rw-p 00007000 08:03 4201328                    /usr/lib/x86_64-linux-gnu/libatiuki.so.1.0
7fc8155fd000-7fc8155fe000 rw-p 00000000 00:00 0 
7fc8155fe000-7fc8156c1000 r-xp 00000000 08:03 4201341                    /usr/lib/x86_64-linux-gnu/fglrx/fglrx-libGL.so.1.2
7fc8156c1000-7fc8157c0000 ---p 000c3000 08:03 4201341                    /usr/lib/x86_64-linux-gnu/fglrx/fglrx-libGL.so.1.2
7fc8157c0000-7fc8157e7000 rwxp 000c2000 08:03 4201341                    /usr/lib/x86_64-linux-gnu/fglrx/fglrx-libGL.so.1.2
7fc8157e7000-7fc815807000 rwxp 00000000 00:00 0 
7fc815807000-7fc81580a000 ---p 00000000 00:00 0 
7fc81580a000-7fc815908000 rw-p 00000000 00:00 0 
7fc815908000-7fc81590b000 ---p 00000000 00:00 0 
7fc81590b000-7fc815a09000 rw-p 00000000 00:00 0 
7fc815a09000-7fc815a0a000 ---p 00000000 00:00 0 
7fc815a0a000-7fc81620a000 rw-p 00000000 00:00 0 
7fc81620a000-7fc816210000 r-xp 00000000 08:03 4200289                    /usr/lib/x86_64-linux-gnu/libogg.so.0.8.0
7fc816210000-7fc81640f000 ---p 00006000 08:03 4200289                    /usr/lib/x86_64-linux-gnu/libogg.so.0.8.0
7fc81640f000-7fc816410000 rw-p 00005000 08:03 4200289                    /usr/lib/x86_64-linux-gnu/libogg.so.0.8.0
7fc816410000-7fc81643c000 r-xp 00000000 08:03 4200496                    /usr/lib/x86_64-linux-gnu/libvorbis.so.0.4.5
7fc81643c000-7fc81663b000 ---p 0002c000 08:03 4200496                    /usr/lib/x86_64-linux-gnu/libvorbis.so.0.4.5
7fc81663b000-7fc81663c000 r--p 0002b000 08:03 4200496                    /usr/lib/x86_64-linux-gnu/libvorbis.so.0.4.5
7fc81663c000-7fc81663d000 rw-p 0002c000 08:03 4200496                    /usr/lib/x86_64-linux-gnu/libvorbis.so.0.4.5
7fc81663d000-7fc8168f0000 r-xp 00000000 08:03 4200498                    /usr/lib/x86_64-linux-gnu/libvorbisenc.so.2.0.8
7fc8168f0000-7fc816aef000 ---p 002b3000 08:03 4200498                    /usr/lib/x86_64-linux-gnu/libvorbisenc.so.2.0.8
7fc816aef000-7fc816b0b000 r--p 002b2000 08:03 4200498                    /usr/lib/x86_64-linux-gnu/libvorbisenc.so.2.0.8
7fc816b0b000-7fc816b0c000 rw-p 002ce000 08:03 4200498                    /usr/lib/x86_64-linux-gnu/libvorbisenc.so.2.0.8
7fc816b0c000-7fc816b57000 r-xp 00000000 08:03 4199700                    /usr/lib/x86_64-linux-gnu/libFLAC.so.8.2.0
7fc816b57000-7fc816d56000 ---p 0004b000 08:03 4199700                    /usr/lib/x86_64-linux-gnu/libFLAC.so.8.2.0
7fc816d56000-7fc816d57000 r--p 0004a000 08:03 4199700                    /usr/lib/x86_64-linux-gnu/libFLAC.so.8.2.0
7fc816d57000-7fc816d58000 rw-p 0004b000 08:03 4199700                    /usr/lib/x86_64-linux-gnu/libFLAC.so.8.2.0
7fc816d58000-7fc816d5c000 r-xp 00000000 08:03 12190707                   /lib/x86_64-linux-gnu/libuuid.so.1.3.0
7fc816d5c000-7fc816f5b000 ---p 00004000 08:03 12190707                   /lib/x86_64-linux-gnu/libuuid.so.1.3.0
7fc816f5b000-7fc816f5c000 r--p 00003000 08:03 12190707                   /lib/x86_64-linux-gnu/libuuid.so.1.3.0
7fc816f5c000-7fc816f5d000 rw-p 00004000 08:03 12190707                   /lib/x86_64-linux-gnu/libuuid.so.1.3.0
7fc816f5d000-7fc816f61000 r-xp 00000000 08:03 12190559                   /lib/x86_64-linux-gnu/libattr.so.1.1.0
7fc816f61000-7fc817160000 ---p 00004000 08:03 12190559                   /lib/x86_64-linux-gnu/libattr.so.1.1.0
7fc817160000-7fc817161000 r--p 00003000 08:03 12190559                   /lib/x86_64-linux-gnu/libattr.so.1.1.0
7fc817161000-7fc817162000 rw-p 00004000 08:03 12190559                   /lib/x86_64-linux-gnu/libattr.so.1.1.0
7fc817162000-7fc817167000 r-xp 00000000 08:03 4199797                    /usr/lib/x86_64-linux-gnu/libasyncns.so.0.3.1
7fc817167000-7fc817366000 ---p 00005000 08:03 4199797                    /usr/lib/x86_64-linux-gnu/libasyncns.so.0.3.1
7fc817366000-7fc817367000 rw-p 00004000 08:03 4199797                    /usr/lib/x86_64-linux-gnu/libasyncns.so.0.3.1
7fc817367000-7fc8173c8000 r-xp 00000000 08:03 4200411                    /usr/lib/x86_64-linux-gnu/libsndfile.so.1.0.25
7fc8173c8000-7fc8175c7000 ---p 00061000 08:03 4200411                    /usr/lib/x86_64-linux-gnu/libsndfile.so.1.0.25
7fc8175c7000-7fc8175c9000 r--p 00060000 08:03 4200411                    /usr/lib/x86_64-linux-gnu/libsndfile.so.1.0.25
7fc8175c9000-7fc8175ca000 rw-p 00062000 08:03 4200411                    /usr/lib/x86_64-linux-gnu/libsndfile.so.1.0.25
7fc8175ca000-7fc8175ce000 rw-p 00000000 00:00 0 
7fc8175ce000-7fc8175d7000 r-xp 00000000 08:03 12190709                   /lib/x86_64-linux-gnu/libwrap.so.0.7.6
7fc8175d7000-7fc8177d6000 ---p 00009000 08:03 12190709                   /lib/x86_64-linux-gnu/libwrap.so.0.7.6
7fc8177d6000-7fc8177d7000 r--p 00008000 08:03 12190709                   /lib/x86_64-linux-gnu/libwrap.so.0.7.6
7fc8177d7000-7fc8177d8000 rw-p 00009000 08:03 12190709                   /lib/x86_64-linux-gnu/libwrap.so.0.7.6
7fc8177d8000-7fc8177d9000 rw-p 00000000 00:00 0 
7fc8177d9000-7fc8177e0000 r-xp 00000000 08:03 4199720                    /usr/lib/x86_64-linux-gnu/libSM.so.6.0.1
7fc8177e0000-7fc8179df000 ---p 00007000 08:03 4199720                    /usr/lib/x86_64-linux-gnu/libSM.so.6.0.1
7fc8179df000-7fc8179e0000 rw-p 00006000 08:03 4199720                    /usr/lib/x86_64-linux-gnu/libSM.so.6.0.1
7fc8179e0000-7fc8179f7000 r-xp 00000000 08:03 4199710                    /usr/lib/x86_64-linux-gnu/libICE.so.6.3.0
7fc8179f7000-7fc817bf6000 ---p 00017000 08:03 4199710                    /usr/lib/x86_64-linux-gnu/libICE.so.6.3.0
7fc817bf6000-7fc817bf8000 rw-p 00016000 08:03 4199710                    /usr/lib/x86_64-linux-gnu/libICE.so.6.3.0
7fc817bf8000-7fc817bfb000 rw-p 00000000 00:00 0 
7fc817bfb000-7fc817bfc000 r-xp 00000000 08:03 4199726                    /usr/lib/x86_64-linux-gnu/libX11-xcb.so.1.0.0
7fc817bfc000-7fc817dfb000 ---p 00001000 08:03 4199726                    /usr/lib/x86_64-linux-gnu/libX11-xcb.so.1.0.0
7fc817dfb000-7fc817dfc000 rw-p 00000000 08:03 4199726                    /usr/lib/x86_64-linux-gnu/libX11-xcb.so.1.0.0
7fc817dfc000-7fc817e00000 r-xp 00000000 08:03 12190572                   /lib/x86_64-linux-gnu/libcap.so.2.22
7fc817e00000-7fc817fff000 ---p 00004000 08:03 12190572                   /lib/x86_64-linux-gnu/libcap.so.2.22
7fc817fff000-7fc818000000 rw-p 00003000 08:03 12190572                   /lib/x86_64-linux-gnu/libcap.so.2.22
7fc818000000-7fc818021000 rw-p 00000000 00:00 0 
7fc818021000-7fc81c000000 ---p 00000000 00:00 0 
7fc81c037000-7fc81c098000 r-xp 00000000 08:03 4325923                    /usr/lib/x86_64-linux-gnu/pulseaudio/libpulsecommon-2.0.so
7fc81c098000-7fc81c297000 ---p 00061000 08:03 4325923                    /usr/lib/x86_64-linux-gnu/pulseaudio/libpulsecommon-2.0.so
7fc81c297000-7fc81c298000 r--p 00060000 08:03 4325923                    /usr/lib/x86_64-linux-gnu/pulseaudio/libpulsecommon-2.0.so
7fc81c298000-7fc81c29a000 rw-p 00061000 08:03 4325923                    /usr/lib/x86_64-linux-gnu/pulseaudio/libpulsecommon-2.0.so
7fc81c29a000-7fc81c2a3000 r-xp 00000000 08:03 12190608                   /lib/x86_64-linux-gnu/libjson.so.0.1.0
7fc81c2a3000-7fc81c4a2000 ---p 00009000 08:03 12190608                   /lib/x86_64-linux-gnu/libjson.so.0.1.0
7fc81c4a2000-7fc81c4a3000 r--p 00008000 08:03 12190608                   /lib/x86_64-linux-gnu/libjson.so.0.1.0
7fc81c4a3000-7fc81c4a4000 rw-p 00009000 08:03 12190608                   /lib/x86_64-linux-gnu/libjson.so.0.1.0
7fc81c4a4000-7fc81c4ed000 r-xp 00000000 08:03 4200364                    /usr/lib/x86_64-linux-gnu/libpulse.so.0.14.2
7fc81c4ed000-7fc81c6ec000 ---p 00049000 08:03 4200364                    /usr/lib/x86_64-linux-gnu/libpulse.so.0.14.2
7fc81c6ec000-7fc81c6ed000 r--p 00048000 08:03 4200364                    /usr/lib/x86_64-linux-gnu/libpulse.so.0.14.2
7fc81c6ed000-7fc81c6ee000 rw-p 00049000 08:03 4200364                    /usr/lib/x86_64-linux-gnu/libpulse.so.0.14.2
7fc81c947000-7fc81c94b000 r-xp 00000000 08:03 4199775                    /usr/lib/x86_64-linux-gnu/libXxf86vm.so.1.0.0
7fc81c94b000-7fc81cb4b000 ---p 00004000 08:03 4199775                    /usr/lib/x86_64-linux-gnu/libXxf86vm.so.1.0.0
7fc81cb4b000-7fc81cb4c000 r--p 00004000 08:03 4199775                    /usr/lib/x86_64-linux-gnu/libXxf86vm.so.1.0.0
7fc81cb4c000-7fc81cb4d000 rw-p 00005000 08:03 4199775                    /usr/lib/x86_64-linux-gnu/libXxf86vm.so.1.0.0
7fc81cb4d000-7fc81cbb9000 r-xp 00000000 08:01 300856                     /media/winDisk/Users/ChobeDucket/Documents/sheep/android/assets/.temp/7b43be9b/liblwjgl64.so
7fc81cbb9000-7fc81cdb8000 ---p 0006c000 08:01 300856                     /media/winDisk/Users/ChobeDucket/Documents/sheep/android/assets/.temp/7b43be9b/liblwjgl64.so
7fc81cdb8000-7fc81cdba000 r--p 0006b000 08:01 300856                     /media/winDisk/Users/ChobeDucket/Documents/sheep/android/assets/.temp/7b43be9b/liblwjgl64.so
7fc81cdba000-7fc81cdbb000 rw-p 0006d000 08:01 300856                     /media/winDisk/Users/ChobeDucket/Documents/sheep/android/assets/.temp/7b43be9b/liblwjgl64.so
7fc81cdbb000-7fc81cdbc000 r-xp 00000000 08:03 3934229                    /usr/lib/jvm/java-7-openjdk-amd64/jre/lib/amd64/libjawt.so
7fc81cdbc000-7fc81cfbb000 ---p 00001000 08:03 3934229                    /usr/lib/jvm/java-7-openjdk-amd64/jre/lib/amd64/libjawt.so
7fc81cfbb000-7fc81cfbc000 r--p 00000000 08:03 3934229                    /usr/lib/jvm/java-7-openjdk-amd64/jre/lib/amd64/libjawt.so
7fc81cfbc000-7fc81cfbd000 rw-p 00001000 08:03 3934229                    /usr/lib/jvm/java-7-openjdk-amd64/jre/lib/amd64/libjawt.so
7fc81cfbd000-7fc81cfc0000 ---p 00000000 00:00 0 
7fc81cfc0000-7fc81d0be000 rw-p 00000000 00:00 0 
7fc81d0be000-7fc81d0c1000 r-xp 00000000 08:03 12190599                   /lib/x86_64-linux-gnu/libgpg-error.so.0.8.0
7fc81d0c1000-7fc81d2c0000 ---p 00003000 08:03 12190599                   /lib/x86_64-linux-gnu/libgpg-error.so.0.8.0
7fc81d2c0000-7fc81d2c1000 rw-p 00002000 08:03 12190599                   /lib/x86_64-linux-gnu/libgpg-error.so.0.8.0
7fc81d2c1000-7fc81d305000 r-xp 00000000 08:03 12190580                   /lib/x86_64-linux-gnu/libdbus-1.so.3.7.2
7fc81d305000-7fc81d505000 ---p 00044000 08:03 12190580                   /lib/x86_64-linux-gnu/libdbus-1.so.3.7.2
7fc81d505000-7fc81d506000 r--p 00044000 08:03 12190580                   /lib/x86_64-linux-gnu/libdbus-1.so.3.7.2
7fc81d506000-7fc81d507000 rw-p 00045000 08:03 12190580                   /lib/x86_64-linux-gnu/libdbus-1.so.3.7.2
7fc81d507000-7fc81d518000 r-xp 00000000 08:03 4200305                    /usr/lib/x86_64-linux-gnu/libp11-kit.so.0.0.0
7fc81d518000-7fc81d717000 ---p 00011000 08:03 4200305                    /usr/lib/x86_64-linux-gnu/libp11-kit.so.0.0.0
7fc81d717000-7fc81d718000 r--p 00010000 08:03 4200305                    /usr/lib/x86_64-linux-gnu/libp11-kit.so.0.0.0
7fc81d718000-7fc81d719000 rw-p 00011000 08:03 4200305                    /usr/lib/x86_64-linux-gnu/libp11-kit.so.0.0.0
7fc81d719000-7fc81d793000 r-xp 00000000 08:03 12190595                   /lib/x86_64-linux-gnu/libgcrypt.so.11.7.0
7fc81d793000-7fc81d993000 ---p 0007a000 08:03 12190595                   /lib/x86_64-linux-gnu/libgcrypt.so.11.7.0
7fc81d993000-7fc81d994000 r--p 0007a000 08:03 12190595                   /lib/x86_64-linux-gnu/libgcrypt.so.11.7.0
7fc81d994000-7fc81d997000 rw-p 0007b000 08:03 12190595                   /lib/x86_64-linux-gnu/libgcrypt.so.11.7.0
7fc81d997000-7fc81d9a7000 r-xp 00000000 08:03 4200448                    /usr/lib/x86_64-linux-gnu/libtasn1.so.3.1.16
7fc81d9a7000-7fc81dba6000 ---p 00010000 08:03 4200448                    /usr/lib/x86_64-linux-gnu/libtasn1.so.3.1.16
7fc81dba6000-7fc81dba7000 r--p 0000f000 08:03 4200448                    /usr/lib/x86_64-linux-gnu/libtasn1.so.3.1.16
7fc81dba7000-7fc81dba8000 rw-p 00010000 08:03 4200448                    /usr/lib/x86_64-linux-gnu/libtasn1.so.3.1.16
7fc81dba8000-7fc81dbab000 r-xp 00000000 08:03 12190610                   /lib/x86_64-linux-gnu/libkeyutils.so.1.4
7fc81dbab000-7fc81ddaa000 ---p 00003000 08:03 12190610                   /lib/x86_64-linux-gnu/libkeyutils.so.1.4
7fc81ddaa000-7fc81ddab000 r--p 00002000 08:03 12190610                   /lib/x86_64-linux-gnu/libkeyutils.so.1.4
7fc81ddab000-7fc81ddac000 rw-p 00003000 08:03 12190610                   /lib/x86_64-linux-gnu/libkeyutils.so.1.4
7fc81ddac000-7fc81ddb4000 r-xp 00000000 08:03 4200208                    /usr/lib/x86_64-linux-gnu/libkrb5support.so.0.1
7fc81ddb4000-7fc81dfb3000 ---p 00008000 08:03 4200208                    /usr/lib/x86_64-linux-gnu/libkrb5support.so.0.1
7fc81dfb3000-7fc81dfb4000 r--p 00007000 08:03 4200208                    /usr/lib/x86_64-linux-gnu/libkrb5support.so.0.1
7fc81dfb4000-7fc81dfb5000 rw-p 00008000 08:03 4200208                    /usr/lib/x86_64-linux-gnu/libkrb5support.so.0.1
7fc81dfb5000-7fc81dfb8000 r-xp 00000000 08:03 12190576                   /lib/x86_64-linux-gnu/libcom_err.so.2.1
7fc81dfb8000-7fc81e1b7000 ---p 00003000 08:03 12190576                   /lib/x86_64-linux-gnu/libcom_err.so.2.1
7fc81e1b7000-7fc81e1b8000 r--p 00002000 08:03 12190576                   /lib/x86_64-linux-gnu/libcom_err.so.2.1
7fc81e1b8000-7fc81e1b9000 rw-p 00003000 08:03 12190576                   /lib/x86_64-linux-gnu/libcom_err.so.2.1
7fc81e1b9000-7fc81e1df000 r-xp 00000000 08:03 4200198                    /usr/lib/x86_64-linux-gnu/libk5crypto.so.3.1
7fc81e1df000-7fc81e3df000 ---p 00026000 08:03 4200198                    /usr/lib/x86_64-linux-gnu/libk5crypto.so.3.1
7fc81e3df000-7fc81e3e0000 r--p 00026000 08:03 4200198                    /usr/lib/x86_64-linux-gnu/libk5crypto.so.3.1
7fc81e3e0000-7fc81e3e1000 rw-p 00027000 08:03 4200198                    /usr/lib/x86_64-linux-gnu/libk5crypto.so.3.1
7fc81e3e1000-7fc81e3e2000 rw-p 00000000 00:00 0 
7fc81e3e2000-7fc81e4ab000 r-xp 00000000 08:03 4200206                    /usr/lib/x86_64-linux-gnu/libkrb5.so.3.3
7fc81e4ab000-7fc81e6aa000 ---p 000c9000 08:03 4200206                    /usr/lib/x86_64-linux-gnu/libkrb5.so.3.3
7fc81e6aa000-7fc81e6b4000 r--p 000c8000 08:03 4200206                    /usr/lib/x86_64-linux-gnu/libkrb5.so.3.3
7fc81e6b4000-7fc81e6b6000 rw-p 000d2000 08:03 4200206                    /usr/lib/x86_64-linux-gnu/libkrb5.so.3.3
7fc81e6b6000-7fc81e6bb000 r-xp 00000000 08:03 4199743                    /usr/lib/x86_64-linux-gnu/libXdmcp.so.6.0.0
7fc81e6bb000-7fc81e8ba000 ---p 00005000 08:03 4199743                    /usr/lib/x86_64-linux-gnu/libXdmcp.so.6.0.0
7fc81e8ba000-7fc81e8bb000 rw-p 00004000 08:03 4199743                    /usr/lib/x86_64-linux-gnu/libXdmcp.so.6.0.0
7fc81e8bb000-7fc81e8bd000 r-xp 00000000 08:03 4199732                    /usr/lib/x86_64-linux-gnu/libXau.so.6.0.0
7fc81e8bd000-7fc81eabd000 ---p 00002000 08:03 4199732                    /usr/lib/x86_64-linux-gnu/libXau.so.6.0.0
7fc81eabd000-7fc81eabe000 rw-p 00002000 08:03 4199732                    /usr/lib/x86_64-linux-gnu/libXau.so.6.0.0
7fc81eabe000-7fc81eace000 r-xp 00000000 08:03 4199807                    /usr/lib/x86_64-linux-gnu/libavahi-client.so.3.2.9
7fc81eace000-7fc81eccd000 ---p 00010000 08:03 4199807                    /usr/lib/x86_64-linux-gnu/libavahi-client.so.3.2.9
7fc81eccd000-7fc81ecce000 r--p 0000f000 08:03 4199807                    /usr/lib/x86_64-linux-gnu/libavahi-client.so.3.2.9
7fc81ecce000-7fc81eccf000 rw-p 00010000 08:03 4199807                    /usr/lib/x86_64-linux-gnu/libavahi-client.so.3.2.9
7fc81eccf000-7fc81ecdb000 r-xp 00000000 08:03 4199809                    /usr/lib/x86_64-linux-gnu/libavahi-common.so.3.5.3
7fc81ecdb000-7fc81eeda000 ---p 0000c000 08:03 4199809                    /usr/lib/x86_64-linux-gnu/libavahi-common.so.3.5.3
7fc81eeda000-7fc81eedb000 r--p 0000b000 08:03 4199809                    /usr/lib/x86_64-linux-gnu/libavahi-common.so.3.5.3
7fc81eedb000-7fc81eedc000 rw-p 0000c000 08:03 4199809                    /usr/lib/x86_64-linux-gnu/libavahi-common.so.3.5.3
7fc81eedc000-7fc81ef95000 r-xp 00000000 08:03 4200060                    /usr/lib/x86_64-linux-gnu/libgnutls.so.26.22.4
7fc81ef95000-7fc81f194000 ---p 000b9000 08:03 4200060                    /usr/lib/x86_64-linux-gnu/libgnutls.so.26.22.4
7fc81f194000-7fc81f19a000 r--p 000b8000 08:03 4200060                    /usr/lib/x86_64-linux-gnu/libgnutls.so.26.22.4
7fc81f19a000-7fc81f19c000 rw-p 000be000 08:03 4200060                    /usr/lib/x86_64-linux-gnu/libgnutls.so.26.22.4
7fc81f19c000-7fc81f1d8000 r-xp 00000000 08:03 4200085                    /usr/lib/x86_64-linux-gnu/libgssapi_krb5.so.2.2
7fc81f1d8000-7fc81f3d8000 ---p 0003c000 08:03 4200085                    /usr/lib/x86_64-linux-gnu/libgssapi_krb5.so.2.2
7fc81f3d8000-7fc81f3d9000 r--p 0003c000 08:03 4200085                    /usr/lib/x86_64-linux-gnu/libgssapi_krb5.so.2.2
7fc81f3d9000-7fc81f3db000 rw-p 0003d000 08:03 4200085                    /usr/lib/x86_64-linux-gnu/libgssapi_krb5.so.2.2
7fc81f3db000-7fc81f417000 r-xp 00000000 08:03 12190663                   /lib/x86_64-linux-gnu/libpcre.so.3.13.1
7fc81f417000-7fc81f617000 ---p 0003c000 08:03 12190663                   /lib/x86_64-linux-gnu/libpcre.so.3.13.1
7fc81f617000-7fc81f618000 rw-p 0003c000 08:03 12190663                   /lib/x86_64-linux-gnu/libpcre.so.3.13.1
7fc81f618000-7fc81f624000 r-xp 00000000 08:03 4199961                    /usr/lib/x86_64-linux-gnu/libffi.so.5.0.10
7fc81f624000-7fc81f824000 ---p 0000c000 08:03 4199961                    /usr/lib/x86_64-linux-gnu/libffi.so.5.0.10
7fc81f824000-7fc81f825000 rw-p 0000c000 08:03 4199961                    /usr/lib/x86_64-linux-gnu/libffi.so.5.0.10
7fc81f825000-7fc81f84c000 r-xp 00000000 08:03 12190588                   /lib/x86_64-linux-gnu/libexpat.so.1.6.0
7fc81f84c000-7fc81fa4c000 ---p 00027000 08:03 12190588                   /lib/x86_64-linux-gnu/libexpat.so.1.6.0
7fc81fa4c000-7fc81fa4e000 r--p 00027000 08:03 12190588                   /lib/x86_64-linux-gnu/libexpat.so.1.6.0
7fc81fa4e000-7fc81fa4f000 rw-p 00029000 08:03 12190588                   /lib/x86_64-linux-gnu/libexpat.so.1.6.0
7fc81fa4f000-7fc81fa57000 r-xp 00000000 08:03 4200521                    /usr/lib/x86_64-linux-gnu/libxcb-render.so.0.0.0
7fc81fa57000-7fc81fc57000 ---p 00008000 08:03 4200521                    /usr/lib/x86_64-linux-gnu/libxcb-render.so.0.0.0
7fc81fc57000-7fc81fc58000 r--p 00008000 08:03 4200521                    /usr/lib/x86_64-linux-gnu/libxcb-render.so.0.0.0
7fc81fc58000-7fc81fc59000 rw-p 00009000 08:03 4200521                    /usr/lib/x86_64-linux-gnu/libxcb-render.so.0.0.0
7fc81fc59000-7fc81fc5b000 r-xp 00000000 08:03 4200525                    /usr/lib/x86_64-linux-gnu/libxcb-shm.so.0.0.0
7fc81fc5b000-7fc81fe5a000 ---p 00002000 08:03 4200525                    /usr/lib/x86_64-linux-gnu/libxcb-shm.so.0.0.0
7fc81fe5a000-7fc81fe5b000 r--p 00001000 08:03 4200525                    /usr/lib/x86_64-linux-gnu/libxcb-shm.so.0.0.0
7fc81fe5b000-7fc81fe5c000 rw-p 00002000 08:03 4200525                    /usr/lib/x86_64-linux-gnu/libxcb-shm.so.0.0.0
7fc81fe5c000-7fc81fedc000 r-xp 00000000 08:03 4200335                    /usr/lib/x86_64-linux-gnu/libpixman-1.so.0.26.0
7fc81fedc000-7fc8200dc000 ---p 00080000 08:03 4200335                    /usr/lib/x86_64-linux-gnu/libpixman-1.so.0.26.0
7fc8200dc000-7fc8200e2000 rw-p 00080000 08:03 4200335                    /usr/lib/x86_64-linux-gnu/libpixman-1.so.0.26.0
7fc8200e2000-7fc820108000 r-xp 00000000 08:03 12190665                   /lib/x86_64-linux-gnu/libpng12.so.0.49.0
7fc820108000-7fc820307000 ---p 00026000 08:03 12190665                   /lib/x86_64-linux-gnu/libpng12.so.0.49.0
7fc820307000-7fc820308000 r--p 00025000 08:03 12190665                   /lib/x86_64-linux-gnu/libpng12.so.0.49.0
7fc820308000-7fc820309000 rw-p 00026000 08:03 12190665                   /lib/x86_64-linux-gnu/libpng12.so.0.49.0
7fc820309000-7fc82031d000 r-xp 00000000 08:03 12192206                   /lib/x86_64-linux-gnu/libresolv-2.19.so
7fc82031d000-7fc82051c000 ---p 00014000 08:03 12192206                   /lib/x86_64-linux-gnu/libresolv-2.19.so
7fc82051c000-7fc82051d000 r--p 00013000 08:03 12192206                   /lib/x86_64-linux-gnu/libresolv-2.19.so
7fc82051d000-7fc82051e000 rw-p 00014000 08:03 12192206                   /lib/x86_64-linux-gnu/libresolv-2.19.so
7fc82051e000-7fc820520000 rw-p 00000000 00:00 0 
7fc820520000-7fc82053e000 r-xp 00000000 08:03 12190680                   /lib/x86_64-linux-gnu/libselinux.so.1
7fc82053e000-7fc82073d000 ---p 0001e000 08:03 12190680                   /lib/x86_64-linux-gnu/libselinux.so.1
7fc82073d000-7fc82073e000 r--p 0001d000 08:03 12190680                   /lib/x86_64-linux-gnu/libselinux.so.1
7fc82073e000-7fc82073f000 rw-p 0001e000 08:03 12190680                   /lib/x86_64-linux-gnu/libselinux.so.1
7fc82073f000-7fc820740000 rw-p 00000000 00:00 0 
7fc820740000-7fc820743000 r-xp 00000000 08:03 4200052                    /usr/lib/x86_64-linux-gnu/libgmodule-2.0.so.0.3200.4
7fc820743000-7fc820942000 ---p 00003000 08:03 4200052                    /usr/lib/x86_64-linux-gnu/libgmodule-2.0.so.0.3200.4
7fc820942000-7fc820943000 r--p 00002000 08:03 4200052                    /usr/lib/x86_64-linux-gnu/libgmodule-2.0.so.0.3200.4
7fc820943000-7fc820944000 rw-p 00003000 08:03 4200052                    /usr/lib/x86_64-linux-gnu/libgmodule-2.0.so.0.3200.4
7fc820944000-7fc82094e000 r-xp 00000000 08:03 4199739                    /usr/lib/x86_64-linux-gnu/libXcursor.so.1.0.2
7fc82094e000-7fc820b4d000 ---p 0000a000 08:03 4199739                    /usr/lib/x86_64-linux-gnu/libXcursor.so.1.0.2
7fc820b4d000-7fc820b4e000 rw-p 00009000 08:03 4199739                    /usr/lib/x86_64-linux-gnu/libXcursor.so.1.0.2
7fc820b4e000-7fc820b55000 r-xp 00000000 08:03 4199761                    /usr/lib/x86_64-linux-gnu/libXrandr.so.2.2.0
7fc820b55000-7fc820d55000 ---p 00007000 08:03 4199761                    /usr/lib/x86_64-linux-gnu/libXrandr.so.2.2.0
7fc820d55000-7fc820d56000 rw-p 00007000 08:03 4199761                    /usr/lib/x86_64-linux-gnu/libXrandr.so.2.2.0
7fc820d56000-7fc820d58000 r-xp 00000000 08:03 4199753                    /usr/lib/x86_64-linux-gnu/libXinerama.so.1.0.0
7fc820d58000-7fc820f57000 ---p 00002000 08:03 4199753                    /usr/lib/x86_64-linux-gnu/libXinerama.so.1.0.0
7fc820f57000-7fc820f58000 rw-p 00001000 08:03 4199753                    /usr/lib/x86_64-linux-gnu/libXinerama.so.1.0.0
7fc820f58000-7fc820f5d000 r-xp 00000000 08:03 4199747                    /usr/lib/x86_64-linux-gnu/libXfixes.so.3.1.0
7fc820f5d000-7fc82115c000 ---p 00005000 08:03 4199747                    /usr/lib/x86_64-linux-gnu/libXfixes.so.3.1.0
7fc82115c000-7fc82115d000 r--p 00004000 08:03 4199747                    /usr/lib/x86_64-linux-gnu/libXfixes.so.3.1.0
7fc82115d000-7fc82115e000 rw-p 00005000 08:03 4199747                    /usr/lib/x86_64-linux-gnu/libXfixes.so.3.1.0
7fc82115e000-7fc821160000 r-xp 00000000 08:03 4199741                    /usr/lib/x86_64-linux-gnu/libXdamage.so.1.1.0
7fc821160000-7fc82135f000 ---p 00002000 08:03 4199741                    /usr/lib/x86_64-linux-gnu/libXdamage.so.1.1.0
7fc82135f000-7fc821360000 rw-p 00001000 08:03 4199741                    /usr/lib/x86_64-linux-gnu/libXdamage.so.1.1.0
7fc821360000-7fc821362000 r-xp 00000000 08:03 4199737                    /usr/lib/x86_64-linux-gnu/libXcomposite.so.1.0.0
7fc821362000-7fc821561000 ---p 00002000 08:03 4199737                    /usr/lib/x86_64-linux-gnu/libXcomposite.so.1.0.0
7fc821561000-7fc821562000 rw-p 00001000 08:03 4199737                    /usr/lib/x86_64-linux-gnu/libXcomposite.so.1.0.0
7fc821562000-7fc821581000 r-xp 00000000 08:03 4200529                    /usr/lib/x86_64-linux-gnu/libxcb.so.1.1.0
7fc821581000-7fc821780000 ---p 0001f000 08:03 4200529                    /usr/lib/x86_64-linux-gnu/libxcb.so.1.1.0
7fc821780000-7fc821781000 r--p 0001e000 08:03 4200529                    /usr/lib/x86_64-linux-gnu/libxcb.so.1.1.0
7fc821781000-7fc821782000 rw-p 0001f000 08:03 4200529                    /usr/lib/x86_64-linux-gnu/libxcb.so.1.1.0
7fc821782000-7fc8217d5000 r-xp 00000000 08:03 4199889                    /usr/lib/x86_64-linux-gnu/libcups.so.2
7fc8217d5000-7fc8219d4000 ---p 00053000 08:03 4199889                    /usr/lib/x86_64-linux-gnu/libcups.so.2
7fc8219d4000-7fc8219d9000 r--p 00052000 08:03 4199889                    /usr/lib/x86_64-linux-gnu/libcups.so.2
7fc8219d9000-7fc8219da000 rw-p 00057000 08:03 4199889                    /usr/lib/x86_64-linux-gnu/libcups.so.2
7fc8219da000-7fc821acf000 r-xp 00000000 08:03 12190597                   /lib/x86_64-linux-gnu/libglib-2.0.so.0.3200.4
7fc821acf000-7fc821ccf000 ---p 000f5000 08:03 12190597                   /lib/x86_64-linux-gnu/libglib-2.0.so.0.3200.4
7fc821ccf000-7fc821cd0000 r--p 000f5000 08:03 12190597                   /lib/x86_64-linux-gnu/libglib-2.0.so.0.3200.4
7fc821cd0000-7fc821cd1000 rw-p 000f6000 08:03 12190597                   /lib/x86_64-linux-gnu/libglib-2.0.so.0.3200.4
7fc821cd1000-7fc821cd2000 rw-p 00000000 00:00 0 
7fc821cd2000-7fc821cd3000 r-xp 00000000 08:03 4200137                    /usr/lib/x86_64-linux-gnu/libgthread-2.0.so.0.3200.4
7fc821cd3000-7fc821ed2000 ---p 00001000 08:03 4200137                    /usr/lib/x86_64-linux-gnu/libgthread-2.0.so.0.3200.4
7fc821ed2000-7fc821ed3000 r--p 00000000 08:03 4200137                    /usr/lib/x86_64-linux-gnu/libgthread-2.0.so.0.3200.4
7fc821ed3000-7fc821ed4000 rw-p 00001000 08:03 4200137                    /usr/lib/x86_64-linux-gnu/libgthread-2.0.so.0.3200.4
7fc821ed4000-7fc821f22000 r-xp 00000000 08:03 4200068                    /usr/lib/x86_64-linux-gnu/libgobject-2.0.so.0.3200.4
7fc821f22000-7fc822122000 ---p 0004e000 08:03 4200068                    /usr/lib/x86_64-linux-gnu/libgobject-2.0.so.0.3200.4
7fc822122000-7fc822123000 r--p 0004e000 08:03 4200068                    /usr/lib/x86_64-linux-gnu/libgobject-2.0.so.0.3200.4
7fc822123000-7fc822124000 rw-p 0004f000 08:03 4200068                    /usr/lib/x86_64-linux-gnu/libgobject-2.0.so.0.3200.4
7fc822124000-7fc822159000 r-xp 00000000 08:03 4199999                    /usr/lib/x86_64-linux-gnu/libfontconfig.so.1.5.0
7fc822159000-7fc822359000 ---p 00035000 08:03 4199999                    /usr/lib/x86_64-linux-gnu/libfontconfig.so.1.5.0
7fc822359000-7fc82235a000 r--p 00035000 08:03 4199999                    /usr/lib/x86_64-linux-gnu/libfontconfig.so.1.5.0
7fc82235a000-7fc82235b000 rw-p 00036000 08:03 4199999                    /usr/lib/x86_64-linux-gnu/libfontconfig.so.1.5.0
7fc82235b000-7fc8223f4000 r-xp 00000000 08:03 4200007                    /usr/lib/x86_64-linux-gnu/libfreetype.so.6.8.1
7fc8223f4000-7fc8225f3000 ---p 00099000 08:03 4200007                    /usr/lib/x86_64-linux-gnu/libfreetype.so.6.8.1
7fc8225f3000-7fc8225f9000 r--p 00098000 08:03 4200007                    /usr/lib/x86_64-linux-gnu/libfreetype.so.6.8.1
7fc8225f9000-7fc8225fa000 rw-p 0009e000 08:03 4200007                    /usr/lib/x86_64-linux-gnu/libfreetype.so.6.8.1
7fc8225fa000-7fc822644000 r-xp 00000000 08:03 4200313                    /usr/lib/x86_64-linux-gnu/libpango-1.0.so.0.3000.0
7fc822644000-7fc822844000 ---p 0004a000 08:03 4200313                    /usr/lib/x86_64-linux-gnu/libpango-1.0.so.0.3000.0
7fc822844000-7fc822846000 r--p 0004a000 08:03 4200313                    /usr/lib/x86_64-linux-gnu/libpango-1.0.so.0.3000.0
7fc822846000-7fc822847000 rw-p 0004c000 08:03 4200313                    /usr/lib/x86_64-linux-gnu/libpango-1.0.so.0.3000.0
7fc822847000-7fc82293b000 r-xp 00000000 08:03 4199843                    /usr/lib/x86_64-linux-gnu/libcairo.so.2.11200.2
7fc82293b000-7fc822b3a000 ---p 000f4000 08:03 4199843                    /usr/lib/x86_64-linux-gnu/libcairo.so.2.11200.2
7fc822b3a000-7fc822b3d000 r--p 000f3000 08:03 4199843                    /usr/lib/x86_64-linux-gnu/libcairo.so.2.11200.2
7fc822b3d000-7fc822b3e000 rw-p 000f6000 08:03 4199843                    /usr/lib/x86_64-linux-gnu/libcairo.so.2.11200.2
7fc822b3e000-7fc822b40000 rw-p 00000000 00:00 0 
7fc822b40000-7fc822b5f000 r-xp 00000000 08:03 4200030                    /usr/lib/x86_64-linux-gnu/libgdk_pixbuf-2.0.so.0.2600.1
7fc822b5f000-7fc822d5e000 ---p 0001f000 08:03 4200030                    /usr/lib/x86_64-linux-gnu/libgdk_pixbuf-2.0.so.0.2600.1
7fc822d5e000-7fc822d5f000 r--p 0001e000 08:03 4200030                    /usr/lib/x86_64-linux-gnu/libgdk_pixbuf-2.0.so.0.2600.1
7fc822d5f000-7fc822d60000 rw-p 0001f000 08:03 4200030                    /usr/lib/x86_64-linux-gnu/libgdk_pixbuf-2.0.so.0.2600.1
7fc822d60000-7fc822d6c000 r-xp 00000000 08:03 4200315                    /usr/lib/x86_64-linux-gnu/libpangocairo-1.0.so.0.3000.0
7fc822d6c000-7fc822f6b000 ---p 0000c000 08:03 4200315                    /usr/lib/x86_64-linux-gnu/libpangocairo-1.0.so.0.3000.0
7fc822f6b000-7fc822f6c000 r--p 0000b000 08:03 4200315                    /usr/lib/x86_64-linux-gnu/libpangocairo-1.0.so.0.3000.0
7fc822f6c000-7fc822f6d000 rw-p 0000c000 08:03 4200315                    /usr/lib/x86_64-linux-gnu/libpangocairo-1.0.so.0.3000.0
7fc822f6d000-7fc822f97000 r-xp 00000000 08:03 4200317                    /usr/lib/x86_64-linux-gnu/libpangoft2-1.0.so.0.3000.0
7fc822f97000-7fc823196000 ---p 0002a000 08:03 4200317                    /usr/lib/x86_64-linux-gnu/libpangoft2-1.0.so.0.3000.0
7fc823196000-7fc823197000 r--p 00029000 08:03 4200317                    /usr/lib/x86_64-linux-gnu/libpangoft2-1.0.so.0.3000.0
7fc823197000-7fc823198000 rw-p 0002a000 08:03 4200317                    /usr/lib/x86_64-linux-gnu/libpangoft2-1.0.so.0.3000.0
7fc823198000-7fc8232e4000 r-xp 00000000 08:03 4200042                    /usr/lib/x86_64-linux-gnu/libgio-2.0.so.0.3200.4
7fc8232e4000-7fc8234e3000 ---p 0014c000 08:03 4200042                    /usr/lib/x86_64-linux-gnu/libgio-2.0.so.0.3200.4
7fc8234e3000-7fc8234e7000 r--p 0014b000 08:03 4200042                    /usr/lib/x86_64-linux-gnu/libgio-2.0.so.0.3200.4
7fc8234e7000-7fc8234e9000 rw-p 0014f000 08:03 4200042                    /usr/lib/x86_64-linux-gnu/libgio-2.0.so.0.3200.4
7fc8234e9000-7fc8234eb000 rw-p 00000000 00:00 0 
7fc8234eb000-7fc82350c000 r-xp 00000000 08:03 4199799                    /usr/lib/x86_64-linux-gnu/libatk-1.0.so.0.20409.1
7fc82350c000-7fc82370b000 ---p 00021000 08:03 4199799                    /usr/lib/x86_64-linux-gnu/libatk-1.0.so.0.20409.1
7fc82370b000-7fc82370d000 r--p 00020000 08:03 4199799                    /usr/lib/x86_64-linux-gnu/libatk-1.0.so.0.20409.1
7fc82370d000-7fc82370e000 rw-p 00022000 08:03 4199799                    /usr/lib/x86_64-linux-gnu/libatk-1.0.so.0.20409.1
7fc82370e000-7fc8237bd000 r-xp 00000000 08:03 4200028                    /usr/lib/x86_64-linux-gnu/libgdk-x11-2.0.so.0.2400.10
7fc8237bd000-7fc8239bc000 ---p 000af000 08:03 4200028                    /usr/lib/x86_64-linux-gnu/libgdk-x11-2.0.so.0.2400.10
7fc8239bc000-7fc8239c1000 rw-p 000ae000 08:03 4200028                    /usr/lib/x86_64-linux-gnu/libgdk-x11-2.0.so.0.2400.10
7fc8239c1000-7fc823df3000 r-xp 00000000 08:03 4200141                    /usr/lib/x86_64-linux-gnu/libgtk-x11-2.0.so.0.2400.10
7fc823df3000-7fc823ff3000 ---p 00432000 08:03 4200141                    /usr/lib/x86_64-linux-gnu/libgtk-x11-2.0.so.0.2400.10
7fc823ff3000-7fc823ffe000 rw-p 00432000 08:03 4200141                    /usr/lib/x86_64-linux-gnu/libgtk-x11-2.0.so.0.2400.10
7fc823ffe000-7fc824000000 rw-p 00000000 00:00 0 
7fc824000000-7fc824021000 rw-p 00000000 00:00 0 
7fc824021000-7fc828000000 ---p 00000000 00:00 0 
7fc828000000-7fc828021000 rw-p 00000000 00:00 0 
7fc828021000-7fc82c000000 ---p 00000000 00:00 0 
7fc82c000000-7fc82c1f9000 rw-p 00000000 00:00 0 
7fc82c1f9000-7fc830000000 ---p 00000000 00:00 0 
7fc830000000-7fc8302fd000 rw-p 00000000 00:00 0 
7fc8302fd000-7fc834000000 ---p 00000000 00:00 0 
7fc834000000-7fc834021000 rw-p 00000000 00:00 0 
7fc834021000-7fc838000000 ---p 00000000 00:00 0 
7fc838000000-7fc838021000 rw-p 00000000 00:00 0 
7fc838021000-7fc83c000000 ---p 00000000 00:00 0 
7fc83c000000-7fc83c021000 rw-p 00000000 00:00 0 
7fc83c021000-7fc840000000 ---p 00000000 00:00 0 
7fc840000000-7fc840021000 rw-p 00000000 00:00 0 
7fc840021000-7fc844000000 ---p 00000000 00:00 0 
7fc844000000-7fc844021000 rw-p 00000000 00:00 0 
7fc844021000-7fc848000000 ---p 00000000 00:00 0 
7fc8480a3000-7fc8480a6000 ---p 00000000 00:00 0 
7fc8480a6000-7fc8481a4000 rw-p 00000000 00:00 0 
7fc8481a4000-7fc8481b2000 r-xp 00000000 08:03 4199751                    /usr/lib/x86_64-linux-gnu/libXi.so.6.1.0
7fc8481b2000-7fc8483b2000 ---p 0000e000 08:03 4199751                    /usr/lib/x86_64-linux-gnu/libXi.so.6.1.0
7fc8483b2000-7fc8483b3000 rw-p 0000e000 08:03 4199751                    /usr/lib/x86_64-linux-gnu/libXi.so.6.1.0
7fc8483b3000-7fc8483b8000 r-xp 00000000 08:03 4199769                    /usr/lib/x86_64-linux-gnu/libXtst.so.6.1.0
7fc8483b8000-7fc8485b7000 ---p 00005000 08:03 4199769                    /usr/lib/x86_64-linux-gnu/libXtst.so.6.1.0
7fc8485b7000-7fc8485b8000 rw-p 00004000 08:03 4199769                    /usr/lib/x86_64-linux-gnu/libXtst.so.6.1.0
7fc8485b8000-7fc8485c1000 r-xp 00000000 08:03 4199763                    /usr/lib/x86_64-linux-gnu/libXrender.so.1.3.0
7fc8485c1000-7fc8487c0000 ---p 00009000 08:03 4199763                    /usr/lib/x86_64-linux-gnu/libXrender.so.1.3.0
7fc8487c0000-7fc8487c1000 rw-p 00008000 08:03 4199763                    /usr/lib/x86_64-linux-gnu/libXrender.so.1.3.0
7fc8487c1000-7fc8488f6000 r-xp 00000000 08:03 4199728                    /usr/lib/x86_64-linux-gnu/libX11.so.6.3.0
7fc8488f6000-7fc848af6000 ---p 00135000 08:03 4199728                    /usr/lib/x86_64-linux-gnu/libX11.so.6.3.0
7fc848af6000-7fc848afc000 rw-p 00135000 08:03 4199728                    /usr/lib/x86_64-linux-gnu/libX11.so.6.3.0
7fc848afc000-7fc848b0d000 r-xp 00000000 08:03 4199745                    /usr/lib/x86_64-linux-gnu/libXext.so.6.4.0
7fc848b0d000-7fc848d0d000 ---p 00011000 08:03 4199745                    /usr/lib/x86_64-linux-gnu/libXext.so.6.4.0
7fc848d0d000-7fc848d0e000 rw-p 00011000 08:03 4199745                    /usr/lib/x86_64-linux-gnu/libXext.so.6.4.0
7fc848d0e000-7fc848d61000 r-xp 00000000 08:03 3934319                    /usr/lib/jvm/java-7-openjdk-amd64/jre/lib/amd64/xawt/libmawt.so
7fc848d61000-7fc848f60000 ---p 00053000 08:03 3934319                    /usr/lib/jvm/java-7-openjdk-amd64/jre/lib/amd64/xawt/libmawt.so
7fc848f60000-7fc848f61000 r--p 00052000 08:03 3934319                    /usr/lib/jvm/java-7-openjdk-amd64/jre/lib/amd64/xawt/libmawt.so
7fc848f61000-7fc848f64000 rw-p 00053000 08:03 3934319                    /usr/lib/jvm/java-7-openjdk-amd64/jre/lib/amd64/xawt/libmawt.so
7fc848f64000-7fc848f65000 rw-p 00000000 00:00 0 
7fc848f65000-7fc849006000 r-xp 00000000 08:03 3934218                    /usr/lib/jvm/java-7-openjdk-amd64/jre/lib/amd64/libawt.so
7fc849006000-7fc849205000 ---p 000a1000 08:03 3934218                    /usr/lib/jvm/java-7-openjdk-amd64/jre/lib/amd64/libawt.so
7fc849205000-7fc849206000 r--p 000a0000 08:03 3934218                    /usr/lib/jvm/java-7-openjdk-amd64/jre/lib/amd64/libawt.so
7fc849206000-7fc849211000 rw-p 000a1000 08:03 3934218                    /usr/lib/jvm/java-7-openjdk-amd64/jre/lib/amd64/libawt.so
7fc849211000-7fc849236000 rw-p 00000000 00:00 0 
7fc849236000-7fc849273000 r-xp 00000000 08:03 10486188                   /tmp/libgdxchobe/5502b6ed/libgdx64.so
7fc849273000-7fc849472000 ---p 0003d000 08:03 10486188                   /tmp/libgdxchobe/5502b6ed/libgdx64.so
7fc849472000-7fc849473000 r--p 0003c000 08:03 10486188                   /tmp/libgdxchobe/5502b6ed/libgdx64.so
7fc849473000-7fc849474000 rw-p 0003d000 08:03 10486188                   /tmp/libgdxchobe/5502b6ed/libgdx64.so
7fc849474000-7fc849475000 r--s 00002000 08:03 10488693                   /home/chobe/.gradle/caches/modules-2/files-2.1/net.java.jinput/jinput-platform/2.0.5/53f9c919f34d2ca9de8c51fc4e1e8282029a9232/jinput-platform-2.0.5-natives-osx.jar
7fc849475000-7fc849476000 r--s 00025000 08:03 10488692                   /home/chobe/.gradle/caches/modules-2/files-2.1/net.java.jinput/jinput-platform/2.0.5/385ee093e01f587f30ee1c8a2ee7d408fd732e16/jinput-platform-2.0.5-natives-windows.jar
7fc849476000-7fc849477000 r--s 00002000 08:03 10488691                   /home/chobe/.gradle/caches/modules-2/files-2.1/net.java.jinput/jinput-platform/2.0.5/7ff832a6eb9ab6a767f1ade2b548092d0fa64795/jinput-platform-2.0.5-natives-linux.jar
7fc849477000-7fc849478000 r--s 00001000 08:03 10488690                   /home/chobe/.gradle/caches/modules-2/files-2.1/net.java.jutils/jutils/1.0.0/e12fe1fda814bd348c1579329c86943d2cd3c6a6/jutils-1.0.0.jar
7fc849478000-7fc84947c000 r--s 0002f000 08:03 10488689                   /home/chobe/.gradle/caches/modules-2/files-2.1/net.java.jinput/jinput/2.0.5/39c7796b469a600f72380316f6b1f11db6c2c7c4/jinput-2.0.5.jar
7fc84947c000-7fc84947d000 r--s 00080000 08:03 10488688                   /home/chobe/.gradle/caches/modules-2/files-2.1/org.lwjgl.lwjgl/lwjgl-platform/2.9.1/2d12c83fdfbc04ecabf02c7bc8cc54d034f0daac/lwjgl-platform-2.9.1-natives-osx.jar
7fc84947d000-7fc84947e000 r--s 0008b000 08:03 10488687                   /home/chobe/.gradle/caches/modules-2/files-2.1/org.lwjgl.lwjgl/lwjgl-platform/2.9.1/aa9aae879af8eb378e22cfc64db56ec2ca9a44d1/lwjgl-platform-2.9.1-natives-linux.jar
7fc84947e000-7fc84947f000 r--s 00095000 08:03 10488686                   /home/chobe/.gradle/caches/modules-2/files-2.1/org.lwjgl.lwjgl/lwjgl-platform/2.9.1/4c517eca808522457dd95ee8fc1fbcdbb602efbe/lwjgl-platform-2.9.1-natives-windows.jar
7fc84947f000-7fc849481000 r--s 00017000 08:03 10488685                   /home/chobe/.gradle/caches/modules-2/files-2.1/org.jcraft/jorbis/0.0.17/8872d22b293e8f5d7d56ff92be966e6dc28ebdc6/jorbis-0.0.17.jar
7fc849481000-7fc849482000 r--s 00015000 08:03 10488684                   /home/chobe/.gradle/caches/modules-2/files-2.1/com.badlogicgames.jlayer/jlayer/1.0.1-gdx/7cca83cec5c1b2f011362f4d85aabd71a73b049d/jlayer-1.0.1-gdx.jar
7fc849482000-7fc849486000 r--s 00027000 08:03 10488683                   /home/chobe/.gradle/caches/modules-2/files-2.1/org.lwjgl.lwjgl/lwjgl_util/2.9.1/290d7ba8a1bd9566f5ddf16ad06f09af5ec9b20e/lwjgl_util-2.9.1.jar
7fc849486000-7fc849494000 r--s 000ea000 08:03 10488682                   /home/chobe/.gradle/caches/modules-2/files-2.1/org.lwjgl.lwjgl/lwjgl/2.9.1/f58c5aabcef0e41718a564be9f8e412fff8db847/lwjgl-2.9.1.jar
7fc849494000-7fc8494a9000 r--s 00153000 08:03 10488660                   /home/chobe/.gradle/caches/modules-2/files-2.1/com.badlogicgames.gdx/gdx/1.1.0/686f5a609c717eb0769d3b954c501a49bf4fe351/gdx-1.1.0.jar
7fc8494a9000-7fc8494aa000 r--s 000cd000 08:03 10488678                   /home/chobe/.gradle/caches/modules-2/files-2.1/com.badlogicgames.gdx/gdx-platform/1.1.0/1c7ea4239c2d9adda420c15985fe3885c481fdcf/gdx-platform-1.1.0-natives-desktop.jar
7fc8494aa000-7fc8494ad000 r--s 0001f000 08:03 10488677                   /home/chobe/.gradle/caches/modules-2/files-2.1/com.badlogicgames.gdx/gdx-backend-lwjgl/1.1.0/eafa409559820c1696e165e1280435f1332fc32b/gdx-backend-lwjgl-1.1.0.jar
7fc8494ad000-7fc8494b0000 r--s 00017000 08:01 754491                     /media/winDisk/Users/ChobeDucket/Documents/sheep/core/build/libs/core-1.0.jar
7fc8494b0000-7fc8494b4000 r--s 0003b000 08:03 3934173                    /usr/lib/jvm/java-7-openjdk-amd64/jre/lib/ext/sunpkcs11.jar
7fc8494b4000-7fc8494b5000 r--s 00002000 08:03 3934178                    /usr/lib/jvm/java-7-openjdk-amd64/jre/lib/ext/dnsns.jar
7fc8494b5000-7fc8494b8000 r--s 00032000 08:03 3934176                    /usr/lib/jvm/java-7-openjdk-amd64/jre/lib/ext/sunjce_provider.jar
7fc8494b8000-7fc8494ba000 r--s 0000f000 08:03 3934175                    /usr/lib/jvm/java-7-openjdk-amd64/jre/lib/ext/pulse-java.jar
7fc8494ba000-7fc8494bc000 r--s 00012000 08:03 3934174                    /usr/lib/jvm/java-7-openjdk-amd64/jre/lib/ext/zipfs.jar
7fc8494bc000-7fc8494c0000 r--s 00085000 08:03 3934172                    /usr/lib/jvm/java-7-openjdk-amd64/jre/lib/ext/localedata.jar
7fc8494c0000-7fc8494c1000 r--s 00007000 08:03 5645676                    /usr/share/java/java-atk-wrapper.jar
7fc8494c1000-7fc8494c2000 ---p 00000000 00:00 0 
7fc8494c2000-7fc8495c2000 rw-p 00000000 00:00 0 
7fc8495c2000-7fc8495c5000 ---p 00000000 00:00 0 
7fc8495c5000-7fc8496c3000 rw-p 00000000 00:00 0 
7fc8496c3000-7fc8496c6000 ---p 00000000 00:00 0 
7fc8496c6000-7fc8497c4000 rw-p 00000000 00:00 0 
7fc8497c4000-7fc8497c7000 ---p 00000000 00:00 0 
7fc8497c7000-7fc8498c5000 rw-p 00000000 00:00 0 
7fc8498c5000-7fc8498c8000 ---p 00000000 00:00 0 
7fc8498c8000-7fc8499c6000 rw-p 00000000 00:00 0 
7fc8499c6000-7fc849b4f000 r--p 00000000 08:03 4067802                    /usr/lib/locale/locale-archive
7fc849b4f000-7fc849b52000 ---p 00000000 00:00 0 
7fc849b52000-7fc84c000000 rw-p 00000000 00:00 0 
7fc84c000000-7fc84c021000 rw-p 00000000 00:00 0 
7fc84c021000-7fc850000000 ---p 00000000 00:00 0 
7fc850000000-7fc850021000 rw-p 00000000 00:00 0 
7fc850021000-7fc854000000 ---p 00000000 00:00 0 
7fc854000000-7fc854021000 rw-p 00000000 00:00 0 
7fc854021000-7fc858000000 ---p 00000000 00:00 0 
7fc858004000-7fc85804c000 rw-p 00000000 00:00 0 
7fc85804c000-7fc85804f000 ---p 00000000 00:00 0 
7fc85804f000-7fc85814d000 rw-p 00000000 00:00 0 
7fc85814d000-7fc85814e000 ---p 00000000 00:00 0 
7fc85814e000-7fc859000000 rw-p 00000000 00:00 0 
7fc859000000-7fc859270000 rwxp 00000000 00:00 0 
7fc859270000-7fc85c372000 rw-p 00000000 00:00 0 
7fc85c372000-7fc860000000 ---p 00000000 00:00 0 
7fc86001d000-7fc86009a000 rw-p 00000000 00:00 0 
7fc86009a000-7fc8600aa000 rw-s e0200000 00:05 3819                       /dev/ati/card0
7fc8600aa000-7fc8600ad000 ---p 00000000 00:00 0 
7fc8600ad000-7fc8600e3000 rw-p 00000000 00:00 0 
7fc8600e3000-7fc8600ec000 r--s 000b9000 08:03 3934170                    /usr/lib/jvm/java-7-openjdk-amd64/jre/lib/resources.jar
7fc8600ec000-7fc860337000 rw-p 00000000 00:00 0 
7fc860337000-7fc8604e5000 r--s 01cfc000 08:03 3934153                    /usr/lib/jvm/java-7-openjdk-amd64/jre/lib/rt.jar
7fc8604e5000-7fc860819000 rw-p 00000000 00:00 0 
7fc860819000-7fc86081a000 ---p 00000000 00:00 0 
7fc86081a000-7fc86091a000 rw-p 00000000 00:00 0 
7fc86091a000-7fc86091b000 ---p 00000000 00:00 0 
7fc86091b000-7fc860a1b000 rw-p 00000000 00:00 0 
7fc860a1b000-7fc860a1c000 ---p 00000000 00:00 0 
7fc860a1c000-7fc860b1c000 rw-p 00000000 00:00 0 
7fc860b1c000-7fc860b1d000 ---p 00000000 00:00 0 
7fc860b1d000-7fc860c28000 rw-p 00000000 00:00 0 
7fc860c28000-7fc860c70000 rw-p 00000000 00:00 0 
7fc860c70000-7fc860c85000 rw-p 00000000 00:00 0 
7fc860c85000-7fc860db6000 rw-p 00000000 00:00 0 
7fc860db6000-7fc860dc1000 rw-p 00000000 00:00 0 
7fc860dc1000-7fc860e09000 rw-p 00000000 00:00 0 
7fc860e09000-7fc860e1e000 rw-p 00000000 00:00 0 
7fc860e1e000-7fc860f4e000 rw-p 00000000 00:00 0 
7fc860f4e000-7fc860f59000 rw-p 00000000 00:00 0 
7fc860f59000-7fc860ff1000 rw-p 00000000 00:00 0 
7fc860ff1000-7fc860ff2000 rw-p 00000000 00:00 0 
7fc860ff2000-7fc860ffa000 r-xp 00000000 08:03 3934210                    /usr/lib/jvm/java-7-openjdk-amd64/jre/lib/amd64/libzip.so
7fc860ffa000-7fc8611f9000 ---p 00008000 08:03 3934210                    /usr/lib/jvm/java-7-openjdk-amd64/jre/lib/amd64/libzip.so
7fc8611f9000-7fc8611fa000 r--p 00007000 08:03 3934210                    /usr/lib/jvm/java-7-openjdk-amd64/jre/lib/amd64/libzip.so
7fc8611fa000-7fc8611fb000 rw-p 00008000 08:03 3934210                    /usr/lib/jvm/java-7-openjdk-amd64/jre/lib/amd64/libzip.so
7fc8611fb000-7fc861206000 r-xp 00000000 08:03 12192223                   /lib/x86_64-linux-gnu/libnss_files-2.19.so
7fc861206000-7fc861405000 ---p 0000b000 08:03 12192223                   /lib/x86_64-linux-gnu/libnss_files-2.19.so
7fc861405000-7fc861406000 r--p 0000a000 08:03 12192223                   /lib/x86_64-linux-gnu/libnss_files-2.19.so
7fc861406000-7fc861407000 rw-p 0000b000 08:03 12192223                   /lib/x86_64-linux-gnu/libnss_files-2.19.so
7fc861407000-7fc861411000 r-xp 00000000 08:03 12192211                   /lib/x86_64-linux-gnu/libnss_nis-2.19.so
7fc861411000-7fc861610000 ---p 0000a000 08:03 12192211                   /lib/x86_64-linux-gnu/libnss_nis-2.19.so
7fc861610000-7fc861611000 r--p 00009000 08:03 12192211                   /lib/x86_64-linux-gnu/libnss_nis-2.19.so
7fc861611000-7fc861612000 rw-p 0000a000 08:03 12192211                   /lib/x86_64-linux-gnu/libnss_nis-2.19.so
7fc861612000-7fc861627000 r-xp 00000000 08:03 12192215                   /lib/x86_64-linux-gnu/libnsl-2.19.so
7fc861627000-7fc861826000 ---p 00015000 08:03 12192215                   /lib/x86_64-linux-gnu/libnsl-2.19.so
7fc861826000-7fc861827000 r--p 00014000 08:03 12192215                   /lib/x86_64-linux-gnu/libnsl-2.19.so
7fc861827000-7fc861828000 rw-p 00015000 08:03 12192215                   /lib/x86_64-linux-gnu/libnsl-2.19.so
7fc861828000-7fc86182a000 rw-p 00000000 00:00 0 
7fc86182a000-7fc861831000 r-xp 00000000 08:03 12192212                   /lib/x86_64-linux-gnu/libnss_compat-2.19.so
7fc861831000-7fc861a30000 ---p 00007000 08:03 12192212                   /lib/x86_64-linux-gnu/libnss_compat-2.19.so
7fc861a30000-7fc861a31000 r--p 00006000 08:03 12192212                   /lib/x86_64-linux-gnu/libnss_compat-2.19.so
7fc861a31000-7fc861a32000 rw-p 00007000 08:03 12192212                   /lib/x86_64-linux-gnu/libnss_compat-2.19.so
7fc861a32000-7fc861a5d000 r-xp 00000000 08:03 3934215                    /usr/lib/jvm/java-7-openjdk-amd64/jre/lib/amd64/libjava.so
7fc861a5d000-7fc861c5c000 ---p 0002b000 08:03 3934215                    /usr/lib/jvm/java-7-openjdk-amd64/jre/lib/amd64/libjava.so
7fc861c5c000-7fc861c5d000 r--p 0002a000 08:03 3934215                    /usr/lib/jvm/java-7-openjdk-amd64/jre/lib/amd64/libjava.so
7fc861c5d000-7fc861c5f000 rw-p 0002b000 08:03 3934215                    /usr/lib/jvm/java-7-openjdk-amd64/jre/lib/amd64/libjava.so
7fc861c5f000-7fc861c6e000 r-xp 00000000 08:03 3934216                    /usr/lib/jvm/java-7-openjdk-amd64/jre/lib/amd64/libverify.so
7fc861c6e000-7fc861e6d000 ---p 0000f000 08:03 3934216                    /usr/lib/jvm/java-7-openjdk-amd64/jre/lib/amd64/libverify.so
7fc861e6d000-7fc861e6f000 r--p 0000e000 08:03 3934216                    /usr/lib/jvm/java-7-openjdk-amd64/jre/lib/amd64/libverify.so
7fc861e6f000-7fc861e70000 rw-p 00010000 08:03 3934216                    /usr/lib/jvm/java-7-openjdk-amd64/jre/lib/amd64/libverify.so
7fc861e70000-7fc861e77000 r-xp 00000000 08:03 12192213                   /lib/x86_64-linux-gnu/librt-2.19.so
7fc861e77000-7fc862076000 ---p 00007000 08:03 12192213                   /lib/x86_64-linux-gnu/librt-2.19.so
7fc862076000-7fc862077000 r--p 00006000 08:03 12192213                   /lib/x86_64-linux-gnu/librt-2.19.so
7fc862077000-7fc862078000 rw-p 00007000 08:03 12192213                   /lib/x86_64-linux-gnu/librt-2.19.so
7fc862078000-7fc86208d000 r-xp 00000000 08:03 12190593                   /lib/x86_64-linux-gnu/libgcc_s.so.1
7fc86208d000-7fc86228d000 ---p 00015000 08:03 12190593                   /lib/x86_64-linux-gnu/libgcc_s.so.1
7fc86228d000-7fc86228e000 rw-p 00015000 08:03 12190593                   /lib/x86_64-linux-gnu/libgcc_s.so.1
7fc86228e000-7fc86238e000 r-xp 00000000 08:03 12192221                   /lib/x86_64-linux-gnu/libm-2.19.so
7fc86238e000-7fc86258d000 ---p 00100000 08:03 12192221                   /lib/x86_64-linux-gnu/libm-2.19.so
7fc86258d000-7fc86258e000 r--p 000ff000 08:03 12192221                   /lib/x86_64-linux-gnu/libm-2.19.so
7fc86258e000-7fc86258f000 rw-p 00100000 08:03 12192221                   /lib/x86_64-linux-gnu/libm-2.19.so
7fc86258f000-7fc862677000 r-xp 00000000 08:03 4200440                    /usr/lib/x86_64-linux-gnu/libstdc++.so.6.0.17
7fc862677000-7fc862877000 ---p 000e8000 08:03 4200440                    /usr/lib/x86_64-linux-gnu/libstdc++.so.6.0.17
7fc862877000-7fc86287f000 r--p 000e8000 08:03 4200440                    /usr/lib/x86_64-linux-gnu/libstdc++.so.6.0.17
7fc86287f000-7fc862881000 rw-p 000f0000 08:03 4200440                    /usr/lib/x86_64-linux-gnu/libstdc++.so.6.0.17
7fc862881000-7fc862896000 rw-p 00000000 00:00 0 
7fc862896000-7fc86335f000 r-xp 00000000 08:03 3934204                    /usr/lib/jvm/java-7-openjdk-amd64/jre/lib/amd64/server/libjvm.so
7fc86335f000-7fc86355f000 ---p 00ac9000 08:03 3934204                    /usr/lib/jvm/java-7-openjdk-amd64/jre/lib/amd64/server/libjvm.so
7fc86355f000-7fc8635f7000 r--p 00ac9000 08:03 3934204                    /usr/lib/jvm/java-7-openjdk-amd64/jre/lib/amd64/server/libjvm.so
7fc8635f7000-7fc86361a000 rw-p 00b61000 08:03 3934204                    /usr/lib/jvm/java-7-openjdk-amd64/jre/lib/amd64/server/libjvm.so
7fc86361a000-7fc863647000 rw-p 00000000 00:00 0 
7fc863647000-7fc86365e000 r-xp 00000000 08:03 12192203                   /lib/x86_64-linux-gnu/libz.so.1.2.8
7fc86365e000-7fc86385d000 ---p 00017000 08:03 12192203                   /lib/x86_64-linux-gnu/libz.so.1.2.8
7fc86385d000-7fc86385e000 r--p 00016000 08:03 12192203                   /lib/x86_64-linux-gnu/libz.so.1.2.8
7fc86385e000-7fc86385f000 rw-p 00017000 08:03 12192203                   /lib/x86_64-linux-gnu/libz.so.1.2.8
7fc86385f000-7fc8639fe000 r-xp 00000000 08:03 12192214                   /lib/x86_64-linux-gnu/libc-2.19.so
7fc8639fe000-7fc863bfe000 ---p 0019f000 08:03 12192214                   /lib/x86_64-linux-gnu/libc-2.19.so
7fc863bfe000-7fc863c02000 r--p 0019f000 08:03 12192214                   /lib/x86_64-linux-gnu/libc-2.19.so
7fc863c02000-7fc863c04000 rw-p 001a3000 08:03 12192214                   /lib/x86_64-linux-gnu/libc-2.19.so
7fc863c04000-7fc863c08000 rw-p 00000000 00:00 0 
7fc863c08000-7fc863c0b000 r-xp 00000000 08:03 12192219                   /lib/x86_64-linux-gnu/libdl-2.19.so
7fc863c0b000-7fc863e0a000 ---p 00003000 08:03 12192219                   /lib/x86_64-linux-gnu/libdl-2.19.so
7fc863e0a000-7fc863e0b000 r--p 00002000 08:03 12192219                   /lib/x86_64-linux-gnu/libdl-2.19.so
7fc863e0b000-7fc863e0c000 rw-p 00003000 08:03 12192219                   /lib/x86_64-linux-gnu/libdl-2.19.so
7fc863e0c000-7fc863e19000 r-xp 00000000 08:03 3934207                    /usr/lib/jvm/java-7-openjdk-amd64/jre/lib/amd64/jli/libjli.so
7fc863e19000-7fc864018000 ---p 0000d000 08:03 3934207                    /usr/lib/jvm/java-7-openjdk-amd64/jre/lib/amd64/jli/libjli.so
7fc864018000-7fc864019000 r--p 0000c000 08:03 3934207                    /usr/lib/jvm/java-7-openjdk-amd64/jre/lib/amd64/jli/libjli.so
7fc864019000-7fc86401a000 rw-p 0000d000 08:03 3934207                    /usr/lib/jvm/java-7-openjdk-amd64/jre/lib/amd64/jli/libjli.so
7fc86401a000-7fc864032000 r-xp 00000000 08:03 12192218                   /lib/x86_64-linux-gnu/libpthread-2.19.so
7fc864032000-7fc864231000 ---p 00018000 08:03 12192218                   /lib/x86_64-linux-gnu/libpthread-2.19.so
7fc864231000-7fc864232000 r--p 00017000 08:03 12192218                   /lib/x86_64-linux-gnu/libpthread-2.19.so
7fc864232000-7fc864233000 rw-p 00018000 08:03 12192218                   /lib/x86_64-linux-gnu/libpthread-2.19.so
7fc864233000-7fc864237000 rw-p 00000000 00:00 0 
7fc864237000-7fc864257000 r-xp 00000000 08:03 12192217                   /lib/x86_64-linux-gnu/ld-2.19.so
7fc86425f000-7fc864260000 rw-s 00005000 00:05 3819                       /dev/ati/card0
7fc864260000-7fc864262000 rw-s 00002000 00:05 3819                       /dev/ati/card0
7fc864262000-7fc864269000 r--s 00000000 08:03 4206154                    /usr/lib/x86_64-linux-gnu/gconv/gconv-modules.cache
7fc864269000-7fc86426e000 r--s 0004c000 08:03 3934152                    /usr/lib/jvm/java-7-openjdk-amd64/jre/lib/jsse.jar
7fc86426e000-7fc864278000 rw-p 00000000 00:00 0 
7fc864278000-7fc86432e000 rw-p 00000000 00:00 0 
7fc86432e000-7fc864331000 ---p 00000000 00:00 0 
7fc864331000-7fc86444b000 rw-p 00000000 00:00 0 
7fc86444b000-7fc864453000 rw-s 00000000 08:03 10486297                   /tmp/hsperfdata_chobe/8346 (deleted)
7fc864453000-7fc864454000 rw-p 00000000 00:00 0 
7fc864454000-7fc864455000 ---p 00000000 00:00 0 
7fc864455000-7fc864457000 rw-p 00000000 00:00 0 
7fc864457000-7fc864458000 r--p 00020000 08:03 12192217                   /lib/x86_64-linux-gnu/ld-2.19.so
7fc864458000-7fc864459000 rw-p 00021000 08:03 12192217                   /lib/x86_64-linux-gnu/ld-2.19.so
7fc864459000-7fc86445a000 rw-p 00000000 00:00 0 
7fffaa7d7000-7fffaa7f9000 rw-p 00000000 00:00 0                          [stack]
7fffaa7ff000-7fffaa800000 r-xp 00000000 00:00 0                          [vdso]
ffffffffff600000-ffffffffff601000 r-xp 00000000 00:00 0                  [vsyscall]

VM Arguments:
jvm_args: -Dfile.encoding=UTF-8 
java_command: com.mygdx.sheep.desktop.DesktopLauncher
Launcher Type: SUN_STANDARD

Environment Variables:
PATH=/usr/local/bin:/usr/bin:/bin:/usr/local/games:/usr/games:/home/chobe/.local/bin:/home/chobe/sdks/adt-bundle-linux-x86_64-20140321/sdk//platform-tools/adb:/home/chobe/sdks/adt-bundle-linux-x86_64-20140321/sdk//platform-tools/
USERNAME=chobe
SHELL=/bin/bash
DISPLAY=:0

Signal Handlers:
SIGSEGV: [libjvm.so+0x8f9750], sa_mask[0]=0x7ffbfeff, sa_flags=0x10000004
SIGBUS: [libjvm.so+0x8f9750], sa_mask[0]=0x7ffbfeff, sa_flags=0x10000004
SIGFPE: [libjvm.so+0x7827c0], sa_mask[0]=0x7ffbfeff, sa_flags=0x10000004
SIGPIPE: [libjvm.so+0x7827c0], sa_mask[0]=0x7ffbfeff, sa_flags=0x10000004
SIGXFSZ: [libjvm.so+0x7827c0], sa_mask[0]=0x7ffbfeff, sa_flags=0x10000004
SIGILL: [libjvm.so+0x7827c0], sa_mask[0]=0x7ffbfeff, sa_flags=0x10000004
SIGUSR1: SIG_DFL, sa_mask[0]=0x00000000, sa_flags=0x00000000
SIGUSR2: [libjvm.so+0x782ab0], sa_mask[0]=0x00000004, sa_flags=0x10000004
SIGHUP: [libjvm.so+0x782c20], sa_mask[0]=0x7ffbfeff, sa_flags=0x10000004
SIGINT: [libjvm.so+0x782c20], sa_mask[0]=0x7ffbfeff, sa_flags=0x10000004
SIGTERM: [libjvm.so+0x782c20], sa_mask[0]=0x7ffbfeff, sa_flags=0x10000004
SIGQUIT: [libjvm.so+0x782c20], sa_mask[0]=0x7ffbfeff, sa_flags=0x10000004


---------------  S Y S T E M  ---------------

OS:7.5

uname:Linux 3.2.0-4-amd64 #1 SMP Debian 3.2.57-3+deb7u1 x86_64
libc:glibc 2.19 NPTL 2.19 
rlimit: STACK 8192k, CORE 0k, NPROC 31105, NOFILE 4096, AS infinity
load average:0.85 1.25 1.42

/proc/meminfo:
MemTotal:        3993672 kB
MemFree:          356580 kB
Buffers:           92432 kB
Cached:           814756 kB
SwapCached:         3356 kB
Active:          2297448 kB
Inactive:         995972 kB
Active(anon):    1858540 kB
Inactive(anon):   581788 kB
Active(file):     438908 kB
Inactive(file):   414184 kB
Unevictable:           0 kB
Mlocked:               0 kB
SwapTotal:       4120572 kB
SwapFree:        4106868 kB
Dirty:              1564 kB
Writeback:             0 kB
AnonPages:       2383276 kB
Mapped:           265604 kB
Shmem:             54096 kB
Slab:             138016 kB
SReclaimable:     108232 kB
SUnreclaim:        29784 kB
KernelStack:        4600 kB
PageTables:        38716 kB
NFS_Unstable:          0 kB
Bounce:                0 kB
WritebackTmp:          0 kB
CommitLimit:     6117408 kB
Committed_AS:    5730836 kB
VmallocTotal:   34359738367 kB
VmallocUsed:      170472 kB
VmallocChunk:   34359561652 kB
HardwareCorrupted:     0 kB
AnonHugePages:         0 kB
HugePages_Total:       0
HugePages_Free:        0
HugePages_Rsvd:        0
HugePages_Surp:        0
Hugepagesize:       2048 kB
DirectMap4k:      179200 kB
DirectMap2M:     3948544 kB


CPU:total 4 (4 cores per cpu, 1 threads per core) family 6 model 15 stepping 11, cmov, cx8, fxsr, mmx, sse, sse2, sse3, ssse3, tsc

/proc/cpuinfo:
processor	: 0
vendor_id	: GenuineIntel
cpu family	: 6
model		: 15
model name	: Intel(R) Core(TM)2 Quad CPU    Q6600  @ 2.40GHz
stepping	: 11
cpu MHz		: 1596.000
cache size	: 4096 KB
physical id	: 0
siblings	: 4
core id		: 0
cpu cores	: 4
apicid		: 0
initial apicid	: 0
fpu		: yes
fpu_exception	: yes
cpuid level	: 10
wp		: yes
flags		: fpu vme de pse tsc msr pae mce cx8 apic sep mtrr pge mca cmov pat pse36 clflush dts acpi mmx fxsr sse sse2 ss ht tm pbe syscall nx lm constant_tsc arch_perfmon pebs bts rep_good nopl aperfmperf pni dtes64 monitor ds_cpl vmx est tm2 ssse3 cx16 xtpr pdcm lahf_lm dtherm tpr_shadow vnmi flexpriority
bogomips	: 4795.12
clflush size	: 64
cache_alignment	: 64
address sizes	: 36 bits physical, 48 bits virtual
power management:

processor	: 1
vendor_id	: GenuineIntel
cpu family	: 6
model		: 15
model name	: Intel(R) Core(TM)2 Quad CPU    Q6600  @ 2.40GHz
stepping	: 11
cpu MHz		: 1596.000
cache size	: 4096 KB
physical id	: 0
siblings	: 4
core id		: 2
cpu cores	: 4
apicid		: 2
initial apicid	: 2
fpu		: yes
fpu_exception	: yes
cpuid level	: 10
wp		: yes
flags		: fpu vme de pse tsc msr pae mce cx8 apic sep mtrr pge mca cmov pat pse36 clflush dts acpi mmx fxsr sse sse2 ss ht tm pbe syscall nx lm constant_tsc arch_perfmon pebs bts rep_good nopl aperfmperf pni dtes64 monitor ds_cpl vmx est tm2 ssse3 cx16 xtpr pdcm lahf_lm dtherm tpr_shadow vnmi flexpriority
bogomips	: 4795.50
clflush size	: 64
cache_alignment	: 64
address sizes	: 36 bits physical, 48 bits virtual
power management:

processor	: 2
vendor_id	: GenuineIntel
cpu family	: 6
model		: 15
model name	: Intel(R) Core(TM)2 Quad CPU    Q6600  @ 2.40GHz
stepping	: 11
cpu MHz		: 2394.000
cache size	: 4096 KB
physical id	: 0
siblings	: 4
core id		: 1
cpu cores	: 4
apicid		: 1
initial apicid	: 1
fpu		: yes
fpu_exception	: yes
cpuid level	: 10
wp		: yes
flags		: fpu vme de pse tsc msr pae mce cx8 apic sep mtrr pge mca cmov pat pse36 clflush dts acpi mmx fxsr sse sse2 ss ht tm pbe syscall nx lm constant_tsc arch_perfmon pebs bts rep_good nopl aperfmperf pni dtes64 monitor ds_cpl vmx est tm2 ssse3 cx16 xtpr pdcm lahf_lm dtherm tpr_shadow vnmi flexpriority
bogomips	: 4795.48
clflush size	: 64
cache_alignment	: 64
address sizes	: 36 bits physical, 48 bits virtual
power management:

processor	: 3
vendor_id	: GenuineIntel
cpu family	: 6
model		: 15
model name	: Intel(R) Core(TM)2 Quad CPU    Q6600  @ 2.40GHz
stepping	: 11
cpu MHz		: 1596.000
cache size	: 4096 KB
physical id	: 0
siblings	: 4
core id		: 3
cpu cores	: 4
apicid		: 3
initial apicid	: 3
fpu		: yes
fpu_exception	: yes
cpuid level	: 10
wp		: yes
flags		: fpu vme de pse tsc msr pae mce cx8 apic sep mtrr pge mca cmov pat pse36 clflush dts acpi mmx fxsr sse sse2 ss ht tm pbe syscall nx lm constant_tsc arch_perfmon pebs bts rep_good nopl aperfmperf pni dtes64 monitor ds_cpl vmx est tm2 ssse3 cx16 xtpr pdcm lahf_lm dtherm tpr_shadow vnmi flexpriority
bogomips	: 4795.51
clflush size	: 64
cache_alignment	: 64
address sizes	: 36 bits physical, 48 bits virtual
power management:



Memory: 4k page, physical 3993672k(356580k free), swap 4120572k(4106868k free)

vm_info: OpenJDK 64-Bit Server VM (24.51-b03) for linux-amd64 JRE (1.7.0_55-b14), built on May  2 2014 11:33:06 by "buildd" with gcc 4.7.2

time: Wed Jul  2 03:34:42 2014
elapsed time: 6 seconds

