#
# A fatal error has been detected by the Java Runtime Environment:
#
#  SIGSEGV (0xb) at pc=0x00007f054fcffe38, pid=28586, tid=139660881708800
#
# JRE version: OpenJDK Runtime Environment (7.0_55-b14) (build 1.7.0_55-b14)
# Java VM: OpenJDK 64-Bit Server VM (24.51-b03 mixed mode linux-amd64 compressed oops)
# Problematic frame:
# C  [libX11.so.6+0x3ae38]  XQueryExtension+0x28
#
# Failed to write core dump. Core dumps have been disabled. To enable core dumping, try "ulimit -c unlimited" before starting Java again
#
# If you would like to submit a bug report, please include
# instructions on how to reproduce the bug and visit:
#   http://icedtea.classpath.org/bugzilla
#

---------------  T H R E A D  ---------------

Current thread (0x00007f0560076800):  VMThread [stack: 0x00007f05552e4000,0x00007f05553e5000] [id=28596]

siginfo:si_signo=SIGSEGV: si_errno=0, si_code=1 (SEGV_MAPERR), si_addr=0x000000000800f168

Registers:
RAX=0x00007f0538000b10, RBX=0x000000000800e800, RCX=0x00007f05553e36d8, RDX=0x00007f05553e36d4
RSP=0x00007f05553e3670, RBP=0x00007f0510c4e600, RSI=0x00007f0510b15992, RDI=0x000000000800e800
R8 =0x00007f05553e36dc, R9 =0x0000000000000000, R10=0x00007f0510c4e3c0, R11=0x00007f0566d601c0
R12=0x00007f0510b15992, R13=0x00007f0538000b10, R14=0x00007f05553e3ae0, R15=0x00007f0508027d30
RIP=0x00007f054fcffe38, EFLAGS=0x0000000000010202, CSGSFS=0x0000000000000033, ERR=0x0000000000000004
  TRAPNO=0x000000000000000e

Top of Stack: (sp=0x00007f05553e3670)
0x00007f05553e3670:   0000000000000000 0000000000000000
0x00007f05553e3680:   000000770000006e 0000000000000000
0x00007f05553e3690:   000100010000007c 000000000800e800
0x00007f05553e36a0:   00007f0510c4e600 00007f0510b15992
0x00007f05553e36b0:   00007f0538000b10 00007f05553e3ae0
0x00007f05553e36c0:   00007f0508027d30 00007f054fcf3e72
0x00007f05553e36d0:   00007f0508027d30 00007f0566da4220
0x00007f05553e36e0:   0000000000000000 00007f0510c4e600
0x00007f05553e36f0:   000000000800e800 00007f05540e971d
0x00007f05553e3700:   00007f0510b15992 0000001100000000
0x00007f05553e3710:   00007f0500000005 0000000000000000
0x00007f05553e3720:   00007f05553e3790 000000000800e800
0x00007f05553e3730:   00007f05553e39d8 00007f05553e3ae0
0x00007f05553e3740:   00007f0510c67e50 00007f0510abe3d9
0x00007f05553e3750:   00000000ffffffff 00007f050800add0
0x00007f05553e3760:   00007f05553e3790 00007f05158919e0
0x00007f05553e3770:   00007f05553e39d8 00007f05553e3ae0
0x00007f05553e3780:   0000000000000000 00007f0510ab2ae2
0x00007f05553e3790:   00007f05553e3b50 00007f0510b15911
0x00007f05553e37a0:   00007f05553e3b50 00007f056770f058
0x00007f05553e37b0:   00007f05679221a8 00007f0567922740
0x00007f05553e37c0:   00007f05678fc000 00007f05600094f0
0x00007f05553e37d0:   00007f056000a020 00007f056000a530
0x00007f05553e37e0:   00007f0560017440 00007f05601d3460
0x00007f05553e37f0:   00007f05602c2680 00007f05602be540
0x00007f05553e3800:   00007f05601fc050 00007f0560209f70
0x00007f05553e3810:   00007f0560211390 00007f0560210e60
0x00007f05553e3820:   00007f0560210930 00007f0560214c80
0x00007f05553e3830:   00007f0560214760 00007f0560215a30
0x00007f05553e3840:   00007f0560214250 00007f0560210400
0x00007f05553e3850:   00007f0560212820 00007f0560213260
0x00007f05553e3860:   00007f0560212d40 00007f0560213780 

Instructions: (pc=0x00007f054fcffe38)
0x00007f054fcffe18:   24 e0 48 89 fb 4c 89 6c 24 e8 4c 89 74 24 f0 49
0x00007f054fcffe28:   89 f4 4c 89 7c 24 f8 48 89 6c 24 d8 48 83 ec 58
0x00007f054fcffe38:   48 8b 87 68 09 00 00 49 89 d7 49 89 ce 4d 89 c5
0x00007f054fcffe48:   48 85 c0 74 02 ff 10 ba 08 00 00 00 be 62 00 00 

Register to memory mapping:

RAX=0x00007f0538000b10 is an unknown value
RBX=0x000000000800e800 is an unknown value
RCX=0x00007f05553e36d8 is an unknown value
RDX=0x00007f05553e36d4 is an unknown value
RSP=0x00007f05553e3670 is an unknown value
RBP=0x00007f0510c4e600: <offset 0x1cf600> in /usr/lib/x86_64-linux-gnu/libGL.so.1 at 0x00007f0510a7f000
RSI=0x00007f0510b15992: <offset 0x96992> in /usr/lib/x86_64-linux-gnu/libGL.so.1 at 0x00007f0510a7f000
RDI=0x000000000800e800 is an unknown value
R8 =0x00007f05553e36dc is an unknown value
R9 =0x0000000000000000 is an unknown value
R10=0x00007f0510c4e3c0: <offset 0x1cf3c0> in /usr/lib/x86_64-linux-gnu/libGL.so.1 at 0x00007f0510a7f000
R11=0x00007f0566d601c0: __cxa_finalize+0 in /lib/x86_64-linux-gnu/libc.so.6 at 0x00007f0566d28000
R12=0x00007f0510b15992: <offset 0x96992> in /usr/lib/x86_64-linux-gnu/libGL.so.1 at 0x00007f0510a7f000
R13=0x00007f0538000b10 is an unknown value
R14=0x00007f05553e3ae0 is an unknown value
R15=0x00007f0508027d30 is an unknown value


Stack: [0x00007f05552e4000,0x00007f05553e5000],  sp=0x00007f05553e3670,  free space=1021k
Native frames: (J=compiled Java code, j=interpreted, Vv=VM code, C=native code)
C  [libX11.so.6+0x3ae38]  XQueryExtension+0x28

VM_Operation (0x00007f0510d876c0): Exit, mode: safepoint, requested by thread 0x00007f0560360000


---------------  P R O C E S S  ---------------

Java Threads: ( => current thread )
  0x00007f04e4044000 JavaThread "Keep-Alive-Timer" daemon [_thread_blocked, id=28617, stack(0x00007f0500162000,0x00007f0500263000)]
  0x00007f04ebda9800 JavaThread "pool-1-thread-1" [_thread_blocked, id=28616, stack(0x00007f0500883000,0x00007f0500984000)]
  0x00007f0509444800 JavaThread "AsynchExecutor-Thread" daemon [_thread_blocked, id=28615, stack(0x00007f0500c84000,0x00007f0500d85000)]
  0x00007f050801b800 JavaThread "process reaper" daemon [_thread_blocked, id=28611, stack(0x00007f05540a3000,0x00007f05540dc000)]
  0x00007f056000b000 JavaThread "DestroyJavaVM" [_thread_blocked, id=28591, stack(0x00007f05677f7000,0x00007f05678f8000)]
  0x00007f0560360000 JavaThread "LWJGL Application" [_thread_blocked, id=28609, stack(0x00007f0510c88000,0x00007f0510d89000)]
  0x00007f05602bd000 JavaThread "AWT-XAWT" daemon [_thread_blocked, id=28605, stack(0x00007f054446f000,0x00007f0544570000)]
  0x00007f056029d000 JavaThread "Java2D Disposer" daemon [_thread_blocked, id=28604, stack(0x00007f054c0f5000,0x00007f054c1f6000)]
  0x00007f05600a7000 JavaThread "Service Thread" daemon [_thread_blocked, id=28602, stack(0x00007f0554b55000,0x00007f0554c56000)]
  0x00007f05600a5000 JavaThread "C2 CompilerThread1" daemon [_thread_blocked, id=28601, stack(0x00007f0554c56000,0x00007f0554d57000)]
  0x00007f05600a2000 JavaThread "C2 CompilerThread0" daemon [_thread_blocked, id=28600, stack(0x00007f0554d57000,0x00007f0554e58000)]
  0x00007f056009f800 JavaThread "Signal Dispatcher" daemon [_thread_blocked, id=28599, stack(0x00007f0554e58000,0x00007f0554f59000)]
  0x00007f056007c800 JavaThread "Finalizer" daemon [_thread_blocked, id=28598, stack(0x00007f05550e2000,0x00007f05551e3000)]
  0x00007f056007a800 JavaThread "Reference Handler" daemon [_thread_blocked, id=28597, stack(0x00007f05551e3000,0x00007f05552e4000)]

Other Threads:
=>0x00007f0560076800 VMThread [stack: 0x00007f05552e4000,0x00007f05553e5000] [id=28596]

VM state:at safepoint (shutting down)

VM Mutex/Monitor currently owned by a thread:  ([mutex/lock_event])
[0x00007f05600077a0] Threads_lock - owner thread: 0x00007f0560076800

Heap
 PSYoungGen      total 18432K, used 7927K [0x00000000eba80000, 0x00000000ecf00000, 0x0000000100000000)
  eden space 15872K, 33% used [0x00000000eba80000,0x00000000ebfc0508,0x00000000eca00000)
  from space 2560K, 99% used [0x00000000ecc80000,0x00000000ecefd810,0x00000000ecf00000)
  to   space 2560K, 0% used [0x00000000eca00000,0x00000000eca00000,0x00000000ecc80000)
 ParOldGen       total 41472K, used 5251K [0x00000000c3000000, 0x00000000c5880000, 0x00000000eba80000)
  object space 41472K, 12% used [0x00000000c3000000,0x00000000c3520d10,0x00000000c5880000)
 PSPermGen       total 21504K, used 13181K [0x00000000b8a00000, 0x00000000b9f00000, 0x00000000c3000000)
  object space 21504K, 61% used [0x00000000b8a00000,0x00000000b96df638,0x00000000b9f00000)

Card table byte_map: [0x00007f056427f000,0x00007f05644bb000] byte_map_base: 0x00007f0563cba000

Polling page: 0x00007f056791d000

Code Cache  [0x00007f055d000000, 0x00007f055d270000, 0x00007f0560000000)
 total_blobs=745 nmethods=197 adapters=502 free_code_cache=48129Kb largest_free_block=49229312

Compilation events (10 events):
Event: 19.944 Thread 0x00007f05600a2000 nmethod 194 0x00007f055d0f27d0 code [0x00007f055d0f29c0, 0x00007f055d0f2eb0]
Event: 19.944 Thread 0x00007f05600a2000  195             com.badlogic.gdx.graphics.glutils.ShaderProgram::setUniformi (30 bytes)
Event: 19.949 Thread 0x00007f05600a2000 nmethod 195 0x00007f055d0f3810 code [0x00007f055d0f39c0, 0x00007f055d0f3d30]
Event: 19.949 Thread 0x00007f05600a2000  196             com.badlogic.gdx.backends.lwjgl.LwjglGL20::glUniform1i (6 bytes)
Event: 19.951 Thread 0x00007f05600a2000 nmethod 196 0x00007f055d0f0b90 code [0x00007f055d0f0ce0, 0x00007f055d0f0de8]
Event: 19.951 Thread 0x00007f05600a2000  197             org.lwjgl.opengl.GL20::glUniform1i (20 bytes)
Event: 19.953 Thread 0x00007f05600a2000 nmethod 197 0x00007f055d0eca90 code [0x00007f055d0ecbe0, 0x00007f055d0ecce8]
Event: 19.969 Thread 0x00007f05600a2000  199             com.badlogic.gdx.backends.lwjgl.LwjglGraphics::getWidth (23 bytes)
Event: 19.971 Thread 0x00007f05600a2000 nmethod 199 0x00007f055d0f2210 code [0x00007f055d0f2360, 0x00007f055d0f2658]
Event: 19.981 Thread 0x00007f05600a5000 nmethod 193 0x00007f055d0fda50 code [0x00007f055d0fe4c0, 0x00007f055d1057e0]

GC Heap History (4 events):
Event: 1.696 GC heap before
{Heap before GC invocations=1 (full 0):
 PSYoungGen      total 18432K, used 15872K [0x00000000eba80000, 0x00000000ecf00000, 0x0000000100000000)
  eden space 15872K, 100% used [0x00000000eba80000,0x00000000eca00000,0x00000000eca00000)
  from space 2560K, 0% used [0x00000000ecc80000,0x00000000ecc80000,0x00000000ecf00000)
  to   space 2560K, 0% used [0x00000000eca00000,0x00000000eca00000,0x00000000ecc80000)
 ParOldGen       total 41472K, used 0K [0x00000000c3000000, 0x00000000c5880000, 0x00000000eba80000)
  object space 41472K, 0% used [0x00000000c3000000,0x00000000c3000000,0x00000000c5880000)
 PSPermGen       total 21504K, used 9254K [0x00000000b8a00000, 0x00000000b9f00000, 0x00000000c3000000)
  object space 21504K, 43% used [0x00000000b8a00000,0x00000000b93099c0,0x00000000b9f00000)
Event: 1.707 GC heap after
Heap after GC invocations=1 (full 0):
 PSYoungGen      total 18432K, used 2544K [0x00000000eba80000, 0x00000000ecf00000, 0x0000000100000000)
  eden space 15872K, 0% used [0x00000000eba80000,0x00000000eba80000,0x00000000eca00000)
  from space 2560K, 99% used [0x00000000eca00000,0x00000000ecc7c190,0x00000000ecc80000)
  to   space 2560K, 0% used [0x00000000ecc80000,0x00000000ecc80000,0x00000000ecf00000)
 ParOldGen       total 41472K, used 2417K [0x00000000c3000000, 0x00000000c5880000, 0x00000000eba80000)
  object space 41472K, 5% used [0x00000000c3000000,0x00000000c325c7f8,0x00000000c5880000)
 PSPermGen       total 21504K, used 9254K [0x00000000b8a00000, 0x00000000b9f00000, 0x00000000c3000000)
  object space 21504K, 43% used [0x00000000b8a00000,0x00000000b93099c0,0x00000000b9f00000)
}
Event: 13.211 GC heap before
{Heap before GC invocations=2 (full 0):
 PSYoungGen      total 18432K, used 18416K [0x00000000eba80000, 0x00000000ecf00000, 0x0000000100000000)
  eden space 15872K, 100% used [0x00000000eba80000,0x00000000eca00000,0x00000000eca00000)
  from space 2560K, 99% used [0x00000000eca00000,0x00000000ecc7c190,0x00000000ecc80000)
  to   space 2560K, 0% used [0x00000000ecc80000,0x00000000ecc80000,0x00000000ecf00000)
 ParOldGen       total 41472K, used 2417K [0x00000000c3000000, 0x00000000c5880000, 0x00000000eba80000)
  object space 41472K, 5% used [0x00000000c3000000,0x00000000c325c7f8,0x00000000c5880000)
 PSPermGen       total 21504K, used 12684K [0x00000000b8a00000, 0x00000000b9f00000, 0x00000000c3000000)
  object space 21504K, 58% used [0x00000000b8a00000,0x00000000b9663090,0x00000000b9f00000)
Event: 13.221 GC heap after
Heap after GC invocations=2 (full 0):
 PSYoungGen      total 18432K, used 2550K [0x00000000eba80000, 0x00000000ecf00000, 0x0000000100000000)
  eden space 15872K, 0% used [0x00000000eba80000,0x00000000eba80000,0x00000000eca00000)
  from space 2560K, 99% used [0x00000000ecc80000,0x00000000ecefd810,0x00000000ecf00000)
  to   space 2560K, 0% used [0x00000000eca00000,0x00000000eca00000,0x00000000ecc80000)
 ParOldGen       total 41472K, used 5251K [0x00000000c3000000, 0x00000000c5880000, 0x00000000eba80000)
  object space 41472K, 12% used [0x00000000c3000000,0x00000000c3520d10,0x00000000c5880000)
 PSPermGen       total 21504K, used 12684K [0x00000000b8a00000, 0x00000000b9f00000, 0x00000000c3000000)
  object space 21504K, 58% used [0x00000000b8a00000,0x00000000b9663090,0x00000000b9f00000)
}

Deoptimization events (6 events):
Event: 0.226 Thread 0x00007f056000b000 Uncommon trap: reason=class_check action=maybe_recompile pc=0x00007f055d065280 method=java.util.Properties$LineReader.readLine()I @ 62
Event: 5.428 Thread 0x00007f04ebda9800 Uncommon trap: reason=unreached action=reinterpret pc=0x00007f055d0a9eb4 method=java.lang.Integer.parseInt(Ljava/lang/String;I)I @ 1
Event: 9.807 Thread 0x00007f0560360000 Uncommon trap: reason=unloaded action=reinterpret pc=0x00007f055d0bbfe4 method=com.badlogic.gdx.scenes.scene2d.Stage.fireEnterAndExit(Lcom/badlogic/gdx/scenes/scene2d/Actor;III)Lcom/badlogic/gdx/scenes/scene2d/Actor; @ 48
Event: 13.210 Thread 0x00007f04ebda9800 Uncommon trap: reason=class_check action=maybe_recompile pc=0x00007f055d065280 method=java.util.Properties$LineReader.readLine()I @ 62
Event: 13.210 Thread 0x00007f04ebda9800 Uncommon trap: reason=class_check action=maybe_recompile pc=0x00007f055d065280 method=java.util.Properties$LineReader.readLine()I @ 62
Event: 13.231 Thread 0x00007f04ebda9800 Uncommon trap: reason=class_check action=maybe_recompile pc=0x00007f055d065280 method=java.util.Properties$LineReader.readLine()I @ 62

Internal exceptions (10 events):
Event: 13.210 Thread 0x00007f04ebda9800 Threw 0x00000000ec9fb850 at /build/openjdk-7-kBcQ8a/openjdk-7-7u55-2.4.7/build/openjdk/hotspot/src/share/vm/prims/jvm.cpp:1244
Event: 13.210 Thread 0x00007f04ebda9800 Threw 0x00000000ec9fe858 at /build/openjdk-7-kBcQ8a/openjdk-7-7u55-2.4.7/build/openjdk/hotspot/src/share/vm/prims/jvm.cpp:1244
Event: 13.227 Thread 0x00007f04ebda9800 Threw 0x00000000eba83dc0 at /build/openjdk-7-kBcQ8a/openjdk-7-7u55-2.4.7/build/openjdk/hotspot/src/share/vm/prims/jvm.cpp:1244
Event: 13.228 Thread 0x00007f04ebda9800 Threw 0x00000000eba86e88 at /build/openjdk-7-kBcQ8a/openjdk-7-7u55-2.4.7/build/openjdk/hotspot/src/share/vm/prims/jvm.cpp:1244
Event: 16.886 Thread 0x00007f0560360000 Threw 0x00000000ebf011f8 at /build/openjdk-7-kBcQ8a/openjdk-7-7u55-2.4.7/build/openjdk/hotspot/src/share/vm/prims/jvm.cpp:1244
Event: 16.888 Thread 0x00007f0560360000 Threw 0x00000000ebf06ee0 at /build/openjdk-7-kBcQ8a/openjdk-7-7u55-2.4.7/build/openjdk/hotspot/src/share/vm/prims/jvm.cpp:1244
Event: 16.888 Thread 0x00007f0560360000 Threw 0x00000000ebf0a770 at /build/openjdk-7-kBcQ8a/openjdk-7-7u55-2.4.7/build/openjdk/hotspot/src/share/vm/prims/jvm.cpp:1244
Event: 20.569 Thread 0x00007f0560360000 Threw 0x00000000ebf7d5f8 at /build/openjdk-7-kBcQ8a/openjdk-7-7u55-2.4.7/build/openjdk/hotspot/src/share/vm/prims/jvm.cpp:1244
Event: 20.577 Thread 0x00007f0560360000 Threw 0x00000000ebf81ac0 at /build/openjdk-7-kBcQ8a/openjdk-7-7u55-2.4.7/build/openjdk/hotspot/src/share/vm/prims/jvm.cpp:1244
Event: 20.583 Thread 0x00007f0560360000 Threw 0x00000000ebf86e60 at /build/openjdk-7-kBcQ8a/openjdk-7-7u55-2.4.7/build/openjdk/hotspot/src/share/vm/prims/jvm.cpp:1244

Events (10 events):
Event: 20.742 loading class 0x00007f052811e2e0 done
Event: 20.742 Thread 0x00007f05090d2800 Thread added: 0x00007f05090d2800
Event: 20.743 loading class 0x00007f0528012840
Event: 20.743 loading class 0x00007f0528292740
Event: 20.743 loading class 0x00007f0528292740 done
Event: 20.743 loading class 0x00007f0528292770
Event: 20.743 loading class 0x00007f0528292770 done
Event: 20.743 loading class 0x00007f0528012840 done
Event: 20.746 Thread 0x00007f05090d2800 Thread exited: 0x00007f05090d2800
Event: 20.746 Executing VM operation: Exit


Dynamic libraries:
00400000-00401000 r-xp 00000000 08:03 3934148                            /usr/lib/jvm/java-7-openjdk-amd64/jre/bin/java
00600000-00601000 r--p 00000000 08:03 3934148                            /usr/lib/jvm/java-7-openjdk-amd64/jre/bin/java
00601000-00602000 rw-p 00001000 08:03 3934148                            /usr/lib/jvm/java-7-openjdk-amd64/jre/bin/java
01f36000-0215b000 rw-p 00000000 00:00 0                                  [heap]
b8a00000-b9f00000 rw-p 00000000 00:00 0 
b9f00000-c3000000 rw-p 00000000 00:00 0 
c3000000-c5880000 rw-p 00000000 00:00 0 
c5880000-eba80000 rw-p 00000000 00:00 0 
eba80000-ecf00000 rw-p 00000000 00:00 0 
ecf00000-100000000 rw-p 00000000 00:00 0 
7f04d8000000-7f04d8021000 rw-p 00000000 00:00 0 
7f04d8021000-7f04dc000000 ---p 00000000 00:00 0 
7f04e0000000-7f04e37fd000 rw-p 00000000 00:00 0 
7f04e37fd000-7f04e4000000 ---p 00000000 00:00 0 
7f04e4000000-7f04e408c000 rw-p 00000000 00:00 0 
7f04e408c000-7f04e8000000 ---p 00000000 00:00 0 
7f04e8000000-7f04ebf1a000 rw-p 00000000 00:00 0 
7f04ebf1a000-7f04ec000000 ---p 00000000 00:00 0 
7f04f0000000-7f04f00ae000 rw-p 00000000 00:00 0 
7f04f00ae000-7f04f4000000 ---p 00000000 00:00 0 
7f04f4000000-7f04f47d6000 rw-p 00000000 00:00 0 
7f04f47d6000-7f04f8000000 ---p 00000000 00:00 0 
7f04f8000000-7f04f80b4000 rw-p 00000000 00:00 0 
7f04f80b4000-7f04fc000000 ---p 00000000 00:00 0 
7f04fc000000-7f04fc021000 rw-p 00000000 00:00 0 
7f04fc021000-7f0500000000 ---p 00000000 00:00 0 
7f0500162000-7f0500165000 ---p 00000000 00:00 0 
7f0500165000-7f0500263000 rw-p 00000000 00:00 0 
7f0500263000-7f0500268000 r-xp 00000000 08:03 12192225                   /lib/x86_64-linux-gnu/libnss_dns-2.19.so
7f0500268000-7f0500467000 ---p 00005000 08:03 12192225                   /lib/x86_64-linux-gnu/libnss_dns-2.19.so
7f0500467000-7f0500468000 r--p 00004000 08:03 12192225                   /lib/x86_64-linux-gnu/libnss_dns-2.19.so
7f0500468000-7f0500469000 rw-p 00005000 08:03 12192225                   /lib/x86_64-linux-gnu/libnss_dns-2.19.so
7f0500469000-7f050046b000 r-xp 00000000 08:03 12058696                   /lib/libnss_mdns4_minimal.so.2
7f050046b000-7f050066a000 ---p 00002000 08:03 12058696                   /lib/libnss_mdns4_minimal.so.2
7f050066a000-7f050066b000 rw-p 00001000 08:03 12058696                   /lib/libnss_mdns4_minimal.so.2
7f050066b000-7f0500682000 r-xp 00000000 08:03 3934214                    /usr/lib/jvm/java-7-openjdk-amd64/jre/lib/amd64/libnet.so
7f0500682000-7f0500881000 ---p 00017000 08:03 3934214                    /usr/lib/jvm/java-7-openjdk-amd64/jre/lib/amd64/libnet.so
7f0500881000-7f0500882000 r--p 00016000 08:03 3934214                    /usr/lib/jvm/java-7-openjdk-amd64/jre/lib/amd64/libnet.so
7f0500882000-7f0500883000 rw-p 00017000 08:03 3934214                    /usr/lib/jvm/java-7-openjdk-amd64/jre/lib/amd64/libnet.so
7f0500883000-7f0500886000 ---p 00000000 00:00 0 
7f0500886000-7f0500984000 rw-p 00000000 00:00 0 
7f0500c84000-7f0500c87000 ---p 00000000 00:00 0 
7f0500c87000-7f0500d85000 rw-p 00000000 00:00 0 
7f0500d85000-7f0500d86000 ---p 00000000 00:00 0 
7f0500d86000-7f0501586000 rw-p 00000000 00:00 0 
7f0501586000-7f0501587000 ---p 00000000 00:00 0 
7f0501587000-7f0501d87000 rw-p 00000000 00:00 0 
7f0501d87000-7f0503c7f000 r-xp 00000000 08:03 4201338                    /usr/lib/x86_64-linux-gnu/dri/fglrx_dri.so
7f0503c7f000-7f0503d7e000 ---p 01ef8000 08:03 4201338                    /usr/lib/x86_64-linux-gnu/dri/fglrx_dri.so
7f0503d7e000-7f0503edc000 rwxp 01ef7000 08:03 4201338                    /usr/lib/x86_64-linux-gnu/dri/fglrx_dri.so
7f0503edc000-7f0504000000 rwxp 00000000 00:00 0 
7f0504000000-7f0504021000 rw-p 00000000 00:00 0 
7f0504021000-7f0508000000 ---p 00000000 00:00 0 
7f0508000000-7f050bf04000 rw-p 00000000 00:00 0 
7f050bf04000-7f050c000000 ---p 00000000 00:00 0 
7f050c000000-7f050c021000 rw-p 00000000 00:00 0 
7f050c021000-7f0510000000 ---p 00000000 00:00 0 
7f0510120000-7f0510820000 rw-s 00006000 00:05 7289                       /dev/ati/card0
7f0510820000-7f051085d000 r-xp 00000000 08:03 4201336                    /usr/lib/x86_64-linux-gnu/libatiadlxx.so
7f051085d000-7f051095c000 ---p 0003d000 08:03 4201336                    /usr/lib/x86_64-linux-gnu/libatiadlxx.so
7f051095c000-7f0510966000 rw-p 0003c000 08:03 4201336                    /usr/lib/x86_64-linux-gnu/libatiadlxx.so
7f0510966000-7f0510976000 rw-p 00000000 00:00 0 
7f0510976000-7f051097d000 r-xp 00000000 08:03 4201328                    /usr/lib/x86_64-linux-gnu/libatiuki.so.1.0
7f051097d000-7f0510a7d000 ---p 00007000 08:03 4201328                    /usr/lib/x86_64-linux-gnu/libatiuki.so.1.0
7f0510a7d000-7f0510a7e000 rw-p 00007000 08:03 4201328                    /usr/lib/x86_64-linux-gnu/libatiuki.so.1.0
7f0510a7e000-7f0510a7f000 rw-p 00000000 00:00 0 
7f0510a7f000-7f0510b42000 r-xp 00000000 08:03 4201341                    /usr/lib/x86_64-linux-gnu/fglrx/fglrx-libGL.so.1.2
7f0510b42000-7f0510c41000 ---p 000c3000 08:03 4201341                    /usr/lib/x86_64-linux-gnu/fglrx/fglrx-libGL.so.1.2
7f0510c41000-7f0510c68000 rwxp 000c2000 08:03 4201341                    /usr/lib/x86_64-linux-gnu/fglrx/fglrx-libGL.so.1.2
7f0510c68000-7f0510c88000 rwxp 00000000 00:00 0 
7f0510c88000-7f0510c8b000 ---p 00000000 00:00 0 
7f0510c8b000-7f0510d89000 rw-p 00000000 00:00 0 
7f0510d89000-7f0510d8c000 ---p 00000000 00:00 0 
7f0510d8c000-7f0510e8a000 rw-p 00000000 00:00 0 
7f0514e8b000-7f0514e8c000 ---p 00000000 00:00 0 
7f0514e8c000-7f051568c000 rw-p 00000000 00:00 0 
7f051568c000-7f0515692000 r-xp 00000000 08:03 4200289                    /usr/lib/x86_64-linux-gnu/libogg.so.0.8.0
7f0515692000-7f0515891000 ---p 00006000 08:03 4200289                    /usr/lib/x86_64-linux-gnu/libogg.so.0.8.0
7f0515891000-7f0515892000 rw-p 00005000 08:03 4200289                    /usr/lib/x86_64-linux-gnu/libogg.so.0.8.0
7f0515892000-7f05158be000 r-xp 00000000 08:03 4200496                    /usr/lib/x86_64-linux-gnu/libvorbis.so.0.4.5
7f05158be000-7f0515abd000 ---p 0002c000 08:03 4200496                    /usr/lib/x86_64-linux-gnu/libvorbis.so.0.4.5
7f0515abd000-7f0515abe000 r--p 0002b000 08:03 4200496                    /usr/lib/x86_64-linux-gnu/libvorbis.so.0.4.5
7f0515abe000-7f0515abf000 rw-p 0002c000 08:03 4200496                    /usr/lib/x86_64-linux-gnu/libvorbis.so.0.4.5
7f0515abf000-7f0515d72000 r-xp 00000000 08:03 4200498                    /usr/lib/x86_64-linux-gnu/libvorbisenc.so.2.0.8
7f0515d72000-7f0515f71000 ---p 002b3000 08:03 4200498                    /usr/lib/x86_64-linux-gnu/libvorbisenc.so.2.0.8
7f0515f71000-7f0515f8d000 r--p 002b2000 08:03 4200498                    /usr/lib/x86_64-linux-gnu/libvorbisenc.so.2.0.8
7f0515f8d000-7f0515f8e000 rw-p 002ce000 08:03 4200498                    /usr/lib/x86_64-linux-gnu/libvorbisenc.so.2.0.8
7f0515f8e000-7f0515fd9000 r-xp 00000000 08:03 4199700                    /usr/lib/x86_64-linux-gnu/libFLAC.so.8.2.0
7f0515fd9000-7f05161d8000 ---p 0004b000 08:03 4199700                    /usr/lib/x86_64-linux-gnu/libFLAC.so.8.2.0
7f05161d8000-7f05161d9000 r--p 0004a000 08:03 4199700                    /usr/lib/x86_64-linux-gnu/libFLAC.so.8.2.0
7f05161d9000-7f05161da000 rw-p 0004b000 08:03 4199700                    /usr/lib/x86_64-linux-gnu/libFLAC.so.8.2.0
7f05161da000-7f05161de000 r-xp 00000000 08:03 12190707                   /lib/x86_64-linux-gnu/libuuid.so.1.3.0
7f05161de000-7f05163dd000 ---p 00004000 08:03 12190707                   /lib/x86_64-linux-gnu/libuuid.so.1.3.0
7f05163dd000-7f05163de000 r--p 00003000 08:03 12190707                   /lib/x86_64-linux-gnu/libuuid.so.1.3.0
7f05163de000-7f05163df000 rw-p 00004000 08:03 12190707                   /lib/x86_64-linux-gnu/libuuid.so.1.3.0
7f05163df000-7f05163e3000 r-xp 00000000 08:03 12190559                   /lib/x86_64-linux-gnu/libattr.so.1.1.0
7f05163e3000-7f05165e2000 ---p 00004000 08:03 12190559                   /lib/x86_64-linux-gnu/libattr.so.1.1.0
7f05165e2000-7f05165e3000 r--p 00003000 08:03 12190559                   /lib/x86_64-linux-gnu/libattr.so.1.1.0
7f05165e3000-7f05165e4000 rw-p 00004000 08:03 12190559                   /lib/x86_64-linux-gnu/libattr.so.1.1.0
7f05165e4000-7f05165e9000 r-xp 00000000 08:03 4199797                    /usr/lib/x86_64-linux-gnu/libasyncns.so.0.3.1
7f05165e9000-7f05167e8000 ---p 00005000 08:03 4199797                    /usr/lib/x86_64-linux-gnu/libasyncns.so.0.3.1
7f05167e8000-7f05167e9000 rw-p 00004000 08:03 4199797                    /usr/lib/x86_64-linux-gnu/libasyncns.so.0.3.1
7f05167e9000-7f051684a000 r-xp 00000000 08:03 4200411                    /usr/lib/x86_64-linux-gnu/libsndfile.so.1.0.25
7f051684a000-7f0516a49000 ---p 00061000 08:03 4200411                    /usr/lib/x86_64-linux-gnu/libsndfile.so.1.0.25
7f0516a49000-7f0516a4b000 r--p 00060000 08:03 4200411                    /usr/lib/x86_64-linux-gnu/libsndfile.so.1.0.25
7f0516a4b000-7f0516a4c000 rw-p 00062000 08:03 4200411                    /usr/lib/x86_64-linux-gnu/libsndfile.so.1.0.25
7f0516a4c000-7f0516a50000 rw-p 00000000 00:00 0 
7f0516a50000-7f0516a59000 r-xp 00000000 08:03 12190709                   /lib/x86_64-linux-gnu/libwrap.so.0.7.6
7f0516a59000-7f0516c58000 ---p 00009000 08:03 12190709                   /lib/x86_64-linux-gnu/libwrap.so.0.7.6
7f0516c58000-7f0516c59000 r--p 00008000 08:03 12190709                   /lib/x86_64-linux-gnu/libwrap.so.0.7.6
7f0516c59000-7f0516c5a000 rw-p 00009000 08:03 12190709                   /lib/x86_64-linux-gnu/libwrap.so.0.7.6
7f0516c5a000-7f0516c5b000 rw-p 00000000 00:00 0 
7f0516c5b000-7f0516c62000 r-xp 00000000 08:03 4199720                    /usr/lib/x86_64-linux-gnu/libSM.so.6.0.1
7f0516c62000-7f0516e61000 ---p 00007000 08:03 4199720                    /usr/lib/x86_64-linux-gnu/libSM.so.6.0.1
7f0516e61000-7f0516e62000 rw-p 00006000 08:03 4199720                    /usr/lib/x86_64-linux-gnu/libSM.so.6.0.1
7f0516e62000-7f0516e79000 r-xp 00000000 08:03 4199710                    /usr/lib/x86_64-linux-gnu/libICE.so.6.3.0
7f0516e79000-7f0517078000 ---p 00017000 08:03 4199710                    /usr/lib/x86_64-linux-gnu/libICE.so.6.3.0
7f0517078000-7f051707a000 rw-p 00016000 08:03 4199710                    /usr/lib/x86_64-linux-gnu/libICE.so.6.3.0
7f051707a000-7f051707d000 rw-p 00000000 00:00 0 
7f051707d000-7f051707e000 r-xp 00000000 08:03 4199726                    /usr/lib/x86_64-linux-gnu/libX11-xcb.so.1.0.0
7f051707e000-7f051727d000 ---p 00001000 08:03 4199726                    /usr/lib/x86_64-linux-gnu/libX11-xcb.so.1.0.0
7f051727d000-7f051727e000 rw-p 00000000 08:03 4199726                    /usr/lib/x86_64-linux-gnu/libX11-xcb.so.1.0.0
7f051727e000-7f0517282000 r-xp 00000000 08:03 12190572                   /lib/x86_64-linux-gnu/libcap.so.2.22
7f0517282000-7f0517481000 ---p 00004000 08:03 12190572                   /lib/x86_64-linux-gnu/libcap.so.2.22
7f0517481000-7f0517482000 rw-p 00003000 08:03 12190572                   /lib/x86_64-linux-gnu/libcap.so.2.22
7f0517482000-7f05174e3000 r-xp 00000000 08:03 4325923                    /usr/lib/x86_64-linux-gnu/pulseaudio/libpulsecommon-2.0.so
7f05174e3000-7f05176e2000 ---p 00061000 08:03 4325923                    /usr/lib/x86_64-linux-gnu/pulseaudio/libpulsecommon-2.0.so
7f05176e2000-7f05176e3000 r--p 00060000 08:03 4325923                    /usr/lib/x86_64-linux-gnu/pulseaudio/libpulsecommon-2.0.so
7f05176e3000-7f05176e5000 rw-p 00061000 08:03 4325923                    /usr/lib/x86_64-linux-gnu/pulseaudio/libpulsecommon-2.0.so
7f05176e5000-7f05176ee000 r-xp 00000000 08:03 12190608                   /lib/x86_64-linux-gnu/libjson.so.0.1.0
7f05176ee000-7f05178ed000 ---p 00009000 08:03 12190608                   /lib/x86_64-linux-gnu/libjson.so.0.1.0
7f05178ed000-7f05178ee000 r--p 00008000 08:03 12190608                   /lib/x86_64-linux-gnu/libjson.so.0.1.0
7f05178ee000-7f05178ef000 rw-p 00009000 08:03 12190608                   /lib/x86_64-linux-gnu/libjson.so.0.1.0
7f05178ef000-7f0517938000 r-xp 00000000 08:03 4200364                    /usr/lib/x86_64-linux-gnu/libpulse.so.0.14.2
7f0517938000-7f0517b37000 ---p 00049000 08:03 4200364                    /usr/lib/x86_64-linux-gnu/libpulse.so.0.14.2
7f0517b37000-7f0517b38000 r--p 00048000 08:03 4200364                    /usr/lib/x86_64-linux-gnu/libpulse.so.0.14.2
7f0517b38000-7f0517b39000 rw-p 00049000 08:03 4200364                    /usr/lib/x86_64-linux-gnu/libpulse.so.0.14.2
7f0517d92000-7f0517dfe000 r-xp 00000000 08:01 301131                     /media/winDisk/Users/ChobeDucket/Documents/sheep/android/assets/.temp/7b43be9b/liblwjgl64.so
7f0517dfe000-7f0517ffd000 ---p 0006c000 08:01 301131                     /media/winDisk/Users/ChobeDucket/Documents/sheep/android/assets/.temp/7b43be9b/liblwjgl64.so
7f0517ffd000-7f0517fff000 r--p 0006b000 08:01 301131                     /media/winDisk/Users/ChobeDucket/Documents/sheep/android/assets/.temp/7b43be9b/liblwjgl64.so
7f0517fff000-7f0518000000 rw-p 0006d000 08:01 301131                     /media/winDisk/Users/ChobeDucket/Documents/sheep/android/assets/.temp/7b43be9b/liblwjgl64.so
7f0518000000-7f0518021000 rw-p 00000000 00:00 0 
7f0518021000-7f051c000000 ---p 00000000 00:00 0 
7f051c000000-7f051c021000 rw-p 00000000 00:00 0 
7f051c021000-7f0520000000 ---p 00000000 00:00 0 
7f0520000000-7f0520021000 rw-p 00000000 00:00 0 
7f0520021000-7f0524000000 ---p 00000000 00:00 0 
7f0524000000-7f0524021000 rw-p 00000000 00:00 0 
7f0524021000-7f0528000000 ---p 00000000 00:00 0 
7f0528000000-7f05286a2000 rw-p 00000000 00:00 0 
7f05286a2000-7f052c000000 ---p 00000000 00:00 0 
7f052c000000-7f052cd08000 rw-p 00000000 00:00 0 
7f052cd08000-7f0530000000 ---p 00000000 00:00 0 
7f0530000000-7f0530021000 rw-p 00000000 00:00 0 
7f0530021000-7f0534000000 ---p 00000000 00:00 0 
7f0534000000-7f0534021000 rw-p 00000000 00:00 0 
7f0534021000-7f0538000000 ---p 00000000 00:00 0 
7f0538000000-7f0538021000 rw-p 00000000 00:00 0 
7f0538021000-7f053c000000 ---p 00000000 00:00 0 
7f053c000000-7f053c021000 rw-p 00000000 00:00 0 
7f053c021000-7f0540000000 ---p 00000000 00:00 0 
7f0540000000-7f0540021000 rw-p 00000000 00:00 0 
7f0540021000-7f0544000000 ---p 00000000 00:00 0 
7f0544067000-7f054406b000 r-xp 00000000 08:03 4199775                    /usr/lib/x86_64-linux-gnu/libXxf86vm.so.1.0.0
7f054406b000-7f054426b000 ---p 00004000 08:03 4199775                    /usr/lib/x86_64-linux-gnu/libXxf86vm.so.1.0.0
7f054426b000-7f054426c000 r--p 00004000 08:03 4199775                    /usr/lib/x86_64-linux-gnu/libXxf86vm.so.1.0.0
7f054426c000-7f054426d000 rw-p 00005000 08:03 4199775                    /usr/lib/x86_64-linux-gnu/libXxf86vm.so.1.0.0
7f054426d000-7f054426e000 r-xp 00000000 08:03 3934229                    /usr/lib/jvm/java-7-openjdk-amd64/jre/lib/amd64/libjawt.so
7f054426e000-7f054446d000 ---p 00001000 08:03 3934229                    /usr/lib/jvm/java-7-openjdk-amd64/jre/lib/amd64/libjawt.so
7f054446d000-7f054446e000 r--p 00000000 08:03 3934229                    /usr/lib/jvm/java-7-openjdk-amd64/jre/lib/amd64/libjawt.so
7f054446e000-7f054446f000 rw-p 00001000 08:03 3934229                    /usr/lib/jvm/java-7-openjdk-amd64/jre/lib/amd64/libjawt.so
7f054446f000-7f0544472000 ---p 00000000 00:00 0 
7f0544472000-7f0544570000 rw-p 00000000 00:00 0 
7f0544570000-7f0544573000 r-xp 00000000 08:03 12190599                   /lib/x86_64-linux-gnu/libgpg-error.so.0.8.0
7f0544573000-7f0544772000 ---p 00003000 08:03 12190599                   /lib/x86_64-linux-gnu/libgpg-error.so.0.8.0
7f0544772000-7f0544773000 rw-p 00002000 08:03 12190599                   /lib/x86_64-linux-gnu/libgpg-error.so.0.8.0
7f0544773000-7f05447b7000 r-xp 00000000 08:03 12190580                   /lib/x86_64-linux-gnu/libdbus-1.so.3.7.2
7f05447b7000-7f05449b7000 ---p 00044000 08:03 12190580                   /lib/x86_64-linux-gnu/libdbus-1.so.3.7.2
7f05449b7000-7f05449b8000 r--p 00044000 08:03 12190580                   /lib/x86_64-linux-gnu/libdbus-1.so.3.7.2
7f05449b8000-7f05449b9000 rw-p 00045000 08:03 12190580                   /lib/x86_64-linux-gnu/libdbus-1.so.3.7.2
7f05449b9000-7f05449ca000 r-xp 00000000 08:03 4200305                    /usr/lib/x86_64-linux-gnu/libp11-kit.so.0.0.0
7f05449ca000-7f0544bc9000 ---p 00011000 08:03 4200305                    /usr/lib/x86_64-linux-gnu/libp11-kit.so.0.0.0
7f0544bc9000-7f0544bca000 r--p 00010000 08:03 4200305                    /usr/lib/x86_64-linux-gnu/libp11-kit.so.0.0.0
7f0544bca000-7f0544bcb000 rw-p 00011000 08:03 4200305                    /usr/lib/x86_64-linux-gnu/libp11-kit.so.0.0.0
7f0544bcb000-7f0544c45000 r-xp 00000000 08:03 12190595                   /lib/x86_64-linux-gnu/libgcrypt.so.11.7.0
7f0544c45000-7f0544e45000 ---p 0007a000 08:03 12190595                   /lib/x86_64-linux-gnu/libgcrypt.so.11.7.0
7f0544e45000-7f0544e46000 r--p 0007a000 08:03 12190595                   /lib/x86_64-linux-gnu/libgcrypt.so.11.7.0
7f0544e46000-7f0544e49000 rw-p 0007b000 08:03 12190595                   /lib/x86_64-linux-gnu/libgcrypt.so.11.7.0
7f0544e49000-7f0544e59000 r-xp 00000000 08:03 4200448                    /usr/lib/x86_64-linux-gnu/libtasn1.so.3.1.16
7f0544e59000-7f0545058000 ---p 00010000 08:03 4200448                    /usr/lib/x86_64-linux-gnu/libtasn1.so.3.1.16
7f0545058000-7f0545059000 r--p 0000f000 08:03 4200448                    /usr/lib/x86_64-linux-gnu/libtasn1.so.3.1.16
7f0545059000-7f054505a000 rw-p 00010000 08:03 4200448                    /usr/lib/x86_64-linux-gnu/libtasn1.so.3.1.16
7f054505a000-7f054505d000 r-xp 00000000 08:03 12190610                   /lib/x86_64-linux-gnu/libkeyutils.so.1.4
7f054505d000-7f054525c000 ---p 00003000 08:03 12190610                   /lib/x86_64-linux-gnu/libkeyutils.so.1.4
7f054525c000-7f054525d000 r--p 00002000 08:03 12190610                   /lib/x86_64-linux-gnu/libkeyutils.so.1.4
7f054525d000-7f054525e000 rw-p 00003000 08:03 12190610                   /lib/x86_64-linux-gnu/libkeyutils.so.1.4
7f054525e000-7f0545266000 r-xp 00000000 08:03 4200208                    /usr/lib/x86_64-linux-gnu/libkrb5support.so.0.1
7f0545266000-7f0545465000 ---p 00008000 08:03 4200208                    /usr/lib/x86_64-linux-gnu/libkrb5support.so.0.1
7f0545465000-7f0545466000 r--p 00007000 08:03 4200208                    /usr/lib/x86_64-linux-gnu/libkrb5support.so.0.1
7f0545466000-7f0545467000 rw-p 00008000 08:03 4200208                    /usr/lib/x86_64-linux-gnu/libkrb5support.so.0.1
7f0545467000-7f054546a000 r-xp 00000000 08:03 12190576                   /lib/x86_64-linux-gnu/libcom_err.so.2.1
7f054546a000-7f0545669000 ---p 00003000 08:03 12190576                   /lib/x86_64-linux-gnu/libcom_err.so.2.1
7f0545669000-7f054566a000 r--p 00002000 08:03 12190576                   /lib/x86_64-linux-gnu/libcom_err.so.2.1
7f054566a000-7f054566b000 rw-p 00003000 08:03 12190576                   /lib/x86_64-linux-gnu/libcom_err.so.2.1
7f054566b000-7f0545691000 r-xp 00000000 08:03 4200198                    /usr/lib/x86_64-linux-gnu/libk5crypto.so.3.1
7f0545691000-7f0545891000 ---p 00026000 08:03 4200198                    /usr/lib/x86_64-linux-gnu/libk5crypto.so.3.1
7f0545891000-7f0545892000 r--p 00026000 08:03 4200198                    /usr/lib/x86_64-linux-gnu/libk5crypto.so.3.1
7f0545892000-7f0545893000 rw-p 00027000 08:03 4200198                    /usr/lib/x86_64-linux-gnu/libk5crypto.so.3.1
7f0545893000-7f0545894000 rw-p 00000000 00:00 0 
7f0545894000-7f054595d000 r-xp 00000000 08:03 4200206                    /usr/lib/x86_64-linux-gnu/libkrb5.so.3.3
7f054595d000-7f0545b5c000 ---p 000c9000 08:03 4200206                    /usr/lib/x86_64-linux-gnu/libkrb5.so.3.3
7f0545b5c000-7f0545b66000 r--p 000c8000 08:03 4200206                    /usr/lib/x86_64-linux-gnu/libkrb5.so.3.3
7f0545b66000-7f0545b68000 rw-p 000d2000 08:03 4200206                    /usr/lib/x86_64-linux-gnu/libkrb5.so.3.3
7f0545b68000-7f0545b6d000 r-xp 00000000 08:03 4199743                    /usr/lib/x86_64-linux-gnu/libXdmcp.so.6.0.0
7f0545b6d000-7f0545d6c000 ---p 00005000 08:03 4199743                    /usr/lib/x86_64-linux-gnu/libXdmcp.so.6.0.0
7f0545d6c000-7f0545d6d000 rw-p 00004000 08:03 4199743                    /usr/lib/x86_64-linux-gnu/libXdmcp.so.6.0.0
7f0545d6d000-7f0545d6f000 r-xp 00000000 08:03 4199732                    /usr/lib/x86_64-linux-gnu/libXau.so.6.0.0
7f0545d6f000-7f0545f6f000 ---p 00002000 08:03 4199732                    /usr/lib/x86_64-linux-gnu/libXau.so.6.0.0
7f0545f6f000-7f0545f70000 rw-p 00002000 08:03 4199732                    /usr/lib/x86_64-linux-gnu/libXau.so.6.0.0
7f0545f70000-7f0545f80000 r-xp 00000000 08:03 4199807                    /usr/lib/x86_64-linux-gnu/libavahi-client.so.3.2.9
7f0545f80000-7f054617f000 ---p 00010000 08:03 4199807                    /usr/lib/x86_64-linux-gnu/libavahi-client.so.3.2.9
7f054617f000-7f0546180000 r--p 0000f000 08:03 4199807                    /usr/lib/x86_64-linux-gnu/libavahi-client.so.3.2.9
7f0546180000-7f0546181000 rw-p 00010000 08:03 4199807                    /usr/lib/x86_64-linux-gnu/libavahi-client.so.3.2.9
7f0546181000-7f054618d000 r-xp 00000000 08:03 4199809                    /usr/lib/x86_64-linux-gnu/libavahi-common.so.3.5.3
7f054618d000-7f054638c000 ---p 0000c000 08:03 4199809                    /usr/lib/x86_64-linux-gnu/libavahi-common.so.3.5.3
7f054638c000-7f054638d000 r--p 0000b000 08:03 4199809                    /usr/lib/x86_64-linux-gnu/libavahi-common.so.3.5.3
7f054638d000-7f054638e000 rw-p 0000c000 08:03 4199809                    /usr/lib/x86_64-linux-gnu/libavahi-common.so.3.5.3
7f054638e000-7f0546447000 r-xp 00000000 08:03 4200060                    /usr/lib/x86_64-linux-gnu/libgnutls.so.26.22.4
7f0546447000-7f0546646000 ---p 000b9000 08:03 4200060                    /usr/lib/x86_64-linux-gnu/libgnutls.so.26.22.4
7f0546646000-7f054664c000 r--p 000b8000 08:03 4200060                    /usr/lib/x86_64-linux-gnu/libgnutls.so.26.22.4
7f054664c000-7f054664e000 rw-p 000be000 08:03 4200060                    /usr/lib/x86_64-linux-gnu/libgnutls.so.26.22.4
7f054664e000-7f054668a000 r-xp 00000000 08:03 4200085                    /usr/lib/x86_64-linux-gnu/libgssapi_krb5.so.2.2
7f054668a000-7f054688a000 ---p 0003c000 08:03 4200085                    /usr/lib/x86_64-linux-gnu/libgssapi_krb5.so.2.2
7f054688a000-7f054688b000 r--p 0003c000 08:03 4200085                    /usr/lib/x86_64-linux-gnu/libgssapi_krb5.so.2.2
7f054688b000-7f054688d000 rw-p 0003d000 08:03 4200085                    /usr/lib/x86_64-linux-gnu/libgssapi_krb5.so.2.2
7f054688d000-7f05468c9000 r-xp 00000000 08:03 12190663                   /lib/x86_64-linux-gnu/libpcre.so.3.13.1
7f05468c9000-7f0546ac9000 ---p 0003c000 08:03 12190663                   /lib/x86_64-linux-gnu/libpcre.so.3.13.1
7f0546ac9000-7f0546aca000 rw-p 0003c000 08:03 12190663                   /lib/x86_64-linux-gnu/libpcre.so.3.13.1
7f0546aca000-7f0546ad6000 r-xp 00000000 08:03 4199961                    /usr/lib/x86_64-linux-gnu/libffi.so.5.0.10
7f0546ad6000-7f0546cd6000 ---p 0000c000 08:03 4199961                    /usr/lib/x86_64-linux-gnu/libffi.so.5.0.10
7f0546cd6000-7f0546cd7000 rw-p 0000c000 08:03 4199961                    /usr/lib/x86_64-linux-gnu/libffi.so.5.0.10
7f0546cd7000-7f0546cfe000 r-xp 00000000 08:03 12190588                   /lib/x86_64-linux-gnu/libexpat.so.1.6.0
7f0546cfe000-7f0546efe000 ---p 00027000 08:03 12190588                   /lib/x86_64-linux-gnu/libexpat.so.1.6.0
7f0546efe000-7f0546f00000 r--p 00027000 08:03 12190588                   /lib/x86_64-linux-gnu/libexpat.so.1.6.0
7f0546f00000-7f0546f01000 rw-p 00029000 08:03 12190588                   /lib/x86_64-linux-gnu/libexpat.so.1.6.0
7f0546f01000-7f0546f09000 r-xp 00000000 08:03 4200521                    /usr/lib/x86_64-linux-gnu/libxcb-render.so.0.0.0
7f0546f09000-7f0547109000 ---p 00008000 08:03 4200521                    /usr/lib/x86_64-linux-gnu/libxcb-render.so.0.0.0
7f0547109000-7f054710a000 r--p 00008000 08:03 4200521                    /usr/lib/x86_64-linux-gnu/libxcb-render.so.0.0.0
7f054710a000-7f054710b000 rw-p 00009000 08:03 4200521                    /usr/lib/x86_64-linux-gnu/libxcb-render.so.0.0.0
7f054710b000-7f054710d000 r-xp 00000000 08:03 4200525                    /usr/lib/x86_64-linux-gnu/libxcb-shm.so.0.0.0
7f054710d000-7f054730c000 ---p 00002000 08:03 4200525                    /usr/lib/x86_64-linux-gnu/libxcb-shm.so.0.0.0
7f054730c000-7f054730d000 r--p 00001000 08:03 4200525                    /usr/lib/x86_64-linux-gnu/libxcb-shm.so.0.0.0
7f054730d000-7f054730e000 rw-p 00002000 08:03 4200525                    /usr/lib/x86_64-linux-gnu/libxcb-shm.so.0.0.0
7f054730e000-7f054738e000 r-xp 00000000 08:03 4200335                    /usr/lib/x86_64-linux-gnu/libpixman-1.so.0.26.0
7f054738e000-7f054758e000 ---p 00080000 08:03 4200335                    /usr/lib/x86_64-linux-gnu/libpixman-1.so.0.26.0
7f054758e000-7f0547594000 rw-p 00080000 08:03 4200335                    /usr/lib/x86_64-linux-gnu/libpixman-1.so.0.26.0
7f0547594000-7f05475ba000 r-xp 00000000 08:03 12190665                   /lib/x86_64-linux-gnu/libpng12.so.0.49.0
7f05475ba000-7f05477b9000 ---p 00026000 08:03 12190665                   /lib/x86_64-linux-gnu/libpng12.so.0.49.0
7f05477b9000-7f05477ba000 r--p 00025000 08:03 12190665                   /lib/x86_64-linux-gnu/libpng12.so.0.49.0
7f05477ba000-7f05477bb000 rw-p 00026000 08:03 12190665                   /lib/x86_64-linux-gnu/libpng12.so.0.49.0
7f05477bb000-7f05477cf000 r-xp 00000000 08:03 12192206                   /lib/x86_64-linux-gnu/libresolv-2.19.so
7f05477cf000-7f05479ce000 ---p 00014000 08:03 12192206                   /lib/x86_64-linux-gnu/libresolv-2.19.so
7f05479ce000-7f05479cf000 r--p 00013000 08:03 12192206                   /lib/x86_64-linux-gnu/libresolv-2.19.so
7f05479cf000-7f05479d0000 rw-p 00014000 08:03 12192206                   /lib/x86_64-linux-gnu/libresolv-2.19.so
7f05479d0000-7f05479d2000 rw-p 00000000 00:00 0 
7f05479d2000-7f05479f0000 r-xp 00000000 08:03 12190680                   /lib/x86_64-linux-gnu/libselinux.so.1
7f05479f0000-7f0547bef000 ---p 0001e000 08:03 12190680                   /lib/x86_64-linux-gnu/libselinux.so.1
7f0547bef000-7f0547bf0000 r--p 0001d000 08:03 12190680                   /lib/x86_64-linux-gnu/libselinux.so.1
7f0547bf0000-7f0547bf1000 rw-p 0001e000 08:03 12190680                   /lib/x86_64-linux-gnu/libselinux.so.1
7f0547bf1000-7f0547bf2000 rw-p 00000000 00:00 0 
7f0547bf2000-7f0547bf5000 r-xp 00000000 08:03 4200052                    /usr/lib/x86_64-linux-gnu/libgmodule-2.0.so.0.3200.4
7f0547bf5000-7f0547df4000 ---p 00003000 08:03 4200052                    /usr/lib/x86_64-linux-gnu/libgmodule-2.0.so.0.3200.4
7f0547df4000-7f0547df5000 r--p 00002000 08:03 4200052                    /usr/lib/x86_64-linux-gnu/libgmodule-2.0.so.0.3200.4
7f0547df5000-7f0547df6000 rw-p 00003000 08:03 4200052                    /usr/lib/x86_64-linux-gnu/libgmodule-2.0.so.0.3200.4
7f0547df6000-7f0547e00000 r-xp 00000000 08:03 4199739                    /usr/lib/x86_64-linux-gnu/libXcursor.so.1.0.2
7f0547e00000-7f0547fff000 ---p 0000a000 08:03 4199739                    /usr/lib/x86_64-linux-gnu/libXcursor.so.1.0.2
7f0547fff000-7f0548000000 rw-p 00009000 08:03 4199739                    /usr/lib/x86_64-linux-gnu/libXcursor.so.1.0.2
7f0548000000-7f0548021000 rw-p 00000000 00:00 0 
7f0548021000-7f054c000000 ---p 00000000 00:00 0 
7f054c0ad000-7f054c0f5000 rw-p 00000000 00:00 0 
7f054c0f5000-7f054c0f8000 ---p 00000000 00:00 0 
7f054c0f8000-7f054c1f6000 rw-p 00000000 00:00 0 
7f054c1f6000-7f054c1fd000 r-xp 00000000 08:03 4199761                    /usr/lib/x86_64-linux-gnu/libXrandr.so.2.2.0
7f054c1fd000-7f054c3fd000 ---p 00007000 08:03 4199761                    /usr/lib/x86_64-linux-gnu/libXrandr.so.2.2.0
7f054c3fd000-7f054c3fe000 rw-p 00007000 08:03 4199761                    /usr/lib/x86_64-linux-gnu/libXrandr.so.2.2.0
7f054c3fe000-7f054c400000 r-xp 00000000 08:03 4199753                    /usr/lib/x86_64-linux-gnu/libXinerama.so.1.0.0
7f054c400000-7f054c5ff000 ---p 00002000 08:03 4199753                    /usr/lib/x86_64-linux-gnu/libXinerama.so.1.0.0
7f054c5ff000-7f054c600000 rw-p 00001000 08:03 4199753                    /usr/lib/x86_64-linux-gnu/libXinerama.so.1.0.0
7f054c600000-7f054c605000 r-xp 00000000 08:03 4199747                    /usr/lib/x86_64-linux-gnu/libXfixes.so.3.1.0
7f054c605000-7f054c804000 ---p 00005000 08:03 4199747                    /usr/lib/x86_64-linux-gnu/libXfixes.so.3.1.0
7f054c804000-7f054c805000 r--p 00004000 08:03 4199747                    /usr/lib/x86_64-linux-gnu/libXfixes.so.3.1.0
7f054c805000-7f054c806000 rw-p 00005000 08:03 4199747                    /usr/lib/x86_64-linux-gnu/libXfixes.so.3.1.0
7f054c806000-7f054c808000 r-xp 00000000 08:03 4199741                    /usr/lib/x86_64-linux-gnu/libXdamage.so.1.1.0
7f054c808000-7f054ca07000 ---p 00002000 08:03 4199741                    /usr/lib/x86_64-linux-gnu/libXdamage.so.1.1.0
7f054ca07000-7f054ca08000 rw-p 00001000 08:03 4199741                    /usr/lib/x86_64-linux-gnu/libXdamage.so.1.1.0
7f054ca08000-7f054ca0a000 r-xp 00000000 08:03 4199737                    /usr/lib/x86_64-linux-gnu/libXcomposite.so.1.0.0
7f054ca0a000-7f054cc09000 ---p 00002000 08:03 4199737                    /usr/lib/x86_64-linux-gnu/libXcomposite.so.1.0.0
7f054cc09000-7f054cc0a000 rw-p 00001000 08:03 4199737                    /usr/lib/x86_64-linux-gnu/libXcomposite.so.1.0.0
7f054cc0a000-7f054cc29000 r-xp 00000000 08:03 4200529                    /usr/lib/x86_64-linux-gnu/libxcb.so.1.1.0
7f054cc29000-7f054ce28000 ---p 0001f000 08:03 4200529                    /usr/lib/x86_64-linux-gnu/libxcb.so.1.1.0
7f054ce28000-7f054ce29000 r--p 0001e000 08:03 4200529                    /usr/lib/x86_64-linux-gnu/libxcb.so.1.1.0
7f054ce29000-7f054ce2a000 rw-p 0001f000 08:03 4200529                    /usr/lib/x86_64-linux-gnu/libxcb.so.1.1.0
7f054ce2a000-7f054ce7d000 r-xp 00000000 08:03 4199889                    /usr/lib/x86_64-linux-gnu/libcups.so.2
7f054ce7d000-7f054d07c000 ---p 00053000 08:03 4199889                    /usr/lib/x86_64-linux-gnu/libcups.so.2
7f054d07c000-7f054d081000 r--p 00052000 08:03 4199889                    /usr/lib/x86_64-linux-gnu/libcups.so.2
7f054d081000-7f054d082000 rw-p 00057000 08:03 4199889                    /usr/lib/x86_64-linux-gnu/libcups.so.2
7f054d082000-7f054d177000 r-xp 00000000 08:03 12190597                   /lib/x86_64-linux-gnu/libglib-2.0.so.0.3200.4
7f054d177000-7f054d377000 ---p 000f5000 08:03 12190597                   /lib/x86_64-linux-gnu/libglib-2.0.so.0.3200.4
7f054d377000-7f054d378000 r--p 000f5000 08:03 12190597                   /lib/x86_64-linux-gnu/libglib-2.0.so.0.3200.4
7f054d378000-7f054d379000 rw-p 000f6000 08:03 12190597                   /lib/x86_64-linux-gnu/libglib-2.0.so.0.3200.4
7f054d379000-7f054d37a000 rw-p 00000000 00:00 0 
7f054d37a000-7f054d37b000 r-xp 00000000 08:03 4200137                    /usr/lib/x86_64-linux-gnu/libgthread-2.0.so.0.3200.4
7f054d37b000-7f054d57a000 ---p 00001000 08:03 4200137                    /usr/lib/x86_64-linux-gnu/libgthread-2.0.so.0.3200.4
7f054d57a000-7f054d57b000 r--p 00000000 08:03 4200137                    /usr/lib/x86_64-linux-gnu/libgthread-2.0.so.0.3200.4
7f054d57b000-7f054d57c000 rw-p 00001000 08:03 4200137                    /usr/lib/x86_64-linux-gnu/libgthread-2.0.so.0.3200.4
7f054d57c000-7f054d5ca000 r-xp 00000000 08:03 4200068                    /usr/lib/x86_64-linux-gnu/libgobject-2.0.so.0.3200.4
7f054d5ca000-7f054d7ca000 ---p 0004e000 08:03 4200068                    /usr/lib/x86_64-linux-gnu/libgobject-2.0.so.0.3200.4
7f054d7ca000-7f054d7cb000 r--p 0004e000 08:03 4200068                    /usr/lib/x86_64-linux-gnu/libgobject-2.0.so.0.3200.4
7f054d7cb000-7f054d7cc000 rw-p 0004f000 08:03 4200068                    /usr/lib/x86_64-linux-gnu/libgobject-2.0.so.0.3200.4
7f054d7cc000-7f054d801000 r-xp 00000000 08:03 4199999                    /usr/lib/x86_64-linux-gnu/libfontconfig.so.1.5.0
7f054d801000-7f054da01000 ---p 00035000 08:03 4199999                    /usr/lib/x86_64-linux-gnu/libfontconfig.so.1.5.0
7f054da01000-7f054da02000 r--p 00035000 08:03 4199999                    /usr/lib/x86_64-linux-gnu/libfontconfig.so.1.5.0
7f054da02000-7f054da03000 rw-p 00036000 08:03 4199999                    /usr/lib/x86_64-linux-gnu/libfontconfig.so.1.5.0
7f054da03000-7f054da9c000 r-xp 00000000 08:03 4200007                    /usr/lib/x86_64-linux-gnu/libfreetype.so.6.8.1
7f054da9c000-7f054dc9b000 ---p 00099000 08:03 4200007                    /usr/lib/x86_64-linux-gnu/libfreetype.so.6.8.1
7f054dc9b000-7f054dca1000 r--p 00098000 08:03 4200007                    /usr/lib/x86_64-linux-gnu/libfreetype.so.6.8.1
7f054dca1000-7f054dca2000 rw-p 0009e000 08:03 4200007                    /usr/lib/x86_64-linux-gnu/libfreetype.so.6.8.1
7f054dca2000-7f054dcec000 r-xp 00000000 08:03 4200313                    /usr/lib/x86_64-linux-gnu/libpango-1.0.so.0.3000.0
7f054dcec000-7f054deec000 ---p 0004a000 08:03 4200313                    /usr/lib/x86_64-linux-gnu/libpango-1.0.so.0.3000.0
7f054deec000-7f054deee000 r--p 0004a000 08:03 4200313                    /usr/lib/x86_64-linux-gnu/libpango-1.0.so.0.3000.0
7f054deee000-7f054deef000 rw-p 0004c000 08:03 4200313                    /usr/lib/x86_64-linux-gnu/libpango-1.0.so.0.3000.0
7f054deef000-7f054dfe3000 r-xp 00000000 08:03 4199843                    /usr/lib/x86_64-linux-gnu/libcairo.so.2.11200.2
7f054dfe3000-7f054e1e2000 ---p 000f4000 08:03 4199843                    /usr/lib/x86_64-linux-gnu/libcairo.so.2.11200.2
7f054e1e2000-7f054e1e5000 r--p 000f3000 08:03 4199843                    /usr/lib/x86_64-linux-gnu/libcairo.so.2.11200.2
7f054e1e5000-7f054e1e6000 rw-p 000f6000 08:03 4199843                    /usr/lib/x86_64-linux-gnu/libcairo.so.2.11200.2
7f054e1e6000-7f054e1e8000 rw-p 00000000 00:00 0 
7f054e1e8000-7f054e207000 r-xp 00000000 08:03 4200030                    /usr/lib/x86_64-linux-gnu/libgdk_pixbuf-2.0.so.0.2600.1
7f054e207000-7f054e406000 ---p 0001f000 08:03 4200030                    /usr/lib/x86_64-linux-gnu/libgdk_pixbuf-2.0.so.0.2600.1
7f054e406000-7f054e407000 r--p 0001e000 08:03 4200030                    /usr/lib/x86_64-linux-gnu/libgdk_pixbuf-2.0.so.0.2600.1
7f054e407000-7f054e408000 rw-p 0001f000 08:03 4200030                    /usr/lib/x86_64-linux-gnu/libgdk_pixbuf-2.0.so.0.2600.1
7f054e408000-7f054e414000 r-xp 00000000 08:03 4200315                    /usr/lib/x86_64-linux-gnu/libpangocairo-1.0.so.0.3000.0
7f054e414000-7f054e613000 ---p 0000c000 08:03 4200315                    /usr/lib/x86_64-linux-gnu/libpangocairo-1.0.so.0.3000.0
7f054e613000-7f054e614000 r--p 0000b000 08:03 4200315                    /usr/lib/x86_64-linux-gnu/libpangocairo-1.0.so.0.3000.0
7f054e614000-7f054e615000 rw-p 0000c000 08:03 4200315                    /usr/lib/x86_64-linux-gnu/libpangocairo-1.0.so.0.3000.0
7f054e615000-7f054e63f000 r-xp 00000000 08:03 4200317                    /usr/lib/x86_64-linux-gnu/libpangoft2-1.0.so.0.3000.0
7f054e63f000-7f054e83e000 ---p 0002a000 08:03 4200317                    /usr/lib/x86_64-linux-gnu/libpangoft2-1.0.so.0.3000.0
7f054e83e000-7f054e83f000 r--p 00029000 08:03 4200317                    /usr/lib/x86_64-linux-gnu/libpangoft2-1.0.so.0.3000.0
7f054e83f000-7f054e840000 rw-p 0002a000 08:03 4200317                    /usr/lib/x86_64-linux-gnu/libpangoft2-1.0.so.0.3000.0
7f054e840000-7f054e98c000 r-xp 00000000 08:03 4200042                    /usr/lib/x86_64-linux-gnu/libgio-2.0.so.0.3200.4
7f054e98c000-7f054eb8b000 ---p 0014c000 08:03 4200042                    /usr/lib/x86_64-linux-gnu/libgio-2.0.so.0.3200.4
7f054eb8b000-7f054eb8f000 r--p 0014b000 08:03 4200042                    /usr/lib/x86_64-linux-gnu/libgio-2.0.so.0.3200.4
7f054eb8f000-7f054eb91000 rw-p 0014f000 08:03 4200042                    /usr/lib/x86_64-linux-gnu/libgio-2.0.so.0.3200.4
7f054eb91000-7f054eb93000 rw-p 00000000 00:00 0 
7f054eb93000-7f054ebb4000 r-xp 00000000 08:03 4199799                    /usr/lib/x86_64-linux-gnu/libatk-1.0.so.0.20409.1
7f054ebb4000-7f054edb3000 ---p 00021000 08:03 4199799                    /usr/lib/x86_64-linux-gnu/libatk-1.0.so.0.20409.1
7f054edb3000-7f054edb5000 r--p 00020000 08:03 4199799                    /usr/lib/x86_64-linux-gnu/libatk-1.0.so.0.20409.1
7f054edb5000-7f054edb6000 rw-p 00022000 08:03 4199799                    /usr/lib/x86_64-linux-gnu/libatk-1.0.so.0.20409.1
7f054edb6000-7f054ee65000 r-xp 00000000 08:03 4200028                    /usr/lib/x86_64-linux-gnu/libgdk-x11-2.0.so.0.2400.10
7f054ee65000-7f054f064000 ---p 000af000 08:03 4200028                    /usr/lib/x86_64-linux-gnu/libgdk-x11-2.0.so.0.2400.10
7f054f064000-7f054f069000 rw-p 000ae000 08:03 4200028                    /usr/lib/x86_64-linux-gnu/libgdk-x11-2.0.so.0.2400.10
7f054f069000-7f054f49b000 r-xp 00000000 08:03 4200141                    /usr/lib/x86_64-linux-gnu/libgtk-x11-2.0.so.0.2400.10
7f054f49b000-7f054f69b000 ---p 00432000 08:03 4200141                    /usr/lib/x86_64-linux-gnu/libgtk-x11-2.0.so.0.2400.10
7f054f69b000-7f054f6a6000 rw-p 00432000 08:03 4200141                    /usr/lib/x86_64-linux-gnu/libgtk-x11-2.0.so.0.2400.10
7f054f6a6000-7f054f6a8000 rw-p 00000000 00:00 0 
7f054f6a8000-7f054f6b6000 r-xp 00000000 08:03 4199751                    /usr/lib/x86_64-linux-gnu/libXi.so.6.1.0
7f054f6b6000-7f054f8b6000 ---p 0000e000 08:03 4199751                    /usr/lib/x86_64-linux-gnu/libXi.so.6.1.0
7f054f8b6000-7f054f8b7000 rw-p 0000e000 08:03 4199751                    /usr/lib/x86_64-linux-gnu/libXi.so.6.1.0
7f054f8b7000-7f054f8bc000 r-xp 00000000 08:03 4199769                    /usr/lib/x86_64-linux-gnu/libXtst.so.6.1.0
7f054f8bc000-7f054fabb000 ---p 00005000 08:03 4199769                    /usr/lib/x86_64-linux-gnu/libXtst.so.6.1.0
7f054fabb000-7f054fabc000 rw-p 00004000 08:03 4199769                    /usr/lib/x86_64-linux-gnu/libXtst.so.6.1.0
7f054fabc000-7f054fac5000 r-xp 00000000 08:03 4199763                    /usr/lib/x86_64-linux-gnu/libXrender.so.1.3.0
7f054fac5000-7f054fcc4000 ---p 00009000 08:03 4199763                    /usr/lib/x86_64-linux-gnu/libXrender.so.1.3.0
7f054fcc4000-7f054fcc5000 rw-p 00008000 08:03 4199763                    /usr/lib/x86_64-linux-gnu/libXrender.so.1.3.0
7f054fcc5000-7f054fdfa000 r-xp 00000000 08:03 4199728                    /usr/lib/x86_64-linux-gnu/libX11.so.6.3.0
7f054fdfa000-7f054fffa000 ---p 00135000 08:03 4199728                    /usr/lib/x86_64-linux-gnu/libX11.so.6.3.0
7f054fffa000-7f0550000000 rw-p 00135000 08:03 4199728                    /usr/lib/x86_64-linux-gnu/libX11.so.6.3.0
7f0550000000-7f0550021000 rw-p 00000000 00:00 0 
7f0550021000-7f0554000000 ---p 00000000 00:00 0 
7f0554026000-7f05540a3000 rw-p 00000000 00:00 0 
7f05540a3000-7f05540a6000 ---p 00000000 00:00 0 
7f05540a6000-7f05540dc000 rw-p 00000000 00:00 0 
7f05540dc000-7f05540ed000 r-xp 00000000 08:03 4199745                    /usr/lib/x86_64-linux-gnu/libXext.so.6.4.0
7f05540ed000-7f05542ed000 ---p 00011000 08:03 4199745                    /usr/lib/x86_64-linux-gnu/libXext.so.6.4.0
7f05542ed000-7f05542ee000 rw-p 00011000 08:03 4199745                    /usr/lib/x86_64-linux-gnu/libXext.so.6.4.0
7f05542ee000-7f0554341000 r-xp 00000000 08:03 3934319                    /usr/lib/jvm/java-7-openjdk-amd64/jre/lib/amd64/xawt/libmawt.so
7f0554341000-7f0554540000 ---p 00053000 08:03 3934319                    /usr/lib/jvm/java-7-openjdk-amd64/jre/lib/amd64/xawt/libmawt.so
7f0554540000-7f0554541000 r--p 00052000 08:03 3934319                    /usr/lib/jvm/java-7-openjdk-amd64/jre/lib/amd64/xawt/libmawt.so
7f0554541000-7f0554544000 rw-p 00053000 08:03 3934319                    /usr/lib/jvm/java-7-openjdk-amd64/jre/lib/amd64/xawt/libmawt.so
7f0554544000-7f0554545000 rw-p 00000000 00:00 0 
7f0554545000-7f05545e6000 r-xp 00000000 08:03 3934218                    /usr/lib/jvm/java-7-openjdk-amd64/jre/lib/amd64/libawt.so
7f05545e6000-7f05547e5000 ---p 000a1000 08:03 3934218                    /usr/lib/jvm/java-7-openjdk-amd64/jre/lib/amd64/libawt.so
7f05547e5000-7f05547e6000 r--p 000a0000 08:03 3934218                    /usr/lib/jvm/java-7-openjdk-amd64/jre/lib/amd64/libawt.so
7f05547e6000-7f05547f1000 rw-p 000a1000 08:03 3934218                    /usr/lib/jvm/java-7-openjdk-amd64/jre/lib/amd64/libawt.so
7f05547f1000-7f0554816000 rw-p 00000000 00:00 0 
7f0554816000-7f0554853000 r-xp 00000000 08:03 10486182                   /tmp/libgdxchobe/5502b6ed/libgdx64.so
7f0554853000-7f0554a52000 ---p 0003d000 08:03 10486182                   /tmp/libgdxchobe/5502b6ed/libgdx64.so
7f0554a52000-7f0554a53000 r--p 0003c000 08:03 10486182                   /tmp/libgdxchobe/5502b6ed/libgdx64.so
7f0554a53000-7f0554a54000 rw-p 0003d000 08:03 10486182                   /tmp/libgdxchobe/5502b6ed/libgdx64.so
7f0554a54000-7f0554a55000 ---p 00000000 00:00 0 
7f0554a55000-7f0554b55000 rw-p 00000000 00:00 0 
7f0554b55000-7f0554b58000 ---p 00000000 00:00 0 
7f0554b58000-7f0554c56000 rw-p 00000000 00:00 0 
7f0554c56000-7f0554c59000 ---p 00000000 00:00 0 
7f0554c59000-7f0554d57000 rw-p 00000000 00:00 0 
7f0554d57000-7f0554d5a000 ---p 00000000 00:00 0 
7f0554d5a000-7f0554e58000 rw-p 00000000 00:00 0 
7f0554e58000-7f0554e5b000 ---p 00000000 00:00 0 
7f0554e5b000-7f0554f59000 rw-p 00000000 00:00 0 
7f0554f59000-7f05550e2000 r--p 00000000 08:03 4067802                    /usr/lib/locale/locale-archive
7f05550e2000-7f05550e5000 ---p 00000000 00:00 0 
7f05550e5000-7f05551e3000 rw-p 00000000 00:00 0 
7f05551e3000-7f05551e6000 ---p 00000000 00:00 0 
7f05551e6000-7f05552e4000 rw-p 00000000 00:00 0 
7f05552e4000-7f05552e5000 ---p 00000000 00:00 0 
7f05552e5000-7f0558000000 rw-p 00000000 00:00 0 
7f0558000000-7f0558021000 rw-p 00000000 00:00 0 
7f0558021000-7f055c000000 ---p 00000000 00:00 0 
7f055c000000-7f055c00b000 r--s 00203000 08:03 3934232                    /usr/lib/jvm/java-7-openjdk-amd64/jre/lib/charsets.jar
7f055c00b000-7f055c79d000 rw-p 00000000 00:00 0 
7f055c79d000-7f055c94b000 r--s 01cfc000 08:03 3934153                    /usr/lib/jvm/java-7-openjdk-amd64/jre/lib/rt.jar
7f055c94b000-7f055cbfc000 rw-p 00000000 00:00 0 
7f055cbfc000-7f055cbfd000 ---p 00000000 00:00 0 
7f055cbfd000-7f055ccfd000 rw-p 00000000 00:00 0 
7f055ccfd000-7f055ccfe000 ---p 00000000 00:00 0 
7f055ccfe000-7f055cdfe000 rw-p 00000000 00:00 0 
7f055cdfe000-7f055cdff000 ---p 00000000 00:00 0 
7f055cdff000-7f055ceff000 rw-p 00000000 00:00 0 
7f055ceff000-7f055cf00000 ---p 00000000 00:00 0 
7f055cf00000-7f055d000000 rw-p 00000000 00:00 0 
7f055d000000-7f055d270000 rwxp 00000000 00:00 0 
7f055d270000-7f0560372000 rw-p 00000000 00:00 0 
7f0560372000-7f0564000000 ---p 00000000 00:00 0 
7f0564005000-7f0564006000 rw-s 00005000 00:05 7289                       /dev/ati/card0
7f0564006000-7f0564016000 rw-s e0200000 00:05 7289                       /dev/ati/card0
7f0564016000-7f0564018000 rw-s 00002000 00:05 7289                       /dev/ati/card0
7f0564018000-7f056401f000 r--s 00000000 08:03 4206154                    /usr/lib/x86_64-linux-gnu/gconv/gconv-modules.cache
7f056401f000-7f0564028000 r--s 000b9000 08:03 3934170                    /usr/lib/jvm/java-7-openjdk-amd64/jre/lib/resources.jar
7f0564028000-7f056402d000 r--s 0004c000 08:03 3934152                    /usr/lib/jvm/java-7-openjdk-amd64/jre/lib/jsse.jar
7f056402d000-7f056402e000 r--s 00002000 08:03 10488693                   /home/chobe/.gradle/caches/modules-2/files-2.1/net.java.jinput/jinput-platform/2.0.5/53f9c919f34d2ca9de8c51fc4e1e8282029a9232/jinput-platform-2.0.5-natives-osx.jar
7f056402e000-7f056402f000 r--s 00025000 08:03 10488692                   /home/chobe/.gradle/caches/modules-2/files-2.1/net.java.jinput/jinput-platform/2.0.5/385ee093e01f587f30ee1c8a2ee7d408fd732e16/jinput-platform-2.0.5-natives-windows.jar
7f056402f000-7f0564030000 r--s 00002000 08:03 10488691                   /home/chobe/.gradle/caches/modules-2/files-2.1/net.java.jinput/jinput-platform/2.0.5/7ff832a6eb9ab6a767f1ade2b548092d0fa64795/jinput-platform-2.0.5-natives-linux.jar
7f0564030000-7f0564031000 r--s 00001000 08:03 10488690                   /home/chobe/.gradle/caches/modules-2/files-2.1/net.java.jutils/jutils/1.0.0/e12fe1fda814bd348c1579329c86943d2cd3c6a6/jutils-1.0.0.jar
7f0564031000-7f0564035000 r--s 0002f000 08:03 10488689                   /home/chobe/.gradle/caches/modules-2/files-2.1/net.java.jinput/jinput/2.0.5/39c7796b469a600f72380316f6b1f11db6c2c7c4/jinput-2.0.5.jar
7f0564035000-7f0564036000 r--s 00080000 08:03 10488688                   /home/chobe/.gradle/caches/modules-2/files-2.1/org.lwjgl.lwjgl/lwjgl-platform/2.9.1/2d12c83fdfbc04ecabf02c7bc8cc54d034f0daac/lwjgl-platform-2.9.1-natives-osx.jar
7f0564036000-7f0564037000 r--s 0008b000 08:03 10488687                   /home/chobe/.gradle/caches/modules-2/files-2.1/org.lwjgl.lwjgl/lwjgl-platform/2.9.1/aa9aae879af8eb378e22cfc64db56ec2ca9a44d1/lwjgl-platform-2.9.1-natives-linux.jar
7f0564037000-7f0564038000 r--s 00095000 08:03 10488686                   /home/chobe/.gradle/caches/modules-2/files-2.1/org.lwjgl.lwjgl/lwjgl-platform/2.9.1/4c517eca808522457dd95ee8fc1fbcdbb602efbe/lwjgl-platform-2.9.1-natives-windows.jar
7f0564038000-7f056403a000 r--s 00017000 08:03 10488685                   /home/chobe/.gradle/caches/modules-2/files-2.1/org.jcraft/jorbis/0.0.17/8872d22b293e8f5d7d56ff92be966e6dc28ebdc6/jorbis-0.0.17.jar
7f056403a000-7f056403b000 r--s 00015000 08:03 10488684                   /home/chobe/.gradle/caches/modules-2/files-2.1/com.badlogicgames.jlayer/jlayer/1.0.1-gdx/7cca83cec5c1b2f011362f4d85aabd71a73b049d/jlayer-1.0.1-gdx.jar
7f056403b000-7f056403f000 r--s 00027000 08:03 10488683                   /home/chobe/.gradle/caches/modules-2/files-2.1/org.lwjgl.lwjgl/lwjgl_util/2.9.1/290d7ba8a1bd9566f5ddf16ad06f09af5ec9b20e/lwjgl_util-2.9.1.jar
7f056403f000-7f056404d000 r--s 000ea000 08:03 10488682                   /home/chobe/.gradle/caches/modules-2/files-2.1/org.lwjgl.lwjgl/lwjgl/2.9.1/f58c5aabcef0e41718a564be9f8e412fff8db847/lwjgl-2.9.1.jar
7f056404d000-7f0564062000 r--s 00153000 08:03 10488660                   /home/chobe/.gradle/caches/modules-2/files-2.1/com.badlogicgames.gdx/gdx/1.1.0/686f5a609c717eb0769d3b954c501a49bf4fe351/gdx-1.1.0.jar
7f0564062000-7f0564063000 r--s 000cd000 08:03 10488678                   /home/chobe/.gradle/caches/modules-2/files-2.1/com.badlogicgames.gdx/gdx-platform/1.1.0/1c7ea4239c2d9adda420c15985fe3885c481fdcf/gdx-platform-1.1.0-natives-desktop.jar
7f0564063000-7f05640f1000 rw-p 00000000 00:00 0 
7f05640f1000-7f0564139000 rw-p 00000000 00:00 0 
7f0564139000-7f056414e000 rw-p 00000000 00:00 0 
7f056414e000-7f056427f000 rw-p 00000000 00:00 0 
7f056427f000-7f056428a000 rw-p 00000000 00:00 0 
7f056428a000-7f05642d2000 rw-p 00000000 00:00 0 
7f05642d2000-7f05642e7000 rw-p 00000000 00:00 0 
7f05642e7000-7f0564417000 rw-p 00000000 00:00 0 
7f0564417000-7f0564422000 rw-p 00000000 00:00 0 
7f0564422000-7f05644ba000 rw-p 00000000 00:00 0 
7f05644ba000-7f05644bb000 rw-p 00000000 00:00 0 
7f05644bb000-7f05644c3000 r-xp 00000000 08:03 3934210                    /usr/lib/jvm/java-7-openjdk-amd64/jre/lib/amd64/libzip.so
7f05644c3000-7f05646c2000 ---p 00008000 08:03 3934210                    /usr/lib/jvm/java-7-openjdk-amd64/jre/lib/amd64/libzip.so
7f05646c2000-7f05646c3000 r--p 00007000 08:03 3934210                    /usr/lib/jvm/java-7-openjdk-amd64/jre/lib/amd64/libzip.so
7f05646c3000-7f05646c4000 rw-p 00008000 08:03 3934210                    /usr/lib/jvm/java-7-openjdk-amd64/jre/lib/amd64/libzip.so
7f05646c4000-7f05646cf000 r-xp 00000000 08:03 12192223                   /lib/x86_64-linux-gnu/libnss_files-2.19.so
7f05646cf000-7f05648ce000 ---p 0000b000 08:03 12192223                   /lib/x86_64-linux-gnu/libnss_files-2.19.so
7f05648ce000-7f05648cf000 r--p 0000a000 08:03 12192223                   /lib/x86_64-linux-gnu/libnss_files-2.19.so
7f05648cf000-7f05648d0000 rw-p 0000b000 08:03 12192223                   /lib/x86_64-linux-gnu/libnss_files-2.19.so
7f05648d0000-7f05648da000 r-xp 00000000 08:03 12192211                   /lib/x86_64-linux-gnu/libnss_nis-2.19.so
7f05648da000-7f0564ad9000 ---p 0000a000 08:03 12192211                   /lib/x86_64-linux-gnu/libnss_nis-2.19.so
7f0564ad9000-7f0564ada000 r--p 00009000 08:03 12192211                   /lib/x86_64-linux-gnu/libnss_nis-2.19.so
7f0564ada000-7f0564adb000 rw-p 0000a000 08:03 12192211                   /lib/x86_64-linux-gnu/libnss_nis-2.19.so
7f0564adb000-7f0564af0000 r-xp 00000000 08:03 12192215                   /lib/x86_64-linux-gnu/libnsl-2.19.so
7f0564af0000-7f0564cef000 ---p 00015000 08:03 12192215                   /lib/x86_64-linux-gnu/libnsl-2.19.so
7f0564cef000-7f0564cf0000 r--p 00014000 08:03 12192215                   /lib/x86_64-linux-gnu/libnsl-2.19.so
7f0564cf0000-7f0564cf1000 rw-p 00015000 08:03 12192215                   /lib/x86_64-linux-gnu/libnsl-2.19.so
7f0564cf1000-7f0564cf3000 rw-p 00000000 00:00 0 
7f0564cf3000-7f0564cfa000 r-xp 00000000 08:03 12192212                   /lib/x86_64-linux-gnu/libnss_compat-2.19.so
7f0564cfa000-7f0564ef9000 ---p 00007000 08:03 12192212                   /lib/x86_64-linux-gnu/libnss_compat-2.19.so
7f0564ef9000-7f0564efa000 r--p 00006000 08:03 12192212                   /lib/x86_64-linux-gnu/libnss_compat-2.19.so
7f0564efa000-7f0564efb000 rw-p 00007000 08:03 12192212                   /lib/x86_64-linux-gnu/libnss_compat-2.19.so
7f0564efb000-7f0564f26000 r-xp 00000000 08:03 3934215                    /usr/lib/jvm/java-7-openjdk-amd64/jre/lib/amd64/libjava.so
7f0564f26000-7f0565125000 ---p 0002b000 08:03 3934215                    /usr/lib/jvm/java-7-openjdk-amd64/jre/lib/amd64/libjava.so
7f0565125000-7f0565126000 r--p 0002a000 08:03 3934215                    /usr/lib/jvm/java-7-openjdk-amd64/jre/lib/amd64/libjava.so
7f0565126000-7f0565128000 rw-p 0002b000 08:03 3934215                    /usr/lib/jvm/java-7-openjdk-amd64/jre/lib/amd64/libjava.so
7f0565128000-7f0565137000 r-xp 00000000 08:03 3934216                    /usr/lib/jvm/java-7-openjdk-amd64/jre/lib/amd64/libverify.so
7f0565137000-7f0565336000 ---p 0000f000 08:03 3934216                    /usr/lib/jvm/java-7-openjdk-amd64/jre/lib/amd64/libverify.so
7f0565336000-7f0565338000 r--p 0000e000 08:03 3934216                    /usr/lib/jvm/java-7-openjdk-amd64/jre/lib/amd64/libverify.so
7f0565338000-7f0565339000 rw-p 00010000 08:03 3934216                    /usr/lib/jvm/java-7-openjdk-amd64/jre/lib/amd64/libverify.so
7f0565339000-7f0565340000 r-xp 00000000 08:03 12192213                   /lib/x86_64-linux-gnu/librt-2.19.so
7f0565340000-7f056553f000 ---p 00007000 08:03 12192213                   /lib/x86_64-linux-gnu/librt-2.19.so
7f056553f000-7f0565540000 r--p 00006000 08:03 12192213                   /lib/x86_64-linux-gnu/librt-2.19.so
7f0565540000-7f0565541000 rw-p 00007000 08:03 12192213                   /lib/x86_64-linux-gnu/librt-2.19.so
7f0565541000-7f0565556000 r-xp 00000000 08:03 12190593                   /lib/x86_64-linux-gnu/libgcc_s.so.1
7f0565556000-7f0565756000 ---p 00015000 08:03 12190593                   /lib/x86_64-linux-gnu/libgcc_s.so.1
7f0565756000-7f0565757000 rw-p 00015000 08:03 12190593                   /lib/x86_64-linux-gnu/libgcc_s.so.1
7f0565757000-7f0565857000 r-xp 00000000 08:03 12192221                   /lib/x86_64-linux-gnu/libm-2.19.so
7f0565857000-7f0565a56000 ---p 00100000 08:03 12192221                   /lib/x86_64-linux-gnu/libm-2.19.so
7f0565a56000-7f0565a57000 r--p 000ff000 08:03 12192221                   /lib/x86_64-linux-gnu/libm-2.19.so
7f0565a57000-7f0565a58000 rw-p 00100000 08:03 12192221                   /lib/x86_64-linux-gnu/libm-2.19.so
7f0565a58000-7f0565b40000 r-xp 00000000 08:03 4200440                    /usr/lib/x86_64-linux-gnu/libstdc++.so.6.0.17
7f0565b40000-7f0565d40000 ---p 000e8000 08:03 4200440                    /usr/lib/x86_64-linux-gnu/libstdc++.so.6.0.17
7f0565d40000-7f0565d48000 r--p 000e8000 08:03 4200440                    /usr/lib/x86_64-linux-gnu/libstdc++.so.6.0.17
7f0565d48000-7f0565d4a000 rw-p 000f0000 08:03 4200440                    /usr/lib/x86_64-linux-gnu/libstdc++.so.6.0.17
7f0565d4a000-7f0565d5f000 rw-p 00000000 00:00 0 
7f0565d5f000-7f0566828000 r-xp 00000000 08:03 3934204                    /usr/lib/jvm/java-7-openjdk-amd64/jre/lib/amd64/server/libjvm.so
7f0566828000-7f0566a28000 ---p 00ac9000 08:03 3934204                    /usr/lib/jvm/java-7-openjdk-amd64/jre/lib/amd64/server/libjvm.so
7f0566a28000-7f0566ac0000 r--p 00ac9000 08:03 3934204                    /usr/lib/jvm/java-7-openjdk-amd64/jre/lib/amd64/server/libjvm.so
7f0566ac0000-7f0566ae3000 rw-p 00b61000 08:03 3934204                    /usr/lib/jvm/java-7-openjdk-amd64/jre/lib/amd64/server/libjvm.so
7f0566ae3000-7f0566b10000 rw-p 00000000 00:00 0 
7f0566b10000-7f0566b27000 r-xp 00000000 08:03 12192203                   /lib/x86_64-linux-gnu/libz.so.1.2.8
7f0566b27000-7f0566d26000 ---p 00017000 08:03 12192203                   /lib/x86_64-linux-gnu/libz.so.1.2.8
7f0566d26000-7f0566d27000 r--p 00016000 08:03 12192203                   /lib/x86_64-linux-gnu/libz.so.1.2.8
7f0566d27000-7f0566d28000 rw-p 00017000 08:03 12192203                   /lib/x86_64-linux-gnu/libz.so.1.2.8
7f0566d28000-7f0566ec7000 r-xp 00000000 08:03 12192214                   /lib/x86_64-linux-gnu/libc-2.19.so
7f0566ec7000-7f05670c7000 ---p 0019f000 08:03 12192214                   /lib/x86_64-linux-gnu/libc-2.19.so
7f05670c7000-7f05670cb000 r--p 0019f000 08:03 12192214                   /lib/x86_64-linux-gnu/libc-2.19.so
7f05670cb000-7f05670cd000 rw-p 001a3000 08:03 12192214                   /lib/x86_64-linux-gnu/libc-2.19.so
7f05670cd000-7f05670d1000 rw-p 00000000 00:00 0 
7f05670d1000-7f05670d4000 r-xp 00000000 08:03 12192219                   /lib/x86_64-linux-gnu/libdl-2.19.so
7f05670d4000-7f05672d3000 ---p 00003000 08:03 12192219                   /lib/x86_64-linux-gnu/libdl-2.19.so
7f05672d3000-7f05672d4000 r--p 00002000 08:03 12192219                   /lib/x86_64-linux-gnu/libdl-2.19.so
7f05672d4000-7f05672d5000 rw-p 00003000 08:03 12192219                   /lib/x86_64-linux-gnu/libdl-2.19.so
7f05672d5000-7f05672e2000 r-xp 00000000 08:03 3934207                    /usr/lib/jvm/java-7-openjdk-amd64/jre/lib/amd64/jli/libjli.so
7f05672e2000-7f05674e1000 ---p 0000d000 08:03 3934207                    /usr/lib/jvm/java-7-openjdk-amd64/jre/lib/amd64/jli/libjli.so
7f05674e1000-7f05674e2000 r--p 0000c000 08:03 3934207                    /usr/lib/jvm/java-7-openjdk-amd64/jre/lib/amd64/jli/libjli.so
7f05674e2000-7f05674e3000 rw-p 0000d000 08:03 3934207                    /usr/lib/jvm/java-7-openjdk-amd64/jre/lib/amd64/jli/libjli.so
7f05674e3000-7f05674fb000 r-xp 00000000 08:03 12192218                   /lib/x86_64-linux-gnu/libpthread-2.19.so
7f05674fb000-7f05676fa000 ---p 00018000 08:03 12192218                   /lib/x86_64-linux-gnu/libpthread-2.19.so
7f05676fa000-7f05676fb000 r--p 00017000 08:03 12192218                   /lib/x86_64-linux-gnu/libpthread-2.19.so
7f05676fb000-7f05676fc000 rw-p 00018000 08:03 12192218                   /lib/x86_64-linux-gnu/libpthread-2.19.so
7f05676fc000-7f0567700000 rw-p 00000000 00:00 0 
7f0567700000-7f0567720000 r-xp 00000000 08:03 12192217                   /lib/x86_64-linux-gnu/ld-2.19.so
7f0567720000-7f0567723000 r--s 0001f000 08:03 10488677                   /home/chobe/.gradle/caches/modules-2/files-2.1/com.badlogicgames.gdx/gdx-backend-lwjgl/1.1.0/eafa409559820c1696e165e1280435f1332fc32b/gdx-backend-lwjgl-1.1.0.jar
7f0567723000-7f0567726000 r--s 0001f000 08:01 772750                     /media/winDisk/Users/ChobeDucket/Documents/sheep/core/build/libs/core-1.0.jar
7f0567726000-7f056772a000 r--s 0003b000 08:03 3934173                    /usr/lib/jvm/java-7-openjdk-amd64/jre/lib/ext/sunpkcs11.jar
7f056772a000-7f056772b000 r--s 00002000 08:03 3934178                    /usr/lib/jvm/java-7-openjdk-amd64/jre/lib/ext/dnsns.jar
7f056772b000-7f056772e000 r--s 00032000 08:03 3934176                    /usr/lib/jvm/java-7-openjdk-amd64/jre/lib/ext/sunjce_provider.jar
7f056772e000-7f0567730000 r--s 0000f000 08:03 3934175                    /usr/lib/jvm/java-7-openjdk-amd64/jre/lib/ext/pulse-java.jar
7f0567730000-7f0567732000 r--s 00012000 08:03 3934174                    /usr/lib/jvm/java-7-openjdk-amd64/jre/lib/ext/zipfs.jar
7f0567732000-7f0567736000 r--s 00085000 08:03 3934172                    /usr/lib/jvm/java-7-openjdk-amd64/jre/lib/ext/localedata.jar
7f0567736000-7f0567737000 r--s 00007000 08:03 5645676                    /usr/share/java/java-atk-wrapper.jar
7f0567737000-7f0567741000 rw-p 00000000 00:00 0 
7f0567741000-7f05677f7000 rw-p 00000000 00:00 0 
7f05677f7000-7f05677fa000 ---p 00000000 00:00 0 
7f05677fa000-7f0567914000 rw-p 00000000 00:00 0 
7f0567914000-7f056791c000 rw-s 00000000 08:03 10490934                   /tmp/hsperfdata_chobe/28586 (deleted)
7f056791c000-7f056791d000 rw-p 00000000 00:00 0 
7f056791d000-7f056791e000 ---p 00000000 00:00 0 
7f056791e000-7f0567920000 rw-p 00000000 00:00 0 
7f0567920000-7f0567921000 r--p 00020000 08:03 12192217                   /lib/x86_64-linux-gnu/ld-2.19.so
7f0567921000-7f0567922000 rw-p 00021000 08:03 12192217                   /lib/x86_64-linux-gnu/ld-2.19.so
7f0567922000-7f0567923000 rw-p 00000000 00:00 0 
7fffd028a000-7fffd02ac000 rw-p 00000000 00:00 0                          [stack]
7fffd039e000-7fffd039f000 r-xp 00000000 00:00 0                          [vdso]
ffffffffff600000-ffffffffff601000 r-xp 00000000 00:00 0                  [vsyscall]

VM Arguments:
jvm_args: -Dfile.encoding=UTF-8 
java_command: com.mygdx.sheep.desktop.DesktopLauncher
Launcher Type: SUN_STANDARD

Environment Variables:
PATH=/usr/local/bin:/usr/bin:/bin:/usr/local/games:/usr/games:/home/chobe/.local/bin:/home/chobe/sdks/adt-bundle-linux-x86_64-20140321/sdk//platform-tools/adb:/home/chobe/sdks/adt-bundle-linux-x86_64-20140321/sdk//platform-tools/
USERNAME=chobe
SHELL=/bin/bash
DISPLAY=:0

Signal Handlers:
SIGSEGV: [libjvm.so+0x8f9750], sa_mask[0]=0x7ffbfeff, sa_flags=0x10000004
SIGBUS: [libjvm.so+0x8f9750], sa_mask[0]=0x7ffbfeff, sa_flags=0x10000004
SIGFPE: [libjvm.so+0x7827c0], sa_mask[0]=0x7ffbfeff, sa_flags=0x10000004
SIGPIPE: [libjvm.so+0x7827c0], sa_mask[0]=0x7ffbfeff, sa_flags=0x10000004
SIGXFSZ: [libjvm.so+0x7827c0], sa_mask[0]=0x7ffbfeff, sa_flags=0x10000004
SIGILL: [libjvm.so+0x7827c0], sa_mask[0]=0x7ffbfeff, sa_flags=0x10000004
SIGUSR1: SIG_DFL, sa_mask[0]=0x00000000, sa_flags=0x00000000
SIGUSR2: [libjvm.so+0x782ab0], sa_mask[0]=0x00000004, sa_flags=0x10000004
SIGHUP: [libjvm.so+0x782c20], sa_mask[0]=0x7ffbfeff, sa_flags=0x10000004
SIGINT: [libjvm.so+0x782c20], sa_mask[0]=0x7ffbfeff, sa_flags=0x10000004
SIGTERM: [libjvm.so+0x782c20], sa_mask[0]=0x7ffbfeff, sa_flags=0x10000004
SIGQUIT: [libjvm.so+0x782c20], sa_mask[0]=0x7ffbfeff, sa_flags=0x10000004


---------------  S Y S T E M  ---------------

OS:7.5

uname:Linux 3.2.0-4-amd64 #1 SMP Debian 3.2.57-3+deb7u1 x86_64
libc:glibc 2.19 NPTL 2.19 
rlimit: STACK 8192k, CORE 0k, NPROC 31105, NOFILE 4096, AS infinity
load average:1.53 1.14 0.84

/proc/meminfo:
MemTotal:        3993672 kB
MemFree:         1516808 kB
Buffers:           79076 kB
Cached:           568648 kB
SwapCached:       237628 kB
Active:          1546792 kB
Inactive:         645152 kB
Active(anon):    1317208 kB
Inactive(anon):   253908 kB
Active(file):     229584 kB
Inactive(file):   391244 kB
Unevictable:           0 kB
Mlocked:               0 kB
SwapTotal:       4120572 kB
SwapFree:        3478864 kB
Dirty:               240 kB
Writeback:             0 kB
AnonPages:       1530448 kB
Mapped:           179732 kB
Shmem:             26896 kB
Slab:              75480 kB
SReclaimable:      47032 kB
SUnreclaim:        28448 kB
KernelStack:        3792 kB
PageTables:        30024 kB
NFS_Unstable:          0 kB
Bounce:                0 kB
WritebackTmp:          0 kB
CommitLimit:     6117408 kB
Committed_AS:    4016272 kB
VmallocTotal:   34359738367 kB
VmallocUsed:      170472 kB
VmallocChunk:   34359561712 kB
HardwareCorrupted:     0 kB
AnonHugePages:         0 kB
HugePages_Total:       0
HugePages_Free:        0
HugePages_Rsvd:        0
HugePages_Surp:        0
Hugepagesize:       2048 kB
DirectMap4k:     1172480 kB
DirectMap2M:     2955264 kB


CPU:total 4 (4 cores per cpu, 1 threads per core) family 6 model 15 stepping 11, cmov, cx8, fxsr, mmx, sse, sse2, sse3, ssse3, tsc

/proc/cpuinfo:
processor	: 0
vendor_id	: GenuineIntel
cpu family	: 6
model		: 15
model name	: Intel(R) Core(TM)2 Quad CPU    Q6600  @ 2.40GHz
stepping	: 11
cpu MHz		: 1596.000
cache size	: 4096 KB
physical id	: 0
siblings	: 4
core id		: 0
cpu cores	: 4
apicid		: 0
initial apicid	: 0
fpu		: yes
fpu_exception	: yes
cpuid level	: 10
wp		: yes
flags		: fpu vme de pse tsc msr pae mce cx8 apic sep mtrr pge mca cmov pat pse36 clflush dts acpi mmx fxsr sse sse2 ss ht tm pbe syscall nx lm constant_tsc arch_perfmon pebs bts rep_good nopl aperfmperf pni dtes64 monitor ds_cpl vmx est tm2 ssse3 cx16 xtpr pdcm lahf_lm dtherm tpr_shadow vnmi flexpriority
bogomips	: 4795.82
clflush size	: 64
cache_alignment	: 64
address sizes	: 36 bits physical, 48 bits virtual
power management:

processor	: 1
vendor_id	: GenuineIntel
cpu family	: 6
model		: 15
model name	: Intel(R) Core(TM)2 Quad CPU    Q6600  @ 2.40GHz
stepping	: 11
cpu MHz		: 1596.000
cache size	: 4096 KB
physical id	: 0
siblings	: 4
core id		: 2
cpu cores	: 4
apicid		: 2
initial apicid	: 2
fpu		: yes
fpu_exception	: yes
cpuid level	: 10
wp		: yes
flags		: fpu vme de pse tsc msr pae mce cx8 apic sep mtrr pge mca cmov pat pse36 clflush dts acpi mmx fxsr sse sse2 ss ht tm pbe syscall nx lm constant_tsc arch_perfmon pebs bts rep_good nopl aperfmperf pni dtes64 monitor ds_cpl vmx est tm2 ssse3 cx16 xtpr pdcm lahf_lm dtherm tpr_shadow vnmi flexpriority
bogomips	: 4795.58
clflush size	: 64
cache_alignment	: 64
address sizes	: 36 bits physical, 48 bits virtual
power management:

processor	: 2
vendor_id	: GenuineIntel
cpu family	: 6
model		: 15
model name	: Intel(R) Core(TM)2 Quad CPU    Q6600  @ 2.40GHz
stepping	: 11
cpu MHz		: 2394.000
cache size	: 4096 KB
physical id	: 0
siblings	: 4
core id		: 1
cpu cores	: 4
apicid		: 1
initial apicid	: 1
fpu		: yes
fpu_exception	: yes
cpuid level	: 10
wp		: yes
flags		: fpu vme de pse tsc msr pae mce cx8 apic sep mtrr pge mca cmov pat pse36 clflush dts acpi mmx fxsr sse sse2 ss ht tm pbe syscall nx lm constant_tsc arch_perfmon pebs bts rep_good nopl aperfmperf pni dtes64 monitor ds_cpl vmx est tm2 ssse3 cx16 xtpr pdcm lahf_lm dtherm tpr_shadow vnmi flexpriority
bogomips	: 4795.56
clflush size	: 64
cache_alignment	: 64
address sizes	: 36 bits physical, 48 bits virtual
power management:

processor	: 3
vendor_id	: GenuineIntel
cpu family	: 6
model		: 15
model name	: Intel(R) Core(TM)2 Quad CPU    Q6600  @ 2.40GHz
stepping	: 11
cpu MHz		: 2394.000
cache size	: 4096 KB
physical id	: 0
siblings	: 4
core id		: 3
cpu cores	: 4
apicid		: 3
initial apicid	: 3
fpu		: yes
fpu_exception	: yes
cpuid level	: 10
wp		: yes
flags		: fpu vme de pse tsc msr pae mce cx8 apic sep mtrr pge mca cmov pat pse36 clflush dts acpi mmx fxsr sse sse2 ss ht tm pbe syscall nx lm constant_tsc arch_perfmon pebs bts rep_good nopl aperfmperf pni dtes64 monitor ds_cpl vmx est tm2 ssse3 cx16 xtpr pdcm lahf_lm dtherm tpr_shadow vnmi flexpriority
bogomips	: 4795.57
clflush size	: 64
cache_alignment	: 64
address sizes	: 36 bits physical, 48 bits virtual
power management:



Memory: 4k page, physical 3993672k(1516808k free), swap 4120572k(3478864k free)

vm_info: OpenJDK 64-Bit Server VM (24.51-b03) for linux-amd64 JRE (1.7.0_55-b14), built on May  2 2014 11:33:06 by "buildd" with gcc 4.7.2

time: Mon Jul  7 22:30:30 2014
elapsed time: 21 seconds

