#
# A fatal error has been detected by the Java Runtime Environment:
#
#  SIGSEGV (0xb) at pc=0x00007f7365522e38, pid=13689, tid=140133621262080
#
# JRE version: OpenJDK Runtime Environment (7.0_55-b14) (build 1.7.0_55-b14)
# Java VM: OpenJDK 64-Bit Server VM (24.51-b03 mixed mode linux-amd64 compressed oops)
# Problematic frame:
# C  [libX11.so.6+0x3ae38]  XQueryExtension+0x28
#
# Failed to write core dump. Core dumps have been disabled. To enable core dumping, try "ulimit -c unlimited" before starting Java again
#
# If you would like to submit a bug report, please include
# instructions on how to reproduce the bug and visit:
#   http://icedtea.classpath.org/bugzilla
#

---------------  T H R E A D  ---------------

Current thread (0x0000000000fe7000):  VMThread [stack: 0x00007f7366a76000,0x00007f7366b77000] [id=13700]

siginfo:si_signo=SIGSEGV: si_errno=0, si_code=1 (SEGV_MAPERR), si_addr=0x0000000058239d78

Registers:
RAX=0x0000000000f6f5b0, RBX=0x0000000058239410, RCX=0x00007f7366b75668, RDX=0x00007f7366b75664
RSP=0x00007f7366b75600, RBP=0x00007f734e566600, RSI=0x00007f734e42d992, RDI=0x0000000058239410
R8 =0x00007f7366b7566c, R9 =0x0000000000000000, R10=0x00007f7370754768, R11=0x00007f73704030d0
R12=0x00007f734e42d992, R13=0x0000000000f6f5b0, R14=0x00007f7358236c90, R15=0x00007f7358248550
RIP=0x00007f7365522e38, EFLAGS=0x0000000000010206, CSGSFS=0x0000000000000033, ERR=0x0000000000000004
  TRAPNO=0x000000000000000e

Top of Stack: (sp=0x00007f7366b75600)
0x00007f7366b75600:   0000000000000020 00007f7366b75730
0x00007f7366b75610:   00007f73703da5c8 00007f7370f809e8
0x00007f7366b75620:   00007f73703da5c8 0000000058239410
0x00007f7366b75630:   00007f734e566600 00007f734e42d992
0x00007f7366b75640:   0000000000f6f5b0 00007f7358236c90
0x00007f7366b75650:   00007f7358248550 00007f7365516e72
0x00007f7366b75660:   00007f7358236c90 0000000000000000
0x00007f7366b75670:   0000000000000000 00007f734e566600
0x00007f7366b75680:   0000000058239410 00007f736583071d
0x00007f7366b75690:   00007f734e42d992 00000011703da5c8
0x00007f7366b756a0:   00007f7366b75720 0000000000000000
0x00007f7366b756b0:   00007f7366b75720 0000000058239410
0x00007f7366b756c0:   00007f7370fa5048 00007f7358236c90
0x00007f7366b756d0:   00007f734e57fe50 00007f734e3d63d9
0x00007f7366b756e0:   0000000000000000 0000000000000063
0x00007f7366b756f0:   00007f7366b75720 0000000000000000
0x00007f7366b75700:   00007f7370fa5048 00007f7358236c90
0x00007f7366b75710:   0000000000000054 00007f734e3caae2
0x00007f7366b75720:   00007f7366b75ae0 00007f734e42d911
0x00007f7366b75730:   00007f7366b75ae0 00007f7370d934ec
0x00007f7366b75740:   00007f7370fa61c8 00007f7370fa6758
0x00007f7366b75750:   00007f7370f80000 0000000000f7a3d0
0x00007f7366b75760:   0000000000f7aec0 0000000000f7b3c0
0x00007f7366b75770:   0000000000f882a0 00007f735809bbb0
0x00007f7366b75780:   00007f7358193060 00007f735818ef80
0x00007f7366b75790:   00007f73580c23c0 00007f73580d2430
0x00007f7366b757a0:   00007f73580d99f0 00007f73580d94c0
0x00007f7366b757b0:   00007f73580d8fa0 00007f73580dd280
0x00007f7366b757c0:   00007f73580dcd70 00007f73580de010
0x00007f7366b757d0:   00007f73580dc870 00007f73580d8a70
0x00007f7366b757e0:   00007f73580dae60 00007f73580db890
0x00007f7366b757f0:   00007f73580db370 00007f73580dbda0 

Instructions: (pc=0x00007f7365522e38)
0x00007f7365522e18:   24 e0 48 89 fb 4c 89 6c 24 e8 4c 89 74 24 f0 49
0x00007f7365522e28:   89 f4 4c 89 7c 24 f8 48 89 6c 24 d8 48 83 ec 58
0x00007f7365522e38:   48 8b 87 68 09 00 00 49 89 d7 49 89 ce 4d 89 c5
0x00007f7365522e48:   48 85 c0 74 02 ff 10 ba 08 00 00 00 be 62 00 00 

Register to memory mapping:

RAX=0x0000000000f6f5b0 is an unknown value
RBX=0x0000000058239410 is an unknown value
RCX=0x00007f7366b75668 is an unknown value
RDX=0x00007f7366b75664 is an unknown value
RSP=0x00007f7366b75600 is an unknown value
RBP=0x00007f734e566600: <offset 0x1cf600> in /usr/lib/x86_64-linux-gnu/libGL.so.1 at 0x00007f734e397000
RSI=0x00007f734e42d992: <offset 0x96992> in /usr/lib/x86_64-linux-gnu/libGL.so.1 at 0x00007f734e397000
RDI=0x0000000058239410 is an unknown value
R8 =0x00007f7366b7566c is an unknown value
R9 =0x0000000000000000 is an unknown value
R10=0x00007f7370754768: <offset 0x388768> in /lib/x86_64-linux-gnu/libc.so.6 at 0x00007f73703cc000
R11=0x00007f73704030d0: __cxa_finalize+0 in /lib/x86_64-linux-gnu/libc.so.6 at 0x00007f73703cc000
R12=0x00007f734e42d992: <offset 0x96992> in /usr/lib/x86_64-linux-gnu/libGL.so.1 at 0x00007f734e397000
R13=0x0000000000f6f5b0 is an unknown value
R14=0x00007f7358236c90 is an unknown value
R15=0x00007f7358248550 is an unknown value


Stack: [0x00007f7366a76000,0x00007f7366b77000],  sp=0x00007f7366b75600,  free space=1021k
Native frames: (J=compiled Java code, j=interpreted, Vv=VM code, C=native code)
C  [libX11.so.6+0x3ae38]  XQueryExtension+0x28

VM_Operation (0x00007f734e69f650): Exit, mode: safepoint, requested by thread 0x00007f7358231000


---------------  P R O C E S S  ---------------

Java Threads: ( => current thread )
  0x00007f7358d2a000 JavaThread "AsynchExecutor-Thread" daemon [_thread_blocked, id=13719, stack(0x00007f734a4ac000,0x00007f734a5ad000)]
  0x00000000011e4800 JavaThread "process reaper" daemon [_thread_blocked, id=13715, stack(0x00007f7364021000,0x00007f736405a000)]
  0x00007f73580e5000 JavaThread "DestroyJavaVM" [_thread_blocked, id=13695, stack(0x00007f7370e7b000,0x00007f7370f7c000)]
  0x00007f7358231000 JavaThread "LWJGL Application" [_thread_blocked, id=13713, stack(0x00007f734e5a0000,0x00007f734e6a1000)]
  0x00007f735818e000 JavaThread "AWT-XAWT" daemon [_thread_blocked, id=13709, stack(0x00007f7355d20000,0x00007f7355e21000)]
  0x00007f735816d800 JavaThread "Java2D Disposer" daemon [_thread_blocked, id=13708, stack(0x00007f7355e21000,0x00007f7355f22000)]
  0x000000000101f000 JavaThread "Service Thread" daemon [_thread_blocked, id=13706, stack(0x00007f73662f9000,0x00007f73663fa000)]
  0x000000000101c000 JavaThread "C2 CompilerThread1" daemon [_thread_blocked, id=13705, stack(0x00007f73663fa000,0x00007f73664fb000)]
  0x0000000001018800 JavaThread "C2 CompilerThread0" daemon [_thread_blocked, id=13704, stack(0x00007f73664fb000,0x00007f73665fc000)]
  0x0000000001016800 JavaThread "Signal Dispatcher" daemon [_thread_blocked, id=13703, stack(0x00007f73665fc000,0x00007f73666fd000)]
  0x0000000000fed800 JavaThread "Finalizer" daemon [_thread_blocked, id=13702, stack(0x00007f7366874000,0x00007f7366975000)]
  0x0000000000feb800 JavaThread "Reference Handler" daemon [_thread_blocked, id=13701, stack(0x00007f7366975000,0x00007f7366a76000)]

Other Threads:
=>0x0000000000fe7000 VMThread [stack: 0x00007f7366a76000,0x00007f7366b77000] [id=13700]

VM state:at safepoint (shutting down)

VM Mutex/Monitor currently owned by a thread:  ([mutex/lock_event])
[0x0000000000f78520] Threads_lock - owner thread: 0x0000000000fe7000

Heap
 PSYoungGen      total 18432K, used 12068K [0x00000000eba80000, 0x00000000ecf00000, 0x0000000100000000)
  eden space 15872K, 60% used [0x00000000eba80000,0x00000000ec3d0920,0x00000000eca00000)
  from space 2560K, 98% used [0x00000000eca00000,0x00000000ecc78900,0x00000000ecc80000)
  to   space 2560K, 0% used [0x00000000ecc80000,0x00000000ecc80000,0x00000000ecf00000)
 ParOldGen       total 41472K, used 2142K [0x00000000c3000000, 0x00000000c5880000, 0x00000000eba80000)
  object space 41472K, 5% used [0x00000000c3000000,0x00000000c3217ad0,0x00000000c5880000)
 PSPermGen       total 21504K, used 10227K [0x00000000b8a00000, 0x00000000b9f00000, 0x00000000c3000000)
  object space 21504K, 47% used [0x00000000b8a00000,0x00000000b93fcd58,0x00000000b9f00000)

Card table byte_map: [0x00007f736a9a3000,0x00007f736abdf000] byte_map_base: 0x00007f736a3de000

Polling page: 0x00007f7370fa1000

Code Cache  [0x00007f736abdf000, 0x00007f736ae4f000, 0x00007f736dbdf000)
 total_blobs=637 nmethods=119 adapters=472 free_code_cache=48287Kb largest_free_block=49416960

Compilation events (10 events):
Event: 11.320 Thread 0x0000000001018800  114             java.util.concurrent.locks.AbstractQueuedSynchronizer::getState (5 bytes)
Event: 11.321 Thread 0x0000000001018800 nmethod 114 0x00007f736acae410 code [0x00007f736acae540, 0x00007f736acae598]
Event: 11.554 Thread 0x000000000101c000  115             com.badlogic.gdx.scenes.scene2d.Actor::hit (52 bytes)
Event: 11.555 Thread 0x000000000101c000 nmethod 115 0x00007f736acae190 code [0x00007f736acae300, 0x00007f736acae398]
Event: 13.254 Thread 0x0000000001018800  116             com.badlogic.gdx.scenes.scene2d.Actor::getX (5 bytes)
Event: 13.254 Thread 0x000000000101c000  117             com.badlogic.gdx.scenes.scene2d.Actor::getY (5 bytes)
Event: 13.255 Thread 0x0000000001018800 nmethod 116 0x00007f736ac96490 code [0x00007f736ac965c0, 0x00007f736ac96618]
Event: 13.255 Thread 0x000000000101c000 nmethod 117 0x00007f736acb57d0 code [0x00007f736acb5900, 0x00007f736acb5958]
Event: 13.404 Thread 0x0000000001018800  119             com.badlogic.gdx.utils.NumberUtils::intToFloatColor (18 bytes)
Event: 13.405 Thread 0x0000000001018800 nmethod 119 0x00007f736acb5210 code [0x00007f736acb5340, 0x00007f736acb5398]

GC Heap History (2 events):
Event: 1.679 GC heap before
{Heap before GC invocations=1 (full 0):
 PSYoungGen      total 18432K, used 15872K [0x00000000eba80000, 0x00000000ecf00000, 0x0000000100000000)
  eden space 15872K, 100% used [0x00000000eba80000,0x00000000eca00000,0x00000000eca00000)
  from space 2560K, 0% used [0x00000000ecc80000,0x00000000ecc80000,0x00000000ecf00000)
  to   space 2560K, 0% used [0x00000000eca00000,0x00000000eca00000,0x00000000ecc80000)
 ParOldGen       total 41472K, used 0K [0x00000000c3000000, 0x00000000c5880000, 0x00000000eba80000)
  object space 41472K, 0% used [0x00000000c3000000,0x00000000c3000000,0x00000000c5880000)
 PSPermGen       total 21504K, used 9312K [0x00000000b8a00000, 0x00000000b9f00000, 0x00000000c3000000)
  object space 21504K, 43% used [0x00000000b8a00000,0x00000000b93181f0,0x00000000b9f00000)
Event: 1.694 GC heap after
Heap after GC invocations=1 (full 0):
 PSYoungGen      total 18432K, used 2530K [0x00000000eba80000, 0x00000000ecf00000, 0x0000000100000000)
  eden space 15872K, 0% used [0x00000000eba80000,0x00000000eba80000,0x00000000eca00000)
  from space 2560K, 98% used [0x00000000eca00000,0x00000000ecc78900,0x00000000ecc80000)
  to   space 2560K, 0% used [0x00000000ecc80000,0x00000000ecc80000,0x00000000ecf00000)
 ParOldGen       total 41472K, used 2142K [0x00000000c3000000, 0x00000000c5880000, 0x00000000eba80000)
  object space 41472K, 5% used [0x00000000c3000000,0x00000000c3217ad0,0x00000000c5880000)
 PSPermGen       total 21504K, used 9312K [0x00000000b8a00000, 0x00000000b9f00000, 0x00000000c3000000)
  object space 21504K, 43% used [0x00000000b8a00000,0x00000000b93181f0,0x00000000b9f00000)
}

Deoptimization events (2 events):
Event: 0.227 Thread 0x0000000000f7c000 Uncommon trap: reason=class_check action=maybe_recompile pc=0x00007f736ac45780 method=java.util.Properties$LineReader.readLine()I @ 62
Event: 6.707 Thread 0x00007f7358231000 Uncommon trap: reason=unreached action=reinterpret pc=0x00007f736ac94538 method=com.badlogic.gdx.scenes.scene2d.Stage.act(F)V @ 32

Internal exceptions (10 events):
Event: 4.951 Thread 0x00007f7358231000 Threw 0x00000000ec0c80b0 at /build/openjdk-7-kBcQ8a/openjdk-7-7u55-2.4.7/build/openjdk/hotspot/src/share/vm/prims/jvm.cpp:1244
Event: 4.952 Thread 0x00007f7358231000 Threw 0x00000000ec0cf2f0 at /build/openjdk-7-kBcQ8a/openjdk-7-7u55-2.4.7/build/openjdk/hotspot/src/share/vm/prims/jvm.cpp:1244
Event: 4.953 Thread 0x00007f7358231000 Threw 0x00000000ec0d3c90 at /build/openjdk-7-kBcQ8a/openjdk-7-7u55-2.4.7/build/openjdk/hotspot/src/share/vm/prims/jvm.cpp:1244
Event: 4.968 Thread 0x00007f7358231000 Threw 0x00000000ec11e328 at /build/openjdk-7-kBcQ8a/openjdk-7-7u55-2.4.7/build/openjdk/hotspot/src/share/vm/interpreter/interpreterRuntime.cpp:347
Event: 6.705 Thread 0x00007f7358231000 Threw 0x00000000ec1c5058 at /build/openjdk-7-kBcQ8a/openjdk-7-7u55-2.4.7/build/openjdk/hotspot/src/share/vm/prims/jvm.cpp:1244
Event: 6.706 Thread 0x00007f7358231000 Threw 0x00000000ec1ca590 at /build/openjdk-7-kBcQ8a/openjdk-7-7u55-2.4.7/build/openjdk/hotspot/src/share/vm/prims/jvm.cpp:1244
Event: 6.706 Thread 0x00007f7358231000 Threw 0x00000000ec1cf6c0 at /build/openjdk-7-kBcQ8a/openjdk-7-7u55-2.4.7/build/openjdk/hotspot/src/share/vm/prims/jvm.cpp:1244
Event: 13.471 Thread 0x00007f7358231000 Threw 0x00000000ec37a968 at /build/openjdk-7-kBcQ8a/openjdk-7-7u55-2.4.7/build/openjdk/hotspot/src/share/vm/prims/jvm.cpp:1244
Event: 13.479 Thread 0x00007f7358231000 Threw 0x00000000ec37ede0 at /build/openjdk-7-kBcQ8a/openjdk-7-7u55-2.4.7/build/openjdk/hotspot/src/share/vm/prims/jvm.cpp:1244
Event: 13.485 Thread 0x00007f7358231000 Threw 0x00000000ec3840f8 at /build/openjdk-7-kBcQ8a/openjdk-7-7u55-2.4.7/build/openjdk/hotspot/src/share/vm/prims/jvm.cpp:1244

Events (10 events):
Event: 13.648 loading class 0x00000000011a78f0 done
Event: 13.648 Thread 0x00007f73600f3000 Thread added: 0x00007f73600f3000
Event: 13.648 loading class 0x00007f7360086010
Event: 13.648 loading class 0x00007f736000f230
Event: 13.648 loading class 0x00007f736000f230 done
Event: 13.648 loading class 0x00007f736000f260
Event: 13.648 loading class 0x00007f736000f260 done
Event: 13.648 loading class 0x00007f7360086010 done
Event: 13.654 Thread 0x00007f73600f3000 Thread exited: 0x00007f73600f3000
Event: 13.654 Executing VM operation: Exit


Dynamic libraries:
00400000-00401000 r-xp 00000000 08:03 3934148                            /usr/lib/jvm/java-7-openjdk-amd64/jre/bin/java
00600000-00601000 r--p 00000000 08:03 3934148                            /usr/lib/jvm/java-7-openjdk-amd64/jre/bin/java
00601000-00602000 rw-p 00001000 08:03 3934148                            /usr/lib/jvm/java-7-openjdk-amd64/jre/bin/java
00f6d000-01b49000 rw-p 00000000 00:00 0                                  [heap]
b8a00000-b9f00000 rw-p 00000000 00:00 0 
b9f00000-c3000000 rw-p 00000000 00:00 0 
c3000000-c5880000 rw-p 00000000 00:00 0 
c5880000-eba80000 rw-p 00000000 00:00 0 
eba80000-ecf00000 rw-p 00000000 00:00 0 
ecf00000-100000000 rw-p 00000000 00:00 0 
7f7349cab000-7f7349cae000 ---p 00000000 00:00 0 
7f7349cae000-7f7349dac000 rw-p 00000000 00:00 0 
7f734a4ac000-7f734a4af000 ---p 00000000 00:00 0 
7f734a4af000-7f734a5ad000 rw-p 00000000 00:00 0 
7f734a5ad000-7f734a5ae000 ---p 00000000 00:00 0 
7f734a5ae000-7f734adae000 rw-p 00000000 00:00 0 
7f734adae000-7f734adaf000 ---p 00000000 00:00 0 
7f734adaf000-7f734b5af000 rw-p 00000000 00:00 0 
7f734b6fa000-7f734b742000 rw-p 00000000 00:00 0 
7f734b742000-7f734be42000 rw-s 00006000 00:05 8297                       /dev/ati/card0
7f734be42000-7f734bebf000 rw-p 00000000 00:00 0 
7f734bebf000-7f734befc000 r-xp 00000000 08:03 4201336                    /usr/lib/x86_64-linux-gnu/libatiadlxx.so
7f734befc000-7f734bffb000 ---p 0003d000 08:03 4201336                    /usr/lib/x86_64-linux-gnu/libatiadlxx.so
7f734bffb000-7f734c005000 rw-p 0003c000 08:03 4201336                    /usr/lib/x86_64-linux-gnu/libatiadlxx.so
7f734c005000-7f734c015000 rw-p 00000000 00:00 0 
7f734c015000-7f734c01c000 r-xp 00000000 08:03 4201328                    /usr/lib/x86_64-linux-gnu/libatiuki.so.1.0
7f734c01c000-7f734c11c000 ---p 00007000 08:03 4201328                    /usr/lib/x86_64-linux-gnu/libatiuki.so.1.0
7f734c11c000-7f734c11d000 rw-p 00007000 08:03 4201328                    /usr/lib/x86_64-linux-gnu/libatiuki.so.1.0
7f734c11d000-7f734c11e000 rw-p 00000000 00:00 0 
7f734c11e000-7f734e016000 r-xp 00000000 08:03 4201338                    /usr/lib/x86_64-linux-gnu/dri/fglrx_dri.so
7f734e016000-7f734e115000 ---p 01ef8000 08:03 4201338                    /usr/lib/x86_64-linux-gnu/dri/fglrx_dri.so
7f734e115000-7f734e273000 rwxp 01ef7000 08:03 4201338                    /usr/lib/x86_64-linux-gnu/dri/fglrx_dri.so
7f734e273000-7f734e397000 rwxp 00000000 00:00 0 
7f734e397000-7f734e45a000 r-xp 00000000 08:03 4201341                    /usr/lib/x86_64-linux-gnu/fglrx/fglrx-libGL.so.1.2
7f734e45a000-7f734e559000 ---p 000c3000 08:03 4201341                    /usr/lib/x86_64-linux-gnu/fglrx/fglrx-libGL.so.1.2
7f734e559000-7f734e580000 rwxp 000c2000 08:03 4201341                    /usr/lib/x86_64-linux-gnu/fglrx/fglrx-libGL.so.1.2
7f734e580000-7f734e5a0000 rwxp 00000000 00:00 0 
7f734e5a0000-7f734e5a3000 ---p 00000000 00:00 0 
7f734e5a3000-7f734e6a1000 rw-p 00000000 00:00 0 
7f734e6a1000-7f734e6a4000 ---p 00000000 00:00 0 
7f734e6a4000-7f734e7a2000 rw-p 00000000 00:00 0 
7f73527a3000-7f73527a4000 ---p 00000000 00:00 0 
7f73527a4000-7f7352fa4000 rw-p 00000000 00:00 0 
7f7352fa4000-7f7352faa000 r-xp 00000000 08:03 4200289                    /usr/lib/x86_64-linux-gnu/libogg.so.0.8.0
7f7352faa000-7f73531a9000 ---p 00006000 08:03 4200289                    /usr/lib/x86_64-linux-gnu/libogg.so.0.8.0
7f73531a9000-7f73531aa000 rw-p 00005000 08:03 4200289                    /usr/lib/x86_64-linux-gnu/libogg.so.0.8.0
7f73531aa000-7f73531d6000 r-xp 00000000 08:03 4200496                    /usr/lib/x86_64-linux-gnu/libvorbis.so.0.4.5
7f73531d6000-7f73533d5000 ---p 0002c000 08:03 4200496                    /usr/lib/x86_64-linux-gnu/libvorbis.so.0.4.5
7f73533d5000-7f73533d6000 r--p 0002b000 08:03 4200496                    /usr/lib/x86_64-linux-gnu/libvorbis.so.0.4.5
7f73533d6000-7f73533d7000 rw-p 0002c000 08:03 4200496                    /usr/lib/x86_64-linux-gnu/libvorbis.so.0.4.5
7f73533d7000-7f735368a000 r-xp 00000000 08:03 4200498                    /usr/lib/x86_64-linux-gnu/libvorbisenc.so.2.0.8
7f735368a000-7f7353889000 ---p 002b3000 08:03 4200498                    /usr/lib/x86_64-linux-gnu/libvorbisenc.so.2.0.8
7f7353889000-7f73538a5000 r--p 002b2000 08:03 4200498                    /usr/lib/x86_64-linux-gnu/libvorbisenc.so.2.0.8
7f73538a5000-7f73538a6000 rw-p 002ce000 08:03 4200498                    /usr/lib/x86_64-linux-gnu/libvorbisenc.so.2.0.8
7f73538a6000-7f73538f1000 r-xp 00000000 08:03 4199700                    /usr/lib/x86_64-linux-gnu/libFLAC.so.8.2.0
7f73538f1000-7f7353af0000 ---p 0004b000 08:03 4199700                    /usr/lib/x86_64-linux-gnu/libFLAC.so.8.2.0
7f7353af0000-7f7353af1000 r--p 0004a000 08:03 4199700                    /usr/lib/x86_64-linux-gnu/libFLAC.so.8.2.0
7f7353af1000-7f7353af2000 rw-p 0004b000 08:03 4199700                    /usr/lib/x86_64-linux-gnu/libFLAC.so.8.2.0
7f7353af2000-7f7353af6000 r-xp 00000000 08:03 12190707                   /lib/x86_64-linux-gnu/libuuid.so.1.3.0
7f7353af6000-7f7353cf5000 ---p 00004000 08:03 12190707                   /lib/x86_64-linux-gnu/libuuid.so.1.3.0
7f7353cf5000-7f7353cf6000 r--p 00003000 08:03 12190707                   /lib/x86_64-linux-gnu/libuuid.so.1.3.0
7f7353cf6000-7f7353cf7000 rw-p 00004000 08:03 12190707                   /lib/x86_64-linux-gnu/libuuid.so.1.3.0
7f7353cf7000-7f7353cfb000 r-xp 00000000 08:03 12190559                   /lib/x86_64-linux-gnu/libattr.so.1.1.0
7f7353cfb000-7f7353efa000 ---p 00004000 08:03 12190559                   /lib/x86_64-linux-gnu/libattr.so.1.1.0
7f7353efa000-7f7353efb000 r--p 00003000 08:03 12190559                   /lib/x86_64-linux-gnu/libattr.so.1.1.0
7f7353efb000-7f7353efc000 rw-p 00004000 08:03 12190559                   /lib/x86_64-linux-gnu/libattr.so.1.1.0
7f7353efc000-7f7353f01000 r-xp 00000000 08:03 4199797                    /usr/lib/x86_64-linux-gnu/libasyncns.so.0.3.1
7f7353f01000-7f7354100000 ---p 00005000 08:03 4199797                    /usr/lib/x86_64-linux-gnu/libasyncns.so.0.3.1
7f7354100000-7f7354101000 rw-p 00004000 08:03 4199797                    /usr/lib/x86_64-linux-gnu/libasyncns.so.0.3.1
7f7354101000-7f7354162000 r-xp 00000000 08:03 4200411                    /usr/lib/x86_64-linux-gnu/libsndfile.so.1.0.25
7f7354162000-7f7354361000 ---p 00061000 08:03 4200411                    /usr/lib/x86_64-linux-gnu/libsndfile.so.1.0.25
7f7354361000-7f7354363000 r--p 00060000 08:03 4200411                    /usr/lib/x86_64-linux-gnu/libsndfile.so.1.0.25
7f7354363000-7f7354364000 rw-p 00062000 08:03 4200411                    /usr/lib/x86_64-linux-gnu/libsndfile.so.1.0.25
7f7354364000-7f7354368000 rw-p 00000000 00:00 0 
7f7354368000-7f7354371000 r-xp 00000000 08:03 12190709                   /lib/x86_64-linux-gnu/libwrap.so.0.7.6
7f7354371000-7f7354570000 ---p 00009000 08:03 12190709                   /lib/x86_64-linux-gnu/libwrap.so.0.7.6
7f7354570000-7f7354571000 r--p 00008000 08:03 12190709                   /lib/x86_64-linux-gnu/libwrap.so.0.7.6
7f7354571000-7f7354572000 rw-p 00009000 08:03 12190709                   /lib/x86_64-linux-gnu/libwrap.so.0.7.6
7f7354572000-7f7354573000 rw-p 00000000 00:00 0 
7f7354573000-7f735457a000 r-xp 00000000 08:03 4199720                    /usr/lib/x86_64-linux-gnu/libSM.so.6.0.1
7f735457a000-7f7354779000 ---p 00007000 08:03 4199720                    /usr/lib/x86_64-linux-gnu/libSM.so.6.0.1
7f7354779000-7f735477a000 rw-p 00006000 08:03 4199720                    /usr/lib/x86_64-linux-gnu/libSM.so.6.0.1
7f735477a000-7f7354791000 r-xp 00000000 08:03 4199710                    /usr/lib/x86_64-linux-gnu/libICE.so.6.3.0
7f7354791000-7f7354990000 ---p 00017000 08:03 4199710                    /usr/lib/x86_64-linux-gnu/libICE.so.6.3.0
7f7354990000-7f7354992000 rw-p 00016000 08:03 4199710                    /usr/lib/x86_64-linux-gnu/libICE.so.6.3.0
7f7354992000-7f7354995000 rw-p 00000000 00:00 0 
7f7354995000-7f7354996000 r-xp 00000000 08:03 4199726                    /usr/lib/x86_64-linux-gnu/libX11-xcb.so.1.0.0
7f7354996000-7f7354b95000 ---p 00001000 08:03 4199726                    /usr/lib/x86_64-linux-gnu/libX11-xcb.so.1.0.0
7f7354b95000-7f7354b96000 rw-p 00000000 08:03 4199726                    /usr/lib/x86_64-linux-gnu/libX11-xcb.so.1.0.0
7f7354b96000-7f7354b9a000 r-xp 00000000 08:03 12190572                   /lib/x86_64-linux-gnu/libcap.so.2.22
7f7354b9a000-7f7354d99000 ---p 00004000 08:03 12190572                   /lib/x86_64-linux-gnu/libcap.so.2.22
7f7354d99000-7f7354d9a000 rw-p 00003000 08:03 12190572                   /lib/x86_64-linux-gnu/libcap.so.2.22
7f7354d9a000-7f7354dfb000 r-xp 00000000 08:03 4325923                    /usr/lib/x86_64-linux-gnu/pulseaudio/libpulsecommon-2.0.so
7f7354dfb000-7f7354ffa000 ---p 00061000 08:03 4325923                    /usr/lib/x86_64-linux-gnu/pulseaudio/libpulsecommon-2.0.so
7f7354ffa000-7f7354ffb000 r--p 00060000 08:03 4325923                    /usr/lib/x86_64-linux-gnu/pulseaudio/libpulsecommon-2.0.so
7f7354ffb000-7f7354ffd000 rw-p 00061000 08:03 4325923                    /usr/lib/x86_64-linux-gnu/pulseaudio/libpulsecommon-2.0.so
7f7354ffd000-7f7355006000 r-xp 00000000 08:03 12190608                   /lib/x86_64-linux-gnu/libjson.so.0.1.0
7f7355006000-7f7355205000 ---p 00009000 08:03 12190608                   /lib/x86_64-linux-gnu/libjson.so.0.1.0
7f7355205000-7f7355206000 r--p 00008000 08:03 12190608                   /lib/x86_64-linux-gnu/libjson.so.0.1.0
7f7355206000-7f7355207000 rw-p 00009000 08:03 12190608                   /lib/x86_64-linux-gnu/libjson.so.0.1.0
7f7355207000-7f7355250000 r-xp 00000000 08:03 4200364                    /usr/lib/x86_64-linux-gnu/libpulse.so.0.14.2
7f7355250000-7f735544f000 ---p 00049000 08:03 4200364                    /usr/lib/x86_64-linux-gnu/libpulse.so.0.14.2
7f735544f000-7f7355450000 r--p 00048000 08:03 4200364                    /usr/lib/x86_64-linux-gnu/libpulse.so.0.14.2
7f7355450000-7f7355451000 rw-p 00049000 08:03 4200364                    /usr/lib/x86_64-linux-gnu/libpulse.so.0.14.2
7f73556aa000-7f73556ae000 r-xp 00000000 08:03 4199775                    /usr/lib/x86_64-linux-gnu/libXxf86vm.so.1.0.0
7f73556ae000-7f73558ae000 ---p 00004000 08:03 4199775                    /usr/lib/x86_64-linux-gnu/libXxf86vm.so.1.0.0
7f73558ae000-7f73558af000 r--p 00004000 08:03 4199775                    /usr/lib/x86_64-linux-gnu/libXxf86vm.so.1.0.0
7f73558af000-7f73558b0000 rw-p 00005000 08:03 4199775                    /usr/lib/x86_64-linux-gnu/libXxf86vm.so.1.0.0
7f73558b0000-7f735591c000 r-xp 00000000 08:01 300856                     /media/winDisk/Users/ChobeDucket/Documents/sheep/android/assets/.temp/7b43be9b/liblwjgl64.so
7f735591c000-7f7355b1b000 ---p 0006c000 08:01 300856                     /media/winDisk/Users/ChobeDucket/Documents/sheep/android/assets/.temp/7b43be9b/liblwjgl64.so
7f7355b1b000-7f7355b1d000 r--p 0006b000 08:01 300856                     /media/winDisk/Users/ChobeDucket/Documents/sheep/android/assets/.temp/7b43be9b/liblwjgl64.so
7f7355b1d000-7f7355b1e000 rw-p 0006d000 08:01 300856                     /media/winDisk/Users/ChobeDucket/Documents/sheep/android/assets/.temp/7b43be9b/liblwjgl64.so
7f7355b1e000-7f7355b1f000 r-xp 00000000 08:03 3934229                    /usr/lib/jvm/java-7-openjdk-amd64/jre/lib/amd64/libjawt.so
7f7355b1f000-7f7355d1e000 ---p 00001000 08:03 3934229                    /usr/lib/jvm/java-7-openjdk-amd64/jre/lib/amd64/libjawt.so
7f7355d1e000-7f7355d1f000 r--p 00000000 08:03 3934229                    /usr/lib/jvm/java-7-openjdk-amd64/jre/lib/amd64/libjawt.so
7f7355d1f000-7f7355d20000 rw-p 00001000 08:03 3934229                    /usr/lib/jvm/java-7-openjdk-amd64/jre/lib/amd64/libjawt.so
7f7355d20000-7f7355d23000 ---p 00000000 00:00 0 
7f7355d23000-7f7355e21000 rw-p 00000000 00:00 0 
7f7355e21000-7f7355e24000 ---p 00000000 00:00 0 
7f7355e24000-7f7355f22000 rw-p 00000000 00:00 0 
7f7355f22000-7f7355f25000 r-xp 00000000 08:03 12190599                   /lib/x86_64-linux-gnu/libgpg-error.so.0.8.0
7f7355f25000-7f7356124000 ---p 00003000 08:03 12190599                   /lib/x86_64-linux-gnu/libgpg-error.so.0.8.0
7f7356124000-7f7356125000 rw-p 00002000 08:03 12190599                   /lib/x86_64-linux-gnu/libgpg-error.so.0.8.0
7f7356125000-7f7356169000 r-xp 00000000 08:03 12190580                   /lib/x86_64-linux-gnu/libdbus-1.so.3.7.2
7f7356169000-7f7356369000 ---p 00044000 08:03 12190580                   /lib/x86_64-linux-gnu/libdbus-1.so.3.7.2
7f7356369000-7f735636a000 r--p 00044000 08:03 12190580                   /lib/x86_64-linux-gnu/libdbus-1.so.3.7.2
7f735636a000-7f735636b000 rw-p 00045000 08:03 12190580                   /lib/x86_64-linux-gnu/libdbus-1.so.3.7.2
7f735636b000-7f735637c000 r-xp 00000000 08:03 4200305                    /usr/lib/x86_64-linux-gnu/libp11-kit.so.0.0.0
7f735637c000-7f735657b000 ---p 00011000 08:03 4200305                    /usr/lib/x86_64-linux-gnu/libp11-kit.so.0.0.0
7f735657b000-7f735657c000 r--p 00010000 08:03 4200305                    /usr/lib/x86_64-linux-gnu/libp11-kit.so.0.0.0
7f735657c000-7f735657d000 rw-p 00011000 08:03 4200305                    /usr/lib/x86_64-linux-gnu/libp11-kit.so.0.0.0
7f735657d000-7f73565f7000 r-xp 00000000 08:03 12190595                   /lib/x86_64-linux-gnu/libgcrypt.so.11.7.0
7f73565f7000-7f73567f7000 ---p 0007a000 08:03 12190595                   /lib/x86_64-linux-gnu/libgcrypt.so.11.7.0
7f73567f7000-7f73567f8000 r--p 0007a000 08:03 12190595                   /lib/x86_64-linux-gnu/libgcrypt.so.11.7.0
7f73567f8000-7f73567fb000 rw-p 0007b000 08:03 12190595                   /lib/x86_64-linux-gnu/libgcrypt.so.11.7.0
7f73567fb000-7f735680b000 r-xp 00000000 08:03 4200448                    /usr/lib/x86_64-linux-gnu/libtasn1.so.3.1.16
7f735680b000-7f7356a0a000 ---p 00010000 08:03 4200448                    /usr/lib/x86_64-linux-gnu/libtasn1.so.3.1.16
7f7356a0a000-7f7356a0b000 r--p 0000f000 08:03 4200448                    /usr/lib/x86_64-linux-gnu/libtasn1.so.3.1.16
7f7356a0b000-7f7356a0c000 rw-p 00010000 08:03 4200448                    /usr/lib/x86_64-linux-gnu/libtasn1.so.3.1.16
7f7356a0c000-7f7356a0f000 r-xp 00000000 08:03 12190610                   /lib/x86_64-linux-gnu/libkeyutils.so.1.4
7f7356a0f000-7f7356c0e000 ---p 00003000 08:03 12190610                   /lib/x86_64-linux-gnu/libkeyutils.so.1.4
7f7356c0e000-7f7356c0f000 r--p 00002000 08:03 12190610                   /lib/x86_64-linux-gnu/libkeyutils.so.1.4
7f7356c0f000-7f7356c10000 rw-p 00003000 08:03 12190610                   /lib/x86_64-linux-gnu/libkeyutils.so.1.4
7f7356c10000-7f7356c18000 r-xp 00000000 08:03 4200208                    /usr/lib/x86_64-linux-gnu/libkrb5support.so.0.1
7f7356c18000-7f7356e17000 ---p 00008000 08:03 4200208                    /usr/lib/x86_64-linux-gnu/libkrb5support.so.0.1
7f7356e17000-7f7356e18000 r--p 00007000 08:03 4200208                    /usr/lib/x86_64-linux-gnu/libkrb5support.so.0.1
7f7356e18000-7f7356e19000 rw-p 00008000 08:03 4200208                    /usr/lib/x86_64-linux-gnu/libkrb5support.so.0.1
7f7356e19000-7f7356e1c000 r-xp 00000000 08:03 12190576                   /lib/x86_64-linux-gnu/libcom_err.so.2.1
7f7356e1c000-7f735701b000 ---p 00003000 08:03 12190576                   /lib/x86_64-linux-gnu/libcom_err.so.2.1
7f735701b000-7f735701c000 r--p 00002000 08:03 12190576                   /lib/x86_64-linux-gnu/libcom_err.so.2.1
7f735701c000-7f735701d000 rw-p 00003000 08:03 12190576                   /lib/x86_64-linux-gnu/libcom_err.so.2.1
7f735701d000-7f7357043000 r-xp 00000000 08:03 4200198                    /usr/lib/x86_64-linux-gnu/libk5crypto.so.3.1
7f7357043000-7f7357243000 ---p 00026000 08:03 4200198                    /usr/lib/x86_64-linux-gnu/libk5crypto.so.3.1
7f7357243000-7f7357244000 r--p 00026000 08:03 4200198                    /usr/lib/x86_64-linux-gnu/libk5crypto.so.3.1
7f7357244000-7f7357245000 rw-p 00027000 08:03 4200198                    /usr/lib/x86_64-linux-gnu/libk5crypto.so.3.1
7f7357245000-7f7357246000 rw-p 00000000 00:00 0 
7f7357246000-7f735730f000 r-xp 00000000 08:03 4200206                    /usr/lib/x86_64-linux-gnu/libkrb5.so.3.3
7f735730f000-7f735750e000 ---p 000c9000 08:03 4200206                    /usr/lib/x86_64-linux-gnu/libkrb5.so.3.3
7f735750e000-7f7357518000 r--p 000c8000 08:03 4200206                    /usr/lib/x86_64-linux-gnu/libkrb5.so.3.3
7f7357518000-7f735751a000 rw-p 000d2000 08:03 4200206                    /usr/lib/x86_64-linux-gnu/libkrb5.so.3.3
7f735751a000-7f735751f000 r-xp 00000000 08:03 4199743                    /usr/lib/x86_64-linux-gnu/libXdmcp.so.6.0.0
7f735751f000-7f735771e000 ---p 00005000 08:03 4199743                    /usr/lib/x86_64-linux-gnu/libXdmcp.so.6.0.0
7f735771e000-7f735771f000 rw-p 00004000 08:03 4199743                    /usr/lib/x86_64-linux-gnu/libXdmcp.so.6.0.0
7f735771f000-7f7357721000 r-xp 00000000 08:03 4199732                    /usr/lib/x86_64-linux-gnu/libXau.so.6.0.0
7f7357721000-7f7357921000 ---p 00002000 08:03 4199732                    /usr/lib/x86_64-linux-gnu/libXau.so.6.0.0
7f7357921000-7f7357922000 rw-p 00002000 08:03 4199732                    /usr/lib/x86_64-linux-gnu/libXau.so.6.0.0
7f7357922000-7f7357932000 r-xp 00000000 08:03 4199807                    /usr/lib/x86_64-linux-gnu/libavahi-client.so.3.2.9
7f7357932000-7f7357b31000 ---p 00010000 08:03 4199807                    /usr/lib/x86_64-linux-gnu/libavahi-client.so.3.2.9
7f7357b31000-7f7357b32000 r--p 0000f000 08:03 4199807                    /usr/lib/x86_64-linux-gnu/libavahi-client.so.3.2.9
7f7357b32000-7f7357b33000 rw-p 00010000 08:03 4199807                    /usr/lib/x86_64-linux-gnu/libavahi-client.so.3.2.9
7f7357b33000-7f7357b3f000 r-xp 00000000 08:03 4199809                    /usr/lib/x86_64-linux-gnu/libavahi-common.so.3.5.3
7f7357b3f000-7f7357d3e000 ---p 0000c000 08:03 4199809                    /usr/lib/x86_64-linux-gnu/libavahi-common.so.3.5.3
7f7357d3e000-7f7357d3f000 r--p 0000b000 08:03 4199809                    /usr/lib/x86_64-linux-gnu/libavahi-common.so.3.5.3
7f7357d3f000-7f7357d40000 rw-p 0000c000 08:03 4199809                    /usr/lib/x86_64-linux-gnu/libavahi-common.so.3.5.3
7f7357d40000-7f7357df9000 r-xp 00000000 08:03 4200060                    /usr/lib/x86_64-linux-gnu/libgnutls.so.26.22.4
7f7357df9000-7f7357ff8000 ---p 000b9000 08:03 4200060                    /usr/lib/x86_64-linux-gnu/libgnutls.so.26.22.4
7f7357ff8000-7f7357ffe000 r--p 000b8000 08:03 4200060                    /usr/lib/x86_64-linux-gnu/libgnutls.so.26.22.4
7f7357ffe000-7f7358000000 rw-p 000be000 08:03 4200060                    /usr/lib/x86_64-linux-gnu/libgnutls.so.26.22.4
7f7358000000-7f7359864000 rw-p 00000000 00:00 0 
7f7359864000-7f735c000000 ---p 00000000 00:00 0 
7f735c005000-7f735c041000 r-xp 00000000 08:03 4200085                    /usr/lib/x86_64-linux-gnu/libgssapi_krb5.so.2.2
7f735c041000-7f735c241000 ---p 0003c000 08:03 4200085                    /usr/lib/x86_64-linux-gnu/libgssapi_krb5.so.2.2
7f735c241000-7f735c242000 r--p 0003c000 08:03 4200085                    /usr/lib/x86_64-linux-gnu/libgssapi_krb5.so.2.2
7f735c242000-7f735c244000 rw-p 0003d000 08:03 4200085                    /usr/lib/x86_64-linux-gnu/libgssapi_krb5.so.2.2
7f735c244000-7f735c280000 r-xp 00000000 08:03 12190663                   /lib/x86_64-linux-gnu/libpcre.so.3.13.1
7f735c280000-7f735c480000 ---p 0003c000 08:03 12190663                   /lib/x86_64-linux-gnu/libpcre.so.3.13.1
7f735c480000-7f735c481000 rw-p 0003c000 08:03 12190663                   /lib/x86_64-linux-gnu/libpcre.so.3.13.1
7f735c481000-7f735c48d000 r-xp 00000000 08:03 4199961                    /usr/lib/x86_64-linux-gnu/libffi.so.5.0.10
7f735c48d000-7f735c68d000 ---p 0000c000 08:03 4199961                    /usr/lib/x86_64-linux-gnu/libffi.so.5.0.10
7f735c68d000-7f735c68e000 rw-p 0000c000 08:03 4199961                    /usr/lib/x86_64-linux-gnu/libffi.so.5.0.10
7f735c68e000-7f735c6b5000 r-xp 00000000 08:03 12190588                   /lib/x86_64-linux-gnu/libexpat.so.1.6.0
7f735c6b5000-7f735c8b5000 ---p 00027000 08:03 12190588                   /lib/x86_64-linux-gnu/libexpat.so.1.6.0
7f735c8b5000-7f735c8b7000 r--p 00027000 08:03 12190588                   /lib/x86_64-linux-gnu/libexpat.so.1.6.0
7f735c8b7000-7f735c8b8000 rw-p 00029000 08:03 12190588                   /lib/x86_64-linux-gnu/libexpat.so.1.6.0
7f735c8b8000-7f735c8c0000 r-xp 00000000 08:03 4200521                    /usr/lib/x86_64-linux-gnu/libxcb-render.so.0.0.0
7f735c8c0000-7f735cac0000 ---p 00008000 08:03 4200521                    /usr/lib/x86_64-linux-gnu/libxcb-render.so.0.0.0
7f735cac0000-7f735cac1000 r--p 00008000 08:03 4200521                    /usr/lib/x86_64-linux-gnu/libxcb-render.so.0.0.0
7f735cac1000-7f735cac2000 rw-p 00009000 08:03 4200521                    /usr/lib/x86_64-linux-gnu/libxcb-render.so.0.0.0
7f735cac2000-7f735cac4000 r-xp 00000000 08:03 4200525                    /usr/lib/x86_64-linux-gnu/libxcb-shm.so.0.0.0
7f735cac4000-7f735ccc3000 ---p 00002000 08:03 4200525                    /usr/lib/x86_64-linux-gnu/libxcb-shm.so.0.0.0
7f735ccc3000-7f735ccc4000 r--p 00001000 08:03 4200525                    /usr/lib/x86_64-linux-gnu/libxcb-shm.so.0.0.0
7f735ccc4000-7f735ccc5000 rw-p 00002000 08:03 4200525                    /usr/lib/x86_64-linux-gnu/libxcb-shm.so.0.0.0
7f735ccc5000-7f735cd45000 r-xp 00000000 08:03 4200335                    /usr/lib/x86_64-linux-gnu/libpixman-1.so.0.26.0
7f735cd45000-7f735cf45000 ---p 00080000 08:03 4200335                    /usr/lib/x86_64-linux-gnu/libpixman-1.so.0.26.0
7f735cf45000-7f735cf4b000 rw-p 00080000 08:03 4200335                    /usr/lib/x86_64-linux-gnu/libpixman-1.so.0.26.0
7f735cf4b000-7f735cf71000 r-xp 00000000 08:03 12190665                   /lib/x86_64-linux-gnu/libpng12.so.0.49.0
7f735cf71000-7f735d170000 ---p 00026000 08:03 12190665                   /lib/x86_64-linux-gnu/libpng12.so.0.49.0
7f735d170000-7f735d171000 r--p 00025000 08:03 12190665                   /lib/x86_64-linux-gnu/libpng12.so.0.49.0
7f735d171000-7f735d172000 rw-p 00026000 08:03 12190665                   /lib/x86_64-linux-gnu/libpng12.so.0.49.0
7f735d172000-7f735d185000 r-xp 00000000 08:03 12190676                   /lib/x86_64-linux-gnu/libresolv-2.13.so
7f735d185000-7f735d384000 ---p 00013000 08:03 12190676                   /lib/x86_64-linux-gnu/libresolv-2.13.so
7f735d384000-7f735d385000 r--p 00012000 08:03 12190676                   /lib/x86_64-linux-gnu/libresolv-2.13.so
7f735d385000-7f735d386000 rw-p 00013000 08:03 12190676                   /lib/x86_64-linux-gnu/libresolv-2.13.so
7f735d386000-7f735d388000 rw-p 00000000 00:00 0 
7f735d388000-7f735d3a6000 r-xp 00000000 08:03 12190680                   /lib/x86_64-linux-gnu/libselinux.so.1
7f735d3a6000-7f735d5a5000 ---p 0001e000 08:03 12190680                   /lib/x86_64-linux-gnu/libselinux.so.1
7f735d5a5000-7f735d5a6000 r--p 0001d000 08:03 12190680                   /lib/x86_64-linux-gnu/libselinux.so.1
7f735d5a6000-7f735d5a7000 rw-p 0001e000 08:03 12190680                   /lib/x86_64-linux-gnu/libselinux.so.1
7f735d5a7000-7f735d5a8000 rw-p 00000000 00:00 0 
7f735d5a8000-7f735d5ab000 r-xp 00000000 08:03 4200052                    /usr/lib/x86_64-linux-gnu/libgmodule-2.0.so.0.3200.4
7f735d5ab000-7f735d7aa000 ---p 00003000 08:03 4200052                    /usr/lib/x86_64-linux-gnu/libgmodule-2.0.so.0.3200.4
7f735d7aa000-7f735d7ab000 r--p 00002000 08:03 4200052                    /usr/lib/x86_64-linux-gnu/libgmodule-2.0.so.0.3200.4
7f735d7ab000-7f735d7ac000 rw-p 00003000 08:03 4200052                    /usr/lib/x86_64-linux-gnu/libgmodule-2.0.so.0.3200.4
7f735d7ac000-7f735d7b6000 r-xp 00000000 08:03 4199739                    /usr/lib/x86_64-linux-gnu/libXcursor.so.1.0.2
7f735d7b6000-7f735d9b5000 ---p 0000a000 08:03 4199739                    /usr/lib/x86_64-linux-gnu/libXcursor.so.1.0.2
7f735d9b5000-7f735d9b6000 rw-p 00009000 08:03 4199739                    /usr/lib/x86_64-linux-gnu/libXcursor.so.1.0.2
7f735d9b6000-7f735d9bd000 r-xp 00000000 08:03 4199761                    /usr/lib/x86_64-linux-gnu/libXrandr.so.2.2.0
7f735d9bd000-7f735dbbd000 ---p 00007000 08:03 4199761                    /usr/lib/x86_64-linux-gnu/libXrandr.so.2.2.0
7f735dbbd000-7f735dbbe000 rw-p 00007000 08:03 4199761                    /usr/lib/x86_64-linux-gnu/libXrandr.so.2.2.0
7f735dbbe000-7f735dbc0000 r-xp 00000000 08:03 4199753                    /usr/lib/x86_64-linux-gnu/libXinerama.so.1.0.0
7f735dbc0000-7f735ddbf000 ---p 00002000 08:03 4199753                    /usr/lib/x86_64-linux-gnu/libXinerama.so.1.0.0
7f735ddbf000-7f735ddc0000 rw-p 00001000 08:03 4199753                    /usr/lib/x86_64-linux-gnu/libXinerama.so.1.0.0
7f735ddc0000-7f735ddc5000 r-xp 00000000 08:03 4199747                    /usr/lib/x86_64-linux-gnu/libXfixes.so.3.1.0
7f735ddc5000-7f735dfc4000 ---p 00005000 08:03 4199747                    /usr/lib/x86_64-linux-gnu/libXfixes.so.3.1.0
7f735dfc4000-7f735dfc5000 r--p 00004000 08:03 4199747                    /usr/lib/x86_64-linux-gnu/libXfixes.so.3.1.0
7f735dfc5000-7f735dfc6000 rw-p 00005000 08:03 4199747                    /usr/lib/x86_64-linux-gnu/libXfixes.so.3.1.0
7f735dfc6000-7f735dfc8000 r-xp 00000000 08:03 4199741                    /usr/lib/x86_64-linux-gnu/libXdamage.so.1.1.0
7f735dfc8000-7f735e1c7000 ---p 00002000 08:03 4199741                    /usr/lib/x86_64-linux-gnu/libXdamage.so.1.1.0
7f735e1c7000-7f735e1c8000 rw-p 00001000 08:03 4199741                    /usr/lib/x86_64-linux-gnu/libXdamage.so.1.1.0
7f735e1c8000-7f735e1ca000 r-xp 00000000 08:03 4199737                    /usr/lib/x86_64-linux-gnu/libXcomposite.so.1.0.0
7f735e1ca000-7f735e3c9000 ---p 00002000 08:03 4199737                    /usr/lib/x86_64-linux-gnu/libXcomposite.so.1.0.0
7f735e3c9000-7f735e3ca000 rw-p 00001000 08:03 4199737                    /usr/lib/x86_64-linux-gnu/libXcomposite.so.1.0.0
7f735e3ca000-7f735e3e9000 r-xp 00000000 08:03 4200529                    /usr/lib/x86_64-linux-gnu/libxcb.so.1.1.0
7f735e3e9000-7f735e5e8000 ---p 0001f000 08:03 4200529                    /usr/lib/x86_64-linux-gnu/libxcb.so.1.1.0
7f735e5e8000-7f735e5e9000 r--p 0001e000 08:03 4200529                    /usr/lib/x86_64-linux-gnu/libxcb.so.1.1.0
7f735e5e9000-7f735e5ea000 rw-p 0001f000 08:03 4200529                    /usr/lib/x86_64-linux-gnu/libxcb.so.1.1.0
7f735e5ea000-7f735e63d000 r-xp 00000000 08:03 4199889                    /usr/lib/x86_64-linux-gnu/libcups.so.2
7f735e63d000-7f735e83c000 ---p 00053000 08:03 4199889                    /usr/lib/x86_64-linux-gnu/libcups.so.2
7f735e83c000-7f735e841000 r--p 00052000 08:03 4199889                    /usr/lib/x86_64-linux-gnu/libcups.so.2
7f735e841000-7f735e842000 rw-p 00057000 08:03 4199889                    /usr/lib/x86_64-linux-gnu/libcups.so.2
7f735e842000-7f735e937000 r-xp 00000000 08:03 12190597                   /lib/x86_64-linux-gnu/libglib-2.0.so.0.3200.4
7f735e937000-7f735eb37000 ---p 000f5000 08:03 12190597                   /lib/x86_64-linux-gnu/libglib-2.0.so.0.3200.4
7f735eb37000-7f735eb38000 r--p 000f5000 08:03 12190597                   /lib/x86_64-linux-gnu/libglib-2.0.so.0.3200.4
7f735eb38000-7f735eb39000 rw-p 000f6000 08:03 12190597                   /lib/x86_64-linux-gnu/libglib-2.0.so.0.3200.4
7f735eb39000-7f735eb3a000 rw-p 00000000 00:00 0 
7f735eb3a000-7f735eb3b000 r-xp 00000000 08:03 4200137                    /usr/lib/x86_64-linux-gnu/libgthread-2.0.so.0.3200.4
7f735eb3b000-7f735ed3a000 ---p 00001000 08:03 4200137                    /usr/lib/x86_64-linux-gnu/libgthread-2.0.so.0.3200.4
7f735ed3a000-7f735ed3b000 r--p 00000000 08:03 4200137                    /usr/lib/x86_64-linux-gnu/libgthread-2.0.so.0.3200.4
7f735ed3b000-7f735ed3c000 rw-p 00001000 08:03 4200137                    /usr/lib/x86_64-linux-gnu/libgthread-2.0.so.0.3200.4
7f735ed3c000-7f735ed8a000 r-xp 00000000 08:03 4200068                    /usr/lib/x86_64-linux-gnu/libgobject-2.0.so.0.3200.4
7f735ed8a000-7f735ef8a000 ---p 0004e000 08:03 4200068                    /usr/lib/x86_64-linux-gnu/libgobject-2.0.so.0.3200.4
7f735ef8a000-7f735ef8b000 r--p 0004e000 08:03 4200068                    /usr/lib/x86_64-linux-gnu/libgobject-2.0.so.0.3200.4
7f735ef8b000-7f735ef8c000 rw-p 0004f000 08:03 4200068                    /usr/lib/x86_64-linux-gnu/libgobject-2.0.so.0.3200.4
7f735ef8c000-7f735efc1000 r-xp 00000000 08:03 4199999                    /usr/lib/x86_64-linux-gnu/libfontconfig.so.1.5.0
7f735efc1000-7f735f1c1000 ---p 00035000 08:03 4199999                    /usr/lib/x86_64-linux-gnu/libfontconfig.so.1.5.0
7f735f1c1000-7f735f1c2000 r--p 00035000 08:03 4199999                    /usr/lib/x86_64-linux-gnu/libfontconfig.so.1.5.0
7f735f1c2000-7f735f1c3000 rw-p 00036000 08:03 4199999                    /usr/lib/x86_64-linux-gnu/libfontconfig.so.1.5.0
7f735f1c3000-7f735f25c000 r-xp 00000000 08:03 4200007                    /usr/lib/x86_64-linux-gnu/libfreetype.so.6.8.1
7f735f25c000-7f735f45b000 ---p 00099000 08:03 4200007                    /usr/lib/x86_64-linux-gnu/libfreetype.so.6.8.1
7f735f45b000-7f735f461000 r--p 00098000 08:03 4200007                    /usr/lib/x86_64-linux-gnu/libfreetype.so.6.8.1
7f735f461000-7f735f462000 rw-p 0009e000 08:03 4200007                    /usr/lib/x86_64-linux-gnu/libfreetype.so.6.8.1
7f735f462000-7f735f4ac000 r-xp 00000000 08:03 4200313                    /usr/lib/x86_64-linux-gnu/libpango-1.0.so.0.3000.0
7f735f4ac000-7f735f6ac000 ---p 0004a000 08:03 4200313                    /usr/lib/x86_64-linux-gnu/libpango-1.0.so.0.3000.0
7f735f6ac000-7f735f6ae000 r--p 0004a000 08:03 4200313                    /usr/lib/x86_64-linux-gnu/libpango-1.0.so.0.3000.0
7f735f6ae000-7f735f6af000 rw-p 0004c000 08:03 4200313                    /usr/lib/x86_64-linux-gnu/libpango-1.0.so.0.3000.0
7f735f6af000-7f735f7a3000 r-xp 00000000 08:03 4199843                    /usr/lib/x86_64-linux-gnu/libcairo.so.2.11200.2
7f735f7a3000-7f735f9a2000 ---p 000f4000 08:03 4199843                    /usr/lib/x86_64-linux-gnu/libcairo.so.2.11200.2
7f735f9a2000-7f735f9a5000 r--p 000f3000 08:03 4199843                    /usr/lib/x86_64-linux-gnu/libcairo.so.2.11200.2
7f735f9a5000-7f735f9a6000 rw-p 000f6000 08:03 4199843                    /usr/lib/x86_64-linux-gnu/libcairo.so.2.11200.2
7f735f9a6000-7f735f9a8000 rw-p 00000000 00:00 0 
7f735f9a8000-7f735f9c7000 r-xp 00000000 08:03 4200030                    /usr/lib/x86_64-linux-gnu/libgdk_pixbuf-2.0.so.0.2600.1
7f735f9c7000-7f735fbc6000 ---p 0001f000 08:03 4200030                    /usr/lib/x86_64-linux-gnu/libgdk_pixbuf-2.0.so.0.2600.1
7f735fbc6000-7f735fbc7000 r--p 0001e000 08:03 4200030                    /usr/lib/x86_64-linux-gnu/libgdk_pixbuf-2.0.so.0.2600.1
7f735fbc7000-7f735fbc8000 rw-p 0001f000 08:03 4200030                    /usr/lib/x86_64-linux-gnu/libgdk_pixbuf-2.0.so.0.2600.1
7f735fbc8000-7f735fbd4000 r-xp 00000000 08:03 4200315                    /usr/lib/x86_64-linux-gnu/libpangocairo-1.0.so.0.3000.0
7f735fbd4000-7f735fdd3000 ---p 0000c000 08:03 4200315                    /usr/lib/x86_64-linux-gnu/libpangocairo-1.0.so.0.3000.0
7f735fdd3000-7f735fdd4000 r--p 0000b000 08:03 4200315                    /usr/lib/x86_64-linux-gnu/libpangocairo-1.0.so.0.3000.0
7f735fdd4000-7f735fdd5000 rw-p 0000c000 08:03 4200315                    /usr/lib/x86_64-linux-gnu/libpangocairo-1.0.so.0.3000.0
7f735fdd5000-7f735fdff000 r-xp 00000000 08:03 4200317                    /usr/lib/x86_64-linux-gnu/libpangoft2-1.0.so.0.3000.0
7f735fdff000-7f735fffe000 ---p 0002a000 08:03 4200317                    /usr/lib/x86_64-linux-gnu/libpangoft2-1.0.so.0.3000.0
7f735fffe000-7f735ffff000 r--p 00029000 08:03 4200317                    /usr/lib/x86_64-linux-gnu/libpangoft2-1.0.so.0.3000.0
7f735ffff000-7f7360000000 rw-p 0002a000 08:03 4200317                    /usr/lib/x86_64-linux-gnu/libpangoft2-1.0.so.0.3000.0
7f7360000000-7f7363246000 rw-p 00000000 00:00 0 
7f7363246000-7f7364000000 ---p 00000000 00:00 0 
7f7364021000-7f7364024000 ---p 00000000 00:00 0 
7f7364024000-7f736405a000 rw-p 00000000 00:00 0 
7f736405a000-7f7364063000 r--s 000b9000 08:03 3934170                    /usr/lib/jvm/java-7-openjdk-amd64/jre/lib/resources.jar
7f7364063000-7f73641af000 r-xp 00000000 08:03 4200042                    /usr/lib/x86_64-linux-gnu/libgio-2.0.so.0.3200.4
7f73641af000-7f73643ae000 ---p 0014c000 08:03 4200042                    /usr/lib/x86_64-linux-gnu/libgio-2.0.so.0.3200.4
7f73643ae000-7f73643b2000 r--p 0014b000 08:03 4200042                    /usr/lib/x86_64-linux-gnu/libgio-2.0.so.0.3200.4
7f73643b2000-7f73643b4000 rw-p 0014f000 08:03 4200042                    /usr/lib/x86_64-linux-gnu/libgio-2.0.so.0.3200.4
7f73643b4000-7f73643b6000 rw-p 00000000 00:00 0 
7f73643b6000-7f73643d7000 r-xp 00000000 08:03 4199799                    /usr/lib/x86_64-linux-gnu/libatk-1.0.so.0.20409.1
7f73643d7000-7f73645d6000 ---p 00021000 08:03 4199799                    /usr/lib/x86_64-linux-gnu/libatk-1.0.so.0.20409.1
7f73645d6000-7f73645d8000 r--p 00020000 08:03 4199799                    /usr/lib/x86_64-linux-gnu/libatk-1.0.so.0.20409.1
7f73645d8000-7f73645d9000 rw-p 00022000 08:03 4199799                    /usr/lib/x86_64-linux-gnu/libatk-1.0.so.0.20409.1
7f73645d9000-7f7364688000 r-xp 00000000 08:03 4200028                    /usr/lib/x86_64-linux-gnu/libgdk-x11-2.0.so.0.2400.10
7f7364688000-7f7364887000 ---p 000af000 08:03 4200028                    /usr/lib/x86_64-linux-gnu/libgdk-x11-2.0.so.0.2400.10
7f7364887000-7f736488c000 rw-p 000ae000 08:03 4200028                    /usr/lib/x86_64-linux-gnu/libgdk-x11-2.0.so.0.2400.10
7f736488c000-7f7364cbe000 r-xp 00000000 08:03 4200141                    /usr/lib/x86_64-linux-gnu/libgtk-x11-2.0.so.0.2400.10
7f7364cbe000-7f7364ebe000 ---p 00432000 08:03 4200141                    /usr/lib/x86_64-linux-gnu/libgtk-x11-2.0.so.0.2400.10
7f7364ebe000-7f7364ec9000 rw-p 00432000 08:03 4200141                    /usr/lib/x86_64-linux-gnu/libgtk-x11-2.0.so.0.2400.10
7f7364ec9000-7f7364ecb000 rw-p 00000000 00:00 0 
7f7364ecb000-7f7364ed9000 r-xp 00000000 08:03 4199751                    /usr/lib/x86_64-linux-gnu/libXi.so.6.1.0
7f7364ed9000-7f73650d9000 ---p 0000e000 08:03 4199751                    /usr/lib/x86_64-linux-gnu/libXi.so.6.1.0
7f73650d9000-7f73650da000 rw-p 0000e000 08:03 4199751                    /usr/lib/x86_64-linux-gnu/libXi.so.6.1.0
7f73650da000-7f73650df000 r-xp 00000000 08:03 4199769                    /usr/lib/x86_64-linux-gnu/libXtst.so.6.1.0
7f73650df000-7f73652de000 ---p 00005000 08:03 4199769                    /usr/lib/x86_64-linux-gnu/libXtst.so.6.1.0
7f73652de000-7f73652df000 rw-p 00004000 08:03 4199769                    /usr/lib/x86_64-linux-gnu/libXtst.so.6.1.0
7f73652df000-7f73652e8000 r-xp 00000000 08:03 4199763                    /usr/lib/x86_64-linux-gnu/libXrender.so.1.3.0
7f73652e8000-7f73654e7000 ---p 00009000 08:03 4199763                    /usr/lib/x86_64-linux-gnu/libXrender.so.1.3.0
7f73654e7000-7f73654e8000 rw-p 00008000 08:03 4199763                    /usr/lib/x86_64-linux-gnu/libXrender.so.1.3.0
7f73654e8000-7f736561d000 r-xp 00000000 08:03 4199728                    /usr/lib/x86_64-linux-gnu/libX11.so.6.3.0
7f736561d000-7f736581d000 ---p 00135000 08:03 4199728                    /usr/lib/x86_64-linux-gnu/libX11.so.6.3.0
7f736581d000-7f7365823000 rw-p 00135000 08:03 4199728                    /usr/lib/x86_64-linux-gnu/libX11.so.6.3.0
7f7365823000-7f7365834000 r-xp 00000000 08:03 4199745                    /usr/lib/x86_64-linux-gnu/libXext.so.6.4.0
7f7365834000-7f7365a34000 ---p 00011000 08:03 4199745                    /usr/lib/x86_64-linux-gnu/libXext.so.6.4.0
7f7365a34000-7f7365a35000 rw-p 00011000 08:03 4199745                    /usr/lib/x86_64-linux-gnu/libXext.so.6.4.0
7f7365a3c000-7f7365a3d000 rw-s 00005000 00:05 8297                       /dev/ati/card0
7f7365a3d000-7f7365a4d000 rw-s e0200000 00:05 8297                       /dev/ati/card0
7f7365a4d000-7f7365a4f000 rw-s 00002000 00:05 8297                       /dev/ati/card0
7f7365a4f000-7f7365a56000 r--s 00000000 08:03 4199493                    /usr/lib/x86_64-linux-gnu/gconv/gconv-modules.cache
7f7365a56000-7f7365aa9000 r-xp 00000000 08:03 3934319                    /usr/lib/jvm/java-7-openjdk-amd64/jre/lib/amd64/xawt/libmawt.so
7f7365aa9000-7f7365ca8000 ---p 00053000 08:03 3934319                    /usr/lib/jvm/java-7-openjdk-amd64/jre/lib/amd64/xawt/libmawt.so
7f7365ca8000-7f7365ca9000 r--p 00052000 08:03 3934319                    /usr/lib/jvm/java-7-openjdk-amd64/jre/lib/amd64/xawt/libmawt.so
7f7365ca9000-7f7365cac000 rw-p 00053000 08:03 3934319                    /usr/lib/jvm/java-7-openjdk-amd64/jre/lib/amd64/xawt/libmawt.so
7f7365cac000-7f7365cad000 rw-p 00000000 00:00 0 
7f7365cad000-7f7365d4e000 r-xp 00000000 08:03 3934218                    /usr/lib/jvm/java-7-openjdk-amd64/jre/lib/amd64/libawt.so
7f7365d4e000-7f7365f4d000 ---p 000a1000 08:03 3934218                    /usr/lib/jvm/java-7-openjdk-amd64/jre/lib/amd64/libawt.so
7f7365f4d000-7f7365f4e000 r--p 000a0000 08:03 3934218                    /usr/lib/jvm/java-7-openjdk-amd64/jre/lib/amd64/libawt.so
7f7365f4e000-7f7365f59000 rw-p 000a1000 08:03 3934218                    /usr/lib/jvm/java-7-openjdk-amd64/jre/lib/amd64/libawt.so
7f7365f59000-7f7365f7e000 rw-p 00000000 00:00 0 
7f7365f7e000-7f7365f83000 r--s 0004c000 08:03 3934152                    /usr/lib/jvm/java-7-openjdk-amd64/jre/lib/jsse.jar
7f7365f83000-7f7365fc0000 r-xp 00000000 08:03 10490694                   /tmp/libgdxchobe/5502b6ed/libgdx64.so
7f7365fc0000-7f73661bf000 ---p 0003d000 08:03 10490694                   /tmp/libgdxchobe/5502b6ed/libgdx64.so
7f73661bf000-7f73661c0000 r--p 0003c000 08:03 10490694                   /tmp/libgdxchobe/5502b6ed/libgdx64.so
7f73661c0000-7f73661c1000 rw-p 0003d000 08:03 10490694                   /tmp/libgdxchobe/5502b6ed/libgdx64.so
7f73661c1000-7f73661c2000 r--s 00002000 08:03 10488693                   /home/chobe/.gradle/caches/modules-2/files-2.1/net.java.jinput/jinput-platform/2.0.5/53f9c919f34d2ca9de8c51fc4e1e8282029a9232/jinput-platform-2.0.5-natives-osx.jar
7f73661c2000-7f73661c3000 r--s 00025000 08:03 10488692                   /home/chobe/.gradle/caches/modules-2/files-2.1/net.java.jinput/jinput-platform/2.0.5/385ee093e01f587f30ee1c8a2ee7d408fd732e16/jinput-platform-2.0.5-natives-windows.jar
7f73661c3000-7f73661c4000 r--s 00002000 08:03 10488691                   /home/chobe/.gradle/caches/modules-2/files-2.1/net.java.jinput/jinput-platform/2.0.5/7ff832a6eb9ab6a767f1ade2b548092d0fa64795/jinput-platform-2.0.5-natives-linux.jar
7f73661c4000-7f73661c5000 r--s 00001000 08:03 10488690                   /home/chobe/.gradle/caches/modules-2/files-2.1/net.java.jutils/jutils/1.0.0/e12fe1fda814bd348c1579329c86943d2cd3c6a6/jutils-1.0.0.jar
7f73661c5000-7f73661c9000 r--s 0002f000 08:03 10488689                   /home/chobe/.gradle/caches/modules-2/files-2.1/net.java.jinput/jinput/2.0.5/39c7796b469a600f72380316f6b1f11db6c2c7c4/jinput-2.0.5.jar
7f73661c9000-7f73661ca000 r--s 00080000 08:03 10488688                   /home/chobe/.gradle/caches/modules-2/files-2.1/org.lwjgl.lwjgl/lwjgl-platform/2.9.1/2d12c83fdfbc04ecabf02c7bc8cc54d034f0daac/lwjgl-platform-2.9.1-natives-osx.jar
7f73661ca000-7f73661cb000 r--s 0008b000 08:03 10488687                   /home/chobe/.gradle/caches/modules-2/files-2.1/org.lwjgl.lwjgl/lwjgl-platform/2.9.1/aa9aae879af8eb378e22cfc64db56ec2ca9a44d1/lwjgl-platform-2.9.1-natives-linux.jar
7f73661cb000-7f73661e0000 r--s 00153000 08:03 10488660                   /home/chobe/.gradle/caches/modules-2/files-2.1/com.badlogicgames.gdx/gdx/1.1.0/686f5a609c717eb0769d3b954c501a49bf4fe351/gdx-1.1.0.jar
7f73661e0000-7f73661e1000 r--s 000cd000 08:03 10488678                   /home/chobe/.gradle/caches/modules-2/files-2.1/com.badlogicgames.gdx/gdx-platform/1.1.0/1c7ea4239c2d9adda420c15985fe3885c481fdcf/gdx-platform-1.1.0-natives-desktop.jar
7f73661e1000-7f73661e4000 r--s 0001f000 08:03 10488677                   /home/chobe/.gradle/caches/modules-2/files-2.1/com.badlogicgames.gdx/gdx-backend-lwjgl/1.1.0/eafa409559820c1696e165e1280435f1332fc32b/gdx-backend-lwjgl-1.1.0.jar
7f73661e4000-7f73661e7000 r--s 00016000 08:01 754491                     /media/winDisk/Users/ChobeDucket/Documents/sheep/core/build/libs/core-1.0.jar
7f73661e7000-7f73661eb000 r--s 0003b000 08:03 3934173                    /usr/lib/jvm/java-7-openjdk-amd64/jre/lib/ext/sunpkcs11.jar
7f73661eb000-7f73661ec000 r--s 00002000 08:03 3934178                    /usr/lib/jvm/java-7-openjdk-amd64/jre/lib/ext/dnsns.jar
7f73661ec000-7f73661ef000 r--s 00032000 08:03 3934176                    /usr/lib/jvm/java-7-openjdk-amd64/jre/lib/ext/sunjce_provider.jar
7f73661ef000-7f73661f1000 r--s 0000f000 08:03 3934175                    /usr/lib/jvm/java-7-openjdk-amd64/jre/lib/ext/pulse-java.jar
7f73661f1000-7f73661f3000 r--s 00012000 08:03 3934174                    /usr/lib/jvm/java-7-openjdk-amd64/jre/lib/ext/zipfs.jar
7f73661f3000-7f73661f7000 r--s 00085000 08:03 3934172                    /usr/lib/jvm/java-7-openjdk-amd64/jre/lib/ext/localedata.jar
7f73661f7000-7f73661f8000 r--s 00007000 08:03 5645676                    /usr/share/java/java-atk-wrapper.jar
7f73661f8000-7f73661f9000 ---p 00000000 00:00 0 
7f73661f9000-7f73662f9000 rw-p 00000000 00:00 0 
7f73662f9000-7f73662fc000 ---p 00000000 00:00 0 
7f73662fc000-7f73663fa000 rw-p 00000000 00:00 0 
7f73663fa000-7f73663fd000 ---p 00000000 00:00 0 
7f73663fd000-7f73664fb000 rw-p 00000000 00:00 0 
7f73664fb000-7f73664fe000 ---p 00000000 00:00 0 
7f73664fe000-7f73665fc000 rw-p 00000000 00:00 0 
7f73665fc000-7f73665ff000 ---p 00000000 00:00 0 
7f73665ff000-7f73666fd000 rw-p 00000000 00:00 0 
7f73666fd000-7f7366874000 r--p 00000000 08:03 4066468                    /usr/lib/locale/locale-archive
7f7366874000-7f7366877000 ---p 00000000 00:00 0 
7f7366877000-7f7366975000 rw-p 00000000 00:00 0 
7f7366975000-7f7366978000 ---p 00000000 00:00 0 
7f7366978000-7f7366a76000 rw-p 00000000 00:00 0 
7f7366a76000-7f7366a77000 ---p 00000000 00:00 0 
7f7366a77000-7f7367b74000 rw-p 00000000 00:00 0 
7f7367b74000-7f7367d22000 r--s 01cfc000 08:03 3934153                    /usr/lib/jvm/java-7-openjdk-amd64/jre/lib/rt.jar
7f7367d22000-7f736a406000 rw-p 00000000 00:00 0 
7f736a406000-7f736a407000 ---p 00000000 00:00 0 
7f736a407000-7f736a507000 rw-p 00000000 00:00 0 
7f736a507000-7f736a508000 ---p 00000000 00:00 0 
7f736a508000-7f736a608000 rw-p 00000000 00:00 0 
7f736a608000-7f736a609000 ---p 00000000 00:00 0 
7f736a609000-7f736a709000 rw-p 00000000 00:00 0 
7f736a709000-7f736a70a000 ---p 00000000 00:00 0 
7f736a70a000-7f736a815000 rw-p 00000000 00:00 0 
7f736a815000-7f736a85d000 rw-p 00000000 00:00 0 
7f736a85d000-7f736a872000 rw-p 00000000 00:00 0 
7f736a872000-7f736a9a3000 rw-p 00000000 00:00 0 
7f736a9a3000-7f736a9ae000 rw-p 00000000 00:00 0 
7f736a9ae000-7f736a9f6000 rw-p 00000000 00:00 0 
7f736a9f6000-7f736aa0b000 rw-p 00000000 00:00 0 
7f736aa0b000-7f736ab3b000 rw-p 00000000 00:00 0 
7f736ab3b000-7f736ab46000 rw-p 00000000 00:00 0 
7f736ab46000-7f736abde000 rw-p 00000000 00:00 0 
7f736abde000-7f736abdf000 rw-p 00000000 00:00 0 
7f736abdf000-7f736ae4f000 rwxp 00000000 00:00 0 
7f736ae4f000-7f736dbdf000 rw-p 00000000 00:00 0 
7f736dbdf000-7f736dbe7000 r-xp 00000000 08:03 3934210                    /usr/lib/jvm/java-7-openjdk-amd64/jre/lib/amd64/libzip.so
7f736dbe7000-7f736dde6000 ---p 00008000 08:03 3934210                    /usr/lib/jvm/java-7-openjdk-amd64/jre/lib/amd64/libzip.so
7f736dde6000-7f736dde7000 r--p 00007000 08:03 3934210                    /usr/lib/jvm/java-7-openjdk-amd64/jre/lib/amd64/libzip.so
7f736dde7000-7f736dde8000 rw-p 00008000 08:03 3934210                    /usr/lib/jvm/java-7-openjdk-amd64/jre/lib/amd64/libzip.so
7f736dde8000-7f736ddf3000 r-xp 00000000 08:03 12190641                   /lib/x86_64-linux-gnu/libnss_files-2.13.so
7f736ddf3000-7f736dff2000 ---p 0000b000 08:03 12190641                   /lib/x86_64-linux-gnu/libnss_files-2.13.so
7f736dff2000-7f736dff3000 r--p 0000a000 08:03 12190641                   /lib/x86_64-linux-gnu/libnss_files-2.13.so
7f736dff3000-7f736dff4000 rw-p 0000b000 08:03 12190641                   /lib/x86_64-linux-gnu/libnss_files-2.13.so
7f736dff4000-7f736dffe000 r-xp 00000000 08:03 12190645                   /lib/x86_64-linux-gnu/libnss_nis-2.13.so
7f736dffe000-7f736e1fd000 ---p 0000a000 08:03 12190645                   /lib/x86_64-linux-gnu/libnss_nis-2.13.so
7f736e1fd000-7f736e1fe000 r--p 00009000 08:03 12190645                   /lib/x86_64-linux-gnu/libnss_nis-2.13.so
7f736e1fe000-7f736e1ff000 rw-p 0000a000 08:03 12190645                   /lib/x86_64-linux-gnu/libnss_nis-2.13.so
7f736e1ff000-7f736e214000 r-xp 00000000 08:03 12190635                   /lib/x86_64-linux-gnu/libnsl-2.13.so
7f736e214000-7f736e413000 ---p 00015000 08:03 12190635                   /lib/x86_64-linux-gnu/libnsl-2.13.so
7f736e413000-7f736e414000 r--p 00014000 08:03 12190635                   /lib/x86_64-linux-gnu/libnsl-2.13.so
7f736e414000-7f736e415000 rw-p 00015000 08:03 12190635                   /lib/x86_64-linux-gnu/libnsl-2.13.so
7f736e415000-7f736e417000 rw-p 00000000 00:00 0 
7f736e417000-7f736e41e000 r-xp 00000000 08:03 12190637                   /lib/x86_64-linux-gnu/libnss_compat-2.13.so
7f736e41e000-7f736e61d000 ---p 00007000 08:03 12190637                   /lib/x86_64-linux-gnu/libnss_compat-2.13.so
7f736e61d000-7f736e61e000 r--p 00006000 08:03 12190637                   /lib/x86_64-linux-gnu/libnss_compat-2.13.so
7f736e61e000-7f736e61f000 rw-p 00007000 08:03 12190637                   /lib/x86_64-linux-gnu/libnss_compat-2.13.so
7f736e61f000-7f736e64a000 r-xp 00000000 08:03 3934215                    /usr/lib/jvm/java-7-openjdk-amd64/jre/lib/amd64/libjava.so
7f736e64a000-7f736e849000 ---p 0002b000 08:03 3934215                    /usr/lib/jvm/java-7-openjdk-amd64/jre/lib/amd64/libjava.so
7f736e849000-7f736e84a000 r--p 0002a000 08:03 3934215                    /usr/lib/jvm/java-7-openjdk-amd64/jre/lib/amd64/libjava.so
7f736e84a000-7f736e84c000 rw-p 0002b000 08:03 3934215                    /usr/lib/jvm/java-7-openjdk-amd64/jre/lib/amd64/libjava.so
7f736e84c000-7f736e85b000 r-xp 00000000 08:03 3934216                    /usr/lib/jvm/java-7-openjdk-amd64/jre/lib/amd64/libverify.so
7f736e85b000-7f736ea5a000 ---p 0000f000 08:03 3934216                    /usr/lib/jvm/java-7-openjdk-amd64/jre/lib/amd64/libverify.so
7f736ea5a000-7f736ea5c000 r--p 0000e000 08:03 3934216                    /usr/lib/jvm/java-7-openjdk-amd64/jre/lib/amd64/libverify.so
7f736ea5c000-7f736ea5d000 rw-p 00010000 08:03 3934216                    /usr/lib/jvm/java-7-openjdk-amd64/jre/lib/amd64/libverify.so
7f736ea5d000-7f736ea64000 r-xp 00000000 08:03 12190678                   /lib/x86_64-linux-gnu/librt-2.13.so
7f736ea64000-7f736ec63000 ---p 00007000 08:03 12190678                   /lib/x86_64-linux-gnu/librt-2.13.so
7f736ec63000-7f736ec64000 r--p 00006000 08:03 12190678                   /lib/x86_64-linux-gnu/librt-2.13.so
7f736ec64000-7f736ec65000 rw-p 00007000 08:03 12190678                   /lib/x86_64-linux-gnu/librt-2.13.so
7f736ec65000-7f736ec7a000 r-xp 00000000 08:03 12190593                   /lib/x86_64-linux-gnu/libgcc_s.so.1
7f736ec7a000-7f736ee7a000 ---p 00015000 08:03 12190593                   /lib/x86_64-linux-gnu/libgcc_s.so.1
7f736ee7a000-7f736ee7b000 rw-p 00015000 08:03 12190593                   /lib/x86_64-linux-gnu/libgcc_s.so.1
7f736ee7b000-7f736eefc000 r-xp 00000000 08:03 12190616                   /lib/x86_64-linux-gnu/libm-2.13.so
7f736eefc000-7f736f0fb000 ---p 00081000 08:03 12190616                   /lib/x86_64-linux-gnu/libm-2.13.so
7f736f0fb000-7f736f0fc000 r--p 00080000 08:03 12190616                   /lib/x86_64-linux-gnu/libm-2.13.so
7f736f0fc000-7f736f0fd000 rw-p 00081000 08:03 12190616                   /lib/x86_64-linux-gnu/libm-2.13.so
7f736f0fd000-7f736f1e5000 r-xp 00000000 08:03 4200440                    /usr/lib/x86_64-linux-gnu/libstdc++.so.6.0.17
7f736f1e5000-7f736f3e5000 ---p 000e8000 08:03 4200440                    /usr/lib/x86_64-linux-gnu/libstdc++.so.6.0.17
7f736f3e5000-7f736f3ed000 r--p 000e8000 08:03 4200440                    /usr/lib/x86_64-linux-gnu/libstdc++.so.6.0.17
7f736f3ed000-7f736f3ef000 rw-p 000f0000 08:03 4200440                    /usr/lib/x86_64-linux-gnu/libstdc++.so.6.0.17
7f736f3ef000-7f736f404000 rw-p 00000000 00:00 0 
7f736f404000-7f736fecd000 r-xp 00000000 08:03 3934204                    /usr/lib/jvm/java-7-openjdk-amd64/jre/lib/amd64/server/libjvm.so
7f736fecd000-7f73700cd000 ---p 00ac9000 08:03 3934204                    /usr/lib/jvm/java-7-openjdk-amd64/jre/lib/amd64/server/libjvm.so
7f73700cd000-7f7370165000 r--p 00ac9000 08:03 3934204                    /usr/lib/jvm/java-7-openjdk-amd64/jre/lib/amd64/server/libjvm.so
7f7370165000-7f7370188000 rw-p 00b61000 08:03 3934204                    /usr/lib/jvm/java-7-openjdk-amd64/jre/lib/amd64/server/libjvm.so
7f7370188000-7f73701b5000 rw-p 00000000 00:00 0 
7f73701b5000-7f73701cb000 r-xp 00000000 08:03 12190712                   /lib/x86_64-linux-gnu/libz.so.1.2.7
7f73701cb000-7f73703ca000 ---p 00016000 08:03 12190712                   /lib/x86_64-linux-gnu/libz.so.1.2.7
7f73703ca000-7f73703cb000 r--p 00015000 08:03 12190712                   /lib/x86_64-linux-gnu/libz.so.1.2.7
7f73703cb000-7f73703cc000 rw-p 00016000 08:03 12190712                   /lib/x86_64-linux-gnu/libz.so.1.2.7
7f73703cc000-7f737054e000 r-xp 00000000 08:03 12190569                   /lib/x86_64-linux-gnu/libc-2.13.so
7f737054e000-7f737074d000 ---p 00182000 08:03 12190569                   /lib/x86_64-linux-gnu/libc-2.13.so
7f737074d000-7f7370751000 r--p 00181000 08:03 12190569                   /lib/x86_64-linux-gnu/libc-2.13.so
7f7370751000-7f7370752000 rw-p 00185000 08:03 12190569                   /lib/x86_64-linux-gnu/libc-2.13.so
7f7370752000-7f7370757000 rw-p 00000000 00:00 0 
7f7370757000-7f7370759000 r-xp 00000000 08:03 12190583                   /lib/x86_64-linux-gnu/libdl-2.13.so
7f7370759000-7f7370959000 ---p 00002000 08:03 12190583                   /lib/x86_64-linux-gnu/libdl-2.13.so
7f7370959000-7f737095a000 r--p 00002000 08:03 12190583                   /lib/x86_64-linux-gnu/libdl-2.13.so
7f737095a000-7f737095b000 rw-p 00003000 08:03 12190583                   /lib/x86_64-linux-gnu/libdl-2.13.so
7f737095b000-7f7370968000 r-xp 00000000 08:03 3934207                    /usr/lib/jvm/java-7-openjdk-amd64/jre/lib/amd64/jli/libjli.so
7f7370968000-7f7370b67000 ---p 0000d000 08:03 3934207                    /usr/lib/jvm/java-7-openjdk-amd64/jre/lib/amd64/jli/libjli.so
7f7370b67000-7f7370b68000 r--p 0000c000 08:03 3934207                    /usr/lib/jvm/java-7-openjdk-amd64/jre/lib/amd64/jli/libjli.so
7f7370b68000-7f7370b69000 rw-p 0000d000 08:03 3934207                    /usr/lib/jvm/java-7-openjdk-amd64/jre/lib/amd64/jli/libjli.so
7f7370b69000-7f7370b80000 r-xp 00000000 08:03 12190670                   /lib/x86_64-linux-gnu/libpthread-2.13.so
7f7370b80000-7f7370d7f000 ---p 00017000 08:03 12190670                   /lib/x86_64-linux-gnu/libpthread-2.13.so
7f7370d7f000-7f7370d80000 r--p 00016000 08:03 12190670                   /lib/x86_64-linux-gnu/libpthread-2.13.so
7f7370d80000-7f7370d81000 rw-p 00017000 08:03 12190670                   /lib/x86_64-linux-gnu/libpthread-2.13.so
7f7370d81000-7f7370d85000 rw-p 00000000 00:00 0 
7f7370d85000-7f7370da5000 r-xp 00000000 08:03 12190547                   /lib/x86_64-linux-gnu/ld-2.13.so
7f7370da5000-7f7370da6000 r--s 00095000 08:03 10488686                   /home/chobe/.gradle/caches/modules-2/files-2.1/org.lwjgl.lwjgl/lwjgl-platform/2.9.1/4c517eca808522457dd95ee8fc1fbcdbb602efbe/lwjgl-platform-2.9.1-natives-windows.jar
7f7370da6000-7f7370da8000 r--s 00017000 08:03 10488685                   /home/chobe/.gradle/caches/modules-2/files-2.1/org.jcraft/jorbis/0.0.17/8872d22b293e8f5d7d56ff92be966e6dc28ebdc6/jorbis-0.0.17.jar
7f7370da8000-7f7370da9000 r--s 00015000 08:03 10488684                   /home/chobe/.gradle/caches/modules-2/files-2.1/com.badlogicgames.jlayer/jlayer/1.0.1-gdx/7cca83cec5c1b2f011362f4d85aabd71a73b049d/jlayer-1.0.1-gdx.jar
7f7370da9000-7f7370dad000 r--s 00027000 08:03 10488683                   /home/chobe/.gradle/caches/modules-2/files-2.1/org.lwjgl.lwjgl/lwjgl_util/2.9.1/290d7ba8a1bd9566f5ddf16ad06f09af5ec9b20e/lwjgl_util-2.9.1.jar
7f7370dad000-7f7370dbb000 r--s 000ea000 08:03 10488682                   /home/chobe/.gradle/caches/modules-2/files-2.1/org.lwjgl.lwjgl/lwjgl/2.9.1/f58c5aabcef0e41718a564be9f8e412fff8db847/lwjgl-2.9.1.jar
7f7370dbb000-7f7370dc5000 rw-p 00000000 00:00 0 
7f7370dc5000-7f7370e7b000 rw-p 00000000 00:00 0 
7f7370e7b000-7f7370e7e000 ---p 00000000 00:00 0 
7f7370e7e000-7f7370f98000 rw-p 00000000 00:00 0 
7f7370f98000-7f7370fa0000 rw-s 00000000 08:03 10488986                   /tmp/hsperfdata_chobe/13689 (deleted)
7f7370fa0000-7f7370fa1000 rw-p 00000000 00:00 0 
7f7370fa1000-7f7370fa2000 ---p 00000000 00:00 0 
7f7370fa2000-7f7370fa4000 rw-p 00000000 00:00 0 
7f7370fa4000-7f7370fa5000 r--p 0001f000 08:03 12190547                   /lib/x86_64-linux-gnu/ld-2.13.so
7f7370fa5000-7f7370fa6000 rw-p 00020000 08:03 12190547                   /lib/x86_64-linux-gnu/ld-2.13.so
7f7370fa6000-7f7370fa7000 rw-p 00000000 00:00 0 
7fff44fc2000-7fff44fe4000 rw-p 00000000 00:00 0                          [stack]
7fff44fff000-7fff45000000 r-xp 00000000 00:00 0                          [vdso]
ffffffffff600000-ffffffffff601000 r-xp 00000000 00:00 0                  [vsyscall]

VM Arguments:
jvm_args: -Dfile.encoding=UTF-8 
java_command: com.mygdx.sheep.desktop.DesktopLauncher
Launcher Type: SUN_STANDARD

Environment Variables:
PATH=/usr/local/bin:/usr/bin:/bin:/usr/local/games:/usr/games:/home/chobe/.local/bin:/home/chobe/sdks/adt-bundle-linux-x86_64-20140321/sdk//platform-tools/adb:/home/chobe/sdks/adt-bundle-linux-x86_64-20140321/sdk//platform-tools/
USERNAME=chobe
SHELL=/bin/bash
DISPLAY=:0

Signal Handlers:
SIGSEGV: [libjvm.so+0x8f9750], sa_mask[0]=0x7ffbfeff, sa_flags=0x10000004
SIGBUS: [libjvm.so+0x8f9750], sa_mask[0]=0x7ffbfeff, sa_flags=0x10000004
SIGFPE: [libjvm.so+0x7827c0], sa_mask[0]=0x7ffbfeff, sa_flags=0x10000004
SIGPIPE: [libjvm.so+0x7827c0], sa_mask[0]=0x7ffbfeff, sa_flags=0x10000004
SIGXFSZ: [libjvm.so+0x7827c0], sa_mask[0]=0x7ffbfeff, sa_flags=0x10000004
SIGILL: [libjvm.so+0x7827c0], sa_mask[0]=0x7ffbfeff, sa_flags=0x10000004
SIGUSR1: SIG_DFL, sa_mask[0]=0x00000000, sa_flags=0x00000000
SIGUSR2: [libjvm.so+0x782ab0], sa_mask[0]=0x00000004, sa_flags=0x10000004
SIGHUP: [libjvm.so+0x782c20], sa_mask[0]=0x7ffbfeff, sa_flags=0x10000004
SIGINT: [libjvm.so+0x782c20], sa_mask[0]=0x7ffbfeff, sa_flags=0x10000004
SIGTERM: [libjvm.so+0x782c20], sa_mask[0]=0x7ffbfeff, sa_flags=0x10000004
SIGQUIT: [libjvm.so+0x782c20], sa_mask[0]=0x7ffbfeff, sa_flags=0x10000004


---------------  S Y S T E M  ---------------

OS:7.5

uname:Linux 3.2.0-4-amd64 #1 SMP Debian 3.2.57-3+deb7u1 x86_64
libc:glibc 2.13 NPTL 2.13 
rlimit: STACK 8192k, CORE 0k, NPROC 31105, NOFILE 4096, AS infinity
load average:0.88 1.13 1.22

/proc/meminfo:
MemTotal:        3993672 kB
MemFree:          174648 kB
Buffers:          181240 kB
Cached:           725808 kB
SwapCached:         1608 kB
Active:          2380820 kB
Inactive:        1004680 kB
Active(anon):    1947524 kB
Inactive(anon):   552880 kB
Active(file):     433296 kB
Inactive(file):   451800 kB
Unevictable:          16 kB
Mlocked:              16 kB
SwapTotal:       4120572 kB
SwapFree:        4103192 kB
Dirty:              4356 kB
Writeback:            20 kB
AnonPages:       2476916 kB
Mapped:           270604 kB
Shmem:             21944 kB
Slab:             225644 kB
SReclaimable:     197056 kB
SUnreclaim:        28588 kB
KernelStack:        4104 kB
PageTables:        30384 kB
NFS_Unstable:          0 kB
Bounce:                0 kB
WritebackTmp:          0 kB
CommitLimit:     6117408 kB
Committed_AS:    4983528 kB
VmallocTotal:   34359738367 kB
VmallocUsed:      170472 kB
VmallocChunk:   34359561652 kB
HardwareCorrupted:     0 kB
AnonHugePages:         0 kB
HugePages_Total:       0
HugePages_Free:        0
HugePages_Rsvd:        0
HugePages_Surp:        0
Hugepagesize:       2048 kB
DirectMap4k:      322560 kB
DirectMap2M:     3805184 kB


CPU:total 4 (4 cores per cpu, 1 threads per core) family 6 model 15 stepping 11, cmov, cx8, fxsr, mmx, sse, sse2, sse3, ssse3, tsc

/proc/cpuinfo:
processor	: 0
vendor_id	: GenuineIntel
cpu family	: 6
model		: 15
model name	: Intel(R) Core(TM)2 Quad CPU    Q6600  @ 2.40GHz
stepping	: 11
cpu MHz		: 2394.000
cache size	: 4096 KB
physical id	: 0
siblings	: 4
core id		: 0
cpu cores	: 4
apicid		: 0
initial apicid	: 0
fpu		: yes
fpu_exception	: yes
cpuid level	: 10
wp		: yes
flags		: fpu vme de pse tsc msr pae mce cx8 apic sep mtrr pge mca cmov pat pse36 clflush dts acpi mmx fxsr sse sse2 ss ht tm pbe syscall nx lm constant_tsc arch_perfmon pebs bts rep_good nopl aperfmperf pni dtes64 monitor ds_cpl vmx est tm2 ssse3 cx16 xtpr pdcm lahf_lm dtherm tpr_shadow vnmi flexpriority
bogomips	: 4794.97
clflush size	: 64
cache_alignment	: 64
address sizes	: 36 bits physical, 48 bits virtual
power management:

processor	: 1
vendor_id	: GenuineIntel
cpu family	: 6
model		: 15
model name	: Intel(R) Core(TM)2 Quad CPU    Q6600  @ 2.40GHz
stepping	: 11
cpu MHz		: 2394.000
cache size	: 4096 KB
physical id	: 0
siblings	: 4
core id		: 2
cpu cores	: 4
apicid		: 2
initial apicid	: 2
fpu		: yes
fpu_exception	: yes
cpuid level	: 10
wp		: yes
flags		: fpu vme de pse tsc msr pae mce cx8 apic sep mtrr pge mca cmov pat pse36 clflush dts acpi mmx fxsr sse sse2 ss ht tm pbe syscall nx lm constant_tsc arch_perfmon pebs bts rep_good nopl aperfmperf pni dtes64 monitor ds_cpl vmx est tm2 ssse3 cx16 xtpr pdcm lahf_lm dtherm tpr_shadow vnmi flexpriority
bogomips	: 4795.51
clflush size	: 64
cache_alignment	: 64
address sizes	: 36 bits physical, 48 bits virtual
power management:

processor	: 2
vendor_id	: GenuineIntel
cpu family	: 6
model		: 15
model name	: Intel(R) Core(TM)2 Quad CPU    Q6600  @ 2.40GHz
stepping	: 11
cpu MHz		: 1596.000
cache size	: 4096 KB
physical id	: 0
siblings	: 4
core id		: 1
cpu cores	: 4
apicid		: 1
initial apicid	: 1
fpu		: yes
fpu_exception	: yes
cpuid level	: 10
wp		: yes
flags		: fpu vme de pse tsc msr pae mce cx8 apic sep mtrr pge mca cmov pat pse36 clflush dts acpi mmx fxsr sse sse2 ss ht tm pbe syscall nx lm constant_tsc arch_perfmon pebs bts rep_good nopl aperfmperf pni dtes64 monitor ds_cpl vmx est tm2 ssse3 cx16 xtpr pdcm lahf_lm dtherm tpr_shadow vnmi flexpriority
bogomips	: 4795.50
clflush size	: 64
cache_alignment	: 64
address sizes	: 36 bits physical, 48 bits virtual
power management:

processor	: 3
vendor_id	: GenuineIntel
cpu family	: 6
model		: 15
model name	: Intel(R) Core(TM)2 Quad CPU    Q6600  @ 2.40GHz
stepping	: 11
cpu MHz		: 1596.000
cache size	: 4096 KB
physical id	: 0
siblings	: 4
core id		: 3
cpu cores	: 4
apicid		: 3
initial apicid	: 3
fpu		: yes
fpu_exception	: yes
cpuid level	: 10
wp		: yes
flags		: fpu vme de pse tsc msr pae mce cx8 apic sep mtrr pge mca cmov pat pse36 clflush dts acpi mmx fxsr sse sse2 ss ht tm pbe syscall nx lm constant_tsc arch_perfmon pebs bts rep_good nopl aperfmperf pni dtes64 monitor ds_cpl vmx est tm2 ssse3 cx16 xtpr pdcm lahf_lm dtherm tpr_shadow vnmi flexpriority
bogomips	: 4795.49
clflush size	: 64
cache_alignment	: 64
address sizes	: 36 bits physical, 48 bits virtual
power management:



Memory: 4k page, physical 3993672k(174532k free), swap 4120572k(4103192k free)

vm_info: OpenJDK 64-Bit Server VM (24.51-b03) for linux-amd64 JRE (1.7.0_55-b14), built on May  2 2014 11:33:06 by "buildd" with gcc 4.7.2

time: Sun Jun 29 22:50:28 2014
elapsed time: 13 seconds

