#
# A fatal error has been detected by the Java Runtime Environment:
#
#  SIGSEGV (0xb) at pc=0x00007f9b216f8e38, pid=15380, tid=140304638240512
#
# JRE version: OpenJDK Runtime Environment (7.0_55-b14) (build 1.7.0_55-b14)
# Java VM: OpenJDK 64-Bit Server VM (24.51-b03 mixed mode linux-amd64 compressed oops)
# Problematic frame:
# C  [libX11.so.6+0x3ae38]  XQueryExtension+0x28
#
# Failed to write core dump. Core dumps have been disabled. To enable core dumping, try "ulimit -c unlimited" before starting Java again
#
# If you would like to submit a bug report, please include
# instructions on how to reproduce the bug and visit:
#   http://icedtea.classpath.org/bugzilla
#

---------------  T H R E A D  ---------------

Current thread (0x00007f9b34076800):  VMThread [stack: 0x00007f9b380f6000,0x00007f9b381f7000] [id=15390]

siginfo:si_signo=SIGSEGV: si_errno=0, si_code=1 (SEGV_MAPERR), si_addr=0xffffffffd80148d8

Registers:
RAX=0x00007f9b14000b10, RBX=0xffffffffd8013f70, RCX=0x00007f9b381f56c8, RDX=0x00007f9b381f56c4
RSP=0x00007f9b381f5660, RBP=0x00007f9aee76c600, RSI=0x00007f9aee633992, RDI=0xffffffffd8013f70
R8 =0x00007f9b381f56cc, R9 =0x0000000000000000, R10=0x00007f9aee76c3c0, R11=0x00007f9b3c7541c0
R12=0x00007f9aee633992, R13=0x00007f9b14000b10, R14=0x00007f9b381f5ad8, R15=0x00007f9ad8025820
RIP=0x00007f9b216f8e38, EFLAGS=0x0000000000010206, CSGSFS=0x0000000000000033, ERR=0x0000000000000005
  TRAPNO=0x000000000000000e

Top of Stack: (sp=0x00007f9b381f5660)
0x00007f9b381f5660:   0000000000000000 0000000000000000
0x00007f9b381f5670:   000000770000006e 0000000000000000
0x00007f9b381f5680:   000000000000007c ffffffffd8013f70
0x00007f9b381f5690:   00007f9aee76c600 00007f9aee633992
0x00007f9b381f56a0:   00007f9b14000b10 00007f9b381f5ad8
0x00007f9b381f56b0:   00007f9ad8025820 00007f9b216ece72
0x00007f9b381f56c0:   00007f9ad8025820 00007f9b3c798220
0x00007f9b381f56d0:   0000000000000000 00007f9aee76c600
0x00007f9b381f56e0:   ffffffffd8013f70 00007f9b3001071d
0x00007f9b381f56f0:   00007f9aee633992 0000001100000000
0x00007f9b381f5700:   00007f9a00000005 0000000000000000
0x00007f9b381f5710:   00007f9b381f5780 ffffffffd8013f70
0x00007f9b381f5720:   00007f9b381f59d0 00007f9b381f5ad8
0x00007f9b381f5730:   00007f9aee785e50 00007f9aee5dc3d9
0x00007f9b381f5740:   00000000ffffffff 00007f9ad801be90
0x00007f9b381f5750:   00007f9b381f5780 00007f9aef2ad9e0
0x00007f9b381f5760:   00007f9b381f59d0 00007f9b381f5ad8
0x00007f9b381f5770:   0000000000000000 00007f9aee5d0ae2
0x00007f9b381f5780:   00007f9b381f5b50 00007f9aee633911
0x00007f9b381f5790:   00007f9b381f5b50 00007f9b3d103058
0x00007f9b381f57a0:   00007f9b3d3161a8 00007f9b3d316740
0x00007f9b381f57b0:   00007f9b3d2f0000 00007f9b340094f0
0x00007f9b381f57c0:   00007f9b3400a020 00007f9b3400a530
0x00007f9b381f57d0:   00007f9b34017440 00007f9b341bb480
0x00007f9b381f57e0:   00007f9b342b2670 00007f9b342ae530
0x00007f9b381f57f0:   00007f9b341f4040 00007f9b34201f60
0x00007f9b381f5800:   00007f9b34209380 00007f9b34208e50
0x00007f9b381f5810:   00007f9b34208920 00007f9b3420cc70
0x00007f9b381f5820:   00007f9b3420c750 00007f9b3420da20
0x00007f9b381f5830:   00007f9b3420c240 00007f9b342083f0
0x00007f9b381f5840:   00007f9b3420a810 00007f9b3420b250
0x00007f9b381f5850:   00007f9b3420ad30 00007f9b3420b770 

Instructions: (pc=0x00007f9b216f8e38)
0x00007f9b216f8e18:   24 e0 48 89 fb 4c 89 6c 24 e8 4c 89 74 24 f0 49
0x00007f9b216f8e28:   89 f4 4c 89 7c 24 f8 48 89 6c 24 d8 48 83 ec 58
0x00007f9b216f8e38:   48 8b 87 68 09 00 00 49 89 d7 49 89 ce 4d 89 c5
0x00007f9b216f8e48:   48 85 c0 74 02 ff 10 ba 08 00 00 00 be 62 00 00 

Register to memory mapping:

RAX=0x00007f9b14000b10 is an unknown value
RBX=0xffffffffd8013f70 is an unknown value
RCX=0x00007f9b381f56c8 is an unknown value
RDX=0x00007f9b381f56c4 is an unknown value
RSP=0x00007f9b381f5660 is an unknown value
RBP=0x00007f9aee76c600: <offset 0x1cf600> in /usr/lib/x86_64-linux-gnu/libGL.so.1 at 0x00007f9aee59d000
RSI=0x00007f9aee633992: <offset 0x96992> in /usr/lib/x86_64-linux-gnu/libGL.so.1 at 0x00007f9aee59d000
RDI=0xffffffffd8013f70 is an unknown value
R8 =0x00007f9b381f56cc is an unknown value
R9 =0x0000000000000000 is an unknown value
R10=0x00007f9aee76c3c0: <offset 0x1cf3c0> in /usr/lib/x86_64-linux-gnu/libGL.so.1 at 0x00007f9aee59d000
R11=0x00007f9b3c7541c0: __cxa_finalize+0 in /lib/x86_64-linux-gnu/libc.so.6 at 0x00007f9b3c71c000
R12=0x00007f9aee633992: <offset 0x96992> in /usr/lib/x86_64-linux-gnu/libGL.so.1 at 0x00007f9aee59d000
R13=0x00007f9b14000b10 is an unknown value
R14=0x00007f9b381f5ad8 is an unknown value
R15=0x00007f9ad8025820 is an unknown value


Stack: [0x00007f9b380f6000,0x00007f9b381f7000],  sp=0x00007f9b381f5660,  free space=1021k
Native frames: (J=compiled Java code, j=interpreted, Vv=VM code, C=native code)
C  [libX11.so.6+0x3ae38]  XQueryExtension+0x28

VM_Operation (0x00007f9ae12d7790): Exit, mode: safepoint, requested by thread 0x00007f9b10003000


---------------  P R O C E S S  ---------------

Java Threads: ( => current thread )
  0x00007f9aa4001000 JavaThread "process reaper" daemon [_thread_blocked, id=15522, stack(0x00007f9b380bd000,0x00007f9b380f6000)]
  0x00007f9b10003000 JavaThread "SIGTERM handler" daemon [_thread_blocked, id=15518, stack(0x00007f9ae11d8000,0x00007f9ae12d9000)]
  0x00007f9abf922800 JavaThread "pool-1-thread-9" [_thread_in_native, id=15472, stack(0x00007f9ae0fd6000,0x00007f9ae10d7000)]
  0x00007f9abe1bf800 JavaThread "pool-1-thread-8" [_thread_in_native, id=15471, stack(0x00007f9ae10d7000,0x00007f9ae11d8000)]
  0x00007f9abe1ba800 JavaThread "pool-1-thread-4" [_thread_in_native, id=15462, stack(0x00007f9ae14db000,0x00007f9ae15dc000)]
  0x00007f9abe1b9800 JavaThread "pool-1-thread-3" [_thread_in_native, id=15461, stack(0x00007f9ae22fd000,0x00007f9ae23fe000)]
  0x00007f9ad91d2000 JavaThread "AsynchExecutor-Thread" daemon [_thread_blocked, id=15409, stack(0x00007f9ae26fe000,0x00007f9ae27ff000)]
  0x00007f9b3400b000 JavaThread "DestroyJavaVM" [_thread_blocked, id=15385, stack(0x00007f9b3d1eb000,0x00007f9b3d2ec000)]
  0x00007f9b34350000 JavaThread "LWJGL Application" [_thread_blocked, id=15403, stack(0x00007f9aee7a6000,0x00007f9aee8a7000)]
  0x00007f9b342ad000 JavaThread "AWT-XAWT" daemon [_thread_blocked, id=15399, stack(0x00007f9af5f4f000,0x00007f9af6050000)]
  0x00007f9b3428d000 JavaThread "Java2D Disposer" daemon [_thread_blocked, id=15398, stack(0x00007f9af6050000,0x00007f9af6151000)]
  0x00007f9b340a7000 JavaThread "Service Thread" daemon [_thread_blocked, id=15396, stack(0x00007f9b30871000,0x00007f9b30972000)]
  0x00007f9b340a5000 JavaThread "C2 CompilerThread1" daemon [_thread_blocked, id=15395, stack(0x00007f9b30972000,0x00007f9b30a73000)]
  0x00007f9b340a2000 JavaThread "C2 CompilerThread0" daemon [_thread_blocked, id=15394, stack(0x00007f9b30a73000,0x00007f9b30b74000)]
  0x00007f9b3409f800 JavaThread "Signal Dispatcher" daemon [_thread_blocked, id=15393, stack(0x00007f9b30b74000,0x00007f9b30c75000)]
  0x00007f9b3407c800 JavaThread "Finalizer" daemon [_thread_blocked, id=15392, stack(0x00007f9b30dfe000,0x00007f9b30eff000)]
  0x00007f9b3407a800 JavaThread "Reference Handler" daemon [_thread_blocked, id=15391, stack(0x00007f9b30eff000,0x00007f9b31000000)]

Other Threads:
=>0x00007f9b34076800 VMThread [stack: 0x00007f9b380f6000,0x00007f9b381f7000] [id=15390]

VM state:at safepoint (shutting down)

VM Mutex/Monitor currently owned by a thread:  ([mutex/lock_event])
[0x00007f9b340077a0] Threads_lock - owner thread: 0x00007f9b34076800

Heap
 PSYoungGen      total 22528K, used 6438K [0x00000000eba80000, 0x00000000ed700000, 0x0000000100000000)
  eden space 15872K, 38% used [0x00000000eba80000,0x00000000ec07f900,0x00000000eca00000)
  from space 6656K, 4% used [0x00000000eca00000,0x00000000eca49fb0,0x00000000ed080000)
  to   space 6656K, 0% used [0x00000000ed080000,0x00000000ed080000,0x00000000ed700000)
 ParOldGen       total 41472K, used 8883K [0x00000000c3000000, 0x00000000c5880000, 0x00000000eba80000)
  object space 41472K, 21% used [0x00000000c3000000,0x00000000c38acd78,0x00000000c5880000)
 PSPermGen       total 21504K, used 13441K [0x00000000b8a00000, 0x00000000b9f00000, 0x00000000c3000000)
  object space 21504K, 62% used [0x00000000b8a00000,0x00000000b9720418,0x00000000b9f00000)

Card table byte_map: [0x00007f9b39c73000,0x00007f9b39eaf000] byte_map_base: 0x00007f9b396ae000

Polling page: 0x00007f9b3d311000

Code Cache  [0x00007f9b31000000, 0x00007f9b31270000, 0x00007f9b34000000)
 total_blobs=1008 nmethods=460 adapters=502 free_code_cache=47530Kb largest_free_block=48633664

Compilation events (10 events):
Event: 493.395 Thread 0x00007f9b340a5000  458             java.util.concurrent.locks.AbstractQueuedSynchronizer::addWaiter (50 bytes)
Event: 493.397 Thread 0x00007f9b340a5000 nmethod 458 0x00007f9b3110c2d0 code [0x00007f9b3110c420, 0x00007f9b3110c5a8]
Event: 508.297 Thread 0x00007f9b340a2000  459             sun.util.logging.PlatformLogger::isLoggable (9 bytes)
Event: 508.297 Thread 0x00007f9b340a5000  460             sun.util.logging.PlatformLogger::isLoggable (38 bytes)
Event: 508.299 Thread 0x00007f9b340a5000 nmethod 460 0x00007f9b31181910 code [0x00007f9b31181a60, 0x00007f9b31181bb8]
Event: 508.300 Thread 0x00007f9b340a2000 nmethod 459 0x00007f9b3118d290 code [0x00007f9b3118d420, 0x00007f9b3118d738]
Event: 510.563 Thread 0x00007f9b340a5000  461             com.mygdx.sheep.sheep::render (503 bytes)
Event: 510.584 Thread 0x00007f9b340a5000 nmethod 461 0x00007f9b3119b690 code [0x00007f9b3119bbc0, 0x00007f9b3119cdb0]
Event: 537.663 Thread 0x00007f9b340a2000  464             com.badlogic.gdx.utils.Pools::free (39 bytes)
Event: 537.673 Thread 0x00007f9b340a2000 nmethod 464 0x00007f9b31198ad0 code [0x00007f9b31198cc0, 0x00007f9b31199250]

GC Heap History (10 events):
Event: 362.034 GC heap before
{Heap before GC invocations=9 (full 0):
 PSYoungGen      total 23040K, used 16016K [0x00000000eba80000, 0x00000000ed800000, 0x0000000100000000)
  eden space 15872K, 100% used [0x00000000eba80000,0x00000000eca00000,0x00000000eca00000)
  from space 7168K, 2% used [0x00000000ed100000,0x00000000ed124010,0x00000000ed800000)
  to   space 7168K, 0% used [0x00000000eca00000,0x00000000eca00000,0x00000000ed100000)
 ParOldGen       total 41472K, used 8346K [0x00000000c3000000, 0x00000000c5880000, 0x00000000eba80000)
  object space 41472K, 20% used [0x00000000c3000000,0x00000000c3826b78,0x00000000c5880000)
 PSPermGen       total 21504K, used 13344K [0x00000000b8a00000, 0x00000000b9f00000, 0x00000000c3000000)
  object space 21504K, 62% used [0x00000000b8a00000,0x00000000b9708260,0x00000000b9f00000)
Event: 362.037 GC heap after
Heap after GC invocations=9 (full 0):
 PSYoungGen      total 23040K, used 144K [0x00000000eba80000, 0x00000000ed800000, 0x0000000100000000)
  eden space 15872K, 0% used [0x00000000eba80000,0x00000000eba80000,0x00000000eca00000)
  from space 7168K, 2% used [0x00000000eca00000,0x00000000eca24010,0x00000000ed100000)
  to   space 7168K, 0% used [0x00000000ed100000,0x00000000ed100000,0x00000000ed800000)
 ParOldGen       total 41472K, used 8354K [0x00000000c3000000, 0x00000000c5880000, 0x00000000eba80000)
  object space 41472K, 20% used [0x00000000c3000000,0x00000000c3828b78,0x00000000c5880000)
 PSPermGen       total 21504K, used 13344K [0x00000000b8a00000, 0x00000000b9f00000, 0x00000000c3000000)
  object space 21504K, 62% used [0x00000000b8a00000,0x00000000b9708260,0x00000000b9f00000)
}
Event: 412.896 GC heap before
{Heap before GC invocations=10 (full 0):
 PSYoungGen      total 23040K, used 16016K [0x00000000eba80000, 0x00000000ed800000, 0x0000000100000000)
  eden space 15872K, 100% used [0x00000000eba80000,0x00000000eca00000,0x00000000eca00000)
  from space 7168K, 2% used [0x00000000eca00000,0x00000000eca24010,0x00000000ed100000)
  to   space 7168K, 0% used [0x00000000ed100000,0x00000000ed100000,0x00000000ed800000)
 ParOldGen       total 41472K, used 8354K [0x00000000c3000000, 0x00000000c5880000, 0x00000000eba80000)
  object space 41472K, 20% used [0x00000000c3000000,0x00000000c3828b78,0x00000000c5880000)
 PSPermGen       total 21504K, used 13406K [0x00000000b8a00000, 0x00000000b9f00000, 0x00000000c3000000)
  object space 21504K, 62% used [0x00000000b8a00000,0x00000000b9717a00,0x00000000b9f00000)
Event: 412.897 GC heap after
Heap after GC invocations=10 (full 0):
 PSYoungGen      total 23040K, used 400K [0x00000000eba80000, 0x00000000ed800000, 0x0000000100000000)
  eden space 15872K, 0% used [0x00000000eba80000,0x00000000eba80000,0x00000000eca00000)
  from space 7168K, 5% used [0x00000000ed100000,0x00000000ed164030,0x00000000ed800000)
  to   space 7168K, 0% used [0x00000000eca00000,0x00000000eca00000,0x00000000ed100000)
 ParOldGen       total 41472K, used 8362K [0x00000000c3000000, 0x00000000c5880000, 0x00000000eba80000)
  object space 41472K, 20% used [0x00000000c3000000,0x00000000c382ab78,0x00000000c5880000)
 PSPermGen       total 21504K, used 13406K [0x00000000b8a00000, 0x00000000b9f00000, 0x00000000c3000000)
  object space 21504K, 62% used [0x00000000b8a00000,0x00000000b9717a00,0x00000000b9f00000)
}
Event: 464.896 GC heap before
{Heap before GC invocations=11 (full 0):
 PSYoungGen      total 23040K, used 16272K [0x00000000eba80000, 0x00000000ed800000, 0x0000000100000000)
  eden space 15872K, 100% used [0x00000000eba80000,0x00000000eca00000,0x00000000eca00000)
  from space 7168K, 5% used [0x00000000ed100000,0x00000000ed164030,0x00000000ed800000)
  to   space 7168K, 0% used [0x00000000eca00000,0x00000000eca00000,0x00000000ed100000)
 ParOldGen       total 41472K, used 8362K [0x00000000c3000000, 0x00000000c5880000, 0x00000000eba80000)
  object space 41472K, 20% used [0x00000000c3000000,0x00000000c382ab78,0x00000000c5880000)
 PSPermGen       total 21504K, used 13407K [0x00000000b8a00000, 0x00000000b9f00000, 0x00000000c3000000)
  object space 21504K, 62% used [0x00000000b8a00000,0x00000000b9717e50,0x00000000b9f00000)
Event: 464.897 GC heap after
Heap after GC invocations=11 (full 0):
 PSYoungGen      total 23040K, used 272K [0x00000000eba80000, 0x00000000ed800000, 0x0000000100000000)
  eden space 15872K, 0% used [0x00000000eba80000,0x00000000eba80000,0x00000000eca00000)
  from space 7168K, 3% used [0x00000000eca00000,0x00000000eca44050,0x00000000ed100000)
  to   space 7168K, 0% used [0x00000000ed100000,0x00000000ed100000,0x00000000ed800000)
 ParOldGen       total 41472K, used 8643K [0x00000000c3000000, 0x00000000c5880000, 0x00000000eba80000)
  object space 41472K, 20% used [0x00000000c3000000,0x00000000c3870c38,0x00000000c5880000)
 PSPermGen       total 21504K, used 13407K [0x00000000b8a00000, 0x00000000b9f00000, 0x00000000c3000000)
  object space 21504K, 62% used [0x00000000b8a00000,0x00000000b9717e50,0x00000000b9f00000)
}
Event: 518.232 GC heap before
{Heap before GC invocations=12 (full 0):
 PSYoungGen      total 23040K, used 16144K [0x00000000eba80000, 0x00000000ed800000, 0x0000000100000000)
  eden space 15872K, 100% used [0x00000000eba80000,0x00000000eca00000,0x00000000eca00000)
  from space 7168K, 3% used [0x00000000eca00000,0x00000000eca44050,0x00000000ed100000)
  to   space 7168K, 0% used [0x00000000ed100000,0x00000000ed100000,0x00000000ed800000)
 ParOldGen       total 41472K, used 8643K [0x00000000c3000000, 0x00000000c5880000, 0x00000000eba80000)
  object space 41472K, 20% used [0x00000000c3000000,0x00000000c3870c38,0x00000000c5880000)
 PSPermGen       total 21504K, used 13407K [0x00000000b8a00000, 0x00000000b9f00000, 0x00000000c3000000)
  object space 21504K, 62% used [0x00000000b8a00000,0x00000000b9717f28,0x00000000b9f00000)
Event: 518.234 GC heap after
Heap after GC invocations=12 (full 0):
 PSYoungGen      total 22016K, used 32K [0x00000000eba80000, 0x00000000ed700000, 0x0000000100000000)
  eden space 15872K, 0% used [0x00000000eba80000,0x00000000eba80000,0x00000000eca00000)
  from space 6144K, 0% used [0x00000000ed100000,0x00000000ed108000,0x00000000ed700000)
  to   space 6656K, 0% used [0x00000000eca00000,0x00000000eca00000,0x00000000ed080000)
 ParOldGen       total 41472K, used 8867K [0x00000000c3000000, 0x00000000c5880000, 0x00000000eba80000)
  object space 41472K, 21% used [0x00000000c3000000,0x00000000c38a8d78,0x00000000c5880000)
 PSPermGen       total 21504K, used 13407K [0x00000000b8a00000, 0x00000000b9f00000, 0x00000000c3000000)
  object space 21504K, 62% used [0x00000000b8a00000,0x00000000b9717f28,0x00000000b9f00000)
}
Event: 569.746 GC heap before
{Heap before GC invocations=13 (full 0):
 PSYoungGen      total 22016K, used 15904K [0x00000000eba80000, 0x00000000ed700000, 0x0000000100000000)
  eden space 15872K, 100% used [0x00000000eba80000,0x00000000eca00000,0x00000000eca00000)
  from space 6144K, 0% used [0x00000000ed100000,0x00000000ed108000,0x00000000ed700000)
  to   space 6656K, 0% used [0x00000000eca00000,0x00000000eca00000,0x00000000ed080000)
 ParOldGen       total 41472K, used 8867K [0x00000000c3000000, 0x00000000c5880000, 0x00000000eba80000)
  object space 41472K, 21% used [0x00000000c3000000,0x00000000c38a8d78,0x00000000c5880000)
 PSPermGen       total 21504K, used 13414K [0x00000000b8a00000, 0x00000000b9f00000, 0x00000000c3000000)
  object space 21504K, 62% used [0x00000000b8a00000,0x00000000b9719870,0x00000000b9f00000)
Event: 569.748 GC heap after
Heap after GC invocations=13 (full 0):
 PSYoungGen      total 22528K, used 295K [0x00000000eba80000, 0x00000000ed700000, 0x0000000100000000)
  eden space 15872K, 0% used [0x00000000eba80000,0x00000000eba80000,0x00000000eca00000)
  from space 6656K, 4% used [0x00000000eca00000,0x00000000eca49fb0,0x00000000ed080000)
  to   space 6656K, 0% used [0x00000000ed080000,0x00000000ed080000,0x00000000ed700000)
 ParOldGen       total 41472K, used 8883K [0x00000000c3000000, 0x00000000c5880000, 0x00000000eba80000)
  object space 41472K, 21% used [0x00000000c3000000,0x00000000c38acd78,0x00000000c5880000)
 PSPermGen       total 21504K, used 13414K [0x00000000b8a00000, 0x00000000b9f00000, 0x00000000c3000000)
  object space 21504K, 62% used [0x00000000b8a00000,0x00000000b9719870,0x00000000b9f00000)
}

Deoptimization events (10 events):
Event: 365.850 Thread 0x00007f9b34350000 Uncommon trap: reason=class_check action=maybe_recompile pc=0x00007f9b3111c164 method=com.mygdx.sheep.tiles.Tile.drawSprite(Lcom/badlogic/gdx/graphics/g2d/SpriteBatch;Lcom/badlogic/gdx/graphics/Texture;FFZF)V @ 90
Event: 365.867 Thread 0x00007f9b34350000 Uncommon trap: reason=class_check action=maybe_recompile pc=0x00007f9b3111c164 method=com.mygdx.sheep.tiles.Tile.drawSprite(Lcom/badlogic/gdx/graphics/g2d/SpriteBatch;Lcom/badlogic/gdx/graphics/Texture;FFZF)V @ 90
Event: 365.867 Thread 0x00007f9b34350000 Uncommon trap: reason=class_check action=maybe_recompile pc=0x00007f9b3111c164 method=com.mygdx.sheep.tiles.Tile.drawSprite(Lcom/badlogic/gdx/graphics/g2d/SpriteBatch;Lcom/badlogic/gdx/graphics/Texture;FFZF)V @ 90
Event: 366.666 Thread 0x00007f9b34350000 Uncommon trap: reason=unreached action=reinterpret pc=0x00007f9b310ae3bc method=java.lang.AbstractStringBuilder.append(Ljava/lang/String;)Ljava/lang/AbstractStringBuilder; @ 1
Event: 366.685 Thread 0x00007f9b34350000 Uncommon trap: reason=intrinsic action=make_not_entrant pc=0x00007f9b31150a58 method=com.mygdx.sheep.TabMenu.bounceFunctUp(F)F @ 11
Event: 372.293 Thread 0x00007f9b34350000 Uncommon trap: reason=unreached action=reinterpret pc=0x00007f9b3117c5ac method=com.badlogic.gdx.graphics.g2d.BitmapFontCache.requireSequence(Ljava/lang/CharSequence;II)V @ 174
Event: 523.323 Thread 0x00007f9abe1bf800 Uncommon trap: reason=class_check action=maybe_recompile pc=0x00007f9b3116d1e8 method=com.badlogic.gdx.utils.ObjectMap.get(Ljava/lang/Object;)Ljava/lang/Object; @ 38
Event: 531.964 Thread 0x00007f9abe1bf800 Uncommon trap: reason=unreached action=reinterpret pc=0x00007f9b3113b694 method=java.lang.ThreadLocal.get()Ljava/lang/Object; @ 11
Event: 546.998 Thread 0x00007f9abe1bf800 Uncommon trap: reason=unreached action=reinterpret pc=0x00007f9b3113a080 method=java.lang.ThreadLocal$ThreadLocalMap.getEntry(Ljava/lang/ThreadLocal;)Ljava/lang/ThreadLocal$ThreadLocalMap$Entry; @ 21
Event: 594.660 Thread 0x00007f9b342ad000 Uncommon trap: reason=unreached action=reinterpret pc=0x00007f9b31136fe4 method=java.util.concurrent.locks.AbstractQueuedSynchronizer.acquireQueued(Ljava/util/concurrent/locks/AbstractQueuedSynchronizer$Node;I)Z @ 17

Internal exceptions (10 events):
Event: 378.843 Thread 0x00007f9ab5b31800 Threw 0x00000000ec034668 at /build/openjdk-7-kBcQ8a/openjdk-7-7u55-2.4.7/build/openjdk/hotspot/src/share/vm/prims/jvm.cpp:1244
Event: 378.843 Thread 0x00007f9ab5b31800 Threw 0x00000000ec0358d0 at /build/openjdk-7-kBcQ8a/openjdk-7-7u55-2.4.7/build/openjdk/hotspot/src/share/vm/prims/jvm.cpp:1244
Event: 378.843 Thread 0x00007f9ab5b31800 Threw 0x00000000ec0371f8 at /build/openjdk-7-kBcQ8a/openjdk-7-7u55-2.4.7/build/openjdk/hotspot/src/share/vm/prims/jvm.cpp:1244
Event: 378.843 Thread 0x00007f9ab5b31800 Threw 0x00000000ec038048 at /build/openjdk-7-kBcQ8a/openjdk-7-7u55-2.4.7/build/openjdk/hotspot/src/share/vm/prims/jvm.cpp:1244
Event: 378.844 Thread 0x00007f9ab5b31800 Threw 0x00000000ec039980 at /build/openjdk-7-kBcQ8a/openjdk-7-7u55-2.4.7/build/openjdk/hotspot/src/share/vm/prims/jvm.cpp:1244
Event: 378.844 Thread 0x00007f9ab5b31800 Threw 0x00000000ec03a7b0 at /build/openjdk-7-kBcQ8a/openjdk-7-7u55-2.4.7/build/openjdk/hotspot/src/share/vm/prims/jvm.cpp:1244
Event: 378.844 Thread 0x00007f9ab5b31800 Threw 0x00000000ec03c0d8 at /build/openjdk-7-kBcQ8a/openjdk-7-7u55-2.4.7/build/openjdk/hotspot/src/share/vm/prims/jvm.cpp:1244
Event: 531.964 Thread 0x00007f9abe1bf800 Implicit null exception at 0x00007f9b3113b5d4 to 0x00007f9b3113b681
Event: 546.998 Thread 0x00007f9abe1bf800 Implicit null exception at 0x00007f9b31139fd0 to 0x00007f9b3113a065
Event: 594.506 Thread 0x00007f9aa8001000 Threw 0x00000000ec05c830 at /build/openjdk-7-kBcQ8a/openjdk-7-7u55-2.4.7/build/openjdk/hotspot/src/share/vm/prims/jvm.cpp:1244

Events (10 events):
Event: 594.506 loading class 0x00007f9b34238730 done
Event: 594.509 Thread 0x00007f9aa4001000 Thread added: 0x00007f9aa4001000
Event: 594.660 Executing VM operation: RevokeBias
Event: 594.660 Executing VM operation: RevokeBias done
Event: 594.660 Thread 0x00007f9b342ad000 Uncommon trap: trap_request=0xffffffad fr.pc=0x00007f9b31136fe4
Event: 594.660 Thread 0x00007f9b342ad000 DEOPT PACKING pc=0x00007f9b31136fe4 sp=0x00007f9af604e3b0
Event: 594.660 Thread 0x00007f9aa8001000 Thread exited: 0x00007f9aa8001000
Event: 594.660 Thread 0x00007f9b342ad000 DEOPT UNPACKING pc=0x00007f9b31039045 sp=0x00007f9af604e350 mode 2
Event: 594.661 Thread 0x00007f9aa8002000 Thread exited: 0x00007f9aa8002000
Event: 594.661 Executing VM operation: Exit


Dynamic libraries:
00400000-00401000 r-xp 00000000 08:03 3934148                            /usr/lib/jvm/java-7-openjdk-amd64/jre/bin/java
00600000-00601000 r--p 00000000 08:03 3934148                            /usr/lib/jvm/java-7-openjdk-amd64/jre/bin/java
00601000-00602000 rw-p 00001000 08:03 3934148                            /usr/lib/jvm/java-7-openjdk-amd64/jre/bin/java
00f33000-00f54000 rw-p 00000000 00:00 0                                  [heap]
b8a00000-b9f00000 rw-p 00000000 00:00 0 
b9f00000-c3000000 rw-p 00000000 00:00 0 
c3000000-c5880000 rw-p 00000000 00:00 0 
c5880000-eba80000 rw-p 00000000 00:00 0 
eba80000-ed700000 rw-p 00000000 00:00 0 
ed700000-ed800000 ---p 00000000 00:00 0 
ed800000-100000000 rw-p 00000000 00:00 0 
7f9a9c000000-7f9a9c021000 rw-p 00000000 00:00 0 
7f9a9c021000-7f9aa0000000 ---p 00000000 00:00 0 
7f9aa0000000-7f9aa0021000 rw-p 00000000 00:00 0 
7f9aa0021000-7f9aa4000000 ---p 00000000 00:00 0 
7f9aa4000000-7f9aa4021000 rw-p 00000000 00:00 0 
7f9aa4021000-7f9aa8000000 ---p 00000000 00:00 0 
7f9aa8000000-7f9aa8021000 rw-p 00000000 00:00 0 
7f9aa8021000-7f9aac000000 ---p 00000000 00:00 0 
7f9aac000000-7f9aac03d000 rw-p 00000000 00:00 0 
7f9aac03d000-7f9ab0000000 ---p 00000000 00:00 0 
7f9ab0000000-7f9ab0021000 rw-p 00000000 00:00 0 
7f9ab0021000-7f9ab4000000 ---p 00000000 00:00 0 
7f9ab4000000-7f9ab5c2d000 rw-p 00000000 00:00 0 
7f9ab5c2d000-7f9ab8000000 ---p 00000000 00:00 0 
7f9ab8000000-7f9ab804d000 rw-p 00000000 00:00 0 
7f9ab804d000-7f9abc000000 ---p 00000000 00:00 0 
7f9abc000000-7f9abff71000 rw-p 00000000 00:00 0 
7f9abff71000-7f9ac0000000 ---p 00000000 00:00 0 
7f9ac4000000-7f9ac40ae000 rw-p 00000000 00:00 0 
7f9ac40ae000-7f9ac8000000 ---p 00000000 00:00 0 
7f9ac8000000-7f9ac87d6000 rw-p 00000000 00:00 0 
7f9ac87d6000-7f9acc000000 ---p 00000000 00:00 0 
7f9acc000000-7f9acc021000 rw-p 00000000 00:00 0 
7f9acc021000-7f9ad0000000 ---p 00000000 00:00 0 
7f9ad0000000-7f9ad00b4000 rw-p 00000000 00:00 0 
7f9ad00b4000-7f9ad4000000 ---p 00000000 00:00 0 
7f9ad4000000-7f9ad4021000 rw-p 00000000 00:00 0 
7f9ad4021000-7f9ad8000000 ---p 00000000 00:00 0 
7f9ad8000000-7f9adbf2b000 rw-p 00000000 00:00 0 
7f9adbf2b000-7f9adc000000 ---p 00000000 00:00 0 
7f9adc000000-7f9adc021000 rw-p 00000000 00:00 0 
7f9adc021000-7f9ae0000000 ---p 00000000 00:00 0 
7f9ae0fd6000-7f9ae0fd9000 ---p 00000000 00:00 0 
7f9ae0fd9000-7f9ae10d7000 rw-p 00000000 00:00 0 
7f9ae10d7000-7f9ae10da000 ---p 00000000 00:00 0 
7f9ae10da000-7f9ae11d8000 rw-p 00000000 00:00 0 
7f9ae11d8000-7f9ae11db000 ---p 00000000 00:00 0 
7f9ae11db000-7f9ae12d9000 rw-p 00000000 00:00 0 
7f9ae12d9000-7f9ae12dc000 ---p 00000000 00:00 0 
7f9ae12dc000-7f9ae13da000 rw-p 00000000 00:00 0 
7f9ae13da000-7f9ae13dd000 ---p 00000000 00:00 0 
7f9ae13dd000-7f9ae14db000 rw-p 00000000 00:00 0 
7f9ae14db000-7f9ae14de000 ---p 00000000 00:00 0 
7f9ae14de000-7f9ae15dc000 rw-p 00000000 00:00 0 
7f9ae15dc000-7f9ae17dc000 rw-s d5dd2000 00:05 7289                       /dev/ati/card0
7f9ae17dc000-7f9ae19dc000 rw-s d5bd2000 00:05 7289                       /dev/ati/card0
7f9ae19dc000-7f9ae1bdc000 rw-s d2e99000 00:05 7289                       /dev/ati/card0
7f9ae1bdc000-7f9ae1bdf000 ---p 00000000 00:00 0 
7f9ae1bdf000-7f9ae1cdd000 rw-p 00000000 00:00 0 
7f9ae1cdd000-7f9ae1ce2000 r-xp 00000000 08:03 12192225                   /lib/x86_64-linux-gnu/libnss_dns-2.19.so
7f9ae1ce2000-7f9ae1ee1000 ---p 00005000 08:03 12192225                   /lib/x86_64-linux-gnu/libnss_dns-2.19.so
7f9ae1ee1000-7f9ae1ee2000 r--p 00004000 08:03 12192225                   /lib/x86_64-linux-gnu/libnss_dns-2.19.so
7f9ae1ee2000-7f9ae1ee3000 rw-p 00005000 08:03 12192225                   /lib/x86_64-linux-gnu/libnss_dns-2.19.so
7f9ae1ee3000-7f9ae1ee5000 r-xp 00000000 08:03 12058696                   /lib/libnss_mdns4_minimal.so.2
7f9ae1ee5000-7f9ae20e4000 ---p 00002000 08:03 12058696                   /lib/libnss_mdns4_minimal.so.2
7f9ae20e4000-7f9ae20e5000 rw-p 00001000 08:03 12058696                   /lib/libnss_mdns4_minimal.so.2
7f9ae20e5000-7f9ae20fc000 r-xp 00000000 08:03 3934214                    /usr/lib/jvm/java-7-openjdk-amd64/jre/lib/amd64/libnet.so
7f9ae20fc000-7f9ae22fb000 ---p 00017000 08:03 3934214                    /usr/lib/jvm/java-7-openjdk-amd64/jre/lib/amd64/libnet.so
7f9ae22fb000-7f9ae22fc000 r--p 00016000 08:03 3934214                    /usr/lib/jvm/java-7-openjdk-amd64/jre/lib/amd64/libnet.so
7f9ae22fc000-7f9ae22fd000 rw-p 00017000 08:03 3934214                    /usr/lib/jvm/java-7-openjdk-amd64/jre/lib/amd64/libnet.so
7f9ae22fd000-7f9ae2300000 ---p 00000000 00:00 0 
7f9ae2300000-7f9ae23fe000 rw-p 00000000 00:00 0 
7f9ae23fe000-7f9ae25fe000 rw-s d389b000 00:05 7289                       /dev/ati/card0
7f9ae25fe000-7f9ae26fe000 rw-s 3a34f000 00:05 7289                       /dev/ati/card0
7f9ae26fe000-7f9ae2701000 ---p 00000000 00:00 0 
7f9ae2701000-7f9ae27ff000 rw-p 00000000 00:00 0 
7f9ae27ff000-7f9ae2800000 ---p 00000000 00:00 0 
7f9ae2800000-7f9ae3000000 rw-p 00000000 00:00 0 
7f9ae3000000-7f9ae3001000 ---p 00000000 00:00 0 
7f9ae3001000-7f9ae3801000 rw-p 00000000 00:00 0 
7f9ae3801000-7f9ae3875000 rw-p 00000000 00:00 0 
7f9ae38ff000-7f9ae3fff000 rw-s 00006000 00:05 7289                       /dev/ati/card0
7f9ae3fff000-7f9ae8000000 rw-s 00000000 00:11 1688312                    /run/shm/pulse-shm-1444452437
7f9ae8000000-7f9ae8021000 rw-p 00000000 00:00 0 
7f9ae8021000-7f9aec000000 ---p 00000000 00:00 0 
7f9aec07d000-7f9aec0c5000 rw-p 00000000 00:00 0 
7f9aec0c5000-7f9aec102000 r-xp 00000000 08:03 4201336                    /usr/lib/x86_64-linux-gnu/libatiadlxx.so
7f9aec102000-7f9aec201000 ---p 0003d000 08:03 4201336                    /usr/lib/x86_64-linux-gnu/libatiadlxx.so
7f9aec201000-7f9aec20b000 rw-p 0003c000 08:03 4201336                    /usr/lib/x86_64-linux-gnu/libatiadlxx.so
7f9aec20b000-7f9aec21b000 rw-p 00000000 00:00 0 
7f9aec21b000-7f9aec222000 r-xp 00000000 08:03 4201328                    /usr/lib/x86_64-linux-gnu/libatiuki.so.1.0
7f9aec222000-7f9aec322000 ---p 00007000 08:03 4201328                    /usr/lib/x86_64-linux-gnu/libatiuki.so.1.0
7f9aec322000-7f9aec323000 rw-p 00007000 08:03 4201328                    /usr/lib/x86_64-linux-gnu/libatiuki.so.1.0
7f9aec323000-7f9aec324000 rw-p 00000000 00:00 0 
7f9aec324000-7f9aee21c000 r-xp 00000000 08:03 4201338                    /usr/lib/x86_64-linux-gnu/dri/fglrx_dri.so
7f9aee21c000-7f9aee31b000 ---p 01ef8000 08:03 4201338                    /usr/lib/x86_64-linux-gnu/dri/fglrx_dri.so
7f9aee31b000-7f9aee479000 rwxp 01ef7000 08:03 4201338                    /usr/lib/x86_64-linux-gnu/dri/fglrx_dri.so
7f9aee479000-7f9aee59d000 rwxp 00000000 00:00 0 
7f9aee59d000-7f9aee660000 r-xp 00000000 08:03 4201341                    /usr/lib/x86_64-linux-gnu/fglrx/fglrx-libGL.so.1.2
7f9aee660000-7f9aee75f000 ---p 000c3000 08:03 4201341                    /usr/lib/x86_64-linux-gnu/fglrx/fglrx-libGL.so.1.2
7f9aee75f000-7f9aee786000 rwxp 000c2000 08:03 4201341                    /usr/lib/x86_64-linux-gnu/fglrx/fglrx-libGL.so.1.2
7f9aee786000-7f9aee7a6000 rwxp 00000000 00:00 0 
7f9aee7a6000-7f9aee7a9000 ---p 00000000 00:00 0 
7f9aee7a9000-7f9aee8a7000 rw-p 00000000 00:00 0 
7f9aee8a7000-7f9aee8a8000 ---p 00000000 00:00 0 
7f9aee8a8000-7f9aef0a8000 rw-p 00000000 00:00 0 
7f9aef0a8000-7f9aef0ae000 r-xp 00000000 08:03 4200289                    /usr/lib/x86_64-linux-gnu/libogg.so.0.8.0
7f9aef0ae000-7f9aef2ad000 ---p 00006000 08:03 4200289                    /usr/lib/x86_64-linux-gnu/libogg.so.0.8.0
7f9aef2ad000-7f9aef2ae000 rw-p 00005000 08:03 4200289                    /usr/lib/x86_64-linux-gnu/libogg.so.0.8.0
7f9aef2ae000-7f9aef2da000 r-xp 00000000 08:03 4200496                    /usr/lib/x86_64-linux-gnu/libvorbis.so.0.4.5
7f9aef2da000-7f9aef4d9000 ---p 0002c000 08:03 4200496                    /usr/lib/x86_64-linux-gnu/libvorbis.so.0.4.5
7f9aef4d9000-7f9aef4da000 r--p 0002b000 08:03 4200496                    /usr/lib/x86_64-linux-gnu/libvorbis.so.0.4.5
7f9aef4da000-7f9aef4db000 rw-p 0002c000 08:03 4200496                    /usr/lib/x86_64-linux-gnu/libvorbis.so.0.4.5
7f9aef4db000-7f9aef78e000 r-xp 00000000 08:03 4200498                    /usr/lib/x86_64-linux-gnu/libvorbisenc.so.2.0.8
7f9aef78e000-7f9aef98d000 ---p 002b3000 08:03 4200498                    /usr/lib/x86_64-linux-gnu/libvorbisenc.so.2.0.8
7f9aef98d000-7f9aef9a9000 r--p 002b2000 08:03 4200498                    /usr/lib/x86_64-linux-gnu/libvorbisenc.so.2.0.8
7f9aef9a9000-7f9aef9aa000 rw-p 002ce000 08:03 4200498                    /usr/lib/x86_64-linux-gnu/libvorbisenc.so.2.0.8
7f9aef9aa000-7f9aef9f5000 r-xp 00000000 08:03 4199700                    /usr/lib/x86_64-linux-gnu/libFLAC.so.8.2.0
7f9aef9f5000-7f9aefbf4000 ---p 0004b000 08:03 4199700                    /usr/lib/x86_64-linux-gnu/libFLAC.so.8.2.0
7f9aefbf4000-7f9aefbf5000 r--p 0004a000 08:03 4199700                    /usr/lib/x86_64-linux-gnu/libFLAC.so.8.2.0
7f9aefbf5000-7f9aefbf6000 rw-p 0004b000 08:03 4199700                    /usr/lib/x86_64-linux-gnu/libFLAC.so.8.2.0
7f9aefbf6000-7f9aefbfa000 r-xp 00000000 08:03 12190707                   /lib/x86_64-linux-gnu/libuuid.so.1.3.0
7f9aefbfa000-7f9aefdf9000 ---p 00004000 08:03 12190707                   /lib/x86_64-linux-gnu/libuuid.so.1.3.0
7f9aefdf9000-7f9aefdfa000 r--p 00003000 08:03 12190707                   /lib/x86_64-linux-gnu/libuuid.so.1.3.0
7f9aefdfa000-7f9aefdfb000 rw-p 00004000 08:03 12190707                   /lib/x86_64-linux-gnu/libuuid.so.1.3.0
7f9aefdfb000-7f9aefdff000 r-xp 00000000 08:03 12190559                   /lib/x86_64-linux-gnu/libattr.so.1.1.0
7f9aefdff000-7f9aefffe000 ---p 00004000 08:03 12190559                   /lib/x86_64-linux-gnu/libattr.so.1.1.0
7f9aefffe000-7f9aeffff000 r--p 00003000 08:03 12190559                   /lib/x86_64-linux-gnu/libattr.so.1.1.0
7f9aeffff000-7f9af0000000 rw-p 00004000 08:03 12190559                   /lib/x86_64-linux-gnu/libattr.so.1.1.0
7f9af0000000-7f9af0021000 rw-p 00000000 00:00 0 
7f9af0021000-7f9af4000000 ---p 00000000 00:00 0 
7f9af402a000-7f9af402b000 ---p 00000000 00:00 0 
7f9af402b000-7f9af412b000 rw-p 00000000 00:00 0 
7f9af412b000-7f9af4130000 r-xp 00000000 08:03 4199797                    /usr/lib/x86_64-linux-gnu/libasyncns.so.0.3.1
7f9af4130000-7f9af432f000 ---p 00005000 08:03 4199797                    /usr/lib/x86_64-linux-gnu/libasyncns.so.0.3.1
7f9af432f000-7f9af4330000 rw-p 00004000 08:03 4199797                    /usr/lib/x86_64-linux-gnu/libasyncns.so.0.3.1
7f9af4330000-7f9af4391000 r-xp 00000000 08:03 4200411                    /usr/lib/x86_64-linux-gnu/libsndfile.so.1.0.25
7f9af4391000-7f9af4590000 ---p 00061000 08:03 4200411                    /usr/lib/x86_64-linux-gnu/libsndfile.so.1.0.25
7f9af4590000-7f9af4592000 r--p 00060000 08:03 4200411                    /usr/lib/x86_64-linux-gnu/libsndfile.so.1.0.25
7f9af4592000-7f9af4593000 rw-p 00062000 08:03 4200411                    /usr/lib/x86_64-linux-gnu/libsndfile.so.1.0.25
7f9af4593000-7f9af4597000 rw-p 00000000 00:00 0 
7f9af4597000-7f9af45a0000 r-xp 00000000 08:03 12190709                   /lib/x86_64-linux-gnu/libwrap.so.0.7.6
7f9af45a0000-7f9af479f000 ---p 00009000 08:03 12190709                   /lib/x86_64-linux-gnu/libwrap.so.0.7.6
7f9af479f000-7f9af47a0000 r--p 00008000 08:03 12190709                   /lib/x86_64-linux-gnu/libwrap.so.0.7.6
7f9af47a0000-7f9af47a1000 rw-p 00009000 08:03 12190709                   /lib/x86_64-linux-gnu/libwrap.so.0.7.6
7f9af47a1000-7f9af47a2000 rw-p 00000000 00:00 0 
7f9af47a2000-7f9af47a9000 r-xp 00000000 08:03 4199720                    /usr/lib/x86_64-linux-gnu/libSM.so.6.0.1
7f9af47a9000-7f9af49a8000 ---p 00007000 08:03 4199720                    /usr/lib/x86_64-linux-gnu/libSM.so.6.0.1
7f9af49a8000-7f9af49a9000 rw-p 00006000 08:03 4199720                    /usr/lib/x86_64-linux-gnu/libSM.so.6.0.1
7f9af49a9000-7f9af49c0000 r-xp 00000000 08:03 4199710                    /usr/lib/x86_64-linux-gnu/libICE.so.6.3.0
7f9af49c0000-7f9af4bbf000 ---p 00017000 08:03 4199710                    /usr/lib/x86_64-linux-gnu/libICE.so.6.3.0
7f9af4bbf000-7f9af4bc1000 rw-p 00016000 08:03 4199710                    /usr/lib/x86_64-linux-gnu/libICE.so.6.3.0
7f9af4bc1000-7f9af4bc4000 rw-p 00000000 00:00 0 
7f9af4bc4000-7f9af4bc5000 r-xp 00000000 08:03 4199726                    /usr/lib/x86_64-linux-gnu/libX11-xcb.so.1.0.0
7f9af4bc5000-7f9af4dc4000 ---p 00001000 08:03 4199726                    /usr/lib/x86_64-linux-gnu/libX11-xcb.so.1.0.0
7f9af4dc4000-7f9af4dc5000 rw-p 00000000 08:03 4199726                    /usr/lib/x86_64-linux-gnu/libX11-xcb.so.1.0.0
7f9af4dc5000-7f9af4dc9000 r-xp 00000000 08:03 12190572                   /lib/x86_64-linux-gnu/libcap.so.2.22
7f9af4dc9000-7f9af4fc8000 ---p 00004000 08:03 12190572                   /lib/x86_64-linux-gnu/libcap.so.2.22
7f9af4fc8000-7f9af4fc9000 rw-p 00003000 08:03 12190572                   /lib/x86_64-linux-gnu/libcap.so.2.22
7f9af4fc9000-7f9af502a000 r-xp 00000000 08:03 4325923                    /usr/lib/x86_64-linux-gnu/pulseaudio/libpulsecommon-2.0.so
7f9af502a000-7f9af5229000 ---p 00061000 08:03 4325923                    /usr/lib/x86_64-linux-gnu/pulseaudio/libpulsecommon-2.0.so
7f9af5229000-7f9af522a000 r--p 00060000 08:03 4325923                    /usr/lib/x86_64-linux-gnu/pulseaudio/libpulsecommon-2.0.so
7f9af522a000-7f9af522c000 rw-p 00061000 08:03 4325923                    /usr/lib/x86_64-linux-gnu/pulseaudio/libpulsecommon-2.0.so
7f9af522c000-7f9af5235000 r-xp 00000000 08:03 12190608                   /lib/x86_64-linux-gnu/libjson.so.0.1.0
7f9af5235000-7f9af5434000 ---p 00009000 08:03 12190608                   /lib/x86_64-linux-gnu/libjson.so.0.1.0
7f9af5434000-7f9af5435000 r--p 00008000 08:03 12190608                   /lib/x86_64-linux-gnu/libjson.so.0.1.0
7f9af5435000-7f9af5436000 rw-p 00009000 08:03 12190608                   /lib/x86_64-linux-gnu/libjson.so.0.1.0
7f9af5436000-7f9af547f000 r-xp 00000000 08:03 4200364                    /usr/lib/x86_64-linux-gnu/libpulse.so.0.14.2
7f9af547f000-7f9af567e000 ---p 00049000 08:03 4200364                    /usr/lib/x86_64-linux-gnu/libpulse.so.0.14.2
7f9af567e000-7f9af567f000 r--p 00048000 08:03 4200364                    /usr/lib/x86_64-linux-gnu/libpulse.so.0.14.2
7f9af567f000-7f9af5680000 rw-p 00049000 08:03 4200364                    /usr/lib/x86_64-linux-gnu/libpulse.so.0.14.2
7f9af5680000-7f9af56d5000 r-xp 00000000 08:01 301132                     /media/winDisk/Users/ChobeDucket/Documents/sheep/android/assets/.temp/7b43be9b/libopenal64.so
7f9af56d5000-7f9af58d4000 ---p 00055000 08:01 301132                     /media/winDisk/Users/ChobeDucket/Documents/sheep/android/assets/.temp/7b43be9b/libopenal64.so
7f9af58d4000-7f9af58d7000 r--p 00054000 08:01 301132                     /media/winDisk/Users/ChobeDucket/Documents/sheep/android/assets/.temp/7b43be9b/libopenal64.so
7f9af58d7000-7f9af58d8000 rw-p 00057000 08:01 301132                     /media/winDisk/Users/ChobeDucket/Documents/sheep/android/assets/.temp/7b43be9b/libopenal64.so
7f9af58d8000-7f9af58d9000 rw-p 00000000 00:00 0 
7f9af58d9000-7f9af58dd000 r-xp 00000000 08:03 4199775                    /usr/lib/x86_64-linux-gnu/libXxf86vm.so.1.0.0
7f9af58dd000-7f9af5add000 ---p 00004000 08:03 4199775                    /usr/lib/x86_64-linux-gnu/libXxf86vm.so.1.0.0
7f9af5add000-7f9af5ade000 r--p 00004000 08:03 4199775                    /usr/lib/x86_64-linux-gnu/libXxf86vm.so.1.0.0
7f9af5ade000-7f9af5adf000 rw-p 00005000 08:03 4199775                    /usr/lib/x86_64-linux-gnu/libXxf86vm.so.1.0.0
7f9af5adf000-7f9af5b4b000 r-xp 00000000 08:01 301131                     /media/winDisk/Users/ChobeDucket/Documents/sheep/android/assets/.temp/7b43be9b/liblwjgl64.so
7f9af5b4b000-7f9af5d4a000 ---p 0006c000 08:01 301131                     /media/winDisk/Users/ChobeDucket/Documents/sheep/android/assets/.temp/7b43be9b/liblwjgl64.so
7f9af5d4a000-7f9af5d4c000 r--p 0006b000 08:01 301131                     /media/winDisk/Users/ChobeDucket/Documents/sheep/android/assets/.temp/7b43be9b/liblwjgl64.so
7f9af5d4c000-7f9af5d4d000 rw-p 0006d000 08:01 301131                     /media/winDisk/Users/ChobeDucket/Documents/sheep/android/assets/.temp/7b43be9b/liblwjgl64.so
7f9af5d4d000-7f9af5d4e000 r-xp 00000000 08:03 3934229                    /usr/lib/jvm/java-7-openjdk-amd64/jre/lib/amd64/libjawt.so
7f9af5d4e000-7f9af5f4d000 ---p 00001000 08:03 3934229                    /usr/lib/jvm/java-7-openjdk-amd64/jre/lib/amd64/libjawt.so
7f9af5f4d000-7f9af5f4e000 r--p 00000000 08:03 3934229                    /usr/lib/jvm/java-7-openjdk-amd64/jre/lib/amd64/libjawt.so
7f9af5f4e000-7f9af5f4f000 rw-p 00001000 08:03 3934229                    /usr/lib/jvm/java-7-openjdk-amd64/jre/lib/amd64/libjawt.so
7f9af5f4f000-7f9af5f52000 ---p 00000000 00:00 0 
7f9af5f52000-7f9af6050000 rw-p 00000000 00:00 0 
7f9af6050000-7f9af6053000 ---p 00000000 00:00 0 
7f9af6053000-7f9af6151000 rw-p 00000000 00:00 0 
7f9af6151000-7f9af6154000 r-xp 00000000 08:03 12190599                   /lib/x86_64-linux-gnu/libgpg-error.so.0.8.0
7f9af6154000-7f9af6353000 ---p 00003000 08:03 12190599                   /lib/x86_64-linux-gnu/libgpg-error.so.0.8.0
7f9af6353000-7f9af6354000 rw-p 00002000 08:03 12190599                   /lib/x86_64-linux-gnu/libgpg-error.so.0.8.0
7f9af6354000-7f9af6398000 r-xp 00000000 08:03 12190580                   /lib/x86_64-linux-gnu/libdbus-1.so.3.7.2
7f9af6398000-7f9af6598000 ---p 00044000 08:03 12190580                   /lib/x86_64-linux-gnu/libdbus-1.so.3.7.2
7f9af6598000-7f9af6599000 r--p 00044000 08:03 12190580                   /lib/x86_64-linux-gnu/libdbus-1.so.3.7.2
7f9af6599000-7f9af659a000 rw-p 00045000 08:03 12190580                   /lib/x86_64-linux-gnu/libdbus-1.so.3.7.2
7f9af659a000-7f9af65ab000 r-xp 00000000 08:03 4200305                    /usr/lib/x86_64-linux-gnu/libp11-kit.so.0.0.0
7f9af65ab000-7f9af67aa000 ---p 00011000 08:03 4200305                    /usr/lib/x86_64-linux-gnu/libp11-kit.so.0.0.0
7f9af67aa000-7f9af67ab000 r--p 00010000 08:03 4200305                    /usr/lib/x86_64-linux-gnu/libp11-kit.so.0.0.0
7f9af67ab000-7f9af67ac000 rw-p 00011000 08:03 4200305                    /usr/lib/x86_64-linux-gnu/libp11-kit.so.0.0.0
7f9af67ac000-7f9af6826000 r-xp 00000000 08:03 12190595                   /lib/x86_64-linux-gnu/libgcrypt.so.11.7.0
7f9af6826000-7f9af6a26000 ---p 0007a000 08:03 12190595                   /lib/x86_64-linux-gnu/libgcrypt.so.11.7.0
7f9af6a26000-7f9af6a27000 r--p 0007a000 08:03 12190595                   /lib/x86_64-linux-gnu/libgcrypt.so.11.7.0
7f9af6a27000-7f9af6a2a000 rw-p 0007b000 08:03 12190595                   /lib/x86_64-linux-gnu/libgcrypt.so.11.7.0
7f9af6a2a000-7f9af6a3a000 r-xp 00000000 08:03 4200448                    /usr/lib/x86_64-linux-gnu/libtasn1.so.3.1.16
7f9af6a3a000-7f9af6c39000 ---p 00010000 08:03 4200448                    /usr/lib/x86_64-linux-gnu/libtasn1.so.3.1.16
7f9af6c39000-7f9af6c3a000 r--p 0000f000 08:03 4200448                    /usr/lib/x86_64-linux-gnu/libtasn1.so.3.1.16
7f9af6c3a000-7f9af6c3b000 rw-p 00010000 08:03 4200448                    /usr/lib/x86_64-linux-gnu/libtasn1.so.3.1.16
7f9af6c3b000-7f9af6c3e000 r-xp 00000000 08:03 12190610                   /lib/x86_64-linux-gnu/libkeyutils.so.1.4
7f9af6c3e000-7f9af6e3d000 ---p 00003000 08:03 12190610                   /lib/x86_64-linux-gnu/libkeyutils.so.1.4
7f9af6e3d000-7f9af6e3e000 r--p 00002000 08:03 12190610                   /lib/x86_64-linux-gnu/libkeyutils.so.1.4
7f9af6e3e000-7f9af6e3f000 rw-p 00003000 08:03 12190610                   /lib/x86_64-linux-gnu/libkeyutils.so.1.4
7f9af6e3f000-7f9af6e47000 r-xp 00000000 08:03 4200208                    /usr/lib/x86_64-linux-gnu/libkrb5support.so.0.1
7f9af6e47000-7f9af7046000 ---p 00008000 08:03 4200208                    /usr/lib/x86_64-linux-gnu/libkrb5support.so.0.1
7f9af7046000-7f9af7047000 r--p 00007000 08:03 4200208                    /usr/lib/x86_64-linux-gnu/libkrb5support.so.0.1
7f9af7047000-7f9af7048000 rw-p 00008000 08:03 4200208                    /usr/lib/x86_64-linux-gnu/libkrb5support.so.0.1
7f9af7048000-7f9af704b000 r-xp 00000000 08:03 12190576                   /lib/x86_64-linux-gnu/libcom_err.so.2.1
7f9af704b000-7f9af724a000 ---p 00003000 08:03 12190576                   /lib/x86_64-linux-gnu/libcom_err.so.2.1
7f9af724a000-7f9af724b000 r--p 00002000 08:03 12190576                   /lib/x86_64-linux-gnu/libcom_err.so.2.1
7f9af724b000-7f9af724c000 rw-p 00003000 08:03 12190576                   /lib/x86_64-linux-gnu/libcom_err.so.2.1
7f9af724c000-7f9af7272000 r-xp 00000000 08:03 4200198                    /usr/lib/x86_64-linux-gnu/libk5crypto.so.3.1
7f9af7272000-7f9af7472000 ---p 00026000 08:03 4200198                    /usr/lib/x86_64-linux-gnu/libk5crypto.so.3.1
7f9af7472000-7f9af7473000 r--p 00026000 08:03 4200198                    /usr/lib/x86_64-linux-gnu/libk5crypto.so.3.1
7f9af7473000-7f9af7474000 rw-p 00027000 08:03 4200198                    /usr/lib/x86_64-linux-gnu/libk5crypto.so.3.1
7f9af7474000-7f9af7475000 rw-p 00000000 00:00 0 
7f9af7475000-7f9af753e000 r-xp 00000000 08:03 4200206                    /usr/lib/x86_64-linux-gnu/libkrb5.so.3.3
7f9af753e000-7f9af773d000 ---p 000c9000 08:03 4200206                    /usr/lib/x86_64-linux-gnu/libkrb5.so.3.3
7f9af773d000-7f9af7747000 r--p 000c8000 08:03 4200206                    /usr/lib/x86_64-linux-gnu/libkrb5.so.3.3
7f9af7747000-7f9af7749000 rw-p 000d2000 08:03 4200206                    /usr/lib/x86_64-linux-gnu/libkrb5.so.3.3
7f9af7749000-7f9af774e000 r-xp 00000000 08:03 4199743                    /usr/lib/x86_64-linux-gnu/libXdmcp.so.6.0.0
7f9af774e000-7f9af794d000 ---p 00005000 08:03 4199743                    /usr/lib/x86_64-linux-gnu/libXdmcp.so.6.0.0
7f9af794d000-7f9af794e000 rw-p 00004000 08:03 4199743                    /usr/lib/x86_64-linux-gnu/libXdmcp.so.6.0.0
7f9af794e000-7f9af7950000 r-xp 00000000 08:03 4199732                    /usr/lib/x86_64-linux-gnu/libXau.so.6.0.0
7f9af7950000-7f9af7b50000 ---p 00002000 08:03 4199732                    /usr/lib/x86_64-linux-gnu/libXau.so.6.0.0
7f9af7b50000-7f9af7b51000 rw-p 00002000 08:03 4199732                    /usr/lib/x86_64-linux-gnu/libXau.so.6.0.0
7f9af7b51000-7f9af7b61000 r-xp 00000000 08:03 4199807                    /usr/lib/x86_64-linux-gnu/libavahi-client.so.3.2.9
7f9af7b61000-7f9af7d60000 ---p 00010000 08:03 4199807                    /usr/lib/x86_64-linux-gnu/libavahi-client.so.3.2.9
7f9af7d60000-7f9af7d61000 r--p 0000f000 08:03 4199807                    /usr/lib/x86_64-linux-gnu/libavahi-client.so.3.2.9
7f9af7d61000-7f9af7d62000 rw-p 00010000 08:03 4199807                    /usr/lib/x86_64-linux-gnu/libavahi-client.so.3.2.9
7f9af7d62000-7f9af7d6e000 r-xp 00000000 08:03 4199809                    /usr/lib/x86_64-linux-gnu/libavahi-common.so.3.5.3
7f9af7d6e000-7f9af7f6d000 ---p 0000c000 08:03 4199809                    /usr/lib/x86_64-linux-gnu/libavahi-common.so.3.5.3
7f9af7f6d000-7f9af7f6e000 r--p 0000b000 08:03 4199809                    /usr/lib/x86_64-linux-gnu/libavahi-common.so.3.5.3
7f9af7f6e000-7f9af7f6f000 rw-p 0000c000 08:03 4199809                    /usr/lib/x86_64-linux-gnu/libavahi-common.so.3.5.3
7f9af7f6f000-7f9af8028000 r-xp 00000000 08:03 4200060                    /usr/lib/x86_64-linux-gnu/libgnutls.so.26.22.4
7f9af8028000-7f9af8227000 ---p 000b9000 08:03 4200060                    /usr/lib/x86_64-linux-gnu/libgnutls.so.26.22.4
7f9af8227000-7f9af822d000 r--p 000b8000 08:03 4200060                    /usr/lib/x86_64-linux-gnu/libgnutls.so.26.22.4
7f9af822d000-7f9af822f000 rw-p 000be000 08:03 4200060                    /usr/lib/x86_64-linux-gnu/libgnutls.so.26.22.4
7f9af822f000-7f9af826b000 r-xp 00000000 08:03 4200085                    /usr/lib/x86_64-linux-gnu/libgssapi_krb5.so.2.2
7f9af826b000-7f9af846b000 ---p 0003c000 08:03 4200085                    /usr/lib/x86_64-linux-gnu/libgssapi_krb5.so.2.2
7f9af846b000-7f9af846c000 r--p 0003c000 08:03 4200085                    /usr/lib/x86_64-linux-gnu/libgssapi_krb5.so.2.2
7f9af846c000-7f9af846e000 rw-p 0003d000 08:03 4200085                    /usr/lib/x86_64-linux-gnu/libgssapi_krb5.so.2.2
7f9af846e000-7f9af84aa000 r-xp 00000000 08:03 12190663                   /lib/x86_64-linux-gnu/libpcre.so.3.13.1
7f9af84aa000-7f9af86aa000 ---p 0003c000 08:03 12190663                   /lib/x86_64-linux-gnu/libpcre.so.3.13.1
7f9af86aa000-7f9af86ab000 rw-p 0003c000 08:03 12190663                   /lib/x86_64-linux-gnu/libpcre.so.3.13.1
7f9af86ab000-7f9af86b7000 r-xp 00000000 08:03 4199961                    /usr/lib/x86_64-linux-gnu/libffi.so.5.0.10
7f9af86b7000-7f9af88b7000 ---p 0000c000 08:03 4199961                    /usr/lib/x86_64-linux-gnu/libffi.so.5.0.10
7f9af88b7000-7f9af88b8000 rw-p 0000c000 08:03 4199961                    /usr/lib/x86_64-linux-gnu/libffi.so.5.0.10
7f9af88b8000-7f9af88df000 r-xp 00000000 08:03 12190588                   /lib/x86_64-linux-gnu/libexpat.so.1.6.0
7f9af88df000-7f9af8adf000 ---p 00027000 08:03 12190588                   /lib/x86_64-linux-gnu/libexpat.so.1.6.0
7f9af8adf000-7f9af8ae1000 r--p 00027000 08:03 12190588                   /lib/x86_64-linux-gnu/libexpat.so.1.6.0
7f9af8ae1000-7f9af8ae2000 rw-p 00029000 08:03 12190588                   /lib/x86_64-linux-gnu/libexpat.so.1.6.0
7f9af8ae2000-7f9af8aea000 r-xp 00000000 08:03 4200521                    /usr/lib/x86_64-linux-gnu/libxcb-render.so.0.0.0
7f9af8aea000-7f9af8cea000 ---p 00008000 08:03 4200521                    /usr/lib/x86_64-linux-gnu/libxcb-render.so.0.0.0
7f9af8cea000-7f9af8ceb000 r--p 00008000 08:03 4200521                    /usr/lib/x86_64-linux-gnu/libxcb-render.so.0.0.0
7f9af8ceb000-7f9af8cec000 rw-p 00009000 08:03 4200521                    /usr/lib/x86_64-linux-gnu/libxcb-render.so.0.0.0
7f9af8cec000-7f9af8cee000 r-xp 00000000 08:03 4200525                    /usr/lib/x86_64-linux-gnu/libxcb-shm.so.0.0.0
7f9af8cee000-7f9af8eed000 ---p 00002000 08:03 4200525                    /usr/lib/x86_64-linux-gnu/libxcb-shm.so.0.0.0
7f9af8eed000-7f9af8eee000 r--p 00001000 08:03 4200525                    /usr/lib/x86_64-linux-gnu/libxcb-shm.so.0.0.0
7f9af8eee000-7f9af8eef000 rw-p 00002000 08:03 4200525                    /usr/lib/x86_64-linux-gnu/libxcb-shm.so.0.0.0
7f9af8eef000-7f9af8f6f000 r-xp 00000000 08:03 4200335                    /usr/lib/x86_64-linux-gnu/libpixman-1.so.0.26.0
7f9af8f6f000-7f9af916f000 ---p 00080000 08:03 4200335                    /usr/lib/x86_64-linux-gnu/libpixman-1.so.0.26.0
7f9af916f000-7f9af9175000 rw-p 00080000 08:03 4200335                    /usr/lib/x86_64-linux-gnu/libpixman-1.so.0.26.0
7f9af9175000-7f9af919b000 r-xp 00000000 08:03 12190665                   /lib/x86_64-linux-gnu/libpng12.so.0.49.0
7f9af919b000-7f9af939a000 ---p 00026000 08:03 12190665                   /lib/x86_64-linux-gnu/libpng12.so.0.49.0
7f9af939a000-7f9af939b000 r--p 00025000 08:03 12190665                   /lib/x86_64-linux-gnu/libpng12.so.0.49.0
7f9af939b000-7f9af939c000 rw-p 00026000 08:03 12190665                   /lib/x86_64-linux-gnu/libpng12.so.0.49.0
7f9af939c000-7f9af93b0000 r-xp 00000000 08:03 12192206                   /lib/x86_64-linux-gnu/libresolv-2.19.so
7f9af93b0000-7f9af95af000 ---p 00014000 08:03 12192206                   /lib/x86_64-linux-gnu/libresolv-2.19.so
7f9af95af000-7f9af95b0000 r--p 00013000 08:03 12192206                   /lib/x86_64-linux-gnu/libresolv-2.19.so
7f9af95b0000-7f9af95b1000 rw-p 00014000 08:03 12192206                   /lib/x86_64-linux-gnu/libresolv-2.19.so
7f9af95b1000-7f9af95b3000 rw-p 00000000 00:00 0 
7f9af95b3000-7f9af95d1000 r-xp 00000000 08:03 12190680                   /lib/x86_64-linux-gnu/libselinux.so.1
7f9af95d1000-7f9af97d0000 ---p 0001e000 08:03 12190680                   /lib/x86_64-linux-gnu/libselinux.so.1
7f9af97d0000-7f9af97d1000 r--p 0001d000 08:03 12190680                   /lib/x86_64-linux-gnu/libselinux.so.1
7f9af97d1000-7f9af97d2000 rw-p 0001e000 08:03 12190680                   /lib/x86_64-linux-gnu/libselinux.so.1
7f9af97d2000-7f9af97d3000 rw-p 00000000 00:00 0 
7f9af97d3000-7f9af97d6000 r-xp 00000000 08:03 4200052                    /usr/lib/x86_64-linux-gnu/libgmodule-2.0.so.0.3200.4
7f9af97d6000-7f9af99d5000 ---p 00003000 08:03 4200052                    /usr/lib/x86_64-linux-gnu/libgmodule-2.0.so.0.3200.4
7f9af99d5000-7f9af99d6000 r--p 00002000 08:03 4200052                    /usr/lib/x86_64-linux-gnu/libgmodule-2.0.so.0.3200.4
7f9af99d6000-7f9af99d7000 rw-p 00003000 08:03 4200052                    /usr/lib/x86_64-linux-gnu/libgmodule-2.0.so.0.3200.4
7f9af99d7000-7f9af99e1000 r-xp 00000000 08:03 4199739                    /usr/lib/x86_64-linux-gnu/libXcursor.so.1.0.2
7f9af99e1000-7f9af9be0000 ---p 0000a000 08:03 4199739                    /usr/lib/x86_64-linux-gnu/libXcursor.so.1.0.2
7f9af9be0000-7f9af9be1000 rw-p 00009000 08:03 4199739                    /usr/lib/x86_64-linux-gnu/libXcursor.so.1.0.2
7f9af9be1000-7f9af9be8000 r-xp 00000000 08:03 4199761                    /usr/lib/x86_64-linux-gnu/libXrandr.so.2.2.0
7f9af9be8000-7f9af9de8000 ---p 00007000 08:03 4199761                    /usr/lib/x86_64-linux-gnu/libXrandr.so.2.2.0
7f9af9de8000-7f9af9de9000 rw-p 00007000 08:03 4199761                    /usr/lib/x86_64-linux-gnu/libXrandr.so.2.2.0
7f9af9de9000-7f9af9deb000 r-xp 00000000 08:03 4199753                    /usr/lib/x86_64-linux-gnu/libXinerama.so.1.0.0
7f9af9deb000-7f9af9fea000 ---p 00002000 08:03 4199753                    /usr/lib/x86_64-linux-gnu/libXinerama.so.1.0.0
7f9af9fea000-7f9af9feb000 rw-p 00001000 08:03 4199753                    /usr/lib/x86_64-linux-gnu/libXinerama.so.1.0.0
7f9af9feb000-7f9af9ff0000 r-xp 00000000 08:03 4199747                    /usr/lib/x86_64-linux-gnu/libXfixes.so.3.1.0
7f9af9ff0000-7f9afa1ef000 ---p 00005000 08:03 4199747                    /usr/lib/x86_64-linux-gnu/libXfixes.so.3.1.0
7f9afa1ef000-7f9afa1f0000 r--p 00004000 08:03 4199747                    /usr/lib/x86_64-linux-gnu/libXfixes.so.3.1.0
7f9afa1f0000-7f9afa1f1000 rw-p 00005000 08:03 4199747                    /usr/lib/x86_64-linux-gnu/libXfixes.so.3.1.0
7f9afa1f1000-7f9afa1f3000 r-xp 00000000 08:03 4199741                    /usr/lib/x86_64-linux-gnu/libXdamage.so.1.1.0
7f9afa1f3000-7f9afa3f2000 ---p 00002000 08:03 4199741                    /usr/lib/x86_64-linux-gnu/libXdamage.so.1.1.0
7f9afa3f2000-7f9afa3f3000 rw-p 00001000 08:03 4199741                    /usr/lib/x86_64-linux-gnu/libXdamage.so.1.1.0
7f9afa3f3000-7f9afa3f5000 r-xp 00000000 08:03 4199737                    /usr/lib/x86_64-linux-gnu/libXcomposite.so.1.0.0
7f9afa3f5000-7f9afa5f4000 ---p 00002000 08:03 4199737                    /usr/lib/x86_64-linux-gnu/libXcomposite.so.1.0.0
7f9afa5f4000-7f9afa5f5000 rw-p 00001000 08:03 4199737                    /usr/lib/x86_64-linux-gnu/libXcomposite.so.1.0.0
7f9afa5f5000-7f9afa614000 r-xp 00000000 08:03 4200529                    /usr/lib/x86_64-linux-gnu/libxcb.so.1.1.0
7f9afa614000-7f9afa813000 ---p 0001f000 08:03 4200529                    /usr/lib/x86_64-linux-gnu/libxcb.so.1.1.0
7f9afa813000-7f9afa814000 r--p 0001e000 08:03 4200529                    /usr/lib/x86_64-linux-gnu/libxcb.so.1.1.0
7f9afa814000-7f9afa815000 rw-p 0001f000 08:03 4200529                    /usr/lib/x86_64-linux-gnu/libxcb.so.1.1.0
7f9afa815000-7f9afa868000 r-xp 00000000 08:03 4199889                    /usr/lib/x86_64-linux-gnu/libcups.so.2
7f9afa868000-7f9afaa67000 ---p 00053000 08:03 4199889                    /usr/lib/x86_64-linux-gnu/libcups.so.2
7f9afaa67000-7f9afaa6c000 r--p 00052000 08:03 4199889                    /usr/lib/x86_64-linux-gnu/libcups.so.2
7f9afaa6c000-7f9afaa6d000 rw-p 00057000 08:03 4199889                    /usr/lib/x86_64-linux-gnu/libcups.so.2
7f9afaa6d000-7f9afab62000 r-xp 00000000 08:03 12190597                   /lib/x86_64-linux-gnu/libglib-2.0.so.0.3200.4
7f9afab62000-7f9afad62000 ---p 000f5000 08:03 12190597                   /lib/x86_64-linux-gnu/libglib-2.0.so.0.3200.4
7f9afad62000-7f9afad63000 r--p 000f5000 08:03 12190597                   /lib/x86_64-linux-gnu/libglib-2.0.so.0.3200.4
7f9afad63000-7f9afad64000 rw-p 000f6000 08:03 12190597                   /lib/x86_64-linux-gnu/libglib-2.0.so.0.3200.4
7f9afad64000-7f9afad65000 rw-p 00000000 00:00 0 
7f9afad65000-7f9afad66000 r-xp 00000000 08:03 4200137                    /usr/lib/x86_64-linux-gnu/libgthread-2.0.so.0.3200.4
7f9afad66000-7f9afaf65000 ---p 00001000 08:03 4200137                    /usr/lib/x86_64-linux-gnu/libgthread-2.0.so.0.3200.4
7f9afaf65000-7f9afaf66000 r--p 00000000 08:03 4200137                    /usr/lib/x86_64-linux-gnu/libgthread-2.0.so.0.3200.4
7f9afaf66000-7f9afaf67000 rw-p 00001000 08:03 4200137                    /usr/lib/x86_64-linux-gnu/libgthread-2.0.so.0.3200.4
7f9afaf67000-7f9afafb5000 r-xp 00000000 08:03 4200068                    /usr/lib/x86_64-linux-gnu/libgobject-2.0.so.0.3200.4
7f9afafb5000-7f9afb1b5000 ---p 0004e000 08:03 4200068                    /usr/lib/x86_64-linux-gnu/libgobject-2.0.so.0.3200.4
7f9afb1b5000-7f9afb1b6000 r--p 0004e000 08:03 4200068                    /usr/lib/x86_64-linux-gnu/libgobject-2.0.so.0.3200.4
7f9afb1b6000-7f9afb1b7000 rw-p 0004f000 08:03 4200068                    /usr/lib/x86_64-linux-gnu/libgobject-2.0.so.0.3200.4
7f9afb1b7000-7f9afb1ec000 r-xp 00000000 08:03 4199999                    /usr/lib/x86_64-linux-gnu/libfontconfig.so.1.5.0
7f9afb1ec000-7f9afb3ec000 ---p 00035000 08:03 4199999                    /usr/lib/x86_64-linux-gnu/libfontconfig.so.1.5.0
7f9afb3ec000-7f9afb3ed000 r--p 00035000 08:03 4199999                    /usr/lib/x86_64-linux-gnu/libfontconfig.so.1.5.0
7f9afb3ed000-7f9afb3ee000 rw-p 00036000 08:03 4199999                    /usr/lib/x86_64-linux-gnu/libfontconfig.so.1.5.0
7f9afb3ee000-7f9afb487000 r-xp 00000000 08:03 4200007                    /usr/lib/x86_64-linux-gnu/libfreetype.so.6.8.1
7f9afb487000-7f9afb686000 ---p 00099000 08:03 4200007                    /usr/lib/x86_64-linux-gnu/libfreetype.so.6.8.1
7f9afb686000-7f9afb68c000 r--p 00098000 08:03 4200007                    /usr/lib/x86_64-linux-gnu/libfreetype.so.6.8.1
7f9afb68c000-7f9afb68d000 rw-p 0009e000 08:03 4200007                    /usr/lib/x86_64-linux-gnu/libfreetype.so.6.8.1
7f9afb68d000-7f9afb6d7000 r-xp 00000000 08:03 4200313                    /usr/lib/x86_64-linux-gnu/libpango-1.0.so.0.3000.0
7f9afb6d7000-7f9afb8d7000 ---p 0004a000 08:03 4200313                    /usr/lib/x86_64-linux-gnu/libpango-1.0.so.0.3000.0
7f9afb8d7000-7f9afb8d9000 r--p 0004a000 08:03 4200313                    /usr/lib/x86_64-linux-gnu/libpango-1.0.so.0.3000.0
7f9afb8d9000-7f9afb8da000 rw-p 0004c000 08:03 4200313                    /usr/lib/x86_64-linux-gnu/libpango-1.0.so.0.3000.0
7f9afb8da000-7f9afb9ce000 r-xp 00000000 08:03 4199843                    /usr/lib/x86_64-linux-gnu/libcairo.so.2.11200.2
7f9afb9ce000-7f9afbbcd000 ---p 000f4000 08:03 4199843                    /usr/lib/x86_64-linux-gnu/libcairo.so.2.11200.2
7f9afbbcd000-7f9afbbd0000 r--p 000f3000 08:03 4199843                    /usr/lib/x86_64-linux-gnu/libcairo.so.2.11200.2
7f9afbbd0000-7f9afbbd1000 rw-p 000f6000 08:03 4199843                    /usr/lib/x86_64-linux-gnu/libcairo.so.2.11200.2
7f9afbbd1000-7f9afbbd3000 rw-p 00000000 00:00 0 
7f9afbbd3000-7f9afbbf2000 r-xp 00000000 08:03 4200030                    /usr/lib/x86_64-linux-gnu/libgdk_pixbuf-2.0.so.0.2600.1
7f9afbbf2000-7f9afbdf1000 ---p 0001f000 08:03 4200030                    /usr/lib/x86_64-linux-gnu/libgdk_pixbuf-2.0.so.0.2600.1
7f9afbdf1000-7f9afbdf2000 r--p 0001e000 08:03 4200030                    /usr/lib/x86_64-linux-gnu/libgdk_pixbuf-2.0.so.0.2600.1
7f9afbdf2000-7f9afbdf3000 rw-p 0001f000 08:03 4200030                    /usr/lib/x86_64-linux-gnu/libgdk_pixbuf-2.0.so.0.2600.1
7f9afbdf3000-7f9afbdff000 r-xp 00000000 08:03 4200315                    /usr/lib/x86_64-linux-gnu/libpangocairo-1.0.so.0.3000.0
7f9afbdff000-7f9afbffe000 ---p 0000c000 08:03 4200315                    /usr/lib/x86_64-linux-gnu/libpangocairo-1.0.so.0.3000.0
7f9afbffe000-7f9afbfff000 r--p 0000b000 08:03 4200315                    /usr/lib/x86_64-linux-gnu/libpangocairo-1.0.so.0.3000.0
7f9afbfff000-7f9afc000000 rw-p 0000c000 08:03 4200315                    /usr/lib/x86_64-linux-gnu/libpangocairo-1.0.so.0.3000.0
7f9afc000000-7f9afc021000 rw-p 00000000 00:00 0 
7f9afc021000-7f9b00000000 ---p 00000000 00:00 0 
7f9b00000000-7f9b00021000 rw-p 00000000 00:00 0 
7f9b00021000-7f9b04000000 ---p 00000000 00:00 0 
7f9b04000000-7f9b04d63000 rw-p 00000000 00:00 0 
7f9b04d63000-7f9b08000000 ---p 00000000 00:00 0 
7f9b08000000-7f9b08991000 rw-p 00000000 00:00 0 
7f9b08991000-7f9b0c000000 ---p 00000000 00:00 0 
7f9b0c000000-7f9b0c021000 rw-p 00000000 00:00 0 
7f9b0c021000-7f9b10000000 ---p 00000000 00:00 0 
7f9b10000000-7f9b10021000 rw-p 00000000 00:00 0 
7f9b10021000-7f9b14000000 ---p 00000000 00:00 0 
7f9b14000000-7f9b14021000 rw-p 00000000 00:00 0 
7f9b14021000-7f9b18000000 ---p 00000000 00:00 0 
7f9b18000000-7f9b18021000 rw-p 00000000 00:00 0 
7f9b18021000-7f9b1c000000 ---p 00000000 00:00 0 
7f9b1c000000-7f9b1c021000 rw-p 00000000 00:00 0 
7f9b1c021000-7f9b20000000 ---p 00000000 00:00 0 
7f9b2000e000-7f9b20038000 r-xp 00000000 08:03 4200317                    /usr/lib/x86_64-linux-gnu/libpangoft2-1.0.so.0.3000.0
7f9b20038000-7f9b20237000 ---p 0002a000 08:03 4200317                    /usr/lib/x86_64-linux-gnu/libpangoft2-1.0.so.0.3000.0
7f9b20237000-7f9b20238000 r--p 00029000 08:03 4200317                    /usr/lib/x86_64-linux-gnu/libpangoft2-1.0.so.0.3000.0
7f9b20238000-7f9b20239000 rw-p 0002a000 08:03 4200317                    /usr/lib/x86_64-linux-gnu/libpangoft2-1.0.so.0.3000.0
7f9b20239000-7f9b20385000 r-xp 00000000 08:03 4200042                    /usr/lib/x86_64-linux-gnu/libgio-2.0.so.0.3200.4
7f9b20385000-7f9b20584000 ---p 0014c000 08:03 4200042                    /usr/lib/x86_64-linux-gnu/libgio-2.0.so.0.3200.4
7f9b20584000-7f9b20588000 r--p 0014b000 08:03 4200042                    /usr/lib/x86_64-linux-gnu/libgio-2.0.so.0.3200.4
7f9b20588000-7f9b2058a000 rw-p 0014f000 08:03 4200042                    /usr/lib/x86_64-linux-gnu/libgio-2.0.so.0.3200.4
7f9b2058a000-7f9b2058c000 rw-p 00000000 00:00 0 
7f9b2058c000-7f9b205ad000 r-xp 00000000 08:03 4199799                    /usr/lib/x86_64-linux-gnu/libatk-1.0.so.0.20409.1
7f9b205ad000-7f9b207ac000 ---p 00021000 08:03 4199799                    /usr/lib/x86_64-linux-gnu/libatk-1.0.so.0.20409.1
7f9b207ac000-7f9b207ae000 r--p 00020000 08:03 4199799                    /usr/lib/x86_64-linux-gnu/libatk-1.0.so.0.20409.1
7f9b207ae000-7f9b207af000 rw-p 00022000 08:03 4199799                    /usr/lib/x86_64-linux-gnu/libatk-1.0.so.0.20409.1
7f9b207af000-7f9b2085e000 r-xp 00000000 08:03 4200028                    /usr/lib/x86_64-linux-gnu/libgdk-x11-2.0.so.0.2400.10
7f9b2085e000-7f9b20a5d000 ---p 000af000 08:03 4200028                    /usr/lib/x86_64-linux-gnu/libgdk-x11-2.0.so.0.2400.10
7f9b20a5d000-7f9b20a62000 rw-p 000ae000 08:03 4200028                    /usr/lib/x86_64-linux-gnu/libgdk-x11-2.0.so.0.2400.10
7f9b20a62000-7f9b20e94000 r-xp 00000000 08:03 4200141                    /usr/lib/x86_64-linux-gnu/libgtk-x11-2.0.so.0.2400.10
7f9b20e94000-7f9b21094000 ---p 00432000 08:03 4200141                    /usr/lib/x86_64-linux-gnu/libgtk-x11-2.0.so.0.2400.10
7f9b21094000-7f9b2109f000 rw-p 00432000 08:03 4200141                    /usr/lib/x86_64-linux-gnu/libgtk-x11-2.0.so.0.2400.10
7f9b2109f000-7f9b210a1000 rw-p 00000000 00:00 0 
7f9b210a1000-7f9b210af000 r-xp 00000000 08:03 4199751                    /usr/lib/x86_64-linux-gnu/libXi.so.6.1.0
7f9b210af000-7f9b212af000 ---p 0000e000 08:03 4199751                    /usr/lib/x86_64-linux-gnu/libXi.so.6.1.0
7f9b212af000-7f9b212b0000 rw-p 0000e000 08:03 4199751                    /usr/lib/x86_64-linux-gnu/libXi.so.6.1.0
7f9b212b0000-7f9b212b5000 r-xp 00000000 08:03 4199769                    /usr/lib/x86_64-linux-gnu/libXtst.so.6.1.0
7f9b212b5000-7f9b214b4000 ---p 00005000 08:03 4199769                    /usr/lib/x86_64-linux-gnu/libXtst.so.6.1.0
7f9b214b4000-7f9b214b5000 rw-p 00004000 08:03 4199769                    /usr/lib/x86_64-linux-gnu/libXtst.so.6.1.0
7f9b214b5000-7f9b214be000 r-xp 00000000 08:03 4199763                    /usr/lib/x86_64-linux-gnu/libXrender.so.1.3.0
7f9b214be000-7f9b216bd000 ---p 00009000 08:03 4199763                    /usr/lib/x86_64-linux-gnu/libXrender.so.1.3.0
7f9b216bd000-7f9b216be000 rw-p 00008000 08:03 4199763                    /usr/lib/x86_64-linux-gnu/libXrender.so.1.3.0
7f9b216be000-7f9b217f3000 r-xp 00000000 08:03 4199728                    /usr/lib/x86_64-linux-gnu/libX11.so.6.3.0
7f9b217f3000-7f9b219f3000 ---p 00135000 08:03 4199728                    /usr/lib/x86_64-linux-gnu/libX11.so.6.3.0
7f9b219f3000-7f9b219f9000 rw-p 00135000 08:03 4199728                    /usr/lib/x86_64-linux-gnu/libX11.so.6.3.0
7f9b219f9000-7f9b21a4c000 r-xp 00000000 08:03 3934319                    /usr/lib/jvm/java-7-openjdk-amd64/jre/lib/amd64/xawt/libmawt.so
7f9b21a4c000-7f9b21c4b000 ---p 00053000 08:03 3934319                    /usr/lib/jvm/java-7-openjdk-amd64/jre/lib/amd64/xawt/libmawt.so
7f9b21c4b000-7f9b21c4c000 r--p 00052000 08:03 3934319                    /usr/lib/jvm/java-7-openjdk-amd64/jre/lib/amd64/xawt/libmawt.so
7f9b21c4c000-7f9b21c4f000 rw-p 00053000 08:03 3934319                    /usr/lib/jvm/java-7-openjdk-amd64/jre/lib/amd64/xawt/libmawt.so
7f9b21c4f000-7f9b24000000 rw-p 00000000 00:00 0 
7f9b24000000-7f9b24021000 rw-p 00000000 00:00 0 
7f9b24021000-7f9b28000000 ---p 00000000 00:00 0 
7f9b28000000-7f9b28021000 rw-p 00000000 00:00 0 
7f9b28021000-7f9b2c000000 ---p 00000000 00:00 0 
7f9b2c000000-7f9b2c021000 rw-p 00000000 00:00 0 
7f9b2c021000-7f9b30000000 ---p 00000000 00:00 0 
7f9b30003000-7f9b30014000 r-xp 00000000 08:03 4199745                    /usr/lib/x86_64-linux-gnu/libXext.so.6.4.0
7f9b30014000-7f9b30214000 ---p 00011000 08:03 4199745                    /usr/lib/x86_64-linux-gnu/libXext.so.6.4.0
7f9b30214000-7f9b30215000 rw-p 00011000 08:03 4199745                    /usr/lib/x86_64-linux-gnu/libXext.so.6.4.0
7f9b30215000-7f9b302b6000 r-xp 00000000 08:03 3934218                    /usr/lib/jvm/java-7-openjdk-amd64/jre/lib/amd64/libawt.so
7f9b302b6000-7f9b304b5000 ---p 000a1000 08:03 3934218                    /usr/lib/jvm/java-7-openjdk-amd64/jre/lib/amd64/libawt.so
7f9b304b5000-7f9b304b6000 r--p 000a0000 08:03 3934218                    /usr/lib/jvm/java-7-openjdk-amd64/jre/lib/amd64/libawt.so
7f9b304b6000-7f9b304c1000 rw-p 000a1000 08:03 3934218                    /usr/lib/jvm/java-7-openjdk-amd64/jre/lib/amd64/libawt.so
7f9b304c1000-7f9b304e6000 rw-p 00000000 00:00 0 
7f9b304e6000-7f9b30523000 r-xp 00000000 08:03 10486182                   /tmp/libgdxchobe/5502b6ed/libgdx64.so
7f9b30523000-7f9b30722000 ---p 0003d000 08:03 10486182                   /tmp/libgdxchobe/5502b6ed/libgdx64.so
7f9b30722000-7f9b30723000 r--p 0003c000 08:03 10486182                   /tmp/libgdxchobe/5502b6ed/libgdx64.so
7f9b30723000-7f9b30724000 rw-p 0003d000 08:03 10486182                   /tmp/libgdxchobe/5502b6ed/libgdx64.so
7f9b30724000-7f9b30725000 r--s 00002000 08:03 10488693                   /home/chobe/.gradle/caches/modules-2/files-2.1/net.java.jinput/jinput-platform/2.0.5/53f9c919f34d2ca9de8c51fc4e1e8282029a9232/jinput-platform-2.0.5-natives-osx.jar
7f9b30725000-7f9b30726000 r--s 00025000 08:03 10488692                   /home/chobe/.gradle/caches/modules-2/files-2.1/net.java.jinput/jinput-platform/2.0.5/385ee093e01f587f30ee1c8a2ee7d408fd732e16/jinput-platform-2.0.5-natives-windows.jar
7f9b30726000-7f9b30727000 r--s 00002000 08:03 10488691                   /home/chobe/.gradle/caches/modules-2/files-2.1/net.java.jinput/jinput-platform/2.0.5/7ff832a6eb9ab6a767f1ade2b548092d0fa64795/jinput-platform-2.0.5-natives-linux.jar
7f9b30727000-7f9b30728000 r--s 00001000 08:03 10488690                   /home/chobe/.gradle/caches/modules-2/files-2.1/net.java.jutils/jutils/1.0.0/e12fe1fda814bd348c1579329c86943d2cd3c6a6/jutils-1.0.0.jar
7f9b30728000-7f9b3072c000 r--s 0002f000 08:03 10488689                   /home/chobe/.gradle/caches/modules-2/files-2.1/net.java.jinput/jinput/2.0.5/39c7796b469a600f72380316f6b1f11db6c2c7c4/jinput-2.0.5.jar
7f9b3072c000-7f9b3072d000 r--s 00080000 08:03 10488688                   /home/chobe/.gradle/caches/modules-2/files-2.1/org.lwjgl.lwjgl/lwjgl-platform/2.9.1/2d12c83fdfbc04ecabf02c7bc8cc54d034f0daac/lwjgl-platform-2.9.1-natives-osx.jar
7f9b3072d000-7f9b3072e000 r--s 0008b000 08:03 10488687                   /home/chobe/.gradle/caches/modules-2/files-2.1/org.lwjgl.lwjgl/lwjgl-platform/2.9.1/aa9aae879af8eb378e22cfc64db56ec2ca9a44d1/lwjgl-platform-2.9.1-natives-linux.jar
7f9b3072e000-7f9b3072f000 r--s 00095000 08:03 10488686                   /home/chobe/.gradle/caches/modules-2/files-2.1/org.lwjgl.lwjgl/lwjgl-platform/2.9.1/4c517eca808522457dd95ee8fc1fbcdbb602efbe/lwjgl-platform-2.9.1-natives-windows.jar
7f9b3072f000-7f9b30731000 r--s 00017000 08:03 10488685                   /home/chobe/.gradle/caches/modules-2/files-2.1/org.jcraft/jorbis/0.0.17/8872d22b293e8f5d7d56ff92be966e6dc28ebdc6/jorbis-0.0.17.jar
7f9b30731000-7f9b30732000 r--s 00015000 08:03 10488684                   /home/chobe/.gradle/caches/modules-2/files-2.1/com.badlogicgames.jlayer/jlayer/1.0.1-gdx/7cca83cec5c1b2f011362f4d85aabd71a73b049d/jlayer-1.0.1-gdx.jar
7f9b30732000-7f9b30736000 r--s 00027000 08:03 10488683                   /home/chobe/.gradle/caches/modules-2/files-2.1/org.lwjgl.lwjgl/lwjgl_util/2.9.1/290d7ba8a1bd9566f5ddf16ad06f09af5ec9b20e/lwjgl_util-2.9.1.jar
7f9b30736000-7f9b30744000 r--s 000ea000 08:03 10488682                   /home/chobe/.gradle/caches/modules-2/files-2.1/org.lwjgl.lwjgl/lwjgl/2.9.1/f58c5aabcef0e41718a564be9f8e412fff8db847/lwjgl-2.9.1.jar
7f9b30744000-7f9b30759000 r--s 00153000 08:03 10488660                   /home/chobe/.gradle/caches/modules-2/files-2.1/com.badlogicgames.gdx/gdx/1.1.0/686f5a609c717eb0769d3b954c501a49bf4fe351/gdx-1.1.0.jar
7f9b30759000-7f9b3075a000 r--s 000cd000 08:03 10488678                   /home/chobe/.gradle/caches/modules-2/files-2.1/com.badlogicgames.gdx/gdx-platform/1.1.0/1c7ea4239c2d9adda420c15985fe3885c481fdcf/gdx-platform-1.1.0-natives-desktop.jar
7f9b3075a000-7f9b3075d000 r--s 0001f000 08:03 10488677                   /home/chobe/.gradle/caches/modules-2/files-2.1/com.badlogicgames.gdx/gdx-backend-lwjgl/1.1.0/eafa409559820c1696e165e1280435f1332fc32b/gdx-backend-lwjgl-1.1.0.jar
7f9b3075d000-7f9b3075f000 r--s 0001f000 08:01 772750                     /media/winDisk/Users/ChobeDucket/Documents/sheep/core/build/libs/core-1.0.jar
7f9b3075f000-7f9b30763000 r--s 0003b000 08:03 3934173                    /usr/lib/jvm/java-7-openjdk-amd64/jre/lib/ext/sunpkcs11.jar
7f9b30763000-7f9b30764000 r--s 00002000 08:03 3934178                    /usr/lib/jvm/java-7-openjdk-amd64/jre/lib/ext/dnsns.jar
7f9b30764000-7f9b30767000 r--s 00032000 08:03 3934176                    /usr/lib/jvm/java-7-openjdk-amd64/jre/lib/ext/sunjce_provider.jar
7f9b30767000-7f9b30769000 r--s 0000f000 08:03 3934175                    /usr/lib/jvm/java-7-openjdk-amd64/jre/lib/ext/pulse-java.jar
7f9b30769000-7f9b3076b000 r--s 00012000 08:03 3934174                    /usr/lib/jvm/java-7-openjdk-amd64/jre/lib/ext/zipfs.jar
7f9b3076b000-7f9b3076f000 r--s 00085000 08:03 3934172                    /usr/lib/jvm/java-7-openjdk-amd64/jre/lib/ext/localedata.jar
7f9b3076f000-7f9b30770000 r--s 00007000 08:03 5645676                    /usr/share/java/java-atk-wrapper.jar
7f9b30770000-7f9b30771000 ---p 00000000 00:00 0 
7f9b30771000-7f9b30871000 rw-p 00000000 00:00 0 
7f9b30871000-7f9b30874000 ---p 00000000 00:00 0 
7f9b30874000-7f9b30972000 rw-p 00000000 00:00 0 
7f9b30972000-7f9b30975000 ---p 00000000 00:00 0 
7f9b30975000-7f9b30a73000 rw-p 00000000 00:00 0 
7f9b30a73000-7f9b30a76000 ---p 00000000 00:00 0 
7f9b30a76000-7f9b30b74000 rw-p 00000000 00:00 0 
7f9b30b74000-7f9b30b77000 ---p 00000000 00:00 0 
7f9b30b77000-7f9b30c75000 rw-p 00000000 00:00 0 
7f9b30c75000-7f9b30dfe000 r--p 00000000 08:03 4067802                    /usr/lib/locale/locale-archive
7f9b30dfe000-7f9b30e01000 ---p 00000000 00:00 0 
7f9b30e01000-7f9b30eff000 rw-p 00000000 00:00 0 
7f9b30eff000-7f9b30f02000 ---p 00000000 00:00 0 
7f9b30f02000-7f9b31000000 rw-p 00000000 00:00 0 
7f9b31000000-7f9b31270000 rwxp 00000000 00:00 0 
7f9b31270000-7f9b34362000 rw-p 00000000 00:00 0 
7f9b34362000-7f9b38000000 ---p 00000000 00:00 0 
7f9b38024000-7f9b3802f000 r--s 00203000 08:03 3934232                    /usr/lib/jvm/java-7-openjdk-amd64/jre/lib/charsets.jar
7f9b3802f000-7f9b380ac000 rw-p 00000000 00:00 0 
7f9b380ac000-7f9b380ad000 rw-s 00005000 00:05 7289                       /dev/ati/card0
7f9b380ad000-7f9b380bd000 rw-s e0200000 00:05 7289                       /dev/ati/card0
7f9b380bd000-7f9b380c0000 ---p 00000000 00:00 0 
7f9b380c0000-7f9b380f6000 rw-p 00000000 00:00 0 
7f9b380f6000-7f9b380f7000 ---p 00000000 00:00 0 
7f9b380f7000-7f9b391f4000 rw-p 00000000 00:00 0 
7f9b391f4000-7f9b393a2000 r--s 01cfc000 08:03 3934153                    /usr/lib/jvm/java-7-openjdk-amd64/jre/lib/rt.jar
7f9b393a2000-7f9b396d6000 rw-p 00000000 00:00 0 
7f9b396d6000-7f9b396d7000 ---p 00000000 00:00 0 
7f9b396d7000-7f9b397d7000 rw-p 00000000 00:00 0 
7f9b397d7000-7f9b397d8000 ---p 00000000 00:00 0 
7f9b397d8000-7f9b398d8000 rw-p 00000000 00:00 0 
7f9b398d8000-7f9b398d9000 ---p 00000000 00:00 0 
7f9b398d9000-7f9b399d9000 rw-p 00000000 00:00 0 
7f9b399d9000-7f9b399da000 ---p 00000000 00:00 0 
7f9b399da000-7f9b39ae5000 rw-p 00000000 00:00 0 
7f9b39ae5000-7f9b39b2d000 rw-p 00000000 00:00 0 
7f9b39b2d000-7f9b39b42000 rw-p 00000000 00:00 0 
7f9b39b42000-7f9b39c73000 rw-p 00000000 00:00 0 
7f9b39c73000-7f9b39c7e000 rw-p 00000000 00:00 0 
7f9b39c7e000-7f9b39cc6000 rw-p 00000000 00:00 0 
7f9b39cc6000-7f9b39cdb000 rw-p 00000000 00:00 0 
7f9b39cdb000-7f9b39e0b000 rw-p 00000000 00:00 0 
7f9b39e0b000-7f9b39e1a000 rw-p 00000000 00:00 0 
7f9b39e1a000-7f9b39eae000 rw-p 00000000 00:00 0 
7f9b39eae000-7f9b39eaf000 rw-p 00000000 00:00 0 
7f9b39eaf000-7f9b39eb7000 r-xp 00000000 08:03 3934210                    /usr/lib/jvm/java-7-openjdk-amd64/jre/lib/amd64/libzip.so
7f9b39eb7000-7f9b3a0b6000 ---p 00008000 08:03 3934210                    /usr/lib/jvm/java-7-openjdk-amd64/jre/lib/amd64/libzip.so
7f9b3a0b6000-7f9b3a0b7000 r--p 00007000 08:03 3934210                    /usr/lib/jvm/java-7-openjdk-amd64/jre/lib/amd64/libzip.so
7f9b3a0b7000-7f9b3a0b8000 rw-p 00008000 08:03 3934210                    /usr/lib/jvm/java-7-openjdk-amd64/jre/lib/amd64/libzip.so
7f9b3a0b8000-7f9b3a0c3000 r-xp 00000000 08:03 12192223                   /lib/x86_64-linux-gnu/libnss_files-2.19.so
7f9b3a0c3000-7f9b3a2c2000 ---p 0000b000 08:03 12192223                   /lib/x86_64-linux-gnu/libnss_files-2.19.so
7f9b3a2c2000-7f9b3a2c3000 r--p 0000a000 08:03 12192223                   /lib/x86_64-linux-gnu/libnss_files-2.19.so
7f9b3a2c3000-7f9b3a2c4000 rw-p 0000b000 08:03 12192223                   /lib/x86_64-linux-gnu/libnss_files-2.19.so
7f9b3a2c4000-7f9b3a2ce000 r-xp 00000000 08:03 12192211                   /lib/x86_64-linux-gnu/libnss_nis-2.19.so
7f9b3a2ce000-7f9b3a4cd000 ---p 0000a000 08:03 12192211                   /lib/x86_64-linux-gnu/libnss_nis-2.19.so
7f9b3a4cd000-7f9b3a4ce000 r--p 00009000 08:03 12192211                   /lib/x86_64-linux-gnu/libnss_nis-2.19.so
7f9b3a4ce000-7f9b3a4cf000 rw-p 0000a000 08:03 12192211                   /lib/x86_64-linux-gnu/libnss_nis-2.19.so
7f9b3a4cf000-7f9b3a4e4000 r-xp 00000000 08:03 12192215                   /lib/x86_64-linux-gnu/libnsl-2.19.so
7f9b3a4e4000-7f9b3a6e3000 ---p 00015000 08:03 12192215                   /lib/x86_64-linux-gnu/libnsl-2.19.so
7f9b3a6e3000-7f9b3a6e4000 r--p 00014000 08:03 12192215                   /lib/x86_64-linux-gnu/libnsl-2.19.so
7f9b3a6e4000-7f9b3a6e5000 rw-p 00015000 08:03 12192215                   /lib/x86_64-linux-gnu/libnsl-2.19.so
7f9b3a6e5000-7f9b3a6e7000 rw-p 00000000 00:00 0 
7f9b3a6e7000-7f9b3a6ee000 r-xp 00000000 08:03 12192212                   /lib/x86_64-linux-gnu/libnss_compat-2.19.so
7f9b3a6ee000-7f9b3a8ed000 ---p 00007000 08:03 12192212                   /lib/x86_64-linux-gnu/libnss_compat-2.19.so
7f9b3a8ed000-7f9b3a8ee000 r--p 00006000 08:03 12192212                   /lib/x86_64-linux-gnu/libnss_compat-2.19.so
7f9b3a8ee000-7f9b3a8ef000 rw-p 00007000 08:03 12192212                   /lib/x86_64-linux-gnu/libnss_compat-2.19.so
7f9b3a8ef000-7f9b3a91a000 r-xp 00000000 08:03 3934215                    /usr/lib/jvm/java-7-openjdk-amd64/jre/lib/amd64/libjava.so
7f9b3a91a000-7f9b3ab19000 ---p 0002b000 08:03 3934215                    /usr/lib/jvm/java-7-openjdk-amd64/jre/lib/amd64/libjava.so
7f9b3ab19000-7f9b3ab1a000 r--p 0002a000 08:03 3934215                    /usr/lib/jvm/java-7-openjdk-amd64/jre/lib/amd64/libjava.so
7f9b3ab1a000-7f9b3ab1c000 rw-p 0002b000 08:03 3934215                    /usr/lib/jvm/java-7-openjdk-amd64/jre/lib/amd64/libjava.so
7f9b3ab1c000-7f9b3ab2b000 r-xp 00000000 08:03 3934216                    /usr/lib/jvm/java-7-openjdk-amd64/jre/lib/amd64/libverify.so
7f9b3ab2b000-7f9b3ad2a000 ---p 0000f000 08:03 3934216                    /usr/lib/jvm/java-7-openjdk-amd64/jre/lib/amd64/libverify.so
7f9b3ad2a000-7f9b3ad2c000 r--p 0000e000 08:03 3934216                    /usr/lib/jvm/java-7-openjdk-amd64/jre/lib/amd64/libverify.so
7f9b3ad2c000-7f9b3ad2d000 rw-p 00010000 08:03 3934216                    /usr/lib/jvm/java-7-openjdk-amd64/jre/lib/amd64/libverify.so
7f9b3ad2d000-7f9b3ad34000 r-xp 00000000 08:03 12192213                   /lib/x86_64-linux-gnu/librt-2.19.so
7f9b3ad34000-7f9b3af33000 ---p 00007000 08:03 12192213                   /lib/x86_64-linux-gnu/librt-2.19.so
7f9b3af33000-7f9b3af34000 r--p 00006000 08:03 12192213                   /lib/x86_64-linux-gnu/librt-2.19.so
7f9b3af34000-7f9b3af35000 rw-p 00007000 08:03 12192213                   /lib/x86_64-linux-gnu/librt-2.19.so
7f9b3af35000-7f9b3af4a000 r-xp 00000000 08:03 12190593                   /lib/x86_64-linux-gnu/libgcc_s.so.1
7f9b3af4a000-7f9b3b14a000 ---p 00015000 08:03 12190593                   /lib/x86_64-linux-gnu/libgcc_s.so.1
7f9b3b14a000-7f9b3b14b000 rw-p 00015000 08:03 12190593                   /lib/x86_64-linux-gnu/libgcc_s.so.1
7f9b3b14b000-7f9b3b24b000 r-xp 00000000 08:03 12192221                   /lib/x86_64-linux-gnu/libm-2.19.so
7f9b3b24b000-7f9b3b44a000 ---p 00100000 08:03 12192221                   /lib/x86_64-linux-gnu/libm-2.19.so
7f9b3b44a000-7f9b3b44b000 r--p 000ff000 08:03 12192221                   /lib/x86_64-linux-gnu/libm-2.19.so
7f9b3b44b000-7f9b3b44c000 rw-p 00100000 08:03 12192221                   /lib/x86_64-linux-gnu/libm-2.19.so
7f9b3b44c000-7f9b3b534000 r-xp 00000000 08:03 4200440                    /usr/lib/x86_64-linux-gnu/libstdc++.so.6.0.17
7f9b3b534000-7f9b3b734000 ---p 000e8000 08:03 4200440                    /usr/lib/x86_64-linux-gnu/libstdc++.so.6.0.17
7f9b3b734000-7f9b3b73c000 r--p 000e8000 08:03 4200440                    /usr/lib/x86_64-linux-gnu/libstdc++.so.6.0.17
7f9b3b73c000-7f9b3b73e000 rw-p 000f0000 08:03 4200440                    /usr/lib/x86_64-linux-gnu/libstdc++.so.6.0.17
7f9b3b73e000-7f9b3b753000 rw-p 00000000 00:00 0 
7f9b3b753000-7f9b3c21c000 r-xp 00000000 08:03 3934204                    /usr/lib/jvm/java-7-openjdk-amd64/jre/lib/amd64/server/libjvm.so
7f9b3c21c000-7f9b3c41c000 ---p 00ac9000 08:03 3934204                    /usr/lib/jvm/java-7-openjdk-amd64/jre/lib/amd64/server/libjvm.so
7f9b3c41c000-7f9b3c4b4000 r--p 00ac9000 08:03 3934204                    /usr/lib/jvm/java-7-openjdk-amd64/jre/lib/amd64/server/libjvm.so
7f9b3c4b4000-7f9b3c4d7000 rw-p 00b61000 08:03 3934204                    /usr/lib/jvm/java-7-openjdk-amd64/jre/lib/amd64/server/libjvm.so
7f9b3c4d7000-7f9b3c504000 rw-p 00000000 00:00 0 
7f9b3c504000-7f9b3c51b000 r-xp 00000000 08:03 12192203                   /lib/x86_64-linux-gnu/libz.so.1.2.8
7f9b3c51b000-7f9b3c71a000 ---p 00017000 08:03 12192203                   /lib/x86_64-linux-gnu/libz.so.1.2.8
7f9b3c71a000-7f9b3c71b000 r--p 00016000 08:03 12192203                   /lib/x86_64-linux-gnu/libz.so.1.2.8
7f9b3c71b000-7f9b3c71c000 rw-p 00017000 08:03 12192203                   /lib/x86_64-linux-gnu/libz.so.1.2.8
7f9b3c71c000-7f9b3c8bb000 r-xp 00000000 08:03 12192214                   /lib/x86_64-linux-gnu/libc-2.19.so
7f9b3c8bb000-7f9b3cabb000 ---p 0019f000 08:03 12192214                   /lib/x86_64-linux-gnu/libc-2.19.so
7f9b3cabb000-7f9b3cabf000 r--p 0019f000 08:03 12192214                   /lib/x86_64-linux-gnu/libc-2.19.so
7f9b3cabf000-7f9b3cac1000 rw-p 001a3000 08:03 12192214                   /lib/x86_64-linux-gnu/libc-2.19.so
7f9b3cac1000-7f9b3cac5000 rw-p 00000000 00:00 0 
7f9b3cac5000-7f9b3cac8000 r-xp 00000000 08:03 12192219                   /lib/x86_64-linux-gnu/libdl-2.19.so
7f9b3cac8000-7f9b3ccc7000 ---p 00003000 08:03 12192219                   /lib/x86_64-linux-gnu/libdl-2.19.so
7f9b3ccc7000-7f9b3ccc8000 r--p 00002000 08:03 12192219                   /lib/x86_64-linux-gnu/libdl-2.19.so
7f9b3ccc8000-7f9b3ccc9000 rw-p 00003000 08:03 12192219                   /lib/x86_64-linux-gnu/libdl-2.19.so
7f9b3ccc9000-7f9b3ccd6000 r-xp 00000000 08:03 3934207                    /usr/lib/jvm/java-7-openjdk-amd64/jre/lib/amd64/jli/libjli.so
7f9b3ccd6000-7f9b3ced5000 ---p 0000d000 08:03 3934207                    /usr/lib/jvm/java-7-openjdk-amd64/jre/lib/amd64/jli/libjli.so
7f9b3ced5000-7f9b3ced6000 r--p 0000c000 08:03 3934207                    /usr/lib/jvm/java-7-openjdk-amd64/jre/lib/amd64/jli/libjli.so
7f9b3ced6000-7f9b3ced7000 rw-p 0000d000 08:03 3934207                    /usr/lib/jvm/java-7-openjdk-amd64/jre/lib/amd64/jli/libjli.so
7f9b3ced7000-7f9b3ceef000 r-xp 00000000 08:03 12192218                   /lib/x86_64-linux-gnu/libpthread-2.19.so
7f9b3ceef000-7f9b3d0ee000 ---p 00018000 08:03 12192218                   /lib/x86_64-linux-gnu/libpthread-2.19.so
7f9b3d0ee000-7f9b3d0ef000 r--p 00017000 08:03 12192218                   /lib/x86_64-linux-gnu/libpthread-2.19.so
7f9b3d0ef000-7f9b3d0f0000 rw-p 00018000 08:03 12192218                   /lib/x86_64-linux-gnu/libpthread-2.19.so
7f9b3d0f0000-7f9b3d0f4000 rw-p 00000000 00:00 0 
7f9b3d0f4000-7f9b3d114000 r-xp 00000000 08:03 12192217                   /lib/x86_64-linux-gnu/ld-2.19.so
7f9b3d114000-7f9b3d116000 rw-s 00002000 00:05 7289                       /dev/ati/card0
7f9b3d116000-7f9b3d11d000 r--s 00000000 08:03 4206154                    /usr/lib/x86_64-linux-gnu/gconv/gconv-modules.cache
7f9b3d11d000-7f9b3d126000 r--s 000b9000 08:03 3934170                    /usr/lib/jvm/java-7-openjdk-amd64/jre/lib/resources.jar
7f9b3d126000-7f9b3d12b000 r--s 0004c000 08:03 3934152                    /usr/lib/jvm/java-7-openjdk-amd64/jre/lib/jsse.jar
7f9b3d12b000-7f9b3d135000 rw-p 00000000 00:00 0 
7f9b3d135000-7f9b3d1eb000 rw-p 00000000 00:00 0 
7f9b3d1eb000-7f9b3d1ee000 ---p 00000000 00:00 0 
7f9b3d1ee000-7f9b3d308000 rw-p 00000000 00:00 0 
7f9b3d308000-7f9b3d310000 rw-s 00000000 08:03 10490934                   /tmp/hsperfdata_chobe/15380 (deleted)
7f9b3d310000-7f9b3d311000 rw-p 00000000 00:00 0 
7f9b3d311000-7f9b3d312000 ---p 00000000 00:00 0 
7f9b3d312000-7f9b3d314000 rw-p 00000000 00:00 0 
7f9b3d314000-7f9b3d315000 r--p 00020000 08:03 12192217                   /lib/x86_64-linux-gnu/ld-2.19.so
7f9b3d315000-7f9b3d316000 rw-p 00021000 08:03 12192217                   /lib/x86_64-linux-gnu/ld-2.19.so
7f9b3d316000-7f9b3d317000 rw-p 00000000 00:00 0 
7fff51bbc000-7fff51bde000 rw-p 00000000 00:00 0                          [stack]
7fff51bff000-7fff51c00000 r-xp 00000000 00:00 0                          [vdso]
ffffffffff600000-ffffffffff601000 r-xp 00000000 00:00 0                  [vsyscall]

VM Arguments:
jvm_args: -Dfile.encoding=UTF-8 
java_command: com.mygdx.sheep.desktop.DesktopLauncher
Launcher Type: SUN_STANDARD

Environment Variables:
PATH=/usr/local/bin:/usr/bin:/bin:/usr/local/games:/usr/games:/home/chobe/.local/bin:/home/chobe/sdks/adt-bundle-linux-x86_64-20140321/sdk//platform-tools/adb:/home/chobe/sdks/adt-bundle-linux-x86_64-20140321/sdk//platform-tools/
USERNAME=chobe
SHELL=/bin/bash
DISPLAY=:0

Signal Handlers:
SIGSEGV: [libjvm.so+0x8f9750], sa_mask[0]=0x7ffbfeff, sa_flags=0x10000004
SIGBUS: [libjvm.so+0x8f9750], sa_mask[0]=0x7ffbfeff, sa_flags=0x10000004
SIGFPE: [libjvm.so+0x7827c0], sa_mask[0]=0x7ffbfeff, sa_flags=0x10000004
SIGPIPE: [libjvm.so+0x7827c0], sa_mask[0]=0x7ffbfeff, sa_flags=0x10000004
SIGXFSZ: [libjvm.so+0x7827c0], sa_mask[0]=0x7ffbfeff, sa_flags=0x10000004
SIGILL: [libjvm.so+0x7827c0], sa_mask[0]=0x7ffbfeff, sa_flags=0x10000004
SIGUSR1: SIG_DFL, sa_mask[0]=0x00000000, sa_flags=0x00000000
SIGUSR2: [libjvm.so+0x782ab0], sa_mask[0]=0x00000004, sa_flags=0x10000004
SIGHUP: [libjvm.so+0x782c20], sa_mask[0]=0x7ffbfeff, sa_flags=0x10000004
SIGINT: [libjvm.so+0x782c20], sa_mask[0]=0x7ffbfeff, sa_flags=0x10000004
SIGTERM: [libjvm.so+0x782c20], sa_mask[0]=0x7ffbfeff, sa_flags=0x10000004
SIGQUIT: [libjvm.so+0x782c20], sa_mask[0]=0x7ffbfeff, sa_flags=0x10000004


---------------  S Y S T E M  ---------------

OS:7.5

uname:Linux 3.2.0-4-amd64 #1 SMP Debian 3.2.57-3+deb7u1 x86_64
libc:glibc 2.19 NPTL 2.19 
rlimit: STACK 8192k, CORE 0k, NPROC 31105, NOFILE 4096, AS infinity
load average:1.63 2.03 2.29

/proc/meminfo:
MemTotal:        3993672 kB
MemFree:         1169784 kB
Buffers:          288044 kB
Cached:           913028 kB
SwapCached:       164196 kB
Active:          1344376 kB
Inactive:        1172788 kB
Active(anon):     801300 kB
Inactive(anon):   546932 kB
Active(file):     543076 kB
Inactive(file):   625856 kB
Unevictable:           0 kB
Mlocked:               0 kB
SwapTotal:       4120572 kB
SwapFree:        3589312 kB
Dirty:               264 kB
Writeback:             0 kB
AnonPages:       1295320 kB
Mapped:           183920 kB
Shmem:             31980 kB
Slab:              97320 kB
SReclaimable:      67772 kB
SUnreclaim:        29548 kB
KernelStack:        3608 kB
PageTables:        28972 kB
NFS_Unstable:          0 kB
Bounce:                0 kB
WritebackTmp:          0 kB
CommitLimit:     6117408 kB
Committed_AS:    3701856 kB
VmallocTotal:   34359738367 kB
VmallocUsed:      170472 kB
VmallocChunk:   34359561712 kB
HardwareCorrupted:     0 kB
AnonHugePages:         0 kB
HugePages_Total:       0
HugePages_Free:        0
HugePages_Rsvd:        0
HugePages_Surp:        0
Hugepagesize:       2048 kB
DirectMap4k:     1113088 kB
DirectMap2M:     3014656 kB


CPU:total 4 (4 cores per cpu, 1 threads per core) family 6 model 15 stepping 11, cmov, cx8, fxsr, mmx, sse, sse2, sse3, ssse3, tsc

/proc/cpuinfo:
processor	: 0
vendor_id	: GenuineIntel
cpu family	: 6
model		: 15
model name	: Intel(R) Core(TM)2 Quad CPU    Q6600  @ 2.40GHz
stepping	: 11
cpu MHz		: 1596.000
cache size	: 4096 KB
physical id	: 0
siblings	: 4
core id		: 0
cpu cores	: 4
apicid		: 0
initial apicid	: 0
fpu		: yes
fpu_exception	: yes
cpuid level	: 10
wp		: yes
flags		: fpu vme de pse tsc msr pae mce cx8 apic sep mtrr pge mca cmov pat pse36 clflush dts acpi mmx fxsr sse sse2 ss ht tm pbe syscall nx lm constant_tsc arch_perfmon pebs bts rep_good nopl aperfmperf pni dtes64 monitor ds_cpl vmx est tm2 ssse3 cx16 xtpr pdcm lahf_lm dtherm tpr_shadow vnmi flexpriority
bogomips	: 4795.82
clflush size	: 64
cache_alignment	: 64
address sizes	: 36 bits physical, 48 bits virtual
power management:

processor	: 1
vendor_id	: GenuineIntel
cpu family	: 6
model		: 15
model name	: Intel(R) Core(TM)2 Quad CPU    Q6600  @ 2.40GHz
stepping	: 11
cpu MHz		: 1596.000
cache size	: 4096 KB
physical id	: 0
siblings	: 4
core id		: 2
cpu cores	: 4
apicid		: 2
initial apicid	: 2
fpu		: yes
fpu_exception	: yes
cpuid level	: 10
wp		: yes
flags		: fpu vme de pse tsc msr pae mce cx8 apic sep mtrr pge mca cmov pat pse36 clflush dts acpi mmx fxsr sse sse2 ss ht tm pbe syscall nx lm constant_tsc arch_perfmon pebs bts rep_good nopl aperfmperf pni dtes64 monitor ds_cpl vmx est tm2 ssse3 cx16 xtpr pdcm lahf_lm dtherm tpr_shadow vnmi flexpriority
bogomips	: 4795.58
clflush size	: 64
cache_alignment	: 64
address sizes	: 36 bits physical, 48 bits virtual
power management:

processor	: 2
vendor_id	: GenuineIntel
cpu family	: 6
model		: 15
model name	: Intel(R) Core(TM)2 Quad CPU    Q6600  @ 2.40GHz
stepping	: 11
cpu MHz		: 1596.000
cache size	: 4096 KB
physical id	: 0
siblings	: 4
core id		: 1
cpu cores	: 4
apicid		: 1
initial apicid	: 1
fpu		: yes
fpu_exception	: yes
cpuid level	: 10
wp		: yes
flags		: fpu vme de pse tsc msr pae mce cx8 apic sep mtrr pge mca cmov pat pse36 clflush dts acpi mmx fxsr sse sse2 ss ht tm pbe syscall nx lm constant_tsc arch_perfmon pebs bts rep_good nopl aperfmperf pni dtes64 monitor ds_cpl vmx est tm2 ssse3 cx16 xtpr pdcm lahf_lm dtherm tpr_shadow vnmi flexpriority
bogomips	: 4795.56
clflush size	: 64
cache_alignment	: 64
address sizes	: 36 bits physical, 48 bits virtual
power management:

processor	: 3
vendor_id	: GenuineIntel
cpu family	: 6
model		: 15
model name	: Intel(R) Core(TM)2 Quad CPU    Q6600  @ 2.40GHz
stepping	: 11
cpu MHz		: 1596.000
cache size	: 4096 KB
physical id	: 0
siblings	: 4
core id		: 3
cpu cores	: 4
apicid		: 3
initial apicid	: 3
fpu		: yes
fpu_exception	: yes
cpuid level	: 10
wp		: yes
flags		: fpu vme de pse tsc msr pae mce cx8 apic sep mtrr pge mca cmov pat pse36 clflush dts acpi mmx fxsr sse sse2 ss ht tm pbe syscall nx lm constant_tsc arch_perfmon pebs bts rep_good nopl aperfmperf pni dtes64 monitor ds_cpl vmx est tm2 ssse3 cx16 xtpr pdcm lahf_lm dtherm tpr_shadow vnmi flexpriority
bogomips	: 4795.57
clflush size	: 64
cache_alignment	: 64
address sizes	: 36 bits physical, 48 bits virtual
power management:



Memory: 4k page, physical 3993672k(1169784k free), swap 4120572k(3589312k free)

vm_info: OpenJDK 64-Bit Server VM (24.51-b03) for linux-amd64 JRE (1.7.0_55-b14), built on May  2 2014 11:33:06 by "buildd" with gcc 4.7.2

time: Mon Jul  7 01:02:45 2014
elapsed time: 595 seconds

