#
# A fatal error has been detected by the Java Runtime Environment:
#
#  SIGSEGV (0xb) at pc=0x00007f9e63185e38, pid=30495, tid=140318737381120
#
# JRE version: OpenJDK Runtime Environment (7.0_55-b14) (build 1.7.0_55-b14)
# Java VM: OpenJDK 64-Bit Server VM (24.51-b03 mixed mode linux-amd64 compressed oops)
# Problematic frame:
# C  [libX11.so.6+0x3ae38]  XQueryExtension+0x28
#
# Failed to write core dump. Core dumps have been disabled. To enable core dumping, try "ulimit -c unlimited" before starting Java again
#
# If you would like to submit a bug report, please include
# instructions on how to reproduce the bug and visit:
#   http://icedtea.classpath.org/bugzilla
#

---------------  T H R E A D  ---------------

Current thread (0x00007f9e94076800):  VMThread [stack: 0x00007f9e806f3000,0x00007f9e807f4000] [id=30505]

siginfo:si_signo=SIGSEGV: si_errno=0, si_code=1 (SEGV_MAPERR), si_addr=0x00000000300108f8

Registers:
RAX=0x00007f9e74000b10, RBX=0x000000003000ff90, RCX=0x00007f9e807f26d8, RDX=0x00007f9e807f26d4
RSP=0x00007f9e807f2670, RBP=0x00007f9e3ffc5600, RSI=0x00007f9e3fe8c992, RDI=0x000000003000ff90
R8 =0x00007f9e807f26dc, R9 =0x0000000000000000, R10=0x00007f9e3ffc53c0, R11=0x00007f9e9a1961c0
R12=0x00007f9e3fe8c992, R13=0x00007f9e74000b10, R14=0x00007f9e807f2ae0, R15=0x00007f9e30024e00
RIP=0x00007f9e63185e38, EFLAGS=0x0000000000010202, CSGSFS=0x0000000000000033, ERR=0x0000000000000004
  TRAPNO=0x000000000000000e

Top of Stack: (sp=0x00007f9e807f2670)
0x00007f9e807f2670:   0000000000000000 0000000000000000
0x00007f9e807f2680:   000000770000006e 0000000000000000
0x00007f9e807f2690:   000100010000007c 000000003000ff90
0x00007f9e807f26a0:   00007f9e3ffc5600 00007f9e3fe8c992
0x00007f9e807f26b0:   00007f9e74000b10 00007f9e807f2ae0
0x00007f9e807f26c0:   00007f9e30024e00 00007f9e63179e72
0x00007f9e807f26d0:   00007f9e30024e00 00007f9e9a1da220
0x00007f9e807f26e0:   0000000000000000 00007f9e3ffc5600
0x00007f9e807f26f0:   000000003000ff90 00007f9e6349371d
0x00007f9e807f2700:   00007f9e3fe8c992 0000001100000000
0x00007f9e807f2710:   00007f9e00000005 0000000000000000
0x00007f9e807f2720:   00007f9e807f2790 000000003000ff90
0x00007f9e807f2730:   00007f9e807f29d8 00007f9e807f2ae0
0x00007f9e807f2740:   00007f9e3ffdee50 00007f9e3fe353d9
0x00007f9e807f2750:   00000000ffffffff 00007f9e3000e800
0x00007f9e807f2760:   00007f9e807f2790 00007f9e50d2d9e0
0x00007f9e807f2770:   00007f9e807f29d8 00007f9e807f2ae0
0x00007f9e807f2780:   0000000000000000 00007f9e3fe29ae2
0x00007f9e807f2790:   00007f9e807f2b50 00007f9e3fe8c911
0x00007f9e807f27a0:   00007f9e807f2b50 00007f9e9ab45058
0x00007f9e807f27b0:   00007f9e9ad581a8 00007f9e9ad58740
0x00007f9e807f27c0:   00007f9e9ad32000 00007f9e940094f0
0x00007f9e807f27d0:   00007f9e9400a020 00007f9e9400a530
0x00007f9e807f27e0:   00007f9e94017440 00007f9e941b32c0
0x00007f9e807f27f0:   00007f9e942b24d0 00007f9e942ae3e0
0x00007f9e807f2800:   00007f9e941e3ea0 00007f9e941f1dc0
0x00007f9e807f2810:   00007f9e941f91e0 00007f9e941f8cb0
0x00007f9e807f2820:   00007f9e941f8780 00007f9e941fcad0
0x00007f9e807f2830:   00007f9e941fc5b0 00007f9e941fd880
0x00007f9e807f2840:   00007f9e941fc0a0 00007f9e941f8250
0x00007f9e807f2850:   00007f9e941fa670 00007f9e941fb0b0
0x00007f9e807f2860:   00007f9e941fab90 00007f9e941fb5d0 

Instructions: (pc=0x00007f9e63185e38)
0x00007f9e63185e18:   24 e0 48 89 fb 4c 89 6c 24 e8 4c 89 74 24 f0 49
0x00007f9e63185e28:   89 f4 4c 89 7c 24 f8 48 89 6c 24 d8 48 83 ec 58
0x00007f9e63185e38:   48 8b 87 68 09 00 00 49 89 d7 49 89 ce 4d 89 c5
0x00007f9e63185e48:   48 85 c0 74 02 ff 10 ba 08 00 00 00 be 62 00 00 

Register to memory mapping:

RAX=0x00007f9e74000b10 is an unknown value
RBX=0x000000003000ff90 is an unknown value
RCX=0x00007f9e807f26d8 is an unknown value
RDX=0x00007f9e807f26d4 is an unknown value
RSP=0x00007f9e807f2670 is an unknown value
RBP=0x00007f9e3ffc5600: <offset 0x1cf600> in /usr/lib/x86_64-linux-gnu/libGL.so.1 at 0x00007f9e3fdf6000
RSI=0x00007f9e3fe8c992: <offset 0x96992> in /usr/lib/x86_64-linux-gnu/libGL.so.1 at 0x00007f9e3fdf6000
RDI=0x000000003000ff90 is an unknown value
R8 =0x00007f9e807f26dc is an unknown value
R9 =0x0000000000000000 is an unknown value
R10=0x00007f9e3ffc53c0: <offset 0x1cf3c0> in /usr/lib/x86_64-linux-gnu/libGL.so.1 at 0x00007f9e3fdf6000
R11=0x00007f9e9a1961c0: __cxa_finalize+0 in /lib/x86_64-linux-gnu/libc.so.6 at 0x00007f9e9a15e000
R12=0x00007f9e3fe8c992: <offset 0x96992> in /usr/lib/x86_64-linux-gnu/libGL.so.1 at 0x00007f9e3fdf6000
R13=0x00007f9e74000b10 is an unknown value
R14=0x00007f9e807f2ae0 is an unknown value
R15=0x00007f9e30024e00 is an unknown value


Stack: [0x00007f9e806f3000,0x00007f9e807f4000],  sp=0x00007f9e807f2670,  free space=1021k
Native frames: (J=compiled Java code, j=interpreted, Vv=VM code, C=native code)
C  [libX11.so.6+0x3ae38]  XQueryExtension+0x28

VM_Operation (0x00007f9e502246c0): Exit, mode: safepoint, requested by thread 0x00007f9e9434f800


---------------  P R O C E S S  ---------------

Java Threads: ( => current thread )
  0x00007f9e1e74a000 JavaThread "pool-1-thread-1" [_thread_blocked, id=30525, stack(0x00007f9e27cff000,0x00007f9e27e00000)]
  0x00007f9e3153c000 JavaThread "AsynchExecutor-Thread" daemon [_thread_blocked, id=30524, stack(0x00007f9e3c163000,0x00007f9e3c264000)]
  0x00007f9e3001a800 JavaThread "process reaper" daemon [_thread_blocked, id=30520, stack(0x00007f9e90009000,0x00007f9e90042000)]
  0x00007f9e9400b000 JavaThread "DestroyJavaVM" [_thread_blocked, id=30500, stack(0x00007f9e9ac2d000,0x00007f9e9ad2e000)]
  0x00007f9e9434f800 JavaThread "LWJGL Application" [_thread_blocked, id=30518, stack(0x00007f9e50125000,0x00007f9e50226000)]
  0x00007f9e942ad000 JavaThread "AWT-XAWT" daemon [_thread_blocked, id=30514, stack(0x00007f9e538a4000,0x00007f9e539a5000)]
  0x00007f9e9428d000 JavaThread "Java2D Disposer" daemon [_thread_blocked, id=30513, stack(0x00007f9e580b6000,0x00007f9e581b7000)]
  0x00007f9e940a7000 JavaThread "Service Thread" daemon [_thread_blocked, id=30511, stack(0x00007f9e63eff000,0x00007f9e64000000)]
  0x00007f9e940a5000 JavaThread "C2 CompilerThread1" daemon [_thread_blocked, id=30510, stack(0x00007f9e80065000,0x00007f9e80166000)]
  0x00007f9e940a2000 JavaThread "C2 CompilerThread0" daemon [_thread_blocked, id=30509, stack(0x00007f9e80166000,0x00007f9e80267000)]
  0x00007f9e9407c800 JavaThread "Finalizer" daemon [_thread_blocked, id=30507, stack(0x00007f9e804f1000,0x00007f9e805f2000)]
  0x00007f9e9407a800 JavaThread "Reference Handler" daemon [_thread_blocked, id=30506, stack(0x00007f9e805f2000,0x00007f9e806f3000)]

Other Threads:
=>0x00007f9e94076800 VMThread [stack: 0x00007f9e806f3000,0x00007f9e807f4000] [id=30505]

VM state:at safepoint (shutting down)

VM Mutex/Monitor currently owned by a thread:  ([mutex/lock_event])
[0x00007f9e940077a0] Threads_lock - owner thread: 0x00007f9e94076800

Heap
 PSYoungGen      total 18432K, used 17923K [0x00000000eba80000, 0x00000000ecf00000, 0x0000000100000000)
  eden space 15872K, 96% used [0x00000000eba80000,0x00000000ec988428,0x00000000eca00000)
  from space 2560K, 98% used [0x00000000eca00000,0x00000000ecc78900,0x00000000ecc80000)
  to   space 2560K, 0% used [0x00000000ecc80000,0x00000000ecc80000,0x00000000ecf00000)
 ParOldGen       total 41472K, used 2438K [0x00000000c3000000, 0x00000000c5880000, 0x00000000eba80000)
  object space 41472K, 5% used [0x00000000c3000000,0x00000000c3261850,0x00000000c5880000)
 PSPermGen       total 21504K, used 12378K [0x00000000b8a00000, 0x00000000b9f00000, 0x00000000c3000000)
  object space 21504K, 57% used [0x00000000b8a00000,0x00000000b96169f0,0x00000000b9f00000)

Card table byte_map: [0x00007f9e9058c000,0x00007f9e907c8000] byte_map_base: 0x00007f9e8ffc7000

Polling page: 0x00007f9e9ad53000

Code Cache  [0x00007f9e907c8000, 0x00007f9e90a38000, 0x00007f9e937c8000)
 total_blobs=808 nmethods=267 adapters=495 free_code_cache=47907Kb largest_free_block=49025344

Compilation events (10 events):
Event: 33.385 Thread 0x00007f9e940a5000  265             com.badlogic.gdx.math.Vector3::crs (62 bytes)
Event: 33.385 Thread 0x00007f9e940a5000 nmethod 265 0x00007f9e908f3310 code [0x00007f9e908f3440, 0x00007f9e908f34f8]
Event: 33.568 Thread 0x00007f9e940a2000  266             com.badlogic.gdx.InputMultiplexer::mouseMoved (48 bytes)
Event: 33.570 Thread 0x00007f9e940a2000 nmethod 266 0x00007f9e908ef050 code [0x00007f9e908ef1c0, 0x00007f9e908ef3b8]
Event: 33.768 Thread 0x00007f9e940a5000  267             com.mygdx.sheep.tiles.PathWalker::getCompleted (39 bytes)
Event: 33.770 Thread 0x00007f9e940a5000 nmethod 267 0x00007f9e90903b90 code [0x00007f9e90903ce0, 0x00007f9e90903db8]
Event: 33.951 Thread 0x00007f9e940a2000  268             java.nio.DirectIntBufferU::ix (10 bytes)
Event: 33.951 Thread 0x00007f9e940a2000 nmethod 268 0x00007f9e908ee610 code [0x00007f9e908ee740, 0x00007f9e908ee798]
Event: 34.251 Thread 0x00007f9e940a5000  269             com.badlogic.gdx.scenes.scene2d.ui.Widget::validate (93 bytes)
Event: 34.254 Thread 0x00007f9e940a5000 nmethod 269 0x00007f9e908f04d0 code [0x00007f9e908f0640, 0x00007f9e908f0790]

GC Heap History (2 events):
Event: 1.657 GC heap before
{Heap before GC invocations=1 (full 0):
 PSYoungGen      total 18432K, used 15872K [0x00000000eba80000, 0x00000000ecf00000, 0x0000000100000000)
  eden space 15872K, 100% used [0x00000000eba80000,0x00000000eca00000,0x00000000eca00000)
  from space 2560K, 0% used [0x00000000ecc80000,0x00000000ecc80000,0x00000000ecf00000)
  to   space 2560K, 0% used [0x00000000eca00000,0x00000000eca00000,0x00000000ecc80000)
 ParOldGen       total 41472K, used 0K [0x00000000c3000000, 0x00000000c5880000, 0x00000000eba80000)
  object space 41472K, 0% used [0x00000000c3000000,0x00000000c3000000,0x00000000c5880000)
 PSPermGen       total 21504K, used 9241K [0x00000000b8a00000, 0x00000000b9f00000, 0x00000000c3000000)
  object space 21504K, 42% used [0x00000000b8a00000,0x00000000b9306778,0x00000000b9f00000)
Event: 1.668 GC heap after
Heap after GC invocations=1 (full 0):
 PSYoungGen      total 18432K, used 2530K [0x00000000eba80000, 0x00000000ecf00000, 0x0000000100000000)
  eden space 15872K, 0% used [0x00000000eba80000,0x00000000eba80000,0x00000000eca00000)
  from space 2560K, 98% used [0x00000000eca00000,0x00000000ecc78900,0x00000000ecc80000)
  to   space 2560K, 0% used [0x00000000ecc80000,0x00000000ecc80000,0x00000000ecf00000)
 ParOldGen       total 41472K, used 2438K [0x00000000c3000000, 0x00000000c5880000, 0x00000000eba80000)
  object space 41472K, 5% used [0x00000000c3000000,0x00000000c3261850,0x00000000c5880000)
 PSPermGen       total 21504K, used 9241K [0x00000000b8a00000, 0x00000000b9f00000, 0x00000000c3000000)
  object space 21504K, 42% used [0x00000000b8a00000,0x00000000b9306778,0x00000000b9f00000)
}

Deoptimization events (9 events):
Event: 0.211 Thread 0x00007f9e9400b000 Uncommon trap: reason=class_check action=maybe_recompile pc=0x00007f9e9082d2c0 method=java.util.Properties$LineReader.readLine()I @ 62
Event: 4.781 Thread 0x00007f9e1e74a000 Uncommon trap: reason=unreached action=reinterpret pc=0x00007f9e90870134 method=java.lang.Integer.parseInt(Ljava/lang/String;I)I @ 1
Event: 18.055 Thread 0x00007f9e9434f800 Uncommon trap: reason=unreached action=reinterpret pc=0x00007f9e90885724 method=com.badlogic.gdx.scenes.scene2d.Stage.act(F)V @ 32
Event: 18.065 Thread 0x00007f9e9434f800 Uncommon trap: reason=class_check action=maybe_recompile pc=0x00007f9e908ce148 method=com.badlogic.gdx.scenes.scene2d.ui.Button.draw(Lcom/badlogic/gdx/graphics/g2d/Batch;F)V @ 244
Event: 18.078 Thread 0x00007f9e9434f800 Uncommon trap: reason=class_check action=maybe_recompile pc=0x00007f9e908ce148 method=com.badlogic.gdx.scenes.scene2d.ui.Button.draw(Lcom/badlogic/gdx/graphics/g2d/Batch;F)V @ 244
Event: 18.086 Thread 0x00007f9e9434f800 Uncommon trap: reason=class_check action=maybe_recompile pc=0x00007f9e908ce148 method=com.badlogic.gdx.scenes.scene2d.ui.Button.draw(Lcom/badlogic/gdx/graphics/g2d/Batch;F)V @ 244
Event: 18.086 Thread 0x00007f9e9434f800 Uncommon trap: reason=class_check action=maybe_recompile pc=0x00007f9e908ce148 method=com.badlogic.gdx.scenes.scene2d.ui.Button.draw(Lcom/badlogic/gdx/graphics/g2d/Batch;F)V @ 244
Event: 29.084 Thread 0x00007f9e9434f800 Uncommon trap: reason=array_check action=maybe_recompile pc=0x00007f9e908d8f58 method=com.badlogic.gdx.utils.Array.add(Ljava/lang/Object;)V @ 46
Event: 29.084 Thread 0x00007f9e9434f800 Uncommon trap: reason=array_check action=maybe_recompile pc=0x00007f9e908d8f58 method=com.badlogic.gdx.utils.Array.add(Ljava/lang/Object;)V @ 46

Internal exceptions (10 events):
Event: 5.754 Thread 0x00007f9e9434f800 Threw 0x00000000ec447658 at /build/openjdk-7-kBcQ8a/openjdk-7-7u55-2.4.7/build/openjdk/hotspot/src/share/vm/prims/jvm.cpp:1244
Event: 5.755 Thread 0x00007f9e9434f800 Threw 0x00000000ec44c8b0 at /build/openjdk-7-kBcQ8a/openjdk-7-7u55-2.4.7/build/openjdk/hotspot/src/share/vm/prims/jvm.cpp:1244
Event: 5.755 Thread 0x00007f9e9434f800 Threw 0x00000000ec450140 at /build/openjdk-7-kBcQ8a/openjdk-7-7u55-2.4.7/build/openjdk/hotspot/src/share/vm/prims/jvm.cpp:1244
Event: 18.052 Thread 0x00007f9e9434f800 Threw 0x00000000ec6324a0 at /build/openjdk-7-kBcQ8a/openjdk-7-7u55-2.4.7/build/openjdk/hotspot/src/share/vm/prims/jvm.cpp:1244
Event: 18.053 Thread 0x00007f9e9434f800 Threw 0x00000000ec637590 at /build/openjdk-7-kBcQ8a/openjdk-7-7u55-2.4.7/build/openjdk/hotspot/src/share/vm/prims/jvm.cpp:1244
Event: 18.054 Thread 0x00007f9e9434f800 Threw 0x00000000ec63c6c0 at /build/openjdk-7-kBcQ8a/openjdk-7-7u55-2.4.7/build/openjdk/hotspot/src/share/vm/prims/jvm.cpp:1244
Event: 26.285 Thread 0x00007f9e9434f800 Threw 0x00000000ec77cfc0 at /build/openjdk-7-kBcQ8a/openjdk-7-7u55-2.4.7/build/openjdk/hotspot/src/share/vm/prims/jvm.cpp:1244
Event: 34.268 Thread 0x00007f9e9434f800 Threw 0x00000000ec8edd70 at /build/openjdk-7-kBcQ8a/openjdk-7-7u55-2.4.7/build/openjdk/hotspot/src/share/vm/prims/jvm.cpp:1244
Event: 34.276 Thread 0x00007f9e9434f800 Threw 0x00000000ec8f2238 at /build/openjdk-7-kBcQ8a/openjdk-7-7u55-2.4.7/build/openjdk/hotspot/src/share/vm/prims/jvm.cpp:1244
Event: 34.281 Thread 0x00007f9e9434f800 Threw 0x00000000ec8f75d8 at /build/openjdk-7-kBcQ8a/openjdk-7-7u55-2.4.7/build/openjdk/hotspot/src/share/vm/prims/jvm.cpp:1244

Events (10 events):
Event: 34.444 Thread 0x00007f9e31289800 Thread added: 0x00007f9e31289800
Event: 34.445 loading class 0x00007f9e680a0da0
Event: 34.445 loading class 0x00007f9e640b8ac0
Event: 34.445 loading class 0x00007f9e640b8ac0 done
Event: 34.445 loading class 0x00007f9e640b8af0
Event: 34.445 loading class 0x00007f9e640b8af0 done
Event: 34.445 loading class 0x00007f9e680a0da0 done
Event: 34.446 Thread 0x00007f9e31289800 Thread exited: 0x00007f9e31289800
Event: 34.446 Thread 0x00007f9e9409f800 Thread exited: 0x00007f9e9409f800
Event: 34.446 Executing VM operation: Exit


Dynamic libraries:
00400000-00401000 r-xp 00000000 08:03 3934148                            /usr/lib/jvm/java-7-openjdk-amd64/jre/bin/java
00600000-00601000 r--p 00000000 08:03 3934148                            /usr/lib/jvm/java-7-openjdk-amd64/jre/bin/java
00601000-00602000 rw-p 00001000 08:03 3934148                            /usr/lib/jvm/java-7-openjdk-amd64/jre/bin/java
00b06000-012d6000 rw-p 00000000 00:00 0                                  [heap]
b8a00000-b9f00000 rw-p 00000000 00:00 0 
b9f00000-c3000000 rw-p 00000000 00:00 0 
c3000000-c5880000 rw-p 00000000 00:00 0 
c5880000-eba80000 rw-p 00000000 00:00 0 
eba80000-ecf00000 rw-p 00000000 00:00 0 
ecf00000-100000000 rw-p 00000000 00:00 0 
7f9e10000000-7f9e10021000 rw-p 00000000 00:00 0 
7f9e10021000-7f9e14000000 ---p 00000000 00:00 0 
7f9e14000000-7f9e14052000 rw-p 00000000 00:00 0 
7f9e14052000-7f9e18000000 ---p 00000000 00:00 0 
7f9e1c000000-7f9e1ffff000 rw-p 00000000 00:00 0 
7f9e1ffff000-7f9e20000000 ---p 00000000 00:00 0 
7f9e20000000-7f9e20671000 rw-p 00000000 00:00 0 
7f9e20671000-7f9e24000000 ---p 00000000 00:00 0 
7f9e275de000-7f9e275e1000 ---p 00000000 00:00 0 
7f9e275e1000-7f9e276df000 rw-p 00000000 00:00 0 
7f9e276df000-7f9e276e4000 r-xp 00000000 08:03 12192225                   /lib/x86_64-linux-gnu/libnss_dns-2.19.so
7f9e276e4000-7f9e278e3000 ---p 00005000 08:03 12192225                   /lib/x86_64-linux-gnu/libnss_dns-2.19.so
7f9e278e3000-7f9e278e4000 r--p 00004000 08:03 12192225                   /lib/x86_64-linux-gnu/libnss_dns-2.19.so
7f9e278e4000-7f9e278e5000 rw-p 00005000 08:03 12192225                   /lib/x86_64-linux-gnu/libnss_dns-2.19.so
7f9e278e5000-7f9e278e7000 r-xp 00000000 08:03 12058696                   /lib/libnss_mdns4_minimal.so.2
7f9e278e7000-7f9e27ae6000 ---p 00002000 08:03 12058696                   /lib/libnss_mdns4_minimal.so.2
7f9e27ae6000-7f9e27ae7000 rw-p 00001000 08:03 12058696                   /lib/libnss_mdns4_minimal.so.2
7f9e27ae7000-7f9e27afe000 r-xp 00000000 08:03 3934214                    /usr/lib/jvm/java-7-openjdk-amd64/jre/lib/amd64/libnet.so
7f9e27afe000-7f9e27cfd000 ---p 00017000 08:03 3934214                    /usr/lib/jvm/java-7-openjdk-amd64/jre/lib/amd64/libnet.so
7f9e27cfd000-7f9e27cfe000 r--p 00016000 08:03 3934214                    /usr/lib/jvm/java-7-openjdk-amd64/jre/lib/amd64/libnet.so
7f9e27cfe000-7f9e27cff000 rw-p 00017000 08:03 3934214                    /usr/lib/jvm/java-7-openjdk-amd64/jre/lib/amd64/libnet.so
7f9e27cff000-7f9e27d02000 ---p 00000000 00:00 0 
7f9e27d02000-7f9e27e00000 rw-p 00000000 00:00 0 
7f9e28000000-7f9e280b4000 rw-p 00000000 00:00 0 
7f9e280b4000-7f9e2c000000 ---p 00000000 00:00 0 
7f9e2c000000-7f9e2c0ae000 rw-p 00000000 00:00 0 
7f9e2c0ae000-7f9e30000000 ---p 00000000 00:00 0 
7f9e30000000-7f9e33f3b000 rw-p 00000000 00:00 0 
7f9e33f3b000-7f9e34000000 ---p 00000000 00:00 0 
7f9e34000000-7f9e34021000 rw-p 00000000 00:00 0 
7f9e34021000-7f9e38000000 ---p 00000000 00:00 0 
7f9e38000000-7f9e38021000 rw-p 00000000 00:00 0 
7f9e38021000-7f9e3c000000 ---p 00000000 00:00 0 
7f9e3c163000-7f9e3c166000 ---p 00000000 00:00 0 
7f9e3c166000-7f9e3c264000 rw-p 00000000 00:00 0 
7f9e3c264000-7f9e3c265000 ---p 00000000 00:00 0 
7f9e3c265000-7f9e3ca65000 rw-p 00000000 00:00 0 
7f9e3ca65000-7f9e3ca66000 ---p 00000000 00:00 0 
7f9e3ca66000-7f9e3d266000 rw-p 00000000 00:00 0 
7f9e3d327000-7f9e3da27000 rw-s 00006000 00:05 7289                       /dev/ati/card0
7f9e3da27000-7f9e3da64000 r-xp 00000000 08:03 4201336                    /usr/lib/x86_64-linux-gnu/libatiadlxx.so
7f9e3da64000-7f9e3db63000 ---p 0003d000 08:03 4201336                    /usr/lib/x86_64-linux-gnu/libatiadlxx.so
7f9e3db63000-7f9e3db6d000 rw-p 0003c000 08:03 4201336                    /usr/lib/x86_64-linux-gnu/libatiadlxx.so
7f9e3db6d000-7f9e3db7d000 rw-p 00000000 00:00 0 
7f9e3db7d000-7f9e3fa75000 r-xp 00000000 08:03 4201338                    /usr/lib/x86_64-linux-gnu/dri/fglrx_dri.so
7f9e3fa75000-7f9e3fb74000 ---p 01ef8000 08:03 4201338                    /usr/lib/x86_64-linux-gnu/dri/fglrx_dri.so
7f9e3fb74000-7f9e3fcd2000 rwxp 01ef7000 08:03 4201338                    /usr/lib/x86_64-linux-gnu/dri/fglrx_dri.so
7f9e3fcd2000-7f9e3fdf6000 rwxp 00000000 00:00 0 
7f9e3fdf6000-7f9e3feb9000 r-xp 00000000 08:03 4201341                    /usr/lib/x86_64-linux-gnu/fglrx/fglrx-libGL.so.1.2
7f9e3feb9000-7f9e3ffb8000 ---p 000c3000 08:03 4201341                    /usr/lib/x86_64-linux-gnu/fglrx/fglrx-libGL.so.1.2
7f9e3ffb8000-7f9e3ffdf000 rwxp 000c2000 08:03 4201341                    /usr/lib/x86_64-linux-gnu/fglrx/fglrx-libGL.so.1.2
7f9e3ffdf000-7f9e3ffff000 rwxp 00000000 00:00 0 
7f9e44000000-7f9e44021000 rw-p 00000000 00:00 0 
7f9e44021000-7f9e48000000 ---p 00000000 00:00 0 
7f9e48000000-7f9e48021000 rw-p 00000000 00:00 0 
7f9e48021000-7f9e4c000000 ---p 00000000 00:00 0 
7f9e4c000000-7f9e4c021000 rw-p 00000000 00:00 0 
7f9e4c021000-7f9e50000000 ---p 00000000 00:00 0 
7f9e5001c000-7f9e50023000 r-xp 00000000 08:03 4201328                    /usr/lib/x86_64-linux-gnu/libatiuki.so.1.0
7f9e50023000-7f9e50123000 ---p 00007000 08:03 4201328                    /usr/lib/x86_64-linux-gnu/libatiuki.so.1.0
7f9e50123000-7f9e50124000 rw-p 00007000 08:03 4201328                    /usr/lib/x86_64-linux-gnu/libatiuki.so.1.0
7f9e50124000-7f9e50125000 rw-p 00000000 00:00 0 
7f9e50125000-7f9e50128000 ---p 00000000 00:00 0 
7f9e50128000-7f9e50226000 rw-p 00000000 00:00 0 
7f9e50226000-7f9e50229000 ---p 00000000 00:00 0 
7f9e50229000-7f9e50327000 rw-p 00000000 00:00 0 
7f9e50327000-7f9e50328000 ---p 00000000 00:00 0 
7f9e50328000-7f9e50b28000 rw-p 00000000 00:00 0 
7f9e50b28000-7f9e50b2e000 r-xp 00000000 08:03 4200289                    /usr/lib/x86_64-linux-gnu/libogg.so.0.8.0
7f9e50b2e000-7f9e50d2d000 ---p 00006000 08:03 4200289                    /usr/lib/x86_64-linux-gnu/libogg.so.0.8.0
7f9e50d2d000-7f9e50d2e000 rw-p 00005000 08:03 4200289                    /usr/lib/x86_64-linux-gnu/libogg.so.0.8.0
7f9e50d2e000-7f9e50d5a000 r-xp 00000000 08:03 4200496                    /usr/lib/x86_64-linux-gnu/libvorbis.so.0.4.5
7f9e50d5a000-7f9e50f59000 ---p 0002c000 08:03 4200496                    /usr/lib/x86_64-linux-gnu/libvorbis.so.0.4.5
7f9e50f59000-7f9e50f5a000 r--p 0002b000 08:03 4200496                    /usr/lib/x86_64-linux-gnu/libvorbis.so.0.4.5
7f9e50f5a000-7f9e50f5b000 rw-p 0002c000 08:03 4200496                    /usr/lib/x86_64-linux-gnu/libvorbis.so.0.4.5
7f9e50f5b000-7f9e5120e000 r-xp 00000000 08:03 4200498                    /usr/lib/x86_64-linux-gnu/libvorbisenc.so.2.0.8
7f9e5120e000-7f9e5140d000 ---p 002b3000 08:03 4200498                    /usr/lib/x86_64-linux-gnu/libvorbisenc.so.2.0.8
7f9e5140d000-7f9e51429000 r--p 002b2000 08:03 4200498                    /usr/lib/x86_64-linux-gnu/libvorbisenc.so.2.0.8
7f9e51429000-7f9e5142a000 rw-p 002ce000 08:03 4200498                    /usr/lib/x86_64-linux-gnu/libvorbisenc.so.2.0.8
7f9e5142a000-7f9e51475000 r-xp 00000000 08:03 4199700                    /usr/lib/x86_64-linux-gnu/libFLAC.so.8.2.0
7f9e51475000-7f9e51674000 ---p 0004b000 08:03 4199700                    /usr/lib/x86_64-linux-gnu/libFLAC.so.8.2.0
7f9e51674000-7f9e51675000 r--p 0004a000 08:03 4199700                    /usr/lib/x86_64-linux-gnu/libFLAC.so.8.2.0
7f9e51675000-7f9e51676000 rw-p 0004b000 08:03 4199700                    /usr/lib/x86_64-linux-gnu/libFLAC.so.8.2.0
7f9e51676000-7f9e5167a000 r-xp 00000000 08:03 12190707                   /lib/x86_64-linux-gnu/libuuid.so.1.3.0
7f9e5167a000-7f9e51879000 ---p 00004000 08:03 12190707                   /lib/x86_64-linux-gnu/libuuid.so.1.3.0
7f9e51879000-7f9e5187a000 r--p 00003000 08:03 12190707                   /lib/x86_64-linux-gnu/libuuid.so.1.3.0
7f9e5187a000-7f9e5187b000 rw-p 00004000 08:03 12190707                   /lib/x86_64-linux-gnu/libuuid.so.1.3.0
7f9e5187b000-7f9e5187f000 r-xp 00000000 08:03 12190559                   /lib/x86_64-linux-gnu/libattr.so.1.1.0
7f9e5187f000-7f9e51a7e000 ---p 00004000 08:03 12190559                   /lib/x86_64-linux-gnu/libattr.so.1.1.0
7f9e51a7e000-7f9e51a7f000 r--p 00003000 08:03 12190559                   /lib/x86_64-linux-gnu/libattr.so.1.1.0
7f9e51a7f000-7f9e51a80000 rw-p 00004000 08:03 12190559                   /lib/x86_64-linux-gnu/libattr.so.1.1.0
7f9e51a80000-7f9e51a85000 r-xp 00000000 08:03 4199797                    /usr/lib/x86_64-linux-gnu/libasyncns.so.0.3.1
7f9e51a85000-7f9e51c84000 ---p 00005000 08:03 4199797                    /usr/lib/x86_64-linux-gnu/libasyncns.so.0.3.1
7f9e51c84000-7f9e51c85000 rw-p 00004000 08:03 4199797                    /usr/lib/x86_64-linux-gnu/libasyncns.so.0.3.1
7f9e51c85000-7f9e51ce6000 r-xp 00000000 08:03 4200411                    /usr/lib/x86_64-linux-gnu/libsndfile.so.1.0.25
7f9e51ce6000-7f9e51ee5000 ---p 00061000 08:03 4200411                    /usr/lib/x86_64-linux-gnu/libsndfile.so.1.0.25
7f9e51ee5000-7f9e51ee7000 r--p 00060000 08:03 4200411                    /usr/lib/x86_64-linux-gnu/libsndfile.so.1.0.25
7f9e51ee7000-7f9e51ee8000 rw-p 00062000 08:03 4200411                    /usr/lib/x86_64-linux-gnu/libsndfile.so.1.0.25
7f9e51ee8000-7f9e51eec000 rw-p 00000000 00:00 0 
7f9e51eec000-7f9e51ef5000 r-xp 00000000 08:03 12190709                   /lib/x86_64-linux-gnu/libwrap.so.0.7.6
7f9e51ef5000-7f9e520f4000 ---p 00009000 08:03 12190709                   /lib/x86_64-linux-gnu/libwrap.so.0.7.6
7f9e520f4000-7f9e520f5000 r--p 00008000 08:03 12190709                   /lib/x86_64-linux-gnu/libwrap.so.0.7.6
7f9e520f5000-7f9e520f6000 rw-p 00009000 08:03 12190709                   /lib/x86_64-linux-gnu/libwrap.so.0.7.6
7f9e520f6000-7f9e520f7000 rw-p 00000000 00:00 0 
7f9e520f7000-7f9e520fe000 r-xp 00000000 08:03 4199720                    /usr/lib/x86_64-linux-gnu/libSM.so.6.0.1
7f9e520fe000-7f9e522fd000 ---p 00007000 08:03 4199720                    /usr/lib/x86_64-linux-gnu/libSM.so.6.0.1
7f9e522fd000-7f9e522fe000 rw-p 00006000 08:03 4199720                    /usr/lib/x86_64-linux-gnu/libSM.so.6.0.1
7f9e522fe000-7f9e52315000 r-xp 00000000 08:03 4199710                    /usr/lib/x86_64-linux-gnu/libICE.so.6.3.0
7f9e52315000-7f9e52514000 ---p 00017000 08:03 4199710                    /usr/lib/x86_64-linux-gnu/libICE.so.6.3.0
7f9e52514000-7f9e52516000 rw-p 00016000 08:03 4199710                    /usr/lib/x86_64-linux-gnu/libICE.so.6.3.0
7f9e52516000-7f9e52519000 rw-p 00000000 00:00 0 
7f9e52519000-7f9e5251a000 r-xp 00000000 08:03 4199726                    /usr/lib/x86_64-linux-gnu/libX11-xcb.so.1.0.0
7f9e5251a000-7f9e52719000 ---p 00001000 08:03 4199726                    /usr/lib/x86_64-linux-gnu/libX11-xcb.so.1.0.0
7f9e52719000-7f9e5271a000 rw-p 00000000 08:03 4199726                    /usr/lib/x86_64-linux-gnu/libX11-xcb.so.1.0.0
7f9e5271a000-7f9e5271e000 r-xp 00000000 08:03 12190572                   /lib/x86_64-linux-gnu/libcap.so.2.22
7f9e5271e000-7f9e5291d000 ---p 00004000 08:03 12190572                   /lib/x86_64-linux-gnu/libcap.so.2.22
7f9e5291d000-7f9e5291e000 rw-p 00003000 08:03 12190572                   /lib/x86_64-linux-gnu/libcap.so.2.22
7f9e5291e000-7f9e5297f000 r-xp 00000000 08:03 4325923                    /usr/lib/x86_64-linux-gnu/pulseaudio/libpulsecommon-2.0.so
7f9e5297f000-7f9e52b7e000 ---p 00061000 08:03 4325923                    /usr/lib/x86_64-linux-gnu/pulseaudio/libpulsecommon-2.0.so
7f9e52b7e000-7f9e52b7f000 r--p 00060000 08:03 4325923                    /usr/lib/x86_64-linux-gnu/pulseaudio/libpulsecommon-2.0.so
7f9e52b7f000-7f9e52b81000 rw-p 00061000 08:03 4325923                    /usr/lib/x86_64-linux-gnu/pulseaudio/libpulsecommon-2.0.so
7f9e52b81000-7f9e52b8a000 r-xp 00000000 08:03 12190608                   /lib/x86_64-linux-gnu/libjson.so.0.1.0
7f9e52b8a000-7f9e52d89000 ---p 00009000 08:03 12190608                   /lib/x86_64-linux-gnu/libjson.so.0.1.0
7f9e52d89000-7f9e52d8a000 r--p 00008000 08:03 12190608                   /lib/x86_64-linux-gnu/libjson.so.0.1.0
7f9e52d8a000-7f9e52d8b000 rw-p 00009000 08:03 12190608                   /lib/x86_64-linux-gnu/libjson.so.0.1.0
7f9e52d8b000-7f9e52dd4000 r-xp 00000000 08:03 4200364                    /usr/lib/x86_64-linux-gnu/libpulse.so.0.14.2
7f9e52dd4000-7f9e52fd3000 ---p 00049000 08:03 4200364                    /usr/lib/x86_64-linux-gnu/libpulse.so.0.14.2
7f9e52fd3000-7f9e52fd4000 r--p 00048000 08:03 4200364                    /usr/lib/x86_64-linux-gnu/libpulse.so.0.14.2
7f9e52fd4000-7f9e52fd5000 rw-p 00049000 08:03 4200364                    /usr/lib/x86_64-linux-gnu/libpulse.so.0.14.2
7f9e5322e000-7f9e53232000 r-xp 00000000 08:03 4199775                    /usr/lib/x86_64-linux-gnu/libXxf86vm.so.1.0.0
7f9e53232000-7f9e53432000 ---p 00004000 08:03 4199775                    /usr/lib/x86_64-linux-gnu/libXxf86vm.so.1.0.0
7f9e53432000-7f9e53433000 r--p 00004000 08:03 4199775                    /usr/lib/x86_64-linux-gnu/libXxf86vm.so.1.0.0
7f9e53433000-7f9e53434000 rw-p 00005000 08:03 4199775                    /usr/lib/x86_64-linux-gnu/libXxf86vm.so.1.0.0
7f9e53434000-7f9e534a0000 r-xp 00000000 08:01 301131                     /media/winDisk/Users/ChobeDucket/Documents/sheep/android/assets/.temp/7b43be9b/liblwjgl64.so
7f9e534a0000-7f9e5369f000 ---p 0006c000 08:01 301131                     /media/winDisk/Users/ChobeDucket/Documents/sheep/android/assets/.temp/7b43be9b/liblwjgl64.so
7f9e5369f000-7f9e536a1000 r--p 0006b000 08:01 301131                     /media/winDisk/Users/ChobeDucket/Documents/sheep/android/assets/.temp/7b43be9b/liblwjgl64.so
7f9e536a1000-7f9e536a2000 rw-p 0006d000 08:01 301131                     /media/winDisk/Users/ChobeDucket/Documents/sheep/android/assets/.temp/7b43be9b/liblwjgl64.so
7f9e536a2000-7f9e536a3000 r-xp 00000000 08:03 3934229                    /usr/lib/jvm/java-7-openjdk-amd64/jre/lib/amd64/libjawt.so
7f9e536a3000-7f9e538a2000 ---p 00001000 08:03 3934229                    /usr/lib/jvm/java-7-openjdk-amd64/jre/lib/amd64/libjawt.so
7f9e538a2000-7f9e538a3000 r--p 00000000 08:03 3934229                    /usr/lib/jvm/java-7-openjdk-amd64/jre/lib/amd64/libjawt.so
7f9e538a3000-7f9e538a4000 rw-p 00001000 08:03 3934229                    /usr/lib/jvm/java-7-openjdk-amd64/jre/lib/amd64/libjawt.so
7f9e538a4000-7f9e538a7000 ---p 00000000 00:00 0 
7f9e538a7000-7f9e539a5000 rw-p 00000000 00:00 0 
7f9e539a5000-7f9e539a8000 r-xp 00000000 08:03 12190599                   /lib/x86_64-linux-gnu/libgpg-error.so.0.8.0
7f9e539a8000-7f9e53ba7000 ---p 00003000 08:03 12190599                   /lib/x86_64-linux-gnu/libgpg-error.so.0.8.0
7f9e53ba7000-7f9e53ba8000 rw-p 00002000 08:03 12190599                   /lib/x86_64-linux-gnu/libgpg-error.so.0.8.0
7f9e53ba8000-7f9e53bec000 r-xp 00000000 08:03 12190580                   /lib/x86_64-linux-gnu/libdbus-1.so.3.7.2
7f9e53bec000-7f9e53dec000 ---p 00044000 08:03 12190580                   /lib/x86_64-linux-gnu/libdbus-1.so.3.7.2
7f9e53dec000-7f9e53ded000 r--p 00044000 08:03 12190580                   /lib/x86_64-linux-gnu/libdbus-1.so.3.7.2
7f9e53ded000-7f9e53dee000 rw-p 00045000 08:03 12190580                   /lib/x86_64-linux-gnu/libdbus-1.so.3.7.2
7f9e53dee000-7f9e53dff000 r-xp 00000000 08:03 4200305                    /usr/lib/x86_64-linux-gnu/libp11-kit.so.0.0.0
7f9e53dff000-7f9e53ffe000 ---p 00011000 08:03 4200305                    /usr/lib/x86_64-linux-gnu/libp11-kit.so.0.0.0
7f9e53ffe000-7f9e53fff000 r--p 00010000 08:03 4200305                    /usr/lib/x86_64-linux-gnu/libp11-kit.so.0.0.0
7f9e53fff000-7f9e54000000 rw-p 00011000 08:03 4200305                    /usr/lib/x86_64-linux-gnu/libp11-kit.so.0.0.0
7f9e54000000-7f9e54021000 rw-p 00000000 00:00 0 
7f9e54021000-7f9e58000000 ---p 00000000 00:00 0 
7f9e580b6000-7f9e580b9000 ---p 00000000 00:00 0 
7f9e580b9000-7f9e581b7000 rw-p 00000000 00:00 0 
7f9e581b7000-7f9e58231000 r-xp 00000000 08:03 12190595                   /lib/x86_64-linux-gnu/libgcrypt.so.11.7.0
7f9e58231000-7f9e58431000 ---p 0007a000 08:03 12190595                   /lib/x86_64-linux-gnu/libgcrypt.so.11.7.0
7f9e58431000-7f9e58432000 r--p 0007a000 08:03 12190595                   /lib/x86_64-linux-gnu/libgcrypt.so.11.7.0
7f9e58432000-7f9e58435000 rw-p 0007b000 08:03 12190595                   /lib/x86_64-linux-gnu/libgcrypt.so.11.7.0
7f9e58435000-7f9e58445000 r-xp 00000000 08:03 4200448                    /usr/lib/x86_64-linux-gnu/libtasn1.so.3.1.16
7f9e58445000-7f9e58644000 ---p 00010000 08:03 4200448                    /usr/lib/x86_64-linux-gnu/libtasn1.so.3.1.16
7f9e58644000-7f9e58645000 r--p 0000f000 08:03 4200448                    /usr/lib/x86_64-linux-gnu/libtasn1.so.3.1.16
7f9e58645000-7f9e58646000 rw-p 00010000 08:03 4200448                    /usr/lib/x86_64-linux-gnu/libtasn1.so.3.1.16
7f9e58646000-7f9e58649000 r-xp 00000000 08:03 12190610                   /lib/x86_64-linux-gnu/libkeyutils.so.1.4
7f9e58649000-7f9e58848000 ---p 00003000 08:03 12190610                   /lib/x86_64-linux-gnu/libkeyutils.so.1.4
7f9e58848000-7f9e58849000 r--p 00002000 08:03 12190610                   /lib/x86_64-linux-gnu/libkeyutils.so.1.4
7f9e58849000-7f9e5884a000 rw-p 00003000 08:03 12190610                   /lib/x86_64-linux-gnu/libkeyutils.so.1.4
7f9e5884a000-7f9e58852000 r-xp 00000000 08:03 4200208                    /usr/lib/x86_64-linux-gnu/libkrb5support.so.0.1
7f9e58852000-7f9e58a51000 ---p 00008000 08:03 4200208                    /usr/lib/x86_64-linux-gnu/libkrb5support.so.0.1
7f9e58a51000-7f9e58a52000 r--p 00007000 08:03 4200208                    /usr/lib/x86_64-linux-gnu/libkrb5support.so.0.1
7f9e58a52000-7f9e58a53000 rw-p 00008000 08:03 4200208                    /usr/lib/x86_64-linux-gnu/libkrb5support.so.0.1
7f9e58a53000-7f9e58a56000 r-xp 00000000 08:03 12190576                   /lib/x86_64-linux-gnu/libcom_err.so.2.1
7f9e58a56000-7f9e58c55000 ---p 00003000 08:03 12190576                   /lib/x86_64-linux-gnu/libcom_err.so.2.1
7f9e58c55000-7f9e58c56000 r--p 00002000 08:03 12190576                   /lib/x86_64-linux-gnu/libcom_err.so.2.1
7f9e58c56000-7f9e58c57000 rw-p 00003000 08:03 12190576                   /lib/x86_64-linux-gnu/libcom_err.so.2.1
7f9e58c57000-7f9e58c7d000 r-xp 00000000 08:03 4200198                    /usr/lib/x86_64-linux-gnu/libk5crypto.so.3.1
7f9e58c7d000-7f9e58e7d000 ---p 00026000 08:03 4200198                    /usr/lib/x86_64-linux-gnu/libk5crypto.so.3.1
7f9e58e7d000-7f9e58e7e000 r--p 00026000 08:03 4200198                    /usr/lib/x86_64-linux-gnu/libk5crypto.so.3.1
7f9e58e7e000-7f9e58e7f000 rw-p 00027000 08:03 4200198                    /usr/lib/x86_64-linux-gnu/libk5crypto.so.3.1
7f9e58e7f000-7f9e58e80000 rw-p 00000000 00:00 0 
7f9e58e80000-7f9e58f49000 r-xp 00000000 08:03 4200206                    /usr/lib/x86_64-linux-gnu/libkrb5.so.3.3
7f9e58f49000-7f9e59148000 ---p 000c9000 08:03 4200206                    /usr/lib/x86_64-linux-gnu/libkrb5.so.3.3
7f9e59148000-7f9e59152000 r--p 000c8000 08:03 4200206                    /usr/lib/x86_64-linux-gnu/libkrb5.so.3.3
7f9e59152000-7f9e59154000 rw-p 000d2000 08:03 4200206                    /usr/lib/x86_64-linux-gnu/libkrb5.so.3.3
7f9e59154000-7f9e59159000 r-xp 00000000 08:03 4199743                    /usr/lib/x86_64-linux-gnu/libXdmcp.so.6.0.0
7f9e59159000-7f9e59358000 ---p 00005000 08:03 4199743                    /usr/lib/x86_64-linux-gnu/libXdmcp.so.6.0.0
7f9e59358000-7f9e59359000 rw-p 00004000 08:03 4199743                    /usr/lib/x86_64-linux-gnu/libXdmcp.so.6.0.0
7f9e59359000-7f9e5935b000 r-xp 00000000 08:03 4199732                    /usr/lib/x86_64-linux-gnu/libXau.so.6.0.0
7f9e5935b000-7f9e5955b000 ---p 00002000 08:03 4199732                    /usr/lib/x86_64-linux-gnu/libXau.so.6.0.0
7f9e5955b000-7f9e5955c000 rw-p 00002000 08:03 4199732                    /usr/lib/x86_64-linux-gnu/libXau.so.6.0.0
7f9e5955c000-7f9e5956c000 r-xp 00000000 08:03 4199807                    /usr/lib/x86_64-linux-gnu/libavahi-client.so.3.2.9
7f9e5956c000-7f9e5976b000 ---p 00010000 08:03 4199807                    /usr/lib/x86_64-linux-gnu/libavahi-client.so.3.2.9
7f9e5976b000-7f9e5976c000 r--p 0000f000 08:03 4199807                    /usr/lib/x86_64-linux-gnu/libavahi-client.so.3.2.9
7f9e5976c000-7f9e5976d000 rw-p 00010000 08:03 4199807                    /usr/lib/x86_64-linux-gnu/libavahi-client.so.3.2.9
7f9e5976d000-7f9e59779000 r-xp 00000000 08:03 4199809                    /usr/lib/x86_64-linux-gnu/libavahi-common.so.3.5.3
7f9e59779000-7f9e59978000 ---p 0000c000 08:03 4199809                    /usr/lib/x86_64-linux-gnu/libavahi-common.so.3.5.3
7f9e59978000-7f9e59979000 r--p 0000b000 08:03 4199809                    /usr/lib/x86_64-linux-gnu/libavahi-common.so.3.5.3
7f9e59979000-7f9e5997a000 rw-p 0000c000 08:03 4199809                    /usr/lib/x86_64-linux-gnu/libavahi-common.so.3.5.3
7f9e5997a000-7f9e59a33000 r-xp 00000000 08:03 4200060                    /usr/lib/x86_64-linux-gnu/libgnutls.so.26.22.4
7f9e59a33000-7f9e59c32000 ---p 000b9000 08:03 4200060                    /usr/lib/x86_64-linux-gnu/libgnutls.so.26.22.4
7f9e59c32000-7f9e59c38000 r--p 000b8000 08:03 4200060                    /usr/lib/x86_64-linux-gnu/libgnutls.so.26.22.4
7f9e59c38000-7f9e59c3a000 rw-p 000be000 08:03 4200060                    /usr/lib/x86_64-linux-gnu/libgnutls.so.26.22.4
7f9e59c3a000-7f9e59c76000 r-xp 00000000 08:03 4200085                    /usr/lib/x86_64-linux-gnu/libgssapi_krb5.so.2.2
7f9e59c76000-7f9e59e76000 ---p 0003c000 08:03 4200085                    /usr/lib/x86_64-linux-gnu/libgssapi_krb5.so.2.2
7f9e59e76000-7f9e59e77000 r--p 0003c000 08:03 4200085                    /usr/lib/x86_64-linux-gnu/libgssapi_krb5.so.2.2
7f9e59e77000-7f9e59e79000 rw-p 0003d000 08:03 4200085                    /usr/lib/x86_64-linux-gnu/libgssapi_krb5.so.2.2
7f9e59e79000-7f9e59eb5000 r-xp 00000000 08:03 12190663                   /lib/x86_64-linux-gnu/libpcre.so.3.13.1
7f9e59eb5000-7f9e5a0b5000 ---p 0003c000 08:03 12190663                   /lib/x86_64-linux-gnu/libpcre.so.3.13.1
7f9e5a0b5000-7f9e5a0b6000 rw-p 0003c000 08:03 12190663                   /lib/x86_64-linux-gnu/libpcre.so.3.13.1
7f9e5a0b6000-7f9e5a0c2000 r-xp 00000000 08:03 4199961                    /usr/lib/x86_64-linux-gnu/libffi.so.5.0.10
7f9e5a0c2000-7f9e5a2c2000 ---p 0000c000 08:03 4199961                    /usr/lib/x86_64-linux-gnu/libffi.so.5.0.10
7f9e5a2c2000-7f9e5a2c3000 rw-p 0000c000 08:03 4199961                    /usr/lib/x86_64-linux-gnu/libffi.so.5.0.10
7f9e5a2c3000-7f9e5a2ea000 r-xp 00000000 08:03 12190588                   /lib/x86_64-linux-gnu/libexpat.so.1.6.0
7f9e5a2ea000-7f9e5a4ea000 ---p 00027000 08:03 12190588                   /lib/x86_64-linux-gnu/libexpat.so.1.6.0
7f9e5a4ea000-7f9e5a4ec000 r--p 00027000 08:03 12190588                   /lib/x86_64-linux-gnu/libexpat.so.1.6.0
7f9e5a4ec000-7f9e5a4ed000 rw-p 00029000 08:03 12190588                   /lib/x86_64-linux-gnu/libexpat.so.1.6.0
7f9e5a4ed000-7f9e5a4f5000 r-xp 00000000 08:03 4200521                    /usr/lib/x86_64-linux-gnu/libxcb-render.so.0.0.0
7f9e5a4f5000-7f9e5a6f5000 ---p 00008000 08:03 4200521                    /usr/lib/x86_64-linux-gnu/libxcb-render.so.0.0.0
7f9e5a6f5000-7f9e5a6f6000 r--p 00008000 08:03 4200521                    /usr/lib/x86_64-linux-gnu/libxcb-render.so.0.0.0
7f9e5a6f6000-7f9e5a6f7000 rw-p 00009000 08:03 4200521                    /usr/lib/x86_64-linux-gnu/libxcb-render.so.0.0.0
7f9e5a6f7000-7f9e5a6f9000 r-xp 00000000 08:03 4200525                    /usr/lib/x86_64-linux-gnu/libxcb-shm.so.0.0.0
7f9e5a6f9000-7f9e5a8f8000 ---p 00002000 08:03 4200525                    /usr/lib/x86_64-linux-gnu/libxcb-shm.so.0.0.0
7f9e5a8f8000-7f9e5a8f9000 r--p 00001000 08:03 4200525                    /usr/lib/x86_64-linux-gnu/libxcb-shm.so.0.0.0
7f9e5a8f9000-7f9e5a8fa000 rw-p 00002000 08:03 4200525                    /usr/lib/x86_64-linux-gnu/libxcb-shm.so.0.0.0
7f9e5a8fa000-7f9e5a97a000 r-xp 00000000 08:03 4200335                    /usr/lib/x86_64-linux-gnu/libpixman-1.so.0.26.0
7f9e5a97a000-7f9e5ab7a000 ---p 00080000 08:03 4200335                    /usr/lib/x86_64-linux-gnu/libpixman-1.so.0.26.0
7f9e5ab7a000-7f9e5ab80000 rw-p 00080000 08:03 4200335                    /usr/lib/x86_64-linux-gnu/libpixman-1.so.0.26.0
7f9e5ab80000-7f9e5aba6000 r-xp 00000000 08:03 12190665                   /lib/x86_64-linux-gnu/libpng12.so.0.49.0
7f9e5aba6000-7f9e5ada5000 ---p 00026000 08:03 12190665                   /lib/x86_64-linux-gnu/libpng12.so.0.49.0
7f9e5ada5000-7f9e5ada6000 r--p 00025000 08:03 12190665                   /lib/x86_64-linux-gnu/libpng12.so.0.49.0
7f9e5ada6000-7f9e5ada7000 rw-p 00026000 08:03 12190665                   /lib/x86_64-linux-gnu/libpng12.so.0.49.0
7f9e5ada7000-7f9e5adbb000 r-xp 00000000 08:03 12192206                   /lib/x86_64-linux-gnu/libresolv-2.19.so
7f9e5adbb000-7f9e5afba000 ---p 00014000 08:03 12192206                   /lib/x86_64-linux-gnu/libresolv-2.19.so
7f9e5afba000-7f9e5afbb000 r--p 00013000 08:03 12192206                   /lib/x86_64-linux-gnu/libresolv-2.19.so
7f9e5afbb000-7f9e5afbc000 rw-p 00014000 08:03 12192206                   /lib/x86_64-linux-gnu/libresolv-2.19.so
7f9e5afbc000-7f9e5afbe000 rw-p 00000000 00:00 0 
7f9e5afbe000-7f9e5afdc000 r-xp 00000000 08:03 12190680                   /lib/x86_64-linux-gnu/libselinux.so.1
7f9e5afdc000-7f9e5b1db000 ---p 0001e000 08:03 12190680                   /lib/x86_64-linux-gnu/libselinux.so.1
7f9e5b1db000-7f9e5b1dc000 r--p 0001d000 08:03 12190680                   /lib/x86_64-linux-gnu/libselinux.so.1
7f9e5b1dc000-7f9e5b1dd000 rw-p 0001e000 08:03 12190680                   /lib/x86_64-linux-gnu/libselinux.so.1
7f9e5b1dd000-7f9e5b1de000 rw-p 00000000 00:00 0 
7f9e5b1de000-7f9e5b1e1000 r-xp 00000000 08:03 4200052                    /usr/lib/x86_64-linux-gnu/libgmodule-2.0.so.0.3200.4
7f9e5b1e1000-7f9e5b3e0000 ---p 00003000 08:03 4200052                    /usr/lib/x86_64-linux-gnu/libgmodule-2.0.so.0.3200.4
7f9e5b3e0000-7f9e5b3e1000 r--p 00002000 08:03 4200052                    /usr/lib/x86_64-linux-gnu/libgmodule-2.0.so.0.3200.4
7f9e5b3e1000-7f9e5b3e2000 rw-p 00003000 08:03 4200052                    /usr/lib/x86_64-linux-gnu/libgmodule-2.0.so.0.3200.4
7f9e5b3e2000-7f9e5b3ec000 r-xp 00000000 08:03 4199739                    /usr/lib/x86_64-linux-gnu/libXcursor.so.1.0.2
7f9e5b3ec000-7f9e5b5eb000 ---p 0000a000 08:03 4199739                    /usr/lib/x86_64-linux-gnu/libXcursor.so.1.0.2
7f9e5b5eb000-7f9e5b5ec000 rw-p 00009000 08:03 4199739                    /usr/lib/x86_64-linux-gnu/libXcursor.so.1.0.2
7f9e5b5ec000-7f9e5b5f3000 r-xp 00000000 08:03 4199761                    /usr/lib/x86_64-linux-gnu/libXrandr.so.2.2.0
7f9e5b5f3000-7f9e5b7f3000 ---p 00007000 08:03 4199761                    /usr/lib/x86_64-linux-gnu/libXrandr.so.2.2.0
7f9e5b7f3000-7f9e5b7f4000 rw-p 00007000 08:03 4199761                    /usr/lib/x86_64-linux-gnu/libXrandr.so.2.2.0
7f9e5b7f4000-7f9e5b7f6000 r-xp 00000000 08:03 4199753                    /usr/lib/x86_64-linux-gnu/libXinerama.so.1.0.0
7f9e5b7f6000-7f9e5b9f5000 ---p 00002000 08:03 4199753                    /usr/lib/x86_64-linux-gnu/libXinerama.so.1.0.0
7f9e5b9f5000-7f9e5b9f6000 rw-p 00001000 08:03 4199753                    /usr/lib/x86_64-linux-gnu/libXinerama.so.1.0.0
7f9e5b9f6000-7f9e5b9fb000 r-xp 00000000 08:03 4199747                    /usr/lib/x86_64-linux-gnu/libXfixes.so.3.1.0
7f9e5b9fb000-7f9e5bbfa000 ---p 00005000 08:03 4199747                    /usr/lib/x86_64-linux-gnu/libXfixes.so.3.1.0
7f9e5bbfa000-7f9e5bbfb000 r--p 00004000 08:03 4199747                    /usr/lib/x86_64-linux-gnu/libXfixes.so.3.1.0
7f9e5bbfb000-7f9e5bbfc000 rw-p 00005000 08:03 4199747                    /usr/lib/x86_64-linux-gnu/libXfixes.so.3.1.0
7f9e5bbfc000-7f9e5bbfe000 r-xp 00000000 08:03 4199741                    /usr/lib/x86_64-linux-gnu/libXdamage.so.1.1.0
7f9e5bbfe000-7f9e5bdfd000 ---p 00002000 08:03 4199741                    /usr/lib/x86_64-linux-gnu/libXdamage.so.1.1.0
7f9e5bdfd000-7f9e5bdfe000 rw-p 00001000 08:03 4199741                    /usr/lib/x86_64-linux-gnu/libXdamage.so.1.1.0
7f9e5bdfe000-7f9e5be00000 r-xp 00000000 08:03 4199737                    /usr/lib/x86_64-linux-gnu/libXcomposite.so.1.0.0
7f9e5be00000-7f9e5bfff000 ---p 00002000 08:03 4199737                    /usr/lib/x86_64-linux-gnu/libXcomposite.so.1.0.0
7f9e5bfff000-7f9e5c000000 rw-p 00001000 08:03 4199737                    /usr/lib/x86_64-linux-gnu/libXcomposite.so.1.0.0
7f9e5c000000-7f9e5c021000 rw-p 00000000 00:00 0 
7f9e5c021000-7f9e60000000 ---p 00000000 00:00 0 
7f9e60013000-7f9e60090000 rw-p 00000000 00:00 0 
7f9e60090000-7f9e600af000 r-xp 00000000 08:03 4200529                    /usr/lib/x86_64-linux-gnu/libxcb.so.1.1.0
7f9e600af000-7f9e602ae000 ---p 0001f000 08:03 4200529                    /usr/lib/x86_64-linux-gnu/libxcb.so.1.1.0
7f9e602ae000-7f9e602af000 r--p 0001e000 08:03 4200529                    /usr/lib/x86_64-linux-gnu/libxcb.so.1.1.0
7f9e602af000-7f9e602b0000 rw-p 0001f000 08:03 4200529                    /usr/lib/x86_64-linux-gnu/libxcb.so.1.1.0
7f9e602b0000-7f9e60303000 r-xp 00000000 08:03 4199889                    /usr/lib/x86_64-linux-gnu/libcups.so.2
7f9e60303000-7f9e60502000 ---p 00053000 08:03 4199889                    /usr/lib/x86_64-linux-gnu/libcups.so.2
7f9e60502000-7f9e60507000 r--p 00052000 08:03 4199889                    /usr/lib/x86_64-linux-gnu/libcups.so.2
7f9e60507000-7f9e60508000 rw-p 00057000 08:03 4199889                    /usr/lib/x86_64-linux-gnu/libcups.so.2
7f9e60508000-7f9e605fd000 r-xp 00000000 08:03 12190597                   /lib/x86_64-linux-gnu/libglib-2.0.so.0.3200.4
7f9e605fd000-7f9e607fd000 ---p 000f5000 08:03 12190597                   /lib/x86_64-linux-gnu/libglib-2.0.so.0.3200.4
7f9e607fd000-7f9e607fe000 r--p 000f5000 08:03 12190597                   /lib/x86_64-linux-gnu/libglib-2.0.so.0.3200.4
7f9e607fe000-7f9e607ff000 rw-p 000f6000 08:03 12190597                   /lib/x86_64-linux-gnu/libglib-2.0.so.0.3200.4
7f9e607ff000-7f9e60800000 rw-p 00000000 00:00 0 
7f9e60800000-7f9e60801000 r-xp 00000000 08:03 4200137                    /usr/lib/x86_64-linux-gnu/libgthread-2.0.so.0.3200.4
7f9e60801000-7f9e60a00000 ---p 00001000 08:03 4200137                    /usr/lib/x86_64-linux-gnu/libgthread-2.0.so.0.3200.4
7f9e60a00000-7f9e60a01000 r--p 00000000 08:03 4200137                    /usr/lib/x86_64-linux-gnu/libgthread-2.0.so.0.3200.4
7f9e60a01000-7f9e60a02000 rw-p 00001000 08:03 4200137                    /usr/lib/x86_64-linux-gnu/libgthread-2.0.so.0.3200.4
7f9e60a02000-7f9e60a50000 r-xp 00000000 08:03 4200068                    /usr/lib/x86_64-linux-gnu/libgobject-2.0.so.0.3200.4
7f9e60a50000-7f9e60c50000 ---p 0004e000 08:03 4200068                    /usr/lib/x86_64-linux-gnu/libgobject-2.0.so.0.3200.4
7f9e60c50000-7f9e60c51000 r--p 0004e000 08:03 4200068                    /usr/lib/x86_64-linux-gnu/libgobject-2.0.so.0.3200.4
7f9e60c51000-7f9e60c52000 rw-p 0004f000 08:03 4200068                    /usr/lib/x86_64-linux-gnu/libgobject-2.0.so.0.3200.4
7f9e60c52000-7f9e60c87000 r-xp 00000000 08:03 4199999                    /usr/lib/x86_64-linux-gnu/libfontconfig.so.1.5.0
7f9e60c87000-7f9e60e87000 ---p 00035000 08:03 4199999                    /usr/lib/x86_64-linux-gnu/libfontconfig.so.1.5.0
7f9e60e87000-7f9e60e88000 r--p 00035000 08:03 4199999                    /usr/lib/x86_64-linux-gnu/libfontconfig.so.1.5.0
7f9e60e88000-7f9e60e89000 rw-p 00036000 08:03 4199999                    /usr/lib/x86_64-linux-gnu/libfontconfig.so.1.5.0
7f9e60e89000-7f9e60f22000 r-xp 00000000 08:03 4200007                    /usr/lib/x86_64-linux-gnu/libfreetype.so.6.8.1
7f9e60f22000-7f9e61121000 ---p 00099000 08:03 4200007                    /usr/lib/x86_64-linux-gnu/libfreetype.so.6.8.1
7f9e61121000-7f9e61127000 r--p 00098000 08:03 4200007                    /usr/lib/x86_64-linux-gnu/libfreetype.so.6.8.1
7f9e61127000-7f9e61128000 rw-p 0009e000 08:03 4200007                    /usr/lib/x86_64-linux-gnu/libfreetype.so.6.8.1
7f9e61128000-7f9e61172000 r-xp 00000000 08:03 4200313                    /usr/lib/x86_64-linux-gnu/libpango-1.0.so.0.3000.0
7f9e61172000-7f9e61372000 ---p 0004a000 08:03 4200313                    /usr/lib/x86_64-linux-gnu/libpango-1.0.so.0.3000.0
7f9e61372000-7f9e61374000 r--p 0004a000 08:03 4200313                    /usr/lib/x86_64-linux-gnu/libpango-1.0.so.0.3000.0
7f9e61374000-7f9e61375000 rw-p 0004c000 08:03 4200313                    /usr/lib/x86_64-linux-gnu/libpango-1.0.so.0.3000.0
7f9e61375000-7f9e61469000 r-xp 00000000 08:03 4199843                    /usr/lib/x86_64-linux-gnu/libcairo.so.2.11200.2
7f9e61469000-7f9e61668000 ---p 000f4000 08:03 4199843                    /usr/lib/x86_64-linux-gnu/libcairo.so.2.11200.2
7f9e61668000-7f9e6166b000 r--p 000f3000 08:03 4199843                    /usr/lib/x86_64-linux-gnu/libcairo.so.2.11200.2
7f9e6166b000-7f9e6166c000 rw-p 000f6000 08:03 4199843                    /usr/lib/x86_64-linux-gnu/libcairo.so.2.11200.2
7f9e6166c000-7f9e6166e000 rw-p 00000000 00:00 0 
7f9e6166e000-7f9e6168d000 r-xp 00000000 08:03 4200030                    /usr/lib/x86_64-linux-gnu/libgdk_pixbuf-2.0.so.0.2600.1
7f9e6168d000-7f9e6188c000 ---p 0001f000 08:03 4200030                    /usr/lib/x86_64-linux-gnu/libgdk_pixbuf-2.0.so.0.2600.1
7f9e6188c000-7f9e6188d000 r--p 0001e000 08:03 4200030                    /usr/lib/x86_64-linux-gnu/libgdk_pixbuf-2.0.so.0.2600.1
7f9e6188d000-7f9e6188e000 rw-p 0001f000 08:03 4200030                    /usr/lib/x86_64-linux-gnu/libgdk_pixbuf-2.0.so.0.2600.1
7f9e6188e000-7f9e6189a000 r-xp 00000000 08:03 4200315                    /usr/lib/x86_64-linux-gnu/libpangocairo-1.0.so.0.3000.0
7f9e6189a000-7f9e61a99000 ---p 0000c000 08:03 4200315                    /usr/lib/x86_64-linux-gnu/libpangocairo-1.0.so.0.3000.0
7f9e61a99000-7f9e61a9a000 r--p 0000b000 08:03 4200315                    /usr/lib/x86_64-linux-gnu/libpangocairo-1.0.so.0.3000.0
7f9e61a9a000-7f9e61a9b000 rw-p 0000c000 08:03 4200315                    /usr/lib/x86_64-linux-gnu/libpangocairo-1.0.so.0.3000.0
7f9e61a9b000-7f9e61ac5000 r-xp 00000000 08:03 4200317                    /usr/lib/x86_64-linux-gnu/libpangoft2-1.0.so.0.3000.0
7f9e61ac5000-7f9e61cc4000 ---p 0002a000 08:03 4200317                    /usr/lib/x86_64-linux-gnu/libpangoft2-1.0.so.0.3000.0
7f9e61cc4000-7f9e61cc5000 r--p 00029000 08:03 4200317                    /usr/lib/x86_64-linux-gnu/libpangoft2-1.0.so.0.3000.0
7f9e61cc5000-7f9e61cc6000 rw-p 0002a000 08:03 4200317                    /usr/lib/x86_64-linux-gnu/libpangoft2-1.0.so.0.3000.0
7f9e61cc6000-7f9e61e12000 r-xp 00000000 08:03 4200042                    /usr/lib/x86_64-linux-gnu/libgio-2.0.so.0.3200.4
7f9e61e12000-7f9e62011000 ---p 0014c000 08:03 4200042                    /usr/lib/x86_64-linux-gnu/libgio-2.0.so.0.3200.4
7f9e62011000-7f9e62015000 r--p 0014b000 08:03 4200042                    /usr/lib/x86_64-linux-gnu/libgio-2.0.so.0.3200.4
7f9e62015000-7f9e62017000 rw-p 0014f000 08:03 4200042                    /usr/lib/x86_64-linux-gnu/libgio-2.0.so.0.3200.4
7f9e62017000-7f9e62019000 rw-p 00000000 00:00 0 
7f9e62019000-7f9e6203a000 r-xp 00000000 08:03 4199799                    /usr/lib/x86_64-linux-gnu/libatk-1.0.so.0.20409.1
7f9e6203a000-7f9e62239000 ---p 00021000 08:03 4199799                    /usr/lib/x86_64-linux-gnu/libatk-1.0.so.0.20409.1
7f9e62239000-7f9e6223b000 r--p 00020000 08:03 4199799                    /usr/lib/x86_64-linux-gnu/libatk-1.0.so.0.20409.1
7f9e6223b000-7f9e6223c000 rw-p 00022000 08:03 4199799                    /usr/lib/x86_64-linux-gnu/libatk-1.0.so.0.20409.1
7f9e6223c000-7f9e622eb000 r-xp 00000000 08:03 4200028                    /usr/lib/x86_64-linux-gnu/libgdk-x11-2.0.so.0.2400.10
7f9e622eb000-7f9e624ea000 ---p 000af000 08:03 4200028                    /usr/lib/x86_64-linux-gnu/libgdk-x11-2.0.so.0.2400.10
7f9e624ea000-7f9e624ef000 rw-p 000ae000 08:03 4200028                    /usr/lib/x86_64-linux-gnu/libgdk-x11-2.0.so.0.2400.10
7f9e624ef000-7f9e62921000 r-xp 00000000 08:03 4200141                    /usr/lib/x86_64-linux-gnu/libgtk-x11-2.0.so.0.2400.10
7f9e62921000-7f9e62b21000 ---p 00432000 08:03 4200141                    /usr/lib/x86_64-linux-gnu/libgtk-x11-2.0.so.0.2400.10
7f9e62b21000-7f9e62b2c000 rw-p 00432000 08:03 4200141                    /usr/lib/x86_64-linux-gnu/libgtk-x11-2.0.so.0.2400.10
7f9e62b2c000-7f9e62b2e000 rw-p 00000000 00:00 0 
7f9e62b2e000-7f9e62b3c000 r-xp 00000000 08:03 4199751                    /usr/lib/x86_64-linux-gnu/libXi.so.6.1.0
7f9e62b3c000-7f9e62d3c000 ---p 0000e000 08:03 4199751                    /usr/lib/x86_64-linux-gnu/libXi.so.6.1.0
7f9e62d3c000-7f9e62d3d000 rw-p 0000e000 08:03 4199751                    /usr/lib/x86_64-linux-gnu/libXi.so.6.1.0
7f9e62d3d000-7f9e62d42000 r-xp 00000000 08:03 4199769                    /usr/lib/x86_64-linux-gnu/libXtst.so.6.1.0
7f9e62d42000-7f9e62f41000 ---p 00005000 08:03 4199769                    /usr/lib/x86_64-linux-gnu/libXtst.so.6.1.0
7f9e62f41000-7f9e62f42000 rw-p 00004000 08:03 4199769                    /usr/lib/x86_64-linux-gnu/libXtst.so.6.1.0
7f9e62f42000-7f9e62f4b000 r-xp 00000000 08:03 4199763                    /usr/lib/x86_64-linux-gnu/libXrender.so.1.3.0
7f9e62f4b000-7f9e6314a000 ---p 00009000 08:03 4199763                    /usr/lib/x86_64-linux-gnu/libXrender.so.1.3.0
7f9e6314a000-7f9e6314b000 rw-p 00008000 08:03 4199763                    /usr/lib/x86_64-linux-gnu/libXrender.so.1.3.0
7f9e6314b000-7f9e63280000 r-xp 00000000 08:03 4199728                    /usr/lib/x86_64-linux-gnu/libX11.so.6.3.0
7f9e63280000-7f9e63480000 ---p 00135000 08:03 4199728                    /usr/lib/x86_64-linux-gnu/libX11.so.6.3.0
7f9e63480000-7f9e63486000 rw-p 00135000 08:03 4199728                    /usr/lib/x86_64-linux-gnu/libX11.so.6.3.0
7f9e63486000-7f9e63497000 r-xp 00000000 08:03 4199745                    /usr/lib/x86_64-linux-gnu/libXext.so.6.4.0
7f9e63497000-7f9e63697000 ---p 00011000 08:03 4199745                    /usr/lib/x86_64-linux-gnu/libXext.so.6.4.0
7f9e63697000-7f9e63698000 rw-p 00011000 08:03 4199745                    /usr/lib/x86_64-linux-gnu/libXext.so.6.4.0
7f9e63698000-7f9e636eb000 r-xp 00000000 08:03 3934319                    /usr/lib/jvm/java-7-openjdk-amd64/jre/lib/amd64/xawt/libmawt.so
7f9e636eb000-7f9e638ea000 ---p 00053000 08:03 3934319                    /usr/lib/jvm/java-7-openjdk-amd64/jre/lib/amd64/xawt/libmawt.so
7f9e638ea000-7f9e638eb000 r--p 00052000 08:03 3934319                    /usr/lib/jvm/java-7-openjdk-amd64/jre/lib/amd64/xawt/libmawt.so
7f9e638eb000-7f9e638ee000 rw-p 00053000 08:03 3934319                    /usr/lib/jvm/java-7-openjdk-amd64/jre/lib/amd64/xawt/libmawt.so
7f9e638ee000-7f9e638ef000 rw-p 00000000 00:00 0 
7f9e638ef000-7f9e63990000 r-xp 00000000 08:03 3934218                    /usr/lib/jvm/java-7-openjdk-amd64/jre/lib/amd64/libawt.so
7f9e63990000-7f9e63b8f000 ---p 000a1000 08:03 3934218                    /usr/lib/jvm/java-7-openjdk-amd64/jre/lib/amd64/libawt.so
7f9e63b8f000-7f9e63b90000 r--p 000a0000 08:03 3934218                    /usr/lib/jvm/java-7-openjdk-amd64/jre/lib/amd64/libawt.so
7f9e63b90000-7f9e63b9b000 rw-p 000a1000 08:03 3934218                    /usr/lib/jvm/java-7-openjdk-amd64/jre/lib/amd64/libawt.so
7f9e63b9b000-7f9e63bc0000 rw-p 00000000 00:00 0 
7f9e63bc0000-7f9e63bfd000 r-xp 00000000 08:03 10486182                   /tmp/libgdxchobe/5502b6ed/libgdx64.so
7f9e63bfd000-7f9e63dfc000 ---p 0003d000 08:03 10486182                   /tmp/libgdxchobe/5502b6ed/libgdx64.so
7f9e63dfc000-7f9e63dfd000 r--p 0003c000 08:03 10486182                   /tmp/libgdxchobe/5502b6ed/libgdx64.so
7f9e63dfd000-7f9e63dfe000 rw-p 0003d000 08:03 10486182                   /tmp/libgdxchobe/5502b6ed/libgdx64.so
7f9e63dfe000-7f9e63dff000 ---p 00000000 00:00 0 
7f9e63dff000-7f9e63eff000 rw-p 00000000 00:00 0 
7f9e63eff000-7f9e63f02000 ---p 00000000 00:00 0 
7f9e63f02000-7f9e64000000 rw-p 00000000 00:00 0 
7f9e64000000-7f9e64a9f000 rw-p 00000000 00:00 0 
7f9e64a9f000-7f9e68000000 ---p 00000000 00:00 0 
7f9e68000000-7f9e6851b000 rw-p 00000000 00:00 0 
7f9e6851b000-7f9e6c000000 ---p 00000000 00:00 0 
7f9e6c000000-7f9e6c021000 rw-p 00000000 00:00 0 
7f9e6c021000-7f9e70000000 ---p 00000000 00:00 0 
7f9e70000000-7f9e70021000 rw-p 00000000 00:00 0 
7f9e70021000-7f9e74000000 ---p 00000000 00:00 0 
7f9e74000000-7f9e74021000 rw-p 00000000 00:00 0 
7f9e74021000-7f9e78000000 ---p 00000000 00:00 0 
7f9e78000000-7f9e78021000 rw-p 00000000 00:00 0 
7f9e78021000-7f9e7c000000 ---p 00000000 00:00 0 
7f9e7c000000-7f9e7c021000 rw-p 00000000 00:00 0 
7f9e7c021000-7f9e80000000 ---p 00000000 00:00 0 
7f9e8000d000-7f9e80055000 rw-p 00000000 00:00 0 
7f9e80055000-7f9e80065000 rw-s e0200000 00:05 7289                       /dev/ati/card0
7f9e80065000-7f9e80068000 ---p 00000000 00:00 0 
7f9e80068000-7f9e80166000 rw-p 00000000 00:00 0 
7f9e80166000-7f9e80169000 ---p 00000000 00:00 0 
7f9e80169000-7f9e80267000 rw-p 00000000 00:00 0 
7f9e80267000-7f9e8026a000 ---p 00000000 00:00 0 
7f9e8026a000-7f9e80368000 rw-p 00000000 00:00 0 
7f9e80368000-7f9e804f1000 r--p 00000000 08:03 4067802                    /usr/lib/locale/locale-archive
7f9e804f1000-7f9e804f4000 ---p 00000000 00:00 0 
7f9e804f4000-7f9e805f2000 rw-p 00000000 00:00 0 
7f9e805f2000-7f9e805f5000 ---p 00000000 00:00 0 
7f9e805f5000-7f9e806f3000 rw-p 00000000 00:00 0 
7f9e806f3000-7f9e806f4000 ---p 00000000 00:00 0 
7f9e806f4000-7f9e817f1000 rw-p 00000000 00:00 0 
7f9e817f1000-7f9e8199f000 r--s 01cfc000 08:03 3934153                    /usr/lib/jvm/java-7-openjdk-amd64/jre/lib/rt.jar
7f9e8199f000-7f9e84000000 rw-p 00000000 00:00 0 
7f9e84000000-7f9e84021000 rw-p 00000000 00:00 0 
7f9e84021000-7f9e88000000 ---p 00000000 00:00 0 
7f9e88000000-7f9e88021000 rw-p 00000000 00:00 0 
7f9e88021000-7f9e8c000000 ---p 00000000 00:00 0 
7f9e8c000000-7f9e8c021000 rw-p 00000000 00:00 0 
7f9e8c021000-7f9e90000000 ---p 00000000 00:00 0 
7f9e90009000-7f9e9000c000 ---p 00000000 00:00 0 
7f9e9000c000-7f9e90042000 rw-p 00000000 00:00 0 
7f9e90042000-7f9e90043000 ---p 00000000 00:00 0 
7f9e90043000-7f9e90143000 rw-p 00000000 00:00 0 
7f9e90143000-7f9e90144000 ---p 00000000 00:00 0 
7f9e90144000-7f9e90244000 rw-p 00000000 00:00 0 
7f9e90244000-7f9e90245000 ---p 00000000 00:00 0 
7f9e90245000-7f9e90345000 rw-p 00000000 00:00 0 
7f9e90345000-7f9e90346000 ---p 00000000 00:00 0 
7f9e90346000-7f9e9045b000 rw-p 00000000 00:00 0 
7f9e9045b000-7f9e9058c000 rw-p 00000000 00:00 0 
7f9e9058c000-7f9e90597000 rw-p 00000000 00:00 0 
7f9e90597000-7f9e905df000 rw-p 00000000 00:00 0 
7f9e905df000-7f9e905f4000 rw-p 00000000 00:00 0 
7f9e905f4000-7f9e90724000 rw-p 00000000 00:00 0 
7f9e90724000-7f9e9072f000 rw-p 00000000 00:00 0 
7f9e9072f000-7f9e907c7000 rw-p 00000000 00:00 0 
7f9e907c7000-7f9e907c8000 rw-p 00000000 00:00 0 
7f9e907c8000-7f9e90a38000 rwxp 00000000 00:00 0 
7f9e90a38000-7f9e937c8000 rw-p 00000000 00:00 0 
7f9e937c8000-7f9e937d0000 r-xp 00000000 08:03 3934210                    /usr/lib/jvm/java-7-openjdk-amd64/jre/lib/amd64/libzip.so
7f9e937d0000-7f9e939cf000 ---p 00008000 08:03 3934210                    /usr/lib/jvm/java-7-openjdk-amd64/jre/lib/amd64/libzip.so
7f9e939cf000-7f9e939d0000 r--p 00007000 08:03 3934210                    /usr/lib/jvm/java-7-openjdk-amd64/jre/lib/amd64/libzip.so
7f9e939d0000-7f9e939d1000 rw-p 00008000 08:03 3934210                    /usr/lib/jvm/java-7-openjdk-amd64/jre/lib/amd64/libzip.so
7f9e939d1000-7f9e939dc000 r-xp 00000000 08:03 12192223                   /lib/x86_64-linux-gnu/libnss_files-2.19.so
7f9e939dc000-7f9e93bdb000 ---p 0000b000 08:03 12192223                   /lib/x86_64-linux-gnu/libnss_files-2.19.so
7f9e93bdb000-7f9e93bdc000 r--p 0000a000 08:03 12192223                   /lib/x86_64-linux-gnu/libnss_files-2.19.so
7f9e93bdc000-7f9e93bdd000 rw-p 0000b000 08:03 12192223                   /lib/x86_64-linux-gnu/libnss_files-2.19.so
7f9e93bdd000-7f9e93be7000 r-xp 00000000 08:03 12192211                   /lib/x86_64-linux-gnu/libnss_nis-2.19.so
7f9e93be7000-7f9e93de6000 ---p 0000a000 08:03 12192211                   /lib/x86_64-linux-gnu/libnss_nis-2.19.so
7f9e93de6000-7f9e93de7000 r--p 00009000 08:03 12192211                   /lib/x86_64-linux-gnu/libnss_nis-2.19.so
7f9e93de7000-7f9e93de8000 rw-p 0000a000 08:03 12192211                   /lib/x86_64-linux-gnu/libnss_nis-2.19.so
7f9e93de8000-7f9e93dfd000 r-xp 00000000 08:03 12192215                   /lib/x86_64-linux-gnu/libnsl-2.19.so
7f9e93dfd000-7f9e93ffc000 ---p 00015000 08:03 12192215                   /lib/x86_64-linux-gnu/libnsl-2.19.so
7f9e93ffc000-7f9e93ffd000 r--p 00014000 08:03 12192215                   /lib/x86_64-linux-gnu/libnsl-2.19.so
7f9e93ffd000-7f9e93ffe000 rw-p 00015000 08:03 12192215                   /lib/x86_64-linux-gnu/libnsl-2.19.so
7f9e93ffe000-7f9e94000000 rw-p 00000000 00:00 0 
7f9e94000000-7f9e94362000 rw-p 00000000 00:00 0 
7f9e94362000-7f9e98000000 ---p 00000000 00:00 0 
7f9e98005000-7f9e98006000 rw-s 00005000 00:05 7289                       /dev/ati/card0
7f9e98006000-7f9e98008000 rw-s 00002000 00:05 7289                       /dev/ati/card0
7f9e98008000-7f9e9800f000 r--s 00000000 08:03 4206154                    /usr/lib/x86_64-linux-gnu/gconv/gconv-modules.cache
7f9e9800f000-7f9e98018000 r--s 000b9000 08:03 3934170                    /usr/lib/jvm/java-7-openjdk-amd64/jre/lib/resources.jar
7f9e98018000-7f9e9801d000 r--s 0004c000 08:03 3934152                    /usr/lib/jvm/java-7-openjdk-amd64/jre/lib/jsse.jar
7f9e9801d000-7f9e9801e000 r--s 00002000 08:03 10488693                   /home/chobe/.gradle/caches/modules-2/files-2.1/net.java.jinput/jinput-platform/2.0.5/53f9c919f34d2ca9de8c51fc4e1e8282029a9232/jinput-platform-2.0.5-natives-osx.jar
7f9e9801e000-7f9e9801f000 r--s 00025000 08:03 10488692                   /home/chobe/.gradle/caches/modules-2/files-2.1/net.java.jinput/jinput-platform/2.0.5/385ee093e01f587f30ee1c8a2ee7d408fd732e16/jinput-platform-2.0.5-natives-windows.jar
7f9e9801f000-7f9e98020000 r--s 00002000 08:03 10488691                   /home/chobe/.gradle/caches/modules-2/files-2.1/net.java.jinput/jinput-platform/2.0.5/7ff832a6eb9ab6a767f1ade2b548092d0fa64795/jinput-platform-2.0.5-natives-linux.jar
7f9e98020000-7f9e98021000 r--s 00001000 08:03 10488690                   /home/chobe/.gradle/caches/modules-2/files-2.1/net.java.jutils/jutils/1.0.0/e12fe1fda814bd348c1579329c86943d2cd3c6a6/jutils-1.0.0.jar
7f9e98021000-7f9e98025000 r--s 0002f000 08:03 10488689                   /home/chobe/.gradle/caches/modules-2/files-2.1/net.java.jinput/jinput/2.0.5/39c7796b469a600f72380316f6b1f11db6c2c7c4/jinput-2.0.5.jar
7f9e98025000-7f9e98026000 r--s 00080000 08:03 10488688                   /home/chobe/.gradle/caches/modules-2/files-2.1/org.lwjgl.lwjgl/lwjgl-platform/2.9.1/2d12c83fdfbc04ecabf02c7bc8cc54d034f0daac/lwjgl-platform-2.9.1-natives-osx.jar
7f9e98026000-7f9e98027000 r--s 0008b000 08:03 10488687                   /home/chobe/.gradle/caches/modules-2/files-2.1/org.lwjgl.lwjgl/lwjgl-platform/2.9.1/aa9aae879af8eb378e22cfc64db56ec2ca9a44d1/lwjgl-platform-2.9.1-natives-linux.jar
7f9e98027000-7f9e98028000 r--s 00095000 08:03 10488686                   /home/chobe/.gradle/caches/modules-2/files-2.1/org.lwjgl.lwjgl/lwjgl-platform/2.9.1/4c517eca808522457dd95ee8fc1fbcdbb602efbe/lwjgl-platform-2.9.1-natives-windows.jar
7f9e98028000-7f9e9802a000 r--s 00017000 08:03 10488685                   /home/chobe/.gradle/caches/modules-2/files-2.1/org.jcraft/jorbis/0.0.17/8872d22b293e8f5d7d56ff92be966e6dc28ebdc6/jorbis-0.0.17.jar
7f9e9802a000-7f9e9802b000 r--s 00015000 08:03 10488684                   /home/chobe/.gradle/caches/modules-2/files-2.1/com.badlogicgames.jlayer/jlayer/1.0.1-gdx/7cca83cec5c1b2f011362f4d85aabd71a73b049d/jlayer-1.0.1-gdx.jar
7f9e9802b000-7f9e9802f000 r--s 00027000 08:03 10488683                   /home/chobe/.gradle/caches/modules-2/files-2.1/org.lwjgl.lwjgl/lwjgl_util/2.9.1/290d7ba8a1bd9566f5ddf16ad06f09af5ec9b20e/lwjgl_util-2.9.1.jar
7f9e9802f000-7f9e9803d000 r--s 000ea000 08:03 10488682                   /home/chobe/.gradle/caches/modules-2/files-2.1/org.lwjgl.lwjgl/lwjgl/2.9.1/f58c5aabcef0e41718a564be9f8e412fff8db847/lwjgl-2.9.1.jar
7f9e9803d000-7f9e98052000 r--s 00153000 08:03 10488660                   /home/chobe/.gradle/caches/modules-2/files-2.1/com.badlogicgames.gdx/gdx/1.1.0/686f5a609c717eb0769d3b954c501a49bf4fe351/gdx-1.1.0.jar
7f9e98052000-7f9e98053000 r--s 000cd000 08:03 10488678                   /home/chobe/.gradle/caches/modules-2/files-2.1/com.badlogicgames.gdx/gdx-platform/1.1.0/1c7ea4239c2d9adda420c15985fe3885c481fdcf/gdx-platform-1.1.0-natives-desktop.jar
7f9e98053000-7f9e980e1000 rw-p 00000000 00:00 0 
7f9e980e1000-7f9e98129000 rw-p 00000000 00:00 0 
7f9e98129000-7f9e98130000 r-xp 00000000 08:03 12192212                   /lib/x86_64-linux-gnu/libnss_compat-2.19.so
7f9e98130000-7f9e9832f000 ---p 00007000 08:03 12192212                   /lib/x86_64-linux-gnu/libnss_compat-2.19.so
7f9e9832f000-7f9e98330000 r--p 00006000 08:03 12192212                   /lib/x86_64-linux-gnu/libnss_compat-2.19.so
7f9e98330000-7f9e98331000 rw-p 00007000 08:03 12192212                   /lib/x86_64-linux-gnu/libnss_compat-2.19.so
7f9e98331000-7f9e9835c000 r-xp 00000000 08:03 3934215                    /usr/lib/jvm/java-7-openjdk-amd64/jre/lib/amd64/libjava.so
7f9e9835c000-7f9e9855b000 ---p 0002b000 08:03 3934215                    /usr/lib/jvm/java-7-openjdk-amd64/jre/lib/amd64/libjava.so
7f9e9855b000-7f9e9855c000 r--p 0002a000 08:03 3934215                    /usr/lib/jvm/java-7-openjdk-amd64/jre/lib/amd64/libjava.so
7f9e9855c000-7f9e9855e000 rw-p 0002b000 08:03 3934215                    /usr/lib/jvm/java-7-openjdk-amd64/jre/lib/amd64/libjava.so
7f9e9855e000-7f9e9856d000 r-xp 00000000 08:03 3934216                    /usr/lib/jvm/java-7-openjdk-amd64/jre/lib/amd64/libverify.so
7f9e9856d000-7f9e9876c000 ---p 0000f000 08:03 3934216                    /usr/lib/jvm/java-7-openjdk-amd64/jre/lib/amd64/libverify.so
7f9e9876c000-7f9e9876e000 r--p 0000e000 08:03 3934216                    /usr/lib/jvm/java-7-openjdk-amd64/jre/lib/amd64/libverify.so
7f9e9876e000-7f9e9876f000 rw-p 00010000 08:03 3934216                    /usr/lib/jvm/java-7-openjdk-amd64/jre/lib/amd64/libverify.so
7f9e9876f000-7f9e98776000 r-xp 00000000 08:03 12192213                   /lib/x86_64-linux-gnu/librt-2.19.so
7f9e98776000-7f9e98975000 ---p 00007000 08:03 12192213                   /lib/x86_64-linux-gnu/librt-2.19.so
7f9e98975000-7f9e98976000 r--p 00006000 08:03 12192213                   /lib/x86_64-linux-gnu/librt-2.19.so
7f9e98976000-7f9e98977000 rw-p 00007000 08:03 12192213                   /lib/x86_64-linux-gnu/librt-2.19.so
7f9e98977000-7f9e9898c000 r-xp 00000000 08:03 12190593                   /lib/x86_64-linux-gnu/libgcc_s.so.1
7f9e9898c000-7f9e98b8c000 ---p 00015000 08:03 12190593                   /lib/x86_64-linux-gnu/libgcc_s.so.1
7f9e98b8c000-7f9e98b8d000 rw-p 00015000 08:03 12190593                   /lib/x86_64-linux-gnu/libgcc_s.so.1
7f9e98b8d000-7f9e98c8d000 r-xp 00000000 08:03 12192221                   /lib/x86_64-linux-gnu/libm-2.19.so
7f9e98c8d000-7f9e98e8c000 ---p 00100000 08:03 12192221                   /lib/x86_64-linux-gnu/libm-2.19.so
7f9e98e8c000-7f9e98e8d000 r--p 000ff000 08:03 12192221                   /lib/x86_64-linux-gnu/libm-2.19.so
7f9e98e8d000-7f9e98e8e000 rw-p 00100000 08:03 12192221                   /lib/x86_64-linux-gnu/libm-2.19.so
7f9e98e8e000-7f9e98f76000 r-xp 00000000 08:03 4200440                    /usr/lib/x86_64-linux-gnu/libstdc++.so.6.0.17
7f9e98f76000-7f9e99176000 ---p 000e8000 08:03 4200440                    /usr/lib/x86_64-linux-gnu/libstdc++.so.6.0.17
7f9e99176000-7f9e9917e000 r--p 000e8000 08:03 4200440                    /usr/lib/x86_64-linux-gnu/libstdc++.so.6.0.17
7f9e9917e000-7f9e99180000 rw-p 000f0000 08:03 4200440                    /usr/lib/x86_64-linux-gnu/libstdc++.so.6.0.17
7f9e99180000-7f9e99195000 rw-p 00000000 00:00 0 
7f9e99195000-7f9e99c5e000 r-xp 00000000 08:03 3934204                    /usr/lib/jvm/java-7-openjdk-amd64/jre/lib/amd64/server/libjvm.so
7f9e99c5e000-7f9e99e5e000 ---p 00ac9000 08:03 3934204                    /usr/lib/jvm/java-7-openjdk-amd64/jre/lib/amd64/server/libjvm.so
7f9e99e5e000-7f9e99ef6000 r--p 00ac9000 08:03 3934204                    /usr/lib/jvm/java-7-openjdk-amd64/jre/lib/amd64/server/libjvm.so
7f9e99ef6000-7f9e99f19000 rw-p 00b61000 08:03 3934204                    /usr/lib/jvm/java-7-openjdk-amd64/jre/lib/amd64/server/libjvm.so
7f9e99f19000-7f9e99f46000 rw-p 00000000 00:00 0 
7f9e99f46000-7f9e99f5d000 r-xp 00000000 08:03 12192203                   /lib/x86_64-linux-gnu/libz.so.1.2.8
7f9e99f5d000-7f9e9a15c000 ---p 00017000 08:03 12192203                   /lib/x86_64-linux-gnu/libz.so.1.2.8
7f9e9a15c000-7f9e9a15d000 r--p 00016000 08:03 12192203                   /lib/x86_64-linux-gnu/libz.so.1.2.8
7f9e9a15d000-7f9e9a15e000 rw-p 00017000 08:03 12192203                   /lib/x86_64-linux-gnu/libz.so.1.2.8
7f9e9a15e000-7f9e9a2fd000 r-xp 00000000 08:03 12192214                   /lib/x86_64-linux-gnu/libc-2.19.so
7f9e9a2fd000-7f9e9a4fd000 ---p 0019f000 08:03 12192214                   /lib/x86_64-linux-gnu/libc-2.19.so
7f9e9a4fd000-7f9e9a501000 r--p 0019f000 08:03 12192214                   /lib/x86_64-linux-gnu/libc-2.19.so
7f9e9a501000-7f9e9a503000 rw-p 001a3000 08:03 12192214                   /lib/x86_64-linux-gnu/libc-2.19.so
7f9e9a503000-7f9e9a507000 rw-p 00000000 00:00 0 
7f9e9a507000-7f9e9a50a000 r-xp 00000000 08:03 12192219                   /lib/x86_64-linux-gnu/libdl-2.19.so
7f9e9a50a000-7f9e9a709000 ---p 00003000 08:03 12192219                   /lib/x86_64-linux-gnu/libdl-2.19.so
7f9e9a709000-7f9e9a70a000 r--p 00002000 08:03 12192219                   /lib/x86_64-linux-gnu/libdl-2.19.so
7f9e9a70a000-7f9e9a70b000 rw-p 00003000 08:03 12192219                   /lib/x86_64-linux-gnu/libdl-2.19.so
7f9e9a70b000-7f9e9a718000 r-xp 00000000 08:03 3934207                    /usr/lib/jvm/java-7-openjdk-amd64/jre/lib/amd64/jli/libjli.so
7f9e9a718000-7f9e9a917000 ---p 0000d000 08:03 3934207                    /usr/lib/jvm/java-7-openjdk-amd64/jre/lib/amd64/jli/libjli.so
7f9e9a917000-7f9e9a918000 r--p 0000c000 08:03 3934207                    /usr/lib/jvm/java-7-openjdk-amd64/jre/lib/amd64/jli/libjli.so
7f9e9a918000-7f9e9a919000 rw-p 0000d000 08:03 3934207                    /usr/lib/jvm/java-7-openjdk-amd64/jre/lib/amd64/jli/libjli.so
7f9e9a919000-7f9e9a931000 r-xp 00000000 08:03 12192218                   /lib/x86_64-linux-gnu/libpthread-2.19.so
7f9e9a931000-7f9e9ab30000 ---p 00018000 08:03 12192218                   /lib/x86_64-linux-gnu/libpthread-2.19.so
7f9e9ab30000-7f9e9ab31000 r--p 00017000 08:03 12192218                   /lib/x86_64-linux-gnu/libpthread-2.19.so
7f9e9ab31000-7f9e9ab32000 rw-p 00018000 08:03 12192218                   /lib/x86_64-linux-gnu/libpthread-2.19.so
7f9e9ab32000-7f9e9ab36000 rw-p 00000000 00:00 0 
7f9e9ab36000-7f9e9ab56000 r-xp 00000000 08:03 12192217                   /lib/x86_64-linux-gnu/ld-2.19.so
7f9e9ab56000-7f9e9ab59000 r--s 0001f000 08:03 10488677                   /home/chobe/.gradle/caches/modules-2/files-2.1/com.badlogicgames.gdx/gdx-backend-lwjgl/1.1.0/eafa409559820c1696e165e1280435f1332fc32b/gdx-backend-lwjgl-1.1.0.jar
7f9e9ab59000-7f9e9ab5c000 r--s 0001d000 08:01 772750                     /media/winDisk/Users/ChobeDucket/Documents/sheep/core/build/libs/core-1.0.jar
7f9e9ab5c000-7f9e9ab60000 r--s 0003b000 08:03 3934173                    /usr/lib/jvm/java-7-openjdk-amd64/jre/lib/ext/sunpkcs11.jar
7f9e9ab60000-7f9e9ab61000 r--s 00002000 08:03 3934178                    /usr/lib/jvm/java-7-openjdk-amd64/jre/lib/ext/dnsns.jar
7f9e9ab61000-7f9e9ab64000 r--s 00032000 08:03 3934176                    /usr/lib/jvm/java-7-openjdk-amd64/jre/lib/ext/sunjce_provider.jar
7f9e9ab64000-7f9e9ab66000 r--s 0000f000 08:03 3934175                    /usr/lib/jvm/java-7-openjdk-amd64/jre/lib/ext/pulse-java.jar
7f9e9ab66000-7f9e9ab68000 r--s 00012000 08:03 3934174                    /usr/lib/jvm/java-7-openjdk-amd64/jre/lib/ext/zipfs.jar
7f9e9ab68000-7f9e9ab6c000 r--s 00085000 08:03 3934172                    /usr/lib/jvm/java-7-openjdk-amd64/jre/lib/ext/localedata.jar
7f9e9ab6c000-7f9e9ab6d000 r--s 00007000 08:03 5645676                    /usr/share/java/java-atk-wrapper.jar
7f9e9ab6d000-7f9e9ab77000 rw-p 00000000 00:00 0 
7f9e9ab77000-7f9e9ac2d000 rw-p 00000000 00:00 0 
7f9e9ac2d000-7f9e9ac30000 ---p 00000000 00:00 0 
7f9e9ac30000-7f9e9ad4a000 rw-p 00000000 00:00 0 
7f9e9ad4a000-7f9e9ad52000 rw-s 00000000 08:03 10490821                   /tmp/hsperfdata_chobe/30495 (deleted)
7f9e9ad52000-7f9e9ad53000 rw-p 00000000 00:00 0 
7f9e9ad53000-7f9e9ad54000 ---p 00000000 00:00 0 
7f9e9ad54000-7f9e9ad56000 rw-p 00000000 00:00 0 
7f9e9ad56000-7f9e9ad57000 r--p 00020000 08:03 12192217                   /lib/x86_64-linux-gnu/ld-2.19.so
7f9e9ad57000-7f9e9ad58000 rw-p 00021000 08:03 12192217                   /lib/x86_64-linux-gnu/ld-2.19.so
7f9e9ad58000-7f9e9ad59000 rw-p 00000000 00:00 0 
7fffb35af000-7fffb35d1000 rw-p 00000000 00:00 0                          [stack]
7fffb35ff000-7fffb3600000 r-xp 00000000 00:00 0                          [vdso]
ffffffffff600000-ffffffffff601000 r-xp 00000000 00:00 0                  [vsyscall]

VM Arguments:
jvm_args: -Dfile.encoding=UTF-8 
java_command: com.mygdx.sheep.desktop.DesktopLauncher
Launcher Type: SUN_STANDARD

Environment Variables:
PATH=/usr/local/bin:/usr/bin:/bin:/usr/local/games:/usr/games:/home/chobe/.local/bin:/home/chobe/sdks/adt-bundle-linux-x86_64-20140321/sdk//platform-tools/adb:/home/chobe/sdks/adt-bundle-linux-x86_64-20140321/sdk//platform-tools/
USERNAME=chobe
SHELL=/bin/bash
DISPLAY=:0

Signal Handlers:
SIGSEGV: [libjvm.so+0x8f9750], sa_mask[0]=0x7ffbfeff, sa_flags=0x10000004
SIGBUS: [libjvm.so+0x8f9750], sa_mask[0]=0x7ffbfeff, sa_flags=0x10000004
SIGFPE: [libjvm.so+0x7827c0], sa_mask[0]=0x7ffbfeff, sa_flags=0x10000004
SIGPIPE: [libjvm.so+0x7827c0], sa_mask[0]=0x7ffbfeff, sa_flags=0x10000004
SIGXFSZ: [libjvm.so+0x7827c0], sa_mask[0]=0x7ffbfeff, sa_flags=0x10000004
SIGILL: [libjvm.so+0x7827c0], sa_mask[0]=0x7ffbfeff, sa_flags=0x10000004
SIGUSR1: SIG_DFL, sa_mask[0]=0x00000000, sa_flags=0x00000000
SIGUSR2: [libjvm.so+0x782ab0], sa_mask[0]=0x00000004, sa_flags=0x10000004
SIGHUP: [libjvm.so+0x782c20], sa_mask[0]=0x7ffbfeff, sa_flags=0x10000004
SIGINT: [libjvm.so+0x782c20], sa_mask[0]=0x7ffbfeff, sa_flags=0x10000004
SIGTERM: [libjvm.so+0x782c20], sa_mask[0]=0x7ffbfeff, sa_flags=0x10000004
SIGQUIT: [libjvm.so+0x782c20], sa_mask[0]=0x7ffbfeff, sa_flags=0x10000004


---------------  S Y S T E M  ---------------

OS:7.5

uname:Linux 3.2.0-4-amd64 #1 SMP Debian 3.2.57-3+deb7u1 x86_64
libc:glibc 2.19 NPTL 2.19 
rlimit: STACK 8192k, CORE 0k, NPROC 31105, NOFILE 4096, AS infinity
load average:1.25 0.76 0.77

/proc/meminfo:
MemTotal:        3993672 kB
MemFree:         2200784 kB
Buffers:           38500 kB
Cached:           311120 kB
SwapCached:       144556 kB
Active:          1179840 kB
Inactive:         331396 kB
Active(anon):    1027196 kB
Inactive(anon):   136776 kB
Active(file):     152644 kB
Inactive(file):   194620 kB
Unevictable:           0 kB
Mlocked:               0 kB
SwapTotal:       4120572 kB
SwapFree:        3595804 kB
Dirty:                52 kB
Writeback:             0 kB
AnonPages:       1150252 kB
Mapped:            97308 kB
Shmem:              2356 kB
Slab:              72708 kB
SReclaimable:      45716 kB
SUnreclaim:        26992 kB
KernelStack:        3112 kB
PageTables:        22924 kB
NFS_Unstable:          0 kB
Bounce:                0 kB
WritebackTmp:          0 kB
CommitLimit:     6117408 kB
Committed_AS:    2936984 kB
VmallocTotal:   34359738367 kB
VmallocUsed:      170472 kB
VmallocChunk:   34359561712 kB
HardwareCorrupted:     0 kB
AnonHugePages:         0 kB
HugePages_Total:       0
HugePages_Free:        0
HugePages_Rsvd:        0
HugePages_Surp:        0
Hugepagesize:       2048 kB
DirectMap4k:      588800 kB
DirectMap2M:     3538944 kB


CPU:total 4 (4 cores per cpu, 1 threads per core) family 6 model 15 stepping 11, cmov, cx8, fxsr, mmx, sse, sse2, sse3, ssse3, tsc

/proc/cpuinfo:
processor	: 0
vendor_id	: GenuineIntel
cpu family	: 6
model		: 15
model name	: Intel(R) Core(TM)2 Quad CPU    Q6600  @ 2.40GHz
stepping	: 11
cpu MHz		: 1596.000
cache size	: 4096 KB
physical id	: 0
siblings	: 4
core id		: 0
cpu cores	: 4
apicid		: 0
initial apicid	: 0
fpu		: yes
fpu_exception	: yes
cpuid level	: 10
wp		: yes
flags		: fpu vme de pse tsc msr pae mce cx8 apic sep mtrr pge mca cmov pat pse36 clflush dts acpi mmx fxsr sse sse2 ss ht tm pbe syscall nx lm constant_tsc arch_perfmon pebs bts rep_good nopl aperfmperf pni dtes64 monitor ds_cpl vmx est tm2 ssse3 cx16 xtpr pdcm lahf_lm dtherm tpr_shadow vnmi flexpriority
bogomips	: 4795.82
clflush size	: 64
cache_alignment	: 64
address sizes	: 36 bits physical, 48 bits virtual
power management:

processor	: 1
vendor_id	: GenuineIntel
cpu family	: 6
model		: 15
model name	: Intel(R) Core(TM)2 Quad CPU    Q6600  @ 2.40GHz
stepping	: 11
cpu MHz		: 1596.000
cache size	: 4096 KB
physical id	: 0
siblings	: 4
core id		: 2
cpu cores	: 4
apicid		: 2
initial apicid	: 2
fpu		: yes
fpu_exception	: yes
cpuid level	: 10
wp		: yes
flags		: fpu vme de pse tsc msr pae mce cx8 apic sep mtrr pge mca cmov pat pse36 clflush dts acpi mmx fxsr sse sse2 ss ht tm pbe syscall nx lm constant_tsc arch_perfmon pebs bts rep_good nopl aperfmperf pni dtes64 monitor ds_cpl vmx est tm2 ssse3 cx16 xtpr pdcm lahf_lm dtherm tpr_shadow vnmi flexpriority
bogomips	: 4795.58
clflush size	: 64
cache_alignment	: 64
address sizes	: 36 bits physical, 48 bits virtual
power management:

processor	: 2
vendor_id	: GenuineIntel
cpu family	: 6
model		: 15
model name	: Intel(R) Core(TM)2 Quad CPU    Q6600  @ 2.40GHz
stepping	: 11
cpu MHz		: 2394.000
cache size	: 4096 KB
physical id	: 0
siblings	: 4
core id		: 1
cpu cores	: 4
apicid		: 1
initial apicid	: 1
fpu		: yes
fpu_exception	: yes
cpuid level	: 10
wp		: yes
flags		: fpu vme de pse tsc msr pae mce cx8 apic sep mtrr pge mca cmov pat pse36 clflush dts acpi mmx fxsr sse sse2 ss ht tm pbe syscall nx lm constant_tsc arch_perfmon pebs bts rep_good nopl aperfmperf pni dtes64 monitor ds_cpl vmx est tm2 ssse3 cx16 xtpr pdcm lahf_lm dtherm tpr_shadow vnmi flexpriority
bogomips	: 4795.56
clflush size	: 64
cache_alignment	: 64
address sizes	: 36 bits physical, 48 bits virtual
power management:

processor	: 3
vendor_id	: GenuineIntel
cpu family	: 6
model		: 15
model name	: Intel(R) Core(TM)2 Quad CPU    Q6600  @ 2.40GHz
stepping	: 11
cpu MHz		: 2394.000
cache size	: 4096 KB
physical id	: 0
siblings	: 4
core id		: 3
cpu cores	: 4
apicid		: 3
initial apicid	: 3
fpu		: yes
fpu_exception	: yes
cpuid level	: 10
wp		: yes
flags		: fpu vme de pse tsc msr pae mce cx8 apic sep mtrr pge mca cmov pat pse36 clflush dts acpi mmx fxsr sse sse2 ss ht tm pbe syscall nx lm constant_tsc arch_perfmon pebs bts rep_good nopl aperfmperf pni dtes64 monitor ds_cpl vmx est tm2 ssse3 cx16 xtpr pdcm lahf_lm dtherm tpr_shadow vnmi flexpriority
bogomips	: 4795.57
clflush size	: 64
cache_alignment	: 64
address sizes	: 36 bits physical, 48 bits virtual
power management:



Memory: 4k page, physical 3993672k(2200784k free), swap 4120572k(3595804k free)

vm_info: OpenJDK 64-Bit Server VM (24.51-b03) for linux-amd64 JRE (1.7.0_55-b14), built on May  2 2014 11:33:06 by "buildd" with gcc 4.7.2

time: Sun Jul  6 14:41:11 2014
elapsed time: 34 seconds

