#
# A fatal error has been detected by the Java Runtime Environment:
#
#  SIGSEGV (0xb) at pc=0x00007f00bda08e38, pid=30238, tid=139641336485632
#
# JRE version: OpenJDK Runtime Environment (7.0_55-b14) (build 1.7.0_55-b14)
# Java VM: OpenJDK 64-Bit Server VM (24.51-b03 mixed mode linux-amd64 compressed oops)
# Problematic frame:
# C  [libX11.so.6+0x3ae38]  XQueryExtension+0x28
#
# Failed to write core dump. Core dumps have been disabled. To enable core dumping, try "ulimit -c unlimited" before starting Java again
#
# If you would like to submit a bug report, please include
# instructions on how to reproduce the bug and visit:
#   http://icedtea.classpath.org/bugzilla
#

---------------  T H R E A D  ---------------

Current thread (0x00007f00c4076800):  VMThread [stack: 0x00007f00c831d000,0x00007f00c841e000] [id=30248]

siginfo:si_signo=SIGSEGV: si_errno=0, si_code=1 (SEGV_MAPERR), si_addr=0x0000000068013858

Registers:
RAX=0x00007f00ac000b10, RBX=0x0000000068012ef0, RCX=0x00007f00c841c6d8, RDX=0x00007f00c841c6d4
RSP=0x00007f00c841c670, RBP=0x00007f007e971600, RSI=0x00007f007e838992, RDI=0x0000000068012ef0
R8 =0x00007f00c841c6dc, R9 =0x0000000000000000, R10=0x00007f007e9713c0, R11=0x00007f00cc97b1c0
R12=0x00007f007e838992, R13=0x00007f00ac000b10, R14=0x00007f00c841cae0, R15=0x00007f0068027da0
RIP=0x00007f00bda08e38, EFLAGS=0x0000000000010202, CSGSFS=0x0000000000000033, ERR=0x0000000000000004
  TRAPNO=0x000000000000000e

Top of Stack: (sp=0x00007f00c841c670)
0x00007f00c841c670:   0000000000000000 0000000000000000
0x00007f00c841c680:   000000770000006e 0000000000000000
0x00007f00c841c690:   000100010000007c 0000000068012ef0
0x00007f00c841c6a0:   00007f007e971600 00007f007e838992
0x00007f00c841c6b0:   00007f00ac000b10 00007f00c841cae0
0x00007f00c841c6c0:   00007f0068027da0 00007f00bd9fce72
0x00007f00c841c6d0:   00007f0068027da0 00007f00cc9bf220
0x00007f00c841c6e0:   0000000000000000 00007f007e971600
0x00007f00c841c6f0:   0000000068012ef0 00007f00bdd1671d
0x00007f00c841c700:   00007f007e838992 0000001100000000
0x00007f00c841c710:   00007f0000000005 0000000000000000
0x00007f00c841c720:   00007f00c841c790 0000000068012ef0
0x00007f00c841c730:   00007f00c841c9d8 00007f00c841cae0
0x00007f00c841c740:   00007f007e98ae50 00007f007e7e13d9
0x00007f00c841c750:   00000000ffffffff 00007f0068019010
0x00007f00c841c760:   00007f00c841c790 00007f007f4b29e0
0x00007f00c841c770:   00007f00c841c9d8 00007f00c841cae0
0x00007f00c841c780:   0000000000000000 00007f007e7d5ae2
0x00007f00c841c790:   00007f00c841cb50 00007f007e838911
0x00007f00c841c7a0:   00007f00c841cb50 00007f00cd32a058
0x00007f00c841c7b0:   00007f00cd53d1a8 00007f00cd53d740
0x00007f00c841c7c0:   00007f00cd517000 00007f00c40094f0
0x00007f00c841c7d0:   00007f00c400a020 00007f00c400a530
0x00007f00c841c7e0:   00007f00c4017440 00007f00c41b2ea0
0x00007f00c841c7f0:   00007f00c42ba0b0 00007f00c42b5fc0
0x00007f00c841c800:   00007f00c41eba60 00007f00c41f9980
0x00007f00c841c810:   00007f00c4200da0 00007f00c4200870
0x00007f00c841c820:   00007f00c4200340 00007f00c4204690
0x00007f00c841c830:   00007f00c4204170 00007f00c4205440
0x00007f00c841c840:   00007f00c4203c60 00007f00c41ffe10
0x00007f00c841c850:   00007f00c4202230 00007f00c4202c70
0x00007f00c841c860:   00007f00c4202750 00007f00c4203190 

Instructions: (pc=0x00007f00bda08e38)
0x00007f00bda08e18:   24 e0 48 89 fb 4c 89 6c 24 e8 4c 89 74 24 f0 49
0x00007f00bda08e28:   89 f4 4c 89 7c 24 f8 48 89 6c 24 d8 48 83 ec 58
0x00007f00bda08e38:   48 8b 87 68 09 00 00 49 89 d7 49 89 ce 4d 89 c5
0x00007f00bda08e48:   48 85 c0 74 02 ff 10 ba 08 00 00 00 be 62 00 00 

Register to memory mapping:

RAX=0x00007f00ac000b10 is an unknown value
RBX=0x0000000068012ef0 is an unknown value
RCX=0x00007f00c841c6d8 is an unknown value
RDX=0x00007f00c841c6d4 is an unknown value
RSP=0x00007f00c841c670 is an unknown value
RBP=0x00007f007e971600: <offset 0x1cf600> in /usr/lib/x86_64-linux-gnu/libGL.so.1 at 0x00007f007e7a2000
RSI=0x00007f007e838992: <offset 0x96992> in /usr/lib/x86_64-linux-gnu/libGL.so.1 at 0x00007f007e7a2000
RDI=0x0000000068012ef0 is an unknown value
R8 =0x00007f00c841c6dc is an unknown value
R9 =0x0000000000000000 is an unknown value
R10=0x00007f007e9713c0: <offset 0x1cf3c0> in /usr/lib/x86_64-linux-gnu/libGL.so.1 at 0x00007f007e7a2000
R11=0x00007f00cc97b1c0: __cxa_finalize+0 in /lib/x86_64-linux-gnu/libc.so.6 at 0x00007f00cc943000
R12=0x00007f007e838992: <offset 0x96992> in /usr/lib/x86_64-linux-gnu/libGL.so.1 at 0x00007f007e7a2000
R13=0x00007f00ac000b10 is an unknown value
R14=0x00007f00c841cae0 is an unknown value
R15=0x00007f0068027da0 is an unknown value


Stack: [0x00007f00c831d000,0x00007f00c841e000],  sp=0x00007f00c841c670,  free space=1021k
Native frames: (J=compiled Java code, j=interpreted, Vv=VM code, C=native code)
C  [libX11.so.6+0x3ae38]  XQueryExtension+0x28

VM_Operation (0x00007f007eaaa6c0): Exit, mode: safepoint, requested by thread 0x00007f00c4358000


---------------  P R O C E S S  ---------------

Java Threads: ( => current thread )
  0x00007f004e727800 JavaThread "pool-1-thread-1" [_thread_blocked, id=30268, stack(0x00007f00724fc000,0x00007f00725fd000)]
  0x00007f0069531800 JavaThread "AsynchExecutor-Thread" daemon [_thread_blocked, id=30267, stack(0x00007f007c036000,0x00007f007c137000)]
  0x00007f006800b000 JavaThread "process reaper" daemon [_thread_blocked, id=30263, stack(0x00007f008c042000,0x00007f008c07b000)]
  0x00007f00c400b000 JavaThread "DestroyJavaVM" [_thread_blocked, id=30240, stack(0x00007f00cd412000,0x00007f00cd513000)]
  0x00007f00c4358000 JavaThread "LWJGL Application" [_thread_blocked, id=30261, stack(0x00007f007e9ab000,0x00007f007eaac000)]
  0x00007f00c42b4800 JavaThread "AWT-XAWT" daemon [_thread_blocked, id=30257, stack(0x00007f008c07b000,0x00007f008c17c000)]
  0x00007f00c4295000 JavaThread "Java2D Disposer" daemon [_thread_blocked, id=30256, stack(0x00007f00bc010000,0x00007f00bc111000)]
  0x00007f00c40a7000 JavaThread "Service Thread" daemon [_thread_blocked, id=30254, stack(0x00007f00be7c4000,0x00007f00be8c5000)]
  0x00007f00c40a5000 JavaThread "C2 CompilerThread1" daemon [_thread_blocked, id=30253, stack(0x00007f00be8c5000,0x00007f00be9c6000)]
  0x00007f00c40a2000 JavaThread "C2 CompilerThread0" daemon [_thread_blocked, id=30252, stack(0x00007f00c801a000,0x00007f00c811b000)]
  0x00007f00c407c800 JavaThread "Finalizer" daemon [_thread_blocked, id=30250, stack(0x00007f00c811b000,0x00007f00c821c000)]
  0x00007f00c407a800 JavaThread "Reference Handler" daemon [_thread_blocked, id=30249, stack(0x00007f00c821c000,0x00007f00c831d000)]

Other Threads:
=>0x00007f00c4076800 VMThread [stack: 0x00007f00c831d000,0x00007f00c841e000] [id=30248]

VM state:at safepoint (shutting down)

VM Mutex/Monitor currently owned by a thread:  ([mutex/lock_event])
[0x00007f00c40077a0] Threads_lock - owner thread: 0x00007f00c4076800

Heap
 PSYoungGen      total 18432K, used 15014K [0x00000000eba80000, 0x00000000ecf00000, 0x0000000100000000)
  eden space 15872K, 78% used [0x00000000eba80000,0x00000000ec6ae7d0,0x00000000eca00000)
  from space 2560K, 99% used [0x00000000eca00000,0x00000000ecc7b2b0,0x00000000ecc80000)
  to   space 2560K, 0% used [0x00000000ecc80000,0x00000000ecc80000,0x00000000ecf00000)
 ParOldGen       total 41472K, used 2418K [0x00000000c3000000, 0x00000000c5880000, 0x00000000eba80000)
  object space 41472K, 5% used [0x00000000c3000000,0x00000000c325cbd8,0x00000000c5880000)
 PSPermGen       total 21504K, used 12332K [0x00000000b8a00000, 0x00000000b9f00000, 0x00000000c3000000)
  object space 21504K, 57% used [0x00000000b8a00000,0x00000000b960b138,0x00000000b9f00000)

Card table byte_map: [0x00007f00c9e9a000,0x00007f00ca0d6000] byte_map_base: 0x00007f00c98d5000

Polling page: 0x00007f00cd538000

Code Cache  [0x00007f00c1000000, 0x00007f00c1270000, 0x00007f00c4000000)
 total_blobs=747 nmethods=206 adapters=495 free_code_cache=48072Kb largest_free_block=49199680

Compilation events (10 events):
Event: 15.556 Thread 0x00007f00c40a2000 nmethod 203 0x00007f00c110dc10 code [0x00007f00c110dd60, 0x00007f00c110de68]
Event: 15.556 Thread 0x00007f00c40a2000  204             org.lwjgl.opengl.GL20::glUseProgram (19 bytes)
Event: 15.558 Thread 0x00007f00c40a2000 nmethod 204 0x00007f00c1106090 code [0x00007f00c11061e0, 0x00007f00c11062c8]
Event: 15.585 Thread 0x00007f00c40a5000 nmethod 202 0x00007f00c110f890 code [0x00007f00c110fd20, 0x00007f00c11116c8]
Event: 15.636 Thread 0x00007f00c40a2000  206             com.badlogic.gdx.utils.Array::add (48 bytes)
Event: 15.638 Thread 0x00007f00c40a2000 nmethod 206 0x00007f00c106f190 code [0x00007f00c106f320, 0x00007f00c106f488]
Event: 15.720 Thread 0x00007f00c40a5000  207             com.badlogic.gdx.graphics.Color::toFloatBits (50 bytes)
Event: 15.721 Thread 0x00007f00c40a5000 nmethod 207 0x00007f00c106fb50 code [0x00007f00c106fcc0, 0x00007f00c106fdd8]
Event: 15.853 Thread 0x00007f00c40a2000  208             com.badlogic.gdx.InputMultiplexer::mouseMoved (48 bytes)
Event: 15.856 Thread 0x00007f00c40a2000 nmethod 208 0x00007f00c106f5d0 code [0x00007f00c106f740, 0x00007f00c106f938]

GC Heap History (2 events):
Event: 1.651 GC heap before
{Heap before GC invocations=1 (full 0):
 PSYoungGen      total 18432K, used 15872K [0x00000000eba80000, 0x00000000ecf00000, 0x0000000100000000)
  eden space 15872K, 100% used [0x00000000eba80000,0x00000000eca00000,0x00000000eca00000)
  from space 2560K, 0% used [0x00000000ecc80000,0x00000000ecc80000,0x00000000ecf00000)
  to   space 2560K, 0% used [0x00000000eca00000,0x00000000eca00000,0x00000000ecc80000)
 ParOldGen       total 41472K, used 0K [0x00000000c3000000, 0x00000000c5880000, 0x00000000eba80000)
  object space 41472K, 0% used [0x00000000c3000000,0x00000000c3000000,0x00000000c5880000)
 PSPermGen       total 21504K, used 9241K [0x00000000b8a00000, 0x00000000b9f00000, 0x00000000c3000000)
  object space 21504K, 42% used [0x00000000b8a00000,0x00000000b9306710,0x00000000b9f00000)
Event: 1.660 GC heap after
Heap after GC invocations=1 (full 0):
 PSYoungGen      total 18432K, used 2540K [0x00000000eba80000, 0x00000000ecf00000, 0x0000000100000000)
  eden space 15872K, 0% used [0x00000000eba80000,0x00000000eba80000,0x00000000eca00000)
  from space 2560K, 99% used [0x00000000eca00000,0x00000000ecc7b2b0,0x00000000ecc80000)
  to   space 2560K, 0% used [0x00000000ecc80000,0x00000000ecc80000,0x00000000ecf00000)
 ParOldGen       total 41472K, used 2418K [0x00000000c3000000, 0x00000000c5880000, 0x00000000eba80000)
  object space 41472K, 5% used [0x00000000c3000000,0x00000000c325cbd8,0x00000000c5880000)
 PSPermGen       total 21504K, used 9241K [0x00000000b8a00000, 0x00000000b9f00000, 0x00000000c3000000)
  object space 21504K, 42% used [0x00000000b8a00000,0x00000000b9306710,0x00000000b9f00000)
}

Deoptimization events (7 events):
Event: 0.230 Thread 0x00007f00c400b000 Uncommon trap: reason=class_check action=maybe_recompile pc=0x00007f00c1064338 method=java.util.Properties$LineReader.readLine()I @ 62
Event: 4.709 Thread 0x00007f004e727800 Uncommon trap: reason=unreached action=reinterpret pc=0x00007f00c10a7434 method=java.lang.Integer.parseInt(Ljava/lang/String;I)I @ 1
Event: 10.604 Thread 0x00007f00c4358000 Uncommon trap: reason=class_check action=maybe_recompile pc=0x00007f00c10df480 method=com.badlogic.gdx.scenes.scene2d.ui.WidgetGroup.validate()V @ 114
Event: 10.604 Thread 0x00007f00c4358000 Uncommon trap: reason=class_check action=maybe_recompile pc=0x00007f00c10df480 method=com.badlogic.gdx.scenes.scene2d.ui.WidgetGroup.validate()V @ 114
Event: 13.372 Thread 0x00007f00c4358000 Uncommon trap: reason=unreached action=reinterpret pc=0x00007f00c10c4324 method=com.mygdx.sheep.SheepGame.render(FF)V @ 671
Event: 14.205 Thread 0x00007f00c4358000 Uncommon trap: reason=class_check action=maybe_recompile pc=0x00007f00c10df480 method=com.badlogic.gdx.scenes.scene2d.ui.WidgetGroup.validate()V @ 114
Event: 14.205 Thread 0x00007f00c4358000 Uncommon trap: reason=class_check action=maybe_recompile pc=0x00007f00c10df480 method=com.badlogic.gdx.scenes.scene2d.ui.WidgetGroup.validate()V @ 114

Internal exceptions (10 events):
Event: 5.305 Thread 0x00007f00c4358000 Threw 0x00000000ec414278 at /build/openjdk-7-kBcQ8a/openjdk-7-7u55-2.4.7/build/openjdk/hotspot/src/share/vm/prims/jvm.cpp:1244
Event: 5.306 Thread 0x00007f00c4358000 Threw 0x00000000ec417b08 at /build/openjdk-7-kBcQ8a/openjdk-7-7u55-2.4.7/build/openjdk/hotspot/src/share/vm/prims/jvm.cpp:1244
Event: 5.320 Thread 0x00007f00c4358000 Threw 0x00000000ec4210f8 at /build/openjdk-7-kBcQ8a/openjdk-7-7u55-2.4.7/build/openjdk/hotspot/src/share/vm/prims/jvm.cpp:1244
Event: 5.320 Thread 0x00007f00c4358000 Threw 0x00000000ec4245e0 at /build/openjdk-7-kBcQ8a/openjdk-7-7u55-2.4.7/build/openjdk/hotspot/src/share/vm/prims/jvm.cpp:1244
Event: 6.204 Thread 0x00007f00c4358000 Threw 0x00000000ec450fa8 at /build/openjdk-7-kBcQ8a/openjdk-7-7u55-2.4.7/build/openjdk/hotspot/src/share/vm/prims/jvm.cpp:1244
Event: 6.205 Thread 0x00007f00c4358000 Threw 0x00000000ec456098 at /build/openjdk-7-kBcQ8a/openjdk-7-7u55-2.4.7/build/openjdk/hotspot/src/share/vm/prims/jvm.cpp:1244
Event: 6.206 Thread 0x00007f00c4358000 Threw 0x00000000ec45b3f8 at /build/openjdk-7-kBcQ8a/openjdk-7-7u55-2.4.7/build/openjdk/hotspot/src/share/vm/prims/jvm.cpp:1244
Event: 16.370 Thread 0x00007f00c4358000 Threw 0x00000000ec66fad8 at /build/openjdk-7-kBcQ8a/openjdk-7-7u55-2.4.7/build/openjdk/hotspot/src/share/vm/prims/jvm.cpp:1244
Event: 16.379 Thread 0x00007f00c4358000 Threw 0x00000000ec673fa0 at /build/openjdk-7-kBcQ8a/openjdk-7-7u55-2.4.7/build/openjdk/hotspot/src/share/vm/prims/jvm.cpp:1244
Event: 16.384 Thread 0x00007f00c4358000 Threw 0x00000000ec679360 at /build/openjdk-7-kBcQ8a/openjdk-7-7u55-2.4.7/build/openjdk/hotspot/src/share/vm/prims/jvm.cpp:1244

Events (10 events):
Event: 16.547 Thread 0x00007f004e6dc800 Thread added: 0x00007f004e6dc800
Event: 16.547 loading class 0x00007f00c4228160
Event: 16.547 loading class 0x00007f009c1841c0
Event: 16.547 loading class 0x00007f009c1841c0 done
Event: 16.547 loading class 0x00007f009c1841f0
Event: 16.547 loading class 0x00007f009c1841f0 done
Event: 16.547 loading class 0x00007f00c4228160 done
Event: 16.548 Thread 0x00007f004e6dc800 Thread exited: 0x00007f004e6dc800
Event: 16.548 Thread 0x00007f00c409f800 Thread exited: 0x00007f00c409f800
Event: 16.549 Executing VM operation: Exit


Dynamic libraries:
00400000-00401000 r-xp 00000000 08:03 3934148                            /usr/lib/jvm/java-7-openjdk-amd64/jre/bin/java
00600000-00601000 r--p 00000000 08:03 3934148                            /usr/lib/jvm/java-7-openjdk-amd64/jre/bin/java
00601000-00602000 rw-p 00001000 08:03 3934148                            /usr/lib/jvm/java-7-openjdk-amd64/jre/bin/java
01cb5000-01cd6000 rw-p 00000000 00:00 0                                  [heap]
b8a00000-b9f00000 rw-p 00000000 00:00 0 
b9f00000-c3000000 rw-p 00000000 00:00 0 
c3000000-c5880000 rw-p 00000000 00:00 0 
c5880000-eba80000 rw-p 00000000 00:00 0 
eba80000-ecf00000 rw-p 00000000 00:00 0 
ecf00000-100000000 rw-p 00000000 00:00 0 
7f0044000000-7f00449dd000 rw-p 00000000 00:00 0 
7f00449dd000-7f0048000000 ---p 00000000 00:00 0 
7f0048000000-7f0048021000 rw-p 00000000 00:00 0 
7f0048021000-7f004c000000 ---p 00000000 00:00 0 
7f004c000000-7f004ff6a000 rw-p 00000000 00:00 0 
7f004ff6a000-7f0050000000 ---p 00000000 00:00 0 
7f0050000000-7f0050052000 rw-p 00000000 00:00 0 
7f0050052000-7f0054000000 ---p 00000000 00:00 0 
7f0054000000-7f00540ae000 rw-p 00000000 00:00 0 
7f00540ae000-7f0058000000 ---p 00000000 00:00 0 
7f0058000000-7f0058671000 rw-p 00000000 00:00 0 
7f0058671000-7f005c000000 ---p 00000000 00:00 0 
7f005c000000-7f005c021000 rw-p 00000000 00:00 0 
7f005c021000-7f0060000000 ---p 00000000 00:00 0 
7f0060000000-7f00600b4000 rw-p 00000000 00:00 0 
7f00600b4000-7f0064000000 ---p 00000000 00:00 0 
7f0064000000-7f0064021000 rw-p 00000000 00:00 0 
7f0064021000-7f0068000000 ---p 00000000 00:00 0 
7f0068000000-7f006bf81000 rw-p 00000000 00:00 0 
7f006bf81000-7f006c000000 ---p 00000000 00:00 0 
7f006c000000-7f006c021000 rw-p 00000000 00:00 0 
7f006c021000-7f0070000000 ---p 00000000 00:00 0 
7f0071ddb000-7f0071dde000 ---p 00000000 00:00 0 
7f0071dde000-7f0071edc000 rw-p 00000000 00:00 0 
7f0071edc000-7f0071ee1000 r-xp 00000000 08:03 12192225                   /lib/x86_64-linux-gnu/libnss_dns-2.19.so
7f0071ee1000-7f00720e0000 ---p 00005000 08:03 12192225                   /lib/x86_64-linux-gnu/libnss_dns-2.19.so
7f00720e0000-7f00720e1000 r--p 00004000 08:03 12192225                   /lib/x86_64-linux-gnu/libnss_dns-2.19.so
7f00720e1000-7f00720e2000 rw-p 00005000 08:03 12192225                   /lib/x86_64-linux-gnu/libnss_dns-2.19.so
7f00720e2000-7f00720e4000 r-xp 00000000 08:03 12058696                   /lib/libnss_mdns4_minimal.so.2
7f00720e4000-7f00722e3000 ---p 00002000 08:03 12058696                   /lib/libnss_mdns4_minimal.so.2
7f00722e3000-7f00722e4000 rw-p 00001000 08:03 12058696                   /lib/libnss_mdns4_minimal.so.2
7f00722e4000-7f00722fb000 r-xp 00000000 08:03 3934214                    /usr/lib/jvm/java-7-openjdk-amd64/jre/lib/amd64/libnet.so
7f00722fb000-7f00724fa000 ---p 00017000 08:03 3934214                    /usr/lib/jvm/java-7-openjdk-amd64/jre/lib/amd64/libnet.so
7f00724fa000-7f00724fb000 r--p 00016000 08:03 3934214                    /usr/lib/jvm/java-7-openjdk-amd64/jre/lib/amd64/libnet.so
7f00724fb000-7f00724fc000 rw-p 00017000 08:03 3934214                    /usr/lib/jvm/java-7-openjdk-amd64/jre/lib/amd64/libnet.so
7f00724fc000-7f00724ff000 ---p 00000000 00:00 0 
7f00724ff000-7f00725fd000 rw-p 00000000 00:00 0 
7f00728fd000-7f00728fe000 ---p 00000000 00:00 0 
7f00728fe000-7f00730fe000 rw-p 00000000 00:00 0 
7f00730fe000-7f00730ff000 ---p 00000000 00:00 0 
7f00730ff000-7f00738ff000 rw-p 00000000 00:00 0 
7f00738ff000-7f0073fff000 rw-s 00006000 00:05 7289                       /dev/ati/card0
7f0078000000-7f0078021000 rw-p 00000000 00:00 0 
7f0078021000-7f007c000000 ---p 00000000 00:00 0 
7f007c036000-7f007c039000 ---p 00000000 00:00 0 
7f007c039000-7f007c137000 rw-p 00000000 00:00 0 
7f007c282000-7f007c2ca000 rw-p 00000000 00:00 0 
7f007c2ca000-7f007c307000 r-xp 00000000 08:03 4201336                    /usr/lib/x86_64-linux-gnu/libatiadlxx.so
7f007c307000-7f007c406000 ---p 0003d000 08:03 4201336                    /usr/lib/x86_64-linux-gnu/libatiadlxx.so
7f007c406000-7f007c410000 rw-p 0003c000 08:03 4201336                    /usr/lib/x86_64-linux-gnu/libatiadlxx.so
7f007c410000-7f007c420000 rw-p 00000000 00:00 0 
7f007c420000-7f007c427000 r-xp 00000000 08:03 4201328                    /usr/lib/x86_64-linux-gnu/libatiuki.so.1.0
7f007c427000-7f007c527000 ---p 00007000 08:03 4201328                    /usr/lib/x86_64-linux-gnu/libatiuki.so.1.0
7f007c527000-7f007c528000 rw-p 00007000 08:03 4201328                    /usr/lib/x86_64-linux-gnu/libatiuki.so.1.0
7f007c528000-7f007c529000 rw-p 00000000 00:00 0 
7f007c529000-7f007e421000 r-xp 00000000 08:03 4201338                    /usr/lib/x86_64-linux-gnu/dri/fglrx_dri.so
7f007e421000-7f007e520000 ---p 01ef8000 08:03 4201338                    /usr/lib/x86_64-linux-gnu/dri/fglrx_dri.so
7f007e520000-7f007e67e000 rwxp 01ef7000 08:03 4201338                    /usr/lib/x86_64-linux-gnu/dri/fglrx_dri.so
7f007e67e000-7f007e7a2000 rwxp 00000000 00:00 0 
7f007e7a2000-7f007e865000 r-xp 00000000 08:03 4201341                    /usr/lib/x86_64-linux-gnu/fglrx/fglrx-libGL.so.1.2
7f007e865000-7f007e964000 ---p 000c3000 08:03 4201341                    /usr/lib/x86_64-linux-gnu/fglrx/fglrx-libGL.so.1.2
7f007e964000-7f007e98b000 rwxp 000c2000 08:03 4201341                    /usr/lib/x86_64-linux-gnu/fglrx/fglrx-libGL.so.1.2
7f007e98b000-7f007e9ab000 rwxp 00000000 00:00 0 
7f007e9ab000-7f007e9ae000 ---p 00000000 00:00 0 
7f007e9ae000-7f007eaac000 rw-p 00000000 00:00 0 
7f007eaac000-7f007eaad000 ---p 00000000 00:00 0 
7f007eaad000-7f007f2ad000 rw-p 00000000 00:00 0 
7f007f2ad000-7f007f2b3000 r-xp 00000000 08:03 4200289                    /usr/lib/x86_64-linux-gnu/libogg.so.0.8.0
7f007f2b3000-7f007f4b2000 ---p 00006000 08:03 4200289                    /usr/lib/x86_64-linux-gnu/libogg.so.0.8.0
7f007f4b2000-7f007f4b3000 rw-p 00005000 08:03 4200289                    /usr/lib/x86_64-linux-gnu/libogg.so.0.8.0
7f007f4b3000-7f007f4df000 r-xp 00000000 08:03 4200496                    /usr/lib/x86_64-linux-gnu/libvorbis.so.0.4.5
7f007f4df000-7f007f6de000 ---p 0002c000 08:03 4200496                    /usr/lib/x86_64-linux-gnu/libvorbis.so.0.4.5
7f007f6de000-7f007f6df000 r--p 0002b000 08:03 4200496                    /usr/lib/x86_64-linux-gnu/libvorbis.so.0.4.5
7f007f6df000-7f007f6e0000 rw-p 0002c000 08:03 4200496                    /usr/lib/x86_64-linux-gnu/libvorbis.so.0.4.5
7f007f6e0000-7f007f993000 r-xp 00000000 08:03 4200498                    /usr/lib/x86_64-linux-gnu/libvorbisenc.so.2.0.8
7f007f993000-7f007fb92000 ---p 002b3000 08:03 4200498                    /usr/lib/x86_64-linux-gnu/libvorbisenc.so.2.0.8
7f007fb92000-7f007fbae000 r--p 002b2000 08:03 4200498                    /usr/lib/x86_64-linux-gnu/libvorbisenc.so.2.0.8
7f007fbae000-7f007fbaf000 rw-p 002ce000 08:03 4200498                    /usr/lib/x86_64-linux-gnu/libvorbisenc.so.2.0.8
7f007fbaf000-7f007fbfa000 r-xp 00000000 08:03 4199700                    /usr/lib/x86_64-linux-gnu/libFLAC.so.8.2.0
7f007fbfa000-7f007fdf9000 ---p 0004b000 08:03 4199700                    /usr/lib/x86_64-linux-gnu/libFLAC.so.8.2.0
7f007fdf9000-7f007fdfa000 r--p 0004a000 08:03 4199700                    /usr/lib/x86_64-linux-gnu/libFLAC.so.8.2.0
7f007fdfa000-7f007fdfb000 rw-p 0004b000 08:03 4199700                    /usr/lib/x86_64-linux-gnu/libFLAC.so.8.2.0
7f007fdfb000-7f007fdff000 r-xp 00000000 08:03 12190707                   /lib/x86_64-linux-gnu/libuuid.so.1.3.0
7f007fdff000-7f007fffe000 ---p 00004000 08:03 12190707                   /lib/x86_64-linux-gnu/libuuid.so.1.3.0
7f007fffe000-7f007ffff000 r--p 00003000 08:03 12190707                   /lib/x86_64-linux-gnu/libuuid.so.1.3.0
7f007ffff000-7f0080000000 rw-p 00004000 08:03 12190707                   /lib/x86_64-linux-gnu/libuuid.so.1.3.0
7f0080000000-7f0080021000 rw-p 00000000 00:00 0 
7f0080021000-7f0084000000 ---p 00000000 00:00 0 
7f008403b000-7f00840b8000 rw-p 00000000 00:00 0 
7f00840b8000-7f00840bb000 ---p 00000000 00:00 0 
7f00840bb000-7f00841b9000 rw-p 00000000 00:00 0 
7f00841b9000-7f00841bd000 r-xp 00000000 08:03 12190559                   /lib/x86_64-linux-gnu/libattr.so.1.1.0
7f00841bd000-7f00843bc000 ---p 00004000 08:03 12190559                   /lib/x86_64-linux-gnu/libattr.so.1.1.0
7f00843bc000-7f00843bd000 r--p 00003000 08:03 12190559                   /lib/x86_64-linux-gnu/libattr.so.1.1.0
7f00843bd000-7f00843be000 rw-p 00004000 08:03 12190559                   /lib/x86_64-linux-gnu/libattr.so.1.1.0
7f00843be000-7f00843c3000 r-xp 00000000 08:03 4199797                    /usr/lib/x86_64-linux-gnu/libasyncns.so.0.3.1
7f00843c3000-7f00845c2000 ---p 00005000 08:03 4199797                    /usr/lib/x86_64-linux-gnu/libasyncns.so.0.3.1
7f00845c2000-7f00845c3000 rw-p 00004000 08:03 4199797                    /usr/lib/x86_64-linux-gnu/libasyncns.so.0.3.1
7f00845c3000-7f0084624000 r-xp 00000000 08:03 4200411                    /usr/lib/x86_64-linux-gnu/libsndfile.so.1.0.25
7f0084624000-7f0084823000 ---p 00061000 08:03 4200411                    /usr/lib/x86_64-linux-gnu/libsndfile.so.1.0.25
7f0084823000-7f0084825000 r--p 00060000 08:03 4200411                    /usr/lib/x86_64-linux-gnu/libsndfile.so.1.0.25
7f0084825000-7f0084826000 rw-p 00062000 08:03 4200411                    /usr/lib/x86_64-linux-gnu/libsndfile.so.1.0.25
7f0084826000-7f008482a000 rw-p 00000000 00:00 0 
7f008482a000-7f0084833000 r-xp 00000000 08:03 12190709                   /lib/x86_64-linux-gnu/libwrap.so.0.7.6
7f0084833000-7f0084a32000 ---p 00009000 08:03 12190709                   /lib/x86_64-linux-gnu/libwrap.so.0.7.6
7f0084a32000-7f0084a33000 r--p 00008000 08:03 12190709                   /lib/x86_64-linux-gnu/libwrap.so.0.7.6
7f0084a33000-7f0084a34000 rw-p 00009000 08:03 12190709                   /lib/x86_64-linux-gnu/libwrap.so.0.7.6
7f0084a34000-7f0084a35000 rw-p 00000000 00:00 0 
7f0084a35000-7f0084a3c000 r-xp 00000000 08:03 4199720                    /usr/lib/x86_64-linux-gnu/libSM.so.6.0.1
7f0084a3c000-7f0084c3b000 ---p 00007000 08:03 4199720                    /usr/lib/x86_64-linux-gnu/libSM.so.6.0.1
7f0084c3b000-7f0084c3c000 rw-p 00006000 08:03 4199720                    /usr/lib/x86_64-linux-gnu/libSM.so.6.0.1
7f0084c3c000-7f0084c53000 r-xp 00000000 08:03 4199710                    /usr/lib/x86_64-linux-gnu/libICE.so.6.3.0
7f0084c53000-7f0084e52000 ---p 00017000 08:03 4199710                    /usr/lib/x86_64-linux-gnu/libICE.so.6.3.0
7f0084e52000-7f0084e54000 rw-p 00016000 08:03 4199710                    /usr/lib/x86_64-linux-gnu/libICE.so.6.3.0
7f0084e54000-7f0084e57000 rw-p 00000000 00:00 0 
7f0084e57000-7f0084e58000 r-xp 00000000 08:03 4199726                    /usr/lib/x86_64-linux-gnu/libX11-xcb.so.1.0.0
7f0084e58000-7f0085057000 ---p 00001000 08:03 4199726                    /usr/lib/x86_64-linux-gnu/libX11-xcb.so.1.0.0
7f0085057000-7f0085058000 rw-p 00000000 08:03 4199726                    /usr/lib/x86_64-linux-gnu/libX11-xcb.so.1.0.0
7f0085058000-7f008505c000 r-xp 00000000 08:03 12190572                   /lib/x86_64-linux-gnu/libcap.so.2.22
7f008505c000-7f008525b000 ---p 00004000 08:03 12190572                   /lib/x86_64-linux-gnu/libcap.so.2.22
7f008525b000-7f008525c000 rw-p 00003000 08:03 12190572                   /lib/x86_64-linux-gnu/libcap.so.2.22
7f008525c000-7f00852bd000 r-xp 00000000 08:03 4325923                    /usr/lib/x86_64-linux-gnu/pulseaudio/libpulsecommon-2.0.so
7f00852bd000-7f00854bc000 ---p 00061000 08:03 4325923                    /usr/lib/x86_64-linux-gnu/pulseaudio/libpulsecommon-2.0.so
7f00854bc000-7f00854bd000 r--p 00060000 08:03 4325923                    /usr/lib/x86_64-linux-gnu/pulseaudio/libpulsecommon-2.0.so
7f00854bd000-7f00854bf000 rw-p 00061000 08:03 4325923                    /usr/lib/x86_64-linux-gnu/pulseaudio/libpulsecommon-2.0.so
7f00854bf000-7f00854c8000 r-xp 00000000 08:03 12190608                   /lib/x86_64-linux-gnu/libjson.so.0.1.0
7f00854c8000-7f00856c7000 ---p 00009000 08:03 12190608                   /lib/x86_64-linux-gnu/libjson.so.0.1.0
7f00856c7000-7f00856c8000 r--p 00008000 08:03 12190608                   /lib/x86_64-linux-gnu/libjson.so.0.1.0
7f00856c8000-7f00856c9000 rw-p 00009000 08:03 12190608                   /lib/x86_64-linux-gnu/libjson.so.0.1.0
7f00856c9000-7f0085712000 r-xp 00000000 08:03 4200364                    /usr/lib/x86_64-linux-gnu/libpulse.so.0.14.2
7f0085712000-7f0085911000 ---p 00049000 08:03 4200364                    /usr/lib/x86_64-linux-gnu/libpulse.so.0.14.2
7f0085911000-7f0085912000 r--p 00048000 08:03 4200364                    /usr/lib/x86_64-linux-gnu/libpulse.so.0.14.2
7f0085912000-7f0085913000 rw-p 00049000 08:03 4200364                    /usr/lib/x86_64-linux-gnu/libpulse.so.0.14.2
7f0085b6c000-7f0085b70000 r-xp 00000000 08:03 4199775                    /usr/lib/x86_64-linux-gnu/libXxf86vm.so.1.0.0
7f0085b70000-7f0085d70000 ---p 00004000 08:03 4199775                    /usr/lib/x86_64-linux-gnu/libXxf86vm.so.1.0.0
7f0085d70000-7f0085d71000 r--p 00004000 08:03 4199775                    /usr/lib/x86_64-linux-gnu/libXxf86vm.so.1.0.0
7f0085d71000-7f0085d72000 rw-p 00005000 08:03 4199775                    /usr/lib/x86_64-linux-gnu/libXxf86vm.so.1.0.0
7f0085d72000-7f0085dde000 r-xp 00000000 08:01 301131                     /media/winDisk/Users/ChobeDucket/Documents/sheep/android/assets/.temp/7b43be9b/liblwjgl64.so
7f0085dde000-7f0085fdd000 ---p 0006c000 08:01 301131                     /media/winDisk/Users/ChobeDucket/Documents/sheep/android/assets/.temp/7b43be9b/liblwjgl64.so
7f0085fdd000-7f0085fdf000 r--p 0006b000 08:01 301131                     /media/winDisk/Users/ChobeDucket/Documents/sheep/android/assets/.temp/7b43be9b/liblwjgl64.so
7f0085fdf000-7f0085fe0000 rw-p 0006d000 08:01 301131                     /media/winDisk/Users/ChobeDucket/Documents/sheep/android/assets/.temp/7b43be9b/liblwjgl64.so
7f0085fe0000-7f0085fe1000 r-xp 00000000 08:03 3934229                    /usr/lib/jvm/java-7-openjdk-amd64/jre/lib/amd64/libjawt.so
7f0085fe1000-7f00861e0000 ---p 00001000 08:03 3934229                    /usr/lib/jvm/java-7-openjdk-amd64/jre/lib/amd64/libjawt.so
7f00861e0000-7f00861e1000 r--p 00000000 08:03 3934229                    /usr/lib/jvm/java-7-openjdk-amd64/jre/lib/amd64/libjawt.so
7f00861e1000-7f00861e2000 rw-p 00001000 08:03 3934229                    /usr/lib/jvm/java-7-openjdk-amd64/jre/lib/amd64/libjawt.so
7f00861e2000-7f00861e5000 r-xp 00000000 08:03 12190599                   /lib/x86_64-linux-gnu/libgpg-error.so.0.8.0
7f00861e5000-7f00863e4000 ---p 00003000 08:03 12190599                   /lib/x86_64-linux-gnu/libgpg-error.so.0.8.0
7f00863e4000-7f00863e5000 rw-p 00002000 08:03 12190599                   /lib/x86_64-linux-gnu/libgpg-error.so.0.8.0
7f00863e5000-7f0086429000 r-xp 00000000 08:03 12190580                   /lib/x86_64-linux-gnu/libdbus-1.so.3.7.2
7f0086429000-7f0086629000 ---p 00044000 08:03 12190580                   /lib/x86_64-linux-gnu/libdbus-1.so.3.7.2
7f0086629000-7f008662a000 r--p 00044000 08:03 12190580                   /lib/x86_64-linux-gnu/libdbus-1.so.3.7.2
7f008662a000-7f008662b000 rw-p 00045000 08:03 12190580                   /lib/x86_64-linux-gnu/libdbus-1.so.3.7.2
7f008662b000-7f008663c000 r-xp 00000000 08:03 4200305                    /usr/lib/x86_64-linux-gnu/libp11-kit.so.0.0.0
7f008663c000-7f008683b000 ---p 00011000 08:03 4200305                    /usr/lib/x86_64-linux-gnu/libp11-kit.so.0.0.0
7f008683b000-7f008683c000 r--p 00010000 08:03 4200305                    /usr/lib/x86_64-linux-gnu/libp11-kit.so.0.0.0
7f008683c000-7f008683d000 rw-p 00011000 08:03 4200305                    /usr/lib/x86_64-linux-gnu/libp11-kit.so.0.0.0
7f008683d000-7f00868b7000 r-xp 00000000 08:03 12190595                   /lib/x86_64-linux-gnu/libgcrypt.so.11.7.0
7f00868b7000-7f0086ab7000 ---p 0007a000 08:03 12190595                   /lib/x86_64-linux-gnu/libgcrypt.so.11.7.0
7f0086ab7000-7f0086ab8000 r--p 0007a000 08:03 12190595                   /lib/x86_64-linux-gnu/libgcrypt.so.11.7.0
7f0086ab8000-7f0086abb000 rw-p 0007b000 08:03 12190595                   /lib/x86_64-linux-gnu/libgcrypt.so.11.7.0
7f0086abb000-7f0086acb000 r-xp 00000000 08:03 4200448                    /usr/lib/x86_64-linux-gnu/libtasn1.so.3.1.16
7f0086acb000-7f0086cca000 ---p 00010000 08:03 4200448                    /usr/lib/x86_64-linux-gnu/libtasn1.so.3.1.16
7f0086cca000-7f0086ccb000 r--p 0000f000 08:03 4200448                    /usr/lib/x86_64-linux-gnu/libtasn1.so.3.1.16
7f0086ccb000-7f0086ccc000 rw-p 00010000 08:03 4200448                    /usr/lib/x86_64-linux-gnu/libtasn1.so.3.1.16
7f0086ccc000-7f0086ccf000 r-xp 00000000 08:03 12190610                   /lib/x86_64-linux-gnu/libkeyutils.so.1.4
7f0086ccf000-7f0086ece000 ---p 00003000 08:03 12190610                   /lib/x86_64-linux-gnu/libkeyutils.so.1.4
7f0086ece000-7f0086ecf000 r--p 00002000 08:03 12190610                   /lib/x86_64-linux-gnu/libkeyutils.so.1.4
7f0086ecf000-7f0086ed0000 rw-p 00003000 08:03 12190610                   /lib/x86_64-linux-gnu/libkeyutils.so.1.4
7f0086ed0000-7f0086ed8000 r-xp 00000000 08:03 4200208                    /usr/lib/x86_64-linux-gnu/libkrb5support.so.0.1
7f0086ed8000-7f00870d7000 ---p 00008000 08:03 4200208                    /usr/lib/x86_64-linux-gnu/libkrb5support.so.0.1
7f00870d7000-7f00870d8000 r--p 00007000 08:03 4200208                    /usr/lib/x86_64-linux-gnu/libkrb5support.so.0.1
7f00870d8000-7f00870d9000 rw-p 00008000 08:03 4200208                    /usr/lib/x86_64-linux-gnu/libkrb5support.so.0.1
7f00870d9000-7f00870dc000 r-xp 00000000 08:03 12190576                   /lib/x86_64-linux-gnu/libcom_err.so.2.1
7f00870dc000-7f00872db000 ---p 00003000 08:03 12190576                   /lib/x86_64-linux-gnu/libcom_err.so.2.1
7f00872db000-7f00872dc000 r--p 00002000 08:03 12190576                   /lib/x86_64-linux-gnu/libcom_err.so.2.1
7f00872dc000-7f00872dd000 rw-p 00003000 08:03 12190576                   /lib/x86_64-linux-gnu/libcom_err.so.2.1
7f00872dd000-7f0087303000 r-xp 00000000 08:03 4200198                    /usr/lib/x86_64-linux-gnu/libk5crypto.so.3.1
7f0087303000-7f0087503000 ---p 00026000 08:03 4200198                    /usr/lib/x86_64-linux-gnu/libk5crypto.so.3.1
7f0087503000-7f0087504000 r--p 00026000 08:03 4200198                    /usr/lib/x86_64-linux-gnu/libk5crypto.so.3.1
7f0087504000-7f0087505000 rw-p 00027000 08:03 4200198                    /usr/lib/x86_64-linux-gnu/libk5crypto.so.3.1
7f0087505000-7f0087506000 rw-p 00000000 00:00 0 
7f0087506000-7f00875cf000 r-xp 00000000 08:03 4200206                    /usr/lib/x86_64-linux-gnu/libkrb5.so.3.3
7f00875cf000-7f00877ce000 ---p 000c9000 08:03 4200206                    /usr/lib/x86_64-linux-gnu/libkrb5.so.3.3
7f00877ce000-7f00877d8000 r--p 000c8000 08:03 4200206                    /usr/lib/x86_64-linux-gnu/libkrb5.so.3.3
7f00877d8000-7f00877da000 rw-p 000d2000 08:03 4200206                    /usr/lib/x86_64-linux-gnu/libkrb5.so.3.3
7f00877da000-7f00877df000 r-xp 00000000 08:03 4199743                    /usr/lib/x86_64-linux-gnu/libXdmcp.so.6.0.0
7f00877df000-7f00879de000 ---p 00005000 08:03 4199743                    /usr/lib/x86_64-linux-gnu/libXdmcp.so.6.0.0
7f00879de000-7f00879df000 rw-p 00004000 08:03 4199743                    /usr/lib/x86_64-linux-gnu/libXdmcp.so.6.0.0
7f00879df000-7f00879e1000 r-xp 00000000 08:03 4199732                    /usr/lib/x86_64-linux-gnu/libXau.so.6.0.0
7f00879e1000-7f0087be1000 ---p 00002000 08:03 4199732                    /usr/lib/x86_64-linux-gnu/libXau.so.6.0.0
7f0087be1000-7f0087be2000 rw-p 00002000 08:03 4199732                    /usr/lib/x86_64-linux-gnu/libXau.so.6.0.0
7f0087be2000-7f0087bf2000 r-xp 00000000 08:03 4199807                    /usr/lib/x86_64-linux-gnu/libavahi-client.so.3.2.9
7f0087bf2000-7f0087df1000 ---p 00010000 08:03 4199807                    /usr/lib/x86_64-linux-gnu/libavahi-client.so.3.2.9
7f0087df1000-7f0087df2000 r--p 0000f000 08:03 4199807                    /usr/lib/x86_64-linux-gnu/libavahi-client.so.3.2.9
7f0087df2000-7f0087df3000 rw-p 00010000 08:03 4199807                    /usr/lib/x86_64-linux-gnu/libavahi-client.so.3.2.9
7f0087df3000-7f0087dff000 r-xp 00000000 08:03 4199809                    /usr/lib/x86_64-linux-gnu/libavahi-common.so.3.5.3
7f0087dff000-7f0087ffe000 ---p 0000c000 08:03 4199809                    /usr/lib/x86_64-linux-gnu/libavahi-common.so.3.5.3
7f0087ffe000-7f0087fff000 r--p 0000b000 08:03 4199809                    /usr/lib/x86_64-linux-gnu/libavahi-common.so.3.5.3
7f0087fff000-7f0088000000 rw-p 0000c000 08:03 4199809                    /usr/lib/x86_64-linux-gnu/libavahi-common.so.3.5.3
7f0088000000-7f0088021000 rw-p 00000000 00:00 0 
7f0088021000-7f008c000000 ---p 00000000 00:00 0 
7f008c042000-7f008c045000 ---p 00000000 00:00 0 
7f008c045000-7f008c07b000 rw-p 00000000 00:00 0 
7f008c07b000-7f008c07e000 ---p 00000000 00:00 0 
7f008c07e000-7f008c17c000 rw-p 00000000 00:00 0 
7f008c17c000-7f008c235000 r-xp 00000000 08:03 4200060                    /usr/lib/x86_64-linux-gnu/libgnutls.so.26.22.4
7f008c235000-7f008c434000 ---p 000b9000 08:03 4200060                    /usr/lib/x86_64-linux-gnu/libgnutls.so.26.22.4
7f008c434000-7f008c43a000 r--p 000b8000 08:03 4200060                    /usr/lib/x86_64-linux-gnu/libgnutls.so.26.22.4
7f008c43a000-7f008c43c000 rw-p 000be000 08:03 4200060                    /usr/lib/x86_64-linux-gnu/libgnutls.so.26.22.4
7f008c43c000-7f008c478000 r-xp 00000000 08:03 4200085                    /usr/lib/x86_64-linux-gnu/libgssapi_krb5.so.2.2
7f008c478000-7f008c678000 ---p 0003c000 08:03 4200085                    /usr/lib/x86_64-linux-gnu/libgssapi_krb5.so.2.2
7f008c678000-7f008c679000 r--p 0003c000 08:03 4200085                    /usr/lib/x86_64-linux-gnu/libgssapi_krb5.so.2.2
7f008c679000-7f008c67b000 rw-p 0003d000 08:03 4200085                    /usr/lib/x86_64-linux-gnu/libgssapi_krb5.so.2.2
7f008c67b000-7f008c6b7000 r-xp 00000000 08:03 12190663                   /lib/x86_64-linux-gnu/libpcre.so.3.13.1
7f008c6b7000-7f008c8b7000 ---p 0003c000 08:03 12190663                   /lib/x86_64-linux-gnu/libpcre.so.3.13.1
7f008c8b7000-7f008c8b8000 rw-p 0003c000 08:03 12190663                   /lib/x86_64-linux-gnu/libpcre.so.3.13.1
7f008c8b8000-7f008c8c4000 r-xp 00000000 08:03 4199961                    /usr/lib/x86_64-linux-gnu/libffi.so.5.0.10
7f008c8c4000-7f008cac4000 ---p 0000c000 08:03 4199961                    /usr/lib/x86_64-linux-gnu/libffi.so.5.0.10
7f008cac4000-7f008cac5000 rw-p 0000c000 08:03 4199961                    /usr/lib/x86_64-linux-gnu/libffi.so.5.0.10
7f008cac5000-7f008caec000 r-xp 00000000 08:03 12190588                   /lib/x86_64-linux-gnu/libexpat.so.1.6.0
7f008caec000-7f008ccec000 ---p 00027000 08:03 12190588                   /lib/x86_64-linux-gnu/libexpat.so.1.6.0
7f008ccec000-7f008ccee000 r--p 00027000 08:03 12190588                   /lib/x86_64-linux-gnu/libexpat.so.1.6.0
7f008ccee000-7f008ccef000 rw-p 00029000 08:03 12190588                   /lib/x86_64-linux-gnu/libexpat.so.1.6.0
7f008ccef000-7f008ccf7000 r-xp 00000000 08:03 4200521                    /usr/lib/x86_64-linux-gnu/libxcb-render.so.0.0.0
7f008ccf7000-7f008cef7000 ---p 00008000 08:03 4200521                    /usr/lib/x86_64-linux-gnu/libxcb-render.so.0.0.0
7f008cef7000-7f008cef8000 r--p 00008000 08:03 4200521                    /usr/lib/x86_64-linux-gnu/libxcb-render.so.0.0.0
7f008cef8000-7f008cef9000 rw-p 00009000 08:03 4200521                    /usr/lib/x86_64-linux-gnu/libxcb-render.so.0.0.0
7f008cef9000-7f008cefb000 r-xp 00000000 08:03 4200525                    /usr/lib/x86_64-linux-gnu/libxcb-shm.so.0.0.0
7f008cefb000-7f008d0fa000 ---p 00002000 08:03 4200525                    /usr/lib/x86_64-linux-gnu/libxcb-shm.so.0.0.0
7f008d0fa000-7f008d0fb000 r--p 00001000 08:03 4200525                    /usr/lib/x86_64-linux-gnu/libxcb-shm.so.0.0.0
7f008d0fb000-7f008d0fc000 rw-p 00002000 08:03 4200525                    /usr/lib/x86_64-linux-gnu/libxcb-shm.so.0.0.0
7f008d0fc000-7f008d17c000 r-xp 00000000 08:03 4200335                    /usr/lib/x86_64-linux-gnu/libpixman-1.so.0.26.0
7f008d17c000-7f008d37c000 ---p 00080000 08:03 4200335                    /usr/lib/x86_64-linux-gnu/libpixman-1.so.0.26.0
7f008d37c000-7f008d382000 rw-p 00080000 08:03 4200335                    /usr/lib/x86_64-linux-gnu/libpixman-1.so.0.26.0
7f008d382000-7f008d3a8000 r-xp 00000000 08:03 12190665                   /lib/x86_64-linux-gnu/libpng12.so.0.49.0
7f008d3a8000-7f008d5a7000 ---p 00026000 08:03 12190665                   /lib/x86_64-linux-gnu/libpng12.so.0.49.0
7f008d5a7000-7f008d5a8000 r--p 00025000 08:03 12190665                   /lib/x86_64-linux-gnu/libpng12.so.0.49.0
7f008d5a8000-7f008d5a9000 rw-p 00026000 08:03 12190665                   /lib/x86_64-linux-gnu/libpng12.so.0.49.0
7f008d5a9000-7f008d5bd000 r-xp 00000000 08:03 12192206                   /lib/x86_64-linux-gnu/libresolv-2.19.so
7f008d5bd000-7f008d7bc000 ---p 00014000 08:03 12192206                   /lib/x86_64-linux-gnu/libresolv-2.19.so
7f008d7bc000-7f008d7bd000 r--p 00013000 08:03 12192206                   /lib/x86_64-linux-gnu/libresolv-2.19.so
7f008d7bd000-7f008d7be000 rw-p 00014000 08:03 12192206                   /lib/x86_64-linux-gnu/libresolv-2.19.so
7f008d7be000-7f008d7c0000 rw-p 00000000 00:00 0 
7f008d7c0000-7f008d7de000 r-xp 00000000 08:03 12190680                   /lib/x86_64-linux-gnu/libselinux.so.1
7f008d7de000-7f008d9dd000 ---p 0001e000 08:03 12190680                   /lib/x86_64-linux-gnu/libselinux.so.1
7f008d9dd000-7f008d9de000 r--p 0001d000 08:03 12190680                   /lib/x86_64-linux-gnu/libselinux.so.1
7f008d9de000-7f008d9df000 rw-p 0001e000 08:03 12190680                   /lib/x86_64-linux-gnu/libselinux.so.1
7f008d9df000-7f008d9e0000 rw-p 00000000 00:00 0 
7f008d9e0000-7f008d9e3000 r-xp 00000000 08:03 4200052                    /usr/lib/x86_64-linux-gnu/libgmodule-2.0.so.0.3200.4
7f008d9e3000-7f008dbe2000 ---p 00003000 08:03 4200052                    /usr/lib/x86_64-linux-gnu/libgmodule-2.0.so.0.3200.4
7f008dbe2000-7f008dbe3000 r--p 00002000 08:03 4200052                    /usr/lib/x86_64-linux-gnu/libgmodule-2.0.so.0.3200.4
7f008dbe3000-7f008dbe4000 rw-p 00003000 08:03 4200052                    /usr/lib/x86_64-linux-gnu/libgmodule-2.0.so.0.3200.4
7f008dbe4000-7f008dbee000 r-xp 00000000 08:03 4199739                    /usr/lib/x86_64-linux-gnu/libXcursor.so.1.0.2
7f008dbee000-7f008dded000 ---p 0000a000 08:03 4199739                    /usr/lib/x86_64-linux-gnu/libXcursor.so.1.0.2
7f008dded000-7f008ddee000 rw-p 00009000 08:03 4199739                    /usr/lib/x86_64-linux-gnu/libXcursor.so.1.0.2
7f008ddee000-7f008ddf5000 r-xp 00000000 08:03 4199761                    /usr/lib/x86_64-linux-gnu/libXrandr.so.2.2.0
7f008ddf5000-7f008dff5000 ---p 00007000 08:03 4199761                    /usr/lib/x86_64-linux-gnu/libXrandr.so.2.2.0
7f008dff5000-7f008dff6000 rw-p 00007000 08:03 4199761                    /usr/lib/x86_64-linux-gnu/libXrandr.so.2.2.0
7f008dff6000-7f008dff8000 r-xp 00000000 08:03 4199753                    /usr/lib/x86_64-linux-gnu/libXinerama.so.1.0.0
7f008dff8000-7f008e1f7000 ---p 00002000 08:03 4199753                    /usr/lib/x86_64-linux-gnu/libXinerama.so.1.0.0
7f008e1f7000-7f008e1f8000 rw-p 00001000 08:03 4199753                    /usr/lib/x86_64-linux-gnu/libXinerama.so.1.0.0
7f008e1f8000-7f008e1fd000 r-xp 00000000 08:03 4199747                    /usr/lib/x86_64-linux-gnu/libXfixes.so.3.1.0
7f008e1fd000-7f008e3fc000 ---p 00005000 08:03 4199747                    /usr/lib/x86_64-linux-gnu/libXfixes.so.3.1.0
7f008e3fc000-7f008e3fd000 r--p 00004000 08:03 4199747                    /usr/lib/x86_64-linux-gnu/libXfixes.so.3.1.0
7f008e3fd000-7f008e3fe000 rw-p 00005000 08:03 4199747                    /usr/lib/x86_64-linux-gnu/libXfixes.so.3.1.0
7f008e3fe000-7f008e400000 r-xp 00000000 08:03 4199741                    /usr/lib/x86_64-linux-gnu/libXdamage.so.1.1.0
7f008e400000-7f008e5ff000 ---p 00002000 08:03 4199741                    /usr/lib/x86_64-linux-gnu/libXdamage.so.1.1.0
7f008e5ff000-7f008e600000 rw-p 00001000 08:03 4199741                    /usr/lib/x86_64-linux-gnu/libXdamage.so.1.1.0
7f008e600000-7f008e602000 r-xp 00000000 08:03 4199737                    /usr/lib/x86_64-linux-gnu/libXcomposite.so.1.0.0
7f008e602000-7f008e801000 ---p 00002000 08:03 4199737                    /usr/lib/x86_64-linux-gnu/libXcomposite.so.1.0.0
7f008e801000-7f008e802000 rw-p 00001000 08:03 4199737                    /usr/lib/x86_64-linux-gnu/libXcomposite.so.1.0.0
7f008e802000-7f008e821000 r-xp 00000000 08:03 4200529                    /usr/lib/x86_64-linux-gnu/libxcb.so.1.1.0
7f008e821000-7f008ea20000 ---p 0001f000 08:03 4200529                    /usr/lib/x86_64-linux-gnu/libxcb.so.1.1.0
7f008ea20000-7f008ea21000 r--p 0001e000 08:03 4200529                    /usr/lib/x86_64-linux-gnu/libxcb.so.1.1.0
7f008ea21000-7f008ea22000 rw-p 0001f000 08:03 4200529                    /usr/lib/x86_64-linux-gnu/libxcb.so.1.1.0
7f008ea22000-7f008ea75000 r-xp 00000000 08:03 4199889                    /usr/lib/x86_64-linux-gnu/libcups.so.2
7f008ea75000-7f008ec74000 ---p 00053000 08:03 4199889                    /usr/lib/x86_64-linux-gnu/libcups.so.2
7f008ec74000-7f008ec79000 r--p 00052000 08:03 4199889                    /usr/lib/x86_64-linux-gnu/libcups.so.2
7f008ec79000-7f008ec7a000 rw-p 00057000 08:03 4199889                    /usr/lib/x86_64-linux-gnu/libcups.so.2
7f008ec7a000-7f008ed6f000 r-xp 00000000 08:03 12190597                   /lib/x86_64-linux-gnu/libglib-2.0.so.0.3200.4
7f008ed6f000-7f008ef6f000 ---p 000f5000 08:03 12190597                   /lib/x86_64-linux-gnu/libglib-2.0.so.0.3200.4
7f008ef6f000-7f008ef70000 r--p 000f5000 08:03 12190597                   /lib/x86_64-linux-gnu/libglib-2.0.so.0.3200.4
7f008ef70000-7f008ef71000 rw-p 000f6000 08:03 12190597                   /lib/x86_64-linux-gnu/libglib-2.0.so.0.3200.4
7f008ef71000-7f008ef72000 rw-p 00000000 00:00 0 
7f008ef72000-7f008ef73000 r-xp 00000000 08:03 4200137                    /usr/lib/x86_64-linux-gnu/libgthread-2.0.so.0.3200.4
7f008ef73000-7f008f172000 ---p 00001000 08:03 4200137                    /usr/lib/x86_64-linux-gnu/libgthread-2.0.so.0.3200.4
7f008f172000-7f008f173000 r--p 00000000 08:03 4200137                    /usr/lib/x86_64-linux-gnu/libgthread-2.0.so.0.3200.4
7f008f173000-7f008f174000 rw-p 00001000 08:03 4200137                    /usr/lib/x86_64-linux-gnu/libgthread-2.0.so.0.3200.4
7f008f174000-7f008f1c2000 r-xp 00000000 08:03 4200068                    /usr/lib/x86_64-linux-gnu/libgobject-2.0.so.0.3200.4
7f008f1c2000-7f008f3c2000 ---p 0004e000 08:03 4200068                    /usr/lib/x86_64-linux-gnu/libgobject-2.0.so.0.3200.4
7f008f3c2000-7f008f3c3000 r--p 0004e000 08:03 4200068                    /usr/lib/x86_64-linux-gnu/libgobject-2.0.so.0.3200.4
7f008f3c3000-7f008f3c4000 rw-p 0004f000 08:03 4200068                    /usr/lib/x86_64-linux-gnu/libgobject-2.0.so.0.3200.4
7f008f3c4000-7f008f3f9000 r-xp 00000000 08:03 4199999                    /usr/lib/x86_64-linux-gnu/libfontconfig.so.1.5.0
7f008f3f9000-7f008f5f9000 ---p 00035000 08:03 4199999                    /usr/lib/x86_64-linux-gnu/libfontconfig.so.1.5.0
7f008f5f9000-7f008f5fa000 r--p 00035000 08:03 4199999                    /usr/lib/x86_64-linux-gnu/libfontconfig.so.1.5.0
7f008f5fa000-7f008f5fb000 rw-p 00036000 08:03 4199999                    /usr/lib/x86_64-linux-gnu/libfontconfig.so.1.5.0
7f008f5fb000-7f008f694000 r-xp 00000000 08:03 4200007                    /usr/lib/x86_64-linux-gnu/libfreetype.so.6.8.1
7f008f694000-7f008f893000 ---p 00099000 08:03 4200007                    /usr/lib/x86_64-linux-gnu/libfreetype.so.6.8.1
7f008f893000-7f008f899000 r--p 00098000 08:03 4200007                    /usr/lib/x86_64-linux-gnu/libfreetype.so.6.8.1
7f008f899000-7f008f89a000 rw-p 0009e000 08:03 4200007                    /usr/lib/x86_64-linux-gnu/libfreetype.so.6.8.1
7f008f89a000-7f008f8e4000 r-xp 00000000 08:03 4200313                    /usr/lib/x86_64-linux-gnu/libpango-1.0.so.0.3000.0
7f008f8e4000-7f008fae4000 ---p 0004a000 08:03 4200313                    /usr/lib/x86_64-linux-gnu/libpango-1.0.so.0.3000.0
7f008fae4000-7f008fae6000 r--p 0004a000 08:03 4200313                    /usr/lib/x86_64-linux-gnu/libpango-1.0.so.0.3000.0
7f008fae6000-7f008fae7000 rw-p 0004c000 08:03 4200313                    /usr/lib/x86_64-linux-gnu/libpango-1.0.so.0.3000.0
7f008fae7000-7f008fbdb000 r-xp 00000000 08:03 4199843                    /usr/lib/x86_64-linux-gnu/libcairo.so.2.11200.2
7f008fbdb000-7f008fdda000 ---p 000f4000 08:03 4199843                    /usr/lib/x86_64-linux-gnu/libcairo.so.2.11200.2
7f008fdda000-7f008fddd000 r--p 000f3000 08:03 4199843                    /usr/lib/x86_64-linux-gnu/libcairo.so.2.11200.2
7f008fddd000-7f008fdde000 rw-p 000f6000 08:03 4199843                    /usr/lib/x86_64-linux-gnu/libcairo.so.2.11200.2
7f008fdde000-7f008fde0000 rw-p 00000000 00:00 0 
7f008fde0000-7f008fdff000 r-xp 00000000 08:03 4200030                    /usr/lib/x86_64-linux-gnu/libgdk_pixbuf-2.0.so.0.2600.1
7f008fdff000-7f008fffe000 ---p 0001f000 08:03 4200030                    /usr/lib/x86_64-linux-gnu/libgdk_pixbuf-2.0.so.0.2600.1
7f008fffe000-7f008ffff000 r--p 0001e000 08:03 4200030                    /usr/lib/x86_64-linux-gnu/libgdk_pixbuf-2.0.so.0.2600.1
7f008ffff000-7f0090000000 rw-p 0001f000 08:03 4200030                    /usr/lib/x86_64-linux-gnu/libgdk_pixbuf-2.0.so.0.2600.1
7f0090000000-7f00905ba000 rw-p 00000000 00:00 0 
7f00905ba000-7f0094000000 ---p 00000000 00:00 0 
7f0094000000-7f0094021000 rw-p 00000000 00:00 0 
7f0094021000-7f0098000000 ---p 00000000 00:00 0 
7f0098000000-7f0098021000 rw-p 00000000 00:00 0 
7f0098021000-7f009c000000 ---p 00000000 00:00 0 
7f009c000000-7f009c82f000 rw-p 00000000 00:00 0 
7f009c82f000-7f00a0000000 ---p 00000000 00:00 0 
7f00a0000000-7f00a0021000 rw-p 00000000 00:00 0 
7f00a0021000-7f00a4000000 ---p 00000000 00:00 0 
7f00a4000000-7f00a4021000 rw-p 00000000 00:00 0 
7f00a4021000-7f00a8000000 ---p 00000000 00:00 0 
7f00a8000000-7f00a8021000 rw-p 00000000 00:00 0 
7f00a8021000-7f00ac000000 ---p 00000000 00:00 0 
7f00ac000000-7f00ac021000 rw-p 00000000 00:00 0 
7f00ac021000-7f00b0000000 ---p 00000000 00:00 0 
7f00b0000000-7f00b0021000 rw-p 00000000 00:00 0 
7f00b0021000-7f00b4000000 ---p 00000000 00:00 0 
7f00b4000000-7f00b4021000 rw-p 00000000 00:00 0 
7f00b4021000-7f00b8000000 ---p 00000000 00:00 0 
7f00b8000000-7f00b8021000 rw-p 00000000 00:00 0 
7f00b8021000-7f00bc000000 ---p 00000000 00:00 0 
7f00bc000000-7f00bc010000 rw-s e0200000 00:05 7289                       /dev/ati/card0
7f00bc010000-7f00bc013000 ---p 00000000 00:00 0 
7f00bc013000-7f00bc111000 rw-p 00000000 00:00 0 
7f00bc111000-7f00bc11d000 r-xp 00000000 08:03 4200315                    /usr/lib/x86_64-linux-gnu/libpangocairo-1.0.so.0.3000.0
7f00bc11d000-7f00bc31c000 ---p 0000c000 08:03 4200315                    /usr/lib/x86_64-linux-gnu/libpangocairo-1.0.so.0.3000.0
7f00bc31c000-7f00bc31d000 r--p 0000b000 08:03 4200315                    /usr/lib/x86_64-linux-gnu/libpangocairo-1.0.so.0.3000.0
7f00bc31d000-7f00bc31e000 rw-p 0000c000 08:03 4200315                    /usr/lib/x86_64-linux-gnu/libpangocairo-1.0.so.0.3000.0
7f00bc31e000-7f00bc348000 r-xp 00000000 08:03 4200317                    /usr/lib/x86_64-linux-gnu/libpangoft2-1.0.so.0.3000.0
7f00bc348000-7f00bc547000 ---p 0002a000 08:03 4200317                    /usr/lib/x86_64-linux-gnu/libpangoft2-1.0.so.0.3000.0
7f00bc547000-7f00bc548000 r--p 00029000 08:03 4200317                    /usr/lib/x86_64-linux-gnu/libpangoft2-1.0.so.0.3000.0
7f00bc548000-7f00bc549000 rw-p 0002a000 08:03 4200317                    /usr/lib/x86_64-linux-gnu/libpangoft2-1.0.so.0.3000.0
7f00bc549000-7f00bc695000 r-xp 00000000 08:03 4200042                    /usr/lib/x86_64-linux-gnu/libgio-2.0.so.0.3200.4
7f00bc695000-7f00bc894000 ---p 0014c000 08:03 4200042                    /usr/lib/x86_64-linux-gnu/libgio-2.0.so.0.3200.4
7f00bc894000-7f00bc898000 r--p 0014b000 08:03 4200042                    /usr/lib/x86_64-linux-gnu/libgio-2.0.so.0.3200.4
7f00bc898000-7f00bc89a000 rw-p 0014f000 08:03 4200042                    /usr/lib/x86_64-linux-gnu/libgio-2.0.so.0.3200.4
7f00bc89a000-7f00bc89c000 rw-p 00000000 00:00 0 
7f00bc89c000-7f00bc8bd000 r-xp 00000000 08:03 4199799                    /usr/lib/x86_64-linux-gnu/libatk-1.0.so.0.20409.1
7f00bc8bd000-7f00bcabc000 ---p 00021000 08:03 4199799                    /usr/lib/x86_64-linux-gnu/libatk-1.0.so.0.20409.1
7f00bcabc000-7f00bcabe000 r--p 00020000 08:03 4199799                    /usr/lib/x86_64-linux-gnu/libatk-1.0.so.0.20409.1
7f00bcabe000-7f00bcabf000 rw-p 00022000 08:03 4199799                    /usr/lib/x86_64-linux-gnu/libatk-1.0.so.0.20409.1
7f00bcabf000-7f00bcb6e000 r-xp 00000000 08:03 4200028                    /usr/lib/x86_64-linux-gnu/libgdk-x11-2.0.so.0.2400.10
7f00bcb6e000-7f00bcd6d000 ---p 000af000 08:03 4200028                    /usr/lib/x86_64-linux-gnu/libgdk-x11-2.0.so.0.2400.10
7f00bcd6d000-7f00bcd72000 rw-p 000ae000 08:03 4200028                    /usr/lib/x86_64-linux-gnu/libgdk-x11-2.0.so.0.2400.10
7f00bcd72000-7f00bd1a4000 r-xp 00000000 08:03 4200141                    /usr/lib/x86_64-linux-gnu/libgtk-x11-2.0.so.0.2400.10
7f00bd1a4000-7f00bd3a4000 ---p 00432000 08:03 4200141                    /usr/lib/x86_64-linux-gnu/libgtk-x11-2.0.so.0.2400.10
7f00bd3a4000-7f00bd3af000 rw-p 00432000 08:03 4200141                    /usr/lib/x86_64-linux-gnu/libgtk-x11-2.0.so.0.2400.10
7f00bd3af000-7f00bd3b1000 rw-p 00000000 00:00 0 
7f00bd3b1000-7f00bd3bf000 r-xp 00000000 08:03 4199751                    /usr/lib/x86_64-linux-gnu/libXi.so.6.1.0
7f00bd3bf000-7f00bd5bf000 ---p 0000e000 08:03 4199751                    /usr/lib/x86_64-linux-gnu/libXi.so.6.1.0
7f00bd5bf000-7f00bd5c0000 rw-p 0000e000 08:03 4199751                    /usr/lib/x86_64-linux-gnu/libXi.so.6.1.0
7f00bd5c0000-7f00bd5c5000 r-xp 00000000 08:03 4199769                    /usr/lib/x86_64-linux-gnu/libXtst.so.6.1.0
7f00bd5c5000-7f00bd7c4000 ---p 00005000 08:03 4199769                    /usr/lib/x86_64-linux-gnu/libXtst.so.6.1.0
7f00bd7c4000-7f00bd7c5000 rw-p 00004000 08:03 4199769                    /usr/lib/x86_64-linux-gnu/libXtst.so.6.1.0
7f00bd7c5000-7f00bd7ce000 r-xp 00000000 08:03 4199763                    /usr/lib/x86_64-linux-gnu/libXrender.so.1.3.0
7f00bd7ce000-7f00bd9cd000 ---p 00009000 08:03 4199763                    /usr/lib/x86_64-linux-gnu/libXrender.so.1.3.0
7f00bd9cd000-7f00bd9ce000 rw-p 00008000 08:03 4199763                    /usr/lib/x86_64-linux-gnu/libXrender.so.1.3.0
7f00bd9ce000-7f00bdb03000 r-xp 00000000 08:03 4199728                    /usr/lib/x86_64-linux-gnu/libX11.so.6.3.0
7f00bdb03000-7f00bdd03000 ---p 00135000 08:03 4199728                    /usr/lib/x86_64-linux-gnu/libX11.so.6.3.0
7f00bdd03000-7f00bdd09000 rw-p 00135000 08:03 4199728                    /usr/lib/x86_64-linux-gnu/libX11.so.6.3.0
7f00bdd09000-7f00bdd1a000 r-xp 00000000 08:03 4199745                    /usr/lib/x86_64-linux-gnu/libXext.so.6.4.0
7f00bdd1a000-7f00bdf1a000 ---p 00011000 08:03 4199745                    /usr/lib/x86_64-linux-gnu/libXext.so.6.4.0
7f00bdf1a000-7f00bdf1b000 rw-p 00011000 08:03 4199745                    /usr/lib/x86_64-linux-gnu/libXext.so.6.4.0
7f00bdf29000-7f00bdf2a000 rw-s 00005000 00:05 7289                       /dev/ati/card0
7f00bdf2a000-7f00bdf2c000 rw-s 00002000 00:05 7289                       /dev/ati/card0
7f00bdf2c000-7f00bdf33000 r--s 00000000 08:03 4206154                    /usr/lib/x86_64-linux-gnu/gconv/gconv-modules.cache
7f00bdf33000-7f00bdf3c000 r--s 000b9000 08:03 3934170                    /usr/lib/jvm/java-7-openjdk-amd64/jre/lib/resources.jar
7f00bdf3c000-7f00bdf8f000 r-xp 00000000 08:03 3934319                    /usr/lib/jvm/java-7-openjdk-amd64/jre/lib/amd64/xawt/libmawt.so
7f00bdf8f000-7f00be18e000 ---p 00053000 08:03 3934319                    /usr/lib/jvm/java-7-openjdk-amd64/jre/lib/amd64/xawt/libmawt.so
7f00be18e000-7f00be18f000 r--p 00052000 08:03 3934319                    /usr/lib/jvm/java-7-openjdk-amd64/jre/lib/amd64/xawt/libmawt.so
7f00be18f000-7f00be192000 rw-p 00053000 08:03 3934319                    /usr/lib/jvm/java-7-openjdk-amd64/jre/lib/amd64/xawt/libmawt.so
7f00be192000-7f00be193000 rw-p 00000000 00:00 0 
7f00be193000-7f00be234000 r-xp 00000000 08:03 3934218                    /usr/lib/jvm/java-7-openjdk-amd64/jre/lib/amd64/libawt.so
7f00be234000-7f00be433000 ---p 000a1000 08:03 3934218                    /usr/lib/jvm/java-7-openjdk-amd64/jre/lib/amd64/libawt.so
7f00be433000-7f00be434000 r--p 000a0000 08:03 3934218                    /usr/lib/jvm/java-7-openjdk-amd64/jre/lib/amd64/libawt.so
7f00be434000-7f00be43f000 rw-p 000a1000 08:03 3934218                    /usr/lib/jvm/java-7-openjdk-amd64/jre/lib/amd64/libawt.so
7f00be43f000-7f00be464000 rw-p 00000000 00:00 0 
7f00be464000-7f00be469000 r--s 0004c000 08:03 3934152                    /usr/lib/jvm/java-7-openjdk-amd64/jre/lib/jsse.jar
7f00be469000-7f00be4a6000 r-xp 00000000 08:03 10486182                   /tmp/libgdxchobe/5502b6ed/libgdx64.so
7f00be4a6000-7f00be6a5000 ---p 0003d000 08:03 10486182                   /tmp/libgdxchobe/5502b6ed/libgdx64.so
7f00be6a5000-7f00be6a6000 r--p 0003c000 08:03 10486182                   /tmp/libgdxchobe/5502b6ed/libgdx64.so
7f00be6a6000-7f00be6a7000 rw-p 0003d000 08:03 10486182                   /tmp/libgdxchobe/5502b6ed/libgdx64.so
7f00be6a7000-7f00be6a8000 r--s 00002000 08:03 10488693                   /home/chobe/.gradle/caches/modules-2/files-2.1/net.java.jinput/jinput-platform/2.0.5/53f9c919f34d2ca9de8c51fc4e1e8282029a9232/jinput-platform-2.0.5-natives-osx.jar
7f00be6a8000-7f00be6a9000 r--s 00025000 08:03 10488692                   /home/chobe/.gradle/caches/modules-2/files-2.1/net.java.jinput/jinput-platform/2.0.5/385ee093e01f587f30ee1c8a2ee7d408fd732e16/jinput-platform-2.0.5-natives-windows.jar
7f00be6a9000-7f00be6aa000 r--s 00002000 08:03 10488691                   /home/chobe/.gradle/caches/modules-2/files-2.1/net.java.jinput/jinput-platform/2.0.5/7ff832a6eb9ab6a767f1ade2b548092d0fa64795/jinput-platform-2.0.5-natives-linux.jar
7f00be6aa000-7f00be6ab000 r--s 00001000 08:03 10488690                   /home/chobe/.gradle/caches/modules-2/files-2.1/net.java.jutils/jutils/1.0.0/e12fe1fda814bd348c1579329c86943d2cd3c6a6/jutils-1.0.0.jar
7f00be6ab000-7f00be6af000 r--s 0002f000 08:03 10488689                   /home/chobe/.gradle/caches/modules-2/files-2.1/net.java.jinput/jinput/2.0.5/39c7796b469a600f72380316f6b1f11db6c2c7c4/jinput-2.0.5.jar
7f00be6af000-7f00be6b0000 r--s 00080000 08:03 10488688                   /home/chobe/.gradle/caches/modules-2/files-2.1/org.lwjgl.lwjgl/lwjgl-platform/2.9.1/2d12c83fdfbc04ecabf02c7bc8cc54d034f0daac/lwjgl-platform-2.9.1-natives-osx.jar
7f00be6b0000-7f00be6b1000 r--s 0008b000 08:03 10488687                   /home/chobe/.gradle/caches/modules-2/files-2.1/org.lwjgl.lwjgl/lwjgl-platform/2.9.1/aa9aae879af8eb378e22cfc64db56ec2ca9a44d1/lwjgl-platform-2.9.1-natives-linux.jar
7f00be6b1000-7f00be6b2000 r--s 00095000 08:03 10488686                   /home/chobe/.gradle/caches/modules-2/files-2.1/org.lwjgl.lwjgl/lwjgl-platform/2.9.1/4c517eca808522457dd95ee8fc1fbcdbb602efbe/lwjgl-platform-2.9.1-natives-windows.jar
7f00be6b2000-7f00be6b4000 r--s 00017000 08:03 10488685                   /home/chobe/.gradle/caches/modules-2/files-2.1/org.jcraft/jorbis/0.0.17/8872d22b293e8f5d7d56ff92be966e6dc28ebdc6/jorbis-0.0.17.jar
7f00be6b4000-7f00be6b5000 r--s 00015000 08:03 10488684                   /home/chobe/.gradle/caches/modules-2/files-2.1/com.badlogicgames.jlayer/jlayer/1.0.1-gdx/7cca83cec5c1b2f011362f4d85aabd71a73b049d/jlayer-1.0.1-gdx.jar
7f00be6b5000-7f00be6c3000 r--s 000ea000 08:03 10488682                   /home/chobe/.gradle/caches/modules-2/files-2.1/org.lwjgl.lwjgl/lwjgl/2.9.1/f58c5aabcef0e41718a564be9f8e412fff8db847/lwjgl-2.9.1.jar
7f00be6c3000-7f00be6c4000 ---p 00000000 00:00 0 
7f00be6c4000-7f00be7c4000 rw-p 00000000 00:00 0 
7f00be7c4000-7f00be7c7000 ---p 00000000 00:00 0 
7f00be7c7000-7f00be8c5000 rw-p 00000000 00:00 0 
7f00be8c5000-7f00be8c8000 ---p 00000000 00:00 0 
7f00be8c8000-7f00be9c6000 rw-p 00000000 00:00 0 
7f00be9c6000-7f00be9c9000 ---p 00000000 00:00 0 
7f00be9c9000-7f00beac7000 rw-p 00000000 00:00 0 
7f00beac7000-7f00bec50000 r--p 00000000 08:03 4067802                    /usr/lib/locale/locale-archive
7f00bec50000-7f00c1000000 rw-p 00000000 00:00 0 
7f00c1000000-7f00c1270000 rwxp 00000000 00:00 0 
7f00c1270000-7f00c436a000 rw-p 00000000 00:00 0 
7f00c436a000-7f00c8000000 ---p 00000000 00:00 0 
7f00c8000000-7f00c8004000 r--s 00027000 08:03 10488683                   /home/chobe/.gradle/caches/modules-2/files-2.1/org.lwjgl.lwjgl/lwjgl_util/2.9.1/290d7ba8a1bd9566f5ddf16ad06f09af5ec9b20e/lwjgl_util-2.9.1.jar
7f00c8004000-7f00c8019000 r--s 00153000 08:03 10488660                   /home/chobe/.gradle/caches/modules-2/files-2.1/com.badlogicgames.gdx/gdx/1.1.0/686f5a609c717eb0769d3b954c501a49bf4fe351/gdx-1.1.0.jar
7f00c8019000-7f00c801a000 r--s 000cd000 08:03 10488678                   /home/chobe/.gradle/caches/modules-2/files-2.1/com.badlogicgames.gdx/gdx-platform/1.1.0/1c7ea4239c2d9adda420c15985fe3885c481fdcf/gdx-platform-1.1.0-natives-desktop.jar
7f00c801a000-7f00c801d000 ---p 00000000 00:00 0 
7f00c801d000-7f00c811b000 rw-p 00000000 00:00 0 
7f00c811b000-7f00c811e000 ---p 00000000 00:00 0 
7f00c811e000-7f00c821c000 rw-p 00000000 00:00 0 
7f00c821c000-7f00c821f000 ---p 00000000 00:00 0 
7f00c821f000-7f00c831d000 rw-p 00000000 00:00 0 
7f00c831d000-7f00c831e000 ---p 00000000 00:00 0 
7f00c831e000-7f00c941b000 rw-p 00000000 00:00 0 
7f00c941b000-7f00c95c9000 r--s 01cfc000 08:03 3934153                    /usr/lib/jvm/java-7-openjdk-amd64/jre/lib/rt.jar
7f00c95c9000-7f00c98fd000 rw-p 00000000 00:00 0 
7f00c98fd000-7f00c98fe000 ---p 00000000 00:00 0 
7f00c98fe000-7f00c99fe000 rw-p 00000000 00:00 0 
7f00c99fe000-7f00c99ff000 ---p 00000000 00:00 0 
7f00c99ff000-7f00c9aff000 rw-p 00000000 00:00 0 
7f00c9aff000-7f00c9b00000 ---p 00000000 00:00 0 
7f00c9b00000-7f00c9c00000 rw-p 00000000 00:00 0 
7f00c9c00000-7f00c9c01000 ---p 00000000 00:00 0 
7f00c9c01000-7f00c9d0c000 rw-p 00000000 00:00 0 
7f00c9d0c000-7f00c9d54000 rw-p 00000000 00:00 0 
7f00c9d54000-7f00c9d69000 rw-p 00000000 00:00 0 
7f00c9d69000-7f00c9e9a000 rw-p 00000000 00:00 0 
7f00c9e9a000-7f00c9ea5000 rw-p 00000000 00:00 0 
7f00c9ea5000-7f00c9eed000 rw-p 00000000 00:00 0 
7f00c9eed000-7f00c9f02000 rw-p 00000000 00:00 0 
7f00c9f02000-7f00ca032000 rw-p 00000000 00:00 0 
7f00ca032000-7f00ca03d000 rw-p 00000000 00:00 0 
7f00ca03d000-7f00ca0d5000 rw-p 00000000 00:00 0 
7f00ca0d5000-7f00ca0d6000 rw-p 00000000 00:00 0 
7f00ca0d6000-7f00ca0de000 r-xp 00000000 08:03 3934210                    /usr/lib/jvm/java-7-openjdk-amd64/jre/lib/amd64/libzip.so
7f00ca0de000-7f00ca2dd000 ---p 00008000 08:03 3934210                    /usr/lib/jvm/java-7-openjdk-amd64/jre/lib/amd64/libzip.so
7f00ca2dd000-7f00ca2de000 r--p 00007000 08:03 3934210                    /usr/lib/jvm/java-7-openjdk-amd64/jre/lib/amd64/libzip.so
7f00ca2de000-7f00ca2df000 rw-p 00008000 08:03 3934210                    /usr/lib/jvm/java-7-openjdk-amd64/jre/lib/amd64/libzip.so
7f00ca2df000-7f00ca2ea000 r-xp 00000000 08:03 12192223                   /lib/x86_64-linux-gnu/libnss_files-2.19.so
7f00ca2ea000-7f00ca4e9000 ---p 0000b000 08:03 12192223                   /lib/x86_64-linux-gnu/libnss_files-2.19.so
7f00ca4e9000-7f00ca4ea000 r--p 0000a000 08:03 12192223                   /lib/x86_64-linux-gnu/libnss_files-2.19.so
7f00ca4ea000-7f00ca4eb000 rw-p 0000b000 08:03 12192223                   /lib/x86_64-linux-gnu/libnss_files-2.19.so
7f00ca4eb000-7f00ca4f5000 r-xp 00000000 08:03 12192211                   /lib/x86_64-linux-gnu/libnss_nis-2.19.so
7f00ca4f5000-7f00ca6f4000 ---p 0000a000 08:03 12192211                   /lib/x86_64-linux-gnu/libnss_nis-2.19.so
7f00ca6f4000-7f00ca6f5000 r--p 00009000 08:03 12192211                   /lib/x86_64-linux-gnu/libnss_nis-2.19.so
7f00ca6f5000-7f00ca6f6000 rw-p 0000a000 08:03 12192211                   /lib/x86_64-linux-gnu/libnss_nis-2.19.so
7f00ca6f6000-7f00ca70b000 r-xp 00000000 08:03 12192215                   /lib/x86_64-linux-gnu/libnsl-2.19.so
7f00ca70b000-7f00ca90a000 ---p 00015000 08:03 12192215                   /lib/x86_64-linux-gnu/libnsl-2.19.so
7f00ca90a000-7f00ca90b000 r--p 00014000 08:03 12192215                   /lib/x86_64-linux-gnu/libnsl-2.19.so
7f00ca90b000-7f00ca90c000 rw-p 00015000 08:03 12192215                   /lib/x86_64-linux-gnu/libnsl-2.19.so
7f00ca90c000-7f00ca90e000 rw-p 00000000 00:00 0 
7f00ca90e000-7f00ca915000 r-xp 00000000 08:03 12192212                   /lib/x86_64-linux-gnu/libnss_compat-2.19.so
7f00ca915000-7f00cab14000 ---p 00007000 08:03 12192212                   /lib/x86_64-linux-gnu/libnss_compat-2.19.so
7f00cab14000-7f00cab15000 r--p 00006000 08:03 12192212                   /lib/x86_64-linux-gnu/libnss_compat-2.19.so
7f00cab15000-7f00cab16000 rw-p 00007000 08:03 12192212                   /lib/x86_64-linux-gnu/libnss_compat-2.19.so
7f00cab16000-7f00cab41000 r-xp 00000000 08:03 3934215                    /usr/lib/jvm/java-7-openjdk-amd64/jre/lib/amd64/libjava.so
7f00cab41000-7f00cad40000 ---p 0002b000 08:03 3934215                    /usr/lib/jvm/java-7-openjdk-amd64/jre/lib/amd64/libjava.so
7f00cad40000-7f00cad41000 r--p 0002a000 08:03 3934215                    /usr/lib/jvm/java-7-openjdk-amd64/jre/lib/amd64/libjava.so
7f00cad41000-7f00cad43000 rw-p 0002b000 08:03 3934215                    /usr/lib/jvm/java-7-openjdk-amd64/jre/lib/amd64/libjava.so
7f00cad43000-7f00cad52000 r-xp 00000000 08:03 3934216                    /usr/lib/jvm/java-7-openjdk-amd64/jre/lib/amd64/libverify.so
7f00cad52000-7f00caf51000 ---p 0000f000 08:03 3934216                    /usr/lib/jvm/java-7-openjdk-amd64/jre/lib/amd64/libverify.so
7f00caf51000-7f00caf53000 r--p 0000e000 08:03 3934216                    /usr/lib/jvm/java-7-openjdk-amd64/jre/lib/amd64/libverify.so
7f00caf53000-7f00caf54000 rw-p 00010000 08:03 3934216                    /usr/lib/jvm/java-7-openjdk-amd64/jre/lib/amd64/libverify.so
7f00caf54000-7f00caf5b000 r-xp 00000000 08:03 12192213                   /lib/x86_64-linux-gnu/librt-2.19.so
7f00caf5b000-7f00cb15a000 ---p 00007000 08:03 12192213                   /lib/x86_64-linux-gnu/librt-2.19.so
7f00cb15a000-7f00cb15b000 r--p 00006000 08:03 12192213                   /lib/x86_64-linux-gnu/librt-2.19.so
7f00cb15b000-7f00cb15c000 rw-p 00007000 08:03 12192213                   /lib/x86_64-linux-gnu/librt-2.19.so
7f00cb15c000-7f00cb171000 r-xp 00000000 08:03 12190593                   /lib/x86_64-linux-gnu/libgcc_s.so.1
7f00cb171000-7f00cb371000 ---p 00015000 08:03 12190593                   /lib/x86_64-linux-gnu/libgcc_s.so.1
7f00cb371000-7f00cb372000 rw-p 00015000 08:03 12190593                   /lib/x86_64-linux-gnu/libgcc_s.so.1
7f00cb372000-7f00cb472000 r-xp 00000000 08:03 12192221                   /lib/x86_64-linux-gnu/libm-2.19.so
7f00cb472000-7f00cb671000 ---p 00100000 08:03 12192221                   /lib/x86_64-linux-gnu/libm-2.19.so
7f00cb671000-7f00cb672000 r--p 000ff000 08:03 12192221                   /lib/x86_64-linux-gnu/libm-2.19.so
7f00cb672000-7f00cb673000 rw-p 00100000 08:03 12192221                   /lib/x86_64-linux-gnu/libm-2.19.so
7f00cb673000-7f00cb75b000 r-xp 00000000 08:03 4200440                    /usr/lib/x86_64-linux-gnu/libstdc++.so.6.0.17
7f00cb75b000-7f00cb95b000 ---p 000e8000 08:03 4200440                    /usr/lib/x86_64-linux-gnu/libstdc++.so.6.0.17
7f00cb95b000-7f00cb963000 r--p 000e8000 08:03 4200440                    /usr/lib/x86_64-linux-gnu/libstdc++.so.6.0.17
7f00cb963000-7f00cb965000 rw-p 000f0000 08:03 4200440                    /usr/lib/x86_64-linux-gnu/libstdc++.so.6.0.17
7f00cb965000-7f00cb97a000 rw-p 00000000 00:00 0 
7f00cb97a000-7f00cc443000 r-xp 00000000 08:03 3934204                    /usr/lib/jvm/java-7-openjdk-amd64/jre/lib/amd64/server/libjvm.so
7f00cc443000-7f00cc643000 ---p 00ac9000 08:03 3934204                    /usr/lib/jvm/java-7-openjdk-amd64/jre/lib/amd64/server/libjvm.so
7f00cc643000-7f00cc6db000 r--p 00ac9000 08:03 3934204                    /usr/lib/jvm/java-7-openjdk-amd64/jre/lib/amd64/server/libjvm.so
7f00cc6db000-7f00cc6fe000 rw-p 00b61000 08:03 3934204                    /usr/lib/jvm/java-7-openjdk-amd64/jre/lib/amd64/server/libjvm.so
7f00cc6fe000-7f00cc72b000 rw-p 00000000 00:00 0 
7f00cc72b000-7f00cc742000 r-xp 00000000 08:03 12192203                   /lib/x86_64-linux-gnu/libz.so.1.2.8
7f00cc742000-7f00cc941000 ---p 00017000 08:03 12192203                   /lib/x86_64-linux-gnu/libz.so.1.2.8
7f00cc941000-7f00cc942000 r--p 00016000 08:03 12192203                   /lib/x86_64-linux-gnu/libz.so.1.2.8
7f00cc942000-7f00cc943000 rw-p 00017000 08:03 12192203                   /lib/x86_64-linux-gnu/libz.so.1.2.8
7f00cc943000-7f00ccae2000 r-xp 00000000 08:03 12192214                   /lib/x86_64-linux-gnu/libc-2.19.so
7f00ccae2000-7f00ccce2000 ---p 0019f000 08:03 12192214                   /lib/x86_64-linux-gnu/libc-2.19.so
7f00ccce2000-7f00ccce6000 r--p 0019f000 08:03 12192214                   /lib/x86_64-linux-gnu/libc-2.19.so
7f00ccce6000-7f00ccce8000 rw-p 001a3000 08:03 12192214                   /lib/x86_64-linux-gnu/libc-2.19.so
7f00ccce8000-7f00cccec000 rw-p 00000000 00:00 0 
7f00cccec000-7f00cccef000 r-xp 00000000 08:03 12192219                   /lib/x86_64-linux-gnu/libdl-2.19.so
7f00cccef000-7f00cceee000 ---p 00003000 08:03 12192219                   /lib/x86_64-linux-gnu/libdl-2.19.so
7f00cceee000-7f00cceef000 r--p 00002000 08:03 12192219                   /lib/x86_64-linux-gnu/libdl-2.19.so
7f00cceef000-7f00ccef0000 rw-p 00003000 08:03 12192219                   /lib/x86_64-linux-gnu/libdl-2.19.so
7f00ccef0000-7f00ccefd000 r-xp 00000000 08:03 3934207                    /usr/lib/jvm/java-7-openjdk-amd64/jre/lib/amd64/jli/libjli.so
7f00ccefd000-7f00cd0fc000 ---p 0000d000 08:03 3934207                    /usr/lib/jvm/java-7-openjdk-amd64/jre/lib/amd64/jli/libjli.so
7f00cd0fc000-7f00cd0fd000 r--p 0000c000 08:03 3934207                    /usr/lib/jvm/java-7-openjdk-amd64/jre/lib/amd64/jli/libjli.so
7f00cd0fd000-7f00cd0fe000 rw-p 0000d000 08:03 3934207                    /usr/lib/jvm/java-7-openjdk-amd64/jre/lib/amd64/jli/libjli.so
7f00cd0fe000-7f00cd116000 r-xp 00000000 08:03 12192218                   /lib/x86_64-linux-gnu/libpthread-2.19.so
7f00cd116000-7f00cd315000 ---p 00018000 08:03 12192218                   /lib/x86_64-linux-gnu/libpthread-2.19.so
7f00cd315000-7f00cd316000 r--p 00017000 08:03 12192218                   /lib/x86_64-linux-gnu/libpthread-2.19.so
7f00cd316000-7f00cd317000 rw-p 00018000 08:03 12192218                   /lib/x86_64-linux-gnu/libpthread-2.19.so
7f00cd317000-7f00cd31b000 rw-p 00000000 00:00 0 
7f00cd31b000-7f00cd33b000 r-xp 00000000 08:03 12192217                   /lib/x86_64-linux-gnu/ld-2.19.so
7f00cd33b000-7f00cd33e000 r--s 0001f000 08:03 10488677                   /home/chobe/.gradle/caches/modules-2/files-2.1/com.badlogicgames.gdx/gdx-backend-lwjgl/1.1.0/eafa409559820c1696e165e1280435f1332fc32b/gdx-backend-lwjgl-1.1.0.jar
7f00cd33e000-7f00cd341000 r--s 0001d000 08:01 772750                     /media/winDisk/Users/ChobeDucket/Documents/sheep/core/build/libs/core-1.0.jar
7f00cd341000-7f00cd345000 r--s 0003b000 08:03 3934173                    /usr/lib/jvm/java-7-openjdk-amd64/jre/lib/ext/sunpkcs11.jar
7f00cd345000-7f00cd346000 r--s 00002000 08:03 3934178                    /usr/lib/jvm/java-7-openjdk-amd64/jre/lib/ext/dnsns.jar
7f00cd346000-7f00cd349000 r--s 00032000 08:03 3934176                    /usr/lib/jvm/java-7-openjdk-amd64/jre/lib/ext/sunjce_provider.jar
7f00cd349000-7f00cd34b000 r--s 0000f000 08:03 3934175                    /usr/lib/jvm/java-7-openjdk-amd64/jre/lib/ext/pulse-java.jar
7f00cd34b000-7f00cd34d000 r--s 00012000 08:03 3934174                    /usr/lib/jvm/java-7-openjdk-amd64/jre/lib/ext/zipfs.jar
7f00cd34d000-7f00cd351000 r--s 00085000 08:03 3934172                    /usr/lib/jvm/java-7-openjdk-amd64/jre/lib/ext/localedata.jar
7f00cd351000-7f00cd352000 r--s 00007000 08:03 5645676                    /usr/share/java/java-atk-wrapper.jar
7f00cd352000-7f00cd35c000 rw-p 00000000 00:00 0 
7f00cd35c000-7f00cd412000 rw-p 00000000 00:00 0 
7f00cd412000-7f00cd415000 ---p 00000000 00:00 0 
7f00cd415000-7f00cd52f000 rw-p 00000000 00:00 0 
7f00cd52f000-7f00cd537000 rw-s 00000000 08:03 10490821                   /tmp/hsperfdata_chobe/30238 (deleted)
7f00cd537000-7f00cd538000 rw-p 00000000 00:00 0 
7f00cd538000-7f00cd539000 ---p 00000000 00:00 0 
7f00cd539000-7f00cd53b000 rw-p 00000000 00:00 0 
7f00cd53b000-7f00cd53c000 r--p 00020000 08:03 12192217                   /lib/x86_64-linux-gnu/ld-2.19.so
7f00cd53c000-7f00cd53d000 rw-p 00021000 08:03 12192217                   /lib/x86_64-linux-gnu/ld-2.19.so
7f00cd53d000-7f00cd53e000 rw-p 00000000 00:00 0 
7fffe040c000-7fffe042e000 rw-p 00000000 00:00 0                          [stack]
7fffe04fa000-7fffe04fb000 r-xp 00000000 00:00 0                          [vdso]
ffffffffff600000-ffffffffff601000 r-xp 00000000 00:00 0                  [vsyscall]

VM Arguments:
jvm_args: -Dfile.encoding=UTF-8 
java_command: com.mygdx.sheep.desktop.DesktopLauncher
Launcher Type: SUN_STANDARD

Environment Variables:
PATH=/usr/local/bin:/usr/bin:/bin:/usr/local/games:/usr/games:/home/chobe/.local/bin:/home/chobe/sdks/adt-bundle-linux-x86_64-20140321/sdk//platform-tools/adb:/home/chobe/sdks/adt-bundle-linux-x86_64-20140321/sdk//platform-tools/
USERNAME=chobe
SHELL=/bin/bash
DISPLAY=:0

Signal Handlers:
SIGSEGV: [libjvm.so+0x8f9750], sa_mask[0]=0x7ffbfeff, sa_flags=0x10000004
SIGBUS: [libjvm.so+0x8f9750], sa_mask[0]=0x7ffbfeff, sa_flags=0x10000004
SIGFPE: [libjvm.so+0x7827c0], sa_mask[0]=0x7ffbfeff, sa_flags=0x10000004
SIGPIPE: [libjvm.so+0x7827c0], sa_mask[0]=0x7ffbfeff, sa_flags=0x10000004
SIGXFSZ: [libjvm.so+0x7827c0], sa_mask[0]=0x7ffbfeff, sa_flags=0x10000004
SIGILL: [libjvm.so+0x7827c0], sa_mask[0]=0x7ffbfeff, sa_flags=0x10000004
SIGUSR1: SIG_DFL, sa_mask[0]=0x00000000, sa_flags=0x00000000
SIGUSR2: [libjvm.so+0x782ab0], sa_mask[0]=0x00000004, sa_flags=0x10000004
SIGHUP: [libjvm.so+0x782c20], sa_mask[0]=0x7ffbfeff, sa_flags=0x10000004
SIGINT: [libjvm.so+0x782c20], sa_mask[0]=0x7ffbfeff, sa_flags=0x10000004
SIGTERM: [libjvm.so+0x782c20], sa_mask[0]=0x7ffbfeff, sa_flags=0x10000004
SIGQUIT: [libjvm.so+0x782c20], sa_mask[0]=0x7ffbfeff, sa_flags=0x10000004


---------------  S Y S T E M  ---------------

OS:7.5

uname:Linux 3.2.0-4-amd64 #1 SMP Debian 3.2.57-3+deb7u1 x86_64
libc:glibc 2.19 NPTL 2.19 
rlimit: STACK 8192k, CORE 0k, NPROC 31105, NOFILE 4096, AS infinity
load average:0.86 0.55 0.73

/proc/meminfo:
MemTotal:        3993672 kB
MemFree:         2245424 kB
Buffers:           33960 kB
Cached:           310564 kB
SwapCached:       144540 kB
Active:          1142128 kB
Inactive:         328456 kB
Active(anon):     991636 kB
Inactive(anon):   136668 kB
Active(file):     150492 kB
Inactive(file):   191788 kB
Unevictable:           0 kB
Mlocked:               0 kB
SwapTotal:       4120572 kB
SwapFree:        3595752 kB
Dirty:               368 kB
Writeback:             0 kB
AnonPages:       1114816 kB
Mapped:            97216 kB
Shmem:              2236 kB
Slab:              72880 kB
SReclaimable:      45708 kB
SUnreclaim:        27172 kB
KernelStack:        3072 kB
PageTables:        22856 kB
NFS_Unstable:          0 kB
Bounce:                0 kB
WritebackTmp:          0 kB
CommitLimit:     6117408 kB
Committed_AS:    2918728 kB
VmallocTotal:   34359738367 kB
VmallocUsed:      170472 kB
VmallocChunk:   34359561712 kB
HardwareCorrupted:     0 kB
AnonHugePages:         0 kB
HugePages_Total:       0
HugePages_Free:        0
HugePages_Rsvd:        0
HugePages_Surp:        0
Hugepagesize:       2048 kB
DirectMap4k:      588800 kB
DirectMap2M:     3538944 kB


CPU:total 4 (4 cores per cpu, 1 threads per core) family 6 model 15 stepping 11, cmov, cx8, fxsr, mmx, sse, sse2, sse3, ssse3, tsc

/proc/cpuinfo:
processor	: 0
vendor_id	: GenuineIntel
cpu family	: 6
model		: 15
model name	: Intel(R) Core(TM)2 Quad CPU    Q6600  @ 2.40GHz
stepping	: 11
cpu MHz		: 1596.000
cache size	: 4096 KB
physical id	: 0
siblings	: 4
core id		: 0
cpu cores	: 4
apicid		: 0
initial apicid	: 0
fpu		: yes
fpu_exception	: yes
cpuid level	: 10
wp		: yes
flags		: fpu vme de pse tsc msr pae mce cx8 apic sep mtrr pge mca cmov pat pse36 clflush dts acpi mmx fxsr sse sse2 ss ht tm pbe syscall nx lm constant_tsc arch_perfmon pebs bts rep_good nopl aperfmperf pni dtes64 monitor ds_cpl vmx est tm2 ssse3 cx16 xtpr pdcm lahf_lm dtherm tpr_shadow vnmi flexpriority
bogomips	: 4795.82
clflush size	: 64
cache_alignment	: 64
address sizes	: 36 bits physical, 48 bits virtual
power management:

processor	: 1
vendor_id	: GenuineIntel
cpu family	: 6
model		: 15
model name	: Intel(R) Core(TM)2 Quad CPU    Q6600  @ 2.40GHz
stepping	: 11
cpu MHz		: 2394.000
cache size	: 4096 KB
physical id	: 0
siblings	: 4
core id		: 2
cpu cores	: 4
apicid		: 2
initial apicid	: 2
fpu		: yes
fpu_exception	: yes
cpuid level	: 10
wp		: yes
flags		: fpu vme de pse tsc msr pae mce cx8 apic sep mtrr pge mca cmov pat pse36 clflush dts acpi mmx fxsr sse sse2 ss ht tm pbe syscall nx lm constant_tsc arch_perfmon pebs bts rep_good nopl aperfmperf pni dtes64 monitor ds_cpl vmx est tm2 ssse3 cx16 xtpr pdcm lahf_lm dtherm tpr_shadow vnmi flexpriority
bogomips	: 4795.58
clflush size	: 64
cache_alignment	: 64
address sizes	: 36 bits physical, 48 bits virtual
power management:

processor	: 2
vendor_id	: GenuineIntel
cpu family	: 6
model		: 15
model name	: Intel(R) Core(TM)2 Quad CPU    Q6600  @ 2.40GHz
stepping	: 11
cpu MHz		: 1596.000
cache size	: 4096 KB
physical id	: 0
siblings	: 4
core id		: 1
cpu cores	: 4
apicid		: 1
initial apicid	: 1
fpu		: yes
fpu_exception	: yes
cpuid level	: 10
wp		: yes
flags		: fpu vme de pse tsc msr pae mce cx8 apic sep mtrr pge mca cmov pat pse36 clflush dts acpi mmx fxsr sse sse2 ss ht tm pbe syscall nx lm constant_tsc arch_perfmon pebs bts rep_good nopl aperfmperf pni dtes64 monitor ds_cpl vmx est tm2 ssse3 cx16 xtpr pdcm lahf_lm dtherm tpr_shadow vnmi flexpriority
bogomips	: 4795.56
clflush size	: 64
cache_alignment	: 64
address sizes	: 36 bits physical, 48 bits virtual
power management:

processor	: 3
vendor_id	: GenuineIntel
cpu family	: 6
model		: 15
model name	: Intel(R) Core(TM)2 Quad CPU    Q6600  @ 2.40GHz
stepping	: 11
cpu MHz		: 1596.000
cache size	: 4096 KB
physical id	: 0
siblings	: 4
core id		: 3
cpu cores	: 4
apicid		: 3
initial apicid	: 3
fpu		: yes
fpu_exception	: yes
cpuid level	: 10
wp		: yes
flags		: fpu vme de pse tsc msr pae mce cx8 apic sep mtrr pge mca cmov pat pse36 clflush dts acpi mmx fxsr sse sse2 ss ht tm pbe syscall nx lm constant_tsc arch_perfmon pebs bts rep_good nopl aperfmperf pni dtes64 monitor ds_cpl vmx est tm2 ssse3 cx16 xtpr pdcm lahf_lm dtherm tpr_shadow vnmi flexpriority
bogomips	: 4795.57
clflush size	: 64
cache_alignment	: 64
address sizes	: 36 bits physical, 48 bits virtual
power management:



Memory: 4k page, physical 3993672k(2245424k free), swap 4120572k(3595752k free)

vm_info: OpenJDK 64-Bit Server VM (24.51-b03) for linux-amd64 JRE (1.7.0_55-b14), built on May  2 2014 11:33:06 by "buildd" with gcc 4.7.2

time: Sun Jul  6 14:37:53 2014
elapsed time: 16 seconds

