#
# A fatal error has been detected by the Java Runtime Environment:
#
#  SIGSEGV (0xb) at pc=0x00007fdcc94e6e38, pid=2003, tid=140586374915840
#
# JRE version: OpenJDK Runtime Environment (7.0_55-b14) (build 1.7.0_55-b14)
# Java VM: OpenJDK 64-Bit Server VM (24.51-b03 mixed mode linux-amd64 compressed oops)
# Problematic frame:
# C  [libX11.so.6+0x3ae38]  XQueryExtension+0x28
#
# Failed to write core dump. Core dumps have been disabled. To enable core dumping, try "ulimit -c unlimited" before starting Java again
#
# If you would like to submit a bug report, please include
# instructions on how to reproduce the bug and visit:
#   http://icedtea.classpath.org/bugzilla
#

---------------  T H R E A D  ---------------

Current thread (0x00007fdcd4076800):  VMThread [stack: 0x00007fdcd0dfe000,0x00007fdcd0eff000] [id=2013]

siginfo:si_signo=SIGSEGV: si_errno=0, si_code=1 (SEGV_MAPERR), si_addr=0x000000007c0108f8

Registers:
RAX=0x00007fdcac000b10, RBX=0x000000007c00ff90, RCX=0x00007fdcd0efd6d8, RDX=0x00007fdcd0efd6d4
RSP=0x00007fdcd0efd670, RBP=0x00007fdc86566600, RSI=0x00007fdc8642d992, RDI=0x000000007c00ff90
R8 =0x00007fdcd0efd6dc, R9 =0x0000000000000000, R10=0x00007fdc865663c0, R11=0x00007fdcdc5341c0
R12=0x00007fdc8642d992, R13=0x00007fdcac000b10, R14=0x00007fdcd0efdae0, R15=0x00007fdc7c024e00
RIP=0x00007fdcc94e6e38, EFLAGS=0x0000000000010202, CSGSFS=0x0000000000000033, ERR=0x0000000000000004
  TRAPNO=0x000000000000000e

Top of Stack: (sp=0x00007fdcd0efd670)
0x00007fdcd0efd670:   0000000000000000 0000000000000000
0x00007fdcd0efd680:   000000770000006e 0000000000000000
0x00007fdcd0efd690:   000100010000007c 000000007c00ff90
0x00007fdcd0efd6a0:   00007fdc86566600 00007fdc8642d992
0x00007fdcd0efd6b0:   00007fdcac000b10 00007fdcd0efdae0
0x00007fdcd0efd6c0:   00007fdc7c024e00 00007fdcc94dae72
0x00007fdcd0efd6d0:   00007fdc7c024e00 00007fdcdc578220
0x00007fdcd0efd6e0:   0000000000000000 00007fdc86566600
0x00007fdcd0efd6f0:   000000007c00ff90 00007fdcc97f471d
0x00007fdcd0efd700:   00007fdc8642d992 0000001100000000
0x00007fdcd0efd710:   00007fdc00000005 0000000000000000
0x00007fdcd0efd720:   00007fdcd0efd790 000000007c00ff90
0x00007fdcd0efd730:   00007fdcd0efd9d8 00007fdcd0efdae0
0x00007fdcd0efd740:   00007fdc8657fe50 00007fdc863d63d9
0x00007fdcd0efd750:   00000000ffffffff 00007fdc7c00e800
0x00007fdcd0efd760:   00007fdcd0efd790 00007fdc8b0a89e0
0x00007fdcd0efd770:   00007fdcd0efd9d8 00007fdcd0efdae0
0x00007fdcd0efd780:   0000000000000000 00007fdc863caae2
0x00007fdcd0efd790:   00007fdcd0efdb50 00007fdc8642d911
0x00007fdcd0efd7a0:   00007fdcd0efdb50 00007fdcdcee3058
0x00007fdcd0efd7b0:   00007fdcdd0f61a8 00007fdcdd0f6740
0x00007fdcd0efd7c0:   00007fdcdd0d0000 00007fdcd40094f0
0x00007fdcd0efd7d0:   00007fdcd400a020 00007fdcd400a530
0x00007fdcd0efd7e0:   00007fdcd4017440 00007fdcd41cb2a0
0x00007fdcd0efd7f0:   00007fdcd42c24c0 00007fdcd42be3d0
0x00007fdcd0efd800:   00007fdcd41f3e70 00007fdcd4201d90
0x00007fdcd0efd810:   00007fdcd42091b0 00007fdcd4208c80
0x00007fdcd0efd820:   00007fdcd4208750 00007fdcd420caa0
0x00007fdcd0efd830:   00007fdcd420c580 00007fdcd420d850
0x00007fdcd0efd840:   00007fdcd420c070 00007fdcd4208220
0x00007fdcd0efd850:   00007fdcd420a640 00007fdcd420b080
0x00007fdcd0efd860:   00007fdcd420ab60 00007fdcd420b5a0 

Instructions: (pc=0x00007fdcc94e6e38)
0x00007fdcc94e6e18:   24 e0 48 89 fb 4c 89 6c 24 e8 4c 89 74 24 f0 49
0x00007fdcc94e6e28:   89 f4 4c 89 7c 24 f8 48 89 6c 24 d8 48 83 ec 58
0x00007fdcc94e6e38:   48 8b 87 68 09 00 00 49 89 d7 49 89 ce 4d 89 c5
0x00007fdcc94e6e48:   48 85 c0 74 02 ff 10 ba 08 00 00 00 be 62 00 00 

Register to memory mapping:

RAX=0x00007fdcac000b10 is an unknown value
RBX=0x000000007c00ff90 is an unknown value
RCX=0x00007fdcd0efd6d8 is an unknown value
RDX=0x00007fdcd0efd6d4 is an unknown value
RSP=0x00007fdcd0efd670 is an unknown value
RBP=0x00007fdc86566600: <offset 0x1cf600> in /usr/lib/x86_64-linux-gnu/libGL.so.1 at 0x00007fdc86397000
RSI=0x00007fdc8642d992: <offset 0x96992> in /usr/lib/x86_64-linux-gnu/libGL.so.1 at 0x00007fdc86397000
RDI=0x000000007c00ff90 is an unknown value
R8 =0x00007fdcd0efd6dc is an unknown value
R9 =0x0000000000000000 is an unknown value
R10=0x00007fdc865663c0: <offset 0x1cf3c0> in /usr/lib/x86_64-linux-gnu/libGL.so.1 at 0x00007fdc86397000
R11=0x00007fdcdc5341c0: __cxa_finalize+0 in /lib/x86_64-linux-gnu/libc.so.6 at 0x00007fdcdc4fc000
R12=0x00007fdc8642d992: <offset 0x96992> in /usr/lib/x86_64-linux-gnu/libGL.so.1 at 0x00007fdc86397000
R13=0x00007fdcac000b10 is an unknown value
R14=0x00007fdcd0efdae0 is an unknown value
R15=0x00007fdc7c024e00 is an unknown value


Stack: [0x00007fdcd0dfe000,0x00007fdcd0eff000],  sp=0x00007fdcd0efd670,  free space=1021k
Native frames: (J=compiled Java code, j=interpreted, Vv=VM code, C=native code)
C  [libX11.so.6+0x3ae38]  XQueryExtension+0x28

VM_Operation (0x00007fdc8669f6c0): Exit, mode: safepoint, requested by thread 0x00007fdcd435f800


---------------  P R O C E S S  ---------------

Java Threads: ( => current thread )
  0x00007fdc5e863800 JavaThread "pool-1-thread-1" [_thread_blocked, id=2049, stack(0x00007fdc76112000,0x00007fdc76213000)]
  0x00007fdc7d195800 JavaThread "AsynchExecutor-Thread" daemon [_thread_blocked, id=2032, stack(0x00007fdc76513000,0x00007fdc76614000)]
  0x00007fdc7c01a800 JavaThread "process reaper" daemon [_thread_blocked, id=2028, stack(0x00007fdcd8096000,0x00007fdcd80cf000)]
  0x00007fdcd400b000 JavaThread "DestroyJavaVM" [_thread_blocked, id=2008, stack(0x00007fdcdcfcb000,0x00007fdcdd0cc000)]
  0x00007fdcd435f800 JavaThread "LWJGL Application" [_thread_blocked, id=2026, stack(0x00007fdc865a0000,0x00007fdc866a1000)]
  0x00007fdcd42bd000 JavaThread "AWT-XAWT" daemon [_thread_blocked, id=2022, stack(0x00007fdcb9d20000,0x00007fdcb9e21000)]
  0x00007fdcd429d000 JavaThread "Java2D Disposer" daemon [_thread_blocked, id=2021, stack(0x00007fdcb9e21000,0x00007fdcb9f22000)]
  0x00007fdcd40a7000 JavaThread "Service Thread" daemon [_thread_blocked, id=2019, stack(0x00007fdcd066f000,0x00007fdcd0770000)]
  0x00007fdcd40a5000 JavaThread "C2 CompilerThread1" daemon [_thread_blocked, id=2018, stack(0x00007fdcd0770000,0x00007fdcd0871000)]
  0x00007fdcd40a2000 JavaThread "C2 CompilerThread0" daemon [_thread_blocked, id=2017, stack(0x00007fdcd0871000,0x00007fdcd0972000)]
  0x00007fdcd409f800 JavaThread "Signal Dispatcher" daemon [_thread_blocked, id=2016, stack(0x00007fdcd0972000,0x00007fdcd0a73000)]
  0x00007fdcd407c800 JavaThread "Finalizer" daemon [_thread_blocked, id=2015, stack(0x00007fdcd0bfc000,0x00007fdcd0cfd000)]
  0x00007fdcd407a800 JavaThread "Reference Handler" daemon [_thread_blocked, id=2014, stack(0x00007fdcd0cfd000,0x00007fdcd0dfe000)]

Other Threads:
=>0x00007fdcd4076800 VMThread [stack: 0x00007fdcd0dfe000,0x00007fdcd0eff000] [id=2013]

VM state:at safepoint (shutting down)

VM Mutex/Monitor currently owned by a thread:  ([mutex/lock_event])
[0x00007fdcd40077a0] Threads_lock - owner thread: 0x00007fdcd4076800

Heap
 PSYoungGen      total 18432K, used 16771K [0x00000000eba80000, 0x00000000ecf00000, 0x0000000100000000)
  eden space 15872K, 89% used [0x00000000eba80000,0x00000000ec864c90,0x00000000eca00000)
  from space 2560K, 99% used [0x00000000eca00000,0x00000000ecc7c190,0x00000000ecc80000)
  to   space 2560K, 0% used [0x00000000ecc80000,0x00000000ecc80000,0x00000000ecf00000)
 ParOldGen       total 41472K, used 2418K [0x00000000c3000000, 0x00000000c5880000, 0x00000000eba80000)
  object space 41472K, 5% used [0x00000000c3000000,0x00000000c325ca40,0x00000000c5880000)
 PSPermGen       total 21504K, used 12595K [0x00000000b8a00000, 0x00000000b9f00000, 0x00000000c3000000)
  object space 21504K, 58% used [0x00000000b8a00000,0x00000000b964cc38,0x00000000b9f00000)

Card table byte_map: [0x00007fdcd9a53000,0x00007fdcd9c8f000] byte_map_base: 0x00007fdcd948e000

Polling page: 0x00007fdcdd0f1000

Code Cache  [0x00007fdcd1000000, 0x00007fdcd1270000, 0x00007fdcd4000000)
 total_blobs=770 nmethods=227 adapters=497 free_code_cache=48032Kb largest_free_block=49150272

Compilation events (10 events):
Event: 22.087 Thread 0x00007fdcd40a2000 nmethod 224 0x00007fdcd1115450 code [0x00007fdcd1115600, 0x00007fdcd1115920]
Event: 22.087 Thread 0x00007fdcd40a2000  226             com.badlogic.gdx.graphics.Mesh::bind (7 bytes)
Event: 22.095 Thread 0x00007fdcd40a2000 nmethod 226 0x00007fdcd1111610 code [0x00007fdcd1111820, 0x00007fdcd1111db0]
Event: 22.095 Thread 0x00007fdcd40a2000  227             com.badlogic.gdx.graphics.Mesh::bind (33 bytes)
Event: 22.105 Thread 0x00007fdcd40a2000 nmethod 227 0x00007fdcd1115fd0 code [0x00007fdcd1116240, 0x00007fdcd1116b20]
Event: 22.105 Thread 0x00007fdcd40a2000  228             com.badlogic.gdx.graphics.Mesh::unbind (7 bytes)
Event: 22.109 Thread 0x00007fdcd40a2000 nmethod 228 0x00007fdcd1119b90 code [0x00007fdcd1119d40, 0x00007fdcd111a018]
Event: 22.109 Thread 0x00007fdcd40a2000  229             com.badlogic.gdx.graphics.Mesh::unbind (33 bytes)
Event: 22.111 Thread 0x00007fdcd40a5000 nmethod 225 0x00007fdcd111ce50 code [0x00007fdcd111d1a0, 0x00007fdcd111e260]
Event: 22.114 Thread 0x00007fdcd40a2000 nmethod 229 0x00007fdcd111c350 code [0x00007fdcd111c500, 0x00007fdcd111c8a8]

GC Heap History (2 events):
Event: 1.704 GC heap before
{Heap before GC invocations=1 (full 0):
 PSYoungGen      total 18432K, used 15872K [0x00000000eba80000, 0x00000000ecf00000, 0x0000000100000000)
  eden space 15872K, 100% used [0x00000000eba80000,0x00000000eca00000,0x00000000eca00000)
  from space 2560K, 0% used [0x00000000ecc80000,0x00000000ecc80000,0x00000000ecf00000)
  to   space 2560K, 0% used [0x00000000eca00000,0x00000000eca00000,0x00000000ecc80000)
 ParOldGen       total 41472K, used 0K [0x00000000c3000000, 0x00000000c5880000, 0x00000000eba80000)
  object space 41472K, 0% used [0x00000000c3000000,0x00000000c3000000,0x00000000c5880000)
 PSPermGen       total 21504K, used 9243K [0x00000000b8a00000, 0x00000000b9f00000, 0x00000000c3000000)
  object space 21504K, 42% used [0x00000000b8a00000,0x00000000b9306c08,0x00000000b9f00000)
Event: 1.713 GC heap after
Heap after GC invocations=1 (full 0):
 PSYoungGen      total 18432K, used 2544K [0x00000000eba80000, 0x00000000ecf00000, 0x0000000100000000)
  eden space 15872K, 0% used [0x00000000eba80000,0x00000000eba80000,0x00000000eca00000)
  from space 2560K, 99% used [0x00000000eca00000,0x00000000ecc7c190,0x00000000ecc80000)
  to   space 2560K, 0% used [0x00000000ecc80000,0x00000000ecc80000,0x00000000ecf00000)
 ParOldGen       total 41472K, used 2418K [0x00000000c3000000, 0x00000000c5880000, 0x00000000eba80000)
  object space 41472K, 5% used [0x00000000c3000000,0x00000000c325ca40,0x00000000c5880000)
 PSPermGen       total 21504K, used 9243K [0x00000000b8a00000, 0x00000000b9f00000, 0x00000000c3000000)
  object space 21504K, 42% used [0x00000000b8a00000,0x00000000b9306c08,0x00000000b9f00000)
}

Deoptimization events (4 events):
Event: 0.229 Thread 0x00007fdcd400b000 Uncommon trap: reason=class_check action=maybe_recompile pc=0x00007fdcd1064fc0 method=java.util.Properties$LineReader.readLine()I @ 62
Event: 4.998 Thread 0x00007fdc5e863800 Uncommon trap: reason=unreached action=reinterpret pc=0x00007fdcd10a1534 method=java.lang.Integer.parseInt(Ljava/lang/String;I)I @ 1
Event: 13.733 Thread 0x00007fdcd435f800 Uncommon trap: reason=bimorphic action=maybe_recompile pc=0x00007fdcd10bd2ac method=com.badlogic.gdx.scenes.scene2d.ui.WidgetGroup.validate()V @ 114
Event: 14.229 Thread 0x00007fdcd435f800 Uncommon trap: reason=unreached action=reinterpret pc=0x00007fdcd10c0608 method=com.badlogic.gdx.scenes.scene2d.Stage.act(F)V @ 32

Internal exceptions (10 events):
Event: 7.020 Thread 0x00007fdcd435f800 Threw 0x00000000ec4fdba8 at /build/openjdk-7-kBcQ8a/openjdk-7-7u55-2.4.7/build/openjdk/hotspot/src/share/vm/prims/jvm.cpp:1244
Event: 7.021 Thread 0x00007fdcd435f800 Threw 0x00000000ec505428 at /build/openjdk-7-kBcQ8a/openjdk-7-7u55-2.4.7/build/openjdk/hotspot/src/share/vm/prims/jvm.cpp:1244
Event: 7.021 Thread 0x00007fdcd435f800 Threw 0x00000000ec50aa90 at /build/openjdk-7-kBcQ8a/openjdk-7-7u55-2.4.7/build/openjdk/hotspot/src/share/vm/prims/jvm.cpp:1244
Event: 7.041 Thread 0x00007fdcd435f800 Threw 0x00000000ec5688c0 at /build/openjdk-7-kBcQ8a/openjdk-7-7u55-2.4.7/build/openjdk/hotspot/src/share/vm/interpreter/interpreterRuntime.cpp:347
Event: 13.182 Thread 0x00007fdcd435f800 Threw 0x00000000ec6fe0b0 at /build/openjdk-7-kBcQ8a/openjdk-7-7u55-2.4.7/build/openjdk/hotspot/src/share/vm/prims/jvm.cpp:1244
Event: 13.732 Thread 0x00007fdcd435f800 Threw 0x00000000ec714d68 at /build/openjdk-7-kBcQ8a/openjdk-7-7u55-2.4.7/build/openjdk/hotspot/src/share/vm/prims/jvm.cpp:1244
Event: 13.733 Thread 0x00007fdcd435f800 Threw 0x00000000ec719f38 at /build/openjdk-7-kBcQ8a/openjdk-7-7u55-2.4.7/build/openjdk/hotspot/src/share/vm/prims/jvm.cpp:1244
Event: 22.114 Thread 0x00007fdcd435f800 Threw 0x00000000ec8302b0 at /build/openjdk-7-kBcQ8a/openjdk-7-7u55-2.4.7/build/openjdk/hotspot/src/share/vm/prims/jvm.cpp:1244
Event: 22.123 Thread 0x00007fdcd435f800 Threw 0x00000000ec834778 at /build/openjdk-7-kBcQ8a/openjdk-7-7u55-2.4.7/build/openjdk/hotspot/src/share/vm/prims/jvm.cpp:1244
Event: 22.128 Thread 0x00007fdcd435f800 Threw 0x00000000ec839b18 at /build/openjdk-7-kBcQ8a/openjdk-7-7u55-2.4.7/build/openjdk/hotspot/src/share/vm/prims/jvm.cpp:1244

Events (10 events):
Event: 22.294 loading class 0x00007fdca013d640 done
Event: 22.294 Thread 0x00007fdc5fdd5000 Thread added: 0x00007fdc5fdd5000
Event: 22.294 loading class 0x00007fdcd4230570
Event: 22.294 loading class 0x00007fdc9cc62660
Event: 22.294 loading class 0x00007fdc9cc62660 done
Event: 22.294 loading class 0x00007fdc9cc62690
Event: 22.294 loading class 0x00007fdc9cc62690 done
Event: 22.294 loading class 0x00007fdcd4230570 done
Event: 22.295 Thread 0x00007fdc5fdd5000 Thread exited: 0x00007fdc5fdd5000
Event: 22.295 Executing VM operation: Exit


Dynamic libraries:
00400000-00401000 r-xp 00000000 08:03 3934148                            /usr/lib/jvm/java-7-openjdk-amd64/jre/bin/java
00600000-00601000 r--p 00000000 08:03 3934148                            /usr/lib/jvm/java-7-openjdk-amd64/jre/bin/java
00601000-00602000 rw-p 00001000 08:03 3934148                            /usr/lib/jvm/java-7-openjdk-amd64/jre/bin/java
012f6000-01317000 rw-p 00000000 00:00 0                                  [heap]
b8a00000-b9f00000 rw-p 00000000 00:00 0 
b9f00000-c3000000 rw-p 00000000 00:00 0 
c3000000-c5880000 rw-p 00000000 00:00 0 
c5880000-eba80000 rw-p 00000000 00:00 0 
eba80000-ecf00000 rw-p 00000000 00:00 0 
ecf00000-100000000 rw-p 00000000 00:00 0 
7fdc4c000000-7fdc4c021000 rw-p 00000000 00:00 0 
7fdc4c021000-7fdc50000000 ---p 00000000 00:00 0 
7fdc54000000-7fdc54cb9000 rw-p 00000000 00:00 0 
7fdc54cb9000-7fdc58000000 ---p 00000000 00:00 0 
7fdc58000000-7fdc58021000 rw-p 00000000 00:00 0 
7fdc58021000-7fdc5c000000 ---p 00000000 00:00 0 
7fdc5c000000-7fdc5ff2a000 rw-p 00000000 00:00 0 
7fdc5ff2a000-7fdc60000000 ---p 00000000 00:00 0 
7fdc60000000-7fdc6007f000 rw-p 00000000 00:00 0 
7fdc6007f000-7fdc64000000 ---p 00000000 00:00 0 
7fdc64000000-7fdc640ae000 rw-p 00000000 00:00 0 
7fdc640ae000-7fdc68000000 ---p 00000000 00:00 0 
7fdc68000000-7fdc68671000 rw-p 00000000 00:00 0 
7fdc68671000-7fdc6c000000 ---p 00000000 00:00 0 
7fdc6c000000-7fdc6c0b4000 rw-p 00000000 00:00 0 
7fdc6c0b4000-7fdc70000000 ---p 00000000 00:00 0 
7fdc70000000-7fdc70021000 rw-p 00000000 00:00 0 
7fdc70021000-7fdc74000000 ---p 00000000 00:00 0 
7fdc752f0000-7fdc752f3000 ---p 00000000 00:00 0 
7fdc752f3000-7fdc753f1000 rw-p 00000000 00:00 0 
7fdc753f1000-7fdc753f4000 ---p 00000000 00:00 0 
7fdc753f4000-7fdc754f2000 rw-p 00000000 00:00 0 
7fdc75af2000-7fdc75af7000 r-xp 00000000 08:03 12192225                   /lib/x86_64-linux-gnu/libnss_dns-2.19.so
7fdc75af7000-7fdc75cf6000 ---p 00005000 08:03 12192225                   /lib/x86_64-linux-gnu/libnss_dns-2.19.so
7fdc75cf6000-7fdc75cf7000 r--p 00004000 08:03 12192225                   /lib/x86_64-linux-gnu/libnss_dns-2.19.so
7fdc75cf7000-7fdc75cf8000 rw-p 00005000 08:03 12192225                   /lib/x86_64-linux-gnu/libnss_dns-2.19.so
7fdc75cf8000-7fdc75cfa000 r-xp 00000000 08:03 12058696                   /lib/libnss_mdns4_minimal.so.2
7fdc75cfa000-7fdc75ef9000 ---p 00002000 08:03 12058696                   /lib/libnss_mdns4_minimal.so.2
7fdc75ef9000-7fdc75efa000 rw-p 00001000 08:03 12058696                   /lib/libnss_mdns4_minimal.so.2
7fdc75efa000-7fdc75f11000 r-xp 00000000 08:03 3934214                    /usr/lib/jvm/java-7-openjdk-amd64/jre/lib/amd64/libnet.so
7fdc75f11000-7fdc76110000 ---p 00017000 08:03 3934214                    /usr/lib/jvm/java-7-openjdk-amd64/jre/lib/amd64/libnet.so
7fdc76110000-7fdc76111000 r--p 00016000 08:03 3934214                    /usr/lib/jvm/java-7-openjdk-amd64/jre/lib/amd64/libnet.so
7fdc76111000-7fdc76112000 rw-p 00017000 08:03 3934214                    /usr/lib/jvm/java-7-openjdk-amd64/jre/lib/amd64/libnet.so
7fdc76112000-7fdc76115000 ---p 00000000 00:00 0 
7fdc76115000-7fdc76213000 rw-p 00000000 00:00 0 
7fdc76513000-7fdc76516000 ---p 00000000 00:00 0 
7fdc76516000-7fdc76614000 rw-p 00000000 00:00 0 
7fdc76614000-7fdc76615000 ---p 00000000 00:00 0 
7fdc76615000-7fdc76e15000 rw-p 00000000 00:00 0 
7fdc76e15000-7fdc76e16000 ---p 00000000 00:00 0 
7fdc76e16000-7fdc77616000 rw-p 00000000 00:00 0 
7fdc77762000-7fdc777aa000 rw-p 00000000 00:00 0 
7fdc777aa000-7fdc77eaa000 rw-s 00006000 00:05 7289                       /dev/ati/card0
7fdc77eaa000-7fdc77ee7000 r-xp 00000000 08:03 4201336                    /usr/lib/x86_64-linux-gnu/libatiadlxx.so
7fdc77ee7000-7fdc77fe6000 ---p 0003d000 08:03 4201336                    /usr/lib/x86_64-linux-gnu/libatiadlxx.so
7fdc77fe6000-7fdc77ff0000 rw-p 0003c000 08:03 4201336                    /usr/lib/x86_64-linux-gnu/libatiadlxx.so
7fdc77ff0000-7fdc78000000 rw-p 00000000 00:00 0 
7fdc78000000-7fdc78021000 rw-p 00000000 00:00 0 
7fdc78021000-7fdc7c000000 ---p 00000000 00:00 0 
7fdc7c000000-7fdc7ff04000 rw-p 00000000 00:00 0 
7fdc7ff04000-7fdc80000000 ---p 00000000 00:00 0 
7fdc80000000-7fdc80021000 rw-p 00000000 00:00 0 
7fdc80021000-7fdc84000000 ---p 00000000 00:00 0 
7fdc84015000-7fdc8401c000 r-xp 00000000 08:03 4201328                    /usr/lib/x86_64-linux-gnu/libatiuki.so.1.0
7fdc8401c000-7fdc8411c000 ---p 00007000 08:03 4201328                    /usr/lib/x86_64-linux-gnu/libatiuki.so.1.0
7fdc8411c000-7fdc8411d000 rw-p 00007000 08:03 4201328                    /usr/lib/x86_64-linux-gnu/libatiuki.so.1.0
7fdc8411d000-7fdc8411e000 rw-p 00000000 00:00 0 
7fdc8411e000-7fdc86016000 r-xp 00000000 08:03 4201338                    /usr/lib/x86_64-linux-gnu/dri/fglrx_dri.so
7fdc86016000-7fdc86115000 ---p 01ef8000 08:03 4201338                    /usr/lib/x86_64-linux-gnu/dri/fglrx_dri.so
7fdc86115000-7fdc86273000 rwxp 01ef7000 08:03 4201338                    /usr/lib/x86_64-linux-gnu/dri/fglrx_dri.so
7fdc86273000-7fdc86397000 rwxp 00000000 00:00 0 
7fdc86397000-7fdc8645a000 r-xp 00000000 08:03 4201341                    /usr/lib/x86_64-linux-gnu/fglrx/fglrx-libGL.so.1.2
7fdc8645a000-7fdc86559000 ---p 000c3000 08:03 4201341                    /usr/lib/x86_64-linux-gnu/fglrx/fglrx-libGL.so.1.2
7fdc86559000-7fdc86580000 rwxp 000c2000 08:03 4201341                    /usr/lib/x86_64-linux-gnu/fglrx/fglrx-libGL.so.1.2
7fdc86580000-7fdc865a0000 rwxp 00000000 00:00 0 
7fdc865a0000-7fdc865a3000 ---p 00000000 00:00 0 
7fdc865a3000-7fdc866a1000 rw-p 00000000 00:00 0 
7fdc8a6a2000-7fdc8a6a3000 ---p 00000000 00:00 0 
7fdc8a6a3000-7fdc8aea3000 rw-p 00000000 00:00 0 
7fdc8aea3000-7fdc8aea9000 r-xp 00000000 08:03 4200289                    /usr/lib/x86_64-linux-gnu/libogg.so.0.8.0
7fdc8aea9000-7fdc8b0a8000 ---p 00006000 08:03 4200289                    /usr/lib/x86_64-linux-gnu/libogg.so.0.8.0
7fdc8b0a8000-7fdc8b0a9000 rw-p 00005000 08:03 4200289                    /usr/lib/x86_64-linux-gnu/libogg.so.0.8.0
7fdc8b0a9000-7fdc8b0d5000 r-xp 00000000 08:03 4200496                    /usr/lib/x86_64-linux-gnu/libvorbis.so.0.4.5
7fdc8b0d5000-7fdc8b2d4000 ---p 0002c000 08:03 4200496                    /usr/lib/x86_64-linux-gnu/libvorbis.so.0.4.5
7fdc8b2d4000-7fdc8b2d5000 r--p 0002b000 08:03 4200496                    /usr/lib/x86_64-linux-gnu/libvorbis.so.0.4.5
7fdc8b2d5000-7fdc8b2d6000 rw-p 0002c000 08:03 4200496                    /usr/lib/x86_64-linux-gnu/libvorbis.so.0.4.5
7fdc8b2d6000-7fdc8b589000 r-xp 00000000 08:03 4200498                    /usr/lib/x86_64-linux-gnu/libvorbisenc.so.2.0.8
7fdc8b589000-7fdc8b788000 ---p 002b3000 08:03 4200498                    /usr/lib/x86_64-linux-gnu/libvorbisenc.so.2.0.8
7fdc8b788000-7fdc8b7a4000 r--p 002b2000 08:03 4200498                    /usr/lib/x86_64-linux-gnu/libvorbisenc.so.2.0.8
7fdc8b7a4000-7fdc8b7a5000 rw-p 002ce000 08:03 4200498                    /usr/lib/x86_64-linux-gnu/libvorbisenc.so.2.0.8
7fdc8b7a5000-7fdc8b7f0000 r-xp 00000000 08:03 4199700                    /usr/lib/x86_64-linux-gnu/libFLAC.so.8.2.0
7fdc8b7f0000-7fdc8b9ef000 ---p 0004b000 08:03 4199700                    /usr/lib/x86_64-linux-gnu/libFLAC.so.8.2.0
7fdc8b9ef000-7fdc8b9f0000 r--p 0004a000 08:03 4199700                    /usr/lib/x86_64-linux-gnu/libFLAC.so.8.2.0
7fdc8b9f0000-7fdc8b9f1000 rw-p 0004b000 08:03 4199700                    /usr/lib/x86_64-linux-gnu/libFLAC.so.8.2.0
7fdc8b9f1000-7fdc8b9f5000 r-xp 00000000 08:03 12190707                   /lib/x86_64-linux-gnu/libuuid.so.1.3.0
7fdc8b9f5000-7fdc8bbf4000 ---p 00004000 08:03 12190707                   /lib/x86_64-linux-gnu/libuuid.so.1.3.0
7fdc8bbf4000-7fdc8bbf5000 r--p 00003000 08:03 12190707                   /lib/x86_64-linux-gnu/libuuid.so.1.3.0
7fdc8bbf5000-7fdc8bbf6000 rw-p 00004000 08:03 12190707                   /lib/x86_64-linux-gnu/libuuid.so.1.3.0
7fdc8bbf6000-7fdc8bbfa000 r-xp 00000000 08:03 12190559                   /lib/x86_64-linux-gnu/libattr.so.1.1.0
7fdc8bbfa000-7fdc8bdf9000 ---p 00004000 08:03 12190559                   /lib/x86_64-linux-gnu/libattr.so.1.1.0
7fdc8bdf9000-7fdc8bdfa000 r--p 00003000 08:03 12190559                   /lib/x86_64-linux-gnu/libattr.so.1.1.0
7fdc8bdfa000-7fdc8bdfb000 rw-p 00004000 08:03 12190559                   /lib/x86_64-linux-gnu/libattr.so.1.1.0
7fdc8bdfb000-7fdc8be00000 r-xp 00000000 08:03 4199797                    /usr/lib/x86_64-linux-gnu/libasyncns.so.0.3.1
7fdc8be00000-7fdc8bfff000 ---p 00005000 08:03 4199797                    /usr/lib/x86_64-linux-gnu/libasyncns.so.0.3.1
7fdc8bfff000-7fdc8c000000 rw-p 00004000 08:03 4199797                    /usr/lib/x86_64-linux-gnu/libasyncns.so.0.3.1
7fdc8c000000-7fdc8c021000 rw-p 00000000 00:00 0 
7fdc8c021000-7fdc90000000 ---p 00000000 00:00 0 
7fdc90000000-7fdc90021000 rw-p 00000000 00:00 0 
7fdc90021000-7fdc94000000 ---p 00000000 00:00 0 
7fdc94000000-7fdc94021000 rw-p 00000000 00:00 0 
7fdc94021000-7fdc98000000 ---p 00000000 00:00 0 
7fdc98000000-7fdc98021000 rw-p 00000000 00:00 0 
7fdc98021000-7fdc9c000000 ---p 00000000 00:00 0 
7fdc9c000000-7fdc9cf74000 rw-p 00000000 00:00 0 
7fdc9cf74000-7fdca0000000 ---p 00000000 00:00 0 
7fdca0000000-7fdca0348000 rw-p 00000000 00:00 0 
7fdca0348000-7fdca4000000 ---p 00000000 00:00 0 
7fdca4000000-7fdca4021000 rw-p 00000000 00:00 0 
7fdca4021000-7fdca8000000 ---p 00000000 00:00 0 
7fdca8000000-7fdca8021000 rw-p 00000000 00:00 0 
7fdca8021000-7fdcac000000 ---p 00000000 00:00 0 
7fdcac000000-7fdcac021000 rw-p 00000000 00:00 0 
7fdcac021000-7fdcb0000000 ---p 00000000 00:00 0 
7fdcb0000000-7fdcb0021000 rw-p 00000000 00:00 0 
7fdcb0021000-7fdcb4000000 ---p 00000000 00:00 0 
7fdcb4000000-7fdcb4021000 rw-p 00000000 00:00 0 
7fdcb4021000-7fdcb8003000 ---p 00000000 00:00 0 
7fdcb8003000-7fdcb8101000 rw-p 00000000 00:00 0 
7fdcb8101000-7fdcb8162000 r-xp 00000000 08:03 4200411                    /usr/lib/x86_64-linux-gnu/libsndfile.so.1.0.25
7fdcb8162000-7fdcb8361000 ---p 00061000 08:03 4200411                    /usr/lib/x86_64-linux-gnu/libsndfile.so.1.0.25
7fdcb8361000-7fdcb8363000 r--p 00060000 08:03 4200411                    /usr/lib/x86_64-linux-gnu/libsndfile.so.1.0.25
7fdcb8363000-7fdcb8364000 rw-p 00062000 08:03 4200411                    /usr/lib/x86_64-linux-gnu/libsndfile.so.1.0.25
7fdcb8364000-7fdcb8368000 rw-p 00000000 00:00 0 
7fdcb8368000-7fdcb8371000 r-xp 00000000 08:03 12190709                   /lib/x86_64-linux-gnu/libwrap.so.0.7.6
7fdcb8371000-7fdcb8570000 ---p 00009000 08:03 12190709                   /lib/x86_64-linux-gnu/libwrap.so.0.7.6
7fdcb8570000-7fdcb8571000 r--p 00008000 08:03 12190709                   /lib/x86_64-linux-gnu/libwrap.so.0.7.6
7fdcb8571000-7fdcb8572000 rw-p 00009000 08:03 12190709                   /lib/x86_64-linux-gnu/libwrap.so.0.7.6
7fdcb8572000-7fdcb8573000 rw-p 00000000 00:00 0 
7fdcb8573000-7fdcb857a000 r-xp 00000000 08:03 4199720                    /usr/lib/x86_64-linux-gnu/libSM.so.6.0.1
7fdcb857a000-7fdcb8779000 ---p 00007000 08:03 4199720                    /usr/lib/x86_64-linux-gnu/libSM.so.6.0.1
7fdcb8779000-7fdcb877a000 rw-p 00006000 08:03 4199720                    /usr/lib/x86_64-linux-gnu/libSM.so.6.0.1
7fdcb877a000-7fdcb8791000 r-xp 00000000 08:03 4199710                    /usr/lib/x86_64-linux-gnu/libICE.so.6.3.0
7fdcb8791000-7fdcb8990000 ---p 00017000 08:03 4199710                    /usr/lib/x86_64-linux-gnu/libICE.so.6.3.0
7fdcb8990000-7fdcb8992000 rw-p 00016000 08:03 4199710                    /usr/lib/x86_64-linux-gnu/libICE.so.6.3.0
7fdcb8992000-7fdcb8995000 rw-p 00000000 00:00 0 
7fdcb8995000-7fdcb8996000 r-xp 00000000 08:03 4199726                    /usr/lib/x86_64-linux-gnu/libX11-xcb.so.1.0.0
7fdcb8996000-7fdcb8b95000 ---p 00001000 08:03 4199726                    /usr/lib/x86_64-linux-gnu/libX11-xcb.so.1.0.0
7fdcb8b95000-7fdcb8b96000 rw-p 00000000 08:03 4199726                    /usr/lib/x86_64-linux-gnu/libX11-xcb.so.1.0.0
7fdcb8b96000-7fdcb8b9a000 r-xp 00000000 08:03 12190572                   /lib/x86_64-linux-gnu/libcap.so.2.22
7fdcb8b9a000-7fdcb8d99000 ---p 00004000 08:03 12190572                   /lib/x86_64-linux-gnu/libcap.so.2.22
7fdcb8d99000-7fdcb8d9a000 rw-p 00003000 08:03 12190572                   /lib/x86_64-linux-gnu/libcap.so.2.22
7fdcb8d9a000-7fdcb8dfb000 r-xp 00000000 08:03 4325923                    /usr/lib/x86_64-linux-gnu/pulseaudio/libpulsecommon-2.0.so
7fdcb8dfb000-7fdcb8ffa000 ---p 00061000 08:03 4325923                    /usr/lib/x86_64-linux-gnu/pulseaudio/libpulsecommon-2.0.so
7fdcb8ffa000-7fdcb8ffb000 r--p 00060000 08:03 4325923                    /usr/lib/x86_64-linux-gnu/pulseaudio/libpulsecommon-2.0.so
7fdcb8ffb000-7fdcb8ffd000 rw-p 00061000 08:03 4325923                    /usr/lib/x86_64-linux-gnu/pulseaudio/libpulsecommon-2.0.so
7fdcb8ffd000-7fdcb9006000 r-xp 00000000 08:03 12190608                   /lib/x86_64-linux-gnu/libjson.so.0.1.0
7fdcb9006000-7fdcb9205000 ---p 00009000 08:03 12190608                   /lib/x86_64-linux-gnu/libjson.so.0.1.0
7fdcb9205000-7fdcb9206000 r--p 00008000 08:03 12190608                   /lib/x86_64-linux-gnu/libjson.so.0.1.0
7fdcb9206000-7fdcb9207000 rw-p 00009000 08:03 12190608                   /lib/x86_64-linux-gnu/libjson.so.0.1.0
7fdcb9207000-7fdcb9250000 r-xp 00000000 08:03 4200364                    /usr/lib/x86_64-linux-gnu/libpulse.so.0.14.2
7fdcb9250000-7fdcb944f000 ---p 00049000 08:03 4200364                    /usr/lib/x86_64-linux-gnu/libpulse.so.0.14.2
7fdcb944f000-7fdcb9450000 r--p 00048000 08:03 4200364                    /usr/lib/x86_64-linux-gnu/libpulse.so.0.14.2
7fdcb9450000-7fdcb9451000 rw-p 00049000 08:03 4200364                    /usr/lib/x86_64-linux-gnu/libpulse.so.0.14.2
7fdcb96aa000-7fdcb96ae000 r-xp 00000000 08:03 4199775                    /usr/lib/x86_64-linux-gnu/libXxf86vm.so.1.0.0
7fdcb96ae000-7fdcb98ae000 ---p 00004000 08:03 4199775                    /usr/lib/x86_64-linux-gnu/libXxf86vm.so.1.0.0
7fdcb98ae000-7fdcb98af000 r--p 00004000 08:03 4199775                    /usr/lib/x86_64-linux-gnu/libXxf86vm.so.1.0.0
7fdcb98af000-7fdcb98b0000 rw-p 00005000 08:03 4199775                    /usr/lib/x86_64-linux-gnu/libXxf86vm.so.1.0.0
7fdcb98b0000-7fdcb991c000 r-xp 00000000 08:01 301131                     /media/winDisk/Users/ChobeDucket/Documents/sheep/android/assets/.temp/7b43be9b/liblwjgl64.so
7fdcb991c000-7fdcb9b1b000 ---p 0006c000 08:01 301131                     /media/winDisk/Users/ChobeDucket/Documents/sheep/android/assets/.temp/7b43be9b/liblwjgl64.so
7fdcb9b1b000-7fdcb9b1d000 r--p 0006b000 08:01 301131                     /media/winDisk/Users/ChobeDucket/Documents/sheep/android/assets/.temp/7b43be9b/liblwjgl64.so
7fdcb9b1d000-7fdcb9b1e000 rw-p 0006d000 08:01 301131                     /media/winDisk/Users/ChobeDucket/Documents/sheep/android/assets/.temp/7b43be9b/liblwjgl64.so
7fdcb9b1e000-7fdcb9b1f000 r-xp 00000000 08:03 3934229                    /usr/lib/jvm/java-7-openjdk-amd64/jre/lib/amd64/libjawt.so
7fdcb9b1f000-7fdcb9d1e000 ---p 00001000 08:03 3934229                    /usr/lib/jvm/java-7-openjdk-amd64/jre/lib/amd64/libjawt.so
7fdcb9d1e000-7fdcb9d1f000 r--p 00000000 08:03 3934229                    /usr/lib/jvm/java-7-openjdk-amd64/jre/lib/amd64/libjawt.so
7fdcb9d1f000-7fdcb9d20000 rw-p 00001000 08:03 3934229                    /usr/lib/jvm/java-7-openjdk-amd64/jre/lib/amd64/libjawt.so
7fdcb9d20000-7fdcb9d23000 ---p 00000000 00:00 0 
7fdcb9d23000-7fdcb9e21000 rw-p 00000000 00:00 0 
7fdcb9e21000-7fdcb9e24000 ---p 00000000 00:00 0 
7fdcb9e24000-7fdcb9f22000 rw-p 00000000 00:00 0 
7fdcb9f22000-7fdcb9f25000 r-xp 00000000 08:03 12190599                   /lib/x86_64-linux-gnu/libgpg-error.so.0.8.0
7fdcb9f25000-7fdcba124000 ---p 00003000 08:03 12190599                   /lib/x86_64-linux-gnu/libgpg-error.so.0.8.0
7fdcba124000-7fdcba125000 rw-p 00002000 08:03 12190599                   /lib/x86_64-linux-gnu/libgpg-error.so.0.8.0
7fdcba125000-7fdcba169000 r-xp 00000000 08:03 12190580                   /lib/x86_64-linux-gnu/libdbus-1.so.3.7.2
7fdcba169000-7fdcba369000 ---p 00044000 08:03 12190580                   /lib/x86_64-linux-gnu/libdbus-1.so.3.7.2
7fdcba369000-7fdcba36a000 r--p 00044000 08:03 12190580                   /lib/x86_64-linux-gnu/libdbus-1.so.3.7.2
7fdcba36a000-7fdcba36b000 rw-p 00045000 08:03 12190580                   /lib/x86_64-linux-gnu/libdbus-1.so.3.7.2
7fdcba36b000-7fdcba37c000 r-xp 00000000 08:03 4200305                    /usr/lib/x86_64-linux-gnu/libp11-kit.so.0.0.0
7fdcba37c000-7fdcba57b000 ---p 00011000 08:03 4200305                    /usr/lib/x86_64-linux-gnu/libp11-kit.so.0.0.0
7fdcba57b000-7fdcba57c000 r--p 00010000 08:03 4200305                    /usr/lib/x86_64-linux-gnu/libp11-kit.so.0.0.0
7fdcba57c000-7fdcba57d000 rw-p 00011000 08:03 4200305                    /usr/lib/x86_64-linux-gnu/libp11-kit.so.0.0.0
7fdcba57d000-7fdcba5f7000 r-xp 00000000 08:03 12190595                   /lib/x86_64-linux-gnu/libgcrypt.so.11.7.0
7fdcba5f7000-7fdcba7f7000 ---p 0007a000 08:03 12190595                   /lib/x86_64-linux-gnu/libgcrypt.so.11.7.0
7fdcba7f7000-7fdcba7f8000 r--p 0007a000 08:03 12190595                   /lib/x86_64-linux-gnu/libgcrypt.so.11.7.0
7fdcba7f8000-7fdcba7fb000 rw-p 0007b000 08:03 12190595                   /lib/x86_64-linux-gnu/libgcrypt.so.11.7.0
7fdcba7fb000-7fdcba80b000 r-xp 00000000 08:03 4200448                    /usr/lib/x86_64-linux-gnu/libtasn1.so.3.1.16
7fdcba80b000-7fdcbaa0a000 ---p 00010000 08:03 4200448                    /usr/lib/x86_64-linux-gnu/libtasn1.so.3.1.16
7fdcbaa0a000-7fdcbaa0b000 r--p 0000f000 08:03 4200448                    /usr/lib/x86_64-linux-gnu/libtasn1.so.3.1.16
7fdcbaa0b000-7fdcbaa0c000 rw-p 00010000 08:03 4200448                    /usr/lib/x86_64-linux-gnu/libtasn1.so.3.1.16
7fdcbaa0c000-7fdcbaa0f000 r-xp 00000000 08:03 12190610                   /lib/x86_64-linux-gnu/libkeyutils.so.1.4
7fdcbaa0f000-7fdcbac0e000 ---p 00003000 08:03 12190610                   /lib/x86_64-linux-gnu/libkeyutils.so.1.4
7fdcbac0e000-7fdcbac0f000 r--p 00002000 08:03 12190610                   /lib/x86_64-linux-gnu/libkeyutils.so.1.4
7fdcbac0f000-7fdcbac10000 rw-p 00003000 08:03 12190610                   /lib/x86_64-linux-gnu/libkeyutils.so.1.4
7fdcbac10000-7fdcbac18000 r-xp 00000000 08:03 4200208                    /usr/lib/x86_64-linux-gnu/libkrb5support.so.0.1
7fdcbac18000-7fdcbae17000 ---p 00008000 08:03 4200208                    /usr/lib/x86_64-linux-gnu/libkrb5support.so.0.1
7fdcbae17000-7fdcbae18000 r--p 00007000 08:03 4200208                    /usr/lib/x86_64-linux-gnu/libkrb5support.so.0.1
7fdcbae18000-7fdcbae19000 rw-p 00008000 08:03 4200208                    /usr/lib/x86_64-linux-gnu/libkrb5support.so.0.1
7fdcbae19000-7fdcbae1c000 r-xp 00000000 08:03 12190576                   /lib/x86_64-linux-gnu/libcom_err.so.2.1
7fdcbae1c000-7fdcbb01b000 ---p 00003000 08:03 12190576                   /lib/x86_64-linux-gnu/libcom_err.so.2.1
7fdcbb01b000-7fdcbb01c000 r--p 00002000 08:03 12190576                   /lib/x86_64-linux-gnu/libcom_err.so.2.1
7fdcbb01c000-7fdcbb01d000 rw-p 00003000 08:03 12190576                   /lib/x86_64-linux-gnu/libcom_err.so.2.1
7fdcbb01d000-7fdcbb043000 r-xp 00000000 08:03 4200198                    /usr/lib/x86_64-linux-gnu/libk5crypto.so.3.1
7fdcbb043000-7fdcbb243000 ---p 00026000 08:03 4200198                    /usr/lib/x86_64-linux-gnu/libk5crypto.so.3.1
7fdcbb243000-7fdcbb244000 r--p 00026000 08:03 4200198                    /usr/lib/x86_64-linux-gnu/libk5crypto.so.3.1
7fdcbb244000-7fdcbb245000 rw-p 00027000 08:03 4200198                    /usr/lib/x86_64-linux-gnu/libk5crypto.so.3.1
7fdcbb245000-7fdcbb246000 rw-p 00000000 00:00 0 
7fdcbb246000-7fdcbb30f000 r-xp 00000000 08:03 4200206                    /usr/lib/x86_64-linux-gnu/libkrb5.so.3.3
7fdcbb30f000-7fdcbb50e000 ---p 000c9000 08:03 4200206                    /usr/lib/x86_64-linux-gnu/libkrb5.so.3.3
7fdcbb50e000-7fdcbb518000 r--p 000c8000 08:03 4200206                    /usr/lib/x86_64-linux-gnu/libkrb5.so.3.3
7fdcbb518000-7fdcbb51a000 rw-p 000d2000 08:03 4200206                    /usr/lib/x86_64-linux-gnu/libkrb5.so.3.3
7fdcbb51a000-7fdcbb51f000 r-xp 00000000 08:03 4199743                    /usr/lib/x86_64-linux-gnu/libXdmcp.so.6.0.0
7fdcbb51f000-7fdcbb71e000 ---p 00005000 08:03 4199743                    /usr/lib/x86_64-linux-gnu/libXdmcp.so.6.0.0
7fdcbb71e000-7fdcbb71f000 rw-p 00004000 08:03 4199743                    /usr/lib/x86_64-linux-gnu/libXdmcp.so.6.0.0
7fdcbb71f000-7fdcbb721000 r-xp 00000000 08:03 4199732                    /usr/lib/x86_64-linux-gnu/libXau.so.6.0.0
7fdcbb721000-7fdcbb921000 ---p 00002000 08:03 4199732                    /usr/lib/x86_64-linux-gnu/libXau.so.6.0.0
7fdcbb921000-7fdcbb922000 rw-p 00002000 08:03 4199732                    /usr/lib/x86_64-linux-gnu/libXau.so.6.0.0
7fdcbb922000-7fdcbb932000 r-xp 00000000 08:03 4199807                    /usr/lib/x86_64-linux-gnu/libavahi-client.so.3.2.9
7fdcbb932000-7fdcbbb31000 ---p 00010000 08:03 4199807                    /usr/lib/x86_64-linux-gnu/libavahi-client.so.3.2.9
7fdcbbb31000-7fdcbbb32000 r--p 0000f000 08:03 4199807                    /usr/lib/x86_64-linux-gnu/libavahi-client.so.3.2.9
7fdcbbb32000-7fdcbbb33000 rw-p 00010000 08:03 4199807                    /usr/lib/x86_64-linux-gnu/libavahi-client.so.3.2.9
7fdcbbb33000-7fdcbbb3f000 r-xp 00000000 08:03 4199809                    /usr/lib/x86_64-linux-gnu/libavahi-common.so.3.5.3
7fdcbbb3f000-7fdcbbd3e000 ---p 0000c000 08:03 4199809                    /usr/lib/x86_64-linux-gnu/libavahi-common.so.3.5.3
7fdcbbd3e000-7fdcbbd3f000 r--p 0000b000 08:03 4199809                    /usr/lib/x86_64-linux-gnu/libavahi-common.so.3.5.3
7fdcbbd3f000-7fdcbbd40000 rw-p 0000c000 08:03 4199809                    /usr/lib/x86_64-linux-gnu/libavahi-common.so.3.5.3
7fdcbbd40000-7fdcbbdf9000 r-xp 00000000 08:03 4200060                    /usr/lib/x86_64-linux-gnu/libgnutls.so.26.22.4
7fdcbbdf9000-7fdcbbff8000 ---p 000b9000 08:03 4200060                    /usr/lib/x86_64-linux-gnu/libgnutls.so.26.22.4
7fdcbbff8000-7fdcbbffe000 r--p 000b8000 08:03 4200060                    /usr/lib/x86_64-linux-gnu/libgnutls.so.26.22.4
7fdcbbffe000-7fdcbc000000 rw-p 000be000 08:03 4200060                    /usr/lib/x86_64-linux-gnu/libgnutls.so.26.22.4
7fdcbc000000-7fdcbc021000 rw-p 00000000 00:00 0 
7fdcbc021000-7fdcc0000000 ---p 00000000 00:00 0 
7fdcc0004000-7fdcc0040000 r-xp 00000000 08:03 4200085                    /usr/lib/x86_64-linux-gnu/libgssapi_krb5.so.2.2
7fdcc0040000-7fdcc0240000 ---p 0003c000 08:03 4200085                    /usr/lib/x86_64-linux-gnu/libgssapi_krb5.so.2.2
7fdcc0240000-7fdcc0241000 r--p 0003c000 08:03 4200085                    /usr/lib/x86_64-linux-gnu/libgssapi_krb5.so.2.2
7fdcc0241000-7fdcc0243000 rw-p 0003d000 08:03 4200085                    /usr/lib/x86_64-linux-gnu/libgssapi_krb5.so.2.2
7fdcc0243000-7fdcc027f000 r-xp 00000000 08:03 12190663                   /lib/x86_64-linux-gnu/libpcre.so.3.13.1
7fdcc027f000-7fdcc047f000 ---p 0003c000 08:03 12190663                   /lib/x86_64-linux-gnu/libpcre.so.3.13.1
7fdcc047f000-7fdcc0480000 rw-p 0003c000 08:03 12190663                   /lib/x86_64-linux-gnu/libpcre.so.3.13.1
7fdcc0480000-7fdcc048c000 r-xp 00000000 08:03 4199961                    /usr/lib/x86_64-linux-gnu/libffi.so.5.0.10
7fdcc048c000-7fdcc068c000 ---p 0000c000 08:03 4199961                    /usr/lib/x86_64-linux-gnu/libffi.so.5.0.10
7fdcc068c000-7fdcc068d000 rw-p 0000c000 08:03 4199961                    /usr/lib/x86_64-linux-gnu/libffi.so.5.0.10
7fdcc068d000-7fdcc06b4000 r-xp 00000000 08:03 12190588                   /lib/x86_64-linux-gnu/libexpat.so.1.6.0
7fdcc06b4000-7fdcc08b4000 ---p 00027000 08:03 12190588                   /lib/x86_64-linux-gnu/libexpat.so.1.6.0
7fdcc08b4000-7fdcc08b6000 r--p 00027000 08:03 12190588                   /lib/x86_64-linux-gnu/libexpat.so.1.6.0
7fdcc08b6000-7fdcc08b7000 rw-p 00029000 08:03 12190588                   /lib/x86_64-linux-gnu/libexpat.so.1.6.0
7fdcc08b7000-7fdcc08bf000 r-xp 00000000 08:03 4200521                    /usr/lib/x86_64-linux-gnu/libxcb-render.so.0.0.0
7fdcc08bf000-7fdcc0abf000 ---p 00008000 08:03 4200521                    /usr/lib/x86_64-linux-gnu/libxcb-render.so.0.0.0
7fdcc0abf000-7fdcc0ac0000 r--p 00008000 08:03 4200521                    /usr/lib/x86_64-linux-gnu/libxcb-render.so.0.0.0
7fdcc0ac0000-7fdcc0ac1000 rw-p 00009000 08:03 4200521                    /usr/lib/x86_64-linux-gnu/libxcb-render.so.0.0.0
7fdcc0ac1000-7fdcc0ac3000 r-xp 00000000 08:03 4200525                    /usr/lib/x86_64-linux-gnu/libxcb-shm.so.0.0.0
7fdcc0ac3000-7fdcc0cc2000 ---p 00002000 08:03 4200525                    /usr/lib/x86_64-linux-gnu/libxcb-shm.so.0.0.0
7fdcc0cc2000-7fdcc0cc3000 r--p 00001000 08:03 4200525                    /usr/lib/x86_64-linux-gnu/libxcb-shm.so.0.0.0
7fdcc0cc3000-7fdcc0cc4000 rw-p 00002000 08:03 4200525                    /usr/lib/x86_64-linux-gnu/libxcb-shm.so.0.0.0
7fdcc0cc4000-7fdcc0d44000 r-xp 00000000 08:03 4200335                    /usr/lib/x86_64-linux-gnu/libpixman-1.so.0.26.0
7fdcc0d44000-7fdcc0f44000 ---p 00080000 08:03 4200335                    /usr/lib/x86_64-linux-gnu/libpixman-1.so.0.26.0
7fdcc0f44000-7fdcc0f4a000 rw-p 00080000 08:03 4200335                    /usr/lib/x86_64-linux-gnu/libpixman-1.so.0.26.0
7fdcc0f4a000-7fdcc0f70000 r-xp 00000000 08:03 12190665                   /lib/x86_64-linux-gnu/libpng12.so.0.49.0
7fdcc0f70000-7fdcc116f000 ---p 00026000 08:03 12190665                   /lib/x86_64-linux-gnu/libpng12.so.0.49.0
7fdcc116f000-7fdcc1170000 r--p 00025000 08:03 12190665                   /lib/x86_64-linux-gnu/libpng12.so.0.49.0
7fdcc1170000-7fdcc1171000 rw-p 00026000 08:03 12190665                   /lib/x86_64-linux-gnu/libpng12.so.0.49.0
7fdcc1171000-7fdcc1185000 r-xp 00000000 08:03 12192206                   /lib/x86_64-linux-gnu/libresolv-2.19.so
7fdcc1185000-7fdcc1384000 ---p 00014000 08:03 12192206                   /lib/x86_64-linux-gnu/libresolv-2.19.so
7fdcc1384000-7fdcc1385000 r--p 00013000 08:03 12192206                   /lib/x86_64-linux-gnu/libresolv-2.19.so
7fdcc1385000-7fdcc1386000 rw-p 00014000 08:03 12192206                   /lib/x86_64-linux-gnu/libresolv-2.19.so
7fdcc1386000-7fdcc1388000 rw-p 00000000 00:00 0 
7fdcc1388000-7fdcc13a6000 r-xp 00000000 08:03 12190680                   /lib/x86_64-linux-gnu/libselinux.so.1
7fdcc13a6000-7fdcc15a5000 ---p 0001e000 08:03 12190680                   /lib/x86_64-linux-gnu/libselinux.so.1
7fdcc15a5000-7fdcc15a6000 r--p 0001d000 08:03 12190680                   /lib/x86_64-linux-gnu/libselinux.so.1
7fdcc15a6000-7fdcc15a7000 rw-p 0001e000 08:03 12190680                   /lib/x86_64-linux-gnu/libselinux.so.1
7fdcc15a7000-7fdcc15a8000 rw-p 00000000 00:00 0 
7fdcc15a8000-7fdcc15ab000 r-xp 00000000 08:03 4200052                    /usr/lib/x86_64-linux-gnu/libgmodule-2.0.so.0.3200.4
7fdcc15ab000-7fdcc17aa000 ---p 00003000 08:03 4200052                    /usr/lib/x86_64-linux-gnu/libgmodule-2.0.so.0.3200.4
7fdcc17aa000-7fdcc17ab000 r--p 00002000 08:03 4200052                    /usr/lib/x86_64-linux-gnu/libgmodule-2.0.so.0.3200.4
7fdcc17ab000-7fdcc17ac000 rw-p 00003000 08:03 4200052                    /usr/lib/x86_64-linux-gnu/libgmodule-2.0.so.0.3200.4
7fdcc17ac000-7fdcc17b6000 r-xp 00000000 08:03 4199739                    /usr/lib/x86_64-linux-gnu/libXcursor.so.1.0.2
7fdcc17b6000-7fdcc19b5000 ---p 0000a000 08:03 4199739                    /usr/lib/x86_64-linux-gnu/libXcursor.so.1.0.2
7fdcc19b5000-7fdcc19b6000 rw-p 00009000 08:03 4199739                    /usr/lib/x86_64-linux-gnu/libXcursor.so.1.0.2
7fdcc19b6000-7fdcc19bd000 r-xp 00000000 08:03 4199761                    /usr/lib/x86_64-linux-gnu/libXrandr.so.2.2.0
7fdcc19bd000-7fdcc1bbd000 ---p 00007000 08:03 4199761                    /usr/lib/x86_64-linux-gnu/libXrandr.so.2.2.0
7fdcc1bbd000-7fdcc1bbe000 rw-p 00007000 08:03 4199761                    /usr/lib/x86_64-linux-gnu/libXrandr.so.2.2.0
7fdcc1bbe000-7fdcc1bc0000 r-xp 00000000 08:03 4199753                    /usr/lib/x86_64-linux-gnu/libXinerama.so.1.0.0
7fdcc1bc0000-7fdcc1dbf000 ---p 00002000 08:03 4199753                    /usr/lib/x86_64-linux-gnu/libXinerama.so.1.0.0
7fdcc1dbf000-7fdcc1dc0000 rw-p 00001000 08:03 4199753                    /usr/lib/x86_64-linux-gnu/libXinerama.so.1.0.0
7fdcc1dc0000-7fdcc1dc5000 r-xp 00000000 08:03 4199747                    /usr/lib/x86_64-linux-gnu/libXfixes.so.3.1.0
7fdcc1dc5000-7fdcc1fc4000 ---p 00005000 08:03 4199747                    /usr/lib/x86_64-linux-gnu/libXfixes.so.3.1.0
7fdcc1fc4000-7fdcc1fc5000 r--p 00004000 08:03 4199747                    /usr/lib/x86_64-linux-gnu/libXfixes.so.3.1.0
7fdcc1fc5000-7fdcc1fc6000 rw-p 00005000 08:03 4199747                    /usr/lib/x86_64-linux-gnu/libXfixes.so.3.1.0
7fdcc1fc6000-7fdcc1fc8000 r-xp 00000000 08:03 4199741                    /usr/lib/x86_64-linux-gnu/libXdamage.so.1.1.0
7fdcc1fc8000-7fdcc21c7000 ---p 00002000 08:03 4199741                    /usr/lib/x86_64-linux-gnu/libXdamage.so.1.1.0
7fdcc21c7000-7fdcc21c8000 rw-p 00001000 08:03 4199741                    /usr/lib/x86_64-linux-gnu/libXdamage.so.1.1.0
7fdcc21c8000-7fdcc21ca000 r-xp 00000000 08:03 4199737                    /usr/lib/x86_64-linux-gnu/libXcomposite.so.1.0.0
7fdcc21ca000-7fdcc23c9000 ---p 00002000 08:03 4199737                    /usr/lib/x86_64-linux-gnu/libXcomposite.so.1.0.0
7fdcc23c9000-7fdcc23ca000 rw-p 00001000 08:03 4199737                    /usr/lib/x86_64-linux-gnu/libXcomposite.so.1.0.0
7fdcc23ca000-7fdcc23e9000 r-xp 00000000 08:03 4200529                    /usr/lib/x86_64-linux-gnu/libxcb.so.1.1.0
7fdcc23e9000-7fdcc25e8000 ---p 0001f000 08:03 4200529                    /usr/lib/x86_64-linux-gnu/libxcb.so.1.1.0
7fdcc25e8000-7fdcc25e9000 r--p 0001e000 08:03 4200529                    /usr/lib/x86_64-linux-gnu/libxcb.so.1.1.0
7fdcc25e9000-7fdcc25ea000 rw-p 0001f000 08:03 4200529                    /usr/lib/x86_64-linux-gnu/libxcb.so.1.1.0
7fdcc25ea000-7fdcc263d000 r-xp 00000000 08:03 4199889                    /usr/lib/x86_64-linux-gnu/libcups.so.2
7fdcc263d000-7fdcc283c000 ---p 00053000 08:03 4199889                    /usr/lib/x86_64-linux-gnu/libcups.so.2
7fdcc283c000-7fdcc2841000 r--p 00052000 08:03 4199889                    /usr/lib/x86_64-linux-gnu/libcups.so.2
7fdcc2841000-7fdcc2842000 rw-p 00057000 08:03 4199889                    /usr/lib/x86_64-linux-gnu/libcups.so.2
7fdcc2842000-7fdcc2937000 r-xp 00000000 08:03 12190597                   /lib/x86_64-linux-gnu/libglib-2.0.so.0.3200.4
7fdcc2937000-7fdcc2b37000 ---p 000f5000 08:03 12190597                   /lib/x86_64-linux-gnu/libglib-2.0.so.0.3200.4
7fdcc2b37000-7fdcc2b38000 r--p 000f5000 08:03 12190597                   /lib/x86_64-linux-gnu/libglib-2.0.so.0.3200.4
7fdcc2b38000-7fdcc2b39000 rw-p 000f6000 08:03 12190597                   /lib/x86_64-linux-gnu/libglib-2.0.so.0.3200.4
7fdcc2b39000-7fdcc2b3a000 rw-p 00000000 00:00 0 
7fdcc2b3a000-7fdcc2b3b000 r-xp 00000000 08:03 4200137                    /usr/lib/x86_64-linux-gnu/libgthread-2.0.so.0.3200.4
7fdcc2b3b000-7fdcc2d3a000 ---p 00001000 08:03 4200137                    /usr/lib/x86_64-linux-gnu/libgthread-2.0.so.0.3200.4
7fdcc2d3a000-7fdcc2d3b000 r--p 00000000 08:03 4200137                    /usr/lib/x86_64-linux-gnu/libgthread-2.0.so.0.3200.4
7fdcc2d3b000-7fdcc2d3c000 rw-p 00001000 08:03 4200137                    /usr/lib/x86_64-linux-gnu/libgthread-2.0.so.0.3200.4
7fdcc2d3c000-7fdcc2d8a000 r-xp 00000000 08:03 4200068                    /usr/lib/x86_64-linux-gnu/libgobject-2.0.so.0.3200.4
7fdcc2d8a000-7fdcc2f8a000 ---p 0004e000 08:03 4200068                    /usr/lib/x86_64-linux-gnu/libgobject-2.0.so.0.3200.4
7fdcc2f8a000-7fdcc2f8b000 r--p 0004e000 08:03 4200068                    /usr/lib/x86_64-linux-gnu/libgobject-2.0.so.0.3200.4
7fdcc2f8b000-7fdcc2f8c000 rw-p 0004f000 08:03 4200068                    /usr/lib/x86_64-linux-gnu/libgobject-2.0.so.0.3200.4
7fdcc2f8c000-7fdcc2fc1000 r-xp 00000000 08:03 4199999                    /usr/lib/x86_64-linux-gnu/libfontconfig.so.1.5.0
7fdcc2fc1000-7fdcc31c1000 ---p 00035000 08:03 4199999                    /usr/lib/x86_64-linux-gnu/libfontconfig.so.1.5.0
7fdcc31c1000-7fdcc31c2000 r--p 00035000 08:03 4199999                    /usr/lib/x86_64-linux-gnu/libfontconfig.so.1.5.0
7fdcc31c2000-7fdcc31c3000 rw-p 00036000 08:03 4199999                    /usr/lib/x86_64-linux-gnu/libfontconfig.so.1.5.0
7fdcc31c3000-7fdcc325c000 r-xp 00000000 08:03 4200007                    /usr/lib/x86_64-linux-gnu/libfreetype.so.6.8.1
7fdcc325c000-7fdcc345b000 ---p 00099000 08:03 4200007                    /usr/lib/x86_64-linux-gnu/libfreetype.so.6.8.1
7fdcc345b000-7fdcc3461000 r--p 00098000 08:03 4200007                    /usr/lib/x86_64-linux-gnu/libfreetype.so.6.8.1
7fdcc3461000-7fdcc3462000 rw-p 0009e000 08:03 4200007                    /usr/lib/x86_64-linux-gnu/libfreetype.so.6.8.1
7fdcc3462000-7fdcc34ac000 r-xp 00000000 08:03 4200313                    /usr/lib/x86_64-linux-gnu/libpango-1.0.so.0.3000.0
7fdcc34ac000-7fdcc36ac000 ---p 0004a000 08:03 4200313                    /usr/lib/x86_64-linux-gnu/libpango-1.0.so.0.3000.0
7fdcc36ac000-7fdcc36ae000 r--p 0004a000 08:03 4200313                    /usr/lib/x86_64-linux-gnu/libpango-1.0.so.0.3000.0
7fdcc36ae000-7fdcc36af000 rw-p 0004c000 08:03 4200313                    /usr/lib/x86_64-linux-gnu/libpango-1.0.so.0.3000.0
7fdcc36af000-7fdcc37a3000 r-xp 00000000 08:03 4199843                    /usr/lib/x86_64-linux-gnu/libcairo.so.2.11200.2
7fdcc37a3000-7fdcc39a2000 ---p 000f4000 08:03 4199843                    /usr/lib/x86_64-linux-gnu/libcairo.so.2.11200.2
7fdcc39a2000-7fdcc39a5000 r--p 000f3000 08:03 4199843                    /usr/lib/x86_64-linux-gnu/libcairo.so.2.11200.2
7fdcc39a5000-7fdcc39a6000 rw-p 000f6000 08:03 4199843                    /usr/lib/x86_64-linux-gnu/libcairo.so.2.11200.2
7fdcc39a6000-7fdcc39a8000 rw-p 00000000 00:00 0 
7fdcc39a8000-7fdcc39c7000 r-xp 00000000 08:03 4200030                    /usr/lib/x86_64-linux-gnu/libgdk_pixbuf-2.0.so.0.2600.1
7fdcc39c7000-7fdcc3bc6000 ---p 0001f000 08:03 4200030                    /usr/lib/x86_64-linux-gnu/libgdk_pixbuf-2.0.so.0.2600.1
7fdcc3bc6000-7fdcc3bc7000 r--p 0001e000 08:03 4200030                    /usr/lib/x86_64-linux-gnu/libgdk_pixbuf-2.0.so.0.2600.1
7fdcc3bc7000-7fdcc3bc8000 rw-p 0001f000 08:03 4200030                    /usr/lib/x86_64-linux-gnu/libgdk_pixbuf-2.0.so.0.2600.1
7fdcc3bc8000-7fdcc3bd4000 r-xp 00000000 08:03 4200315                    /usr/lib/x86_64-linux-gnu/libpangocairo-1.0.so.0.3000.0
7fdcc3bd4000-7fdcc3dd3000 ---p 0000c000 08:03 4200315                    /usr/lib/x86_64-linux-gnu/libpangocairo-1.0.so.0.3000.0
7fdcc3dd3000-7fdcc3dd4000 r--p 0000b000 08:03 4200315                    /usr/lib/x86_64-linux-gnu/libpangocairo-1.0.so.0.3000.0
7fdcc3dd4000-7fdcc3dd5000 rw-p 0000c000 08:03 4200315                    /usr/lib/x86_64-linux-gnu/libpangocairo-1.0.so.0.3000.0
7fdcc3dd5000-7fdcc3dff000 r-xp 00000000 08:03 4200317                    /usr/lib/x86_64-linux-gnu/libpangoft2-1.0.so.0.3000.0
7fdcc3dff000-7fdcc3ffe000 ---p 0002a000 08:03 4200317                    /usr/lib/x86_64-linux-gnu/libpangoft2-1.0.so.0.3000.0
7fdcc3ffe000-7fdcc3fff000 r--p 00029000 08:03 4200317                    /usr/lib/x86_64-linux-gnu/libpangoft2-1.0.so.0.3000.0
7fdcc3fff000-7fdcc4000000 rw-p 0002a000 08:03 4200317                    /usr/lib/x86_64-linux-gnu/libpangoft2-1.0.so.0.3000.0
7fdcc4000000-7fdcc4021000 rw-p 00000000 00:00 0 
7fdcc4021000-7fdcc8000000 ---p 00000000 00:00 0 
7fdcc8027000-7fdcc8173000 r-xp 00000000 08:03 4200042                    /usr/lib/x86_64-linux-gnu/libgio-2.0.so.0.3200.4
7fdcc8173000-7fdcc8372000 ---p 0014c000 08:03 4200042                    /usr/lib/x86_64-linux-gnu/libgio-2.0.so.0.3200.4
7fdcc8372000-7fdcc8376000 r--p 0014b000 08:03 4200042                    /usr/lib/x86_64-linux-gnu/libgio-2.0.so.0.3200.4
7fdcc8376000-7fdcc8378000 rw-p 0014f000 08:03 4200042                    /usr/lib/x86_64-linux-gnu/libgio-2.0.so.0.3200.4
7fdcc8378000-7fdcc837a000 rw-p 00000000 00:00 0 
7fdcc837a000-7fdcc839b000 r-xp 00000000 08:03 4199799                    /usr/lib/x86_64-linux-gnu/libatk-1.0.so.0.20409.1
7fdcc839b000-7fdcc859a000 ---p 00021000 08:03 4199799                    /usr/lib/x86_64-linux-gnu/libatk-1.0.so.0.20409.1
7fdcc859a000-7fdcc859c000 r--p 00020000 08:03 4199799                    /usr/lib/x86_64-linux-gnu/libatk-1.0.so.0.20409.1
7fdcc859c000-7fdcc859d000 rw-p 00022000 08:03 4199799                    /usr/lib/x86_64-linux-gnu/libatk-1.0.so.0.20409.1
7fdcc859d000-7fdcc864c000 r-xp 00000000 08:03 4200028                    /usr/lib/x86_64-linux-gnu/libgdk-x11-2.0.so.0.2400.10
7fdcc864c000-7fdcc884b000 ---p 000af000 08:03 4200028                    /usr/lib/x86_64-linux-gnu/libgdk-x11-2.0.so.0.2400.10
7fdcc884b000-7fdcc8850000 rw-p 000ae000 08:03 4200028                    /usr/lib/x86_64-linux-gnu/libgdk-x11-2.0.so.0.2400.10
7fdcc8850000-7fdcc8c82000 r-xp 00000000 08:03 4200141                    /usr/lib/x86_64-linux-gnu/libgtk-x11-2.0.so.0.2400.10
7fdcc8c82000-7fdcc8e82000 ---p 00432000 08:03 4200141                    /usr/lib/x86_64-linux-gnu/libgtk-x11-2.0.so.0.2400.10
7fdcc8e82000-7fdcc8e8d000 rw-p 00432000 08:03 4200141                    /usr/lib/x86_64-linux-gnu/libgtk-x11-2.0.so.0.2400.10
7fdcc8e8d000-7fdcc8e8f000 rw-p 00000000 00:00 0 
7fdcc8e8f000-7fdcc8e9d000 r-xp 00000000 08:03 4199751                    /usr/lib/x86_64-linux-gnu/libXi.so.6.1.0
7fdcc8e9d000-7fdcc909d000 ---p 0000e000 08:03 4199751                    /usr/lib/x86_64-linux-gnu/libXi.so.6.1.0
7fdcc909d000-7fdcc909e000 rw-p 0000e000 08:03 4199751                    /usr/lib/x86_64-linux-gnu/libXi.so.6.1.0
7fdcc909e000-7fdcc90a3000 r-xp 00000000 08:03 4199769                    /usr/lib/x86_64-linux-gnu/libXtst.so.6.1.0
7fdcc90a3000-7fdcc92a2000 ---p 00005000 08:03 4199769                    /usr/lib/x86_64-linux-gnu/libXtst.so.6.1.0
7fdcc92a2000-7fdcc92a3000 rw-p 00004000 08:03 4199769                    /usr/lib/x86_64-linux-gnu/libXtst.so.6.1.0
7fdcc92a3000-7fdcc92ac000 r-xp 00000000 08:03 4199763                    /usr/lib/x86_64-linux-gnu/libXrender.so.1.3.0
7fdcc92ac000-7fdcc94ab000 ---p 00009000 08:03 4199763                    /usr/lib/x86_64-linux-gnu/libXrender.so.1.3.0
7fdcc94ab000-7fdcc94ac000 rw-p 00008000 08:03 4199763                    /usr/lib/x86_64-linux-gnu/libXrender.so.1.3.0
7fdcc94ac000-7fdcc95e1000 r-xp 00000000 08:03 4199728                    /usr/lib/x86_64-linux-gnu/libX11.so.6.3.0
7fdcc95e1000-7fdcc97e1000 ---p 00135000 08:03 4199728                    /usr/lib/x86_64-linux-gnu/libX11.so.6.3.0
7fdcc97e1000-7fdcc97e7000 rw-p 00135000 08:03 4199728                    /usr/lib/x86_64-linux-gnu/libX11.so.6.3.0
7fdcc97e7000-7fdcc97f8000 r-xp 00000000 08:03 4199745                    /usr/lib/x86_64-linux-gnu/libXext.so.6.4.0
7fdcc97f8000-7fdcc99f8000 ---p 00011000 08:03 4199745                    /usr/lib/x86_64-linux-gnu/libXext.so.6.4.0
7fdcc99f8000-7fdcc99f9000 rw-p 00011000 08:03 4199745                    /usr/lib/x86_64-linux-gnu/libXext.so.6.4.0
7fdcc99f9000-7fdcc9a4c000 r-xp 00000000 08:03 3934319                    /usr/lib/jvm/java-7-openjdk-amd64/jre/lib/amd64/xawt/libmawt.so
7fdcc9a4c000-7fdcc9c4b000 ---p 00053000 08:03 3934319                    /usr/lib/jvm/java-7-openjdk-amd64/jre/lib/amd64/xawt/libmawt.so
7fdcc9c4b000-7fdcc9c4c000 r--p 00052000 08:03 3934319                    /usr/lib/jvm/java-7-openjdk-amd64/jre/lib/amd64/xawt/libmawt.so
7fdcc9c4c000-7fdcc9c4f000 rw-p 00053000 08:03 3934319                    /usr/lib/jvm/java-7-openjdk-amd64/jre/lib/amd64/xawt/libmawt.so
7fdcc9c4f000-7fdccc000000 rw-p 00000000 00:00 0 
7fdccc000000-7fdccc021000 rw-p 00000000 00:00 0 
7fdccc021000-7fdcd0000000 ---p 00000000 00:00 0 
7fdcd0012000-7fdcd00b3000 r-xp 00000000 08:03 3934218                    /usr/lib/jvm/java-7-openjdk-amd64/jre/lib/amd64/libawt.so
7fdcd00b3000-7fdcd02b2000 ---p 000a1000 08:03 3934218                    /usr/lib/jvm/java-7-openjdk-amd64/jre/lib/amd64/libawt.so
7fdcd02b2000-7fdcd02b3000 r--p 000a0000 08:03 3934218                    /usr/lib/jvm/java-7-openjdk-amd64/jre/lib/amd64/libawt.so
7fdcd02b3000-7fdcd02be000 rw-p 000a1000 08:03 3934218                    /usr/lib/jvm/java-7-openjdk-amd64/jre/lib/amd64/libawt.so
7fdcd02be000-7fdcd02e3000 rw-p 00000000 00:00 0 
7fdcd02e3000-7fdcd0320000 r-xp 00000000 08:03 10486182                   /tmp/libgdxchobe/5502b6ed/libgdx64.so
7fdcd0320000-7fdcd051f000 ---p 0003d000 08:03 10486182                   /tmp/libgdxchobe/5502b6ed/libgdx64.so
7fdcd051f000-7fdcd0520000 r--p 0003c000 08:03 10486182                   /tmp/libgdxchobe/5502b6ed/libgdx64.so
7fdcd0520000-7fdcd0521000 rw-p 0003d000 08:03 10486182                   /tmp/libgdxchobe/5502b6ed/libgdx64.so
7fdcd0521000-7fdcd0522000 r--s 00002000 08:03 10488693                   /home/chobe/.gradle/caches/modules-2/files-2.1/net.java.jinput/jinput-platform/2.0.5/53f9c919f34d2ca9de8c51fc4e1e8282029a9232/jinput-platform-2.0.5-natives-osx.jar
7fdcd0522000-7fdcd0523000 r--s 00025000 08:03 10488692                   /home/chobe/.gradle/caches/modules-2/files-2.1/net.java.jinput/jinput-platform/2.0.5/385ee093e01f587f30ee1c8a2ee7d408fd732e16/jinput-platform-2.0.5-natives-windows.jar
7fdcd0523000-7fdcd0524000 r--s 00002000 08:03 10488691                   /home/chobe/.gradle/caches/modules-2/files-2.1/net.java.jinput/jinput-platform/2.0.5/7ff832a6eb9ab6a767f1ade2b548092d0fa64795/jinput-platform-2.0.5-natives-linux.jar
7fdcd0524000-7fdcd0525000 r--s 00001000 08:03 10488690                   /home/chobe/.gradle/caches/modules-2/files-2.1/net.java.jutils/jutils/1.0.0/e12fe1fda814bd348c1579329c86943d2cd3c6a6/jutils-1.0.0.jar
7fdcd0525000-7fdcd0529000 r--s 0002f000 08:03 10488689                   /home/chobe/.gradle/caches/modules-2/files-2.1/net.java.jinput/jinput/2.0.5/39c7796b469a600f72380316f6b1f11db6c2c7c4/jinput-2.0.5.jar
7fdcd0529000-7fdcd052a000 r--s 00080000 08:03 10488688                   /home/chobe/.gradle/caches/modules-2/files-2.1/org.lwjgl.lwjgl/lwjgl-platform/2.9.1/2d12c83fdfbc04ecabf02c7bc8cc54d034f0daac/lwjgl-platform-2.9.1-natives-osx.jar
7fdcd052a000-7fdcd052b000 r--s 0008b000 08:03 10488687                   /home/chobe/.gradle/caches/modules-2/files-2.1/org.lwjgl.lwjgl/lwjgl-platform/2.9.1/aa9aae879af8eb378e22cfc64db56ec2ca9a44d1/lwjgl-platform-2.9.1-natives-linux.jar
7fdcd052b000-7fdcd052c000 r--s 00095000 08:03 10488686                   /home/chobe/.gradle/caches/modules-2/files-2.1/org.lwjgl.lwjgl/lwjgl-platform/2.9.1/4c517eca808522457dd95ee8fc1fbcdbb602efbe/lwjgl-platform-2.9.1-natives-windows.jar
7fdcd052c000-7fdcd052e000 r--s 00017000 08:03 10488685                   /home/chobe/.gradle/caches/modules-2/files-2.1/org.jcraft/jorbis/0.0.17/8872d22b293e8f5d7d56ff92be966e6dc28ebdc6/jorbis-0.0.17.jar
7fdcd052e000-7fdcd052f000 r--s 00015000 08:03 10488684                   /home/chobe/.gradle/caches/modules-2/files-2.1/com.badlogicgames.jlayer/jlayer/1.0.1-gdx/7cca83cec5c1b2f011362f4d85aabd71a73b049d/jlayer-1.0.1-gdx.jar
7fdcd052f000-7fdcd0533000 r--s 00027000 08:03 10488683                   /home/chobe/.gradle/caches/modules-2/files-2.1/org.lwjgl.lwjgl/lwjgl_util/2.9.1/290d7ba8a1bd9566f5ddf16ad06f09af5ec9b20e/lwjgl_util-2.9.1.jar
7fdcd0533000-7fdcd0541000 r--s 000ea000 08:03 10488682                   /home/chobe/.gradle/caches/modules-2/files-2.1/org.lwjgl.lwjgl/lwjgl/2.9.1/f58c5aabcef0e41718a564be9f8e412fff8db847/lwjgl-2.9.1.jar
7fdcd0541000-7fdcd0556000 r--s 00153000 08:03 10488660                   /home/chobe/.gradle/caches/modules-2/files-2.1/com.badlogicgames.gdx/gdx/1.1.0/686f5a609c717eb0769d3b954c501a49bf4fe351/gdx-1.1.0.jar
7fdcd0556000-7fdcd0557000 r--s 000cd000 08:03 10488678                   /home/chobe/.gradle/caches/modules-2/files-2.1/com.badlogicgames.gdx/gdx-platform/1.1.0/1c7ea4239c2d9adda420c15985fe3885c481fdcf/gdx-platform-1.1.0-natives-desktop.jar
7fdcd0557000-7fdcd055a000 r--s 0001f000 08:03 10488677                   /home/chobe/.gradle/caches/modules-2/files-2.1/com.badlogicgames.gdx/gdx-backend-lwjgl/1.1.0/eafa409559820c1696e165e1280435f1332fc32b/gdx-backend-lwjgl-1.1.0.jar
7fdcd055a000-7fdcd055d000 r--s 0001d000 08:01 772750                     /media/winDisk/Users/ChobeDucket/Documents/sheep/core/build/libs/core-1.0.jar
7fdcd055d000-7fdcd0561000 r--s 0003b000 08:03 3934173                    /usr/lib/jvm/java-7-openjdk-amd64/jre/lib/ext/sunpkcs11.jar
7fdcd0561000-7fdcd0562000 r--s 00002000 08:03 3934178                    /usr/lib/jvm/java-7-openjdk-amd64/jre/lib/ext/dnsns.jar
7fdcd0562000-7fdcd0565000 r--s 00032000 08:03 3934176                    /usr/lib/jvm/java-7-openjdk-amd64/jre/lib/ext/sunjce_provider.jar
7fdcd0565000-7fdcd0567000 r--s 0000f000 08:03 3934175                    /usr/lib/jvm/java-7-openjdk-amd64/jre/lib/ext/pulse-java.jar
7fdcd0567000-7fdcd0569000 r--s 00012000 08:03 3934174                    /usr/lib/jvm/java-7-openjdk-amd64/jre/lib/ext/zipfs.jar
7fdcd0569000-7fdcd056d000 r--s 00085000 08:03 3934172                    /usr/lib/jvm/java-7-openjdk-amd64/jre/lib/ext/localedata.jar
7fdcd056d000-7fdcd056e000 r--s 00007000 08:03 5645676                    /usr/share/java/java-atk-wrapper.jar
7fdcd056e000-7fdcd056f000 ---p 00000000 00:00 0 
7fdcd056f000-7fdcd066f000 rw-p 00000000 00:00 0 
7fdcd066f000-7fdcd0672000 ---p 00000000 00:00 0 
7fdcd0672000-7fdcd0770000 rw-p 00000000 00:00 0 
7fdcd0770000-7fdcd0773000 ---p 00000000 00:00 0 
7fdcd0773000-7fdcd0871000 rw-p 00000000 00:00 0 
7fdcd0871000-7fdcd0874000 ---p 00000000 00:00 0 
7fdcd0874000-7fdcd0972000 rw-p 00000000 00:00 0 
7fdcd0972000-7fdcd0975000 ---p 00000000 00:00 0 
7fdcd0975000-7fdcd0a73000 rw-p 00000000 00:00 0 
7fdcd0a73000-7fdcd0bfc000 r--p 00000000 08:03 4067802                    /usr/lib/locale/locale-archive
7fdcd0bfc000-7fdcd0bff000 ---p 00000000 00:00 0 
7fdcd0bff000-7fdcd0cfd000 rw-p 00000000 00:00 0 
7fdcd0cfd000-7fdcd0d00000 ---p 00000000 00:00 0 
7fdcd0d00000-7fdcd0dfe000 rw-p 00000000 00:00 0 
7fdcd0dfe000-7fdcd0dff000 ---p 00000000 00:00 0 
7fdcd0dff000-7fdcd1000000 rw-p 00000000 00:00 0 
7fdcd1000000-7fdcd1270000 rwxp 00000000 00:00 0 
7fdcd1270000-7fdcd4372000 rw-p 00000000 00:00 0 
7fdcd4372000-7fdcd8000000 ---p 00000000 00:00 0 
7fdcd8009000-7fdcd8086000 rw-p 00000000 00:00 0 
7fdcd8086000-7fdcd8096000 rw-s e0200000 00:05 7289                       /dev/ati/card0
7fdcd8096000-7fdcd8099000 ---p 00000000 00:00 0 
7fdcd8099000-7fdcd80cf000 rw-p 00000000 00:00 0 
7fdcd80cf000-7fdcd80d8000 r--s 000b9000 08:03 3934170                    /usr/lib/jvm/java-7-openjdk-amd64/jre/lib/resources.jar
7fdcd80d8000-7fdcd8fd4000 rw-p 00000000 00:00 0 
7fdcd8fd4000-7fdcd9182000 r--s 01cfc000 08:03 3934153                    /usr/lib/jvm/java-7-openjdk-amd64/jre/lib/rt.jar
7fdcd9182000-7fdcd94b6000 rw-p 00000000 00:00 0 
7fdcd94b6000-7fdcd94b7000 ---p 00000000 00:00 0 
7fdcd94b7000-7fdcd95b7000 rw-p 00000000 00:00 0 
7fdcd95b7000-7fdcd95b8000 ---p 00000000 00:00 0 
7fdcd95b8000-7fdcd96b8000 rw-p 00000000 00:00 0 
7fdcd96b8000-7fdcd96b9000 ---p 00000000 00:00 0 
7fdcd96b9000-7fdcd97b9000 rw-p 00000000 00:00 0 
7fdcd97b9000-7fdcd97ba000 ---p 00000000 00:00 0 
7fdcd97ba000-7fdcd98c5000 rw-p 00000000 00:00 0 
7fdcd98c5000-7fdcd990d000 rw-p 00000000 00:00 0 
7fdcd990d000-7fdcd9922000 rw-p 00000000 00:00 0 
7fdcd9922000-7fdcd9a53000 rw-p 00000000 00:00 0 
7fdcd9a53000-7fdcd9a5e000 rw-p 00000000 00:00 0 
7fdcd9a5e000-7fdcd9aa6000 rw-p 00000000 00:00 0 
7fdcd9aa6000-7fdcd9abb000 rw-p 00000000 00:00 0 
7fdcd9abb000-7fdcd9beb000 rw-p 00000000 00:00 0 
7fdcd9beb000-7fdcd9bf6000 rw-p 00000000 00:00 0 
7fdcd9bf6000-7fdcd9c8e000 rw-p 00000000 00:00 0 
7fdcd9c8e000-7fdcd9c8f000 rw-p 00000000 00:00 0 
7fdcd9c8f000-7fdcd9c97000 r-xp 00000000 08:03 3934210                    /usr/lib/jvm/java-7-openjdk-amd64/jre/lib/amd64/libzip.so
7fdcd9c97000-7fdcd9e96000 ---p 00008000 08:03 3934210                    /usr/lib/jvm/java-7-openjdk-amd64/jre/lib/amd64/libzip.so
7fdcd9e96000-7fdcd9e97000 r--p 00007000 08:03 3934210                    /usr/lib/jvm/java-7-openjdk-amd64/jre/lib/amd64/libzip.so
7fdcd9e97000-7fdcd9e98000 rw-p 00008000 08:03 3934210                    /usr/lib/jvm/java-7-openjdk-amd64/jre/lib/amd64/libzip.so
7fdcd9e98000-7fdcd9ea3000 r-xp 00000000 08:03 12192223                   /lib/x86_64-linux-gnu/libnss_files-2.19.so
7fdcd9ea3000-7fdcda0a2000 ---p 0000b000 08:03 12192223                   /lib/x86_64-linux-gnu/libnss_files-2.19.so
7fdcda0a2000-7fdcda0a3000 r--p 0000a000 08:03 12192223                   /lib/x86_64-linux-gnu/libnss_files-2.19.so
7fdcda0a3000-7fdcda0a4000 rw-p 0000b000 08:03 12192223                   /lib/x86_64-linux-gnu/libnss_files-2.19.so
7fdcda0a4000-7fdcda0ae000 r-xp 00000000 08:03 12192211                   /lib/x86_64-linux-gnu/libnss_nis-2.19.so
7fdcda0ae000-7fdcda2ad000 ---p 0000a000 08:03 12192211                   /lib/x86_64-linux-gnu/libnss_nis-2.19.so
7fdcda2ad000-7fdcda2ae000 r--p 00009000 08:03 12192211                   /lib/x86_64-linux-gnu/libnss_nis-2.19.so
7fdcda2ae000-7fdcda2af000 rw-p 0000a000 08:03 12192211                   /lib/x86_64-linux-gnu/libnss_nis-2.19.so
7fdcda2af000-7fdcda2c4000 r-xp 00000000 08:03 12192215                   /lib/x86_64-linux-gnu/libnsl-2.19.so
7fdcda2c4000-7fdcda4c3000 ---p 00015000 08:03 12192215                   /lib/x86_64-linux-gnu/libnsl-2.19.so
7fdcda4c3000-7fdcda4c4000 r--p 00014000 08:03 12192215                   /lib/x86_64-linux-gnu/libnsl-2.19.so
7fdcda4c4000-7fdcda4c5000 rw-p 00015000 08:03 12192215                   /lib/x86_64-linux-gnu/libnsl-2.19.so
7fdcda4c5000-7fdcda4c7000 rw-p 00000000 00:00 0 
7fdcda4c7000-7fdcda4ce000 r-xp 00000000 08:03 12192212                   /lib/x86_64-linux-gnu/libnss_compat-2.19.so
7fdcda4ce000-7fdcda6cd000 ---p 00007000 08:03 12192212                   /lib/x86_64-linux-gnu/libnss_compat-2.19.so
7fdcda6cd000-7fdcda6ce000 r--p 00006000 08:03 12192212                   /lib/x86_64-linux-gnu/libnss_compat-2.19.so
7fdcda6ce000-7fdcda6cf000 rw-p 00007000 08:03 12192212                   /lib/x86_64-linux-gnu/libnss_compat-2.19.so
7fdcda6cf000-7fdcda6fa000 r-xp 00000000 08:03 3934215                    /usr/lib/jvm/java-7-openjdk-amd64/jre/lib/amd64/libjava.so
7fdcda6fa000-7fdcda8f9000 ---p 0002b000 08:03 3934215                    /usr/lib/jvm/java-7-openjdk-amd64/jre/lib/amd64/libjava.so
7fdcda8f9000-7fdcda8fa000 r--p 0002a000 08:03 3934215                    /usr/lib/jvm/java-7-openjdk-amd64/jre/lib/amd64/libjava.so
7fdcda8fa000-7fdcda8fc000 rw-p 0002b000 08:03 3934215                    /usr/lib/jvm/java-7-openjdk-amd64/jre/lib/amd64/libjava.so
7fdcda8fc000-7fdcda90b000 r-xp 00000000 08:03 3934216                    /usr/lib/jvm/java-7-openjdk-amd64/jre/lib/amd64/libverify.so
7fdcda90b000-7fdcdab0a000 ---p 0000f000 08:03 3934216                    /usr/lib/jvm/java-7-openjdk-amd64/jre/lib/amd64/libverify.so
7fdcdab0a000-7fdcdab0c000 r--p 0000e000 08:03 3934216                    /usr/lib/jvm/java-7-openjdk-amd64/jre/lib/amd64/libverify.so
7fdcdab0c000-7fdcdab0d000 rw-p 00010000 08:03 3934216                    /usr/lib/jvm/java-7-openjdk-amd64/jre/lib/amd64/libverify.so
7fdcdab0d000-7fdcdab14000 r-xp 00000000 08:03 12192213                   /lib/x86_64-linux-gnu/librt-2.19.so
7fdcdab14000-7fdcdad13000 ---p 00007000 08:03 12192213                   /lib/x86_64-linux-gnu/librt-2.19.so
7fdcdad13000-7fdcdad14000 r--p 00006000 08:03 12192213                   /lib/x86_64-linux-gnu/librt-2.19.so
7fdcdad14000-7fdcdad15000 rw-p 00007000 08:03 12192213                   /lib/x86_64-linux-gnu/librt-2.19.so
7fdcdad15000-7fdcdad2a000 r-xp 00000000 08:03 12190593                   /lib/x86_64-linux-gnu/libgcc_s.so.1
7fdcdad2a000-7fdcdaf2a000 ---p 00015000 08:03 12190593                   /lib/x86_64-linux-gnu/libgcc_s.so.1
7fdcdaf2a000-7fdcdaf2b000 rw-p 00015000 08:03 12190593                   /lib/x86_64-linux-gnu/libgcc_s.so.1
7fdcdaf2b000-7fdcdb02b000 r-xp 00000000 08:03 12192221                   /lib/x86_64-linux-gnu/libm-2.19.so
7fdcdb02b000-7fdcdb22a000 ---p 00100000 08:03 12192221                   /lib/x86_64-linux-gnu/libm-2.19.so
7fdcdb22a000-7fdcdb22b000 r--p 000ff000 08:03 12192221                   /lib/x86_64-linux-gnu/libm-2.19.so
7fdcdb22b000-7fdcdb22c000 rw-p 00100000 08:03 12192221                   /lib/x86_64-linux-gnu/libm-2.19.so
7fdcdb22c000-7fdcdb314000 r-xp 00000000 08:03 4200440                    /usr/lib/x86_64-linux-gnu/libstdc++.so.6.0.17
7fdcdb314000-7fdcdb514000 ---p 000e8000 08:03 4200440                    /usr/lib/x86_64-linux-gnu/libstdc++.so.6.0.17
7fdcdb514000-7fdcdb51c000 r--p 000e8000 08:03 4200440                    /usr/lib/x86_64-linux-gnu/libstdc++.so.6.0.17
7fdcdb51c000-7fdcdb51e000 rw-p 000f0000 08:03 4200440                    /usr/lib/x86_64-linux-gnu/libstdc++.so.6.0.17
7fdcdb51e000-7fdcdb533000 rw-p 00000000 00:00 0 
7fdcdb533000-7fdcdbffc000 r-xp 00000000 08:03 3934204                    /usr/lib/jvm/java-7-openjdk-amd64/jre/lib/amd64/server/libjvm.so
7fdcdbffc000-7fdcdc1fc000 ---p 00ac9000 08:03 3934204                    /usr/lib/jvm/java-7-openjdk-amd64/jre/lib/amd64/server/libjvm.so
7fdcdc1fc000-7fdcdc294000 r--p 00ac9000 08:03 3934204                    /usr/lib/jvm/java-7-openjdk-amd64/jre/lib/amd64/server/libjvm.so
7fdcdc294000-7fdcdc2b7000 rw-p 00b61000 08:03 3934204                    /usr/lib/jvm/java-7-openjdk-amd64/jre/lib/amd64/server/libjvm.so
7fdcdc2b7000-7fdcdc2e4000 rw-p 00000000 00:00 0 
7fdcdc2e4000-7fdcdc2fb000 r-xp 00000000 08:03 12192203                   /lib/x86_64-linux-gnu/libz.so.1.2.8
7fdcdc2fb000-7fdcdc4fa000 ---p 00017000 08:03 12192203                   /lib/x86_64-linux-gnu/libz.so.1.2.8
7fdcdc4fa000-7fdcdc4fb000 r--p 00016000 08:03 12192203                   /lib/x86_64-linux-gnu/libz.so.1.2.8
7fdcdc4fb000-7fdcdc4fc000 rw-p 00017000 08:03 12192203                   /lib/x86_64-linux-gnu/libz.so.1.2.8
7fdcdc4fc000-7fdcdc69b000 r-xp 00000000 08:03 12192214                   /lib/x86_64-linux-gnu/libc-2.19.so
7fdcdc69b000-7fdcdc89b000 ---p 0019f000 08:03 12192214                   /lib/x86_64-linux-gnu/libc-2.19.so
7fdcdc89b000-7fdcdc89f000 r--p 0019f000 08:03 12192214                   /lib/x86_64-linux-gnu/libc-2.19.so
7fdcdc89f000-7fdcdc8a1000 rw-p 001a3000 08:03 12192214                   /lib/x86_64-linux-gnu/libc-2.19.so
7fdcdc8a1000-7fdcdc8a5000 rw-p 00000000 00:00 0 
7fdcdc8a5000-7fdcdc8a8000 r-xp 00000000 08:03 12192219                   /lib/x86_64-linux-gnu/libdl-2.19.so
7fdcdc8a8000-7fdcdcaa7000 ---p 00003000 08:03 12192219                   /lib/x86_64-linux-gnu/libdl-2.19.so
7fdcdcaa7000-7fdcdcaa8000 r--p 00002000 08:03 12192219                   /lib/x86_64-linux-gnu/libdl-2.19.so
7fdcdcaa8000-7fdcdcaa9000 rw-p 00003000 08:03 12192219                   /lib/x86_64-linux-gnu/libdl-2.19.so
7fdcdcaa9000-7fdcdcab6000 r-xp 00000000 08:03 3934207                    /usr/lib/jvm/java-7-openjdk-amd64/jre/lib/amd64/jli/libjli.so
7fdcdcab6000-7fdcdccb5000 ---p 0000d000 08:03 3934207                    /usr/lib/jvm/java-7-openjdk-amd64/jre/lib/amd64/jli/libjli.so
7fdcdccb5000-7fdcdccb6000 r--p 0000c000 08:03 3934207                    /usr/lib/jvm/java-7-openjdk-amd64/jre/lib/amd64/jli/libjli.so
7fdcdccb6000-7fdcdccb7000 rw-p 0000d000 08:03 3934207                    /usr/lib/jvm/java-7-openjdk-amd64/jre/lib/amd64/jli/libjli.so
7fdcdccb7000-7fdcdcccf000 r-xp 00000000 08:03 12192218                   /lib/x86_64-linux-gnu/libpthread-2.19.so
7fdcdcccf000-7fdcdcece000 ---p 00018000 08:03 12192218                   /lib/x86_64-linux-gnu/libpthread-2.19.so
7fdcdcece000-7fdcdcecf000 r--p 00017000 08:03 12192218                   /lib/x86_64-linux-gnu/libpthread-2.19.so
7fdcdcecf000-7fdcdced0000 rw-p 00018000 08:03 12192218                   /lib/x86_64-linux-gnu/libpthread-2.19.so
7fdcdced0000-7fdcdced4000 rw-p 00000000 00:00 0 
7fdcdced4000-7fdcdcef4000 r-xp 00000000 08:03 12192217                   /lib/x86_64-linux-gnu/ld-2.19.so
7fdcdcefc000-7fdcdcefd000 rw-s 00005000 00:05 7289                       /dev/ati/card0
7fdcdcefd000-7fdcdceff000 rw-s 00002000 00:05 7289                       /dev/ati/card0
7fdcdceff000-7fdcdcf06000 r--s 00000000 08:03 4206154                    /usr/lib/x86_64-linux-gnu/gconv/gconv-modules.cache
7fdcdcf06000-7fdcdcf0b000 r--s 0004c000 08:03 3934152                    /usr/lib/jvm/java-7-openjdk-amd64/jre/lib/jsse.jar
7fdcdcf0b000-7fdcdcf15000 rw-p 00000000 00:00 0 
7fdcdcf15000-7fdcdcfcb000 rw-p 00000000 00:00 0 
7fdcdcfcb000-7fdcdcfce000 ---p 00000000 00:00 0 
7fdcdcfce000-7fdcdd0e8000 rw-p 00000000 00:00 0 
7fdcdd0e8000-7fdcdd0f0000 rw-s 00000000 08:03 10490851                   /tmp/hsperfdata_chobe/2003 (deleted)
7fdcdd0f0000-7fdcdd0f1000 rw-p 00000000 00:00 0 
7fdcdd0f1000-7fdcdd0f2000 ---p 00000000 00:00 0 
7fdcdd0f2000-7fdcdd0f4000 rw-p 00000000 00:00 0 
7fdcdd0f4000-7fdcdd0f5000 r--p 00020000 08:03 12192217                   /lib/x86_64-linux-gnu/ld-2.19.so
7fdcdd0f5000-7fdcdd0f6000 rw-p 00021000 08:03 12192217                   /lib/x86_64-linux-gnu/ld-2.19.so
7fdcdd0f6000-7fdcdd0f7000 rw-p 00000000 00:00 0 
7fffffa0e000-7fffffa30000 rw-p 00000000 00:00 0                          [stack]
7fffffbdf000-7fffffbe0000 r-xp 00000000 00:00 0                          [vdso]
ffffffffff600000-ffffffffff601000 r-xp 00000000 00:00 0                  [vsyscall]

VM Arguments:
jvm_args: -Dfile.encoding=UTF-8 
java_command: com.mygdx.sheep.desktop.DesktopLauncher
Launcher Type: SUN_STANDARD

Environment Variables:
PATH=/usr/local/bin:/usr/bin:/bin:/usr/local/games:/usr/games:/home/chobe/.local/bin:/home/chobe/sdks/adt-bundle-linux-x86_64-20140321/sdk//platform-tools/adb:/home/chobe/sdks/adt-bundle-linux-x86_64-20140321/sdk//platform-tools/
USERNAME=chobe
SHELL=/bin/bash
DISPLAY=:0

Signal Handlers:
SIGSEGV: [libjvm.so+0x8f9750], sa_mask[0]=0x7ffbfeff, sa_flags=0x10000004
SIGBUS: [libjvm.so+0x8f9750], sa_mask[0]=0x7ffbfeff, sa_flags=0x10000004
SIGFPE: [libjvm.so+0x7827c0], sa_mask[0]=0x7ffbfeff, sa_flags=0x10000004
SIGPIPE: [libjvm.so+0x7827c0], sa_mask[0]=0x7ffbfeff, sa_flags=0x10000004
SIGXFSZ: [libjvm.so+0x7827c0], sa_mask[0]=0x7ffbfeff, sa_flags=0x10000004
SIGILL: [libjvm.so+0x7827c0], sa_mask[0]=0x7ffbfeff, sa_flags=0x10000004
SIGUSR1: SIG_DFL, sa_mask[0]=0x00000000, sa_flags=0x00000000
SIGUSR2: [libjvm.so+0x782ab0], sa_mask[0]=0x00000004, sa_flags=0x10000004
SIGHUP: [libjvm.so+0x782c20], sa_mask[0]=0x7ffbfeff, sa_flags=0x10000004
SIGINT: [libjvm.so+0x782c20], sa_mask[0]=0x7ffbfeff, sa_flags=0x10000004
SIGTERM: [libjvm.so+0x782c20], sa_mask[0]=0x7ffbfeff, sa_flags=0x10000004
SIGQUIT: [libjvm.so+0x782c20], sa_mask[0]=0x7ffbfeff, sa_flags=0x10000004


---------------  S Y S T E M  ---------------

OS:7.5

uname:Linux 3.2.0-4-amd64 #1 SMP Debian 3.2.57-3+deb7u1 x86_64
libc:glibc 2.19 NPTL 2.19 
rlimit: STACK 8192k, CORE 0k, NPROC 31105, NOFILE 4096, AS infinity
load average:1.30 0.72 0.62

/proc/meminfo:
MemTotal:        3993672 kB
MemFree:         1200732 kB
Buffers:           84024 kB
Cached:          1073480 kB
SwapCached:       150124 kB
Active:          1728668 kB
Inactive:         763528 kB
Active(anon):    1186740 kB
Inactive(anon):   181016 kB
Active(file):     541928 kB
Inactive(file):   582512 kB
Unevictable:           0 kB
Mlocked:               0 kB
SwapTotal:       4120572 kB
SwapFree:        3606960 kB
Dirty:              1356 kB
Writeback:             0 kB
AnonPages:       1319784 kB
Mapped:           196168 kB
Shmem:             33064 kB
Slab:              97128 kB
SReclaimable:      68000 kB
SUnreclaim:        29128 kB
KernelStack:        3688 kB
PageTables:        28212 kB
NFS_Unstable:          0 kB
Bounce:                0 kB
WritebackTmp:          0 kB
CommitLimit:     6117408 kB
Committed_AS:    3768968 kB
VmallocTotal:   34359738367 kB
VmallocUsed:      170472 kB
VmallocChunk:   34359561712 kB
HardwareCorrupted:     0 kB
AnonHugePages:         0 kB
HugePages_Total:       0
HugePages_Free:        0
HugePages_Rsvd:        0
HugePages_Surp:        0
Hugepagesize:       2048 kB
DirectMap4k:      973824 kB
DirectMap2M:     3153920 kB


CPU:total 4 (4 cores per cpu, 1 threads per core) family 6 model 15 stepping 11, cmov, cx8, fxsr, mmx, sse, sse2, sse3, ssse3, tsc

/proc/cpuinfo:
processor	: 0
vendor_id	: GenuineIntel
cpu family	: 6
model		: 15
model name	: Intel(R) Core(TM)2 Quad CPU    Q6600  @ 2.40GHz
stepping	: 11
cpu MHz		: 1596.000
cache size	: 4096 KB
physical id	: 0
siblings	: 4
core id		: 0
cpu cores	: 4
apicid		: 0
initial apicid	: 0
fpu		: yes
fpu_exception	: yes
cpuid level	: 10
wp		: yes
flags		: fpu vme de pse tsc msr pae mce cx8 apic sep mtrr pge mca cmov pat pse36 clflush dts acpi mmx fxsr sse sse2 ss ht tm pbe syscall nx lm constant_tsc arch_perfmon pebs bts rep_good nopl aperfmperf pni dtes64 monitor ds_cpl vmx est tm2 ssse3 cx16 xtpr pdcm lahf_lm dtherm tpr_shadow vnmi flexpriority
bogomips	: 4795.82
clflush size	: 64
cache_alignment	: 64
address sizes	: 36 bits physical, 48 bits virtual
power management:

processor	: 1
vendor_id	: GenuineIntel
cpu family	: 6
model		: 15
model name	: Intel(R) Core(TM)2 Quad CPU    Q6600  @ 2.40GHz
stepping	: 11
cpu MHz		: 1596.000
cache size	: 4096 KB
physical id	: 0
siblings	: 4
core id		: 2
cpu cores	: 4
apicid		: 2
initial apicid	: 2
fpu		: yes
fpu_exception	: yes
cpuid level	: 10
wp		: yes
flags		: fpu vme de pse tsc msr pae mce cx8 apic sep mtrr pge mca cmov pat pse36 clflush dts acpi mmx fxsr sse sse2 ss ht tm pbe syscall nx lm constant_tsc arch_perfmon pebs bts rep_good nopl aperfmperf pni dtes64 monitor ds_cpl vmx est tm2 ssse3 cx16 xtpr pdcm lahf_lm dtherm tpr_shadow vnmi flexpriority
bogomips	: 4795.58
clflush size	: 64
cache_alignment	: 64
address sizes	: 36 bits physical, 48 bits virtual
power management:

processor	: 2
vendor_id	: GenuineIntel
cpu family	: 6
model		: 15
model name	: Intel(R) Core(TM)2 Quad CPU    Q6600  @ 2.40GHz
stepping	: 11
cpu MHz		: 1596.000
cache size	: 4096 KB
physical id	: 0
siblings	: 4
core id		: 1
cpu cores	: 4
apicid		: 1
initial apicid	: 1
fpu		: yes
fpu_exception	: yes
cpuid level	: 10
wp		: yes
flags		: fpu vme de pse tsc msr pae mce cx8 apic sep mtrr pge mca cmov pat pse36 clflush dts acpi mmx fxsr sse sse2 ss ht tm pbe syscall nx lm constant_tsc arch_perfmon pebs bts rep_good nopl aperfmperf pni dtes64 monitor ds_cpl vmx est tm2 ssse3 cx16 xtpr pdcm lahf_lm dtherm tpr_shadow vnmi flexpriority
bogomips	: 4795.56
clflush size	: 64
cache_alignment	: 64
address sizes	: 36 bits physical, 48 bits virtual
power management:

processor	: 3
vendor_id	: GenuineIntel
cpu family	: 6
model		: 15
model name	: Intel(R) Core(TM)2 Quad CPU    Q6600  @ 2.40GHz
stepping	: 11
cpu MHz		: 2394.000
cache size	: 4096 KB
physical id	: 0
siblings	: 4
core id		: 3
cpu cores	: 4
apicid		: 3
initial apicid	: 3
fpu		: yes
fpu_exception	: yes
cpuid level	: 10
wp		: yes
flags		: fpu vme de pse tsc msr pae mce cx8 apic sep mtrr pge mca cmov pat pse36 clflush dts acpi mmx fxsr sse sse2 ss ht tm pbe syscall nx lm constant_tsc arch_perfmon pebs bts rep_good nopl aperfmperf pni dtes64 monitor ds_cpl vmx est tm2 ssse3 cx16 xtpr pdcm lahf_lm dtherm tpr_shadow vnmi flexpriority
bogomips	: 4795.57
clflush size	: 64
cache_alignment	: 64
address sizes	: 36 bits physical, 48 bits virtual
power management:



Memory: 4k page, physical 3993672k(1200732k free), swap 4120572k(3606960k free)

vm_info: OpenJDK 64-Bit Server VM (24.51-b03) for linux-amd64 JRE (1.7.0_55-b14), built on May  2 2014 11:33:06 by "buildd" with gcc 4.7.2

time: Sun Jul  6 17:52:23 2014
elapsed time: 22 seconds

