#
# A fatal error has been detected by the Java Runtime Environment:
#
#  SIGSEGV (0xb) at pc=0x00007fbc8c23fe38, pid=22787, tid=140447804987136
#
# JRE version: OpenJDK Runtime Environment (7.0_55-b14) (build 1.7.0_55-b14)
# Java VM: OpenJDK 64-Bit Server VM (24.51-b03 mixed mode linux-amd64 compressed oops)
# Problematic frame:
# C  [libX11.so.6+0x3ae38]  XQueryExtension+0x28
#
# Failed to write core dump. Core dumps have been disabled. To enable core dumping, try "ulimit -c unlimited" before starting Java again
#
# If you would like to submit a bug report, please include
# instructions on how to reproduce the bug and visit:
#   http://icedtea.classpath.org/bugzilla
#

---------------  T H R E A D  ---------------

Current thread (0x00007fbc94076800):  VMThread [stack: 0x00007fbc8d769000,0x00007fbc8d86a000] [id=22797]

siginfo:si_signo=SIGSEGV: si_errno=0, si_code=1 (SEGV_MAPERR), si_addr=0x00000000380148f8

Registers:
RAX=0x00007fbc68000b10, RBX=0x0000000038013f90, RCX=0x00007fbc8d8686d8, RDX=0x00007fbc8d8686d4
RSP=0x00007fbc8d868670, RBP=0x00007fbc75217600, RSI=0x00007fbc750de992, RDI=0x0000000038013f90
R8 =0x00007fbc8d8686dc, R9 =0x0000000000000000, R10=0x00007fbc752173c0, R11=0x00007fbc9b1b21c0
R12=0x00007fbc750de992, R13=0x00007fbc68000b10, R14=0x00007fbc8d868ae0, R15=0x00007fbc38025820
RIP=0x00007fbc8c23fe38, EFLAGS=0x0000000000010202, CSGSFS=0x0000000000000033, ERR=0x0000000000000004
  TRAPNO=0x000000000000000e

Top of Stack: (sp=0x00007fbc8d868670)
0x00007fbc8d868670:   0000000000000000 0000000000000000
0x00007fbc8d868680:   000000770000006e 0000000000000000
0x00007fbc8d868690:   000100010000007c 0000000038013f90
0x00007fbc8d8686a0:   00007fbc75217600 00007fbc750de992
0x00007fbc8d8686b0:   00007fbc68000b10 00007fbc8d868ae0
0x00007fbc8d8686c0:   00007fbc38025820 00007fbc8c233e72
0x00007fbc8d8686d0:   00007fbc38025820 00007fbc9b1f6220
0x00007fbc8d8686e0:   0000000000000000 00007fbc75217600
0x00007fbc8d8686f0:   0000000038013f90 00007fbc8c54d71d
0x00007fbc8d868700:   00007fbc750de992 0000001100000000
0x00007fbc8d868710:   00007fbc00000005 0000000000000000
0x00007fbc8d868720:   00007fbc8d868790 0000000038013f90
0x00007fbc8d868730:   00007fbc8d8689d8 00007fbc8d868ae0
0x00007fbc8d868740:   00007fbc75230e50 00007fbc750873d9
0x00007fbc8d868750:   00000000ffffffff 00007fbc3801bea0
0x00007fbc8d868760:   00007fbc8d868790 00007fbc75d589e0
0x00007fbc8d868770:   00007fbc8d8689d8 00007fbc8d868ae0
0x00007fbc8d868780:   0000000000000000 00007fbc7507bae2
0x00007fbc8d868790:   00007fbc8d868b50 00007fbc750de911
0x00007fbc8d8687a0:   00007fbc8d868b50 00007fbc9bb61058
0x00007fbc8d8687b0:   00007fbc9bd741a8 00007fbc9bd74740
0x00007fbc8d8687c0:   00007fbc9bd4e000 00007fbc940094f0
0x00007fbc8d8687d0:   00007fbc9400a020 00007fbc9400a530
0x00007fbc8d8687e0:   00007fbc94017440 00007fbc941ab490
0x00007fbc8d8687f0:   00007fbc942b2690 00007fbc942ae550
0x00007fbc8d868800:   00007fbc941e4070 00007fbc941f1f90
0x00007fbc8d868810:   00007fbc941f93b0 00007fbc941f8e80
0x00007fbc8d868820:   00007fbc941f8950 00007fbc941fcca0
0x00007fbc8d868830:   00007fbc941fc780 00007fbc941fda50
0x00007fbc8d868840:   00007fbc941fc270 00007fbc941f8420
0x00007fbc8d868850:   00007fbc941fa840 00007fbc941fb280
0x00007fbc8d868860:   00007fbc941fad60 00007fbc941fb7a0 

Instructions: (pc=0x00007fbc8c23fe38)
0x00007fbc8c23fe18:   24 e0 48 89 fb 4c 89 6c 24 e8 4c 89 74 24 f0 49
0x00007fbc8c23fe28:   89 f4 4c 89 7c 24 f8 48 89 6c 24 d8 48 83 ec 58
0x00007fbc8c23fe38:   48 8b 87 68 09 00 00 49 89 d7 49 89 ce 4d 89 c5
0x00007fbc8c23fe48:   48 85 c0 74 02 ff 10 ba 08 00 00 00 be 62 00 00 

Register to memory mapping:

RAX=0x00007fbc68000b10 is an unknown value
RBX=0x0000000038013f90 is an unknown value
RCX=0x00007fbc8d8686d8 is an unknown value
RDX=0x00007fbc8d8686d4 is an unknown value
RSP=0x00007fbc8d868670 is an unknown value
RBP=0x00007fbc75217600: <offset 0x1cf600> in /usr/lib/x86_64-linux-gnu/libGL.so.1 at 0x00007fbc75048000
RSI=0x00007fbc750de992: <offset 0x96992> in /usr/lib/x86_64-linux-gnu/libGL.so.1 at 0x00007fbc75048000
RDI=0x0000000038013f90 is an unknown value
R8 =0x00007fbc8d8686dc is an unknown value
R9 =0x0000000000000000 is an unknown value
R10=0x00007fbc752173c0: <offset 0x1cf3c0> in /usr/lib/x86_64-linux-gnu/libGL.so.1 at 0x00007fbc75048000
R11=0x00007fbc9b1b21c0: __cxa_finalize+0 in /lib/x86_64-linux-gnu/libc.so.6 at 0x00007fbc9b17a000
R12=0x00007fbc750de992: <offset 0x96992> in /usr/lib/x86_64-linux-gnu/libGL.so.1 at 0x00007fbc75048000
R13=0x00007fbc68000b10 is an unknown value
R14=0x00007fbc8d868ae0 is an unknown value
R15=0x00007fbc38025820 is an unknown value


Stack: [0x00007fbc8d769000,0x00007fbc8d86a000],  sp=0x00007fbc8d868670,  free space=1021k
Native frames: (J=compiled Java code, j=interpreted, Vv=VM code, C=native code)
C  [libX11.so.6+0x3ae38]  XQueryExtension+0x28

VM_Operation (0x00007fbc753506c0): Exit, mode: safepoint, requested by thread 0x00007fbc94350000


---------------  P R O C E S S  ---------------

Java Threads: ( => current thread )
  0x00007fbc0c001800 JavaThread "Keep-Alive-Timer" daemon [_thread_blocked, id=22819, stack(0x00007fbc23eff000,0x00007fbc24000000)]
  0x00007fbc16384800 JavaThread "pool-1-thread-2" [_thread_blocked, id=22818, stack(0x00007fbc40663000,0x00007fbc40764000)]
  0x00007fbc1feac000 JavaThread "pool-1-thread-1" [_thread_blocked, id=22817, stack(0x00007fbc74024000,0x00007fbc74125000)]
  0x00007fbc391cd800 JavaThread "AsynchExecutor-Thread" daemon [_thread_blocked, id=22816, stack(0x00007fbc74425000,0x00007fbc74526000)]
  0x00007fbc3800b000 JavaThread "process reaper" daemon [_thread_blocked, id=22812, stack(0x00007fbc7c073000,0x00007fbc7c0ac000)]
  0x00007fbc9400b000 JavaThread "DestroyJavaVM" [_thread_blocked, id=22789, stack(0x00007fbc9bc49000,0x00007fbc9bd4a000)]
  0x00007fbc94350000 JavaThread "LWJGL Application" [_thread_blocked, id=22810, stack(0x00007fbc75251000,0x00007fbc75352000)]
  0x00007fbc942ad000 JavaThread "AWT-XAWT" daemon [_thread_in_native, id=22806, stack(0x00007fbc7ca9d000,0x00007fbc7cb9e000)]
  0x00007fbc9428d000 JavaThread "Java2D Disposer" daemon [_thread_blocked, id=22805, stack(0x00007fbc84007000,0x00007fbc84108000)]
  0x00007fbc940a7000 JavaThread "Service Thread" daemon [_thread_blocked, id=22803, stack(0x00007fbc8cfda000,0x00007fbc8d0db000)]
  0x00007fbc940a5000 JavaThread "C2 CompilerThread1" daemon [_thread_blocked, id=22802, stack(0x00007fbc8d0db000,0x00007fbc8d1dc000)]
  0x00007fbc940a2000 JavaThread "C2 CompilerThread0" daemon [_thread_blocked, id=22801, stack(0x00007fbc8d1dc000,0x00007fbc8d2dd000)]
  0x00007fbc9407c800 JavaThread "Finalizer" daemon [_thread_blocked, id=22799, stack(0x00007fbc8d567000,0x00007fbc8d668000)]
  0x00007fbc9407a800 JavaThread "Reference Handler" daemon [_thread_blocked, id=22798, stack(0x00007fbc8d668000,0x00007fbc8d769000)]

Other Threads:
=>0x00007fbc94076800 VMThread [stack: 0x00007fbc8d769000,0x00007fbc8d86a000] [id=22797]

VM state:at safepoint (shutting down)

VM Mutex/Monitor currently owned by a thread:  ([mutex/lock_event])
[0x00007fbc940077a0] Threads_lock - owner thread: 0x00007fbc94076800

Heap
 PSYoungGen      total 18432K, used 3911K [0x00000000eba80000, 0x00000000ecf00000, 0x0000000100000000)
  eden space 15872K, 8% used [0x00000000eba80000,0x00000000ebbd3d28,0x00000000eca00000)
  from space 2560K, 99% used [0x00000000ecc80000,0x00000000ecefdf90,0x00000000ecf00000)
  to   space 2560K, 0% used [0x00000000eca00000,0x00000000eca00000,0x00000000ecc80000)
 ParOldGen       total 41472K, used 5798K [0x00000000c3000000, 0x00000000c5880000, 0x00000000eba80000)
  object space 41472K, 13% used [0x00000000c3000000,0x00000000c35a9950,0x00000000c5880000)
 PSPermGen       total 21504K, used 13084K [0x00000000b8a00000, 0x00000000b9f00000, 0x00000000c3000000)
  object space 21504K, 60% used [0x00000000b8a00000,0x00000000b96c70d8,0x00000000b9f00000)

Card table byte_map: [0x00007fbc986d1000,0x00007fbc9890d000] byte_map_base: 0x00007fbc9810c000

Polling page: 0x00007fbc9bd6f000

Code Cache  [0x00007fbc91000000, 0x00007fbc91270000, 0x00007fbc94000000)
 total_blobs=701 nmethods=153 adapters=502 free_code_cache=48250Kb largest_free_block=49372288

Compilation events (10 events):
Event: 11.157 Thread 0x00007fbc940a2000 nmethod 149 0x00007fbc910cb690 code [0x00007fbc910cb7c0, 0x00007fbc910cb838]
Event: 11.157 Thread 0x00007fbc940a5000 nmethod 148 0x00007fbc910ca690 code [0x00007fbc910ca800, 0x00007fbc910ca8b8]
Event: 11.189 Thread 0x00007fbc940a2000  150             java.util.concurrent.locks.AbstractQueuedSynchronizer::getState (5 bytes)
Event: 11.189 Thread 0x00007fbc940a2000 nmethod 150 0x00007fbc910cb490 code [0x00007fbc910cb5c0, 0x00007fbc910cb618]
Event: 11.239 Thread 0x00007fbc940a5000  151             com.badlogic.gdx.scenes.scene2d.Actor::getColor (5 bytes)
Event: 11.240 Thread 0x00007fbc940a5000 nmethod 151 0x00007fbc910cb290 code [0x00007fbc910cb3c0, 0x00007fbc910cb418]
Event: 11.273 Thread 0x00007fbc940a2000  152             com.badlogic.gdx.math.Matrix4::set (9 bytes)
Event: 11.273 Thread 0x00007fbc940a5000  153             com.badlogic.gdx.math.Matrix4::set (17 bytes)
Event: 11.274 Thread 0x00007fbc940a5000 nmethod 153 0x00007fbc910caf50 code [0x00007fbc910cb0a0, 0x00007fbc910cb178]
Event: 11.275 Thread 0x00007fbc940a2000 nmethod 152 0x00007fbc910cabd0 code [0x00007fbc910cad20, 0x00007fbc910cadf8]

GC Heap History (4 events):
Event: 1.700 GC heap before
{Heap before GC invocations=1 (full 0):
 PSYoungGen      total 18432K, used 15872K [0x00000000eba80000, 0x00000000ecf00000, 0x0000000100000000)
  eden space 15872K, 100% used [0x00000000eba80000,0x00000000eca00000,0x00000000eca00000)
  from space 2560K, 0% used [0x00000000ecc80000,0x00000000ecc80000,0x00000000ecf00000)
  to   space 2560K, 0% used [0x00000000eca00000,0x00000000eca00000,0x00000000ecc80000)
 ParOldGen       total 41472K, used 0K [0x00000000c3000000, 0x00000000c5880000, 0x00000000eba80000)
  object space 41472K, 0% used [0x00000000c3000000,0x00000000c3000000,0x00000000c5880000)
 PSPermGen       total 21504K, used 9248K [0x00000000b8a00000, 0x00000000b9f00000, 0x00000000c3000000)
  object space 21504K, 43% used [0x00000000b8a00000,0x00000000b93082f0,0x00000000b9f00000)
Event: 1.709 GC heap after
Heap after GC invocations=1 (full 0):
 PSYoungGen      total 18432K, used 2548K [0x00000000eba80000, 0x00000000ecf00000, 0x0000000100000000)
  eden space 15872K, 0% used [0x00000000eba80000,0x00000000eba80000,0x00000000eca00000)
  from space 2560K, 99% used [0x00000000eca00000,0x00000000ecc7d070,0x00000000ecc80000)
  to   space 2560K, 0% used [0x00000000ecc80000,0x00000000ecc80000,0x00000000ecf00000)
 ParOldGen       total 41472K, used 2458K [0x00000000c3000000, 0x00000000c5880000, 0x00000000eba80000)
  object space 41472K, 5% used [0x00000000c3000000,0x00000000c32668d0,0x00000000c5880000)
 PSPermGen       total 21504K, used 9248K [0x00000000b8a00000, 0x00000000b9f00000, 0x00000000c3000000)
  object space 21504K, 43% used [0x00000000b8a00000,0x00000000b93082f0,0x00000000b9f00000)
}
Event: 9.229 GC heap before
{Heap before GC invocations=2 (full 0):
 PSYoungGen      total 18432K, used 18420K [0x00000000eba80000, 0x00000000ecf00000, 0x0000000100000000)
  eden space 15872K, 100% used [0x00000000eba80000,0x00000000eca00000,0x00000000eca00000)
  from space 2560K, 99% used [0x00000000eca00000,0x00000000ecc7d070,0x00000000ecc80000)
  to   space 2560K, 0% used [0x00000000ecc80000,0x00000000ecc80000,0x00000000ecf00000)
 ParOldGen       total 41472K, used 2458K [0x00000000c3000000, 0x00000000c5880000, 0x00000000eba80000)
  object space 41472K, 5% used [0x00000000c3000000,0x00000000c32668d0,0x00000000c5880000)
 PSPermGen       total 21504K, used 13041K [0x00000000b8a00000, 0x00000000b9f00000, 0x00000000c3000000)
  object space 21504K, 60% used [0x00000000b8a00000,0x00000000b96bc5e8,0x00000000b9f00000)
Event: 9.243 GC heap after
Heap after GC invocations=2 (full 0):
 PSYoungGen      total 18432K, used 2551K [0x00000000eba80000, 0x00000000ecf00000, 0x0000000100000000)
  eden space 15872K, 0% used [0x00000000eba80000,0x00000000eba80000,0x00000000eca00000)
  from space 2560K, 99% used [0x00000000ecc80000,0x00000000ecefdf90,0x00000000ecf00000)
  to   space 2560K, 0% used [0x00000000eca00000,0x00000000eca00000,0x00000000ecc80000)
 ParOldGen       total 41472K, used 5798K [0x00000000c3000000, 0x00000000c5880000, 0x00000000eba80000)
  object space 41472K, 13% used [0x00000000c3000000,0x00000000c35a9950,0x00000000c5880000)
 PSPermGen       total 21504K, used 13041K [0x00000000b8a00000, 0x00000000b9f00000, 0x00000000c3000000)
  object space 21504K, 60% used [0x00000000b8a00000,0x00000000b96bc5e8,0x00000000b9f00000)
}

Deoptimization events (5 events):
Event: 0.258 Thread 0x00007fbc9400b000 Uncommon trap: reason=class_check action=maybe_recompile pc=0x00007fbc91065280 method=java.util.Properties$LineReader.readLine()I @ 62
Event: 5.416 Thread 0x00007fbc1feac000 Uncommon trap: reason=unreached action=reinterpret pc=0x00007fbc910a95b4 method=java.lang.Integer.parseInt(Ljava/lang/String;I)I @ 1
Event: 6.925 Thread 0x00007fbc16384800 Uncommon trap: reason=class_check action=maybe_recompile pc=0x00007fbc91065280 method=java.util.Properties$LineReader.readLine()I @ 62
Event: 6.925 Thread 0x00007fbc16384800 Uncommon trap: reason=class_check action=maybe_recompile pc=0x00007fbc91065280 method=java.util.Properties$LineReader.readLine()I @ 62
Event: 6.928 Thread 0x00007fbc16384800 Uncommon trap: reason=class_check action=maybe_recompile pc=0x00007fbc91065280 method=java.util.Properties$LineReader.readLine()I @ 62

Internal exceptions (10 events):
Event: 10.045 Thread 0x00007fbc1feac000 Threw 0x00000000ebb08ea8 at /build/openjdk-7-kBcQ8a/openjdk-7-7u55-2.4.7/build/openjdk/hotspot/src/share/vm/prims/jvm.cpp:1244
Event: 10.045 Thread 0x00007fbc1feac000 Threw 0x00000000ebb0a068 at /build/openjdk-7-kBcQ8a/openjdk-7-7u55-2.4.7/build/openjdk/hotspot/src/share/vm/prims/jvm.cpp:1244
Event: 10.045 Thread 0x00007fbc1feac000 Threw 0x00000000ebb0b968 at /build/openjdk-7-kBcQ8a/openjdk-7-7u55-2.4.7/build/openjdk/hotspot/src/share/vm/prims/jvm.cpp:1244
Event: 10.045 Thread 0x00007fbc1feac000 Threw 0x00000000ebb0c798 at /build/openjdk-7-kBcQ8a/openjdk-7-7u55-2.4.7/build/openjdk/hotspot/src/share/vm/prims/jvm.cpp:1244
Event: 10.045 Thread 0x00007fbc1feac000 Threw 0x00000000ebb0e098 at /build/openjdk-7-kBcQ8a/openjdk-7-7u55-2.4.7/build/openjdk/hotspot/src/share/vm/prims/jvm.cpp:1244
Event: 10.046 Thread 0x00007fbc1feac000 Threw 0x00000000ebb0eed8 at /build/openjdk-7-kBcQ8a/openjdk-7-7u55-2.4.7/build/openjdk/hotspot/src/share/vm/prims/jvm.cpp:1244
Event: 10.046 Thread 0x00007fbc1feac000 Threw 0x00000000ebb10900 at /build/openjdk-7-kBcQ8a/openjdk-7-7u55-2.4.7/build/openjdk/hotspot/src/share/vm/prims/jvm.cpp:1244
Event: 11.539 Thread 0x00007fbc94350000 Threw 0x00000000ebb98280 at /build/openjdk-7-kBcQ8a/openjdk-7-7u55-2.4.7/build/openjdk/hotspot/src/share/vm/prims/jvm.cpp:1244
Event: 11.547 Thread 0x00007fbc94350000 Threw 0x00000000ebb9c748 at /build/openjdk-7-kBcQ8a/openjdk-7-7u55-2.4.7/build/openjdk/hotspot/src/share/vm/prims/jvm.cpp:1244
Event: 11.552 Thread 0x00007fbc94350000 Threw 0x00000000ebba1ae8 at /build/openjdk-7-kBcQ8a/openjdk-7-7u55-2.4.7/build/openjdk/hotspot/src/share/vm/prims/jvm.cpp:1244

Events (10 events):
Event: 11.712 Thread 0x00007fbc390d2800 Thread added: 0x00007fbc390d2800
Event: 11.712 loading class 0x00007fbc94220770
Event: 11.712 loading class 0x00007fbc58135cb0
Event: 11.712 loading class 0x00007fbc58135cb0 done
Event: 11.712 loading class 0x00007fbc58135ce0
Event: 11.712 loading class 0x00007fbc58135ce0 done
Event: 11.712 loading class 0x00007fbc94220770 done
Event: 11.713 Thread 0x00007fbc390d2800 Thread exited: 0x00007fbc390d2800
Event: 11.713 Thread 0x00007fbc9409f800 Thread exited: 0x00007fbc9409f800
Event: 11.713 Executing VM operation: Exit


Dynamic libraries:
00400000-00401000 r-xp 00000000 08:03 3934148                            /usr/lib/jvm/java-7-openjdk-amd64/jre/bin/java
00600000-00601000 r--p 00000000 08:03 3934148                            /usr/lib/jvm/java-7-openjdk-amd64/jre/bin/java
00601000-00602000 rw-p 00001000 08:03 3934148                            /usr/lib/jvm/java-7-openjdk-amd64/jre/bin/java
008d7000-00afc000 rw-p 00000000 00:00 0                                  [heap]
b8a00000-b9f00000 rw-p 00000000 00:00 0 
b9f00000-c3000000 rw-p 00000000 00:00 0 
c3000000-c5880000 rw-p 00000000 00:00 0 
c5880000-eba80000 rw-p 00000000 00:00 0 
eba80000-ecf00000 rw-p 00000000 00:00 0 
ecf00000-100000000 rw-p 00000000 00:00 0 
7fbc0c000000-7fbc0c03f000 rw-p 00000000 00:00 0 
7fbc0c03f000-7fbc10000000 ---p 00000000 00:00 0 
7fbc10000000-7fbc10021000 rw-p 00000000 00:00 0 
7fbc10021000-7fbc14000000 ---p 00000000 00:00 0 
7fbc14000000-7fbc17509000 rw-p 00000000 00:00 0 
7fbc17509000-7fbc18000000 ---p 00000000 00:00 0 
7fbc18000000-7fbc18053000 rw-p 00000000 00:00 0 
7fbc18053000-7fbc1c000000 ---p 00000000 00:00 0 
7fbc1c000000-7fbc1fff3000 rw-p 00000000 00:00 0 
7fbc1fff3000-7fbc20000000 ---p 00000000 00:00 0 
7fbc23eff000-7fbc23f02000 ---p 00000000 00:00 0 
7fbc23f02000-7fbc24000000 rw-p 00000000 00:00 0 
7fbc24000000-7fbc240ae000 rw-p 00000000 00:00 0 
7fbc240ae000-7fbc28000000 ---p 00000000 00:00 0 
7fbc28000000-7fbc287d6000 rw-p 00000000 00:00 0 
7fbc287d6000-7fbc2c000000 ---p 00000000 00:00 0 
7fbc2c000000-7fbc2c021000 rw-p 00000000 00:00 0 
7fbc2c021000-7fbc30000000 ---p 00000000 00:00 0 
7fbc30000000-7fbc300b4000 rw-p 00000000 00:00 0 
7fbc300b4000-7fbc34000000 ---p 00000000 00:00 0 
7fbc34000000-7fbc34021000 rw-p 00000000 00:00 0 
7fbc34021000-7fbc38000000 ---p 00000000 00:00 0 
7fbc38000000-7fbc3bf21000 rw-p 00000000 00:00 0 
7fbc3bf21000-7fbc3c000000 ---p 00000000 00:00 0 
7fbc3c000000-7fbc3c021000 rw-p 00000000 00:00 0 
7fbc3c021000-7fbc40000000 ---p 00000000 00:00 0 
7fbc40663000-7fbc40666000 ---p 00000000 00:00 0 
7fbc40666000-7fbc40764000 rw-p 00000000 00:00 0 
7fbc40764000-7fbc40769000 r-xp 00000000 08:03 12192225                   /lib/x86_64-linux-gnu/libnss_dns-2.19.so
7fbc40769000-7fbc40968000 ---p 00005000 08:03 12192225                   /lib/x86_64-linux-gnu/libnss_dns-2.19.so
7fbc40968000-7fbc40969000 r--p 00004000 08:03 12192225                   /lib/x86_64-linux-gnu/libnss_dns-2.19.so
7fbc40969000-7fbc4096a000 rw-p 00005000 08:03 12192225                   /lib/x86_64-linux-gnu/libnss_dns-2.19.so
7fbc4096a000-7fbc4096c000 r-xp 00000000 08:03 12058696                   /lib/libnss_mdns4_minimal.so.2
7fbc4096c000-7fbc40b6b000 ---p 00002000 08:03 12058696                   /lib/libnss_mdns4_minimal.so.2
7fbc40b6b000-7fbc40b6c000 rw-p 00001000 08:03 12058696                   /lib/libnss_mdns4_minimal.so.2
7fbc40b6c000-7fbc40b83000 r-xp 00000000 08:03 3934214                    /usr/lib/jvm/java-7-openjdk-amd64/jre/lib/amd64/libnet.so
7fbc40b83000-7fbc40d82000 ---p 00017000 08:03 3934214                    /usr/lib/jvm/java-7-openjdk-amd64/jre/lib/amd64/libnet.so
7fbc40d82000-7fbc40d83000 r--p 00016000 08:03 3934214                    /usr/lib/jvm/java-7-openjdk-amd64/jre/lib/amd64/libnet.so
7fbc40d83000-7fbc40d84000 rw-p 00017000 08:03 3934214                    /usr/lib/jvm/java-7-openjdk-amd64/jre/lib/amd64/libnet.so
7fbc40d84000-7fbc40d85000 ---p 00000000 00:00 0 
7fbc40d85000-7fbc41585000 rw-p 00000000 00:00 0 
7fbc41585000-7fbc41586000 ---p 00000000 00:00 0 
7fbc41586000-7fbc41d86000 rw-p 00000000 00:00 0 
7fbc41d86000-7fbc43c7e000 r-xp 00000000 08:03 4201338                    /usr/lib/x86_64-linux-gnu/dri/fglrx_dri.so
7fbc43c7e000-7fbc43d7d000 ---p 01ef8000 08:03 4201338                    /usr/lib/x86_64-linux-gnu/dri/fglrx_dri.so
7fbc43d7d000-7fbc43edb000 rwxp 01ef7000 08:03 4201338                    /usr/lib/x86_64-linux-gnu/dri/fglrx_dri.so
7fbc43edb000-7fbc43fff000 rwxp 00000000 00:00 0 
7fbc48000000-7fbc48021000 rw-p 00000000 00:00 0 
7fbc48021000-7fbc4c000000 ---p 00000000 00:00 0 
7fbc4c000000-7fbc4c021000 rw-p 00000000 00:00 0 
7fbc4c021000-7fbc50000000 ---p 00000000 00:00 0 
7fbc50000000-7fbc50021000 rw-p 00000000 00:00 0 
7fbc50021000-7fbc54000000 ---p 00000000 00:00 0 
7fbc54000000-7fbc54021000 rw-p 00000000 00:00 0 
7fbc54021000-7fbc58000000 ---p 00000000 00:00 0 
7fbc58000000-7fbc5835a000 rw-p 00000000 00:00 0 
7fbc5835a000-7fbc5c000000 ---p 00000000 00:00 0 
7fbc5c000000-7fbc5c941000 rw-p 00000000 00:00 0 
7fbc5c941000-7fbc60000000 ---p 00000000 00:00 0 
7fbc60000000-7fbc60021000 rw-p 00000000 00:00 0 
7fbc60021000-7fbc64000000 ---p 00000000 00:00 0 
7fbc64000000-7fbc64021000 rw-p 00000000 00:00 0 
7fbc64021000-7fbc68000000 ---p 00000000 00:00 0 
7fbc68000000-7fbc68021000 rw-p 00000000 00:00 0 
7fbc68021000-7fbc6c000000 ---p 00000000 00:00 0 
7fbc6c000000-7fbc6c021000 rw-p 00000000 00:00 0 
7fbc6c021000-7fbc70000000 ---p 00000000 00:00 0 
7fbc70000000-7fbc70021000 rw-p 00000000 00:00 0 
7fbc70021000-7fbc74000000 ---p 00000000 00:00 0 
7fbc74024000-7fbc74027000 ---p 00000000 00:00 0 
7fbc74027000-7fbc74125000 rw-p 00000000 00:00 0 
7fbc74425000-7fbc74428000 ---p 00000000 00:00 0 
7fbc74428000-7fbc74526000 rw-p 00000000 00:00 0 
7fbc74624000-7fbc7466c000 rw-p 00000000 00:00 0 
7fbc7466c000-7fbc74d6c000 rw-s 00006000 00:05 7289                       /dev/ati/card0
7fbc74d6c000-7fbc74de9000 rw-p 00000000 00:00 0 
7fbc74de9000-7fbc74e26000 r-xp 00000000 08:03 4201336                    /usr/lib/x86_64-linux-gnu/libatiadlxx.so
7fbc74e26000-7fbc74f25000 ---p 0003d000 08:03 4201336                    /usr/lib/x86_64-linux-gnu/libatiadlxx.so
7fbc74f25000-7fbc74f2f000 rw-p 0003c000 08:03 4201336                    /usr/lib/x86_64-linux-gnu/libatiadlxx.so
7fbc74f2f000-7fbc74f3f000 rw-p 00000000 00:00 0 
7fbc74f3f000-7fbc74f46000 r-xp 00000000 08:03 4201328                    /usr/lib/x86_64-linux-gnu/libatiuki.so.1.0
7fbc74f46000-7fbc75046000 ---p 00007000 08:03 4201328                    /usr/lib/x86_64-linux-gnu/libatiuki.so.1.0
7fbc75046000-7fbc75047000 rw-p 00007000 08:03 4201328                    /usr/lib/x86_64-linux-gnu/libatiuki.so.1.0
7fbc75047000-7fbc75048000 rw-p 00000000 00:00 0 
7fbc75048000-7fbc7510b000 r-xp 00000000 08:03 4201341                    /usr/lib/x86_64-linux-gnu/fglrx/fglrx-libGL.so.1.2
7fbc7510b000-7fbc7520a000 ---p 000c3000 08:03 4201341                    /usr/lib/x86_64-linux-gnu/fglrx/fglrx-libGL.so.1.2
7fbc7520a000-7fbc75231000 rwxp 000c2000 08:03 4201341                    /usr/lib/x86_64-linux-gnu/fglrx/fglrx-libGL.so.1.2
7fbc75231000-7fbc75251000 rwxp 00000000 00:00 0 
7fbc75251000-7fbc75254000 ---p 00000000 00:00 0 
7fbc75254000-7fbc75352000 rw-p 00000000 00:00 0 
7fbc75352000-7fbc75353000 ---p 00000000 00:00 0 
7fbc75353000-7fbc75b53000 rw-p 00000000 00:00 0 
7fbc75b53000-7fbc75b59000 r-xp 00000000 08:03 4200289                    /usr/lib/x86_64-linux-gnu/libogg.so.0.8.0
7fbc75b59000-7fbc75d58000 ---p 00006000 08:03 4200289                    /usr/lib/x86_64-linux-gnu/libogg.so.0.8.0
7fbc75d58000-7fbc75d59000 rw-p 00005000 08:03 4200289                    /usr/lib/x86_64-linux-gnu/libogg.so.0.8.0
7fbc75d59000-7fbc75d85000 r-xp 00000000 08:03 4200496                    /usr/lib/x86_64-linux-gnu/libvorbis.so.0.4.5
7fbc75d85000-7fbc75f84000 ---p 0002c000 08:03 4200496                    /usr/lib/x86_64-linux-gnu/libvorbis.so.0.4.5
7fbc75f84000-7fbc75f85000 r--p 0002b000 08:03 4200496                    /usr/lib/x86_64-linux-gnu/libvorbis.so.0.4.5
7fbc75f85000-7fbc75f86000 rw-p 0002c000 08:03 4200496                    /usr/lib/x86_64-linux-gnu/libvorbis.so.0.4.5
7fbc75f86000-7fbc76239000 r-xp 00000000 08:03 4200498                    /usr/lib/x86_64-linux-gnu/libvorbisenc.so.2.0.8
7fbc76239000-7fbc76438000 ---p 002b3000 08:03 4200498                    /usr/lib/x86_64-linux-gnu/libvorbisenc.so.2.0.8
7fbc76438000-7fbc76454000 r--p 002b2000 08:03 4200498                    /usr/lib/x86_64-linux-gnu/libvorbisenc.so.2.0.8
7fbc76454000-7fbc76455000 rw-p 002ce000 08:03 4200498                    /usr/lib/x86_64-linux-gnu/libvorbisenc.so.2.0.8
7fbc76455000-7fbc764a0000 r-xp 00000000 08:03 4199700                    /usr/lib/x86_64-linux-gnu/libFLAC.so.8.2.0
7fbc764a0000-7fbc7669f000 ---p 0004b000 08:03 4199700                    /usr/lib/x86_64-linux-gnu/libFLAC.so.8.2.0
7fbc7669f000-7fbc766a0000 r--p 0004a000 08:03 4199700                    /usr/lib/x86_64-linux-gnu/libFLAC.so.8.2.0
7fbc766a0000-7fbc766a1000 rw-p 0004b000 08:03 4199700                    /usr/lib/x86_64-linux-gnu/libFLAC.so.8.2.0
7fbc766a1000-7fbc766a5000 r-xp 00000000 08:03 12190707                   /lib/x86_64-linux-gnu/libuuid.so.1.3.0
7fbc766a5000-7fbc768a4000 ---p 00004000 08:03 12190707                   /lib/x86_64-linux-gnu/libuuid.so.1.3.0
7fbc768a4000-7fbc768a5000 r--p 00003000 08:03 12190707                   /lib/x86_64-linux-gnu/libuuid.so.1.3.0
7fbc768a5000-7fbc768a6000 rw-p 00004000 08:03 12190707                   /lib/x86_64-linux-gnu/libuuid.so.1.3.0
7fbc768a6000-7fbc768aa000 r-xp 00000000 08:03 12190559                   /lib/x86_64-linux-gnu/libattr.so.1.1.0
7fbc768aa000-7fbc76aa9000 ---p 00004000 08:03 12190559                   /lib/x86_64-linux-gnu/libattr.so.1.1.0
7fbc76aa9000-7fbc76aaa000 r--p 00003000 08:03 12190559                   /lib/x86_64-linux-gnu/libattr.so.1.1.0
7fbc76aaa000-7fbc76aab000 rw-p 00004000 08:03 12190559                   /lib/x86_64-linux-gnu/libattr.so.1.1.0
7fbc76aab000-7fbc76ab0000 r-xp 00000000 08:03 4199797                    /usr/lib/x86_64-linux-gnu/libasyncns.so.0.3.1
7fbc76ab0000-7fbc76caf000 ---p 00005000 08:03 4199797                    /usr/lib/x86_64-linux-gnu/libasyncns.so.0.3.1
7fbc76caf000-7fbc76cb0000 rw-p 00004000 08:03 4199797                    /usr/lib/x86_64-linux-gnu/libasyncns.so.0.3.1
7fbc76cb0000-7fbc76d11000 r-xp 00000000 08:03 4200411                    /usr/lib/x86_64-linux-gnu/libsndfile.so.1.0.25
7fbc76d11000-7fbc76f10000 ---p 00061000 08:03 4200411                    /usr/lib/x86_64-linux-gnu/libsndfile.so.1.0.25
7fbc76f10000-7fbc76f12000 r--p 00060000 08:03 4200411                    /usr/lib/x86_64-linux-gnu/libsndfile.so.1.0.25
7fbc76f12000-7fbc76f13000 rw-p 00062000 08:03 4200411                    /usr/lib/x86_64-linux-gnu/libsndfile.so.1.0.25
7fbc76f13000-7fbc76f17000 rw-p 00000000 00:00 0 
7fbc76f17000-7fbc76f20000 r-xp 00000000 08:03 12190709                   /lib/x86_64-linux-gnu/libwrap.so.0.7.6
7fbc76f20000-7fbc7711f000 ---p 00009000 08:03 12190709                   /lib/x86_64-linux-gnu/libwrap.so.0.7.6
7fbc7711f000-7fbc77120000 r--p 00008000 08:03 12190709                   /lib/x86_64-linux-gnu/libwrap.so.0.7.6
7fbc77120000-7fbc77121000 rw-p 00009000 08:03 12190709                   /lib/x86_64-linux-gnu/libwrap.so.0.7.6
7fbc77121000-7fbc77122000 rw-p 00000000 00:00 0 
7fbc77122000-7fbc77129000 r-xp 00000000 08:03 4199720                    /usr/lib/x86_64-linux-gnu/libSM.so.6.0.1
7fbc77129000-7fbc77328000 ---p 00007000 08:03 4199720                    /usr/lib/x86_64-linux-gnu/libSM.so.6.0.1
7fbc77328000-7fbc77329000 rw-p 00006000 08:03 4199720                    /usr/lib/x86_64-linux-gnu/libSM.so.6.0.1
7fbc77329000-7fbc77340000 r-xp 00000000 08:03 4199710                    /usr/lib/x86_64-linux-gnu/libICE.so.6.3.0
7fbc77340000-7fbc7753f000 ---p 00017000 08:03 4199710                    /usr/lib/x86_64-linux-gnu/libICE.so.6.3.0
7fbc7753f000-7fbc77541000 rw-p 00016000 08:03 4199710                    /usr/lib/x86_64-linux-gnu/libICE.so.6.3.0
7fbc77541000-7fbc77544000 rw-p 00000000 00:00 0 
7fbc77544000-7fbc77545000 r-xp 00000000 08:03 4199726                    /usr/lib/x86_64-linux-gnu/libX11-xcb.so.1.0.0
7fbc77545000-7fbc77744000 ---p 00001000 08:03 4199726                    /usr/lib/x86_64-linux-gnu/libX11-xcb.so.1.0.0
7fbc77744000-7fbc77745000 rw-p 00000000 08:03 4199726                    /usr/lib/x86_64-linux-gnu/libX11-xcb.so.1.0.0
7fbc77745000-7fbc77749000 r-xp 00000000 08:03 12190572                   /lib/x86_64-linux-gnu/libcap.so.2.22
7fbc77749000-7fbc77948000 ---p 00004000 08:03 12190572                   /lib/x86_64-linux-gnu/libcap.so.2.22
7fbc77948000-7fbc77949000 rw-p 00003000 08:03 12190572                   /lib/x86_64-linux-gnu/libcap.so.2.22
7fbc77949000-7fbc779aa000 r-xp 00000000 08:03 4325923                    /usr/lib/x86_64-linux-gnu/pulseaudio/libpulsecommon-2.0.so
7fbc779aa000-7fbc77ba9000 ---p 00061000 08:03 4325923                    /usr/lib/x86_64-linux-gnu/pulseaudio/libpulsecommon-2.0.so
7fbc77ba9000-7fbc77baa000 r--p 00060000 08:03 4325923                    /usr/lib/x86_64-linux-gnu/pulseaudio/libpulsecommon-2.0.so
7fbc77baa000-7fbc77bac000 rw-p 00061000 08:03 4325923                    /usr/lib/x86_64-linux-gnu/pulseaudio/libpulsecommon-2.0.so
7fbc77bac000-7fbc77bb5000 r-xp 00000000 08:03 12190608                   /lib/x86_64-linux-gnu/libjson.so.0.1.0
7fbc77bb5000-7fbc77db4000 ---p 00009000 08:03 12190608                   /lib/x86_64-linux-gnu/libjson.so.0.1.0
7fbc77db4000-7fbc77db5000 r--p 00008000 08:03 12190608                   /lib/x86_64-linux-gnu/libjson.so.0.1.0
7fbc77db5000-7fbc77db6000 rw-p 00009000 08:03 12190608                   /lib/x86_64-linux-gnu/libjson.so.0.1.0
7fbc77db6000-7fbc77dff000 r-xp 00000000 08:03 4200364                    /usr/lib/x86_64-linux-gnu/libpulse.so.0.14.2
7fbc77dff000-7fbc77ffe000 ---p 00049000 08:03 4200364                    /usr/lib/x86_64-linux-gnu/libpulse.so.0.14.2
7fbc77ffe000-7fbc77fff000 r--p 00048000 08:03 4200364                    /usr/lib/x86_64-linux-gnu/libpulse.so.0.14.2
7fbc77fff000-7fbc78000000 rw-p 00049000 08:03 4200364                    /usr/lib/x86_64-linux-gnu/libpulse.so.0.14.2
7fbc78000000-7fbc78021000 rw-p 00000000 00:00 0 
7fbc78021000-7fbc7c000000 ---p 00000000 00:00 0 
7fbc7c073000-7fbc7c076000 ---p 00000000 00:00 0 
7fbc7c076000-7fbc7c0ac000 rw-p 00000000 00:00 0 
7fbc7c0ac000-7fbc7c0af000 ---p 00000000 00:00 0 
7fbc7c0af000-7fbc7c1ad000 rw-p 00000000 00:00 0 
7fbc7c406000-7fbc7c40a000 r-xp 00000000 08:03 4199775                    /usr/lib/x86_64-linux-gnu/libXxf86vm.so.1.0.0
7fbc7c40a000-7fbc7c60a000 ---p 00004000 08:03 4199775                    /usr/lib/x86_64-linux-gnu/libXxf86vm.so.1.0.0
7fbc7c60a000-7fbc7c60b000 r--p 00004000 08:03 4199775                    /usr/lib/x86_64-linux-gnu/libXxf86vm.so.1.0.0
7fbc7c60b000-7fbc7c60c000 rw-p 00005000 08:03 4199775                    /usr/lib/x86_64-linux-gnu/libXxf86vm.so.1.0.0
7fbc7c61d000-7fbc7c62d000 rw-s e0200000 00:05 7289                       /dev/ati/card0
7fbc7c62d000-7fbc7c699000 r-xp 00000000 08:01 301131                     /media/winDisk/Users/ChobeDucket/Documents/sheep/android/assets/.temp/7b43be9b/liblwjgl64.so
7fbc7c699000-7fbc7c898000 ---p 0006c000 08:01 301131                     /media/winDisk/Users/ChobeDucket/Documents/sheep/android/assets/.temp/7b43be9b/liblwjgl64.so
7fbc7c898000-7fbc7c89a000 r--p 0006b000 08:01 301131                     /media/winDisk/Users/ChobeDucket/Documents/sheep/android/assets/.temp/7b43be9b/liblwjgl64.so
7fbc7c89a000-7fbc7c89b000 rw-p 0006d000 08:01 301131                     /media/winDisk/Users/ChobeDucket/Documents/sheep/android/assets/.temp/7b43be9b/liblwjgl64.so
7fbc7c89b000-7fbc7c89c000 r-xp 00000000 08:03 3934229                    /usr/lib/jvm/java-7-openjdk-amd64/jre/lib/amd64/libjawt.so
7fbc7c89c000-7fbc7ca9b000 ---p 00001000 08:03 3934229                    /usr/lib/jvm/java-7-openjdk-amd64/jre/lib/amd64/libjawt.so
7fbc7ca9b000-7fbc7ca9c000 r--p 00000000 08:03 3934229                    /usr/lib/jvm/java-7-openjdk-amd64/jre/lib/amd64/libjawt.so
7fbc7ca9c000-7fbc7ca9d000 rw-p 00001000 08:03 3934229                    /usr/lib/jvm/java-7-openjdk-amd64/jre/lib/amd64/libjawt.so
7fbc7ca9d000-7fbc7caa0000 ---p 00000000 00:00 0 
7fbc7caa0000-7fbc7cb9e000 rw-p 00000000 00:00 0 
7fbc7cb9e000-7fbc7cba1000 r-xp 00000000 08:03 12190599                   /lib/x86_64-linux-gnu/libgpg-error.so.0.8.0
7fbc7cba1000-7fbc7cda0000 ---p 00003000 08:03 12190599                   /lib/x86_64-linux-gnu/libgpg-error.so.0.8.0
7fbc7cda0000-7fbc7cda1000 rw-p 00002000 08:03 12190599                   /lib/x86_64-linux-gnu/libgpg-error.so.0.8.0
7fbc7cda1000-7fbc7cde5000 r-xp 00000000 08:03 12190580                   /lib/x86_64-linux-gnu/libdbus-1.so.3.7.2
7fbc7cde5000-7fbc7cfe5000 ---p 00044000 08:03 12190580                   /lib/x86_64-linux-gnu/libdbus-1.so.3.7.2
7fbc7cfe5000-7fbc7cfe6000 r--p 00044000 08:03 12190580                   /lib/x86_64-linux-gnu/libdbus-1.so.3.7.2
7fbc7cfe6000-7fbc7cfe7000 rw-p 00045000 08:03 12190580                   /lib/x86_64-linux-gnu/libdbus-1.so.3.7.2
7fbc7cfe7000-7fbc7cff8000 r-xp 00000000 08:03 4200305                    /usr/lib/x86_64-linux-gnu/libp11-kit.so.0.0.0
7fbc7cff8000-7fbc7d1f7000 ---p 00011000 08:03 4200305                    /usr/lib/x86_64-linux-gnu/libp11-kit.so.0.0.0
7fbc7d1f7000-7fbc7d1f8000 r--p 00010000 08:03 4200305                    /usr/lib/x86_64-linux-gnu/libp11-kit.so.0.0.0
7fbc7d1f8000-7fbc7d1f9000 rw-p 00011000 08:03 4200305                    /usr/lib/x86_64-linux-gnu/libp11-kit.so.0.0.0
7fbc7d1f9000-7fbc7d273000 r-xp 00000000 08:03 12190595                   /lib/x86_64-linux-gnu/libgcrypt.so.11.7.0
7fbc7d273000-7fbc7d473000 ---p 0007a000 08:03 12190595                   /lib/x86_64-linux-gnu/libgcrypt.so.11.7.0
7fbc7d473000-7fbc7d474000 r--p 0007a000 08:03 12190595                   /lib/x86_64-linux-gnu/libgcrypt.so.11.7.0
7fbc7d474000-7fbc7d477000 rw-p 0007b000 08:03 12190595                   /lib/x86_64-linux-gnu/libgcrypt.so.11.7.0
7fbc7d477000-7fbc7d487000 r-xp 00000000 08:03 4200448                    /usr/lib/x86_64-linux-gnu/libtasn1.so.3.1.16
7fbc7d487000-7fbc7d686000 ---p 00010000 08:03 4200448                    /usr/lib/x86_64-linux-gnu/libtasn1.so.3.1.16
7fbc7d686000-7fbc7d687000 r--p 0000f000 08:03 4200448                    /usr/lib/x86_64-linux-gnu/libtasn1.so.3.1.16
7fbc7d687000-7fbc7d688000 rw-p 00010000 08:03 4200448                    /usr/lib/x86_64-linux-gnu/libtasn1.so.3.1.16
7fbc7d688000-7fbc7d68b000 r-xp 00000000 08:03 12190610                   /lib/x86_64-linux-gnu/libkeyutils.so.1.4
7fbc7d68b000-7fbc7d88a000 ---p 00003000 08:03 12190610                   /lib/x86_64-linux-gnu/libkeyutils.so.1.4
7fbc7d88a000-7fbc7d88b000 r--p 00002000 08:03 12190610                   /lib/x86_64-linux-gnu/libkeyutils.so.1.4
7fbc7d88b000-7fbc7d88c000 rw-p 00003000 08:03 12190610                   /lib/x86_64-linux-gnu/libkeyutils.so.1.4
7fbc7d88c000-7fbc7d894000 r-xp 00000000 08:03 4200208                    /usr/lib/x86_64-linux-gnu/libkrb5support.so.0.1
7fbc7d894000-7fbc7da93000 ---p 00008000 08:03 4200208                    /usr/lib/x86_64-linux-gnu/libkrb5support.so.0.1
7fbc7da93000-7fbc7da94000 r--p 00007000 08:03 4200208                    /usr/lib/x86_64-linux-gnu/libkrb5support.so.0.1
7fbc7da94000-7fbc7da95000 rw-p 00008000 08:03 4200208                    /usr/lib/x86_64-linux-gnu/libkrb5support.so.0.1
7fbc7da95000-7fbc7da98000 r-xp 00000000 08:03 12190576                   /lib/x86_64-linux-gnu/libcom_err.so.2.1
7fbc7da98000-7fbc7dc97000 ---p 00003000 08:03 12190576                   /lib/x86_64-linux-gnu/libcom_err.so.2.1
7fbc7dc97000-7fbc7dc98000 r--p 00002000 08:03 12190576                   /lib/x86_64-linux-gnu/libcom_err.so.2.1
7fbc7dc98000-7fbc7dc99000 rw-p 00003000 08:03 12190576                   /lib/x86_64-linux-gnu/libcom_err.so.2.1
7fbc7dc99000-7fbc7dcbf000 r-xp 00000000 08:03 4200198                    /usr/lib/x86_64-linux-gnu/libk5crypto.so.3.1
7fbc7dcbf000-7fbc7debf000 ---p 00026000 08:03 4200198                    /usr/lib/x86_64-linux-gnu/libk5crypto.so.3.1
7fbc7debf000-7fbc7dec0000 r--p 00026000 08:03 4200198                    /usr/lib/x86_64-linux-gnu/libk5crypto.so.3.1
7fbc7dec0000-7fbc7dec1000 rw-p 00027000 08:03 4200198                    /usr/lib/x86_64-linux-gnu/libk5crypto.so.3.1
7fbc7dec1000-7fbc7dec2000 rw-p 00000000 00:00 0 
7fbc7dec2000-7fbc7df8b000 r-xp 00000000 08:03 4200206                    /usr/lib/x86_64-linux-gnu/libkrb5.so.3.3
7fbc7df8b000-7fbc7e18a000 ---p 000c9000 08:03 4200206                    /usr/lib/x86_64-linux-gnu/libkrb5.so.3.3
7fbc7e18a000-7fbc7e194000 r--p 000c8000 08:03 4200206                    /usr/lib/x86_64-linux-gnu/libkrb5.so.3.3
7fbc7e194000-7fbc7e196000 rw-p 000d2000 08:03 4200206                    /usr/lib/x86_64-linux-gnu/libkrb5.so.3.3
7fbc7e196000-7fbc7e19b000 r-xp 00000000 08:03 4199743                    /usr/lib/x86_64-linux-gnu/libXdmcp.so.6.0.0
7fbc7e19b000-7fbc7e39a000 ---p 00005000 08:03 4199743                    /usr/lib/x86_64-linux-gnu/libXdmcp.so.6.0.0
7fbc7e39a000-7fbc7e39b000 rw-p 00004000 08:03 4199743                    /usr/lib/x86_64-linux-gnu/libXdmcp.so.6.0.0
7fbc7e39b000-7fbc7e39d000 r-xp 00000000 08:03 4199732                    /usr/lib/x86_64-linux-gnu/libXau.so.6.0.0
7fbc7e39d000-7fbc7e59d000 ---p 00002000 08:03 4199732                    /usr/lib/x86_64-linux-gnu/libXau.so.6.0.0
7fbc7e59d000-7fbc7e59e000 rw-p 00002000 08:03 4199732                    /usr/lib/x86_64-linux-gnu/libXau.so.6.0.0
7fbc7e59e000-7fbc7e5ae000 r-xp 00000000 08:03 4199807                    /usr/lib/x86_64-linux-gnu/libavahi-client.so.3.2.9
7fbc7e5ae000-7fbc7e7ad000 ---p 00010000 08:03 4199807                    /usr/lib/x86_64-linux-gnu/libavahi-client.so.3.2.9
7fbc7e7ad000-7fbc7e7ae000 r--p 0000f000 08:03 4199807                    /usr/lib/x86_64-linux-gnu/libavahi-client.so.3.2.9
7fbc7e7ae000-7fbc7e7af000 rw-p 00010000 08:03 4199807                    /usr/lib/x86_64-linux-gnu/libavahi-client.so.3.2.9
7fbc7e7af000-7fbc7e7bb000 r-xp 00000000 08:03 4199809                    /usr/lib/x86_64-linux-gnu/libavahi-common.so.3.5.3
7fbc7e7bb000-7fbc7e9ba000 ---p 0000c000 08:03 4199809                    /usr/lib/x86_64-linux-gnu/libavahi-common.so.3.5.3
7fbc7e9ba000-7fbc7e9bb000 r--p 0000b000 08:03 4199809                    /usr/lib/x86_64-linux-gnu/libavahi-common.so.3.5.3
7fbc7e9bb000-7fbc7e9bc000 rw-p 0000c000 08:03 4199809                    /usr/lib/x86_64-linux-gnu/libavahi-common.so.3.5.3
7fbc7e9bc000-7fbc7ea75000 r-xp 00000000 08:03 4200060                    /usr/lib/x86_64-linux-gnu/libgnutls.so.26.22.4
7fbc7ea75000-7fbc7ec74000 ---p 000b9000 08:03 4200060                    /usr/lib/x86_64-linux-gnu/libgnutls.so.26.22.4
7fbc7ec74000-7fbc7ec7a000 r--p 000b8000 08:03 4200060                    /usr/lib/x86_64-linux-gnu/libgnutls.so.26.22.4
7fbc7ec7a000-7fbc7ec7c000 rw-p 000be000 08:03 4200060                    /usr/lib/x86_64-linux-gnu/libgnutls.so.26.22.4
7fbc7ec7c000-7fbc7ecb8000 r-xp 00000000 08:03 4200085                    /usr/lib/x86_64-linux-gnu/libgssapi_krb5.so.2.2
7fbc7ecb8000-7fbc7eeb8000 ---p 0003c000 08:03 4200085                    /usr/lib/x86_64-linux-gnu/libgssapi_krb5.so.2.2
7fbc7eeb8000-7fbc7eeb9000 r--p 0003c000 08:03 4200085                    /usr/lib/x86_64-linux-gnu/libgssapi_krb5.so.2.2
7fbc7eeb9000-7fbc7eebb000 rw-p 0003d000 08:03 4200085                    /usr/lib/x86_64-linux-gnu/libgssapi_krb5.so.2.2
7fbc7eebb000-7fbc7eef7000 r-xp 00000000 08:03 12190663                   /lib/x86_64-linux-gnu/libpcre.so.3.13.1
7fbc7eef7000-7fbc7f0f7000 ---p 0003c000 08:03 12190663                   /lib/x86_64-linux-gnu/libpcre.so.3.13.1
7fbc7f0f7000-7fbc7f0f8000 rw-p 0003c000 08:03 12190663                   /lib/x86_64-linux-gnu/libpcre.so.3.13.1
7fbc7f0f8000-7fbc7f104000 r-xp 00000000 08:03 4199961                    /usr/lib/x86_64-linux-gnu/libffi.so.5.0.10
7fbc7f104000-7fbc7f304000 ---p 0000c000 08:03 4199961                    /usr/lib/x86_64-linux-gnu/libffi.so.5.0.10
7fbc7f304000-7fbc7f305000 rw-p 0000c000 08:03 4199961                    /usr/lib/x86_64-linux-gnu/libffi.so.5.0.10
7fbc7f305000-7fbc7f32c000 r-xp 00000000 08:03 12190588                   /lib/x86_64-linux-gnu/libexpat.so.1.6.0
7fbc7f32c000-7fbc7f52c000 ---p 00027000 08:03 12190588                   /lib/x86_64-linux-gnu/libexpat.so.1.6.0
7fbc7f52c000-7fbc7f52e000 r--p 00027000 08:03 12190588                   /lib/x86_64-linux-gnu/libexpat.so.1.6.0
7fbc7f52e000-7fbc7f52f000 rw-p 00029000 08:03 12190588                   /lib/x86_64-linux-gnu/libexpat.so.1.6.0
7fbc7f52f000-7fbc7f537000 r-xp 00000000 08:03 4200521                    /usr/lib/x86_64-linux-gnu/libxcb-render.so.0.0.0
7fbc7f537000-7fbc7f737000 ---p 00008000 08:03 4200521                    /usr/lib/x86_64-linux-gnu/libxcb-render.so.0.0.0
7fbc7f737000-7fbc7f738000 r--p 00008000 08:03 4200521                    /usr/lib/x86_64-linux-gnu/libxcb-render.so.0.0.0
7fbc7f738000-7fbc7f739000 rw-p 00009000 08:03 4200521                    /usr/lib/x86_64-linux-gnu/libxcb-render.so.0.0.0
7fbc7f739000-7fbc7f73b000 r-xp 00000000 08:03 4200525                    /usr/lib/x86_64-linux-gnu/libxcb-shm.so.0.0.0
7fbc7f73b000-7fbc7f93a000 ---p 00002000 08:03 4200525                    /usr/lib/x86_64-linux-gnu/libxcb-shm.so.0.0.0
7fbc7f93a000-7fbc7f93b000 r--p 00001000 08:03 4200525                    /usr/lib/x86_64-linux-gnu/libxcb-shm.so.0.0.0
7fbc7f93b000-7fbc7f93c000 rw-p 00002000 08:03 4200525                    /usr/lib/x86_64-linux-gnu/libxcb-shm.so.0.0.0
7fbc7f93c000-7fbc7f9bc000 r-xp 00000000 08:03 4200335                    /usr/lib/x86_64-linux-gnu/libpixman-1.so.0.26.0
7fbc7f9bc000-7fbc7fbbc000 ---p 00080000 08:03 4200335                    /usr/lib/x86_64-linux-gnu/libpixman-1.so.0.26.0
7fbc7fbbc000-7fbc7fbc2000 rw-p 00080000 08:03 4200335                    /usr/lib/x86_64-linux-gnu/libpixman-1.so.0.26.0
7fbc7fbc2000-7fbc7fbe8000 r-xp 00000000 08:03 12190665                   /lib/x86_64-linux-gnu/libpng12.so.0.49.0
7fbc7fbe8000-7fbc7fde7000 ---p 00026000 08:03 12190665                   /lib/x86_64-linux-gnu/libpng12.so.0.49.0
7fbc7fde7000-7fbc7fde8000 r--p 00025000 08:03 12190665                   /lib/x86_64-linux-gnu/libpng12.so.0.49.0
7fbc7fde8000-7fbc7fde9000 rw-p 00026000 08:03 12190665                   /lib/x86_64-linux-gnu/libpng12.so.0.49.0
7fbc7fde9000-7fbc7fdfd000 r-xp 00000000 08:03 12192206                   /lib/x86_64-linux-gnu/libresolv-2.19.so
7fbc7fdfd000-7fbc7fffc000 ---p 00014000 08:03 12192206                   /lib/x86_64-linux-gnu/libresolv-2.19.so
7fbc7fffc000-7fbc7fffd000 r--p 00013000 08:03 12192206                   /lib/x86_64-linux-gnu/libresolv-2.19.so
7fbc7fffd000-7fbc7fffe000 rw-p 00014000 08:03 12192206                   /lib/x86_64-linux-gnu/libresolv-2.19.so
7fbc7fffe000-7fbc80000000 rw-p 00000000 00:00 0 
7fbc80000000-7fbc80021000 rw-p 00000000 00:00 0 
7fbc80021000-7fbc84000000 ---p 00000000 00:00 0 
7fbc84007000-7fbc8400a000 ---p 00000000 00:00 0 
7fbc8400a000-7fbc84108000 rw-p 00000000 00:00 0 
7fbc84108000-7fbc84126000 r-xp 00000000 08:03 12190680                   /lib/x86_64-linux-gnu/libselinux.so.1
7fbc84126000-7fbc84325000 ---p 0001e000 08:03 12190680                   /lib/x86_64-linux-gnu/libselinux.so.1
7fbc84325000-7fbc84326000 r--p 0001d000 08:03 12190680                   /lib/x86_64-linux-gnu/libselinux.so.1
7fbc84326000-7fbc84327000 rw-p 0001e000 08:03 12190680                   /lib/x86_64-linux-gnu/libselinux.so.1
7fbc84327000-7fbc84328000 rw-p 00000000 00:00 0 
7fbc84328000-7fbc8432b000 r-xp 00000000 08:03 4200052                    /usr/lib/x86_64-linux-gnu/libgmodule-2.0.so.0.3200.4
7fbc8432b000-7fbc8452a000 ---p 00003000 08:03 4200052                    /usr/lib/x86_64-linux-gnu/libgmodule-2.0.so.0.3200.4
7fbc8452a000-7fbc8452b000 r--p 00002000 08:03 4200052                    /usr/lib/x86_64-linux-gnu/libgmodule-2.0.so.0.3200.4
7fbc8452b000-7fbc8452c000 rw-p 00003000 08:03 4200052                    /usr/lib/x86_64-linux-gnu/libgmodule-2.0.so.0.3200.4
7fbc8452c000-7fbc84536000 r-xp 00000000 08:03 4199739                    /usr/lib/x86_64-linux-gnu/libXcursor.so.1.0.2
7fbc84536000-7fbc84735000 ---p 0000a000 08:03 4199739                    /usr/lib/x86_64-linux-gnu/libXcursor.so.1.0.2
7fbc84735000-7fbc84736000 rw-p 00009000 08:03 4199739                    /usr/lib/x86_64-linux-gnu/libXcursor.so.1.0.2
7fbc84736000-7fbc8473d000 r-xp 00000000 08:03 4199761                    /usr/lib/x86_64-linux-gnu/libXrandr.so.2.2.0
7fbc8473d000-7fbc8493d000 ---p 00007000 08:03 4199761                    /usr/lib/x86_64-linux-gnu/libXrandr.so.2.2.0
7fbc8493d000-7fbc8493e000 rw-p 00007000 08:03 4199761                    /usr/lib/x86_64-linux-gnu/libXrandr.so.2.2.0
7fbc8493e000-7fbc84940000 r-xp 00000000 08:03 4199753                    /usr/lib/x86_64-linux-gnu/libXinerama.so.1.0.0
7fbc84940000-7fbc84b3f000 ---p 00002000 08:03 4199753                    /usr/lib/x86_64-linux-gnu/libXinerama.so.1.0.0
7fbc84b3f000-7fbc84b40000 rw-p 00001000 08:03 4199753                    /usr/lib/x86_64-linux-gnu/libXinerama.so.1.0.0
7fbc84b40000-7fbc84b45000 r-xp 00000000 08:03 4199747                    /usr/lib/x86_64-linux-gnu/libXfixes.so.3.1.0
7fbc84b45000-7fbc84d44000 ---p 00005000 08:03 4199747                    /usr/lib/x86_64-linux-gnu/libXfixes.so.3.1.0
7fbc84d44000-7fbc84d45000 r--p 00004000 08:03 4199747                    /usr/lib/x86_64-linux-gnu/libXfixes.so.3.1.0
7fbc84d45000-7fbc84d46000 rw-p 00005000 08:03 4199747                    /usr/lib/x86_64-linux-gnu/libXfixes.so.3.1.0
7fbc84d46000-7fbc84d48000 r-xp 00000000 08:03 4199741                    /usr/lib/x86_64-linux-gnu/libXdamage.so.1.1.0
7fbc84d48000-7fbc84f47000 ---p 00002000 08:03 4199741                    /usr/lib/x86_64-linux-gnu/libXdamage.so.1.1.0
7fbc84f47000-7fbc84f48000 rw-p 00001000 08:03 4199741                    /usr/lib/x86_64-linux-gnu/libXdamage.so.1.1.0
7fbc84f48000-7fbc84f4a000 r-xp 00000000 08:03 4199737                    /usr/lib/x86_64-linux-gnu/libXcomposite.so.1.0.0
7fbc84f4a000-7fbc85149000 ---p 00002000 08:03 4199737                    /usr/lib/x86_64-linux-gnu/libXcomposite.so.1.0.0
7fbc85149000-7fbc8514a000 rw-p 00001000 08:03 4199737                    /usr/lib/x86_64-linux-gnu/libXcomposite.so.1.0.0
7fbc8514a000-7fbc85169000 r-xp 00000000 08:03 4200529                    /usr/lib/x86_64-linux-gnu/libxcb.so.1.1.0
7fbc85169000-7fbc85368000 ---p 0001f000 08:03 4200529                    /usr/lib/x86_64-linux-gnu/libxcb.so.1.1.0
7fbc85368000-7fbc85369000 r--p 0001e000 08:03 4200529                    /usr/lib/x86_64-linux-gnu/libxcb.so.1.1.0
7fbc85369000-7fbc8536a000 rw-p 0001f000 08:03 4200529                    /usr/lib/x86_64-linux-gnu/libxcb.so.1.1.0
7fbc8536a000-7fbc853bd000 r-xp 00000000 08:03 4199889                    /usr/lib/x86_64-linux-gnu/libcups.so.2
7fbc853bd000-7fbc855bc000 ---p 00053000 08:03 4199889                    /usr/lib/x86_64-linux-gnu/libcups.so.2
7fbc855bc000-7fbc855c1000 r--p 00052000 08:03 4199889                    /usr/lib/x86_64-linux-gnu/libcups.so.2
7fbc855c1000-7fbc855c2000 rw-p 00057000 08:03 4199889                    /usr/lib/x86_64-linux-gnu/libcups.so.2
7fbc855c2000-7fbc856b7000 r-xp 00000000 08:03 12190597                   /lib/x86_64-linux-gnu/libglib-2.0.so.0.3200.4
7fbc856b7000-7fbc858b7000 ---p 000f5000 08:03 12190597                   /lib/x86_64-linux-gnu/libglib-2.0.so.0.3200.4
7fbc858b7000-7fbc858b8000 r--p 000f5000 08:03 12190597                   /lib/x86_64-linux-gnu/libglib-2.0.so.0.3200.4
7fbc858b8000-7fbc858b9000 rw-p 000f6000 08:03 12190597                   /lib/x86_64-linux-gnu/libglib-2.0.so.0.3200.4
7fbc858b9000-7fbc858ba000 rw-p 00000000 00:00 0 
7fbc858ba000-7fbc858bb000 r-xp 00000000 08:03 4200137                    /usr/lib/x86_64-linux-gnu/libgthread-2.0.so.0.3200.4
7fbc858bb000-7fbc85aba000 ---p 00001000 08:03 4200137                    /usr/lib/x86_64-linux-gnu/libgthread-2.0.so.0.3200.4
7fbc85aba000-7fbc85abb000 r--p 00000000 08:03 4200137                    /usr/lib/x86_64-linux-gnu/libgthread-2.0.so.0.3200.4
7fbc85abb000-7fbc85abc000 rw-p 00001000 08:03 4200137                    /usr/lib/x86_64-linux-gnu/libgthread-2.0.so.0.3200.4
7fbc85abc000-7fbc85b0a000 r-xp 00000000 08:03 4200068                    /usr/lib/x86_64-linux-gnu/libgobject-2.0.so.0.3200.4
7fbc85b0a000-7fbc85d0a000 ---p 0004e000 08:03 4200068                    /usr/lib/x86_64-linux-gnu/libgobject-2.0.so.0.3200.4
7fbc85d0a000-7fbc85d0b000 r--p 0004e000 08:03 4200068                    /usr/lib/x86_64-linux-gnu/libgobject-2.0.so.0.3200.4
7fbc85d0b000-7fbc85d0c000 rw-p 0004f000 08:03 4200068                    /usr/lib/x86_64-linux-gnu/libgobject-2.0.so.0.3200.4
7fbc85d0c000-7fbc85d41000 r-xp 00000000 08:03 4199999                    /usr/lib/x86_64-linux-gnu/libfontconfig.so.1.5.0
7fbc85d41000-7fbc85f41000 ---p 00035000 08:03 4199999                    /usr/lib/x86_64-linux-gnu/libfontconfig.so.1.5.0
7fbc85f41000-7fbc85f42000 r--p 00035000 08:03 4199999                    /usr/lib/x86_64-linux-gnu/libfontconfig.so.1.5.0
7fbc85f42000-7fbc85f43000 rw-p 00036000 08:03 4199999                    /usr/lib/x86_64-linux-gnu/libfontconfig.so.1.5.0
7fbc85f43000-7fbc85fdc000 r-xp 00000000 08:03 4200007                    /usr/lib/x86_64-linux-gnu/libfreetype.so.6.8.1
7fbc85fdc000-7fbc861db000 ---p 00099000 08:03 4200007                    /usr/lib/x86_64-linux-gnu/libfreetype.so.6.8.1
7fbc861db000-7fbc861e1000 r--p 00098000 08:03 4200007                    /usr/lib/x86_64-linux-gnu/libfreetype.so.6.8.1
7fbc861e1000-7fbc861e2000 rw-p 0009e000 08:03 4200007                    /usr/lib/x86_64-linux-gnu/libfreetype.so.6.8.1
7fbc861e2000-7fbc8622c000 r-xp 00000000 08:03 4200313                    /usr/lib/x86_64-linux-gnu/libpango-1.0.so.0.3000.0
7fbc8622c000-7fbc8642c000 ---p 0004a000 08:03 4200313                    /usr/lib/x86_64-linux-gnu/libpango-1.0.so.0.3000.0
7fbc8642c000-7fbc8642e000 r--p 0004a000 08:03 4200313                    /usr/lib/x86_64-linux-gnu/libpango-1.0.so.0.3000.0
7fbc8642e000-7fbc8642f000 rw-p 0004c000 08:03 4200313                    /usr/lib/x86_64-linux-gnu/libpango-1.0.so.0.3000.0
7fbc8642f000-7fbc86523000 r-xp 00000000 08:03 4199843                    /usr/lib/x86_64-linux-gnu/libcairo.so.2.11200.2
7fbc86523000-7fbc86722000 ---p 000f4000 08:03 4199843                    /usr/lib/x86_64-linux-gnu/libcairo.so.2.11200.2
7fbc86722000-7fbc86725000 r--p 000f3000 08:03 4199843                    /usr/lib/x86_64-linux-gnu/libcairo.so.2.11200.2
7fbc86725000-7fbc86726000 rw-p 000f6000 08:03 4199843                    /usr/lib/x86_64-linux-gnu/libcairo.so.2.11200.2
7fbc86726000-7fbc86728000 rw-p 00000000 00:00 0 
7fbc86728000-7fbc86747000 r-xp 00000000 08:03 4200030                    /usr/lib/x86_64-linux-gnu/libgdk_pixbuf-2.0.so.0.2600.1
7fbc86747000-7fbc86946000 ---p 0001f000 08:03 4200030                    /usr/lib/x86_64-linux-gnu/libgdk_pixbuf-2.0.so.0.2600.1
7fbc86946000-7fbc86947000 r--p 0001e000 08:03 4200030                    /usr/lib/x86_64-linux-gnu/libgdk_pixbuf-2.0.so.0.2600.1
7fbc86947000-7fbc86948000 rw-p 0001f000 08:03 4200030                    /usr/lib/x86_64-linux-gnu/libgdk_pixbuf-2.0.so.0.2600.1
7fbc86948000-7fbc86954000 r-xp 00000000 08:03 4200315                    /usr/lib/x86_64-linux-gnu/libpangocairo-1.0.so.0.3000.0
7fbc86954000-7fbc86b53000 ---p 0000c000 08:03 4200315                    /usr/lib/x86_64-linux-gnu/libpangocairo-1.0.so.0.3000.0
7fbc86b53000-7fbc86b54000 r--p 0000b000 08:03 4200315                    /usr/lib/x86_64-linux-gnu/libpangocairo-1.0.so.0.3000.0
7fbc86b54000-7fbc86b55000 rw-p 0000c000 08:03 4200315                    /usr/lib/x86_64-linux-gnu/libpangocairo-1.0.so.0.3000.0
7fbc86b55000-7fbc86b7f000 r-xp 00000000 08:03 4200317                    /usr/lib/x86_64-linux-gnu/libpangoft2-1.0.so.0.3000.0
7fbc86b7f000-7fbc86d7e000 ---p 0002a000 08:03 4200317                    /usr/lib/x86_64-linux-gnu/libpangoft2-1.0.so.0.3000.0
7fbc86d7e000-7fbc86d7f000 r--p 00029000 08:03 4200317                    /usr/lib/x86_64-linux-gnu/libpangoft2-1.0.so.0.3000.0
7fbc86d7f000-7fbc86d80000 rw-p 0002a000 08:03 4200317                    /usr/lib/x86_64-linux-gnu/libpangoft2-1.0.so.0.3000.0
7fbc86d80000-7fbc86ecc000 r-xp 00000000 08:03 4200042                    /usr/lib/x86_64-linux-gnu/libgio-2.0.so.0.3200.4
7fbc86ecc000-7fbc870cb000 ---p 0014c000 08:03 4200042                    /usr/lib/x86_64-linux-gnu/libgio-2.0.so.0.3200.4
7fbc870cb000-7fbc870cf000 r--p 0014b000 08:03 4200042                    /usr/lib/x86_64-linux-gnu/libgio-2.0.so.0.3200.4
7fbc870cf000-7fbc870d1000 rw-p 0014f000 08:03 4200042                    /usr/lib/x86_64-linux-gnu/libgio-2.0.so.0.3200.4
7fbc870d1000-7fbc870d3000 rw-p 00000000 00:00 0 
7fbc870d3000-7fbc870f4000 r-xp 00000000 08:03 4199799                    /usr/lib/x86_64-linux-gnu/libatk-1.0.so.0.20409.1
7fbc870f4000-7fbc872f3000 ---p 00021000 08:03 4199799                    /usr/lib/x86_64-linux-gnu/libatk-1.0.so.0.20409.1
7fbc872f3000-7fbc872f5000 r--p 00020000 08:03 4199799                    /usr/lib/x86_64-linux-gnu/libatk-1.0.so.0.20409.1
7fbc872f5000-7fbc872f6000 rw-p 00022000 08:03 4199799                    /usr/lib/x86_64-linux-gnu/libatk-1.0.so.0.20409.1
7fbc872f6000-7fbc873a5000 r-xp 00000000 08:03 4200028                    /usr/lib/x86_64-linux-gnu/libgdk-x11-2.0.so.0.2400.10
7fbc873a5000-7fbc875a4000 ---p 000af000 08:03 4200028                    /usr/lib/x86_64-linux-gnu/libgdk-x11-2.0.so.0.2400.10
7fbc875a4000-7fbc875a9000 rw-p 000ae000 08:03 4200028                    /usr/lib/x86_64-linux-gnu/libgdk-x11-2.0.so.0.2400.10
7fbc875a9000-7fbc879db000 r-xp 00000000 08:03 4200141                    /usr/lib/x86_64-linux-gnu/libgtk-x11-2.0.so.0.2400.10
7fbc879db000-7fbc87bdb000 ---p 00432000 08:03 4200141                    /usr/lib/x86_64-linux-gnu/libgtk-x11-2.0.so.0.2400.10
7fbc87bdb000-7fbc87be6000 rw-p 00432000 08:03 4200141                    /usr/lib/x86_64-linux-gnu/libgtk-x11-2.0.so.0.2400.10
7fbc87be6000-7fbc87be8000 rw-p 00000000 00:00 0 
7fbc87be8000-7fbc87bf6000 r-xp 00000000 08:03 4199751                    /usr/lib/x86_64-linux-gnu/libXi.so.6.1.0
7fbc87bf6000-7fbc87df6000 ---p 0000e000 08:03 4199751                    /usr/lib/x86_64-linux-gnu/libXi.so.6.1.0
7fbc87df6000-7fbc87df7000 rw-p 0000e000 08:03 4199751                    /usr/lib/x86_64-linux-gnu/libXi.so.6.1.0
7fbc87df7000-7fbc87e00000 r-xp 00000000 08:03 4199763                    /usr/lib/x86_64-linux-gnu/libXrender.so.1.3.0
7fbc87e00000-7fbc87fff000 ---p 00009000 08:03 4199763                    /usr/lib/x86_64-linux-gnu/libXrender.so.1.3.0
7fbc87fff000-7fbc88000000 rw-p 00008000 08:03 4199763                    /usr/lib/x86_64-linux-gnu/libXrender.so.1.3.0
7fbc88000000-7fbc88021000 rw-p 00000000 00:00 0 
7fbc88021000-7fbc8c000000 ---p 00000000 00:00 0 
7fbc8c000000-7fbc8c005000 r-xp 00000000 08:03 4199769                    /usr/lib/x86_64-linux-gnu/libXtst.so.6.1.0
7fbc8c005000-7fbc8c204000 ---p 00005000 08:03 4199769                    /usr/lib/x86_64-linux-gnu/libXtst.so.6.1.0
7fbc8c204000-7fbc8c205000 rw-p 00004000 08:03 4199769                    /usr/lib/x86_64-linux-gnu/libXtst.so.6.1.0
7fbc8c205000-7fbc8c33a000 r-xp 00000000 08:03 4199728                    /usr/lib/x86_64-linux-gnu/libX11.so.6.3.0
7fbc8c33a000-7fbc8c53a000 ---p 00135000 08:03 4199728                    /usr/lib/x86_64-linux-gnu/libX11.so.6.3.0
7fbc8c53a000-7fbc8c540000 rw-p 00135000 08:03 4199728                    /usr/lib/x86_64-linux-gnu/libX11.so.6.3.0
7fbc8c540000-7fbc8c551000 r-xp 00000000 08:03 4199745                    /usr/lib/x86_64-linux-gnu/libXext.so.6.4.0
7fbc8c551000-7fbc8c751000 ---p 00011000 08:03 4199745                    /usr/lib/x86_64-linux-gnu/libXext.so.6.4.0
7fbc8c751000-7fbc8c752000 rw-p 00011000 08:03 4199745                    /usr/lib/x86_64-linux-gnu/libXext.so.6.4.0
7fbc8c755000-7fbc8c760000 r--s 00203000 08:03 3934232                    /usr/lib/jvm/java-7-openjdk-amd64/jre/lib/charsets.jar
7fbc8c760000-7fbc8c761000 rw-s 00005000 00:05 7289                       /dev/ati/card0
7fbc8c761000-7fbc8c763000 rw-s 00002000 00:05 7289                       /dev/ati/card0
7fbc8c763000-7fbc8c76a000 r--s 00000000 08:03 4206154                    /usr/lib/x86_64-linux-gnu/gconv/gconv-modules.cache
7fbc8c76a000-7fbc8c773000 r--s 000b9000 08:03 3934170                    /usr/lib/jvm/java-7-openjdk-amd64/jre/lib/resources.jar
7fbc8c773000-7fbc8c7c6000 r-xp 00000000 08:03 3934319                    /usr/lib/jvm/java-7-openjdk-amd64/jre/lib/amd64/xawt/libmawt.so
7fbc8c7c6000-7fbc8c9c5000 ---p 00053000 08:03 3934319                    /usr/lib/jvm/java-7-openjdk-amd64/jre/lib/amd64/xawt/libmawt.so
7fbc8c9c5000-7fbc8c9c6000 r--p 00052000 08:03 3934319                    /usr/lib/jvm/java-7-openjdk-amd64/jre/lib/amd64/xawt/libmawt.so
7fbc8c9c6000-7fbc8c9c9000 rw-p 00053000 08:03 3934319                    /usr/lib/jvm/java-7-openjdk-amd64/jre/lib/amd64/xawt/libmawt.so
7fbc8c9c9000-7fbc8c9ca000 rw-p 00000000 00:00 0 
7fbc8c9ca000-7fbc8ca6b000 r-xp 00000000 08:03 3934218                    /usr/lib/jvm/java-7-openjdk-amd64/jre/lib/amd64/libawt.so
7fbc8ca6b000-7fbc8cc6a000 ---p 000a1000 08:03 3934218                    /usr/lib/jvm/java-7-openjdk-amd64/jre/lib/amd64/libawt.so
7fbc8cc6a000-7fbc8cc6b000 r--p 000a0000 08:03 3934218                    /usr/lib/jvm/java-7-openjdk-amd64/jre/lib/amd64/libawt.so
7fbc8cc6b000-7fbc8cc76000 rw-p 000a1000 08:03 3934218                    /usr/lib/jvm/java-7-openjdk-amd64/jre/lib/amd64/libawt.so
7fbc8cc76000-7fbc8cc9b000 rw-p 00000000 00:00 0 
7fbc8cc9b000-7fbc8ccd8000 r-xp 00000000 08:03 10486182                   /tmp/libgdxchobe/5502b6ed/libgdx64.so
7fbc8ccd8000-7fbc8ced7000 ---p 0003d000 08:03 10486182                   /tmp/libgdxchobe/5502b6ed/libgdx64.so
7fbc8ced7000-7fbc8ced8000 r--p 0003c000 08:03 10486182                   /tmp/libgdxchobe/5502b6ed/libgdx64.so
7fbc8ced8000-7fbc8ced9000 rw-p 0003d000 08:03 10486182                   /tmp/libgdxchobe/5502b6ed/libgdx64.so
7fbc8ced9000-7fbc8ceda000 ---p 00000000 00:00 0 
7fbc8ceda000-7fbc8cfda000 rw-p 00000000 00:00 0 
7fbc8cfda000-7fbc8cfdd000 ---p 00000000 00:00 0 
7fbc8cfdd000-7fbc8d0db000 rw-p 00000000 00:00 0 
7fbc8d0db000-7fbc8d0de000 ---p 00000000 00:00 0 
7fbc8d0de000-7fbc8d1dc000 rw-p 00000000 00:00 0 
7fbc8d1dc000-7fbc8d1df000 ---p 00000000 00:00 0 
7fbc8d1df000-7fbc8d2dd000 rw-p 00000000 00:00 0 
7fbc8d2dd000-7fbc8d2e0000 ---p 00000000 00:00 0 
7fbc8d2e0000-7fbc8d3de000 rw-p 00000000 00:00 0 
7fbc8d3de000-7fbc8d567000 r--p 00000000 08:03 4067802                    /usr/lib/locale/locale-archive
7fbc8d567000-7fbc8d56a000 ---p 00000000 00:00 0 
7fbc8d56a000-7fbc8d668000 rw-p 00000000 00:00 0 
7fbc8d668000-7fbc8d66b000 ---p 00000000 00:00 0 
7fbc8d66b000-7fbc8d769000 rw-p 00000000 00:00 0 
7fbc8d769000-7fbc8d76a000 ---p 00000000 00:00 0 
7fbc8d76a000-7fbc8e867000 rw-p 00000000 00:00 0 
7fbc8e867000-7fbc8ea15000 r--s 01cfc000 08:03 3934153                    /usr/lib/jvm/java-7-openjdk-amd64/jre/lib/rt.jar
7fbc8ea15000-7fbc91000000 rw-p 00000000 00:00 0 
7fbc91000000-7fbc91270000 rwxp 00000000 00:00 0 
7fbc91270000-7fbc94362000 rw-p 00000000 00:00 0 
7fbc94362000-7fbc98000000 ---p 00000000 00:00 0 
7fbc98000000-7fbc98005000 r--s 0004c000 08:03 3934152                    /usr/lib/jvm/java-7-openjdk-amd64/jre/lib/jsse.jar
7fbc98005000-7fbc98006000 r--s 00002000 08:03 10488693                   /home/chobe/.gradle/caches/modules-2/files-2.1/net.java.jinput/jinput-platform/2.0.5/53f9c919f34d2ca9de8c51fc4e1e8282029a9232/jinput-platform-2.0.5-natives-osx.jar
7fbc98006000-7fbc98007000 r--s 00025000 08:03 10488692                   /home/chobe/.gradle/caches/modules-2/files-2.1/net.java.jinput/jinput-platform/2.0.5/385ee093e01f587f30ee1c8a2ee7d408fd732e16/jinput-platform-2.0.5-natives-windows.jar
7fbc98007000-7fbc98008000 r--s 00002000 08:03 10488691                   /home/chobe/.gradle/caches/modules-2/files-2.1/net.java.jinput/jinput-platform/2.0.5/7ff832a6eb9ab6a767f1ade2b548092d0fa64795/jinput-platform-2.0.5-natives-linux.jar
7fbc98008000-7fbc98009000 r--s 00001000 08:03 10488690                   /home/chobe/.gradle/caches/modules-2/files-2.1/net.java.jutils/jutils/1.0.0/e12fe1fda814bd348c1579329c86943d2cd3c6a6/jutils-1.0.0.jar
7fbc98009000-7fbc9800d000 r--s 0002f000 08:03 10488689                   /home/chobe/.gradle/caches/modules-2/files-2.1/net.java.jinput/jinput/2.0.5/39c7796b469a600f72380316f6b1f11db6c2c7c4/jinput-2.0.5.jar
7fbc9800d000-7fbc9800e000 r--s 00080000 08:03 10488688                   /home/chobe/.gradle/caches/modules-2/files-2.1/org.lwjgl.lwjgl/lwjgl-platform/2.9.1/2d12c83fdfbc04ecabf02c7bc8cc54d034f0daac/lwjgl-platform-2.9.1-natives-osx.jar
7fbc9800e000-7fbc9800f000 r--s 0008b000 08:03 10488687                   /home/chobe/.gradle/caches/modules-2/files-2.1/org.lwjgl.lwjgl/lwjgl-platform/2.9.1/aa9aae879af8eb378e22cfc64db56ec2ca9a44d1/lwjgl-platform-2.9.1-natives-linux.jar
7fbc9800f000-7fbc98010000 r--s 00095000 08:03 10488686                   /home/chobe/.gradle/caches/modules-2/files-2.1/org.lwjgl.lwjgl/lwjgl-platform/2.9.1/4c517eca808522457dd95ee8fc1fbcdbb602efbe/lwjgl-platform-2.9.1-natives-windows.jar
7fbc98010000-7fbc98012000 r--s 00017000 08:03 10488685                   /home/chobe/.gradle/caches/modules-2/files-2.1/org.jcraft/jorbis/0.0.17/8872d22b293e8f5d7d56ff92be966e6dc28ebdc6/jorbis-0.0.17.jar
7fbc98012000-7fbc98013000 r--s 00015000 08:03 10488684                   /home/chobe/.gradle/caches/modules-2/files-2.1/com.badlogicgames.jlayer/jlayer/1.0.1-gdx/7cca83cec5c1b2f011362f4d85aabd71a73b049d/jlayer-1.0.1-gdx.jar
7fbc98013000-7fbc98017000 r--s 00027000 08:03 10488683                   /home/chobe/.gradle/caches/modules-2/files-2.1/org.lwjgl.lwjgl/lwjgl_util/2.9.1/290d7ba8a1bd9566f5ddf16ad06f09af5ec9b20e/lwjgl_util-2.9.1.jar
7fbc98017000-7fbc98025000 r--s 000ea000 08:03 10488682                   /home/chobe/.gradle/caches/modules-2/files-2.1/org.lwjgl.lwjgl/lwjgl/2.9.1/f58c5aabcef0e41718a564be9f8e412fff8db847/lwjgl-2.9.1.jar
7fbc98025000-7fbc9803a000 r--s 00153000 08:03 10488660                   /home/chobe/.gradle/caches/modules-2/files-2.1/com.badlogicgames.gdx/gdx/1.1.0/686f5a609c717eb0769d3b954c501a49bf4fe351/gdx-1.1.0.jar
7fbc9803a000-7fbc9803b000 r--s 000cd000 08:03 10488678                   /home/chobe/.gradle/caches/modules-2/files-2.1/com.badlogicgames.gdx/gdx-platform/1.1.0/1c7ea4239c2d9adda420c15985fe3885c481fdcf/gdx-platform-1.1.0-natives-desktop.jar
7fbc9803b000-7fbc98134000 rw-p 00000000 00:00 0 
7fbc98134000-7fbc98135000 ---p 00000000 00:00 0 
7fbc98135000-7fbc98235000 rw-p 00000000 00:00 0 
7fbc98235000-7fbc98236000 ---p 00000000 00:00 0 
7fbc98236000-7fbc98336000 rw-p 00000000 00:00 0 
7fbc98336000-7fbc98337000 ---p 00000000 00:00 0 
7fbc98337000-7fbc98437000 rw-p 00000000 00:00 0 
7fbc98437000-7fbc98438000 ---p 00000000 00:00 0 
7fbc98438000-7fbc98543000 rw-p 00000000 00:00 0 
7fbc98543000-7fbc9858b000 rw-p 00000000 00:00 0 
7fbc9858b000-7fbc985a0000 rw-p 00000000 00:00 0 
7fbc985a0000-7fbc986d1000 rw-p 00000000 00:00 0 
7fbc986d1000-7fbc986dc000 rw-p 00000000 00:00 0 
7fbc986dc000-7fbc98724000 rw-p 00000000 00:00 0 
7fbc98724000-7fbc98739000 rw-p 00000000 00:00 0 
7fbc98739000-7fbc98869000 rw-p 00000000 00:00 0 
7fbc98869000-7fbc98874000 rw-p 00000000 00:00 0 
7fbc98874000-7fbc9890c000 rw-p 00000000 00:00 0 
7fbc9890c000-7fbc9890d000 rw-p 00000000 00:00 0 
7fbc9890d000-7fbc98915000 r-xp 00000000 08:03 3934210                    /usr/lib/jvm/java-7-openjdk-amd64/jre/lib/amd64/libzip.so
7fbc98915000-7fbc98b14000 ---p 00008000 08:03 3934210                    /usr/lib/jvm/java-7-openjdk-amd64/jre/lib/amd64/libzip.so
7fbc98b14000-7fbc98b15000 r--p 00007000 08:03 3934210                    /usr/lib/jvm/java-7-openjdk-amd64/jre/lib/amd64/libzip.so
7fbc98b15000-7fbc98b16000 rw-p 00008000 08:03 3934210                    /usr/lib/jvm/java-7-openjdk-amd64/jre/lib/amd64/libzip.so
7fbc98b16000-7fbc98b21000 r-xp 00000000 08:03 12192223                   /lib/x86_64-linux-gnu/libnss_files-2.19.so
7fbc98b21000-7fbc98d20000 ---p 0000b000 08:03 12192223                   /lib/x86_64-linux-gnu/libnss_files-2.19.so
7fbc98d20000-7fbc98d21000 r--p 0000a000 08:03 12192223                   /lib/x86_64-linux-gnu/libnss_files-2.19.so
7fbc98d21000-7fbc98d22000 rw-p 0000b000 08:03 12192223                   /lib/x86_64-linux-gnu/libnss_files-2.19.so
7fbc98d22000-7fbc98d2c000 r-xp 00000000 08:03 12192211                   /lib/x86_64-linux-gnu/libnss_nis-2.19.so
7fbc98d2c000-7fbc98f2b000 ---p 0000a000 08:03 12192211                   /lib/x86_64-linux-gnu/libnss_nis-2.19.so
7fbc98f2b000-7fbc98f2c000 r--p 00009000 08:03 12192211                   /lib/x86_64-linux-gnu/libnss_nis-2.19.so
7fbc98f2c000-7fbc98f2d000 rw-p 0000a000 08:03 12192211                   /lib/x86_64-linux-gnu/libnss_nis-2.19.so
7fbc98f2d000-7fbc98f42000 r-xp 00000000 08:03 12192215                   /lib/x86_64-linux-gnu/libnsl-2.19.so
7fbc98f42000-7fbc99141000 ---p 00015000 08:03 12192215                   /lib/x86_64-linux-gnu/libnsl-2.19.so
7fbc99141000-7fbc99142000 r--p 00014000 08:03 12192215                   /lib/x86_64-linux-gnu/libnsl-2.19.so
7fbc99142000-7fbc99143000 rw-p 00015000 08:03 12192215                   /lib/x86_64-linux-gnu/libnsl-2.19.so
7fbc99143000-7fbc99145000 rw-p 00000000 00:00 0 
7fbc99145000-7fbc9914c000 r-xp 00000000 08:03 12192212                   /lib/x86_64-linux-gnu/libnss_compat-2.19.so
7fbc9914c000-7fbc9934b000 ---p 00007000 08:03 12192212                   /lib/x86_64-linux-gnu/libnss_compat-2.19.so
7fbc9934b000-7fbc9934c000 r--p 00006000 08:03 12192212                   /lib/x86_64-linux-gnu/libnss_compat-2.19.so
7fbc9934c000-7fbc9934d000 rw-p 00007000 08:03 12192212                   /lib/x86_64-linux-gnu/libnss_compat-2.19.so
7fbc9934d000-7fbc99378000 r-xp 00000000 08:03 3934215                    /usr/lib/jvm/java-7-openjdk-amd64/jre/lib/amd64/libjava.so
7fbc99378000-7fbc99577000 ---p 0002b000 08:03 3934215                    /usr/lib/jvm/java-7-openjdk-amd64/jre/lib/amd64/libjava.so
7fbc99577000-7fbc99578000 r--p 0002a000 08:03 3934215                    /usr/lib/jvm/java-7-openjdk-amd64/jre/lib/amd64/libjava.so
7fbc99578000-7fbc9957a000 rw-p 0002b000 08:03 3934215                    /usr/lib/jvm/java-7-openjdk-amd64/jre/lib/amd64/libjava.so
7fbc9957a000-7fbc99589000 r-xp 00000000 08:03 3934216                    /usr/lib/jvm/java-7-openjdk-amd64/jre/lib/amd64/libverify.so
7fbc99589000-7fbc99788000 ---p 0000f000 08:03 3934216                    /usr/lib/jvm/java-7-openjdk-amd64/jre/lib/amd64/libverify.so
7fbc99788000-7fbc9978a000 r--p 0000e000 08:03 3934216                    /usr/lib/jvm/java-7-openjdk-amd64/jre/lib/amd64/libverify.so
7fbc9978a000-7fbc9978b000 rw-p 00010000 08:03 3934216                    /usr/lib/jvm/java-7-openjdk-amd64/jre/lib/amd64/libverify.so
7fbc9978b000-7fbc99792000 r-xp 00000000 08:03 12192213                   /lib/x86_64-linux-gnu/librt-2.19.so
7fbc99792000-7fbc99991000 ---p 00007000 08:03 12192213                   /lib/x86_64-linux-gnu/librt-2.19.so
7fbc99991000-7fbc99992000 r--p 00006000 08:03 12192213                   /lib/x86_64-linux-gnu/librt-2.19.so
7fbc99992000-7fbc99993000 rw-p 00007000 08:03 12192213                   /lib/x86_64-linux-gnu/librt-2.19.so
7fbc99993000-7fbc999a8000 r-xp 00000000 08:03 12190593                   /lib/x86_64-linux-gnu/libgcc_s.so.1
7fbc999a8000-7fbc99ba8000 ---p 00015000 08:03 12190593                   /lib/x86_64-linux-gnu/libgcc_s.so.1
7fbc99ba8000-7fbc99ba9000 rw-p 00015000 08:03 12190593                   /lib/x86_64-linux-gnu/libgcc_s.so.1
7fbc99ba9000-7fbc99ca9000 r-xp 00000000 08:03 12192221                   /lib/x86_64-linux-gnu/libm-2.19.so
7fbc99ca9000-7fbc99ea8000 ---p 00100000 08:03 12192221                   /lib/x86_64-linux-gnu/libm-2.19.so
7fbc99ea8000-7fbc99ea9000 r--p 000ff000 08:03 12192221                   /lib/x86_64-linux-gnu/libm-2.19.so
7fbc99ea9000-7fbc99eaa000 rw-p 00100000 08:03 12192221                   /lib/x86_64-linux-gnu/libm-2.19.so
7fbc99eaa000-7fbc99f92000 r-xp 00000000 08:03 4200440                    /usr/lib/x86_64-linux-gnu/libstdc++.so.6.0.17
7fbc99f92000-7fbc9a192000 ---p 000e8000 08:03 4200440                    /usr/lib/x86_64-linux-gnu/libstdc++.so.6.0.17
7fbc9a192000-7fbc9a19a000 r--p 000e8000 08:03 4200440                    /usr/lib/x86_64-linux-gnu/libstdc++.so.6.0.17
7fbc9a19a000-7fbc9a19c000 rw-p 000f0000 08:03 4200440                    /usr/lib/x86_64-linux-gnu/libstdc++.so.6.0.17
7fbc9a19c000-7fbc9a1b1000 rw-p 00000000 00:00 0 
7fbc9a1b1000-7fbc9ac7a000 r-xp 00000000 08:03 3934204                    /usr/lib/jvm/java-7-openjdk-amd64/jre/lib/amd64/server/libjvm.so
7fbc9ac7a000-7fbc9ae7a000 ---p 00ac9000 08:03 3934204                    /usr/lib/jvm/java-7-openjdk-amd64/jre/lib/amd64/server/libjvm.so
7fbc9ae7a000-7fbc9af12000 r--p 00ac9000 08:03 3934204                    /usr/lib/jvm/java-7-openjdk-amd64/jre/lib/amd64/server/libjvm.so
7fbc9af12000-7fbc9af35000 rw-p 00b61000 08:03 3934204                    /usr/lib/jvm/java-7-openjdk-amd64/jre/lib/amd64/server/libjvm.so
7fbc9af35000-7fbc9af62000 rw-p 00000000 00:00 0 
7fbc9af62000-7fbc9af79000 r-xp 00000000 08:03 12192203                   /lib/x86_64-linux-gnu/libz.so.1.2.8
7fbc9af79000-7fbc9b178000 ---p 00017000 08:03 12192203                   /lib/x86_64-linux-gnu/libz.so.1.2.8
7fbc9b178000-7fbc9b179000 r--p 00016000 08:03 12192203                   /lib/x86_64-linux-gnu/libz.so.1.2.8
7fbc9b179000-7fbc9b17a000 rw-p 00017000 08:03 12192203                   /lib/x86_64-linux-gnu/libz.so.1.2.8
7fbc9b17a000-7fbc9b319000 r-xp 00000000 08:03 12192214                   /lib/x86_64-linux-gnu/libc-2.19.so
7fbc9b319000-7fbc9b519000 ---p 0019f000 08:03 12192214                   /lib/x86_64-linux-gnu/libc-2.19.so
7fbc9b519000-7fbc9b51d000 r--p 0019f000 08:03 12192214                   /lib/x86_64-linux-gnu/libc-2.19.so
7fbc9b51d000-7fbc9b51f000 rw-p 001a3000 08:03 12192214                   /lib/x86_64-linux-gnu/libc-2.19.so
7fbc9b51f000-7fbc9b523000 rw-p 00000000 00:00 0 
7fbc9b523000-7fbc9b526000 r-xp 00000000 08:03 12192219                   /lib/x86_64-linux-gnu/libdl-2.19.so
7fbc9b526000-7fbc9b725000 ---p 00003000 08:03 12192219                   /lib/x86_64-linux-gnu/libdl-2.19.so
7fbc9b725000-7fbc9b726000 r--p 00002000 08:03 12192219                   /lib/x86_64-linux-gnu/libdl-2.19.so
7fbc9b726000-7fbc9b727000 rw-p 00003000 08:03 12192219                   /lib/x86_64-linux-gnu/libdl-2.19.so
7fbc9b727000-7fbc9b734000 r-xp 00000000 08:03 3934207                    /usr/lib/jvm/java-7-openjdk-amd64/jre/lib/amd64/jli/libjli.so
7fbc9b734000-7fbc9b933000 ---p 0000d000 08:03 3934207                    /usr/lib/jvm/java-7-openjdk-amd64/jre/lib/amd64/jli/libjli.so
7fbc9b933000-7fbc9b934000 r--p 0000c000 08:03 3934207                    /usr/lib/jvm/java-7-openjdk-amd64/jre/lib/amd64/jli/libjli.so
7fbc9b934000-7fbc9b935000 rw-p 0000d000 08:03 3934207                    /usr/lib/jvm/java-7-openjdk-amd64/jre/lib/amd64/jli/libjli.so
7fbc9b935000-7fbc9b94d000 r-xp 00000000 08:03 12192218                   /lib/x86_64-linux-gnu/libpthread-2.19.so
7fbc9b94d000-7fbc9bb4c000 ---p 00018000 08:03 12192218                   /lib/x86_64-linux-gnu/libpthread-2.19.so
7fbc9bb4c000-7fbc9bb4d000 r--p 00017000 08:03 12192218                   /lib/x86_64-linux-gnu/libpthread-2.19.so
7fbc9bb4d000-7fbc9bb4e000 rw-p 00018000 08:03 12192218                   /lib/x86_64-linux-gnu/libpthread-2.19.so
7fbc9bb4e000-7fbc9bb52000 rw-p 00000000 00:00 0 
7fbc9bb52000-7fbc9bb72000 r-xp 00000000 08:03 12192217                   /lib/x86_64-linux-gnu/ld-2.19.so
7fbc9bb72000-7fbc9bb75000 r--s 0001f000 08:03 10488677                   /home/chobe/.gradle/caches/modules-2/files-2.1/com.badlogicgames.gdx/gdx-backend-lwjgl/1.1.0/eafa409559820c1696e165e1280435f1332fc32b/gdx-backend-lwjgl-1.1.0.jar
7fbc9bb75000-7fbc9bb78000 r--s 0001f000 08:01 772750                     /media/winDisk/Users/ChobeDucket/Documents/sheep/core/build/libs/core-1.0.jar
7fbc9bb78000-7fbc9bb7c000 r--s 0003b000 08:03 3934173                    /usr/lib/jvm/java-7-openjdk-amd64/jre/lib/ext/sunpkcs11.jar
7fbc9bb7c000-7fbc9bb7d000 r--s 00002000 08:03 3934178                    /usr/lib/jvm/java-7-openjdk-amd64/jre/lib/ext/dnsns.jar
7fbc9bb7d000-7fbc9bb80000 r--s 00032000 08:03 3934176                    /usr/lib/jvm/java-7-openjdk-amd64/jre/lib/ext/sunjce_provider.jar
7fbc9bb80000-7fbc9bb82000 r--s 0000f000 08:03 3934175                    /usr/lib/jvm/java-7-openjdk-amd64/jre/lib/ext/pulse-java.jar
7fbc9bb82000-7fbc9bb84000 r--s 00012000 08:03 3934174                    /usr/lib/jvm/java-7-openjdk-amd64/jre/lib/ext/zipfs.jar
7fbc9bb84000-7fbc9bb88000 r--s 00085000 08:03 3934172                    /usr/lib/jvm/java-7-openjdk-amd64/jre/lib/ext/localedata.jar
7fbc9bb88000-7fbc9bb89000 r--s 00007000 08:03 5645676                    /usr/share/java/java-atk-wrapper.jar
7fbc9bb89000-7fbc9bb93000 rw-p 00000000 00:00 0 
7fbc9bb93000-7fbc9bc49000 rw-p 00000000 00:00 0 
7fbc9bc49000-7fbc9bc4c000 ---p 00000000 00:00 0 
7fbc9bc4c000-7fbc9bd66000 rw-p 00000000 00:00 0 
7fbc9bd66000-7fbc9bd6e000 rw-s 00000000 08:03 10490956                   /tmp/hsperfdata_chobe/22787 (deleted)
7fbc9bd6e000-7fbc9bd6f000 rw-p 00000000 00:00 0 
7fbc9bd6f000-7fbc9bd70000 ---p 00000000 00:00 0 
7fbc9bd70000-7fbc9bd72000 rw-p 00000000 00:00 0 
7fbc9bd72000-7fbc9bd73000 r--p 00020000 08:03 12192217                   /lib/x86_64-linux-gnu/ld-2.19.so
7fbc9bd73000-7fbc9bd74000 rw-p 00021000 08:03 12192217                   /lib/x86_64-linux-gnu/ld-2.19.so
7fbc9bd74000-7fbc9bd75000 rw-p 00000000 00:00 0 
7fff7e05c000-7fff7e07e000 rw-p 00000000 00:00 0                          [stack]
7fff7e1b2000-7fff7e1b3000 r-xp 00000000 00:00 0                          [vdso]
ffffffffff600000-ffffffffff601000 r-xp 00000000 00:00 0                  [vsyscall]

VM Arguments:
jvm_args: -Dfile.encoding=UTF-8 
java_command: com.mygdx.sheep.desktop.DesktopLauncher
Launcher Type: SUN_STANDARD

Environment Variables:
PATH=/usr/local/bin:/usr/bin:/bin:/usr/local/games:/usr/games:/home/chobe/.local/bin:/home/chobe/sdks/adt-bundle-linux-x86_64-20140321/sdk//platform-tools/adb:/home/chobe/sdks/adt-bundle-linux-x86_64-20140321/sdk//platform-tools/
USERNAME=chobe
SHELL=/bin/bash
DISPLAY=:0

Signal Handlers:
SIGSEGV: [libjvm.so+0x8f9750], sa_mask[0]=0x7ffbfeff, sa_flags=0x10000004
SIGBUS: [libjvm.so+0x8f9750], sa_mask[0]=0x7ffbfeff, sa_flags=0x10000004
SIGFPE: [libjvm.so+0x7827c0], sa_mask[0]=0x7ffbfeff, sa_flags=0x10000004
SIGPIPE: [libjvm.so+0x7827c0], sa_mask[0]=0x7ffbfeff, sa_flags=0x10000004
SIGXFSZ: [libjvm.so+0x7827c0], sa_mask[0]=0x7ffbfeff, sa_flags=0x10000004
SIGILL: [libjvm.so+0x7827c0], sa_mask[0]=0x7ffbfeff, sa_flags=0x10000004
SIGUSR1: SIG_DFL, sa_mask[0]=0x00000000, sa_flags=0x00000000
SIGUSR2: [libjvm.so+0x782ab0], sa_mask[0]=0x00000004, sa_flags=0x10000004
SIGHUP: [libjvm.so+0x782c20], sa_mask[0]=0x7ffbfeff, sa_flags=0x10000004
SIGINT: [libjvm.so+0x782c20], sa_mask[0]=0x7ffbfeff, sa_flags=0x10000004
SIGTERM: [libjvm.so+0x782c20], sa_mask[0]=0x7ffbfeff, sa_flags=0x10000004
SIGQUIT: [libjvm.so+0x782c20], sa_mask[0]=0x7ffbfeff, sa_flags=0x10000004


---------------  S Y S T E M  ---------------

OS:7.5

uname:Linux 3.2.0-4-amd64 #1 SMP Debian 3.2.57-3+deb7u1 x86_64
libc:glibc 2.19 NPTL 2.19 
rlimit: STACK 8192k, CORE 0k, NPROC 31105, NOFILE 4096, AS infinity
load average:0.93 0.73 0.94

/proc/meminfo:
MemTotal:        3993672 kB
MemFree:         1476064 kB
Buffers:          134556 kB
Cached:           573620 kB
SwapCached:       161316 kB
Active:          1506640 kB
Inactive:         645620 kB
Active(anon):     956688 kB
Inactive(anon):   500504 kB
Active(file):     549952 kB
Inactive(file):   145116 kB
Unevictable:           0 kB
Mlocked:               0 kB
SwapTotal:       4120572 kB
SwapFree:        3619524 kB
Dirty:              1644 kB
Writeback:             0 kB
AnonPages:       1422696 kB
Mapped:           175104 kB
Shmem:             13108 kB
Slab:             155044 kB
SReclaimable:     126304 kB
SUnreclaim:        28740 kB
KernelStack:        3592 kB
PageTables:        27072 kB
NFS_Unstable:          0 kB
Bounce:                0 kB
WritebackTmp:          0 kB
CommitLimit:     6117408 kB
Committed_AS:    3552800 kB
VmallocTotal:   34359738367 kB
VmallocUsed:      170472 kB
VmallocChunk:   34359561712 kB
HardwareCorrupted:     0 kB
AnonHugePages:         0 kB
HugePages_Total:       0
HugePages_Free:        0
HugePages_Rsvd:        0
HugePages_Surp:        0
Hugepagesize:       2048 kB
DirectMap4k:     1129472 kB
DirectMap2M:     2998272 kB


CPU:total 4 (4 cores per cpu, 1 threads per core) family 6 model 15 stepping 11, cmov, cx8, fxsr, mmx, sse, sse2, sse3, ssse3, tsc

/proc/cpuinfo:
processor	: 0
vendor_id	: GenuineIntel
cpu family	: 6
model		: 15
model name	: Intel(R) Core(TM)2 Quad CPU    Q6600  @ 2.40GHz
stepping	: 11
cpu MHz		: 2394.000
cache size	: 4096 KB
physical id	: 0
siblings	: 4
core id		: 0
cpu cores	: 4
apicid		: 0
initial apicid	: 0
fpu		: yes
fpu_exception	: yes
cpuid level	: 10
wp		: yes
flags		: fpu vme de pse tsc msr pae mce cx8 apic sep mtrr pge mca cmov pat pse36 clflush dts acpi mmx fxsr sse sse2 ss ht tm pbe syscall nx lm constant_tsc arch_perfmon pebs bts rep_good nopl aperfmperf pni dtes64 monitor ds_cpl vmx est tm2 ssse3 cx16 xtpr pdcm lahf_lm dtherm tpr_shadow vnmi flexpriority
bogomips	: 4795.82
clflush size	: 64
cache_alignment	: 64
address sizes	: 36 bits physical, 48 bits virtual
power management:

processor	: 1
vendor_id	: GenuineIntel
cpu family	: 6
model		: 15
model name	: Intel(R) Core(TM)2 Quad CPU    Q6600  @ 2.40GHz
stepping	: 11
cpu MHz		: 1596.000
cache size	: 4096 KB
physical id	: 0
siblings	: 4
core id		: 2
cpu cores	: 4
apicid		: 2
initial apicid	: 2
fpu		: yes
fpu_exception	: yes
cpuid level	: 10
wp		: yes
flags		: fpu vme de pse tsc msr pae mce cx8 apic sep mtrr pge mca cmov pat pse36 clflush dts acpi mmx fxsr sse sse2 ss ht tm pbe syscall nx lm constant_tsc arch_perfmon pebs bts rep_good nopl aperfmperf pni dtes64 monitor ds_cpl vmx est tm2 ssse3 cx16 xtpr pdcm lahf_lm dtherm tpr_shadow vnmi flexpriority
bogomips	: 4795.58
clflush size	: 64
cache_alignment	: 64
address sizes	: 36 bits physical, 48 bits virtual
power management:

processor	: 2
vendor_id	: GenuineIntel
cpu family	: 6
model		: 15
model name	: Intel(R) Core(TM)2 Quad CPU    Q6600  @ 2.40GHz
stepping	: 11
cpu MHz		: 1596.000
cache size	: 4096 KB
physical id	: 0
siblings	: 4
core id		: 1
cpu cores	: 4
apicid		: 1
initial apicid	: 1
fpu		: yes
fpu_exception	: yes
cpuid level	: 10
wp		: yes
flags		: fpu vme de pse tsc msr pae mce cx8 apic sep mtrr pge mca cmov pat pse36 clflush dts acpi mmx fxsr sse sse2 ss ht tm pbe syscall nx lm constant_tsc arch_perfmon pebs bts rep_good nopl aperfmperf pni dtes64 monitor ds_cpl vmx est tm2 ssse3 cx16 xtpr pdcm lahf_lm dtherm tpr_shadow vnmi flexpriority
bogomips	: 4795.56
clflush size	: 64
cache_alignment	: 64
address sizes	: 36 bits physical, 48 bits virtual
power management:

processor	: 3
vendor_id	: GenuineIntel
cpu family	: 6
model		: 15
model name	: Intel(R) Core(TM)2 Quad CPU    Q6600  @ 2.40GHz
stepping	: 11
cpu MHz		: 1596.000
cache size	: 4096 KB
physical id	: 0
siblings	: 4
core id		: 3
cpu cores	: 4
apicid		: 3
initial apicid	: 3
fpu		: yes
fpu_exception	: yes
cpuid level	: 10
wp		: yes
flags		: fpu vme de pse tsc msr pae mce cx8 apic sep mtrr pge mca cmov pat pse36 clflush dts acpi mmx fxsr sse sse2 ss ht tm pbe syscall nx lm constant_tsc arch_perfmon pebs bts rep_good nopl aperfmperf pni dtes64 monitor ds_cpl vmx est tm2 ssse3 cx16 xtpr pdcm lahf_lm dtherm tpr_shadow vnmi flexpriority
bogomips	: 4795.57
clflush size	: 64
cache_alignment	: 64
address sizes	: 36 bits physical, 48 bits virtual
power management:



Memory: 4k page, physical 3993672k(1476064k free), swap 4120572k(3619524k free)

vm_info: OpenJDK 64-Bit Server VM (24.51-b03) for linux-amd64 JRE (1.7.0_55-b14), built on May  2 2014 11:33:06 by "buildd" with gcc 4.7.2

time: Mon Jul  7 18:42:29 2014
elapsed time: 12 seconds

