#
# A fatal error has been detected by the Java Runtime Environment:
#
#  SIGSEGV (0xb) at pc=0x00007f7c10fd7e38, pid=8326, tid=140170966071040
#
# JRE version: OpenJDK Runtime Environment (7.0_55-b14) (build 1.7.0_55-b14)
# Java VM: OpenJDK 64-Bit Server VM (24.51-b03 mixed mode linux-amd64 compressed oops)
# Problematic frame:
# C  [libX11.so.6+0x3ae38]  XQueryExtension+0x28
#
# Failed to write core dump. Core dumps have been disabled. To enable core dumping, try "ulimit -c unlimited" before starting Java again
#
# If you would like to submit a bug report, please include
# instructions on how to reproduce the bug and visit:
#   http://icedtea.classpath.org/bugzilla
#

---------------  T H R E A D  ---------------

Current thread (0x0000000000b77000):  VMThread [stack: 0x00007f7c1893f000,0x00007f7c18a40000] [id=8337]

siginfo:si_signo=SIGSEGV: si_errno=0, si_code=1 (SEGV_MAPERR), si_addr=0x00000000142f3498

Registers:
RAX=0x0000000000aff5b0, RBX=0x00000000142f2b30, RCX=0x00007f7c18a3e668, RDX=0x00007f7c18a3e664
RSP=0x00007f7c18a3e600, RBP=0x00007f7c02083600, RSI=0x00007f7c01f4a992, RDI=0x00000000142f2b30
R8 =0x00007f7c18a3e66c, R9 =0x0000000000000000, R10=0x00007f7c2026d768, R11=0x00007f7c1ff1c0d0
R12=0x00007f7c01f4a992, R13=0x0000000000aff5b0, R14=0x00007f7c142f9950, R15=0x00007f7c14309080
RIP=0x00007f7c10fd7e38, EFLAGS=0x0000000000010206, CSGSFS=0x0000000000000033, ERR=0x0000000000000004
  TRAPNO=0x000000000000000e

Top of Stack: (sp=0x00007f7c18a3e600)
0x00007f7c18a3e600:   0000000000000020 00007f7c18a3e730
0x00007f7c18a3e610:   00007f7c1fef35c8 00007f7c20a999e8
0x00007f7c18a3e620:   00007f7c1fef35c8 00000000142f2b30
0x00007f7c18a3e630:   00007f7c02083600 00007f7c01f4a992
0x00007f7c18a3e640:   0000000000aff5b0 00007f7c142f9950
0x00007f7c18a3e650:   00007f7c14309080 00007f7c10fcbe72
0x00007f7c18a3e660:   00007f7c142f9950 0000000000000000
0x00007f7c18a3e670:   0000000000000000 00007f7c02083600
0x00007f7c18a3e680:   00000000142f2b30 00007f7c112e571d
0x00007f7c18a3e690:   00007f7c01f4a992 000000111fef35c8
0x00007f7c18a3e6a0:   00007f7c18a3e720 0000000000000000
0x00007f7c18a3e6b0:   00007f7c18a3e720 00000000142f2b30
0x00007f7c18a3e6c0:   00007f7c20abe048 00007f7c142f9950
0x00007f7c18a3e6d0:   00007f7c0209ce50 00007f7c01ef33d9
0x00007f7c18a3e6e0:   0000000000000000 0000000000000063
0x00007f7c18a3e6f0:   00007f7c18a3e720 0000000000000000
0x00007f7c18a3e700:   00007f7c20abe048 00007f7c142f9950
0x00007f7c18a3e710:   0000000000000054 00007f7c01ee7ae2
0x00007f7c18a3e720:   00007f7c18a3eae0 00007f7c01f4a911
0x00007f7c18a3e730:   00007f7c18a3eae0 00007f7c208ac4ec
0x00007f7c18a3e740:   00007f7c20abf1c8 00007f7c20abf758
0x00007f7c18a3e750:   00007f7c20a99000 0000000000b0a3d0
0x00007f7c18a3e760:   0000000000b0aec0 0000000000b0b3c0
0x00007f7c18a3e770:   0000000000b182a0 00007f7c14137990
0x00007f7c18a3e780:   00007f7c1423ea00 00007f7c1423a920
0x00007f7c18a3e790:   00007f7c1416e120 00007f7c1417e190
0x00007f7c18a3e7a0:   00007f7c14185750 00007f7c14185220
0x00007f7c18a3e7b0:   00007f7c14184d00 00007f7c14188fe0
0x00007f7c18a3e7c0:   00007f7c14188ad0 00007f7c14189d70
0x00007f7c18a3e7d0:   00007f7c141885d0 00007f7c141847d0
0x00007f7c18a3e7e0:   00007f7c14186bc0 00007f7c141875f0
0x00007f7c18a3e7f0:   00007f7c141870d0 00007f7c14187b00 

Instructions: (pc=0x00007f7c10fd7e38)
0x00007f7c10fd7e18:   24 e0 48 89 fb 4c 89 6c 24 e8 4c 89 74 24 f0 49
0x00007f7c10fd7e28:   89 f4 4c 89 7c 24 f8 48 89 6c 24 d8 48 83 ec 58
0x00007f7c10fd7e38:   48 8b 87 68 09 00 00 49 89 d7 49 89 ce 4d 89 c5
0x00007f7c10fd7e48:   48 85 c0 74 02 ff 10 ba 08 00 00 00 be 62 00 00 

Register to memory mapping:

RAX=0x0000000000aff5b0 is an unknown value
RBX=0x00000000142f2b30 is an unknown value
RCX=0x00007f7c18a3e668 is an unknown value
RDX=0x00007f7c18a3e664 is an unknown value
RSP=0x00007f7c18a3e600 is an unknown value
RBP=0x00007f7c02083600: <offset 0x1cf600> in /usr/lib/x86_64-linux-gnu/libGL.so.1 at 0x00007f7c01eb4000
RSI=0x00007f7c01f4a992: <offset 0x96992> in /usr/lib/x86_64-linux-gnu/libGL.so.1 at 0x00007f7c01eb4000
RDI=0x00000000142f2b30 is an unknown value
R8 =0x00007f7c18a3e66c is an unknown value
R9 =0x0000000000000000 is an unknown value
R10=0x00007f7c2026d768: <offset 0x388768> in /lib/x86_64-linux-gnu/libc.so.6 at 0x00007f7c1fee5000
R11=0x00007f7c1ff1c0d0: __cxa_finalize+0 in /lib/x86_64-linux-gnu/libc.so.6 at 0x00007f7c1fee5000
R12=0x00007f7c01f4a992: <offset 0x96992> in /usr/lib/x86_64-linux-gnu/libGL.so.1 at 0x00007f7c01eb4000
R13=0x0000000000aff5b0 is an unknown value
R14=0x00007f7c142f9950 is an unknown value
R15=0x00007f7c14309080 is an unknown value


Stack: [0x00007f7c1893f000,0x00007f7c18a40000],  sp=0x00007f7c18a3e600,  free space=1021k
Native frames: (J=compiled Java code, j=interpreted, Vv=VM code, C=native code)
C  [libX11.so.6+0x3ae38]  XQueryExtension+0x28

VM_Operation (0x00007f7c021bc650): Exit, mode: safepoint, requested by thread 0x00007f7c142dc800


---------------  P R O C E S S  ---------------

Java Threads: ( => current thread )
  0x00007f7c1514a000 JavaThread "AsynchExecutor-Thread" daemon [_thread_blocked, id=8356, stack(0x00007f7bfdfc8000,0x00007f7bfe0c9000)]
  0x00007f7c142f9000 JavaThread "process reaper" daemon [_thread_blocked, id=8352, stack(0x00007f7c1803c000,0x00007f7c18075000)]
  0x00007f7c14191000 JavaThread "DestroyJavaVM" [_thread_blocked, id=8332, stack(0x00007f7c20994000,0x00007f7c20a95000)]
  0x00007f7c142dc800 JavaThread "LWJGL Application" [_thread_blocked, id=8350, stack(0x00007f7c020bd000,0x00007f7c021be000)]
  0x00007f7c14239800 JavaThread "AWT-XAWT" daemon [_thread_blocked, id=8346, stack(0x00007f7c0983d000,0x00007f7c0993e000)]
  0x00007f7c14219800 JavaThread "Java2D Disposer" daemon [_thread_blocked, id=8345, stack(0x00007f7c0993e000,0x00007f7c09a3f000)]
  0x00007f7c1402c000 JavaThread "Service Thread" daemon [_thread_blocked, id=8343, stack(0x00007f7c181c2000,0x00007f7c182c3000)]
  0x00007f7c14029800 JavaThread "C2 CompilerThread1" daemon [_thread_blocked, id=8342, stack(0x00007f7c182c3000,0x00007f7c183c4000)]
  0x00007f7c14026800 JavaThread "C2 CompilerThread0" daemon [_thread_blocked, id=8341, stack(0x00007f7c183c4000,0x00007f7c184c5000)]
  0x00007f7c14024000 JavaThread "Signal Dispatcher" daemon [_thread_blocked, id=8340, stack(0x00007f7c184c5000,0x00007f7c185c6000)]
  0x00007f7c14001000 JavaThread "Finalizer" daemon [_thread_blocked, id=8339, stack(0x00007f7c1873d000,0x00007f7c1883e000)]
  0x0000000000b7b800 JavaThread "Reference Handler" daemon [_thread_blocked, id=8338, stack(0x00007f7c1883e000,0x00007f7c1893f000)]

Other Threads:
=>0x0000000000b77000 VMThread [stack: 0x00007f7c1893f000,0x00007f7c18a40000] [id=8337]

VM state:at safepoint (shutting down)

VM Mutex/Monitor currently owned by a thread:  ([mutex/lock_event])
[0x0000000000b08520] Threads_lock - owner thread: 0x0000000000b77000

Heap
 PSYoungGen      total 18432K, used 7611K [0x00000000eba80000, 0x00000000ecf00000, 0x0000000100000000)
  eden space 15872K, 32% used [0x00000000eba80000,0x00000000ebf763c8,0x00000000eca00000)
  from space 2560K, 98% used [0x00000000eca00000,0x00000000ecc78900,0x00000000ecc80000)
  to   space 2560K, 0% used [0x00000000ecc80000,0x00000000ecc80000,0x00000000ecf00000)
 ParOldGen       total 41472K, used 2127K [0x00000000c3000000, 0x00000000c5880000, 0x00000000eba80000)
  object space 41472K, 5% used [0x00000000c3000000,0x00000000c3213e50,0x00000000c5880000)
 PSPermGen       total 21504K, used 9814K [0x00000000b8a00000, 0x00000000b9f00000, 0x00000000c3000000)
  object space 21504K, 45% used [0x00000000b8a00000,0x00000000b9395968,0x00000000b9f00000)

Card table byte_map: [0x00007f7c1a4bc000,0x00007f7c1a6f8000] byte_map_base: 0x00007f7c19ef7000

Polling page: 0x00007f7c20aba000

Code Cache  [0x00007f7c1a6f8000, 0x00007f7c1a968000, 0x00007f7c1d6f8000)
 total_blobs=589 nmethods=76 adapters=468 free_code_cache=48467Kb largest_free_block=49608192

Compilation events (10 events):
Event: 5.347 Thread 0x00007f7c14029800   72             com.badlogic.gdx.backends.lwjgl.LwjglGraphics::getHeight (23 bytes)
Event: 5.348 Thread 0x00007f7c14026800   73             com.badlogic.gdx.math.Vector3::set (17 bytes)
Event: 5.348 Thread 0x00007f7c14026800 nmethod 73 0x00007f7c1a7a3ed0 code [0x00007f7c1a7a4000, 0x00007f7c1a7a4058]
Event: 5.349 Thread 0x00007f7c14029800 nmethod 72 0x00007f7c1a7a5290 code [0x00007f7c1a7a53e0, 0x00007f7c1a7a56d8]
Event: 5.463 Thread 0x00007f7c14026800   74             java.nio.Buffer::remaining (10 bytes)
Event: 5.464 Thread 0x00007f7c14026800 nmethod 74 0x00007f7c1a7a5850 code [0x00007f7c1a7a5980, 0x00007f7c1a7a59d8]
Event: 5.512 Thread 0x00007f7c14029800   75             com.mygdx.sheep.SheepGame::getTileHeight (17 bytes)
Event: 5.515 Thread 0x00007f7c14029800 nmethod 75 0x00007f7c1a79c350 code [0x00007f7c1a79c4e0, 0x00007f7c1a79c858]
Event: 5.679 Thread 0x00007f7c14026800   76             com.badlogic.gdx.utils.Array::get (54 bytes)
Event: 5.680 Thread 0x00007f7c14026800 nmethod 76 0x00007f7c1a79ef50 code [0x00007f7c1a79f0a0, 0x00007f7c1a79f158]

GC Heap History (2 events):
Event: 2.134 GC heap before
{Heap before GC invocations=1 (full 0):
 PSYoungGen      total 18432K, used 15872K [0x00000000eba80000, 0x00000000ecf00000, 0x0000000100000000)
  eden space 15872K, 100% used [0x00000000eba80000,0x00000000eca00000,0x00000000eca00000)
  from space 2560K, 0% used [0x00000000ecc80000,0x00000000ecc80000,0x00000000ecf00000)
  to   space 2560K, 0% used [0x00000000eca00000,0x00000000eca00000,0x00000000ecc80000)
 ParOldGen       total 41472K, used 0K [0x00000000c3000000, 0x00000000c5880000, 0x00000000eba80000)
  object space 41472K, 0% used [0x00000000c3000000,0x00000000c3000000,0x00000000c5880000)
 PSPermGen       total 21504K, used 9278K [0x00000000b8a00000, 0x00000000b9f00000, 0x00000000c3000000)
  object space 21504K, 43% used [0x00000000b8a00000,0x00000000b930fbf0,0x00000000b9f00000)
Event: 2.143 GC heap after
Heap after GC invocations=1 (full 0):
 PSYoungGen      total 18432K, used 2530K [0x00000000eba80000, 0x00000000ecf00000, 0x0000000100000000)
  eden space 15872K, 0% used [0x00000000eba80000,0x00000000eba80000,0x00000000eca00000)
  from space 2560K, 98% used [0x00000000eca00000,0x00000000ecc78900,0x00000000ecc80000)
  to   space 2560K, 0% used [0x00000000ecc80000,0x00000000ecc80000,0x00000000ecf00000)
 ParOldGen       total 41472K, used 2127K [0x00000000c3000000, 0x00000000c5880000, 0x00000000eba80000)
  object space 41472K, 5% used [0x00000000c3000000,0x00000000c3213e50,0x00000000c5880000)
 PSPermGen       total 21504K, used 9278K [0x00000000b8a00000, 0x00000000b9f00000, 0x00000000c3000000)
  object space 21504K, 43% used [0x00000000b8a00000,0x00000000b930fbf0,0x00000000b9f00000)
}

Deoptimization events (1 events):
Event: 0.215 Thread 0x0000000000b0c000 Uncommon trap: reason=class_check action=maybe_recompile pc=0x00007f7c1a75e340 method=java.util.Properties$LineReader.readLine()I @ 62

Internal exceptions (10 events):
Event: 3.649 Thread 0x00007f7c142dc800 Threw 0x00000000ebecb490 at /build/openjdk-7-kBcQ8a/openjdk-7-7u55-2.4.7/build/openjdk/hotspot/src/share/vm/prims/jvm.cpp:1244
Event: 3.649 Thread 0x00007f7c142dc800 Threw 0x00000000ebed0e00 at /build/openjdk-7-kBcQ8a/openjdk-7-7u55-2.4.7/build/openjdk/hotspot/src/share/vm/prims/jvm.cpp:1244
Event: 3.650 Thread 0x00007f7c142dc800 Threw 0x00000000ebed7050 at /build/openjdk-7-kBcQ8a/openjdk-7-7u55-2.4.7/build/openjdk/hotspot/src/share/vm/prims/jvm.cpp:1244
Event: 3.862 Thread 0x00007f7c142dc800 Threw 0x00000000ebeeba50 at /build/openjdk-7-kBcQ8a/openjdk-7-7u55-2.4.7/build/openjdk/hotspot/src/share/vm/prims/jvm.cpp:1244
Event: 4.612 Thread 0x00007f7c142dc800 Threw 0x00000000ebf232f0 at /build/openjdk-7-kBcQ8a/openjdk-7-7u55-2.4.7/build/openjdk/hotspot/src/share/vm/prims/jvm.cpp:1244
Event: 4.613 Thread 0x00007f7c142dc800 Threw 0x00000000ebf29158 at /build/openjdk-7-kBcQ8a/openjdk-7-7u55-2.4.7/build/openjdk/hotspot/src/share/vm/prims/jvm.cpp:1244
Event: 4.614 Thread 0x00007f7c142dc800 Threw 0x00000000ebf2c9e8 at /build/openjdk-7-kBcQ8a/openjdk-7-7u55-2.4.7/build/openjdk/hotspot/src/share/vm/prims/jvm.cpp:1244
Event: 6.029 Thread 0x00007f7c142dc800 Threw 0x00000000ebf3e510 at /build/openjdk-7-kBcQ8a/openjdk-7-7u55-2.4.7/build/openjdk/hotspot/src/share/vm/prims/jvm.cpp:1244
Event: 6.037 Thread 0x00007f7c142dc800 Threw 0x00000000ebf42988 at /build/openjdk-7-kBcQ8a/openjdk-7-7u55-2.4.7/build/openjdk/hotspot/src/share/vm/prims/jvm.cpp:1244
Event: 6.044 Thread 0x00007f7c142dc800 Threw 0x00000000ebf47ca0 at /build/openjdk-7-kBcQ8a/openjdk-7-7u55-2.4.7/build/openjdk/hotspot/src/share/vm/prims/jvm.cpp:1244

Events (10 events):
Event: 6.205 loading class 0x0000000000dcf160 done
Event: 6.206 Thread 0x00007f7c14fbc800 Thread added: 0x00007f7c14fbc800
Event: 6.206 loading class 0x00007f7c141b2a30
Event: 6.206 loading class 0x00007f7c14199be0
Event: 6.206 loading class 0x00007f7c14199be0 done
Event: 6.206 loading class 0x00007f7c14199c10
Event: 6.206 loading class 0x00007f7c14199c10 done
Event: 6.206 loading class 0x00007f7c141b2a30 done
Event: 6.227 Thread 0x00007f7c14fbc800 Thread exited: 0x00007f7c14fbc800
Event: 6.227 Executing VM operation: Exit


Dynamic libraries:
00400000-00401000 r-xp 00000000 08:03 3934148                            /usr/lib/jvm/java-7-openjdk-amd64/jre/bin/java
00600000-00601000 r--p 00000000 08:03 3934148                            /usr/lib/jvm/java-7-openjdk-amd64/jre/bin/java
00601000-00602000 rw-p 00001000 08:03 3934148                            /usr/lib/jvm/java-7-openjdk-amd64/jre/bin/java
00afd000-012bb000 rw-p 00000000 00:00 0                                  [heap]
b8a00000-b9f00000 rw-p 00000000 00:00 0 
b9f00000-c3000000 rw-p 00000000 00:00 0 
c3000000-c5880000 rw-p 00000000 00:00 0 
c5880000-eba80000 rw-p 00000000 00:00 0 
eba80000-ecf00000 rw-p 00000000 00:00 0 
ecf00000-100000000 rw-p 00000000 00:00 0 
7f7bfdfc8000-7f7bfdfcb000 ---p 00000000 00:00 0 
7f7bfdfcb000-7f7bfe0c9000 rw-p 00000000 00:00 0 
7f7bfe0c9000-7f7bfe0ca000 ---p 00000000 00:00 0 
7f7bfe0ca000-7f7bfe8ca000 rw-p 00000000 00:00 0 
7f7bfe8ca000-7f7bfe8cb000 ---p 00000000 00:00 0 
7f7bfe8cb000-7f7bff0cb000 rw-p 00000000 00:00 0 
7f7bff217000-7f7bff25f000 rw-p 00000000 00:00 0 
7f7bff25f000-7f7bff95f000 rw-s 00006000 00:05 8297                       /dev/ati/card0
7f7bff95f000-7f7bff9dc000 rw-p 00000000 00:00 0 
7f7bff9dc000-7f7bffa19000 r-xp 00000000 08:03 4201336                    /usr/lib/x86_64-linux-gnu/libatiadlxx.so
7f7bffa19000-7f7bffb18000 ---p 0003d000 08:03 4201336                    /usr/lib/x86_64-linux-gnu/libatiadlxx.so
7f7bffb18000-7f7bffb22000 rw-p 0003c000 08:03 4201336                    /usr/lib/x86_64-linux-gnu/libatiadlxx.so
7f7bffb22000-7f7bffb32000 rw-p 00000000 00:00 0 
7f7bffb32000-7f7bffb39000 r-xp 00000000 08:03 4201328                    /usr/lib/x86_64-linux-gnu/libatiuki.so.1.0
7f7bffb39000-7f7bffc39000 ---p 00007000 08:03 4201328                    /usr/lib/x86_64-linux-gnu/libatiuki.so.1.0
7f7bffc39000-7f7bffc3a000 rw-p 00007000 08:03 4201328                    /usr/lib/x86_64-linux-gnu/libatiuki.so.1.0
7f7bffc3a000-7f7bffc3b000 rw-p 00000000 00:00 0 
7f7bffc3b000-7f7c01b33000 r-xp 00000000 08:03 4201338                    /usr/lib/x86_64-linux-gnu/dri/fglrx_dri.so
7f7c01b33000-7f7c01c32000 ---p 01ef8000 08:03 4201338                    /usr/lib/x86_64-linux-gnu/dri/fglrx_dri.so
7f7c01c32000-7f7c01d90000 rwxp 01ef7000 08:03 4201338                    /usr/lib/x86_64-linux-gnu/dri/fglrx_dri.so
7f7c01d90000-7f7c01eb4000 rwxp 00000000 00:00 0 
7f7c01eb4000-7f7c01f77000 r-xp 00000000 08:03 4201341                    /usr/lib/x86_64-linux-gnu/fglrx/fglrx-libGL.so.1.2
7f7c01f77000-7f7c02076000 ---p 000c3000 08:03 4201341                    /usr/lib/x86_64-linux-gnu/fglrx/fglrx-libGL.so.1.2
7f7c02076000-7f7c0209d000 rwxp 000c2000 08:03 4201341                    /usr/lib/x86_64-linux-gnu/fglrx/fglrx-libGL.so.1.2
7f7c0209d000-7f7c020bd000 rwxp 00000000 00:00 0 
7f7c020bd000-7f7c020c0000 ---p 00000000 00:00 0 
7f7c020c0000-7f7c021be000 rw-p 00000000 00:00 0 
7f7c021be000-7f7c021c1000 ---p 00000000 00:00 0 
7f7c021c1000-7f7c022bf000 rw-p 00000000 00:00 0 
7f7c062c0000-7f7c062c1000 ---p 00000000 00:00 0 
7f7c062c1000-7f7c06ac1000 rw-p 00000000 00:00 0 
7f7c06ac1000-7f7c06ac7000 r-xp 00000000 08:03 4200289                    /usr/lib/x86_64-linux-gnu/libogg.so.0.8.0
7f7c06ac7000-7f7c06cc6000 ---p 00006000 08:03 4200289                    /usr/lib/x86_64-linux-gnu/libogg.so.0.8.0
7f7c06cc6000-7f7c06cc7000 rw-p 00005000 08:03 4200289                    /usr/lib/x86_64-linux-gnu/libogg.so.0.8.0
7f7c06cc7000-7f7c06cf3000 r-xp 00000000 08:03 4200496                    /usr/lib/x86_64-linux-gnu/libvorbis.so.0.4.5
7f7c06cf3000-7f7c06ef2000 ---p 0002c000 08:03 4200496                    /usr/lib/x86_64-linux-gnu/libvorbis.so.0.4.5
7f7c06ef2000-7f7c06ef3000 r--p 0002b000 08:03 4200496                    /usr/lib/x86_64-linux-gnu/libvorbis.so.0.4.5
7f7c06ef3000-7f7c06ef4000 rw-p 0002c000 08:03 4200496                    /usr/lib/x86_64-linux-gnu/libvorbis.so.0.4.5
7f7c06ef4000-7f7c071a7000 r-xp 00000000 08:03 4200498                    /usr/lib/x86_64-linux-gnu/libvorbisenc.so.2.0.8
7f7c071a7000-7f7c073a6000 ---p 002b3000 08:03 4200498                    /usr/lib/x86_64-linux-gnu/libvorbisenc.so.2.0.8
7f7c073a6000-7f7c073c2000 r--p 002b2000 08:03 4200498                    /usr/lib/x86_64-linux-gnu/libvorbisenc.so.2.0.8
7f7c073c2000-7f7c073c3000 rw-p 002ce000 08:03 4200498                    /usr/lib/x86_64-linux-gnu/libvorbisenc.so.2.0.8
7f7c073c3000-7f7c0740e000 r-xp 00000000 08:03 4199700                    /usr/lib/x86_64-linux-gnu/libFLAC.so.8.2.0
7f7c0740e000-7f7c0760d000 ---p 0004b000 08:03 4199700                    /usr/lib/x86_64-linux-gnu/libFLAC.so.8.2.0
7f7c0760d000-7f7c0760e000 r--p 0004a000 08:03 4199700                    /usr/lib/x86_64-linux-gnu/libFLAC.so.8.2.0
7f7c0760e000-7f7c0760f000 rw-p 0004b000 08:03 4199700                    /usr/lib/x86_64-linux-gnu/libFLAC.so.8.2.0
7f7c0760f000-7f7c07613000 r-xp 00000000 08:03 12190707                   /lib/x86_64-linux-gnu/libuuid.so.1.3.0
7f7c07613000-7f7c07812000 ---p 00004000 08:03 12190707                   /lib/x86_64-linux-gnu/libuuid.so.1.3.0
7f7c07812000-7f7c07813000 r--p 00003000 08:03 12190707                   /lib/x86_64-linux-gnu/libuuid.so.1.3.0
7f7c07813000-7f7c07814000 rw-p 00004000 08:03 12190707                   /lib/x86_64-linux-gnu/libuuid.so.1.3.0
7f7c07814000-7f7c07818000 r-xp 00000000 08:03 12190559                   /lib/x86_64-linux-gnu/libattr.so.1.1.0
7f7c07818000-7f7c07a17000 ---p 00004000 08:03 12190559                   /lib/x86_64-linux-gnu/libattr.so.1.1.0
7f7c07a17000-7f7c07a18000 r--p 00003000 08:03 12190559                   /lib/x86_64-linux-gnu/libattr.so.1.1.0
7f7c07a18000-7f7c07a19000 rw-p 00004000 08:03 12190559                   /lib/x86_64-linux-gnu/libattr.so.1.1.0
7f7c07a19000-7f7c07a1e000 r-xp 00000000 08:03 4199797                    /usr/lib/x86_64-linux-gnu/libasyncns.so.0.3.1
7f7c07a1e000-7f7c07c1d000 ---p 00005000 08:03 4199797                    /usr/lib/x86_64-linux-gnu/libasyncns.so.0.3.1
7f7c07c1d000-7f7c07c1e000 rw-p 00004000 08:03 4199797                    /usr/lib/x86_64-linux-gnu/libasyncns.so.0.3.1
7f7c07c1e000-7f7c07c7f000 r-xp 00000000 08:03 4200411                    /usr/lib/x86_64-linux-gnu/libsndfile.so.1.0.25
7f7c07c7f000-7f7c07e7e000 ---p 00061000 08:03 4200411                    /usr/lib/x86_64-linux-gnu/libsndfile.so.1.0.25
7f7c07e7e000-7f7c07e80000 r--p 00060000 08:03 4200411                    /usr/lib/x86_64-linux-gnu/libsndfile.so.1.0.25
7f7c07e80000-7f7c07e81000 rw-p 00062000 08:03 4200411                    /usr/lib/x86_64-linux-gnu/libsndfile.so.1.0.25
7f7c07e81000-7f7c07e85000 rw-p 00000000 00:00 0 
7f7c07e85000-7f7c07e8e000 r-xp 00000000 08:03 12190709                   /lib/x86_64-linux-gnu/libwrap.so.0.7.6
7f7c07e8e000-7f7c0808d000 ---p 00009000 08:03 12190709                   /lib/x86_64-linux-gnu/libwrap.so.0.7.6
7f7c0808d000-7f7c0808e000 r--p 00008000 08:03 12190709                   /lib/x86_64-linux-gnu/libwrap.so.0.7.6
7f7c0808e000-7f7c0808f000 rw-p 00009000 08:03 12190709                   /lib/x86_64-linux-gnu/libwrap.so.0.7.6
7f7c0808f000-7f7c08090000 rw-p 00000000 00:00 0 
7f7c08090000-7f7c08097000 r-xp 00000000 08:03 4199720                    /usr/lib/x86_64-linux-gnu/libSM.so.6.0.1
7f7c08097000-7f7c08296000 ---p 00007000 08:03 4199720                    /usr/lib/x86_64-linux-gnu/libSM.so.6.0.1
7f7c08296000-7f7c08297000 rw-p 00006000 08:03 4199720                    /usr/lib/x86_64-linux-gnu/libSM.so.6.0.1
7f7c08297000-7f7c082ae000 r-xp 00000000 08:03 4199710                    /usr/lib/x86_64-linux-gnu/libICE.so.6.3.0
7f7c082ae000-7f7c084ad000 ---p 00017000 08:03 4199710                    /usr/lib/x86_64-linux-gnu/libICE.so.6.3.0
7f7c084ad000-7f7c084af000 rw-p 00016000 08:03 4199710                    /usr/lib/x86_64-linux-gnu/libICE.so.6.3.0
7f7c084af000-7f7c084b2000 rw-p 00000000 00:00 0 
7f7c084b2000-7f7c084b3000 r-xp 00000000 08:03 4199726                    /usr/lib/x86_64-linux-gnu/libX11-xcb.so.1.0.0
7f7c084b3000-7f7c086b2000 ---p 00001000 08:03 4199726                    /usr/lib/x86_64-linux-gnu/libX11-xcb.so.1.0.0
7f7c086b2000-7f7c086b3000 rw-p 00000000 08:03 4199726                    /usr/lib/x86_64-linux-gnu/libX11-xcb.so.1.0.0
7f7c086b3000-7f7c086b7000 r-xp 00000000 08:03 12190572                   /lib/x86_64-linux-gnu/libcap.so.2.22
7f7c086b7000-7f7c088b6000 ---p 00004000 08:03 12190572                   /lib/x86_64-linux-gnu/libcap.so.2.22
7f7c088b6000-7f7c088b7000 rw-p 00003000 08:03 12190572                   /lib/x86_64-linux-gnu/libcap.so.2.22
7f7c088b7000-7f7c08918000 r-xp 00000000 08:03 4325923                    /usr/lib/x86_64-linux-gnu/pulseaudio/libpulsecommon-2.0.so
7f7c08918000-7f7c08b17000 ---p 00061000 08:03 4325923                    /usr/lib/x86_64-linux-gnu/pulseaudio/libpulsecommon-2.0.so
7f7c08b17000-7f7c08b18000 r--p 00060000 08:03 4325923                    /usr/lib/x86_64-linux-gnu/pulseaudio/libpulsecommon-2.0.so
7f7c08b18000-7f7c08b1a000 rw-p 00061000 08:03 4325923                    /usr/lib/x86_64-linux-gnu/pulseaudio/libpulsecommon-2.0.so
7f7c08b1a000-7f7c08b23000 r-xp 00000000 08:03 12190608                   /lib/x86_64-linux-gnu/libjson.so.0.1.0
7f7c08b23000-7f7c08d22000 ---p 00009000 08:03 12190608                   /lib/x86_64-linux-gnu/libjson.so.0.1.0
7f7c08d22000-7f7c08d23000 r--p 00008000 08:03 12190608                   /lib/x86_64-linux-gnu/libjson.so.0.1.0
7f7c08d23000-7f7c08d24000 rw-p 00009000 08:03 12190608                   /lib/x86_64-linux-gnu/libjson.so.0.1.0
7f7c08d24000-7f7c08d6d000 r-xp 00000000 08:03 4200364                    /usr/lib/x86_64-linux-gnu/libpulse.so.0.14.2
7f7c08d6d000-7f7c08f6c000 ---p 00049000 08:03 4200364                    /usr/lib/x86_64-linux-gnu/libpulse.so.0.14.2
7f7c08f6c000-7f7c08f6d000 r--p 00048000 08:03 4200364                    /usr/lib/x86_64-linux-gnu/libpulse.so.0.14.2
7f7c08f6d000-7f7c08f6e000 rw-p 00049000 08:03 4200364                    /usr/lib/x86_64-linux-gnu/libpulse.so.0.14.2
7f7c091c7000-7f7c091cb000 r-xp 00000000 08:03 4199775                    /usr/lib/x86_64-linux-gnu/libXxf86vm.so.1.0.0
7f7c091cb000-7f7c093cb000 ---p 00004000 08:03 4199775                    /usr/lib/x86_64-linux-gnu/libXxf86vm.so.1.0.0
7f7c093cb000-7f7c093cc000 r--p 00004000 08:03 4199775                    /usr/lib/x86_64-linux-gnu/libXxf86vm.so.1.0.0
7f7c093cc000-7f7c093cd000 rw-p 00005000 08:03 4199775                    /usr/lib/x86_64-linux-gnu/libXxf86vm.so.1.0.0
7f7c093cd000-7f7c09439000 r-xp 00000000 08:01 300856                     /media/winDisk/Users/ChobeDucket/Documents/sheep/android/assets/.temp/7b43be9b/liblwjgl64.so
7f7c09439000-7f7c09638000 ---p 0006c000 08:01 300856                     /media/winDisk/Users/ChobeDucket/Documents/sheep/android/assets/.temp/7b43be9b/liblwjgl64.so
7f7c09638000-7f7c0963a000 r--p 0006b000 08:01 300856                     /media/winDisk/Users/ChobeDucket/Documents/sheep/android/assets/.temp/7b43be9b/liblwjgl64.so
7f7c0963a000-7f7c0963b000 rw-p 0006d000 08:01 300856                     /media/winDisk/Users/ChobeDucket/Documents/sheep/android/assets/.temp/7b43be9b/liblwjgl64.so
7f7c0963b000-7f7c0963c000 r-xp 00000000 08:03 3934229                    /usr/lib/jvm/java-7-openjdk-amd64/jre/lib/amd64/libjawt.so
7f7c0963c000-7f7c0983b000 ---p 00001000 08:03 3934229                    /usr/lib/jvm/java-7-openjdk-amd64/jre/lib/amd64/libjawt.so
7f7c0983b000-7f7c0983c000 r--p 00000000 08:03 3934229                    /usr/lib/jvm/java-7-openjdk-amd64/jre/lib/amd64/libjawt.so
7f7c0983c000-7f7c0983d000 rw-p 00001000 08:03 3934229                    /usr/lib/jvm/java-7-openjdk-amd64/jre/lib/amd64/libjawt.so
7f7c0983d000-7f7c09840000 ---p 00000000 00:00 0 
7f7c09840000-7f7c0993e000 rw-p 00000000 00:00 0 
7f7c0993e000-7f7c09941000 ---p 00000000 00:00 0 
7f7c09941000-7f7c09a3f000 rw-p 00000000 00:00 0 
7f7c09a3f000-7f7c09a42000 r-xp 00000000 08:03 12190599                   /lib/x86_64-linux-gnu/libgpg-error.so.0.8.0
7f7c09a42000-7f7c09c41000 ---p 00003000 08:03 12190599                   /lib/x86_64-linux-gnu/libgpg-error.so.0.8.0
7f7c09c41000-7f7c09c42000 rw-p 00002000 08:03 12190599                   /lib/x86_64-linux-gnu/libgpg-error.so.0.8.0
7f7c09c42000-7f7c09c86000 r-xp 00000000 08:03 12190580                   /lib/x86_64-linux-gnu/libdbus-1.so.3.7.2
7f7c09c86000-7f7c09e86000 ---p 00044000 08:03 12190580                   /lib/x86_64-linux-gnu/libdbus-1.so.3.7.2
7f7c09e86000-7f7c09e87000 r--p 00044000 08:03 12190580                   /lib/x86_64-linux-gnu/libdbus-1.so.3.7.2
7f7c09e87000-7f7c09e88000 rw-p 00045000 08:03 12190580                   /lib/x86_64-linux-gnu/libdbus-1.so.3.7.2
7f7c09e88000-7f7c09e99000 r-xp 00000000 08:03 4200305                    /usr/lib/x86_64-linux-gnu/libp11-kit.so.0.0.0
7f7c09e99000-7f7c0a098000 ---p 00011000 08:03 4200305                    /usr/lib/x86_64-linux-gnu/libp11-kit.so.0.0.0
7f7c0a098000-7f7c0a099000 r--p 00010000 08:03 4200305                    /usr/lib/x86_64-linux-gnu/libp11-kit.so.0.0.0
7f7c0a099000-7f7c0a09a000 rw-p 00011000 08:03 4200305                    /usr/lib/x86_64-linux-gnu/libp11-kit.so.0.0.0
7f7c0a09a000-7f7c0a114000 r-xp 00000000 08:03 12190595                   /lib/x86_64-linux-gnu/libgcrypt.so.11.7.0
7f7c0a114000-7f7c0a314000 ---p 0007a000 08:03 12190595                   /lib/x86_64-linux-gnu/libgcrypt.so.11.7.0
7f7c0a314000-7f7c0a315000 r--p 0007a000 08:03 12190595                   /lib/x86_64-linux-gnu/libgcrypt.so.11.7.0
7f7c0a315000-7f7c0a318000 rw-p 0007b000 08:03 12190595                   /lib/x86_64-linux-gnu/libgcrypt.so.11.7.0
7f7c0a318000-7f7c0a328000 r-xp 00000000 08:03 4200448                    /usr/lib/x86_64-linux-gnu/libtasn1.so.3.1.16
7f7c0a328000-7f7c0a527000 ---p 00010000 08:03 4200448                    /usr/lib/x86_64-linux-gnu/libtasn1.so.3.1.16
7f7c0a527000-7f7c0a528000 r--p 0000f000 08:03 4200448                    /usr/lib/x86_64-linux-gnu/libtasn1.so.3.1.16
7f7c0a528000-7f7c0a529000 rw-p 00010000 08:03 4200448                    /usr/lib/x86_64-linux-gnu/libtasn1.so.3.1.16
7f7c0a529000-7f7c0a52c000 r-xp 00000000 08:03 12190610                   /lib/x86_64-linux-gnu/libkeyutils.so.1.4
7f7c0a52c000-7f7c0a72b000 ---p 00003000 08:03 12190610                   /lib/x86_64-linux-gnu/libkeyutils.so.1.4
7f7c0a72b000-7f7c0a72c000 r--p 00002000 08:03 12190610                   /lib/x86_64-linux-gnu/libkeyutils.so.1.4
7f7c0a72c000-7f7c0a72d000 rw-p 00003000 08:03 12190610                   /lib/x86_64-linux-gnu/libkeyutils.so.1.4
7f7c0a72d000-7f7c0a735000 r-xp 00000000 08:03 4200208                    /usr/lib/x86_64-linux-gnu/libkrb5support.so.0.1
7f7c0a735000-7f7c0a934000 ---p 00008000 08:03 4200208                    /usr/lib/x86_64-linux-gnu/libkrb5support.so.0.1
7f7c0a934000-7f7c0a935000 r--p 00007000 08:03 4200208                    /usr/lib/x86_64-linux-gnu/libkrb5support.so.0.1
7f7c0a935000-7f7c0a936000 rw-p 00008000 08:03 4200208                    /usr/lib/x86_64-linux-gnu/libkrb5support.so.0.1
7f7c0a936000-7f7c0a939000 r-xp 00000000 08:03 12190576                   /lib/x86_64-linux-gnu/libcom_err.so.2.1
7f7c0a939000-7f7c0ab38000 ---p 00003000 08:03 12190576                   /lib/x86_64-linux-gnu/libcom_err.so.2.1
7f7c0ab38000-7f7c0ab39000 r--p 00002000 08:03 12190576                   /lib/x86_64-linux-gnu/libcom_err.so.2.1
7f7c0ab39000-7f7c0ab3a000 rw-p 00003000 08:03 12190576                   /lib/x86_64-linux-gnu/libcom_err.so.2.1
7f7c0ab3a000-7f7c0ab60000 r-xp 00000000 08:03 4200198                    /usr/lib/x86_64-linux-gnu/libk5crypto.so.3.1
7f7c0ab60000-7f7c0ad60000 ---p 00026000 08:03 4200198                    /usr/lib/x86_64-linux-gnu/libk5crypto.so.3.1
7f7c0ad60000-7f7c0ad61000 r--p 00026000 08:03 4200198                    /usr/lib/x86_64-linux-gnu/libk5crypto.so.3.1
7f7c0ad61000-7f7c0ad62000 rw-p 00027000 08:03 4200198                    /usr/lib/x86_64-linux-gnu/libk5crypto.so.3.1
7f7c0ad62000-7f7c0ad63000 rw-p 00000000 00:00 0 
7f7c0ad63000-7f7c0ae2c000 r-xp 00000000 08:03 4200206                    /usr/lib/x86_64-linux-gnu/libkrb5.so.3.3
7f7c0ae2c000-7f7c0b02b000 ---p 000c9000 08:03 4200206                    /usr/lib/x86_64-linux-gnu/libkrb5.so.3.3
7f7c0b02b000-7f7c0b035000 r--p 000c8000 08:03 4200206                    /usr/lib/x86_64-linux-gnu/libkrb5.so.3.3
7f7c0b035000-7f7c0b037000 rw-p 000d2000 08:03 4200206                    /usr/lib/x86_64-linux-gnu/libkrb5.so.3.3
7f7c0b037000-7f7c0b03c000 r-xp 00000000 08:03 4199743                    /usr/lib/x86_64-linux-gnu/libXdmcp.so.6.0.0
7f7c0b03c000-7f7c0b23b000 ---p 00005000 08:03 4199743                    /usr/lib/x86_64-linux-gnu/libXdmcp.so.6.0.0
7f7c0b23b000-7f7c0b23c000 rw-p 00004000 08:03 4199743                    /usr/lib/x86_64-linux-gnu/libXdmcp.so.6.0.0
7f7c0b23c000-7f7c0b23e000 r-xp 00000000 08:03 4199732                    /usr/lib/x86_64-linux-gnu/libXau.so.6.0.0
7f7c0b23e000-7f7c0b43e000 ---p 00002000 08:03 4199732                    /usr/lib/x86_64-linux-gnu/libXau.so.6.0.0
7f7c0b43e000-7f7c0b43f000 rw-p 00002000 08:03 4199732                    /usr/lib/x86_64-linux-gnu/libXau.so.6.0.0
7f7c0b43f000-7f7c0b44f000 r-xp 00000000 08:03 4199807                    /usr/lib/x86_64-linux-gnu/libavahi-client.so.3.2.9
7f7c0b44f000-7f7c0b64e000 ---p 00010000 08:03 4199807                    /usr/lib/x86_64-linux-gnu/libavahi-client.so.3.2.9
7f7c0b64e000-7f7c0b64f000 r--p 0000f000 08:03 4199807                    /usr/lib/x86_64-linux-gnu/libavahi-client.so.3.2.9
7f7c0b64f000-7f7c0b650000 rw-p 00010000 08:03 4199807                    /usr/lib/x86_64-linux-gnu/libavahi-client.so.3.2.9
7f7c0b650000-7f7c0b65c000 r-xp 00000000 08:03 4199809                    /usr/lib/x86_64-linux-gnu/libavahi-common.so.3.5.3
7f7c0b65c000-7f7c0b85b000 ---p 0000c000 08:03 4199809                    /usr/lib/x86_64-linux-gnu/libavahi-common.so.3.5.3
7f7c0b85b000-7f7c0b85c000 r--p 0000b000 08:03 4199809                    /usr/lib/x86_64-linux-gnu/libavahi-common.so.3.5.3
7f7c0b85c000-7f7c0b85d000 rw-p 0000c000 08:03 4199809                    /usr/lib/x86_64-linux-gnu/libavahi-common.so.3.5.3
7f7c0b85d000-7f7c0b916000 r-xp 00000000 08:03 4200060                    /usr/lib/x86_64-linux-gnu/libgnutls.so.26.22.4
7f7c0b916000-7f7c0bb15000 ---p 000b9000 08:03 4200060                    /usr/lib/x86_64-linux-gnu/libgnutls.so.26.22.4
7f7c0bb15000-7f7c0bb1b000 r--p 000b8000 08:03 4200060                    /usr/lib/x86_64-linux-gnu/libgnutls.so.26.22.4
7f7c0bb1b000-7f7c0bb1d000 rw-p 000be000 08:03 4200060                    /usr/lib/x86_64-linux-gnu/libgnutls.so.26.22.4
7f7c0bb1d000-7f7c0bb59000 r-xp 00000000 08:03 4200085                    /usr/lib/x86_64-linux-gnu/libgssapi_krb5.so.2.2
7f7c0bb59000-7f7c0bd59000 ---p 0003c000 08:03 4200085                    /usr/lib/x86_64-linux-gnu/libgssapi_krb5.so.2.2
7f7c0bd59000-7f7c0bd5a000 r--p 0003c000 08:03 4200085                    /usr/lib/x86_64-linux-gnu/libgssapi_krb5.so.2.2
7f7c0bd5a000-7f7c0bd5c000 rw-p 0003d000 08:03 4200085                    /usr/lib/x86_64-linux-gnu/libgssapi_krb5.so.2.2
7f7c0bd5c000-7f7c0bd98000 r-xp 00000000 08:03 12190663                   /lib/x86_64-linux-gnu/libpcre.so.3.13.1
7f7c0bd98000-7f7c0bf98000 ---p 0003c000 08:03 12190663                   /lib/x86_64-linux-gnu/libpcre.so.3.13.1
7f7c0bf98000-7f7c0bf99000 rw-p 0003c000 08:03 12190663                   /lib/x86_64-linux-gnu/libpcre.so.3.13.1
7f7c0bf99000-7f7c0bfa5000 r-xp 00000000 08:03 4199961                    /usr/lib/x86_64-linux-gnu/libffi.so.5.0.10
7f7c0bfa5000-7f7c0c1a5000 ---p 0000c000 08:03 4199961                    /usr/lib/x86_64-linux-gnu/libffi.so.5.0.10
7f7c0c1a5000-7f7c0c1a6000 rw-p 0000c000 08:03 4199961                    /usr/lib/x86_64-linux-gnu/libffi.so.5.0.10
7f7c0c1a6000-7f7c0c1cd000 r-xp 00000000 08:03 12190588                   /lib/x86_64-linux-gnu/libexpat.so.1.6.0
7f7c0c1cd000-7f7c0c3cd000 ---p 00027000 08:03 12190588                   /lib/x86_64-linux-gnu/libexpat.so.1.6.0
7f7c0c3cd000-7f7c0c3cf000 r--p 00027000 08:03 12190588                   /lib/x86_64-linux-gnu/libexpat.so.1.6.0
7f7c0c3cf000-7f7c0c3d0000 rw-p 00029000 08:03 12190588                   /lib/x86_64-linux-gnu/libexpat.so.1.6.0
7f7c0c3d0000-7f7c0c3d8000 r-xp 00000000 08:03 4200521                    /usr/lib/x86_64-linux-gnu/libxcb-render.so.0.0.0
7f7c0c3d8000-7f7c0c5d8000 ---p 00008000 08:03 4200521                    /usr/lib/x86_64-linux-gnu/libxcb-render.so.0.0.0
7f7c0c5d8000-7f7c0c5d9000 r--p 00008000 08:03 4200521                    /usr/lib/x86_64-linux-gnu/libxcb-render.so.0.0.0
7f7c0c5d9000-7f7c0c5da000 rw-p 00009000 08:03 4200521                    /usr/lib/x86_64-linux-gnu/libxcb-render.so.0.0.0
7f7c0c5da000-7f7c0c5dc000 r-xp 00000000 08:03 4200525                    /usr/lib/x86_64-linux-gnu/libxcb-shm.so.0.0.0
7f7c0c5dc000-7f7c0c7db000 ---p 00002000 08:03 4200525                    /usr/lib/x86_64-linux-gnu/libxcb-shm.so.0.0.0
7f7c0c7db000-7f7c0c7dc000 r--p 00001000 08:03 4200525                    /usr/lib/x86_64-linux-gnu/libxcb-shm.so.0.0.0
7f7c0c7dc000-7f7c0c7dd000 rw-p 00002000 08:03 4200525                    /usr/lib/x86_64-linux-gnu/libxcb-shm.so.0.0.0
7f7c0c7dd000-7f7c0c85d000 r-xp 00000000 08:03 4200335                    /usr/lib/x86_64-linux-gnu/libpixman-1.so.0.26.0
7f7c0c85d000-7f7c0ca5d000 ---p 00080000 08:03 4200335                    /usr/lib/x86_64-linux-gnu/libpixman-1.so.0.26.0
7f7c0ca5d000-7f7c0ca63000 rw-p 00080000 08:03 4200335                    /usr/lib/x86_64-linux-gnu/libpixman-1.so.0.26.0
7f7c0ca63000-7f7c0ca89000 r-xp 00000000 08:03 12190665                   /lib/x86_64-linux-gnu/libpng12.so.0.49.0
7f7c0ca89000-7f7c0cc88000 ---p 00026000 08:03 12190665                   /lib/x86_64-linux-gnu/libpng12.so.0.49.0
7f7c0cc88000-7f7c0cc89000 r--p 00025000 08:03 12190665                   /lib/x86_64-linux-gnu/libpng12.so.0.49.0
7f7c0cc89000-7f7c0cc8a000 rw-p 00026000 08:03 12190665                   /lib/x86_64-linux-gnu/libpng12.so.0.49.0
7f7c0cc8a000-7f7c0cc9d000 r-xp 00000000 08:03 12190676                   /lib/x86_64-linux-gnu/libresolv-2.13.so
7f7c0cc9d000-7f7c0ce9c000 ---p 00013000 08:03 12190676                   /lib/x86_64-linux-gnu/libresolv-2.13.so
7f7c0ce9c000-7f7c0ce9d000 r--p 00012000 08:03 12190676                   /lib/x86_64-linux-gnu/libresolv-2.13.so
7f7c0ce9d000-7f7c0ce9e000 rw-p 00013000 08:03 12190676                   /lib/x86_64-linux-gnu/libresolv-2.13.so
7f7c0ce9e000-7f7c0cea0000 rw-p 00000000 00:00 0 
7f7c0cea0000-7f7c0cebe000 r-xp 00000000 08:03 12190680                   /lib/x86_64-linux-gnu/libselinux.so.1
7f7c0cebe000-7f7c0d0bd000 ---p 0001e000 08:03 12190680                   /lib/x86_64-linux-gnu/libselinux.so.1
7f7c0d0bd000-7f7c0d0be000 r--p 0001d000 08:03 12190680                   /lib/x86_64-linux-gnu/libselinux.so.1
7f7c0d0be000-7f7c0d0bf000 rw-p 0001e000 08:03 12190680                   /lib/x86_64-linux-gnu/libselinux.so.1
7f7c0d0bf000-7f7c0d0c0000 rw-p 00000000 00:00 0 
7f7c0d0c0000-7f7c0d0c3000 r-xp 00000000 08:03 4200052                    /usr/lib/x86_64-linux-gnu/libgmodule-2.0.so.0.3200.4
7f7c0d0c3000-7f7c0d2c2000 ---p 00003000 08:03 4200052                    /usr/lib/x86_64-linux-gnu/libgmodule-2.0.so.0.3200.4
7f7c0d2c2000-7f7c0d2c3000 r--p 00002000 08:03 4200052                    /usr/lib/x86_64-linux-gnu/libgmodule-2.0.so.0.3200.4
7f7c0d2c3000-7f7c0d2c4000 rw-p 00003000 08:03 4200052                    /usr/lib/x86_64-linux-gnu/libgmodule-2.0.so.0.3200.4
7f7c0d2c4000-7f7c0d2ce000 r-xp 00000000 08:03 4199739                    /usr/lib/x86_64-linux-gnu/libXcursor.so.1.0.2
7f7c0d2ce000-7f7c0d4cd000 ---p 0000a000 08:03 4199739                    /usr/lib/x86_64-linux-gnu/libXcursor.so.1.0.2
7f7c0d4cd000-7f7c0d4ce000 rw-p 00009000 08:03 4199739                    /usr/lib/x86_64-linux-gnu/libXcursor.so.1.0.2
7f7c0d4ce000-7f7c0d4d5000 r-xp 00000000 08:03 4199761                    /usr/lib/x86_64-linux-gnu/libXrandr.so.2.2.0
7f7c0d4d5000-7f7c0d6d5000 ---p 00007000 08:03 4199761                    /usr/lib/x86_64-linux-gnu/libXrandr.so.2.2.0
7f7c0d6d5000-7f7c0d6d6000 rw-p 00007000 08:03 4199761                    /usr/lib/x86_64-linux-gnu/libXrandr.so.2.2.0
7f7c0d6d6000-7f7c0d6d8000 r-xp 00000000 08:03 4199753                    /usr/lib/x86_64-linux-gnu/libXinerama.so.1.0.0
7f7c0d6d8000-7f7c0d8d7000 ---p 00002000 08:03 4199753                    /usr/lib/x86_64-linux-gnu/libXinerama.so.1.0.0
7f7c0d8d7000-7f7c0d8d8000 rw-p 00001000 08:03 4199753                    /usr/lib/x86_64-linux-gnu/libXinerama.so.1.0.0
7f7c0d8d8000-7f7c0d8dd000 r-xp 00000000 08:03 4199747                    /usr/lib/x86_64-linux-gnu/libXfixes.so.3.1.0
7f7c0d8dd000-7f7c0dadc000 ---p 00005000 08:03 4199747                    /usr/lib/x86_64-linux-gnu/libXfixes.so.3.1.0
7f7c0dadc000-7f7c0dadd000 r--p 00004000 08:03 4199747                    /usr/lib/x86_64-linux-gnu/libXfixes.so.3.1.0
7f7c0dadd000-7f7c0dade000 rw-p 00005000 08:03 4199747                    /usr/lib/x86_64-linux-gnu/libXfixes.so.3.1.0
7f7c0dade000-7f7c0dae0000 r-xp 00000000 08:03 4199741                    /usr/lib/x86_64-linux-gnu/libXdamage.so.1.1.0
7f7c0dae0000-7f7c0dcdf000 ---p 00002000 08:03 4199741                    /usr/lib/x86_64-linux-gnu/libXdamage.so.1.1.0
7f7c0dcdf000-7f7c0dce0000 rw-p 00001000 08:03 4199741                    /usr/lib/x86_64-linux-gnu/libXdamage.so.1.1.0
7f7c0dce0000-7f7c0dce2000 r-xp 00000000 08:03 4199737                    /usr/lib/x86_64-linux-gnu/libXcomposite.so.1.0.0
7f7c0dce2000-7f7c0dee1000 ---p 00002000 08:03 4199737                    /usr/lib/x86_64-linux-gnu/libXcomposite.so.1.0.0
7f7c0dee1000-7f7c0dee2000 rw-p 00001000 08:03 4199737                    /usr/lib/x86_64-linux-gnu/libXcomposite.so.1.0.0
7f7c0dee2000-7f7c0df01000 r-xp 00000000 08:03 4200529                    /usr/lib/x86_64-linux-gnu/libxcb.so.1.1.0
7f7c0df01000-7f7c0e100000 ---p 0001f000 08:03 4200529                    /usr/lib/x86_64-linux-gnu/libxcb.so.1.1.0
7f7c0e100000-7f7c0e101000 r--p 0001e000 08:03 4200529                    /usr/lib/x86_64-linux-gnu/libxcb.so.1.1.0
7f7c0e101000-7f7c0e102000 rw-p 0001f000 08:03 4200529                    /usr/lib/x86_64-linux-gnu/libxcb.so.1.1.0
7f7c0e102000-7f7c0e155000 r-xp 00000000 08:03 4199889                    /usr/lib/x86_64-linux-gnu/libcups.so.2
7f7c0e155000-7f7c0e354000 ---p 00053000 08:03 4199889                    /usr/lib/x86_64-linux-gnu/libcups.so.2
7f7c0e354000-7f7c0e359000 r--p 00052000 08:03 4199889                    /usr/lib/x86_64-linux-gnu/libcups.so.2
7f7c0e359000-7f7c0e35a000 rw-p 00057000 08:03 4199889                    /usr/lib/x86_64-linux-gnu/libcups.so.2
7f7c0e35a000-7f7c0e44f000 r-xp 00000000 08:03 12190597                   /lib/x86_64-linux-gnu/libglib-2.0.so.0.3200.4
7f7c0e44f000-7f7c0e64f000 ---p 000f5000 08:03 12190597                   /lib/x86_64-linux-gnu/libglib-2.0.so.0.3200.4
7f7c0e64f000-7f7c0e650000 r--p 000f5000 08:03 12190597                   /lib/x86_64-linux-gnu/libglib-2.0.so.0.3200.4
7f7c0e650000-7f7c0e651000 rw-p 000f6000 08:03 12190597                   /lib/x86_64-linux-gnu/libglib-2.0.so.0.3200.4
7f7c0e651000-7f7c0e652000 rw-p 00000000 00:00 0 
7f7c0e652000-7f7c0e653000 r-xp 00000000 08:03 4200137                    /usr/lib/x86_64-linux-gnu/libgthread-2.0.so.0.3200.4
7f7c0e653000-7f7c0e852000 ---p 00001000 08:03 4200137                    /usr/lib/x86_64-linux-gnu/libgthread-2.0.so.0.3200.4
7f7c0e852000-7f7c0e853000 r--p 00000000 08:03 4200137                    /usr/lib/x86_64-linux-gnu/libgthread-2.0.so.0.3200.4
7f7c0e853000-7f7c0e854000 rw-p 00001000 08:03 4200137                    /usr/lib/x86_64-linux-gnu/libgthread-2.0.so.0.3200.4
7f7c0e854000-7f7c0e8a2000 r-xp 00000000 08:03 4200068                    /usr/lib/x86_64-linux-gnu/libgobject-2.0.so.0.3200.4
7f7c0e8a2000-7f7c0eaa2000 ---p 0004e000 08:03 4200068                    /usr/lib/x86_64-linux-gnu/libgobject-2.0.so.0.3200.4
7f7c0eaa2000-7f7c0eaa3000 r--p 0004e000 08:03 4200068                    /usr/lib/x86_64-linux-gnu/libgobject-2.0.so.0.3200.4
7f7c0eaa3000-7f7c0eaa4000 rw-p 0004f000 08:03 4200068                    /usr/lib/x86_64-linux-gnu/libgobject-2.0.so.0.3200.4
7f7c0eaa4000-7f7c0ead9000 r-xp 00000000 08:03 4199999                    /usr/lib/x86_64-linux-gnu/libfontconfig.so.1.5.0
7f7c0ead9000-7f7c0ecd9000 ---p 00035000 08:03 4199999                    /usr/lib/x86_64-linux-gnu/libfontconfig.so.1.5.0
7f7c0ecd9000-7f7c0ecda000 r--p 00035000 08:03 4199999                    /usr/lib/x86_64-linux-gnu/libfontconfig.so.1.5.0
7f7c0ecda000-7f7c0ecdb000 rw-p 00036000 08:03 4199999                    /usr/lib/x86_64-linux-gnu/libfontconfig.so.1.5.0
7f7c0ecdb000-7f7c0ed74000 r-xp 00000000 08:03 4200007                    /usr/lib/x86_64-linux-gnu/libfreetype.so.6.8.1
7f7c0ed74000-7f7c0ef73000 ---p 00099000 08:03 4200007                    /usr/lib/x86_64-linux-gnu/libfreetype.so.6.8.1
7f7c0ef73000-7f7c0ef79000 r--p 00098000 08:03 4200007                    /usr/lib/x86_64-linux-gnu/libfreetype.so.6.8.1
7f7c0ef79000-7f7c0ef7a000 rw-p 0009e000 08:03 4200007                    /usr/lib/x86_64-linux-gnu/libfreetype.so.6.8.1
7f7c0ef7a000-7f7c0efc4000 r-xp 00000000 08:03 4200313                    /usr/lib/x86_64-linux-gnu/libpango-1.0.so.0.3000.0
7f7c0efc4000-7f7c0f1c4000 ---p 0004a000 08:03 4200313                    /usr/lib/x86_64-linux-gnu/libpango-1.0.so.0.3000.0
7f7c0f1c4000-7f7c0f1c6000 r--p 0004a000 08:03 4200313                    /usr/lib/x86_64-linux-gnu/libpango-1.0.so.0.3000.0
7f7c0f1c6000-7f7c0f1c7000 rw-p 0004c000 08:03 4200313                    /usr/lib/x86_64-linux-gnu/libpango-1.0.so.0.3000.0
7f7c0f1c7000-7f7c0f2bb000 r-xp 00000000 08:03 4199843                    /usr/lib/x86_64-linux-gnu/libcairo.so.2.11200.2
7f7c0f2bb000-7f7c0f4ba000 ---p 000f4000 08:03 4199843                    /usr/lib/x86_64-linux-gnu/libcairo.so.2.11200.2
7f7c0f4ba000-7f7c0f4bd000 r--p 000f3000 08:03 4199843                    /usr/lib/x86_64-linux-gnu/libcairo.so.2.11200.2
7f7c0f4bd000-7f7c0f4be000 rw-p 000f6000 08:03 4199843                    /usr/lib/x86_64-linux-gnu/libcairo.so.2.11200.2
7f7c0f4be000-7f7c0f4c0000 rw-p 00000000 00:00 0 
7f7c0f4c0000-7f7c0f4df000 r-xp 00000000 08:03 4200030                    /usr/lib/x86_64-linux-gnu/libgdk_pixbuf-2.0.so.0.2600.1
7f7c0f4df000-7f7c0f6de000 ---p 0001f000 08:03 4200030                    /usr/lib/x86_64-linux-gnu/libgdk_pixbuf-2.0.so.0.2600.1
7f7c0f6de000-7f7c0f6df000 r--p 0001e000 08:03 4200030                    /usr/lib/x86_64-linux-gnu/libgdk_pixbuf-2.0.so.0.2600.1
7f7c0f6df000-7f7c0f6e0000 rw-p 0001f000 08:03 4200030                    /usr/lib/x86_64-linux-gnu/libgdk_pixbuf-2.0.so.0.2600.1
7f7c0f6e0000-7f7c0f6ec000 r-xp 00000000 08:03 4200315                    /usr/lib/x86_64-linux-gnu/libpangocairo-1.0.so.0.3000.0
7f7c0f6ec000-7f7c0f8eb000 ---p 0000c000 08:03 4200315                    /usr/lib/x86_64-linux-gnu/libpangocairo-1.0.so.0.3000.0
7f7c0f8eb000-7f7c0f8ec000 r--p 0000b000 08:03 4200315                    /usr/lib/x86_64-linux-gnu/libpangocairo-1.0.so.0.3000.0
7f7c0f8ec000-7f7c0f8ed000 rw-p 0000c000 08:03 4200315                    /usr/lib/x86_64-linux-gnu/libpangocairo-1.0.so.0.3000.0
7f7c0f8ed000-7f7c0f917000 r-xp 00000000 08:03 4200317                    /usr/lib/x86_64-linux-gnu/libpangoft2-1.0.so.0.3000.0
7f7c0f917000-7f7c0fb16000 ---p 0002a000 08:03 4200317                    /usr/lib/x86_64-linux-gnu/libpangoft2-1.0.so.0.3000.0
7f7c0fb16000-7f7c0fb17000 r--p 00029000 08:03 4200317                    /usr/lib/x86_64-linux-gnu/libpangoft2-1.0.so.0.3000.0
7f7c0fb17000-7f7c0fb18000 rw-p 0002a000 08:03 4200317                    /usr/lib/x86_64-linux-gnu/libpangoft2-1.0.so.0.3000.0
7f7c0fb18000-7f7c0fc64000 r-xp 00000000 08:03 4200042                    /usr/lib/x86_64-linux-gnu/libgio-2.0.so.0.3200.4
7f7c0fc64000-7f7c0fe63000 ---p 0014c000 08:03 4200042                    /usr/lib/x86_64-linux-gnu/libgio-2.0.so.0.3200.4
7f7c0fe63000-7f7c0fe67000 r--p 0014b000 08:03 4200042                    /usr/lib/x86_64-linux-gnu/libgio-2.0.so.0.3200.4
7f7c0fe67000-7f7c0fe69000 rw-p 0014f000 08:03 4200042                    /usr/lib/x86_64-linux-gnu/libgio-2.0.so.0.3200.4
7f7c0fe69000-7f7c0fe6b000 rw-p 00000000 00:00 0 
7f7c0fe6b000-7f7c0fe8c000 r-xp 00000000 08:03 4199799                    /usr/lib/x86_64-linux-gnu/libatk-1.0.so.0.20409.1
7f7c0fe8c000-7f7c1008b000 ---p 00021000 08:03 4199799                    /usr/lib/x86_64-linux-gnu/libatk-1.0.so.0.20409.1
7f7c1008b000-7f7c1008d000 r--p 00020000 08:03 4199799                    /usr/lib/x86_64-linux-gnu/libatk-1.0.so.0.20409.1
7f7c1008d000-7f7c1008e000 rw-p 00022000 08:03 4199799                    /usr/lib/x86_64-linux-gnu/libatk-1.0.so.0.20409.1
7f7c1008e000-7f7c1013d000 r-xp 00000000 08:03 4200028                    /usr/lib/x86_64-linux-gnu/libgdk-x11-2.0.so.0.2400.10
7f7c1013d000-7f7c1033c000 ---p 000af000 08:03 4200028                    /usr/lib/x86_64-linux-gnu/libgdk-x11-2.0.so.0.2400.10
7f7c1033c000-7f7c10341000 rw-p 000ae000 08:03 4200028                    /usr/lib/x86_64-linux-gnu/libgdk-x11-2.0.so.0.2400.10
7f7c10341000-7f7c10773000 r-xp 00000000 08:03 4200141                    /usr/lib/x86_64-linux-gnu/libgtk-x11-2.0.so.0.2400.10
7f7c10773000-7f7c10973000 ---p 00432000 08:03 4200141                    /usr/lib/x86_64-linux-gnu/libgtk-x11-2.0.so.0.2400.10
7f7c10973000-7f7c1097e000 rw-p 00432000 08:03 4200141                    /usr/lib/x86_64-linux-gnu/libgtk-x11-2.0.so.0.2400.10
7f7c1097e000-7f7c10980000 rw-p 00000000 00:00 0 
7f7c10980000-7f7c1098e000 r-xp 00000000 08:03 4199751                    /usr/lib/x86_64-linux-gnu/libXi.so.6.1.0
7f7c1098e000-7f7c10b8e000 ---p 0000e000 08:03 4199751                    /usr/lib/x86_64-linux-gnu/libXi.so.6.1.0
7f7c10b8e000-7f7c10b8f000 rw-p 0000e000 08:03 4199751                    /usr/lib/x86_64-linux-gnu/libXi.so.6.1.0
7f7c10b8f000-7f7c10b94000 r-xp 00000000 08:03 4199769                    /usr/lib/x86_64-linux-gnu/libXtst.so.6.1.0
7f7c10b94000-7f7c10d93000 ---p 00005000 08:03 4199769                    /usr/lib/x86_64-linux-gnu/libXtst.so.6.1.0
7f7c10d93000-7f7c10d94000 rw-p 00004000 08:03 4199769                    /usr/lib/x86_64-linux-gnu/libXtst.so.6.1.0
7f7c10d94000-7f7c10d9d000 r-xp 00000000 08:03 4199763                    /usr/lib/x86_64-linux-gnu/libXrender.so.1.3.0
7f7c10d9d000-7f7c10f9c000 ---p 00009000 08:03 4199763                    /usr/lib/x86_64-linux-gnu/libXrender.so.1.3.0
7f7c10f9c000-7f7c10f9d000 rw-p 00008000 08:03 4199763                    /usr/lib/x86_64-linux-gnu/libXrender.so.1.3.0
7f7c10f9d000-7f7c110d2000 r-xp 00000000 08:03 4199728                    /usr/lib/x86_64-linux-gnu/libX11.so.6.3.0
7f7c110d2000-7f7c112d2000 ---p 00135000 08:03 4199728                    /usr/lib/x86_64-linux-gnu/libX11.so.6.3.0
7f7c112d2000-7f7c112d8000 rw-p 00135000 08:03 4199728                    /usr/lib/x86_64-linux-gnu/libX11.so.6.3.0
7f7c112d8000-7f7c112e9000 r-xp 00000000 08:03 4199745                    /usr/lib/x86_64-linux-gnu/libXext.so.6.4.0
7f7c112e9000-7f7c114e9000 ---p 00011000 08:03 4199745                    /usr/lib/x86_64-linux-gnu/libXext.so.6.4.0
7f7c114e9000-7f7c114ea000 rw-p 00011000 08:03 4199745                    /usr/lib/x86_64-linux-gnu/libXext.so.6.4.0
7f7c114ea000-7f7c1153d000 r-xp 00000000 08:03 3934319                    /usr/lib/jvm/java-7-openjdk-amd64/jre/lib/amd64/xawt/libmawt.so
7f7c1153d000-7f7c1173c000 ---p 00053000 08:03 3934319                    /usr/lib/jvm/java-7-openjdk-amd64/jre/lib/amd64/xawt/libmawt.so
7f7c1173c000-7f7c1173d000 r--p 00052000 08:03 3934319                    /usr/lib/jvm/java-7-openjdk-amd64/jre/lib/amd64/xawt/libmawt.so
7f7c1173d000-7f7c11740000 rw-p 00053000 08:03 3934319                    /usr/lib/jvm/java-7-openjdk-amd64/jre/lib/amd64/xawt/libmawt.so
7f7c11740000-7f7c11741000 rw-p 00000000 00:00 0 
7f7c11741000-7f7c117e2000 r-xp 00000000 08:03 3934218                    /usr/lib/jvm/java-7-openjdk-amd64/jre/lib/amd64/libawt.so
7f7c117e2000-7f7c119e1000 ---p 000a1000 08:03 3934218                    /usr/lib/jvm/java-7-openjdk-amd64/jre/lib/amd64/libawt.so
7f7c119e1000-7f7c119e2000 r--p 000a0000 08:03 3934218                    /usr/lib/jvm/java-7-openjdk-amd64/jre/lib/amd64/libawt.so
7f7c119e2000-7f7c119ed000 rw-p 000a1000 08:03 3934218                    /usr/lib/jvm/java-7-openjdk-amd64/jre/lib/amd64/libawt.so
7f7c119ed000-7f7c11a12000 rw-p 00000000 00:00 0 
7f7c11a12000-7f7c11a4f000 r-xp 00000000 08:03 10490694                   /tmp/libgdxchobe/5502b6ed/libgdx64.so
7f7c11a4f000-7f7c11c4e000 ---p 0003d000 08:03 10490694                   /tmp/libgdxchobe/5502b6ed/libgdx64.so
7f7c11c4e000-7f7c11c4f000 r--p 0003c000 08:03 10490694                   /tmp/libgdxchobe/5502b6ed/libgdx64.so
7f7c11c4f000-7f7c11c50000 rw-p 0003d000 08:03 10490694                   /tmp/libgdxchobe/5502b6ed/libgdx64.so
7f7c11c50000-7f7c14000000 rw-p 00000000 00:00 0 
7f7c14000000-7f7c17f9e000 rw-p 00000000 00:00 0 
7f7c17f9e000-7f7c18000000 ---p 00000000 00:00 0 
7f7c18029000-7f7c1802a000 rw-s 00005000 00:05 8297                       /dev/ati/card0
7f7c1802a000-7f7c1803a000 rw-s e0200000 00:05 8297                       /dev/ati/card0
7f7c1803a000-7f7c1803c000 rw-s 00002000 00:05 8297                       /dev/ati/card0
7f7c1803c000-7f7c1803f000 ---p 00000000 00:00 0 
7f7c1803f000-7f7c18075000 rw-p 00000000 00:00 0 
7f7c18075000-7f7c18076000 r--s 00002000 08:03 10488693                   /home/chobe/.gradle/caches/modules-2/files-2.1/net.java.jinput/jinput-platform/2.0.5/53f9c919f34d2ca9de8c51fc4e1e8282029a9232/jinput-platform-2.0.5-natives-osx.jar
7f7c18076000-7f7c18077000 r--s 00025000 08:03 10488692                   /home/chobe/.gradle/caches/modules-2/files-2.1/net.java.jinput/jinput-platform/2.0.5/385ee093e01f587f30ee1c8a2ee7d408fd732e16/jinput-platform-2.0.5-natives-windows.jar
7f7c18077000-7f7c18078000 r--s 00002000 08:03 10488691                   /home/chobe/.gradle/caches/modules-2/files-2.1/net.java.jinput/jinput-platform/2.0.5/7ff832a6eb9ab6a767f1ade2b548092d0fa64795/jinput-platform-2.0.5-natives-linux.jar
7f7c18078000-7f7c18079000 r--s 00001000 08:03 10488690                   /home/chobe/.gradle/caches/modules-2/files-2.1/net.java.jutils/jutils/1.0.0/e12fe1fda814bd348c1579329c86943d2cd3c6a6/jutils-1.0.0.jar
7f7c18079000-7f7c1807d000 r--s 0002f000 08:03 10488689                   /home/chobe/.gradle/caches/modules-2/files-2.1/net.java.jinput/jinput/2.0.5/39c7796b469a600f72380316f6b1f11db6c2c7c4/jinput-2.0.5.jar
7f7c1807d000-7f7c1807e000 r--s 00080000 08:03 10488688                   /home/chobe/.gradle/caches/modules-2/files-2.1/org.lwjgl.lwjgl/lwjgl-platform/2.9.1/2d12c83fdfbc04ecabf02c7bc8cc54d034f0daac/lwjgl-platform-2.9.1-natives-osx.jar
7f7c1807e000-7f7c1807f000 r--s 0008b000 08:03 10488687                   /home/chobe/.gradle/caches/modules-2/files-2.1/org.lwjgl.lwjgl/lwjgl-platform/2.9.1/aa9aae879af8eb378e22cfc64db56ec2ca9a44d1/lwjgl-platform-2.9.1-natives-linux.jar
7f7c1807f000-7f7c18080000 r--s 00095000 08:03 10488686                   /home/chobe/.gradle/caches/modules-2/files-2.1/org.lwjgl.lwjgl/lwjgl-platform/2.9.1/4c517eca808522457dd95ee8fc1fbcdbb602efbe/lwjgl-platform-2.9.1-natives-windows.jar
7f7c18080000-7f7c18082000 r--s 00017000 08:03 10488685                   /home/chobe/.gradle/caches/modules-2/files-2.1/org.jcraft/jorbis/0.0.17/8872d22b293e8f5d7d56ff92be966e6dc28ebdc6/jorbis-0.0.17.jar
7f7c18082000-7f7c18083000 r--s 00015000 08:03 10488684                   /home/chobe/.gradle/caches/modules-2/files-2.1/com.badlogicgames.jlayer/jlayer/1.0.1-gdx/7cca83cec5c1b2f011362f4d85aabd71a73b049d/jlayer-1.0.1-gdx.jar
7f7c18083000-7f7c18087000 r--s 00027000 08:03 10488683                   /home/chobe/.gradle/caches/modules-2/files-2.1/org.lwjgl.lwjgl/lwjgl_util/2.9.1/290d7ba8a1bd9566f5ddf16ad06f09af5ec9b20e/lwjgl_util-2.9.1.jar
7f7c18087000-7f7c18095000 r--s 000ea000 08:03 10488682                   /home/chobe/.gradle/caches/modules-2/files-2.1/org.lwjgl.lwjgl/lwjgl/2.9.1/f58c5aabcef0e41718a564be9f8e412fff8db847/lwjgl-2.9.1.jar
7f7c18095000-7f7c180aa000 r--s 00153000 08:03 10488660                   /home/chobe/.gradle/caches/modules-2/files-2.1/com.badlogicgames.gdx/gdx/1.1.0/686f5a609c717eb0769d3b954c501a49bf4fe351/gdx-1.1.0.jar
7f7c180aa000-7f7c180ab000 r--s 000cd000 08:03 10488678                   /home/chobe/.gradle/caches/modules-2/files-2.1/com.badlogicgames.gdx/gdx-platform/1.1.0/1c7ea4239c2d9adda420c15985fe3885c481fdcf/gdx-platform-1.1.0-natives-desktop.jar
7f7c180ab000-7f7c180ae000 r--s 0001f000 08:03 10488677                   /home/chobe/.gradle/caches/modules-2/files-2.1/com.badlogicgames.gdx/gdx-backend-lwjgl/1.1.0/eafa409559820c1696e165e1280435f1332fc32b/gdx-backend-lwjgl-1.1.0.jar
7f7c180ae000-7f7c180b0000 r--s 00016000 08:01 754491                     /media/winDisk/Users/ChobeDucket/Documents/sheep/core/build/libs/core-1.0.jar
7f7c180b0000-7f7c180b4000 r--s 0003b000 08:03 3934173                    /usr/lib/jvm/java-7-openjdk-amd64/jre/lib/ext/sunpkcs11.jar
7f7c180b4000-7f7c180b5000 r--s 00002000 08:03 3934178                    /usr/lib/jvm/java-7-openjdk-amd64/jre/lib/ext/dnsns.jar
7f7c180b5000-7f7c180b8000 r--s 00032000 08:03 3934176                    /usr/lib/jvm/java-7-openjdk-amd64/jre/lib/ext/sunjce_provider.jar
7f7c180b8000-7f7c180ba000 r--s 0000f000 08:03 3934175                    /usr/lib/jvm/java-7-openjdk-amd64/jre/lib/ext/pulse-java.jar
7f7c180ba000-7f7c180bc000 r--s 00012000 08:03 3934174                    /usr/lib/jvm/java-7-openjdk-amd64/jre/lib/ext/zipfs.jar
7f7c180bc000-7f7c180c0000 r--s 00085000 08:03 3934172                    /usr/lib/jvm/java-7-openjdk-amd64/jre/lib/ext/localedata.jar
7f7c180c0000-7f7c180c1000 r--s 00007000 08:03 5645676                    /usr/share/java/java-atk-wrapper.jar
7f7c180c1000-7f7c180c2000 ---p 00000000 00:00 0 
7f7c180c2000-7f7c181c2000 rw-p 00000000 00:00 0 
7f7c181c2000-7f7c181c5000 ---p 00000000 00:00 0 
7f7c181c5000-7f7c182c3000 rw-p 00000000 00:00 0 
7f7c182c3000-7f7c182c6000 ---p 00000000 00:00 0 
7f7c182c6000-7f7c183c4000 rw-p 00000000 00:00 0 
7f7c183c4000-7f7c183c7000 ---p 00000000 00:00 0 
7f7c183c7000-7f7c184c5000 rw-p 00000000 00:00 0 
7f7c184c5000-7f7c184c8000 ---p 00000000 00:00 0 
7f7c184c8000-7f7c185c6000 rw-p 00000000 00:00 0 
7f7c185c6000-7f7c1873d000 r--p 00000000 08:03 4066468                    /usr/lib/locale/locale-archive
7f7c1873d000-7f7c18740000 ---p 00000000 00:00 0 
7f7c18740000-7f7c1883e000 rw-p 00000000 00:00 0 
7f7c1883e000-7f7c18841000 ---p 00000000 00:00 0 
7f7c18841000-7f7c1893f000 rw-p 00000000 00:00 0 
7f7c1893f000-7f7c18940000 ---p 00000000 00:00 0 
7f7c18940000-7f7c19a3d000 rw-p 00000000 00:00 0 
7f7c19a3d000-7f7c19beb000 r--s 01cfc000 08:03 3934153                    /usr/lib/jvm/java-7-openjdk-amd64/jre/lib/rt.jar
7f7c19beb000-7f7c19f1f000 rw-p 00000000 00:00 0 
7f7c19f1f000-7f7c19f20000 ---p 00000000 00:00 0 
7f7c19f20000-7f7c1a020000 rw-p 00000000 00:00 0 
7f7c1a020000-7f7c1a021000 ---p 00000000 00:00 0 
7f7c1a021000-7f7c1a121000 rw-p 00000000 00:00 0 
7f7c1a121000-7f7c1a122000 ---p 00000000 00:00 0 
7f7c1a122000-7f7c1a222000 rw-p 00000000 00:00 0 
7f7c1a222000-7f7c1a223000 ---p 00000000 00:00 0 
7f7c1a223000-7f7c1a32e000 rw-p 00000000 00:00 0 
7f7c1a32e000-7f7c1a376000 rw-p 00000000 00:00 0 
7f7c1a376000-7f7c1a38b000 rw-p 00000000 00:00 0 
7f7c1a38b000-7f7c1a4bc000 rw-p 00000000 00:00 0 
7f7c1a4bc000-7f7c1a4c7000 rw-p 00000000 00:00 0 
7f7c1a4c7000-7f7c1a50f000 rw-p 00000000 00:00 0 
7f7c1a50f000-7f7c1a524000 rw-p 00000000 00:00 0 
7f7c1a524000-7f7c1a654000 rw-p 00000000 00:00 0 
7f7c1a654000-7f7c1a65f000 rw-p 00000000 00:00 0 
7f7c1a65f000-7f7c1a6f7000 rw-p 00000000 00:00 0 
7f7c1a6f7000-7f7c1a6f8000 rw-p 00000000 00:00 0 
7f7c1a6f8000-7f7c1a968000 rwxp 00000000 00:00 0 
7f7c1a968000-7f7c1d6f8000 rw-p 00000000 00:00 0 
7f7c1d6f8000-7f7c1d700000 r-xp 00000000 08:03 3934210                    /usr/lib/jvm/java-7-openjdk-amd64/jre/lib/amd64/libzip.so
7f7c1d700000-7f7c1d8ff000 ---p 00008000 08:03 3934210                    /usr/lib/jvm/java-7-openjdk-amd64/jre/lib/amd64/libzip.so
7f7c1d8ff000-7f7c1d900000 r--p 00007000 08:03 3934210                    /usr/lib/jvm/java-7-openjdk-amd64/jre/lib/amd64/libzip.so
7f7c1d900000-7f7c1d901000 rw-p 00008000 08:03 3934210                    /usr/lib/jvm/java-7-openjdk-amd64/jre/lib/amd64/libzip.so
7f7c1d901000-7f7c1d90c000 r-xp 00000000 08:03 12190641                   /lib/x86_64-linux-gnu/libnss_files-2.13.so
7f7c1d90c000-7f7c1db0b000 ---p 0000b000 08:03 12190641                   /lib/x86_64-linux-gnu/libnss_files-2.13.so
7f7c1db0b000-7f7c1db0c000 r--p 0000a000 08:03 12190641                   /lib/x86_64-linux-gnu/libnss_files-2.13.so
7f7c1db0c000-7f7c1db0d000 rw-p 0000b000 08:03 12190641                   /lib/x86_64-linux-gnu/libnss_files-2.13.so
7f7c1db0d000-7f7c1db17000 r-xp 00000000 08:03 12190645                   /lib/x86_64-linux-gnu/libnss_nis-2.13.so
7f7c1db17000-7f7c1dd16000 ---p 0000a000 08:03 12190645                   /lib/x86_64-linux-gnu/libnss_nis-2.13.so
7f7c1dd16000-7f7c1dd17000 r--p 00009000 08:03 12190645                   /lib/x86_64-linux-gnu/libnss_nis-2.13.so
7f7c1dd17000-7f7c1dd18000 rw-p 0000a000 08:03 12190645                   /lib/x86_64-linux-gnu/libnss_nis-2.13.so
7f7c1dd18000-7f7c1dd2d000 r-xp 00000000 08:03 12190635                   /lib/x86_64-linux-gnu/libnsl-2.13.so
7f7c1dd2d000-7f7c1df2c000 ---p 00015000 08:03 12190635                   /lib/x86_64-linux-gnu/libnsl-2.13.so
7f7c1df2c000-7f7c1df2d000 r--p 00014000 08:03 12190635                   /lib/x86_64-linux-gnu/libnsl-2.13.so
7f7c1df2d000-7f7c1df2e000 rw-p 00015000 08:03 12190635                   /lib/x86_64-linux-gnu/libnsl-2.13.so
7f7c1df2e000-7f7c1df30000 rw-p 00000000 00:00 0 
7f7c1df30000-7f7c1df37000 r-xp 00000000 08:03 12190637                   /lib/x86_64-linux-gnu/libnss_compat-2.13.so
7f7c1df37000-7f7c1e136000 ---p 00007000 08:03 12190637                   /lib/x86_64-linux-gnu/libnss_compat-2.13.so
7f7c1e136000-7f7c1e137000 r--p 00006000 08:03 12190637                   /lib/x86_64-linux-gnu/libnss_compat-2.13.so
7f7c1e137000-7f7c1e138000 rw-p 00007000 08:03 12190637                   /lib/x86_64-linux-gnu/libnss_compat-2.13.so
7f7c1e138000-7f7c1e163000 r-xp 00000000 08:03 3934215                    /usr/lib/jvm/java-7-openjdk-amd64/jre/lib/amd64/libjava.so
7f7c1e163000-7f7c1e362000 ---p 0002b000 08:03 3934215                    /usr/lib/jvm/java-7-openjdk-amd64/jre/lib/amd64/libjava.so
7f7c1e362000-7f7c1e363000 r--p 0002a000 08:03 3934215                    /usr/lib/jvm/java-7-openjdk-amd64/jre/lib/amd64/libjava.so
7f7c1e363000-7f7c1e365000 rw-p 0002b000 08:03 3934215                    /usr/lib/jvm/java-7-openjdk-amd64/jre/lib/amd64/libjava.so
7f7c1e365000-7f7c1e374000 r-xp 00000000 08:03 3934216                    /usr/lib/jvm/java-7-openjdk-amd64/jre/lib/amd64/libverify.so
7f7c1e374000-7f7c1e573000 ---p 0000f000 08:03 3934216                    /usr/lib/jvm/java-7-openjdk-amd64/jre/lib/amd64/libverify.so
7f7c1e573000-7f7c1e575000 r--p 0000e000 08:03 3934216                    /usr/lib/jvm/java-7-openjdk-amd64/jre/lib/amd64/libverify.so
7f7c1e575000-7f7c1e576000 rw-p 00010000 08:03 3934216                    /usr/lib/jvm/java-7-openjdk-amd64/jre/lib/amd64/libverify.so
7f7c1e576000-7f7c1e57d000 r-xp 00000000 08:03 12190678                   /lib/x86_64-linux-gnu/librt-2.13.so
7f7c1e57d000-7f7c1e77c000 ---p 00007000 08:03 12190678                   /lib/x86_64-linux-gnu/librt-2.13.so
7f7c1e77c000-7f7c1e77d000 r--p 00006000 08:03 12190678                   /lib/x86_64-linux-gnu/librt-2.13.so
7f7c1e77d000-7f7c1e77e000 rw-p 00007000 08:03 12190678                   /lib/x86_64-linux-gnu/librt-2.13.so
7f7c1e77e000-7f7c1e793000 r-xp 00000000 08:03 12190593                   /lib/x86_64-linux-gnu/libgcc_s.so.1
7f7c1e793000-7f7c1e993000 ---p 00015000 08:03 12190593                   /lib/x86_64-linux-gnu/libgcc_s.so.1
7f7c1e993000-7f7c1e994000 rw-p 00015000 08:03 12190593                   /lib/x86_64-linux-gnu/libgcc_s.so.1
7f7c1e994000-7f7c1ea15000 r-xp 00000000 08:03 12190616                   /lib/x86_64-linux-gnu/libm-2.13.so
7f7c1ea15000-7f7c1ec14000 ---p 00081000 08:03 12190616                   /lib/x86_64-linux-gnu/libm-2.13.so
7f7c1ec14000-7f7c1ec15000 r--p 00080000 08:03 12190616                   /lib/x86_64-linux-gnu/libm-2.13.so
7f7c1ec15000-7f7c1ec16000 rw-p 00081000 08:03 12190616                   /lib/x86_64-linux-gnu/libm-2.13.so
7f7c1ec16000-7f7c1ecfe000 r-xp 00000000 08:03 4200440                    /usr/lib/x86_64-linux-gnu/libstdc++.so.6.0.17
7f7c1ecfe000-7f7c1eefe000 ---p 000e8000 08:03 4200440                    /usr/lib/x86_64-linux-gnu/libstdc++.so.6.0.17
7f7c1eefe000-7f7c1ef06000 r--p 000e8000 08:03 4200440                    /usr/lib/x86_64-linux-gnu/libstdc++.so.6.0.17
7f7c1ef06000-7f7c1ef08000 rw-p 000f0000 08:03 4200440                    /usr/lib/x86_64-linux-gnu/libstdc++.so.6.0.17
7f7c1ef08000-7f7c1ef1d000 rw-p 00000000 00:00 0 
7f7c1ef1d000-7f7c1f9e6000 r-xp 00000000 08:03 3934204                    /usr/lib/jvm/java-7-openjdk-amd64/jre/lib/amd64/server/libjvm.so
7f7c1f9e6000-7f7c1fbe6000 ---p 00ac9000 08:03 3934204                    /usr/lib/jvm/java-7-openjdk-amd64/jre/lib/amd64/server/libjvm.so
7f7c1fbe6000-7f7c1fc7e000 r--p 00ac9000 08:03 3934204                    /usr/lib/jvm/java-7-openjdk-amd64/jre/lib/amd64/server/libjvm.so
7f7c1fc7e000-7f7c1fca1000 rw-p 00b61000 08:03 3934204                    /usr/lib/jvm/java-7-openjdk-amd64/jre/lib/amd64/server/libjvm.so
7f7c1fca1000-7f7c1fcce000 rw-p 00000000 00:00 0 
7f7c1fcce000-7f7c1fce4000 r-xp 00000000 08:03 12190712                   /lib/x86_64-linux-gnu/libz.so.1.2.7
7f7c1fce4000-7f7c1fee3000 ---p 00016000 08:03 12190712                   /lib/x86_64-linux-gnu/libz.so.1.2.7
7f7c1fee3000-7f7c1fee4000 r--p 00015000 08:03 12190712                   /lib/x86_64-linux-gnu/libz.so.1.2.7
7f7c1fee4000-7f7c1fee5000 rw-p 00016000 08:03 12190712                   /lib/x86_64-linux-gnu/libz.so.1.2.7
7f7c1fee5000-7f7c20067000 r-xp 00000000 08:03 12190569                   /lib/x86_64-linux-gnu/libc-2.13.so
7f7c20067000-7f7c20266000 ---p 00182000 08:03 12190569                   /lib/x86_64-linux-gnu/libc-2.13.so
7f7c20266000-7f7c2026a000 r--p 00181000 08:03 12190569                   /lib/x86_64-linux-gnu/libc-2.13.so
7f7c2026a000-7f7c2026b000 rw-p 00185000 08:03 12190569                   /lib/x86_64-linux-gnu/libc-2.13.so
7f7c2026b000-7f7c20270000 rw-p 00000000 00:00 0 
7f7c20270000-7f7c20272000 r-xp 00000000 08:03 12190583                   /lib/x86_64-linux-gnu/libdl-2.13.so
7f7c20272000-7f7c20472000 ---p 00002000 08:03 12190583                   /lib/x86_64-linux-gnu/libdl-2.13.so
7f7c20472000-7f7c20473000 r--p 00002000 08:03 12190583                   /lib/x86_64-linux-gnu/libdl-2.13.so
7f7c20473000-7f7c20474000 rw-p 00003000 08:03 12190583                   /lib/x86_64-linux-gnu/libdl-2.13.so
7f7c20474000-7f7c20481000 r-xp 00000000 08:03 3934207                    /usr/lib/jvm/java-7-openjdk-amd64/jre/lib/amd64/jli/libjli.so
7f7c20481000-7f7c20680000 ---p 0000d000 08:03 3934207                    /usr/lib/jvm/java-7-openjdk-amd64/jre/lib/amd64/jli/libjli.so
7f7c20680000-7f7c20681000 r--p 0000c000 08:03 3934207                    /usr/lib/jvm/java-7-openjdk-amd64/jre/lib/amd64/jli/libjli.so
7f7c20681000-7f7c20682000 rw-p 0000d000 08:03 3934207                    /usr/lib/jvm/java-7-openjdk-amd64/jre/lib/amd64/jli/libjli.so
7f7c20682000-7f7c20699000 r-xp 00000000 08:03 12190670                   /lib/x86_64-linux-gnu/libpthread-2.13.so
7f7c20699000-7f7c20898000 ---p 00017000 08:03 12190670                   /lib/x86_64-linux-gnu/libpthread-2.13.so
7f7c20898000-7f7c20899000 r--p 00016000 08:03 12190670                   /lib/x86_64-linux-gnu/libpthread-2.13.so
7f7c20899000-7f7c2089a000 rw-p 00017000 08:03 12190670                   /lib/x86_64-linux-gnu/libpthread-2.13.so
7f7c2089a000-7f7c2089e000 rw-p 00000000 00:00 0 
7f7c2089e000-7f7c208be000 r-xp 00000000 08:03 12190547                   /lib/x86_64-linux-gnu/ld-2.13.so
7f7c208bf000-7f7c208c6000 r--s 00000000 08:03 4199493                    /usr/lib/x86_64-linux-gnu/gconv/gconv-modules.cache
7f7c208c6000-7f7c208cf000 r--s 000b9000 08:03 3934170                    /usr/lib/jvm/java-7-openjdk-amd64/jre/lib/resources.jar
7f7c208cf000-7f7c208d4000 r--s 0004c000 08:03 3934152                    /usr/lib/jvm/java-7-openjdk-amd64/jre/lib/jsse.jar
7f7c208d4000-7f7c208de000 rw-p 00000000 00:00 0 
7f7c208de000-7f7c20994000 rw-p 00000000 00:00 0 
7f7c20994000-7f7c20997000 ---p 00000000 00:00 0 
7f7c20997000-7f7c20ab1000 rw-p 00000000 00:00 0 
7f7c20ab1000-7f7c20ab9000 rw-s 00000000 08:03 10486166                   /tmp/hsperfdata_chobe/8326 (deleted)
7f7c20ab9000-7f7c20aba000 rw-p 00000000 00:00 0 
7f7c20aba000-7f7c20abb000 ---p 00000000 00:00 0 
7f7c20abb000-7f7c20abd000 rw-p 00000000 00:00 0 
7f7c20abd000-7f7c20abe000 r--p 0001f000 08:03 12190547                   /lib/x86_64-linux-gnu/ld-2.13.so
7f7c20abe000-7f7c20abf000 rw-p 00020000 08:03 12190547                   /lib/x86_64-linux-gnu/ld-2.13.so
7f7c20abf000-7f7c20ac0000 rw-p 00000000 00:00 0 
7fffc3045000-7fffc3067000 rw-p 00000000 00:00 0                          [stack]
7fffc31a6000-7fffc31a7000 r-xp 00000000 00:00 0                          [vdso]
ffffffffff600000-ffffffffff601000 r-xp 00000000 00:00 0                  [vsyscall]

VM Arguments:
jvm_args: -Dfile.encoding=UTF-8 
java_command: com.mygdx.sheep.desktop.DesktopLauncher
Launcher Type: SUN_STANDARD

Environment Variables:
PATH=/usr/local/bin:/usr/bin:/bin:/usr/local/games:/usr/games:/home/chobe/.local/bin:/home/chobe/sdks/adt-bundle-linux-x86_64-20140321/sdk//platform-tools/adb:/home/chobe/sdks/adt-bundle-linux-x86_64-20140321/sdk//platform-tools/
USERNAME=chobe
SHELL=/bin/bash
DISPLAY=:0

Signal Handlers:
SIGSEGV: [libjvm.so+0x8f9750], sa_mask[0]=0x7ffbfeff, sa_flags=0x10000004
SIGBUS: [libjvm.so+0x8f9750], sa_mask[0]=0x7ffbfeff, sa_flags=0x10000004
SIGFPE: [libjvm.so+0x7827c0], sa_mask[0]=0x7ffbfeff, sa_flags=0x10000004
SIGPIPE: [libjvm.so+0x7827c0], sa_mask[0]=0x7ffbfeff, sa_flags=0x10000004
SIGXFSZ: [libjvm.so+0x7827c0], sa_mask[0]=0x7ffbfeff, sa_flags=0x10000004
SIGILL: [libjvm.so+0x7827c0], sa_mask[0]=0x7ffbfeff, sa_flags=0x10000004
SIGUSR1: SIG_DFL, sa_mask[0]=0x00000000, sa_flags=0x00000000
SIGUSR2: [libjvm.so+0x782ab0], sa_mask[0]=0x00000004, sa_flags=0x10000004
SIGHUP: [libjvm.so+0x782c20], sa_mask[0]=0x7ffbfeff, sa_flags=0x10000004
SIGINT: [libjvm.so+0x782c20], sa_mask[0]=0x7ffbfeff, sa_flags=0x10000004
SIGTERM: [libjvm.so+0x782c20], sa_mask[0]=0x7ffbfeff, sa_flags=0x10000004
SIGQUIT: [libjvm.so+0x782c20], sa_mask[0]=0x7ffbfeff, sa_flags=0x10000004


---------------  S Y S T E M  ---------------

OS:7.5

uname:Linux 3.2.0-4-amd64 #1 SMP Debian 3.2.57-3+deb7u1 x86_64
libc:glibc 2.13 NPTL 2.13 
rlimit: STACK 8192k, CORE 0k, NPROC 31105, NOFILE 4096, AS infinity
load average:0.71 0.64 0.64

/proc/meminfo:
MemTotal:        3993672 kB
MemFree:          241064 kB
Buffers:          509772 kB
Cached:           985944 kB
SwapCached:            0 kB
Active:          2425608 kB
Inactive:         917184 kB
Active(anon):    1848696 kB
Inactive(anon):    15972 kB
Active(file):     576912 kB
Inactive(file):   901212 kB
Unevictable:           0 kB
Mlocked:               0 kB
SwapTotal:       4120572 kB
SwapFree:        4120572 kB
Dirty:               708 kB
Writeback:             0 kB
AnonPages:       1847228 kB
Mapped:           197916 kB
Shmem:             17496 kB
Slab:             241872 kB
SReclaimable:     215548 kB
SUnreclaim:        26324 kB
KernelStack:        3472 kB
PageTables:        23528 kB
NFS_Unstable:          0 kB
Bounce:                0 kB
WritebackTmp:          0 kB
CommitLimit:     6117408 kB
Committed_AS:    3660056 kB
VmallocTotal:   34359738367 kB
VmallocUsed:      168424 kB
VmallocChunk:   34359565747 kB
HardwareCorrupted:     0 kB
AnonHugePages:         0 kB
HugePages_Total:       0
HugePages_Free:        0
HugePages_Rsvd:        0
HugePages_Surp:        0
Hugepagesize:       2048 kB
DirectMap4k:       89088 kB
DirectMap2M:     4038656 kB


CPU:total 4 (4 cores per cpu, 1 threads per core) family 6 model 15 stepping 11, cmov, cx8, fxsr, mmx, sse, sse2, sse3, ssse3, tsc

/proc/cpuinfo:
processor	: 0
vendor_id	: GenuineIntel
cpu family	: 6
model		: 15
model name	: Intel(R) Core(TM)2 Quad CPU    Q6600  @ 2.40GHz
stepping	: 11
cpu MHz		: 1596.000
cache size	: 4096 KB
physical id	: 0
siblings	: 4
core id		: 0
cpu cores	: 4
apicid		: 0
initial apicid	: 0
fpu		: yes
fpu_exception	: yes
cpuid level	: 10
wp		: yes
flags		: fpu vme de pse tsc msr pae mce cx8 apic sep mtrr pge mca cmov pat pse36 clflush dts acpi mmx fxsr sse sse2 ss ht tm pbe syscall nx lm constant_tsc arch_perfmon pebs bts rep_good nopl aperfmperf pni dtes64 monitor ds_cpl vmx est tm2 ssse3 cx16 xtpr pdcm lahf_lm dtherm tpr_shadow vnmi flexpriority
bogomips	: 4794.97
clflush size	: 64
cache_alignment	: 64
address sizes	: 36 bits physical, 48 bits virtual
power management:

processor	: 1
vendor_id	: GenuineIntel
cpu family	: 6
model		: 15
model name	: Intel(R) Core(TM)2 Quad CPU    Q6600  @ 2.40GHz
stepping	: 11
cpu MHz		: 1596.000
cache size	: 4096 KB
physical id	: 0
siblings	: 4
core id		: 2
cpu cores	: 4
apicid		: 2
initial apicid	: 2
fpu		: yes
fpu_exception	: yes
cpuid level	: 10
wp		: yes
flags		: fpu vme de pse tsc msr pae mce cx8 apic sep mtrr pge mca cmov pat pse36 clflush dts acpi mmx fxsr sse sse2 ss ht tm pbe syscall nx lm constant_tsc arch_perfmon pebs bts rep_good nopl aperfmperf pni dtes64 monitor ds_cpl vmx est tm2 ssse3 cx16 xtpr pdcm lahf_lm dtherm tpr_shadow vnmi flexpriority
bogomips	: 4795.51
clflush size	: 64
cache_alignment	: 64
address sizes	: 36 bits physical, 48 bits virtual
power management:

processor	: 2
vendor_id	: GenuineIntel
cpu family	: 6
model		: 15
model name	: Intel(R) Core(TM)2 Quad CPU    Q6600  @ 2.40GHz
stepping	: 11
cpu MHz		: 1596.000
cache size	: 4096 KB
physical id	: 0
siblings	: 4
core id		: 1
cpu cores	: 4
apicid		: 1
initial apicid	: 1
fpu		: yes
fpu_exception	: yes
cpuid level	: 10
wp		: yes
flags		: fpu vme de pse tsc msr pae mce cx8 apic sep mtrr pge mca cmov pat pse36 clflush dts acpi mmx fxsr sse sse2 ss ht tm pbe syscall nx lm constant_tsc arch_perfmon pebs bts rep_good nopl aperfmperf pni dtes64 monitor ds_cpl vmx est tm2 ssse3 cx16 xtpr pdcm lahf_lm dtherm tpr_shadow vnmi flexpriority
bogomips	: 4795.50
clflush size	: 64
cache_alignment	: 64
address sizes	: 36 bits physical, 48 bits virtual
power management:

processor	: 3
vendor_id	: GenuineIntel
cpu family	: 6
model		: 15
model name	: Intel(R) Core(TM)2 Quad CPU    Q6600  @ 2.40GHz
stepping	: 11
cpu MHz		: 1596.000
cache size	: 4096 KB
physical id	: 0
siblings	: 4
core id		: 3
cpu cores	: 4
apicid		: 3
initial apicid	: 3
fpu		: yes
fpu_exception	: yes
cpuid level	: 10
wp		: yes
flags		: fpu vme de pse tsc msr pae mce cx8 apic sep mtrr pge mca cmov pat pse36 clflush dts acpi mmx fxsr sse sse2 ss ht tm pbe syscall nx lm constant_tsc arch_perfmon pebs bts rep_good nopl aperfmperf pni dtes64 monitor ds_cpl vmx est tm2 ssse3 cx16 xtpr pdcm lahf_lm dtherm tpr_shadow vnmi flexpriority
bogomips	: 4795.49
clflush size	: 64
cache_alignment	: 64
address sizes	: 36 bits physical, 48 bits virtual
power management:



Memory: 4k page, physical 3993672k(241064k free), swap 4120572k(4120572k free)

vm_info: OpenJDK 64-Bit Server VM (24.51-b03) for linux-amd64 JRE (1.7.0_55-b14), built on May  2 2014 11:33:06 by "buildd" with gcc 4.7.2

time: Sun Jun 29 20:48:34 2014
elapsed time: 6 seconds

