#
# A fatal error has been detected by the Java Runtime Environment:
#
#  SIGSEGV (0xb) at pc=0x00007f7abcfd7e38, pid=29997, tid=140165262583552
#
# JRE version: OpenJDK Runtime Environment (7.0_55-b14) (build 1.7.0_55-b14)
# Java VM: OpenJDK 64-Bit Server VM (24.51-b03 mixed mode linux-amd64 compressed oops)
# Problematic frame:
# C  [libX11.so.6+0x3ae38]  XQueryExtension+0x28
#
# Failed to write core dump. Core dumps have been disabled. To enable core dumping, try "ulimit -c unlimited" before starting Java again
#
# If you would like to submit a bug report, please include
# instructions on how to reproduce the bug and visit:
#   http://icedtea.classpath.org/bugzilla
#

---------------  T H R E A D  ---------------

Current thread (0x00007f7ac8076800):  VMThread [stack: 0x00007f7ac49fa000,0x00007f7ac4afb000] [id=30007]

siginfo:si_signo=SIGSEGV: si_errno=0, si_code=1 (SEGV_MAPERR), si_addr=0x000000007000f168

Registers:
RAX=0x00007f7aa0000b10, RBX=0x000000007000e800, RCX=0x00007f7ac4af96d8, RDX=0x00007f7ac4af96d4
RSP=0x00007f7ac4af9670, RBP=0x00007f7a79ff3600, RSI=0x00007f7a79eba992, RDI=0x000000007000e800
R8 =0x00007f7ac4af96dc, R9 =0x0000000000000000, R10=0x00007f7a79ff33c0, R11=0x00007f7ad01351c0
R12=0x00007f7a79eba992, R13=0x00007f7aa0000b10, R14=0x00007f7ac4af9ae0, R15=0x00007f7a70027d30
RIP=0x00007f7abcfd7e38, EFLAGS=0x0000000000010202, CSGSFS=0x0000000000000033, ERR=0x0000000000000004
  TRAPNO=0x000000000000000e

Top of Stack: (sp=0x00007f7ac4af9670)
0x00007f7ac4af9670:   0000000000000000 0000000000000000
0x00007f7ac4af9680:   000000770000006e 0000000000000000
0x00007f7ac4af9690:   000100010000007c 000000007000e800
0x00007f7ac4af96a0:   00007f7a79ff3600 00007f7a79eba992
0x00007f7ac4af96b0:   00007f7aa0000b10 00007f7ac4af9ae0
0x00007f7ac4af96c0:   00007f7a70027d30 00007f7abcfcbe72
0x00007f7ac4af96d0:   00007f7a70027d30 00007f7ad0179220
0x00007f7ac4af96e0:   0000000000000000 00007f7a79ff3600
0x00007f7ac4af96f0:   000000007000e800 00007f7abd2e571d
0x00007f7ac4af9700:   00007f7a79eba992 0000001100000000
0x00007f7ac4af9710:   00007f7a00000005 0000000000000000
0x00007f7ac4af9720:   00007f7ac4af9790 000000007000e800
0x00007f7ac4af9730:   00007f7ac4af99d8 00007f7ac4af9ae0
0x00007f7ac4af9740:   00007f7a7a00ce50 00007f7a79e633d9
0x00007f7ac4af9750:   00000000ffffffff 00007f7a7000adf0
0x00007f7ac4af9760:   00007f7ac4af9790 00007f7a7ec369e0
0x00007f7ac4af9770:   00007f7ac4af99d8 00007f7ac4af9ae0
0x00007f7ac4af9780:   0000000000000000 00007f7a79e57ae2
0x00007f7ac4af9790:   00007f7ac4af9b50 00007f7a79eba911
0x00007f7ac4af97a0:   00007f7ac4af9b50 00007f7ad0ae4058
0x00007f7ac4af97b0:   00007f7ad0cf71a8 00007f7ad0cf7740
0x00007f7ac4af97c0:   00007f7ad0cd1000 00007f7ac80094f0
0x00007f7ac4af97d0:   00007f7ac800a020 00007f7ac800a530
0x00007f7ac4af97e0:   00007f7ac8017440 00007f7ac81ab730
0x00007f7ac4af97f0:   00007f7ac82b2920 00007f7ac82ae880
0x00007f7ac4af9800:   00007f7ac81d4320 00007f7ac81e2240
0x00007f7ac4af9810:   00007f7ac81e9660 00007f7ac81e9130
0x00007f7ac4af9820:   00007f7ac81e8c00 00007f7ac81ecf50
0x00007f7ac4af9830:   00007f7ac81eca30 00007f7ac81edd00
0x00007f7ac4af9840:   00007f7ac81ec520 00007f7ac81e86d0
0x00007f7ac4af9850:   00007f7ac81eaaf0 00007f7ac81eb530
0x00007f7ac4af9860:   00007f7ac81eb010 00007f7ac81eba50 

Instructions: (pc=0x00007f7abcfd7e38)
0x00007f7abcfd7e18:   24 e0 48 89 fb 4c 89 6c 24 e8 4c 89 74 24 f0 49
0x00007f7abcfd7e28:   89 f4 4c 89 7c 24 f8 48 89 6c 24 d8 48 83 ec 58
0x00007f7abcfd7e38:   48 8b 87 68 09 00 00 49 89 d7 49 89 ce 4d 89 c5
0x00007f7abcfd7e48:   48 85 c0 74 02 ff 10 ba 08 00 00 00 be 62 00 00 

Register to memory mapping:

RAX=0x00007f7aa0000b10 is an unknown value
RBX=0x000000007000e800 is an unknown value
RCX=0x00007f7ac4af96d8 is an unknown value
RDX=0x00007f7ac4af96d4 is an unknown value
RSP=0x00007f7ac4af9670 is an unknown value
RBP=0x00007f7a79ff3600: <offset 0x1cf600> in /usr/lib/x86_64-linux-gnu/libGL.so.1 at 0x00007f7a79e24000
RSI=0x00007f7a79eba992: <offset 0x96992> in /usr/lib/x86_64-linux-gnu/libGL.so.1 at 0x00007f7a79e24000
RDI=0x000000007000e800 is an unknown value
R8 =0x00007f7ac4af96dc is an unknown value
R9 =0x0000000000000000 is an unknown value
R10=0x00007f7a79ff33c0: <offset 0x1cf3c0> in /usr/lib/x86_64-linux-gnu/libGL.so.1 at 0x00007f7a79e24000
R11=0x00007f7ad01351c0: __cxa_finalize+0 in /lib/x86_64-linux-gnu/libc.so.6 at 0x00007f7ad00fd000
R12=0x00007f7a79eba992: <offset 0x96992> in /usr/lib/x86_64-linux-gnu/libGL.so.1 at 0x00007f7a79e24000
R13=0x00007f7aa0000b10 is an unknown value
R14=0x00007f7ac4af9ae0 is an unknown value
R15=0x00007f7a70027d30 is an unknown value


Stack: [0x00007f7ac49fa000,0x00007f7ac4afb000],  sp=0x00007f7ac4af9670,  free space=1021k
Native frames: (J=compiled Java code, j=interpreted, Vv=VM code, C=native code)
C  [libX11.so.6+0x3ae38]  XQueryExtension+0x28

VM_Operation (0x00007f7a7a12c6c0): Exit, mode: safepoint, requested by thread 0x00007f7ac8350800


---------------  P R O C E S S  ---------------

Java Threads: ( => current thread )
  0x00007f7a40001800 JavaThread "Keep-Alive-Timer" daemon [_thread_blocked, id=30030, stack(0x00007f7a68f62000,0x00007f7a69063000)]
  0x00007f7a4afae800 JavaThread "pool-1-thread-3" [_thread_blocked, id=30029, stack(0x00007f7a69464000,0x00007f7a69565000)]
  0x00007f7a4afc7000 JavaThread "pool-1-thread-2" [_thread_blocked, id=30028, stack(0x00007f7a69565000,0x00007f7a69666000)]
  0x00007f7a4a3c7800 JavaThread "pool-1-thread-1" [_thread_blocked, id=30027, stack(0x00007f7a69c86000,0x00007f7a69d87000)]
  0x00007f7a71163800 JavaThread "AsynchExecutor-Thread" daemon [_thread_blocked, id=30026, stack(0x00007f7a7834e000,0x00007f7a7844f000)]
  0x00007f7a7001b800 JavaThread "process reaper" daemon [_thread_blocked, id=30022, stack(0x00007f7acc09b000,0x00007f7acc0d4000)]
  0x00007f7ac800b000 JavaThread "DestroyJavaVM" [_thread_blocked, id=30000, stack(0x00007f7ad0bcc000,0x00007f7ad0ccd000)]
  0x00007f7ac8350800 JavaThread "LWJGL Application" [_thread_blocked, id=30020, stack(0x00007f7a7a02d000,0x00007f7a7a12e000)]
  0x00007f7ac82ad800 JavaThread "AWT-XAWT" daemon [_thread_blocked, id=30016, stack(0x00007f7ab4016000,0x00007f7ab4117000)]
  0x00007f7ac828d800 JavaThread "Java2D Disposer" daemon [_thread_blocked, id=30015, stack(0x00007f7ac401c000,0x00007f7ac411d000)]
  0x00007f7ac80a7000 JavaThread "Service Thread" daemon [_thread_blocked, id=30013, stack(0x00007f7ac426b000,0x00007f7ac436c000)]
  0x00007f7ac80a5000 JavaThread "C2 CompilerThread1" daemon [_thread_blocked, id=30012, stack(0x00007f7ac436c000,0x00007f7ac446d000)]
  0x00007f7ac80a2000 JavaThread "C2 CompilerThread0" daemon [_thread_blocked, id=30011, stack(0x00007f7ac446d000,0x00007f7ac456e000)]
  0x00007f7ac809f800 JavaThread "Signal Dispatcher" daemon [_thread_blocked, id=30010, stack(0x00007f7ac456e000,0x00007f7ac466f000)]
  0x00007f7ac807c800 JavaThread "Finalizer" daemon [_thread_blocked, id=30009, stack(0x00007f7ac47f8000,0x00007f7ac48f9000)]
  0x00007f7ac807a800 JavaThread "Reference Handler" daemon [_thread_blocked, id=30008, stack(0x00007f7ac48f9000,0x00007f7ac49fa000)]

Other Threads:
=>0x00007f7ac8076800 VMThread [stack: 0x00007f7ac49fa000,0x00007f7ac4afb000] [id=30007]

VM state:at safepoint (shutting down)

VM Mutex/Monitor currently owned by a thread:  ([mutex/lock_event])
[0x00007f7ac80077a0] Threads_lock - owner thread: 0x00007f7ac8076800

Heap
 PSYoungGen      total 18432K, used 7112K [0x00000000eba80000, 0x00000000ecf00000, 0x0000000100000000)
  eden space 15872K, 28% used [0x00000000eba80000,0x00000000ebef3d00,0x00000000eca00000)
  from space 2560K, 99% used [0x00000000ecc80000,0x00000000ecefe6f0,0x00000000ecf00000)
  to   space 2560K, 0% used [0x00000000eca00000,0x00000000eca00000,0x00000000ecc80000)
 ParOldGen       total 41472K, used 5819K [0x00000000c3000000, 0x00000000c5880000, 0x00000000eba80000)
  object space 41472K, 14% used [0x00000000c3000000,0x00000000c35aee78,0x00000000c5880000)
 PSPermGen       total 21504K, used 13180K [0x00000000b8a00000, 0x00000000b9f00000, 0x00000000c3000000)
  object space 21504K, 61% used [0x00000000b8a00000,0x00000000b96df0b8,0x00000000b9f00000)

Card table byte_map: [0x00007f7acd654000,0x00007f7acd890000] byte_map_base: 0x00007f7acd08f000

Polling page: 0x00007f7ad0cf2000

Code Cache  [0x00007f7ac5000000, 0x00007f7ac5270000, 0x00007f7ac8000000)
 total_blobs=758 nmethods=210 adapters=502 free_code_cache=48044Kb largest_free_block=49140352

Compilation events (10 events):
Event: 21.549 Thread 0x00007f7ac80a5000 nmethod 210 0x00007f7ac5065f90 code [0x00007f7ac50660c0, 0x00007f7ac5066138]
Event: 21.550 Thread 0x00007f7ac80a2000 nmethod 209 0x00007f7ac50ec510 code [0x00007f7ac50ec640, 0x00007f7ac50ec6d8]
Event: 22.130 Thread 0x00007f7ac80a5000  211             com.badlogic.gdx.scenes.scene2d.ui.Image::draw (200 bytes)
Event: 22.132 Thread 0x00007f7ac80a2000  212             com.badlogic.gdx.scenes.scene2d.Actor::getScaleX (5 bytes)
Event: 22.132 Thread 0x00007f7ac80a2000 nmethod 212 0x00007f7ac50ec310 code [0x00007f7ac50ec440, 0x00007f7ac50ec498]
Event: 22.132 Thread 0x00007f7ac80a2000  213             com.badlogic.gdx.scenes.scene2d.Actor::getScaleY (5 bytes)
Event: 22.133 Thread 0x00007f7ac80a2000 nmethod 213 0x00007f7ac5066d10 code [0x00007f7ac5066e40, 0x00007f7ac5066e98]
Event: 22.133 Thread 0x00007f7ac80a2000  214             com.badlogic.gdx.scenes.scene2d.Actor::getRotation (5 bytes)
Event: 22.133 Thread 0x00007f7ac80a2000 nmethod 214 0x00007f7ac5066b10 code [0x00007f7ac5066c40, 0x00007f7ac5066c98]
Event: 22.135 Thread 0x00007f7ac80a5000 nmethod 211 0x00007f7ac5112d90 code [0x00007f7ac5112f80, 0x00007f7ac5113420]

GC Heap History (4 events):
Event: 1.665 GC heap before
{Heap before GC invocations=1 (full 0):
 PSYoungGen      total 18432K, used 15872K [0x00000000eba80000, 0x00000000ecf00000, 0x0000000100000000)
  eden space 15872K, 100% used [0x00000000eba80000,0x00000000eca00000,0x00000000eca00000)
  from space 2560K, 0% used [0x00000000ecc80000,0x00000000ecc80000,0x00000000ecf00000)
  to   space 2560K, 0% used [0x00000000eca00000,0x00000000eca00000,0x00000000ecc80000)
 ParOldGen       total 41472K, used 0K [0x00000000c3000000, 0x00000000c5880000, 0x00000000eba80000)
  object space 41472K, 0% used [0x00000000c3000000,0x00000000c3000000,0x00000000c5880000)
 PSPermGen       total 21504K, used 9255K [0x00000000b8a00000, 0x00000000b9f00000, 0x00000000c3000000)
  object space 21504K, 43% used [0x00000000b8a00000,0x00000000b9309d10,0x00000000b9f00000)
Event: 1.675 GC heap after
Heap after GC invocations=1 (full 0):
 PSYoungGen      total 18432K, used 2540K [0x00000000eba80000, 0x00000000ecf00000, 0x0000000100000000)
  eden space 15872K, 0% used [0x00000000eba80000,0x00000000eba80000,0x00000000eca00000)
  from space 2560K, 99% used [0x00000000eca00000,0x00000000ecc7b2b0,0x00000000ecc80000)
  to   space 2560K, 0% used [0x00000000ecc80000,0x00000000ecc80000,0x00000000ecf00000)
 ParOldGen       total 41472K, used 2441K [0x00000000c3000000, 0x00000000c5880000, 0x00000000eba80000)
  object space 41472K, 5% used [0x00000000c3000000,0x00000000c3262780,0x00000000c5880000)
 PSPermGen       total 21504K, used 9255K [0x00000000b8a00000, 0x00000000b9f00000, 0x00000000c3000000)
  object space 21504K, 43% used [0x00000000b8a00000,0x00000000b9309d10,0x00000000b9f00000)
}
Event: 7.616 GC heap before
{Heap before GC invocations=2 (full 0):
 PSYoungGen      total 18432K, used 18412K [0x00000000eba80000, 0x00000000ecf00000, 0x0000000100000000)
  eden space 15872K, 100% used [0x00000000eba80000,0x00000000eca00000,0x00000000eca00000)
  from space 2560K, 99% used [0x00000000eca00000,0x00000000ecc7b2b0,0x00000000ecc80000)
  to   space 2560K, 0% used [0x00000000ecc80000,0x00000000ecc80000,0x00000000ecf00000)
 ParOldGen       total 41472K, used 2441K [0x00000000c3000000, 0x00000000c5880000, 0x00000000eba80000)
  object space 41472K, 5% used [0x00000000c3000000,0x00000000c3262780,0x00000000c5880000)
 PSPermGen       total 21504K, used 13044K [0x00000000b8a00000, 0x00000000b9f00000, 0x00000000c3000000)
  object space 21504K, 60% used [0x00000000b8a00000,0x00000000b96bd080,0x00000000b9f00000)
Event: 7.624 GC heap after
Heap after GC invocations=2 (full 0):
 PSYoungGen      total 18432K, used 2553K [0x00000000eba80000, 0x00000000ecf00000, 0x0000000100000000)
  eden space 15872K, 0% used [0x00000000eba80000,0x00000000eba80000,0x00000000eca00000)
  from space 2560K, 99% used [0x00000000ecc80000,0x00000000ecefe6f0,0x00000000ecf00000)
  to   space 2560K, 0% used [0x00000000eca00000,0x00000000eca00000,0x00000000ecc80000)
 ParOldGen       total 41472K, used 5819K [0x00000000c3000000, 0x00000000c5880000, 0x00000000eba80000)
  object space 41472K, 14% used [0x00000000c3000000,0x00000000c35aee78,0x00000000c5880000)
 PSPermGen       total 21504K, used 13044K [0x00000000b8a00000, 0x00000000b9f00000, 0x00000000c3000000)
  object space 21504K, 60% used [0x00000000b8a00000,0x00000000b96bd080,0x00000000b9f00000)
}

Deoptimization events (9 events):
Event: 0.220 Thread 0x00007f7ac800b000 Uncommon trap: reason=class_check action=maybe_recompile pc=0x00007f7ac5066778 method=java.util.Properties$LineReader.readLine()I @ 62
Event: 5.445 Thread 0x00007f7a4a3c7800 Uncommon trap: reason=unreached action=reinterpret pc=0x00007f7ac50a95b4 method=java.lang.Integer.parseInt(Ljava/lang/String;I)I @ 1
Event: 6.755 Thread 0x00007f7a4afae800 Uncommon trap: reason=class_check action=maybe_recompile pc=0x00007f7ac5066778 method=java.util.Properties$LineReader.readLine()I @ 62
Event: 6.755 Thread 0x00007f7a4afae800 Uncommon trap: reason=class_check action=maybe_recompile pc=0x00007f7ac5066778 method=java.util.Properties$LineReader.readLine()I @ 62
Event: 6.759 Thread 0x00007f7a4afae800 Uncommon trap: reason=class_check action=maybe_recompile pc=0x00007f7ac5066778 method=java.util.Properties$LineReader.readLine()I @ 62
Event: 20.197 Thread 0x00007f7ac8350800 Uncommon trap: reason=class_check action=maybe_recompile pc=0x00007f7ac50ff7a0 method=com.mygdx.sheep.SheepGame.render(FF)V @ 485
Event: 20.213 Thread 0x00007f7ac8350800 Uncommon trap: reason=class_check action=maybe_recompile pc=0x00007f7ac50ff7a0 method=com.mygdx.sheep.SheepGame.render(FF)V @ 485
Event: 20.230 Thread 0x00007f7ac8350800 Uncommon trap: reason=class_check action=maybe_recompile pc=0x00007f7ac50ff7a0 method=com.mygdx.sheep.SheepGame.render(FF)V @ 485
Event: 20.247 Thread 0x00007f7ac8350800 Uncommon trap: reason=class_check action=maybe_recompile pc=0x00007f7ac50ff7a0 method=com.mygdx.sheep.SheepGame.render(FF)V @ 485

Internal exceptions (10 events):
Event: 6.756 Thread 0x00007f7a4afae800 Threw 0x00000000ec6da600 at /build/openjdk-7-kBcQ8a/openjdk-7-7u55-2.4.7/build/openjdk/hotspot/src/share/vm/prims/jvm.cpp:1244
Event: 6.756 Thread 0x00007f7a4afae800 Threw 0x00000000ec6dfb50 at /build/openjdk-7-kBcQ8a/openjdk-7-7u55-2.4.7/build/openjdk/hotspot/src/share/vm/prims/jvm.cpp:1244
Event: 6.756 Thread 0x00007f7a4afae800 Threw 0x00000000ec6e2c18 at /build/openjdk-7-kBcQ8a/openjdk-7-7u55-2.4.7/build/openjdk/hotspot/src/share/vm/prims/jvm.cpp:1244
Event: 8.799 Thread 0x00007f7ac8350800 Threw 0x00000000ebb25500 at /build/openjdk-7-kBcQ8a/openjdk-7-7u55-2.4.7/build/openjdk/hotspot/src/share/vm/prims/jvm.cpp:1244
Event: 12.697 Thread 0x00007f7ac8350800 Threw 0x00000000ebd9f808 at /build/openjdk-7-kBcQ8a/openjdk-7-7u55-2.4.7/build/openjdk/hotspot/src/share/vm/prims/jvm.cpp:1244
Event: 12.699 Thread 0x00007f7ac8350800 Threw 0x00000000ebda54f0 at /build/openjdk-7-kBcQ8a/openjdk-7-7u55-2.4.7/build/openjdk/hotspot/src/share/vm/prims/jvm.cpp:1244
Event: 12.700 Thread 0x00007f7ac8350800 Threw 0x00000000ebda8d80 at /build/openjdk-7-kBcQ8a/openjdk-7-7u55-2.4.7/build/openjdk/hotspot/src/share/vm/prims/jvm.cpp:1244
Event: 22.563 Thread 0x00007f7ac8350800 Threw 0x00000000ebeafe68 at /build/openjdk-7-kBcQ8a/openjdk-7-7u55-2.4.7/build/openjdk/hotspot/src/share/vm/prims/jvm.cpp:1244
Event: 22.572 Thread 0x00007f7ac8350800 Threw 0x00000000ebeb4330 at /build/openjdk-7-kBcQ8a/openjdk-7-7u55-2.4.7/build/openjdk/hotspot/src/share/vm/prims/jvm.cpp:1244
Event: 22.578 Thread 0x00007f7ac8350800 Threw 0x00000000ebeb96d0 at /build/openjdk-7-kBcQ8a/openjdk-7-7u55-2.4.7/build/openjdk/hotspot/src/share/vm/prims/jvm.cpp:1244

Events (10 events):
Event: 22.738 loading class 0x00007f7a90024fa0 done
Event: 22.738 Thread 0x00007f7a70bf1800 Thread added: 0x00007f7a70bf1800
Event: 22.738 loading class 0x00007f7ac8218a10
Event: 22.738 loading class 0x00007f7a941749d0
Event: 22.738 loading class 0x00007f7a941749d0 done
Event: 22.738 loading class 0x00007f7a94174a00
Event: 22.738 loading class 0x00007f7a94174a00 done
Event: 22.738 loading class 0x00007f7ac8218a10 done
Event: 22.743 Thread 0x00007f7a70bf1800 Thread exited: 0x00007f7a70bf1800
Event: 22.744 Executing VM operation: Exit


Dynamic libraries:
00400000-00401000 r-xp 00000000 08:03 3934148                            /usr/lib/jvm/java-7-openjdk-amd64/jre/bin/java
00600000-00601000 r--p 00000000 08:03 3934148                            /usr/lib/jvm/java-7-openjdk-amd64/jre/bin/java
00601000-00602000 rw-p 00001000 08:03 3934148                            /usr/lib/jvm/java-7-openjdk-amd64/jre/bin/java
00dcc000-00ff1000 rw-p 00000000 00:00 0                                  [heap]
b8a00000-b9f00000 rw-p 00000000 00:00 0 
b9f00000-c3000000 rw-p 00000000 00:00 0 
c3000000-c5880000 rw-p 00000000 00:00 0 
c5880000-eba80000 rw-p 00000000 00:00 0 
eba80000-ecf00000 rw-p 00000000 00:00 0 
ecf00000-100000000 rw-p 00000000 00:00 0 
7f7a38000000-7f7a38021000 rw-p 00000000 00:00 0 
7f7a38021000-7f7a3c000000 ---p 00000000 00:00 0 
7f7a40000000-7f7a40021000 rw-p 00000000 00:00 0 
7f7a40021000-7f7a44000000 ---p 00000000 00:00 0 
7f7a44000000-7f7a44041000 rw-p 00000000 00:00 0 
7f7a44041000-7f7a48000000 ---p 00000000 00:00 0 
7f7a48000000-7f7a4b6cc000 rw-p 00000000 00:00 0 
7f7a4b6cc000-7f7a4c000000 ---p 00000000 00:00 0 
7f7a4c000000-7f7a4c053000 rw-p 00000000 00:00 0 
7f7a4c053000-7f7a50000000 ---p 00000000 00:00 0 
7f7a50000000-7f7a53ffc000 rw-p 00000000 00:00 0 
7f7a53ffc000-7f7a54000000 ---p 00000000 00:00 0 
7f7a58000000-7f7a580ae000 rw-p 00000000 00:00 0 
7f7a580ae000-7f7a5c000000 ---p 00000000 00:00 0 
7f7a5c000000-7f7a5c7d8000 rw-p 00000000 00:00 0 
7f7a5c7d8000-7f7a60000000 ---p 00000000 00:00 0 
7f7a60000000-7f7a600b4000 rw-p 00000000 00:00 0 
7f7a600b4000-7f7a64000000 ---p 00000000 00:00 0 
7f7a64000000-7f7a64021000 rw-p 00000000 00:00 0 
7f7a64021000-7f7a68000000 ---p 00000000 00:00 0 
7f7a68f62000-7f7a68f65000 ---p 00000000 00:00 0 
7f7a68f65000-7f7a69063000 rw-p 00000000 00:00 0 
7f7a69464000-7f7a69467000 ---p 00000000 00:00 0 
7f7a69467000-7f7a69565000 rw-p 00000000 00:00 0 
7f7a69565000-7f7a69568000 ---p 00000000 00:00 0 
7f7a69568000-7f7a69666000 rw-p 00000000 00:00 0 
7f7a69666000-7f7a6966b000 r-xp 00000000 08:03 12192225                   /lib/x86_64-linux-gnu/libnss_dns-2.19.so
7f7a6966b000-7f7a6986a000 ---p 00005000 08:03 12192225                   /lib/x86_64-linux-gnu/libnss_dns-2.19.so
7f7a6986a000-7f7a6986b000 r--p 00004000 08:03 12192225                   /lib/x86_64-linux-gnu/libnss_dns-2.19.so
7f7a6986b000-7f7a6986c000 rw-p 00005000 08:03 12192225                   /lib/x86_64-linux-gnu/libnss_dns-2.19.so
7f7a6986c000-7f7a6986e000 r-xp 00000000 08:03 12058696                   /lib/libnss_mdns4_minimal.so.2
7f7a6986e000-7f7a69a6d000 ---p 00002000 08:03 12058696                   /lib/libnss_mdns4_minimal.so.2
7f7a69a6d000-7f7a69a6e000 rw-p 00001000 08:03 12058696                   /lib/libnss_mdns4_minimal.so.2
7f7a69a6e000-7f7a69a85000 r-xp 00000000 08:03 3934214                    /usr/lib/jvm/java-7-openjdk-amd64/jre/lib/amd64/libnet.so
7f7a69a85000-7f7a69c84000 ---p 00017000 08:03 3934214                    /usr/lib/jvm/java-7-openjdk-amd64/jre/lib/amd64/libnet.so
7f7a69c84000-7f7a69c85000 r--p 00016000 08:03 3934214                    /usr/lib/jvm/java-7-openjdk-amd64/jre/lib/amd64/libnet.so
7f7a69c85000-7f7a69c86000 rw-p 00017000 08:03 3934214                    /usr/lib/jvm/java-7-openjdk-amd64/jre/lib/amd64/libnet.so
7f7a69c86000-7f7a69c89000 ---p 00000000 00:00 0 
7f7a69c89000-7f7a69d87000 rw-p 00000000 00:00 0 
7f7a69d87000-7f7a6bc7f000 r-xp 00000000 08:03 4201338                    /usr/lib/x86_64-linux-gnu/dri/fglrx_dri.so
7f7a6bc7f000-7f7a6bd7e000 ---p 01ef8000 08:03 4201338                    /usr/lib/x86_64-linux-gnu/dri/fglrx_dri.so
7f7a6bd7e000-7f7a6bedc000 rwxp 01ef7000 08:03 4201338                    /usr/lib/x86_64-linux-gnu/dri/fglrx_dri.so
7f7a6bedc000-7f7a6c000000 rwxp 00000000 00:00 0 
7f7a6c000000-7f7a6c021000 rw-p 00000000 00:00 0 
7f7a6c021000-7f7a70000000 ---p 00000000 00:00 0 
7f7a70000000-7f7a73f20000 rw-p 00000000 00:00 0 
7f7a73f20000-7f7a74000000 ---p 00000000 00:00 0 
7f7a74000000-7f7a74021000 rw-p 00000000 00:00 0 
7f7a74021000-7f7a78000000 ---p 00000000 00:00 0 
7f7a7834e000-7f7a78351000 ---p 00000000 00:00 0 
7f7a78351000-7f7a7844f000 rw-p 00000000 00:00 0 
7f7a7844f000-7f7a78450000 ---p 00000000 00:00 0 
7f7a78450000-7f7a78c50000 rw-p 00000000 00:00 0 
7f7a78c50000-7f7a78c51000 ---p 00000000 00:00 0 
7f7a78c51000-7f7a79451000 rw-p 00000000 00:00 0 
7f7a794c5000-7f7a79bc5000 rw-s 00006000 00:05 7289                       /dev/ati/card0
7f7a79bc5000-7f7a79c02000 r-xp 00000000 08:03 4201336                    /usr/lib/x86_64-linux-gnu/libatiadlxx.so
7f7a79c02000-7f7a79d01000 ---p 0003d000 08:03 4201336                    /usr/lib/x86_64-linux-gnu/libatiadlxx.so
7f7a79d01000-7f7a79d0b000 rw-p 0003c000 08:03 4201336                    /usr/lib/x86_64-linux-gnu/libatiadlxx.so
7f7a79d0b000-7f7a79d1b000 rw-p 00000000 00:00 0 
7f7a79d1b000-7f7a79d22000 r-xp 00000000 08:03 4201328                    /usr/lib/x86_64-linux-gnu/libatiuki.so.1.0
7f7a79d22000-7f7a79e22000 ---p 00007000 08:03 4201328                    /usr/lib/x86_64-linux-gnu/libatiuki.so.1.0
7f7a79e22000-7f7a79e23000 rw-p 00007000 08:03 4201328                    /usr/lib/x86_64-linux-gnu/libatiuki.so.1.0
7f7a79e23000-7f7a79e24000 rw-p 00000000 00:00 0 
7f7a79e24000-7f7a79ee7000 r-xp 00000000 08:03 4201341                    /usr/lib/x86_64-linux-gnu/fglrx/fglrx-libGL.so.1.2
7f7a79ee7000-7f7a79fe6000 ---p 000c3000 08:03 4201341                    /usr/lib/x86_64-linux-gnu/fglrx/fglrx-libGL.so.1.2
7f7a79fe6000-7f7a7a00d000 rwxp 000c2000 08:03 4201341                    /usr/lib/x86_64-linux-gnu/fglrx/fglrx-libGL.so.1.2
7f7a7a00d000-7f7a7a02d000 rwxp 00000000 00:00 0 
7f7a7a02d000-7f7a7a030000 ---p 00000000 00:00 0 
7f7a7a030000-7f7a7a12e000 rw-p 00000000 00:00 0 
7f7a7a12e000-7f7a7a131000 ---p 00000000 00:00 0 
7f7a7a131000-7f7a7a22f000 rw-p 00000000 00:00 0 
7f7a7e230000-7f7a7e231000 ---p 00000000 00:00 0 
7f7a7e231000-7f7a7ea31000 rw-p 00000000 00:00 0 
7f7a7ea31000-7f7a7ea37000 r-xp 00000000 08:03 4200289                    /usr/lib/x86_64-linux-gnu/libogg.so.0.8.0
7f7a7ea37000-7f7a7ec36000 ---p 00006000 08:03 4200289                    /usr/lib/x86_64-linux-gnu/libogg.so.0.8.0
7f7a7ec36000-7f7a7ec37000 rw-p 00005000 08:03 4200289                    /usr/lib/x86_64-linux-gnu/libogg.so.0.8.0
7f7a7ec37000-7f7a7ec63000 r-xp 00000000 08:03 4200496                    /usr/lib/x86_64-linux-gnu/libvorbis.so.0.4.5
7f7a7ec63000-7f7a7ee62000 ---p 0002c000 08:03 4200496                    /usr/lib/x86_64-linux-gnu/libvorbis.so.0.4.5
7f7a7ee62000-7f7a7ee63000 r--p 0002b000 08:03 4200496                    /usr/lib/x86_64-linux-gnu/libvorbis.so.0.4.5
7f7a7ee63000-7f7a7ee64000 rw-p 0002c000 08:03 4200496                    /usr/lib/x86_64-linux-gnu/libvorbis.so.0.4.5
7f7a7ee64000-7f7a7f117000 r-xp 00000000 08:03 4200498                    /usr/lib/x86_64-linux-gnu/libvorbisenc.so.2.0.8
7f7a7f117000-7f7a7f316000 ---p 002b3000 08:03 4200498                    /usr/lib/x86_64-linux-gnu/libvorbisenc.so.2.0.8
7f7a7f316000-7f7a7f332000 r--p 002b2000 08:03 4200498                    /usr/lib/x86_64-linux-gnu/libvorbisenc.so.2.0.8
7f7a7f332000-7f7a7f333000 rw-p 002ce000 08:03 4200498                    /usr/lib/x86_64-linux-gnu/libvorbisenc.so.2.0.8
7f7a7f333000-7f7a7f37e000 r-xp 00000000 08:03 4199700                    /usr/lib/x86_64-linux-gnu/libFLAC.so.8.2.0
7f7a7f37e000-7f7a7f57d000 ---p 0004b000 08:03 4199700                    /usr/lib/x86_64-linux-gnu/libFLAC.so.8.2.0
7f7a7f57d000-7f7a7f57e000 r--p 0004a000 08:03 4199700                    /usr/lib/x86_64-linux-gnu/libFLAC.so.8.2.0
7f7a7f57e000-7f7a7f57f000 rw-p 0004b000 08:03 4199700                    /usr/lib/x86_64-linux-gnu/libFLAC.so.8.2.0
7f7a7f57f000-7f7a7f583000 r-xp 00000000 08:03 12190707                   /lib/x86_64-linux-gnu/libuuid.so.1.3.0
7f7a7f583000-7f7a7f782000 ---p 00004000 08:03 12190707                   /lib/x86_64-linux-gnu/libuuid.so.1.3.0
7f7a7f782000-7f7a7f783000 r--p 00003000 08:03 12190707                   /lib/x86_64-linux-gnu/libuuid.so.1.3.0
7f7a7f783000-7f7a7f784000 rw-p 00004000 08:03 12190707                   /lib/x86_64-linux-gnu/libuuid.so.1.3.0
7f7a7f784000-7f7a7f788000 r-xp 00000000 08:03 12190559                   /lib/x86_64-linux-gnu/libattr.so.1.1.0
7f7a7f788000-7f7a7f987000 ---p 00004000 08:03 12190559                   /lib/x86_64-linux-gnu/libattr.so.1.1.0
7f7a7f987000-7f7a7f988000 r--p 00003000 08:03 12190559                   /lib/x86_64-linux-gnu/libattr.so.1.1.0
7f7a7f988000-7f7a7f989000 rw-p 00004000 08:03 12190559                   /lib/x86_64-linux-gnu/libattr.so.1.1.0
7f7a7f989000-7f7a7f98e000 r-xp 00000000 08:03 4199797                    /usr/lib/x86_64-linux-gnu/libasyncns.so.0.3.1
7f7a7f98e000-7f7a7fb8d000 ---p 00005000 08:03 4199797                    /usr/lib/x86_64-linux-gnu/libasyncns.so.0.3.1
7f7a7fb8d000-7f7a7fb8e000 rw-p 00004000 08:03 4199797                    /usr/lib/x86_64-linux-gnu/libasyncns.so.0.3.1
7f7a7fb8e000-7f7a7fbef000 r-xp 00000000 08:03 4200411                    /usr/lib/x86_64-linux-gnu/libsndfile.so.1.0.25
7f7a7fbef000-7f7a7fdee000 ---p 00061000 08:03 4200411                    /usr/lib/x86_64-linux-gnu/libsndfile.so.1.0.25
7f7a7fdee000-7f7a7fdf0000 r--p 00060000 08:03 4200411                    /usr/lib/x86_64-linux-gnu/libsndfile.so.1.0.25
7f7a7fdf0000-7f7a7fdf1000 rw-p 00062000 08:03 4200411                    /usr/lib/x86_64-linux-gnu/libsndfile.so.1.0.25
7f7a7fdf1000-7f7a7fdf5000 rw-p 00000000 00:00 0 
7f7a7fdf5000-7f7a7fdfe000 r-xp 00000000 08:03 12190709                   /lib/x86_64-linux-gnu/libwrap.so.0.7.6
7f7a7fdfe000-7f7a7fffd000 ---p 00009000 08:03 12190709                   /lib/x86_64-linux-gnu/libwrap.so.0.7.6
7f7a7fffd000-7f7a7fffe000 r--p 00008000 08:03 12190709                   /lib/x86_64-linux-gnu/libwrap.so.0.7.6
7f7a7fffe000-7f7a7ffff000 rw-p 00009000 08:03 12190709                   /lib/x86_64-linux-gnu/libwrap.so.0.7.6
7f7a7ffff000-7f7a80000000 rw-p 00000000 00:00 0 
7f7a80000000-7f7a80021000 rw-p 00000000 00:00 0 
7f7a80021000-7f7a84000000 ---p 00000000 00:00 0 
7f7a84000000-7f7a84021000 rw-p 00000000 00:00 0 
7f7a84021000-7f7a88000000 ---p 00000000 00:00 0 
7f7a88000000-7f7a88021000 rw-p 00000000 00:00 0 
7f7a88021000-7f7a8c000000 ---p 00000000 00:00 0 
7f7a8c000000-7f7a8c021000 rw-p 00000000 00:00 0 
7f7a8c021000-7f7a90000000 ---p 00000000 00:00 0 
7f7a90000000-7f7a90e1d000 rw-p 00000000 00:00 0 
7f7a90e1d000-7f7a94000000 ---p 00000000 00:00 0 
7f7a94000000-7f7a9482a000 rw-p 00000000 00:00 0 
7f7a9482a000-7f7a98000000 ---p 00000000 00:00 0 
7f7a98000000-7f7a98021000 rw-p 00000000 00:00 0 
7f7a98021000-7f7a9c000000 ---p 00000000 00:00 0 
7f7a9c000000-7f7a9c021000 rw-p 00000000 00:00 0 
7f7a9c021000-7f7aa0000000 ---p 00000000 00:00 0 
7f7aa0000000-7f7aa0021000 rw-p 00000000 00:00 0 
7f7aa0021000-7f7aa4000000 ---p 00000000 00:00 0 
7f7aa4000000-7f7aa4021000 rw-p 00000000 00:00 0 
7f7aa4021000-7f7aa8000000 ---p 00000000 00:00 0 
7f7aa8000000-7f7aa8021000 rw-p 00000000 00:00 0 
7f7aa8021000-7f7aac000000 ---p 00000000 00:00 0 
7f7aac0ec000-7f7aac0f3000 r-xp 00000000 08:03 4199720                    /usr/lib/x86_64-linux-gnu/libSM.so.6.0.1
7f7aac0f3000-7f7aac2f2000 ---p 00007000 08:03 4199720                    /usr/lib/x86_64-linux-gnu/libSM.so.6.0.1
7f7aac2f2000-7f7aac2f3000 rw-p 00006000 08:03 4199720                    /usr/lib/x86_64-linux-gnu/libSM.so.6.0.1
7f7aac2f3000-7f7aac30a000 r-xp 00000000 08:03 4199710                    /usr/lib/x86_64-linux-gnu/libICE.so.6.3.0
7f7aac30a000-7f7aac509000 ---p 00017000 08:03 4199710                    /usr/lib/x86_64-linux-gnu/libICE.so.6.3.0
7f7aac509000-7f7aac50b000 rw-p 00016000 08:03 4199710                    /usr/lib/x86_64-linux-gnu/libICE.so.6.3.0
7f7aac50b000-7f7aac50e000 rw-p 00000000 00:00 0 
7f7aac50e000-7f7aac50f000 r-xp 00000000 08:03 4199726                    /usr/lib/x86_64-linux-gnu/libX11-xcb.so.1.0.0
7f7aac50f000-7f7aac70e000 ---p 00001000 08:03 4199726                    /usr/lib/x86_64-linux-gnu/libX11-xcb.so.1.0.0
7f7aac70e000-7f7aac70f000 rw-p 00000000 08:03 4199726                    /usr/lib/x86_64-linux-gnu/libX11-xcb.so.1.0.0
7f7aac70f000-7f7aac713000 r-xp 00000000 08:03 12190572                   /lib/x86_64-linux-gnu/libcap.so.2.22
7f7aac713000-7f7aac912000 ---p 00004000 08:03 12190572                   /lib/x86_64-linux-gnu/libcap.so.2.22
7f7aac912000-7f7aac913000 rw-p 00003000 08:03 12190572                   /lib/x86_64-linux-gnu/libcap.so.2.22
7f7aac913000-7f7aac974000 r-xp 00000000 08:03 4325923                    /usr/lib/x86_64-linux-gnu/pulseaudio/libpulsecommon-2.0.so
7f7aac974000-7f7aacb73000 ---p 00061000 08:03 4325923                    /usr/lib/x86_64-linux-gnu/pulseaudio/libpulsecommon-2.0.so
7f7aacb73000-7f7aacb74000 r--p 00060000 08:03 4325923                    /usr/lib/x86_64-linux-gnu/pulseaudio/libpulsecommon-2.0.so
7f7aacb74000-7f7aacb76000 rw-p 00061000 08:03 4325923                    /usr/lib/x86_64-linux-gnu/pulseaudio/libpulsecommon-2.0.so
7f7aacb76000-7f7aacb7f000 r-xp 00000000 08:03 12190608                   /lib/x86_64-linux-gnu/libjson.so.0.1.0
7f7aacb7f000-7f7aacd7e000 ---p 00009000 08:03 12190608                   /lib/x86_64-linux-gnu/libjson.so.0.1.0
7f7aacd7e000-7f7aacd7f000 r--p 00008000 08:03 12190608                   /lib/x86_64-linux-gnu/libjson.so.0.1.0
7f7aacd7f000-7f7aacd80000 rw-p 00009000 08:03 12190608                   /lib/x86_64-linux-gnu/libjson.so.0.1.0
7f7aacd80000-7f7aacdc9000 r-xp 00000000 08:03 4200364                    /usr/lib/x86_64-linux-gnu/libpulse.so.0.14.2
7f7aacdc9000-7f7aacfc8000 ---p 00049000 08:03 4200364                    /usr/lib/x86_64-linux-gnu/libpulse.so.0.14.2
7f7aacfc8000-7f7aacfc9000 r--p 00048000 08:03 4200364                    /usr/lib/x86_64-linux-gnu/libpulse.so.0.14.2
7f7aacfc9000-7f7aacfca000 rw-p 00049000 08:03 4200364                    /usr/lib/x86_64-linux-gnu/libpulse.so.0.14.2
7f7aad223000-7f7aad227000 r-xp 00000000 08:03 4199775                    /usr/lib/x86_64-linux-gnu/libXxf86vm.so.1.0.0
7f7aad227000-7f7aad427000 ---p 00004000 08:03 4199775                    /usr/lib/x86_64-linux-gnu/libXxf86vm.so.1.0.0
7f7aad427000-7f7aad428000 r--p 00004000 08:03 4199775                    /usr/lib/x86_64-linux-gnu/libXxf86vm.so.1.0.0
7f7aad428000-7f7aad429000 rw-p 00005000 08:03 4199775                    /usr/lib/x86_64-linux-gnu/libXxf86vm.so.1.0.0
7f7aad429000-7f7aad495000 r-xp 00000000 08:01 301131                     /media/winDisk/Users/ChobeDucket/Documents/sheep/android/assets/.temp/7b43be9b/liblwjgl64.so
7f7aad495000-7f7aad694000 ---p 0006c000 08:01 301131                     /media/winDisk/Users/ChobeDucket/Documents/sheep/android/assets/.temp/7b43be9b/liblwjgl64.so
7f7aad694000-7f7aad696000 r--p 0006b000 08:01 301131                     /media/winDisk/Users/ChobeDucket/Documents/sheep/android/assets/.temp/7b43be9b/liblwjgl64.so
7f7aad696000-7f7aad697000 rw-p 0006d000 08:01 301131                     /media/winDisk/Users/ChobeDucket/Documents/sheep/android/assets/.temp/7b43be9b/liblwjgl64.so
7f7aad697000-7f7aad698000 r-xp 00000000 08:03 3934229                    /usr/lib/jvm/java-7-openjdk-amd64/jre/lib/amd64/libjawt.so
7f7aad698000-7f7aad897000 ---p 00001000 08:03 3934229                    /usr/lib/jvm/java-7-openjdk-amd64/jre/lib/amd64/libjawt.so
7f7aad897000-7f7aad898000 r--p 00000000 08:03 3934229                    /usr/lib/jvm/java-7-openjdk-amd64/jre/lib/amd64/libjawt.so
7f7aad898000-7f7aad899000 rw-p 00001000 08:03 3934229                    /usr/lib/jvm/java-7-openjdk-amd64/jre/lib/amd64/libjawt.so
7f7aad899000-7f7aad89c000 r-xp 00000000 08:03 12190599                   /lib/x86_64-linux-gnu/libgpg-error.so.0.8.0
7f7aad89c000-7f7aada9b000 ---p 00003000 08:03 12190599                   /lib/x86_64-linux-gnu/libgpg-error.so.0.8.0
7f7aada9b000-7f7aada9c000 rw-p 00002000 08:03 12190599                   /lib/x86_64-linux-gnu/libgpg-error.so.0.8.0
7f7aada9c000-7f7aadae0000 r-xp 00000000 08:03 12190580                   /lib/x86_64-linux-gnu/libdbus-1.so.3.7.2
7f7aadae0000-7f7aadce0000 ---p 00044000 08:03 12190580                   /lib/x86_64-linux-gnu/libdbus-1.so.3.7.2
7f7aadce0000-7f7aadce1000 r--p 00044000 08:03 12190580                   /lib/x86_64-linux-gnu/libdbus-1.so.3.7.2
7f7aadce1000-7f7aadce2000 rw-p 00045000 08:03 12190580                   /lib/x86_64-linux-gnu/libdbus-1.so.3.7.2
7f7aadce2000-7f7aadcf3000 r-xp 00000000 08:03 4200305                    /usr/lib/x86_64-linux-gnu/libp11-kit.so.0.0.0
7f7aadcf3000-7f7aadef2000 ---p 00011000 08:03 4200305                    /usr/lib/x86_64-linux-gnu/libp11-kit.so.0.0.0
7f7aadef2000-7f7aadef3000 r--p 00010000 08:03 4200305                    /usr/lib/x86_64-linux-gnu/libp11-kit.so.0.0.0
7f7aadef3000-7f7aadef4000 rw-p 00011000 08:03 4200305                    /usr/lib/x86_64-linux-gnu/libp11-kit.so.0.0.0
7f7aadef4000-7f7aadf6e000 r-xp 00000000 08:03 12190595                   /lib/x86_64-linux-gnu/libgcrypt.so.11.7.0
7f7aadf6e000-7f7aae16e000 ---p 0007a000 08:03 12190595                   /lib/x86_64-linux-gnu/libgcrypt.so.11.7.0
7f7aae16e000-7f7aae16f000 r--p 0007a000 08:03 12190595                   /lib/x86_64-linux-gnu/libgcrypt.so.11.7.0
7f7aae16f000-7f7aae172000 rw-p 0007b000 08:03 12190595                   /lib/x86_64-linux-gnu/libgcrypt.so.11.7.0
7f7aae172000-7f7aae182000 r-xp 00000000 08:03 4200448                    /usr/lib/x86_64-linux-gnu/libtasn1.so.3.1.16
7f7aae182000-7f7aae381000 ---p 00010000 08:03 4200448                    /usr/lib/x86_64-linux-gnu/libtasn1.so.3.1.16
7f7aae381000-7f7aae382000 r--p 0000f000 08:03 4200448                    /usr/lib/x86_64-linux-gnu/libtasn1.so.3.1.16
7f7aae382000-7f7aae383000 rw-p 00010000 08:03 4200448                    /usr/lib/x86_64-linux-gnu/libtasn1.so.3.1.16
7f7aae383000-7f7aae386000 r-xp 00000000 08:03 12190610                   /lib/x86_64-linux-gnu/libkeyutils.so.1.4
7f7aae386000-7f7aae585000 ---p 00003000 08:03 12190610                   /lib/x86_64-linux-gnu/libkeyutils.so.1.4
7f7aae585000-7f7aae586000 r--p 00002000 08:03 12190610                   /lib/x86_64-linux-gnu/libkeyutils.so.1.4
7f7aae586000-7f7aae587000 rw-p 00003000 08:03 12190610                   /lib/x86_64-linux-gnu/libkeyutils.so.1.4
7f7aae587000-7f7aae58f000 r-xp 00000000 08:03 4200208                    /usr/lib/x86_64-linux-gnu/libkrb5support.so.0.1
7f7aae58f000-7f7aae78e000 ---p 00008000 08:03 4200208                    /usr/lib/x86_64-linux-gnu/libkrb5support.so.0.1
7f7aae78e000-7f7aae78f000 r--p 00007000 08:03 4200208                    /usr/lib/x86_64-linux-gnu/libkrb5support.so.0.1
7f7aae78f000-7f7aae790000 rw-p 00008000 08:03 4200208                    /usr/lib/x86_64-linux-gnu/libkrb5support.so.0.1
7f7aae790000-7f7aae793000 r-xp 00000000 08:03 12190576                   /lib/x86_64-linux-gnu/libcom_err.so.2.1
7f7aae793000-7f7aae992000 ---p 00003000 08:03 12190576                   /lib/x86_64-linux-gnu/libcom_err.so.2.1
7f7aae992000-7f7aae993000 r--p 00002000 08:03 12190576                   /lib/x86_64-linux-gnu/libcom_err.so.2.1
7f7aae993000-7f7aae994000 rw-p 00003000 08:03 12190576                   /lib/x86_64-linux-gnu/libcom_err.so.2.1
7f7aae994000-7f7aae9ba000 r-xp 00000000 08:03 4200198                    /usr/lib/x86_64-linux-gnu/libk5crypto.so.3.1
7f7aae9ba000-7f7aaebba000 ---p 00026000 08:03 4200198                    /usr/lib/x86_64-linux-gnu/libk5crypto.so.3.1
7f7aaebba000-7f7aaebbb000 r--p 00026000 08:03 4200198                    /usr/lib/x86_64-linux-gnu/libk5crypto.so.3.1
7f7aaebbb000-7f7aaebbc000 rw-p 00027000 08:03 4200198                    /usr/lib/x86_64-linux-gnu/libk5crypto.so.3.1
7f7aaebbc000-7f7aaebbd000 rw-p 00000000 00:00 0 
7f7aaebbd000-7f7aaec86000 r-xp 00000000 08:03 4200206                    /usr/lib/x86_64-linux-gnu/libkrb5.so.3.3
7f7aaec86000-7f7aaee85000 ---p 000c9000 08:03 4200206                    /usr/lib/x86_64-linux-gnu/libkrb5.so.3.3
7f7aaee85000-7f7aaee8f000 r--p 000c8000 08:03 4200206                    /usr/lib/x86_64-linux-gnu/libkrb5.so.3.3
7f7aaee8f000-7f7aaee91000 rw-p 000d2000 08:03 4200206                    /usr/lib/x86_64-linux-gnu/libkrb5.so.3.3
7f7aaee91000-7f7aaee96000 r-xp 00000000 08:03 4199743                    /usr/lib/x86_64-linux-gnu/libXdmcp.so.6.0.0
7f7aaee96000-7f7aaf095000 ---p 00005000 08:03 4199743                    /usr/lib/x86_64-linux-gnu/libXdmcp.so.6.0.0
7f7aaf095000-7f7aaf096000 rw-p 00004000 08:03 4199743                    /usr/lib/x86_64-linux-gnu/libXdmcp.so.6.0.0
7f7aaf096000-7f7aaf098000 r-xp 00000000 08:03 4199732                    /usr/lib/x86_64-linux-gnu/libXau.so.6.0.0
7f7aaf098000-7f7aaf298000 ---p 00002000 08:03 4199732                    /usr/lib/x86_64-linux-gnu/libXau.so.6.0.0
7f7aaf298000-7f7aaf299000 rw-p 00002000 08:03 4199732                    /usr/lib/x86_64-linux-gnu/libXau.so.6.0.0
7f7aaf299000-7f7aaf2a9000 r-xp 00000000 08:03 4199807                    /usr/lib/x86_64-linux-gnu/libavahi-client.so.3.2.9
7f7aaf2a9000-7f7aaf4a8000 ---p 00010000 08:03 4199807                    /usr/lib/x86_64-linux-gnu/libavahi-client.so.3.2.9
7f7aaf4a8000-7f7aaf4a9000 r--p 0000f000 08:03 4199807                    /usr/lib/x86_64-linux-gnu/libavahi-client.so.3.2.9
7f7aaf4a9000-7f7aaf4aa000 rw-p 00010000 08:03 4199807                    /usr/lib/x86_64-linux-gnu/libavahi-client.so.3.2.9
7f7aaf4aa000-7f7aaf4b6000 r-xp 00000000 08:03 4199809                    /usr/lib/x86_64-linux-gnu/libavahi-common.so.3.5.3
7f7aaf4b6000-7f7aaf6b5000 ---p 0000c000 08:03 4199809                    /usr/lib/x86_64-linux-gnu/libavahi-common.so.3.5.3
7f7aaf6b5000-7f7aaf6b6000 r--p 0000b000 08:03 4199809                    /usr/lib/x86_64-linux-gnu/libavahi-common.so.3.5.3
7f7aaf6b6000-7f7aaf6b7000 rw-p 0000c000 08:03 4199809                    /usr/lib/x86_64-linux-gnu/libavahi-common.so.3.5.3
7f7aaf6b7000-7f7aaf770000 r-xp 00000000 08:03 4200060                    /usr/lib/x86_64-linux-gnu/libgnutls.so.26.22.4
7f7aaf770000-7f7aaf96f000 ---p 000b9000 08:03 4200060                    /usr/lib/x86_64-linux-gnu/libgnutls.so.26.22.4
7f7aaf96f000-7f7aaf975000 r--p 000b8000 08:03 4200060                    /usr/lib/x86_64-linux-gnu/libgnutls.so.26.22.4
7f7aaf975000-7f7aaf977000 rw-p 000be000 08:03 4200060                    /usr/lib/x86_64-linux-gnu/libgnutls.so.26.22.4
7f7aaf977000-7f7aaf9b3000 r-xp 00000000 08:03 4200085                    /usr/lib/x86_64-linux-gnu/libgssapi_krb5.so.2.2
7f7aaf9b3000-7f7aafbb3000 ---p 0003c000 08:03 4200085                    /usr/lib/x86_64-linux-gnu/libgssapi_krb5.so.2.2
7f7aafbb3000-7f7aafbb4000 r--p 0003c000 08:03 4200085                    /usr/lib/x86_64-linux-gnu/libgssapi_krb5.so.2.2
7f7aafbb4000-7f7aafbb6000 rw-p 0003d000 08:03 4200085                    /usr/lib/x86_64-linux-gnu/libgssapi_krb5.so.2.2
7f7aafbb6000-7f7aafbf2000 r-xp 00000000 08:03 12190663                   /lib/x86_64-linux-gnu/libpcre.so.3.13.1
7f7aafbf2000-7f7aafdf2000 ---p 0003c000 08:03 12190663                   /lib/x86_64-linux-gnu/libpcre.so.3.13.1
7f7aafdf2000-7f7aafdf3000 rw-p 0003c000 08:03 12190663                   /lib/x86_64-linux-gnu/libpcre.so.3.13.1
7f7aafdf3000-7f7aafdff000 r-xp 00000000 08:03 4199961                    /usr/lib/x86_64-linux-gnu/libffi.so.5.0.10
7f7aafdff000-7f7aaffff000 ---p 0000c000 08:03 4199961                    /usr/lib/x86_64-linux-gnu/libffi.so.5.0.10
7f7aaffff000-7f7ab0000000 rw-p 0000c000 08:03 4199961                    /usr/lib/x86_64-linux-gnu/libffi.so.5.0.10
7f7ab0000000-7f7ab0021000 rw-p 00000000 00:00 0 
7f7ab0021000-7f7ab4000000 ---p 00000000 00:00 0 
7f7ab4016000-7f7ab4019000 ---p 00000000 00:00 0 
7f7ab4019000-7f7ab4117000 rw-p 00000000 00:00 0 
7f7ab4117000-7f7ab413e000 r-xp 00000000 08:03 12190588                   /lib/x86_64-linux-gnu/libexpat.so.1.6.0
7f7ab413e000-7f7ab433e000 ---p 00027000 08:03 12190588                   /lib/x86_64-linux-gnu/libexpat.so.1.6.0
7f7ab433e000-7f7ab4340000 r--p 00027000 08:03 12190588                   /lib/x86_64-linux-gnu/libexpat.so.1.6.0
7f7ab4340000-7f7ab4341000 rw-p 00029000 08:03 12190588                   /lib/x86_64-linux-gnu/libexpat.so.1.6.0
7f7ab4341000-7f7ab4349000 r-xp 00000000 08:03 4200521                    /usr/lib/x86_64-linux-gnu/libxcb-render.so.0.0.0
7f7ab4349000-7f7ab4549000 ---p 00008000 08:03 4200521                    /usr/lib/x86_64-linux-gnu/libxcb-render.so.0.0.0
7f7ab4549000-7f7ab454a000 r--p 00008000 08:03 4200521                    /usr/lib/x86_64-linux-gnu/libxcb-render.so.0.0.0
7f7ab454a000-7f7ab454b000 rw-p 00009000 08:03 4200521                    /usr/lib/x86_64-linux-gnu/libxcb-render.so.0.0.0
7f7ab454b000-7f7ab454d000 r-xp 00000000 08:03 4200525                    /usr/lib/x86_64-linux-gnu/libxcb-shm.so.0.0.0
7f7ab454d000-7f7ab474c000 ---p 00002000 08:03 4200525                    /usr/lib/x86_64-linux-gnu/libxcb-shm.so.0.0.0
7f7ab474c000-7f7ab474d000 r--p 00001000 08:03 4200525                    /usr/lib/x86_64-linux-gnu/libxcb-shm.so.0.0.0
7f7ab474d000-7f7ab474e000 rw-p 00002000 08:03 4200525                    /usr/lib/x86_64-linux-gnu/libxcb-shm.so.0.0.0
7f7ab474e000-7f7ab47ce000 r-xp 00000000 08:03 4200335                    /usr/lib/x86_64-linux-gnu/libpixman-1.so.0.26.0
7f7ab47ce000-7f7ab49ce000 ---p 00080000 08:03 4200335                    /usr/lib/x86_64-linux-gnu/libpixman-1.so.0.26.0
7f7ab49ce000-7f7ab49d4000 rw-p 00080000 08:03 4200335                    /usr/lib/x86_64-linux-gnu/libpixman-1.so.0.26.0
7f7ab49d4000-7f7ab49fa000 r-xp 00000000 08:03 12190665                   /lib/x86_64-linux-gnu/libpng12.so.0.49.0
7f7ab49fa000-7f7ab4bf9000 ---p 00026000 08:03 12190665                   /lib/x86_64-linux-gnu/libpng12.so.0.49.0
7f7ab4bf9000-7f7ab4bfa000 r--p 00025000 08:03 12190665                   /lib/x86_64-linux-gnu/libpng12.so.0.49.0
7f7ab4bfa000-7f7ab4bfb000 rw-p 00026000 08:03 12190665                   /lib/x86_64-linux-gnu/libpng12.so.0.49.0
7f7ab4bfb000-7f7ab4c0f000 r-xp 00000000 08:03 12192206                   /lib/x86_64-linux-gnu/libresolv-2.19.so
7f7ab4c0f000-7f7ab4e0e000 ---p 00014000 08:03 12192206                   /lib/x86_64-linux-gnu/libresolv-2.19.so
7f7ab4e0e000-7f7ab4e0f000 r--p 00013000 08:03 12192206                   /lib/x86_64-linux-gnu/libresolv-2.19.so
7f7ab4e0f000-7f7ab4e10000 rw-p 00014000 08:03 12192206                   /lib/x86_64-linux-gnu/libresolv-2.19.so
7f7ab4e10000-7f7ab4e12000 rw-p 00000000 00:00 0 
7f7ab4e12000-7f7ab4e30000 r-xp 00000000 08:03 12190680                   /lib/x86_64-linux-gnu/libselinux.so.1
7f7ab4e30000-7f7ab502f000 ---p 0001e000 08:03 12190680                   /lib/x86_64-linux-gnu/libselinux.so.1
7f7ab502f000-7f7ab5030000 r--p 0001d000 08:03 12190680                   /lib/x86_64-linux-gnu/libselinux.so.1
7f7ab5030000-7f7ab5031000 rw-p 0001e000 08:03 12190680                   /lib/x86_64-linux-gnu/libselinux.so.1
7f7ab5031000-7f7ab5032000 rw-p 00000000 00:00 0 
7f7ab5032000-7f7ab5035000 r-xp 00000000 08:03 4200052                    /usr/lib/x86_64-linux-gnu/libgmodule-2.0.so.0.3200.4
7f7ab5035000-7f7ab5234000 ---p 00003000 08:03 4200052                    /usr/lib/x86_64-linux-gnu/libgmodule-2.0.so.0.3200.4
7f7ab5234000-7f7ab5235000 r--p 00002000 08:03 4200052                    /usr/lib/x86_64-linux-gnu/libgmodule-2.0.so.0.3200.4
7f7ab5235000-7f7ab5236000 rw-p 00003000 08:03 4200052                    /usr/lib/x86_64-linux-gnu/libgmodule-2.0.so.0.3200.4
7f7ab5236000-7f7ab5240000 r-xp 00000000 08:03 4199739                    /usr/lib/x86_64-linux-gnu/libXcursor.so.1.0.2
7f7ab5240000-7f7ab543f000 ---p 0000a000 08:03 4199739                    /usr/lib/x86_64-linux-gnu/libXcursor.so.1.0.2
7f7ab543f000-7f7ab5440000 rw-p 00009000 08:03 4199739                    /usr/lib/x86_64-linux-gnu/libXcursor.so.1.0.2
7f7ab5440000-7f7ab5447000 r-xp 00000000 08:03 4199761                    /usr/lib/x86_64-linux-gnu/libXrandr.so.2.2.0
7f7ab5447000-7f7ab5647000 ---p 00007000 08:03 4199761                    /usr/lib/x86_64-linux-gnu/libXrandr.so.2.2.0
7f7ab5647000-7f7ab5648000 rw-p 00007000 08:03 4199761                    /usr/lib/x86_64-linux-gnu/libXrandr.so.2.2.0
7f7ab5648000-7f7ab564a000 r-xp 00000000 08:03 4199753                    /usr/lib/x86_64-linux-gnu/libXinerama.so.1.0.0
7f7ab564a000-7f7ab5849000 ---p 00002000 08:03 4199753                    /usr/lib/x86_64-linux-gnu/libXinerama.so.1.0.0
7f7ab5849000-7f7ab584a000 rw-p 00001000 08:03 4199753                    /usr/lib/x86_64-linux-gnu/libXinerama.so.1.0.0
7f7ab584a000-7f7ab584f000 r-xp 00000000 08:03 4199747                    /usr/lib/x86_64-linux-gnu/libXfixes.so.3.1.0
7f7ab584f000-7f7ab5a4e000 ---p 00005000 08:03 4199747                    /usr/lib/x86_64-linux-gnu/libXfixes.so.3.1.0
7f7ab5a4e000-7f7ab5a4f000 r--p 00004000 08:03 4199747                    /usr/lib/x86_64-linux-gnu/libXfixes.so.3.1.0
7f7ab5a4f000-7f7ab5a50000 rw-p 00005000 08:03 4199747                    /usr/lib/x86_64-linux-gnu/libXfixes.so.3.1.0
7f7ab5a50000-7f7ab5a52000 r-xp 00000000 08:03 4199741                    /usr/lib/x86_64-linux-gnu/libXdamage.so.1.1.0
7f7ab5a52000-7f7ab5c51000 ---p 00002000 08:03 4199741                    /usr/lib/x86_64-linux-gnu/libXdamage.so.1.1.0
7f7ab5c51000-7f7ab5c52000 rw-p 00001000 08:03 4199741                    /usr/lib/x86_64-linux-gnu/libXdamage.so.1.1.0
7f7ab5c52000-7f7ab5c54000 r-xp 00000000 08:03 4199737                    /usr/lib/x86_64-linux-gnu/libXcomposite.so.1.0.0
7f7ab5c54000-7f7ab5e53000 ---p 00002000 08:03 4199737                    /usr/lib/x86_64-linux-gnu/libXcomposite.so.1.0.0
7f7ab5e53000-7f7ab5e54000 rw-p 00001000 08:03 4199737                    /usr/lib/x86_64-linux-gnu/libXcomposite.so.1.0.0
7f7ab5e54000-7f7ab5e73000 r-xp 00000000 08:03 4200529                    /usr/lib/x86_64-linux-gnu/libxcb.so.1.1.0
7f7ab5e73000-7f7ab6072000 ---p 0001f000 08:03 4200529                    /usr/lib/x86_64-linux-gnu/libxcb.so.1.1.0
7f7ab6072000-7f7ab6073000 r--p 0001e000 08:03 4200529                    /usr/lib/x86_64-linux-gnu/libxcb.so.1.1.0
7f7ab6073000-7f7ab6074000 rw-p 0001f000 08:03 4200529                    /usr/lib/x86_64-linux-gnu/libxcb.so.1.1.0
7f7ab6074000-7f7ab60c7000 r-xp 00000000 08:03 4199889                    /usr/lib/x86_64-linux-gnu/libcups.so.2
7f7ab60c7000-7f7ab62c6000 ---p 00053000 08:03 4199889                    /usr/lib/x86_64-linux-gnu/libcups.so.2
7f7ab62c6000-7f7ab62cb000 r--p 00052000 08:03 4199889                    /usr/lib/x86_64-linux-gnu/libcups.so.2
7f7ab62cb000-7f7ab62cc000 rw-p 00057000 08:03 4199889                    /usr/lib/x86_64-linux-gnu/libcups.so.2
7f7ab62cc000-7f7ab63c1000 r-xp 00000000 08:03 12190597                   /lib/x86_64-linux-gnu/libglib-2.0.so.0.3200.4
7f7ab63c1000-7f7ab65c1000 ---p 000f5000 08:03 12190597                   /lib/x86_64-linux-gnu/libglib-2.0.so.0.3200.4
7f7ab65c1000-7f7ab65c2000 r--p 000f5000 08:03 12190597                   /lib/x86_64-linux-gnu/libglib-2.0.so.0.3200.4
7f7ab65c2000-7f7ab65c3000 rw-p 000f6000 08:03 12190597                   /lib/x86_64-linux-gnu/libglib-2.0.so.0.3200.4
7f7ab65c3000-7f7ab65c4000 rw-p 00000000 00:00 0 
7f7ab65c4000-7f7ab65c5000 r-xp 00000000 08:03 4200137                    /usr/lib/x86_64-linux-gnu/libgthread-2.0.so.0.3200.4
7f7ab65c5000-7f7ab67c4000 ---p 00001000 08:03 4200137                    /usr/lib/x86_64-linux-gnu/libgthread-2.0.so.0.3200.4
7f7ab67c4000-7f7ab67c5000 r--p 00000000 08:03 4200137                    /usr/lib/x86_64-linux-gnu/libgthread-2.0.so.0.3200.4
7f7ab67c5000-7f7ab67c6000 rw-p 00001000 08:03 4200137                    /usr/lib/x86_64-linux-gnu/libgthread-2.0.so.0.3200.4
7f7ab67c6000-7f7ab6814000 r-xp 00000000 08:03 4200068                    /usr/lib/x86_64-linux-gnu/libgobject-2.0.so.0.3200.4
7f7ab6814000-7f7ab6a14000 ---p 0004e000 08:03 4200068                    /usr/lib/x86_64-linux-gnu/libgobject-2.0.so.0.3200.4
7f7ab6a14000-7f7ab6a15000 r--p 0004e000 08:03 4200068                    /usr/lib/x86_64-linux-gnu/libgobject-2.0.so.0.3200.4
7f7ab6a15000-7f7ab6a16000 rw-p 0004f000 08:03 4200068                    /usr/lib/x86_64-linux-gnu/libgobject-2.0.so.0.3200.4
7f7ab6a16000-7f7ab6a4b000 r-xp 00000000 08:03 4199999                    /usr/lib/x86_64-linux-gnu/libfontconfig.so.1.5.0
7f7ab6a4b000-7f7ab6c4b000 ---p 00035000 08:03 4199999                    /usr/lib/x86_64-linux-gnu/libfontconfig.so.1.5.0
7f7ab6c4b000-7f7ab6c4c000 r--p 00035000 08:03 4199999                    /usr/lib/x86_64-linux-gnu/libfontconfig.so.1.5.0
7f7ab6c4c000-7f7ab6c4d000 rw-p 00036000 08:03 4199999                    /usr/lib/x86_64-linux-gnu/libfontconfig.so.1.5.0
7f7ab6c4d000-7f7ab6ce6000 r-xp 00000000 08:03 4200007                    /usr/lib/x86_64-linux-gnu/libfreetype.so.6.8.1
7f7ab6ce6000-7f7ab6ee5000 ---p 00099000 08:03 4200007                    /usr/lib/x86_64-linux-gnu/libfreetype.so.6.8.1
7f7ab6ee5000-7f7ab6eeb000 r--p 00098000 08:03 4200007                    /usr/lib/x86_64-linux-gnu/libfreetype.so.6.8.1
7f7ab6eeb000-7f7ab6eec000 rw-p 0009e000 08:03 4200007                    /usr/lib/x86_64-linux-gnu/libfreetype.so.6.8.1
7f7ab6eec000-7f7ab6f36000 r-xp 00000000 08:03 4200313                    /usr/lib/x86_64-linux-gnu/libpango-1.0.so.0.3000.0
7f7ab6f36000-7f7ab7136000 ---p 0004a000 08:03 4200313                    /usr/lib/x86_64-linux-gnu/libpango-1.0.so.0.3000.0
7f7ab7136000-7f7ab7138000 r--p 0004a000 08:03 4200313                    /usr/lib/x86_64-linux-gnu/libpango-1.0.so.0.3000.0
7f7ab7138000-7f7ab7139000 rw-p 0004c000 08:03 4200313                    /usr/lib/x86_64-linux-gnu/libpango-1.0.so.0.3000.0
7f7ab7139000-7f7ab722d000 r-xp 00000000 08:03 4199843                    /usr/lib/x86_64-linux-gnu/libcairo.so.2.11200.2
7f7ab722d000-7f7ab742c000 ---p 000f4000 08:03 4199843                    /usr/lib/x86_64-linux-gnu/libcairo.so.2.11200.2
7f7ab742c000-7f7ab742f000 r--p 000f3000 08:03 4199843                    /usr/lib/x86_64-linux-gnu/libcairo.so.2.11200.2
7f7ab742f000-7f7ab7430000 rw-p 000f6000 08:03 4199843                    /usr/lib/x86_64-linux-gnu/libcairo.so.2.11200.2
7f7ab7430000-7f7ab7432000 rw-p 00000000 00:00 0 
7f7ab7432000-7f7ab7451000 r-xp 00000000 08:03 4200030                    /usr/lib/x86_64-linux-gnu/libgdk_pixbuf-2.0.so.0.2600.1
7f7ab7451000-7f7ab7650000 ---p 0001f000 08:03 4200030                    /usr/lib/x86_64-linux-gnu/libgdk_pixbuf-2.0.so.0.2600.1
7f7ab7650000-7f7ab7651000 r--p 0001e000 08:03 4200030                    /usr/lib/x86_64-linux-gnu/libgdk_pixbuf-2.0.so.0.2600.1
7f7ab7651000-7f7ab7652000 rw-p 0001f000 08:03 4200030                    /usr/lib/x86_64-linux-gnu/libgdk_pixbuf-2.0.so.0.2600.1
7f7ab7652000-7f7ab765e000 r-xp 00000000 08:03 4200315                    /usr/lib/x86_64-linux-gnu/libpangocairo-1.0.so.0.3000.0
7f7ab765e000-7f7ab785d000 ---p 0000c000 08:03 4200315                    /usr/lib/x86_64-linux-gnu/libpangocairo-1.0.so.0.3000.0
7f7ab785d000-7f7ab785e000 r--p 0000b000 08:03 4200315                    /usr/lib/x86_64-linux-gnu/libpangocairo-1.0.so.0.3000.0
7f7ab785e000-7f7ab785f000 rw-p 0000c000 08:03 4200315                    /usr/lib/x86_64-linux-gnu/libpangocairo-1.0.so.0.3000.0
7f7ab785f000-7f7ab7889000 r-xp 00000000 08:03 4200317                    /usr/lib/x86_64-linux-gnu/libpangoft2-1.0.so.0.3000.0
7f7ab7889000-7f7ab7a88000 ---p 0002a000 08:03 4200317                    /usr/lib/x86_64-linux-gnu/libpangoft2-1.0.so.0.3000.0
7f7ab7a88000-7f7ab7a89000 r--p 00029000 08:03 4200317                    /usr/lib/x86_64-linux-gnu/libpangoft2-1.0.so.0.3000.0
7f7ab7a89000-7f7ab7a8a000 rw-p 0002a000 08:03 4200317                    /usr/lib/x86_64-linux-gnu/libpangoft2-1.0.so.0.3000.0
7f7ab7a8a000-7f7ab7bd6000 r-xp 00000000 08:03 4200042                    /usr/lib/x86_64-linux-gnu/libgio-2.0.so.0.3200.4
7f7ab7bd6000-7f7ab7dd5000 ---p 0014c000 08:03 4200042                    /usr/lib/x86_64-linux-gnu/libgio-2.0.so.0.3200.4
7f7ab7dd5000-7f7ab7dd9000 r--p 0014b000 08:03 4200042                    /usr/lib/x86_64-linux-gnu/libgio-2.0.so.0.3200.4
7f7ab7dd9000-7f7ab7ddb000 rw-p 0014f000 08:03 4200042                    /usr/lib/x86_64-linux-gnu/libgio-2.0.so.0.3200.4
7f7ab7ddb000-7f7ab7ddd000 rw-p 00000000 00:00 0 
7f7ab7ddd000-7f7ab7dfe000 r-xp 00000000 08:03 4199799                    /usr/lib/x86_64-linux-gnu/libatk-1.0.so.0.20409.1
7f7ab7dfe000-7f7ab7ffd000 ---p 00021000 08:03 4199799                    /usr/lib/x86_64-linux-gnu/libatk-1.0.so.0.20409.1
7f7ab7ffd000-7f7ab7fff000 r--p 00020000 08:03 4199799                    /usr/lib/x86_64-linux-gnu/libatk-1.0.so.0.20409.1
7f7ab7fff000-7f7ab8000000 rw-p 00022000 08:03 4199799                    /usr/lib/x86_64-linux-gnu/libatk-1.0.so.0.20409.1
7f7ab8000000-7f7ab8021000 rw-p 00000000 00:00 0 
7f7ab8021000-7f7abc000000 ---p 00000000 00:00 0 
7f7abc046000-7f7abc08e000 rw-p 00000000 00:00 0 
7f7abc08e000-7f7abc13d000 r-xp 00000000 08:03 4200028                    /usr/lib/x86_64-linux-gnu/libgdk-x11-2.0.so.0.2400.10
7f7abc13d000-7f7abc33c000 ---p 000af000 08:03 4200028                    /usr/lib/x86_64-linux-gnu/libgdk-x11-2.0.so.0.2400.10
7f7abc33c000-7f7abc341000 rw-p 000ae000 08:03 4200028                    /usr/lib/x86_64-linux-gnu/libgdk-x11-2.0.so.0.2400.10
7f7abc341000-7f7abc773000 r-xp 00000000 08:03 4200141                    /usr/lib/x86_64-linux-gnu/libgtk-x11-2.0.so.0.2400.10
7f7abc773000-7f7abc973000 ---p 00432000 08:03 4200141                    /usr/lib/x86_64-linux-gnu/libgtk-x11-2.0.so.0.2400.10
7f7abc973000-7f7abc97e000 rw-p 00432000 08:03 4200141                    /usr/lib/x86_64-linux-gnu/libgtk-x11-2.0.so.0.2400.10
7f7abc97e000-7f7abc980000 rw-p 00000000 00:00 0 
7f7abc980000-7f7abc98e000 r-xp 00000000 08:03 4199751                    /usr/lib/x86_64-linux-gnu/libXi.so.6.1.0
7f7abc98e000-7f7abcb8e000 ---p 0000e000 08:03 4199751                    /usr/lib/x86_64-linux-gnu/libXi.so.6.1.0
7f7abcb8e000-7f7abcb8f000 rw-p 0000e000 08:03 4199751                    /usr/lib/x86_64-linux-gnu/libXi.so.6.1.0
7f7abcb8f000-7f7abcb94000 r-xp 00000000 08:03 4199769                    /usr/lib/x86_64-linux-gnu/libXtst.so.6.1.0
7f7abcb94000-7f7abcd93000 ---p 00005000 08:03 4199769                    /usr/lib/x86_64-linux-gnu/libXtst.so.6.1.0
7f7abcd93000-7f7abcd94000 rw-p 00004000 08:03 4199769                    /usr/lib/x86_64-linux-gnu/libXtst.so.6.1.0
7f7abcd94000-7f7abcd9d000 r-xp 00000000 08:03 4199763                    /usr/lib/x86_64-linux-gnu/libXrender.so.1.3.0
7f7abcd9d000-7f7abcf9c000 ---p 00009000 08:03 4199763                    /usr/lib/x86_64-linux-gnu/libXrender.so.1.3.0
7f7abcf9c000-7f7abcf9d000 rw-p 00008000 08:03 4199763                    /usr/lib/x86_64-linux-gnu/libXrender.so.1.3.0
7f7abcf9d000-7f7abd0d2000 r-xp 00000000 08:03 4199728                    /usr/lib/x86_64-linux-gnu/libX11.so.6.3.0
7f7abd0d2000-7f7abd2d2000 ---p 00135000 08:03 4199728                    /usr/lib/x86_64-linux-gnu/libX11.so.6.3.0
7f7abd2d2000-7f7abd2d8000 rw-p 00135000 08:03 4199728                    /usr/lib/x86_64-linux-gnu/libX11.so.6.3.0
7f7abd2d8000-7f7abd2e9000 r-xp 00000000 08:03 4199745                    /usr/lib/x86_64-linux-gnu/libXext.so.6.4.0
7f7abd2e9000-7f7abd4e9000 ---p 00011000 08:03 4199745                    /usr/lib/x86_64-linux-gnu/libXext.so.6.4.0
7f7abd4e9000-7f7abd4ea000 rw-p 00011000 08:03 4199745                    /usr/lib/x86_64-linux-gnu/libXext.so.6.4.0
7f7abd4ea000-7f7abd53d000 r-xp 00000000 08:03 3934319                    /usr/lib/jvm/java-7-openjdk-amd64/jre/lib/amd64/xawt/libmawt.so
7f7abd53d000-7f7abd73c000 ---p 00053000 08:03 3934319                    /usr/lib/jvm/java-7-openjdk-amd64/jre/lib/amd64/xawt/libmawt.so
7f7abd73c000-7f7abd73d000 r--p 00052000 08:03 3934319                    /usr/lib/jvm/java-7-openjdk-amd64/jre/lib/amd64/xawt/libmawt.so
7f7abd73d000-7f7abd740000 rw-p 00053000 08:03 3934319                    /usr/lib/jvm/java-7-openjdk-amd64/jre/lib/amd64/xawt/libmawt.so
7f7abd740000-7f7abd741000 rw-p 00000000 00:00 0 
7f7abd741000-7f7abd7e2000 r-xp 00000000 08:03 3934218                    /usr/lib/jvm/java-7-openjdk-amd64/jre/lib/amd64/libawt.so
7f7abd7e2000-7f7abd9e1000 ---p 000a1000 08:03 3934218                    /usr/lib/jvm/java-7-openjdk-amd64/jre/lib/amd64/libawt.so
7f7abd9e1000-7f7abd9e2000 r--p 000a0000 08:03 3934218                    /usr/lib/jvm/java-7-openjdk-amd64/jre/lib/amd64/libawt.so
7f7abd9e2000-7f7abd9ed000 rw-p 000a1000 08:03 3934218                    /usr/lib/jvm/java-7-openjdk-amd64/jre/lib/amd64/libawt.so
7f7abd9ed000-7f7abda12000 rw-p 00000000 00:00 0 
7f7abda12000-7f7abda4f000 r-xp 00000000 08:03 10486182                   /tmp/libgdxchobe/5502b6ed/libgdx64.so
7f7abda4f000-7f7abdc4e000 ---p 0003d000 08:03 10486182                   /tmp/libgdxchobe/5502b6ed/libgdx64.so
7f7abdc4e000-7f7abdc4f000 r--p 0003c000 08:03 10486182                   /tmp/libgdxchobe/5502b6ed/libgdx64.so
7f7abdc4f000-7f7abdc50000 rw-p 0003d000 08:03 10486182                   /tmp/libgdxchobe/5502b6ed/libgdx64.so
7f7abdc50000-7f7ac0000000 rw-p 00000000 00:00 0 
7f7ac0000000-7f7ac0021000 rw-p 00000000 00:00 0 
7f7ac0021000-7f7ac4000000 ---p 00000000 00:00 0 
7f7ac401c000-7f7ac401f000 ---p 00000000 00:00 0 
7f7ac401f000-7f7ac411d000 rw-p 00000000 00:00 0 
7f7ac411d000-7f7ac411e000 r--s 00002000 08:03 10488693                   /home/chobe/.gradle/caches/modules-2/files-2.1/net.java.jinput/jinput-platform/2.0.5/53f9c919f34d2ca9de8c51fc4e1e8282029a9232/jinput-platform-2.0.5-natives-osx.jar
7f7ac411e000-7f7ac411f000 r--s 00025000 08:03 10488692                   /home/chobe/.gradle/caches/modules-2/files-2.1/net.java.jinput/jinput-platform/2.0.5/385ee093e01f587f30ee1c8a2ee7d408fd732e16/jinput-platform-2.0.5-natives-windows.jar
7f7ac411f000-7f7ac4120000 r--s 00002000 08:03 10488691                   /home/chobe/.gradle/caches/modules-2/files-2.1/net.java.jinput/jinput-platform/2.0.5/7ff832a6eb9ab6a767f1ade2b548092d0fa64795/jinput-platform-2.0.5-natives-linux.jar
7f7ac4120000-7f7ac4121000 r--s 00001000 08:03 10488690                   /home/chobe/.gradle/caches/modules-2/files-2.1/net.java.jutils/jutils/1.0.0/e12fe1fda814bd348c1579329c86943d2cd3c6a6/jutils-1.0.0.jar
7f7ac4121000-7f7ac4125000 r--s 0002f000 08:03 10488689                   /home/chobe/.gradle/caches/modules-2/files-2.1/net.java.jinput/jinput/2.0.5/39c7796b469a600f72380316f6b1f11db6c2c7c4/jinput-2.0.5.jar
7f7ac4125000-7f7ac4126000 r--s 00080000 08:03 10488688                   /home/chobe/.gradle/caches/modules-2/files-2.1/org.lwjgl.lwjgl/lwjgl-platform/2.9.1/2d12c83fdfbc04ecabf02c7bc8cc54d034f0daac/lwjgl-platform-2.9.1-natives-osx.jar
7f7ac4126000-7f7ac4127000 r--s 0008b000 08:03 10488687                   /home/chobe/.gradle/caches/modules-2/files-2.1/org.lwjgl.lwjgl/lwjgl-platform/2.9.1/aa9aae879af8eb378e22cfc64db56ec2ca9a44d1/lwjgl-platform-2.9.1-natives-linux.jar
7f7ac4127000-7f7ac4128000 r--s 00095000 08:03 10488686                   /home/chobe/.gradle/caches/modules-2/files-2.1/org.lwjgl.lwjgl/lwjgl-platform/2.9.1/4c517eca808522457dd95ee8fc1fbcdbb602efbe/lwjgl-platform-2.9.1-natives-windows.jar
7f7ac4128000-7f7ac412a000 r--s 00017000 08:03 10488685                   /home/chobe/.gradle/caches/modules-2/files-2.1/org.jcraft/jorbis/0.0.17/8872d22b293e8f5d7d56ff92be966e6dc28ebdc6/jorbis-0.0.17.jar
7f7ac412a000-7f7ac412b000 r--s 00015000 08:03 10488684                   /home/chobe/.gradle/caches/modules-2/files-2.1/com.badlogicgames.jlayer/jlayer/1.0.1-gdx/7cca83cec5c1b2f011362f4d85aabd71a73b049d/jlayer-1.0.1-gdx.jar
7f7ac412b000-7f7ac412f000 r--s 00027000 08:03 10488683                   /home/chobe/.gradle/caches/modules-2/files-2.1/org.lwjgl.lwjgl/lwjgl_util/2.9.1/290d7ba8a1bd9566f5ddf16ad06f09af5ec9b20e/lwjgl_util-2.9.1.jar
7f7ac412f000-7f7ac413d000 r--s 000ea000 08:03 10488682                   /home/chobe/.gradle/caches/modules-2/files-2.1/org.lwjgl.lwjgl/lwjgl/2.9.1/f58c5aabcef0e41718a564be9f8e412fff8db847/lwjgl-2.9.1.jar
7f7ac413d000-7f7ac4152000 r--s 00153000 08:03 10488660                   /home/chobe/.gradle/caches/modules-2/files-2.1/com.badlogicgames.gdx/gdx/1.1.0/686f5a609c717eb0769d3b954c501a49bf4fe351/gdx-1.1.0.jar
7f7ac4152000-7f7ac4153000 r--s 000cd000 08:03 10488678                   /home/chobe/.gradle/caches/modules-2/files-2.1/com.badlogicgames.gdx/gdx-platform/1.1.0/1c7ea4239c2d9adda420c15985fe3885c481fdcf/gdx-platform-1.1.0-natives-desktop.jar
7f7ac4153000-7f7ac4156000 r--s 0001f000 08:03 10488677                   /home/chobe/.gradle/caches/modules-2/files-2.1/com.badlogicgames.gdx/gdx-backend-lwjgl/1.1.0/eafa409559820c1696e165e1280435f1332fc32b/gdx-backend-lwjgl-1.1.0.jar
7f7ac4156000-7f7ac4159000 r--s 00020000 08:01 772750                     /media/winDisk/Users/ChobeDucket/Documents/sheep/core/build/libs/core-1.0.jar
7f7ac4159000-7f7ac415d000 r--s 0003b000 08:03 3934173                    /usr/lib/jvm/java-7-openjdk-amd64/jre/lib/ext/sunpkcs11.jar
7f7ac415d000-7f7ac415e000 r--s 00002000 08:03 3934178                    /usr/lib/jvm/java-7-openjdk-amd64/jre/lib/ext/dnsns.jar
7f7ac415e000-7f7ac4161000 r--s 00032000 08:03 3934176                    /usr/lib/jvm/java-7-openjdk-amd64/jre/lib/ext/sunjce_provider.jar
7f7ac4161000-7f7ac4163000 r--s 0000f000 08:03 3934175                    /usr/lib/jvm/java-7-openjdk-amd64/jre/lib/ext/pulse-java.jar
7f7ac4163000-7f7ac4165000 r--s 00012000 08:03 3934174                    /usr/lib/jvm/java-7-openjdk-amd64/jre/lib/ext/zipfs.jar
7f7ac4165000-7f7ac4169000 r--s 00085000 08:03 3934172                    /usr/lib/jvm/java-7-openjdk-amd64/jre/lib/ext/localedata.jar
7f7ac4169000-7f7ac416a000 r--s 00007000 08:03 5645676                    /usr/share/java/java-atk-wrapper.jar
7f7ac416a000-7f7ac416b000 ---p 00000000 00:00 0 
7f7ac416b000-7f7ac426b000 rw-p 00000000 00:00 0 
7f7ac426b000-7f7ac426e000 ---p 00000000 00:00 0 
7f7ac426e000-7f7ac436c000 rw-p 00000000 00:00 0 
7f7ac436c000-7f7ac436f000 ---p 00000000 00:00 0 
7f7ac436f000-7f7ac446d000 rw-p 00000000 00:00 0 
7f7ac446d000-7f7ac4470000 ---p 00000000 00:00 0 
7f7ac4470000-7f7ac456e000 rw-p 00000000 00:00 0 
7f7ac456e000-7f7ac4571000 ---p 00000000 00:00 0 
7f7ac4571000-7f7ac466f000 rw-p 00000000 00:00 0 
7f7ac466f000-7f7ac47f8000 r--p 00000000 08:03 4067802                    /usr/lib/locale/locale-archive
7f7ac47f8000-7f7ac47fb000 ---p 00000000 00:00 0 
7f7ac47fb000-7f7ac48f9000 rw-p 00000000 00:00 0 
7f7ac48f9000-7f7ac48fc000 ---p 00000000 00:00 0 
7f7ac48fc000-7f7ac49fa000 rw-p 00000000 00:00 0 
7f7ac49fa000-7f7ac49fb000 ---p 00000000 00:00 0 
7f7ac49fb000-7f7ac5000000 rw-p 00000000 00:00 0 
7f7ac5000000-7f7ac5270000 rwxp 00000000 00:00 0 
7f7ac5270000-7f7ac8363000 rw-p 00000000 00:00 0 
7f7ac8363000-7f7acc000000 ---p 00000000 00:00 0 
7f7acc003000-7f7acc00e000 r--s 00203000 08:03 3934232                    /usr/lib/jvm/java-7-openjdk-amd64/jre/lib/charsets.jar
7f7acc00e000-7f7acc08b000 rw-p 00000000 00:00 0 
7f7acc08b000-7f7acc09b000 rw-s e0200000 00:05 7289                       /dev/ati/card0
7f7acc09b000-7f7acc09e000 ---p 00000000 00:00 0 
7f7acc09e000-7f7acc0d4000 rw-p 00000000 00:00 0 
7f7acc0d4000-7f7acc0dd000 r--s 000b9000 08:03 3934170                    /usr/lib/jvm/java-7-openjdk-amd64/jre/lib/resources.jar
7f7acc0dd000-7f7accbd5000 rw-p 00000000 00:00 0 
7f7accbd5000-7f7accd83000 r--s 01cfc000 08:03 3934153                    /usr/lib/jvm/java-7-openjdk-amd64/jre/lib/rt.jar
7f7accd83000-7f7acd0b7000 rw-p 00000000 00:00 0 
7f7acd0b7000-7f7acd0b8000 ---p 00000000 00:00 0 
7f7acd0b8000-7f7acd1b8000 rw-p 00000000 00:00 0 
7f7acd1b8000-7f7acd1b9000 ---p 00000000 00:00 0 
7f7acd1b9000-7f7acd2b9000 rw-p 00000000 00:00 0 
7f7acd2b9000-7f7acd2ba000 ---p 00000000 00:00 0 
7f7acd2ba000-7f7acd3ba000 rw-p 00000000 00:00 0 
7f7acd3ba000-7f7acd3bb000 ---p 00000000 00:00 0 
7f7acd3bb000-7f7acd4c6000 rw-p 00000000 00:00 0 
7f7acd4c6000-7f7acd50e000 rw-p 00000000 00:00 0 
7f7acd50e000-7f7acd523000 rw-p 00000000 00:00 0 
7f7acd523000-7f7acd654000 rw-p 00000000 00:00 0 
7f7acd654000-7f7acd65f000 rw-p 00000000 00:00 0 
7f7acd65f000-7f7acd6a7000 rw-p 00000000 00:00 0 
7f7acd6a7000-7f7acd6bc000 rw-p 00000000 00:00 0 
7f7acd6bc000-7f7acd7ec000 rw-p 00000000 00:00 0 
7f7acd7ec000-7f7acd7f7000 rw-p 00000000 00:00 0 
7f7acd7f7000-7f7acd88f000 rw-p 00000000 00:00 0 
7f7acd88f000-7f7acd890000 rw-p 00000000 00:00 0 
7f7acd890000-7f7acd898000 r-xp 00000000 08:03 3934210                    /usr/lib/jvm/java-7-openjdk-amd64/jre/lib/amd64/libzip.so
7f7acd898000-7f7acda97000 ---p 00008000 08:03 3934210                    /usr/lib/jvm/java-7-openjdk-amd64/jre/lib/amd64/libzip.so
7f7acda97000-7f7acda98000 r--p 00007000 08:03 3934210                    /usr/lib/jvm/java-7-openjdk-amd64/jre/lib/amd64/libzip.so
7f7acda98000-7f7acda99000 rw-p 00008000 08:03 3934210                    /usr/lib/jvm/java-7-openjdk-amd64/jre/lib/amd64/libzip.so
7f7acda99000-7f7acdaa4000 r-xp 00000000 08:03 12192223                   /lib/x86_64-linux-gnu/libnss_files-2.19.so
7f7acdaa4000-7f7acdca3000 ---p 0000b000 08:03 12192223                   /lib/x86_64-linux-gnu/libnss_files-2.19.so
7f7acdca3000-7f7acdca4000 r--p 0000a000 08:03 12192223                   /lib/x86_64-linux-gnu/libnss_files-2.19.so
7f7acdca4000-7f7acdca5000 rw-p 0000b000 08:03 12192223                   /lib/x86_64-linux-gnu/libnss_files-2.19.so
7f7acdca5000-7f7acdcaf000 r-xp 00000000 08:03 12192211                   /lib/x86_64-linux-gnu/libnss_nis-2.19.so
7f7acdcaf000-7f7acdeae000 ---p 0000a000 08:03 12192211                   /lib/x86_64-linux-gnu/libnss_nis-2.19.so
7f7acdeae000-7f7acdeaf000 r--p 00009000 08:03 12192211                   /lib/x86_64-linux-gnu/libnss_nis-2.19.so
7f7acdeaf000-7f7acdeb0000 rw-p 0000a000 08:03 12192211                   /lib/x86_64-linux-gnu/libnss_nis-2.19.so
7f7acdeb0000-7f7acdec5000 r-xp 00000000 08:03 12192215                   /lib/x86_64-linux-gnu/libnsl-2.19.so
7f7acdec5000-7f7ace0c4000 ---p 00015000 08:03 12192215                   /lib/x86_64-linux-gnu/libnsl-2.19.so
7f7ace0c4000-7f7ace0c5000 r--p 00014000 08:03 12192215                   /lib/x86_64-linux-gnu/libnsl-2.19.so
7f7ace0c5000-7f7ace0c6000 rw-p 00015000 08:03 12192215                   /lib/x86_64-linux-gnu/libnsl-2.19.so
7f7ace0c6000-7f7ace0c8000 rw-p 00000000 00:00 0 
7f7ace0c8000-7f7ace0cf000 r-xp 00000000 08:03 12192212                   /lib/x86_64-linux-gnu/libnss_compat-2.19.so
7f7ace0cf000-7f7ace2ce000 ---p 00007000 08:03 12192212                   /lib/x86_64-linux-gnu/libnss_compat-2.19.so
7f7ace2ce000-7f7ace2cf000 r--p 00006000 08:03 12192212                   /lib/x86_64-linux-gnu/libnss_compat-2.19.so
7f7ace2cf000-7f7ace2d0000 rw-p 00007000 08:03 12192212                   /lib/x86_64-linux-gnu/libnss_compat-2.19.so
7f7ace2d0000-7f7ace2fb000 r-xp 00000000 08:03 3934215                    /usr/lib/jvm/java-7-openjdk-amd64/jre/lib/amd64/libjava.so
7f7ace2fb000-7f7ace4fa000 ---p 0002b000 08:03 3934215                    /usr/lib/jvm/java-7-openjdk-amd64/jre/lib/amd64/libjava.so
7f7ace4fa000-7f7ace4fb000 r--p 0002a000 08:03 3934215                    /usr/lib/jvm/java-7-openjdk-amd64/jre/lib/amd64/libjava.so
7f7ace4fb000-7f7ace4fd000 rw-p 0002b000 08:03 3934215                    /usr/lib/jvm/java-7-openjdk-amd64/jre/lib/amd64/libjava.so
7f7ace4fd000-7f7ace50c000 r-xp 00000000 08:03 3934216                    /usr/lib/jvm/java-7-openjdk-amd64/jre/lib/amd64/libverify.so
7f7ace50c000-7f7ace70b000 ---p 0000f000 08:03 3934216                    /usr/lib/jvm/java-7-openjdk-amd64/jre/lib/amd64/libverify.so
7f7ace70b000-7f7ace70d000 r--p 0000e000 08:03 3934216                    /usr/lib/jvm/java-7-openjdk-amd64/jre/lib/amd64/libverify.so
7f7ace70d000-7f7ace70e000 rw-p 00010000 08:03 3934216                    /usr/lib/jvm/java-7-openjdk-amd64/jre/lib/amd64/libverify.so
7f7ace70e000-7f7ace715000 r-xp 00000000 08:03 12192213                   /lib/x86_64-linux-gnu/librt-2.19.so
7f7ace715000-7f7ace914000 ---p 00007000 08:03 12192213                   /lib/x86_64-linux-gnu/librt-2.19.so
7f7ace914000-7f7ace915000 r--p 00006000 08:03 12192213                   /lib/x86_64-linux-gnu/librt-2.19.so
7f7ace915000-7f7ace916000 rw-p 00007000 08:03 12192213                   /lib/x86_64-linux-gnu/librt-2.19.so
7f7ace916000-7f7ace92b000 r-xp 00000000 08:03 12190593                   /lib/x86_64-linux-gnu/libgcc_s.so.1
7f7ace92b000-7f7aceb2b000 ---p 00015000 08:03 12190593                   /lib/x86_64-linux-gnu/libgcc_s.so.1
7f7aceb2b000-7f7aceb2c000 rw-p 00015000 08:03 12190593                   /lib/x86_64-linux-gnu/libgcc_s.so.1
7f7aceb2c000-7f7acec2c000 r-xp 00000000 08:03 12192221                   /lib/x86_64-linux-gnu/libm-2.19.so
7f7acec2c000-7f7acee2b000 ---p 00100000 08:03 12192221                   /lib/x86_64-linux-gnu/libm-2.19.so
7f7acee2b000-7f7acee2c000 r--p 000ff000 08:03 12192221                   /lib/x86_64-linux-gnu/libm-2.19.so
7f7acee2c000-7f7acee2d000 rw-p 00100000 08:03 12192221                   /lib/x86_64-linux-gnu/libm-2.19.so
7f7acee2d000-7f7acef15000 r-xp 00000000 08:03 4200440                    /usr/lib/x86_64-linux-gnu/libstdc++.so.6.0.17
7f7acef15000-7f7acf115000 ---p 000e8000 08:03 4200440                    /usr/lib/x86_64-linux-gnu/libstdc++.so.6.0.17
7f7acf115000-7f7acf11d000 r--p 000e8000 08:03 4200440                    /usr/lib/x86_64-linux-gnu/libstdc++.so.6.0.17
7f7acf11d000-7f7acf11f000 rw-p 000f0000 08:03 4200440                    /usr/lib/x86_64-linux-gnu/libstdc++.so.6.0.17
7f7acf11f000-7f7acf134000 rw-p 00000000 00:00 0 
7f7acf134000-7f7acfbfd000 r-xp 00000000 08:03 3934204                    /usr/lib/jvm/java-7-openjdk-amd64/jre/lib/amd64/server/libjvm.so
7f7acfbfd000-7f7acfdfd000 ---p 00ac9000 08:03 3934204                    /usr/lib/jvm/java-7-openjdk-amd64/jre/lib/amd64/server/libjvm.so
7f7acfdfd000-7f7acfe95000 r--p 00ac9000 08:03 3934204                    /usr/lib/jvm/java-7-openjdk-amd64/jre/lib/amd64/server/libjvm.so
7f7acfe95000-7f7acfeb8000 rw-p 00b61000 08:03 3934204                    /usr/lib/jvm/java-7-openjdk-amd64/jre/lib/amd64/server/libjvm.so
7f7acfeb8000-7f7acfee5000 rw-p 00000000 00:00 0 
7f7acfee5000-7f7acfefc000 r-xp 00000000 08:03 12192203                   /lib/x86_64-linux-gnu/libz.so.1.2.8
7f7acfefc000-7f7ad00fb000 ---p 00017000 08:03 12192203                   /lib/x86_64-linux-gnu/libz.so.1.2.8
7f7ad00fb000-7f7ad00fc000 r--p 00016000 08:03 12192203                   /lib/x86_64-linux-gnu/libz.so.1.2.8
7f7ad00fc000-7f7ad00fd000 rw-p 00017000 08:03 12192203                   /lib/x86_64-linux-gnu/libz.so.1.2.8
7f7ad00fd000-7f7ad029c000 r-xp 00000000 08:03 12192214                   /lib/x86_64-linux-gnu/libc-2.19.so
7f7ad029c000-7f7ad049c000 ---p 0019f000 08:03 12192214                   /lib/x86_64-linux-gnu/libc-2.19.so
7f7ad049c000-7f7ad04a0000 r--p 0019f000 08:03 12192214                   /lib/x86_64-linux-gnu/libc-2.19.so
7f7ad04a0000-7f7ad04a2000 rw-p 001a3000 08:03 12192214                   /lib/x86_64-linux-gnu/libc-2.19.so
7f7ad04a2000-7f7ad04a6000 rw-p 00000000 00:00 0 
7f7ad04a6000-7f7ad04a9000 r-xp 00000000 08:03 12192219                   /lib/x86_64-linux-gnu/libdl-2.19.so
7f7ad04a9000-7f7ad06a8000 ---p 00003000 08:03 12192219                   /lib/x86_64-linux-gnu/libdl-2.19.so
7f7ad06a8000-7f7ad06a9000 r--p 00002000 08:03 12192219                   /lib/x86_64-linux-gnu/libdl-2.19.so
7f7ad06a9000-7f7ad06aa000 rw-p 00003000 08:03 12192219                   /lib/x86_64-linux-gnu/libdl-2.19.so
7f7ad06aa000-7f7ad06b7000 r-xp 00000000 08:03 3934207                    /usr/lib/jvm/java-7-openjdk-amd64/jre/lib/amd64/jli/libjli.so
7f7ad06b7000-7f7ad08b6000 ---p 0000d000 08:03 3934207                    /usr/lib/jvm/java-7-openjdk-amd64/jre/lib/amd64/jli/libjli.so
7f7ad08b6000-7f7ad08b7000 r--p 0000c000 08:03 3934207                    /usr/lib/jvm/java-7-openjdk-amd64/jre/lib/amd64/jli/libjli.so
7f7ad08b7000-7f7ad08b8000 rw-p 0000d000 08:03 3934207                    /usr/lib/jvm/java-7-openjdk-amd64/jre/lib/amd64/jli/libjli.so
7f7ad08b8000-7f7ad08d0000 r-xp 00000000 08:03 12192218                   /lib/x86_64-linux-gnu/libpthread-2.19.so
7f7ad08d0000-7f7ad0acf000 ---p 00018000 08:03 12192218                   /lib/x86_64-linux-gnu/libpthread-2.19.so
7f7ad0acf000-7f7ad0ad0000 r--p 00017000 08:03 12192218                   /lib/x86_64-linux-gnu/libpthread-2.19.so
7f7ad0ad0000-7f7ad0ad1000 rw-p 00018000 08:03 12192218                   /lib/x86_64-linux-gnu/libpthread-2.19.so
7f7ad0ad1000-7f7ad0ad5000 rw-p 00000000 00:00 0 
7f7ad0ad5000-7f7ad0af5000 r-xp 00000000 08:03 12192217                   /lib/x86_64-linux-gnu/ld-2.19.so
7f7ad0afd000-7f7ad0afe000 rw-s 00005000 00:05 7289                       /dev/ati/card0
7f7ad0afe000-7f7ad0b00000 rw-s 00002000 00:05 7289                       /dev/ati/card0
7f7ad0b00000-7f7ad0b07000 r--s 00000000 08:03 4206154                    /usr/lib/x86_64-linux-gnu/gconv/gconv-modules.cache
7f7ad0b07000-7f7ad0b0c000 r--s 0004c000 08:03 3934152                    /usr/lib/jvm/java-7-openjdk-amd64/jre/lib/jsse.jar
7f7ad0b0c000-7f7ad0b16000 rw-p 00000000 00:00 0 
7f7ad0b16000-7f7ad0bcc000 rw-p 00000000 00:00 0 
7f7ad0bcc000-7f7ad0bcf000 ---p 00000000 00:00 0 
7f7ad0bcf000-7f7ad0ce9000 rw-p 00000000 00:00 0 
7f7ad0ce9000-7f7ad0cf1000 rw-s 00000000 08:03 10490934                   /tmp/hsperfdata_chobe/29997 (deleted)
7f7ad0cf1000-7f7ad0cf2000 rw-p 00000000 00:00 0 
7f7ad0cf2000-7f7ad0cf3000 ---p 00000000 00:00 0 
7f7ad0cf3000-7f7ad0cf5000 rw-p 00000000 00:00 0 
7f7ad0cf5000-7f7ad0cf6000 r--p 00020000 08:03 12192217                   /lib/x86_64-linux-gnu/ld-2.19.so
7f7ad0cf6000-7f7ad0cf7000 rw-p 00021000 08:03 12192217                   /lib/x86_64-linux-gnu/ld-2.19.so
7f7ad0cf7000-7f7ad0cf8000 rw-p 00000000 00:00 0 
7fffef42b000-7fffef44d000 rw-p 00000000 00:00 0                          [stack]
7fffef5ff000-7fffef600000 r-xp 00000000 00:00 0                          [vdso]
ffffffffff600000-ffffffffff601000 r-xp 00000000 00:00 0                  [vsyscall]

VM Arguments:
jvm_args: -Dfile.encoding=UTF-8 
java_command: com.mygdx.sheep.desktop.DesktopLauncher
Launcher Type: SUN_STANDARD

Environment Variables:
PATH=/usr/local/bin:/usr/bin:/bin:/usr/local/games:/usr/games:/home/chobe/.local/bin:/home/chobe/sdks/adt-bundle-linux-x86_64-20140321/sdk//platform-tools/adb:/home/chobe/sdks/adt-bundle-linux-x86_64-20140321/sdk//platform-tools/
USERNAME=chobe
SHELL=/bin/bash
DISPLAY=:0

Signal Handlers:
SIGSEGV: [libjvm.so+0x8f9750], sa_mask[0]=0x7ffbfeff, sa_flags=0x10000004
SIGBUS: [libjvm.so+0x8f9750], sa_mask[0]=0x7ffbfeff, sa_flags=0x10000004
SIGFPE: [libjvm.so+0x7827c0], sa_mask[0]=0x7ffbfeff, sa_flags=0x10000004
SIGPIPE: [libjvm.so+0x7827c0], sa_mask[0]=0x7ffbfeff, sa_flags=0x10000004
SIGXFSZ: [libjvm.so+0x7827c0], sa_mask[0]=0x7ffbfeff, sa_flags=0x10000004
SIGILL: [libjvm.so+0x7827c0], sa_mask[0]=0x7ffbfeff, sa_flags=0x10000004
SIGUSR1: SIG_DFL, sa_mask[0]=0x00000000, sa_flags=0x00000000
SIGUSR2: [libjvm.so+0x782ab0], sa_mask[0]=0x00000004, sa_flags=0x10000004
SIGHUP: [libjvm.so+0x782c20], sa_mask[0]=0x7ffbfeff, sa_flags=0x10000004
SIGINT: [libjvm.so+0x782c20], sa_mask[0]=0x7ffbfeff, sa_flags=0x10000004
SIGTERM: [libjvm.so+0x782c20], sa_mask[0]=0x7ffbfeff, sa_flags=0x10000004
SIGQUIT: [libjvm.so+0x782c20], sa_mask[0]=0x7ffbfeff, sa_flags=0x10000004


---------------  S Y S T E M  ---------------

OS:7.5

uname:Linux 3.2.0-4-amd64 #1 SMP Debian 3.2.57-3+deb7u1 x86_64
libc:glibc 2.19 NPTL 2.19 
rlimit: STACK 8192k, CORE 0k, NPROC 31105, NOFILE 4096, AS infinity
load average:0.86 0.62 0.61

/proc/meminfo:
MemTotal:        3993672 kB
MemFree:         1330168 kB
Buffers:           92324 kB
Cached:           574900 kB
SwapCached:       237728 kB
Active:          1717276 kB
Inactive:         647100 kB
Active(anon):    1470100 kB
Inactive(anon):   250052 kB
Active(file):     247176 kB
Inactive(file):   397048 kB
Unevictable:           0 kB
Mlocked:               0 kB
SwapTotal:       4120572 kB
SwapFree:        3478944 kB
Dirty:               464 kB
Writeback:             0 kB
AnonPages:       1683300 kB
Mapped:           179668 kB
Shmem:             23000 kB
Slab:              77940 kB
SReclaimable:      49160 kB
SUnreclaim:        28780 kB
KernelStack:        4016 kB
PageTables:        32064 kB
NFS_Unstable:          0 kB
Bounce:                0 kB
WritebackTmp:          0 kB
CommitLimit:     6117408 kB
Committed_AS:    4361060 kB
VmallocTotal:   34359738367 kB
VmallocUsed:      170472 kB
VmallocChunk:   34359561712 kB
HardwareCorrupted:     0 kB
AnonHugePages:         0 kB
HugePages_Total:       0
HugePages_Free:        0
HugePages_Rsvd:        0
HugePages_Surp:        0
Hugepagesize:       2048 kB
DirectMap4k:     1172480 kB
DirectMap2M:     2955264 kB


CPU:total 4 (4 cores per cpu, 1 threads per core) family 6 model 15 stepping 11, cmov, cx8, fxsr, mmx, sse, sse2, sse3, ssse3, tsc

/proc/cpuinfo:
processor	: 0
vendor_id	: GenuineIntel
cpu family	: 6
model		: 15
model name	: Intel(R) Core(TM)2 Quad CPU    Q6600  @ 2.40GHz
stepping	: 11
cpu MHz		: 2394.000
cache size	: 4096 KB
physical id	: 0
siblings	: 4
core id		: 0
cpu cores	: 4
apicid		: 0
initial apicid	: 0
fpu		: yes
fpu_exception	: yes
cpuid level	: 10
wp		: yes
flags		: fpu vme de pse tsc msr pae mce cx8 apic sep mtrr pge mca cmov pat pse36 clflush dts acpi mmx fxsr sse sse2 ss ht tm pbe syscall nx lm constant_tsc arch_perfmon pebs bts rep_good nopl aperfmperf pni dtes64 monitor ds_cpl vmx est tm2 ssse3 cx16 xtpr pdcm lahf_lm dtherm tpr_shadow vnmi flexpriority
bogomips	: 4795.82
clflush size	: 64
cache_alignment	: 64
address sizes	: 36 bits physical, 48 bits virtual
power management:

processor	: 1
vendor_id	: GenuineIntel
cpu family	: 6
model		: 15
model name	: Intel(R) Core(TM)2 Quad CPU    Q6600  @ 2.40GHz
stepping	: 11
cpu MHz		: 1596.000
cache size	: 4096 KB
physical id	: 0
siblings	: 4
core id		: 2
cpu cores	: 4
apicid		: 2
initial apicid	: 2
fpu		: yes
fpu_exception	: yes
cpuid level	: 10
wp		: yes
flags		: fpu vme de pse tsc msr pae mce cx8 apic sep mtrr pge mca cmov pat pse36 clflush dts acpi mmx fxsr sse sse2 ss ht tm pbe syscall nx lm constant_tsc arch_perfmon pebs bts rep_good nopl aperfmperf pni dtes64 monitor ds_cpl vmx est tm2 ssse3 cx16 xtpr pdcm lahf_lm dtherm tpr_shadow vnmi flexpriority
bogomips	: 4795.58
clflush size	: 64
cache_alignment	: 64
address sizes	: 36 bits physical, 48 bits virtual
power management:

processor	: 2
vendor_id	: GenuineIntel
cpu family	: 6
model		: 15
model name	: Intel(R) Core(TM)2 Quad CPU    Q6600  @ 2.40GHz
stepping	: 11
cpu MHz		: 1596.000
cache size	: 4096 KB
physical id	: 0
siblings	: 4
core id		: 1
cpu cores	: 4
apicid		: 1
initial apicid	: 1
fpu		: yes
fpu_exception	: yes
cpuid level	: 10
wp		: yes
flags		: fpu vme de pse tsc msr pae mce cx8 apic sep mtrr pge mca cmov pat pse36 clflush dts acpi mmx fxsr sse sse2 ss ht tm pbe syscall nx lm constant_tsc arch_perfmon pebs bts rep_good nopl aperfmperf pni dtes64 monitor ds_cpl vmx est tm2 ssse3 cx16 xtpr pdcm lahf_lm dtherm tpr_shadow vnmi flexpriority
bogomips	: 4795.56
clflush size	: 64
cache_alignment	: 64
address sizes	: 36 bits physical, 48 bits virtual
power management:

processor	: 3
vendor_id	: GenuineIntel
cpu family	: 6
model		: 15
model name	: Intel(R) Core(TM)2 Quad CPU    Q6600  @ 2.40GHz
stepping	: 11
cpu MHz		: 1596.000
cache size	: 4096 KB
physical id	: 0
siblings	: 4
core id		: 3
cpu cores	: 4
apicid		: 3
initial apicid	: 3
fpu		: yes
fpu_exception	: yes
cpuid level	: 10
wp		: yes
flags		: fpu vme de pse tsc msr pae mce cx8 apic sep mtrr pge mca cmov pat pse36 clflush dts acpi mmx fxsr sse sse2 ss ht tm pbe syscall nx lm constant_tsc arch_perfmon pebs bts rep_good nopl aperfmperf pni dtes64 monitor ds_cpl vmx est tm2 ssse3 cx16 xtpr pdcm lahf_lm dtherm tpr_shadow vnmi flexpriority
bogomips	: 4795.57
clflush size	: 64
cache_alignment	: 64
address sizes	: 36 bits physical, 48 bits virtual
power management:



Memory: 4k page, physical 3993672k(1330168k free), swap 4120572k(3478944k free)

vm_info: OpenJDK 64-Bit Server VM (24.51-b03) for linux-amd64 JRE (1.7.0_55-b14), built on May  2 2014 11:33:06 by "buildd" with gcc 4.7.2

time: Mon Jul  7 22:59:15 2014
elapsed time: 23 seconds

